<?xml version="1.0" encoding="UTF-8"?>
<testsuite errors="0" failures="0" name="StateTest.TestPrefix-20151014154003" tests="2" time="0.034">
	<properties/>
	<system-out>
<![CDATA[[u'::/128', u'10.0.19.0/24', u'10.0.20.0/24', u'10.0.18.0/25', u'10.0.17.0/24', u'10.0.18.128/25']
]]>	</system-out>
	<system-err>
<![CDATA[]]>	</system-err>
	<testcase classname="StateTest.TestPrefix" name="test_initial_config" time="0.011"/>
	<testcase classname="StateTest.TestPrefix" name="test_sensor_prefix_split" time="0.023"/>
</testsuite>
