<?xml version="1.0" encoding="UTF-8"?>
<testsuite errors="2" failures="0" name="SimpleBalancerOnlyTest.SimpleBalancerInitTest-20151020151234" tests="2" time="0.004">
	<properties/>
	<system-out>
<![CDATA[]]>	</system-out>
	<system-err>
<![CDATA[]]>	</system-err>
	<testcase classname="SimpleBalancerOnlyTest.SimpleBalancerInitTest" name="testInit" time="0.002">
		<error message="1" type="SystemExit">
<![CDATA[Traceback (most recent call last):
  File "/home/saikappa/workspace/SciPass/python/t/SimpleBalancerOnlyTest.py", line 21, in setUp
    config = str(os.getcwd()) + "/t/etc/Simple_SciPass_balancer_only.xml" )
  File "./SciPass.py", line 59, in __init__
    self._validateConfig(self.configFile, self.schemaFile)
  File "./SciPass.py", line 454, in _validateConfig
    sys.exit(1)
SystemExit: 1
]]>		</error>
	</testcase>
	<testcase classname="SimpleBalancerOnlyTest.SimpleBalancerInitTest" name="testSimpleBalance" time="0.001">
		<error message="1" type="SystemExit">
<![CDATA[Traceback (most recent call last):
  File "/home/saikappa/workspace/SciPass/python/t/SimpleBalancerOnlyTest.py", line 21, in setUp
    config = str(os.getcwd()) + "/t/etc/Simple_SciPass_balancer_only.xml" )
  File "./SciPass.py", line 59, in __init__
    self._validateConfig(self.configFile, self.schemaFile)
  File "./SciPass.py", line 454, in _validateConfig
    sys.exit(1)
SystemExit: 1
]]>		</error>
	</testcase>
</testsuite>
