<?xml version="1.0" encoding="UTF-8"?>
<testsuite errors="1" failures="0" name="ConfigTest.ConfigReadTest-20150929143959" tests="1" time="0.006">
	<properties/>
	<system-out>
<![CDATA[]]>	</system-out>
	<system-err>
<![CDATA[]]>	</system-err>
	<testcase classname="ConfigTest.ConfigReadTest" name="testConfig" time="0.006">
		<error message="Circular reference detected" type="ValueError">
<![CDATA[Traceback (most recent call last):
  File "/home/saikappa/workspace/SciPass/python/t/ConfigTest.py", line 22, in setUp
    config = str(os.getcwd()) + "/t/etc/Simple_SciPass_balancer_only.xml" )
  File "./SciPass.py", line 51, in __init__
    self._processConfig(self.configFile)
  File "./SciPass.py", line 516, in _processConfig
    json.dump(config,f,check_circular=False)
  File "/usr/lib64/python2.6/json/__init__.py", line 180, in dump
    for chunk in iterable:
  File "/usr/lib64/python2.6/json/encoder.py", line 309, in _iterencode
    for chunk in self._iterencode_dict(o, markers):
  File "/usr/lib64/python2.6/json/encoder.py", line 275, in _iterencode_dict
    for chunk in self._iterencode(value, markers):
  File "/usr/lib64/python2.6/json/encoder.py", line 309, in _iterencode
    for chunk in self._iterencode_dict(o, markers):
  File "/usr/lib64/python2.6/json/encoder.py", line 275, in _iterencode_dict
    for chunk in self._iterencode(value, markers):
  File "/usr/lib64/python2.6/json/encoder.py", line 309, in _iterencode
    for chunk in self._iterencode_dict(o, markers):
  File "/usr/lib64/python2.6/json/encoder.py", line 275, in _iterencode_dict
    for chunk in self._iterencode(value, markers):
  File "/usr/lib64/python2.6/json/encoder.py", line 317, in _iterencode
    for chunk in self._iterencode_default(o, markers):
  File "/usr/lib64/python2.6/json/encoder.py", line 323, in _iterencode_default
    newobj = self.default(o)
  File "/usr/lib64/python2.6/json/encoder.py", line 344, in default
    raise TypeError(repr(o) + " is not JSON serializable")
  File "./SimpleBalancer.py", line 135, in __repr__
    return json.dumps(self,default=lambda o: o.__dict__, sort_keys=True, indent=4)
  File "/usr/lib64/python2.6/json/__init__.py", line 237, in dumps
    **kw).encode(obj)
  File "/usr/lib64/python2.6/json/encoder.py", line 367, in encode
    chunks = list(self.iterencode(o))
  File "/usr/lib64/python2.6/json/encoder.py", line 317, in _iterencode
    for chunk in self._iterencode_default(o, markers):
  File "/usr/lib64/python2.6/json/encoder.py", line 309, in _iterencode
    for chunk in self._iterencode_dict(o, markers):
  File "/usr/lib64/python2.6/json/encoder.py", line 275, in _iterencode_dict
    for chunk in self._iterencode(value, markers):
  File "/usr/lib64/python2.6/json/encoder.py", line 317, in _iterencode
    for chunk in self._iterencode_default(o, markers):
  File "/usr/lib64/python2.6/json/encoder.py", line 309, in _iterencode
    for chunk in self._iterencode_dict(o, markers):
  File "/usr/lib64/python2.6/json/encoder.py", line 275, in _iterencode_dict
    for chunk in self._iterencode(value, markers):
  File "/usr/lib64/python2.6/json/encoder.py", line 317, in _iterencode
    for chunk in self._iterencode_default(o, markers):
  File "/usr/lib64/python2.6/json/encoder.py", line 309, in _iterencode
    for chunk in self._iterencode_dict(o, markers):
  File "/usr/lib64/python2.6/json/encoder.py", line 275, in _iterencode_dict
    for chunk in self._iterencode(value, markers):
  File "/usr/lib64/python2.6/json/encoder.py", line 309, in _iterencode
    for chunk in self._iterencode_dict(o, markers):
  File "/usr/lib64/python2.6/json/encoder.py", line 275, in _iterencode_dict
    for chunk in self._iterencode(value, markers):
  File "/usr/lib64/python2.6/json/encoder.py", line 315, in _iterencode
    raise ValueError("Circular reference detected")
ValueError: Circular reference detected
]]>		</error>
	</testcase>
</testsuite>
