<?xml version="1.0" encoding="UTF-8"?>
<testsuite errors="1" failures="0" name="SimpleBalancerTest.TestStateChange-20151207152851" tests="2" time="3.357">
	<properties/>
	<system-out>
<![CDATA[]]>	</system-out>
	<system-err>
<![CDATA[]]>	</system-err>
	<testcase classname="SimpleBalancerTest.TestStateChange" name="test_initial_config" time="1.718"/>
	<testcase classname="SimpleBalancerTest.TestStateChange" name="test_prefix_split" time="1.639">
		<error message="local variable 'net' referenced before assignment" type="UnboundLocalError">
<![CDATA[Traceback (most recent call last):
  File "/home/saikappa/workspace/SciPass/python/t/SimpleBalancerTest.py", line 567, in test_prefix_split
    group = self.api.getBalancer("%016x" % self.datapath.id, "IUPUI").getPrefixGroup(net)
UnboundLocalError: local variable 'net' referenced before assignment
]]>		</error>
	</testcase>
</testsuite>
