<?xml version="1.0" encoding="UTF-8"?>
<testsuite errors="1" failures="0" name="BalancerOnlyTest.BalancerInitTest-20151021162224" tests="1" time="0.017">
	<properties/>
	<system-out>
<![CDATA[]]>	</system-out>
	<system-err>
<![CDATA[]]>	</system-err>
	<testcase classname="BalancerOnlyTest.BalancerInitTest" name="testBalance" time="0.017">
		<error message="Expecting : delimiter: line 1 column 9425 (char 9425)" type="ValueError">
<![CDATA[Traceback (most recent call last):
  File "/home/saikappa/workspace/SciPass/python/t/BalancerOnlyTest.py", line 21, in setUp
    config = str(os.getcwd()) + "/t/etc/SciPass_balancer_only.xml" )
  File "./SciPass.py", line 66, in __init__
    self._processConfig(self.configFile)
  File "./SciPass.py", line 543, in _processConfig
    state = json.load(data)
  File "/usr/lib64/python2.6/json/__init__.py", line 267, in load
    parse_constant=parse_constant, **kw)
  File "/usr/lib64/python2.6/json/__init__.py", line 307, in loads
    return _default_decoder.decode(s)
  File "/usr/lib64/python2.6/json/decoder.py", line 319, in decode
    obj, end = self.raw_decode(s, idx=_w(s, 0).end())
  File "/usr/lib64/python2.6/json/decoder.py", line 336, in raw_decode
    obj, end = self._scanner.iterscan(s, **kw).next()
  File "/usr/lib64/python2.6/json/scanner.py", line 55, in iterscan
    rval, next_pos = action(m, context)
  File "/usr/lib64/python2.6/json/decoder.py", line 217, in JSONArray
    value, end = iterscan(s, idx=end, context=context).next()
  File "/usr/lib64/python2.6/json/scanner.py", line 55, in iterscan
    rval, next_pos = action(m, context)
  File "/usr/lib64/python2.6/json/decoder.py", line 183, in JSONObject
    value, end = iterscan(s, idx=end, context=context).next()
  File "/usr/lib64/python2.6/json/scanner.py", line 55, in iterscan
    rval, next_pos = action(m, context)
  File "/usr/lib64/python2.6/json/decoder.py", line 183, in JSONObject
    value, end = iterscan(s, idx=end, context=context).next()
  File "/usr/lib64/python2.6/json/scanner.py", line 55, in iterscan
    rval, next_pos = action(m, context)
  File "/usr/lib64/python2.6/json/decoder.py", line 183, in JSONObject
    value, end = iterscan(s, idx=end, context=context).next()
  File "/usr/lib64/python2.6/json/scanner.py", line 55, in iterscan
    rval, next_pos = action(m, context)
  File "/usr/lib64/python2.6/json/decoder.py", line 183, in JSONObject
    value, end = iterscan(s, idx=end, context=context).next()
  File "/usr/lib64/python2.6/json/scanner.py", line 55, in iterscan
    rval, next_pos = action(m, context)
  File "/usr/lib64/python2.6/json/decoder.py", line 183, in JSONObject
    value, end = iterscan(s, idx=end, context=context).next()
  File "/usr/lib64/python2.6/json/scanner.py", line 55, in iterscan
    rval, next_pos = action(m, context)
  File "/usr/lib64/python2.6/json/decoder.py", line 183, in JSONObject
    value, end = iterscan(s, idx=end, context=context).next()
  File "/usr/lib64/python2.6/json/scanner.py", line 55, in iterscan
    rval, next_pos = action(m, context)
  File "/usr/lib64/python2.6/json/decoder.py", line 183, in JSONObject
    value, end = iterscan(s, idx=end, context=context).next()
  File "/usr/lib64/python2.6/json/scanner.py", line 55, in iterscan
    rval, next_pos = action(m, context)
  File "/usr/lib64/python2.6/json/decoder.py", line 183, in JSONObject
    value, end = iterscan(s, idx=end, context=context).next()
  File "/usr/lib64/python2.6/json/scanner.py", line 55, in iterscan
    rval, next_pos = action(m, context)
  File "/usr/lib64/python2.6/json/decoder.py", line 180, in JSONObject
    raise ValueError(errmsg("Expecting : delimiter", s, end))
ValueError: Expecting : delimiter: line 1 column 9425 (char 9425)
]]>		</error>
	</testcase>
</testsuite>
