<?xml version="1.0" encoding="UTF-8"?>
<testsuite errors="2" failures="0" name="ConfigTest.TestPrefix-20150930184341" tests="2" time="0.006">
	<properties/>
	<system-out>
<![CDATA[]]>	</system-out>
	<system-err>
<![CDATA[]]>	</system-err>
	<testcase classname="ConfigTest.TestPrefix" name="test_initial_config" time="0.003">
		<error message="Logger instance has no attribute 'groups'" type="AttributeError">
<![CDATA[Traceback (most recent call last):
  File "/home/saikappa/workspace/SciPass/python/t/ConfigTest.py", line 24, in setUp
    self.api.switchJoined(self.datapath)
  File "./SciPass.py", line 547, in switchJoined
    domain_name = domain_name)
  File "./SciPass.py", line 697, in _setupSciDMZRules
    self.config[dpid][domain_name]['balancer'].pushToSwitch()
  File "./SimpleBalancer.py", line 114, in pushToSwitch
    self.distributePrefixes(self.prefix_list)
  File "./SimpleBalancer.py", line 214, in distributePrefixes
    self.addGroupPrefix( self.groups[group]['group_id'], prefix, 0)
  File "./SimpleBalancer.py", line 469, in addGroupPrefix
    self.fireAddPrefix(group,targetPrefix, priority['priority'])
  File "./SimpleBalancer.py", line 394, in fireAddPrefix
    handler(self.groups, self.prefix_list, self.prefixPriorities)
  File "./SciPass.py", line 473, in <lambda>
    prefix_priorities = z))
  File "./SciPass.py", line 1010, in saveState
    self.logger.groups(str(groups))
AttributeError: Logger instance has no attribute 'groups'
]]>		</error>
	</testcase>
	<testcase classname="ConfigTest.TestPrefix" name="test_prefx_split" time="0.003">
		<error message="Logger instance has no attribute 'groups'" type="AttributeError">
<![CDATA[Traceback (most recent call last):
  File "/home/saikappa/workspace/SciPass/python/t/ConfigTest.py", line 24, in setUp
    self.api.switchJoined(self.datapath)
  File "./SciPass.py", line 547, in switchJoined
    domain_name = domain_name)
  File "./SciPass.py", line 697, in _setupSciDMZRules
    self.config[dpid][domain_name]['balancer'].pushToSwitch()
  File "./SimpleBalancer.py", line 114, in pushToSwitch
    self.distributePrefixes(self.prefix_list)
  File "./SimpleBalancer.py", line 214, in distributePrefixes
    self.addGroupPrefix( self.groups[group]['group_id'], prefix, 0)
  File "./SimpleBalancer.py", line 469, in addGroupPrefix
    self.fireAddPrefix(group,targetPrefix, priority['priority'])
  File "./SimpleBalancer.py", line 394, in fireAddPrefix
    handler(self.groups, self.prefix_list, self.prefixPriorities)
  File "./SciPass.py", line 473, in <lambda>
    prefix_priorities = z))
  File "./SciPass.py", line 1010, in saveState
    self.logger.groups(str(groups))
AttributeError: Logger instance has no attribute 'groups'
]]>		</error>
	</testcase>
</testsuite>
