<?xml version="1.0" encoding="UTF-8"?>
<testsuite errors="0" failures="0" name="SimpleBalancerOnlyTest.SimpleBalancerInitTest-20151119201152" tests="2" time="512.572">
	<properties/>
	<system-out>
<![CDATA[]]>	</system-out>
	<system-err>
<![CDATA[]]>	</system-err>
	<testcase classname="SimpleBalancerOnlyTest.SimpleBalancerInitTest" name="testInit" time="1.458"/>
	<testcase classname="SimpleBalancerOnlyTest.SimpleBalancerInitTest" name="testSimpleBalance" time="511.114"/>
</testsuite>
