<?xml version="1.0" encoding="UTF-8"?>
<testsuite errors="1" failures="0" name="ConfigTest.TestPrefix-20150930153619" tests="1" time="0.024">
	<properties/>
	<system-out>
<![CDATA[]]>	</system-out>
	<system-err>
<![CDATA[]]>	</system-err>
	<testcase classname="ConfigTest.TestPrefix" name="test_initial_config" time="0.024">
		<error message="too many values to unpack" type="ValueError">
<![CDATA[Traceback (most recent call last):
  File "/home/saikappa/workspace/SciPass/python/t/ConfigTest.py", line 35, in test_initial_config
    for k, v in switches:
ValueError: too many values to unpack
]]>		</error>
	</testcase>
</testsuite>
