<?xml version="1.0" encoding="UTF-8"?>
<testsuite errors="0" failures="0" name="ConfigTest.TestPrefix-20150930145749" tests="1" time="0.020">
	<properties/>
	<system-out>
<![CDATA[0000000000000001R&E.json
True
]]>	</system-out>
	<system-err>
<![CDATA[]]>	</system-err>
	<testcase classname="ConfigTest.TestPrefix" name="test_initail_config" time="0.020"/>
</testsuite>
