<?xml version="1.0" encoding="UTF-8"?>
<testsuite errors="1" failures="0" name="ConfigTest.TestPrefix-20150930153053" tests="1" time="0.032">
	<properties/>
	<system-out>
<![CDATA[]]>	</system-out>
	<system-err>
<![CDATA[]]>	</system-err>
	<testcase classname="ConfigTest.TestPrefix" name="test_initial_config" time="0.032">
		<error message="'prefix'" type="KeyError">
<![CDATA[Traceback (most recent call last):
  File "/home/saikappa/workspace/SciPass/python/t/ConfigTest.py", line 39, in test_initial_config
    prefix = domain["R&E"]["prefix"]
KeyError: 'prefix'
]]>		</error>
	</testcase>
</testsuite>
