<?xml version="1.0" encoding="UTF-8"?>
<testsuite errors="8" failures="2" name="StateTest.TestStateChange-20151014165942" tests="10" time="0.159">
	<properties/>
	<system-out>
<![CDATA[]]>	</system-out>
	<system-err>
<![CDATA[]]>	</system-err>
	<testcase classname="StateTest.TestStateChange" name="test_initial_config" time="0.000">
		<failure message="" type="AssertionError">
<![CDATA[Traceback (most recent call last):
  File "/home/saikappa/workspace/SciPass/python/t/StateTest.py", line 30, in test_initial_config
    assert(os.path.isfile(self.file) == 1)
AssertionError
]]>		</failure>
	</testcase>
	<testcase classname="StateTest.TestStateChange" name="test_sensor_prefix_split" time="0.000">
		<failure message="" type="AssertionError">
<![CDATA[Traceback (most recent call last):
  File "/home/saikappa/workspace/SciPass/python/t/StateTest.py", line 49, in test_sensor_prefix_split
    assert(os.path.isfile(self.file) == 1)
AssertionError
]]>		</failure>
	</testcase>
	<testcase classname="StateTest.TestStateChange" name="test_add_prefix" time="0.000">
		<error message="[Errno 2] No such file or directory: '/var/run/0000000000000001R&amp;E.json'" type="IOError">
<![CDATA[Traceback (most recent call last):
  File "/home/saikappa/workspace/SciPass/python/t/StateTest.py", line 78, in test_add_prefix
    with open(self.file) as data_file:
IOError: [Errno 2] No such file or directory: '/var/run/0000000000000001R&E.json'
]]>		</error>
	</testcase>
	<testcase classname="StateTest.TestStateChange" name="test_add_prefix" time="0.023">
		<error message="[Errno 2] No such file or directory: '/var/run/0000000000000001R&amp;E.json'" type="OSError">
<![CDATA[Traceback (most recent call last):
  File "/home/saikappa/workspace/SciPass/python/t/StateTest.py", line 26, in tearDown
    os.remove(self.file)
OSError: [Errno 2] No such file or directory: '/var/run/0000000000000001R&E.json'
]]>		</error>
	</testcase>
	<testcase classname="StateTest.TestStateChange" name="test_del_prefix" time="0.000">
		<error message="[Errno 2] No such file or directory: '/var/run/0000000000000001R&amp;E.json'" type="IOError">
<![CDATA[Traceback (most recent call last):
  File "/home/saikappa/workspace/SciPass/python/t/StateTest.py", line 90, in test_del_prefix
    with open(self.file) as data_file:
IOError: [Errno 2] No such file or directory: '/var/run/0000000000000001R&E.json'
]]>		</error>
	</testcase>
	<testcase classname="StateTest.TestStateChange" name="test_del_prefix" time="0.024">
		<error message="[Errno 2] No such file or directory: '/var/run/0000000000000001R&amp;E.json'" type="OSError">
<![CDATA[Traceback (most recent call last):
  File "/home/saikappa/workspace/SciPass/python/t/StateTest.py", line 26, in tearDown
    os.remove(self.file)
OSError: [Errno 2] No such file or directory: '/var/run/0000000000000001R&E.json'
]]>		</error>
	</testcase>
	<testcase classname="StateTest.TestStateChange" name="test_initial_config" time="0.014">
		<error message="[Errno 2] No such file or directory: '/var/run/0000000000000001R&amp;E.json'" type="OSError">
<![CDATA[Traceback (most recent call last):
  File "/home/saikappa/workspace/SciPass/python/t/StateTest.py", line 26, in tearDown
    os.remove(self.file)
OSError: [Errno 2] No such file or directory: '/var/run/0000000000000001R&E.json'
]]>		</error>
	</testcase>
	<testcase classname="StateTest.TestStateChange" name="test_move_prefix" time="0.000">
		<error message="[Errno 2] No such file or directory: '/var/run/0000000000000001R&amp;E.json'" type="IOError">
<![CDATA[Traceback (most recent call last):
  File "/home/saikappa/workspace/SciPass/python/t/StateTest.py", line 68, in test_move_prefix
    with open(self.file) as data_file:
IOError: [Errno 2] No such file or directory: '/var/run/0000000000000001R&E.json'
]]>		</error>
	</testcase>
	<testcase classname="StateTest.TestStateChange" name="test_move_prefix" time="0.054">
		<error message="[Errno 2] No such file or directory: '/var/run/0000000000000001R&amp;E.json'" type="OSError">
<![CDATA[Traceback (most recent call last):
  File "/home/saikappa/workspace/SciPass/python/t/StateTest.py", line 26, in tearDown
    os.remove(self.file)
OSError: [Errno 2] No such file or directory: '/var/run/0000000000000001R&E.json'
]]>		</error>
	</testcase>
	<testcase classname="StateTest.TestStateChange" name="test_sensor_prefix_split" time="0.044">
		<error message="[Errno 2] No such file or directory: '/var/run/0000000000000001R&amp;E.json'" type="OSError">
<![CDATA[Traceback (most recent call last):
  File "/home/saikappa/workspace/SciPass/python/t/StateTest.py", line 26, in tearDown
    os.remove(self.file)
OSError: [Errno 2] No such file or directory: '/var/run/0000000000000001R&E.json'
]]>		</error>
	</testcase>
</testsuite>
