<?xml version="1.0" encoding="UTF-8"?>
<testsuite errors="1" failures="0" name="ConfigTest.TestPrefix-20150930143316" tests="1" time="0.000">
	<properties/>
	<system-out>
<![CDATA[]]>	</system-out>
	<system-err>
<![CDATA[]]>	</system-err>
	<testcase classname="ConfigTest.TestPrefix" name="test_split_prefix_for_sensors" time="0.000">
		<error message="'TestPrefix' object has no attribute 'api'" type="AttributeError">
<![CDATA[Traceback (most recent call last):
  File "/home/saikappa/workspace/SciPass/python/t/ConfigTest.py", line 23, in setUp
    res = self.api.getBalancer("%016x" % datapath.id, "R&E").addSensorGroup({"group_id": 1,
AttributeError: 'TestPrefix' object has no attribute 'api'
]]>		</error>
	</testcase>
</testsuite>
