<?xml version="1.0" encoding="UTF-8"?>
<testsuite errors="0" failures="0" name="ConfigTest.TestPrefix-20151007193611" tests="2" time="0.056">
	<properties/>
	<system-out>
<![CDATA[10.0.18.0/25
10.0.18.128/25
]]>	</system-out>
	<system-err>
<![CDATA[]]>	</system-err>
	<testcase classname="ConfigTest.TestPrefix" name="test_initial_config" time="0.023"/>
	<testcase classname="ConfigTest.TestPrefix" name="test_sensor_prefix_split" time="0.034"/>
</testsuite>
