<?xml version="1.0" encoding="UTF-8"?>
<testsuite errors="1" failures="0" name="ConfigTest.TestPrefix-20150930172218" tests="1" time="0.025">
	<properties/>
	<system-out>
<![CDATA[]]>	</system-out>
	<system-err>
<![CDATA[]]>	</system-err>
	<testcase classname="ConfigTest.TestPrefix" name="test_initial_config" time="0.025">
		<error message="string indices must be integers" type="TypeError">
<![CDATA[Traceback (most recent call last):
  File "/home/saikappa/workspace/SciPass/python/t/ConfigTest.py", line 44, in test_initial_config
    ports.append(sensor[0]["port_id"])
TypeError: string indices must be integers
]]>		</error>
	</testcase>
</testsuite>
