<?xml version="1.0" encoding="UTF-8"?>
<testsuite errors="0" failures="0" name="ConfigTest.TestPrefix-20151007182655" tests="2" time="0.071">
	<properties/>
	<system-out>
<![CDATA[10.0.18.0/24
]]>	</system-out>
	<system-err>
<![CDATA[]]>	</system-err>
	<testcase classname="ConfigTest.TestPrefix" name="test_initial_config" time="0.031"/>
	<testcase classname="ConfigTest.TestPrefix" name="test_sensor_prefix_split" time="0.040"/>
</testsuite>
