<?xml version="1.0" encoding="UTF-8"?>
<testsuite errors="0" failures="0" name="SimpleBalancerOnlyTest.SimpleBalancerInitTest-20151119145510" tests="2" time="417.603">
	<properties/>
	<system-out>
<![CDATA[]]>	</system-out>
	<system-err>
<![CDATA[]]>	</system-err>
	<testcase classname="SimpleBalancerOnlyTest.SimpleBalancerInitTest" name="testInit" time="1.664"/>
	<testcase classname="SimpleBalancerOnlyTest.SimpleBalancerInitTest" name="testSimpleBalance" time="415.939"/>
</testsuite>
