<?xml version="1.0" encoding="UTF-8"?>
<testsuite errors="0" failures="0" name="SimpleBalancerTest.TestBalance-20151113153333" tests="1" time="0.001">
	<properties/>
	<system-out>
<![CDATA[]]>	</system-out>
	<system-err>
<![CDATA[]]>	</system-err>
	<testcase classname="SimpleBalancerTest.TestBalance" name="test_merge_continous_prefix" time="0.001"/>
</testsuite>
