<?xml version="1.0" encoding="UTF-8"?>
<testsuite errors="2" failures="0" name="SimpleBalancerOnlyTest.SimpleBalancerInitTest-20151020151347" tests="2" time="0.010">
	<properties/>
	<system-out>
<![CDATA[]]>	</system-out>
	<system-err>
<![CDATA[]]>	</system-err>
	<testcase classname="SimpleBalancerOnlyTest.SimpleBalancerInitTest" name="testInit" time="0.006">
		<error message="int() argument must be a string or a number, not 'NoneType'" type="TypeError">
<![CDATA[Traceback (most recent call last):
  File "/home/saikappa/workspace/SciPass/python/t/SimpleBalancerOnlyTest.py", line 40, in testInit
    self.api.switchJoined(datapath)
  File "./SciPass.py", line 634, in switchJoined
    self._setupBalancer(dpid = dpid, domain_name = domain_name)
  File "./SciPass.py", line 837, in _setupBalancer
    self.config[dpid][domain_name]['balancer'].pushToSwitch()
  File "./SimpleBalancer.py", line 118, in pushToSwitch
    self.distributePrefixes(self.prefix_list)
  File "./SimpleBalancer.py", line 211, in distributePrefixes
    self.distributePrefixes( self.splitPrefix(prefix) )
  File "./SimpleBalancer.py", line 211, in distributePrefixes
    self.distributePrefixes( self.splitPrefix(prefix) )
  File "./SimpleBalancer.py", line 211, in distributePrefixes
    self.distributePrefixes( self.splitPrefix(prefix) )
  File "./SimpleBalancer.py", line 211, in distributePrefixes
    self.distributePrefixes( self.splitPrefix(prefix) )
  File "./SimpleBalancer.py", line 211, in distributePrefixes
    self.distributePrefixes( self.splitPrefix(prefix) )
  File "./SimpleBalancer.py", line 211, in distributePrefixes
    self.distributePrefixes( self.splitPrefix(prefix) )
  File "./SimpleBalancer.py", line 211, in distributePrefixes
    self.distributePrefixes( self.splitPrefix(prefix) )
  File "./SimpleBalancer.py", line 211, in distributePrefixes
    self.distributePrefixes( self.splitPrefix(prefix) )
  File "./SimpleBalancer.py", line 218, in distributePrefixes
    self.addGroupPrefix( self.groups[group]['group_id'], prefix, 0)
  File "./SimpleBalancer.py", line 466, in addGroupPrefix
    self.fireAddPrefix(group,targetPrefix, priority['priority'])
  File "./SimpleBalancer.py", line 397, in fireAddPrefix
    handler(group,prefix, priority)
  File "./SciPass.py", line 536, in <lambda>
    priority = z))
  File "./SciPass.py", line 868, in addPrefix
    priority     = priority)
  File "./SciPass.py", line 1126, in fireForwardingStateChangeHandlers
    if int(self.flowCount) < int(self.config[dpid][domain]['max_flow_count']):
TypeError: int() argument must be a string or a number, not 'NoneType'
]]>		</error>
	</testcase>
	<testcase classname="SimpleBalancerOnlyTest.SimpleBalancerInitTest" name="testSimpleBalance" time="0.005">
		<error message="int() argument must be a string or a number, not 'NoneType'" type="TypeError">
<![CDATA[Traceback (most recent call last):
  File "/home/saikappa/workspace/SciPass/python/t/SimpleBalancerOnlyTest.py", line 102, in testSimpleBalance
    self.api.switchJoined(datapath)
  File "./SciPass.py", line 634, in switchJoined
    self._setupBalancer(dpid = dpid, domain_name = domain_name)
  File "./SciPass.py", line 837, in _setupBalancer
    self.config[dpid][domain_name]['balancer'].pushToSwitch()
  File "./SimpleBalancer.py", line 118, in pushToSwitch
    self.distributePrefixes(self.prefix_list)
  File "./SimpleBalancer.py", line 211, in distributePrefixes
    self.distributePrefixes( self.splitPrefix(prefix) )
  File "./SimpleBalancer.py", line 211, in distributePrefixes
    self.distributePrefixes( self.splitPrefix(prefix) )
  File "./SimpleBalancer.py", line 211, in distributePrefixes
    self.distributePrefixes( self.splitPrefix(prefix) )
  File "./SimpleBalancer.py", line 211, in distributePrefixes
    self.distributePrefixes( self.splitPrefix(prefix) )
  File "./SimpleBalancer.py", line 211, in distributePrefixes
    self.distributePrefixes( self.splitPrefix(prefix) )
  File "./SimpleBalancer.py", line 211, in distributePrefixes
    self.distributePrefixes( self.splitPrefix(prefix) )
  File "./SimpleBalancer.py", line 211, in distributePrefixes
    self.distributePrefixes( self.splitPrefix(prefix) )
  File "./SimpleBalancer.py", line 211, in distributePrefixes
    self.distributePrefixes( self.splitPrefix(prefix) )
  File "./SimpleBalancer.py", line 218, in distributePrefixes
    self.addGroupPrefix( self.groups[group]['group_id'], prefix, 0)
  File "./SimpleBalancer.py", line 466, in addGroupPrefix
    self.fireAddPrefix(group,targetPrefix, priority['priority'])
  File "./SimpleBalancer.py", line 397, in fireAddPrefix
    handler(group,prefix, priority)
  File "./SciPass.py", line 536, in <lambda>
    priority = z))
  File "./SciPass.py", line 868, in addPrefix
    priority     = priority)
  File "./SciPass.py", line 1126, in fireForwardingStateChangeHandlers
    if int(self.flowCount) < int(self.config[dpid][domain]['max_flow_count']):
TypeError: int() argument must be a string or a number, not 'NoneType'
]]>		</error>
	</testcase>
</testsuite>
