<?xml version="1.0" encoding="UTF-8"?>
<testsuite errors="0" failures="0" name="SciPassTest.TestFunctionality-20151021134256" tests="5" time="0.038">
	<properties/>
	<system-out>
<![CDATA[{'hard_timeout': 0, 'actions': [], 'priority': 65535, 'header': {'phys_port': 2, 'nw_src_mask': 32, 'nw_dst_mask': 32, 'nw_dst': 2620917249, 'tp_dst': 2, 'tp_src': 1, 'nw_src': 167777282}, 'idle_timeout': '90', 'command': 'ADD', 'dpid': '0000000000000001'}
{'hard_timeout': 0, 'actions': [], 'priority': 65535, 'header': {'phys_port': 10, 'nw_src_mask': 32, 'nw_dst_mask': 32, 'nw_dst': 167777282, 'tp_dst': 1, 'tp_src': 2, 'nw_src': 2620917249}, 'idle_timeout': '90', 'command': 'ADD', 'dpid': '0000000000000001'}
]]>	</system-out>
	<system-err>
<![CDATA[]]>	</system-err>
	<testcase classname="SciPassTest.TestFunctionality" name="test_bad_flow" time="0.010"/>
	<testcase classname="SciPassTest.TestFunctionality" name="test_block_unknown_prefix" time="0.004"/>
	<testcase classname="SciPassTest.TestFunctionality" name="test_bypass_unknown_prefix" time="0.004"/>
	<testcase classname="SciPassTest.TestFunctionality" name="test_good_flow" time="0.010"/>
	<testcase classname="SciPassTest.TestFunctionality" name="test_update_prefix_bw" time="0.010"/>
</testsuite>
