<?xml version="1.0" encoding="UTF-8"?>
<testsuite errors="0" failures="0" name="ConfigTest.TestPrefix-20150930174234" tests="2" time="0.061">
	<properties/>
	<system-out>
<![CDATA[Nikhil
Nikhil
]]>	</system-out>
	<system-err>
<![CDATA[]]>	</system-err>
	<testcase classname="ConfigTest.TestPrefix" name="test_initial_config" time="0.026"/>
	<testcase classname="ConfigTest.TestPrefix" name="test_prefx_split" time="0.036"/>
</testsuite>
