<?xml version="1.0" encoding="UTF-8"?>
<testsuite errors="1" failures="0" name="ConfigTest.TestPrefix-20151007153350" tests="5" time="0.160">
	<properties/>
	<system-out>
<![CDATA[[{'description': 'lan int',
  'name': 'foo8',
  'port_id': '1',
  'prefixes': [{'prefix': IPv4Network('10.0.17.0/24'),
                'prefix_str': '10.0.17.0/24',
                'type': 'v4'},
               {'prefix': IPv4Network('10.0.18.0/24'),
                'prefix_str': '10.0.18.0/24',
                'type': 'v4'}],
  'vlan_tag': None},
 {'description': 'another lan int',
  'name': 'foo12',
  'port_id': '2',
  'prefixes': [{'prefix': IPv4Network('10.0.19.0/24'),
                'prefix_str': '10.0.19.0/24',
                'type': 'v4'},
               {'prefix': IPv4Network('10.0.20.0/24'),
                'prefix_str': '10.0.20.0/24',
                'type': 'v4'},
               {'prefix': IPv6Network('::/128'),
                'prefix_str': '::/128',
                'type': 'v6'}],
  'vlan_tag': None}]
[{'description': 'lan int',
  'name': 'foo8',
  'port_id': '1',
  'prefixes': [{'prefix': IPv4Network('10.0.17.0/24'),
                'prefix_str': '10.0.17.0/24',
                'type': 'v4'},
               {'prefix': IPv4Network('10.0.18.0/24'),
                'prefix_str': '10.0.18.0/24',
                'type': 'v4'}],
  'vlan_tag': None},
 {'description': 'another lan int',
  'name': 'foo12',
  'port_id': '2',
  'prefixes': [{'prefix': IPv4Network('10.0.19.0/24'),
                'prefix_str': '10.0.19.0/24',
                'type': 'v4'},
               {'prefix': IPv4Network('10.0.20.0/24'),
                'prefix_str': '10.0.20.0/24',
                'type': 'v4'},
               {'prefix': IPv6Network('::/128'),
                'prefix_str': '::/128',
                'type': 'v6'}],
  'vlan_tag': None}]
[{'description': 'lan int',
  'name': 'foo8',
  'port_id': '1',
  'prefixes': [{'prefix': IPv4Network('10.0.17.0/24'),
                'prefix_str': '10.0.17.0/24',
                'type': 'v4'},
               {'prefix': IPv4Network('10.0.18.0/24'),
                'prefix_str': '10.0.18.0/24',
                'type': 'v4'}],
  'vlan_tag': None},
 {'description': 'another lan int',
  'name': 'foo12',
  'port_id': '2',
  'prefixes': [{'prefix': IPv4Network('10.0.19.0/24'),
                'prefix_str': '10.0.19.0/24',
                'type': 'v4'},
               {'prefix': IPv4Network('10.0.20.0/24'),
                'prefix_str': '10.0.20.0/24',
                'type': 'v4'},
               {'prefix': IPv6Network('::/128'),
                'prefix_str': '::/128',
                'type': 'v6'}],
  'vlan_tag': None}]
[{'description': 'lan int',
  'name': 'foo8',
  'port_id': '1',
  'prefixes': [{'prefix': IPv4Network('10.0.17.0/24'),
                'prefix_str': '10.0.17.0/24',
                'type': 'v4'},
               {'prefix': IPv4Network('10.0.18.0/24'),
                'prefix_str': '10.0.18.0/24',
                'type': 'v4'}],
  'vlan_tag': None},
 {'description': 'another lan int',
  'name': 'foo12',
  'port_id': '2',
  'prefixes': [{'prefix': IPv4Network('10.0.19.0/24'),
                'prefix_str': '10.0.19.0/24',
                'type': 'v4'},
               {'prefix': IPv4Network('10.0.20.0/24'),
                'prefix_str': '10.0.20.0/24',
                'type': 'v4'},
               {'prefix': IPv6Network('::/128'),
                'prefix_str': '::/128',
                'type': 'v6'}],
  'vlan_tag': None}]
]]>	</system-out>
	<system-err>
<![CDATA[]]>	</system-err>
	<testcase classname="ConfigTest.TestPrefix" name="test_add_prefix" time="0.024"/>
	<testcase classname="ConfigTest.TestPrefix" name="test_del_prefix" time="0.034"/>
	<testcase classname="ConfigTest.TestPrefix" name="test_move_prefix" time="0.041"/>
	<testcase classname="ConfigTest.TestPrefix" name="test_sensor_prefix_split" time="0.036"/>
	<testcase classname="ConfigTest.TestPrefix" name="test_initial_config" time="0.025">
		<error message="'priorities'" type="KeyError">
<![CDATA[Traceback (most recent call last):
  File "/home/saikappa/workspace/SciPass/python/t/ConfigTest.py", line 46, in test_initial_config
    priorities = data["switch"]["%016x" % self.datapath.id]["domain"]["R&E"]["priorities"].keys()
KeyError: 'priorities'

Stdout:
[{'description': 'lan int',
  'name': 'foo8',
  'port_id': '1',
  'prefixes': [{'prefix': IPv4Network('10.0.17.0/24'),
                'prefix_str': '10.0.17.0/24',
                'type': 'v4'},
               {'prefix': IPv4Network('10.0.18.0/24'),
                'prefix_str': '10.0.18.0/24',
                'type': 'v4'}],
  'vlan_tag': None},
 {'description': 'another lan int',
  'name': 'foo12',
  'port_id': '2',
  'prefixes': [{'prefix': IPv4Network('10.0.19.0/24'),
                'prefix_str': '10.0.19.0/24',
                'type': 'v4'},
               {'prefix': IPv4Network('10.0.20.0/24'),
                'prefix_str': '10.0.20.0/24',
                'type': 'v4'},
               {'prefix': IPv6Network('::/128'),
                'prefix_str': '::/128',
                'type': 'v6'}],
  'vlan_tag': None}]
]]>		</error>
	</testcase>
</testsuite>
