<?xml version="1.0" encoding="UTF-8"?>
<testsuite errors="1" failures="0" name="ConfigTest.TestPrefix-20150930144148" tests="1" time="0.019">
	<properties/>
	<system-out>
<![CDATA[]]>	</system-out>
	<system-err>
<![CDATA[]]>	</system-err>
	<testcase classname="ConfigTest.TestPrefix" name="test_split_prefix_for_sensors" time="0.019">
		<error message="not all arguments converted during string formatting" type="TypeError">
<![CDATA[Traceback (most recent call last):
  File "/home/saikappa/workspace/SciPass/python/t/ConfigTest.py", line 23, in setUp
    self.file = str("016x" % datapath.id) + "R&E"
TypeError: not all arguments converted during string formatting
]]>		</error>
	</testcase>
</testsuite>
