<?xml version="1.0" encoding="UTF-8"?>
<testsuite errors="1" failures="0" name="ConfigTest.TestPrefix-20151008202247" tests="1" time="0.031">
	<properties/>
	<system-out>
<![CDATA[]]>	</system-out>
	<system-err>
<![CDATA[]]>	</system-err>
	<testcase classname="ConfigTest.TestPrefix" name="test_sensor_prefix_split" time="0.031">
		<error message="'TestPrefix' object has no attribute 'file'" type="AttributeError">
<![CDATA[Traceback (most recent call last):
  File "/home/saikappa/workspace/SciPass/python/t/ConfigTest.py", line 55, in test_sensor_prefix_split
    assert(os.path.isfile(self.file) == 1)
AttributeError: 'TestPrefix' object has no attribute 'file'
]]>		</error>
	</testcase>
</testsuite>
