<?xml version="1.0" encoding="UTF-8"?>
<testsuite errors="0" failures="0" name="ConfigTest.TestPrefix-20151007194039" tests="5" time="0.241">
	<properties/>
	<system-out>
<![CDATA[]]>	</system-out>
	<system-err>
<![CDATA[]]>	</system-err>
	<testcase classname="ConfigTest.TestPrefix" name="test_add_prefix" time="0.041"/>
	<testcase classname="ConfigTest.TestPrefix" name="test_del_prefix" time="0.050"/>
	<testcase classname="ConfigTest.TestPrefix" name="test_initial_config" time="0.036"/>
	<testcase classname="ConfigTest.TestPrefix" name="test_move_prefix" time="0.062"/>
	<testcase classname="ConfigTest.TestPrefix" name="test_sensor_prefix_split" time="0.053"/>
</testsuite>
