<?xml version="1.0" encoding="UTF-8"?>
<testsuite errors="1" failures="1" name="SimpleBalancerOnlyTest.SimpleBalancerInitTest-20151020141318" tests="2" time="2.011">
	<properties/>
	<system-out>
<![CDATA[]]>	</system-out>
	<system-err>
<![CDATA[]]>	</system-err>
	<testcase classname="SimpleBalancerOnlyTest.SimpleBalancerInitTest" name="testSimpleBalance" time="1.971">
		<failure message="" type="AssertionError">
<![CDATA[Traceback (most recent call last):
  File "/home/saikappa/workspace/SciPass/python/t/SimpleBalancerOnlyTest.py", line 105, in testSimpleBalance
    self.assertTrue( len(flows) == 566)
AssertionError
]]>		</failure>
	</testcase>
	<testcase classname="SimpleBalancerOnlyTest.SimpleBalancerInitTest" name="testInit" time="0.040">
		<error message="local variable 'i' referenced before assignment" type="UnboundLocalError">
<![CDATA[Traceback (most recent call last):
  File "/home/saikappa/workspace/SciPass/python/t/SimpleBalancerOnlyTest.py", line 42, in testInit
    self.api.switchJoined(datapath)
  File "./SciPass.py", line 687, in switchJoined
    self._setupBalancer(dpid = dpid, domain_name = domain_name)
  File "./SciPass.py", line 894, in _setupBalancer
    self.config[dpid][domain_name]['balancer'].pushToSwitch()
  File "./SimpleBalancer.py", line 120, in pushToSwitch
    self.distributePrefixes(self.prefix_list)
  File "./SimpleBalancer.py", line 254, in distributePrefixes
    self.distributePrefixes( self.splitPrefix(prefix) )
  File "./SimpleBalancer.py", line 254, in distributePrefixes
    self.distributePrefixes( self.splitPrefix(prefix) )
  File "./SimpleBalancer.py", line 254, in distributePrefixes
    self.distributePrefixes( self.splitPrefix(prefix) )
  File "./SimpleBalancer.py", line 254, in distributePrefixes
    self.distributePrefixes( self.splitPrefix(prefix) )
  File "./SimpleBalancer.py", line 254, in distributePrefixes
    self.distributePrefixes( self.splitPrefix(prefix) )
  File "./SimpleBalancer.py", line 254, in distributePrefixes
    self.distributePrefixes( self.splitPrefix(prefix) )
  File "./SimpleBalancer.py", line 254, in distributePrefixes
    self.distributePrefixes( self.splitPrefix(prefix) )
  File "./SimpleBalancer.py", line 254, in distributePrefixes
    self.distributePrefixes( self.splitPrefix(prefix) )
  File "./SimpleBalancer.py", line 261, in distributePrefixes
    self.addGroupPrefix( self.groups[group]['group_id'], prefix, 0)
  File "./SimpleBalancer.py", line 526, in addGroupPrefix
    self.fireAddPrefix(group,targetPrefix, priority['priority'])
  File "./SimpleBalancer.py", line 445, in fireAddPrefix
    handler(group,prefix, priority)
  File "./SciPass.py", line 564, in <lambda>
    priority = z))
  File "./SciPass.py", line 925, in addPrefix
    priority     = priority)
  File "./SciPass.py", line 1274, in fireForwardingStateChangeHandlers
    priority = priority)
  File "/home/saikappa/workspace/SciPass/python/t/SimpleBalancerOnlyTest.py", line 36, in flowSent
    i=i+1
UnboundLocalError: local variable 'i' referenced before assignment
]]>		</error>
	</testcase>
</testsuite>
