<?xml version="1.0" encoding="UTF-8"?>
<testsuite errors="0" failures="0" name="StateTest.TestStateChange-20151014155222" tests="5" time="0.102">
	<properties/>
	<system-out>
<![CDATA[]]>	</system-out>
	<system-err>
<![CDATA[]]>	</system-err>
	<testcase classname="StateTest.TestStateChange" name="test_add_prefix" time="0.015"/>
	<testcase classname="StateTest.TestStateChange" name="test_del_prefix" time="0.021"/>
	<testcase classname="StateTest.TestStateChange" name="test_initial_config" time="0.010"/>
	<testcase classname="StateTest.TestStateChange" name="test_move_prefix" time="0.034"/>
	<testcase classname="StateTest.TestStateChange" name="test_sensor_prefix_split" time="0.022"/>
</testsuite>
