<?xml version="1.0" encoding="UTF-8"?>
<testsuite errors="0" failures="0" name="StateTest.TestPrefix-20151014153028" tests="2" time="0.047">
	<properties/>
	<system-out>
<![CDATA[]]>	</system-out>
	<system-err>
<![CDATA[]]>	</system-err>
	<testcase classname="StateTest.TestPrefix" name="test_initial_config" time="0.015"/>
	<testcase classname="StateTest.TestPrefix" name="test_sensor_prefix_split" time="0.032"/>
</testsuite>
