<?xml version="1.0" encoding="UTF-8"?>
<testsuite errors="0" failures="0" name="SciPassTest.TestFunctionality-20151123160046" tests="5" time="0.065">
	<properties/>
	<system-out>
<![CDATA[{'dl_type': None, 'phys_port': 1}
[{'port': 5, 'type': 'output'}]
{'nw_dst': IPv4Network('10.0.17.0/24'), 'phys_port': 5}
[{'port': 1, 'type': 'output'}]
{'nw_src': IPv4Network('10.0.17.0/24'), 'phys_port': 1}
[{'port': 5, 'type': 'output'}]
{'nw_dst': IPv4Network('10.0.18.0/24'), 'phys_port': 5}
[{'port': 1, 'type': 'output'}]
{'nw_src': IPv4Network('10.0.18.0/24'), 'phys_port': 1}
[{'port': 5, 'type': 'output'}]
{'dl_type': None, 'phys_port': 2}
[{'port': 5, 'type': 'output'}]
{'nw_dst': IPv4Network('10.0.19.0/24'), 'phys_port': 5}
[{'port': 2, 'type': 'output'}]
{'nw_src': IPv4Network('10.0.19.0/24'), 'phys_port': 2}
[{'port': 5, 'type': 'output'}]
{'nw_dst': IPv4Network('10.0.20.0/24'), 'phys_port': 5}
[{'port': 2, 'type': 'output'}]
{'nw_src': IPv4Network('10.0.20.0/24'), 'phys_port': 2}
[{'port': 5, 'type': 'output'}]
{'nw_dst': IPv6Network('::/128'), 'phys_port': 5}
[{'port': 2, 'type': 'output'}]
{'nw_src': IPv6Network('::/128'), 'phys_port': 2}
[{'port': 5, 'type': 'output'}]
{'dl_type': None, 'phys_port': 5}
[{'port': 1, 'type': 'output'}, {'port': 2, 'type': 'output'}]
{'dl_type': None, 'phys_port': 6}
[{'port': 10, 'type': 'output'}]
{'dl_type': None, 'phys_port': 10}
[{'port': 6, 'type': 'output'}]
{'hard_timeout': 0, 'actions': [], 'priority': 65535, 'header': {'tp_src': 1, 'phys_port': 2, 'nw_src': IPv4Network('10.0.20.2/32'), 'tp_dst': 2, 'nw_dst': IPv4Network('156.56.6.1/32')}, 'idle_timeout': '90', 'command': 'ADD', 'dpid': '0000000000000001'}
{'hard_timeout': 0, 'actions': [], 'priority': 65535, 'header': {'tp_src': 2, 'phys_port': 10, 'nw_src': IPv4Network('156.56.6.1/32'), 'tp_dst': 1, 'nw_dst': IPv4Network('10.0.20.2/32')}, 'idle_timeout': '90', 'command': 'ADD', 'dpid': '0000000000000001'}
{'dl_type': None, 'phys_port': 1}
[{'port': 5, 'type': 'output'}]
{'nw_dst': IPv4Network('10.0.17.0/24'), 'phys_port': 5}
[{'port': 1, 'type': 'output'}]
{'nw_src': IPv4Network('10.0.17.0/24'), 'phys_port': 1}
[{'port': 5, 'type': 'output'}]
{'nw_dst': IPv4Network('10.0.18.0/24'), 'phys_port': 5}
[{'port': 1, 'type': 'output'}]
{'nw_src': IPv4Network('10.0.18.0/24'), 'phys_port': 1}
[{'port': 5, 'type': 'output'}]
{'dl_type': None, 'phys_port': 2}
[{'port': 5, 'type': 'output'}]
{'nw_dst': IPv4Network('10.0.19.0/24'), 'phys_port': 5}
[{'port': 2, 'type': 'output'}]
{'nw_src': IPv4Network('10.0.19.0/24'), 'phys_port': 2}
[{'port': 5, 'type': 'output'}]
{'nw_dst': IPv4Network('10.0.20.0/24'), 'phys_port': 5}
[{'port': 2, 'type': 'output'}]
{'nw_src': IPv4Network('10.0.20.0/24'), 'phys_port': 2}
[{'port': 5, 'type': 'output'}]
{'nw_dst': IPv6Network('::/128'), 'phys_port': 5}
[{'port': 2, 'type': 'output'}]
{'nw_src': IPv6Network('::/128'), 'phys_port': 2}
[{'port': 5, 'type': 'output'}]
{'dl_type': None, 'phys_port': 5}
[{'port': 1, 'type': 'output'}, {'port': 2, 'type': 'output'}]
{'dl_type': None, 'phys_port': 6}
[{'port': 10, 'type': 'output'}]
{'dl_type': None, 'phys_port': 10}
[{'port': 6, 'type': 'output'}]
{'dl_type': None, 'phys_port': 1}
[{'port': 5, 'type': 'output'}]
{'nw_dst': IPv4Network('10.0.17.0/24'), 'phys_port': 5}
[{'port': 1, 'type': 'output'}]
{'nw_src': IPv4Network('10.0.17.0/24'), 'phys_port': 1}
[{'port': 5, 'type': 'output'}]
{'nw_dst': IPv4Network('10.0.18.0/24'), 'phys_port': 5}
[{'port': 1, 'type': 'output'}]
{'nw_src': IPv4Network('10.0.18.0/24'), 'phys_port': 1}
[{'port': 5, 'type': 'output'}]
{'dl_type': None, 'phys_port': 2}
[{'port': 5, 'type': 'output'}]
{'nw_dst': IPv4Network('10.0.19.0/24'), 'phys_port': 5}
[{'port': 2, 'type': 'output'}]
{'nw_src': IPv4Network('10.0.19.0/24'), 'phys_port': 2}
[{'port': 5, 'type': 'output'}]
{'nw_dst': IPv4Network('10.0.20.0/24'), 'phys_port': 5}
[{'port': 2, 'type': 'output'}]
{'nw_src': IPv4Network('10.0.20.0/24'), 'phys_port': 2}
[{'port': 5, 'type': 'output'}]
{'nw_dst': IPv6Network('::/128'), 'phys_port': 5}
[{'port': 2, 'type': 'output'}]
{'nw_src': IPv6Network('::/128'), 'phys_port': 2}
[{'port': 5, 'type': 'output'}]
{'dl_type': None, 'phys_port': 5}
[{'port': 1, 'type': 'output'}, {'port': 2, 'type': 'output'}]
{'dl_type': None, 'phys_port': 6}
[{'port': 10, 'type': 'output'}]
{'dl_type': None, 'phys_port': 10}
[{'port': 6, 'type': 'output'}]
]]>	</system-out>
	<system-err>
<![CDATA[]]>	</system-err>
	<testcase classname="SciPassTest.TestFunctionality" name="test_bad_flow" time="0.020"/>
	<testcase classname="SciPassTest.TestFunctionality" name="test_block_unknown_prefix" time="0.003"/>
	<testcase classname="SciPassTest.TestFunctionality" name="test_bypass_unknown_prefix" time="0.003"/>
	<testcase classname="SciPassTest.TestFunctionality" name="test_good_flow" time="0.019"/>
	<testcase classname="SciPassTest.TestFunctionality" name="test_update_prefix_bw" time="0.020"/>
</testsuite>
