<?xml version="1.0" encoding="UTF-8"?>
<testsuite errors="1" failures="0" name="ConfigTest.TestPrefix-20150930174023" tests="2" time="0.054">
	<properties/>
	<system-out>
<![CDATA[]]>	</system-out>
	<system-err>
<![CDATA[]]>	</system-err>
	<testcase classname="ConfigTest.TestPrefix" name="test_initial_config" time="0.029"/>
	<testcase classname="ConfigTest.TestPrefix" name="test_prefx_split" time="0.025">
		<error message="global name 'group1' is not defined" type="NameError">
<![CDATA[Traceback (most recent call last):
  File "/home/saikappa/workspace/SciPass/python/t/ConfigTest.py", line 50, in test_prefx_split
    self.api.getBalancer("%016x" % self.datapath.id, "R&E").splitSensorPrefix(group1,ipaddr.IPv4Network("10.0.17.0/24"))
NameError: global name 'group1' is not defined
]]>		</error>
	</testcase>
</testsuite>
