<?xml version="1.0" encoding="UTF-8"?>
<testsuite errors="1" failures="0" name="ConfigTest.TestPrefix-20151007154126" tests="1" time="0.004">
	<properties/>
	<system-out>
<![CDATA[]]>	</system-out>
	<system-err>
<![CDATA[]]>	</system-err>
	<testcase classname="ConfigTest.TestPrefix" name="test_initial_config" time="0.004">
		<error message="'prefixes'" type="KeyError">
<![CDATA[Traceback (most recent call last):
  File "/home/saikappa/workspace/SciPass/python/t/ConfigTest.py", line 21, in setUp
    config = str(os.getcwd()) + "/t/etc/SciPass.xml" )
  File "./SciPass.py", line 52, in __init__
    self._processConfig(self.configFile)
  File "./SciPass.py", line 527, in _processConfig
    self.readState(dpid, domain)
  File "./SciPass.py", line 539, in readState
    for prefix in data["switch"][switch]["domain"][domain]["prefixes"]:
KeyError: 'prefixes'
]]>		</error>
	</testcase>
</testsuite>
