<?xml version="1.0" encoding="UTF-8"?>
<testsuite errors="0" failures="0" name="StateTest.TestStateChange-20151015143834" tests="1" time="0.030">
	<properties/>
	<system-out>
<![CDATA[[]
[]
[]
[]
[IPv4Network('10.0.17.0/24')]
[IPv4Network('10.0.17.0/24'), IPv6Network('::/128')]
[]
[IPv4Network('10.0.18.0/25')]
]]>	</system-out>
	<system-err>
<![CDATA[]]>	</system-err>
	<testcase classname="StateTest.TestStateChange" name="test_sensor_prefix_split" time="0.030"/>
</testsuite>
