<?xml version="1.0" encoding="UTF-8"?>
<testsuite errors="1" failures="0" name="ConfigTest.TestPrefix-20151007154230" tests="1" time="0.024">
	<properties/>
	<system-out>
<![CDATA[]]>	</system-out>
	<system-err>
<![CDATA[]]>	</system-err>
	<testcase classname="ConfigTest.TestPrefix" name="test_initial_config" time="0.024">
		<error message="local variable 'mode' referenced before assignment" type="UnboundLocalError">
<![CDATA[Traceback (most recent call last):
  File "/home/saikappa/workspace/SciPass/python/t/ConfigTest.py", line 39, in test_initial_config
    mode = data["switch"]["%016x" % self.datapath.id]["domain"][domain[0]][mode].keys()
UnboundLocalError: local variable 'mode' referenced before assignment
]]>		</error>
	</testcase>
</testsuite>
