<?xml version="1.0" encoding="UTF-8"?>
<testsuite errors="1" failures="0" name="SciPassTest.TestFunctionality-20151202155330" tests="5" time="0.037">
	<properties/>
	<system-out>
<![CDATA[{'hard_timeout': 0, 'actions': [], 'priority': 65535, 'header': {'tp_src': 1, 'phys_port': 2, 'nw_src': IPv4Network('10.0.20.2/32'), 'tp_dst': 2, 'nw_dst': IPv4Network('156.56.6.1/32')}, 'idle_timeout': '90', 'command': 'ADD', 'dpid': '0000000000000001'}
{'hard_timeout': 0, 'actions': [], 'priority': 65535, 'header': {'tp_src': 2, 'phys_port': 10, 'nw_src': IPv4Network('156.56.6.1/32'), 'tp_dst': 1, 'nw_dst': IPv4Network('10.0.20.2/32')}, 'idle_timeout': '90', 'command': 'ADD', 'dpid': '0000000000000001'}
]]>	</system-out>
	<system-err>
<![CDATA[]]>	</system-err>
	<testcase classname="SciPassTest.TestFunctionality" name="test_bad_flow" time="0.012"/>
	<testcase classname="SciPassTest.TestFunctionality" name="test_block_unknown_prefix" time="0.002"/>
	<testcase classname="SciPassTest.TestFunctionality" name="test_bypass_unknown_prefix" time="0.002"/>
	<testcase classname="SciPassTest.TestFunctionality" name="test_good_flow" time="0.010"/>
	<testcase classname="SciPassTest.TestFunctionality" name="test_update_prefix_bw" time="0.011">
		<error message="2001:0DB8::" type="AddressValueError">
<![CDATA[Traceback (most recent call last):
  File "/home/saikappa/workspace/SciPass/python/t/SciPassTest.py", line 211, in test_update_prefix_bw
    self.api.updatePrefixBW("%016x" % datapath.id, ipaddr.IPv4Network("2001:0DB8::/48"), 500,500)
  File "/usr/lib/python2.6/site-packages/ipaddr.py", line 1305, in __init__
    raise AddressValueError(addr[0])
AddressValueError: 2001:0DB8::
]]>		</error>
	</testcase>
</testsuite>
