<?xml version="1.0" encoding="UTF-8"?>
<testsuite errors="0" failures="0" name="StateTest.TestPrefix-20151014154842" tests="4" time="0.096">
	<properties/>
	<system-out>
<![CDATA[]]>	</system-out>
	<system-err>
<![CDATA[]]>	</system-err>
	<testcase classname="StateTest.TestPrefix" name="test_add_prefix" time="0.027"/>
	<testcase classname="StateTest.TestPrefix" name="test_initial_config" time="0.010"/>
	<testcase classname="StateTest.TestPrefix" name="test_move_prefix" time="0.024"/>
	<testcase classname="StateTest.TestPrefix" name="test_sensor_prefix_split" time="0.035"/>
</testsuite>
