<?xml version="1.0" encoding="UTF-8"?>
<testsuite errors="0" failures="0" name="ConfigTest.TestPrefix-20150930194007" tests="4" time="0.151">
	<properties/>
	<system-out>
<![CDATA[[u'10.0.18.0/24', u'10.0.20.0/24']
]]>	</system-out>
	<system-err>
<![CDATA[]]>	</system-err>
	<testcase classname="ConfigTest.TestPrefix" name="test_add_prefix" time="0.032"/>
	<testcase classname="ConfigTest.TestPrefix" name="test_initial_config" time="0.028"/>
	<testcase classname="ConfigTest.TestPrefix" name="test_move_prefix" time="0.047"/>
	<testcase classname="ConfigTest.TestPrefix" name="test_sensor_prefix_split" time="0.043"/>
</testsuite>
