<?xml version="1.0" encoding="UTF-8"?>
<testsuite errors="0" failures="0" name="SimpleBalancerTest.TestInit-20151020151042" tests="2" time="0.000">
	<properties/>
	<system-out>
<![CDATA[]]>	</system-out>
	<system-err>
<![CDATA[]]>	</system-err>
	<testcase classname="SimpleBalancerTest.TestInit" name="test_all_ops" time="0.000"/>
	<testcase classname="SimpleBalancerTest.TestInit" name="test_no_ops" time="0.000"/>
</testsuite>
