<?xml version="1.0" encoding="UTF-8"?>
<testsuite errors="0" failures="0" name="SciPassTest.TestInit-20151130190451" tests="2" time="0.026">
	<properties/>
	<system-out>
<![CDATA[]]>	</system-out>
	<system-err>
<![CDATA[]]>	</system-err>
	<testcase classname="SciPassTest.TestInit" name="test_switch_init" time="0.023"/>
	<testcase classname="SciPassTest.TestInit" name="test_valid_config" time="0.003"/>
</testsuite>
