<?xml version="1.0" encoding="UTF-8"?>
<testsuite errors="0" failures="0" name="InlineTest.InlineInitTest-20151021134256" tests="1" time="2.007">
	<properties/>
	<system-out>
<![CDATA[]]>	</system-out>
	<system-err>
<![CDATA[]]>	</system-err>
	<testcase classname="InlineTest.InlineInitTest" name="testInit" time="2.007"/>
</testsuite>
