<?xml version="1.0" encoding="UTF-8"?>
<testsuite errors="4" failures="0" name="BalancerOnlyTest.BalancerInitTest-20151117164804" tests="4" time="0.006">
	<properties/>
	<system-out>
<![CDATA[]]>	</system-out>
	<system-err>
<![CDATA[]]>	</system-err>
	<testcase classname="BalancerOnlyTest.BalancerInitTest" name="testBalance" time="0.002">
		<error message="float() argument must be a string or a number" type="TypeError">
<![CDATA[Traceback (most recent call last):
  File "/home/saikappa/workspace/SciPass/python/t/BalancerOnlyTest.py", line 21, in setUp
    config = str(os.getcwd()) + "/t/etc/SciPass_balancer_only.xml" )
  File "./SciPass.py", line 66, in __init__
    self._processConfig(self.configFile)
  File "./SciPass.py", line 612, in _processConfig
    state = state
  File "./SimpleBalancer.py", line 88, in __init__
    self.sensorConfigurableThreshold = float(sensorConfigurableThresh)
TypeError: float() argument must be a string or a number
]]>		</error>
	</testcase>
	<testcase classname="BalancerOnlyTest.BalancerInitTest" name="testInit" time="0.002">
		<error message="float() argument must be a string or a number" type="TypeError">
<![CDATA[Traceback (most recent call last):
  File "/home/saikappa/workspace/SciPass/python/t/BalancerOnlyTest.py", line 21, in setUp
    config = str(os.getcwd()) + "/t/etc/SciPass_balancer_only.xml" )
  File "./SciPass.py", line 66, in __init__
    self._processConfig(self.configFile)
  File "./SciPass.py", line 612, in _processConfig
    state = state
  File "./SimpleBalancer.py", line 88, in __init__
    self.sensorConfigurableThreshold = float(sensorConfigurableThresh)
TypeError: float() argument must be a string or a number
]]>		</error>
	</testcase>
	<testcase classname="BalancerOnlyTest.BalancerInitTest" name="test_bad_flow" time="0.002">
		<error message="float() argument must be a string or a number" type="TypeError">
<![CDATA[Traceback (most recent call last):
  File "/home/saikappa/workspace/SciPass/python/t/BalancerOnlyTest.py", line 21, in setUp
    config = str(os.getcwd()) + "/t/etc/SciPass_balancer_only.xml" )
  File "./SciPass.py", line 66, in __init__
    self._processConfig(self.configFile)
  File "./SciPass.py", line 612, in _processConfig
    state = state
  File "./SimpleBalancer.py", line 88, in __init__
    self.sensorConfigurableThreshold = float(sensorConfigurableThresh)
TypeError: float() argument must be a string or a number
]]>		</error>
	</testcase>
	<testcase classname="BalancerOnlyTest.BalancerInitTest" name="test_good_flow" time="0.002">
		<error message="float() argument must be a string or a number" type="TypeError">
<![CDATA[Traceback (most recent call last):
  File "/home/saikappa/workspace/SciPass/python/t/BalancerOnlyTest.py", line 21, in setUp
    config = str(os.getcwd()) + "/t/etc/SciPass_balancer_only.xml" )
  File "./SciPass.py", line 66, in __init__
    self._processConfig(self.configFile)
  File "./SciPass.py", line 612, in _processConfig
    state = state
  File "./SimpleBalancer.py", line 88, in __init__
    self.sensorConfigurableThreshold = float(sensorConfigurableThresh)
TypeError: float() argument must be a string or a number
]]>		</error>
	</testcase>
</testsuite>
