<?xml version="1.0" encoding="UTF-8"?>
<testsuite errors="4" failures="0" name="BalancerOnlyTest.BalancerInitTest-20151020154527" tests="4" time="0.006">
	<properties/>
	<system-out>
<![CDATA[]]>	</system-out>
	<system-err>
<![CDATA[]]>	</system-err>
	<testcase classname="BalancerOnlyTest.BalancerInitTest" name="testBalance" time="0.002">
		<error message="1" type="SystemExit">
<![CDATA[Traceback (most recent call last):
  File "/home/saikappa/workspace/SciPass/python/t/BalancerOnlyTest.py", line 21, in setUp
    config = str(os.getcwd()) + "/t/etc/SciPass_balancer_only.xml" )
  File "./SciPass.py", line 59, in __init__
    self._validateConfig(self.configFile, self.schemaFile)
  File "./SciPass.py", line 454, in _validateConfig
    sys.exit(1)
SystemExit: 1
]]>		</error>
	</testcase>
	<testcase classname="BalancerOnlyTest.BalancerInitTest" name="testInit" time="0.001">
		<error message="1" type="SystemExit">
<![CDATA[Traceback (most recent call last):
  File "/home/saikappa/workspace/SciPass/python/t/BalancerOnlyTest.py", line 21, in setUp
    config = str(os.getcwd()) + "/t/etc/SciPass_balancer_only.xml" )
  File "./SciPass.py", line 59, in __init__
    self._validateConfig(self.configFile, self.schemaFile)
  File "./SciPass.py", line 454, in _validateConfig
    sys.exit(1)
SystemExit: 1
]]>		</error>
	</testcase>
	<testcase classname="BalancerOnlyTest.BalancerInitTest" name="test_bad_flow" time="0.001">
		<error message="1" type="SystemExit">
<![CDATA[Traceback (most recent call last):
  File "/home/saikappa/workspace/SciPass/python/t/BalancerOnlyTest.py", line 21, in setUp
    config = str(os.getcwd()) + "/t/etc/SciPass_balancer_only.xml" )
  File "./SciPass.py", line 59, in __init__
    self._validateConfig(self.configFile, self.schemaFile)
  File "./SciPass.py", line 454, in _validateConfig
    sys.exit(1)
SystemExit: 1
]]>		</error>
	</testcase>
	<testcase classname="BalancerOnlyTest.BalancerInitTest" name="test_good_flow" time="0.002">
		<error message="1" type="SystemExit">
<![CDATA[Traceback (most recent call last):
  File "/home/saikappa/workspace/SciPass/python/t/BalancerOnlyTest.py", line 21, in setUp
    config = str(os.getcwd()) + "/t/etc/SciPass_balancer_only.xml" )
  File "./SciPass.py", line 59, in __init__
    self._validateConfig(self.configFile, self.schemaFile)
  File "./SciPass.py", line 454, in _validateConfig
    sys.exit(1)
SystemExit: 1
]]>		</error>
	</testcase>
</testsuite>
