<?xml version="1.0" encoding="UTF-8"?>
<testsuite errors="1" failures="0" name="ConfigTest.TestPrefix-20150930183647" tests="2" time="0.044">
	<properties/>
	<system-out>
<![CDATA[]]>	</system-out>
	<system-err>
<![CDATA[]]>	</system-err>
	<testcase classname="ConfigTest.TestPrefix" name="test_initial_config" time="0.023"/>
	<testcase classname="ConfigTest.TestPrefix" name="test_prefx_split" time="0.021">
		<error message="" type="DuplicatePrefixError">
<![CDATA[Traceback (most recent call last):
  File "/home/saikappa/workspace/SciPass/python/t/ConfigTest.py", line 53, in test_prefx_split
    self.api.getBalancer("%016x" % self.datapath.id, "R&E").splitSensorPrefix("group4",ipaddr.IPv4Network("10.0.17.0/24"))
  File "./SimpleBalancer.py", line 521, in splitSensorPrefix
    self.addGroupPrefix(group, prefix, prefixBw)
  File "./SimpleBalancer.py", line 465, in addGroupPrefix
    raise DuplicatePrefixError("Prefix is already contained by something else")
DuplicatePrefixError
]]>		</error>
	</testcase>
</testsuite>
