<?xml version="1.0" encoding="UTF-8"?>
<testsuite errors="0" failures="0" name="StateTest.TestPrefix-20151014144812" tests="1" time="0.041">
	<properties/>
	<system-out>
<![CDATA[defaultdict(<type 'list'>, {IPv4Network('10.0.17.0/24'): {'priority': 500, 'bandwidth': 0, 'total': 100}, IPv6Network('::/128'): {'priority': 900, 'bandwidth': 0, 'total': 100}, IPv4Network('10.0.20.0/24'): {'priority': 800, 'bandwidth': 0, 'total': 100}, IPv4Network('10.0.19.0/24'): {'priority': 700, 'bandwidth': 0, 'total': 100}})
defaultdict(<type 'list'>, {IPv4Network('10.0.17.0/24'): {'priority': 500, 'bandwidth': 0, 'total': 100}, IPv4Network('10.0.18.0/25'): {'priority': 600, 'total': 50}, IPv6Network('::/128'): {'priority': 900, 'bandwidth': 0, 'total': 100}, IPv4Network('10.0.20.0/24'): {'priority': 800, 'bandwidth': 0, 'total': 100}, IPv4Network('10.0.19.0/24'): {'priority': 700, 'bandwidth': 0, 'total': 100}})
defaultdict(<type 'list'>, {IPv4Network('10.0.17.0/24'): {'priority': 500, 'bandwidth': 0, 'total': 100}, IPv4Network('10.0.18.0/25'): {'priority': 600, 'total': 50}, IPv4Network('10.0.19.0/24'): {'priority': 700, 'bandwidth': 0, 'total': 100}, IPv4Network('10.0.18.128/25'): {'priority': 650, 'total': 50}, IPv4Network('10.0.20.0/24'): {'priority': 800, 'bandwidth': 0, 'total': 100}, IPv6Network('::/128'): {'priority': 900, 'bandwidth': 0, 'total': 100}})
]]>	</system-out>
	<system-err>
<![CDATA[]]>	</system-err>
	<testcase classname="StateTest.TestPrefix" name="test_sensor_prefix_split" time="0.041"/>
</testsuite>
