<?xml version="1.0" encoding="UTF-8"?>
<testsuite errors="0" failures="1" name="SimpleBalancerOnlyTest.SimpleBalancerInitTest-20151020191738" tests="1" time="3.358">
	<properties/>
	<system-out>
<![CDATA[[IPv4Network('10.0.0.0/8'),
 IPv4Network('129.79.0.0/16'),
 IPv4Network('134.68.0.0/16'),
 IPv4Network('140.182.0.0/16'),
 IPv4Network('149.159.0.0/16'),
 IPv4Network('149.160.0.0/14'),
 IPv4Network('156.56.0.0/16'),
 IPv4Network('172.16.0.0/12'),
 IPv4Network('192.168.0.0/24'),
 IPv6Network('::/128')]
[IPv4Network('10.0.0.0/8'),
 IPv4Network('129.79.0.0/16'),
 IPv4Network('134.68.0.0/16'),
 IPv4Network('140.182.0.0/16'),
 IPv4Network('149.159.0.0/16'),
 IPv4Network('149.160.0.0/14'),
 IPv4Network('156.56.0.0/16'),
 IPv4Network('172.16.0.0/12'),
 IPv4Network('192.168.0.0/24'),
 IPv6Network('::/128')]
[IPv4Network('10.0.0.0/8'),
 IPv4Network('129.79.0.0/16'),
 IPv4Network('134.68.0.0/16'),
 IPv4Network('140.182.0.0/16'),
 IPv4Network('149.159.0.0/16'),
 IPv4Network('149.160.0.0/14'),
 IPv4Network('156.56.0.0/16'),
 IPv4Network('172.16.0.0/12'),
 IPv4Network('192.168.0.0/24'),
 IPv6Network('::/128')]
[IPv4Network('10.0.0.0/8'),
 IPv4Network('129.79.0.0/16'),
 IPv4Network('134.68.0.0/16'),
 IPv4Network('140.182.0.0/16'),
 IPv4Network('149.159.0.0/16'),
 IPv4Network('149.160.0.0/14'),
 IPv4Network('156.56.0.0/16'),
 IPv4Network('172.16.0.0/12'),
 IPv4Network('192.168.0.0/24'),
 IPv6Network('::/128')]
[IPv4Network('10.0.0.0/8'),
 IPv4Network('129.79.0.0/16'),
 IPv4Network('134.68.0.0/16'),
 IPv4Network('140.182.0.0/16'),
 IPv4Network('149.159.0.0/16'),
 IPv4Network('149.160.0.0/14'),
 IPv4Network('156.56.0.0/16'),
 IPv4Network('172.16.0.0/12'),
 IPv4Network('192.168.0.0/24'),
 IPv6Network('::/128')]
[IPv4Network('10.0.0.0/8'),
 IPv4Network('129.79.0.0/16'),
 IPv4Network('134.68.0.0/16'),
 IPv4Network('140.182.0.0/16'),
 IPv4Network('149.159.0.0/16'),
 IPv4Network('149.160.0.0/14'),
 IPv4Network('156.56.0.0/16'),
 IPv4Network('172.16.0.0/12'),
 IPv4Network('192.168.0.0/24'),
 IPv6Network('::/128')]
[IPv4Network('10.0.0.0/8'),
 IPv4Network('129.79.0.0/16'),
 IPv4Network('134.68.0.0/16'),
 IPv4Network('140.182.0.0/16'),
 IPv4Network('149.159.0.0/16'),
 IPv4Network('149.160.0.0/14'),
 IPv4Network('156.56.0.0/16'),
 IPv4Network('172.16.0.0/12'),
 IPv4Network('192.168.0.0/24'),
 IPv6Network('::/128')]
[IPv4Network('10.0.0.0/8'),
 IPv4Network('129.79.0.0/16'),
 IPv4Network('134.68.0.0/16'),
 IPv4Network('140.182.0.0/16'),
 IPv4Network('149.159.0.0/16'),
 IPv4Network('149.160.0.0/14'),
 IPv4Network('156.56.0.0/16'),
 IPv4Network('172.16.0.0/12'),
 IPv4Network('192.168.0.0/24'),
 IPv6Network('::/128')]
[IPv4Network('10.0.0.0/8'),
 IPv4Network('129.79.0.0/16'),
 IPv4Network('134.68.0.0/16'),
 IPv4Network('140.182.0.0/16'),
 IPv4Network('149.159.0.0/16'),
 IPv4Network('149.160.0.0/14'),
 IPv4Network('156.56.0.0/16'),
 IPv4Network('172.16.0.0/12'),
 IPv4Network('192.168.0.0/24'),
 IPv6Network('::/128')]
[IPv4Network('10.0.0.0/8'),
 IPv4Network('129.79.0.0/16'),
 IPv4Network('134.68.0.0/16'),
 IPv4Network('140.182.0.0/16'),
 IPv4Network('149.159.0.0/16'),
 IPv4Network('149.160.0.0/14'),
 IPv4Network('156.56.0.0/16'),
 IPv4Network('172.16.0.0/12'),
 IPv4Network('192.168.0.0/24'),
 IPv6Network('::/128'),
 IPv4Network('10.0.0.0/16'),
 IPv4Network('10.1.0.0/16')]
[IPv4Network('10.0.0.0/8'),
 IPv4Network('129.79.0.0/16'),
 IPv4Network('134.68.0.0/16'),
 IPv4Network('140.182.0.0/16'),
 IPv4Network('149.159.0.0/16'),
 IPv4Network('149.160.0.0/14'),
 IPv4Network('156.56.0.0/16'),
 IPv4Network('172.16.0.0/12'),
 IPv4Network('192.168.0.0/24'),
 IPv6Network('::/128'),
 IPv4Network('10.0.0.0/16'),
 IPv4Network('10.1.0.0/16'),
 IPv4Network('10.2.0.0/16'),
 IPv4Network('10.3.0.0/16')]
[IPv4Network('10.0.0.0/8'),
 IPv4Network('129.79.0.0/16'),
 IPv4Network('134.68.0.0/16'),
 IPv4Network('140.182.0.0/16'),
 IPv4Network('149.159.0.0/16'),
 IPv4Network('149.160.0.0/14'),
 IPv4Network('156.56.0.0/16'),
 IPv4Network('172.16.0.0/12'),
 IPv4Network('192.168.0.0/24'),
 IPv6Network('::/128'),
 IPv4Network('10.0.0.0/16'),
 IPv4Network('10.1.0.0/16'),
 IPv4Network('10.2.0.0/16'),
 IPv4Network('10.3.0.0/16')]
[IPv4Network('10.0.0.0/8'),
 IPv4Network('129.79.0.0/16'),
 IPv4Network('134.68.0.0/16'),
 IPv4Network('140.182.0.0/16'),
 IPv4Network('149.159.0.0/16'),
 IPv4Network('149.160.0.0/14'),
 IPv4Network('156.56.0.0/16'),
 IPv4Network('172.16.0.0/12'),
 IPv4Network('192.168.0.0/24'),
 IPv6Network('::/128'),
 IPv4Network('10.0.0.0/16'),
 IPv4Network('10.1.0.0/16'),
 IPv4Network('10.2.0.0/16'),
 IPv4Network('10.3.0.0/16'),
 IPv4Network('10.4.0.0/16'),
 IPv4Network('10.5.0.0/16')]
[IPv4Network('10.0.0.0/8'),
 IPv4Network('129.79.0.0/16'),
 IPv4Network('134.68.0.0/16'),
 IPv4Network('140.182.0.0/16'),
 IPv4Network('149.159.0.0/16'),
 IPv4Network('149.160.0.0/14'),
 IPv4Network('156.56.0.0/16'),
 IPv4Network('172.16.0.0/12'),
 IPv4Network('192.168.0.0/24'),
 IPv6Network('::/128'),
 IPv4Network('10.0.0.0/16'),
 IPv4Network('10.1.0.0/16'),
 IPv4Network('10.2.0.0/16'),
 IPv4Network('10.3.0.0/16'),
 IPv4Network('10.4.0.0/16'),
 IPv4Network('10.5.0.0/16'),
 IPv4Network('10.6.0.0/16'),
 IPv4Network('10.7.0.0/16')]
[IPv4Network('10.0.0.0/8'),
 IPv4Network('129.79.0.0/16'),
 IPv4Network('134.68.0.0/16'),
 IPv4Network('140.182.0.0/16'),
 IPv4Network('149.159.0.0/16'),
 IPv4Network('149.160.0.0/14'),
 IPv4Network('156.56.0.0/16'),
 IPv4Network('172.16.0.0/12'),
 IPv4Network('192.168.0.0/24'),
 IPv6Network('::/128'),
 IPv4Network('10.0.0.0/16'),
 IPv4Network('10.1.0.0/16'),
 IPv4Network('10.2.0.0/16'),
 IPv4Network('10.3.0.0/16'),
 IPv4Network('10.4.0.0/16'),
 IPv4Network('10.5.0.0/16'),
 IPv4Network('10.6.0.0/16'),
 IPv4Network('10.7.0.0/16')]
[IPv4Network('10.0.0.0/8'),
 IPv4Network('129.79.0.0/16'),
 IPv4Network('134.68.0.0/16'),
 IPv4Network('140.182.0.0/16'),
 IPv4Network('149.159.0.0/16'),
 IPv4Network('149.160.0.0/14'),
 IPv4Network('156.56.0.0/16'),
 IPv4Network('172.16.0.0/12'),
 IPv4Network('192.168.0.0/24'),
 IPv6Network('::/128'),
 IPv4Network('10.0.0.0/16'),
 IPv4Network('10.1.0.0/16'),
 IPv4Network('10.2.0.0/16'),
 IPv4Network('10.3.0.0/16'),
 IPv4Network('10.4.0.0/16'),
 IPv4Network('10.5.0.0/16'),
 IPv4Network('10.6.0.0/16'),
 IPv4Network('10.7.0.0/16')]
[IPv4Network('10.0.0.0/8'),
 IPv4Network('129.79.0.0/16'),
 IPv4Network('134.68.0.0/16'),
 IPv4Network('140.182.0.0/16'),
 IPv4Network('149.159.0.0/16'),
 IPv4Network('149.160.0.0/14'),
 IPv4Network('156.56.0.0/16'),
 IPv4Network('172.16.0.0/12'),
 IPv4Network('192.168.0.0/24'),
 IPv6Network('::/128'),
 IPv4Network('10.0.0.0/16'),
 IPv4Network('10.1.0.0/16'),
 IPv4Network('10.2.0.0/16'),
 IPv4Network('10.3.0.0/16'),
 IPv4Network('10.4.0.0/16'),
 IPv4Network('10.5.0.0/16'),
 IPv4Network('10.6.0.0/16'),
 IPv4Network('10.7.0.0/16'),
 IPv4Network('10.8.0.0/16'),
 IPv4Network('10.9.0.0/16')]
[IPv4Network('10.0.0.0/8'),
 IPv4Network('129.79.0.0/16'),
 IPv4Network('134.68.0.0/16'),
 IPv4Network('140.182.0.0/16'),
 IPv4Network('149.159.0.0/16'),
 IPv4Network('149.160.0.0/14'),
 IPv4Network('156.56.0.0/16'),
 IPv4Network('172.16.0.0/12'),
 IPv4Network('192.168.0.0/24'),
 IPv6Network('::/128'),
 IPv4Network('10.0.0.0/16'),
 IPv4Network('10.1.0.0/16'),
 IPv4Network('10.2.0.0/16'),
 IPv4Network('10.3.0.0/16'),
 IPv4Network('10.4.0.0/16'),
 IPv4Network('10.5.0.0/16'),
 IPv4Network('10.6.0.0/16'),
 IPv4Network('10.7.0.0/16'),
 IPv4Network('10.8.0.0/16'),
 IPv4Network('10.9.0.0/16'),
 IPv4Network('10.10.0.0/16'),
 IPv4Network('10.11.0.0/16')]
[IPv4Network('10.0.0.0/8'),
 IPv4Network('129.79.0.0/16'),
 IPv4Network('134.68.0.0/16'),
 IPv4Network('140.182.0.0/16'),
 IPv4Network('149.159.0.0/16'),
 IPv4Network('149.160.0.0/14'),
 IPv4Network('156.56.0.0/16'),
 IPv4Network('172.16.0.0/12'),
 IPv4Network('192.168.0.0/24'),
 IPv6Network('::/128'),
 IPv4Network('10.0.0.0/16'),
 IPv4Network('10.1.0.0/16'),
 IPv4Network('10.2.0.0/16'),
 IPv4Network('10.3.0.0/16'),
 IPv4Network('10.4.0.0/16'),
 IPv4Network('10.5.0.0/16'),
 IPv4Network('10.6.0.0/16'),
 IPv4Network('10.7.0.0/16'),
 IPv4Network('10.8.0.0/16'),
 IPv4Network('10.9.0.0/16'),
 IPv4Network('10.10.0.0/16'),
 IPv4Network('10.11.0.0/16')]
[IPv4Network('10.0.0.0/8'),
 IPv4Network('129.79.0.0/16'),
 IPv4Network('134.68.0.0/16'),
 IPv4Network('140.182.0.0/16'),
 IPv4Network('149.159.0.0/16'),
 IPv4Network('149.160.0.0/14'),
 IPv4Network('156.56.0.0/16'),
 IPv4Network('172.16.0.0/12'),
 IPv4Network('192.168.0.0/24'),
 IPv6Network('::/128'),
 IPv4Network('10.0.0.0/16'),
 IPv4Network('10.1.0.0/16'),
 IPv4Network('10.2.0.0/16'),
 IPv4Network('10.3.0.0/16'),
 IPv4Network('10.4.0.0/16'),
 IPv4Network('10.5.0.0/16'),
 IPv4Network('10.6.0.0/16'),
 IPv4Network('10.7.0.0/16'),
 IPv4Network('10.8.0.0/16'),
 IPv4Network('10.9.0.0/16'),
 IPv4Network('10.10.0.0/16'),
 IPv4Network('10.11.0.0/16'),
 IPv4Network('10.12.0.0/16'),
 IPv4Network('10.13.0.0/16')]
[IPv4Network('10.0.0.0/8'),
 IPv4Network('129.79.0.0/16'),
 IPv4Network('134.68.0.0/16'),
 IPv4Network('140.182.0.0/16'),
 IPv4Network('149.159.0.0/16'),
 IPv4Network('149.160.0.0/14'),
 IPv4Network('156.56.0.0/16'),
 IPv4Network('172.16.0.0/12'),
 IPv4Network('192.168.0.0/24'),
 IPv6Network('::/128'),
 IPv4Network('10.0.0.0/16'),
 IPv4Network('10.1.0.0/16'),
 IPv4Network('10.2.0.0/16'),
 IPv4Network('10.3.0.0/16'),
 IPv4Network('10.4.0.0/16'),
 IPv4Network('10.5.0.0/16'),
 IPv4Network('10.6.0.0/16'),
 IPv4Network('10.7.0.0/16'),
 IPv4Network('10.8.0.0/16'),
 IPv4Network('10.9.0.0/16'),
 IPv4Network('10.10.0.0/16'),
 IPv4Network('10.11.0.0/16'),
 IPv4Network('10.12.0.0/16'),
 IPv4Network('10.13.0.0/16'),
 IPv4Network('10.14.0.0/16'),
 IPv4Network('10.15.0.0/16')]
[IPv4Network('10.0.0.0/8'),
 IPv4Network('129.79.0.0/16'),
 IPv4Network('134.68.0.0/16'),
 IPv4Network('140.182.0.0/16'),
 IPv4Network('149.159.0.0/16'),
 IPv4Network('149.160.0.0/14'),
 IPv4Network('156.56.0.0/16'),
 IPv4Network('172.16.0.0/12'),
 IPv4Network('192.168.0.0/24'),
 IPv6Network('::/128'),
 IPv4Network('10.0.0.0/16'),
 IPv4Network('10.1.0.0/16'),
 IPv4Network('10.2.0.0/16'),
 IPv4Network('10.3.0.0/16'),
 IPv4Network('10.4.0.0/16'),
 IPv4Network('10.5.0.0/16'),
 IPv4Network('10.6.0.0/16'),
 IPv4Network('10.7.0.0/16'),
 IPv4Network('10.8.0.0/16'),
 IPv4Network('10.9.0.0/16'),
 IPv4Network('10.10.0.0/16'),
 IPv4Network('10.11.0.0/16'),
 IPv4Network('10.12.0.0/16'),
 IPv4Network('10.13.0.0/16'),
 IPv4Network('10.14.0.0/16'),
 IPv4Network('10.15.0.0/16')]
[IPv4Network('10.0.0.0/8'),
 IPv4Network('129.79.0.0/16'),
 IPv4Network('134.68.0.0/16'),
 IPv4Network('140.182.0.0/16'),
 IPv4Network('149.159.0.0/16'),
 IPv4Network('149.160.0.0/14'),
 IPv4Network('156.56.0.0/16'),
 IPv4Network('172.16.0.0/12'),
 IPv4Network('192.168.0.0/24'),
 IPv6Network('::/128'),
 IPv4Network('10.0.0.0/16'),
 IPv4Network('10.1.0.0/16'),
 IPv4Network('10.2.0.0/16'),
 IPv4Network('10.3.0.0/16'),
 IPv4Network('10.4.0.0/16'),
 IPv4Network('10.5.0.0/16'),
 IPv4Network('10.6.0.0/16'),
 IPv4Network('10.7.0.0/16'),
 IPv4Network('10.8.0.0/16'),
 IPv4Network('10.9.0.0/16'),
 IPv4Network('10.10.0.0/16'),
 IPv4Network('10.11.0.0/16'),
 IPv4Network('10.12.0.0/16'),
 IPv4Network('10.13.0.0/16'),
 IPv4Network('10.14.0.0/16'),
 IPv4Network('10.15.0.0/16')]
[IPv4Network('10.0.0.0/8'),
 IPv4Network('129.79.0.0/16'),
 IPv4Network('134.68.0.0/16'),
 IPv4Network('140.182.0.0/16'),
 IPv4Network('149.159.0.0/16'),
 IPv4Network('149.160.0.0/14'),
 IPv4Network('156.56.0.0/16'),
 IPv4Network('172.16.0.0/12'),
 IPv4Network('192.168.0.0/24'),
 IPv6Network('::/128'),
 IPv4Network('10.0.0.0/16'),
 IPv4Network('10.1.0.0/16'),
 IPv4Network('10.2.0.0/16'),
 IPv4Network('10.3.0.0/16'),
 IPv4Network('10.4.0.0/16'),
 IPv4Network('10.5.0.0/16'),
 IPv4Network('10.6.0.0/16'),
 IPv4Network('10.7.0.0/16'),
 IPv4Network('10.8.0.0/16'),
 IPv4Network('10.9.0.0/16'),
 IPv4Network('10.10.0.0/16'),
 IPv4Network('10.11.0.0/16'),
 IPv4Network('10.12.0.0/16'),
 IPv4Network('10.13.0.0/16'),
 IPv4Network('10.14.0.0/16'),
 IPv4Network('10.15.0.0/16')]
[IPv4Network('10.0.0.0/8'),
 IPv4Network('129.79.0.0/16'),
 IPv4Network('134.68.0.0/16'),
 IPv4Network('140.182.0.0/16'),
 IPv4Network('149.159.0.0/16'),
 IPv4Network('149.160.0.0/14'),
 IPv4Network('156.56.0.0/16'),
 IPv4Network('172.16.0.0/12'),
 IPv4Network('192.168.0.0/24'),
 IPv6Network('::/128'),
 IPv4Network('10.0.0.0/16'),
 IPv4Network('10.1.0.0/16'),
 IPv4Network('10.2.0.0/16'),
 IPv4Network('10.3.0.0/16'),
 IPv4Network('10.4.0.0/16'),
 IPv4Network('10.5.0.0/16'),
 IPv4Network('10.6.0.0/16'),
 IPv4Network('10.7.0.0/16'),
 IPv4Network('10.8.0.0/16'),
 IPv4Network('10.9.0.0/16'),
 IPv4Network('10.10.0.0/16'),
 IPv4Network('10.11.0.0/16'),
 IPv4Network('10.12.0.0/16'),
 IPv4Network('10.13.0.0/16'),
 IPv4Network('10.14.0.0/16'),
 IPv4Network('10.15.0.0/16'),
 IPv4Network('10.16.0.0/16'),
 IPv4Network('10.17.0.0/16')]
[IPv4Network('10.0.0.0/8'),
 IPv4Network('129.79.0.0/16'),
 IPv4Network('134.68.0.0/16'),
 IPv4Network('140.182.0.0/16'),
 IPv4Network('149.159.0.0/16'),
 IPv4Network('149.160.0.0/14'),
 IPv4Network('156.56.0.0/16'),
 IPv4Network('172.16.0.0/12'),
 IPv4Network('192.168.0.0/24'),
 IPv6Network('::/128'),
 IPv4Network('10.0.0.0/16'),
 IPv4Network('10.1.0.0/16'),
 IPv4Network('10.2.0.0/16'),
 IPv4Network('10.3.0.0/16'),
 IPv4Network('10.4.0.0/16'),
 IPv4Network('10.5.0.0/16'),
 IPv4Network('10.6.0.0/16'),
 IPv4Network('10.7.0.0/16'),
 IPv4Network('10.8.0.0/16'),
 IPv4Network('10.9.0.0/16'),
 IPv4Network('10.10.0.0/16'),
 IPv4Network('10.11.0.0/16'),
 IPv4Network('10.12.0.0/16'),
 IPv4Network('10.13.0.0/16'),
 IPv4Network('10.14.0.0/16'),
 IPv4Network('10.15.0.0/16'),
 IPv4Network('10.16.0.0/16'),
 IPv4Network('10.17.0.0/16'),
 IPv4Network('10.18.0.0/16'),
 IPv4Network('10.19.0.0/16')]
[IPv4Network('10.0.0.0/8'),
 IPv4Network('129.79.0.0/16'),
 IPv4Network('134.68.0.0/16'),
 IPv4Network('140.182.0.0/16'),
 IPv4Network('149.159.0.0/16'),
 IPv4Network('149.160.0.0/14'),
 IPv4Network('156.56.0.0/16'),
 IPv4Network('172.16.0.0/12'),
 IPv4Network('192.168.0.0/24'),
 IPv6Network('::/128'),
 IPv4Network('10.0.0.0/16'),
 IPv4Network('10.1.0.0/16'),
 IPv4Network('10.2.0.0/16'),
 IPv4Network('10.3.0.0/16'),
 IPv4Network('10.4.0.0/16'),
 IPv4Network('10.5.0.0/16'),
 IPv4Network('10.6.0.0/16'),
 IPv4Network('10.7.0.0/16'),
 IPv4Network('10.8.0.0/16'),
 IPv4Network('10.9.0.0/16'),
 IPv4Network('10.10.0.0/16'),
 IPv4Network('10.11.0.0/16'),
 IPv4Network('10.12.0.0/16'),
 IPv4Network('10.13.0.0/16'),
 IPv4Network('10.14.0.0/16'),
 IPv4Network('10.15.0.0/16'),
 IPv4Network('10.16.0.0/16'),
 IPv4Network('10.17.0.0/16'),
 IPv4Network('10.18.0.0/16'),
 IPv4Network('10.19.0.0/16')]
[IPv4Network('10.0.0.0/8'),
 IPv4Network('129.79.0.0/16'),
 IPv4Network('134.68.0.0/16'),
 IPv4Network('140.182.0.0/16'),
 IPv4Network('149.159.0.0/16'),
 IPv4Network('149.160.0.0/14'),
 IPv4Network('156.56.0.0/16'),
 IPv4Network('172.16.0.0/12'),
 IPv4Network('192.168.0.0/24'),
 IPv6Network('::/128'),
 IPv4Network('10.0.0.0/16'),
 IPv4Network('10.1.0.0/16'),
 IPv4Network('10.2.0.0/16'),
 IPv4Network('10.3.0.0/16'),
 IPv4Network('10.4.0.0/16'),
 IPv4Network('10.5.0.0/16'),
 IPv4Network('10.6.0.0/16'),
 IPv4Network('10.7.0.0/16'),
 IPv4Network('10.8.0.0/16'),
 IPv4Network('10.9.0.0/16'),
 IPv4Network('10.10.0.0/16'),
 IPv4Network('10.11.0.0/16'),
 IPv4Network('10.12.0.0/16'),
 IPv4Network('10.13.0.0/16'),
 IPv4Network('10.14.0.0/16'),
 IPv4Network('10.15.0.0/16'),
 IPv4Network('10.16.0.0/16'),
 IPv4Network('10.17.0.0/16'),
 IPv4Network('10.18.0.0/16'),
 IPv4Network('10.19.0.0/16'),
 IPv4Network('10.20.0.0/16'),
 IPv4Network('10.21.0.0/16')]
[IPv4Network('10.0.0.0/8'),
 IPv4Network('129.79.0.0/16'),
 IPv4Network('134.68.0.0/16'),
 IPv4Network('140.182.0.0/16'),
 IPv4Network('149.159.0.0/16'),
 IPv4Network('149.160.0.0/14'),
 IPv4Network('156.56.0.0/16'),
 IPv4Network('172.16.0.0/12'),
 IPv4Network('192.168.0.0/24'),
 IPv6Network('::/128'),
 IPv4Network('10.0.0.0/16'),
 IPv4Network('10.1.0.0/16'),
 IPv4Network('10.2.0.0/16'),
 IPv4Network('10.3.0.0/16'),
 IPv4Network('10.4.0.0/16'),
 IPv4Network('10.5.0.0/16'),
 IPv4Network('10.6.0.0/16'),
 IPv4Network('10.7.0.0/16'),
 IPv4Network('10.8.0.0/16'),
 IPv4Network('10.9.0.0/16'),
 IPv4Network('10.10.0.0/16'),
 IPv4Network('10.11.0.0/16'),
 IPv4Network('10.12.0.0/16'),
 IPv4Network('10.13.0.0/16'),
 IPv4Network('10.14.0.0/16'),
 IPv4Network('10.15.0.0/16'),
 IPv4Network('10.16.0.0/16'),
 IPv4Network('10.17.0.0/16'),
 IPv4Network('10.18.0.0/16'),
 IPv4Network('10.19.0.0/16'),
 IPv4Network('10.20.0.0/16'),
 IPv4Network('10.21.0.0/16'),
 IPv4Network('10.22.0.0/16'),
 IPv4Network('10.23.0.0/16')]
[IPv4Network('10.0.0.0/8'),
 IPv4Network('129.79.0.0/16'),
 IPv4Network('134.68.0.0/16'),
 IPv4Network('140.182.0.0/16'),
 IPv4Network('149.159.0.0/16'),
 IPv4Network('149.160.0.0/14'),
 IPv4Network('156.56.0.0/16'),
 IPv4Network('172.16.0.0/12'),
 IPv4Network('192.168.0.0/24'),
 IPv6Network('::/128'),
 IPv4Network('10.0.0.0/16'),
 IPv4Network('10.1.0.0/16'),
 IPv4Network('10.2.0.0/16'),
 IPv4Network('10.3.0.0/16'),
 IPv4Network('10.4.0.0/16'),
 IPv4Network('10.5.0.0/16'),
 IPv4Network('10.6.0.0/16'),
 IPv4Network('10.7.0.0/16'),
 IPv4Network('10.8.0.0/16'),
 IPv4Network('10.9.0.0/16'),
 IPv4Network('10.10.0.0/16'),
 IPv4Network('10.11.0.0/16'),
 IPv4Network('10.12.0.0/16'),
 IPv4Network('10.13.0.0/16'),
 IPv4Network('10.14.0.0/16'),
 IPv4Network('10.15.0.0/16'),
 IPv4Network('10.16.0.0/16'),
 IPv4Network('10.17.0.0/16'),
 IPv4Network('10.18.0.0/16'),
 IPv4Network('10.19.0.0/16'),
 IPv4Network('10.20.0.0/16'),
 IPv4Network('10.21.0.0/16'),
 IPv4Network('10.22.0.0/16'),
 IPv4Network('10.23.0.0/16')]
[IPv4Network('10.0.0.0/8'),
 IPv4Network('129.79.0.0/16'),
 IPv4Network('134.68.0.0/16'),
 IPv4Network('140.182.0.0/16'),
 IPv4Network('149.159.0.0/16'),
 IPv4Network('149.160.0.0/14'),
 IPv4Network('156.56.0.0/16'),
 IPv4Network('172.16.0.0/12'),
 IPv4Network('192.168.0.0/24'),
 IPv6Network('::/128'),
 IPv4Network('10.0.0.0/16'),
 IPv4Network('10.1.0.0/16'),
 IPv4Network('10.2.0.0/16'),
 IPv4Network('10.3.0.0/16'),
 IPv4Network('10.4.0.0/16'),
 IPv4Network('10.5.0.0/16'),
 IPv4Network('10.6.0.0/16'),
 IPv4Network('10.7.0.0/16'),
 IPv4Network('10.8.0.0/16'),
 IPv4Network('10.9.0.0/16'),
 IPv4Network('10.10.0.0/16'),
 IPv4Network('10.11.0.0/16'),
 IPv4Network('10.12.0.0/16'),
 IPv4Network('10.13.0.0/16'),
 IPv4Network('10.14.0.0/16'),
 IPv4Network('10.15.0.0/16'),
 IPv4Network('10.16.0.0/16'),
 IPv4Network('10.17.0.0/16'),
 IPv4Network('10.18.0.0/16'),
 IPv4Network('10.19.0.0/16'),
 IPv4Network('10.20.0.0/16'),
 IPv4Network('10.21.0.0/16'),
 IPv4Network('10.22.0.0/16'),
 IPv4Network('10.23.0.0/16')]
[IPv4Network('10.0.0.0/8'),
 IPv4Network('129.79.0.0/16'),
 IPv4Network('134.68.0.0/16'),
 IPv4Network('140.182.0.0/16'),
 IPv4Network('149.159.0.0/16'),
 IPv4Network('149.160.0.0/14'),
 IPv4Network('156.56.0.0/16'),
 IPv4Network('172.16.0.0/12'),
 IPv4Network('192.168.0.0/24'),
 IPv6Network('::/128'),
 IPv4Network('10.0.0.0/16'),
 IPv4Network('10.1.0.0/16'),
 IPv4Network('10.2.0.0/16'),
 IPv4Network('10.3.0.0/16'),
 IPv4Network('10.4.0.0/16'),
 IPv4Network('10.5.0.0/16'),
 IPv4Network('10.6.0.0/16'),
 IPv4Network('10.7.0.0/16'),
 IPv4Network('10.8.0.0/16'),
 IPv4Network('10.9.0.0/16'),
 IPv4Network('10.10.0.0/16'),
 IPv4Network('10.11.0.0/16'),
 IPv4Network('10.12.0.0/16'),
 IPv4Network('10.13.0.0/16'),
 IPv4Network('10.14.0.0/16'),
 IPv4Network('10.15.0.0/16'),
 IPv4Network('10.16.0.0/16'),
 IPv4Network('10.17.0.0/16'),
 IPv4Network('10.18.0.0/16'),
 IPv4Network('10.19.0.0/16'),
 IPv4Network('10.20.0.0/16'),
 IPv4Network('10.21.0.0/16'),
 IPv4Network('10.22.0.0/16'),
 IPv4Network('10.23.0.0/16'),
 IPv4Network('10.24.0.0/16'),
 IPv4Network('10.25.0.0/16')]
[IPv4Network('10.0.0.0/8'),
 IPv4Network('129.79.0.0/16'),
 IPv4Network('134.68.0.0/16'),
 IPv4Network('140.182.0.0/16'),
 IPv4Network('149.159.0.0/16'),
 IPv4Network('149.160.0.0/14'),
 IPv4Network('156.56.0.0/16'),
 IPv4Network('172.16.0.0/12'),
 IPv4Network('192.168.0.0/24'),
 IPv6Network('::/128'),
 IPv4Network('10.0.0.0/16'),
 IPv4Network('10.1.0.0/16'),
 IPv4Network('10.2.0.0/16'),
 IPv4Network('10.3.0.0/16'),
 IPv4Network('10.4.0.0/16'),
 IPv4Network('10.5.0.0/16'),
 IPv4Network('10.6.0.0/16'),
 IPv4Network('10.7.0.0/16'),
 IPv4Network('10.8.0.0/16'),
 IPv4Network('10.9.0.0/16'),
 IPv4Network('10.10.0.0/16'),
 IPv4Network('10.11.0.0/16'),
 IPv4Network('10.12.0.0/16'),
 IPv4Network('10.13.0.0/16'),
 IPv4Network('10.14.0.0/16'),
 IPv4Network('10.15.0.0/16'),
 IPv4Network('10.16.0.0/16'),
 IPv4Network('10.17.0.0/16'),
 IPv4Network('10.18.0.0/16'),
 IPv4Network('10.19.0.0/16'),
 IPv4Network('10.20.0.0/16'),
 IPv4Network('10.21.0.0/16'),
 IPv4Network('10.22.0.0/16'),
 IPv4Network('10.23.0.0/16'),
 IPv4Network('10.24.0.0/16'),
 IPv4Network('10.25.0.0/16'),
 IPv4Network('10.26.0.0/16'),
 IPv4Network('10.27.0.0/16')]
[IPv4Network('10.0.0.0/8'),
 IPv4Network('129.79.0.0/16'),
 IPv4Network('134.68.0.0/16'),
 IPv4Network('140.182.0.0/16'),
 IPv4Network('149.159.0.0/16'),
 IPv4Network('149.160.0.0/14'),
 IPv4Network('156.56.0.0/16'),
 IPv4Network('172.16.0.0/12'),
 IPv4Network('192.168.0.0/24'),
 IPv6Network('::/128'),
 IPv4Network('10.0.0.0/16'),
 IPv4Network('10.1.0.0/16'),
 IPv4Network('10.2.0.0/16'),
 IPv4Network('10.3.0.0/16'),
 IPv4Network('10.4.0.0/16'),
 IPv4Network('10.5.0.0/16'),
 IPv4Network('10.6.0.0/16'),
 IPv4Network('10.7.0.0/16'),
 IPv4Network('10.8.0.0/16'),
 IPv4Network('10.9.0.0/16'),
 IPv4Network('10.10.0.0/16'),
 IPv4Network('10.11.0.0/16'),
 IPv4Network('10.12.0.0/16'),
 IPv4Network('10.13.0.0/16'),
 IPv4Network('10.14.0.0/16'),
 IPv4Network('10.15.0.0/16'),
 IPv4Network('10.16.0.0/16'),
 IPv4Network('10.17.0.0/16'),
 IPv4Network('10.18.0.0/16'),
 IPv4Network('10.19.0.0/16'),
 IPv4Network('10.20.0.0/16'),
 IPv4Network('10.21.0.0/16'),
 IPv4Network('10.22.0.0/16'),
 IPv4Network('10.23.0.0/16'),
 IPv4Network('10.24.0.0/16'),
 IPv4Network('10.25.0.0/16'),
 IPv4Network('10.26.0.0/16'),
 IPv4Network('10.27.0.0/16')]
[IPv4Network('10.0.0.0/8'),
 IPv4Network('129.79.0.0/16'),
 IPv4Network('134.68.0.0/16'),
 IPv4Network('140.182.0.0/16'),
 IPv4Network('149.159.0.0/16'),
 IPv4Network('149.160.0.0/14'),
 IPv4Network('156.56.0.0/16'),
 IPv4Network('172.16.0.0/12'),
 IPv4Network('192.168.0.0/24'),
 IPv6Network('::/128'),
 IPv4Network('10.0.0.0/16'),
 IPv4Network('10.1.0.0/16'),
 IPv4Network('10.2.0.0/16'),
 IPv4Network('10.3.0.0/16'),
 IPv4Network('10.4.0.0/16'),
 IPv4Network('10.5.0.0/16'),
 IPv4Network('10.6.0.0/16'),
 IPv4Network('10.7.0.0/16'),
 IPv4Network('10.8.0.0/16'),
 IPv4Network('10.9.0.0/16'),
 IPv4Network('10.10.0.0/16'),
 IPv4Network('10.11.0.0/16'),
 IPv4Network('10.12.0.0/16'),
 IPv4Network('10.13.0.0/16'),
 IPv4Network('10.14.0.0/16'),
 IPv4Network('10.15.0.0/16'),
 IPv4Network('10.16.0.0/16'),
 IPv4Network('10.17.0.0/16'),
 IPv4Network('10.18.0.0/16'),
 IPv4Network('10.19.0.0/16'),
 IPv4Network('10.20.0.0/16'),
 IPv4Network('10.21.0.0/16'),
 IPv4Network('10.22.0.0/16'),
 IPv4Network('10.23.0.0/16'),
 IPv4Network('10.24.0.0/16'),
 IPv4Network('10.25.0.0/16'),
 IPv4Network('10.26.0.0/16'),
 IPv4Network('10.27.0.0/16'),
 IPv4Network('10.28.0.0/16'),
 IPv4Network('10.29.0.0/16')]
[IPv4Network('10.0.0.0/8'),
 IPv4Network('129.79.0.0/16'),
 IPv4Network('134.68.0.0/16'),
 IPv4Network('140.182.0.0/16'),
 IPv4Network('149.159.0.0/16'),
 IPv4Network('149.160.0.0/14'),
 IPv4Network('156.56.0.0/16'),
 IPv4Network('172.16.0.0/12'),
 IPv4Network('192.168.0.0/24'),
 IPv6Network('::/128'),
 IPv4Network('10.0.0.0/16'),
 IPv4Network('10.1.0.0/16'),
 IPv4Network('10.2.0.0/16'),
 IPv4Network('10.3.0.0/16'),
 IPv4Network('10.4.0.0/16'),
 IPv4Network('10.5.0.0/16'),
 IPv4Network('10.6.0.0/16'),
 IPv4Network('10.7.0.0/16'),
 IPv4Network('10.8.0.0/16'),
 IPv4Network('10.9.0.0/16'),
 IPv4Network('10.10.0.0/16'),
 IPv4Network('10.11.0.0/16'),
 IPv4Network('10.12.0.0/16'),
 IPv4Network('10.13.0.0/16'),
 IPv4Network('10.14.0.0/16'),
 IPv4Network('10.15.0.0/16'),
 IPv4Network('10.16.0.0/16'),
 IPv4Network('10.17.0.0/16'),
 IPv4Network('10.18.0.0/16'),
 IPv4Network('10.19.0.0/16'),
 IPv4Network('10.20.0.0/16'),
 IPv4Network('10.21.0.0/16'),
 IPv4Network('10.22.0.0/16'),
 IPv4Network('10.23.0.0/16'),
 IPv4Network('10.24.0.0/16'),
 IPv4Network('10.25.0.0/16'),
 IPv4Network('10.26.0.0/16'),
 IPv4Network('10.27.0.0/16'),
 IPv4Network('10.28.0.0/16'),
 IPv4Network('10.29.0.0/16'),
 IPv4Network('10.30.0.0/16'),
 IPv4Network('10.31.0.0/16')]
[IPv4Network('10.0.0.0/8'),
 IPv4Network('129.79.0.0/16'),
 IPv4Network('134.68.0.0/16'),
 IPv4Network('140.182.0.0/16'),
 IPv4Network('149.159.0.0/16'),
 IPv4Network('149.160.0.0/14'),
 IPv4Network('156.56.0.0/16'),
 IPv4Network('172.16.0.0/12'),
 IPv4Network('192.168.0.0/24'),
 IPv6Network('::/128'),
 IPv4Network('10.0.0.0/16'),
 IPv4Network('10.1.0.0/16'),
 IPv4Network('10.2.0.0/16'),
 IPv4Network('10.3.0.0/16'),
 IPv4Network('10.4.0.0/16'),
 IPv4Network('10.5.0.0/16'),
 IPv4Network('10.6.0.0/16'),
 IPv4Network('10.7.0.0/16'),
 IPv4Network('10.8.0.0/16'),
 IPv4Network('10.9.0.0/16'),
 IPv4Network('10.10.0.0/16'),
 IPv4Network('10.11.0.0/16'),
 IPv4Network('10.12.0.0/16'),
 IPv4Network('10.13.0.0/16'),
 IPv4Network('10.14.0.0/16'),
 IPv4Network('10.15.0.0/16'),
 IPv4Network('10.16.0.0/16'),
 IPv4Network('10.17.0.0/16'),
 IPv4Network('10.18.0.0/16'),
 IPv4Network('10.19.0.0/16'),
 IPv4Network('10.20.0.0/16'),
 IPv4Network('10.21.0.0/16'),
 IPv4Network('10.22.0.0/16'),
 IPv4Network('10.23.0.0/16'),
 IPv4Network('10.24.0.0/16'),
 IPv4Network('10.25.0.0/16'),
 IPv4Network('10.26.0.0/16'),
 IPv4Network('10.27.0.0/16'),
 IPv4Network('10.28.0.0/16'),
 IPv4Network('10.29.0.0/16'),
 IPv4Network('10.30.0.0/16'),
 IPv4Network('10.31.0.0/16')]
[IPv4Network('10.0.0.0/8'),
 IPv4Network('129.79.0.0/16'),
 IPv4Network('134.68.0.0/16'),
 IPv4Network('140.182.0.0/16'),
 IPv4Network('149.159.0.0/16'),
 IPv4Network('149.160.0.0/14'),
 IPv4Network('156.56.0.0/16'),
 IPv4Network('172.16.0.0/12'),
 IPv4Network('192.168.0.0/24'),
 IPv6Network('::/128'),
 IPv4Network('10.0.0.0/16'),
 IPv4Network('10.1.0.0/16'),
 IPv4Network('10.2.0.0/16'),
 IPv4Network('10.3.0.0/16'),
 IPv4Network('10.4.0.0/16'),
 IPv4Network('10.5.0.0/16'),
 IPv4Network('10.6.0.0/16'),
 IPv4Network('10.7.0.0/16'),
 IPv4Network('10.8.0.0/16'),
 IPv4Network('10.9.0.0/16'),
 IPv4Network('10.10.0.0/16'),
 IPv4Network('10.11.0.0/16'),
 IPv4Network('10.12.0.0/16'),
 IPv4Network('10.13.0.0/16'),
 IPv4Network('10.14.0.0/16'),
 IPv4Network('10.15.0.0/16'),
 IPv4Network('10.16.0.0/16'),
 IPv4Network('10.17.0.0/16'),
 IPv4Network('10.18.0.0/16'),
 IPv4Network('10.19.0.0/16'),
 IPv4Network('10.20.0.0/16'),
 IPv4Network('10.21.0.0/16'),
 IPv4Network('10.22.0.0/16'),
 IPv4Network('10.23.0.0/16'),
 IPv4Network('10.24.0.0/16'),
 IPv4Network('10.25.0.0/16'),
 IPv4Network('10.26.0.0/16'),
 IPv4Network('10.27.0.0/16'),
 IPv4Network('10.28.0.0/16'),
 IPv4Network('10.29.0.0/16'),
 IPv4Network('10.30.0.0/16'),
 IPv4Network('10.31.0.0/16')]
[IPv4Network('10.0.0.0/8'),
 IPv4Network('129.79.0.0/16'),
 IPv4Network('134.68.0.0/16'),
 IPv4Network('140.182.0.0/16'),
 IPv4Network('149.159.0.0/16'),
 IPv4Network('149.160.0.0/14'),
 IPv4Network('156.56.0.0/16'),
 IPv4Network('172.16.0.0/12'),
 IPv4Network('192.168.0.0/24'),
 IPv6Network('::/128'),
 IPv4Network('10.0.0.0/16'),
 IPv4Network('10.1.0.0/16'),
 IPv4Network('10.2.0.0/16'),
 IPv4Network('10.3.0.0/16'),
 IPv4Network('10.4.0.0/16'),
 IPv4Network('10.5.0.0/16'),
 IPv4Network('10.6.0.0/16'),
 IPv4Network('10.7.0.0/16'),
 IPv4Network('10.8.0.0/16'),
 IPv4Network('10.9.0.0/16'),
 IPv4Network('10.10.0.0/16'),
 IPv4Network('10.11.0.0/16'),
 IPv4Network('10.12.0.0/16'),
 IPv4Network('10.13.0.0/16'),
 IPv4Network('10.14.0.0/16'),
 IPv4Network('10.15.0.0/16'),
 IPv4Network('10.16.0.0/16'),
 IPv4Network('10.17.0.0/16'),
 IPv4Network('10.18.0.0/16'),
 IPv4Network('10.19.0.0/16'),
 IPv4Network('10.20.0.0/16'),
 IPv4Network('10.21.0.0/16'),
 IPv4Network('10.22.0.0/16'),
 IPv4Network('10.23.0.0/16'),
 IPv4Network('10.24.0.0/16'),
 IPv4Network('10.25.0.0/16'),
 IPv4Network('10.26.0.0/16'),
 IPv4Network('10.27.0.0/16'),
 IPv4Network('10.28.0.0/16'),
 IPv4Network('10.29.0.0/16'),
 IPv4Network('10.30.0.0/16'),
 IPv4Network('10.31.0.0/16')]
[IPv4Network('10.0.0.0/8'),
 IPv4Network('129.79.0.0/16'),
 IPv4Network('134.68.0.0/16'),
 IPv4Network('140.182.0.0/16'),
 IPv4Network('149.159.0.0/16'),
 IPv4Network('149.160.0.0/14'),
 IPv4Network('156.56.0.0/16'),
 IPv4Network('172.16.0.0/12'),
 IPv4Network('192.168.0.0/24'),
 IPv6Network('::/128'),
 IPv4Network('10.0.0.0/16'),
 IPv4Network('10.1.0.0/16'),
 IPv4Network('10.2.0.0/16'),
 IPv4Network('10.3.0.0/16'),
 IPv4Network('10.4.0.0/16'),
 IPv4Network('10.5.0.0/16'),
 IPv4Network('10.6.0.0/16'),
 IPv4Network('10.7.0.0/16'),
 IPv4Network('10.8.0.0/16'),
 IPv4Network('10.9.0.0/16'),
 IPv4Network('10.10.0.0/16'),
 IPv4Network('10.11.0.0/16'),
 IPv4Network('10.12.0.0/16'),
 IPv4Network('10.13.0.0/16'),
 IPv4Network('10.14.0.0/16'),
 IPv4Network('10.15.0.0/16'),
 IPv4Network('10.16.0.0/16'),
 IPv4Network('10.17.0.0/16'),
 IPv4Network('10.18.0.0/16'),
 IPv4Network('10.19.0.0/16'),
 IPv4Network('10.20.0.0/16'),
 IPv4Network('10.21.0.0/16'),
 IPv4Network('10.22.0.0/16'),
 IPv4Network('10.23.0.0/16'),
 IPv4Network('10.24.0.0/16'),
 IPv4Network('10.25.0.0/16'),
 IPv4Network('10.26.0.0/16'),
 IPv4Network('10.27.0.0/16'),
 IPv4Network('10.28.0.0/16'),
 IPv4Network('10.29.0.0/16'),
 IPv4Network('10.30.0.0/16'),
 IPv4Network('10.31.0.0/16')]
[IPv4Network('10.0.0.0/8'),
 IPv4Network('129.79.0.0/16'),
 IPv4Network('134.68.0.0/16'),
 IPv4Network('140.182.0.0/16'),
 IPv4Network('149.159.0.0/16'),
 IPv4Network('149.160.0.0/14'),
 IPv4Network('156.56.0.0/16'),
 IPv4Network('172.16.0.0/12'),
 IPv4Network('192.168.0.0/24'),
 IPv6Network('::/128'),
 IPv4Network('10.0.0.0/16'),
 IPv4Network('10.1.0.0/16'),
 IPv4Network('10.2.0.0/16'),
 IPv4Network('10.3.0.0/16'),
 IPv4Network('10.4.0.0/16'),
 IPv4Network('10.5.0.0/16'),
 IPv4Network('10.6.0.0/16'),
 IPv4Network('10.7.0.0/16'),
 IPv4Network('10.8.0.0/16'),
 IPv4Network('10.9.0.0/16'),
 IPv4Network('10.10.0.0/16'),
 IPv4Network('10.11.0.0/16'),
 IPv4Network('10.12.0.0/16'),
 IPv4Network('10.13.0.0/16'),
 IPv4Network('10.14.0.0/16'),
 IPv4Network('10.15.0.0/16'),
 IPv4Network('10.16.0.0/16'),
 IPv4Network('10.17.0.0/16'),
 IPv4Network('10.18.0.0/16'),
 IPv4Network('10.19.0.0/16'),
 IPv4Network('10.20.0.0/16'),
 IPv4Network('10.21.0.0/16'),
 IPv4Network('10.22.0.0/16'),
 IPv4Network('10.23.0.0/16'),
 IPv4Network('10.24.0.0/16'),
 IPv4Network('10.25.0.0/16'),
 IPv4Network('10.26.0.0/16'),
 IPv4Network('10.27.0.0/16'),
 IPv4Network('10.28.0.0/16'),
 IPv4Network('10.29.0.0/16'),
 IPv4Network('10.30.0.0/16'),
 IPv4Network('10.31.0.0/16'),
 IPv4Network('10.32.0.0/16'),
 IPv4Network('10.33.0.0/16')]
[IPv4Network('10.0.0.0/8'),
 IPv4Network('129.79.0.0/16'),
 IPv4Network('134.68.0.0/16'),
 IPv4Network('140.182.0.0/16'),
 IPv4Network('149.159.0.0/16'),
 IPv4Network('149.160.0.0/14'),
 IPv4Network('156.56.0.0/16'),
 IPv4Network('172.16.0.0/12'),
 IPv4Network('192.168.0.0/24'),
 IPv6Network('::/128'),
 IPv4Network('10.0.0.0/16'),
 IPv4Network('10.1.0.0/16'),
 IPv4Network('10.2.0.0/16'),
 IPv4Network('10.3.0.0/16'),
 IPv4Network('10.4.0.0/16'),
 IPv4Network('10.5.0.0/16'),
 IPv4Network('10.6.0.0/16'),
 IPv4Network('10.7.0.0/16'),
 IPv4Network('10.8.0.0/16'),
 IPv4Network('10.9.0.0/16'),
 IPv4Network('10.10.0.0/16'),
 IPv4Network('10.11.0.0/16'),
 IPv4Network('10.12.0.0/16'),
 IPv4Network('10.13.0.0/16'),
 IPv4Network('10.14.0.0/16'),
 IPv4Network('10.15.0.0/16'),
 IPv4Network('10.16.0.0/16'),
 IPv4Network('10.17.0.0/16'),
 IPv4Network('10.18.0.0/16'),
 IPv4Network('10.19.0.0/16'),
 IPv4Network('10.20.0.0/16'),
 IPv4Network('10.21.0.0/16'),
 IPv4Network('10.22.0.0/16'),
 IPv4Network('10.23.0.0/16'),
 IPv4Network('10.24.0.0/16'),
 IPv4Network('10.25.0.0/16'),
 IPv4Network('10.26.0.0/16'),
 IPv4Network('10.27.0.0/16'),
 IPv4Network('10.28.0.0/16'),
 IPv4Network('10.29.0.0/16'),
 IPv4Network('10.30.0.0/16'),
 IPv4Network('10.31.0.0/16'),
 IPv4Network('10.32.0.0/16'),
 IPv4Network('10.33.0.0/16'),
 IPv4Network('10.34.0.0/16'),
 IPv4Network('10.35.0.0/16')]
[IPv4Network('10.0.0.0/8'),
 IPv4Network('129.79.0.0/16'),
 IPv4Network('134.68.0.0/16'),
 IPv4Network('140.182.0.0/16'),
 IPv4Network('149.159.0.0/16'),
 IPv4Network('149.160.0.0/14'),
 IPv4Network('156.56.0.0/16'),
 IPv4Network('172.16.0.0/12'),
 IPv4Network('192.168.0.0/24'),
 IPv6Network('::/128'),
 IPv4Network('10.0.0.0/16'),
 IPv4Network('10.1.0.0/16'),
 IPv4Network('10.2.0.0/16'),
 IPv4Network('10.3.0.0/16'),
 IPv4Network('10.4.0.0/16'),
 IPv4Network('10.5.0.0/16'),
 IPv4Network('10.6.0.0/16'),
 IPv4Network('10.7.0.0/16'),
 IPv4Network('10.8.0.0/16'),
 IPv4Network('10.9.0.0/16'),
 IPv4Network('10.10.0.0/16'),
 IPv4Network('10.11.0.0/16'),
 IPv4Network('10.12.0.0/16'),
 IPv4Network('10.13.0.0/16'),
 IPv4Network('10.14.0.0/16'),
 IPv4Network('10.15.0.0/16'),
 IPv4Network('10.16.0.0/16'),
 IPv4Network('10.17.0.0/16'),
 IPv4Network('10.18.0.0/16'),
 IPv4Network('10.19.0.0/16'),
 IPv4Network('10.20.0.0/16'),
 IPv4Network('10.21.0.0/16'),
 IPv4Network('10.22.0.0/16'),
 IPv4Network('10.23.0.0/16'),
 IPv4Network('10.24.0.0/16'),
 IPv4Network('10.25.0.0/16'),
 IPv4Network('10.26.0.0/16'),
 IPv4Network('10.27.0.0/16'),
 IPv4Network('10.28.0.0/16'),
 IPv4Network('10.29.0.0/16'),
 IPv4Network('10.30.0.0/16'),
 IPv4Network('10.31.0.0/16'),
 IPv4Network('10.32.0.0/16'),
 IPv4Network('10.33.0.0/16'),
 IPv4Network('10.34.0.0/16'),
 IPv4Network('10.35.0.0/16')]
[IPv4Network('10.0.0.0/8'),
 IPv4Network('129.79.0.0/16'),
 IPv4Network('134.68.0.0/16'),
 IPv4Network('140.182.0.0/16'),
 IPv4Network('149.159.0.0/16'),
 IPv4Network('149.160.0.0/14'),
 IPv4Network('156.56.0.0/16'),
 IPv4Network('172.16.0.0/12'),
 IPv4Network('192.168.0.0/24'),
 IPv6Network('::/128'),
 IPv4Network('10.0.0.0/16'),
 IPv4Network('10.1.0.0/16'),
 IPv4Network('10.2.0.0/16'),
 IPv4Network('10.3.0.0/16'),
 IPv4Network('10.4.0.0/16'),
 IPv4Network('10.5.0.0/16'),
 IPv4Network('10.6.0.0/16'),
 IPv4Network('10.7.0.0/16'),
 IPv4Network('10.8.0.0/16'),
 IPv4Network('10.9.0.0/16'),
 IPv4Network('10.10.0.0/16'),
 IPv4Network('10.11.0.0/16'),
 IPv4Network('10.12.0.0/16'),
 IPv4Network('10.13.0.0/16'),
 IPv4Network('10.14.0.0/16'),
 IPv4Network('10.15.0.0/16'),
 IPv4Network('10.16.0.0/16'),
 IPv4Network('10.17.0.0/16'),
 IPv4Network('10.18.0.0/16'),
 IPv4Network('10.19.0.0/16'),
 IPv4Network('10.20.0.0/16'),
 IPv4Network('10.21.0.0/16'),
 IPv4Network('10.22.0.0/16'),
 IPv4Network('10.23.0.0/16'),
 IPv4Network('10.24.0.0/16'),
 IPv4Network('10.25.0.0/16'),
 IPv4Network('10.26.0.0/16'),
 IPv4Network('10.27.0.0/16'),
 IPv4Network('10.28.0.0/16'),
 IPv4Network('10.29.0.0/16'),
 IPv4Network('10.30.0.0/16'),
 IPv4Network('10.31.0.0/16'),
 IPv4Network('10.32.0.0/16'),
 IPv4Network('10.33.0.0/16'),
 IPv4Network('10.34.0.0/16'),
 IPv4Network('10.35.0.0/16'),
 IPv4Network('10.36.0.0/16'),
 IPv4Network('10.37.0.0/16')]
[IPv4Network('10.0.0.0/8'),
 IPv4Network('129.79.0.0/16'),
 IPv4Network('134.68.0.0/16'),
 IPv4Network('140.182.0.0/16'),
 IPv4Network('149.159.0.0/16'),
 IPv4Network('149.160.0.0/14'),
 IPv4Network('156.56.0.0/16'),
 IPv4Network('172.16.0.0/12'),
 IPv4Network('192.168.0.0/24'),
 IPv6Network('::/128'),
 IPv4Network('10.0.0.0/16'),
 IPv4Network('10.1.0.0/16'),
 IPv4Network('10.2.0.0/16'),
 IPv4Network('10.3.0.0/16'),
 IPv4Network('10.4.0.0/16'),
 IPv4Network('10.5.0.0/16'),
 IPv4Network('10.6.0.0/16'),
 IPv4Network('10.7.0.0/16'),
 IPv4Network('10.8.0.0/16'),
 IPv4Network('10.9.0.0/16'),
 IPv4Network('10.10.0.0/16'),
 IPv4Network('10.11.0.0/16'),
 IPv4Network('10.12.0.0/16'),
 IPv4Network('10.13.0.0/16'),
 IPv4Network('10.14.0.0/16'),
 IPv4Network('10.15.0.0/16'),
 IPv4Network('10.16.0.0/16'),
 IPv4Network('10.17.0.0/16'),
 IPv4Network('10.18.0.0/16'),
 IPv4Network('10.19.0.0/16'),
 IPv4Network('10.20.0.0/16'),
 IPv4Network('10.21.0.0/16'),
 IPv4Network('10.22.0.0/16'),
 IPv4Network('10.23.0.0/16'),
 IPv4Network('10.24.0.0/16'),
 IPv4Network('10.25.0.0/16'),
 IPv4Network('10.26.0.0/16'),
 IPv4Network('10.27.0.0/16'),
 IPv4Network('10.28.0.0/16'),
 IPv4Network('10.29.0.0/16'),
 IPv4Network('10.30.0.0/16'),
 IPv4Network('10.31.0.0/16'),
 IPv4Network('10.32.0.0/16'),
 IPv4Network('10.33.0.0/16'),
 IPv4Network('10.34.0.0/16'),
 IPv4Network('10.35.0.0/16'),
 IPv4Network('10.36.0.0/16'),
 IPv4Network('10.37.0.0/16'),
 IPv4Network('10.38.0.0/16'),
 IPv4Network('10.39.0.0/16')]
[IPv4Network('10.0.0.0/8'),
 IPv4Network('129.79.0.0/16'),
 IPv4Network('134.68.0.0/16'),
 IPv4Network('140.182.0.0/16'),
 IPv4Network('149.159.0.0/16'),
 IPv4Network('149.160.0.0/14'),
 IPv4Network('156.56.0.0/16'),
 IPv4Network('172.16.0.0/12'),
 IPv4Network('192.168.0.0/24'),
 IPv6Network('::/128'),
 IPv4Network('10.0.0.0/16'),
 IPv4Network('10.1.0.0/16'),
 IPv4Network('10.2.0.0/16'),
 IPv4Network('10.3.0.0/16'),
 IPv4Network('10.4.0.0/16'),
 IPv4Network('10.5.0.0/16'),
 IPv4Network('10.6.0.0/16'),
 IPv4Network('10.7.0.0/16'),
 IPv4Network('10.8.0.0/16'),
 IPv4Network('10.9.0.0/16'),
 IPv4Network('10.10.0.0/16'),
 IPv4Network('10.11.0.0/16'),
 IPv4Network('10.12.0.0/16'),
 IPv4Network('10.13.0.0/16'),
 IPv4Network('10.14.0.0/16'),
 IPv4Network('10.15.0.0/16'),
 IPv4Network('10.16.0.0/16'),
 IPv4Network('10.17.0.0/16'),
 IPv4Network('10.18.0.0/16'),
 IPv4Network('10.19.0.0/16'),
 IPv4Network('10.20.0.0/16'),
 IPv4Network('10.21.0.0/16'),
 IPv4Network('10.22.0.0/16'),
 IPv4Network('10.23.0.0/16'),
 IPv4Network('10.24.0.0/16'),
 IPv4Network('10.25.0.0/16'),
 IPv4Network('10.26.0.0/16'),
 IPv4Network('10.27.0.0/16'),
 IPv4Network('10.28.0.0/16'),
 IPv4Network('10.29.0.0/16'),
 IPv4Network('10.30.0.0/16'),
 IPv4Network('10.31.0.0/16'),
 IPv4Network('10.32.0.0/16'),
 IPv4Network('10.33.0.0/16'),
 IPv4Network('10.34.0.0/16'),
 IPv4Network('10.35.0.0/16'),
 IPv4Network('10.36.0.0/16'),
 IPv4Network('10.37.0.0/16'),
 IPv4Network('10.38.0.0/16'),
 IPv4Network('10.39.0.0/16')]
[IPv4Network('10.0.0.0/8'),
 IPv4Network('129.79.0.0/16'),
 IPv4Network('134.68.0.0/16'),
 IPv4Network('140.182.0.0/16'),
 IPv4Network('149.159.0.0/16'),
 IPv4Network('149.160.0.0/14'),
 IPv4Network('156.56.0.0/16'),
 IPv4Network('172.16.0.0/12'),
 IPv4Network('192.168.0.0/24'),
 IPv6Network('::/128'),
 IPv4Network('10.0.0.0/16'),
 IPv4Network('10.1.0.0/16'),
 IPv4Network('10.2.0.0/16'),
 IPv4Network('10.3.0.0/16'),
 IPv4Network('10.4.0.0/16'),
 IPv4Network('10.5.0.0/16'),
 IPv4Network('10.6.0.0/16'),
 IPv4Network('10.7.0.0/16'),
 IPv4Network('10.8.0.0/16'),
 IPv4Network('10.9.0.0/16'),
 IPv4Network('10.10.0.0/16'),
 IPv4Network('10.11.0.0/16'),
 IPv4Network('10.12.0.0/16'),
 IPv4Network('10.13.0.0/16'),
 IPv4Network('10.14.0.0/16'),
 IPv4Network('10.15.0.0/16'),
 IPv4Network('10.16.0.0/16'),
 IPv4Network('10.17.0.0/16'),
 IPv4Network('10.18.0.0/16'),
 IPv4Network('10.19.0.0/16'),
 IPv4Network('10.20.0.0/16'),
 IPv4Network('10.21.0.0/16'),
 IPv4Network('10.22.0.0/16'),
 IPv4Network('10.23.0.0/16'),
 IPv4Network('10.24.0.0/16'),
 IPv4Network('10.25.0.0/16'),
 IPv4Network('10.26.0.0/16'),
 IPv4Network('10.27.0.0/16'),
 IPv4Network('10.28.0.0/16'),
 IPv4Network('10.29.0.0/16'),
 IPv4Network('10.30.0.0/16'),
 IPv4Network('10.31.0.0/16'),
 IPv4Network('10.32.0.0/16'),
 IPv4Network('10.33.0.0/16'),
 IPv4Network('10.34.0.0/16'),
 IPv4Network('10.35.0.0/16'),
 IPv4Network('10.36.0.0/16'),
 IPv4Network('10.37.0.0/16'),
 IPv4Network('10.38.0.0/16'),
 IPv4Network('10.39.0.0/16')]
[IPv4Network('10.0.0.0/8'),
 IPv4Network('129.79.0.0/16'),
 IPv4Network('134.68.0.0/16'),
 IPv4Network('140.182.0.0/16'),
 IPv4Network('149.159.0.0/16'),
 IPv4Network('149.160.0.0/14'),
 IPv4Network('156.56.0.0/16'),
 IPv4Network('172.16.0.0/12'),
 IPv4Network('192.168.0.0/24'),
 IPv6Network('::/128'),
 IPv4Network('10.0.0.0/16'),
 IPv4Network('10.1.0.0/16'),
 IPv4Network('10.2.0.0/16'),
 IPv4Network('10.3.0.0/16'),
 IPv4Network('10.4.0.0/16'),
 IPv4Network('10.5.0.0/16'),
 IPv4Network('10.6.0.0/16'),
 IPv4Network('10.7.0.0/16'),
 IPv4Network('10.8.0.0/16'),
 IPv4Network('10.9.0.0/16'),
 IPv4Network('10.10.0.0/16'),
 IPv4Network('10.11.0.0/16'),
 IPv4Network('10.12.0.0/16'),
 IPv4Network('10.13.0.0/16'),
 IPv4Network('10.14.0.0/16'),
 IPv4Network('10.15.0.0/16'),
 IPv4Network('10.16.0.0/16'),
 IPv4Network('10.17.0.0/16'),
 IPv4Network('10.18.0.0/16'),
 IPv4Network('10.19.0.0/16'),
 IPv4Network('10.20.0.0/16'),
 IPv4Network('10.21.0.0/16'),
 IPv4Network('10.22.0.0/16'),
 IPv4Network('10.23.0.0/16'),
 IPv4Network('10.24.0.0/16'),
 IPv4Network('10.25.0.0/16'),
 IPv4Network('10.26.0.0/16'),
 IPv4Network('10.27.0.0/16'),
 IPv4Network('10.28.0.0/16'),
 IPv4Network('10.29.0.0/16'),
 IPv4Network('10.30.0.0/16'),
 IPv4Network('10.31.0.0/16'),
 IPv4Network('10.32.0.0/16'),
 IPv4Network('10.33.0.0/16'),
 IPv4Network('10.34.0.0/16'),
 IPv4Network('10.35.0.0/16'),
 IPv4Network('10.36.0.0/16'),
 IPv4Network('10.37.0.0/16'),
 IPv4Network('10.38.0.0/16'),
 IPv4Network('10.39.0.0/16'),
 IPv4Network('10.40.0.0/16'),
 IPv4Network('10.41.0.0/16')]
[IPv4Network('10.0.0.0/8'),
 IPv4Network('129.79.0.0/16'),
 IPv4Network('134.68.0.0/16'),
 IPv4Network('140.182.0.0/16'),
 IPv4Network('149.159.0.0/16'),
 IPv4Network('149.160.0.0/14'),
 IPv4Network('156.56.0.0/16'),
 IPv4Network('172.16.0.0/12'),
 IPv4Network('192.168.0.0/24'),
 IPv6Network('::/128'),
 IPv4Network('10.0.0.0/16'),
 IPv4Network('10.1.0.0/16'),
 IPv4Network('10.2.0.0/16'),
 IPv4Network('10.3.0.0/16'),
 IPv4Network('10.4.0.0/16'),
 IPv4Network('10.5.0.0/16'),
 IPv4Network('10.6.0.0/16'),
 IPv4Network('10.7.0.0/16'),
 IPv4Network('10.8.0.0/16'),
 IPv4Network('10.9.0.0/16'),
 IPv4Network('10.10.0.0/16'),
 IPv4Network('10.11.0.0/16'),
 IPv4Network('10.12.0.0/16'),
 IPv4Network('10.13.0.0/16'),
 IPv4Network('10.14.0.0/16'),
 IPv4Network('10.15.0.0/16'),
 IPv4Network('10.16.0.0/16'),
 IPv4Network('10.17.0.0/16'),
 IPv4Network('10.18.0.0/16'),
 IPv4Network('10.19.0.0/16'),
 IPv4Network('10.20.0.0/16'),
 IPv4Network('10.21.0.0/16'),
 IPv4Network('10.22.0.0/16'),
 IPv4Network('10.23.0.0/16'),
 IPv4Network('10.24.0.0/16'),
 IPv4Network('10.25.0.0/16'),
 IPv4Network('10.26.0.0/16'),
 IPv4Network('10.27.0.0/16'),
 IPv4Network('10.28.0.0/16'),
 IPv4Network('10.29.0.0/16'),
 IPv4Network('10.30.0.0/16'),
 IPv4Network('10.31.0.0/16'),
 IPv4Network('10.32.0.0/16'),
 IPv4Network('10.33.0.0/16'),
 IPv4Network('10.34.0.0/16'),
 IPv4Network('10.35.0.0/16'),
 IPv4Network('10.36.0.0/16'),
 IPv4Network('10.37.0.0/16'),
 IPv4Network('10.38.0.0/16'),
 IPv4Network('10.39.0.0/16'),
 IPv4Network('10.40.0.0/16'),
 IPv4Network('10.41.0.0/16'),
 IPv4Network('10.42.0.0/16'),
 IPv4Network('10.43.0.0/16')]
[IPv4Network('10.0.0.0/8'),
 IPv4Network('129.79.0.0/16'),
 IPv4Network('134.68.0.0/16'),
 IPv4Network('140.182.0.0/16'),
 IPv4Network('149.159.0.0/16'),
 IPv4Network('149.160.0.0/14'),
 IPv4Network('156.56.0.0/16'),
 IPv4Network('172.16.0.0/12'),
 IPv4Network('192.168.0.0/24'),
 IPv6Network('::/128'),
 IPv4Network('10.0.0.0/16'),
 IPv4Network('10.1.0.0/16'),
 IPv4Network('10.2.0.0/16'),
 IPv4Network('10.3.0.0/16'),
 IPv4Network('10.4.0.0/16'),
 IPv4Network('10.5.0.0/16'),
 IPv4Network('10.6.0.0/16'),
 IPv4Network('10.7.0.0/16'),
 IPv4Network('10.8.0.0/16'),
 IPv4Network('10.9.0.0/16'),
 IPv4Network('10.10.0.0/16'),
 IPv4Network('10.11.0.0/16'),
 IPv4Network('10.12.0.0/16'),
 IPv4Network('10.13.0.0/16'),
 IPv4Network('10.14.0.0/16'),
 IPv4Network('10.15.0.0/16'),
 IPv4Network('10.16.0.0/16'),
 IPv4Network('10.17.0.0/16'),
 IPv4Network('10.18.0.0/16'),
 IPv4Network('10.19.0.0/16'),
 IPv4Network('10.20.0.0/16'),
 IPv4Network('10.21.0.0/16'),
 IPv4Network('10.22.0.0/16'),
 IPv4Network('10.23.0.0/16'),
 IPv4Network('10.24.0.0/16'),
 IPv4Network('10.25.0.0/16'),
 IPv4Network('10.26.0.0/16'),
 IPv4Network('10.27.0.0/16'),
 IPv4Network('10.28.0.0/16'),
 IPv4Network('10.29.0.0/16'),
 IPv4Network('10.30.0.0/16'),
 IPv4Network('10.31.0.0/16'),
 IPv4Network('10.32.0.0/16'),
 IPv4Network('10.33.0.0/16'),
 IPv4Network('10.34.0.0/16'),
 IPv4Network('10.35.0.0/16'),
 IPv4Network('10.36.0.0/16'),
 IPv4Network('10.37.0.0/16'),
 IPv4Network('10.38.0.0/16'),
 IPv4Network('10.39.0.0/16'),
 IPv4Network('10.40.0.0/16'),
 IPv4Network('10.41.0.0/16'),
 IPv4Network('10.42.0.0/16'),
 IPv4Network('10.43.0.0/16')]
[IPv4Network('10.0.0.0/8'),
 IPv4Network('129.79.0.0/16'),
 IPv4Network('134.68.0.0/16'),
 IPv4Network('140.182.0.0/16'),
 IPv4Network('149.159.0.0/16'),
 IPv4Network('149.160.0.0/14'),
 IPv4Network('156.56.0.0/16'),
 IPv4Network('172.16.0.0/12'),
 IPv4Network('192.168.0.0/24'),
 IPv6Network('::/128'),
 IPv4Network('10.0.0.0/16'),
 IPv4Network('10.1.0.0/16'),
 IPv4Network('10.2.0.0/16'),
 IPv4Network('10.3.0.0/16'),
 IPv4Network('10.4.0.0/16'),
 IPv4Network('10.5.0.0/16'),
 IPv4Network('10.6.0.0/16'),
 IPv4Network('10.7.0.0/16'),
 IPv4Network('10.8.0.0/16'),
 IPv4Network('10.9.0.0/16'),
 IPv4Network('10.10.0.0/16'),
 IPv4Network('10.11.0.0/16'),
 IPv4Network('10.12.0.0/16'),
 IPv4Network('10.13.0.0/16'),
 IPv4Network('10.14.0.0/16'),
 IPv4Network('10.15.0.0/16'),
 IPv4Network('10.16.0.0/16'),
 IPv4Network('10.17.0.0/16'),
 IPv4Network('10.18.0.0/16'),
 IPv4Network('10.19.0.0/16'),
 IPv4Network('10.20.0.0/16'),
 IPv4Network('10.21.0.0/16'),
 IPv4Network('10.22.0.0/16'),
 IPv4Network('10.23.0.0/16'),
 IPv4Network('10.24.0.0/16'),
 IPv4Network('10.25.0.0/16'),
 IPv4Network('10.26.0.0/16'),
 IPv4Network('10.27.0.0/16'),
 IPv4Network('10.28.0.0/16'),
 IPv4Network('10.29.0.0/16'),
 IPv4Network('10.30.0.0/16'),
 IPv4Network('10.31.0.0/16'),
 IPv4Network('10.32.0.0/16'),
 IPv4Network('10.33.0.0/16'),
 IPv4Network('10.34.0.0/16'),
 IPv4Network('10.35.0.0/16'),
 IPv4Network('10.36.0.0/16'),
 IPv4Network('10.37.0.0/16'),
 IPv4Network('10.38.0.0/16'),
 IPv4Network('10.39.0.0/16'),
 IPv4Network('10.40.0.0/16'),
 IPv4Network('10.41.0.0/16'),
 IPv4Network('10.42.0.0/16'),
 IPv4Network('10.43.0.0/16'),
 IPv4Network('10.44.0.0/16'),
 IPv4Network('10.45.0.0/16')]
[IPv4Network('10.0.0.0/8'),
 IPv4Network('129.79.0.0/16'),
 IPv4Network('134.68.0.0/16'),
 IPv4Network('140.182.0.0/16'),
 IPv4Network('149.159.0.0/16'),
 IPv4Network('149.160.0.0/14'),
 IPv4Network('156.56.0.0/16'),
 IPv4Network('172.16.0.0/12'),
 IPv4Network('192.168.0.0/24'),
 IPv6Network('::/128'),
 IPv4Network('10.0.0.0/16'),
 IPv4Network('10.1.0.0/16'),
 IPv4Network('10.2.0.0/16'),
 IPv4Network('10.3.0.0/16'),
 IPv4Network('10.4.0.0/16'),
 IPv4Network('10.5.0.0/16'),
 IPv4Network('10.6.0.0/16'),
 IPv4Network('10.7.0.0/16'),
 IPv4Network('10.8.0.0/16'),
 IPv4Network('10.9.0.0/16'),
 IPv4Network('10.10.0.0/16'),
 IPv4Network('10.11.0.0/16'),
 IPv4Network('10.12.0.0/16'),
 IPv4Network('10.13.0.0/16'),
 IPv4Network('10.14.0.0/16'),
 IPv4Network('10.15.0.0/16'),
 IPv4Network('10.16.0.0/16'),
 IPv4Network('10.17.0.0/16'),
 IPv4Network('10.18.0.0/16'),
 IPv4Network('10.19.0.0/16'),
 IPv4Network('10.20.0.0/16'),
 IPv4Network('10.21.0.0/16'),
 IPv4Network('10.22.0.0/16'),
 IPv4Network('10.23.0.0/16'),
 IPv4Network('10.24.0.0/16'),
 IPv4Network('10.25.0.0/16'),
 IPv4Network('10.26.0.0/16'),
 IPv4Network('10.27.0.0/16'),
 IPv4Network('10.28.0.0/16'),
 IPv4Network('10.29.0.0/16'),
 IPv4Network('10.30.0.0/16'),
 IPv4Network('10.31.0.0/16'),
 IPv4Network('10.32.0.0/16'),
 IPv4Network('10.33.0.0/16'),
 IPv4Network('10.34.0.0/16'),
 IPv4Network('10.35.0.0/16'),
 IPv4Network('10.36.0.0/16'),
 IPv4Network('10.37.0.0/16'),
 IPv4Network('10.38.0.0/16'),
 IPv4Network('10.39.0.0/16'),
 IPv4Network('10.40.0.0/16'),
 IPv4Network('10.41.0.0/16'),
 IPv4Network('10.42.0.0/16'),
 IPv4Network('10.43.0.0/16'),
 IPv4Network('10.44.0.0/16'),
 IPv4Network('10.45.0.0/16'),
 IPv4Network('10.46.0.0/16'),
 IPv4Network('10.47.0.0/16')]
[IPv4Network('10.0.0.0/8'),
 IPv4Network('129.79.0.0/16'),
 IPv4Network('134.68.0.0/16'),
 IPv4Network('140.182.0.0/16'),
 IPv4Network('149.159.0.0/16'),
 IPv4Network('149.160.0.0/14'),
 IPv4Network('156.56.0.0/16'),
 IPv4Network('172.16.0.0/12'),
 IPv4Network('192.168.0.0/24'),
 IPv6Network('::/128'),
 IPv4Network('10.0.0.0/16'),
 IPv4Network('10.1.0.0/16'),
 IPv4Network('10.2.0.0/16'),
 IPv4Network('10.3.0.0/16'),
 IPv4Network('10.4.0.0/16'),
 IPv4Network('10.5.0.0/16'),
 IPv4Network('10.6.0.0/16'),
 IPv4Network('10.7.0.0/16'),
 IPv4Network('10.8.0.0/16'),
 IPv4Network('10.9.0.0/16'),
 IPv4Network('10.10.0.0/16'),
 IPv4Network('10.11.0.0/16'),
 IPv4Network('10.12.0.0/16'),
 IPv4Network('10.13.0.0/16'),
 IPv4Network('10.14.0.0/16'),
 IPv4Network('10.15.0.0/16'),
 IPv4Network('10.16.0.0/16'),
 IPv4Network('10.17.0.0/16'),
 IPv4Network('10.18.0.0/16'),
 IPv4Network('10.19.0.0/16'),
 IPv4Network('10.20.0.0/16'),
 IPv4Network('10.21.0.0/16'),
 IPv4Network('10.22.0.0/16'),
 IPv4Network('10.23.0.0/16'),
 IPv4Network('10.24.0.0/16'),
 IPv4Network('10.25.0.0/16'),
 IPv4Network('10.26.0.0/16'),
 IPv4Network('10.27.0.0/16'),
 IPv4Network('10.28.0.0/16'),
 IPv4Network('10.29.0.0/16'),
 IPv4Network('10.30.0.0/16'),
 IPv4Network('10.31.0.0/16'),
 IPv4Network('10.32.0.0/16'),
 IPv4Network('10.33.0.0/16'),
 IPv4Network('10.34.0.0/16'),
 IPv4Network('10.35.0.0/16'),
 IPv4Network('10.36.0.0/16'),
 IPv4Network('10.37.0.0/16'),
 IPv4Network('10.38.0.0/16'),
 IPv4Network('10.39.0.0/16'),
 IPv4Network('10.40.0.0/16'),
 IPv4Network('10.41.0.0/16'),
 IPv4Network('10.42.0.0/16'),
 IPv4Network('10.43.0.0/16'),
 IPv4Network('10.44.0.0/16'),
 IPv4Network('10.45.0.0/16'),
 IPv4Network('10.46.0.0/16'),
 IPv4Network('10.47.0.0/16')]
[IPv4Network('10.0.0.0/8'),
 IPv4Network('129.79.0.0/16'),
 IPv4Network('134.68.0.0/16'),
 IPv4Network('140.182.0.0/16'),
 IPv4Network('149.159.0.0/16'),
 IPv4Network('149.160.0.0/14'),
 IPv4Network('156.56.0.0/16'),
 IPv4Network('172.16.0.0/12'),
 IPv4Network('192.168.0.0/24'),
 IPv6Network('::/128'),
 IPv4Network('10.0.0.0/16'),
 IPv4Network('10.1.0.0/16'),
 IPv4Network('10.2.0.0/16'),
 IPv4Network('10.3.0.0/16'),
 IPv4Network('10.4.0.0/16'),
 IPv4Network('10.5.0.0/16'),
 IPv4Network('10.6.0.0/16'),
 IPv4Network('10.7.0.0/16'),
 IPv4Network('10.8.0.0/16'),
 IPv4Network('10.9.0.0/16'),
 IPv4Network('10.10.0.0/16'),
 IPv4Network('10.11.0.0/16'),
 IPv4Network('10.12.0.0/16'),
 IPv4Network('10.13.0.0/16'),
 IPv4Network('10.14.0.0/16'),
 IPv4Network('10.15.0.0/16'),
 IPv4Network('10.16.0.0/16'),
 IPv4Network('10.17.0.0/16'),
 IPv4Network('10.18.0.0/16'),
 IPv4Network('10.19.0.0/16'),
 IPv4Network('10.20.0.0/16'),
 IPv4Network('10.21.0.0/16'),
 IPv4Network('10.22.0.0/16'),
 IPv4Network('10.23.0.0/16'),
 IPv4Network('10.24.0.0/16'),
 IPv4Network('10.25.0.0/16'),
 IPv4Network('10.26.0.0/16'),
 IPv4Network('10.27.0.0/16'),
 IPv4Network('10.28.0.0/16'),
 IPv4Network('10.29.0.0/16'),
 IPv4Network('10.30.0.0/16'),
 IPv4Network('10.31.0.0/16'),
 IPv4Network('10.32.0.0/16'),
 IPv4Network('10.33.0.0/16'),
 IPv4Network('10.34.0.0/16'),
 IPv4Network('10.35.0.0/16'),
 IPv4Network('10.36.0.0/16'),
 IPv4Network('10.37.0.0/16'),
 IPv4Network('10.38.0.0/16'),
 IPv4Network('10.39.0.0/16'),
 IPv4Network('10.40.0.0/16'),
 IPv4Network('10.41.0.0/16'),
 IPv4Network('10.42.0.0/16'),
 IPv4Network('10.43.0.0/16'),
 IPv4Network('10.44.0.0/16'),
 IPv4Network('10.45.0.0/16'),
 IPv4Network('10.46.0.0/16'),
 IPv4Network('10.47.0.0/16')]
[IPv4Network('10.0.0.0/8'),
 IPv4Network('129.79.0.0/16'),
 IPv4Network('134.68.0.0/16'),
 IPv4Network('140.182.0.0/16'),
 IPv4Network('149.159.0.0/16'),
 IPv4Network('149.160.0.0/14'),
 IPv4Network('156.56.0.0/16'),
 IPv4Network('172.16.0.0/12'),
 IPv4Network('192.168.0.0/24'),
 IPv6Network('::/128'),
 IPv4Network('10.0.0.0/16'),
 IPv4Network('10.1.0.0/16'),
 IPv4Network('10.2.0.0/16'),
 IPv4Network('10.3.0.0/16'),
 IPv4Network('10.4.0.0/16'),
 IPv4Network('10.5.0.0/16'),
 IPv4Network('10.6.0.0/16'),
 IPv4Network('10.7.0.0/16'),
 IPv4Network('10.8.0.0/16'),
 IPv4Network('10.9.0.0/16'),
 IPv4Network('10.10.0.0/16'),
 IPv4Network('10.11.0.0/16'),
 IPv4Network('10.12.0.0/16'),
 IPv4Network('10.13.0.0/16'),
 IPv4Network('10.14.0.0/16'),
 IPv4Network('10.15.0.0/16'),
 IPv4Network('10.16.0.0/16'),
 IPv4Network('10.17.0.0/16'),
 IPv4Network('10.18.0.0/16'),
 IPv4Network('10.19.0.0/16'),
 IPv4Network('10.20.0.0/16'),
 IPv4Network('10.21.0.0/16'),
 IPv4Network('10.22.0.0/16'),
 IPv4Network('10.23.0.0/16'),
 IPv4Network('10.24.0.0/16'),
 IPv4Network('10.25.0.0/16'),
 IPv4Network('10.26.0.0/16'),
 IPv4Network('10.27.0.0/16'),
 IPv4Network('10.28.0.0/16'),
 IPv4Network('10.29.0.0/16'),
 IPv4Network('10.30.0.0/16'),
 IPv4Network('10.31.0.0/16'),
 IPv4Network('10.32.0.0/16'),
 IPv4Network('10.33.0.0/16'),
 IPv4Network('10.34.0.0/16'),
 IPv4Network('10.35.0.0/16'),
 IPv4Network('10.36.0.0/16'),
 IPv4Network('10.37.0.0/16'),
 IPv4Network('10.38.0.0/16'),
 IPv4Network('10.39.0.0/16'),
 IPv4Network('10.40.0.0/16'),
 IPv4Network('10.41.0.0/16'),
 IPv4Network('10.42.0.0/16'),
 IPv4Network('10.43.0.0/16'),
 IPv4Network('10.44.0.0/16'),
 IPv4Network('10.45.0.0/16'),
 IPv4Network('10.46.0.0/16'),
 IPv4Network('10.47.0.0/16')]
[IPv4Network('10.0.0.0/8'),
 IPv4Network('129.79.0.0/16'),
 IPv4Network('134.68.0.0/16'),
 IPv4Network('140.182.0.0/16'),
 IPv4Network('149.159.0.0/16'),
 IPv4Network('149.160.0.0/14'),
 IPv4Network('156.56.0.0/16'),
 IPv4Network('172.16.0.0/12'),
 IPv4Network('192.168.0.0/24'),
 IPv6Network('::/128'),
 IPv4Network('10.0.0.0/16'),
 IPv4Network('10.1.0.0/16'),
 IPv4Network('10.2.0.0/16'),
 IPv4Network('10.3.0.0/16'),
 IPv4Network('10.4.0.0/16'),
 IPv4Network('10.5.0.0/16'),
 IPv4Network('10.6.0.0/16'),
 IPv4Network('10.7.0.0/16'),
 IPv4Network('10.8.0.0/16'),
 IPv4Network('10.9.0.0/16'),
 IPv4Network('10.10.0.0/16'),
 IPv4Network('10.11.0.0/16'),
 IPv4Network('10.12.0.0/16'),
 IPv4Network('10.13.0.0/16'),
 IPv4Network('10.14.0.0/16'),
 IPv4Network('10.15.0.0/16'),
 IPv4Network('10.16.0.0/16'),
 IPv4Network('10.17.0.0/16'),
 IPv4Network('10.18.0.0/16'),
 IPv4Network('10.19.0.0/16'),
 IPv4Network('10.20.0.0/16'),
 IPv4Network('10.21.0.0/16'),
 IPv4Network('10.22.0.0/16'),
 IPv4Network('10.23.0.0/16'),
 IPv4Network('10.24.0.0/16'),
 IPv4Network('10.25.0.0/16'),
 IPv4Network('10.26.0.0/16'),
 IPv4Network('10.27.0.0/16'),
 IPv4Network('10.28.0.0/16'),
 IPv4Network('10.29.0.0/16'),
 IPv4Network('10.30.0.0/16'),
 IPv4Network('10.31.0.0/16'),
 IPv4Network('10.32.0.0/16'),
 IPv4Network('10.33.0.0/16'),
 IPv4Network('10.34.0.0/16'),
 IPv4Network('10.35.0.0/16'),
 IPv4Network('10.36.0.0/16'),
 IPv4Network('10.37.0.0/16'),
 IPv4Network('10.38.0.0/16'),
 IPv4Network('10.39.0.0/16'),
 IPv4Network('10.40.0.0/16'),
 IPv4Network('10.41.0.0/16'),
 IPv4Network('10.42.0.0/16'),
 IPv4Network('10.43.0.0/16'),
 IPv4Network('10.44.0.0/16'),
 IPv4Network('10.45.0.0/16'),
 IPv4Network('10.46.0.0/16'),
 IPv4Network('10.47.0.0/16'),
 IPv4Network('10.48.0.0/16'),
 IPv4Network('10.49.0.0/16')]
[IPv4Network('10.0.0.0/8'),
 IPv4Network('129.79.0.0/16'),
 IPv4Network('134.68.0.0/16'),
 IPv4Network('140.182.0.0/16'),
 IPv4Network('149.159.0.0/16'),
 IPv4Network('149.160.0.0/14'),
 IPv4Network('156.56.0.0/16'),
 IPv4Network('172.16.0.0/12'),
 IPv4Network('192.168.0.0/24'),
 IPv6Network('::/128'),
 IPv4Network('10.0.0.0/16'),
 IPv4Network('10.1.0.0/16'),
 IPv4Network('10.2.0.0/16'),
 IPv4Network('10.3.0.0/16'),
 IPv4Network('10.4.0.0/16'),
 IPv4Network('10.5.0.0/16'),
 IPv4Network('10.6.0.0/16'),
 IPv4Network('10.7.0.0/16'),
 IPv4Network('10.8.0.0/16'),
 IPv4Network('10.9.0.0/16'),
 IPv4Network('10.10.0.0/16'),
 IPv4Network('10.11.0.0/16'),
 IPv4Network('10.12.0.0/16'),
 IPv4Network('10.13.0.0/16'),
 IPv4Network('10.14.0.0/16'),
 IPv4Network('10.15.0.0/16'),
 IPv4Network('10.16.0.0/16'),
 IPv4Network('10.17.0.0/16'),
 IPv4Network('10.18.0.0/16'),
 IPv4Network('10.19.0.0/16'),
 IPv4Network('10.20.0.0/16'),
 IPv4Network('10.21.0.0/16'),
 IPv4Network('10.22.0.0/16'),
 IPv4Network('10.23.0.0/16'),
 IPv4Network('10.24.0.0/16'),
 IPv4Network('10.25.0.0/16'),
 IPv4Network('10.26.0.0/16'),
 IPv4Network('10.27.0.0/16'),
 IPv4Network('10.28.0.0/16'),
 IPv4Network('10.29.0.0/16'),
 IPv4Network('10.30.0.0/16'),
 IPv4Network('10.31.0.0/16'),
 IPv4Network('10.32.0.0/16'),
 IPv4Network('10.33.0.0/16'),
 IPv4Network('10.34.0.0/16'),
 IPv4Network('10.35.0.0/16'),
 IPv4Network('10.36.0.0/16'),
 IPv4Network('10.37.0.0/16'),
 IPv4Network('10.38.0.0/16'),
 IPv4Network('10.39.0.0/16'),
 IPv4Network('10.40.0.0/16'),
 IPv4Network('10.41.0.0/16'),
 IPv4Network('10.42.0.0/16'),
 IPv4Network('10.43.0.0/16'),
 IPv4Network('10.44.0.0/16'),
 IPv4Network('10.45.0.0/16'),
 IPv4Network('10.46.0.0/16'),
 IPv4Network('10.47.0.0/16'),
 IPv4Network('10.48.0.0/16'),
 IPv4Network('10.49.0.0/16'),
 IPv4Network('10.50.0.0/16'),
 IPv4Network('10.51.0.0/16')]
[IPv4Network('10.0.0.0/8'),
 IPv4Network('129.79.0.0/16'),
 IPv4Network('134.68.0.0/16'),
 IPv4Network('140.182.0.0/16'),
 IPv4Network('149.159.0.0/16'),
 IPv4Network('149.160.0.0/14'),
 IPv4Network('156.56.0.0/16'),
 IPv4Network('172.16.0.0/12'),
 IPv4Network('192.168.0.0/24'),
 IPv6Network('::/128'),
 IPv4Network('10.0.0.0/16'),
 IPv4Network('10.1.0.0/16'),
 IPv4Network('10.2.0.0/16'),
 IPv4Network('10.3.0.0/16'),
 IPv4Network('10.4.0.0/16'),
 IPv4Network('10.5.0.0/16'),
 IPv4Network('10.6.0.0/16'),
 IPv4Network('10.7.0.0/16'),
 IPv4Network('10.8.0.0/16'),
 IPv4Network('10.9.0.0/16'),
 IPv4Network('10.10.0.0/16'),
 IPv4Network('10.11.0.0/16'),
 IPv4Network('10.12.0.0/16'),
 IPv4Network('10.13.0.0/16'),
 IPv4Network('10.14.0.0/16'),
 IPv4Network('10.15.0.0/16'),
 IPv4Network('10.16.0.0/16'),
 IPv4Network('10.17.0.0/16'),
 IPv4Network('10.18.0.0/16'),
 IPv4Network('10.19.0.0/16'),
 IPv4Network('10.20.0.0/16'),
 IPv4Network('10.21.0.0/16'),
 IPv4Network('10.22.0.0/16'),
 IPv4Network('10.23.0.0/16'),
 IPv4Network('10.24.0.0/16'),
 IPv4Network('10.25.0.0/16'),
 IPv4Network('10.26.0.0/16'),
 IPv4Network('10.27.0.0/16'),
 IPv4Network('10.28.0.0/16'),
 IPv4Network('10.29.0.0/16'),
 IPv4Network('10.30.0.0/16'),
 IPv4Network('10.31.0.0/16'),
 IPv4Network('10.32.0.0/16'),
 IPv4Network('10.33.0.0/16'),
 IPv4Network('10.34.0.0/16'),
 IPv4Network('10.35.0.0/16'),
 IPv4Network('10.36.0.0/16'),
 IPv4Network('10.37.0.0/16'),
 IPv4Network('10.38.0.0/16'),
 IPv4Network('10.39.0.0/16'),
 IPv4Network('10.40.0.0/16'),
 IPv4Network('10.41.0.0/16'),
 IPv4Network('10.42.0.0/16'),
 IPv4Network('10.43.0.0/16'),
 IPv4Network('10.44.0.0/16'),
 IPv4Network('10.45.0.0/16'),
 IPv4Network('10.46.0.0/16'),
 IPv4Network('10.47.0.0/16'),
 IPv4Network('10.48.0.0/16'),
 IPv4Network('10.49.0.0/16'),
 IPv4Network('10.50.0.0/16'),
 IPv4Network('10.51.0.0/16')]
[IPv4Network('10.0.0.0/8'),
 IPv4Network('129.79.0.0/16'),
 IPv4Network('134.68.0.0/16'),
 IPv4Network('140.182.0.0/16'),
 IPv4Network('149.159.0.0/16'),
 IPv4Network('149.160.0.0/14'),
 IPv4Network('156.56.0.0/16'),
 IPv4Network('172.16.0.0/12'),
 IPv4Network('192.168.0.0/24'),
 IPv6Network('::/128'),
 IPv4Network('10.0.0.0/16'),
 IPv4Network('10.1.0.0/16'),
 IPv4Network('10.2.0.0/16'),
 IPv4Network('10.3.0.0/16'),
 IPv4Network('10.4.0.0/16'),
 IPv4Network('10.5.0.0/16'),
 IPv4Network('10.6.0.0/16'),
 IPv4Network('10.7.0.0/16'),
 IPv4Network('10.8.0.0/16'),
 IPv4Network('10.9.0.0/16'),
 IPv4Network('10.10.0.0/16'),
 IPv4Network('10.11.0.0/16'),
 IPv4Network('10.12.0.0/16'),
 IPv4Network('10.13.0.0/16'),
 IPv4Network('10.14.0.0/16'),
 IPv4Network('10.15.0.0/16'),
 IPv4Network('10.16.0.0/16'),
 IPv4Network('10.17.0.0/16'),
 IPv4Network('10.18.0.0/16'),
 IPv4Network('10.19.0.0/16'),
 IPv4Network('10.20.0.0/16'),
 IPv4Network('10.21.0.0/16'),
 IPv4Network('10.22.0.0/16'),
 IPv4Network('10.23.0.0/16'),
 IPv4Network('10.24.0.0/16'),
 IPv4Network('10.25.0.0/16'),
 IPv4Network('10.26.0.0/16'),
 IPv4Network('10.27.0.0/16'),
 IPv4Network('10.28.0.0/16'),
 IPv4Network('10.29.0.0/16'),
 IPv4Network('10.30.0.0/16'),
 IPv4Network('10.31.0.0/16'),
 IPv4Network('10.32.0.0/16'),
 IPv4Network('10.33.0.0/16'),
 IPv4Network('10.34.0.0/16'),
 IPv4Network('10.35.0.0/16'),
 IPv4Network('10.36.0.0/16'),
 IPv4Network('10.37.0.0/16'),
 IPv4Network('10.38.0.0/16'),
 IPv4Network('10.39.0.0/16'),
 IPv4Network('10.40.0.0/16'),
 IPv4Network('10.41.0.0/16'),
 IPv4Network('10.42.0.0/16'),
 IPv4Network('10.43.0.0/16'),
 IPv4Network('10.44.0.0/16'),
 IPv4Network('10.45.0.0/16'),
 IPv4Network('10.46.0.0/16'),
 IPv4Network('10.47.0.0/16'),
 IPv4Network('10.48.0.0/16'),
 IPv4Network('10.49.0.0/16'),
 IPv4Network('10.50.0.0/16'),
 IPv4Network('10.51.0.0/16'),
 IPv4Network('10.52.0.0/16'),
 IPv4Network('10.53.0.0/16')]
[IPv4Network('10.0.0.0/8'),
 IPv4Network('129.79.0.0/16'),
 IPv4Network('134.68.0.0/16'),
 IPv4Network('140.182.0.0/16'),
 IPv4Network('149.159.0.0/16'),
 IPv4Network('149.160.0.0/14'),
 IPv4Network('156.56.0.0/16'),
 IPv4Network('172.16.0.0/12'),
 IPv4Network('192.168.0.0/24'),
 IPv6Network('::/128'),
 IPv4Network('10.0.0.0/16'),
 IPv4Network('10.1.0.0/16'),
 IPv4Network('10.2.0.0/16'),
 IPv4Network('10.3.0.0/16'),
 IPv4Network('10.4.0.0/16'),
 IPv4Network('10.5.0.0/16'),
 IPv4Network('10.6.0.0/16'),
 IPv4Network('10.7.0.0/16'),
 IPv4Network('10.8.0.0/16'),
 IPv4Network('10.9.0.0/16'),
 IPv4Network('10.10.0.0/16'),
 IPv4Network('10.11.0.0/16'),
 IPv4Network('10.12.0.0/16'),
 IPv4Network('10.13.0.0/16'),
 IPv4Network('10.14.0.0/16'),
 IPv4Network('10.15.0.0/16'),
 IPv4Network('10.16.0.0/16'),
 IPv4Network('10.17.0.0/16'),
 IPv4Network('10.18.0.0/16'),
 IPv4Network('10.19.0.0/16'),
 IPv4Network('10.20.0.0/16'),
 IPv4Network('10.21.0.0/16'),
 IPv4Network('10.22.0.0/16'),
 IPv4Network('10.23.0.0/16'),
 IPv4Network('10.24.0.0/16'),
 IPv4Network('10.25.0.0/16'),
 IPv4Network('10.26.0.0/16'),
 IPv4Network('10.27.0.0/16'),
 IPv4Network('10.28.0.0/16'),
 IPv4Network('10.29.0.0/16'),
 IPv4Network('10.30.0.0/16'),
 IPv4Network('10.31.0.0/16'),
 IPv4Network('10.32.0.0/16'),
 IPv4Network('10.33.0.0/16'),
 IPv4Network('10.34.0.0/16'),
 IPv4Network('10.35.0.0/16'),
 IPv4Network('10.36.0.0/16'),
 IPv4Network('10.37.0.0/16'),
 IPv4Network('10.38.0.0/16'),
 IPv4Network('10.39.0.0/16'),
 IPv4Network('10.40.0.0/16'),
 IPv4Network('10.41.0.0/16'),
 IPv4Network('10.42.0.0/16'),
 IPv4Network('10.43.0.0/16'),
 IPv4Network('10.44.0.0/16'),
 IPv4Network('10.45.0.0/16'),
 IPv4Network('10.46.0.0/16'),
 IPv4Network('10.47.0.0/16'),
 IPv4Network('10.48.0.0/16'),
 IPv4Network('10.49.0.0/16'),
 IPv4Network('10.50.0.0/16'),
 IPv4Network('10.51.0.0/16'),
 IPv4Network('10.52.0.0/16'),
 IPv4Network('10.53.0.0/16'),
 IPv4Network('10.54.0.0/16'),
 IPv4Network('10.55.0.0/16')]
[IPv4Network('10.0.0.0/8'),
 IPv4Network('129.79.0.0/16'),
 IPv4Network('134.68.0.0/16'),
 IPv4Network('140.182.0.0/16'),
 IPv4Network('149.159.0.0/16'),
 IPv4Network('149.160.0.0/14'),
 IPv4Network('156.56.0.0/16'),
 IPv4Network('172.16.0.0/12'),
 IPv4Network('192.168.0.0/24'),
 IPv6Network('::/128'),
 IPv4Network('10.0.0.0/16'),
 IPv4Network('10.1.0.0/16'),
 IPv4Network('10.2.0.0/16'),
 IPv4Network('10.3.0.0/16'),
 IPv4Network('10.4.0.0/16'),
 IPv4Network('10.5.0.0/16'),
 IPv4Network('10.6.0.0/16'),
 IPv4Network('10.7.0.0/16'),
 IPv4Network('10.8.0.0/16'),
 IPv4Network('10.9.0.0/16'),
 IPv4Network('10.10.0.0/16'),
 IPv4Network('10.11.0.0/16'),
 IPv4Network('10.12.0.0/16'),
 IPv4Network('10.13.0.0/16'),
 IPv4Network('10.14.0.0/16'),
 IPv4Network('10.15.0.0/16'),
 IPv4Network('10.16.0.0/16'),
 IPv4Network('10.17.0.0/16'),
 IPv4Network('10.18.0.0/16'),
 IPv4Network('10.19.0.0/16'),
 IPv4Network('10.20.0.0/16'),
 IPv4Network('10.21.0.0/16'),
 IPv4Network('10.22.0.0/16'),
 IPv4Network('10.23.0.0/16'),
 IPv4Network('10.24.0.0/16'),
 IPv4Network('10.25.0.0/16'),
 IPv4Network('10.26.0.0/16'),
 IPv4Network('10.27.0.0/16'),
 IPv4Network('10.28.0.0/16'),
 IPv4Network('10.29.0.0/16'),
 IPv4Network('10.30.0.0/16'),
 IPv4Network('10.31.0.0/16'),
 IPv4Network('10.32.0.0/16'),
 IPv4Network('10.33.0.0/16'),
 IPv4Network('10.34.0.0/16'),
 IPv4Network('10.35.0.0/16'),
 IPv4Network('10.36.0.0/16'),
 IPv4Network('10.37.0.0/16'),
 IPv4Network('10.38.0.0/16'),
 IPv4Network('10.39.0.0/16'),
 IPv4Network('10.40.0.0/16'),
 IPv4Network('10.41.0.0/16'),
 IPv4Network('10.42.0.0/16'),
 IPv4Network('10.43.0.0/16'),
 IPv4Network('10.44.0.0/16'),
 IPv4Network('10.45.0.0/16'),
 IPv4Network('10.46.0.0/16'),
 IPv4Network('10.47.0.0/16'),
 IPv4Network('10.48.0.0/16'),
 IPv4Network('10.49.0.0/16'),
 IPv4Network('10.50.0.0/16'),
 IPv4Network('10.51.0.0/16'),
 IPv4Network('10.52.0.0/16'),
 IPv4Network('10.53.0.0/16'),
 IPv4Network('10.54.0.0/16'),
 IPv4Network('10.55.0.0/16')]
[IPv4Network('10.0.0.0/8'),
 IPv4Network('129.79.0.0/16'),
 IPv4Network('134.68.0.0/16'),
 IPv4Network('140.182.0.0/16'),
 IPv4Network('149.159.0.0/16'),
 IPv4Network('149.160.0.0/14'),
 IPv4Network('156.56.0.0/16'),
 IPv4Network('172.16.0.0/12'),
 IPv4Network('192.168.0.0/24'),
 IPv6Network('::/128'),
 IPv4Network('10.0.0.0/16'),
 IPv4Network('10.1.0.0/16'),
 IPv4Network('10.2.0.0/16'),
 IPv4Network('10.3.0.0/16'),
 IPv4Network('10.4.0.0/16'),
 IPv4Network('10.5.0.0/16'),
 IPv4Network('10.6.0.0/16'),
 IPv4Network('10.7.0.0/16'),
 IPv4Network('10.8.0.0/16'),
 IPv4Network('10.9.0.0/16'),
 IPv4Network('10.10.0.0/16'),
 IPv4Network('10.11.0.0/16'),
 IPv4Network('10.12.0.0/16'),
 IPv4Network('10.13.0.0/16'),
 IPv4Network('10.14.0.0/16'),
 IPv4Network('10.15.0.0/16'),
 IPv4Network('10.16.0.0/16'),
 IPv4Network('10.17.0.0/16'),
 IPv4Network('10.18.0.0/16'),
 IPv4Network('10.19.0.0/16'),
 IPv4Network('10.20.0.0/16'),
 IPv4Network('10.21.0.0/16'),
 IPv4Network('10.22.0.0/16'),
 IPv4Network('10.23.0.0/16'),
 IPv4Network('10.24.0.0/16'),
 IPv4Network('10.25.0.0/16'),
 IPv4Network('10.26.0.0/16'),
 IPv4Network('10.27.0.0/16'),
 IPv4Network('10.28.0.0/16'),
 IPv4Network('10.29.0.0/16'),
 IPv4Network('10.30.0.0/16'),
 IPv4Network('10.31.0.0/16'),
 IPv4Network('10.32.0.0/16'),
 IPv4Network('10.33.0.0/16'),
 IPv4Network('10.34.0.0/16'),
 IPv4Network('10.35.0.0/16'),
 IPv4Network('10.36.0.0/16'),
 IPv4Network('10.37.0.0/16'),
 IPv4Network('10.38.0.0/16'),
 IPv4Network('10.39.0.0/16'),
 IPv4Network('10.40.0.0/16'),
 IPv4Network('10.41.0.0/16'),
 IPv4Network('10.42.0.0/16'),
 IPv4Network('10.43.0.0/16'),
 IPv4Network('10.44.0.0/16'),
 IPv4Network('10.45.0.0/16'),
 IPv4Network('10.46.0.0/16'),
 IPv4Network('10.47.0.0/16'),
 IPv4Network('10.48.0.0/16'),
 IPv4Network('10.49.0.0/16'),
 IPv4Network('10.50.0.0/16'),
 IPv4Network('10.51.0.0/16'),
 IPv4Network('10.52.0.0/16'),
 IPv4Network('10.53.0.0/16'),
 IPv4Network('10.54.0.0/16'),
 IPv4Network('10.55.0.0/16')]
[IPv4Network('10.0.0.0/8'),
 IPv4Network('129.79.0.0/16'),
 IPv4Network('134.68.0.0/16'),
 IPv4Network('140.182.0.0/16'),
 IPv4Network('149.159.0.0/16'),
 IPv4Network('149.160.0.0/14'),
 IPv4Network('156.56.0.0/16'),
 IPv4Network('172.16.0.0/12'),
 IPv4Network('192.168.0.0/24'),
 IPv6Network('::/128'),
 IPv4Network('10.0.0.0/16'),
 IPv4Network('10.1.0.0/16'),
 IPv4Network('10.2.0.0/16'),
 IPv4Network('10.3.0.0/16'),
 IPv4Network('10.4.0.0/16'),
 IPv4Network('10.5.0.0/16'),
 IPv4Network('10.6.0.0/16'),
 IPv4Network('10.7.0.0/16'),
 IPv4Network('10.8.0.0/16'),
 IPv4Network('10.9.0.0/16'),
 IPv4Network('10.10.0.0/16'),
 IPv4Network('10.11.0.0/16'),
 IPv4Network('10.12.0.0/16'),
 IPv4Network('10.13.0.0/16'),
 IPv4Network('10.14.0.0/16'),
 IPv4Network('10.15.0.0/16'),
 IPv4Network('10.16.0.0/16'),
 IPv4Network('10.17.0.0/16'),
 IPv4Network('10.18.0.0/16'),
 IPv4Network('10.19.0.0/16'),
 IPv4Network('10.20.0.0/16'),
 IPv4Network('10.21.0.0/16'),
 IPv4Network('10.22.0.0/16'),
 IPv4Network('10.23.0.0/16'),
 IPv4Network('10.24.0.0/16'),
 IPv4Network('10.25.0.0/16'),
 IPv4Network('10.26.0.0/16'),
 IPv4Network('10.27.0.0/16'),
 IPv4Network('10.28.0.0/16'),
 IPv4Network('10.29.0.0/16'),
 IPv4Network('10.30.0.0/16'),
 IPv4Network('10.31.0.0/16'),
 IPv4Network('10.32.0.0/16'),
 IPv4Network('10.33.0.0/16'),
 IPv4Network('10.34.0.0/16'),
 IPv4Network('10.35.0.0/16'),
 IPv4Network('10.36.0.0/16'),
 IPv4Network('10.37.0.0/16'),
 IPv4Network('10.38.0.0/16'),
 IPv4Network('10.39.0.0/16'),
 IPv4Network('10.40.0.0/16'),
 IPv4Network('10.41.0.0/16'),
 IPv4Network('10.42.0.0/16'),
 IPv4Network('10.43.0.0/16'),
 IPv4Network('10.44.0.0/16'),
 IPv4Network('10.45.0.0/16'),
 IPv4Network('10.46.0.0/16'),
 IPv4Network('10.47.0.0/16'),
 IPv4Network('10.48.0.0/16'),
 IPv4Network('10.49.0.0/16'),
 IPv4Network('10.50.0.0/16'),
 IPv4Network('10.51.0.0/16'),
 IPv4Network('10.52.0.0/16'),
 IPv4Network('10.53.0.0/16'),
 IPv4Network('10.54.0.0/16'),
 IPv4Network('10.55.0.0/16'),
 IPv4Network('10.56.0.0/16'),
 IPv4Network('10.57.0.0/16')]
[IPv4Network('10.0.0.0/8'),
 IPv4Network('129.79.0.0/16'),
 IPv4Network('134.68.0.0/16'),
 IPv4Network('140.182.0.0/16'),
 IPv4Network('149.159.0.0/16'),
 IPv4Network('149.160.0.0/14'),
 IPv4Network('156.56.0.0/16'),
 IPv4Network('172.16.0.0/12'),
 IPv4Network('192.168.0.0/24'),
 IPv6Network('::/128'),
 IPv4Network('10.0.0.0/16'),
 IPv4Network('10.1.0.0/16'),
 IPv4Network('10.2.0.0/16'),
 IPv4Network('10.3.0.0/16'),
 IPv4Network('10.4.0.0/16'),
 IPv4Network('10.5.0.0/16'),
 IPv4Network('10.6.0.0/16'),
 IPv4Network('10.7.0.0/16'),
 IPv4Network('10.8.0.0/16'),
 IPv4Network('10.9.0.0/16'),
 IPv4Network('10.10.0.0/16'),
 IPv4Network('10.11.0.0/16'),
 IPv4Network('10.12.0.0/16'),
 IPv4Network('10.13.0.0/16'),
 IPv4Network('10.14.0.0/16'),
 IPv4Network('10.15.0.0/16'),
 IPv4Network('10.16.0.0/16'),
 IPv4Network('10.17.0.0/16'),
 IPv4Network('10.18.0.0/16'),
 IPv4Network('10.19.0.0/16'),
 IPv4Network('10.20.0.0/16'),
 IPv4Network('10.21.0.0/16'),
 IPv4Network('10.22.0.0/16'),
 IPv4Network('10.23.0.0/16'),
 IPv4Network('10.24.0.0/16'),
 IPv4Network('10.25.0.0/16'),
 IPv4Network('10.26.0.0/16'),
 IPv4Network('10.27.0.0/16'),
 IPv4Network('10.28.0.0/16'),
 IPv4Network('10.29.0.0/16'),
 IPv4Network('10.30.0.0/16'),
 IPv4Network('10.31.0.0/16'),
 IPv4Network('10.32.0.0/16'),
 IPv4Network('10.33.0.0/16'),
 IPv4Network('10.34.0.0/16'),
 IPv4Network('10.35.0.0/16'),
 IPv4Network('10.36.0.0/16'),
 IPv4Network('10.37.0.0/16'),
 IPv4Network('10.38.0.0/16'),
 IPv4Network('10.39.0.0/16'),
 IPv4Network('10.40.0.0/16'),
 IPv4Network('10.41.0.0/16'),
 IPv4Network('10.42.0.0/16'),
 IPv4Network('10.43.0.0/16'),
 IPv4Network('10.44.0.0/16'),
 IPv4Network('10.45.0.0/16'),
 IPv4Network('10.46.0.0/16'),
 IPv4Network('10.47.0.0/16'),
 IPv4Network('10.48.0.0/16'),
 IPv4Network('10.49.0.0/16'),
 IPv4Network('10.50.0.0/16'),
 IPv4Network('10.51.0.0/16'),
 IPv4Network('10.52.0.0/16'),
 IPv4Network('10.53.0.0/16'),
 IPv4Network('10.54.0.0/16'),
 IPv4Network('10.55.0.0/16'),
 IPv4Network('10.56.0.0/16'),
 IPv4Network('10.57.0.0/16'),
 IPv4Network('10.58.0.0/16'),
 IPv4Network('10.59.0.0/16')]
[IPv4Network('10.0.0.0/8'),
 IPv4Network('129.79.0.0/16'),
 IPv4Network('134.68.0.0/16'),
 IPv4Network('140.182.0.0/16'),
 IPv4Network('149.159.0.0/16'),
 IPv4Network('149.160.0.0/14'),
 IPv4Network('156.56.0.0/16'),
 IPv4Network('172.16.0.0/12'),
 IPv4Network('192.168.0.0/24'),
 IPv6Network('::/128'),
 IPv4Network('10.0.0.0/16'),
 IPv4Network('10.1.0.0/16'),
 IPv4Network('10.2.0.0/16'),
 IPv4Network('10.3.0.0/16'),
 IPv4Network('10.4.0.0/16'),
 IPv4Network('10.5.0.0/16'),
 IPv4Network('10.6.0.0/16'),
 IPv4Network('10.7.0.0/16'),
 IPv4Network('10.8.0.0/16'),
 IPv4Network('10.9.0.0/16'),
 IPv4Network('10.10.0.0/16'),
 IPv4Network('10.11.0.0/16'),
 IPv4Network('10.12.0.0/16'),
 IPv4Network('10.13.0.0/16'),
 IPv4Network('10.14.0.0/16'),
 IPv4Network('10.15.0.0/16'),
 IPv4Network('10.16.0.0/16'),
 IPv4Network('10.17.0.0/16'),
 IPv4Network('10.18.0.0/16'),
 IPv4Network('10.19.0.0/16'),
 IPv4Network('10.20.0.0/16'),
 IPv4Network('10.21.0.0/16'),
 IPv4Network('10.22.0.0/16'),
 IPv4Network('10.23.0.0/16'),
 IPv4Network('10.24.0.0/16'),
 IPv4Network('10.25.0.0/16'),
 IPv4Network('10.26.0.0/16'),
 IPv4Network('10.27.0.0/16'),
 IPv4Network('10.28.0.0/16'),
 IPv4Network('10.29.0.0/16'),
 IPv4Network('10.30.0.0/16'),
 IPv4Network('10.31.0.0/16'),
 IPv4Network('10.32.0.0/16'),
 IPv4Network('10.33.0.0/16'),
 IPv4Network('10.34.0.0/16'),
 IPv4Network('10.35.0.0/16'),
 IPv4Network('10.36.0.0/16'),
 IPv4Network('10.37.0.0/16'),
 IPv4Network('10.38.0.0/16'),
 IPv4Network('10.39.0.0/16'),
 IPv4Network('10.40.0.0/16'),
 IPv4Network('10.41.0.0/16'),
 IPv4Network('10.42.0.0/16'),
 IPv4Network('10.43.0.0/16'),
 IPv4Network('10.44.0.0/16'),
 IPv4Network('10.45.0.0/16'),
 IPv4Network('10.46.0.0/16'),
 IPv4Network('10.47.0.0/16'),
 IPv4Network('10.48.0.0/16'),
 IPv4Network('10.49.0.0/16'),
 IPv4Network('10.50.0.0/16'),
 IPv4Network('10.51.0.0/16'),
 IPv4Network('10.52.0.0/16'),
 IPv4Network('10.53.0.0/16'),
 IPv4Network('10.54.0.0/16'),
 IPv4Network('10.55.0.0/16'),
 IPv4Network('10.56.0.0/16'),
 IPv4Network('10.57.0.0/16'),
 IPv4Network('10.58.0.0/16'),
 IPv4Network('10.59.0.0/16')]
[IPv4Network('10.0.0.0/8'),
 IPv4Network('129.79.0.0/16'),
 IPv4Network('134.68.0.0/16'),
 IPv4Network('140.182.0.0/16'),
 IPv4Network('149.159.0.0/16'),
 IPv4Network('149.160.0.0/14'),
 IPv4Network('156.56.0.0/16'),
 IPv4Network('172.16.0.0/12'),
 IPv4Network('192.168.0.0/24'),
 IPv6Network('::/128'),
 IPv4Network('10.0.0.0/16'),
 IPv4Network('10.1.0.0/16'),
 IPv4Network('10.2.0.0/16'),
 IPv4Network('10.3.0.0/16'),
 IPv4Network('10.4.0.0/16'),
 IPv4Network('10.5.0.0/16'),
 IPv4Network('10.6.0.0/16'),
 IPv4Network('10.7.0.0/16'),
 IPv4Network('10.8.0.0/16'),
 IPv4Network('10.9.0.0/16'),
 IPv4Network('10.10.0.0/16'),
 IPv4Network('10.11.0.0/16'),
 IPv4Network('10.12.0.0/16'),
 IPv4Network('10.13.0.0/16'),
 IPv4Network('10.14.0.0/16'),
 IPv4Network('10.15.0.0/16'),
 IPv4Network('10.16.0.0/16'),
 IPv4Network('10.17.0.0/16'),
 IPv4Network('10.18.0.0/16'),
 IPv4Network('10.19.0.0/16'),
 IPv4Network('10.20.0.0/16'),
 IPv4Network('10.21.0.0/16'),
 IPv4Network('10.22.0.0/16'),
 IPv4Network('10.23.0.0/16'),
 IPv4Network('10.24.0.0/16'),
 IPv4Network('10.25.0.0/16'),
 IPv4Network('10.26.0.0/16'),
 IPv4Network('10.27.0.0/16'),
 IPv4Network('10.28.0.0/16'),
 IPv4Network('10.29.0.0/16'),
 IPv4Network('10.30.0.0/16'),
 IPv4Network('10.31.0.0/16'),
 IPv4Network('10.32.0.0/16'),
 IPv4Network('10.33.0.0/16'),
 IPv4Network('10.34.0.0/16'),
 IPv4Network('10.35.0.0/16'),
 IPv4Network('10.36.0.0/16'),
 IPv4Network('10.37.0.0/16'),
 IPv4Network('10.38.0.0/16'),
 IPv4Network('10.39.0.0/16'),
 IPv4Network('10.40.0.0/16'),
 IPv4Network('10.41.0.0/16'),
 IPv4Network('10.42.0.0/16'),
 IPv4Network('10.43.0.0/16'),
 IPv4Network('10.44.0.0/16'),
 IPv4Network('10.45.0.0/16'),
 IPv4Network('10.46.0.0/16'),
 IPv4Network('10.47.0.0/16'),
 IPv4Network('10.48.0.0/16'),
 IPv4Network('10.49.0.0/16'),
 IPv4Network('10.50.0.0/16'),
 IPv4Network('10.51.0.0/16'),
 IPv4Network('10.52.0.0/16'),
 IPv4Network('10.53.0.0/16'),
 IPv4Network('10.54.0.0/16'),
 IPv4Network('10.55.0.0/16'),
 IPv4Network('10.56.0.0/16'),
 IPv4Network('10.57.0.0/16'),
 IPv4Network('10.58.0.0/16'),
 IPv4Network('10.59.0.0/16'),
 IPv4Network('10.60.0.0/16'),
 IPv4Network('10.61.0.0/16')]
[IPv4Network('10.0.0.0/8'),
 IPv4Network('129.79.0.0/16'),
 IPv4Network('134.68.0.0/16'),
 IPv4Network('140.182.0.0/16'),
 IPv4Network('149.159.0.0/16'),
 IPv4Network('149.160.0.0/14'),
 IPv4Network('156.56.0.0/16'),
 IPv4Network('172.16.0.0/12'),
 IPv4Network('192.168.0.0/24'),
 IPv6Network('::/128'),
 IPv4Network('10.0.0.0/16'),
 IPv4Network('10.1.0.0/16'),
 IPv4Network('10.2.0.0/16'),
 IPv4Network('10.3.0.0/16'),
 IPv4Network('10.4.0.0/16'),
 IPv4Network('10.5.0.0/16'),
 IPv4Network('10.6.0.0/16'),
 IPv4Network('10.7.0.0/16'),
 IPv4Network('10.8.0.0/16'),
 IPv4Network('10.9.0.0/16'),
 IPv4Network('10.10.0.0/16'),
 IPv4Network('10.11.0.0/16'),
 IPv4Network('10.12.0.0/16'),
 IPv4Network('10.13.0.0/16'),
 IPv4Network('10.14.0.0/16'),
 IPv4Network('10.15.0.0/16'),
 IPv4Network('10.16.0.0/16'),
 IPv4Network('10.17.0.0/16'),
 IPv4Network('10.18.0.0/16'),
 IPv4Network('10.19.0.0/16'),
 IPv4Network('10.20.0.0/16'),
 IPv4Network('10.21.0.0/16'),
 IPv4Network('10.22.0.0/16'),
 IPv4Network('10.23.0.0/16'),
 IPv4Network('10.24.0.0/16'),
 IPv4Network('10.25.0.0/16'),
 IPv4Network('10.26.0.0/16'),
 IPv4Network('10.27.0.0/16'),
 IPv4Network('10.28.0.0/16'),
 IPv4Network('10.29.0.0/16'),
 IPv4Network('10.30.0.0/16'),
 IPv4Network('10.31.0.0/16'),
 IPv4Network('10.32.0.0/16'),
 IPv4Network('10.33.0.0/16'),
 IPv4Network('10.34.0.0/16'),
 IPv4Network('10.35.0.0/16'),
 IPv4Network('10.36.0.0/16'),
 IPv4Network('10.37.0.0/16'),
 IPv4Network('10.38.0.0/16'),
 IPv4Network('10.39.0.0/16'),
 IPv4Network('10.40.0.0/16'),
 IPv4Network('10.41.0.0/16'),
 IPv4Network('10.42.0.0/16'),
 IPv4Network('10.43.0.0/16'),
 IPv4Network('10.44.0.0/16'),
 IPv4Network('10.45.0.0/16'),
 IPv4Network('10.46.0.0/16'),
 IPv4Network('10.47.0.0/16'),
 IPv4Network('10.48.0.0/16'),
 IPv4Network('10.49.0.0/16'),
 IPv4Network('10.50.0.0/16'),
 IPv4Network('10.51.0.0/16'),
 IPv4Network('10.52.0.0/16'),
 IPv4Network('10.53.0.0/16'),
 IPv4Network('10.54.0.0/16'),
 IPv4Network('10.55.0.0/16'),
 IPv4Network('10.56.0.0/16'),
 IPv4Network('10.57.0.0/16'),
 IPv4Network('10.58.0.0/16'),
 IPv4Network('10.59.0.0/16'),
 IPv4Network('10.60.0.0/16'),
 IPv4Network('10.61.0.0/16'),
 IPv4Network('10.62.0.0/16'),
 IPv4Network('10.63.0.0/16')]
[IPv4Network('10.0.0.0/8'),
 IPv4Network('129.79.0.0/16'),
 IPv4Network('134.68.0.0/16'),
 IPv4Network('140.182.0.0/16'),
 IPv4Network('149.159.0.0/16'),
 IPv4Network('149.160.0.0/14'),
 IPv4Network('156.56.0.0/16'),
 IPv4Network('172.16.0.0/12'),
 IPv4Network('192.168.0.0/24'),
 IPv6Network('::/128'),
 IPv4Network('10.0.0.0/16'),
 IPv4Network('10.1.0.0/16'),
 IPv4Network('10.2.0.0/16'),
 IPv4Network('10.3.0.0/16'),
 IPv4Network('10.4.0.0/16'),
 IPv4Network('10.5.0.0/16'),
 IPv4Network('10.6.0.0/16'),
 IPv4Network('10.7.0.0/16'),
 IPv4Network('10.8.0.0/16'),
 IPv4Network('10.9.0.0/16'),
 IPv4Network('10.10.0.0/16'),
 IPv4Network('10.11.0.0/16'),
 IPv4Network('10.12.0.0/16'),
 IPv4Network('10.13.0.0/16'),
 IPv4Network('10.14.0.0/16'),
 IPv4Network('10.15.0.0/16'),
 IPv4Network('10.16.0.0/16'),
 IPv4Network('10.17.0.0/16'),
 IPv4Network('10.18.0.0/16'),
 IPv4Network('10.19.0.0/16'),
 IPv4Network('10.20.0.0/16'),
 IPv4Network('10.21.0.0/16'),
 IPv4Network('10.22.0.0/16'),
 IPv4Network('10.23.0.0/16'),
 IPv4Network('10.24.0.0/16'),
 IPv4Network('10.25.0.0/16'),
 IPv4Network('10.26.0.0/16'),
 IPv4Network('10.27.0.0/16'),
 IPv4Network('10.28.0.0/16'),
 IPv4Network('10.29.0.0/16'),
 IPv4Network('10.30.0.0/16'),
 IPv4Network('10.31.0.0/16'),
 IPv4Network('10.32.0.0/16'),
 IPv4Network('10.33.0.0/16'),
 IPv4Network('10.34.0.0/16'),
 IPv4Network('10.35.0.0/16'),
 IPv4Network('10.36.0.0/16'),
 IPv4Network('10.37.0.0/16'),
 IPv4Network('10.38.0.0/16'),
 IPv4Network('10.39.0.0/16'),
 IPv4Network('10.40.0.0/16'),
 IPv4Network('10.41.0.0/16'),
 IPv4Network('10.42.0.0/16'),
 IPv4Network('10.43.0.0/16'),
 IPv4Network('10.44.0.0/16'),
 IPv4Network('10.45.0.0/16'),
 IPv4Network('10.46.0.0/16'),
 IPv4Network('10.47.0.0/16'),
 IPv4Network('10.48.0.0/16'),
 IPv4Network('10.49.0.0/16'),
 IPv4Network('10.50.0.0/16'),
 IPv4Network('10.51.0.0/16'),
 IPv4Network('10.52.0.0/16'),
 IPv4Network('10.53.0.0/16'),
 IPv4Network('10.54.0.0/16'),
 IPv4Network('10.55.0.0/16'),
 IPv4Network('10.56.0.0/16'),
 IPv4Network('10.57.0.0/16'),
 IPv4Network('10.58.0.0/16'),
 IPv4Network('10.59.0.0/16'),
 IPv4Network('10.60.0.0/16'),
 IPv4Network('10.61.0.0/16'),
 IPv4Network('10.62.0.0/16'),
 IPv4Network('10.63.0.0/16')]
[IPv4Network('10.0.0.0/8'),
 IPv4Network('129.79.0.0/16'),
 IPv4Network('134.68.0.0/16'),
 IPv4Network('140.182.0.0/16'),
 IPv4Network('149.159.0.0/16'),
 IPv4Network('149.160.0.0/14'),
 IPv4Network('156.56.0.0/16'),
 IPv4Network('172.16.0.0/12'),
 IPv4Network('192.168.0.0/24'),
 IPv6Network('::/128'),
 IPv4Network('10.0.0.0/16'),
 IPv4Network('10.1.0.0/16'),
 IPv4Network('10.2.0.0/16'),
 IPv4Network('10.3.0.0/16'),
 IPv4Network('10.4.0.0/16'),
 IPv4Network('10.5.0.0/16'),
 IPv4Network('10.6.0.0/16'),
 IPv4Network('10.7.0.0/16'),
 IPv4Network('10.8.0.0/16'),
 IPv4Network('10.9.0.0/16'),
 IPv4Network('10.10.0.0/16'),
 IPv4Network('10.11.0.0/16'),
 IPv4Network('10.12.0.0/16'),
 IPv4Network('10.13.0.0/16'),
 IPv4Network('10.14.0.0/16'),
 IPv4Network('10.15.0.0/16'),
 IPv4Network('10.16.0.0/16'),
 IPv4Network('10.17.0.0/16'),
 IPv4Network('10.18.0.0/16'),
 IPv4Network('10.19.0.0/16'),
 IPv4Network('10.20.0.0/16'),
 IPv4Network('10.21.0.0/16'),
 IPv4Network('10.22.0.0/16'),
 IPv4Network('10.23.0.0/16'),
 IPv4Network('10.24.0.0/16'),
 IPv4Network('10.25.0.0/16'),
 IPv4Network('10.26.0.0/16'),
 IPv4Network('10.27.0.0/16'),
 IPv4Network('10.28.0.0/16'),
 IPv4Network('10.29.0.0/16'),
 IPv4Network('10.30.0.0/16'),
 IPv4Network('10.31.0.0/16'),
 IPv4Network('10.32.0.0/16'),
 IPv4Network('10.33.0.0/16'),
 IPv4Network('10.34.0.0/16'),
 IPv4Network('10.35.0.0/16'),
 IPv4Network('10.36.0.0/16'),
 IPv4Network('10.37.0.0/16'),
 IPv4Network('10.38.0.0/16'),
 IPv4Network('10.39.0.0/16'),
 IPv4Network('10.40.0.0/16'),
 IPv4Network('10.41.0.0/16'),
 IPv4Network('10.42.0.0/16'),
 IPv4Network('10.43.0.0/16'),
 IPv4Network('10.44.0.0/16'),
 IPv4Network('10.45.0.0/16'),
 IPv4Network('10.46.0.0/16'),
 IPv4Network('10.47.0.0/16'),
 IPv4Network('10.48.0.0/16'),
 IPv4Network('10.49.0.0/16'),
 IPv4Network('10.50.0.0/16'),
 IPv4Network('10.51.0.0/16'),
 IPv4Network('10.52.0.0/16'),
 IPv4Network('10.53.0.0/16'),
 IPv4Network('10.54.0.0/16'),
 IPv4Network('10.55.0.0/16'),
 IPv4Network('10.56.0.0/16'),
 IPv4Network('10.57.0.0/16'),
 IPv4Network('10.58.0.0/16'),
 IPv4Network('10.59.0.0/16'),
 IPv4Network('10.60.0.0/16'),
 IPv4Network('10.61.0.0/16'),
 IPv4Network('10.62.0.0/16'),
 IPv4Network('10.63.0.0/16')]
[IPv4Network('10.0.0.0/8'),
 IPv4Network('129.79.0.0/16'),
 IPv4Network('134.68.0.0/16'),
 IPv4Network('140.182.0.0/16'),
 IPv4Network('149.159.0.0/16'),
 IPv4Network('149.160.0.0/14'),
 IPv4Network('156.56.0.0/16'),
 IPv4Network('172.16.0.0/12'),
 IPv4Network('192.168.0.0/24'),
 IPv6Network('::/128'),
 IPv4Network('10.0.0.0/16'),
 IPv4Network('10.1.0.0/16'),
 IPv4Network('10.2.0.0/16'),
 IPv4Network('10.3.0.0/16'),
 IPv4Network('10.4.0.0/16'),
 IPv4Network('10.5.0.0/16'),
 IPv4Network('10.6.0.0/16'),
 IPv4Network('10.7.0.0/16'),
 IPv4Network('10.8.0.0/16'),
 IPv4Network('10.9.0.0/16'),
 IPv4Network('10.10.0.0/16'),
 IPv4Network('10.11.0.0/16'),
 IPv4Network('10.12.0.0/16'),
 IPv4Network('10.13.0.0/16'),
 IPv4Network('10.14.0.0/16'),
 IPv4Network('10.15.0.0/16'),
 IPv4Network('10.16.0.0/16'),
 IPv4Network('10.17.0.0/16'),
 IPv4Network('10.18.0.0/16'),
 IPv4Network('10.19.0.0/16'),
 IPv4Network('10.20.0.0/16'),
 IPv4Network('10.21.0.0/16'),
 IPv4Network('10.22.0.0/16'),
 IPv4Network('10.23.0.0/16'),
 IPv4Network('10.24.0.0/16'),
 IPv4Network('10.25.0.0/16'),
 IPv4Network('10.26.0.0/16'),
 IPv4Network('10.27.0.0/16'),
 IPv4Network('10.28.0.0/16'),
 IPv4Network('10.29.0.0/16'),
 IPv4Network('10.30.0.0/16'),
 IPv4Network('10.31.0.0/16'),
 IPv4Network('10.32.0.0/16'),
 IPv4Network('10.33.0.0/16'),
 IPv4Network('10.34.0.0/16'),
 IPv4Network('10.35.0.0/16'),
 IPv4Network('10.36.0.0/16'),
 IPv4Network('10.37.0.0/16'),
 IPv4Network('10.38.0.0/16'),
 IPv4Network('10.39.0.0/16'),
 IPv4Network('10.40.0.0/16'),
 IPv4Network('10.41.0.0/16'),
 IPv4Network('10.42.0.0/16'),
 IPv4Network('10.43.0.0/16'),
 IPv4Network('10.44.0.0/16'),
 IPv4Network('10.45.0.0/16'),
 IPv4Network('10.46.0.0/16'),
 IPv4Network('10.47.0.0/16'),
 IPv4Network('10.48.0.0/16'),
 IPv4Network('10.49.0.0/16'),
 IPv4Network('10.50.0.0/16'),
 IPv4Network('10.51.0.0/16'),
 IPv4Network('10.52.0.0/16'),
 IPv4Network('10.53.0.0/16'),
 IPv4Network('10.54.0.0/16'),
 IPv4Network('10.55.0.0/16'),
 IPv4Network('10.56.0.0/16'),
 IPv4Network('10.57.0.0/16'),
 IPv4Network('10.58.0.0/16'),
 IPv4Network('10.59.0.0/16'),
 IPv4Network('10.60.0.0/16'),
 IPv4Network('10.61.0.0/16'),
 IPv4Network('10.62.0.0/16'),
 IPv4Network('10.63.0.0/16')]
[IPv4Network('10.0.0.0/8'),
 IPv4Network('129.79.0.0/16'),
 IPv4Network('134.68.0.0/16'),
 IPv4Network('140.182.0.0/16'),
 IPv4Network('149.159.0.0/16'),
 IPv4Network('149.160.0.0/14'),
 IPv4Network('156.56.0.0/16'),
 IPv4Network('172.16.0.0/12'),
 IPv4Network('192.168.0.0/24'),
 IPv6Network('::/128'),
 IPv4Network('10.0.0.0/16'),
 IPv4Network('10.1.0.0/16'),
 IPv4Network('10.2.0.0/16'),
 IPv4Network('10.3.0.0/16'),
 IPv4Network('10.4.0.0/16'),
 IPv4Network('10.5.0.0/16'),
 IPv4Network('10.6.0.0/16'),
 IPv4Network('10.7.0.0/16'),
 IPv4Network('10.8.0.0/16'),
 IPv4Network('10.9.0.0/16'),
 IPv4Network('10.10.0.0/16'),
 IPv4Network('10.11.0.0/16'),
 IPv4Network('10.12.0.0/16'),
 IPv4Network('10.13.0.0/16'),
 IPv4Network('10.14.0.0/16'),
 IPv4Network('10.15.0.0/16'),
 IPv4Network('10.16.0.0/16'),
 IPv4Network('10.17.0.0/16'),
 IPv4Network('10.18.0.0/16'),
 IPv4Network('10.19.0.0/16'),
 IPv4Network('10.20.0.0/16'),
 IPv4Network('10.21.0.0/16'),
 IPv4Network('10.22.0.0/16'),
 IPv4Network('10.23.0.0/16'),
 IPv4Network('10.24.0.0/16'),
 IPv4Network('10.25.0.0/16'),
 IPv4Network('10.26.0.0/16'),
 IPv4Network('10.27.0.0/16'),
 IPv4Network('10.28.0.0/16'),
 IPv4Network('10.29.0.0/16'),
 IPv4Network('10.30.0.0/16'),
 IPv4Network('10.31.0.0/16'),
 IPv4Network('10.32.0.0/16'),
 IPv4Network('10.33.0.0/16'),
 IPv4Network('10.34.0.0/16'),
 IPv4Network('10.35.0.0/16'),
 IPv4Network('10.36.0.0/16'),
 IPv4Network('10.37.0.0/16'),
 IPv4Network('10.38.0.0/16'),
 IPv4Network('10.39.0.0/16'),
 IPv4Network('10.40.0.0/16'),
 IPv4Network('10.41.0.0/16'),
 IPv4Network('10.42.0.0/16'),
 IPv4Network('10.43.0.0/16'),
 IPv4Network('10.44.0.0/16'),
 IPv4Network('10.45.0.0/16'),
 IPv4Network('10.46.0.0/16'),
 IPv4Network('10.47.0.0/16'),
 IPv4Network('10.48.0.0/16'),
 IPv4Network('10.49.0.0/16'),
 IPv4Network('10.50.0.0/16'),
 IPv4Network('10.51.0.0/16'),
 IPv4Network('10.52.0.0/16'),
 IPv4Network('10.53.0.0/16'),
 IPv4Network('10.54.0.0/16'),
 IPv4Network('10.55.0.0/16'),
 IPv4Network('10.56.0.0/16'),
 IPv4Network('10.57.0.0/16'),
 IPv4Network('10.58.0.0/16'),
 IPv4Network('10.59.0.0/16'),
 IPv4Network('10.60.0.0/16'),
 IPv4Network('10.61.0.0/16'),
 IPv4Network('10.62.0.0/16'),
 IPv4Network('10.63.0.0/16')]
[IPv4Network('10.0.0.0/8'),
 IPv4Network('129.79.0.0/16'),
 IPv4Network('134.68.0.0/16'),
 IPv4Network('140.182.0.0/16'),
 IPv4Network('149.159.0.0/16'),
 IPv4Network('149.160.0.0/14'),
 IPv4Network('156.56.0.0/16'),
 IPv4Network('172.16.0.0/12'),
 IPv4Network('192.168.0.0/24'),
 IPv6Network('::/128'),
 IPv4Network('10.0.0.0/16'),
 IPv4Network('10.1.0.0/16'),
 IPv4Network('10.2.0.0/16'),
 IPv4Network('10.3.0.0/16'),
 IPv4Network('10.4.0.0/16'),
 IPv4Network('10.5.0.0/16'),
 IPv4Network('10.6.0.0/16'),
 IPv4Network('10.7.0.0/16'),
 IPv4Network('10.8.0.0/16'),
 IPv4Network('10.9.0.0/16'),
 IPv4Network('10.10.0.0/16'),
 IPv4Network('10.11.0.0/16'),
 IPv4Network('10.12.0.0/16'),
 IPv4Network('10.13.0.0/16'),
 IPv4Network('10.14.0.0/16'),
 IPv4Network('10.15.0.0/16'),
 IPv4Network('10.16.0.0/16'),
 IPv4Network('10.17.0.0/16'),
 IPv4Network('10.18.0.0/16'),
 IPv4Network('10.19.0.0/16'),
 IPv4Network('10.20.0.0/16'),
 IPv4Network('10.21.0.0/16'),
 IPv4Network('10.22.0.0/16'),
 IPv4Network('10.23.0.0/16'),
 IPv4Network('10.24.0.0/16'),
 IPv4Network('10.25.0.0/16'),
 IPv4Network('10.26.0.0/16'),
 IPv4Network('10.27.0.0/16'),
 IPv4Network('10.28.0.0/16'),
 IPv4Network('10.29.0.0/16'),
 IPv4Network('10.30.0.0/16'),
 IPv4Network('10.31.0.0/16'),
 IPv4Network('10.32.0.0/16'),
 IPv4Network('10.33.0.0/16'),
 IPv4Network('10.34.0.0/16'),
 IPv4Network('10.35.0.0/16'),
 IPv4Network('10.36.0.0/16'),
 IPv4Network('10.37.0.0/16'),
 IPv4Network('10.38.0.0/16'),
 IPv4Network('10.39.0.0/16'),
 IPv4Network('10.40.0.0/16'),
 IPv4Network('10.41.0.0/16'),
 IPv4Network('10.42.0.0/16'),
 IPv4Network('10.43.0.0/16'),
 IPv4Network('10.44.0.0/16'),
 IPv4Network('10.45.0.0/16'),
 IPv4Network('10.46.0.0/16'),
 IPv4Network('10.47.0.0/16'),
 IPv4Network('10.48.0.0/16'),
 IPv4Network('10.49.0.0/16'),
 IPv4Network('10.50.0.0/16'),
 IPv4Network('10.51.0.0/16'),
 IPv4Network('10.52.0.0/16'),
 IPv4Network('10.53.0.0/16'),
 IPv4Network('10.54.0.0/16'),
 IPv4Network('10.55.0.0/16'),
 IPv4Network('10.56.0.0/16'),
 IPv4Network('10.57.0.0/16'),
 IPv4Network('10.58.0.0/16'),
 IPv4Network('10.59.0.0/16'),
 IPv4Network('10.60.0.0/16'),
 IPv4Network('10.61.0.0/16'),
 IPv4Network('10.62.0.0/16'),
 IPv4Network('10.63.0.0/16')]
[IPv4Network('10.0.0.0/8'),
 IPv4Network('129.79.0.0/16'),
 IPv4Network('134.68.0.0/16'),
 IPv4Network('140.182.0.0/16'),
 IPv4Network('149.159.0.0/16'),
 IPv4Network('149.160.0.0/14'),
 IPv4Network('156.56.0.0/16'),
 IPv4Network('172.16.0.0/12'),
 IPv4Network('192.168.0.0/24'),
 IPv6Network('::/128'),
 IPv4Network('10.0.0.0/16'),
 IPv4Network('10.1.0.0/16'),
 IPv4Network('10.2.0.0/16'),
 IPv4Network('10.3.0.0/16'),
 IPv4Network('10.4.0.0/16'),
 IPv4Network('10.5.0.0/16'),
 IPv4Network('10.6.0.0/16'),
 IPv4Network('10.7.0.0/16'),
 IPv4Network('10.8.0.0/16'),
 IPv4Network('10.9.0.0/16'),
 IPv4Network('10.10.0.0/16'),
 IPv4Network('10.11.0.0/16'),
 IPv4Network('10.12.0.0/16'),
 IPv4Network('10.13.0.0/16'),
 IPv4Network('10.14.0.0/16'),
 IPv4Network('10.15.0.0/16'),
 IPv4Network('10.16.0.0/16'),
 IPv4Network('10.17.0.0/16'),
 IPv4Network('10.18.0.0/16'),
 IPv4Network('10.19.0.0/16'),
 IPv4Network('10.20.0.0/16'),
 IPv4Network('10.21.0.0/16'),
 IPv4Network('10.22.0.0/16'),
 IPv4Network('10.23.0.0/16'),
 IPv4Network('10.24.0.0/16'),
 IPv4Network('10.25.0.0/16'),
 IPv4Network('10.26.0.0/16'),
 IPv4Network('10.27.0.0/16'),
 IPv4Network('10.28.0.0/16'),
 IPv4Network('10.29.0.0/16'),
 IPv4Network('10.30.0.0/16'),
 IPv4Network('10.31.0.0/16'),
 IPv4Network('10.32.0.0/16'),
 IPv4Network('10.33.0.0/16'),
 IPv4Network('10.34.0.0/16'),
 IPv4Network('10.35.0.0/16'),
 IPv4Network('10.36.0.0/16'),
 IPv4Network('10.37.0.0/16'),
 IPv4Network('10.38.0.0/16'),
 IPv4Network('10.39.0.0/16'),
 IPv4Network('10.40.0.0/16'),
 IPv4Network('10.41.0.0/16'),
 IPv4Network('10.42.0.0/16'),
 IPv4Network('10.43.0.0/16'),
 IPv4Network('10.44.0.0/16'),
 IPv4Network('10.45.0.0/16'),
 IPv4Network('10.46.0.0/16'),
 IPv4Network('10.47.0.0/16'),
 IPv4Network('10.48.0.0/16'),
 IPv4Network('10.49.0.0/16'),
 IPv4Network('10.50.0.0/16'),
 IPv4Network('10.51.0.0/16'),
 IPv4Network('10.52.0.0/16'),
 IPv4Network('10.53.0.0/16'),
 IPv4Network('10.54.0.0/16'),
 IPv4Network('10.55.0.0/16'),
 IPv4Network('10.56.0.0/16'),
 IPv4Network('10.57.0.0/16'),
 IPv4Network('10.58.0.0/16'),
 IPv4Network('10.59.0.0/16'),
 IPv4Network('10.60.0.0/16'),
 IPv4Network('10.61.0.0/16'),
 IPv4Network('10.62.0.0/16'),
 IPv4Network('10.63.0.0/16'),
 IPv4Network('10.64.0.0/16'),
 IPv4Network('10.65.0.0/16')]
[IPv4Network('10.0.0.0/8'),
 IPv4Network('129.79.0.0/16'),
 IPv4Network('134.68.0.0/16'),
 IPv4Network('140.182.0.0/16'),
 IPv4Network('149.159.0.0/16'),
 IPv4Network('149.160.0.0/14'),
 IPv4Network('156.56.0.0/16'),
 IPv4Network('172.16.0.0/12'),
 IPv4Network('192.168.0.0/24'),
 IPv6Network('::/128'),
 IPv4Network('10.0.0.0/16'),
 IPv4Network('10.1.0.0/16'),
 IPv4Network('10.2.0.0/16'),
 IPv4Network('10.3.0.0/16'),
 IPv4Network('10.4.0.0/16'),
 IPv4Network('10.5.0.0/16'),
 IPv4Network('10.6.0.0/16'),
 IPv4Network('10.7.0.0/16'),
 IPv4Network('10.8.0.0/16'),
 IPv4Network('10.9.0.0/16'),
 IPv4Network('10.10.0.0/16'),
 IPv4Network('10.11.0.0/16'),
 IPv4Network('10.12.0.0/16'),
 IPv4Network('10.13.0.0/16'),
 IPv4Network('10.14.0.0/16'),
 IPv4Network('10.15.0.0/16'),
 IPv4Network('10.16.0.0/16'),
 IPv4Network('10.17.0.0/16'),
 IPv4Network('10.18.0.0/16'),
 IPv4Network('10.19.0.0/16'),
 IPv4Network('10.20.0.0/16'),
 IPv4Network('10.21.0.0/16'),
 IPv4Network('10.22.0.0/16'),
 IPv4Network('10.23.0.0/16'),
 IPv4Network('10.24.0.0/16'),
 IPv4Network('10.25.0.0/16'),
 IPv4Network('10.26.0.0/16'),
 IPv4Network('10.27.0.0/16'),
 IPv4Network('10.28.0.0/16'),
 IPv4Network('10.29.0.0/16'),
 IPv4Network('10.30.0.0/16'),
 IPv4Network('10.31.0.0/16'),
 IPv4Network('10.32.0.0/16'),
 IPv4Network('10.33.0.0/16'),
 IPv4Network('10.34.0.0/16'),
 IPv4Network('10.35.0.0/16'),
 IPv4Network('10.36.0.0/16'),
 IPv4Network('10.37.0.0/16'),
 IPv4Network('10.38.0.0/16'),
 IPv4Network('10.39.0.0/16'),
 IPv4Network('10.40.0.0/16'),
 IPv4Network('10.41.0.0/16'),
 IPv4Network('10.42.0.0/16'),
 IPv4Network('10.43.0.0/16'),
 IPv4Network('10.44.0.0/16'),
 IPv4Network('10.45.0.0/16'),
 IPv4Network('10.46.0.0/16'),
 IPv4Network('10.47.0.0/16'),
 IPv4Network('10.48.0.0/16'),
 IPv4Network('10.49.0.0/16'),
 IPv4Network('10.50.0.0/16'),
 IPv4Network('10.51.0.0/16'),
 IPv4Network('10.52.0.0/16'),
 IPv4Network('10.53.0.0/16'),
 IPv4Network('10.54.0.0/16'),
 IPv4Network('10.55.0.0/16'),
 IPv4Network('10.56.0.0/16'),
 IPv4Network('10.57.0.0/16'),
 IPv4Network('10.58.0.0/16'),
 IPv4Network('10.59.0.0/16'),
 IPv4Network('10.60.0.0/16'),
 IPv4Network('10.61.0.0/16'),
 IPv4Network('10.62.0.0/16'),
 IPv4Network('10.63.0.0/16'),
 IPv4Network('10.64.0.0/16'),
 IPv4Network('10.65.0.0/16'),
 IPv4Network('10.66.0.0/16'),
 IPv4Network('10.67.0.0/16')]
[IPv4Network('10.0.0.0/8'),
 IPv4Network('129.79.0.0/16'),
 IPv4Network('134.68.0.0/16'),
 IPv4Network('140.182.0.0/16'),
 IPv4Network('149.159.0.0/16'),
 IPv4Network('149.160.0.0/14'),
 IPv4Network('156.56.0.0/16'),
 IPv4Network('172.16.0.0/12'),
 IPv4Network('192.168.0.0/24'),
 IPv6Network('::/128'),
 IPv4Network('10.0.0.0/16'),
 IPv4Network('10.1.0.0/16'),
 IPv4Network('10.2.0.0/16'),
 IPv4Network('10.3.0.0/16'),
 IPv4Network('10.4.0.0/16'),
 IPv4Network('10.5.0.0/16'),
 IPv4Network('10.6.0.0/16'),
 IPv4Network('10.7.0.0/16'),
 IPv4Network('10.8.0.0/16'),
 IPv4Network('10.9.0.0/16'),
 IPv4Network('10.10.0.0/16'),
 IPv4Network('10.11.0.0/16'),
 IPv4Network('10.12.0.0/16'),
 IPv4Network('10.13.0.0/16'),
 IPv4Network('10.14.0.0/16'),
 IPv4Network('10.15.0.0/16'),
 IPv4Network('10.16.0.0/16'),
 IPv4Network('10.17.0.0/16'),
 IPv4Network('10.18.0.0/16'),
 IPv4Network('10.19.0.0/16'),
 IPv4Network('10.20.0.0/16'),
 IPv4Network('10.21.0.0/16'),
 IPv4Network('10.22.0.0/16'),
 IPv4Network('10.23.0.0/16'),
 IPv4Network('10.24.0.0/16'),
 IPv4Network('10.25.0.0/16'),
 IPv4Network('10.26.0.0/16'),
 IPv4Network('10.27.0.0/16'),
 IPv4Network('10.28.0.0/16'),
 IPv4Network('10.29.0.0/16'),
 IPv4Network('10.30.0.0/16'),
 IPv4Network('10.31.0.0/16'),
 IPv4Network('10.32.0.0/16'),
 IPv4Network('10.33.0.0/16'),
 IPv4Network('10.34.0.0/16'),
 IPv4Network('10.35.0.0/16'),
 IPv4Network('10.36.0.0/16'),
 IPv4Network('10.37.0.0/16'),
 IPv4Network('10.38.0.0/16'),
 IPv4Network('10.39.0.0/16'),
 IPv4Network('10.40.0.0/16'),
 IPv4Network('10.41.0.0/16'),
 IPv4Network('10.42.0.0/16'),
 IPv4Network('10.43.0.0/16'),
 IPv4Network('10.44.0.0/16'),
 IPv4Network('10.45.0.0/16'),
 IPv4Network('10.46.0.0/16'),
 IPv4Network('10.47.0.0/16'),
 IPv4Network('10.48.0.0/16'),
 IPv4Network('10.49.0.0/16'),
 IPv4Network('10.50.0.0/16'),
 IPv4Network('10.51.0.0/16'),
 IPv4Network('10.52.0.0/16'),
 IPv4Network('10.53.0.0/16'),
 IPv4Network('10.54.0.0/16'),
 IPv4Network('10.55.0.0/16'),
 IPv4Network('10.56.0.0/16'),
 IPv4Network('10.57.0.0/16'),
 IPv4Network('10.58.0.0/16'),
 IPv4Network('10.59.0.0/16'),
 IPv4Network('10.60.0.0/16'),
 IPv4Network('10.61.0.0/16'),
 IPv4Network('10.62.0.0/16'),
 IPv4Network('10.63.0.0/16'),
 IPv4Network('10.64.0.0/16'),
 IPv4Network('10.65.0.0/16'),
 IPv4Network('10.66.0.0/16'),
 IPv4Network('10.67.0.0/16')]
[IPv4Network('10.0.0.0/8'),
 IPv4Network('129.79.0.0/16'),
 IPv4Network('134.68.0.0/16'),
 IPv4Network('140.182.0.0/16'),
 IPv4Network('149.159.0.0/16'),
 IPv4Network('149.160.0.0/14'),
 IPv4Network('156.56.0.0/16'),
 IPv4Network('172.16.0.0/12'),
 IPv4Network('192.168.0.0/24'),
 IPv6Network('::/128'),
 IPv4Network('10.0.0.0/16'),
 IPv4Network('10.1.0.0/16'),
 IPv4Network('10.2.0.0/16'),
 IPv4Network('10.3.0.0/16'),
 IPv4Network('10.4.0.0/16'),
 IPv4Network('10.5.0.0/16'),
 IPv4Network('10.6.0.0/16'),
 IPv4Network('10.7.0.0/16'),
 IPv4Network('10.8.0.0/16'),
 IPv4Network('10.9.0.0/16'),
 IPv4Network('10.10.0.0/16'),
 IPv4Network('10.11.0.0/16'),
 IPv4Network('10.12.0.0/16'),
 IPv4Network('10.13.0.0/16'),
 IPv4Network('10.14.0.0/16'),
 IPv4Network('10.15.0.0/16'),
 IPv4Network('10.16.0.0/16'),
 IPv4Network('10.17.0.0/16'),
 IPv4Network('10.18.0.0/16'),
 IPv4Network('10.19.0.0/16'),
 IPv4Network('10.20.0.0/16'),
 IPv4Network('10.21.0.0/16'),
 IPv4Network('10.22.0.0/16'),
 IPv4Network('10.23.0.0/16'),
 IPv4Network('10.24.0.0/16'),
 IPv4Network('10.25.0.0/16'),
 IPv4Network('10.26.0.0/16'),
 IPv4Network('10.27.0.0/16'),
 IPv4Network('10.28.0.0/16'),
 IPv4Network('10.29.0.0/16'),
 IPv4Network('10.30.0.0/16'),
 IPv4Network('10.31.0.0/16'),
 IPv4Network('10.32.0.0/16'),
 IPv4Network('10.33.0.0/16'),
 IPv4Network('10.34.0.0/16'),
 IPv4Network('10.35.0.0/16'),
 IPv4Network('10.36.0.0/16'),
 IPv4Network('10.37.0.0/16'),
 IPv4Network('10.38.0.0/16'),
 IPv4Network('10.39.0.0/16'),
 IPv4Network('10.40.0.0/16'),
 IPv4Network('10.41.0.0/16'),
 IPv4Network('10.42.0.0/16'),
 IPv4Network('10.43.0.0/16'),
 IPv4Network('10.44.0.0/16'),
 IPv4Network('10.45.0.0/16'),
 IPv4Network('10.46.0.0/16'),
 IPv4Network('10.47.0.0/16'),
 IPv4Network('10.48.0.0/16'),
 IPv4Network('10.49.0.0/16'),
 IPv4Network('10.50.0.0/16'),
 IPv4Network('10.51.0.0/16'),
 IPv4Network('10.52.0.0/16'),
 IPv4Network('10.53.0.0/16'),
 IPv4Network('10.54.0.0/16'),
 IPv4Network('10.55.0.0/16'),
 IPv4Network('10.56.0.0/16'),
 IPv4Network('10.57.0.0/16'),
 IPv4Network('10.58.0.0/16'),
 IPv4Network('10.59.0.0/16'),
 IPv4Network('10.60.0.0/16'),
 IPv4Network('10.61.0.0/16'),
 IPv4Network('10.62.0.0/16'),
 IPv4Network('10.63.0.0/16'),
 IPv4Network('10.64.0.0/16'),
 IPv4Network('10.65.0.0/16'),
 IPv4Network('10.66.0.0/16'),
 IPv4Network('10.67.0.0/16'),
 IPv4Network('10.68.0.0/16'),
 IPv4Network('10.69.0.0/16')]
[IPv4Network('10.0.0.0/8'),
 IPv4Network('129.79.0.0/16'),
 IPv4Network('134.68.0.0/16'),
 IPv4Network('140.182.0.0/16'),
 IPv4Network('149.159.0.0/16'),
 IPv4Network('149.160.0.0/14'),
 IPv4Network('156.56.0.0/16'),
 IPv4Network('172.16.0.0/12'),
 IPv4Network('192.168.0.0/24'),
 IPv6Network('::/128'),
 IPv4Network('10.0.0.0/16'),
 IPv4Network('10.1.0.0/16'),
 IPv4Network('10.2.0.0/16'),
 IPv4Network('10.3.0.0/16'),
 IPv4Network('10.4.0.0/16'),
 IPv4Network('10.5.0.0/16'),
 IPv4Network('10.6.0.0/16'),
 IPv4Network('10.7.0.0/16'),
 IPv4Network('10.8.0.0/16'),
 IPv4Network('10.9.0.0/16'),
 IPv4Network('10.10.0.0/16'),
 IPv4Network('10.11.0.0/16'),
 IPv4Network('10.12.0.0/16'),
 IPv4Network('10.13.0.0/16'),
 IPv4Network('10.14.0.0/16'),
 IPv4Network('10.15.0.0/16'),
 IPv4Network('10.16.0.0/16'),
 IPv4Network('10.17.0.0/16'),
 IPv4Network('10.18.0.0/16'),
 IPv4Network('10.19.0.0/16'),
 IPv4Network('10.20.0.0/16'),
 IPv4Network('10.21.0.0/16'),
 IPv4Network('10.22.0.0/16'),
 IPv4Network('10.23.0.0/16'),
 IPv4Network('10.24.0.0/16'),
 IPv4Network('10.25.0.0/16'),
 IPv4Network('10.26.0.0/16'),
 IPv4Network('10.27.0.0/16'),
 IPv4Network('10.28.0.0/16'),
 IPv4Network('10.29.0.0/16'),
 IPv4Network('10.30.0.0/16'),
 IPv4Network('10.31.0.0/16'),
 IPv4Network('10.32.0.0/16'),
 IPv4Network('10.33.0.0/16'),
 IPv4Network('10.34.0.0/16'),
 IPv4Network('10.35.0.0/16'),
 IPv4Network('10.36.0.0/16'),
 IPv4Network('10.37.0.0/16'),
 IPv4Network('10.38.0.0/16'),
 IPv4Network('10.39.0.0/16'),
 IPv4Network('10.40.0.0/16'),
 IPv4Network('10.41.0.0/16'),
 IPv4Network('10.42.0.0/16'),
 IPv4Network('10.43.0.0/16'),
 IPv4Network('10.44.0.0/16'),
 IPv4Network('10.45.0.0/16'),
 IPv4Network('10.46.0.0/16'),
 IPv4Network('10.47.0.0/16'),
 IPv4Network('10.48.0.0/16'),
 IPv4Network('10.49.0.0/16'),
 IPv4Network('10.50.0.0/16'),
 IPv4Network('10.51.0.0/16'),
 IPv4Network('10.52.0.0/16'),
 IPv4Network('10.53.0.0/16'),
 IPv4Network('10.54.0.0/16'),
 IPv4Network('10.55.0.0/16'),
 IPv4Network('10.56.0.0/16'),
 IPv4Network('10.57.0.0/16'),
 IPv4Network('10.58.0.0/16'),
 IPv4Network('10.59.0.0/16'),
 IPv4Network('10.60.0.0/16'),
 IPv4Network('10.61.0.0/16'),
 IPv4Network('10.62.0.0/16'),
 IPv4Network('10.63.0.0/16'),
 IPv4Network('10.64.0.0/16'),
 IPv4Network('10.65.0.0/16'),
 IPv4Network('10.66.0.0/16'),
 IPv4Network('10.67.0.0/16'),
 IPv4Network('10.68.0.0/16'),
 IPv4Network('10.69.0.0/16'),
 IPv4Network('10.70.0.0/16'),
 IPv4Network('10.71.0.0/16')]
[IPv4Network('10.0.0.0/8'),
 IPv4Network('129.79.0.0/16'),
 IPv4Network('134.68.0.0/16'),
 IPv4Network('140.182.0.0/16'),
 IPv4Network('149.159.0.0/16'),
 IPv4Network('149.160.0.0/14'),
 IPv4Network('156.56.0.0/16'),
 IPv4Network('172.16.0.0/12'),
 IPv4Network('192.168.0.0/24'),
 IPv6Network('::/128'),
 IPv4Network('10.0.0.0/16'),
 IPv4Network('10.1.0.0/16'),
 IPv4Network('10.2.0.0/16'),
 IPv4Network('10.3.0.0/16'),
 IPv4Network('10.4.0.0/16'),
 IPv4Network('10.5.0.0/16'),
 IPv4Network('10.6.0.0/16'),
 IPv4Network('10.7.0.0/16'),
 IPv4Network('10.8.0.0/16'),
 IPv4Network('10.9.0.0/16'),
 IPv4Network('10.10.0.0/16'),
 IPv4Network('10.11.0.0/16'),
 IPv4Network('10.12.0.0/16'),
 IPv4Network('10.13.0.0/16'),
 IPv4Network('10.14.0.0/16'),
 IPv4Network('10.15.0.0/16'),
 IPv4Network('10.16.0.0/16'),
 IPv4Network('10.17.0.0/16'),
 IPv4Network('10.18.0.0/16'),
 IPv4Network('10.19.0.0/16'),
 IPv4Network('10.20.0.0/16'),
 IPv4Network('10.21.0.0/16'),
 IPv4Network('10.22.0.0/16'),
 IPv4Network('10.23.0.0/16'),
 IPv4Network('10.24.0.0/16'),
 IPv4Network('10.25.0.0/16'),
 IPv4Network('10.26.0.0/16'),
 IPv4Network('10.27.0.0/16'),
 IPv4Network('10.28.0.0/16'),
 IPv4Network('10.29.0.0/16'),
 IPv4Network('10.30.0.0/16'),
 IPv4Network('10.31.0.0/16'),
 IPv4Network('10.32.0.0/16'),
 IPv4Network('10.33.0.0/16'),
 IPv4Network('10.34.0.0/16'),
 IPv4Network('10.35.0.0/16'),
 IPv4Network('10.36.0.0/16'),
 IPv4Network('10.37.0.0/16'),
 IPv4Network('10.38.0.0/16'),
 IPv4Network('10.39.0.0/16'),
 IPv4Network('10.40.0.0/16'),
 IPv4Network('10.41.0.0/16'),
 IPv4Network('10.42.0.0/16'),
 IPv4Network('10.43.0.0/16'),
 IPv4Network('10.44.0.0/16'),
 IPv4Network('10.45.0.0/16'),
 IPv4Network('10.46.0.0/16'),
 IPv4Network('10.47.0.0/16'),
 IPv4Network('10.48.0.0/16'),
 IPv4Network('10.49.0.0/16'),
 IPv4Network('10.50.0.0/16'),
 IPv4Network('10.51.0.0/16'),
 IPv4Network('10.52.0.0/16'),
 IPv4Network('10.53.0.0/16'),
 IPv4Network('10.54.0.0/16'),
 IPv4Network('10.55.0.0/16'),
 IPv4Network('10.56.0.0/16'),
 IPv4Network('10.57.0.0/16'),
 IPv4Network('10.58.0.0/16'),
 IPv4Network('10.59.0.0/16'),
 IPv4Network('10.60.0.0/16'),
 IPv4Network('10.61.0.0/16'),
 IPv4Network('10.62.0.0/16'),
 IPv4Network('10.63.0.0/16'),
 IPv4Network('10.64.0.0/16'),
 IPv4Network('10.65.0.0/16'),
 IPv4Network('10.66.0.0/16'),
 IPv4Network('10.67.0.0/16'),
 IPv4Network('10.68.0.0/16'),
 IPv4Network('10.69.0.0/16'),
 IPv4Network('10.70.0.0/16'),
 IPv4Network('10.71.0.0/16')]
[IPv4Network('10.0.0.0/8'),
 IPv4Network('129.79.0.0/16'),
 IPv4Network('134.68.0.0/16'),
 IPv4Network('140.182.0.0/16'),
 IPv4Network('149.159.0.0/16'),
 IPv4Network('149.160.0.0/14'),
 IPv4Network('156.56.0.0/16'),
 IPv4Network('172.16.0.0/12'),
 IPv4Network('192.168.0.0/24'),
 IPv6Network('::/128'),
 IPv4Network('10.0.0.0/16'),
 IPv4Network('10.1.0.0/16'),
 IPv4Network('10.2.0.0/16'),
 IPv4Network('10.3.0.0/16'),
 IPv4Network('10.4.0.0/16'),
 IPv4Network('10.5.0.0/16'),
 IPv4Network('10.6.0.0/16'),
 IPv4Network('10.7.0.0/16'),
 IPv4Network('10.8.0.0/16'),
 IPv4Network('10.9.0.0/16'),
 IPv4Network('10.10.0.0/16'),
 IPv4Network('10.11.0.0/16'),
 IPv4Network('10.12.0.0/16'),
 IPv4Network('10.13.0.0/16'),
 IPv4Network('10.14.0.0/16'),
 IPv4Network('10.15.0.0/16'),
 IPv4Network('10.16.0.0/16'),
 IPv4Network('10.17.0.0/16'),
 IPv4Network('10.18.0.0/16'),
 IPv4Network('10.19.0.0/16'),
 IPv4Network('10.20.0.0/16'),
 IPv4Network('10.21.0.0/16'),
 IPv4Network('10.22.0.0/16'),
 IPv4Network('10.23.0.0/16'),
 IPv4Network('10.24.0.0/16'),
 IPv4Network('10.25.0.0/16'),
 IPv4Network('10.26.0.0/16'),
 IPv4Network('10.27.0.0/16'),
 IPv4Network('10.28.0.0/16'),
 IPv4Network('10.29.0.0/16'),
 IPv4Network('10.30.0.0/16'),
 IPv4Network('10.31.0.0/16'),
 IPv4Network('10.32.0.0/16'),
 IPv4Network('10.33.0.0/16'),
 IPv4Network('10.34.0.0/16'),
 IPv4Network('10.35.0.0/16'),
 IPv4Network('10.36.0.0/16'),
 IPv4Network('10.37.0.0/16'),
 IPv4Network('10.38.0.0/16'),
 IPv4Network('10.39.0.0/16'),
 IPv4Network('10.40.0.0/16'),
 IPv4Network('10.41.0.0/16'),
 IPv4Network('10.42.0.0/16'),
 IPv4Network('10.43.0.0/16'),
 IPv4Network('10.44.0.0/16'),
 IPv4Network('10.45.0.0/16'),
 IPv4Network('10.46.0.0/16'),
 IPv4Network('10.47.0.0/16'),
 IPv4Network('10.48.0.0/16'),
 IPv4Network('10.49.0.0/16'),
 IPv4Network('10.50.0.0/16'),
 IPv4Network('10.51.0.0/16'),
 IPv4Network('10.52.0.0/16'),
 IPv4Network('10.53.0.0/16'),
 IPv4Network('10.54.0.0/16'),
 IPv4Network('10.55.0.0/16'),
 IPv4Network('10.56.0.0/16'),
 IPv4Network('10.57.0.0/16'),
 IPv4Network('10.58.0.0/16'),
 IPv4Network('10.59.0.0/16'),
 IPv4Network('10.60.0.0/16'),
 IPv4Network('10.61.0.0/16'),
 IPv4Network('10.62.0.0/16'),
 IPv4Network('10.63.0.0/16'),
 IPv4Network('10.64.0.0/16'),
 IPv4Network('10.65.0.0/16'),
 IPv4Network('10.66.0.0/16'),
 IPv4Network('10.67.0.0/16'),
 IPv4Network('10.68.0.0/16'),
 IPv4Network('10.69.0.0/16'),
 IPv4Network('10.70.0.0/16'),
 IPv4Network('10.71.0.0/16')]
[IPv4Network('10.0.0.0/8'),
 IPv4Network('129.79.0.0/16'),
 IPv4Network('134.68.0.0/16'),
 IPv4Network('140.182.0.0/16'),
 IPv4Network('149.159.0.0/16'),
 IPv4Network('149.160.0.0/14'),
 IPv4Network('156.56.0.0/16'),
 IPv4Network('172.16.0.0/12'),
 IPv4Network('192.168.0.0/24'),
 IPv6Network('::/128'),
 IPv4Network('10.0.0.0/16'),
 IPv4Network('10.1.0.0/16'),
 IPv4Network('10.2.0.0/16'),
 IPv4Network('10.3.0.0/16'),
 IPv4Network('10.4.0.0/16'),
 IPv4Network('10.5.0.0/16'),
 IPv4Network('10.6.0.0/16'),
 IPv4Network('10.7.0.0/16'),
 IPv4Network('10.8.0.0/16'),
 IPv4Network('10.9.0.0/16'),
 IPv4Network('10.10.0.0/16'),
 IPv4Network('10.11.0.0/16'),
 IPv4Network('10.12.0.0/16'),
 IPv4Network('10.13.0.0/16'),
 IPv4Network('10.14.0.0/16'),
 IPv4Network('10.15.0.0/16'),
 IPv4Network('10.16.0.0/16'),
 IPv4Network('10.17.0.0/16'),
 IPv4Network('10.18.0.0/16'),
 IPv4Network('10.19.0.0/16'),
 IPv4Network('10.20.0.0/16'),
 IPv4Network('10.21.0.0/16'),
 IPv4Network('10.22.0.0/16'),
 IPv4Network('10.23.0.0/16'),
 IPv4Network('10.24.0.0/16'),
 IPv4Network('10.25.0.0/16'),
 IPv4Network('10.26.0.0/16'),
 IPv4Network('10.27.0.0/16'),
 IPv4Network('10.28.0.0/16'),
 IPv4Network('10.29.0.0/16'),
 IPv4Network('10.30.0.0/16'),
 IPv4Network('10.31.0.0/16'),
 IPv4Network('10.32.0.0/16'),
 IPv4Network('10.33.0.0/16'),
 IPv4Network('10.34.0.0/16'),
 IPv4Network('10.35.0.0/16'),
 IPv4Network('10.36.0.0/16'),
 IPv4Network('10.37.0.0/16'),
 IPv4Network('10.38.0.0/16'),
 IPv4Network('10.39.0.0/16'),
 IPv4Network('10.40.0.0/16'),
 IPv4Network('10.41.0.0/16'),
 IPv4Network('10.42.0.0/16'),
 IPv4Network('10.43.0.0/16'),
 IPv4Network('10.44.0.0/16'),
 IPv4Network('10.45.0.0/16'),
 IPv4Network('10.46.0.0/16'),
 IPv4Network('10.47.0.0/16'),
 IPv4Network('10.48.0.0/16'),
 IPv4Network('10.49.0.0/16'),
 IPv4Network('10.50.0.0/16'),
 IPv4Network('10.51.0.0/16'),
 IPv4Network('10.52.0.0/16'),
 IPv4Network('10.53.0.0/16'),
 IPv4Network('10.54.0.0/16'),
 IPv4Network('10.55.0.0/16'),
 IPv4Network('10.56.0.0/16'),
 IPv4Network('10.57.0.0/16'),
 IPv4Network('10.58.0.0/16'),
 IPv4Network('10.59.0.0/16'),
 IPv4Network('10.60.0.0/16'),
 IPv4Network('10.61.0.0/16'),
 IPv4Network('10.62.0.0/16'),
 IPv4Network('10.63.0.0/16'),
 IPv4Network('10.64.0.0/16'),
 IPv4Network('10.65.0.0/16'),
 IPv4Network('10.66.0.0/16'),
 IPv4Network('10.67.0.0/16'),
 IPv4Network('10.68.0.0/16'),
 IPv4Network('10.69.0.0/16'),
 IPv4Network('10.70.0.0/16'),
 IPv4Network('10.71.0.0/16'),
 IPv4Network('10.72.0.0/16'),
 IPv4Network('10.73.0.0/16')]
[IPv4Network('10.0.0.0/8'),
 IPv4Network('129.79.0.0/16'),
 IPv4Network('134.68.0.0/16'),
 IPv4Network('140.182.0.0/16'),
 IPv4Network('149.159.0.0/16'),
 IPv4Network('149.160.0.0/14'),
 IPv4Network('156.56.0.0/16'),
 IPv4Network('172.16.0.0/12'),
 IPv4Network('192.168.0.0/24'),
 IPv6Network('::/128'),
 IPv4Network('10.0.0.0/16'),
 IPv4Network('10.1.0.0/16'),
 IPv4Network('10.2.0.0/16'),
 IPv4Network('10.3.0.0/16'),
 IPv4Network('10.4.0.0/16'),
 IPv4Network('10.5.0.0/16'),
 IPv4Network('10.6.0.0/16'),
 IPv4Network('10.7.0.0/16'),
 IPv4Network('10.8.0.0/16'),
 IPv4Network('10.9.0.0/16'),
 IPv4Network('10.10.0.0/16'),
 IPv4Network('10.11.0.0/16'),
 IPv4Network('10.12.0.0/16'),
 IPv4Network('10.13.0.0/16'),
 IPv4Network('10.14.0.0/16'),
 IPv4Network('10.15.0.0/16'),
 IPv4Network('10.16.0.0/16'),
 IPv4Network('10.17.0.0/16'),
 IPv4Network('10.18.0.0/16'),
 IPv4Network('10.19.0.0/16'),
 IPv4Network('10.20.0.0/16'),
 IPv4Network('10.21.0.0/16'),
 IPv4Network('10.22.0.0/16'),
 IPv4Network('10.23.0.0/16'),
 IPv4Network('10.24.0.0/16'),
 IPv4Network('10.25.0.0/16'),
 IPv4Network('10.26.0.0/16'),
 IPv4Network('10.27.0.0/16'),
 IPv4Network('10.28.0.0/16'),
 IPv4Network('10.29.0.0/16'),
 IPv4Network('10.30.0.0/16'),
 IPv4Network('10.31.0.0/16'),
 IPv4Network('10.32.0.0/16'),
 IPv4Network('10.33.0.0/16'),
 IPv4Network('10.34.0.0/16'),
 IPv4Network('10.35.0.0/16'),
 IPv4Network('10.36.0.0/16'),
 IPv4Network('10.37.0.0/16'),
 IPv4Network('10.38.0.0/16'),
 IPv4Network('10.39.0.0/16'),
 IPv4Network('10.40.0.0/16'),
 IPv4Network('10.41.0.0/16'),
 IPv4Network('10.42.0.0/16'),
 IPv4Network('10.43.0.0/16'),
 IPv4Network('10.44.0.0/16'),
 IPv4Network('10.45.0.0/16'),
 IPv4Network('10.46.0.0/16'),
 IPv4Network('10.47.0.0/16'),
 IPv4Network('10.48.0.0/16'),
 IPv4Network('10.49.0.0/16'),
 IPv4Network('10.50.0.0/16'),
 IPv4Network('10.51.0.0/16'),
 IPv4Network('10.52.0.0/16'),
 IPv4Network('10.53.0.0/16'),
 IPv4Network('10.54.0.0/16'),
 IPv4Network('10.55.0.0/16'),
 IPv4Network('10.56.0.0/16'),
 IPv4Network('10.57.0.0/16'),
 IPv4Network('10.58.0.0/16'),
 IPv4Network('10.59.0.0/16'),
 IPv4Network('10.60.0.0/16'),
 IPv4Network('10.61.0.0/16'),
 IPv4Network('10.62.0.0/16'),
 IPv4Network('10.63.0.0/16'),
 IPv4Network('10.64.0.0/16'),
 IPv4Network('10.65.0.0/16'),
 IPv4Network('10.66.0.0/16'),
 IPv4Network('10.67.0.0/16'),
 IPv4Network('10.68.0.0/16'),
 IPv4Network('10.69.0.0/16'),
 IPv4Network('10.70.0.0/16'),
 IPv4Network('10.71.0.0/16'),
 IPv4Network('10.72.0.0/16'),
 IPv4Network('10.73.0.0/16'),
 IPv4Network('10.74.0.0/16'),
 IPv4Network('10.75.0.0/16')]
[IPv4Network('10.0.0.0/8'),
 IPv4Network('129.79.0.0/16'),
 IPv4Network('134.68.0.0/16'),
 IPv4Network('140.182.0.0/16'),
 IPv4Network('149.159.0.0/16'),
 IPv4Network('149.160.0.0/14'),
 IPv4Network('156.56.0.0/16'),
 IPv4Network('172.16.0.0/12'),
 IPv4Network('192.168.0.0/24'),
 IPv6Network('::/128'),
 IPv4Network('10.0.0.0/16'),
 IPv4Network('10.1.0.0/16'),
 IPv4Network('10.2.0.0/16'),
 IPv4Network('10.3.0.0/16'),
 IPv4Network('10.4.0.0/16'),
 IPv4Network('10.5.0.0/16'),
 IPv4Network('10.6.0.0/16'),
 IPv4Network('10.7.0.0/16'),
 IPv4Network('10.8.0.0/16'),
 IPv4Network('10.9.0.0/16'),
 IPv4Network('10.10.0.0/16'),
 IPv4Network('10.11.0.0/16'),
 IPv4Network('10.12.0.0/16'),
 IPv4Network('10.13.0.0/16'),
 IPv4Network('10.14.0.0/16'),
 IPv4Network('10.15.0.0/16'),
 IPv4Network('10.16.0.0/16'),
 IPv4Network('10.17.0.0/16'),
 IPv4Network('10.18.0.0/16'),
 IPv4Network('10.19.0.0/16'),
 IPv4Network('10.20.0.0/16'),
 IPv4Network('10.21.0.0/16'),
 IPv4Network('10.22.0.0/16'),
 IPv4Network('10.23.0.0/16'),
 IPv4Network('10.24.0.0/16'),
 IPv4Network('10.25.0.0/16'),
 IPv4Network('10.26.0.0/16'),
 IPv4Network('10.27.0.0/16'),
 IPv4Network('10.28.0.0/16'),
 IPv4Network('10.29.0.0/16'),
 IPv4Network('10.30.0.0/16'),
 IPv4Network('10.31.0.0/16'),
 IPv4Network('10.32.0.0/16'),
 IPv4Network('10.33.0.0/16'),
 IPv4Network('10.34.0.0/16'),
 IPv4Network('10.35.0.0/16'),
 IPv4Network('10.36.0.0/16'),
 IPv4Network('10.37.0.0/16'),
 IPv4Network('10.38.0.0/16'),
 IPv4Network('10.39.0.0/16'),
 IPv4Network('10.40.0.0/16'),
 IPv4Network('10.41.0.0/16'),
 IPv4Network('10.42.0.0/16'),
 IPv4Network('10.43.0.0/16'),
 IPv4Network('10.44.0.0/16'),
 IPv4Network('10.45.0.0/16'),
 IPv4Network('10.46.0.0/16'),
 IPv4Network('10.47.0.0/16'),
 IPv4Network('10.48.0.0/16'),
 IPv4Network('10.49.0.0/16'),
 IPv4Network('10.50.0.0/16'),
 IPv4Network('10.51.0.0/16'),
 IPv4Network('10.52.0.0/16'),
 IPv4Network('10.53.0.0/16'),
 IPv4Network('10.54.0.0/16'),
 IPv4Network('10.55.0.0/16'),
 IPv4Network('10.56.0.0/16'),
 IPv4Network('10.57.0.0/16'),
 IPv4Network('10.58.0.0/16'),
 IPv4Network('10.59.0.0/16'),
 IPv4Network('10.60.0.0/16'),
 IPv4Network('10.61.0.0/16'),
 IPv4Network('10.62.0.0/16'),
 IPv4Network('10.63.0.0/16'),
 IPv4Network('10.64.0.0/16'),
 IPv4Network('10.65.0.0/16'),
 IPv4Network('10.66.0.0/16'),
 IPv4Network('10.67.0.0/16'),
 IPv4Network('10.68.0.0/16'),
 IPv4Network('10.69.0.0/16'),
 IPv4Network('10.70.0.0/16'),
 IPv4Network('10.71.0.0/16'),
 IPv4Network('10.72.0.0/16'),
 IPv4Network('10.73.0.0/16'),
 IPv4Network('10.74.0.0/16'),
 IPv4Network('10.75.0.0/16')]
[IPv4Network('10.0.0.0/8'),
 IPv4Network('129.79.0.0/16'),
 IPv4Network('134.68.0.0/16'),
 IPv4Network('140.182.0.0/16'),
 IPv4Network('149.159.0.0/16'),
 IPv4Network('149.160.0.0/14'),
 IPv4Network('156.56.0.0/16'),
 IPv4Network('172.16.0.0/12'),
 IPv4Network('192.168.0.0/24'),
 IPv6Network('::/128'),
 IPv4Network('10.0.0.0/16'),
 IPv4Network('10.1.0.0/16'),
 IPv4Network('10.2.0.0/16'),
 IPv4Network('10.3.0.0/16'),
 IPv4Network('10.4.0.0/16'),
 IPv4Network('10.5.0.0/16'),
 IPv4Network('10.6.0.0/16'),
 IPv4Network('10.7.0.0/16'),
 IPv4Network('10.8.0.0/16'),
 IPv4Network('10.9.0.0/16'),
 IPv4Network('10.10.0.0/16'),
 IPv4Network('10.11.0.0/16'),
 IPv4Network('10.12.0.0/16'),
 IPv4Network('10.13.0.0/16'),
 IPv4Network('10.14.0.0/16'),
 IPv4Network('10.15.0.0/16'),
 IPv4Network('10.16.0.0/16'),
 IPv4Network('10.17.0.0/16'),
 IPv4Network('10.18.0.0/16'),
 IPv4Network('10.19.0.0/16'),
 IPv4Network('10.20.0.0/16'),
 IPv4Network('10.21.0.0/16'),
 IPv4Network('10.22.0.0/16'),
 IPv4Network('10.23.0.0/16'),
 IPv4Network('10.24.0.0/16'),
 IPv4Network('10.25.0.0/16'),
 IPv4Network('10.26.0.0/16'),
 IPv4Network('10.27.0.0/16'),
 IPv4Network('10.28.0.0/16'),
 IPv4Network('10.29.0.0/16'),
 IPv4Network('10.30.0.0/16'),
 IPv4Network('10.31.0.0/16'),
 IPv4Network('10.32.0.0/16'),
 IPv4Network('10.33.0.0/16'),
 IPv4Network('10.34.0.0/16'),
 IPv4Network('10.35.0.0/16'),
 IPv4Network('10.36.0.0/16'),
 IPv4Network('10.37.0.0/16'),
 IPv4Network('10.38.0.0/16'),
 IPv4Network('10.39.0.0/16'),
 IPv4Network('10.40.0.0/16'),
 IPv4Network('10.41.0.0/16'),
 IPv4Network('10.42.0.0/16'),
 IPv4Network('10.43.0.0/16'),
 IPv4Network('10.44.0.0/16'),
 IPv4Network('10.45.0.0/16'),
 IPv4Network('10.46.0.0/16'),
 IPv4Network('10.47.0.0/16'),
 IPv4Network('10.48.0.0/16'),
 IPv4Network('10.49.0.0/16'),
 IPv4Network('10.50.0.0/16'),
 IPv4Network('10.51.0.0/16'),
 IPv4Network('10.52.0.0/16'),
 IPv4Network('10.53.0.0/16'),
 IPv4Network('10.54.0.0/16'),
 IPv4Network('10.55.0.0/16'),
 IPv4Network('10.56.0.0/16'),
 IPv4Network('10.57.0.0/16'),
 IPv4Network('10.58.0.0/16'),
 IPv4Network('10.59.0.0/16'),
 IPv4Network('10.60.0.0/16'),
 IPv4Network('10.61.0.0/16'),
 IPv4Network('10.62.0.0/16'),
 IPv4Network('10.63.0.0/16'),
 IPv4Network('10.64.0.0/16'),
 IPv4Network('10.65.0.0/16'),
 IPv4Network('10.66.0.0/16'),
 IPv4Network('10.67.0.0/16'),
 IPv4Network('10.68.0.0/16'),
 IPv4Network('10.69.0.0/16'),
 IPv4Network('10.70.0.0/16'),
 IPv4Network('10.71.0.0/16'),
 IPv4Network('10.72.0.0/16'),
 IPv4Network('10.73.0.0/16'),
 IPv4Network('10.74.0.0/16'),
 IPv4Network('10.75.0.0/16'),
 IPv4Network('10.76.0.0/16'),
 IPv4Network('10.77.0.0/16')]
[IPv4Network('10.0.0.0/8'),
 IPv4Network('129.79.0.0/16'),
 IPv4Network('134.68.0.0/16'),
 IPv4Network('140.182.0.0/16'),
 IPv4Network('149.159.0.0/16'),
 IPv4Network('149.160.0.0/14'),
 IPv4Network('156.56.0.0/16'),
 IPv4Network('172.16.0.0/12'),
 IPv4Network('192.168.0.0/24'),
 IPv6Network('::/128'),
 IPv4Network('10.0.0.0/16'),
 IPv4Network('10.1.0.0/16'),
 IPv4Network('10.2.0.0/16'),
 IPv4Network('10.3.0.0/16'),
 IPv4Network('10.4.0.0/16'),
 IPv4Network('10.5.0.0/16'),
 IPv4Network('10.6.0.0/16'),
 IPv4Network('10.7.0.0/16'),
 IPv4Network('10.8.0.0/16'),
 IPv4Network('10.9.0.0/16'),
 IPv4Network('10.10.0.0/16'),
 IPv4Network('10.11.0.0/16'),
 IPv4Network('10.12.0.0/16'),
 IPv4Network('10.13.0.0/16'),
 IPv4Network('10.14.0.0/16'),
 IPv4Network('10.15.0.0/16'),
 IPv4Network('10.16.0.0/16'),
 IPv4Network('10.17.0.0/16'),
 IPv4Network('10.18.0.0/16'),
 IPv4Network('10.19.0.0/16'),
 IPv4Network('10.20.0.0/16'),
 IPv4Network('10.21.0.0/16'),
 IPv4Network('10.22.0.0/16'),
 IPv4Network('10.23.0.0/16'),
 IPv4Network('10.24.0.0/16'),
 IPv4Network('10.25.0.0/16'),
 IPv4Network('10.26.0.0/16'),
 IPv4Network('10.27.0.0/16'),
 IPv4Network('10.28.0.0/16'),
 IPv4Network('10.29.0.0/16'),
 IPv4Network('10.30.0.0/16'),
 IPv4Network('10.31.0.0/16'),
 IPv4Network('10.32.0.0/16'),
 IPv4Network('10.33.0.0/16'),
 IPv4Network('10.34.0.0/16'),
 IPv4Network('10.35.0.0/16'),
 IPv4Network('10.36.0.0/16'),
 IPv4Network('10.37.0.0/16'),
 IPv4Network('10.38.0.0/16'),
 IPv4Network('10.39.0.0/16'),
 IPv4Network('10.40.0.0/16'),
 IPv4Network('10.41.0.0/16'),
 IPv4Network('10.42.0.0/16'),
 IPv4Network('10.43.0.0/16'),
 IPv4Network('10.44.0.0/16'),
 IPv4Network('10.45.0.0/16'),
 IPv4Network('10.46.0.0/16'),
 IPv4Network('10.47.0.0/16'),
 IPv4Network('10.48.0.0/16'),
 IPv4Network('10.49.0.0/16'),
 IPv4Network('10.50.0.0/16'),
 IPv4Network('10.51.0.0/16'),
 IPv4Network('10.52.0.0/16'),
 IPv4Network('10.53.0.0/16'),
 IPv4Network('10.54.0.0/16'),
 IPv4Network('10.55.0.0/16'),
 IPv4Network('10.56.0.0/16'),
 IPv4Network('10.57.0.0/16'),
 IPv4Network('10.58.0.0/16'),
 IPv4Network('10.59.0.0/16'),
 IPv4Network('10.60.0.0/16'),
 IPv4Network('10.61.0.0/16'),
 IPv4Network('10.62.0.0/16'),
 IPv4Network('10.63.0.0/16'),
 IPv4Network('10.64.0.0/16'),
 IPv4Network('10.65.0.0/16'),
 IPv4Network('10.66.0.0/16'),
 IPv4Network('10.67.0.0/16'),
 IPv4Network('10.68.0.0/16'),
 IPv4Network('10.69.0.0/16'),
 IPv4Network('10.70.0.0/16'),
 IPv4Network('10.71.0.0/16'),
 IPv4Network('10.72.0.0/16'),
 IPv4Network('10.73.0.0/16'),
 IPv4Network('10.74.0.0/16'),
 IPv4Network('10.75.0.0/16'),
 IPv4Network('10.76.0.0/16'),
 IPv4Network('10.77.0.0/16'),
 IPv4Network('10.78.0.0/16'),
 IPv4Network('10.79.0.0/16')]
[IPv4Network('10.0.0.0/8'),
 IPv4Network('129.79.0.0/16'),
 IPv4Network('134.68.0.0/16'),
 IPv4Network('140.182.0.0/16'),
 IPv4Network('149.159.0.0/16'),
 IPv4Network('149.160.0.0/14'),
 IPv4Network('156.56.0.0/16'),
 IPv4Network('172.16.0.0/12'),
 IPv4Network('192.168.0.0/24'),
 IPv6Network('::/128'),
 IPv4Network('10.0.0.0/16'),
 IPv4Network('10.1.0.0/16'),
 IPv4Network('10.2.0.0/16'),
 IPv4Network('10.3.0.0/16'),
 IPv4Network('10.4.0.0/16'),
 IPv4Network('10.5.0.0/16'),
 IPv4Network('10.6.0.0/16'),
 IPv4Network('10.7.0.0/16'),
 IPv4Network('10.8.0.0/16'),
 IPv4Network('10.9.0.0/16'),
 IPv4Network('10.10.0.0/16'),
 IPv4Network('10.11.0.0/16'),
 IPv4Network('10.12.0.0/16'),
 IPv4Network('10.13.0.0/16'),
 IPv4Network('10.14.0.0/16'),
 IPv4Network('10.15.0.0/16'),
 IPv4Network('10.16.0.0/16'),
 IPv4Network('10.17.0.0/16'),
 IPv4Network('10.18.0.0/16'),
 IPv4Network('10.19.0.0/16'),
 IPv4Network('10.20.0.0/16'),
 IPv4Network('10.21.0.0/16'),
 IPv4Network('10.22.0.0/16'),
 IPv4Network('10.23.0.0/16'),
 IPv4Network('10.24.0.0/16'),
 IPv4Network('10.25.0.0/16'),
 IPv4Network('10.26.0.0/16'),
 IPv4Network('10.27.0.0/16'),
 IPv4Network('10.28.0.0/16'),
 IPv4Network('10.29.0.0/16'),
 IPv4Network('10.30.0.0/16'),
 IPv4Network('10.31.0.0/16'),
 IPv4Network('10.32.0.0/16'),
 IPv4Network('10.33.0.0/16'),
 IPv4Network('10.34.0.0/16'),
 IPv4Network('10.35.0.0/16'),
 IPv4Network('10.36.0.0/16'),
 IPv4Network('10.37.0.0/16'),
 IPv4Network('10.38.0.0/16'),
 IPv4Network('10.39.0.0/16'),
 IPv4Network('10.40.0.0/16'),
 IPv4Network('10.41.0.0/16'),
 IPv4Network('10.42.0.0/16'),
 IPv4Network('10.43.0.0/16'),
 IPv4Network('10.44.0.0/16'),
 IPv4Network('10.45.0.0/16'),
 IPv4Network('10.46.0.0/16'),
 IPv4Network('10.47.0.0/16'),
 IPv4Network('10.48.0.0/16'),
 IPv4Network('10.49.0.0/16'),
 IPv4Network('10.50.0.0/16'),
 IPv4Network('10.51.0.0/16'),
 IPv4Network('10.52.0.0/16'),
 IPv4Network('10.53.0.0/16'),
 IPv4Network('10.54.0.0/16'),
 IPv4Network('10.55.0.0/16'),
 IPv4Network('10.56.0.0/16'),
 IPv4Network('10.57.0.0/16'),
 IPv4Network('10.58.0.0/16'),
 IPv4Network('10.59.0.0/16'),
 IPv4Network('10.60.0.0/16'),
 IPv4Network('10.61.0.0/16'),
 IPv4Network('10.62.0.0/16'),
 IPv4Network('10.63.0.0/16'),
 IPv4Network('10.64.0.0/16'),
 IPv4Network('10.65.0.0/16'),
 IPv4Network('10.66.0.0/16'),
 IPv4Network('10.67.0.0/16'),
 IPv4Network('10.68.0.0/16'),
 IPv4Network('10.69.0.0/16'),
 IPv4Network('10.70.0.0/16'),
 IPv4Network('10.71.0.0/16'),
 IPv4Network('10.72.0.0/16'),
 IPv4Network('10.73.0.0/16'),
 IPv4Network('10.74.0.0/16'),
 IPv4Network('10.75.0.0/16'),
 IPv4Network('10.76.0.0/16'),
 IPv4Network('10.77.0.0/16'),
 IPv4Network('10.78.0.0/16'),
 IPv4Network('10.79.0.0/16')]
[IPv4Network('10.0.0.0/8'),
 IPv4Network('129.79.0.0/16'),
 IPv4Network('134.68.0.0/16'),
 IPv4Network('140.182.0.0/16'),
 IPv4Network('149.159.0.0/16'),
 IPv4Network('149.160.0.0/14'),
 IPv4Network('156.56.0.0/16'),
 IPv4Network('172.16.0.0/12'),
 IPv4Network('192.168.0.0/24'),
 IPv6Network('::/128'),
 IPv4Network('10.0.0.0/16'),
 IPv4Network('10.1.0.0/16'),
 IPv4Network('10.2.0.0/16'),
 IPv4Network('10.3.0.0/16'),
 IPv4Network('10.4.0.0/16'),
 IPv4Network('10.5.0.0/16'),
 IPv4Network('10.6.0.0/16'),
 IPv4Network('10.7.0.0/16'),
 IPv4Network('10.8.0.0/16'),
 IPv4Network('10.9.0.0/16'),
 IPv4Network('10.10.0.0/16'),
 IPv4Network('10.11.0.0/16'),
 IPv4Network('10.12.0.0/16'),
 IPv4Network('10.13.0.0/16'),
 IPv4Network('10.14.0.0/16'),
 IPv4Network('10.15.0.0/16'),
 IPv4Network('10.16.0.0/16'),
 IPv4Network('10.17.0.0/16'),
 IPv4Network('10.18.0.0/16'),
 IPv4Network('10.19.0.0/16'),
 IPv4Network('10.20.0.0/16'),
 IPv4Network('10.21.0.0/16'),
 IPv4Network('10.22.0.0/16'),
 IPv4Network('10.23.0.0/16'),
 IPv4Network('10.24.0.0/16'),
 IPv4Network('10.25.0.0/16'),
 IPv4Network('10.26.0.0/16'),
 IPv4Network('10.27.0.0/16'),
 IPv4Network('10.28.0.0/16'),
 IPv4Network('10.29.0.0/16'),
 IPv4Network('10.30.0.0/16'),
 IPv4Network('10.31.0.0/16'),
 IPv4Network('10.32.0.0/16'),
 IPv4Network('10.33.0.0/16'),
 IPv4Network('10.34.0.0/16'),
 IPv4Network('10.35.0.0/16'),
 IPv4Network('10.36.0.0/16'),
 IPv4Network('10.37.0.0/16'),
 IPv4Network('10.38.0.0/16'),
 IPv4Network('10.39.0.0/16'),
 IPv4Network('10.40.0.0/16'),
 IPv4Network('10.41.0.0/16'),
 IPv4Network('10.42.0.0/16'),
 IPv4Network('10.43.0.0/16'),
 IPv4Network('10.44.0.0/16'),
 IPv4Network('10.45.0.0/16'),
 IPv4Network('10.46.0.0/16'),
 IPv4Network('10.47.0.0/16'),
 IPv4Network('10.48.0.0/16'),
 IPv4Network('10.49.0.0/16'),
 IPv4Network('10.50.0.0/16'),
 IPv4Network('10.51.0.0/16'),
 IPv4Network('10.52.0.0/16'),
 IPv4Network('10.53.0.0/16'),
 IPv4Network('10.54.0.0/16'),
 IPv4Network('10.55.0.0/16'),
 IPv4Network('10.56.0.0/16'),
 IPv4Network('10.57.0.0/16'),
 IPv4Network('10.58.0.0/16'),
 IPv4Network('10.59.0.0/16'),
 IPv4Network('10.60.0.0/16'),
 IPv4Network('10.61.0.0/16'),
 IPv4Network('10.62.0.0/16'),
 IPv4Network('10.63.0.0/16'),
 IPv4Network('10.64.0.0/16'),
 IPv4Network('10.65.0.0/16'),
 IPv4Network('10.66.0.0/16'),
 IPv4Network('10.67.0.0/16'),
 IPv4Network('10.68.0.0/16'),
 IPv4Network('10.69.0.0/16'),
 IPv4Network('10.70.0.0/16'),
 IPv4Network('10.71.0.0/16'),
 IPv4Network('10.72.0.0/16'),
 IPv4Network('10.73.0.0/16'),
 IPv4Network('10.74.0.0/16'),
 IPv4Network('10.75.0.0/16'),
 IPv4Network('10.76.0.0/16'),
 IPv4Network('10.77.0.0/16'),
 IPv4Network('10.78.0.0/16'),
 IPv4Network('10.79.0.0/16')]
[IPv4Network('10.0.0.0/8'),
 IPv4Network('129.79.0.0/16'),
 IPv4Network('134.68.0.0/16'),
 IPv4Network('140.182.0.0/16'),
 IPv4Network('149.159.0.0/16'),
 IPv4Network('149.160.0.0/14'),
 IPv4Network('156.56.0.0/16'),
 IPv4Network('172.16.0.0/12'),
 IPv4Network('192.168.0.0/24'),
 IPv6Network('::/128'),
 IPv4Network('10.0.0.0/16'),
 IPv4Network('10.1.0.0/16'),
 IPv4Network('10.2.0.0/16'),
 IPv4Network('10.3.0.0/16'),
 IPv4Network('10.4.0.0/16'),
 IPv4Network('10.5.0.0/16'),
 IPv4Network('10.6.0.0/16'),
 IPv4Network('10.7.0.0/16'),
 IPv4Network('10.8.0.0/16'),
 IPv4Network('10.9.0.0/16'),
 IPv4Network('10.10.0.0/16'),
 IPv4Network('10.11.0.0/16'),
 IPv4Network('10.12.0.0/16'),
 IPv4Network('10.13.0.0/16'),
 IPv4Network('10.14.0.0/16'),
 IPv4Network('10.15.0.0/16'),
 IPv4Network('10.16.0.0/16'),
 IPv4Network('10.17.0.0/16'),
 IPv4Network('10.18.0.0/16'),
 IPv4Network('10.19.0.0/16'),
 IPv4Network('10.20.0.0/16'),
 IPv4Network('10.21.0.0/16'),
 IPv4Network('10.22.0.0/16'),
 IPv4Network('10.23.0.0/16'),
 IPv4Network('10.24.0.0/16'),
 IPv4Network('10.25.0.0/16'),
 IPv4Network('10.26.0.0/16'),
 IPv4Network('10.27.0.0/16'),
 IPv4Network('10.28.0.0/16'),
 IPv4Network('10.29.0.0/16'),
 IPv4Network('10.30.0.0/16'),
 IPv4Network('10.31.0.0/16'),
 IPv4Network('10.32.0.0/16'),
 IPv4Network('10.33.0.0/16'),
 IPv4Network('10.34.0.0/16'),
 IPv4Network('10.35.0.0/16'),
 IPv4Network('10.36.0.0/16'),
 IPv4Network('10.37.0.0/16'),
 IPv4Network('10.38.0.0/16'),
 IPv4Network('10.39.0.0/16'),
 IPv4Network('10.40.0.0/16'),
 IPv4Network('10.41.0.0/16'),
 IPv4Network('10.42.0.0/16'),
 IPv4Network('10.43.0.0/16'),
 IPv4Network('10.44.0.0/16'),
 IPv4Network('10.45.0.0/16'),
 IPv4Network('10.46.0.0/16'),
 IPv4Network('10.47.0.0/16'),
 IPv4Network('10.48.0.0/16'),
 IPv4Network('10.49.0.0/16'),
 IPv4Network('10.50.0.0/16'),
 IPv4Network('10.51.0.0/16'),
 IPv4Network('10.52.0.0/16'),
 IPv4Network('10.53.0.0/16'),
 IPv4Network('10.54.0.0/16'),
 IPv4Network('10.55.0.0/16'),
 IPv4Network('10.56.0.0/16'),
 IPv4Network('10.57.0.0/16'),
 IPv4Network('10.58.0.0/16'),
 IPv4Network('10.59.0.0/16'),
 IPv4Network('10.60.0.0/16'),
 IPv4Network('10.61.0.0/16'),
 IPv4Network('10.62.0.0/16'),
 IPv4Network('10.63.0.0/16'),
 IPv4Network('10.64.0.0/16'),
 IPv4Network('10.65.0.0/16'),
 IPv4Network('10.66.0.0/16'),
 IPv4Network('10.67.0.0/16'),
 IPv4Network('10.68.0.0/16'),
 IPv4Network('10.69.0.0/16'),
 IPv4Network('10.70.0.0/16'),
 IPv4Network('10.71.0.0/16'),
 IPv4Network('10.72.0.0/16'),
 IPv4Network('10.73.0.0/16'),
 IPv4Network('10.74.0.0/16'),
 IPv4Network('10.75.0.0/16'),
 IPv4Network('10.76.0.0/16'),
 IPv4Network('10.77.0.0/16'),
 IPv4Network('10.78.0.0/16'),
 IPv4Network('10.79.0.0/16')]
[IPv4Network('10.0.0.0/8'),
 IPv4Network('129.79.0.0/16'),
 IPv4Network('134.68.0.0/16'),
 IPv4Network('140.182.0.0/16'),
 IPv4Network('149.159.0.0/16'),
 IPv4Network('149.160.0.0/14'),
 IPv4Network('156.56.0.0/16'),
 IPv4Network('172.16.0.0/12'),
 IPv4Network('192.168.0.0/24'),
 IPv6Network('::/128'),
 IPv4Network('10.0.0.0/16'),
 IPv4Network('10.1.0.0/16'),
 IPv4Network('10.2.0.0/16'),
 IPv4Network('10.3.0.0/16'),
 IPv4Network('10.4.0.0/16'),
 IPv4Network('10.5.0.0/16'),
 IPv4Network('10.6.0.0/16'),
 IPv4Network('10.7.0.0/16'),
 IPv4Network('10.8.0.0/16'),
 IPv4Network('10.9.0.0/16'),
 IPv4Network('10.10.0.0/16'),
 IPv4Network('10.11.0.0/16'),
 IPv4Network('10.12.0.0/16'),
 IPv4Network('10.13.0.0/16'),
 IPv4Network('10.14.0.0/16'),
 IPv4Network('10.15.0.0/16'),
 IPv4Network('10.16.0.0/16'),
 IPv4Network('10.17.0.0/16'),
 IPv4Network('10.18.0.0/16'),
 IPv4Network('10.19.0.0/16'),
 IPv4Network('10.20.0.0/16'),
 IPv4Network('10.21.0.0/16'),
 IPv4Network('10.22.0.0/16'),
 IPv4Network('10.23.0.0/16'),
 IPv4Network('10.24.0.0/16'),
 IPv4Network('10.25.0.0/16'),
 IPv4Network('10.26.0.0/16'),
 IPv4Network('10.27.0.0/16'),
 IPv4Network('10.28.0.0/16'),
 IPv4Network('10.29.0.0/16'),
 IPv4Network('10.30.0.0/16'),
 IPv4Network('10.31.0.0/16'),
 IPv4Network('10.32.0.0/16'),
 IPv4Network('10.33.0.0/16'),
 IPv4Network('10.34.0.0/16'),
 IPv4Network('10.35.0.0/16'),
 IPv4Network('10.36.0.0/16'),
 IPv4Network('10.37.0.0/16'),
 IPv4Network('10.38.0.0/16'),
 IPv4Network('10.39.0.0/16'),
 IPv4Network('10.40.0.0/16'),
 IPv4Network('10.41.0.0/16'),
 IPv4Network('10.42.0.0/16'),
 IPv4Network('10.43.0.0/16'),
 IPv4Network('10.44.0.0/16'),
 IPv4Network('10.45.0.0/16'),
 IPv4Network('10.46.0.0/16'),
 IPv4Network('10.47.0.0/16'),
 IPv4Network('10.48.0.0/16'),
 IPv4Network('10.49.0.0/16'),
 IPv4Network('10.50.0.0/16'),
 IPv4Network('10.51.0.0/16'),
 IPv4Network('10.52.0.0/16'),
 IPv4Network('10.53.0.0/16'),
 IPv4Network('10.54.0.0/16'),
 IPv4Network('10.55.0.0/16'),
 IPv4Network('10.56.0.0/16'),
 IPv4Network('10.57.0.0/16'),
 IPv4Network('10.58.0.0/16'),
 IPv4Network('10.59.0.0/16'),
 IPv4Network('10.60.0.0/16'),
 IPv4Network('10.61.0.0/16'),
 IPv4Network('10.62.0.0/16'),
 IPv4Network('10.63.0.0/16'),
 IPv4Network('10.64.0.0/16'),
 IPv4Network('10.65.0.0/16'),
 IPv4Network('10.66.0.0/16'),
 IPv4Network('10.67.0.0/16'),
 IPv4Network('10.68.0.0/16'),
 IPv4Network('10.69.0.0/16'),
 IPv4Network('10.70.0.0/16'),
 IPv4Network('10.71.0.0/16'),
 IPv4Network('10.72.0.0/16'),
 IPv4Network('10.73.0.0/16'),
 IPv4Network('10.74.0.0/16'),
 IPv4Network('10.75.0.0/16'),
 IPv4Network('10.76.0.0/16'),
 IPv4Network('10.77.0.0/16'),
 IPv4Network('10.78.0.0/16'),
 IPv4Network('10.79.0.0/16'),
 IPv4Network('10.80.0.0/16'),
 IPv4Network('10.81.0.0/16')]
[IPv4Network('10.0.0.0/8'),
 IPv4Network('129.79.0.0/16'),
 IPv4Network('134.68.0.0/16'),
 IPv4Network('140.182.0.0/16'),
 IPv4Network('149.159.0.0/16'),
 IPv4Network('149.160.0.0/14'),
 IPv4Network('156.56.0.0/16'),
 IPv4Network('172.16.0.0/12'),
 IPv4Network('192.168.0.0/24'),
 IPv6Network('::/128'),
 IPv4Network('10.0.0.0/16'),
 IPv4Network('10.1.0.0/16'),
 IPv4Network('10.2.0.0/16'),
 IPv4Network('10.3.0.0/16'),
 IPv4Network('10.4.0.0/16'),
 IPv4Network('10.5.0.0/16'),
 IPv4Network('10.6.0.0/16'),
 IPv4Network('10.7.0.0/16'),
 IPv4Network('10.8.0.0/16'),
 IPv4Network('10.9.0.0/16'),
 IPv4Network('10.10.0.0/16'),
 IPv4Network('10.11.0.0/16'),
 IPv4Network('10.12.0.0/16'),
 IPv4Network('10.13.0.0/16'),
 IPv4Network('10.14.0.0/16'),
 IPv4Network('10.15.0.0/16'),
 IPv4Network('10.16.0.0/16'),
 IPv4Network('10.17.0.0/16'),
 IPv4Network('10.18.0.0/16'),
 IPv4Network('10.19.0.0/16'),
 IPv4Network('10.20.0.0/16'),
 IPv4Network('10.21.0.0/16'),
 IPv4Network('10.22.0.0/16'),
 IPv4Network('10.23.0.0/16'),
 IPv4Network('10.24.0.0/16'),
 IPv4Network('10.25.0.0/16'),
 IPv4Network('10.26.0.0/16'),
 IPv4Network('10.27.0.0/16'),
 IPv4Network('10.28.0.0/16'),
 IPv4Network('10.29.0.0/16'),
 IPv4Network('10.30.0.0/16'),
 IPv4Network('10.31.0.0/16'),
 IPv4Network('10.32.0.0/16'),
 IPv4Network('10.33.0.0/16'),
 IPv4Network('10.34.0.0/16'),
 IPv4Network('10.35.0.0/16'),
 IPv4Network('10.36.0.0/16'),
 IPv4Network('10.37.0.0/16'),
 IPv4Network('10.38.0.0/16'),
 IPv4Network('10.39.0.0/16'),
 IPv4Network('10.40.0.0/16'),
 IPv4Network('10.41.0.0/16'),
 IPv4Network('10.42.0.0/16'),
 IPv4Network('10.43.0.0/16'),
 IPv4Network('10.44.0.0/16'),
 IPv4Network('10.45.0.0/16'),
 IPv4Network('10.46.0.0/16'),
 IPv4Network('10.47.0.0/16'),
 IPv4Network('10.48.0.0/16'),
 IPv4Network('10.49.0.0/16'),
 IPv4Network('10.50.0.0/16'),
 IPv4Network('10.51.0.0/16'),
 IPv4Network('10.52.0.0/16'),
 IPv4Network('10.53.0.0/16'),
 IPv4Network('10.54.0.0/16'),
 IPv4Network('10.55.0.0/16'),
 IPv4Network('10.56.0.0/16'),
 IPv4Network('10.57.0.0/16'),
 IPv4Network('10.58.0.0/16'),
 IPv4Network('10.59.0.0/16'),
 IPv4Network('10.60.0.0/16'),
 IPv4Network('10.61.0.0/16'),
 IPv4Network('10.62.0.0/16'),
 IPv4Network('10.63.0.0/16'),
 IPv4Network('10.64.0.0/16'),
 IPv4Network('10.65.0.0/16'),
 IPv4Network('10.66.0.0/16'),
 IPv4Network('10.67.0.0/16'),
 IPv4Network('10.68.0.0/16'),
 IPv4Network('10.69.0.0/16'),
 IPv4Network('10.70.0.0/16'),
 IPv4Network('10.71.0.0/16'),
 IPv4Network('10.72.0.0/16'),
 IPv4Network('10.73.0.0/16'),
 IPv4Network('10.74.0.0/16'),
 IPv4Network('10.75.0.0/16'),
 IPv4Network('10.76.0.0/16'),
 IPv4Network('10.77.0.0/16'),
 IPv4Network('10.78.0.0/16'),
 IPv4Network('10.79.0.0/16'),
 IPv4Network('10.80.0.0/16'),
 IPv4Network('10.81.0.0/16'),
 IPv4Network('10.82.0.0/16'),
 IPv4Network('10.83.0.0/16')]
[IPv4Network('10.0.0.0/8'),
 IPv4Network('129.79.0.0/16'),
 IPv4Network('134.68.0.0/16'),
 IPv4Network('140.182.0.0/16'),
 IPv4Network('149.159.0.0/16'),
 IPv4Network('149.160.0.0/14'),
 IPv4Network('156.56.0.0/16'),
 IPv4Network('172.16.0.0/12'),
 IPv4Network('192.168.0.0/24'),
 IPv6Network('::/128'),
 IPv4Network('10.0.0.0/16'),
 IPv4Network('10.1.0.0/16'),
 IPv4Network('10.2.0.0/16'),
 IPv4Network('10.3.0.0/16'),
 IPv4Network('10.4.0.0/16'),
 IPv4Network('10.5.0.0/16'),
 IPv4Network('10.6.0.0/16'),
 IPv4Network('10.7.0.0/16'),
 IPv4Network('10.8.0.0/16'),
 IPv4Network('10.9.0.0/16'),
 IPv4Network('10.10.0.0/16'),
 IPv4Network('10.11.0.0/16'),
 IPv4Network('10.12.0.0/16'),
 IPv4Network('10.13.0.0/16'),
 IPv4Network('10.14.0.0/16'),
 IPv4Network('10.15.0.0/16'),
 IPv4Network('10.16.0.0/16'),
 IPv4Network('10.17.0.0/16'),
 IPv4Network('10.18.0.0/16'),
 IPv4Network('10.19.0.0/16'),
 IPv4Network('10.20.0.0/16'),
 IPv4Network('10.21.0.0/16'),
 IPv4Network('10.22.0.0/16'),
 IPv4Network('10.23.0.0/16'),
 IPv4Network('10.24.0.0/16'),
 IPv4Network('10.25.0.0/16'),
 IPv4Network('10.26.0.0/16'),
 IPv4Network('10.27.0.0/16'),
 IPv4Network('10.28.0.0/16'),
 IPv4Network('10.29.0.0/16'),
 IPv4Network('10.30.0.0/16'),
 IPv4Network('10.31.0.0/16'),
 IPv4Network('10.32.0.0/16'),
 IPv4Network('10.33.0.0/16'),
 IPv4Network('10.34.0.0/16'),
 IPv4Network('10.35.0.0/16'),
 IPv4Network('10.36.0.0/16'),
 IPv4Network('10.37.0.0/16'),
 IPv4Network('10.38.0.0/16'),
 IPv4Network('10.39.0.0/16'),
 IPv4Network('10.40.0.0/16'),
 IPv4Network('10.41.0.0/16'),
 IPv4Network('10.42.0.0/16'),
 IPv4Network('10.43.0.0/16'),
 IPv4Network('10.44.0.0/16'),
 IPv4Network('10.45.0.0/16'),
 IPv4Network('10.46.0.0/16'),
 IPv4Network('10.47.0.0/16'),
 IPv4Network('10.48.0.0/16'),
 IPv4Network('10.49.0.0/16'),
 IPv4Network('10.50.0.0/16'),
 IPv4Network('10.51.0.0/16'),
 IPv4Network('10.52.0.0/16'),
 IPv4Network('10.53.0.0/16'),
 IPv4Network('10.54.0.0/16'),
 IPv4Network('10.55.0.0/16'),
 IPv4Network('10.56.0.0/16'),
 IPv4Network('10.57.0.0/16'),
 IPv4Network('10.58.0.0/16'),
 IPv4Network('10.59.0.0/16'),
 IPv4Network('10.60.0.0/16'),
 IPv4Network('10.61.0.0/16'),
 IPv4Network('10.62.0.0/16'),
 IPv4Network('10.63.0.0/16'),
 IPv4Network('10.64.0.0/16'),
 IPv4Network('10.65.0.0/16'),
 IPv4Network('10.66.0.0/16'),
 IPv4Network('10.67.0.0/16'),
 IPv4Network('10.68.0.0/16'),
 IPv4Network('10.69.0.0/16'),
 IPv4Network('10.70.0.0/16'),
 IPv4Network('10.71.0.0/16'),
 IPv4Network('10.72.0.0/16'),
 IPv4Network('10.73.0.0/16'),
 IPv4Network('10.74.0.0/16'),
 IPv4Network('10.75.0.0/16'),
 IPv4Network('10.76.0.0/16'),
 IPv4Network('10.77.0.0/16'),
 IPv4Network('10.78.0.0/16'),
 IPv4Network('10.79.0.0/16'),
 IPv4Network('10.80.0.0/16'),
 IPv4Network('10.81.0.0/16'),
 IPv4Network('10.82.0.0/16'),
 IPv4Network('10.83.0.0/16')]
[IPv4Network('10.0.0.0/8'),
 IPv4Network('129.79.0.0/16'),
 IPv4Network('134.68.0.0/16'),
 IPv4Network('140.182.0.0/16'),
 IPv4Network('149.159.0.0/16'),
 IPv4Network('149.160.0.0/14'),
 IPv4Network('156.56.0.0/16'),
 IPv4Network('172.16.0.0/12'),
 IPv4Network('192.168.0.0/24'),
 IPv6Network('::/128'),
 IPv4Network('10.0.0.0/16'),
 IPv4Network('10.1.0.0/16'),
 IPv4Network('10.2.0.0/16'),
 IPv4Network('10.3.0.0/16'),
 IPv4Network('10.4.0.0/16'),
 IPv4Network('10.5.0.0/16'),
 IPv4Network('10.6.0.0/16'),
 IPv4Network('10.7.0.0/16'),
 IPv4Network('10.8.0.0/16'),
 IPv4Network('10.9.0.0/16'),
 IPv4Network('10.10.0.0/16'),
 IPv4Network('10.11.0.0/16'),
 IPv4Network('10.12.0.0/16'),
 IPv4Network('10.13.0.0/16'),
 IPv4Network('10.14.0.0/16'),
 IPv4Network('10.15.0.0/16'),
 IPv4Network('10.16.0.0/16'),
 IPv4Network('10.17.0.0/16'),
 IPv4Network('10.18.0.0/16'),
 IPv4Network('10.19.0.0/16'),
 IPv4Network('10.20.0.0/16'),
 IPv4Network('10.21.0.0/16'),
 IPv4Network('10.22.0.0/16'),
 IPv4Network('10.23.0.0/16'),
 IPv4Network('10.24.0.0/16'),
 IPv4Network('10.25.0.0/16'),
 IPv4Network('10.26.0.0/16'),
 IPv4Network('10.27.0.0/16'),
 IPv4Network('10.28.0.0/16'),
 IPv4Network('10.29.0.0/16'),
 IPv4Network('10.30.0.0/16'),
 IPv4Network('10.31.0.0/16'),
 IPv4Network('10.32.0.0/16'),
 IPv4Network('10.33.0.0/16'),
 IPv4Network('10.34.0.0/16'),
 IPv4Network('10.35.0.0/16'),
 IPv4Network('10.36.0.0/16'),
 IPv4Network('10.37.0.0/16'),
 IPv4Network('10.38.0.0/16'),
 IPv4Network('10.39.0.0/16'),
 IPv4Network('10.40.0.0/16'),
 IPv4Network('10.41.0.0/16'),
 IPv4Network('10.42.0.0/16'),
 IPv4Network('10.43.0.0/16'),
 IPv4Network('10.44.0.0/16'),
 IPv4Network('10.45.0.0/16'),
 IPv4Network('10.46.0.0/16'),
 IPv4Network('10.47.0.0/16'),
 IPv4Network('10.48.0.0/16'),
 IPv4Network('10.49.0.0/16'),
 IPv4Network('10.50.0.0/16'),
 IPv4Network('10.51.0.0/16'),
 IPv4Network('10.52.0.0/16'),
 IPv4Network('10.53.0.0/16'),
 IPv4Network('10.54.0.0/16'),
 IPv4Network('10.55.0.0/16'),
 IPv4Network('10.56.0.0/16'),
 IPv4Network('10.57.0.0/16'),
 IPv4Network('10.58.0.0/16'),
 IPv4Network('10.59.0.0/16'),
 IPv4Network('10.60.0.0/16'),
 IPv4Network('10.61.0.0/16'),
 IPv4Network('10.62.0.0/16'),
 IPv4Network('10.63.0.0/16'),
 IPv4Network('10.64.0.0/16'),
 IPv4Network('10.65.0.0/16'),
 IPv4Network('10.66.0.0/16'),
 IPv4Network('10.67.0.0/16'),
 IPv4Network('10.68.0.0/16'),
 IPv4Network('10.69.0.0/16'),
 IPv4Network('10.70.0.0/16'),
 IPv4Network('10.71.0.0/16'),
 IPv4Network('10.72.0.0/16'),
 IPv4Network('10.73.0.0/16'),
 IPv4Network('10.74.0.0/16'),
 IPv4Network('10.75.0.0/16'),
 IPv4Network('10.76.0.0/16'),
 IPv4Network('10.77.0.0/16'),
 IPv4Network('10.78.0.0/16'),
 IPv4Network('10.79.0.0/16'),
 IPv4Network('10.80.0.0/16'),
 IPv4Network('10.81.0.0/16'),
 IPv4Network('10.82.0.0/16'),
 IPv4Network('10.83.0.0/16'),
 IPv4Network('10.84.0.0/16'),
 IPv4Network('10.85.0.0/16')]
[IPv4Network('10.0.0.0/8'),
 IPv4Network('129.79.0.0/16'),
 IPv4Network('134.68.0.0/16'),
 IPv4Network('140.182.0.0/16'),
 IPv4Network('149.159.0.0/16'),
 IPv4Network('149.160.0.0/14'),
 IPv4Network('156.56.0.0/16'),
 IPv4Network('172.16.0.0/12'),
 IPv4Network('192.168.0.0/24'),
 IPv6Network('::/128'),
 IPv4Network('10.0.0.0/16'),
 IPv4Network('10.1.0.0/16'),
 IPv4Network('10.2.0.0/16'),
 IPv4Network('10.3.0.0/16'),
 IPv4Network('10.4.0.0/16'),
 IPv4Network('10.5.0.0/16'),
 IPv4Network('10.6.0.0/16'),
 IPv4Network('10.7.0.0/16'),
 IPv4Network('10.8.0.0/16'),
 IPv4Network('10.9.0.0/16'),
 IPv4Network('10.10.0.0/16'),
 IPv4Network('10.11.0.0/16'),
 IPv4Network('10.12.0.0/16'),
 IPv4Network('10.13.0.0/16'),
 IPv4Network('10.14.0.0/16'),
 IPv4Network('10.15.0.0/16'),
 IPv4Network('10.16.0.0/16'),
 IPv4Network('10.17.0.0/16'),
 IPv4Network('10.18.0.0/16'),
 IPv4Network('10.19.0.0/16'),
 IPv4Network('10.20.0.0/16'),
 IPv4Network('10.21.0.0/16'),
 IPv4Network('10.22.0.0/16'),
 IPv4Network('10.23.0.0/16'),
 IPv4Network('10.24.0.0/16'),
 IPv4Network('10.25.0.0/16'),
 IPv4Network('10.26.0.0/16'),
 IPv4Network('10.27.0.0/16'),
 IPv4Network('10.28.0.0/16'),
 IPv4Network('10.29.0.0/16'),
 IPv4Network('10.30.0.0/16'),
 IPv4Network('10.31.0.0/16'),
 IPv4Network('10.32.0.0/16'),
 IPv4Network('10.33.0.0/16'),
 IPv4Network('10.34.0.0/16'),
 IPv4Network('10.35.0.0/16'),
 IPv4Network('10.36.0.0/16'),
 IPv4Network('10.37.0.0/16'),
 IPv4Network('10.38.0.0/16'),
 IPv4Network('10.39.0.0/16'),
 IPv4Network('10.40.0.0/16'),
 IPv4Network('10.41.0.0/16'),
 IPv4Network('10.42.0.0/16'),
 IPv4Network('10.43.0.0/16'),
 IPv4Network('10.44.0.0/16'),
 IPv4Network('10.45.0.0/16'),
 IPv4Network('10.46.0.0/16'),
 IPv4Network('10.47.0.0/16'),
 IPv4Network('10.48.0.0/16'),
 IPv4Network('10.49.0.0/16'),
 IPv4Network('10.50.0.0/16'),
 IPv4Network('10.51.0.0/16'),
 IPv4Network('10.52.0.0/16'),
 IPv4Network('10.53.0.0/16'),
 IPv4Network('10.54.0.0/16'),
 IPv4Network('10.55.0.0/16'),
 IPv4Network('10.56.0.0/16'),
 IPv4Network('10.57.0.0/16'),
 IPv4Network('10.58.0.0/16'),
 IPv4Network('10.59.0.0/16'),
 IPv4Network('10.60.0.0/16'),
 IPv4Network('10.61.0.0/16'),
 IPv4Network('10.62.0.0/16'),
 IPv4Network('10.63.0.0/16'),
 IPv4Network('10.64.0.0/16'),
 IPv4Network('10.65.0.0/16'),
 IPv4Network('10.66.0.0/16'),
 IPv4Network('10.67.0.0/16'),
 IPv4Network('10.68.0.0/16'),
 IPv4Network('10.69.0.0/16'),
 IPv4Network('10.70.0.0/16'),
 IPv4Network('10.71.0.0/16'),
 IPv4Network('10.72.0.0/16'),
 IPv4Network('10.73.0.0/16'),
 IPv4Network('10.74.0.0/16'),
 IPv4Network('10.75.0.0/16'),
 IPv4Network('10.76.0.0/16'),
 IPv4Network('10.77.0.0/16'),
 IPv4Network('10.78.0.0/16'),
 IPv4Network('10.79.0.0/16'),
 IPv4Network('10.80.0.0/16'),
 IPv4Network('10.81.0.0/16'),
 IPv4Network('10.82.0.0/16'),
 IPv4Network('10.83.0.0/16'),
 IPv4Network('10.84.0.0/16'),
 IPv4Network('10.85.0.0/16'),
 IPv4Network('10.86.0.0/16'),
 IPv4Network('10.87.0.0/16')]
[IPv4Network('10.0.0.0/8'),
 IPv4Network('129.79.0.0/16'),
 IPv4Network('134.68.0.0/16'),
 IPv4Network('140.182.0.0/16'),
 IPv4Network('149.159.0.0/16'),
 IPv4Network('149.160.0.0/14'),
 IPv4Network('156.56.0.0/16'),
 IPv4Network('172.16.0.0/12'),
 IPv4Network('192.168.0.0/24'),
 IPv6Network('::/128'),
 IPv4Network('10.0.0.0/16'),
 IPv4Network('10.1.0.0/16'),
 IPv4Network('10.2.0.0/16'),
 IPv4Network('10.3.0.0/16'),
 IPv4Network('10.4.0.0/16'),
 IPv4Network('10.5.0.0/16'),
 IPv4Network('10.6.0.0/16'),
 IPv4Network('10.7.0.0/16'),
 IPv4Network('10.8.0.0/16'),
 IPv4Network('10.9.0.0/16'),
 IPv4Network('10.10.0.0/16'),
 IPv4Network('10.11.0.0/16'),
 IPv4Network('10.12.0.0/16'),
 IPv4Network('10.13.0.0/16'),
 IPv4Network('10.14.0.0/16'),
 IPv4Network('10.15.0.0/16'),
 IPv4Network('10.16.0.0/16'),
 IPv4Network('10.17.0.0/16'),
 IPv4Network('10.18.0.0/16'),
 IPv4Network('10.19.0.0/16'),
 IPv4Network('10.20.0.0/16'),
 IPv4Network('10.21.0.0/16'),
 IPv4Network('10.22.0.0/16'),
 IPv4Network('10.23.0.0/16'),
 IPv4Network('10.24.0.0/16'),
 IPv4Network('10.25.0.0/16'),
 IPv4Network('10.26.0.0/16'),
 IPv4Network('10.27.0.0/16'),
 IPv4Network('10.28.0.0/16'),
 IPv4Network('10.29.0.0/16'),
 IPv4Network('10.30.0.0/16'),
 IPv4Network('10.31.0.0/16'),
 IPv4Network('10.32.0.0/16'),
 IPv4Network('10.33.0.0/16'),
 IPv4Network('10.34.0.0/16'),
 IPv4Network('10.35.0.0/16'),
 IPv4Network('10.36.0.0/16'),
 IPv4Network('10.37.0.0/16'),
 IPv4Network('10.38.0.0/16'),
 IPv4Network('10.39.0.0/16'),
 IPv4Network('10.40.0.0/16'),
 IPv4Network('10.41.0.0/16'),
 IPv4Network('10.42.0.0/16'),
 IPv4Network('10.43.0.0/16'),
 IPv4Network('10.44.0.0/16'),
 IPv4Network('10.45.0.0/16'),
 IPv4Network('10.46.0.0/16'),
 IPv4Network('10.47.0.0/16'),
 IPv4Network('10.48.0.0/16'),
 IPv4Network('10.49.0.0/16'),
 IPv4Network('10.50.0.0/16'),
 IPv4Network('10.51.0.0/16'),
 IPv4Network('10.52.0.0/16'),
 IPv4Network('10.53.0.0/16'),
 IPv4Network('10.54.0.0/16'),
 IPv4Network('10.55.0.0/16'),
 IPv4Network('10.56.0.0/16'),
 IPv4Network('10.57.0.0/16'),
 IPv4Network('10.58.0.0/16'),
 IPv4Network('10.59.0.0/16'),
 IPv4Network('10.60.0.0/16'),
 IPv4Network('10.61.0.0/16'),
 IPv4Network('10.62.0.0/16'),
 IPv4Network('10.63.0.0/16'),
 IPv4Network('10.64.0.0/16'),
 IPv4Network('10.65.0.0/16'),
 IPv4Network('10.66.0.0/16'),
 IPv4Network('10.67.0.0/16'),
 IPv4Network('10.68.0.0/16'),
 IPv4Network('10.69.0.0/16'),
 IPv4Network('10.70.0.0/16'),
 IPv4Network('10.71.0.0/16'),
 IPv4Network('10.72.0.0/16'),
 IPv4Network('10.73.0.0/16'),
 IPv4Network('10.74.0.0/16'),
 IPv4Network('10.75.0.0/16'),
 IPv4Network('10.76.0.0/16'),
 IPv4Network('10.77.0.0/16'),
 IPv4Network('10.78.0.0/16'),
 IPv4Network('10.79.0.0/16'),
 IPv4Network('10.80.0.0/16'),
 IPv4Network('10.81.0.0/16'),
 IPv4Network('10.82.0.0/16'),
 IPv4Network('10.83.0.0/16'),
 IPv4Network('10.84.0.0/16'),
 IPv4Network('10.85.0.0/16'),
 IPv4Network('10.86.0.0/16'),
 IPv4Network('10.87.0.0/16')]
[IPv4Network('10.0.0.0/8'),
 IPv4Network('129.79.0.0/16'),
 IPv4Network('134.68.0.0/16'),
 IPv4Network('140.182.0.0/16'),
 IPv4Network('149.159.0.0/16'),
 IPv4Network('149.160.0.0/14'),
 IPv4Network('156.56.0.0/16'),
 IPv4Network('172.16.0.0/12'),
 IPv4Network('192.168.0.0/24'),
 IPv6Network('::/128'),
 IPv4Network('10.0.0.0/16'),
 IPv4Network('10.1.0.0/16'),
 IPv4Network('10.2.0.0/16'),
 IPv4Network('10.3.0.0/16'),
 IPv4Network('10.4.0.0/16'),
 IPv4Network('10.5.0.0/16'),
 IPv4Network('10.6.0.0/16'),
 IPv4Network('10.7.0.0/16'),
 IPv4Network('10.8.0.0/16'),
 IPv4Network('10.9.0.0/16'),
 IPv4Network('10.10.0.0/16'),
 IPv4Network('10.11.0.0/16'),
 IPv4Network('10.12.0.0/16'),
 IPv4Network('10.13.0.0/16'),
 IPv4Network('10.14.0.0/16'),
 IPv4Network('10.15.0.0/16'),
 IPv4Network('10.16.0.0/16'),
 IPv4Network('10.17.0.0/16'),
 IPv4Network('10.18.0.0/16'),
 IPv4Network('10.19.0.0/16'),
 IPv4Network('10.20.0.0/16'),
 IPv4Network('10.21.0.0/16'),
 IPv4Network('10.22.0.0/16'),
 IPv4Network('10.23.0.0/16'),
 IPv4Network('10.24.0.0/16'),
 IPv4Network('10.25.0.0/16'),
 IPv4Network('10.26.0.0/16'),
 IPv4Network('10.27.0.0/16'),
 IPv4Network('10.28.0.0/16'),
 IPv4Network('10.29.0.0/16'),
 IPv4Network('10.30.0.0/16'),
 IPv4Network('10.31.0.0/16'),
 IPv4Network('10.32.0.0/16'),
 IPv4Network('10.33.0.0/16'),
 IPv4Network('10.34.0.0/16'),
 IPv4Network('10.35.0.0/16'),
 IPv4Network('10.36.0.0/16'),
 IPv4Network('10.37.0.0/16'),
 IPv4Network('10.38.0.0/16'),
 IPv4Network('10.39.0.0/16'),
 IPv4Network('10.40.0.0/16'),
 IPv4Network('10.41.0.0/16'),
 IPv4Network('10.42.0.0/16'),
 IPv4Network('10.43.0.0/16'),
 IPv4Network('10.44.0.0/16'),
 IPv4Network('10.45.0.0/16'),
 IPv4Network('10.46.0.0/16'),
 IPv4Network('10.47.0.0/16'),
 IPv4Network('10.48.0.0/16'),
 IPv4Network('10.49.0.0/16'),
 IPv4Network('10.50.0.0/16'),
 IPv4Network('10.51.0.0/16'),
 IPv4Network('10.52.0.0/16'),
 IPv4Network('10.53.0.0/16'),
 IPv4Network('10.54.0.0/16'),
 IPv4Network('10.55.0.0/16'),
 IPv4Network('10.56.0.0/16'),
 IPv4Network('10.57.0.0/16'),
 IPv4Network('10.58.0.0/16'),
 IPv4Network('10.59.0.0/16'),
 IPv4Network('10.60.0.0/16'),
 IPv4Network('10.61.0.0/16'),
 IPv4Network('10.62.0.0/16'),
 IPv4Network('10.63.0.0/16'),
 IPv4Network('10.64.0.0/16'),
 IPv4Network('10.65.0.0/16'),
 IPv4Network('10.66.0.0/16'),
 IPv4Network('10.67.0.0/16'),
 IPv4Network('10.68.0.0/16'),
 IPv4Network('10.69.0.0/16'),
 IPv4Network('10.70.0.0/16'),
 IPv4Network('10.71.0.0/16'),
 IPv4Network('10.72.0.0/16'),
 IPv4Network('10.73.0.0/16'),
 IPv4Network('10.74.0.0/16'),
 IPv4Network('10.75.0.0/16'),
 IPv4Network('10.76.0.0/16'),
 IPv4Network('10.77.0.0/16'),
 IPv4Network('10.78.0.0/16'),
 IPv4Network('10.79.0.0/16'),
 IPv4Network('10.80.0.0/16'),
 IPv4Network('10.81.0.0/16'),
 IPv4Network('10.82.0.0/16'),
 IPv4Network('10.83.0.0/16'),
 IPv4Network('10.84.0.0/16'),
 IPv4Network('10.85.0.0/16'),
 IPv4Network('10.86.0.0/16'),
 IPv4Network('10.87.0.0/16')]
[IPv4Network('10.0.0.0/8'),
 IPv4Network('129.79.0.0/16'),
 IPv4Network('134.68.0.0/16'),
 IPv4Network('140.182.0.0/16'),
 IPv4Network('149.159.0.0/16'),
 IPv4Network('149.160.0.0/14'),
 IPv4Network('156.56.0.0/16'),
 IPv4Network('172.16.0.0/12'),
 IPv4Network('192.168.0.0/24'),
 IPv6Network('::/128'),
 IPv4Network('10.0.0.0/16'),
 IPv4Network('10.1.0.0/16'),
 IPv4Network('10.2.0.0/16'),
 IPv4Network('10.3.0.0/16'),
 IPv4Network('10.4.0.0/16'),
 IPv4Network('10.5.0.0/16'),
 IPv4Network('10.6.0.0/16'),
 IPv4Network('10.7.0.0/16'),
 IPv4Network('10.8.0.0/16'),
 IPv4Network('10.9.0.0/16'),
 IPv4Network('10.10.0.0/16'),
 IPv4Network('10.11.0.0/16'),
 IPv4Network('10.12.0.0/16'),
 IPv4Network('10.13.0.0/16'),
 IPv4Network('10.14.0.0/16'),
 IPv4Network('10.15.0.0/16'),
 IPv4Network('10.16.0.0/16'),
 IPv4Network('10.17.0.0/16'),
 IPv4Network('10.18.0.0/16'),
 IPv4Network('10.19.0.0/16'),
 IPv4Network('10.20.0.0/16'),
 IPv4Network('10.21.0.0/16'),
 IPv4Network('10.22.0.0/16'),
 IPv4Network('10.23.0.0/16'),
 IPv4Network('10.24.0.0/16'),
 IPv4Network('10.25.0.0/16'),
 IPv4Network('10.26.0.0/16'),
 IPv4Network('10.27.0.0/16'),
 IPv4Network('10.28.0.0/16'),
 IPv4Network('10.29.0.0/16'),
 IPv4Network('10.30.0.0/16'),
 IPv4Network('10.31.0.0/16'),
 IPv4Network('10.32.0.0/16'),
 IPv4Network('10.33.0.0/16'),
 IPv4Network('10.34.0.0/16'),
 IPv4Network('10.35.0.0/16'),
 IPv4Network('10.36.0.0/16'),
 IPv4Network('10.37.0.0/16'),
 IPv4Network('10.38.0.0/16'),
 IPv4Network('10.39.0.0/16'),
 IPv4Network('10.40.0.0/16'),
 IPv4Network('10.41.0.0/16'),
 IPv4Network('10.42.0.0/16'),
 IPv4Network('10.43.0.0/16'),
 IPv4Network('10.44.0.0/16'),
 IPv4Network('10.45.0.0/16'),
 IPv4Network('10.46.0.0/16'),
 IPv4Network('10.47.0.0/16'),
 IPv4Network('10.48.0.0/16'),
 IPv4Network('10.49.0.0/16'),
 IPv4Network('10.50.0.0/16'),
 IPv4Network('10.51.0.0/16'),
 IPv4Network('10.52.0.0/16'),
 IPv4Network('10.53.0.0/16'),
 IPv4Network('10.54.0.0/16'),
 IPv4Network('10.55.0.0/16'),
 IPv4Network('10.56.0.0/16'),
 IPv4Network('10.57.0.0/16'),
 IPv4Network('10.58.0.0/16'),
 IPv4Network('10.59.0.0/16'),
 IPv4Network('10.60.0.0/16'),
 IPv4Network('10.61.0.0/16'),
 IPv4Network('10.62.0.0/16'),
 IPv4Network('10.63.0.0/16'),
 IPv4Network('10.64.0.0/16'),
 IPv4Network('10.65.0.0/16'),
 IPv4Network('10.66.0.0/16'),
 IPv4Network('10.67.0.0/16'),
 IPv4Network('10.68.0.0/16'),
 IPv4Network('10.69.0.0/16'),
 IPv4Network('10.70.0.0/16'),
 IPv4Network('10.71.0.0/16'),
 IPv4Network('10.72.0.0/16'),
 IPv4Network('10.73.0.0/16'),
 IPv4Network('10.74.0.0/16'),
 IPv4Network('10.75.0.0/16'),
 IPv4Network('10.76.0.0/16'),
 IPv4Network('10.77.0.0/16'),
 IPv4Network('10.78.0.0/16'),
 IPv4Network('10.79.0.0/16'),
 IPv4Network('10.80.0.0/16'),
 IPv4Network('10.81.0.0/16'),
 IPv4Network('10.82.0.0/16'),
 IPv4Network('10.83.0.0/16'),
 IPv4Network('10.84.0.0/16'),
 IPv4Network('10.85.0.0/16'),
 IPv4Network('10.86.0.0/16'),
 IPv4Network('10.87.0.0/16'),
 IPv4Network('10.88.0.0/16'),
 IPv4Network('10.89.0.0/16')]
[IPv4Network('10.0.0.0/8'),
 IPv4Network('129.79.0.0/16'),
 IPv4Network('134.68.0.0/16'),
 IPv4Network('140.182.0.0/16'),
 IPv4Network('149.159.0.0/16'),
 IPv4Network('149.160.0.0/14'),
 IPv4Network('156.56.0.0/16'),
 IPv4Network('172.16.0.0/12'),
 IPv4Network('192.168.0.0/24'),
 IPv6Network('::/128'),
 IPv4Network('10.0.0.0/16'),
 IPv4Network('10.1.0.0/16'),
 IPv4Network('10.2.0.0/16'),
 IPv4Network('10.3.0.0/16'),
 IPv4Network('10.4.0.0/16'),
 IPv4Network('10.5.0.0/16'),
 IPv4Network('10.6.0.0/16'),
 IPv4Network('10.7.0.0/16'),
 IPv4Network('10.8.0.0/16'),
 IPv4Network('10.9.0.0/16'),
 IPv4Network('10.10.0.0/16'),
 IPv4Network('10.11.0.0/16'),
 IPv4Network('10.12.0.0/16'),
 IPv4Network('10.13.0.0/16'),
 IPv4Network('10.14.0.0/16'),
 IPv4Network('10.15.0.0/16'),
 IPv4Network('10.16.0.0/16'),
 IPv4Network('10.17.0.0/16'),
 IPv4Network('10.18.0.0/16'),
 IPv4Network('10.19.0.0/16'),
 IPv4Network('10.20.0.0/16'),
 IPv4Network('10.21.0.0/16'),
 IPv4Network('10.22.0.0/16'),
 IPv4Network('10.23.0.0/16'),
 IPv4Network('10.24.0.0/16'),
 IPv4Network('10.25.0.0/16'),
 IPv4Network('10.26.0.0/16'),
 IPv4Network('10.27.0.0/16'),
 IPv4Network('10.28.0.0/16'),
 IPv4Network('10.29.0.0/16'),
 IPv4Network('10.30.0.0/16'),
 IPv4Network('10.31.0.0/16'),
 IPv4Network('10.32.0.0/16'),
 IPv4Network('10.33.0.0/16'),
 IPv4Network('10.34.0.0/16'),
 IPv4Network('10.35.0.0/16'),
 IPv4Network('10.36.0.0/16'),
 IPv4Network('10.37.0.0/16'),
 IPv4Network('10.38.0.0/16'),
 IPv4Network('10.39.0.0/16'),
 IPv4Network('10.40.0.0/16'),
 IPv4Network('10.41.0.0/16'),
 IPv4Network('10.42.0.0/16'),
 IPv4Network('10.43.0.0/16'),
 IPv4Network('10.44.0.0/16'),
 IPv4Network('10.45.0.0/16'),
 IPv4Network('10.46.0.0/16'),
 IPv4Network('10.47.0.0/16'),
 IPv4Network('10.48.0.0/16'),
 IPv4Network('10.49.0.0/16'),
 IPv4Network('10.50.0.0/16'),
 IPv4Network('10.51.0.0/16'),
 IPv4Network('10.52.0.0/16'),
 IPv4Network('10.53.0.0/16'),
 IPv4Network('10.54.0.0/16'),
 IPv4Network('10.55.0.0/16'),
 IPv4Network('10.56.0.0/16'),
 IPv4Network('10.57.0.0/16'),
 IPv4Network('10.58.0.0/16'),
 IPv4Network('10.59.0.0/16'),
 IPv4Network('10.60.0.0/16'),
 IPv4Network('10.61.0.0/16'),
 IPv4Network('10.62.0.0/16'),
 IPv4Network('10.63.0.0/16'),
 IPv4Network('10.64.0.0/16'),
 IPv4Network('10.65.0.0/16'),
 IPv4Network('10.66.0.0/16'),
 IPv4Network('10.67.0.0/16'),
 IPv4Network('10.68.0.0/16'),
 IPv4Network('10.69.0.0/16'),
 IPv4Network('10.70.0.0/16'),
 IPv4Network('10.71.0.0/16'),
 IPv4Network('10.72.0.0/16'),
 IPv4Network('10.73.0.0/16'),
 IPv4Network('10.74.0.0/16'),
 IPv4Network('10.75.0.0/16'),
 IPv4Network('10.76.0.0/16'),
 IPv4Network('10.77.0.0/16'),
 IPv4Network('10.78.0.0/16'),
 IPv4Network('10.79.0.0/16'),
 IPv4Network('10.80.0.0/16'),
 IPv4Network('10.81.0.0/16'),
 IPv4Network('10.82.0.0/16'),
 IPv4Network('10.83.0.0/16'),
 IPv4Network('10.84.0.0/16'),
 IPv4Network('10.85.0.0/16'),
 IPv4Network('10.86.0.0/16'),
 IPv4Network('10.87.0.0/16'),
 IPv4Network('10.88.0.0/16'),
 IPv4Network('10.89.0.0/16'),
 IPv4Network('10.90.0.0/16'),
 IPv4Network('10.91.0.0/16')]
[IPv4Network('10.0.0.0/8'),
 IPv4Network('129.79.0.0/16'),
 IPv4Network('134.68.0.0/16'),
 IPv4Network('140.182.0.0/16'),
 IPv4Network('149.159.0.0/16'),
 IPv4Network('149.160.0.0/14'),
 IPv4Network('156.56.0.0/16'),
 IPv4Network('172.16.0.0/12'),
 IPv4Network('192.168.0.0/24'),
 IPv6Network('::/128'),
 IPv4Network('10.0.0.0/16'),
 IPv4Network('10.1.0.0/16'),
 IPv4Network('10.2.0.0/16'),
 IPv4Network('10.3.0.0/16'),
 IPv4Network('10.4.0.0/16'),
 IPv4Network('10.5.0.0/16'),
 IPv4Network('10.6.0.0/16'),
 IPv4Network('10.7.0.0/16'),
 IPv4Network('10.8.0.0/16'),
 IPv4Network('10.9.0.0/16'),
 IPv4Network('10.10.0.0/16'),
 IPv4Network('10.11.0.0/16'),
 IPv4Network('10.12.0.0/16'),
 IPv4Network('10.13.0.0/16'),
 IPv4Network('10.14.0.0/16'),
 IPv4Network('10.15.0.0/16'),
 IPv4Network('10.16.0.0/16'),
 IPv4Network('10.17.0.0/16'),
 IPv4Network('10.18.0.0/16'),
 IPv4Network('10.19.0.0/16'),
 IPv4Network('10.20.0.0/16'),
 IPv4Network('10.21.0.0/16'),
 IPv4Network('10.22.0.0/16'),
 IPv4Network('10.23.0.0/16'),
 IPv4Network('10.24.0.0/16'),
 IPv4Network('10.25.0.0/16'),
 IPv4Network('10.26.0.0/16'),
 IPv4Network('10.27.0.0/16'),
 IPv4Network('10.28.0.0/16'),
 IPv4Network('10.29.0.0/16'),
 IPv4Network('10.30.0.0/16'),
 IPv4Network('10.31.0.0/16'),
 IPv4Network('10.32.0.0/16'),
 IPv4Network('10.33.0.0/16'),
 IPv4Network('10.34.0.0/16'),
 IPv4Network('10.35.0.0/16'),
 IPv4Network('10.36.0.0/16'),
 IPv4Network('10.37.0.0/16'),
 IPv4Network('10.38.0.0/16'),
 IPv4Network('10.39.0.0/16'),
 IPv4Network('10.40.0.0/16'),
 IPv4Network('10.41.0.0/16'),
 IPv4Network('10.42.0.0/16'),
 IPv4Network('10.43.0.0/16'),
 IPv4Network('10.44.0.0/16'),
 IPv4Network('10.45.0.0/16'),
 IPv4Network('10.46.0.0/16'),
 IPv4Network('10.47.0.0/16'),
 IPv4Network('10.48.0.0/16'),
 IPv4Network('10.49.0.0/16'),
 IPv4Network('10.50.0.0/16'),
 IPv4Network('10.51.0.0/16'),
 IPv4Network('10.52.0.0/16'),
 IPv4Network('10.53.0.0/16'),
 IPv4Network('10.54.0.0/16'),
 IPv4Network('10.55.0.0/16'),
 IPv4Network('10.56.0.0/16'),
 IPv4Network('10.57.0.0/16'),
 IPv4Network('10.58.0.0/16'),
 IPv4Network('10.59.0.0/16'),
 IPv4Network('10.60.0.0/16'),
 IPv4Network('10.61.0.0/16'),
 IPv4Network('10.62.0.0/16'),
 IPv4Network('10.63.0.0/16'),
 IPv4Network('10.64.0.0/16'),
 IPv4Network('10.65.0.0/16'),
 IPv4Network('10.66.0.0/16'),
 IPv4Network('10.67.0.0/16'),
 IPv4Network('10.68.0.0/16'),
 IPv4Network('10.69.0.0/16'),
 IPv4Network('10.70.0.0/16'),
 IPv4Network('10.71.0.0/16'),
 IPv4Network('10.72.0.0/16'),
 IPv4Network('10.73.0.0/16'),
 IPv4Network('10.74.0.0/16'),
 IPv4Network('10.75.0.0/16'),
 IPv4Network('10.76.0.0/16'),
 IPv4Network('10.77.0.0/16'),
 IPv4Network('10.78.0.0/16'),
 IPv4Network('10.79.0.0/16'),
 IPv4Network('10.80.0.0/16'),
 IPv4Network('10.81.0.0/16'),
 IPv4Network('10.82.0.0/16'),
 IPv4Network('10.83.0.0/16'),
 IPv4Network('10.84.0.0/16'),
 IPv4Network('10.85.0.0/16'),
 IPv4Network('10.86.0.0/16'),
 IPv4Network('10.87.0.0/16'),
 IPv4Network('10.88.0.0/16'),
 IPv4Network('10.89.0.0/16'),
 IPv4Network('10.90.0.0/16'),
 IPv4Network('10.91.0.0/16')]
[IPv4Network('10.0.0.0/8'),
 IPv4Network('129.79.0.0/16'),
 IPv4Network('134.68.0.0/16'),
 IPv4Network('140.182.0.0/16'),
 IPv4Network('149.159.0.0/16'),
 IPv4Network('149.160.0.0/14'),
 IPv4Network('156.56.0.0/16'),
 IPv4Network('172.16.0.0/12'),
 IPv4Network('192.168.0.0/24'),
 IPv6Network('::/128'),
 IPv4Network('10.0.0.0/16'),
 IPv4Network('10.1.0.0/16'),
 IPv4Network('10.2.0.0/16'),
 IPv4Network('10.3.0.0/16'),
 IPv4Network('10.4.0.0/16'),
 IPv4Network('10.5.0.0/16'),
 IPv4Network('10.6.0.0/16'),
 IPv4Network('10.7.0.0/16'),
 IPv4Network('10.8.0.0/16'),
 IPv4Network('10.9.0.0/16'),
 IPv4Network('10.10.0.0/16'),
 IPv4Network('10.11.0.0/16'),
 IPv4Network('10.12.0.0/16'),
 IPv4Network('10.13.0.0/16'),
 IPv4Network('10.14.0.0/16'),
 IPv4Network('10.15.0.0/16'),
 IPv4Network('10.16.0.0/16'),
 IPv4Network('10.17.0.0/16'),
 IPv4Network('10.18.0.0/16'),
 IPv4Network('10.19.0.0/16'),
 IPv4Network('10.20.0.0/16'),
 IPv4Network('10.21.0.0/16'),
 IPv4Network('10.22.0.0/16'),
 IPv4Network('10.23.0.0/16'),
 IPv4Network('10.24.0.0/16'),
 IPv4Network('10.25.0.0/16'),
 IPv4Network('10.26.0.0/16'),
 IPv4Network('10.27.0.0/16'),
 IPv4Network('10.28.0.0/16'),
 IPv4Network('10.29.0.0/16'),
 IPv4Network('10.30.0.0/16'),
 IPv4Network('10.31.0.0/16'),
 IPv4Network('10.32.0.0/16'),
 IPv4Network('10.33.0.0/16'),
 IPv4Network('10.34.0.0/16'),
 IPv4Network('10.35.0.0/16'),
 IPv4Network('10.36.0.0/16'),
 IPv4Network('10.37.0.0/16'),
 IPv4Network('10.38.0.0/16'),
 IPv4Network('10.39.0.0/16'),
 IPv4Network('10.40.0.0/16'),
 IPv4Network('10.41.0.0/16'),
 IPv4Network('10.42.0.0/16'),
 IPv4Network('10.43.0.0/16'),
 IPv4Network('10.44.0.0/16'),
 IPv4Network('10.45.0.0/16'),
 IPv4Network('10.46.0.0/16'),
 IPv4Network('10.47.0.0/16'),
 IPv4Network('10.48.0.0/16'),
 IPv4Network('10.49.0.0/16'),
 IPv4Network('10.50.0.0/16'),
 IPv4Network('10.51.0.0/16'),
 IPv4Network('10.52.0.0/16'),
 IPv4Network('10.53.0.0/16'),
 IPv4Network('10.54.0.0/16'),
 IPv4Network('10.55.0.0/16'),
 IPv4Network('10.56.0.0/16'),
 IPv4Network('10.57.0.0/16'),
 IPv4Network('10.58.0.0/16'),
 IPv4Network('10.59.0.0/16'),
 IPv4Network('10.60.0.0/16'),
 IPv4Network('10.61.0.0/16'),
 IPv4Network('10.62.0.0/16'),
 IPv4Network('10.63.0.0/16'),
 IPv4Network('10.64.0.0/16'),
 IPv4Network('10.65.0.0/16'),
 IPv4Network('10.66.0.0/16'),
 IPv4Network('10.67.0.0/16'),
 IPv4Network('10.68.0.0/16'),
 IPv4Network('10.69.0.0/16'),
 IPv4Network('10.70.0.0/16'),
 IPv4Network('10.71.0.0/16'),
 IPv4Network('10.72.0.0/16'),
 IPv4Network('10.73.0.0/16'),
 IPv4Network('10.74.0.0/16'),
 IPv4Network('10.75.0.0/16'),
 IPv4Network('10.76.0.0/16'),
 IPv4Network('10.77.0.0/16'),
 IPv4Network('10.78.0.0/16'),
 IPv4Network('10.79.0.0/16'),
 IPv4Network('10.80.0.0/16'),
 IPv4Network('10.81.0.0/16'),
 IPv4Network('10.82.0.0/16'),
 IPv4Network('10.83.0.0/16'),
 IPv4Network('10.84.0.0/16'),
 IPv4Network('10.85.0.0/16'),
 IPv4Network('10.86.0.0/16'),
 IPv4Network('10.87.0.0/16'),
 IPv4Network('10.88.0.0/16'),
 IPv4Network('10.89.0.0/16'),
 IPv4Network('10.90.0.0/16'),
 IPv4Network('10.91.0.0/16'),
 IPv4Network('10.92.0.0/16'),
 IPv4Network('10.93.0.0/16')]
[IPv4Network('10.0.0.0/8'),
 IPv4Network('129.79.0.0/16'),
 IPv4Network('134.68.0.0/16'),
 IPv4Network('140.182.0.0/16'),
 IPv4Network('149.159.0.0/16'),
 IPv4Network('149.160.0.0/14'),
 IPv4Network('156.56.0.0/16'),
 IPv4Network('172.16.0.0/12'),
 IPv4Network('192.168.0.0/24'),
 IPv6Network('::/128'),
 IPv4Network('10.0.0.0/16'),
 IPv4Network('10.1.0.0/16'),
 IPv4Network('10.2.0.0/16'),
 IPv4Network('10.3.0.0/16'),
 IPv4Network('10.4.0.0/16'),
 IPv4Network('10.5.0.0/16'),
 IPv4Network('10.6.0.0/16'),
 IPv4Network('10.7.0.0/16'),
 IPv4Network('10.8.0.0/16'),
 IPv4Network('10.9.0.0/16'),
 IPv4Network('10.10.0.0/16'),
 IPv4Network('10.11.0.0/16'),
 IPv4Network('10.12.0.0/16'),
 IPv4Network('10.13.0.0/16'),
 IPv4Network('10.14.0.0/16'),
 IPv4Network('10.15.0.0/16'),
 IPv4Network('10.16.0.0/16'),
 IPv4Network('10.17.0.0/16'),
 IPv4Network('10.18.0.0/16'),
 IPv4Network('10.19.0.0/16'),
 IPv4Network('10.20.0.0/16'),
 IPv4Network('10.21.0.0/16'),
 IPv4Network('10.22.0.0/16'),
 IPv4Network('10.23.0.0/16'),
 IPv4Network('10.24.0.0/16'),
 IPv4Network('10.25.0.0/16'),
 IPv4Network('10.26.0.0/16'),
 IPv4Network('10.27.0.0/16'),
 IPv4Network('10.28.0.0/16'),
 IPv4Network('10.29.0.0/16'),
 IPv4Network('10.30.0.0/16'),
 IPv4Network('10.31.0.0/16'),
 IPv4Network('10.32.0.0/16'),
 IPv4Network('10.33.0.0/16'),
 IPv4Network('10.34.0.0/16'),
 IPv4Network('10.35.0.0/16'),
 IPv4Network('10.36.0.0/16'),
 IPv4Network('10.37.0.0/16'),
 IPv4Network('10.38.0.0/16'),
 IPv4Network('10.39.0.0/16'),
 IPv4Network('10.40.0.0/16'),
 IPv4Network('10.41.0.0/16'),
 IPv4Network('10.42.0.0/16'),
 IPv4Network('10.43.0.0/16'),
 IPv4Network('10.44.0.0/16'),
 IPv4Network('10.45.0.0/16'),
 IPv4Network('10.46.0.0/16'),
 IPv4Network('10.47.0.0/16'),
 IPv4Network('10.48.0.0/16'),
 IPv4Network('10.49.0.0/16'),
 IPv4Network('10.50.0.0/16'),
 IPv4Network('10.51.0.0/16'),
 IPv4Network('10.52.0.0/16'),
 IPv4Network('10.53.0.0/16'),
 IPv4Network('10.54.0.0/16'),
 IPv4Network('10.55.0.0/16'),
 IPv4Network('10.56.0.0/16'),
 IPv4Network('10.57.0.0/16'),
 IPv4Network('10.58.0.0/16'),
 IPv4Network('10.59.0.0/16'),
 IPv4Network('10.60.0.0/16'),
 IPv4Network('10.61.0.0/16'),
 IPv4Network('10.62.0.0/16'),
 IPv4Network('10.63.0.0/16'),
 IPv4Network('10.64.0.0/16'),
 IPv4Network('10.65.0.0/16'),
 IPv4Network('10.66.0.0/16'),
 IPv4Network('10.67.0.0/16'),
 IPv4Network('10.68.0.0/16'),
 IPv4Network('10.69.0.0/16'),
 IPv4Network('10.70.0.0/16'),
 IPv4Network('10.71.0.0/16'),
 IPv4Network('10.72.0.0/16'),
 IPv4Network('10.73.0.0/16'),
 IPv4Network('10.74.0.0/16'),
 IPv4Network('10.75.0.0/16'),
 IPv4Network('10.76.0.0/16'),
 IPv4Network('10.77.0.0/16'),
 IPv4Network('10.78.0.0/16'),
 IPv4Network('10.79.0.0/16'),
 IPv4Network('10.80.0.0/16'),
 IPv4Network('10.81.0.0/16'),
 IPv4Network('10.82.0.0/16'),
 IPv4Network('10.83.0.0/16'),
 IPv4Network('10.84.0.0/16'),
 IPv4Network('10.85.0.0/16'),
 IPv4Network('10.86.0.0/16'),
 IPv4Network('10.87.0.0/16'),
 IPv4Network('10.88.0.0/16'),
 IPv4Network('10.89.0.0/16'),
 IPv4Network('10.90.0.0/16'),
 IPv4Network('10.91.0.0/16'),
 IPv4Network('10.92.0.0/16'),
 IPv4Network('10.93.0.0/16'),
 IPv4Network('10.94.0.0/16'),
 IPv4Network('10.95.0.0/16')]
[IPv4Network('10.0.0.0/8'),
 IPv4Network('129.79.0.0/16'),
 IPv4Network('134.68.0.0/16'),
 IPv4Network('140.182.0.0/16'),
 IPv4Network('149.159.0.0/16'),
 IPv4Network('149.160.0.0/14'),
 IPv4Network('156.56.0.0/16'),
 IPv4Network('172.16.0.0/12'),
 IPv4Network('192.168.0.0/24'),
 IPv6Network('::/128'),
 IPv4Network('10.0.0.0/16'),
 IPv4Network('10.1.0.0/16'),
 IPv4Network('10.2.0.0/16'),
 IPv4Network('10.3.0.0/16'),
 IPv4Network('10.4.0.0/16'),
 IPv4Network('10.5.0.0/16'),
 IPv4Network('10.6.0.0/16'),
 IPv4Network('10.7.0.0/16'),
 IPv4Network('10.8.0.0/16'),
 IPv4Network('10.9.0.0/16'),
 IPv4Network('10.10.0.0/16'),
 IPv4Network('10.11.0.0/16'),
 IPv4Network('10.12.0.0/16'),
 IPv4Network('10.13.0.0/16'),
 IPv4Network('10.14.0.0/16'),
 IPv4Network('10.15.0.0/16'),
 IPv4Network('10.16.0.0/16'),
 IPv4Network('10.17.0.0/16'),
 IPv4Network('10.18.0.0/16'),
 IPv4Network('10.19.0.0/16'),
 IPv4Network('10.20.0.0/16'),
 IPv4Network('10.21.0.0/16'),
 IPv4Network('10.22.0.0/16'),
 IPv4Network('10.23.0.0/16'),
 IPv4Network('10.24.0.0/16'),
 IPv4Network('10.25.0.0/16'),
 IPv4Network('10.26.0.0/16'),
 IPv4Network('10.27.0.0/16'),
 IPv4Network('10.28.0.0/16'),
 IPv4Network('10.29.0.0/16'),
 IPv4Network('10.30.0.0/16'),
 IPv4Network('10.31.0.0/16'),
 IPv4Network('10.32.0.0/16'),
 IPv4Network('10.33.0.0/16'),
 IPv4Network('10.34.0.0/16'),
 IPv4Network('10.35.0.0/16'),
 IPv4Network('10.36.0.0/16'),
 IPv4Network('10.37.0.0/16'),
 IPv4Network('10.38.0.0/16'),
 IPv4Network('10.39.0.0/16'),
 IPv4Network('10.40.0.0/16'),
 IPv4Network('10.41.0.0/16'),
 IPv4Network('10.42.0.0/16'),
 IPv4Network('10.43.0.0/16'),
 IPv4Network('10.44.0.0/16'),
 IPv4Network('10.45.0.0/16'),
 IPv4Network('10.46.0.0/16'),
 IPv4Network('10.47.0.0/16'),
 IPv4Network('10.48.0.0/16'),
 IPv4Network('10.49.0.0/16'),
 IPv4Network('10.50.0.0/16'),
 IPv4Network('10.51.0.0/16'),
 IPv4Network('10.52.0.0/16'),
 IPv4Network('10.53.0.0/16'),
 IPv4Network('10.54.0.0/16'),
 IPv4Network('10.55.0.0/16'),
 IPv4Network('10.56.0.0/16'),
 IPv4Network('10.57.0.0/16'),
 IPv4Network('10.58.0.0/16'),
 IPv4Network('10.59.0.0/16'),
 IPv4Network('10.60.0.0/16'),
 IPv4Network('10.61.0.0/16'),
 IPv4Network('10.62.0.0/16'),
 IPv4Network('10.63.0.0/16'),
 IPv4Network('10.64.0.0/16'),
 IPv4Network('10.65.0.0/16'),
 IPv4Network('10.66.0.0/16'),
 IPv4Network('10.67.0.0/16'),
 IPv4Network('10.68.0.0/16'),
 IPv4Network('10.69.0.0/16'),
 IPv4Network('10.70.0.0/16'),
 IPv4Network('10.71.0.0/16'),
 IPv4Network('10.72.0.0/16'),
 IPv4Network('10.73.0.0/16'),
 IPv4Network('10.74.0.0/16'),
 IPv4Network('10.75.0.0/16'),
 IPv4Network('10.76.0.0/16'),
 IPv4Network('10.77.0.0/16'),
 IPv4Network('10.78.0.0/16'),
 IPv4Network('10.79.0.0/16'),
 IPv4Network('10.80.0.0/16'),
 IPv4Network('10.81.0.0/16'),
 IPv4Network('10.82.0.0/16'),
 IPv4Network('10.83.0.0/16'),
 IPv4Network('10.84.0.0/16'),
 IPv4Network('10.85.0.0/16'),
 IPv4Network('10.86.0.0/16'),
 IPv4Network('10.87.0.0/16'),
 IPv4Network('10.88.0.0/16'),
 IPv4Network('10.89.0.0/16'),
 IPv4Network('10.90.0.0/16'),
 IPv4Network('10.91.0.0/16'),
 IPv4Network('10.92.0.0/16'),
 IPv4Network('10.93.0.0/16'),
 IPv4Network('10.94.0.0/16'),
 IPv4Network('10.95.0.0/16')]
[IPv4Network('10.0.0.0/8'),
 IPv4Network('129.79.0.0/16'),
 IPv4Network('134.68.0.0/16'),
 IPv4Network('140.182.0.0/16'),
 IPv4Network('149.159.0.0/16'),
 IPv4Network('149.160.0.0/14'),
 IPv4Network('156.56.0.0/16'),
 IPv4Network('172.16.0.0/12'),
 IPv4Network('192.168.0.0/24'),
 IPv6Network('::/128'),
 IPv4Network('10.0.0.0/16'),
 IPv4Network('10.1.0.0/16'),
 IPv4Network('10.2.0.0/16'),
 IPv4Network('10.3.0.0/16'),
 IPv4Network('10.4.0.0/16'),
 IPv4Network('10.5.0.0/16'),
 IPv4Network('10.6.0.0/16'),
 IPv4Network('10.7.0.0/16'),
 IPv4Network('10.8.0.0/16'),
 IPv4Network('10.9.0.0/16'),
 IPv4Network('10.10.0.0/16'),
 IPv4Network('10.11.0.0/16'),
 IPv4Network('10.12.0.0/16'),
 IPv4Network('10.13.0.0/16'),
 IPv4Network('10.14.0.0/16'),
 IPv4Network('10.15.0.0/16'),
 IPv4Network('10.16.0.0/16'),
 IPv4Network('10.17.0.0/16'),
 IPv4Network('10.18.0.0/16'),
 IPv4Network('10.19.0.0/16'),
 IPv4Network('10.20.0.0/16'),
 IPv4Network('10.21.0.0/16'),
 IPv4Network('10.22.0.0/16'),
 IPv4Network('10.23.0.0/16'),
 IPv4Network('10.24.0.0/16'),
 IPv4Network('10.25.0.0/16'),
 IPv4Network('10.26.0.0/16'),
 IPv4Network('10.27.0.0/16'),
 IPv4Network('10.28.0.0/16'),
 IPv4Network('10.29.0.0/16'),
 IPv4Network('10.30.0.0/16'),
 IPv4Network('10.31.0.0/16'),
 IPv4Network('10.32.0.0/16'),
 IPv4Network('10.33.0.0/16'),
 IPv4Network('10.34.0.0/16'),
 IPv4Network('10.35.0.0/16'),
 IPv4Network('10.36.0.0/16'),
 IPv4Network('10.37.0.0/16'),
 IPv4Network('10.38.0.0/16'),
 IPv4Network('10.39.0.0/16'),
 IPv4Network('10.40.0.0/16'),
 IPv4Network('10.41.0.0/16'),
 IPv4Network('10.42.0.0/16'),
 IPv4Network('10.43.0.0/16'),
 IPv4Network('10.44.0.0/16'),
 IPv4Network('10.45.0.0/16'),
 IPv4Network('10.46.0.0/16'),
 IPv4Network('10.47.0.0/16'),
 IPv4Network('10.48.0.0/16'),
 IPv4Network('10.49.0.0/16'),
 IPv4Network('10.50.0.0/16'),
 IPv4Network('10.51.0.0/16'),
 IPv4Network('10.52.0.0/16'),
 IPv4Network('10.53.0.0/16'),
 IPv4Network('10.54.0.0/16'),
 IPv4Network('10.55.0.0/16'),
 IPv4Network('10.56.0.0/16'),
 IPv4Network('10.57.0.0/16'),
 IPv4Network('10.58.0.0/16'),
 IPv4Network('10.59.0.0/16'),
 IPv4Network('10.60.0.0/16'),
 IPv4Network('10.61.0.0/16'),
 IPv4Network('10.62.0.0/16'),
 IPv4Network('10.63.0.0/16'),
 IPv4Network('10.64.0.0/16'),
 IPv4Network('10.65.0.0/16'),
 IPv4Network('10.66.0.0/16'),
 IPv4Network('10.67.0.0/16'),
 IPv4Network('10.68.0.0/16'),
 IPv4Network('10.69.0.0/16'),
 IPv4Network('10.70.0.0/16'),
 IPv4Network('10.71.0.0/16'),
 IPv4Network('10.72.0.0/16'),
 IPv4Network('10.73.0.0/16'),
 IPv4Network('10.74.0.0/16'),
 IPv4Network('10.75.0.0/16'),
 IPv4Network('10.76.0.0/16'),
 IPv4Network('10.77.0.0/16'),
 IPv4Network('10.78.0.0/16'),
 IPv4Network('10.79.0.0/16'),
 IPv4Network('10.80.0.0/16'),
 IPv4Network('10.81.0.0/16'),
 IPv4Network('10.82.0.0/16'),
 IPv4Network('10.83.0.0/16'),
 IPv4Network('10.84.0.0/16'),
 IPv4Network('10.85.0.0/16'),
 IPv4Network('10.86.0.0/16'),
 IPv4Network('10.87.0.0/16'),
 IPv4Network('10.88.0.0/16'),
 IPv4Network('10.89.0.0/16'),
 IPv4Network('10.90.0.0/16'),
 IPv4Network('10.91.0.0/16'),
 IPv4Network('10.92.0.0/16'),
 IPv4Network('10.93.0.0/16'),
 IPv4Network('10.94.0.0/16'),
 IPv4Network('10.95.0.0/16')]
[IPv4Network('10.0.0.0/8'),
 IPv4Network('129.79.0.0/16'),
 IPv4Network('134.68.0.0/16'),
 IPv4Network('140.182.0.0/16'),
 IPv4Network('149.159.0.0/16'),
 IPv4Network('149.160.0.0/14'),
 IPv4Network('156.56.0.0/16'),
 IPv4Network('172.16.0.0/12'),
 IPv4Network('192.168.0.0/24'),
 IPv6Network('::/128'),
 IPv4Network('10.0.0.0/16'),
 IPv4Network('10.1.0.0/16'),
 IPv4Network('10.2.0.0/16'),
 IPv4Network('10.3.0.0/16'),
 IPv4Network('10.4.0.0/16'),
 IPv4Network('10.5.0.0/16'),
 IPv4Network('10.6.0.0/16'),
 IPv4Network('10.7.0.0/16'),
 IPv4Network('10.8.0.0/16'),
 IPv4Network('10.9.0.0/16'),
 IPv4Network('10.10.0.0/16'),
 IPv4Network('10.11.0.0/16'),
 IPv4Network('10.12.0.0/16'),
 IPv4Network('10.13.0.0/16'),
 IPv4Network('10.14.0.0/16'),
 IPv4Network('10.15.0.0/16'),
 IPv4Network('10.16.0.0/16'),
 IPv4Network('10.17.0.0/16'),
 IPv4Network('10.18.0.0/16'),
 IPv4Network('10.19.0.0/16'),
 IPv4Network('10.20.0.0/16'),
 IPv4Network('10.21.0.0/16'),
 IPv4Network('10.22.0.0/16'),
 IPv4Network('10.23.0.0/16'),
 IPv4Network('10.24.0.0/16'),
 IPv4Network('10.25.0.0/16'),
 IPv4Network('10.26.0.0/16'),
 IPv4Network('10.27.0.0/16'),
 IPv4Network('10.28.0.0/16'),
 IPv4Network('10.29.0.0/16'),
 IPv4Network('10.30.0.0/16'),
 IPv4Network('10.31.0.0/16'),
 IPv4Network('10.32.0.0/16'),
 IPv4Network('10.33.0.0/16'),
 IPv4Network('10.34.0.0/16'),
 IPv4Network('10.35.0.0/16'),
 IPv4Network('10.36.0.0/16'),
 IPv4Network('10.37.0.0/16'),
 IPv4Network('10.38.0.0/16'),
 IPv4Network('10.39.0.0/16'),
 IPv4Network('10.40.0.0/16'),
 IPv4Network('10.41.0.0/16'),
 IPv4Network('10.42.0.0/16'),
 IPv4Network('10.43.0.0/16'),
 IPv4Network('10.44.0.0/16'),
 IPv4Network('10.45.0.0/16'),
 IPv4Network('10.46.0.0/16'),
 IPv4Network('10.47.0.0/16'),
 IPv4Network('10.48.0.0/16'),
 IPv4Network('10.49.0.0/16'),
 IPv4Network('10.50.0.0/16'),
 IPv4Network('10.51.0.0/16'),
 IPv4Network('10.52.0.0/16'),
 IPv4Network('10.53.0.0/16'),
 IPv4Network('10.54.0.0/16'),
 IPv4Network('10.55.0.0/16'),
 IPv4Network('10.56.0.0/16'),
 IPv4Network('10.57.0.0/16'),
 IPv4Network('10.58.0.0/16'),
 IPv4Network('10.59.0.0/16'),
 IPv4Network('10.60.0.0/16'),
 IPv4Network('10.61.0.0/16'),
 IPv4Network('10.62.0.0/16'),
 IPv4Network('10.63.0.0/16'),
 IPv4Network('10.64.0.0/16'),
 IPv4Network('10.65.0.0/16'),
 IPv4Network('10.66.0.0/16'),
 IPv4Network('10.67.0.0/16'),
 IPv4Network('10.68.0.0/16'),
 IPv4Network('10.69.0.0/16'),
 IPv4Network('10.70.0.0/16'),
 IPv4Network('10.71.0.0/16'),
 IPv4Network('10.72.0.0/16'),
 IPv4Network('10.73.0.0/16'),
 IPv4Network('10.74.0.0/16'),
 IPv4Network('10.75.0.0/16'),
 IPv4Network('10.76.0.0/16'),
 IPv4Network('10.77.0.0/16'),
 IPv4Network('10.78.0.0/16'),
 IPv4Network('10.79.0.0/16'),
 IPv4Network('10.80.0.0/16'),
 IPv4Network('10.81.0.0/16'),
 IPv4Network('10.82.0.0/16'),
 IPv4Network('10.83.0.0/16'),
 IPv4Network('10.84.0.0/16'),
 IPv4Network('10.85.0.0/16'),
 IPv4Network('10.86.0.0/16'),
 IPv4Network('10.87.0.0/16'),
 IPv4Network('10.88.0.0/16'),
 IPv4Network('10.89.0.0/16'),
 IPv4Network('10.90.0.0/16'),
 IPv4Network('10.91.0.0/16'),
 IPv4Network('10.92.0.0/16'),
 IPv4Network('10.93.0.0/16'),
 IPv4Network('10.94.0.0/16'),
 IPv4Network('10.95.0.0/16')]
[IPv4Network('10.0.0.0/8'),
 IPv4Network('129.79.0.0/16'),
 IPv4Network('134.68.0.0/16'),
 IPv4Network('140.182.0.0/16'),
 IPv4Network('149.159.0.0/16'),
 IPv4Network('149.160.0.0/14'),
 IPv4Network('156.56.0.0/16'),
 IPv4Network('172.16.0.0/12'),
 IPv4Network('192.168.0.0/24'),
 IPv6Network('::/128'),
 IPv4Network('10.0.0.0/16'),
 IPv4Network('10.1.0.0/16'),
 IPv4Network('10.2.0.0/16'),
 IPv4Network('10.3.0.0/16'),
 IPv4Network('10.4.0.0/16'),
 IPv4Network('10.5.0.0/16'),
 IPv4Network('10.6.0.0/16'),
 IPv4Network('10.7.0.0/16'),
 IPv4Network('10.8.0.0/16'),
 IPv4Network('10.9.0.0/16'),
 IPv4Network('10.10.0.0/16'),
 IPv4Network('10.11.0.0/16'),
 IPv4Network('10.12.0.0/16'),
 IPv4Network('10.13.0.0/16'),
 IPv4Network('10.14.0.0/16'),
 IPv4Network('10.15.0.0/16'),
 IPv4Network('10.16.0.0/16'),
 IPv4Network('10.17.0.0/16'),
 IPv4Network('10.18.0.0/16'),
 IPv4Network('10.19.0.0/16'),
 IPv4Network('10.20.0.0/16'),
 IPv4Network('10.21.0.0/16'),
 IPv4Network('10.22.0.0/16'),
 IPv4Network('10.23.0.0/16'),
 IPv4Network('10.24.0.0/16'),
 IPv4Network('10.25.0.0/16'),
 IPv4Network('10.26.0.0/16'),
 IPv4Network('10.27.0.0/16'),
 IPv4Network('10.28.0.0/16'),
 IPv4Network('10.29.0.0/16'),
 IPv4Network('10.30.0.0/16'),
 IPv4Network('10.31.0.0/16'),
 IPv4Network('10.32.0.0/16'),
 IPv4Network('10.33.0.0/16'),
 IPv4Network('10.34.0.0/16'),
 IPv4Network('10.35.0.0/16'),
 IPv4Network('10.36.0.0/16'),
 IPv4Network('10.37.0.0/16'),
 IPv4Network('10.38.0.0/16'),
 IPv4Network('10.39.0.0/16'),
 IPv4Network('10.40.0.0/16'),
 IPv4Network('10.41.0.0/16'),
 IPv4Network('10.42.0.0/16'),
 IPv4Network('10.43.0.0/16'),
 IPv4Network('10.44.0.0/16'),
 IPv4Network('10.45.0.0/16'),
 IPv4Network('10.46.0.0/16'),
 IPv4Network('10.47.0.0/16'),
 IPv4Network('10.48.0.0/16'),
 IPv4Network('10.49.0.0/16'),
 IPv4Network('10.50.0.0/16'),
 IPv4Network('10.51.0.0/16'),
 IPv4Network('10.52.0.0/16'),
 IPv4Network('10.53.0.0/16'),
 IPv4Network('10.54.0.0/16'),
 IPv4Network('10.55.0.0/16'),
 IPv4Network('10.56.0.0/16'),
 IPv4Network('10.57.0.0/16'),
 IPv4Network('10.58.0.0/16'),
 IPv4Network('10.59.0.0/16'),
 IPv4Network('10.60.0.0/16'),
 IPv4Network('10.61.0.0/16'),
 IPv4Network('10.62.0.0/16'),
 IPv4Network('10.63.0.0/16'),
 IPv4Network('10.64.0.0/16'),
 IPv4Network('10.65.0.0/16'),
 IPv4Network('10.66.0.0/16'),
 IPv4Network('10.67.0.0/16'),
 IPv4Network('10.68.0.0/16'),
 IPv4Network('10.69.0.0/16'),
 IPv4Network('10.70.0.0/16'),
 IPv4Network('10.71.0.0/16'),
 IPv4Network('10.72.0.0/16'),
 IPv4Network('10.73.0.0/16'),
 IPv4Network('10.74.0.0/16'),
 IPv4Network('10.75.0.0/16'),
 IPv4Network('10.76.0.0/16'),
 IPv4Network('10.77.0.0/16'),
 IPv4Network('10.78.0.0/16'),
 IPv4Network('10.79.0.0/16'),
 IPv4Network('10.80.0.0/16'),
 IPv4Network('10.81.0.0/16'),
 IPv4Network('10.82.0.0/16'),
 IPv4Network('10.83.0.0/16'),
 IPv4Network('10.84.0.0/16'),
 IPv4Network('10.85.0.0/16'),
 IPv4Network('10.86.0.0/16'),
 IPv4Network('10.87.0.0/16'),
 IPv4Network('10.88.0.0/16'),
 IPv4Network('10.89.0.0/16'),
 IPv4Network('10.90.0.0/16'),
 IPv4Network('10.91.0.0/16'),
 IPv4Network('10.92.0.0/16'),
 IPv4Network('10.93.0.0/16'),
 IPv4Network('10.94.0.0/16'),
 IPv4Network('10.95.0.0/16')]
[IPv4Network('10.0.0.0/8'),
 IPv4Network('129.79.0.0/16'),
 IPv4Network('134.68.0.0/16'),
 IPv4Network('140.182.0.0/16'),
 IPv4Network('149.159.0.0/16'),
 IPv4Network('149.160.0.0/14'),
 IPv4Network('156.56.0.0/16'),
 IPv4Network('172.16.0.0/12'),
 IPv4Network('192.168.0.0/24'),
 IPv6Network('::/128'),
 IPv4Network('10.0.0.0/16'),
 IPv4Network('10.1.0.0/16'),
 IPv4Network('10.2.0.0/16'),
 IPv4Network('10.3.0.0/16'),
 IPv4Network('10.4.0.0/16'),
 IPv4Network('10.5.0.0/16'),
 IPv4Network('10.6.0.0/16'),
 IPv4Network('10.7.0.0/16'),
 IPv4Network('10.8.0.0/16'),
 IPv4Network('10.9.0.0/16'),
 IPv4Network('10.10.0.0/16'),
 IPv4Network('10.11.0.0/16'),
 IPv4Network('10.12.0.0/16'),
 IPv4Network('10.13.0.0/16'),
 IPv4Network('10.14.0.0/16'),
 IPv4Network('10.15.0.0/16'),
 IPv4Network('10.16.0.0/16'),
 IPv4Network('10.17.0.0/16'),
 IPv4Network('10.18.0.0/16'),
 IPv4Network('10.19.0.0/16'),
 IPv4Network('10.20.0.0/16'),
 IPv4Network('10.21.0.0/16'),
 IPv4Network('10.22.0.0/16'),
 IPv4Network('10.23.0.0/16'),
 IPv4Network('10.24.0.0/16'),
 IPv4Network('10.25.0.0/16'),
 IPv4Network('10.26.0.0/16'),
 IPv4Network('10.27.0.0/16'),
 IPv4Network('10.28.0.0/16'),
 IPv4Network('10.29.0.0/16'),
 IPv4Network('10.30.0.0/16'),
 IPv4Network('10.31.0.0/16'),
 IPv4Network('10.32.0.0/16'),
 IPv4Network('10.33.0.0/16'),
 IPv4Network('10.34.0.0/16'),
 IPv4Network('10.35.0.0/16'),
 IPv4Network('10.36.0.0/16'),
 IPv4Network('10.37.0.0/16'),
 IPv4Network('10.38.0.0/16'),
 IPv4Network('10.39.0.0/16'),
 IPv4Network('10.40.0.0/16'),
 IPv4Network('10.41.0.0/16'),
 IPv4Network('10.42.0.0/16'),
 IPv4Network('10.43.0.0/16'),
 IPv4Network('10.44.0.0/16'),
 IPv4Network('10.45.0.0/16'),
 IPv4Network('10.46.0.0/16'),
 IPv4Network('10.47.0.0/16'),
 IPv4Network('10.48.0.0/16'),
 IPv4Network('10.49.0.0/16'),
 IPv4Network('10.50.0.0/16'),
 IPv4Network('10.51.0.0/16'),
 IPv4Network('10.52.0.0/16'),
 IPv4Network('10.53.0.0/16'),
 IPv4Network('10.54.0.0/16'),
 IPv4Network('10.55.0.0/16'),
 IPv4Network('10.56.0.0/16'),
 IPv4Network('10.57.0.0/16'),
 IPv4Network('10.58.0.0/16'),
 IPv4Network('10.59.0.0/16'),
 IPv4Network('10.60.0.0/16'),
 IPv4Network('10.61.0.0/16'),
 IPv4Network('10.62.0.0/16'),
 IPv4Network('10.63.0.0/16'),
 IPv4Network('10.64.0.0/16'),
 IPv4Network('10.65.0.0/16'),
 IPv4Network('10.66.0.0/16'),
 IPv4Network('10.67.0.0/16'),
 IPv4Network('10.68.0.0/16'),
 IPv4Network('10.69.0.0/16'),
 IPv4Network('10.70.0.0/16'),
 IPv4Network('10.71.0.0/16'),
 IPv4Network('10.72.0.0/16'),
 IPv4Network('10.73.0.0/16'),
 IPv4Network('10.74.0.0/16'),
 IPv4Network('10.75.0.0/16'),
 IPv4Network('10.76.0.0/16'),
 IPv4Network('10.77.0.0/16'),
 IPv4Network('10.78.0.0/16'),
 IPv4Network('10.79.0.0/16'),
 IPv4Network('10.80.0.0/16'),
 IPv4Network('10.81.0.0/16'),
 IPv4Network('10.82.0.0/16'),
 IPv4Network('10.83.0.0/16'),
 IPv4Network('10.84.0.0/16'),
 IPv4Network('10.85.0.0/16'),
 IPv4Network('10.86.0.0/16'),
 IPv4Network('10.87.0.0/16'),
 IPv4Network('10.88.0.0/16'),
 IPv4Network('10.89.0.0/16'),
 IPv4Network('10.90.0.0/16'),
 IPv4Network('10.91.0.0/16'),
 IPv4Network('10.92.0.0/16'),
 IPv4Network('10.93.0.0/16'),
 IPv4Network('10.94.0.0/16'),
 IPv4Network('10.95.0.0/16'),
 IPv4Network('10.96.0.0/16'),
 IPv4Network('10.97.0.0/16')]
[IPv4Network('10.0.0.0/8'),
 IPv4Network('129.79.0.0/16'),
 IPv4Network('134.68.0.0/16'),
 IPv4Network('140.182.0.0/16'),
 IPv4Network('149.159.0.0/16'),
 IPv4Network('149.160.0.0/14'),
 IPv4Network('156.56.0.0/16'),
 IPv4Network('172.16.0.0/12'),
 IPv4Network('192.168.0.0/24'),
 IPv6Network('::/128'),
 IPv4Network('10.0.0.0/16'),
 IPv4Network('10.1.0.0/16'),
 IPv4Network('10.2.0.0/16'),
 IPv4Network('10.3.0.0/16'),
 IPv4Network('10.4.0.0/16'),
 IPv4Network('10.5.0.0/16'),
 IPv4Network('10.6.0.0/16'),
 IPv4Network('10.7.0.0/16'),
 IPv4Network('10.8.0.0/16'),
 IPv4Network('10.9.0.0/16'),
 IPv4Network('10.10.0.0/16'),
 IPv4Network('10.11.0.0/16'),
 IPv4Network('10.12.0.0/16'),
 IPv4Network('10.13.0.0/16'),
 IPv4Network('10.14.0.0/16'),
 IPv4Network('10.15.0.0/16'),
 IPv4Network('10.16.0.0/16'),
 IPv4Network('10.17.0.0/16'),
 IPv4Network('10.18.0.0/16'),
 IPv4Network('10.19.0.0/16'),
 IPv4Network('10.20.0.0/16'),
 IPv4Network('10.21.0.0/16'),
 IPv4Network('10.22.0.0/16'),
 IPv4Network('10.23.0.0/16'),
 IPv4Network('10.24.0.0/16'),
 IPv4Network('10.25.0.0/16'),
 IPv4Network('10.26.0.0/16'),
 IPv4Network('10.27.0.0/16'),
 IPv4Network('10.28.0.0/16'),
 IPv4Network('10.29.0.0/16'),
 IPv4Network('10.30.0.0/16'),
 IPv4Network('10.31.0.0/16'),
 IPv4Network('10.32.0.0/16'),
 IPv4Network('10.33.0.0/16'),
 IPv4Network('10.34.0.0/16'),
 IPv4Network('10.35.0.0/16'),
 IPv4Network('10.36.0.0/16'),
 IPv4Network('10.37.0.0/16'),
 IPv4Network('10.38.0.0/16'),
 IPv4Network('10.39.0.0/16'),
 IPv4Network('10.40.0.0/16'),
 IPv4Network('10.41.0.0/16'),
 IPv4Network('10.42.0.0/16'),
 IPv4Network('10.43.0.0/16'),
 IPv4Network('10.44.0.0/16'),
 IPv4Network('10.45.0.0/16'),
 IPv4Network('10.46.0.0/16'),
 IPv4Network('10.47.0.0/16'),
 IPv4Network('10.48.0.0/16'),
 IPv4Network('10.49.0.0/16'),
 IPv4Network('10.50.0.0/16'),
 IPv4Network('10.51.0.0/16'),
 IPv4Network('10.52.0.0/16'),
 IPv4Network('10.53.0.0/16'),
 IPv4Network('10.54.0.0/16'),
 IPv4Network('10.55.0.0/16'),
 IPv4Network('10.56.0.0/16'),
 IPv4Network('10.57.0.0/16'),
 IPv4Network('10.58.0.0/16'),
 IPv4Network('10.59.0.0/16'),
 IPv4Network('10.60.0.0/16'),
 IPv4Network('10.61.0.0/16'),
 IPv4Network('10.62.0.0/16'),
 IPv4Network('10.63.0.0/16'),
 IPv4Network('10.64.0.0/16'),
 IPv4Network('10.65.0.0/16'),
 IPv4Network('10.66.0.0/16'),
 IPv4Network('10.67.0.0/16'),
 IPv4Network('10.68.0.0/16'),
 IPv4Network('10.69.0.0/16'),
 IPv4Network('10.70.0.0/16'),
 IPv4Network('10.71.0.0/16'),
 IPv4Network('10.72.0.0/16'),
 IPv4Network('10.73.0.0/16'),
 IPv4Network('10.74.0.0/16'),
 IPv4Network('10.75.0.0/16'),
 IPv4Network('10.76.0.0/16'),
 IPv4Network('10.77.0.0/16'),
 IPv4Network('10.78.0.0/16'),
 IPv4Network('10.79.0.0/16'),
 IPv4Network('10.80.0.0/16'),
 IPv4Network('10.81.0.0/16'),
 IPv4Network('10.82.0.0/16'),
 IPv4Network('10.83.0.0/16'),
 IPv4Network('10.84.0.0/16'),
 IPv4Network('10.85.0.0/16'),
 IPv4Network('10.86.0.0/16'),
 IPv4Network('10.87.0.0/16'),
 IPv4Network('10.88.0.0/16'),
 IPv4Network('10.89.0.0/16'),
 IPv4Network('10.90.0.0/16'),
 IPv4Network('10.91.0.0/16'),
 IPv4Network('10.92.0.0/16'),
 IPv4Network('10.93.0.0/16'),
 IPv4Network('10.94.0.0/16'),
 IPv4Network('10.95.0.0/16'),
 IPv4Network('10.96.0.0/16'),
 IPv4Network('10.97.0.0/16'),
 IPv4Network('10.98.0.0/16'),
 IPv4Network('10.99.0.0/16')]
[IPv4Network('10.0.0.0/8'),
 IPv4Network('129.79.0.0/16'),
 IPv4Network('134.68.0.0/16'),
 IPv4Network('140.182.0.0/16'),
 IPv4Network('149.159.0.0/16'),
 IPv4Network('149.160.0.0/14'),
 IPv4Network('156.56.0.0/16'),
 IPv4Network('172.16.0.0/12'),
 IPv4Network('192.168.0.0/24'),
 IPv6Network('::/128'),
 IPv4Network('10.0.0.0/16'),
 IPv4Network('10.1.0.0/16'),
 IPv4Network('10.2.0.0/16'),
 IPv4Network('10.3.0.0/16'),
 IPv4Network('10.4.0.0/16'),
 IPv4Network('10.5.0.0/16'),
 IPv4Network('10.6.0.0/16'),
 IPv4Network('10.7.0.0/16'),
 IPv4Network('10.8.0.0/16'),
 IPv4Network('10.9.0.0/16'),
 IPv4Network('10.10.0.0/16'),
 IPv4Network('10.11.0.0/16'),
 IPv4Network('10.12.0.0/16'),
 IPv4Network('10.13.0.0/16'),
 IPv4Network('10.14.0.0/16'),
 IPv4Network('10.15.0.0/16'),
 IPv4Network('10.16.0.0/16'),
 IPv4Network('10.17.0.0/16'),
 IPv4Network('10.18.0.0/16'),
 IPv4Network('10.19.0.0/16'),
 IPv4Network('10.20.0.0/16'),
 IPv4Network('10.21.0.0/16'),
 IPv4Network('10.22.0.0/16'),
 IPv4Network('10.23.0.0/16'),
 IPv4Network('10.24.0.0/16'),
 IPv4Network('10.25.0.0/16'),
 IPv4Network('10.26.0.0/16'),
 IPv4Network('10.27.0.0/16'),
 IPv4Network('10.28.0.0/16'),
 IPv4Network('10.29.0.0/16'),
 IPv4Network('10.30.0.0/16'),
 IPv4Network('10.31.0.0/16'),
 IPv4Network('10.32.0.0/16'),
 IPv4Network('10.33.0.0/16'),
 IPv4Network('10.34.0.0/16'),
 IPv4Network('10.35.0.0/16'),
 IPv4Network('10.36.0.0/16'),
 IPv4Network('10.37.0.0/16'),
 IPv4Network('10.38.0.0/16'),
 IPv4Network('10.39.0.0/16'),
 IPv4Network('10.40.0.0/16'),
 IPv4Network('10.41.0.0/16'),
 IPv4Network('10.42.0.0/16'),
 IPv4Network('10.43.0.0/16'),
 IPv4Network('10.44.0.0/16'),
 IPv4Network('10.45.0.0/16'),
 IPv4Network('10.46.0.0/16'),
 IPv4Network('10.47.0.0/16'),
 IPv4Network('10.48.0.0/16'),
 IPv4Network('10.49.0.0/16'),
 IPv4Network('10.50.0.0/16'),
 IPv4Network('10.51.0.0/16'),
 IPv4Network('10.52.0.0/16'),
 IPv4Network('10.53.0.0/16'),
 IPv4Network('10.54.0.0/16'),
 IPv4Network('10.55.0.0/16'),
 IPv4Network('10.56.0.0/16'),
 IPv4Network('10.57.0.0/16'),
 IPv4Network('10.58.0.0/16'),
 IPv4Network('10.59.0.0/16'),
 IPv4Network('10.60.0.0/16'),
 IPv4Network('10.61.0.0/16'),
 IPv4Network('10.62.0.0/16'),
 IPv4Network('10.63.0.0/16'),
 IPv4Network('10.64.0.0/16'),
 IPv4Network('10.65.0.0/16'),
 IPv4Network('10.66.0.0/16'),
 IPv4Network('10.67.0.0/16'),
 IPv4Network('10.68.0.0/16'),
 IPv4Network('10.69.0.0/16'),
 IPv4Network('10.70.0.0/16'),
 IPv4Network('10.71.0.0/16'),
 IPv4Network('10.72.0.0/16'),
 IPv4Network('10.73.0.0/16'),
 IPv4Network('10.74.0.0/16'),
 IPv4Network('10.75.0.0/16'),
 IPv4Network('10.76.0.0/16'),
 IPv4Network('10.77.0.0/16'),
 IPv4Network('10.78.0.0/16'),
 IPv4Network('10.79.0.0/16'),
 IPv4Network('10.80.0.0/16'),
 IPv4Network('10.81.0.0/16'),
 IPv4Network('10.82.0.0/16'),
 IPv4Network('10.83.0.0/16'),
 IPv4Network('10.84.0.0/16'),
 IPv4Network('10.85.0.0/16'),
 IPv4Network('10.86.0.0/16'),
 IPv4Network('10.87.0.0/16'),
 IPv4Network('10.88.0.0/16'),
 IPv4Network('10.89.0.0/16'),
 IPv4Network('10.90.0.0/16'),
 IPv4Network('10.91.0.0/16'),
 IPv4Network('10.92.0.0/16'),
 IPv4Network('10.93.0.0/16'),
 IPv4Network('10.94.0.0/16'),
 IPv4Network('10.95.0.0/16'),
 IPv4Network('10.96.0.0/16'),
 IPv4Network('10.97.0.0/16'),
 IPv4Network('10.98.0.0/16'),
 IPv4Network('10.99.0.0/16')]
[IPv4Network('10.0.0.0/8'),
 IPv4Network('129.79.0.0/16'),
 IPv4Network('134.68.0.0/16'),
 IPv4Network('140.182.0.0/16'),
 IPv4Network('149.159.0.0/16'),
 IPv4Network('149.160.0.0/14'),
 IPv4Network('156.56.0.0/16'),
 IPv4Network('172.16.0.0/12'),
 IPv4Network('192.168.0.0/24'),
 IPv6Network('::/128'),
 IPv4Network('10.0.0.0/16'),
 IPv4Network('10.1.0.0/16'),
 IPv4Network('10.2.0.0/16'),
 IPv4Network('10.3.0.0/16'),
 IPv4Network('10.4.0.0/16'),
 IPv4Network('10.5.0.0/16'),
 IPv4Network('10.6.0.0/16'),
 IPv4Network('10.7.0.0/16'),
 IPv4Network('10.8.0.0/16'),
 IPv4Network('10.9.0.0/16'),
 IPv4Network('10.10.0.0/16'),
 IPv4Network('10.11.0.0/16'),
 IPv4Network('10.12.0.0/16'),
 IPv4Network('10.13.0.0/16'),
 IPv4Network('10.14.0.0/16'),
 IPv4Network('10.15.0.0/16'),
 IPv4Network('10.16.0.0/16'),
 IPv4Network('10.17.0.0/16'),
 IPv4Network('10.18.0.0/16'),
 IPv4Network('10.19.0.0/16'),
 IPv4Network('10.20.0.0/16'),
 IPv4Network('10.21.0.0/16'),
 IPv4Network('10.22.0.0/16'),
 IPv4Network('10.23.0.0/16'),
 IPv4Network('10.24.0.0/16'),
 IPv4Network('10.25.0.0/16'),
 IPv4Network('10.26.0.0/16'),
 IPv4Network('10.27.0.0/16'),
 IPv4Network('10.28.0.0/16'),
 IPv4Network('10.29.0.0/16'),
 IPv4Network('10.30.0.0/16'),
 IPv4Network('10.31.0.0/16'),
 IPv4Network('10.32.0.0/16'),
 IPv4Network('10.33.0.0/16'),
 IPv4Network('10.34.0.0/16'),
 IPv4Network('10.35.0.0/16'),
 IPv4Network('10.36.0.0/16'),
 IPv4Network('10.37.0.0/16'),
 IPv4Network('10.38.0.0/16'),
 IPv4Network('10.39.0.0/16'),
 IPv4Network('10.40.0.0/16'),
 IPv4Network('10.41.0.0/16'),
 IPv4Network('10.42.0.0/16'),
 IPv4Network('10.43.0.0/16'),
 IPv4Network('10.44.0.0/16'),
 IPv4Network('10.45.0.0/16'),
 IPv4Network('10.46.0.0/16'),
 IPv4Network('10.47.0.0/16'),
 IPv4Network('10.48.0.0/16'),
 IPv4Network('10.49.0.0/16'),
 IPv4Network('10.50.0.0/16'),
 IPv4Network('10.51.0.0/16'),
 IPv4Network('10.52.0.0/16'),
 IPv4Network('10.53.0.0/16'),
 IPv4Network('10.54.0.0/16'),
 IPv4Network('10.55.0.0/16'),
 IPv4Network('10.56.0.0/16'),
 IPv4Network('10.57.0.0/16'),
 IPv4Network('10.58.0.0/16'),
 IPv4Network('10.59.0.0/16'),
 IPv4Network('10.60.0.0/16'),
 IPv4Network('10.61.0.0/16'),
 IPv4Network('10.62.0.0/16'),
 IPv4Network('10.63.0.0/16'),
 IPv4Network('10.64.0.0/16'),
 IPv4Network('10.65.0.0/16'),
 IPv4Network('10.66.0.0/16'),
 IPv4Network('10.67.0.0/16'),
 IPv4Network('10.68.0.0/16'),
 IPv4Network('10.69.0.0/16'),
 IPv4Network('10.70.0.0/16'),
 IPv4Network('10.71.0.0/16'),
 IPv4Network('10.72.0.0/16'),
 IPv4Network('10.73.0.0/16'),
 IPv4Network('10.74.0.0/16'),
 IPv4Network('10.75.0.0/16'),
 IPv4Network('10.76.0.0/16'),
 IPv4Network('10.77.0.0/16'),
 IPv4Network('10.78.0.0/16'),
 IPv4Network('10.79.0.0/16'),
 IPv4Network('10.80.0.0/16'),
 IPv4Network('10.81.0.0/16'),
 IPv4Network('10.82.0.0/16'),
 IPv4Network('10.83.0.0/16'),
 IPv4Network('10.84.0.0/16'),
 IPv4Network('10.85.0.0/16'),
 IPv4Network('10.86.0.0/16'),
 IPv4Network('10.87.0.0/16'),
 IPv4Network('10.88.0.0/16'),
 IPv4Network('10.89.0.0/16'),
 IPv4Network('10.90.0.0/16'),
 IPv4Network('10.91.0.0/16'),
 IPv4Network('10.92.0.0/16'),
 IPv4Network('10.93.0.0/16'),
 IPv4Network('10.94.0.0/16'),
 IPv4Network('10.95.0.0/16'),
 IPv4Network('10.96.0.0/16'),
 IPv4Network('10.97.0.0/16'),
 IPv4Network('10.98.0.0/16'),
 IPv4Network('10.99.0.0/16'),
 IPv4Network('10.100.0.0/16'),
 IPv4Network('10.101.0.0/16')]
[IPv4Network('10.0.0.0/8'),
 IPv4Network('129.79.0.0/16'),
 IPv4Network('134.68.0.0/16'),
 IPv4Network('140.182.0.0/16'),
 IPv4Network('149.159.0.0/16'),
 IPv4Network('149.160.0.0/14'),
 IPv4Network('156.56.0.0/16'),
 IPv4Network('172.16.0.0/12'),
 IPv4Network('192.168.0.0/24'),
 IPv6Network('::/128'),
 IPv4Network('10.0.0.0/16'),
 IPv4Network('10.1.0.0/16'),
 IPv4Network('10.2.0.0/16'),
 IPv4Network('10.3.0.0/16'),
 IPv4Network('10.4.0.0/16'),
 IPv4Network('10.5.0.0/16'),
 IPv4Network('10.6.0.0/16'),
 IPv4Network('10.7.0.0/16'),
 IPv4Network('10.8.0.0/16'),
 IPv4Network('10.9.0.0/16'),
 IPv4Network('10.10.0.0/16'),
 IPv4Network('10.11.0.0/16'),
 IPv4Network('10.12.0.0/16'),
 IPv4Network('10.13.0.0/16'),
 IPv4Network('10.14.0.0/16'),
 IPv4Network('10.15.0.0/16'),
 IPv4Network('10.16.0.0/16'),
 IPv4Network('10.17.0.0/16'),
 IPv4Network('10.18.0.0/16'),
 IPv4Network('10.19.0.0/16'),
 IPv4Network('10.20.0.0/16'),
 IPv4Network('10.21.0.0/16'),
 IPv4Network('10.22.0.0/16'),
 IPv4Network('10.23.0.0/16'),
 IPv4Network('10.24.0.0/16'),
 IPv4Network('10.25.0.0/16'),
 IPv4Network('10.26.0.0/16'),
 IPv4Network('10.27.0.0/16'),
 IPv4Network('10.28.0.0/16'),
 IPv4Network('10.29.0.0/16'),
 IPv4Network('10.30.0.0/16'),
 IPv4Network('10.31.0.0/16'),
 IPv4Network('10.32.0.0/16'),
 IPv4Network('10.33.0.0/16'),
 IPv4Network('10.34.0.0/16'),
 IPv4Network('10.35.0.0/16'),
 IPv4Network('10.36.0.0/16'),
 IPv4Network('10.37.0.0/16'),
 IPv4Network('10.38.0.0/16'),
 IPv4Network('10.39.0.0/16'),
 IPv4Network('10.40.0.0/16'),
 IPv4Network('10.41.0.0/16'),
 IPv4Network('10.42.0.0/16'),
 IPv4Network('10.43.0.0/16'),
 IPv4Network('10.44.0.0/16'),
 IPv4Network('10.45.0.0/16'),
 IPv4Network('10.46.0.0/16'),
 IPv4Network('10.47.0.0/16'),
 IPv4Network('10.48.0.0/16'),
 IPv4Network('10.49.0.0/16'),
 IPv4Network('10.50.0.0/16'),
 IPv4Network('10.51.0.0/16'),
 IPv4Network('10.52.0.0/16'),
 IPv4Network('10.53.0.0/16'),
 IPv4Network('10.54.0.0/16'),
 IPv4Network('10.55.0.0/16'),
 IPv4Network('10.56.0.0/16'),
 IPv4Network('10.57.0.0/16'),
 IPv4Network('10.58.0.0/16'),
 IPv4Network('10.59.0.0/16'),
 IPv4Network('10.60.0.0/16'),
 IPv4Network('10.61.0.0/16'),
 IPv4Network('10.62.0.0/16'),
 IPv4Network('10.63.0.0/16'),
 IPv4Network('10.64.0.0/16'),
 IPv4Network('10.65.0.0/16'),
 IPv4Network('10.66.0.0/16'),
 IPv4Network('10.67.0.0/16'),
 IPv4Network('10.68.0.0/16'),
 IPv4Network('10.69.0.0/16'),
 IPv4Network('10.70.0.0/16'),
 IPv4Network('10.71.0.0/16'),
 IPv4Network('10.72.0.0/16'),
 IPv4Network('10.73.0.0/16'),
 IPv4Network('10.74.0.0/16'),
 IPv4Network('10.75.0.0/16'),
 IPv4Network('10.76.0.0/16'),
 IPv4Network('10.77.0.0/16'),
 IPv4Network('10.78.0.0/16'),
 IPv4Network('10.79.0.0/16'),
 IPv4Network('10.80.0.0/16'),
 IPv4Network('10.81.0.0/16'),
 IPv4Network('10.82.0.0/16'),
 IPv4Network('10.83.0.0/16'),
 IPv4Network('10.84.0.0/16'),
 IPv4Network('10.85.0.0/16'),
 IPv4Network('10.86.0.0/16'),
 IPv4Network('10.87.0.0/16'),
 IPv4Network('10.88.0.0/16'),
 IPv4Network('10.89.0.0/16'),
 IPv4Network('10.90.0.0/16'),
 IPv4Network('10.91.0.0/16'),
 IPv4Network('10.92.0.0/16'),
 IPv4Network('10.93.0.0/16'),
 IPv4Network('10.94.0.0/16'),
 IPv4Network('10.95.0.0/16'),
 IPv4Network('10.96.0.0/16'),
 IPv4Network('10.97.0.0/16'),
 IPv4Network('10.98.0.0/16'),
 IPv4Network('10.99.0.0/16'),
 IPv4Network('10.100.0.0/16'),
 IPv4Network('10.101.0.0/16'),
 IPv4Network('10.102.0.0/16'),
 IPv4Network('10.103.0.0/16')]
[IPv4Network('10.0.0.0/8'),
 IPv4Network('129.79.0.0/16'),
 IPv4Network('134.68.0.0/16'),
 IPv4Network('140.182.0.0/16'),
 IPv4Network('149.159.0.0/16'),
 IPv4Network('149.160.0.0/14'),
 IPv4Network('156.56.0.0/16'),
 IPv4Network('172.16.0.0/12'),
 IPv4Network('192.168.0.0/24'),
 IPv6Network('::/128'),
 IPv4Network('10.0.0.0/16'),
 IPv4Network('10.1.0.0/16'),
 IPv4Network('10.2.0.0/16'),
 IPv4Network('10.3.0.0/16'),
 IPv4Network('10.4.0.0/16'),
 IPv4Network('10.5.0.0/16'),
 IPv4Network('10.6.0.0/16'),
 IPv4Network('10.7.0.0/16'),
 IPv4Network('10.8.0.0/16'),
 IPv4Network('10.9.0.0/16'),
 IPv4Network('10.10.0.0/16'),
 IPv4Network('10.11.0.0/16'),
 IPv4Network('10.12.0.0/16'),
 IPv4Network('10.13.0.0/16'),
 IPv4Network('10.14.0.0/16'),
 IPv4Network('10.15.0.0/16'),
 IPv4Network('10.16.0.0/16'),
 IPv4Network('10.17.0.0/16'),
 IPv4Network('10.18.0.0/16'),
 IPv4Network('10.19.0.0/16'),
 IPv4Network('10.20.0.0/16'),
 IPv4Network('10.21.0.0/16'),
 IPv4Network('10.22.0.0/16'),
 IPv4Network('10.23.0.0/16'),
 IPv4Network('10.24.0.0/16'),
 IPv4Network('10.25.0.0/16'),
 IPv4Network('10.26.0.0/16'),
 IPv4Network('10.27.0.0/16'),
 IPv4Network('10.28.0.0/16'),
 IPv4Network('10.29.0.0/16'),
 IPv4Network('10.30.0.0/16'),
 IPv4Network('10.31.0.0/16'),
 IPv4Network('10.32.0.0/16'),
 IPv4Network('10.33.0.0/16'),
 IPv4Network('10.34.0.0/16'),
 IPv4Network('10.35.0.0/16'),
 IPv4Network('10.36.0.0/16'),
 IPv4Network('10.37.0.0/16'),
 IPv4Network('10.38.0.0/16'),
 IPv4Network('10.39.0.0/16'),
 IPv4Network('10.40.0.0/16'),
 IPv4Network('10.41.0.0/16'),
 IPv4Network('10.42.0.0/16'),
 IPv4Network('10.43.0.0/16'),
 IPv4Network('10.44.0.0/16'),
 IPv4Network('10.45.0.0/16'),
 IPv4Network('10.46.0.0/16'),
 IPv4Network('10.47.0.0/16'),
 IPv4Network('10.48.0.0/16'),
 IPv4Network('10.49.0.0/16'),
 IPv4Network('10.50.0.0/16'),
 IPv4Network('10.51.0.0/16'),
 IPv4Network('10.52.0.0/16'),
 IPv4Network('10.53.0.0/16'),
 IPv4Network('10.54.0.0/16'),
 IPv4Network('10.55.0.0/16'),
 IPv4Network('10.56.0.0/16'),
 IPv4Network('10.57.0.0/16'),
 IPv4Network('10.58.0.0/16'),
 IPv4Network('10.59.0.0/16'),
 IPv4Network('10.60.0.0/16'),
 IPv4Network('10.61.0.0/16'),
 IPv4Network('10.62.0.0/16'),
 IPv4Network('10.63.0.0/16'),
 IPv4Network('10.64.0.0/16'),
 IPv4Network('10.65.0.0/16'),
 IPv4Network('10.66.0.0/16'),
 IPv4Network('10.67.0.0/16'),
 IPv4Network('10.68.0.0/16'),
 IPv4Network('10.69.0.0/16'),
 IPv4Network('10.70.0.0/16'),
 IPv4Network('10.71.0.0/16'),
 IPv4Network('10.72.0.0/16'),
 IPv4Network('10.73.0.0/16'),
 IPv4Network('10.74.0.0/16'),
 IPv4Network('10.75.0.0/16'),
 IPv4Network('10.76.0.0/16'),
 IPv4Network('10.77.0.0/16'),
 IPv4Network('10.78.0.0/16'),
 IPv4Network('10.79.0.0/16'),
 IPv4Network('10.80.0.0/16'),
 IPv4Network('10.81.0.0/16'),
 IPv4Network('10.82.0.0/16'),
 IPv4Network('10.83.0.0/16'),
 IPv4Network('10.84.0.0/16'),
 IPv4Network('10.85.0.0/16'),
 IPv4Network('10.86.0.0/16'),
 IPv4Network('10.87.0.0/16'),
 IPv4Network('10.88.0.0/16'),
 IPv4Network('10.89.0.0/16'),
 IPv4Network('10.90.0.0/16'),
 IPv4Network('10.91.0.0/16'),
 IPv4Network('10.92.0.0/16'),
 IPv4Network('10.93.0.0/16'),
 IPv4Network('10.94.0.0/16'),
 IPv4Network('10.95.0.0/16'),
 IPv4Network('10.96.0.0/16'),
 IPv4Network('10.97.0.0/16'),
 IPv4Network('10.98.0.0/16'),
 IPv4Network('10.99.0.0/16'),
 IPv4Network('10.100.0.0/16'),
 IPv4Network('10.101.0.0/16'),
 IPv4Network('10.102.0.0/16'),
 IPv4Network('10.103.0.0/16')]
[IPv4Network('10.0.0.0/8'),
 IPv4Network('129.79.0.0/16'),
 IPv4Network('134.68.0.0/16'),
 IPv4Network('140.182.0.0/16'),
 IPv4Network('149.159.0.0/16'),
 IPv4Network('149.160.0.0/14'),
 IPv4Network('156.56.0.0/16'),
 IPv4Network('172.16.0.0/12'),
 IPv4Network('192.168.0.0/24'),
 IPv6Network('::/128'),
 IPv4Network('10.0.0.0/16'),
 IPv4Network('10.1.0.0/16'),
 IPv4Network('10.2.0.0/16'),
 IPv4Network('10.3.0.0/16'),
 IPv4Network('10.4.0.0/16'),
 IPv4Network('10.5.0.0/16'),
 IPv4Network('10.6.0.0/16'),
 IPv4Network('10.7.0.0/16'),
 IPv4Network('10.8.0.0/16'),
 IPv4Network('10.9.0.0/16'),
 IPv4Network('10.10.0.0/16'),
 IPv4Network('10.11.0.0/16'),
 IPv4Network('10.12.0.0/16'),
 IPv4Network('10.13.0.0/16'),
 IPv4Network('10.14.0.0/16'),
 IPv4Network('10.15.0.0/16'),
 IPv4Network('10.16.0.0/16'),
 IPv4Network('10.17.0.0/16'),
 IPv4Network('10.18.0.0/16'),
 IPv4Network('10.19.0.0/16'),
 IPv4Network('10.20.0.0/16'),
 IPv4Network('10.21.0.0/16'),
 IPv4Network('10.22.0.0/16'),
 IPv4Network('10.23.0.0/16'),
 IPv4Network('10.24.0.0/16'),
 IPv4Network('10.25.0.0/16'),
 IPv4Network('10.26.0.0/16'),
 IPv4Network('10.27.0.0/16'),
 IPv4Network('10.28.0.0/16'),
 IPv4Network('10.29.0.0/16'),
 IPv4Network('10.30.0.0/16'),
 IPv4Network('10.31.0.0/16'),
 IPv4Network('10.32.0.0/16'),
 IPv4Network('10.33.0.0/16'),
 IPv4Network('10.34.0.0/16'),
 IPv4Network('10.35.0.0/16'),
 IPv4Network('10.36.0.0/16'),
 IPv4Network('10.37.0.0/16'),
 IPv4Network('10.38.0.0/16'),
 IPv4Network('10.39.0.0/16'),
 IPv4Network('10.40.0.0/16'),
 IPv4Network('10.41.0.0/16'),
 IPv4Network('10.42.0.0/16'),
 IPv4Network('10.43.0.0/16'),
 IPv4Network('10.44.0.0/16'),
 IPv4Network('10.45.0.0/16'),
 IPv4Network('10.46.0.0/16'),
 IPv4Network('10.47.0.0/16'),
 IPv4Network('10.48.0.0/16'),
 IPv4Network('10.49.0.0/16'),
 IPv4Network('10.50.0.0/16'),
 IPv4Network('10.51.0.0/16'),
 IPv4Network('10.52.0.0/16'),
 IPv4Network('10.53.0.0/16'),
 IPv4Network('10.54.0.0/16'),
 IPv4Network('10.55.0.0/16'),
 IPv4Network('10.56.0.0/16'),
 IPv4Network('10.57.0.0/16'),
 IPv4Network('10.58.0.0/16'),
 IPv4Network('10.59.0.0/16'),
 IPv4Network('10.60.0.0/16'),
 IPv4Network('10.61.0.0/16'),
 IPv4Network('10.62.0.0/16'),
 IPv4Network('10.63.0.0/16'),
 IPv4Network('10.64.0.0/16'),
 IPv4Network('10.65.0.0/16'),
 IPv4Network('10.66.0.0/16'),
 IPv4Network('10.67.0.0/16'),
 IPv4Network('10.68.0.0/16'),
 IPv4Network('10.69.0.0/16'),
 IPv4Network('10.70.0.0/16'),
 IPv4Network('10.71.0.0/16'),
 IPv4Network('10.72.0.0/16'),
 IPv4Network('10.73.0.0/16'),
 IPv4Network('10.74.0.0/16'),
 IPv4Network('10.75.0.0/16'),
 IPv4Network('10.76.0.0/16'),
 IPv4Network('10.77.0.0/16'),
 IPv4Network('10.78.0.0/16'),
 IPv4Network('10.79.0.0/16'),
 IPv4Network('10.80.0.0/16'),
 IPv4Network('10.81.0.0/16'),
 IPv4Network('10.82.0.0/16'),
 IPv4Network('10.83.0.0/16'),
 IPv4Network('10.84.0.0/16'),
 IPv4Network('10.85.0.0/16'),
 IPv4Network('10.86.0.0/16'),
 IPv4Network('10.87.0.0/16'),
 IPv4Network('10.88.0.0/16'),
 IPv4Network('10.89.0.0/16'),
 IPv4Network('10.90.0.0/16'),
 IPv4Network('10.91.0.0/16'),
 IPv4Network('10.92.0.0/16'),
 IPv4Network('10.93.0.0/16'),
 IPv4Network('10.94.0.0/16'),
 IPv4Network('10.95.0.0/16'),
 IPv4Network('10.96.0.0/16'),
 IPv4Network('10.97.0.0/16'),
 IPv4Network('10.98.0.0/16'),
 IPv4Network('10.99.0.0/16'),
 IPv4Network('10.100.0.0/16'),
 IPv4Network('10.101.0.0/16'),
 IPv4Network('10.102.0.0/16'),
 IPv4Network('10.103.0.0/16')]
[IPv4Network('10.0.0.0/8'),
 IPv4Network('129.79.0.0/16'),
 IPv4Network('134.68.0.0/16'),
 IPv4Network('140.182.0.0/16'),
 IPv4Network('149.159.0.0/16'),
 IPv4Network('149.160.0.0/14'),
 IPv4Network('156.56.0.0/16'),
 IPv4Network('172.16.0.0/12'),
 IPv4Network('192.168.0.0/24'),
 IPv6Network('::/128'),
 IPv4Network('10.0.0.0/16'),
 IPv4Network('10.1.0.0/16'),
 IPv4Network('10.2.0.0/16'),
 IPv4Network('10.3.0.0/16'),
 IPv4Network('10.4.0.0/16'),
 IPv4Network('10.5.0.0/16'),
 IPv4Network('10.6.0.0/16'),
 IPv4Network('10.7.0.0/16'),
 IPv4Network('10.8.0.0/16'),
 IPv4Network('10.9.0.0/16'),
 IPv4Network('10.10.0.0/16'),
 IPv4Network('10.11.0.0/16'),
 IPv4Network('10.12.0.0/16'),
 IPv4Network('10.13.0.0/16'),
 IPv4Network('10.14.0.0/16'),
 IPv4Network('10.15.0.0/16'),
 IPv4Network('10.16.0.0/16'),
 IPv4Network('10.17.0.0/16'),
 IPv4Network('10.18.0.0/16'),
 IPv4Network('10.19.0.0/16'),
 IPv4Network('10.20.0.0/16'),
 IPv4Network('10.21.0.0/16'),
 IPv4Network('10.22.0.0/16'),
 IPv4Network('10.23.0.0/16'),
 IPv4Network('10.24.0.0/16'),
 IPv4Network('10.25.0.0/16'),
 IPv4Network('10.26.0.0/16'),
 IPv4Network('10.27.0.0/16'),
 IPv4Network('10.28.0.0/16'),
 IPv4Network('10.29.0.0/16'),
 IPv4Network('10.30.0.0/16'),
 IPv4Network('10.31.0.0/16'),
 IPv4Network('10.32.0.0/16'),
 IPv4Network('10.33.0.0/16'),
 IPv4Network('10.34.0.0/16'),
 IPv4Network('10.35.0.0/16'),
 IPv4Network('10.36.0.0/16'),
 IPv4Network('10.37.0.0/16'),
 IPv4Network('10.38.0.0/16'),
 IPv4Network('10.39.0.0/16'),
 IPv4Network('10.40.0.0/16'),
 IPv4Network('10.41.0.0/16'),
 IPv4Network('10.42.0.0/16'),
 IPv4Network('10.43.0.0/16'),
 IPv4Network('10.44.0.0/16'),
 IPv4Network('10.45.0.0/16'),
 IPv4Network('10.46.0.0/16'),
 IPv4Network('10.47.0.0/16'),
 IPv4Network('10.48.0.0/16'),
 IPv4Network('10.49.0.0/16'),
 IPv4Network('10.50.0.0/16'),
 IPv4Network('10.51.0.0/16'),
 IPv4Network('10.52.0.0/16'),
 IPv4Network('10.53.0.0/16'),
 IPv4Network('10.54.0.0/16'),
 IPv4Network('10.55.0.0/16'),
 IPv4Network('10.56.0.0/16'),
 IPv4Network('10.57.0.0/16'),
 IPv4Network('10.58.0.0/16'),
 IPv4Network('10.59.0.0/16'),
 IPv4Network('10.60.0.0/16'),
 IPv4Network('10.61.0.0/16'),
 IPv4Network('10.62.0.0/16'),
 IPv4Network('10.63.0.0/16'),
 IPv4Network('10.64.0.0/16'),
 IPv4Network('10.65.0.0/16'),
 IPv4Network('10.66.0.0/16'),
 IPv4Network('10.67.0.0/16'),
 IPv4Network('10.68.0.0/16'),
 IPv4Network('10.69.0.0/16'),
 IPv4Network('10.70.0.0/16'),
 IPv4Network('10.71.0.0/16'),
 IPv4Network('10.72.0.0/16'),
 IPv4Network('10.73.0.0/16'),
 IPv4Network('10.74.0.0/16'),
 IPv4Network('10.75.0.0/16'),
 IPv4Network('10.76.0.0/16'),
 IPv4Network('10.77.0.0/16'),
 IPv4Network('10.78.0.0/16'),
 IPv4Network('10.79.0.0/16'),
 IPv4Network('10.80.0.0/16'),
 IPv4Network('10.81.0.0/16'),
 IPv4Network('10.82.0.0/16'),
 IPv4Network('10.83.0.0/16'),
 IPv4Network('10.84.0.0/16'),
 IPv4Network('10.85.0.0/16'),
 IPv4Network('10.86.0.0/16'),
 IPv4Network('10.87.0.0/16'),
 IPv4Network('10.88.0.0/16'),
 IPv4Network('10.89.0.0/16'),
 IPv4Network('10.90.0.0/16'),
 IPv4Network('10.91.0.0/16'),
 IPv4Network('10.92.0.0/16'),
 IPv4Network('10.93.0.0/16'),
 IPv4Network('10.94.0.0/16'),
 IPv4Network('10.95.0.0/16'),
 IPv4Network('10.96.0.0/16'),
 IPv4Network('10.97.0.0/16'),
 IPv4Network('10.98.0.0/16'),
 IPv4Network('10.99.0.0/16'),
 IPv4Network('10.100.0.0/16'),
 IPv4Network('10.101.0.0/16'),
 IPv4Network('10.102.0.0/16'),
 IPv4Network('10.103.0.0/16'),
 IPv4Network('10.104.0.0/16'),
 IPv4Network('10.105.0.0/16')]
[IPv4Network('10.0.0.0/8'),
 IPv4Network('129.79.0.0/16'),
 IPv4Network('134.68.0.0/16'),
 IPv4Network('140.182.0.0/16'),
 IPv4Network('149.159.0.0/16'),
 IPv4Network('149.160.0.0/14'),
 IPv4Network('156.56.0.0/16'),
 IPv4Network('172.16.0.0/12'),
 IPv4Network('192.168.0.0/24'),
 IPv6Network('::/128'),
 IPv4Network('10.0.0.0/16'),
 IPv4Network('10.1.0.0/16'),
 IPv4Network('10.2.0.0/16'),
 IPv4Network('10.3.0.0/16'),
 IPv4Network('10.4.0.0/16'),
 IPv4Network('10.5.0.0/16'),
 IPv4Network('10.6.0.0/16'),
 IPv4Network('10.7.0.0/16'),
 IPv4Network('10.8.0.0/16'),
 IPv4Network('10.9.0.0/16'),
 IPv4Network('10.10.0.0/16'),
 IPv4Network('10.11.0.0/16'),
 IPv4Network('10.12.0.0/16'),
 IPv4Network('10.13.0.0/16'),
 IPv4Network('10.14.0.0/16'),
 IPv4Network('10.15.0.0/16'),
 IPv4Network('10.16.0.0/16'),
 IPv4Network('10.17.0.0/16'),
 IPv4Network('10.18.0.0/16'),
 IPv4Network('10.19.0.0/16'),
 IPv4Network('10.20.0.0/16'),
 IPv4Network('10.21.0.0/16'),
 IPv4Network('10.22.0.0/16'),
 IPv4Network('10.23.0.0/16'),
 IPv4Network('10.24.0.0/16'),
 IPv4Network('10.25.0.0/16'),
 IPv4Network('10.26.0.0/16'),
 IPv4Network('10.27.0.0/16'),
 IPv4Network('10.28.0.0/16'),
 IPv4Network('10.29.0.0/16'),
 IPv4Network('10.30.0.0/16'),
 IPv4Network('10.31.0.0/16'),
 IPv4Network('10.32.0.0/16'),
 IPv4Network('10.33.0.0/16'),
 IPv4Network('10.34.0.0/16'),
 IPv4Network('10.35.0.0/16'),
 IPv4Network('10.36.0.0/16'),
 IPv4Network('10.37.0.0/16'),
 IPv4Network('10.38.0.0/16'),
 IPv4Network('10.39.0.0/16'),
 IPv4Network('10.40.0.0/16'),
 IPv4Network('10.41.0.0/16'),
 IPv4Network('10.42.0.0/16'),
 IPv4Network('10.43.0.0/16'),
 IPv4Network('10.44.0.0/16'),
 IPv4Network('10.45.0.0/16'),
 IPv4Network('10.46.0.0/16'),
 IPv4Network('10.47.0.0/16'),
 IPv4Network('10.48.0.0/16'),
 IPv4Network('10.49.0.0/16'),
 IPv4Network('10.50.0.0/16'),
 IPv4Network('10.51.0.0/16'),
 IPv4Network('10.52.0.0/16'),
 IPv4Network('10.53.0.0/16'),
 IPv4Network('10.54.0.0/16'),
 IPv4Network('10.55.0.0/16'),
 IPv4Network('10.56.0.0/16'),
 IPv4Network('10.57.0.0/16'),
 IPv4Network('10.58.0.0/16'),
 IPv4Network('10.59.0.0/16'),
 IPv4Network('10.60.0.0/16'),
 IPv4Network('10.61.0.0/16'),
 IPv4Network('10.62.0.0/16'),
 IPv4Network('10.63.0.0/16'),
 IPv4Network('10.64.0.0/16'),
 IPv4Network('10.65.0.0/16'),
 IPv4Network('10.66.0.0/16'),
 IPv4Network('10.67.0.0/16'),
 IPv4Network('10.68.0.0/16'),
 IPv4Network('10.69.0.0/16'),
 IPv4Network('10.70.0.0/16'),
 IPv4Network('10.71.0.0/16'),
 IPv4Network('10.72.0.0/16'),
 IPv4Network('10.73.0.0/16'),
 IPv4Network('10.74.0.0/16'),
 IPv4Network('10.75.0.0/16'),
 IPv4Network('10.76.0.0/16'),
 IPv4Network('10.77.0.0/16'),
 IPv4Network('10.78.0.0/16'),
 IPv4Network('10.79.0.0/16'),
 IPv4Network('10.80.0.0/16'),
 IPv4Network('10.81.0.0/16'),
 IPv4Network('10.82.0.0/16'),
 IPv4Network('10.83.0.0/16'),
 IPv4Network('10.84.0.0/16'),
 IPv4Network('10.85.0.0/16'),
 IPv4Network('10.86.0.0/16'),
 IPv4Network('10.87.0.0/16'),
 IPv4Network('10.88.0.0/16'),
 IPv4Network('10.89.0.0/16'),
 IPv4Network('10.90.0.0/16'),
 IPv4Network('10.91.0.0/16'),
 IPv4Network('10.92.0.0/16'),
 IPv4Network('10.93.0.0/16'),
 IPv4Network('10.94.0.0/16'),
 IPv4Network('10.95.0.0/16'),
 IPv4Network('10.96.0.0/16'),
 IPv4Network('10.97.0.0/16'),
 IPv4Network('10.98.0.0/16'),
 IPv4Network('10.99.0.0/16'),
 IPv4Network('10.100.0.0/16'),
 IPv4Network('10.101.0.0/16'),
 IPv4Network('10.102.0.0/16'),
 IPv4Network('10.103.0.0/16'),
 IPv4Network('10.104.0.0/16'),
 IPv4Network('10.105.0.0/16'),
 IPv4Network('10.106.0.0/16'),
 IPv4Network('10.107.0.0/16')]
[IPv4Network('10.0.0.0/8'),
 IPv4Network('129.79.0.0/16'),
 IPv4Network('134.68.0.0/16'),
 IPv4Network('140.182.0.0/16'),
 IPv4Network('149.159.0.0/16'),
 IPv4Network('149.160.0.0/14'),
 IPv4Network('156.56.0.0/16'),
 IPv4Network('172.16.0.0/12'),
 IPv4Network('192.168.0.0/24'),
 IPv6Network('::/128'),
 IPv4Network('10.0.0.0/16'),
 IPv4Network('10.1.0.0/16'),
 IPv4Network('10.2.0.0/16'),
 IPv4Network('10.3.0.0/16'),
 IPv4Network('10.4.0.0/16'),
 IPv4Network('10.5.0.0/16'),
 IPv4Network('10.6.0.0/16'),
 IPv4Network('10.7.0.0/16'),
 IPv4Network('10.8.0.0/16'),
 IPv4Network('10.9.0.0/16'),
 IPv4Network('10.10.0.0/16'),
 IPv4Network('10.11.0.0/16'),
 IPv4Network('10.12.0.0/16'),
 IPv4Network('10.13.0.0/16'),
 IPv4Network('10.14.0.0/16'),
 IPv4Network('10.15.0.0/16'),
 IPv4Network('10.16.0.0/16'),
 IPv4Network('10.17.0.0/16'),
 IPv4Network('10.18.0.0/16'),
 IPv4Network('10.19.0.0/16'),
 IPv4Network('10.20.0.0/16'),
 IPv4Network('10.21.0.0/16'),
 IPv4Network('10.22.0.0/16'),
 IPv4Network('10.23.0.0/16'),
 IPv4Network('10.24.0.0/16'),
 IPv4Network('10.25.0.0/16'),
 IPv4Network('10.26.0.0/16'),
 IPv4Network('10.27.0.0/16'),
 IPv4Network('10.28.0.0/16'),
 IPv4Network('10.29.0.0/16'),
 IPv4Network('10.30.0.0/16'),
 IPv4Network('10.31.0.0/16'),
 IPv4Network('10.32.0.0/16'),
 IPv4Network('10.33.0.0/16'),
 IPv4Network('10.34.0.0/16'),
 IPv4Network('10.35.0.0/16'),
 IPv4Network('10.36.0.0/16'),
 IPv4Network('10.37.0.0/16'),
 IPv4Network('10.38.0.0/16'),
 IPv4Network('10.39.0.0/16'),
 IPv4Network('10.40.0.0/16'),
 IPv4Network('10.41.0.0/16'),
 IPv4Network('10.42.0.0/16'),
 IPv4Network('10.43.0.0/16'),
 IPv4Network('10.44.0.0/16'),
 IPv4Network('10.45.0.0/16'),
 IPv4Network('10.46.0.0/16'),
 IPv4Network('10.47.0.0/16'),
 IPv4Network('10.48.0.0/16'),
 IPv4Network('10.49.0.0/16'),
 IPv4Network('10.50.0.0/16'),
 IPv4Network('10.51.0.0/16'),
 IPv4Network('10.52.0.0/16'),
 IPv4Network('10.53.0.0/16'),
 IPv4Network('10.54.0.0/16'),
 IPv4Network('10.55.0.0/16'),
 IPv4Network('10.56.0.0/16'),
 IPv4Network('10.57.0.0/16'),
 IPv4Network('10.58.0.0/16'),
 IPv4Network('10.59.0.0/16'),
 IPv4Network('10.60.0.0/16'),
 IPv4Network('10.61.0.0/16'),
 IPv4Network('10.62.0.0/16'),
 IPv4Network('10.63.0.0/16'),
 IPv4Network('10.64.0.0/16'),
 IPv4Network('10.65.0.0/16'),
 IPv4Network('10.66.0.0/16'),
 IPv4Network('10.67.0.0/16'),
 IPv4Network('10.68.0.0/16'),
 IPv4Network('10.69.0.0/16'),
 IPv4Network('10.70.0.0/16'),
 IPv4Network('10.71.0.0/16'),
 IPv4Network('10.72.0.0/16'),
 IPv4Network('10.73.0.0/16'),
 IPv4Network('10.74.0.0/16'),
 IPv4Network('10.75.0.0/16'),
 IPv4Network('10.76.0.0/16'),
 IPv4Network('10.77.0.0/16'),
 IPv4Network('10.78.0.0/16'),
 IPv4Network('10.79.0.0/16'),
 IPv4Network('10.80.0.0/16'),
 IPv4Network('10.81.0.0/16'),
 IPv4Network('10.82.0.0/16'),
 IPv4Network('10.83.0.0/16'),
 IPv4Network('10.84.0.0/16'),
 IPv4Network('10.85.0.0/16'),
 IPv4Network('10.86.0.0/16'),
 IPv4Network('10.87.0.0/16'),
 IPv4Network('10.88.0.0/16'),
 IPv4Network('10.89.0.0/16'),
 IPv4Network('10.90.0.0/16'),
 IPv4Network('10.91.0.0/16'),
 IPv4Network('10.92.0.0/16'),
 IPv4Network('10.93.0.0/16'),
 IPv4Network('10.94.0.0/16'),
 IPv4Network('10.95.0.0/16'),
 IPv4Network('10.96.0.0/16'),
 IPv4Network('10.97.0.0/16'),
 IPv4Network('10.98.0.0/16'),
 IPv4Network('10.99.0.0/16'),
 IPv4Network('10.100.0.0/16'),
 IPv4Network('10.101.0.0/16'),
 IPv4Network('10.102.0.0/16'),
 IPv4Network('10.103.0.0/16'),
 IPv4Network('10.104.0.0/16'),
 IPv4Network('10.105.0.0/16'),
 IPv4Network('10.106.0.0/16'),
 IPv4Network('10.107.0.0/16')]
[IPv4Network('10.0.0.0/8'),
 IPv4Network('129.79.0.0/16'),
 IPv4Network('134.68.0.0/16'),
 IPv4Network('140.182.0.0/16'),
 IPv4Network('149.159.0.0/16'),
 IPv4Network('149.160.0.0/14'),
 IPv4Network('156.56.0.0/16'),
 IPv4Network('172.16.0.0/12'),
 IPv4Network('192.168.0.0/24'),
 IPv6Network('::/128'),
 IPv4Network('10.0.0.0/16'),
 IPv4Network('10.1.0.0/16'),
 IPv4Network('10.2.0.0/16'),
 IPv4Network('10.3.0.0/16'),
 IPv4Network('10.4.0.0/16'),
 IPv4Network('10.5.0.0/16'),
 IPv4Network('10.6.0.0/16'),
 IPv4Network('10.7.0.0/16'),
 IPv4Network('10.8.0.0/16'),
 IPv4Network('10.9.0.0/16'),
 IPv4Network('10.10.0.0/16'),
 IPv4Network('10.11.0.0/16'),
 IPv4Network('10.12.0.0/16'),
 IPv4Network('10.13.0.0/16'),
 IPv4Network('10.14.0.0/16'),
 IPv4Network('10.15.0.0/16'),
 IPv4Network('10.16.0.0/16'),
 IPv4Network('10.17.0.0/16'),
 IPv4Network('10.18.0.0/16'),
 IPv4Network('10.19.0.0/16'),
 IPv4Network('10.20.0.0/16'),
 IPv4Network('10.21.0.0/16'),
 IPv4Network('10.22.0.0/16'),
 IPv4Network('10.23.0.0/16'),
 IPv4Network('10.24.0.0/16'),
 IPv4Network('10.25.0.0/16'),
 IPv4Network('10.26.0.0/16'),
 IPv4Network('10.27.0.0/16'),
 IPv4Network('10.28.0.0/16'),
 IPv4Network('10.29.0.0/16'),
 IPv4Network('10.30.0.0/16'),
 IPv4Network('10.31.0.0/16'),
 IPv4Network('10.32.0.0/16'),
 IPv4Network('10.33.0.0/16'),
 IPv4Network('10.34.0.0/16'),
 IPv4Network('10.35.0.0/16'),
 IPv4Network('10.36.0.0/16'),
 IPv4Network('10.37.0.0/16'),
 IPv4Network('10.38.0.0/16'),
 IPv4Network('10.39.0.0/16'),
 IPv4Network('10.40.0.0/16'),
 IPv4Network('10.41.0.0/16'),
 IPv4Network('10.42.0.0/16'),
 IPv4Network('10.43.0.0/16'),
 IPv4Network('10.44.0.0/16'),
 IPv4Network('10.45.0.0/16'),
 IPv4Network('10.46.0.0/16'),
 IPv4Network('10.47.0.0/16'),
 IPv4Network('10.48.0.0/16'),
 IPv4Network('10.49.0.0/16'),
 IPv4Network('10.50.0.0/16'),
 IPv4Network('10.51.0.0/16'),
 IPv4Network('10.52.0.0/16'),
 IPv4Network('10.53.0.0/16'),
 IPv4Network('10.54.0.0/16'),
 IPv4Network('10.55.0.0/16'),
 IPv4Network('10.56.0.0/16'),
 IPv4Network('10.57.0.0/16'),
 IPv4Network('10.58.0.0/16'),
 IPv4Network('10.59.0.0/16'),
 IPv4Network('10.60.0.0/16'),
 IPv4Network('10.61.0.0/16'),
 IPv4Network('10.62.0.0/16'),
 IPv4Network('10.63.0.0/16'),
 IPv4Network('10.64.0.0/16'),
 IPv4Network('10.65.0.0/16'),
 IPv4Network('10.66.0.0/16'),
 IPv4Network('10.67.0.0/16'),
 IPv4Network('10.68.0.0/16'),
 IPv4Network('10.69.0.0/16'),
 IPv4Network('10.70.0.0/16'),
 IPv4Network('10.71.0.0/16'),
 IPv4Network('10.72.0.0/16'),
 IPv4Network('10.73.0.0/16'),
 IPv4Network('10.74.0.0/16'),
 IPv4Network('10.75.0.0/16'),
 IPv4Network('10.76.0.0/16'),
 IPv4Network('10.77.0.0/16'),
 IPv4Network('10.78.0.0/16'),
 IPv4Network('10.79.0.0/16'),
 IPv4Network('10.80.0.0/16'),
 IPv4Network('10.81.0.0/16'),
 IPv4Network('10.82.0.0/16'),
 IPv4Network('10.83.0.0/16'),
 IPv4Network('10.84.0.0/16'),
 IPv4Network('10.85.0.0/16'),
 IPv4Network('10.86.0.0/16'),
 IPv4Network('10.87.0.0/16'),
 IPv4Network('10.88.0.0/16'),
 IPv4Network('10.89.0.0/16'),
 IPv4Network('10.90.0.0/16'),
 IPv4Network('10.91.0.0/16'),
 IPv4Network('10.92.0.0/16'),
 IPv4Network('10.93.0.0/16'),
 IPv4Network('10.94.0.0/16'),
 IPv4Network('10.95.0.0/16'),
 IPv4Network('10.96.0.0/16'),
 IPv4Network('10.97.0.0/16'),
 IPv4Network('10.98.0.0/16'),
 IPv4Network('10.99.0.0/16'),
 IPv4Network('10.100.0.0/16'),
 IPv4Network('10.101.0.0/16'),
 IPv4Network('10.102.0.0/16'),
 IPv4Network('10.103.0.0/16'),
 IPv4Network('10.104.0.0/16'),
 IPv4Network('10.105.0.0/16'),
 IPv4Network('10.106.0.0/16'),
 IPv4Network('10.107.0.0/16'),
 IPv4Network('10.108.0.0/16'),
 IPv4Network('10.109.0.0/16')]
[IPv4Network('10.0.0.0/8'),
 IPv4Network('129.79.0.0/16'),
 IPv4Network('134.68.0.0/16'),
 IPv4Network('140.182.0.0/16'),
 IPv4Network('149.159.0.0/16'),
 IPv4Network('149.160.0.0/14'),
 IPv4Network('156.56.0.0/16'),
 IPv4Network('172.16.0.0/12'),
 IPv4Network('192.168.0.0/24'),
 IPv6Network('::/128'),
 IPv4Network('10.0.0.0/16'),
 IPv4Network('10.1.0.0/16'),
 IPv4Network('10.2.0.0/16'),
 IPv4Network('10.3.0.0/16'),
 IPv4Network('10.4.0.0/16'),
 IPv4Network('10.5.0.0/16'),
 IPv4Network('10.6.0.0/16'),
 IPv4Network('10.7.0.0/16'),
 IPv4Network('10.8.0.0/16'),
 IPv4Network('10.9.0.0/16'),
 IPv4Network('10.10.0.0/16'),
 IPv4Network('10.11.0.0/16'),
 IPv4Network('10.12.0.0/16'),
 IPv4Network('10.13.0.0/16'),
 IPv4Network('10.14.0.0/16'),
 IPv4Network('10.15.0.0/16'),
 IPv4Network('10.16.0.0/16'),
 IPv4Network('10.17.0.0/16'),
 IPv4Network('10.18.0.0/16'),
 IPv4Network('10.19.0.0/16'),
 IPv4Network('10.20.0.0/16'),
 IPv4Network('10.21.0.0/16'),
 IPv4Network('10.22.0.0/16'),
 IPv4Network('10.23.0.0/16'),
 IPv4Network('10.24.0.0/16'),
 IPv4Network('10.25.0.0/16'),
 IPv4Network('10.26.0.0/16'),
 IPv4Network('10.27.0.0/16'),
 IPv4Network('10.28.0.0/16'),
 IPv4Network('10.29.0.0/16'),
 IPv4Network('10.30.0.0/16'),
 IPv4Network('10.31.0.0/16'),
 IPv4Network('10.32.0.0/16'),
 IPv4Network('10.33.0.0/16'),
 IPv4Network('10.34.0.0/16'),
 IPv4Network('10.35.0.0/16'),
 IPv4Network('10.36.0.0/16'),
 IPv4Network('10.37.0.0/16'),
 IPv4Network('10.38.0.0/16'),
 IPv4Network('10.39.0.0/16'),
 IPv4Network('10.40.0.0/16'),
 IPv4Network('10.41.0.0/16'),
 IPv4Network('10.42.0.0/16'),
 IPv4Network('10.43.0.0/16'),
 IPv4Network('10.44.0.0/16'),
 IPv4Network('10.45.0.0/16'),
 IPv4Network('10.46.0.0/16'),
 IPv4Network('10.47.0.0/16'),
 IPv4Network('10.48.0.0/16'),
 IPv4Network('10.49.0.0/16'),
 IPv4Network('10.50.0.0/16'),
 IPv4Network('10.51.0.0/16'),
 IPv4Network('10.52.0.0/16'),
 IPv4Network('10.53.0.0/16'),
 IPv4Network('10.54.0.0/16'),
 IPv4Network('10.55.0.0/16'),
 IPv4Network('10.56.0.0/16'),
 IPv4Network('10.57.0.0/16'),
 IPv4Network('10.58.0.0/16'),
 IPv4Network('10.59.0.0/16'),
 IPv4Network('10.60.0.0/16'),
 IPv4Network('10.61.0.0/16'),
 IPv4Network('10.62.0.0/16'),
 IPv4Network('10.63.0.0/16'),
 IPv4Network('10.64.0.0/16'),
 IPv4Network('10.65.0.0/16'),
 IPv4Network('10.66.0.0/16'),
 IPv4Network('10.67.0.0/16'),
 IPv4Network('10.68.0.0/16'),
 IPv4Network('10.69.0.0/16'),
 IPv4Network('10.70.0.0/16'),
 IPv4Network('10.71.0.0/16'),
 IPv4Network('10.72.0.0/16'),
 IPv4Network('10.73.0.0/16'),
 IPv4Network('10.74.0.0/16'),
 IPv4Network('10.75.0.0/16'),
 IPv4Network('10.76.0.0/16'),
 IPv4Network('10.77.0.0/16'),
 IPv4Network('10.78.0.0/16'),
 IPv4Network('10.79.0.0/16'),
 IPv4Network('10.80.0.0/16'),
 IPv4Network('10.81.0.0/16'),
 IPv4Network('10.82.0.0/16'),
 IPv4Network('10.83.0.0/16'),
 IPv4Network('10.84.0.0/16'),
 IPv4Network('10.85.0.0/16'),
 IPv4Network('10.86.0.0/16'),
 IPv4Network('10.87.0.0/16'),
 IPv4Network('10.88.0.0/16'),
 IPv4Network('10.89.0.0/16'),
 IPv4Network('10.90.0.0/16'),
 IPv4Network('10.91.0.0/16'),
 IPv4Network('10.92.0.0/16'),
 IPv4Network('10.93.0.0/16'),
 IPv4Network('10.94.0.0/16'),
 IPv4Network('10.95.0.0/16'),
 IPv4Network('10.96.0.0/16'),
 IPv4Network('10.97.0.0/16'),
 IPv4Network('10.98.0.0/16'),
 IPv4Network('10.99.0.0/16'),
 IPv4Network('10.100.0.0/16'),
 IPv4Network('10.101.0.0/16'),
 IPv4Network('10.102.0.0/16'),
 IPv4Network('10.103.0.0/16'),
 IPv4Network('10.104.0.0/16'),
 IPv4Network('10.105.0.0/16'),
 IPv4Network('10.106.0.0/16'),
 IPv4Network('10.107.0.0/16'),
 IPv4Network('10.108.0.0/16'),
 IPv4Network('10.109.0.0/16'),
 IPv4Network('10.110.0.0/16'),
 IPv4Network('10.111.0.0/16')]
[IPv4Network('10.0.0.0/8'),
 IPv4Network('129.79.0.0/16'),
 IPv4Network('134.68.0.0/16'),
 IPv4Network('140.182.0.0/16'),
 IPv4Network('149.159.0.0/16'),
 IPv4Network('149.160.0.0/14'),
 IPv4Network('156.56.0.0/16'),
 IPv4Network('172.16.0.0/12'),
 IPv4Network('192.168.0.0/24'),
 IPv6Network('::/128'),
 IPv4Network('10.0.0.0/16'),
 IPv4Network('10.1.0.0/16'),
 IPv4Network('10.2.0.0/16'),
 IPv4Network('10.3.0.0/16'),
 IPv4Network('10.4.0.0/16'),
 IPv4Network('10.5.0.0/16'),
 IPv4Network('10.6.0.0/16'),
 IPv4Network('10.7.0.0/16'),
 IPv4Network('10.8.0.0/16'),
 IPv4Network('10.9.0.0/16'),
 IPv4Network('10.10.0.0/16'),
 IPv4Network('10.11.0.0/16'),
 IPv4Network('10.12.0.0/16'),
 IPv4Network('10.13.0.0/16'),
 IPv4Network('10.14.0.0/16'),
 IPv4Network('10.15.0.0/16'),
 IPv4Network('10.16.0.0/16'),
 IPv4Network('10.17.0.0/16'),
 IPv4Network('10.18.0.0/16'),
 IPv4Network('10.19.0.0/16'),
 IPv4Network('10.20.0.0/16'),
 IPv4Network('10.21.0.0/16'),
 IPv4Network('10.22.0.0/16'),
 IPv4Network('10.23.0.0/16'),
 IPv4Network('10.24.0.0/16'),
 IPv4Network('10.25.0.0/16'),
 IPv4Network('10.26.0.0/16'),
 IPv4Network('10.27.0.0/16'),
 IPv4Network('10.28.0.0/16'),
 IPv4Network('10.29.0.0/16'),
 IPv4Network('10.30.0.0/16'),
 IPv4Network('10.31.0.0/16'),
 IPv4Network('10.32.0.0/16'),
 IPv4Network('10.33.0.0/16'),
 IPv4Network('10.34.0.0/16'),
 IPv4Network('10.35.0.0/16'),
 IPv4Network('10.36.0.0/16'),
 IPv4Network('10.37.0.0/16'),
 IPv4Network('10.38.0.0/16'),
 IPv4Network('10.39.0.0/16'),
 IPv4Network('10.40.0.0/16'),
 IPv4Network('10.41.0.0/16'),
 IPv4Network('10.42.0.0/16'),
 IPv4Network('10.43.0.0/16'),
 IPv4Network('10.44.0.0/16'),
 IPv4Network('10.45.0.0/16'),
 IPv4Network('10.46.0.0/16'),
 IPv4Network('10.47.0.0/16'),
 IPv4Network('10.48.0.0/16'),
 IPv4Network('10.49.0.0/16'),
 IPv4Network('10.50.0.0/16'),
 IPv4Network('10.51.0.0/16'),
 IPv4Network('10.52.0.0/16'),
 IPv4Network('10.53.0.0/16'),
 IPv4Network('10.54.0.0/16'),
 IPv4Network('10.55.0.0/16'),
 IPv4Network('10.56.0.0/16'),
 IPv4Network('10.57.0.0/16'),
 IPv4Network('10.58.0.0/16'),
 IPv4Network('10.59.0.0/16'),
 IPv4Network('10.60.0.0/16'),
 IPv4Network('10.61.0.0/16'),
 IPv4Network('10.62.0.0/16'),
 IPv4Network('10.63.0.0/16'),
 IPv4Network('10.64.0.0/16'),
 IPv4Network('10.65.0.0/16'),
 IPv4Network('10.66.0.0/16'),
 IPv4Network('10.67.0.0/16'),
 IPv4Network('10.68.0.0/16'),
 IPv4Network('10.69.0.0/16'),
 IPv4Network('10.70.0.0/16'),
 IPv4Network('10.71.0.0/16'),
 IPv4Network('10.72.0.0/16'),
 IPv4Network('10.73.0.0/16'),
 IPv4Network('10.74.0.0/16'),
 IPv4Network('10.75.0.0/16'),
 IPv4Network('10.76.0.0/16'),
 IPv4Network('10.77.0.0/16'),
 IPv4Network('10.78.0.0/16'),
 IPv4Network('10.79.0.0/16'),
 IPv4Network('10.80.0.0/16'),
 IPv4Network('10.81.0.0/16'),
 IPv4Network('10.82.0.0/16'),
 IPv4Network('10.83.0.0/16'),
 IPv4Network('10.84.0.0/16'),
 IPv4Network('10.85.0.0/16'),
 IPv4Network('10.86.0.0/16'),
 IPv4Network('10.87.0.0/16'),
 IPv4Network('10.88.0.0/16'),
 IPv4Network('10.89.0.0/16'),
 IPv4Network('10.90.0.0/16'),
 IPv4Network('10.91.0.0/16'),
 IPv4Network('10.92.0.0/16'),
 IPv4Network('10.93.0.0/16'),
 IPv4Network('10.94.0.0/16'),
 IPv4Network('10.95.0.0/16'),
 IPv4Network('10.96.0.0/16'),
 IPv4Network('10.97.0.0/16'),
 IPv4Network('10.98.0.0/16'),
 IPv4Network('10.99.0.0/16'),
 IPv4Network('10.100.0.0/16'),
 IPv4Network('10.101.0.0/16'),
 IPv4Network('10.102.0.0/16'),
 IPv4Network('10.103.0.0/16'),
 IPv4Network('10.104.0.0/16'),
 IPv4Network('10.105.0.0/16'),
 IPv4Network('10.106.0.0/16'),
 IPv4Network('10.107.0.0/16'),
 IPv4Network('10.108.0.0/16'),
 IPv4Network('10.109.0.0/16'),
 IPv4Network('10.110.0.0/16'),
 IPv4Network('10.111.0.0/16')]
[IPv4Network('10.0.0.0/8'),
 IPv4Network('129.79.0.0/16'),
 IPv4Network('134.68.0.0/16'),
 IPv4Network('140.182.0.0/16'),
 IPv4Network('149.159.0.0/16'),
 IPv4Network('149.160.0.0/14'),
 IPv4Network('156.56.0.0/16'),
 IPv4Network('172.16.0.0/12'),
 IPv4Network('192.168.0.0/24'),
 IPv6Network('::/128'),
 IPv4Network('10.0.0.0/16'),
 IPv4Network('10.1.0.0/16'),
 IPv4Network('10.2.0.0/16'),
 IPv4Network('10.3.0.0/16'),
 IPv4Network('10.4.0.0/16'),
 IPv4Network('10.5.0.0/16'),
 IPv4Network('10.6.0.0/16'),
 IPv4Network('10.7.0.0/16'),
 IPv4Network('10.8.0.0/16'),
 IPv4Network('10.9.0.0/16'),
 IPv4Network('10.10.0.0/16'),
 IPv4Network('10.11.0.0/16'),
 IPv4Network('10.12.0.0/16'),
 IPv4Network('10.13.0.0/16'),
 IPv4Network('10.14.0.0/16'),
 IPv4Network('10.15.0.0/16'),
 IPv4Network('10.16.0.0/16'),
 IPv4Network('10.17.0.0/16'),
 IPv4Network('10.18.0.0/16'),
 IPv4Network('10.19.0.0/16'),
 IPv4Network('10.20.0.0/16'),
 IPv4Network('10.21.0.0/16'),
 IPv4Network('10.22.0.0/16'),
 IPv4Network('10.23.0.0/16'),
 IPv4Network('10.24.0.0/16'),
 IPv4Network('10.25.0.0/16'),
 IPv4Network('10.26.0.0/16'),
 IPv4Network('10.27.0.0/16'),
 IPv4Network('10.28.0.0/16'),
 IPv4Network('10.29.0.0/16'),
 IPv4Network('10.30.0.0/16'),
 IPv4Network('10.31.0.0/16'),
 IPv4Network('10.32.0.0/16'),
 IPv4Network('10.33.0.0/16'),
 IPv4Network('10.34.0.0/16'),
 IPv4Network('10.35.0.0/16'),
 IPv4Network('10.36.0.0/16'),
 IPv4Network('10.37.0.0/16'),
 IPv4Network('10.38.0.0/16'),
 IPv4Network('10.39.0.0/16'),
 IPv4Network('10.40.0.0/16'),
 IPv4Network('10.41.0.0/16'),
 IPv4Network('10.42.0.0/16'),
 IPv4Network('10.43.0.0/16'),
 IPv4Network('10.44.0.0/16'),
 IPv4Network('10.45.0.0/16'),
 IPv4Network('10.46.0.0/16'),
 IPv4Network('10.47.0.0/16'),
 IPv4Network('10.48.0.0/16'),
 IPv4Network('10.49.0.0/16'),
 IPv4Network('10.50.0.0/16'),
 IPv4Network('10.51.0.0/16'),
 IPv4Network('10.52.0.0/16'),
 IPv4Network('10.53.0.0/16'),
 IPv4Network('10.54.0.0/16'),
 IPv4Network('10.55.0.0/16'),
 IPv4Network('10.56.0.0/16'),
 IPv4Network('10.57.0.0/16'),
 IPv4Network('10.58.0.0/16'),
 IPv4Network('10.59.0.0/16'),
 IPv4Network('10.60.0.0/16'),
 IPv4Network('10.61.0.0/16'),
 IPv4Network('10.62.0.0/16'),
 IPv4Network('10.63.0.0/16'),
 IPv4Network('10.64.0.0/16'),
 IPv4Network('10.65.0.0/16'),
 IPv4Network('10.66.0.0/16'),
 IPv4Network('10.67.0.0/16'),
 IPv4Network('10.68.0.0/16'),
 IPv4Network('10.69.0.0/16'),
 IPv4Network('10.70.0.0/16'),
 IPv4Network('10.71.0.0/16'),
 IPv4Network('10.72.0.0/16'),
 IPv4Network('10.73.0.0/16'),
 IPv4Network('10.74.0.0/16'),
 IPv4Network('10.75.0.0/16'),
 IPv4Network('10.76.0.0/16'),
 IPv4Network('10.77.0.0/16'),
 IPv4Network('10.78.0.0/16'),
 IPv4Network('10.79.0.0/16'),
 IPv4Network('10.80.0.0/16'),
 IPv4Network('10.81.0.0/16'),
 IPv4Network('10.82.0.0/16'),
 IPv4Network('10.83.0.0/16'),
 IPv4Network('10.84.0.0/16'),
 IPv4Network('10.85.0.0/16'),
 IPv4Network('10.86.0.0/16'),
 IPv4Network('10.87.0.0/16'),
 IPv4Network('10.88.0.0/16'),
 IPv4Network('10.89.0.0/16'),
 IPv4Network('10.90.0.0/16'),
 IPv4Network('10.91.0.0/16'),
 IPv4Network('10.92.0.0/16'),
 IPv4Network('10.93.0.0/16'),
 IPv4Network('10.94.0.0/16'),
 IPv4Network('10.95.0.0/16'),
 IPv4Network('10.96.0.0/16'),
 IPv4Network('10.97.0.0/16'),
 IPv4Network('10.98.0.0/16'),
 IPv4Network('10.99.0.0/16'),
 IPv4Network('10.100.0.0/16'),
 IPv4Network('10.101.0.0/16'),
 IPv4Network('10.102.0.0/16'),
 IPv4Network('10.103.0.0/16'),
 IPv4Network('10.104.0.0/16'),
 IPv4Network('10.105.0.0/16'),
 IPv4Network('10.106.0.0/16'),
 IPv4Network('10.107.0.0/16'),
 IPv4Network('10.108.0.0/16'),
 IPv4Network('10.109.0.0/16'),
 IPv4Network('10.110.0.0/16'),
 IPv4Network('10.111.0.0/16')]
[IPv4Network('10.0.0.0/8'),
 IPv4Network('129.79.0.0/16'),
 IPv4Network('134.68.0.0/16'),
 IPv4Network('140.182.0.0/16'),
 IPv4Network('149.159.0.0/16'),
 IPv4Network('149.160.0.0/14'),
 IPv4Network('156.56.0.0/16'),
 IPv4Network('172.16.0.0/12'),
 IPv4Network('192.168.0.0/24'),
 IPv6Network('::/128'),
 IPv4Network('10.0.0.0/16'),
 IPv4Network('10.1.0.0/16'),
 IPv4Network('10.2.0.0/16'),
 IPv4Network('10.3.0.0/16'),
 IPv4Network('10.4.0.0/16'),
 IPv4Network('10.5.0.0/16'),
 IPv4Network('10.6.0.0/16'),
 IPv4Network('10.7.0.0/16'),
 IPv4Network('10.8.0.0/16'),
 IPv4Network('10.9.0.0/16'),
 IPv4Network('10.10.0.0/16'),
 IPv4Network('10.11.0.0/16'),
 IPv4Network('10.12.0.0/16'),
 IPv4Network('10.13.0.0/16'),
 IPv4Network('10.14.0.0/16'),
 IPv4Network('10.15.0.0/16'),
 IPv4Network('10.16.0.0/16'),
 IPv4Network('10.17.0.0/16'),
 IPv4Network('10.18.0.0/16'),
 IPv4Network('10.19.0.0/16'),
 IPv4Network('10.20.0.0/16'),
 IPv4Network('10.21.0.0/16'),
 IPv4Network('10.22.0.0/16'),
 IPv4Network('10.23.0.0/16'),
 IPv4Network('10.24.0.0/16'),
 IPv4Network('10.25.0.0/16'),
 IPv4Network('10.26.0.0/16'),
 IPv4Network('10.27.0.0/16'),
 IPv4Network('10.28.0.0/16'),
 IPv4Network('10.29.0.0/16'),
 IPv4Network('10.30.0.0/16'),
 IPv4Network('10.31.0.0/16'),
 IPv4Network('10.32.0.0/16'),
 IPv4Network('10.33.0.0/16'),
 IPv4Network('10.34.0.0/16'),
 IPv4Network('10.35.0.0/16'),
 IPv4Network('10.36.0.0/16'),
 IPv4Network('10.37.0.0/16'),
 IPv4Network('10.38.0.0/16'),
 IPv4Network('10.39.0.0/16'),
 IPv4Network('10.40.0.0/16'),
 IPv4Network('10.41.0.0/16'),
 IPv4Network('10.42.0.0/16'),
 IPv4Network('10.43.0.0/16'),
 IPv4Network('10.44.0.0/16'),
 IPv4Network('10.45.0.0/16'),
 IPv4Network('10.46.0.0/16'),
 IPv4Network('10.47.0.0/16'),
 IPv4Network('10.48.0.0/16'),
 IPv4Network('10.49.0.0/16'),
 IPv4Network('10.50.0.0/16'),
 IPv4Network('10.51.0.0/16'),
 IPv4Network('10.52.0.0/16'),
 IPv4Network('10.53.0.0/16'),
 IPv4Network('10.54.0.0/16'),
 IPv4Network('10.55.0.0/16'),
 IPv4Network('10.56.0.0/16'),
 IPv4Network('10.57.0.0/16'),
 IPv4Network('10.58.0.0/16'),
 IPv4Network('10.59.0.0/16'),
 IPv4Network('10.60.0.0/16'),
 IPv4Network('10.61.0.0/16'),
 IPv4Network('10.62.0.0/16'),
 IPv4Network('10.63.0.0/16'),
 IPv4Network('10.64.0.0/16'),
 IPv4Network('10.65.0.0/16'),
 IPv4Network('10.66.0.0/16'),
 IPv4Network('10.67.0.0/16'),
 IPv4Network('10.68.0.0/16'),
 IPv4Network('10.69.0.0/16'),
 IPv4Network('10.70.0.0/16'),
 IPv4Network('10.71.0.0/16'),
 IPv4Network('10.72.0.0/16'),
 IPv4Network('10.73.0.0/16'),
 IPv4Network('10.74.0.0/16'),
 IPv4Network('10.75.0.0/16'),
 IPv4Network('10.76.0.0/16'),
 IPv4Network('10.77.0.0/16'),
 IPv4Network('10.78.0.0/16'),
 IPv4Network('10.79.0.0/16'),
 IPv4Network('10.80.0.0/16'),
 IPv4Network('10.81.0.0/16'),
 IPv4Network('10.82.0.0/16'),
 IPv4Network('10.83.0.0/16'),
 IPv4Network('10.84.0.0/16'),
 IPv4Network('10.85.0.0/16'),
 IPv4Network('10.86.0.0/16'),
 IPv4Network('10.87.0.0/16'),
 IPv4Network('10.88.0.0/16'),
 IPv4Network('10.89.0.0/16'),
 IPv4Network('10.90.0.0/16'),
 IPv4Network('10.91.0.0/16'),
 IPv4Network('10.92.0.0/16'),
 IPv4Network('10.93.0.0/16'),
 IPv4Network('10.94.0.0/16'),
 IPv4Network('10.95.0.0/16'),
 IPv4Network('10.96.0.0/16'),
 IPv4Network('10.97.0.0/16'),
 IPv4Network('10.98.0.0/16'),
 IPv4Network('10.99.0.0/16'),
 IPv4Network('10.100.0.0/16'),
 IPv4Network('10.101.0.0/16'),
 IPv4Network('10.102.0.0/16'),
 IPv4Network('10.103.0.0/16'),
 IPv4Network('10.104.0.0/16'),
 IPv4Network('10.105.0.0/16'),
 IPv4Network('10.106.0.0/16'),
 IPv4Network('10.107.0.0/16'),
 IPv4Network('10.108.0.0/16'),
 IPv4Network('10.109.0.0/16'),
 IPv4Network('10.110.0.0/16'),
 IPv4Network('10.111.0.0/16')]
[IPv4Network('10.0.0.0/8'),
 IPv4Network('129.79.0.0/16'),
 IPv4Network('134.68.0.0/16'),
 IPv4Network('140.182.0.0/16'),
 IPv4Network('149.159.0.0/16'),
 IPv4Network('149.160.0.0/14'),
 IPv4Network('156.56.0.0/16'),
 IPv4Network('172.16.0.0/12'),
 IPv4Network('192.168.0.0/24'),
 IPv6Network('::/128'),
 IPv4Network('10.0.0.0/16'),
 IPv4Network('10.1.0.0/16'),
 IPv4Network('10.2.0.0/16'),
 IPv4Network('10.3.0.0/16'),
 IPv4Network('10.4.0.0/16'),
 IPv4Network('10.5.0.0/16'),
 IPv4Network('10.6.0.0/16'),
 IPv4Network('10.7.0.0/16'),
 IPv4Network('10.8.0.0/16'),
 IPv4Network('10.9.0.0/16'),
 IPv4Network('10.10.0.0/16'),
 IPv4Network('10.11.0.0/16'),
 IPv4Network('10.12.0.0/16'),
 IPv4Network('10.13.0.0/16'),
 IPv4Network('10.14.0.0/16'),
 IPv4Network('10.15.0.0/16'),
 IPv4Network('10.16.0.0/16'),
 IPv4Network('10.17.0.0/16'),
 IPv4Network('10.18.0.0/16'),
 IPv4Network('10.19.0.0/16'),
 IPv4Network('10.20.0.0/16'),
 IPv4Network('10.21.0.0/16'),
 IPv4Network('10.22.0.0/16'),
 IPv4Network('10.23.0.0/16'),
 IPv4Network('10.24.0.0/16'),
 IPv4Network('10.25.0.0/16'),
 IPv4Network('10.26.0.0/16'),
 IPv4Network('10.27.0.0/16'),
 IPv4Network('10.28.0.0/16'),
 IPv4Network('10.29.0.0/16'),
 IPv4Network('10.30.0.0/16'),
 IPv4Network('10.31.0.0/16'),
 IPv4Network('10.32.0.0/16'),
 IPv4Network('10.33.0.0/16'),
 IPv4Network('10.34.0.0/16'),
 IPv4Network('10.35.0.0/16'),
 IPv4Network('10.36.0.0/16'),
 IPv4Network('10.37.0.0/16'),
 IPv4Network('10.38.0.0/16'),
 IPv4Network('10.39.0.0/16'),
 IPv4Network('10.40.0.0/16'),
 IPv4Network('10.41.0.0/16'),
 IPv4Network('10.42.0.0/16'),
 IPv4Network('10.43.0.0/16'),
 IPv4Network('10.44.0.0/16'),
 IPv4Network('10.45.0.0/16'),
 IPv4Network('10.46.0.0/16'),
 IPv4Network('10.47.0.0/16'),
 IPv4Network('10.48.0.0/16'),
 IPv4Network('10.49.0.0/16'),
 IPv4Network('10.50.0.0/16'),
 IPv4Network('10.51.0.0/16'),
 IPv4Network('10.52.0.0/16'),
 IPv4Network('10.53.0.0/16'),
 IPv4Network('10.54.0.0/16'),
 IPv4Network('10.55.0.0/16'),
 IPv4Network('10.56.0.0/16'),
 IPv4Network('10.57.0.0/16'),
 IPv4Network('10.58.0.0/16'),
 IPv4Network('10.59.0.0/16'),
 IPv4Network('10.60.0.0/16'),
 IPv4Network('10.61.0.0/16'),
 IPv4Network('10.62.0.0/16'),
 IPv4Network('10.63.0.0/16'),
 IPv4Network('10.64.0.0/16'),
 IPv4Network('10.65.0.0/16'),
 IPv4Network('10.66.0.0/16'),
 IPv4Network('10.67.0.0/16'),
 IPv4Network('10.68.0.0/16'),
 IPv4Network('10.69.0.0/16'),
 IPv4Network('10.70.0.0/16'),
 IPv4Network('10.71.0.0/16'),
 IPv4Network('10.72.0.0/16'),
 IPv4Network('10.73.0.0/16'),
 IPv4Network('10.74.0.0/16'),
 IPv4Network('10.75.0.0/16'),
 IPv4Network('10.76.0.0/16'),
 IPv4Network('10.77.0.0/16'),
 IPv4Network('10.78.0.0/16'),
 IPv4Network('10.79.0.0/16'),
 IPv4Network('10.80.0.0/16'),
 IPv4Network('10.81.0.0/16'),
 IPv4Network('10.82.0.0/16'),
 IPv4Network('10.83.0.0/16'),
 IPv4Network('10.84.0.0/16'),
 IPv4Network('10.85.0.0/16'),
 IPv4Network('10.86.0.0/16'),
 IPv4Network('10.87.0.0/16'),
 IPv4Network('10.88.0.0/16'),
 IPv4Network('10.89.0.0/16'),
 IPv4Network('10.90.0.0/16'),
 IPv4Network('10.91.0.0/16'),
 IPv4Network('10.92.0.0/16'),
 IPv4Network('10.93.0.0/16'),
 IPv4Network('10.94.0.0/16'),
 IPv4Network('10.95.0.0/16'),
 IPv4Network('10.96.0.0/16'),
 IPv4Network('10.97.0.0/16'),
 IPv4Network('10.98.0.0/16'),
 IPv4Network('10.99.0.0/16'),
 IPv4Network('10.100.0.0/16'),
 IPv4Network('10.101.0.0/16'),
 IPv4Network('10.102.0.0/16'),
 IPv4Network('10.103.0.0/16'),
 IPv4Network('10.104.0.0/16'),
 IPv4Network('10.105.0.0/16'),
 IPv4Network('10.106.0.0/16'),
 IPv4Network('10.107.0.0/16'),
 IPv4Network('10.108.0.0/16'),
 IPv4Network('10.109.0.0/16'),
 IPv4Network('10.110.0.0/16'),
 IPv4Network('10.111.0.0/16'),
 IPv4Network('10.112.0.0/16'),
 IPv4Network('10.113.0.0/16')]
[IPv4Network('10.0.0.0/8'),
 IPv4Network('129.79.0.0/16'),
 IPv4Network('134.68.0.0/16'),
 IPv4Network('140.182.0.0/16'),
 IPv4Network('149.159.0.0/16'),
 IPv4Network('149.160.0.0/14'),
 IPv4Network('156.56.0.0/16'),
 IPv4Network('172.16.0.0/12'),
 IPv4Network('192.168.0.0/24'),
 IPv6Network('::/128'),
 IPv4Network('10.0.0.0/16'),
 IPv4Network('10.1.0.0/16'),
 IPv4Network('10.2.0.0/16'),
 IPv4Network('10.3.0.0/16'),
 IPv4Network('10.4.0.0/16'),
 IPv4Network('10.5.0.0/16'),
 IPv4Network('10.6.0.0/16'),
 IPv4Network('10.7.0.0/16'),
 IPv4Network('10.8.0.0/16'),
 IPv4Network('10.9.0.0/16'),
 IPv4Network('10.10.0.0/16'),
 IPv4Network('10.11.0.0/16'),
 IPv4Network('10.12.0.0/16'),
 IPv4Network('10.13.0.0/16'),
 IPv4Network('10.14.0.0/16'),
 IPv4Network('10.15.0.0/16'),
 IPv4Network('10.16.0.0/16'),
 IPv4Network('10.17.0.0/16'),
 IPv4Network('10.18.0.0/16'),
 IPv4Network('10.19.0.0/16'),
 IPv4Network('10.20.0.0/16'),
 IPv4Network('10.21.0.0/16'),
 IPv4Network('10.22.0.0/16'),
 IPv4Network('10.23.0.0/16'),
 IPv4Network('10.24.0.0/16'),
 IPv4Network('10.25.0.0/16'),
 IPv4Network('10.26.0.0/16'),
 IPv4Network('10.27.0.0/16'),
 IPv4Network('10.28.0.0/16'),
 IPv4Network('10.29.0.0/16'),
 IPv4Network('10.30.0.0/16'),
 IPv4Network('10.31.0.0/16'),
 IPv4Network('10.32.0.0/16'),
 IPv4Network('10.33.0.0/16'),
 IPv4Network('10.34.0.0/16'),
 IPv4Network('10.35.0.0/16'),
 IPv4Network('10.36.0.0/16'),
 IPv4Network('10.37.0.0/16'),
 IPv4Network('10.38.0.0/16'),
 IPv4Network('10.39.0.0/16'),
 IPv4Network('10.40.0.0/16'),
 IPv4Network('10.41.0.0/16'),
 IPv4Network('10.42.0.0/16'),
 IPv4Network('10.43.0.0/16'),
 IPv4Network('10.44.0.0/16'),
 IPv4Network('10.45.0.0/16'),
 IPv4Network('10.46.0.0/16'),
 IPv4Network('10.47.0.0/16'),
 IPv4Network('10.48.0.0/16'),
 IPv4Network('10.49.0.0/16'),
 IPv4Network('10.50.0.0/16'),
 IPv4Network('10.51.0.0/16'),
 IPv4Network('10.52.0.0/16'),
 IPv4Network('10.53.0.0/16'),
 IPv4Network('10.54.0.0/16'),
 IPv4Network('10.55.0.0/16'),
 IPv4Network('10.56.0.0/16'),
 IPv4Network('10.57.0.0/16'),
 IPv4Network('10.58.0.0/16'),
 IPv4Network('10.59.0.0/16'),
 IPv4Network('10.60.0.0/16'),
 IPv4Network('10.61.0.0/16'),
 IPv4Network('10.62.0.0/16'),
 IPv4Network('10.63.0.0/16'),
 IPv4Network('10.64.0.0/16'),
 IPv4Network('10.65.0.0/16'),
 IPv4Network('10.66.0.0/16'),
 IPv4Network('10.67.0.0/16'),
 IPv4Network('10.68.0.0/16'),
 IPv4Network('10.69.0.0/16'),
 IPv4Network('10.70.0.0/16'),
 IPv4Network('10.71.0.0/16'),
 IPv4Network('10.72.0.0/16'),
 IPv4Network('10.73.0.0/16'),
 IPv4Network('10.74.0.0/16'),
 IPv4Network('10.75.0.0/16'),
 IPv4Network('10.76.0.0/16'),
 IPv4Network('10.77.0.0/16'),
 IPv4Network('10.78.0.0/16'),
 IPv4Network('10.79.0.0/16'),
 IPv4Network('10.80.0.0/16'),
 IPv4Network('10.81.0.0/16'),
 IPv4Network('10.82.0.0/16'),
 IPv4Network('10.83.0.0/16'),
 IPv4Network('10.84.0.0/16'),
 IPv4Network('10.85.0.0/16'),
 IPv4Network('10.86.0.0/16'),
 IPv4Network('10.87.0.0/16'),
 IPv4Network('10.88.0.0/16'),
 IPv4Network('10.89.0.0/16'),
 IPv4Network('10.90.0.0/16'),
 IPv4Network('10.91.0.0/16'),
 IPv4Network('10.92.0.0/16'),
 IPv4Network('10.93.0.0/16'),
 IPv4Network('10.94.0.0/16'),
 IPv4Network('10.95.0.0/16'),
 IPv4Network('10.96.0.0/16'),
 IPv4Network('10.97.0.0/16'),
 IPv4Network('10.98.0.0/16'),
 IPv4Network('10.99.0.0/16'),
 IPv4Network('10.100.0.0/16'),
 IPv4Network('10.101.0.0/16'),
 IPv4Network('10.102.0.0/16'),
 IPv4Network('10.103.0.0/16'),
 IPv4Network('10.104.0.0/16'),
 IPv4Network('10.105.0.0/16'),
 IPv4Network('10.106.0.0/16'),
 IPv4Network('10.107.0.0/16'),
 IPv4Network('10.108.0.0/16'),
 IPv4Network('10.109.0.0/16'),
 IPv4Network('10.110.0.0/16'),
 IPv4Network('10.111.0.0/16'),
 IPv4Network('10.112.0.0/16'),
 IPv4Network('10.113.0.0/16'),
 IPv4Network('10.114.0.0/16'),
 IPv4Network('10.115.0.0/16')]
[IPv4Network('10.0.0.0/8'),
 IPv4Network('129.79.0.0/16'),
 IPv4Network('134.68.0.0/16'),
 IPv4Network('140.182.0.0/16'),
 IPv4Network('149.159.0.0/16'),
 IPv4Network('149.160.0.0/14'),
 IPv4Network('156.56.0.0/16'),
 IPv4Network('172.16.0.0/12'),
 IPv4Network('192.168.0.0/24'),
 IPv6Network('::/128'),
 IPv4Network('10.0.0.0/16'),
 IPv4Network('10.1.0.0/16'),
 IPv4Network('10.2.0.0/16'),
 IPv4Network('10.3.0.0/16'),
 IPv4Network('10.4.0.0/16'),
 IPv4Network('10.5.0.0/16'),
 IPv4Network('10.6.0.0/16'),
 IPv4Network('10.7.0.0/16'),
 IPv4Network('10.8.0.0/16'),
 IPv4Network('10.9.0.0/16'),
 IPv4Network('10.10.0.0/16'),
 IPv4Network('10.11.0.0/16'),
 IPv4Network('10.12.0.0/16'),
 IPv4Network('10.13.0.0/16'),
 IPv4Network('10.14.0.0/16'),
 IPv4Network('10.15.0.0/16'),
 IPv4Network('10.16.0.0/16'),
 IPv4Network('10.17.0.0/16'),
 IPv4Network('10.18.0.0/16'),
 IPv4Network('10.19.0.0/16'),
 IPv4Network('10.20.0.0/16'),
 IPv4Network('10.21.0.0/16'),
 IPv4Network('10.22.0.0/16'),
 IPv4Network('10.23.0.0/16'),
 IPv4Network('10.24.0.0/16'),
 IPv4Network('10.25.0.0/16'),
 IPv4Network('10.26.0.0/16'),
 IPv4Network('10.27.0.0/16'),
 IPv4Network('10.28.0.0/16'),
 IPv4Network('10.29.0.0/16'),
 IPv4Network('10.30.0.0/16'),
 IPv4Network('10.31.0.0/16'),
 IPv4Network('10.32.0.0/16'),
 IPv4Network('10.33.0.0/16'),
 IPv4Network('10.34.0.0/16'),
 IPv4Network('10.35.0.0/16'),
 IPv4Network('10.36.0.0/16'),
 IPv4Network('10.37.0.0/16'),
 IPv4Network('10.38.0.0/16'),
 IPv4Network('10.39.0.0/16'),
 IPv4Network('10.40.0.0/16'),
 IPv4Network('10.41.0.0/16'),
 IPv4Network('10.42.0.0/16'),
 IPv4Network('10.43.0.0/16'),
 IPv4Network('10.44.0.0/16'),
 IPv4Network('10.45.0.0/16'),
 IPv4Network('10.46.0.0/16'),
 IPv4Network('10.47.0.0/16'),
 IPv4Network('10.48.0.0/16'),
 IPv4Network('10.49.0.0/16'),
 IPv4Network('10.50.0.0/16'),
 IPv4Network('10.51.0.0/16'),
 IPv4Network('10.52.0.0/16'),
 IPv4Network('10.53.0.0/16'),
 IPv4Network('10.54.0.0/16'),
 IPv4Network('10.55.0.0/16'),
 IPv4Network('10.56.0.0/16'),
 IPv4Network('10.57.0.0/16'),
 IPv4Network('10.58.0.0/16'),
 IPv4Network('10.59.0.0/16'),
 IPv4Network('10.60.0.0/16'),
 IPv4Network('10.61.0.0/16'),
 IPv4Network('10.62.0.0/16'),
 IPv4Network('10.63.0.0/16'),
 IPv4Network('10.64.0.0/16'),
 IPv4Network('10.65.0.0/16'),
 IPv4Network('10.66.0.0/16'),
 IPv4Network('10.67.0.0/16'),
 IPv4Network('10.68.0.0/16'),
 IPv4Network('10.69.0.0/16'),
 IPv4Network('10.70.0.0/16'),
 IPv4Network('10.71.0.0/16'),
 IPv4Network('10.72.0.0/16'),
 IPv4Network('10.73.0.0/16'),
 IPv4Network('10.74.0.0/16'),
 IPv4Network('10.75.0.0/16'),
 IPv4Network('10.76.0.0/16'),
 IPv4Network('10.77.0.0/16'),
 IPv4Network('10.78.0.0/16'),
 IPv4Network('10.79.0.0/16'),
 IPv4Network('10.80.0.0/16'),
 IPv4Network('10.81.0.0/16'),
 IPv4Network('10.82.0.0/16'),
 IPv4Network('10.83.0.0/16'),
 IPv4Network('10.84.0.0/16'),
 IPv4Network('10.85.0.0/16'),
 IPv4Network('10.86.0.0/16'),
 IPv4Network('10.87.0.0/16'),
 IPv4Network('10.88.0.0/16'),
 IPv4Network('10.89.0.0/16'),
 IPv4Network('10.90.0.0/16'),
 IPv4Network('10.91.0.0/16'),
 IPv4Network('10.92.0.0/16'),
 IPv4Network('10.93.0.0/16'),
 IPv4Network('10.94.0.0/16'),
 IPv4Network('10.95.0.0/16'),
 IPv4Network('10.96.0.0/16'),
 IPv4Network('10.97.0.0/16'),
 IPv4Network('10.98.0.0/16'),
 IPv4Network('10.99.0.0/16'),
 IPv4Network('10.100.0.0/16'),
 IPv4Network('10.101.0.0/16'),
 IPv4Network('10.102.0.0/16'),
 IPv4Network('10.103.0.0/16'),
 IPv4Network('10.104.0.0/16'),
 IPv4Network('10.105.0.0/16'),
 IPv4Network('10.106.0.0/16'),
 IPv4Network('10.107.0.0/16'),
 IPv4Network('10.108.0.0/16'),
 IPv4Network('10.109.0.0/16'),
 IPv4Network('10.110.0.0/16'),
 IPv4Network('10.111.0.0/16'),
 IPv4Network('10.112.0.0/16'),
 IPv4Network('10.113.0.0/16'),
 IPv4Network('10.114.0.0/16'),
 IPv4Network('10.115.0.0/16')]
[IPv4Network('10.0.0.0/8'),
 IPv4Network('129.79.0.0/16'),
 IPv4Network('134.68.0.0/16'),
 IPv4Network('140.182.0.0/16'),
 IPv4Network('149.159.0.0/16'),
 IPv4Network('149.160.0.0/14'),
 IPv4Network('156.56.0.0/16'),
 IPv4Network('172.16.0.0/12'),
 IPv4Network('192.168.0.0/24'),
 IPv6Network('::/128'),
 IPv4Network('10.0.0.0/16'),
 IPv4Network('10.1.0.0/16'),
 IPv4Network('10.2.0.0/16'),
 IPv4Network('10.3.0.0/16'),
 IPv4Network('10.4.0.0/16'),
 IPv4Network('10.5.0.0/16'),
 IPv4Network('10.6.0.0/16'),
 IPv4Network('10.7.0.0/16'),
 IPv4Network('10.8.0.0/16'),
 IPv4Network('10.9.0.0/16'),
 IPv4Network('10.10.0.0/16'),
 IPv4Network('10.11.0.0/16'),
 IPv4Network('10.12.0.0/16'),
 IPv4Network('10.13.0.0/16'),
 IPv4Network('10.14.0.0/16'),
 IPv4Network('10.15.0.0/16'),
 IPv4Network('10.16.0.0/16'),
 IPv4Network('10.17.0.0/16'),
 IPv4Network('10.18.0.0/16'),
 IPv4Network('10.19.0.0/16'),
 IPv4Network('10.20.0.0/16'),
 IPv4Network('10.21.0.0/16'),
 IPv4Network('10.22.0.0/16'),
 IPv4Network('10.23.0.0/16'),
 IPv4Network('10.24.0.0/16'),
 IPv4Network('10.25.0.0/16'),
 IPv4Network('10.26.0.0/16'),
 IPv4Network('10.27.0.0/16'),
 IPv4Network('10.28.0.0/16'),
 IPv4Network('10.29.0.0/16'),
 IPv4Network('10.30.0.0/16'),
 IPv4Network('10.31.0.0/16'),
 IPv4Network('10.32.0.0/16'),
 IPv4Network('10.33.0.0/16'),
 IPv4Network('10.34.0.0/16'),
 IPv4Network('10.35.0.0/16'),
 IPv4Network('10.36.0.0/16'),
 IPv4Network('10.37.0.0/16'),
 IPv4Network('10.38.0.0/16'),
 IPv4Network('10.39.0.0/16'),
 IPv4Network('10.40.0.0/16'),
 IPv4Network('10.41.0.0/16'),
 IPv4Network('10.42.0.0/16'),
 IPv4Network('10.43.0.0/16'),
 IPv4Network('10.44.0.0/16'),
 IPv4Network('10.45.0.0/16'),
 IPv4Network('10.46.0.0/16'),
 IPv4Network('10.47.0.0/16'),
 IPv4Network('10.48.0.0/16'),
 IPv4Network('10.49.0.0/16'),
 IPv4Network('10.50.0.0/16'),
 IPv4Network('10.51.0.0/16'),
 IPv4Network('10.52.0.0/16'),
 IPv4Network('10.53.0.0/16'),
 IPv4Network('10.54.0.0/16'),
 IPv4Network('10.55.0.0/16'),
 IPv4Network('10.56.0.0/16'),
 IPv4Network('10.57.0.0/16'),
 IPv4Network('10.58.0.0/16'),
 IPv4Network('10.59.0.0/16'),
 IPv4Network('10.60.0.0/16'),
 IPv4Network('10.61.0.0/16'),
 IPv4Network('10.62.0.0/16'),
 IPv4Network('10.63.0.0/16'),
 IPv4Network('10.64.0.0/16'),
 IPv4Network('10.65.0.0/16'),
 IPv4Network('10.66.0.0/16'),
 IPv4Network('10.67.0.0/16'),
 IPv4Network('10.68.0.0/16'),
 IPv4Network('10.69.0.0/16'),
 IPv4Network('10.70.0.0/16'),
 IPv4Network('10.71.0.0/16'),
 IPv4Network('10.72.0.0/16'),
 IPv4Network('10.73.0.0/16'),
 IPv4Network('10.74.0.0/16'),
 IPv4Network('10.75.0.0/16'),
 IPv4Network('10.76.0.0/16'),
 IPv4Network('10.77.0.0/16'),
 IPv4Network('10.78.0.0/16'),
 IPv4Network('10.79.0.0/16'),
 IPv4Network('10.80.0.0/16'),
 IPv4Network('10.81.0.0/16'),
 IPv4Network('10.82.0.0/16'),
 IPv4Network('10.83.0.0/16'),
 IPv4Network('10.84.0.0/16'),
 IPv4Network('10.85.0.0/16'),
 IPv4Network('10.86.0.0/16'),
 IPv4Network('10.87.0.0/16'),
 IPv4Network('10.88.0.0/16'),
 IPv4Network('10.89.0.0/16'),
 IPv4Network('10.90.0.0/16'),
 IPv4Network('10.91.0.0/16'),
 IPv4Network('10.92.0.0/16'),
 IPv4Network('10.93.0.0/16'),
 IPv4Network('10.94.0.0/16'),
 IPv4Network('10.95.0.0/16'),
 IPv4Network('10.96.0.0/16'),
 IPv4Network('10.97.0.0/16'),
 IPv4Network('10.98.0.0/16'),
 IPv4Network('10.99.0.0/16'),
 IPv4Network('10.100.0.0/16'),
 IPv4Network('10.101.0.0/16'),
 IPv4Network('10.102.0.0/16'),
 IPv4Network('10.103.0.0/16'),
 IPv4Network('10.104.0.0/16'),
 IPv4Network('10.105.0.0/16'),
 IPv4Network('10.106.0.0/16'),
 IPv4Network('10.107.0.0/16'),
 IPv4Network('10.108.0.0/16'),
 IPv4Network('10.109.0.0/16'),
 IPv4Network('10.110.0.0/16'),
 IPv4Network('10.111.0.0/16'),
 IPv4Network('10.112.0.0/16'),
 IPv4Network('10.113.0.0/16'),
 IPv4Network('10.114.0.0/16'),
 IPv4Network('10.115.0.0/16'),
 IPv4Network('10.116.0.0/16'),
 IPv4Network('10.117.0.0/16')]
[IPv4Network('10.0.0.0/8'),
 IPv4Network('129.79.0.0/16'),
 IPv4Network('134.68.0.0/16'),
 IPv4Network('140.182.0.0/16'),
 IPv4Network('149.159.0.0/16'),
 IPv4Network('149.160.0.0/14'),
 IPv4Network('156.56.0.0/16'),
 IPv4Network('172.16.0.0/12'),
 IPv4Network('192.168.0.0/24'),
 IPv6Network('::/128'),
 IPv4Network('10.0.0.0/16'),
 IPv4Network('10.1.0.0/16'),
 IPv4Network('10.2.0.0/16'),
 IPv4Network('10.3.0.0/16'),
 IPv4Network('10.4.0.0/16'),
 IPv4Network('10.5.0.0/16'),
 IPv4Network('10.6.0.0/16'),
 IPv4Network('10.7.0.0/16'),
 IPv4Network('10.8.0.0/16'),
 IPv4Network('10.9.0.0/16'),
 IPv4Network('10.10.0.0/16'),
 IPv4Network('10.11.0.0/16'),
 IPv4Network('10.12.0.0/16'),
 IPv4Network('10.13.0.0/16'),
 IPv4Network('10.14.0.0/16'),
 IPv4Network('10.15.0.0/16'),
 IPv4Network('10.16.0.0/16'),
 IPv4Network('10.17.0.0/16'),
 IPv4Network('10.18.0.0/16'),
 IPv4Network('10.19.0.0/16'),
 IPv4Network('10.20.0.0/16'),
 IPv4Network('10.21.0.0/16'),
 IPv4Network('10.22.0.0/16'),
 IPv4Network('10.23.0.0/16'),
 IPv4Network('10.24.0.0/16'),
 IPv4Network('10.25.0.0/16'),
 IPv4Network('10.26.0.0/16'),
 IPv4Network('10.27.0.0/16'),
 IPv4Network('10.28.0.0/16'),
 IPv4Network('10.29.0.0/16'),
 IPv4Network('10.30.0.0/16'),
 IPv4Network('10.31.0.0/16'),
 IPv4Network('10.32.0.0/16'),
 IPv4Network('10.33.0.0/16'),
 IPv4Network('10.34.0.0/16'),
 IPv4Network('10.35.0.0/16'),
 IPv4Network('10.36.0.0/16'),
 IPv4Network('10.37.0.0/16'),
 IPv4Network('10.38.0.0/16'),
 IPv4Network('10.39.0.0/16'),
 IPv4Network('10.40.0.0/16'),
 IPv4Network('10.41.0.0/16'),
 IPv4Network('10.42.0.0/16'),
 IPv4Network('10.43.0.0/16'),
 IPv4Network('10.44.0.0/16'),
 IPv4Network('10.45.0.0/16'),
 IPv4Network('10.46.0.0/16'),
 IPv4Network('10.47.0.0/16'),
 IPv4Network('10.48.0.0/16'),
 IPv4Network('10.49.0.0/16'),
 IPv4Network('10.50.0.0/16'),
 IPv4Network('10.51.0.0/16'),
 IPv4Network('10.52.0.0/16'),
 IPv4Network('10.53.0.0/16'),
 IPv4Network('10.54.0.0/16'),
 IPv4Network('10.55.0.0/16'),
 IPv4Network('10.56.0.0/16'),
 IPv4Network('10.57.0.0/16'),
 IPv4Network('10.58.0.0/16'),
 IPv4Network('10.59.0.0/16'),
 IPv4Network('10.60.0.0/16'),
 IPv4Network('10.61.0.0/16'),
 IPv4Network('10.62.0.0/16'),
 IPv4Network('10.63.0.0/16'),
 IPv4Network('10.64.0.0/16'),
 IPv4Network('10.65.0.0/16'),
 IPv4Network('10.66.0.0/16'),
 IPv4Network('10.67.0.0/16'),
 IPv4Network('10.68.0.0/16'),
 IPv4Network('10.69.0.0/16'),
 IPv4Network('10.70.0.0/16'),
 IPv4Network('10.71.0.0/16'),
 IPv4Network('10.72.0.0/16'),
 IPv4Network('10.73.0.0/16'),
 IPv4Network('10.74.0.0/16'),
 IPv4Network('10.75.0.0/16'),
 IPv4Network('10.76.0.0/16'),
 IPv4Network('10.77.0.0/16'),
 IPv4Network('10.78.0.0/16'),
 IPv4Network('10.79.0.0/16'),
 IPv4Network('10.80.0.0/16'),
 IPv4Network('10.81.0.0/16'),
 IPv4Network('10.82.0.0/16'),
 IPv4Network('10.83.0.0/16'),
 IPv4Network('10.84.0.0/16'),
 IPv4Network('10.85.0.0/16'),
 IPv4Network('10.86.0.0/16'),
 IPv4Network('10.87.0.0/16'),
 IPv4Network('10.88.0.0/16'),
 IPv4Network('10.89.0.0/16'),
 IPv4Network('10.90.0.0/16'),
 IPv4Network('10.91.0.0/16'),
 IPv4Network('10.92.0.0/16'),
 IPv4Network('10.93.0.0/16'),
 IPv4Network('10.94.0.0/16'),
 IPv4Network('10.95.0.0/16'),
 IPv4Network('10.96.0.0/16'),
 IPv4Network('10.97.0.0/16'),
 IPv4Network('10.98.0.0/16'),
 IPv4Network('10.99.0.0/16'),
 IPv4Network('10.100.0.0/16'),
 IPv4Network('10.101.0.0/16'),
 IPv4Network('10.102.0.0/16'),
 IPv4Network('10.103.0.0/16'),
 IPv4Network('10.104.0.0/16'),
 IPv4Network('10.105.0.0/16'),
 IPv4Network('10.106.0.0/16'),
 IPv4Network('10.107.0.0/16'),
 IPv4Network('10.108.0.0/16'),
 IPv4Network('10.109.0.0/16'),
 IPv4Network('10.110.0.0/16'),
 IPv4Network('10.111.0.0/16'),
 IPv4Network('10.112.0.0/16'),
 IPv4Network('10.113.0.0/16'),
 IPv4Network('10.114.0.0/16'),
 IPv4Network('10.115.0.0/16'),
 IPv4Network('10.116.0.0/16'),
 IPv4Network('10.117.0.0/16'),
 IPv4Network('10.118.0.0/16'),
 IPv4Network('10.119.0.0/16')]
[IPv4Network('10.0.0.0/8'),
 IPv4Network('129.79.0.0/16'),
 IPv4Network('134.68.0.0/16'),
 IPv4Network('140.182.0.0/16'),
 IPv4Network('149.159.0.0/16'),
 IPv4Network('149.160.0.0/14'),
 IPv4Network('156.56.0.0/16'),
 IPv4Network('172.16.0.0/12'),
 IPv4Network('192.168.0.0/24'),
 IPv6Network('::/128'),
 IPv4Network('10.0.0.0/16'),
 IPv4Network('10.1.0.0/16'),
 IPv4Network('10.2.0.0/16'),
 IPv4Network('10.3.0.0/16'),
 IPv4Network('10.4.0.0/16'),
 IPv4Network('10.5.0.0/16'),
 IPv4Network('10.6.0.0/16'),
 IPv4Network('10.7.0.0/16'),
 IPv4Network('10.8.0.0/16'),
 IPv4Network('10.9.0.0/16'),
 IPv4Network('10.10.0.0/16'),
 IPv4Network('10.11.0.0/16'),
 IPv4Network('10.12.0.0/16'),
 IPv4Network('10.13.0.0/16'),
 IPv4Network('10.14.0.0/16'),
 IPv4Network('10.15.0.0/16'),
 IPv4Network('10.16.0.0/16'),
 IPv4Network('10.17.0.0/16'),
 IPv4Network('10.18.0.0/16'),
 IPv4Network('10.19.0.0/16'),
 IPv4Network('10.20.0.0/16'),
 IPv4Network('10.21.0.0/16'),
 IPv4Network('10.22.0.0/16'),
 IPv4Network('10.23.0.0/16'),
 IPv4Network('10.24.0.0/16'),
 IPv4Network('10.25.0.0/16'),
 IPv4Network('10.26.0.0/16'),
 IPv4Network('10.27.0.0/16'),
 IPv4Network('10.28.0.0/16'),
 IPv4Network('10.29.0.0/16'),
 IPv4Network('10.30.0.0/16'),
 IPv4Network('10.31.0.0/16'),
 IPv4Network('10.32.0.0/16'),
 IPv4Network('10.33.0.0/16'),
 IPv4Network('10.34.0.0/16'),
 IPv4Network('10.35.0.0/16'),
 IPv4Network('10.36.0.0/16'),
 IPv4Network('10.37.0.0/16'),
 IPv4Network('10.38.0.0/16'),
 IPv4Network('10.39.0.0/16'),
 IPv4Network('10.40.0.0/16'),
 IPv4Network('10.41.0.0/16'),
 IPv4Network('10.42.0.0/16'),
 IPv4Network('10.43.0.0/16'),
 IPv4Network('10.44.0.0/16'),
 IPv4Network('10.45.0.0/16'),
 IPv4Network('10.46.0.0/16'),
 IPv4Network('10.47.0.0/16'),
 IPv4Network('10.48.0.0/16'),
 IPv4Network('10.49.0.0/16'),
 IPv4Network('10.50.0.0/16'),
 IPv4Network('10.51.0.0/16'),
 IPv4Network('10.52.0.0/16'),
 IPv4Network('10.53.0.0/16'),
 IPv4Network('10.54.0.0/16'),
 IPv4Network('10.55.0.0/16'),
 IPv4Network('10.56.0.0/16'),
 IPv4Network('10.57.0.0/16'),
 IPv4Network('10.58.0.0/16'),
 IPv4Network('10.59.0.0/16'),
 IPv4Network('10.60.0.0/16'),
 IPv4Network('10.61.0.0/16'),
 IPv4Network('10.62.0.0/16'),
 IPv4Network('10.63.0.0/16'),
 IPv4Network('10.64.0.0/16'),
 IPv4Network('10.65.0.0/16'),
 IPv4Network('10.66.0.0/16'),
 IPv4Network('10.67.0.0/16'),
 IPv4Network('10.68.0.0/16'),
 IPv4Network('10.69.0.0/16'),
 IPv4Network('10.70.0.0/16'),
 IPv4Network('10.71.0.0/16'),
 IPv4Network('10.72.0.0/16'),
 IPv4Network('10.73.0.0/16'),
 IPv4Network('10.74.0.0/16'),
 IPv4Network('10.75.0.0/16'),
 IPv4Network('10.76.0.0/16'),
 IPv4Network('10.77.0.0/16'),
 IPv4Network('10.78.0.0/16'),
 IPv4Network('10.79.0.0/16'),
 IPv4Network('10.80.0.0/16'),
 IPv4Network('10.81.0.0/16'),
 IPv4Network('10.82.0.0/16'),
 IPv4Network('10.83.0.0/16'),
 IPv4Network('10.84.0.0/16'),
 IPv4Network('10.85.0.0/16'),
 IPv4Network('10.86.0.0/16'),
 IPv4Network('10.87.0.0/16'),
 IPv4Network('10.88.0.0/16'),
 IPv4Network('10.89.0.0/16'),
 IPv4Network('10.90.0.0/16'),
 IPv4Network('10.91.0.0/16'),
 IPv4Network('10.92.0.0/16'),
 IPv4Network('10.93.0.0/16'),
 IPv4Network('10.94.0.0/16'),
 IPv4Network('10.95.0.0/16'),
 IPv4Network('10.96.0.0/16'),
 IPv4Network('10.97.0.0/16'),
 IPv4Network('10.98.0.0/16'),
 IPv4Network('10.99.0.0/16'),
 IPv4Network('10.100.0.0/16'),
 IPv4Network('10.101.0.0/16'),
 IPv4Network('10.102.0.0/16'),
 IPv4Network('10.103.0.0/16'),
 IPv4Network('10.104.0.0/16'),
 IPv4Network('10.105.0.0/16'),
 IPv4Network('10.106.0.0/16'),
 IPv4Network('10.107.0.0/16'),
 IPv4Network('10.108.0.0/16'),
 IPv4Network('10.109.0.0/16'),
 IPv4Network('10.110.0.0/16'),
 IPv4Network('10.111.0.0/16'),
 IPv4Network('10.112.0.0/16'),
 IPv4Network('10.113.0.0/16'),
 IPv4Network('10.114.0.0/16'),
 IPv4Network('10.115.0.0/16'),
 IPv4Network('10.116.0.0/16'),
 IPv4Network('10.117.0.0/16'),
 IPv4Network('10.118.0.0/16'),
 IPv4Network('10.119.0.0/16')]
[IPv4Network('10.0.0.0/8'),
 IPv4Network('129.79.0.0/16'),
 IPv4Network('134.68.0.0/16'),
 IPv4Network('140.182.0.0/16'),
 IPv4Network('149.159.0.0/16'),
 IPv4Network('149.160.0.0/14'),
 IPv4Network('156.56.0.0/16'),
 IPv4Network('172.16.0.0/12'),
 IPv4Network('192.168.0.0/24'),
 IPv6Network('::/128'),
 IPv4Network('10.0.0.0/16'),
 IPv4Network('10.1.0.0/16'),
 IPv4Network('10.2.0.0/16'),
 IPv4Network('10.3.0.0/16'),
 IPv4Network('10.4.0.0/16'),
 IPv4Network('10.5.0.0/16'),
 IPv4Network('10.6.0.0/16'),
 IPv4Network('10.7.0.0/16'),
 IPv4Network('10.8.0.0/16'),
 IPv4Network('10.9.0.0/16'),
 IPv4Network('10.10.0.0/16'),
 IPv4Network('10.11.0.0/16'),
 IPv4Network('10.12.0.0/16'),
 IPv4Network('10.13.0.0/16'),
 IPv4Network('10.14.0.0/16'),
 IPv4Network('10.15.0.0/16'),
 IPv4Network('10.16.0.0/16'),
 IPv4Network('10.17.0.0/16'),
 IPv4Network('10.18.0.0/16'),
 IPv4Network('10.19.0.0/16'),
 IPv4Network('10.20.0.0/16'),
 IPv4Network('10.21.0.0/16'),
 IPv4Network('10.22.0.0/16'),
 IPv4Network('10.23.0.0/16'),
 IPv4Network('10.24.0.0/16'),
 IPv4Network('10.25.0.0/16'),
 IPv4Network('10.26.0.0/16'),
 IPv4Network('10.27.0.0/16'),
 IPv4Network('10.28.0.0/16'),
 IPv4Network('10.29.0.0/16'),
 IPv4Network('10.30.0.0/16'),
 IPv4Network('10.31.0.0/16'),
 IPv4Network('10.32.0.0/16'),
 IPv4Network('10.33.0.0/16'),
 IPv4Network('10.34.0.0/16'),
 IPv4Network('10.35.0.0/16'),
 IPv4Network('10.36.0.0/16'),
 IPv4Network('10.37.0.0/16'),
 IPv4Network('10.38.0.0/16'),
 IPv4Network('10.39.0.0/16'),
 IPv4Network('10.40.0.0/16'),
 IPv4Network('10.41.0.0/16'),
 IPv4Network('10.42.0.0/16'),
 IPv4Network('10.43.0.0/16'),
 IPv4Network('10.44.0.0/16'),
 IPv4Network('10.45.0.0/16'),
 IPv4Network('10.46.0.0/16'),
 IPv4Network('10.47.0.0/16'),
 IPv4Network('10.48.0.0/16'),
 IPv4Network('10.49.0.0/16'),
 IPv4Network('10.50.0.0/16'),
 IPv4Network('10.51.0.0/16'),
 IPv4Network('10.52.0.0/16'),
 IPv4Network('10.53.0.0/16'),
 IPv4Network('10.54.0.0/16'),
 IPv4Network('10.55.0.0/16'),
 IPv4Network('10.56.0.0/16'),
 IPv4Network('10.57.0.0/16'),
 IPv4Network('10.58.0.0/16'),
 IPv4Network('10.59.0.0/16'),
 IPv4Network('10.60.0.0/16'),
 IPv4Network('10.61.0.0/16'),
 IPv4Network('10.62.0.0/16'),
 IPv4Network('10.63.0.0/16'),
 IPv4Network('10.64.0.0/16'),
 IPv4Network('10.65.0.0/16'),
 IPv4Network('10.66.0.0/16'),
 IPv4Network('10.67.0.0/16'),
 IPv4Network('10.68.0.0/16'),
 IPv4Network('10.69.0.0/16'),
 IPv4Network('10.70.0.0/16'),
 IPv4Network('10.71.0.0/16'),
 IPv4Network('10.72.0.0/16'),
 IPv4Network('10.73.0.0/16'),
 IPv4Network('10.74.0.0/16'),
 IPv4Network('10.75.0.0/16'),
 IPv4Network('10.76.0.0/16'),
 IPv4Network('10.77.0.0/16'),
 IPv4Network('10.78.0.0/16'),
 IPv4Network('10.79.0.0/16'),
 IPv4Network('10.80.0.0/16'),
 IPv4Network('10.81.0.0/16'),
 IPv4Network('10.82.0.0/16'),
 IPv4Network('10.83.0.0/16'),
 IPv4Network('10.84.0.0/16'),
 IPv4Network('10.85.0.0/16'),
 IPv4Network('10.86.0.0/16'),
 IPv4Network('10.87.0.0/16'),
 IPv4Network('10.88.0.0/16'),
 IPv4Network('10.89.0.0/16'),
 IPv4Network('10.90.0.0/16'),
 IPv4Network('10.91.0.0/16'),
 IPv4Network('10.92.0.0/16'),
 IPv4Network('10.93.0.0/16'),
 IPv4Network('10.94.0.0/16'),
 IPv4Network('10.95.0.0/16'),
 IPv4Network('10.96.0.0/16'),
 IPv4Network('10.97.0.0/16'),
 IPv4Network('10.98.0.0/16'),
 IPv4Network('10.99.0.0/16'),
 IPv4Network('10.100.0.0/16'),
 IPv4Network('10.101.0.0/16'),
 IPv4Network('10.102.0.0/16'),
 IPv4Network('10.103.0.0/16'),
 IPv4Network('10.104.0.0/16'),
 IPv4Network('10.105.0.0/16'),
 IPv4Network('10.106.0.0/16'),
 IPv4Network('10.107.0.0/16'),
 IPv4Network('10.108.0.0/16'),
 IPv4Network('10.109.0.0/16'),
 IPv4Network('10.110.0.0/16'),
 IPv4Network('10.111.0.0/16'),
 IPv4Network('10.112.0.0/16'),
 IPv4Network('10.113.0.0/16'),
 IPv4Network('10.114.0.0/16'),
 IPv4Network('10.115.0.0/16'),
 IPv4Network('10.116.0.0/16'),
 IPv4Network('10.117.0.0/16'),
 IPv4Network('10.118.0.0/16'),
 IPv4Network('10.119.0.0/16')]
[IPv4Network('10.0.0.0/8'),
 IPv4Network('129.79.0.0/16'),
 IPv4Network('134.68.0.0/16'),
 IPv4Network('140.182.0.0/16'),
 IPv4Network('149.159.0.0/16'),
 IPv4Network('149.160.0.0/14'),
 IPv4Network('156.56.0.0/16'),
 IPv4Network('172.16.0.0/12'),
 IPv4Network('192.168.0.0/24'),
 IPv6Network('::/128'),
 IPv4Network('10.0.0.0/16'),
 IPv4Network('10.1.0.0/16'),
 IPv4Network('10.2.0.0/16'),
 IPv4Network('10.3.0.0/16'),
 IPv4Network('10.4.0.0/16'),
 IPv4Network('10.5.0.0/16'),
 IPv4Network('10.6.0.0/16'),
 IPv4Network('10.7.0.0/16'),
 IPv4Network('10.8.0.0/16'),
 IPv4Network('10.9.0.0/16'),
 IPv4Network('10.10.0.0/16'),
 IPv4Network('10.11.0.0/16'),
 IPv4Network('10.12.0.0/16'),
 IPv4Network('10.13.0.0/16'),
 IPv4Network('10.14.0.0/16'),
 IPv4Network('10.15.0.0/16'),
 IPv4Network('10.16.0.0/16'),
 IPv4Network('10.17.0.0/16'),
 IPv4Network('10.18.0.0/16'),
 IPv4Network('10.19.0.0/16'),
 IPv4Network('10.20.0.0/16'),
 IPv4Network('10.21.0.0/16'),
 IPv4Network('10.22.0.0/16'),
 IPv4Network('10.23.0.0/16'),
 IPv4Network('10.24.0.0/16'),
 IPv4Network('10.25.0.0/16'),
 IPv4Network('10.26.0.0/16'),
 IPv4Network('10.27.0.0/16'),
 IPv4Network('10.28.0.0/16'),
 IPv4Network('10.29.0.0/16'),
 IPv4Network('10.30.0.0/16'),
 IPv4Network('10.31.0.0/16'),
 IPv4Network('10.32.0.0/16'),
 IPv4Network('10.33.0.0/16'),
 IPv4Network('10.34.0.0/16'),
 IPv4Network('10.35.0.0/16'),
 IPv4Network('10.36.0.0/16'),
 IPv4Network('10.37.0.0/16'),
 IPv4Network('10.38.0.0/16'),
 IPv4Network('10.39.0.0/16'),
 IPv4Network('10.40.0.0/16'),
 IPv4Network('10.41.0.0/16'),
 IPv4Network('10.42.0.0/16'),
 IPv4Network('10.43.0.0/16'),
 IPv4Network('10.44.0.0/16'),
 IPv4Network('10.45.0.0/16'),
 IPv4Network('10.46.0.0/16'),
 IPv4Network('10.47.0.0/16'),
 IPv4Network('10.48.0.0/16'),
 IPv4Network('10.49.0.0/16'),
 IPv4Network('10.50.0.0/16'),
 IPv4Network('10.51.0.0/16'),
 IPv4Network('10.52.0.0/16'),
 IPv4Network('10.53.0.0/16'),
 IPv4Network('10.54.0.0/16'),
 IPv4Network('10.55.0.0/16'),
 IPv4Network('10.56.0.0/16'),
 IPv4Network('10.57.0.0/16'),
 IPv4Network('10.58.0.0/16'),
 IPv4Network('10.59.0.0/16'),
 IPv4Network('10.60.0.0/16'),
 IPv4Network('10.61.0.0/16'),
 IPv4Network('10.62.0.0/16'),
 IPv4Network('10.63.0.0/16'),
 IPv4Network('10.64.0.0/16'),
 IPv4Network('10.65.0.0/16'),
 IPv4Network('10.66.0.0/16'),
 IPv4Network('10.67.0.0/16'),
 IPv4Network('10.68.0.0/16'),
 IPv4Network('10.69.0.0/16'),
 IPv4Network('10.70.0.0/16'),
 IPv4Network('10.71.0.0/16'),
 IPv4Network('10.72.0.0/16'),
 IPv4Network('10.73.0.0/16'),
 IPv4Network('10.74.0.0/16'),
 IPv4Network('10.75.0.0/16'),
 IPv4Network('10.76.0.0/16'),
 IPv4Network('10.77.0.0/16'),
 IPv4Network('10.78.0.0/16'),
 IPv4Network('10.79.0.0/16'),
 IPv4Network('10.80.0.0/16'),
 IPv4Network('10.81.0.0/16'),
 IPv4Network('10.82.0.0/16'),
 IPv4Network('10.83.0.0/16'),
 IPv4Network('10.84.0.0/16'),
 IPv4Network('10.85.0.0/16'),
 IPv4Network('10.86.0.0/16'),
 IPv4Network('10.87.0.0/16'),
 IPv4Network('10.88.0.0/16'),
 IPv4Network('10.89.0.0/16'),
 IPv4Network('10.90.0.0/16'),
 IPv4Network('10.91.0.0/16'),
 IPv4Network('10.92.0.0/16'),
 IPv4Network('10.93.0.0/16'),
 IPv4Network('10.94.0.0/16'),
 IPv4Network('10.95.0.0/16'),
 IPv4Network('10.96.0.0/16'),
 IPv4Network('10.97.0.0/16'),
 IPv4Network('10.98.0.0/16'),
 IPv4Network('10.99.0.0/16'),
 IPv4Network('10.100.0.0/16'),
 IPv4Network('10.101.0.0/16'),
 IPv4Network('10.102.0.0/16'),
 IPv4Network('10.103.0.0/16'),
 IPv4Network('10.104.0.0/16'),
 IPv4Network('10.105.0.0/16'),
 IPv4Network('10.106.0.0/16'),
 IPv4Network('10.107.0.0/16'),
 IPv4Network('10.108.0.0/16'),
 IPv4Network('10.109.0.0/16'),
 IPv4Network('10.110.0.0/16'),
 IPv4Network('10.111.0.0/16'),
 IPv4Network('10.112.0.0/16'),
 IPv4Network('10.113.0.0/16'),
 IPv4Network('10.114.0.0/16'),
 IPv4Network('10.115.0.0/16'),
 IPv4Network('10.116.0.0/16'),
 IPv4Network('10.117.0.0/16'),
 IPv4Network('10.118.0.0/16'),
 IPv4Network('10.119.0.0/16'),
 IPv4Network('10.120.0.0/16'),
 IPv4Network('10.121.0.0/16')]
[IPv4Network('10.0.0.0/8'),
 IPv4Network('129.79.0.0/16'),
 IPv4Network('134.68.0.0/16'),
 IPv4Network('140.182.0.0/16'),
 IPv4Network('149.159.0.0/16'),
 IPv4Network('149.160.0.0/14'),
 IPv4Network('156.56.0.0/16'),
 IPv4Network('172.16.0.0/12'),
 IPv4Network('192.168.0.0/24'),
 IPv6Network('::/128'),
 IPv4Network('10.0.0.0/16'),
 IPv4Network('10.1.0.0/16'),
 IPv4Network('10.2.0.0/16'),
 IPv4Network('10.3.0.0/16'),
 IPv4Network('10.4.0.0/16'),
 IPv4Network('10.5.0.0/16'),
 IPv4Network('10.6.0.0/16'),
 IPv4Network('10.7.0.0/16'),
 IPv4Network('10.8.0.0/16'),
 IPv4Network('10.9.0.0/16'),
 IPv4Network('10.10.0.0/16'),
 IPv4Network('10.11.0.0/16'),
 IPv4Network('10.12.0.0/16'),
 IPv4Network('10.13.0.0/16'),
 IPv4Network('10.14.0.0/16'),
 IPv4Network('10.15.0.0/16'),
 IPv4Network('10.16.0.0/16'),
 IPv4Network('10.17.0.0/16'),
 IPv4Network('10.18.0.0/16'),
 IPv4Network('10.19.0.0/16'),
 IPv4Network('10.20.0.0/16'),
 IPv4Network('10.21.0.0/16'),
 IPv4Network('10.22.0.0/16'),
 IPv4Network('10.23.0.0/16'),
 IPv4Network('10.24.0.0/16'),
 IPv4Network('10.25.0.0/16'),
 IPv4Network('10.26.0.0/16'),
 IPv4Network('10.27.0.0/16'),
 IPv4Network('10.28.0.0/16'),
 IPv4Network('10.29.0.0/16'),
 IPv4Network('10.30.0.0/16'),
 IPv4Network('10.31.0.0/16'),
 IPv4Network('10.32.0.0/16'),
 IPv4Network('10.33.0.0/16'),
 IPv4Network('10.34.0.0/16'),
 IPv4Network('10.35.0.0/16'),
 IPv4Network('10.36.0.0/16'),
 IPv4Network('10.37.0.0/16'),
 IPv4Network('10.38.0.0/16'),
 IPv4Network('10.39.0.0/16'),
 IPv4Network('10.40.0.0/16'),
 IPv4Network('10.41.0.0/16'),
 IPv4Network('10.42.0.0/16'),
 IPv4Network('10.43.0.0/16'),
 IPv4Network('10.44.0.0/16'),
 IPv4Network('10.45.0.0/16'),
 IPv4Network('10.46.0.0/16'),
 IPv4Network('10.47.0.0/16'),
 IPv4Network('10.48.0.0/16'),
 IPv4Network('10.49.0.0/16'),
 IPv4Network('10.50.0.0/16'),
 IPv4Network('10.51.0.0/16'),
 IPv4Network('10.52.0.0/16'),
 IPv4Network('10.53.0.0/16'),
 IPv4Network('10.54.0.0/16'),
 IPv4Network('10.55.0.0/16'),
 IPv4Network('10.56.0.0/16'),
 IPv4Network('10.57.0.0/16'),
 IPv4Network('10.58.0.0/16'),
 IPv4Network('10.59.0.0/16'),
 IPv4Network('10.60.0.0/16'),
 IPv4Network('10.61.0.0/16'),
 IPv4Network('10.62.0.0/16'),
 IPv4Network('10.63.0.0/16'),
 IPv4Network('10.64.0.0/16'),
 IPv4Network('10.65.0.0/16'),
 IPv4Network('10.66.0.0/16'),
 IPv4Network('10.67.0.0/16'),
 IPv4Network('10.68.0.0/16'),
 IPv4Network('10.69.0.0/16'),
 IPv4Network('10.70.0.0/16'),
 IPv4Network('10.71.0.0/16'),
 IPv4Network('10.72.0.0/16'),
 IPv4Network('10.73.0.0/16'),
 IPv4Network('10.74.0.0/16'),
 IPv4Network('10.75.0.0/16'),
 IPv4Network('10.76.0.0/16'),
 IPv4Network('10.77.0.0/16'),
 IPv4Network('10.78.0.0/16'),
 IPv4Network('10.79.0.0/16'),
 IPv4Network('10.80.0.0/16'),
 IPv4Network('10.81.0.0/16'),
 IPv4Network('10.82.0.0/16'),
 IPv4Network('10.83.0.0/16'),
 IPv4Network('10.84.0.0/16'),
 IPv4Network('10.85.0.0/16'),
 IPv4Network('10.86.0.0/16'),
 IPv4Network('10.87.0.0/16'),
 IPv4Network('10.88.0.0/16'),
 IPv4Network('10.89.0.0/16'),
 IPv4Network('10.90.0.0/16'),
 IPv4Network('10.91.0.0/16'),
 IPv4Network('10.92.0.0/16'),
 IPv4Network('10.93.0.0/16'),
 IPv4Network('10.94.0.0/16'),
 IPv4Network('10.95.0.0/16'),
 IPv4Network('10.96.0.0/16'),
 IPv4Network('10.97.0.0/16'),
 IPv4Network('10.98.0.0/16'),
 IPv4Network('10.99.0.0/16'),
 IPv4Network('10.100.0.0/16'),
 IPv4Network('10.101.0.0/16'),
 IPv4Network('10.102.0.0/16'),
 IPv4Network('10.103.0.0/16'),
 IPv4Network('10.104.0.0/16'),
 IPv4Network('10.105.0.0/16'),
 IPv4Network('10.106.0.0/16'),
 IPv4Network('10.107.0.0/16'),
 IPv4Network('10.108.0.0/16'),
 IPv4Network('10.109.0.0/16'),
 IPv4Network('10.110.0.0/16'),
 IPv4Network('10.111.0.0/16'),
 IPv4Network('10.112.0.0/16'),
 IPv4Network('10.113.0.0/16'),
 IPv4Network('10.114.0.0/16'),
 IPv4Network('10.115.0.0/16'),
 IPv4Network('10.116.0.0/16'),
 IPv4Network('10.117.0.0/16'),
 IPv4Network('10.118.0.0/16'),
 IPv4Network('10.119.0.0/16'),
 IPv4Network('10.120.0.0/16'),
 IPv4Network('10.121.0.0/16'),
 IPv4Network('10.122.0.0/16'),
 IPv4Network('10.123.0.0/16')]
[IPv4Network('10.0.0.0/8'),
 IPv4Network('129.79.0.0/16'),
 IPv4Network('134.68.0.0/16'),
 IPv4Network('140.182.0.0/16'),
 IPv4Network('149.159.0.0/16'),
 IPv4Network('149.160.0.0/14'),
 IPv4Network('156.56.0.0/16'),
 IPv4Network('172.16.0.0/12'),
 IPv4Network('192.168.0.0/24'),
 IPv6Network('::/128'),
 IPv4Network('10.0.0.0/16'),
 IPv4Network('10.1.0.0/16'),
 IPv4Network('10.2.0.0/16'),
 IPv4Network('10.3.0.0/16'),
 IPv4Network('10.4.0.0/16'),
 IPv4Network('10.5.0.0/16'),
 IPv4Network('10.6.0.0/16'),
 IPv4Network('10.7.0.0/16'),
 IPv4Network('10.8.0.0/16'),
 IPv4Network('10.9.0.0/16'),
 IPv4Network('10.10.0.0/16'),
 IPv4Network('10.11.0.0/16'),
 IPv4Network('10.12.0.0/16'),
 IPv4Network('10.13.0.0/16'),
 IPv4Network('10.14.0.0/16'),
 IPv4Network('10.15.0.0/16'),
 IPv4Network('10.16.0.0/16'),
 IPv4Network('10.17.0.0/16'),
 IPv4Network('10.18.0.0/16'),
 IPv4Network('10.19.0.0/16'),
 IPv4Network('10.20.0.0/16'),
 IPv4Network('10.21.0.0/16'),
 IPv4Network('10.22.0.0/16'),
 IPv4Network('10.23.0.0/16'),
 IPv4Network('10.24.0.0/16'),
 IPv4Network('10.25.0.0/16'),
 IPv4Network('10.26.0.0/16'),
 IPv4Network('10.27.0.0/16'),
 IPv4Network('10.28.0.0/16'),
 IPv4Network('10.29.0.0/16'),
 IPv4Network('10.30.0.0/16'),
 IPv4Network('10.31.0.0/16'),
 IPv4Network('10.32.0.0/16'),
 IPv4Network('10.33.0.0/16'),
 IPv4Network('10.34.0.0/16'),
 IPv4Network('10.35.0.0/16'),
 IPv4Network('10.36.0.0/16'),
 IPv4Network('10.37.0.0/16'),
 IPv4Network('10.38.0.0/16'),
 IPv4Network('10.39.0.0/16'),
 IPv4Network('10.40.0.0/16'),
 IPv4Network('10.41.0.0/16'),
 IPv4Network('10.42.0.0/16'),
 IPv4Network('10.43.0.0/16'),
 IPv4Network('10.44.0.0/16'),
 IPv4Network('10.45.0.0/16'),
 IPv4Network('10.46.0.0/16'),
 IPv4Network('10.47.0.0/16'),
 IPv4Network('10.48.0.0/16'),
 IPv4Network('10.49.0.0/16'),
 IPv4Network('10.50.0.0/16'),
 IPv4Network('10.51.0.0/16'),
 IPv4Network('10.52.0.0/16'),
 IPv4Network('10.53.0.0/16'),
 IPv4Network('10.54.0.0/16'),
 IPv4Network('10.55.0.0/16'),
 IPv4Network('10.56.0.0/16'),
 IPv4Network('10.57.0.0/16'),
 IPv4Network('10.58.0.0/16'),
 IPv4Network('10.59.0.0/16'),
 IPv4Network('10.60.0.0/16'),
 IPv4Network('10.61.0.0/16'),
 IPv4Network('10.62.0.0/16'),
 IPv4Network('10.63.0.0/16'),
 IPv4Network('10.64.0.0/16'),
 IPv4Network('10.65.0.0/16'),
 IPv4Network('10.66.0.0/16'),
 IPv4Network('10.67.0.0/16'),
 IPv4Network('10.68.0.0/16'),
 IPv4Network('10.69.0.0/16'),
 IPv4Network('10.70.0.0/16'),
 IPv4Network('10.71.0.0/16'),
 IPv4Network('10.72.0.0/16'),
 IPv4Network('10.73.0.0/16'),
 IPv4Network('10.74.0.0/16'),
 IPv4Network('10.75.0.0/16'),
 IPv4Network('10.76.0.0/16'),
 IPv4Network('10.77.0.0/16'),
 IPv4Network('10.78.0.0/16'),
 IPv4Network('10.79.0.0/16'),
 IPv4Network('10.80.0.0/16'),
 IPv4Network('10.81.0.0/16'),
 IPv4Network('10.82.0.0/16'),
 IPv4Network('10.83.0.0/16'),
 IPv4Network('10.84.0.0/16'),
 IPv4Network('10.85.0.0/16'),
 IPv4Network('10.86.0.0/16'),
 IPv4Network('10.87.0.0/16'),
 IPv4Network('10.88.0.0/16'),
 IPv4Network('10.89.0.0/16'),
 IPv4Network('10.90.0.0/16'),
 IPv4Network('10.91.0.0/16'),
 IPv4Network('10.92.0.0/16'),
 IPv4Network('10.93.0.0/16'),
 IPv4Network('10.94.0.0/16'),
 IPv4Network('10.95.0.0/16'),
 IPv4Network('10.96.0.0/16'),
 IPv4Network('10.97.0.0/16'),
 IPv4Network('10.98.0.0/16'),
 IPv4Network('10.99.0.0/16'),
 IPv4Network('10.100.0.0/16'),
 IPv4Network('10.101.0.0/16'),
 IPv4Network('10.102.0.0/16'),
 IPv4Network('10.103.0.0/16'),
 IPv4Network('10.104.0.0/16'),
 IPv4Network('10.105.0.0/16'),
 IPv4Network('10.106.0.0/16'),
 IPv4Network('10.107.0.0/16'),
 IPv4Network('10.108.0.0/16'),
 IPv4Network('10.109.0.0/16'),
 IPv4Network('10.110.0.0/16'),
 IPv4Network('10.111.0.0/16'),
 IPv4Network('10.112.0.0/16'),
 IPv4Network('10.113.0.0/16'),
 IPv4Network('10.114.0.0/16'),
 IPv4Network('10.115.0.0/16'),
 IPv4Network('10.116.0.0/16'),
 IPv4Network('10.117.0.0/16'),
 IPv4Network('10.118.0.0/16'),
 IPv4Network('10.119.0.0/16'),
 IPv4Network('10.120.0.0/16'),
 IPv4Network('10.121.0.0/16'),
 IPv4Network('10.122.0.0/16'),
 IPv4Network('10.123.0.0/16')]
[IPv4Network('10.0.0.0/8'),
 IPv4Network('129.79.0.0/16'),
 IPv4Network('134.68.0.0/16'),
 IPv4Network('140.182.0.0/16'),
 IPv4Network('149.159.0.0/16'),
 IPv4Network('149.160.0.0/14'),
 IPv4Network('156.56.0.0/16'),
 IPv4Network('172.16.0.0/12'),
 IPv4Network('192.168.0.0/24'),
 IPv6Network('::/128'),
 IPv4Network('10.0.0.0/16'),
 IPv4Network('10.1.0.0/16'),
 IPv4Network('10.2.0.0/16'),
 IPv4Network('10.3.0.0/16'),
 IPv4Network('10.4.0.0/16'),
 IPv4Network('10.5.0.0/16'),
 IPv4Network('10.6.0.0/16'),
 IPv4Network('10.7.0.0/16'),
 IPv4Network('10.8.0.0/16'),
 IPv4Network('10.9.0.0/16'),
 IPv4Network('10.10.0.0/16'),
 IPv4Network('10.11.0.0/16'),
 IPv4Network('10.12.0.0/16'),
 IPv4Network('10.13.0.0/16'),
 IPv4Network('10.14.0.0/16'),
 IPv4Network('10.15.0.0/16'),
 IPv4Network('10.16.0.0/16'),
 IPv4Network('10.17.0.0/16'),
 IPv4Network('10.18.0.0/16'),
 IPv4Network('10.19.0.0/16'),
 IPv4Network('10.20.0.0/16'),
 IPv4Network('10.21.0.0/16'),
 IPv4Network('10.22.0.0/16'),
 IPv4Network('10.23.0.0/16'),
 IPv4Network('10.24.0.0/16'),
 IPv4Network('10.25.0.0/16'),
 IPv4Network('10.26.0.0/16'),
 IPv4Network('10.27.0.0/16'),
 IPv4Network('10.28.0.0/16'),
 IPv4Network('10.29.0.0/16'),
 IPv4Network('10.30.0.0/16'),
 IPv4Network('10.31.0.0/16'),
 IPv4Network('10.32.0.0/16'),
 IPv4Network('10.33.0.0/16'),
 IPv4Network('10.34.0.0/16'),
 IPv4Network('10.35.0.0/16'),
 IPv4Network('10.36.0.0/16'),
 IPv4Network('10.37.0.0/16'),
 IPv4Network('10.38.0.0/16'),
 IPv4Network('10.39.0.0/16'),
 IPv4Network('10.40.0.0/16'),
 IPv4Network('10.41.0.0/16'),
 IPv4Network('10.42.0.0/16'),
 IPv4Network('10.43.0.0/16'),
 IPv4Network('10.44.0.0/16'),
 IPv4Network('10.45.0.0/16'),
 IPv4Network('10.46.0.0/16'),
 IPv4Network('10.47.0.0/16'),
 IPv4Network('10.48.0.0/16'),
 IPv4Network('10.49.0.0/16'),
 IPv4Network('10.50.0.0/16'),
 IPv4Network('10.51.0.0/16'),
 IPv4Network('10.52.0.0/16'),
 IPv4Network('10.53.0.0/16'),
 IPv4Network('10.54.0.0/16'),
 IPv4Network('10.55.0.0/16'),
 IPv4Network('10.56.0.0/16'),
 IPv4Network('10.57.0.0/16'),
 IPv4Network('10.58.0.0/16'),
 IPv4Network('10.59.0.0/16'),
 IPv4Network('10.60.0.0/16'),
 IPv4Network('10.61.0.0/16'),
 IPv4Network('10.62.0.0/16'),
 IPv4Network('10.63.0.0/16'),
 IPv4Network('10.64.0.0/16'),
 IPv4Network('10.65.0.0/16'),
 IPv4Network('10.66.0.0/16'),
 IPv4Network('10.67.0.0/16'),
 IPv4Network('10.68.0.0/16'),
 IPv4Network('10.69.0.0/16'),
 IPv4Network('10.70.0.0/16'),
 IPv4Network('10.71.0.0/16'),
 IPv4Network('10.72.0.0/16'),
 IPv4Network('10.73.0.0/16'),
 IPv4Network('10.74.0.0/16'),
 IPv4Network('10.75.0.0/16'),
 IPv4Network('10.76.0.0/16'),
 IPv4Network('10.77.0.0/16'),
 IPv4Network('10.78.0.0/16'),
 IPv4Network('10.79.0.0/16'),
 IPv4Network('10.80.0.0/16'),
 IPv4Network('10.81.0.0/16'),
 IPv4Network('10.82.0.0/16'),
 IPv4Network('10.83.0.0/16'),
 IPv4Network('10.84.0.0/16'),
 IPv4Network('10.85.0.0/16'),
 IPv4Network('10.86.0.0/16'),
 IPv4Network('10.87.0.0/16'),
 IPv4Network('10.88.0.0/16'),
 IPv4Network('10.89.0.0/16'),
 IPv4Network('10.90.0.0/16'),
 IPv4Network('10.91.0.0/16'),
 IPv4Network('10.92.0.0/16'),
 IPv4Network('10.93.0.0/16'),
 IPv4Network('10.94.0.0/16'),
 IPv4Network('10.95.0.0/16'),
 IPv4Network('10.96.0.0/16'),
 IPv4Network('10.97.0.0/16'),
 IPv4Network('10.98.0.0/16'),
 IPv4Network('10.99.0.0/16'),
 IPv4Network('10.100.0.0/16'),
 IPv4Network('10.101.0.0/16'),
 IPv4Network('10.102.0.0/16'),
 IPv4Network('10.103.0.0/16'),
 IPv4Network('10.104.0.0/16'),
 IPv4Network('10.105.0.0/16'),
 IPv4Network('10.106.0.0/16'),
 IPv4Network('10.107.0.0/16'),
 IPv4Network('10.108.0.0/16'),
 IPv4Network('10.109.0.0/16'),
 IPv4Network('10.110.0.0/16'),
 IPv4Network('10.111.0.0/16'),
 IPv4Network('10.112.0.0/16'),
 IPv4Network('10.113.0.0/16'),
 IPv4Network('10.114.0.0/16'),
 IPv4Network('10.115.0.0/16'),
 IPv4Network('10.116.0.0/16'),
 IPv4Network('10.117.0.0/16'),
 IPv4Network('10.118.0.0/16'),
 IPv4Network('10.119.0.0/16'),
 IPv4Network('10.120.0.0/16'),
 IPv4Network('10.121.0.0/16'),
 IPv4Network('10.122.0.0/16'),
 IPv4Network('10.123.0.0/16'),
 IPv4Network('10.124.0.0/16'),
 IPv4Network('10.125.0.0/16')]
[IPv4Network('10.0.0.0/8'),
 IPv4Network('129.79.0.0/16'),
 IPv4Network('134.68.0.0/16'),
 IPv4Network('140.182.0.0/16'),
 IPv4Network('149.159.0.0/16'),
 IPv4Network('149.160.0.0/14'),
 IPv4Network('156.56.0.0/16'),
 IPv4Network('172.16.0.0/12'),
 IPv4Network('192.168.0.0/24'),
 IPv6Network('::/128'),
 IPv4Network('10.0.0.0/16'),
 IPv4Network('10.1.0.0/16'),
 IPv4Network('10.2.0.0/16'),
 IPv4Network('10.3.0.0/16'),
 IPv4Network('10.4.0.0/16'),
 IPv4Network('10.5.0.0/16'),
 IPv4Network('10.6.0.0/16'),
 IPv4Network('10.7.0.0/16'),
 IPv4Network('10.8.0.0/16'),
 IPv4Network('10.9.0.0/16'),
 IPv4Network('10.10.0.0/16'),
 IPv4Network('10.11.0.0/16'),
 IPv4Network('10.12.0.0/16'),
 IPv4Network('10.13.0.0/16'),
 IPv4Network('10.14.0.0/16'),
 IPv4Network('10.15.0.0/16'),
 IPv4Network('10.16.0.0/16'),
 IPv4Network('10.17.0.0/16'),
 IPv4Network('10.18.0.0/16'),
 IPv4Network('10.19.0.0/16'),
 IPv4Network('10.20.0.0/16'),
 IPv4Network('10.21.0.0/16'),
 IPv4Network('10.22.0.0/16'),
 IPv4Network('10.23.0.0/16'),
 IPv4Network('10.24.0.0/16'),
 IPv4Network('10.25.0.0/16'),
 IPv4Network('10.26.0.0/16'),
 IPv4Network('10.27.0.0/16'),
 IPv4Network('10.28.0.0/16'),
 IPv4Network('10.29.0.0/16'),
 IPv4Network('10.30.0.0/16'),
 IPv4Network('10.31.0.0/16'),
 IPv4Network('10.32.0.0/16'),
 IPv4Network('10.33.0.0/16'),
 IPv4Network('10.34.0.0/16'),
 IPv4Network('10.35.0.0/16'),
 IPv4Network('10.36.0.0/16'),
 IPv4Network('10.37.0.0/16'),
 IPv4Network('10.38.0.0/16'),
 IPv4Network('10.39.0.0/16'),
 IPv4Network('10.40.0.0/16'),
 IPv4Network('10.41.0.0/16'),
 IPv4Network('10.42.0.0/16'),
 IPv4Network('10.43.0.0/16'),
 IPv4Network('10.44.0.0/16'),
 IPv4Network('10.45.0.0/16'),
 IPv4Network('10.46.0.0/16'),
 IPv4Network('10.47.0.0/16'),
 IPv4Network('10.48.0.0/16'),
 IPv4Network('10.49.0.0/16'),
 IPv4Network('10.50.0.0/16'),
 IPv4Network('10.51.0.0/16'),
 IPv4Network('10.52.0.0/16'),
 IPv4Network('10.53.0.0/16'),
 IPv4Network('10.54.0.0/16'),
 IPv4Network('10.55.0.0/16'),
 IPv4Network('10.56.0.0/16'),
 IPv4Network('10.57.0.0/16'),
 IPv4Network('10.58.0.0/16'),
 IPv4Network('10.59.0.0/16'),
 IPv4Network('10.60.0.0/16'),
 IPv4Network('10.61.0.0/16'),
 IPv4Network('10.62.0.0/16'),
 IPv4Network('10.63.0.0/16'),
 IPv4Network('10.64.0.0/16'),
 IPv4Network('10.65.0.0/16'),
 IPv4Network('10.66.0.0/16'),
 IPv4Network('10.67.0.0/16'),
 IPv4Network('10.68.0.0/16'),
 IPv4Network('10.69.0.0/16'),
 IPv4Network('10.70.0.0/16'),
 IPv4Network('10.71.0.0/16'),
 IPv4Network('10.72.0.0/16'),
 IPv4Network('10.73.0.0/16'),
 IPv4Network('10.74.0.0/16'),
 IPv4Network('10.75.0.0/16'),
 IPv4Network('10.76.0.0/16'),
 IPv4Network('10.77.0.0/16'),
 IPv4Network('10.78.0.0/16'),
 IPv4Network('10.79.0.0/16'),
 IPv4Network('10.80.0.0/16'),
 IPv4Network('10.81.0.0/16'),
 IPv4Network('10.82.0.0/16'),
 IPv4Network('10.83.0.0/16'),
 IPv4Network('10.84.0.0/16'),
 IPv4Network('10.85.0.0/16'),
 IPv4Network('10.86.0.0/16'),
 IPv4Network('10.87.0.0/16'),
 IPv4Network('10.88.0.0/16'),
 IPv4Network('10.89.0.0/16'),
 IPv4Network('10.90.0.0/16'),
 IPv4Network('10.91.0.0/16'),
 IPv4Network('10.92.0.0/16'),
 IPv4Network('10.93.0.0/16'),
 IPv4Network('10.94.0.0/16'),
 IPv4Network('10.95.0.0/16'),
 IPv4Network('10.96.0.0/16'),
 IPv4Network('10.97.0.0/16'),
 IPv4Network('10.98.0.0/16'),
 IPv4Network('10.99.0.0/16'),
 IPv4Network('10.100.0.0/16'),
 IPv4Network('10.101.0.0/16'),
 IPv4Network('10.102.0.0/16'),
 IPv4Network('10.103.0.0/16'),
 IPv4Network('10.104.0.0/16'),
 IPv4Network('10.105.0.0/16'),
 IPv4Network('10.106.0.0/16'),
 IPv4Network('10.107.0.0/16'),
 IPv4Network('10.108.0.0/16'),
 IPv4Network('10.109.0.0/16'),
 IPv4Network('10.110.0.0/16'),
 IPv4Network('10.111.0.0/16'),
 IPv4Network('10.112.0.0/16'),
 IPv4Network('10.113.0.0/16'),
 IPv4Network('10.114.0.0/16'),
 IPv4Network('10.115.0.0/16'),
 IPv4Network('10.116.0.0/16'),
 IPv4Network('10.117.0.0/16'),
 IPv4Network('10.118.0.0/16'),
 IPv4Network('10.119.0.0/16'),
 IPv4Network('10.120.0.0/16'),
 IPv4Network('10.121.0.0/16'),
 IPv4Network('10.122.0.0/16'),
 IPv4Network('10.123.0.0/16'),
 IPv4Network('10.124.0.0/16'),
 IPv4Network('10.125.0.0/16'),
 IPv4Network('10.126.0.0/16'),
 IPv4Network('10.127.0.0/16')]
[IPv4Network('10.0.0.0/8'),
 IPv4Network('129.79.0.0/16'),
 IPv4Network('134.68.0.0/16'),
 IPv4Network('140.182.0.0/16'),
 IPv4Network('149.159.0.0/16'),
 IPv4Network('149.160.0.0/14'),
 IPv4Network('156.56.0.0/16'),
 IPv4Network('172.16.0.0/12'),
 IPv4Network('192.168.0.0/24'),
 IPv6Network('::/128'),
 IPv4Network('10.0.0.0/16'),
 IPv4Network('10.1.0.0/16'),
 IPv4Network('10.2.0.0/16'),
 IPv4Network('10.3.0.0/16'),
 IPv4Network('10.4.0.0/16'),
 IPv4Network('10.5.0.0/16'),
 IPv4Network('10.6.0.0/16'),
 IPv4Network('10.7.0.0/16'),
 IPv4Network('10.8.0.0/16'),
 IPv4Network('10.9.0.0/16'),
 IPv4Network('10.10.0.0/16'),
 IPv4Network('10.11.0.0/16'),
 IPv4Network('10.12.0.0/16'),
 IPv4Network('10.13.0.0/16'),
 IPv4Network('10.14.0.0/16'),
 IPv4Network('10.15.0.0/16'),
 IPv4Network('10.16.0.0/16'),
 IPv4Network('10.17.0.0/16'),
 IPv4Network('10.18.0.0/16'),
 IPv4Network('10.19.0.0/16'),
 IPv4Network('10.20.0.0/16'),
 IPv4Network('10.21.0.0/16'),
 IPv4Network('10.22.0.0/16'),
 IPv4Network('10.23.0.0/16'),
 IPv4Network('10.24.0.0/16'),
 IPv4Network('10.25.0.0/16'),
 IPv4Network('10.26.0.0/16'),
 IPv4Network('10.27.0.0/16'),
 IPv4Network('10.28.0.0/16'),
 IPv4Network('10.29.0.0/16'),
 IPv4Network('10.30.0.0/16'),
 IPv4Network('10.31.0.0/16'),
 IPv4Network('10.32.0.0/16'),
 IPv4Network('10.33.0.0/16'),
 IPv4Network('10.34.0.0/16'),
 IPv4Network('10.35.0.0/16'),
 IPv4Network('10.36.0.0/16'),
 IPv4Network('10.37.0.0/16'),
 IPv4Network('10.38.0.0/16'),
 IPv4Network('10.39.0.0/16'),
 IPv4Network('10.40.0.0/16'),
 IPv4Network('10.41.0.0/16'),
 IPv4Network('10.42.0.0/16'),
 IPv4Network('10.43.0.0/16'),
 IPv4Network('10.44.0.0/16'),
 IPv4Network('10.45.0.0/16'),
 IPv4Network('10.46.0.0/16'),
 IPv4Network('10.47.0.0/16'),
 IPv4Network('10.48.0.0/16'),
 IPv4Network('10.49.0.0/16'),
 IPv4Network('10.50.0.0/16'),
 IPv4Network('10.51.0.0/16'),
 IPv4Network('10.52.0.0/16'),
 IPv4Network('10.53.0.0/16'),
 IPv4Network('10.54.0.0/16'),
 IPv4Network('10.55.0.0/16'),
 IPv4Network('10.56.0.0/16'),
 IPv4Network('10.57.0.0/16'),
 IPv4Network('10.58.0.0/16'),
 IPv4Network('10.59.0.0/16'),
 IPv4Network('10.60.0.0/16'),
 IPv4Network('10.61.0.0/16'),
 IPv4Network('10.62.0.0/16'),
 IPv4Network('10.63.0.0/16'),
 IPv4Network('10.64.0.0/16'),
 IPv4Network('10.65.0.0/16'),
 IPv4Network('10.66.0.0/16'),
 IPv4Network('10.67.0.0/16'),
 IPv4Network('10.68.0.0/16'),
 IPv4Network('10.69.0.0/16'),
 IPv4Network('10.70.0.0/16'),
 IPv4Network('10.71.0.0/16'),
 IPv4Network('10.72.0.0/16'),
 IPv4Network('10.73.0.0/16'),
 IPv4Network('10.74.0.0/16'),
 IPv4Network('10.75.0.0/16'),
 IPv4Network('10.76.0.0/16'),
 IPv4Network('10.77.0.0/16'),
 IPv4Network('10.78.0.0/16'),
 IPv4Network('10.79.0.0/16'),
 IPv4Network('10.80.0.0/16'),
 IPv4Network('10.81.0.0/16'),
 IPv4Network('10.82.0.0/16'),
 IPv4Network('10.83.0.0/16'),
 IPv4Network('10.84.0.0/16'),
 IPv4Network('10.85.0.0/16'),
 IPv4Network('10.86.0.0/16'),
 IPv4Network('10.87.0.0/16'),
 IPv4Network('10.88.0.0/16'),
 IPv4Network('10.89.0.0/16'),
 IPv4Network('10.90.0.0/16'),
 IPv4Network('10.91.0.0/16'),
 IPv4Network('10.92.0.0/16'),
 IPv4Network('10.93.0.0/16'),
 IPv4Network('10.94.0.0/16'),
 IPv4Network('10.95.0.0/16'),
 IPv4Network('10.96.0.0/16'),
 IPv4Network('10.97.0.0/16'),
 IPv4Network('10.98.0.0/16'),
 IPv4Network('10.99.0.0/16'),
 IPv4Network('10.100.0.0/16'),
 IPv4Network('10.101.0.0/16'),
 IPv4Network('10.102.0.0/16'),
 IPv4Network('10.103.0.0/16'),
 IPv4Network('10.104.0.0/16'),
 IPv4Network('10.105.0.0/16'),
 IPv4Network('10.106.0.0/16'),
 IPv4Network('10.107.0.0/16'),
 IPv4Network('10.108.0.0/16'),
 IPv4Network('10.109.0.0/16'),
 IPv4Network('10.110.0.0/16'),
 IPv4Network('10.111.0.0/16'),
 IPv4Network('10.112.0.0/16'),
 IPv4Network('10.113.0.0/16'),
 IPv4Network('10.114.0.0/16'),
 IPv4Network('10.115.0.0/16'),
 IPv4Network('10.116.0.0/16'),
 IPv4Network('10.117.0.0/16'),
 IPv4Network('10.118.0.0/16'),
 IPv4Network('10.119.0.0/16'),
 IPv4Network('10.120.0.0/16'),
 IPv4Network('10.121.0.0/16'),
 IPv4Network('10.122.0.0/16'),
 IPv4Network('10.123.0.0/16'),
 IPv4Network('10.124.0.0/16'),
 IPv4Network('10.125.0.0/16'),
 IPv4Network('10.126.0.0/16'),
 IPv4Network('10.127.0.0/16')]
[IPv4Network('10.0.0.0/8'),
 IPv4Network('129.79.0.0/16'),
 IPv4Network('134.68.0.0/16'),
 IPv4Network('140.182.0.0/16'),
 IPv4Network('149.159.0.0/16'),
 IPv4Network('149.160.0.0/14'),
 IPv4Network('156.56.0.0/16'),
 IPv4Network('172.16.0.0/12'),
 IPv4Network('192.168.0.0/24'),
 IPv6Network('::/128'),
 IPv4Network('10.0.0.0/16'),
 IPv4Network('10.1.0.0/16'),
 IPv4Network('10.2.0.0/16'),
 IPv4Network('10.3.0.0/16'),
 IPv4Network('10.4.0.0/16'),
 IPv4Network('10.5.0.0/16'),
 IPv4Network('10.6.0.0/16'),
 IPv4Network('10.7.0.0/16'),
 IPv4Network('10.8.0.0/16'),
 IPv4Network('10.9.0.0/16'),
 IPv4Network('10.10.0.0/16'),
 IPv4Network('10.11.0.0/16'),
 IPv4Network('10.12.0.0/16'),
 IPv4Network('10.13.0.0/16'),
 IPv4Network('10.14.0.0/16'),
 IPv4Network('10.15.0.0/16'),
 IPv4Network('10.16.0.0/16'),
 IPv4Network('10.17.0.0/16'),
 IPv4Network('10.18.0.0/16'),
 IPv4Network('10.19.0.0/16'),
 IPv4Network('10.20.0.0/16'),
 IPv4Network('10.21.0.0/16'),
 IPv4Network('10.22.0.0/16'),
 IPv4Network('10.23.0.0/16'),
 IPv4Network('10.24.0.0/16'),
 IPv4Network('10.25.0.0/16'),
 IPv4Network('10.26.0.0/16'),
 IPv4Network('10.27.0.0/16'),
 IPv4Network('10.28.0.0/16'),
 IPv4Network('10.29.0.0/16'),
 IPv4Network('10.30.0.0/16'),
 IPv4Network('10.31.0.0/16'),
 IPv4Network('10.32.0.0/16'),
 IPv4Network('10.33.0.0/16'),
 IPv4Network('10.34.0.0/16'),
 IPv4Network('10.35.0.0/16'),
 IPv4Network('10.36.0.0/16'),
 IPv4Network('10.37.0.0/16'),
 IPv4Network('10.38.0.0/16'),
 IPv4Network('10.39.0.0/16'),
 IPv4Network('10.40.0.0/16'),
 IPv4Network('10.41.0.0/16'),
 IPv4Network('10.42.0.0/16'),
 IPv4Network('10.43.0.0/16'),
 IPv4Network('10.44.0.0/16'),
 IPv4Network('10.45.0.0/16'),
 IPv4Network('10.46.0.0/16'),
 IPv4Network('10.47.0.0/16'),
 IPv4Network('10.48.0.0/16'),
 IPv4Network('10.49.0.0/16'),
 IPv4Network('10.50.0.0/16'),
 IPv4Network('10.51.0.0/16'),
 IPv4Network('10.52.0.0/16'),
 IPv4Network('10.53.0.0/16'),
 IPv4Network('10.54.0.0/16'),
 IPv4Network('10.55.0.0/16'),
 IPv4Network('10.56.0.0/16'),
 IPv4Network('10.57.0.0/16'),
 IPv4Network('10.58.0.0/16'),
 IPv4Network('10.59.0.0/16'),
 IPv4Network('10.60.0.0/16'),
 IPv4Network('10.61.0.0/16'),
 IPv4Network('10.62.0.0/16'),
 IPv4Network('10.63.0.0/16'),
 IPv4Network('10.64.0.0/16'),
 IPv4Network('10.65.0.0/16'),
 IPv4Network('10.66.0.0/16'),
 IPv4Network('10.67.0.0/16'),
 IPv4Network('10.68.0.0/16'),
 IPv4Network('10.69.0.0/16'),
 IPv4Network('10.70.0.0/16'),
 IPv4Network('10.71.0.0/16'),
 IPv4Network('10.72.0.0/16'),
 IPv4Network('10.73.0.0/16'),
 IPv4Network('10.74.0.0/16'),
 IPv4Network('10.75.0.0/16'),
 IPv4Network('10.76.0.0/16'),
 IPv4Network('10.77.0.0/16'),
 IPv4Network('10.78.0.0/16'),
 IPv4Network('10.79.0.0/16'),
 IPv4Network('10.80.0.0/16'),
 IPv4Network('10.81.0.0/16'),
 IPv4Network('10.82.0.0/16'),
 IPv4Network('10.83.0.0/16'),
 IPv4Network('10.84.0.0/16'),
 IPv4Network('10.85.0.0/16'),
 IPv4Network('10.86.0.0/16'),
 IPv4Network('10.87.0.0/16'),
 IPv4Network('10.88.0.0/16'),
 IPv4Network('10.89.0.0/16'),
 IPv4Network('10.90.0.0/16'),
 IPv4Network('10.91.0.0/16'),
 IPv4Network('10.92.0.0/16'),
 IPv4Network('10.93.0.0/16'),
 IPv4Network('10.94.0.0/16'),
 IPv4Network('10.95.0.0/16'),
 IPv4Network('10.96.0.0/16'),
 IPv4Network('10.97.0.0/16'),
 IPv4Network('10.98.0.0/16'),
 IPv4Network('10.99.0.0/16'),
 IPv4Network('10.100.0.0/16'),
 IPv4Network('10.101.0.0/16'),
 IPv4Network('10.102.0.0/16'),
 IPv4Network('10.103.0.0/16'),
 IPv4Network('10.104.0.0/16'),
 IPv4Network('10.105.0.0/16'),
 IPv4Network('10.106.0.0/16'),
 IPv4Network('10.107.0.0/16'),
 IPv4Network('10.108.0.0/16'),
 IPv4Network('10.109.0.0/16'),
 IPv4Network('10.110.0.0/16'),
 IPv4Network('10.111.0.0/16'),
 IPv4Network('10.112.0.0/16'),
 IPv4Network('10.113.0.0/16'),
 IPv4Network('10.114.0.0/16'),
 IPv4Network('10.115.0.0/16'),
 IPv4Network('10.116.0.0/16'),
 IPv4Network('10.117.0.0/16'),
 IPv4Network('10.118.0.0/16'),
 IPv4Network('10.119.0.0/16'),
 IPv4Network('10.120.0.0/16'),
 IPv4Network('10.121.0.0/16'),
 IPv4Network('10.122.0.0/16'),
 IPv4Network('10.123.0.0/16'),
 IPv4Network('10.124.0.0/16'),
 IPv4Network('10.125.0.0/16'),
 IPv4Network('10.126.0.0/16'),
 IPv4Network('10.127.0.0/16')]
[IPv4Network('10.0.0.0/8'),
 IPv4Network('129.79.0.0/16'),
 IPv4Network('134.68.0.0/16'),
 IPv4Network('140.182.0.0/16'),
 IPv4Network('149.159.0.0/16'),
 IPv4Network('149.160.0.0/14'),
 IPv4Network('156.56.0.0/16'),
 IPv4Network('172.16.0.0/12'),
 IPv4Network('192.168.0.0/24'),
 IPv6Network('::/128'),
 IPv4Network('10.0.0.0/16'),
 IPv4Network('10.1.0.0/16'),
 IPv4Network('10.2.0.0/16'),
 IPv4Network('10.3.0.0/16'),
 IPv4Network('10.4.0.0/16'),
 IPv4Network('10.5.0.0/16'),
 IPv4Network('10.6.0.0/16'),
 IPv4Network('10.7.0.0/16'),
 IPv4Network('10.8.0.0/16'),
 IPv4Network('10.9.0.0/16'),
 IPv4Network('10.10.0.0/16'),
 IPv4Network('10.11.0.0/16'),
 IPv4Network('10.12.0.0/16'),
 IPv4Network('10.13.0.0/16'),
 IPv4Network('10.14.0.0/16'),
 IPv4Network('10.15.0.0/16'),
 IPv4Network('10.16.0.0/16'),
 IPv4Network('10.17.0.0/16'),
 IPv4Network('10.18.0.0/16'),
 IPv4Network('10.19.0.0/16'),
 IPv4Network('10.20.0.0/16'),
 IPv4Network('10.21.0.0/16'),
 IPv4Network('10.22.0.0/16'),
 IPv4Network('10.23.0.0/16'),
 IPv4Network('10.24.0.0/16'),
 IPv4Network('10.25.0.0/16'),
 IPv4Network('10.26.0.0/16'),
 IPv4Network('10.27.0.0/16'),
 IPv4Network('10.28.0.0/16'),
 IPv4Network('10.29.0.0/16'),
 IPv4Network('10.30.0.0/16'),
 IPv4Network('10.31.0.0/16'),
 IPv4Network('10.32.0.0/16'),
 IPv4Network('10.33.0.0/16'),
 IPv4Network('10.34.0.0/16'),
 IPv4Network('10.35.0.0/16'),
 IPv4Network('10.36.0.0/16'),
 IPv4Network('10.37.0.0/16'),
 IPv4Network('10.38.0.0/16'),
 IPv4Network('10.39.0.0/16'),
 IPv4Network('10.40.0.0/16'),
 IPv4Network('10.41.0.0/16'),
 IPv4Network('10.42.0.0/16'),
 IPv4Network('10.43.0.0/16'),
 IPv4Network('10.44.0.0/16'),
 IPv4Network('10.45.0.0/16'),
 IPv4Network('10.46.0.0/16'),
 IPv4Network('10.47.0.0/16'),
 IPv4Network('10.48.0.0/16'),
 IPv4Network('10.49.0.0/16'),
 IPv4Network('10.50.0.0/16'),
 IPv4Network('10.51.0.0/16'),
 IPv4Network('10.52.0.0/16'),
 IPv4Network('10.53.0.0/16'),
 IPv4Network('10.54.0.0/16'),
 IPv4Network('10.55.0.0/16'),
 IPv4Network('10.56.0.0/16'),
 IPv4Network('10.57.0.0/16'),
 IPv4Network('10.58.0.0/16'),
 IPv4Network('10.59.0.0/16'),
 IPv4Network('10.60.0.0/16'),
 IPv4Network('10.61.0.0/16'),
 IPv4Network('10.62.0.0/16'),
 IPv4Network('10.63.0.0/16'),
 IPv4Network('10.64.0.0/16'),
 IPv4Network('10.65.0.0/16'),
 IPv4Network('10.66.0.0/16'),
 IPv4Network('10.67.0.0/16'),
 IPv4Network('10.68.0.0/16'),
 IPv4Network('10.69.0.0/16'),
 IPv4Network('10.70.0.0/16'),
 IPv4Network('10.71.0.0/16'),
 IPv4Network('10.72.0.0/16'),
 IPv4Network('10.73.0.0/16'),
 IPv4Network('10.74.0.0/16'),
 IPv4Network('10.75.0.0/16'),
 IPv4Network('10.76.0.0/16'),
 IPv4Network('10.77.0.0/16'),
 IPv4Network('10.78.0.0/16'),
 IPv4Network('10.79.0.0/16'),
 IPv4Network('10.80.0.0/16'),
 IPv4Network('10.81.0.0/16'),
 IPv4Network('10.82.0.0/16'),
 IPv4Network('10.83.0.0/16'),
 IPv4Network('10.84.0.0/16'),
 IPv4Network('10.85.0.0/16'),
 IPv4Network('10.86.0.0/16'),
 IPv4Network('10.87.0.0/16'),
 IPv4Network('10.88.0.0/16'),
 IPv4Network('10.89.0.0/16'),
 IPv4Network('10.90.0.0/16'),
 IPv4Network('10.91.0.0/16'),
 IPv4Network('10.92.0.0/16'),
 IPv4Network('10.93.0.0/16'),
 IPv4Network('10.94.0.0/16'),
 IPv4Network('10.95.0.0/16'),
 IPv4Network('10.96.0.0/16'),
 IPv4Network('10.97.0.0/16'),
 IPv4Network('10.98.0.0/16'),
 IPv4Network('10.99.0.0/16'),
 IPv4Network('10.100.0.0/16'),
 IPv4Network('10.101.0.0/16'),
 IPv4Network('10.102.0.0/16'),
 IPv4Network('10.103.0.0/16'),
 IPv4Network('10.104.0.0/16'),
 IPv4Network('10.105.0.0/16'),
 IPv4Network('10.106.0.0/16'),
 IPv4Network('10.107.0.0/16'),
 IPv4Network('10.108.0.0/16'),
 IPv4Network('10.109.0.0/16'),
 IPv4Network('10.110.0.0/16'),
 IPv4Network('10.111.0.0/16'),
 IPv4Network('10.112.0.0/16'),
 IPv4Network('10.113.0.0/16'),
 IPv4Network('10.114.0.0/16'),
 IPv4Network('10.115.0.0/16'),
 IPv4Network('10.116.0.0/16'),
 IPv4Network('10.117.0.0/16'),
 IPv4Network('10.118.0.0/16'),
 IPv4Network('10.119.0.0/16'),
 IPv4Network('10.120.0.0/16'),
 IPv4Network('10.121.0.0/16'),
 IPv4Network('10.122.0.0/16'),
 IPv4Network('10.123.0.0/16'),
 IPv4Network('10.124.0.0/16'),
 IPv4Network('10.125.0.0/16'),
 IPv4Network('10.126.0.0/16'),
 IPv4Network('10.127.0.0/16')]
[IPv4Network('10.0.0.0/8'),
 IPv4Network('129.79.0.0/16'),
 IPv4Network('134.68.0.0/16'),
 IPv4Network('140.182.0.0/16'),
 IPv4Network('149.159.0.0/16'),
 IPv4Network('149.160.0.0/14'),
 IPv4Network('156.56.0.0/16'),
 IPv4Network('172.16.0.0/12'),
 IPv4Network('192.168.0.0/24'),
 IPv6Network('::/128'),
 IPv4Network('10.0.0.0/16'),
 IPv4Network('10.1.0.0/16'),
 IPv4Network('10.2.0.0/16'),
 IPv4Network('10.3.0.0/16'),
 IPv4Network('10.4.0.0/16'),
 IPv4Network('10.5.0.0/16'),
 IPv4Network('10.6.0.0/16'),
 IPv4Network('10.7.0.0/16'),
 IPv4Network('10.8.0.0/16'),
 IPv4Network('10.9.0.0/16'),
 IPv4Network('10.10.0.0/16'),
 IPv4Network('10.11.0.0/16'),
 IPv4Network('10.12.0.0/16'),
 IPv4Network('10.13.0.0/16'),
 IPv4Network('10.14.0.0/16'),
 IPv4Network('10.15.0.0/16'),
 IPv4Network('10.16.0.0/16'),
 IPv4Network('10.17.0.0/16'),
 IPv4Network('10.18.0.0/16'),
 IPv4Network('10.19.0.0/16'),
 IPv4Network('10.20.0.0/16'),
 IPv4Network('10.21.0.0/16'),
 IPv4Network('10.22.0.0/16'),
 IPv4Network('10.23.0.0/16'),
 IPv4Network('10.24.0.0/16'),
 IPv4Network('10.25.0.0/16'),
 IPv4Network('10.26.0.0/16'),
 IPv4Network('10.27.0.0/16'),
 IPv4Network('10.28.0.0/16'),
 IPv4Network('10.29.0.0/16'),
 IPv4Network('10.30.0.0/16'),
 IPv4Network('10.31.0.0/16'),
 IPv4Network('10.32.0.0/16'),
 IPv4Network('10.33.0.0/16'),
 IPv4Network('10.34.0.0/16'),
 IPv4Network('10.35.0.0/16'),
 IPv4Network('10.36.0.0/16'),
 IPv4Network('10.37.0.0/16'),
 IPv4Network('10.38.0.0/16'),
 IPv4Network('10.39.0.0/16'),
 IPv4Network('10.40.0.0/16'),
 IPv4Network('10.41.0.0/16'),
 IPv4Network('10.42.0.0/16'),
 IPv4Network('10.43.0.0/16'),
 IPv4Network('10.44.0.0/16'),
 IPv4Network('10.45.0.0/16'),
 IPv4Network('10.46.0.0/16'),
 IPv4Network('10.47.0.0/16'),
 IPv4Network('10.48.0.0/16'),
 IPv4Network('10.49.0.0/16'),
 IPv4Network('10.50.0.0/16'),
 IPv4Network('10.51.0.0/16'),
 IPv4Network('10.52.0.0/16'),
 IPv4Network('10.53.0.0/16'),
 IPv4Network('10.54.0.0/16'),
 IPv4Network('10.55.0.0/16'),
 IPv4Network('10.56.0.0/16'),
 IPv4Network('10.57.0.0/16'),
 IPv4Network('10.58.0.0/16'),
 IPv4Network('10.59.0.0/16'),
 IPv4Network('10.60.0.0/16'),
 IPv4Network('10.61.0.0/16'),
 IPv4Network('10.62.0.0/16'),
 IPv4Network('10.63.0.0/16'),
 IPv4Network('10.64.0.0/16'),
 IPv4Network('10.65.0.0/16'),
 IPv4Network('10.66.0.0/16'),
 IPv4Network('10.67.0.0/16'),
 IPv4Network('10.68.0.0/16'),
 IPv4Network('10.69.0.0/16'),
 IPv4Network('10.70.0.0/16'),
 IPv4Network('10.71.0.0/16'),
 IPv4Network('10.72.0.0/16'),
 IPv4Network('10.73.0.0/16'),
 IPv4Network('10.74.0.0/16'),
 IPv4Network('10.75.0.0/16'),
 IPv4Network('10.76.0.0/16'),
 IPv4Network('10.77.0.0/16'),
 IPv4Network('10.78.0.0/16'),
 IPv4Network('10.79.0.0/16'),
 IPv4Network('10.80.0.0/16'),
 IPv4Network('10.81.0.0/16'),
 IPv4Network('10.82.0.0/16'),
 IPv4Network('10.83.0.0/16'),
 IPv4Network('10.84.0.0/16'),
 IPv4Network('10.85.0.0/16'),
 IPv4Network('10.86.0.0/16'),
 IPv4Network('10.87.0.0/16'),
 IPv4Network('10.88.0.0/16'),
 IPv4Network('10.89.0.0/16'),
 IPv4Network('10.90.0.0/16'),
 IPv4Network('10.91.0.0/16'),
 IPv4Network('10.92.0.0/16'),
 IPv4Network('10.93.0.0/16'),
 IPv4Network('10.94.0.0/16'),
 IPv4Network('10.95.0.0/16'),
 IPv4Network('10.96.0.0/16'),
 IPv4Network('10.97.0.0/16'),
 IPv4Network('10.98.0.0/16'),
 IPv4Network('10.99.0.0/16'),
 IPv4Network('10.100.0.0/16'),
 IPv4Network('10.101.0.0/16'),
 IPv4Network('10.102.0.0/16'),
 IPv4Network('10.103.0.0/16'),
 IPv4Network('10.104.0.0/16'),
 IPv4Network('10.105.0.0/16'),
 IPv4Network('10.106.0.0/16'),
 IPv4Network('10.107.0.0/16'),
 IPv4Network('10.108.0.0/16'),
 IPv4Network('10.109.0.0/16'),
 IPv4Network('10.110.0.0/16'),
 IPv4Network('10.111.0.0/16'),
 IPv4Network('10.112.0.0/16'),
 IPv4Network('10.113.0.0/16'),
 IPv4Network('10.114.0.0/16'),
 IPv4Network('10.115.0.0/16'),
 IPv4Network('10.116.0.0/16'),
 IPv4Network('10.117.0.0/16'),
 IPv4Network('10.118.0.0/16'),
 IPv4Network('10.119.0.0/16'),
 IPv4Network('10.120.0.0/16'),
 IPv4Network('10.121.0.0/16'),
 IPv4Network('10.122.0.0/16'),
 IPv4Network('10.123.0.0/16'),
 IPv4Network('10.124.0.0/16'),
 IPv4Network('10.125.0.0/16'),
 IPv4Network('10.126.0.0/16'),
 IPv4Network('10.127.0.0/16')]
[IPv4Network('10.0.0.0/8'),
 IPv4Network('129.79.0.0/16'),
 IPv4Network('134.68.0.0/16'),
 IPv4Network('140.182.0.0/16'),
 IPv4Network('149.159.0.0/16'),
 IPv4Network('149.160.0.0/14'),
 IPv4Network('156.56.0.0/16'),
 IPv4Network('172.16.0.0/12'),
 IPv4Network('192.168.0.0/24'),
 IPv6Network('::/128'),
 IPv4Network('10.0.0.0/16'),
 IPv4Network('10.1.0.0/16'),
 IPv4Network('10.2.0.0/16'),
 IPv4Network('10.3.0.0/16'),
 IPv4Network('10.4.0.0/16'),
 IPv4Network('10.5.0.0/16'),
 IPv4Network('10.6.0.0/16'),
 IPv4Network('10.7.0.0/16'),
 IPv4Network('10.8.0.0/16'),
 IPv4Network('10.9.0.0/16'),
 IPv4Network('10.10.0.0/16'),
 IPv4Network('10.11.0.0/16'),
 IPv4Network('10.12.0.0/16'),
 IPv4Network('10.13.0.0/16'),
 IPv4Network('10.14.0.0/16'),
 IPv4Network('10.15.0.0/16'),
 IPv4Network('10.16.0.0/16'),
 IPv4Network('10.17.0.0/16'),
 IPv4Network('10.18.0.0/16'),
 IPv4Network('10.19.0.0/16'),
 IPv4Network('10.20.0.0/16'),
 IPv4Network('10.21.0.0/16'),
 IPv4Network('10.22.0.0/16'),
 IPv4Network('10.23.0.0/16'),
 IPv4Network('10.24.0.0/16'),
 IPv4Network('10.25.0.0/16'),
 IPv4Network('10.26.0.0/16'),
 IPv4Network('10.27.0.0/16'),
 IPv4Network('10.28.0.0/16'),
 IPv4Network('10.29.0.0/16'),
 IPv4Network('10.30.0.0/16'),
 IPv4Network('10.31.0.0/16'),
 IPv4Network('10.32.0.0/16'),
 IPv4Network('10.33.0.0/16'),
 IPv4Network('10.34.0.0/16'),
 IPv4Network('10.35.0.0/16'),
 IPv4Network('10.36.0.0/16'),
 IPv4Network('10.37.0.0/16'),
 IPv4Network('10.38.0.0/16'),
 IPv4Network('10.39.0.0/16'),
 IPv4Network('10.40.0.0/16'),
 IPv4Network('10.41.0.0/16'),
 IPv4Network('10.42.0.0/16'),
 IPv4Network('10.43.0.0/16'),
 IPv4Network('10.44.0.0/16'),
 IPv4Network('10.45.0.0/16'),
 IPv4Network('10.46.0.0/16'),
 IPv4Network('10.47.0.0/16'),
 IPv4Network('10.48.0.0/16'),
 IPv4Network('10.49.0.0/16'),
 IPv4Network('10.50.0.0/16'),
 IPv4Network('10.51.0.0/16'),
 IPv4Network('10.52.0.0/16'),
 IPv4Network('10.53.0.0/16'),
 IPv4Network('10.54.0.0/16'),
 IPv4Network('10.55.0.0/16'),
 IPv4Network('10.56.0.0/16'),
 IPv4Network('10.57.0.0/16'),
 IPv4Network('10.58.0.0/16'),
 IPv4Network('10.59.0.0/16'),
 IPv4Network('10.60.0.0/16'),
 IPv4Network('10.61.0.0/16'),
 IPv4Network('10.62.0.0/16'),
 IPv4Network('10.63.0.0/16'),
 IPv4Network('10.64.0.0/16'),
 IPv4Network('10.65.0.0/16'),
 IPv4Network('10.66.0.0/16'),
 IPv4Network('10.67.0.0/16'),
 IPv4Network('10.68.0.0/16'),
 IPv4Network('10.69.0.0/16'),
 IPv4Network('10.70.0.0/16'),
 IPv4Network('10.71.0.0/16'),
 IPv4Network('10.72.0.0/16'),
 IPv4Network('10.73.0.0/16'),
 IPv4Network('10.74.0.0/16'),
 IPv4Network('10.75.0.0/16'),
 IPv4Network('10.76.0.0/16'),
 IPv4Network('10.77.0.0/16'),
 IPv4Network('10.78.0.0/16'),
 IPv4Network('10.79.0.0/16'),
 IPv4Network('10.80.0.0/16'),
 IPv4Network('10.81.0.0/16'),
 IPv4Network('10.82.0.0/16'),
 IPv4Network('10.83.0.0/16'),
 IPv4Network('10.84.0.0/16'),
 IPv4Network('10.85.0.0/16'),
 IPv4Network('10.86.0.0/16'),
 IPv4Network('10.87.0.0/16'),
 IPv4Network('10.88.0.0/16'),
 IPv4Network('10.89.0.0/16'),
 IPv4Network('10.90.0.0/16'),
 IPv4Network('10.91.0.0/16'),
 IPv4Network('10.92.0.0/16'),
 IPv4Network('10.93.0.0/16'),
 IPv4Network('10.94.0.0/16'),
 IPv4Network('10.95.0.0/16'),
 IPv4Network('10.96.0.0/16'),
 IPv4Network('10.97.0.0/16'),
 IPv4Network('10.98.0.0/16'),
 IPv4Network('10.99.0.0/16'),
 IPv4Network('10.100.0.0/16'),
 IPv4Network('10.101.0.0/16'),
 IPv4Network('10.102.0.0/16'),
 IPv4Network('10.103.0.0/16'),
 IPv4Network('10.104.0.0/16'),
 IPv4Network('10.105.0.0/16'),
 IPv4Network('10.106.0.0/16'),
 IPv4Network('10.107.0.0/16'),
 IPv4Network('10.108.0.0/16'),
 IPv4Network('10.109.0.0/16'),
 IPv4Network('10.110.0.0/16'),
 IPv4Network('10.111.0.0/16'),
 IPv4Network('10.112.0.0/16'),
 IPv4Network('10.113.0.0/16'),
 IPv4Network('10.114.0.0/16'),
 IPv4Network('10.115.0.0/16'),
 IPv4Network('10.116.0.0/16'),
 IPv4Network('10.117.0.0/16'),
 IPv4Network('10.118.0.0/16'),
 IPv4Network('10.119.0.0/16'),
 IPv4Network('10.120.0.0/16'),
 IPv4Network('10.121.0.0/16'),
 IPv4Network('10.122.0.0/16'),
 IPv4Network('10.123.0.0/16'),
 IPv4Network('10.124.0.0/16'),
 IPv4Network('10.125.0.0/16'),
 IPv4Network('10.126.0.0/16'),
 IPv4Network('10.127.0.0/16')]
[IPv4Network('10.0.0.0/8'),
 IPv4Network('129.79.0.0/16'),
 IPv4Network('134.68.0.0/16'),
 IPv4Network('140.182.0.0/16'),
 IPv4Network('149.159.0.0/16'),
 IPv4Network('149.160.0.0/14'),
 IPv4Network('156.56.0.0/16'),
 IPv4Network('172.16.0.0/12'),
 IPv4Network('192.168.0.0/24'),
 IPv6Network('::/128'),
 IPv4Network('10.0.0.0/16'),
 IPv4Network('10.1.0.0/16'),
 IPv4Network('10.2.0.0/16'),
 IPv4Network('10.3.0.0/16'),
 IPv4Network('10.4.0.0/16'),
 IPv4Network('10.5.0.0/16'),
 IPv4Network('10.6.0.0/16'),
 IPv4Network('10.7.0.0/16'),
 IPv4Network('10.8.0.0/16'),
 IPv4Network('10.9.0.0/16'),
 IPv4Network('10.10.0.0/16'),
 IPv4Network('10.11.0.0/16'),
 IPv4Network('10.12.0.0/16'),
 IPv4Network('10.13.0.0/16'),
 IPv4Network('10.14.0.0/16'),
 IPv4Network('10.15.0.0/16'),
 IPv4Network('10.16.0.0/16'),
 IPv4Network('10.17.0.0/16'),
 IPv4Network('10.18.0.0/16'),
 IPv4Network('10.19.0.0/16'),
 IPv4Network('10.20.0.0/16'),
 IPv4Network('10.21.0.0/16'),
 IPv4Network('10.22.0.0/16'),
 IPv4Network('10.23.0.0/16'),
 IPv4Network('10.24.0.0/16'),
 IPv4Network('10.25.0.0/16'),
 IPv4Network('10.26.0.0/16'),
 IPv4Network('10.27.0.0/16'),
 IPv4Network('10.28.0.0/16'),
 IPv4Network('10.29.0.0/16'),
 IPv4Network('10.30.0.0/16'),
 IPv4Network('10.31.0.0/16'),
 IPv4Network('10.32.0.0/16'),
 IPv4Network('10.33.0.0/16'),
 IPv4Network('10.34.0.0/16'),
 IPv4Network('10.35.0.0/16'),
 IPv4Network('10.36.0.0/16'),
 IPv4Network('10.37.0.0/16'),
 IPv4Network('10.38.0.0/16'),
 IPv4Network('10.39.0.0/16'),
 IPv4Network('10.40.0.0/16'),
 IPv4Network('10.41.0.0/16'),
 IPv4Network('10.42.0.0/16'),
 IPv4Network('10.43.0.0/16'),
 IPv4Network('10.44.0.0/16'),
 IPv4Network('10.45.0.0/16'),
 IPv4Network('10.46.0.0/16'),
 IPv4Network('10.47.0.0/16'),
 IPv4Network('10.48.0.0/16'),
 IPv4Network('10.49.0.0/16'),
 IPv4Network('10.50.0.0/16'),
 IPv4Network('10.51.0.0/16'),
 IPv4Network('10.52.0.0/16'),
 IPv4Network('10.53.0.0/16'),
 IPv4Network('10.54.0.0/16'),
 IPv4Network('10.55.0.0/16'),
 IPv4Network('10.56.0.0/16'),
 IPv4Network('10.57.0.0/16'),
 IPv4Network('10.58.0.0/16'),
 IPv4Network('10.59.0.0/16'),
 IPv4Network('10.60.0.0/16'),
 IPv4Network('10.61.0.0/16'),
 IPv4Network('10.62.0.0/16'),
 IPv4Network('10.63.0.0/16'),
 IPv4Network('10.64.0.0/16'),
 IPv4Network('10.65.0.0/16'),
 IPv4Network('10.66.0.0/16'),
 IPv4Network('10.67.0.0/16'),
 IPv4Network('10.68.0.0/16'),
 IPv4Network('10.69.0.0/16'),
 IPv4Network('10.70.0.0/16'),
 IPv4Network('10.71.0.0/16'),
 IPv4Network('10.72.0.0/16'),
 IPv4Network('10.73.0.0/16'),
 IPv4Network('10.74.0.0/16'),
 IPv4Network('10.75.0.0/16'),
 IPv4Network('10.76.0.0/16'),
 IPv4Network('10.77.0.0/16'),
 IPv4Network('10.78.0.0/16'),
 IPv4Network('10.79.0.0/16'),
 IPv4Network('10.80.0.0/16'),
 IPv4Network('10.81.0.0/16'),
 IPv4Network('10.82.0.0/16'),
 IPv4Network('10.83.0.0/16'),
 IPv4Network('10.84.0.0/16'),
 IPv4Network('10.85.0.0/16'),
 IPv4Network('10.86.0.0/16'),
 IPv4Network('10.87.0.0/16'),
 IPv4Network('10.88.0.0/16'),
 IPv4Network('10.89.0.0/16'),
 IPv4Network('10.90.0.0/16'),
 IPv4Network('10.91.0.0/16'),
 IPv4Network('10.92.0.0/16'),
 IPv4Network('10.93.0.0/16'),
 IPv4Network('10.94.0.0/16'),
 IPv4Network('10.95.0.0/16'),
 IPv4Network('10.96.0.0/16'),
 IPv4Network('10.97.0.0/16'),
 IPv4Network('10.98.0.0/16'),
 IPv4Network('10.99.0.0/16'),
 IPv4Network('10.100.0.0/16'),
 IPv4Network('10.101.0.0/16'),
 IPv4Network('10.102.0.0/16'),
 IPv4Network('10.103.0.0/16'),
 IPv4Network('10.104.0.0/16'),
 IPv4Network('10.105.0.0/16'),
 IPv4Network('10.106.0.0/16'),
 IPv4Network('10.107.0.0/16'),
 IPv4Network('10.108.0.0/16'),
 IPv4Network('10.109.0.0/16'),
 IPv4Network('10.110.0.0/16'),
 IPv4Network('10.111.0.0/16'),
 IPv4Network('10.112.0.0/16'),
 IPv4Network('10.113.0.0/16'),
 IPv4Network('10.114.0.0/16'),
 IPv4Network('10.115.0.0/16'),
 IPv4Network('10.116.0.0/16'),
 IPv4Network('10.117.0.0/16'),
 IPv4Network('10.118.0.0/16'),
 IPv4Network('10.119.0.0/16'),
 IPv4Network('10.120.0.0/16'),
 IPv4Network('10.121.0.0/16'),
 IPv4Network('10.122.0.0/16'),
 IPv4Network('10.123.0.0/16'),
 IPv4Network('10.124.0.0/16'),
 IPv4Network('10.125.0.0/16'),
 IPv4Network('10.126.0.0/16'),
 IPv4Network('10.127.0.0/16')]
[IPv4Network('10.0.0.0/8'),
 IPv4Network('129.79.0.0/16'),
 IPv4Network('134.68.0.0/16'),
 IPv4Network('140.182.0.0/16'),
 IPv4Network('149.159.0.0/16'),
 IPv4Network('149.160.0.0/14'),
 IPv4Network('156.56.0.0/16'),
 IPv4Network('172.16.0.0/12'),
 IPv4Network('192.168.0.0/24'),
 IPv6Network('::/128'),
 IPv4Network('10.0.0.0/16'),
 IPv4Network('10.1.0.0/16'),
 IPv4Network('10.2.0.0/16'),
 IPv4Network('10.3.0.0/16'),
 IPv4Network('10.4.0.0/16'),
 IPv4Network('10.5.0.0/16'),
 IPv4Network('10.6.0.0/16'),
 IPv4Network('10.7.0.0/16'),
 IPv4Network('10.8.0.0/16'),
 IPv4Network('10.9.0.0/16'),
 IPv4Network('10.10.0.0/16'),
 IPv4Network('10.11.0.0/16'),
 IPv4Network('10.12.0.0/16'),
 IPv4Network('10.13.0.0/16'),
 IPv4Network('10.14.0.0/16'),
 IPv4Network('10.15.0.0/16'),
 IPv4Network('10.16.0.0/16'),
 IPv4Network('10.17.0.0/16'),
 IPv4Network('10.18.0.0/16'),
 IPv4Network('10.19.0.0/16'),
 IPv4Network('10.20.0.0/16'),
 IPv4Network('10.21.0.0/16'),
 IPv4Network('10.22.0.0/16'),
 IPv4Network('10.23.0.0/16'),
 IPv4Network('10.24.0.0/16'),
 IPv4Network('10.25.0.0/16'),
 IPv4Network('10.26.0.0/16'),
 IPv4Network('10.27.0.0/16'),
 IPv4Network('10.28.0.0/16'),
 IPv4Network('10.29.0.0/16'),
 IPv4Network('10.30.0.0/16'),
 IPv4Network('10.31.0.0/16'),
 IPv4Network('10.32.0.0/16'),
 IPv4Network('10.33.0.0/16'),
 IPv4Network('10.34.0.0/16'),
 IPv4Network('10.35.0.0/16'),
 IPv4Network('10.36.0.0/16'),
 IPv4Network('10.37.0.0/16'),
 IPv4Network('10.38.0.0/16'),
 IPv4Network('10.39.0.0/16'),
 IPv4Network('10.40.0.0/16'),
 IPv4Network('10.41.0.0/16'),
 IPv4Network('10.42.0.0/16'),
 IPv4Network('10.43.0.0/16'),
 IPv4Network('10.44.0.0/16'),
 IPv4Network('10.45.0.0/16'),
 IPv4Network('10.46.0.0/16'),
 IPv4Network('10.47.0.0/16'),
 IPv4Network('10.48.0.0/16'),
 IPv4Network('10.49.0.0/16'),
 IPv4Network('10.50.0.0/16'),
 IPv4Network('10.51.0.0/16'),
 IPv4Network('10.52.0.0/16'),
 IPv4Network('10.53.0.0/16'),
 IPv4Network('10.54.0.0/16'),
 IPv4Network('10.55.0.0/16'),
 IPv4Network('10.56.0.0/16'),
 IPv4Network('10.57.0.0/16'),
 IPv4Network('10.58.0.0/16'),
 IPv4Network('10.59.0.0/16'),
 IPv4Network('10.60.0.0/16'),
 IPv4Network('10.61.0.0/16'),
 IPv4Network('10.62.0.0/16'),
 IPv4Network('10.63.0.0/16'),
 IPv4Network('10.64.0.0/16'),
 IPv4Network('10.65.0.0/16'),
 IPv4Network('10.66.0.0/16'),
 IPv4Network('10.67.0.0/16'),
 IPv4Network('10.68.0.0/16'),
 IPv4Network('10.69.0.0/16'),
 IPv4Network('10.70.0.0/16'),
 IPv4Network('10.71.0.0/16'),
 IPv4Network('10.72.0.0/16'),
 IPv4Network('10.73.0.0/16'),
 IPv4Network('10.74.0.0/16'),
 IPv4Network('10.75.0.0/16'),
 IPv4Network('10.76.0.0/16'),
 IPv4Network('10.77.0.0/16'),
 IPv4Network('10.78.0.0/16'),
 IPv4Network('10.79.0.0/16'),
 IPv4Network('10.80.0.0/16'),
 IPv4Network('10.81.0.0/16'),
 IPv4Network('10.82.0.0/16'),
 IPv4Network('10.83.0.0/16'),
 IPv4Network('10.84.0.0/16'),
 IPv4Network('10.85.0.0/16'),
 IPv4Network('10.86.0.0/16'),
 IPv4Network('10.87.0.0/16'),
 IPv4Network('10.88.0.0/16'),
 IPv4Network('10.89.0.0/16'),
 IPv4Network('10.90.0.0/16'),
 IPv4Network('10.91.0.0/16'),
 IPv4Network('10.92.0.0/16'),
 IPv4Network('10.93.0.0/16'),
 IPv4Network('10.94.0.0/16'),
 IPv4Network('10.95.0.0/16'),
 IPv4Network('10.96.0.0/16'),
 IPv4Network('10.97.0.0/16'),
 IPv4Network('10.98.0.0/16'),
 IPv4Network('10.99.0.0/16'),
 IPv4Network('10.100.0.0/16'),
 IPv4Network('10.101.0.0/16'),
 IPv4Network('10.102.0.0/16'),
 IPv4Network('10.103.0.0/16'),
 IPv4Network('10.104.0.0/16'),
 IPv4Network('10.105.0.0/16'),
 IPv4Network('10.106.0.0/16'),
 IPv4Network('10.107.0.0/16'),
 IPv4Network('10.108.0.0/16'),
 IPv4Network('10.109.0.0/16'),
 IPv4Network('10.110.0.0/16'),
 IPv4Network('10.111.0.0/16'),
 IPv4Network('10.112.0.0/16'),
 IPv4Network('10.113.0.0/16'),
 IPv4Network('10.114.0.0/16'),
 IPv4Network('10.115.0.0/16'),
 IPv4Network('10.116.0.0/16'),
 IPv4Network('10.117.0.0/16'),
 IPv4Network('10.118.0.0/16'),
 IPv4Network('10.119.0.0/16'),
 IPv4Network('10.120.0.0/16'),
 IPv4Network('10.121.0.0/16'),
 IPv4Network('10.122.0.0/16'),
 IPv4Network('10.123.0.0/16'),
 IPv4Network('10.124.0.0/16'),
 IPv4Network('10.125.0.0/16'),
 IPv4Network('10.126.0.0/16'),
 IPv4Network('10.127.0.0/16'),
 IPv4Network('10.128.0.0/16'),
 IPv4Network('10.129.0.0/16')]
[IPv4Network('10.0.0.0/8'),
 IPv4Network('129.79.0.0/16'),
 IPv4Network('134.68.0.0/16'),
 IPv4Network('140.182.0.0/16'),
 IPv4Network('149.159.0.0/16'),
 IPv4Network('149.160.0.0/14'),
 IPv4Network('156.56.0.0/16'),
 IPv4Network('172.16.0.0/12'),
 IPv4Network('192.168.0.0/24'),
 IPv6Network('::/128'),
 IPv4Network('10.0.0.0/16'),
 IPv4Network('10.1.0.0/16'),
 IPv4Network('10.2.0.0/16'),
 IPv4Network('10.3.0.0/16'),
 IPv4Network('10.4.0.0/16'),
 IPv4Network('10.5.0.0/16'),
 IPv4Network('10.6.0.0/16'),
 IPv4Network('10.7.0.0/16'),
 IPv4Network('10.8.0.0/16'),
 IPv4Network('10.9.0.0/16'),
 IPv4Network('10.10.0.0/16'),
 IPv4Network('10.11.0.0/16'),
 IPv4Network('10.12.0.0/16'),
 IPv4Network('10.13.0.0/16'),
 IPv4Network('10.14.0.0/16'),
 IPv4Network('10.15.0.0/16'),
 IPv4Network('10.16.0.0/16'),
 IPv4Network('10.17.0.0/16'),
 IPv4Network('10.18.0.0/16'),
 IPv4Network('10.19.0.0/16'),
 IPv4Network('10.20.0.0/16'),
 IPv4Network('10.21.0.0/16'),
 IPv4Network('10.22.0.0/16'),
 IPv4Network('10.23.0.0/16'),
 IPv4Network('10.24.0.0/16'),
 IPv4Network('10.25.0.0/16'),
 IPv4Network('10.26.0.0/16'),
 IPv4Network('10.27.0.0/16'),
 IPv4Network('10.28.0.0/16'),
 IPv4Network('10.29.0.0/16'),
 IPv4Network('10.30.0.0/16'),
 IPv4Network('10.31.0.0/16'),
 IPv4Network('10.32.0.0/16'),
 IPv4Network('10.33.0.0/16'),
 IPv4Network('10.34.0.0/16'),
 IPv4Network('10.35.0.0/16'),
 IPv4Network('10.36.0.0/16'),
 IPv4Network('10.37.0.0/16'),
 IPv4Network('10.38.0.0/16'),
 IPv4Network('10.39.0.0/16'),
 IPv4Network('10.40.0.0/16'),
 IPv4Network('10.41.0.0/16'),
 IPv4Network('10.42.0.0/16'),
 IPv4Network('10.43.0.0/16'),
 IPv4Network('10.44.0.0/16'),
 IPv4Network('10.45.0.0/16'),
 IPv4Network('10.46.0.0/16'),
 IPv4Network('10.47.0.0/16'),
 IPv4Network('10.48.0.0/16'),
 IPv4Network('10.49.0.0/16'),
 IPv4Network('10.50.0.0/16'),
 IPv4Network('10.51.0.0/16'),
 IPv4Network('10.52.0.0/16'),
 IPv4Network('10.53.0.0/16'),
 IPv4Network('10.54.0.0/16'),
 IPv4Network('10.55.0.0/16'),
 IPv4Network('10.56.0.0/16'),
 IPv4Network('10.57.0.0/16'),
 IPv4Network('10.58.0.0/16'),
 IPv4Network('10.59.0.0/16'),
 IPv4Network('10.60.0.0/16'),
 IPv4Network('10.61.0.0/16'),
 IPv4Network('10.62.0.0/16'),
 IPv4Network('10.63.0.0/16'),
 IPv4Network('10.64.0.0/16'),
 IPv4Network('10.65.0.0/16'),
 IPv4Network('10.66.0.0/16'),
 IPv4Network('10.67.0.0/16'),
 IPv4Network('10.68.0.0/16'),
 IPv4Network('10.69.0.0/16'),
 IPv4Network('10.70.0.0/16'),
 IPv4Network('10.71.0.0/16'),
 IPv4Network('10.72.0.0/16'),
 IPv4Network('10.73.0.0/16'),
 IPv4Network('10.74.0.0/16'),
 IPv4Network('10.75.0.0/16'),
 IPv4Network('10.76.0.0/16'),
 IPv4Network('10.77.0.0/16'),
 IPv4Network('10.78.0.0/16'),
 IPv4Network('10.79.0.0/16'),
 IPv4Network('10.80.0.0/16'),
 IPv4Network('10.81.0.0/16'),
 IPv4Network('10.82.0.0/16'),
 IPv4Network('10.83.0.0/16'),
 IPv4Network('10.84.0.0/16'),
 IPv4Network('10.85.0.0/16'),
 IPv4Network('10.86.0.0/16'),
 IPv4Network('10.87.0.0/16'),
 IPv4Network('10.88.0.0/16'),
 IPv4Network('10.89.0.0/16'),
 IPv4Network('10.90.0.0/16'),
 IPv4Network('10.91.0.0/16'),
 IPv4Network('10.92.0.0/16'),
 IPv4Network('10.93.0.0/16'),
 IPv4Network('10.94.0.0/16'),
 IPv4Network('10.95.0.0/16'),
 IPv4Network('10.96.0.0/16'),
 IPv4Network('10.97.0.0/16'),
 IPv4Network('10.98.0.0/16'),
 IPv4Network('10.99.0.0/16'),
 IPv4Network('10.100.0.0/16'),
 IPv4Network('10.101.0.0/16'),
 IPv4Network('10.102.0.0/16'),
 IPv4Network('10.103.0.0/16'),
 IPv4Network('10.104.0.0/16'),
 IPv4Network('10.105.0.0/16'),
 IPv4Network('10.106.0.0/16'),
 IPv4Network('10.107.0.0/16'),
 IPv4Network('10.108.0.0/16'),
 IPv4Network('10.109.0.0/16'),
 IPv4Network('10.110.0.0/16'),
 IPv4Network('10.111.0.0/16'),
 IPv4Network('10.112.0.0/16'),
 IPv4Network('10.113.0.0/16'),
 IPv4Network('10.114.0.0/16'),
 IPv4Network('10.115.0.0/16'),
 IPv4Network('10.116.0.0/16'),
 IPv4Network('10.117.0.0/16'),
 IPv4Network('10.118.0.0/16'),
 IPv4Network('10.119.0.0/16'),
 IPv4Network('10.120.0.0/16'),
 IPv4Network('10.121.0.0/16'),
 IPv4Network('10.122.0.0/16'),
 IPv4Network('10.123.0.0/16'),
 IPv4Network('10.124.0.0/16'),
 IPv4Network('10.125.0.0/16'),
 IPv4Network('10.126.0.0/16'),
 IPv4Network('10.127.0.0/16'),
 IPv4Network('10.128.0.0/16'),
 IPv4Network('10.129.0.0/16'),
 IPv4Network('10.130.0.0/16'),
 IPv4Network('10.131.0.0/16')]
[IPv4Network('10.0.0.0/8'),
 IPv4Network('129.79.0.0/16'),
 IPv4Network('134.68.0.0/16'),
 IPv4Network('140.182.0.0/16'),
 IPv4Network('149.159.0.0/16'),
 IPv4Network('149.160.0.0/14'),
 IPv4Network('156.56.0.0/16'),
 IPv4Network('172.16.0.0/12'),
 IPv4Network('192.168.0.0/24'),
 IPv6Network('::/128'),
 IPv4Network('10.0.0.0/16'),
 IPv4Network('10.1.0.0/16'),
 IPv4Network('10.2.0.0/16'),
 IPv4Network('10.3.0.0/16'),
 IPv4Network('10.4.0.0/16'),
 IPv4Network('10.5.0.0/16'),
 IPv4Network('10.6.0.0/16'),
 IPv4Network('10.7.0.0/16'),
 IPv4Network('10.8.0.0/16'),
 IPv4Network('10.9.0.0/16'),
 IPv4Network('10.10.0.0/16'),
 IPv4Network('10.11.0.0/16'),
 IPv4Network('10.12.0.0/16'),
 IPv4Network('10.13.0.0/16'),
 IPv4Network('10.14.0.0/16'),
 IPv4Network('10.15.0.0/16'),
 IPv4Network('10.16.0.0/16'),
 IPv4Network('10.17.0.0/16'),
 IPv4Network('10.18.0.0/16'),
 IPv4Network('10.19.0.0/16'),
 IPv4Network('10.20.0.0/16'),
 IPv4Network('10.21.0.0/16'),
 IPv4Network('10.22.0.0/16'),
 IPv4Network('10.23.0.0/16'),
 IPv4Network('10.24.0.0/16'),
 IPv4Network('10.25.0.0/16'),
 IPv4Network('10.26.0.0/16'),
 IPv4Network('10.27.0.0/16'),
 IPv4Network('10.28.0.0/16'),
 IPv4Network('10.29.0.0/16'),
 IPv4Network('10.30.0.0/16'),
 IPv4Network('10.31.0.0/16'),
 IPv4Network('10.32.0.0/16'),
 IPv4Network('10.33.0.0/16'),
 IPv4Network('10.34.0.0/16'),
 IPv4Network('10.35.0.0/16'),
 IPv4Network('10.36.0.0/16'),
 IPv4Network('10.37.0.0/16'),
 IPv4Network('10.38.0.0/16'),
 IPv4Network('10.39.0.0/16'),
 IPv4Network('10.40.0.0/16'),
 IPv4Network('10.41.0.0/16'),
 IPv4Network('10.42.0.0/16'),
 IPv4Network('10.43.0.0/16'),
 IPv4Network('10.44.0.0/16'),
 IPv4Network('10.45.0.0/16'),
 IPv4Network('10.46.0.0/16'),
 IPv4Network('10.47.0.0/16'),
 IPv4Network('10.48.0.0/16'),
 IPv4Network('10.49.0.0/16'),
 IPv4Network('10.50.0.0/16'),
 IPv4Network('10.51.0.0/16'),
 IPv4Network('10.52.0.0/16'),
 IPv4Network('10.53.0.0/16'),
 IPv4Network('10.54.0.0/16'),
 IPv4Network('10.55.0.0/16'),
 IPv4Network('10.56.0.0/16'),
 IPv4Network('10.57.0.0/16'),
 IPv4Network('10.58.0.0/16'),
 IPv4Network('10.59.0.0/16'),
 IPv4Network('10.60.0.0/16'),
 IPv4Network('10.61.0.0/16'),
 IPv4Network('10.62.0.0/16'),
 IPv4Network('10.63.0.0/16'),
 IPv4Network('10.64.0.0/16'),
 IPv4Network('10.65.0.0/16'),
 IPv4Network('10.66.0.0/16'),
 IPv4Network('10.67.0.0/16'),
 IPv4Network('10.68.0.0/16'),
 IPv4Network('10.69.0.0/16'),
 IPv4Network('10.70.0.0/16'),
 IPv4Network('10.71.0.0/16'),
 IPv4Network('10.72.0.0/16'),
 IPv4Network('10.73.0.0/16'),
 IPv4Network('10.74.0.0/16'),
 IPv4Network('10.75.0.0/16'),
 IPv4Network('10.76.0.0/16'),
 IPv4Network('10.77.0.0/16'),
 IPv4Network('10.78.0.0/16'),
 IPv4Network('10.79.0.0/16'),
 IPv4Network('10.80.0.0/16'),
 IPv4Network('10.81.0.0/16'),
 IPv4Network('10.82.0.0/16'),
 IPv4Network('10.83.0.0/16'),
 IPv4Network('10.84.0.0/16'),
 IPv4Network('10.85.0.0/16'),
 IPv4Network('10.86.0.0/16'),
 IPv4Network('10.87.0.0/16'),
 IPv4Network('10.88.0.0/16'),
 IPv4Network('10.89.0.0/16'),
 IPv4Network('10.90.0.0/16'),
 IPv4Network('10.91.0.0/16'),
 IPv4Network('10.92.0.0/16'),
 IPv4Network('10.93.0.0/16'),
 IPv4Network('10.94.0.0/16'),
 IPv4Network('10.95.0.0/16'),
 IPv4Network('10.96.0.0/16'),
 IPv4Network('10.97.0.0/16'),
 IPv4Network('10.98.0.0/16'),
 IPv4Network('10.99.0.0/16'),
 IPv4Network('10.100.0.0/16'),
 IPv4Network('10.101.0.0/16'),
 IPv4Network('10.102.0.0/16'),
 IPv4Network('10.103.0.0/16'),
 IPv4Network('10.104.0.0/16'),
 IPv4Network('10.105.0.0/16'),
 IPv4Network('10.106.0.0/16'),
 IPv4Network('10.107.0.0/16'),
 IPv4Network('10.108.0.0/16'),
 IPv4Network('10.109.0.0/16'),
 IPv4Network('10.110.0.0/16'),
 IPv4Network('10.111.0.0/16'),
 IPv4Network('10.112.0.0/16'),
 IPv4Network('10.113.0.0/16'),
 IPv4Network('10.114.0.0/16'),
 IPv4Network('10.115.0.0/16'),
 IPv4Network('10.116.0.0/16'),
 IPv4Network('10.117.0.0/16'),
 IPv4Network('10.118.0.0/16'),
 IPv4Network('10.119.0.0/16'),
 IPv4Network('10.120.0.0/16'),
 IPv4Network('10.121.0.0/16'),
 IPv4Network('10.122.0.0/16'),
 IPv4Network('10.123.0.0/16'),
 IPv4Network('10.124.0.0/16'),
 IPv4Network('10.125.0.0/16'),
 IPv4Network('10.126.0.0/16'),
 IPv4Network('10.127.0.0/16'),
 IPv4Network('10.128.0.0/16'),
 IPv4Network('10.129.0.0/16'),
 IPv4Network('10.130.0.0/16'),
 IPv4Network('10.131.0.0/16')]
[IPv4Network('10.0.0.0/8'),
 IPv4Network('129.79.0.0/16'),
 IPv4Network('134.68.0.0/16'),
 IPv4Network('140.182.0.0/16'),
 IPv4Network('149.159.0.0/16'),
 IPv4Network('149.160.0.0/14'),
 IPv4Network('156.56.0.0/16'),
 IPv4Network('172.16.0.0/12'),
 IPv4Network('192.168.0.0/24'),
 IPv6Network('::/128'),
 IPv4Network('10.0.0.0/16'),
 IPv4Network('10.1.0.0/16'),
 IPv4Network('10.2.0.0/16'),
 IPv4Network('10.3.0.0/16'),
 IPv4Network('10.4.0.0/16'),
 IPv4Network('10.5.0.0/16'),
 IPv4Network('10.6.0.0/16'),
 IPv4Network('10.7.0.0/16'),
 IPv4Network('10.8.0.0/16'),
 IPv4Network('10.9.0.0/16'),
 IPv4Network('10.10.0.0/16'),
 IPv4Network('10.11.0.0/16'),
 IPv4Network('10.12.0.0/16'),
 IPv4Network('10.13.0.0/16'),
 IPv4Network('10.14.0.0/16'),
 IPv4Network('10.15.0.0/16'),
 IPv4Network('10.16.0.0/16'),
 IPv4Network('10.17.0.0/16'),
 IPv4Network('10.18.0.0/16'),
 IPv4Network('10.19.0.0/16'),
 IPv4Network('10.20.0.0/16'),
 IPv4Network('10.21.0.0/16'),
 IPv4Network('10.22.0.0/16'),
 IPv4Network('10.23.0.0/16'),
 IPv4Network('10.24.0.0/16'),
 IPv4Network('10.25.0.0/16'),
 IPv4Network('10.26.0.0/16'),
 IPv4Network('10.27.0.0/16'),
 IPv4Network('10.28.0.0/16'),
 IPv4Network('10.29.0.0/16'),
 IPv4Network('10.30.0.0/16'),
 IPv4Network('10.31.0.0/16'),
 IPv4Network('10.32.0.0/16'),
 IPv4Network('10.33.0.0/16'),
 IPv4Network('10.34.0.0/16'),
 IPv4Network('10.35.0.0/16'),
 IPv4Network('10.36.0.0/16'),
 IPv4Network('10.37.0.0/16'),
 IPv4Network('10.38.0.0/16'),
 IPv4Network('10.39.0.0/16'),
 IPv4Network('10.40.0.0/16'),
 IPv4Network('10.41.0.0/16'),
 IPv4Network('10.42.0.0/16'),
 IPv4Network('10.43.0.0/16'),
 IPv4Network('10.44.0.0/16'),
 IPv4Network('10.45.0.0/16'),
 IPv4Network('10.46.0.0/16'),
 IPv4Network('10.47.0.0/16'),
 IPv4Network('10.48.0.0/16'),
 IPv4Network('10.49.0.0/16'),
 IPv4Network('10.50.0.0/16'),
 IPv4Network('10.51.0.0/16'),
 IPv4Network('10.52.0.0/16'),
 IPv4Network('10.53.0.0/16'),
 IPv4Network('10.54.0.0/16'),
 IPv4Network('10.55.0.0/16'),
 IPv4Network('10.56.0.0/16'),
 IPv4Network('10.57.0.0/16'),
 IPv4Network('10.58.0.0/16'),
 IPv4Network('10.59.0.0/16'),
 IPv4Network('10.60.0.0/16'),
 IPv4Network('10.61.0.0/16'),
 IPv4Network('10.62.0.0/16'),
 IPv4Network('10.63.0.0/16'),
 IPv4Network('10.64.0.0/16'),
 IPv4Network('10.65.0.0/16'),
 IPv4Network('10.66.0.0/16'),
 IPv4Network('10.67.0.0/16'),
 IPv4Network('10.68.0.0/16'),
 IPv4Network('10.69.0.0/16'),
 IPv4Network('10.70.0.0/16'),
 IPv4Network('10.71.0.0/16'),
 IPv4Network('10.72.0.0/16'),
 IPv4Network('10.73.0.0/16'),
 IPv4Network('10.74.0.0/16'),
 IPv4Network('10.75.0.0/16'),
 IPv4Network('10.76.0.0/16'),
 IPv4Network('10.77.0.0/16'),
 IPv4Network('10.78.0.0/16'),
 IPv4Network('10.79.0.0/16'),
 IPv4Network('10.80.0.0/16'),
 IPv4Network('10.81.0.0/16'),
 IPv4Network('10.82.0.0/16'),
 IPv4Network('10.83.0.0/16'),
 IPv4Network('10.84.0.0/16'),
 IPv4Network('10.85.0.0/16'),
 IPv4Network('10.86.0.0/16'),
 IPv4Network('10.87.0.0/16'),
 IPv4Network('10.88.0.0/16'),
 IPv4Network('10.89.0.0/16'),
 IPv4Network('10.90.0.0/16'),
 IPv4Network('10.91.0.0/16'),
 IPv4Network('10.92.0.0/16'),
 IPv4Network('10.93.0.0/16'),
 IPv4Network('10.94.0.0/16'),
 IPv4Network('10.95.0.0/16'),
 IPv4Network('10.96.0.0/16'),
 IPv4Network('10.97.0.0/16'),
 IPv4Network('10.98.0.0/16'),
 IPv4Network('10.99.0.0/16'),
 IPv4Network('10.100.0.0/16'),
 IPv4Network('10.101.0.0/16'),
 IPv4Network('10.102.0.0/16'),
 IPv4Network('10.103.0.0/16'),
 IPv4Network('10.104.0.0/16'),
 IPv4Network('10.105.0.0/16'),
 IPv4Network('10.106.0.0/16'),
 IPv4Network('10.107.0.0/16'),
 IPv4Network('10.108.0.0/16'),
 IPv4Network('10.109.0.0/16'),
 IPv4Network('10.110.0.0/16'),
 IPv4Network('10.111.0.0/16'),
 IPv4Network('10.112.0.0/16'),
 IPv4Network('10.113.0.0/16'),
 IPv4Network('10.114.0.0/16'),
 IPv4Network('10.115.0.0/16'),
 IPv4Network('10.116.0.0/16'),
 IPv4Network('10.117.0.0/16'),
 IPv4Network('10.118.0.0/16'),
 IPv4Network('10.119.0.0/16'),
 IPv4Network('10.120.0.0/16'),
 IPv4Network('10.121.0.0/16'),
 IPv4Network('10.122.0.0/16'),
 IPv4Network('10.123.0.0/16'),
 IPv4Network('10.124.0.0/16'),
 IPv4Network('10.125.0.0/16'),
 IPv4Network('10.126.0.0/16'),
 IPv4Network('10.127.0.0/16'),
 IPv4Network('10.128.0.0/16'),
 IPv4Network('10.129.0.0/16'),
 IPv4Network('10.130.0.0/16'),
 IPv4Network('10.131.0.0/16'),
 IPv4Network('10.132.0.0/16'),
 IPv4Network('10.133.0.0/16')]
[IPv4Network('10.0.0.0/8'),
 IPv4Network('129.79.0.0/16'),
 IPv4Network('134.68.0.0/16'),
 IPv4Network('140.182.0.0/16'),
 IPv4Network('149.159.0.0/16'),
 IPv4Network('149.160.0.0/14'),
 IPv4Network('156.56.0.0/16'),
 IPv4Network('172.16.0.0/12'),
 IPv4Network('192.168.0.0/24'),
 IPv6Network('::/128'),
 IPv4Network('10.0.0.0/16'),
 IPv4Network('10.1.0.0/16'),
 IPv4Network('10.2.0.0/16'),
 IPv4Network('10.3.0.0/16'),
 IPv4Network('10.4.0.0/16'),
 IPv4Network('10.5.0.0/16'),
 IPv4Network('10.6.0.0/16'),
 IPv4Network('10.7.0.0/16'),
 IPv4Network('10.8.0.0/16'),
 IPv4Network('10.9.0.0/16'),
 IPv4Network('10.10.0.0/16'),
 IPv4Network('10.11.0.0/16'),
 IPv4Network('10.12.0.0/16'),
 IPv4Network('10.13.0.0/16'),
 IPv4Network('10.14.0.0/16'),
 IPv4Network('10.15.0.0/16'),
 IPv4Network('10.16.0.0/16'),
 IPv4Network('10.17.0.0/16'),
 IPv4Network('10.18.0.0/16'),
 IPv4Network('10.19.0.0/16'),
 IPv4Network('10.20.0.0/16'),
 IPv4Network('10.21.0.0/16'),
 IPv4Network('10.22.0.0/16'),
 IPv4Network('10.23.0.0/16'),
 IPv4Network('10.24.0.0/16'),
 IPv4Network('10.25.0.0/16'),
 IPv4Network('10.26.0.0/16'),
 IPv4Network('10.27.0.0/16'),
 IPv4Network('10.28.0.0/16'),
 IPv4Network('10.29.0.0/16'),
 IPv4Network('10.30.0.0/16'),
 IPv4Network('10.31.0.0/16'),
 IPv4Network('10.32.0.0/16'),
 IPv4Network('10.33.0.0/16'),
 IPv4Network('10.34.0.0/16'),
 IPv4Network('10.35.0.0/16'),
 IPv4Network('10.36.0.0/16'),
 IPv4Network('10.37.0.0/16'),
 IPv4Network('10.38.0.0/16'),
 IPv4Network('10.39.0.0/16'),
 IPv4Network('10.40.0.0/16'),
 IPv4Network('10.41.0.0/16'),
 IPv4Network('10.42.0.0/16'),
 IPv4Network('10.43.0.0/16'),
 IPv4Network('10.44.0.0/16'),
 IPv4Network('10.45.0.0/16'),
 IPv4Network('10.46.0.0/16'),
 IPv4Network('10.47.0.0/16'),
 IPv4Network('10.48.0.0/16'),
 IPv4Network('10.49.0.0/16'),
 IPv4Network('10.50.0.0/16'),
 IPv4Network('10.51.0.0/16'),
 IPv4Network('10.52.0.0/16'),
 IPv4Network('10.53.0.0/16'),
 IPv4Network('10.54.0.0/16'),
 IPv4Network('10.55.0.0/16'),
 IPv4Network('10.56.0.0/16'),
 IPv4Network('10.57.0.0/16'),
 IPv4Network('10.58.0.0/16'),
 IPv4Network('10.59.0.0/16'),
 IPv4Network('10.60.0.0/16'),
 IPv4Network('10.61.0.0/16'),
 IPv4Network('10.62.0.0/16'),
 IPv4Network('10.63.0.0/16'),
 IPv4Network('10.64.0.0/16'),
 IPv4Network('10.65.0.0/16'),
 IPv4Network('10.66.0.0/16'),
 IPv4Network('10.67.0.0/16'),
 IPv4Network('10.68.0.0/16'),
 IPv4Network('10.69.0.0/16'),
 IPv4Network('10.70.0.0/16'),
 IPv4Network('10.71.0.0/16'),
 IPv4Network('10.72.0.0/16'),
 IPv4Network('10.73.0.0/16'),
 IPv4Network('10.74.0.0/16'),
 IPv4Network('10.75.0.0/16'),
 IPv4Network('10.76.0.0/16'),
 IPv4Network('10.77.0.0/16'),
 IPv4Network('10.78.0.0/16'),
 IPv4Network('10.79.0.0/16'),
 IPv4Network('10.80.0.0/16'),
 IPv4Network('10.81.0.0/16'),
 IPv4Network('10.82.0.0/16'),
 IPv4Network('10.83.0.0/16'),
 IPv4Network('10.84.0.0/16'),
 IPv4Network('10.85.0.0/16'),
 IPv4Network('10.86.0.0/16'),
 IPv4Network('10.87.0.0/16'),
 IPv4Network('10.88.0.0/16'),
 IPv4Network('10.89.0.0/16'),
 IPv4Network('10.90.0.0/16'),
 IPv4Network('10.91.0.0/16'),
 IPv4Network('10.92.0.0/16'),
 IPv4Network('10.93.0.0/16'),
 IPv4Network('10.94.0.0/16'),
 IPv4Network('10.95.0.0/16'),
 IPv4Network('10.96.0.0/16'),
 IPv4Network('10.97.0.0/16'),
 IPv4Network('10.98.0.0/16'),
 IPv4Network('10.99.0.0/16'),
 IPv4Network('10.100.0.0/16'),
 IPv4Network('10.101.0.0/16'),
 IPv4Network('10.102.0.0/16'),
 IPv4Network('10.103.0.0/16'),
 IPv4Network('10.104.0.0/16'),
 IPv4Network('10.105.0.0/16'),
 IPv4Network('10.106.0.0/16'),
 IPv4Network('10.107.0.0/16'),
 IPv4Network('10.108.0.0/16'),
 IPv4Network('10.109.0.0/16'),
 IPv4Network('10.110.0.0/16'),
 IPv4Network('10.111.0.0/16'),
 IPv4Network('10.112.0.0/16'),
 IPv4Network('10.113.0.0/16'),
 IPv4Network('10.114.0.0/16'),
 IPv4Network('10.115.0.0/16'),
 IPv4Network('10.116.0.0/16'),
 IPv4Network('10.117.0.0/16'),
 IPv4Network('10.118.0.0/16'),
 IPv4Network('10.119.0.0/16'),
 IPv4Network('10.120.0.0/16'),
 IPv4Network('10.121.0.0/16'),
 IPv4Network('10.122.0.0/16'),
 IPv4Network('10.123.0.0/16'),
 IPv4Network('10.124.0.0/16'),
 IPv4Network('10.125.0.0/16'),
 IPv4Network('10.126.0.0/16'),
 IPv4Network('10.127.0.0/16'),
 IPv4Network('10.128.0.0/16'),
 IPv4Network('10.129.0.0/16'),
 IPv4Network('10.130.0.0/16'),
 IPv4Network('10.131.0.0/16'),
 IPv4Network('10.132.0.0/16'),
 IPv4Network('10.133.0.0/16'),
 IPv4Network('10.134.0.0/16'),
 IPv4Network('10.135.0.0/16')]
[IPv4Network('10.0.0.0/8'),
 IPv4Network('129.79.0.0/16'),
 IPv4Network('134.68.0.0/16'),
 IPv4Network('140.182.0.0/16'),
 IPv4Network('149.159.0.0/16'),
 IPv4Network('149.160.0.0/14'),
 IPv4Network('156.56.0.0/16'),
 IPv4Network('172.16.0.0/12'),
 IPv4Network('192.168.0.0/24'),
 IPv6Network('::/128'),
 IPv4Network('10.0.0.0/16'),
 IPv4Network('10.1.0.0/16'),
 IPv4Network('10.2.0.0/16'),
 IPv4Network('10.3.0.0/16'),
 IPv4Network('10.4.0.0/16'),
 IPv4Network('10.5.0.0/16'),
 IPv4Network('10.6.0.0/16'),
 IPv4Network('10.7.0.0/16'),
 IPv4Network('10.8.0.0/16'),
 IPv4Network('10.9.0.0/16'),
 IPv4Network('10.10.0.0/16'),
 IPv4Network('10.11.0.0/16'),
 IPv4Network('10.12.0.0/16'),
 IPv4Network('10.13.0.0/16'),
 IPv4Network('10.14.0.0/16'),
 IPv4Network('10.15.0.0/16'),
 IPv4Network('10.16.0.0/16'),
 IPv4Network('10.17.0.0/16'),
 IPv4Network('10.18.0.0/16'),
 IPv4Network('10.19.0.0/16'),
 IPv4Network('10.20.0.0/16'),
 IPv4Network('10.21.0.0/16'),
 IPv4Network('10.22.0.0/16'),
 IPv4Network('10.23.0.0/16'),
 IPv4Network('10.24.0.0/16'),
 IPv4Network('10.25.0.0/16'),
 IPv4Network('10.26.0.0/16'),
 IPv4Network('10.27.0.0/16'),
 IPv4Network('10.28.0.0/16'),
 IPv4Network('10.29.0.0/16'),
 IPv4Network('10.30.0.0/16'),
 IPv4Network('10.31.0.0/16'),
 IPv4Network('10.32.0.0/16'),
 IPv4Network('10.33.0.0/16'),
 IPv4Network('10.34.0.0/16'),
 IPv4Network('10.35.0.0/16'),
 IPv4Network('10.36.0.0/16'),
 IPv4Network('10.37.0.0/16'),
 IPv4Network('10.38.0.0/16'),
 IPv4Network('10.39.0.0/16'),
 IPv4Network('10.40.0.0/16'),
 IPv4Network('10.41.0.0/16'),
 IPv4Network('10.42.0.0/16'),
 IPv4Network('10.43.0.0/16'),
 IPv4Network('10.44.0.0/16'),
 IPv4Network('10.45.0.0/16'),
 IPv4Network('10.46.0.0/16'),
 IPv4Network('10.47.0.0/16'),
 IPv4Network('10.48.0.0/16'),
 IPv4Network('10.49.0.0/16'),
 IPv4Network('10.50.0.0/16'),
 IPv4Network('10.51.0.0/16'),
 IPv4Network('10.52.0.0/16'),
 IPv4Network('10.53.0.0/16'),
 IPv4Network('10.54.0.0/16'),
 IPv4Network('10.55.0.0/16'),
 IPv4Network('10.56.0.0/16'),
 IPv4Network('10.57.0.0/16'),
 IPv4Network('10.58.0.0/16'),
 IPv4Network('10.59.0.0/16'),
 IPv4Network('10.60.0.0/16'),
 IPv4Network('10.61.0.0/16'),
 IPv4Network('10.62.0.0/16'),
 IPv4Network('10.63.0.0/16'),
 IPv4Network('10.64.0.0/16'),
 IPv4Network('10.65.0.0/16'),
 IPv4Network('10.66.0.0/16'),
 IPv4Network('10.67.0.0/16'),
 IPv4Network('10.68.0.0/16'),
 IPv4Network('10.69.0.0/16'),
 IPv4Network('10.70.0.0/16'),
 IPv4Network('10.71.0.0/16'),
 IPv4Network('10.72.0.0/16'),
 IPv4Network('10.73.0.0/16'),
 IPv4Network('10.74.0.0/16'),
 IPv4Network('10.75.0.0/16'),
 IPv4Network('10.76.0.0/16'),
 IPv4Network('10.77.0.0/16'),
 IPv4Network('10.78.0.0/16'),
 IPv4Network('10.79.0.0/16'),
 IPv4Network('10.80.0.0/16'),
 IPv4Network('10.81.0.0/16'),
 IPv4Network('10.82.0.0/16'),
 IPv4Network('10.83.0.0/16'),
 IPv4Network('10.84.0.0/16'),
 IPv4Network('10.85.0.0/16'),
 IPv4Network('10.86.0.0/16'),
 IPv4Network('10.87.0.0/16'),
 IPv4Network('10.88.0.0/16'),
 IPv4Network('10.89.0.0/16'),
 IPv4Network('10.90.0.0/16'),
 IPv4Network('10.91.0.0/16'),
 IPv4Network('10.92.0.0/16'),
 IPv4Network('10.93.0.0/16'),
 IPv4Network('10.94.0.0/16'),
 IPv4Network('10.95.0.0/16'),
 IPv4Network('10.96.0.0/16'),
 IPv4Network('10.97.0.0/16'),
 IPv4Network('10.98.0.0/16'),
 IPv4Network('10.99.0.0/16'),
 IPv4Network('10.100.0.0/16'),
 IPv4Network('10.101.0.0/16'),
 IPv4Network('10.102.0.0/16'),
 IPv4Network('10.103.0.0/16'),
 IPv4Network('10.104.0.0/16'),
 IPv4Network('10.105.0.0/16'),
 IPv4Network('10.106.0.0/16'),
 IPv4Network('10.107.0.0/16'),
 IPv4Network('10.108.0.0/16'),
 IPv4Network('10.109.0.0/16'),
 IPv4Network('10.110.0.0/16'),
 IPv4Network('10.111.0.0/16'),
 IPv4Network('10.112.0.0/16'),
 IPv4Network('10.113.0.0/16'),
 IPv4Network('10.114.0.0/16'),
 IPv4Network('10.115.0.0/16'),
 IPv4Network('10.116.0.0/16'),
 IPv4Network('10.117.0.0/16'),
 IPv4Network('10.118.0.0/16'),
 IPv4Network('10.119.0.0/16'),
 IPv4Network('10.120.0.0/16'),
 IPv4Network('10.121.0.0/16'),
 IPv4Network('10.122.0.0/16'),
 IPv4Network('10.123.0.0/16'),
 IPv4Network('10.124.0.0/16'),
 IPv4Network('10.125.0.0/16'),
 IPv4Network('10.126.0.0/16'),
 IPv4Network('10.127.0.0/16'),
 IPv4Network('10.128.0.0/16'),
 IPv4Network('10.129.0.0/16'),
 IPv4Network('10.130.0.0/16'),
 IPv4Network('10.131.0.0/16'),
 IPv4Network('10.132.0.0/16'),
 IPv4Network('10.133.0.0/16'),
 IPv4Network('10.134.0.0/16'),
 IPv4Network('10.135.0.0/16')]
[IPv4Network('10.0.0.0/8'),
 IPv4Network('129.79.0.0/16'),
 IPv4Network('134.68.0.0/16'),
 IPv4Network('140.182.0.0/16'),
 IPv4Network('149.159.0.0/16'),
 IPv4Network('149.160.0.0/14'),
 IPv4Network('156.56.0.0/16'),
 IPv4Network('172.16.0.0/12'),
 IPv4Network('192.168.0.0/24'),
 IPv6Network('::/128'),
 IPv4Network('10.0.0.0/16'),
 IPv4Network('10.1.0.0/16'),
 IPv4Network('10.2.0.0/16'),
 IPv4Network('10.3.0.0/16'),
 IPv4Network('10.4.0.0/16'),
 IPv4Network('10.5.0.0/16'),
 IPv4Network('10.6.0.0/16'),
 IPv4Network('10.7.0.0/16'),
 IPv4Network('10.8.0.0/16'),
 IPv4Network('10.9.0.0/16'),
 IPv4Network('10.10.0.0/16'),
 IPv4Network('10.11.0.0/16'),
 IPv4Network('10.12.0.0/16'),
 IPv4Network('10.13.0.0/16'),
 IPv4Network('10.14.0.0/16'),
 IPv4Network('10.15.0.0/16'),
 IPv4Network('10.16.0.0/16'),
 IPv4Network('10.17.0.0/16'),
 IPv4Network('10.18.0.0/16'),
 IPv4Network('10.19.0.0/16'),
 IPv4Network('10.20.0.0/16'),
 IPv4Network('10.21.0.0/16'),
 IPv4Network('10.22.0.0/16'),
 IPv4Network('10.23.0.0/16'),
 IPv4Network('10.24.0.0/16'),
 IPv4Network('10.25.0.0/16'),
 IPv4Network('10.26.0.0/16'),
 IPv4Network('10.27.0.0/16'),
 IPv4Network('10.28.0.0/16'),
 IPv4Network('10.29.0.0/16'),
 IPv4Network('10.30.0.0/16'),
 IPv4Network('10.31.0.0/16'),
 IPv4Network('10.32.0.0/16'),
 IPv4Network('10.33.0.0/16'),
 IPv4Network('10.34.0.0/16'),
 IPv4Network('10.35.0.0/16'),
 IPv4Network('10.36.0.0/16'),
 IPv4Network('10.37.0.0/16'),
 IPv4Network('10.38.0.0/16'),
 IPv4Network('10.39.0.0/16'),
 IPv4Network('10.40.0.0/16'),
 IPv4Network('10.41.0.0/16'),
 IPv4Network('10.42.0.0/16'),
 IPv4Network('10.43.0.0/16'),
 IPv4Network('10.44.0.0/16'),
 IPv4Network('10.45.0.0/16'),
 IPv4Network('10.46.0.0/16'),
 IPv4Network('10.47.0.0/16'),
 IPv4Network('10.48.0.0/16'),
 IPv4Network('10.49.0.0/16'),
 IPv4Network('10.50.0.0/16'),
 IPv4Network('10.51.0.0/16'),
 IPv4Network('10.52.0.0/16'),
 IPv4Network('10.53.0.0/16'),
 IPv4Network('10.54.0.0/16'),
 IPv4Network('10.55.0.0/16'),
 IPv4Network('10.56.0.0/16'),
 IPv4Network('10.57.0.0/16'),
 IPv4Network('10.58.0.0/16'),
 IPv4Network('10.59.0.0/16'),
 IPv4Network('10.60.0.0/16'),
 IPv4Network('10.61.0.0/16'),
 IPv4Network('10.62.0.0/16'),
 IPv4Network('10.63.0.0/16'),
 IPv4Network('10.64.0.0/16'),
 IPv4Network('10.65.0.0/16'),
 IPv4Network('10.66.0.0/16'),
 IPv4Network('10.67.0.0/16'),
 IPv4Network('10.68.0.0/16'),
 IPv4Network('10.69.0.0/16'),
 IPv4Network('10.70.0.0/16'),
 IPv4Network('10.71.0.0/16'),
 IPv4Network('10.72.0.0/16'),
 IPv4Network('10.73.0.0/16'),
 IPv4Network('10.74.0.0/16'),
 IPv4Network('10.75.0.0/16'),
 IPv4Network('10.76.0.0/16'),
 IPv4Network('10.77.0.0/16'),
 IPv4Network('10.78.0.0/16'),
 IPv4Network('10.79.0.0/16'),
 IPv4Network('10.80.0.0/16'),
 IPv4Network('10.81.0.0/16'),
 IPv4Network('10.82.0.0/16'),
 IPv4Network('10.83.0.0/16'),
 IPv4Network('10.84.0.0/16'),
 IPv4Network('10.85.0.0/16'),
 IPv4Network('10.86.0.0/16'),
 IPv4Network('10.87.0.0/16'),
 IPv4Network('10.88.0.0/16'),
 IPv4Network('10.89.0.0/16'),
 IPv4Network('10.90.0.0/16'),
 IPv4Network('10.91.0.0/16'),
 IPv4Network('10.92.0.0/16'),
 IPv4Network('10.93.0.0/16'),
 IPv4Network('10.94.0.0/16'),
 IPv4Network('10.95.0.0/16'),
 IPv4Network('10.96.0.0/16'),
 IPv4Network('10.97.0.0/16'),
 IPv4Network('10.98.0.0/16'),
 IPv4Network('10.99.0.0/16'),
 IPv4Network('10.100.0.0/16'),
 IPv4Network('10.101.0.0/16'),
 IPv4Network('10.102.0.0/16'),
 IPv4Network('10.103.0.0/16'),
 IPv4Network('10.104.0.0/16'),
 IPv4Network('10.105.0.0/16'),
 IPv4Network('10.106.0.0/16'),
 IPv4Network('10.107.0.0/16'),
 IPv4Network('10.108.0.0/16'),
 IPv4Network('10.109.0.0/16'),
 IPv4Network('10.110.0.0/16'),
 IPv4Network('10.111.0.0/16'),
 IPv4Network('10.112.0.0/16'),
 IPv4Network('10.113.0.0/16'),
 IPv4Network('10.114.0.0/16'),
 IPv4Network('10.115.0.0/16'),
 IPv4Network('10.116.0.0/16'),
 IPv4Network('10.117.0.0/16'),
 IPv4Network('10.118.0.0/16'),
 IPv4Network('10.119.0.0/16'),
 IPv4Network('10.120.0.0/16'),
 IPv4Network('10.121.0.0/16'),
 IPv4Network('10.122.0.0/16'),
 IPv4Network('10.123.0.0/16'),
 IPv4Network('10.124.0.0/16'),
 IPv4Network('10.125.0.0/16'),
 IPv4Network('10.126.0.0/16'),
 IPv4Network('10.127.0.0/16'),
 IPv4Network('10.128.0.0/16'),
 IPv4Network('10.129.0.0/16'),
 IPv4Network('10.130.0.0/16'),
 IPv4Network('10.131.0.0/16'),
 IPv4Network('10.132.0.0/16'),
 IPv4Network('10.133.0.0/16'),
 IPv4Network('10.134.0.0/16'),
 IPv4Network('10.135.0.0/16')]
[IPv4Network('10.0.0.0/8'),
 IPv4Network('129.79.0.0/16'),
 IPv4Network('134.68.0.0/16'),
 IPv4Network('140.182.0.0/16'),
 IPv4Network('149.159.0.0/16'),
 IPv4Network('149.160.0.0/14'),
 IPv4Network('156.56.0.0/16'),
 IPv4Network('172.16.0.0/12'),
 IPv4Network('192.168.0.0/24'),
 IPv6Network('::/128'),
 IPv4Network('10.0.0.0/16'),
 IPv4Network('10.1.0.0/16'),
 IPv4Network('10.2.0.0/16'),
 IPv4Network('10.3.0.0/16'),
 IPv4Network('10.4.0.0/16'),
 IPv4Network('10.5.0.0/16'),
 IPv4Network('10.6.0.0/16'),
 IPv4Network('10.7.0.0/16'),
 IPv4Network('10.8.0.0/16'),
 IPv4Network('10.9.0.0/16'),
 IPv4Network('10.10.0.0/16'),
 IPv4Network('10.11.0.0/16'),
 IPv4Network('10.12.0.0/16'),
 IPv4Network('10.13.0.0/16'),
 IPv4Network('10.14.0.0/16'),
 IPv4Network('10.15.0.0/16'),
 IPv4Network('10.16.0.0/16'),
 IPv4Network('10.17.0.0/16'),
 IPv4Network('10.18.0.0/16'),
 IPv4Network('10.19.0.0/16'),
 IPv4Network('10.20.0.0/16'),
 IPv4Network('10.21.0.0/16'),
 IPv4Network('10.22.0.0/16'),
 IPv4Network('10.23.0.0/16'),
 IPv4Network('10.24.0.0/16'),
 IPv4Network('10.25.0.0/16'),
 IPv4Network('10.26.0.0/16'),
 IPv4Network('10.27.0.0/16'),
 IPv4Network('10.28.0.0/16'),
 IPv4Network('10.29.0.0/16'),
 IPv4Network('10.30.0.0/16'),
 IPv4Network('10.31.0.0/16'),
 IPv4Network('10.32.0.0/16'),
 IPv4Network('10.33.0.0/16'),
 IPv4Network('10.34.0.0/16'),
 IPv4Network('10.35.0.0/16'),
 IPv4Network('10.36.0.0/16'),
 IPv4Network('10.37.0.0/16'),
 IPv4Network('10.38.0.0/16'),
 IPv4Network('10.39.0.0/16'),
 IPv4Network('10.40.0.0/16'),
 IPv4Network('10.41.0.0/16'),
 IPv4Network('10.42.0.0/16'),
 IPv4Network('10.43.0.0/16'),
 IPv4Network('10.44.0.0/16'),
 IPv4Network('10.45.0.0/16'),
 IPv4Network('10.46.0.0/16'),
 IPv4Network('10.47.0.0/16'),
 IPv4Network('10.48.0.0/16'),
 IPv4Network('10.49.0.0/16'),
 IPv4Network('10.50.0.0/16'),
 IPv4Network('10.51.0.0/16'),
 IPv4Network('10.52.0.0/16'),
 IPv4Network('10.53.0.0/16'),
 IPv4Network('10.54.0.0/16'),
 IPv4Network('10.55.0.0/16'),
 IPv4Network('10.56.0.0/16'),
 IPv4Network('10.57.0.0/16'),
 IPv4Network('10.58.0.0/16'),
 IPv4Network('10.59.0.0/16'),
 IPv4Network('10.60.0.0/16'),
 IPv4Network('10.61.0.0/16'),
 IPv4Network('10.62.0.0/16'),
 IPv4Network('10.63.0.0/16'),
 IPv4Network('10.64.0.0/16'),
 IPv4Network('10.65.0.0/16'),
 IPv4Network('10.66.0.0/16'),
 IPv4Network('10.67.0.0/16'),
 IPv4Network('10.68.0.0/16'),
 IPv4Network('10.69.0.0/16'),
 IPv4Network('10.70.0.0/16'),
 IPv4Network('10.71.0.0/16'),
 IPv4Network('10.72.0.0/16'),
 IPv4Network('10.73.0.0/16'),
 IPv4Network('10.74.0.0/16'),
 IPv4Network('10.75.0.0/16'),
 IPv4Network('10.76.0.0/16'),
 IPv4Network('10.77.0.0/16'),
 IPv4Network('10.78.0.0/16'),
 IPv4Network('10.79.0.0/16'),
 IPv4Network('10.80.0.0/16'),
 IPv4Network('10.81.0.0/16'),
 IPv4Network('10.82.0.0/16'),
 IPv4Network('10.83.0.0/16'),
 IPv4Network('10.84.0.0/16'),
 IPv4Network('10.85.0.0/16'),
 IPv4Network('10.86.0.0/16'),
 IPv4Network('10.87.0.0/16'),
 IPv4Network('10.88.0.0/16'),
 IPv4Network('10.89.0.0/16'),
 IPv4Network('10.90.0.0/16'),
 IPv4Network('10.91.0.0/16'),
 IPv4Network('10.92.0.0/16'),
 IPv4Network('10.93.0.0/16'),
 IPv4Network('10.94.0.0/16'),
 IPv4Network('10.95.0.0/16'),
 IPv4Network('10.96.0.0/16'),
 IPv4Network('10.97.0.0/16'),
 IPv4Network('10.98.0.0/16'),
 IPv4Network('10.99.0.0/16'),
 IPv4Network('10.100.0.0/16'),
 IPv4Network('10.101.0.0/16'),
 IPv4Network('10.102.0.0/16'),
 IPv4Network('10.103.0.0/16'),
 IPv4Network('10.104.0.0/16'),
 IPv4Network('10.105.0.0/16'),
 IPv4Network('10.106.0.0/16'),
 IPv4Network('10.107.0.0/16'),
 IPv4Network('10.108.0.0/16'),
 IPv4Network('10.109.0.0/16'),
 IPv4Network('10.110.0.0/16'),
 IPv4Network('10.111.0.0/16'),
 IPv4Network('10.112.0.0/16'),
 IPv4Network('10.113.0.0/16'),
 IPv4Network('10.114.0.0/16'),
 IPv4Network('10.115.0.0/16'),
 IPv4Network('10.116.0.0/16'),
 IPv4Network('10.117.0.0/16'),
 IPv4Network('10.118.0.0/16'),
 IPv4Network('10.119.0.0/16'),
 IPv4Network('10.120.0.0/16'),
 IPv4Network('10.121.0.0/16'),
 IPv4Network('10.122.0.0/16'),
 IPv4Network('10.123.0.0/16'),
 IPv4Network('10.124.0.0/16'),
 IPv4Network('10.125.0.0/16'),
 IPv4Network('10.126.0.0/16'),
 IPv4Network('10.127.0.0/16'),
 IPv4Network('10.128.0.0/16'),
 IPv4Network('10.129.0.0/16'),
 IPv4Network('10.130.0.0/16'),
 IPv4Network('10.131.0.0/16'),
 IPv4Network('10.132.0.0/16'),
 IPv4Network('10.133.0.0/16'),
 IPv4Network('10.134.0.0/16'),
 IPv4Network('10.135.0.0/16'),
 IPv4Network('10.136.0.0/16'),
 IPv4Network('10.137.0.0/16')]
[IPv4Network('10.0.0.0/8'),
 IPv4Network('129.79.0.0/16'),
 IPv4Network('134.68.0.0/16'),
 IPv4Network('140.182.0.0/16'),
 IPv4Network('149.159.0.0/16'),
 IPv4Network('149.160.0.0/14'),
 IPv4Network('156.56.0.0/16'),
 IPv4Network('172.16.0.0/12'),
 IPv4Network('192.168.0.0/24'),
 IPv6Network('::/128'),
 IPv4Network('10.0.0.0/16'),
 IPv4Network('10.1.0.0/16'),
 IPv4Network('10.2.0.0/16'),
 IPv4Network('10.3.0.0/16'),
 IPv4Network('10.4.0.0/16'),
 IPv4Network('10.5.0.0/16'),
 IPv4Network('10.6.0.0/16'),
 IPv4Network('10.7.0.0/16'),
 IPv4Network('10.8.0.0/16'),
 IPv4Network('10.9.0.0/16'),
 IPv4Network('10.10.0.0/16'),
 IPv4Network('10.11.0.0/16'),
 IPv4Network('10.12.0.0/16'),
 IPv4Network('10.13.0.0/16'),
 IPv4Network('10.14.0.0/16'),
 IPv4Network('10.15.0.0/16'),
 IPv4Network('10.16.0.0/16'),
 IPv4Network('10.17.0.0/16'),
 IPv4Network('10.18.0.0/16'),
 IPv4Network('10.19.0.0/16'),
 IPv4Network('10.20.0.0/16'),
 IPv4Network('10.21.0.0/16'),
 IPv4Network('10.22.0.0/16'),
 IPv4Network('10.23.0.0/16'),
 IPv4Network('10.24.0.0/16'),
 IPv4Network('10.25.0.0/16'),
 IPv4Network('10.26.0.0/16'),
 IPv4Network('10.27.0.0/16'),
 IPv4Network('10.28.0.0/16'),
 IPv4Network('10.29.0.0/16'),
 IPv4Network('10.30.0.0/16'),
 IPv4Network('10.31.0.0/16'),
 IPv4Network('10.32.0.0/16'),
 IPv4Network('10.33.0.0/16'),
 IPv4Network('10.34.0.0/16'),
 IPv4Network('10.35.0.0/16'),
 IPv4Network('10.36.0.0/16'),
 IPv4Network('10.37.0.0/16'),
 IPv4Network('10.38.0.0/16'),
 IPv4Network('10.39.0.0/16'),
 IPv4Network('10.40.0.0/16'),
 IPv4Network('10.41.0.0/16'),
 IPv4Network('10.42.0.0/16'),
 IPv4Network('10.43.0.0/16'),
 IPv4Network('10.44.0.0/16'),
 IPv4Network('10.45.0.0/16'),
 IPv4Network('10.46.0.0/16'),
 IPv4Network('10.47.0.0/16'),
 IPv4Network('10.48.0.0/16'),
 IPv4Network('10.49.0.0/16'),
 IPv4Network('10.50.0.0/16'),
 IPv4Network('10.51.0.0/16'),
 IPv4Network('10.52.0.0/16'),
 IPv4Network('10.53.0.0/16'),
 IPv4Network('10.54.0.0/16'),
 IPv4Network('10.55.0.0/16'),
 IPv4Network('10.56.0.0/16'),
 IPv4Network('10.57.0.0/16'),
 IPv4Network('10.58.0.0/16'),
 IPv4Network('10.59.0.0/16'),
 IPv4Network('10.60.0.0/16'),
 IPv4Network('10.61.0.0/16'),
 IPv4Network('10.62.0.0/16'),
 IPv4Network('10.63.0.0/16'),
 IPv4Network('10.64.0.0/16'),
 IPv4Network('10.65.0.0/16'),
 IPv4Network('10.66.0.0/16'),
 IPv4Network('10.67.0.0/16'),
 IPv4Network('10.68.0.0/16'),
 IPv4Network('10.69.0.0/16'),
 IPv4Network('10.70.0.0/16'),
 IPv4Network('10.71.0.0/16'),
 IPv4Network('10.72.0.0/16'),
 IPv4Network('10.73.0.0/16'),
 IPv4Network('10.74.0.0/16'),
 IPv4Network('10.75.0.0/16'),
 IPv4Network('10.76.0.0/16'),
 IPv4Network('10.77.0.0/16'),
 IPv4Network('10.78.0.0/16'),
 IPv4Network('10.79.0.0/16'),
 IPv4Network('10.80.0.0/16'),
 IPv4Network('10.81.0.0/16'),
 IPv4Network('10.82.0.0/16'),
 IPv4Network('10.83.0.0/16'),
 IPv4Network('10.84.0.0/16'),
 IPv4Network('10.85.0.0/16'),
 IPv4Network('10.86.0.0/16'),
 IPv4Network('10.87.0.0/16'),
 IPv4Network('10.88.0.0/16'),
 IPv4Network('10.89.0.0/16'),
 IPv4Network('10.90.0.0/16'),
 IPv4Network('10.91.0.0/16'),
 IPv4Network('10.92.0.0/16'),
 IPv4Network('10.93.0.0/16'),
 IPv4Network('10.94.0.0/16'),
 IPv4Network('10.95.0.0/16'),
 IPv4Network('10.96.0.0/16'),
 IPv4Network('10.97.0.0/16'),
 IPv4Network('10.98.0.0/16'),
 IPv4Network('10.99.0.0/16'),
 IPv4Network('10.100.0.0/16'),
 IPv4Network('10.101.0.0/16'),
 IPv4Network('10.102.0.0/16'),
 IPv4Network('10.103.0.0/16'),
 IPv4Network('10.104.0.0/16'),
 IPv4Network('10.105.0.0/16'),
 IPv4Network('10.106.0.0/16'),
 IPv4Network('10.107.0.0/16'),
 IPv4Network('10.108.0.0/16'),
 IPv4Network('10.109.0.0/16'),
 IPv4Network('10.110.0.0/16'),
 IPv4Network('10.111.0.0/16'),
 IPv4Network('10.112.0.0/16'),
 IPv4Network('10.113.0.0/16'),
 IPv4Network('10.114.0.0/16'),
 IPv4Network('10.115.0.0/16'),
 IPv4Network('10.116.0.0/16'),
 IPv4Network('10.117.0.0/16'),
 IPv4Network('10.118.0.0/16'),
 IPv4Network('10.119.0.0/16'),
 IPv4Network('10.120.0.0/16'),
 IPv4Network('10.121.0.0/16'),
 IPv4Network('10.122.0.0/16'),
 IPv4Network('10.123.0.0/16'),
 IPv4Network('10.124.0.0/16'),
 IPv4Network('10.125.0.0/16'),
 IPv4Network('10.126.0.0/16'),
 IPv4Network('10.127.0.0/16'),
 IPv4Network('10.128.0.0/16'),
 IPv4Network('10.129.0.0/16'),
 IPv4Network('10.130.0.0/16'),
 IPv4Network('10.131.0.0/16'),
 IPv4Network('10.132.0.0/16'),
 IPv4Network('10.133.0.0/16'),
 IPv4Network('10.134.0.0/16'),
 IPv4Network('10.135.0.0/16'),
 IPv4Network('10.136.0.0/16'),
 IPv4Network('10.137.0.0/16'),
 IPv4Network('10.138.0.0/16'),
 IPv4Network('10.139.0.0/16')]
[IPv4Network('10.0.0.0/8'),
 IPv4Network('129.79.0.0/16'),
 IPv4Network('134.68.0.0/16'),
 IPv4Network('140.182.0.0/16'),
 IPv4Network('149.159.0.0/16'),
 IPv4Network('149.160.0.0/14'),
 IPv4Network('156.56.0.0/16'),
 IPv4Network('172.16.0.0/12'),
 IPv4Network('192.168.0.0/24'),
 IPv6Network('::/128'),
 IPv4Network('10.0.0.0/16'),
 IPv4Network('10.1.0.0/16'),
 IPv4Network('10.2.0.0/16'),
 IPv4Network('10.3.0.0/16'),
 IPv4Network('10.4.0.0/16'),
 IPv4Network('10.5.0.0/16'),
 IPv4Network('10.6.0.0/16'),
 IPv4Network('10.7.0.0/16'),
 IPv4Network('10.8.0.0/16'),
 IPv4Network('10.9.0.0/16'),
 IPv4Network('10.10.0.0/16'),
 IPv4Network('10.11.0.0/16'),
 IPv4Network('10.12.0.0/16'),
 IPv4Network('10.13.0.0/16'),
 IPv4Network('10.14.0.0/16'),
 IPv4Network('10.15.0.0/16'),
 IPv4Network('10.16.0.0/16'),
 IPv4Network('10.17.0.0/16'),
 IPv4Network('10.18.0.0/16'),
 IPv4Network('10.19.0.0/16'),
 IPv4Network('10.20.0.0/16'),
 IPv4Network('10.21.0.0/16'),
 IPv4Network('10.22.0.0/16'),
 IPv4Network('10.23.0.0/16'),
 IPv4Network('10.24.0.0/16'),
 IPv4Network('10.25.0.0/16'),
 IPv4Network('10.26.0.0/16'),
 IPv4Network('10.27.0.0/16'),
 IPv4Network('10.28.0.0/16'),
 IPv4Network('10.29.0.0/16'),
 IPv4Network('10.30.0.0/16'),
 IPv4Network('10.31.0.0/16'),
 IPv4Network('10.32.0.0/16'),
 IPv4Network('10.33.0.0/16'),
 IPv4Network('10.34.0.0/16'),
 IPv4Network('10.35.0.0/16'),
 IPv4Network('10.36.0.0/16'),
 IPv4Network('10.37.0.0/16'),
 IPv4Network('10.38.0.0/16'),
 IPv4Network('10.39.0.0/16'),
 IPv4Network('10.40.0.0/16'),
 IPv4Network('10.41.0.0/16'),
 IPv4Network('10.42.0.0/16'),
 IPv4Network('10.43.0.0/16'),
 IPv4Network('10.44.0.0/16'),
 IPv4Network('10.45.0.0/16'),
 IPv4Network('10.46.0.0/16'),
 IPv4Network('10.47.0.0/16'),
 IPv4Network('10.48.0.0/16'),
 IPv4Network('10.49.0.0/16'),
 IPv4Network('10.50.0.0/16'),
 IPv4Network('10.51.0.0/16'),
 IPv4Network('10.52.0.0/16'),
 IPv4Network('10.53.0.0/16'),
 IPv4Network('10.54.0.0/16'),
 IPv4Network('10.55.0.0/16'),
 IPv4Network('10.56.0.0/16'),
 IPv4Network('10.57.0.0/16'),
 IPv4Network('10.58.0.0/16'),
 IPv4Network('10.59.0.0/16'),
 IPv4Network('10.60.0.0/16'),
 IPv4Network('10.61.0.0/16'),
 IPv4Network('10.62.0.0/16'),
 IPv4Network('10.63.0.0/16'),
 IPv4Network('10.64.0.0/16'),
 IPv4Network('10.65.0.0/16'),
 IPv4Network('10.66.0.0/16'),
 IPv4Network('10.67.0.0/16'),
 IPv4Network('10.68.0.0/16'),
 IPv4Network('10.69.0.0/16'),
 IPv4Network('10.70.0.0/16'),
 IPv4Network('10.71.0.0/16'),
 IPv4Network('10.72.0.0/16'),
 IPv4Network('10.73.0.0/16'),
 IPv4Network('10.74.0.0/16'),
 IPv4Network('10.75.0.0/16'),
 IPv4Network('10.76.0.0/16'),
 IPv4Network('10.77.0.0/16'),
 IPv4Network('10.78.0.0/16'),
 IPv4Network('10.79.0.0/16'),
 IPv4Network('10.80.0.0/16'),
 IPv4Network('10.81.0.0/16'),
 IPv4Network('10.82.0.0/16'),
 IPv4Network('10.83.0.0/16'),
 IPv4Network('10.84.0.0/16'),
 IPv4Network('10.85.0.0/16'),
 IPv4Network('10.86.0.0/16'),
 IPv4Network('10.87.0.0/16'),
 IPv4Network('10.88.0.0/16'),
 IPv4Network('10.89.0.0/16'),
 IPv4Network('10.90.0.0/16'),
 IPv4Network('10.91.0.0/16'),
 IPv4Network('10.92.0.0/16'),
 IPv4Network('10.93.0.0/16'),
 IPv4Network('10.94.0.0/16'),
 IPv4Network('10.95.0.0/16'),
 IPv4Network('10.96.0.0/16'),
 IPv4Network('10.97.0.0/16'),
 IPv4Network('10.98.0.0/16'),
 IPv4Network('10.99.0.0/16'),
 IPv4Network('10.100.0.0/16'),
 IPv4Network('10.101.0.0/16'),
 IPv4Network('10.102.0.0/16'),
 IPv4Network('10.103.0.0/16'),
 IPv4Network('10.104.0.0/16'),
 IPv4Network('10.105.0.0/16'),
 IPv4Network('10.106.0.0/16'),
 IPv4Network('10.107.0.0/16'),
 IPv4Network('10.108.0.0/16'),
 IPv4Network('10.109.0.0/16'),
 IPv4Network('10.110.0.0/16'),
 IPv4Network('10.111.0.0/16'),
 IPv4Network('10.112.0.0/16'),
 IPv4Network('10.113.0.0/16'),
 IPv4Network('10.114.0.0/16'),
 IPv4Network('10.115.0.0/16'),
 IPv4Network('10.116.0.0/16'),
 IPv4Network('10.117.0.0/16'),
 IPv4Network('10.118.0.0/16'),
 IPv4Network('10.119.0.0/16'),
 IPv4Network('10.120.0.0/16'),
 IPv4Network('10.121.0.0/16'),
 IPv4Network('10.122.0.0/16'),
 IPv4Network('10.123.0.0/16'),
 IPv4Network('10.124.0.0/16'),
 IPv4Network('10.125.0.0/16'),
 IPv4Network('10.126.0.0/16'),
 IPv4Network('10.127.0.0/16'),
 IPv4Network('10.128.0.0/16'),
 IPv4Network('10.129.0.0/16'),
 IPv4Network('10.130.0.0/16'),
 IPv4Network('10.131.0.0/16'),
 IPv4Network('10.132.0.0/16'),
 IPv4Network('10.133.0.0/16'),
 IPv4Network('10.134.0.0/16'),
 IPv4Network('10.135.0.0/16'),
 IPv4Network('10.136.0.0/16'),
 IPv4Network('10.137.0.0/16'),
 IPv4Network('10.138.0.0/16'),
 IPv4Network('10.139.0.0/16')]
[IPv4Network('10.0.0.0/8'),
 IPv4Network('129.79.0.0/16'),
 IPv4Network('134.68.0.0/16'),
 IPv4Network('140.182.0.0/16'),
 IPv4Network('149.159.0.0/16'),
 IPv4Network('149.160.0.0/14'),
 IPv4Network('156.56.0.0/16'),
 IPv4Network('172.16.0.0/12'),
 IPv4Network('192.168.0.0/24'),
 IPv6Network('::/128'),
 IPv4Network('10.0.0.0/16'),
 IPv4Network('10.1.0.0/16'),
 IPv4Network('10.2.0.0/16'),
 IPv4Network('10.3.0.0/16'),
 IPv4Network('10.4.0.0/16'),
 IPv4Network('10.5.0.0/16'),
 IPv4Network('10.6.0.0/16'),
 IPv4Network('10.7.0.0/16'),
 IPv4Network('10.8.0.0/16'),
 IPv4Network('10.9.0.0/16'),
 IPv4Network('10.10.0.0/16'),
 IPv4Network('10.11.0.0/16'),
 IPv4Network('10.12.0.0/16'),
 IPv4Network('10.13.0.0/16'),
 IPv4Network('10.14.0.0/16'),
 IPv4Network('10.15.0.0/16'),
 IPv4Network('10.16.0.0/16'),
 IPv4Network('10.17.0.0/16'),
 IPv4Network('10.18.0.0/16'),
 IPv4Network('10.19.0.0/16'),
 IPv4Network('10.20.0.0/16'),
 IPv4Network('10.21.0.0/16'),
 IPv4Network('10.22.0.0/16'),
 IPv4Network('10.23.0.0/16'),
 IPv4Network('10.24.0.0/16'),
 IPv4Network('10.25.0.0/16'),
 IPv4Network('10.26.0.0/16'),
 IPv4Network('10.27.0.0/16'),
 IPv4Network('10.28.0.0/16'),
 IPv4Network('10.29.0.0/16'),
 IPv4Network('10.30.0.0/16'),
 IPv4Network('10.31.0.0/16'),
 IPv4Network('10.32.0.0/16'),
 IPv4Network('10.33.0.0/16'),
 IPv4Network('10.34.0.0/16'),
 IPv4Network('10.35.0.0/16'),
 IPv4Network('10.36.0.0/16'),
 IPv4Network('10.37.0.0/16'),
 IPv4Network('10.38.0.0/16'),
 IPv4Network('10.39.0.0/16'),
 IPv4Network('10.40.0.0/16'),
 IPv4Network('10.41.0.0/16'),
 IPv4Network('10.42.0.0/16'),
 IPv4Network('10.43.0.0/16'),
 IPv4Network('10.44.0.0/16'),
 IPv4Network('10.45.0.0/16'),
 IPv4Network('10.46.0.0/16'),
 IPv4Network('10.47.0.0/16'),
 IPv4Network('10.48.0.0/16'),
 IPv4Network('10.49.0.0/16'),
 IPv4Network('10.50.0.0/16'),
 IPv4Network('10.51.0.0/16'),
 IPv4Network('10.52.0.0/16'),
 IPv4Network('10.53.0.0/16'),
 IPv4Network('10.54.0.0/16'),
 IPv4Network('10.55.0.0/16'),
 IPv4Network('10.56.0.0/16'),
 IPv4Network('10.57.0.0/16'),
 IPv4Network('10.58.0.0/16'),
 IPv4Network('10.59.0.0/16'),
 IPv4Network('10.60.0.0/16'),
 IPv4Network('10.61.0.0/16'),
 IPv4Network('10.62.0.0/16'),
 IPv4Network('10.63.0.0/16'),
 IPv4Network('10.64.0.0/16'),
 IPv4Network('10.65.0.0/16'),
 IPv4Network('10.66.0.0/16'),
 IPv4Network('10.67.0.0/16'),
 IPv4Network('10.68.0.0/16'),
 IPv4Network('10.69.0.0/16'),
 IPv4Network('10.70.0.0/16'),
 IPv4Network('10.71.0.0/16'),
 IPv4Network('10.72.0.0/16'),
 IPv4Network('10.73.0.0/16'),
 IPv4Network('10.74.0.0/16'),
 IPv4Network('10.75.0.0/16'),
 IPv4Network('10.76.0.0/16'),
 IPv4Network('10.77.0.0/16'),
 IPv4Network('10.78.0.0/16'),
 IPv4Network('10.79.0.0/16'),
 IPv4Network('10.80.0.0/16'),
 IPv4Network('10.81.0.0/16'),
 IPv4Network('10.82.0.0/16'),
 IPv4Network('10.83.0.0/16'),
 IPv4Network('10.84.0.0/16'),
 IPv4Network('10.85.0.0/16'),
 IPv4Network('10.86.0.0/16'),
 IPv4Network('10.87.0.0/16'),
 IPv4Network('10.88.0.0/16'),
 IPv4Network('10.89.0.0/16'),
 IPv4Network('10.90.0.0/16'),
 IPv4Network('10.91.0.0/16'),
 IPv4Network('10.92.0.0/16'),
 IPv4Network('10.93.0.0/16'),
 IPv4Network('10.94.0.0/16'),
 IPv4Network('10.95.0.0/16'),
 IPv4Network('10.96.0.0/16'),
 IPv4Network('10.97.0.0/16'),
 IPv4Network('10.98.0.0/16'),
 IPv4Network('10.99.0.0/16'),
 IPv4Network('10.100.0.0/16'),
 IPv4Network('10.101.0.0/16'),
 IPv4Network('10.102.0.0/16'),
 IPv4Network('10.103.0.0/16'),
 IPv4Network('10.104.0.0/16'),
 IPv4Network('10.105.0.0/16'),
 IPv4Network('10.106.0.0/16'),
 IPv4Network('10.107.0.0/16'),
 IPv4Network('10.108.0.0/16'),
 IPv4Network('10.109.0.0/16'),
 IPv4Network('10.110.0.0/16'),
 IPv4Network('10.111.0.0/16'),
 IPv4Network('10.112.0.0/16'),
 IPv4Network('10.113.0.0/16'),
 IPv4Network('10.114.0.0/16'),
 IPv4Network('10.115.0.0/16'),
 IPv4Network('10.116.0.0/16'),
 IPv4Network('10.117.0.0/16'),
 IPv4Network('10.118.0.0/16'),
 IPv4Network('10.119.0.0/16'),
 IPv4Network('10.120.0.0/16'),
 IPv4Network('10.121.0.0/16'),
 IPv4Network('10.122.0.0/16'),
 IPv4Network('10.123.0.0/16'),
 IPv4Network('10.124.0.0/16'),
 IPv4Network('10.125.0.0/16'),
 IPv4Network('10.126.0.0/16'),
 IPv4Network('10.127.0.0/16'),
 IPv4Network('10.128.0.0/16'),
 IPv4Network('10.129.0.0/16'),
 IPv4Network('10.130.0.0/16'),
 IPv4Network('10.131.0.0/16'),
 IPv4Network('10.132.0.0/16'),
 IPv4Network('10.133.0.0/16'),
 IPv4Network('10.134.0.0/16'),
 IPv4Network('10.135.0.0/16'),
 IPv4Network('10.136.0.0/16'),
 IPv4Network('10.137.0.0/16'),
 IPv4Network('10.138.0.0/16'),
 IPv4Network('10.139.0.0/16'),
 IPv4Network('10.140.0.0/16'),
 IPv4Network('10.141.0.0/16')]
[IPv4Network('10.0.0.0/8'),
 IPv4Network('129.79.0.0/16'),
 IPv4Network('134.68.0.0/16'),
 IPv4Network('140.182.0.0/16'),
 IPv4Network('149.159.0.0/16'),
 IPv4Network('149.160.0.0/14'),
 IPv4Network('156.56.0.0/16'),
 IPv4Network('172.16.0.0/12'),
 IPv4Network('192.168.0.0/24'),
 IPv6Network('::/128'),
 IPv4Network('10.0.0.0/16'),
 IPv4Network('10.1.0.0/16'),
 IPv4Network('10.2.0.0/16'),
 IPv4Network('10.3.0.0/16'),
 IPv4Network('10.4.0.0/16'),
 IPv4Network('10.5.0.0/16'),
 IPv4Network('10.6.0.0/16'),
 IPv4Network('10.7.0.0/16'),
 IPv4Network('10.8.0.0/16'),
 IPv4Network('10.9.0.0/16'),
 IPv4Network('10.10.0.0/16'),
 IPv4Network('10.11.0.0/16'),
 IPv4Network('10.12.0.0/16'),
 IPv4Network('10.13.0.0/16'),
 IPv4Network('10.14.0.0/16'),
 IPv4Network('10.15.0.0/16'),
 IPv4Network('10.16.0.0/16'),
 IPv4Network('10.17.0.0/16'),
 IPv4Network('10.18.0.0/16'),
 IPv4Network('10.19.0.0/16'),
 IPv4Network('10.20.0.0/16'),
 IPv4Network('10.21.0.0/16'),
 IPv4Network('10.22.0.0/16'),
 IPv4Network('10.23.0.0/16'),
 IPv4Network('10.24.0.0/16'),
 IPv4Network('10.25.0.0/16'),
 IPv4Network('10.26.0.0/16'),
 IPv4Network('10.27.0.0/16'),
 IPv4Network('10.28.0.0/16'),
 IPv4Network('10.29.0.0/16'),
 IPv4Network('10.30.0.0/16'),
 IPv4Network('10.31.0.0/16'),
 IPv4Network('10.32.0.0/16'),
 IPv4Network('10.33.0.0/16'),
 IPv4Network('10.34.0.0/16'),
 IPv4Network('10.35.0.0/16'),
 IPv4Network('10.36.0.0/16'),
 IPv4Network('10.37.0.0/16'),
 IPv4Network('10.38.0.0/16'),
 IPv4Network('10.39.0.0/16'),
 IPv4Network('10.40.0.0/16'),
 IPv4Network('10.41.0.0/16'),
 IPv4Network('10.42.0.0/16'),
 IPv4Network('10.43.0.0/16'),
 IPv4Network('10.44.0.0/16'),
 IPv4Network('10.45.0.0/16'),
 IPv4Network('10.46.0.0/16'),
 IPv4Network('10.47.0.0/16'),
 IPv4Network('10.48.0.0/16'),
 IPv4Network('10.49.0.0/16'),
 IPv4Network('10.50.0.0/16'),
 IPv4Network('10.51.0.0/16'),
 IPv4Network('10.52.0.0/16'),
 IPv4Network('10.53.0.0/16'),
 IPv4Network('10.54.0.0/16'),
 IPv4Network('10.55.0.0/16'),
 IPv4Network('10.56.0.0/16'),
 IPv4Network('10.57.0.0/16'),
 IPv4Network('10.58.0.0/16'),
 IPv4Network('10.59.0.0/16'),
 IPv4Network('10.60.0.0/16'),
 IPv4Network('10.61.0.0/16'),
 IPv4Network('10.62.0.0/16'),
 IPv4Network('10.63.0.0/16'),
 IPv4Network('10.64.0.0/16'),
 IPv4Network('10.65.0.0/16'),
 IPv4Network('10.66.0.0/16'),
 IPv4Network('10.67.0.0/16'),
 IPv4Network('10.68.0.0/16'),
 IPv4Network('10.69.0.0/16'),
 IPv4Network('10.70.0.0/16'),
 IPv4Network('10.71.0.0/16'),
 IPv4Network('10.72.0.0/16'),
 IPv4Network('10.73.0.0/16'),
 IPv4Network('10.74.0.0/16'),
 IPv4Network('10.75.0.0/16'),
 IPv4Network('10.76.0.0/16'),
 IPv4Network('10.77.0.0/16'),
 IPv4Network('10.78.0.0/16'),
 IPv4Network('10.79.0.0/16'),
 IPv4Network('10.80.0.0/16'),
 IPv4Network('10.81.0.0/16'),
 IPv4Network('10.82.0.0/16'),
 IPv4Network('10.83.0.0/16'),
 IPv4Network('10.84.0.0/16'),
 IPv4Network('10.85.0.0/16'),
 IPv4Network('10.86.0.0/16'),
 IPv4Network('10.87.0.0/16'),
 IPv4Network('10.88.0.0/16'),
 IPv4Network('10.89.0.0/16'),
 IPv4Network('10.90.0.0/16'),
 IPv4Network('10.91.0.0/16'),
 IPv4Network('10.92.0.0/16'),
 IPv4Network('10.93.0.0/16'),
 IPv4Network('10.94.0.0/16'),
 IPv4Network('10.95.0.0/16'),
 IPv4Network('10.96.0.0/16'),
 IPv4Network('10.97.0.0/16'),
 IPv4Network('10.98.0.0/16'),
 IPv4Network('10.99.0.0/16'),
 IPv4Network('10.100.0.0/16'),
 IPv4Network('10.101.0.0/16'),
 IPv4Network('10.102.0.0/16'),
 IPv4Network('10.103.0.0/16'),
 IPv4Network('10.104.0.0/16'),
 IPv4Network('10.105.0.0/16'),
 IPv4Network('10.106.0.0/16'),
 IPv4Network('10.107.0.0/16'),
 IPv4Network('10.108.0.0/16'),
 IPv4Network('10.109.0.0/16'),
 IPv4Network('10.110.0.0/16'),
 IPv4Network('10.111.0.0/16'),
 IPv4Network('10.112.0.0/16'),
 IPv4Network('10.113.0.0/16'),
 IPv4Network('10.114.0.0/16'),
 IPv4Network('10.115.0.0/16'),
 IPv4Network('10.116.0.0/16'),
 IPv4Network('10.117.0.0/16'),
 IPv4Network('10.118.0.0/16'),
 IPv4Network('10.119.0.0/16'),
 IPv4Network('10.120.0.0/16'),
 IPv4Network('10.121.0.0/16'),
 IPv4Network('10.122.0.0/16'),
 IPv4Network('10.123.0.0/16'),
 IPv4Network('10.124.0.0/16'),
 IPv4Network('10.125.0.0/16'),
 IPv4Network('10.126.0.0/16'),
 IPv4Network('10.127.0.0/16'),
 IPv4Network('10.128.0.0/16'),
 IPv4Network('10.129.0.0/16'),
 IPv4Network('10.130.0.0/16'),
 IPv4Network('10.131.0.0/16'),
 IPv4Network('10.132.0.0/16'),
 IPv4Network('10.133.0.0/16'),
 IPv4Network('10.134.0.0/16'),
 IPv4Network('10.135.0.0/16'),
 IPv4Network('10.136.0.0/16'),
 IPv4Network('10.137.0.0/16'),
 IPv4Network('10.138.0.0/16'),
 IPv4Network('10.139.0.0/16'),
 IPv4Network('10.140.0.0/16'),
 IPv4Network('10.141.0.0/16'),
 IPv4Network('10.142.0.0/16'),
 IPv4Network('10.143.0.0/16')]
[IPv4Network('10.0.0.0/8'),
 IPv4Network('129.79.0.0/16'),
 IPv4Network('134.68.0.0/16'),
 IPv4Network('140.182.0.0/16'),
 IPv4Network('149.159.0.0/16'),
 IPv4Network('149.160.0.0/14'),
 IPv4Network('156.56.0.0/16'),
 IPv4Network('172.16.0.0/12'),
 IPv4Network('192.168.0.0/24'),
 IPv6Network('::/128'),
 IPv4Network('10.0.0.0/16'),
 IPv4Network('10.1.0.0/16'),
 IPv4Network('10.2.0.0/16'),
 IPv4Network('10.3.0.0/16'),
 IPv4Network('10.4.0.0/16'),
 IPv4Network('10.5.0.0/16'),
 IPv4Network('10.6.0.0/16'),
 IPv4Network('10.7.0.0/16'),
 IPv4Network('10.8.0.0/16'),
 IPv4Network('10.9.0.0/16'),
 IPv4Network('10.10.0.0/16'),
 IPv4Network('10.11.0.0/16'),
 IPv4Network('10.12.0.0/16'),
 IPv4Network('10.13.0.0/16'),
 IPv4Network('10.14.0.0/16'),
 IPv4Network('10.15.0.0/16'),
 IPv4Network('10.16.0.0/16'),
 IPv4Network('10.17.0.0/16'),
 IPv4Network('10.18.0.0/16'),
 IPv4Network('10.19.0.0/16'),
 IPv4Network('10.20.0.0/16'),
 IPv4Network('10.21.0.0/16'),
 IPv4Network('10.22.0.0/16'),
 IPv4Network('10.23.0.0/16'),
 IPv4Network('10.24.0.0/16'),
 IPv4Network('10.25.0.0/16'),
 IPv4Network('10.26.0.0/16'),
 IPv4Network('10.27.0.0/16'),
 IPv4Network('10.28.0.0/16'),
 IPv4Network('10.29.0.0/16'),
 IPv4Network('10.30.0.0/16'),
 IPv4Network('10.31.0.0/16'),
 IPv4Network('10.32.0.0/16'),
 IPv4Network('10.33.0.0/16'),
 IPv4Network('10.34.0.0/16'),
 IPv4Network('10.35.0.0/16'),
 IPv4Network('10.36.0.0/16'),
 IPv4Network('10.37.0.0/16'),
 IPv4Network('10.38.0.0/16'),
 IPv4Network('10.39.0.0/16'),
 IPv4Network('10.40.0.0/16'),
 IPv4Network('10.41.0.0/16'),
 IPv4Network('10.42.0.0/16'),
 IPv4Network('10.43.0.0/16'),
 IPv4Network('10.44.0.0/16'),
 IPv4Network('10.45.0.0/16'),
 IPv4Network('10.46.0.0/16'),
 IPv4Network('10.47.0.0/16'),
 IPv4Network('10.48.0.0/16'),
 IPv4Network('10.49.0.0/16'),
 IPv4Network('10.50.0.0/16'),
 IPv4Network('10.51.0.0/16'),
 IPv4Network('10.52.0.0/16'),
 IPv4Network('10.53.0.0/16'),
 IPv4Network('10.54.0.0/16'),
 IPv4Network('10.55.0.0/16'),
 IPv4Network('10.56.0.0/16'),
 IPv4Network('10.57.0.0/16'),
 IPv4Network('10.58.0.0/16'),
 IPv4Network('10.59.0.0/16'),
 IPv4Network('10.60.0.0/16'),
 IPv4Network('10.61.0.0/16'),
 IPv4Network('10.62.0.0/16'),
 IPv4Network('10.63.0.0/16'),
 IPv4Network('10.64.0.0/16'),
 IPv4Network('10.65.0.0/16'),
 IPv4Network('10.66.0.0/16'),
 IPv4Network('10.67.0.0/16'),
 IPv4Network('10.68.0.0/16'),
 IPv4Network('10.69.0.0/16'),
 IPv4Network('10.70.0.0/16'),
 IPv4Network('10.71.0.0/16'),
 IPv4Network('10.72.0.0/16'),
 IPv4Network('10.73.0.0/16'),
 IPv4Network('10.74.0.0/16'),
 IPv4Network('10.75.0.0/16'),
 IPv4Network('10.76.0.0/16'),
 IPv4Network('10.77.0.0/16'),
 IPv4Network('10.78.0.0/16'),
 IPv4Network('10.79.0.0/16'),
 IPv4Network('10.80.0.0/16'),
 IPv4Network('10.81.0.0/16'),
 IPv4Network('10.82.0.0/16'),
 IPv4Network('10.83.0.0/16'),
 IPv4Network('10.84.0.0/16'),
 IPv4Network('10.85.0.0/16'),
 IPv4Network('10.86.0.0/16'),
 IPv4Network('10.87.0.0/16'),
 IPv4Network('10.88.0.0/16'),
 IPv4Network('10.89.0.0/16'),
 IPv4Network('10.90.0.0/16'),
 IPv4Network('10.91.0.0/16'),
 IPv4Network('10.92.0.0/16'),
 IPv4Network('10.93.0.0/16'),
 IPv4Network('10.94.0.0/16'),
 IPv4Network('10.95.0.0/16'),
 IPv4Network('10.96.0.0/16'),
 IPv4Network('10.97.0.0/16'),
 IPv4Network('10.98.0.0/16'),
 IPv4Network('10.99.0.0/16'),
 IPv4Network('10.100.0.0/16'),
 IPv4Network('10.101.0.0/16'),
 IPv4Network('10.102.0.0/16'),
 IPv4Network('10.103.0.0/16'),
 IPv4Network('10.104.0.0/16'),
 IPv4Network('10.105.0.0/16'),
 IPv4Network('10.106.0.0/16'),
 IPv4Network('10.107.0.0/16'),
 IPv4Network('10.108.0.0/16'),
 IPv4Network('10.109.0.0/16'),
 IPv4Network('10.110.0.0/16'),
 IPv4Network('10.111.0.0/16'),
 IPv4Network('10.112.0.0/16'),
 IPv4Network('10.113.0.0/16'),
 IPv4Network('10.114.0.0/16'),
 IPv4Network('10.115.0.0/16'),
 IPv4Network('10.116.0.0/16'),
 IPv4Network('10.117.0.0/16'),
 IPv4Network('10.118.0.0/16'),
 IPv4Network('10.119.0.0/16'),
 IPv4Network('10.120.0.0/16'),
 IPv4Network('10.121.0.0/16'),
 IPv4Network('10.122.0.0/16'),
 IPv4Network('10.123.0.0/16'),
 IPv4Network('10.124.0.0/16'),
 IPv4Network('10.125.0.0/16'),
 IPv4Network('10.126.0.0/16'),
 IPv4Network('10.127.0.0/16'),
 IPv4Network('10.128.0.0/16'),
 IPv4Network('10.129.0.0/16'),
 IPv4Network('10.130.0.0/16'),
 IPv4Network('10.131.0.0/16'),
 IPv4Network('10.132.0.0/16'),
 IPv4Network('10.133.0.0/16'),
 IPv4Network('10.134.0.0/16'),
 IPv4Network('10.135.0.0/16'),
 IPv4Network('10.136.0.0/16'),
 IPv4Network('10.137.0.0/16'),
 IPv4Network('10.138.0.0/16'),
 IPv4Network('10.139.0.0/16'),
 IPv4Network('10.140.0.0/16'),
 IPv4Network('10.141.0.0/16'),
 IPv4Network('10.142.0.0/16'),
 IPv4Network('10.143.0.0/16')]
[IPv4Network('10.0.0.0/8'),
 IPv4Network('129.79.0.0/16'),
 IPv4Network('134.68.0.0/16'),
 IPv4Network('140.182.0.0/16'),
 IPv4Network('149.159.0.0/16'),
 IPv4Network('149.160.0.0/14'),
 IPv4Network('156.56.0.0/16'),
 IPv4Network('172.16.0.0/12'),
 IPv4Network('192.168.0.0/24'),
 IPv6Network('::/128'),
 IPv4Network('10.0.0.0/16'),
 IPv4Network('10.1.0.0/16'),
 IPv4Network('10.2.0.0/16'),
 IPv4Network('10.3.0.0/16'),
 IPv4Network('10.4.0.0/16'),
 IPv4Network('10.5.0.0/16'),
 IPv4Network('10.6.0.0/16'),
 IPv4Network('10.7.0.0/16'),
 IPv4Network('10.8.0.0/16'),
 IPv4Network('10.9.0.0/16'),
 IPv4Network('10.10.0.0/16'),
 IPv4Network('10.11.0.0/16'),
 IPv4Network('10.12.0.0/16'),
 IPv4Network('10.13.0.0/16'),
 IPv4Network('10.14.0.0/16'),
 IPv4Network('10.15.0.0/16'),
 IPv4Network('10.16.0.0/16'),
 IPv4Network('10.17.0.0/16'),
 IPv4Network('10.18.0.0/16'),
 IPv4Network('10.19.0.0/16'),
 IPv4Network('10.20.0.0/16'),
 IPv4Network('10.21.0.0/16'),
 IPv4Network('10.22.0.0/16'),
 IPv4Network('10.23.0.0/16'),
 IPv4Network('10.24.0.0/16'),
 IPv4Network('10.25.0.0/16'),
 IPv4Network('10.26.0.0/16'),
 IPv4Network('10.27.0.0/16'),
 IPv4Network('10.28.0.0/16'),
 IPv4Network('10.29.0.0/16'),
 IPv4Network('10.30.0.0/16'),
 IPv4Network('10.31.0.0/16'),
 IPv4Network('10.32.0.0/16'),
 IPv4Network('10.33.0.0/16'),
 IPv4Network('10.34.0.0/16'),
 IPv4Network('10.35.0.0/16'),
 IPv4Network('10.36.0.0/16'),
 IPv4Network('10.37.0.0/16'),
 IPv4Network('10.38.0.0/16'),
 IPv4Network('10.39.0.0/16'),
 IPv4Network('10.40.0.0/16'),
 IPv4Network('10.41.0.0/16'),
 IPv4Network('10.42.0.0/16'),
 IPv4Network('10.43.0.0/16'),
 IPv4Network('10.44.0.0/16'),
 IPv4Network('10.45.0.0/16'),
 IPv4Network('10.46.0.0/16'),
 IPv4Network('10.47.0.0/16'),
 IPv4Network('10.48.0.0/16'),
 IPv4Network('10.49.0.0/16'),
 IPv4Network('10.50.0.0/16'),
 IPv4Network('10.51.0.0/16'),
 IPv4Network('10.52.0.0/16'),
 IPv4Network('10.53.0.0/16'),
 IPv4Network('10.54.0.0/16'),
 IPv4Network('10.55.0.0/16'),
 IPv4Network('10.56.0.0/16'),
 IPv4Network('10.57.0.0/16'),
 IPv4Network('10.58.0.0/16'),
 IPv4Network('10.59.0.0/16'),
 IPv4Network('10.60.0.0/16'),
 IPv4Network('10.61.0.0/16'),
 IPv4Network('10.62.0.0/16'),
 IPv4Network('10.63.0.0/16'),
 IPv4Network('10.64.0.0/16'),
 IPv4Network('10.65.0.0/16'),
 IPv4Network('10.66.0.0/16'),
 IPv4Network('10.67.0.0/16'),
 IPv4Network('10.68.0.0/16'),
 IPv4Network('10.69.0.0/16'),
 IPv4Network('10.70.0.0/16'),
 IPv4Network('10.71.0.0/16'),
 IPv4Network('10.72.0.0/16'),
 IPv4Network('10.73.0.0/16'),
 IPv4Network('10.74.0.0/16'),
 IPv4Network('10.75.0.0/16'),
 IPv4Network('10.76.0.0/16'),
 IPv4Network('10.77.0.0/16'),
 IPv4Network('10.78.0.0/16'),
 IPv4Network('10.79.0.0/16'),
 IPv4Network('10.80.0.0/16'),
 IPv4Network('10.81.0.0/16'),
 IPv4Network('10.82.0.0/16'),
 IPv4Network('10.83.0.0/16'),
 IPv4Network('10.84.0.0/16'),
 IPv4Network('10.85.0.0/16'),
 IPv4Network('10.86.0.0/16'),
 IPv4Network('10.87.0.0/16'),
 IPv4Network('10.88.0.0/16'),
 IPv4Network('10.89.0.0/16'),
 IPv4Network('10.90.0.0/16'),
 IPv4Network('10.91.0.0/16'),
 IPv4Network('10.92.0.0/16'),
 IPv4Network('10.93.0.0/16'),
 IPv4Network('10.94.0.0/16'),
 IPv4Network('10.95.0.0/16'),
 IPv4Network('10.96.0.0/16'),
 IPv4Network('10.97.0.0/16'),
 IPv4Network('10.98.0.0/16'),
 IPv4Network('10.99.0.0/16'),
 IPv4Network('10.100.0.0/16'),
 IPv4Network('10.101.0.0/16'),
 IPv4Network('10.102.0.0/16'),
 IPv4Network('10.103.0.0/16'),
 IPv4Network('10.104.0.0/16'),
 IPv4Network('10.105.0.0/16'),
 IPv4Network('10.106.0.0/16'),
 IPv4Network('10.107.0.0/16'),
 IPv4Network('10.108.0.0/16'),
 IPv4Network('10.109.0.0/16'),
 IPv4Network('10.110.0.0/16'),
 IPv4Network('10.111.0.0/16'),
 IPv4Network('10.112.0.0/16'),
 IPv4Network('10.113.0.0/16'),
 IPv4Network('10.114.0.0/16'),
 IPv4Network('10.115.0.0/16'),
 IPv4Network('10.116.0.0/16'),
 IPv4Network('10.117.0.0/16'),
 IPv4Network('10.118.0.0/16'),
 IPv4Network('10.119.0.0/16'),
 IPv4Network('10.120.0.0/16'),
 IPv4Network('10.121.0.0/16'),
 IPv4Network('10.122.0.0/16'),
 IPv4Network('10.123.0.0/16'),
 IPv4Network('10.124.0.0/16'),
 IPv4Network('10.125.0.0/16'),
 IPv4Network('10.126.0.0/16'),
 IPv4Network('10.127.0.0/16'),
 IPv4Network('10.128.0.0/16'),
 IPv4Network('10.129.0.0/16'),
 IPv4Network('10.130.0.0/16'),
 IPv4Network('10.131.0.0/16'),
 IPv4Network('10.132.0.0/16'),
 IPv4Network('10.133.0.0/16'),
 IPv4Network('10.134.0.0/16'),
 IPv4Network('10.135.0.0/16'),
 IPv4Network('10.136.0.0/16'),
 IPv4Network('10.137.0.0/16'),
 IPv4Network('10.138.0.0/16'),
 IPv4Network('10.139.0.0/16'),
 IPv4Network('10.140.0.0/16'),
 IPv4Network('10.141.0.0/16'),
 IPv4Network('10.142.0.0/16'),
 IPv4Network('10.143.0.0/16')]
[IPv4Network('10.0.0.0/8'),
 IPv4Network('129.79.0.0/16'),
 IPv4Network('134.68.0.0/16'),
 IPv4Network('140.182.0.0/16'),
 IPv4Network('149.159.0.0/16'),
 IPv4Network('149.160.0.0/14'),
 IPv4Network('156.56.0.0/16'),
 IPv4Network('172.16.0.0/12'),
 IPv4Network('192.168.0.0/24'),
 IPv6Network('::/128'),
 IPv4Network('10.0.0.0/16'),
 IPv4Network('10.1.0.0/16'),
 IPv4Network('10.2.0.0/16'),
 IPv4Network('10.3.0.0/16'),
 IPv4Network('10.4.0.0/16'),
 IPv4Network('10.5.0.0/16'),
 IPv4Network('10.6.0.0/16'),
 IPv4Network('10.7.0.0/16'),
 IPv4Network('10.8.0.0/16'),
 IPv4Network('10.9.0.0/16'),
 IPv4Network('10.10.0.0/16'),
 IPv4Network('10.11.0.0/16'),
 IPv4Network('10.12.0.0/16'),
 IPv4Network('10.13.0.0/16'),
 IPv4Network('10.14.0.0/16'),
 IPv4Network('10.15.0.0/16'),
 IPv4Network('10.16.0.0/16'),
 IPv4Network('10.17.0.0/16'),
 IPv4Network('10.18.0.0/16'),
 IPv4Network('10.19.0.0/16'),
 IPv4Network('10.20.0.0/16'),
 IPv4Network('10.21.0.0/16'),
 IPv4Network('10.22.0.0/16'),
 IPv4Network('10.23.0.0/16'),
 IPv4Network('10.24.0.0/16'),
 IPv4Network('10.25.0.0/16'),
 IPv4Network('10.26.0.0/16'),
 IPv4Network('10.27.0.0/16'),
 IPv4Network('10.28.0.0/16'),
 IPv4Network('10.29.0.0/16'),
 IPv4Network('10.30.0.0/16'),
 IPv4Network('10.31.0.0/16'),
 IPv4Network('10.32.0.0/16'),
 IPv4Network('10.33.0.0/16'),
 IPv4Network('10.34.0.0/16'),
 IPv4Network('10.35.0.0/16'),
 IPv4Network('10.36.0.0/16'),
 IPv4Network('10.37.0.0/16'),
 IPv4Network('10.38.0.0/16'),
 IPv4Network('10.39.0.0/16'),
 IPv4Network('10.40.0.0/16'),
 IPv4Network('10.41.0.0/16'),
 IPv4Network('10.42.0.0/16'),
 IPv4Network('10.43.0.0/16'),
 IPv4Network('10.44.0.0/16'),
 IPv4Network('10.45.0.0/16'),
 IPv4Network('10.46.0.0/16'),
 IPv4Network('10.47.0.0/16'),
 IPv4Network('10.48.0.0/16'),
 IPv4Network('10.49.0.0/16'),
 IPv4Network('10.50.0.0/16'),
 IPv4Network('10.51.0.0/16'),
 IPv4Network('10.52.0.0/16'),
 IPv4Network('10.53.0.0/16'),
 IPv4Network('10.54.0.0/16'),
 IPv4Network('10.55.0.0/16'),
 IPv4Network('10.56.0.0/16'),
 IPv4Network('10.57.0.0/16'),
 IPv4Network('10.58.0.0/16'),
 IPv4Network('10.59.0.0/16'),
 IPv4Network('10.60.0.0/16'),
 IPv4Network('10.61.0.0/16'),
 IPv4Network('10.62.0.0/16'),
 IPv4Network('10.63.0.0/16'),
 IPv4Network('10.64.0.0/16'),
 IPv4Network('10.65.0.0/16'),
 IPv4Network('10.66.0.0/16'),
 IPv4Network('10.67.0.0/16'),
 IPv4Network('10.68.0.0/16'),
 IPv4Network('10.69.0.0/16'),
 IPv4Network('10.70.0.0/16'),
 IPv4Network('10.71.0.0/16'),
 IPv4Network('10.72.0.0/16'),
 IPv4Network('10.73.0.0/16'),
 IPv4Network('10.74.0.0/16'),
 IPv4Network('10.75.0.0/16'),
 IPv4Network('10.76.0.0/16'),
 IPv4Network('10.77.0.0/16'),
 IPv4Network('10.78.0.0/16'),
 IPv4Network('10.79.0.0/16'),
 IPv4Network('10.80.0.0/16'),
 IPv4Network('10.81.0.0/16'),
 IPv4Network('10.82.0.0/16'),
 IPv4Network('10.83.0.0/16'),
 IPv4Network('10.84.0.0/16'),
 IPv4Network('10.85.0.0/16'),
 IPv4Network('10.86.0.0/16'),
 IPv4Network('10.87.0.0/16'),
 IPv4Network('10.88.0.0/16'),
 IPv4Network('10.89.0.0/16'),
 IPv4Network('10.90.0.0/16'),
 IPv4Network('10.91.0.0/16'),
 IPv4Network('10.92.0.0/16'),
 IPv4Network('10.93.0.0/16'),
 IPv4Network('10.94.0.0/16'),
 IPv4Network('10.95.0.0/16'),
 IPv4Network('10.96.0.0/16'),
 IPv4Network('10.97.0.0/16'),
 IPv4Network('10.98.0.0/16'),
 IPv4Network('10.99.0.0/16'),
 IPv4Network('10.100.0.0/16'),
 IPv4Network('10.101.0.0/16'),
 IPv4Network('10.102.0.0/16'),
 IPv4Network('10.103.0.0/16'),
 IPv4Network('10.104.0.0/16'),
 IPv4Network('10.105.0.0/16'),
 IPv4Network('10.106.0.0/16'),
 IPv4Network('10.107.0.0/16'),
 IPv4Network('10.108.0.0/16'),
 IPv4Network('10.109.0.0/16'),
 IPv4Network('10.110.0.0/16'),
 IPv4Network('10.111.0.0/16'),
 IPv4Network('10.112.0.0/16'),
 IPv4Network('10.113.0.0/16'),
 IPv4Network('10.114.0.0/16'),
 IPv4Network('10.115.0.0/16'),
 IPv4Network('10.116.0.0/16'),
 IPv4Network('10.117.0.0/16'),
 IPv4Network('10.118.0.0/16'),
 IPv4Network('10.119.0.0/16'),
 IPv4Network('10.120.0.0/16'),
 IPv4Network('10.121.0.0/16'),
 IPv4Network('10.122.0.0/16'),
 IPv4Network('10.123.0.0/16'),
 IPv4Network('10.124.0.0/16'),
 IPv4Network('10.125.0.0/16'),
 IPv4Network('10.126.0.0/16'),
 IPv4Network('10.127.0.0/16'),
 IPv4Network('10.128.0.0/16'),
 IPv4Network('10.129.0.0/16'),
 IPv4Network('10.130.0.0/16'),
 IPv4Network('10.131.0.0/16'),
 IPv4Network('10.132.0.0/16'),
 IPv4Network('10.133.0.0/16'),
 IPv4Network('10.134.0.0/16'),
 IPv4Network('10.135.0.0/16'),
 IPv4Network('10.136.0.0/16'),
 IPv4Network('10.137.0.0/16'),
 IPv4Network('10.138.0.0/16'),
 IPv4Network('10.139.0.0/16'),
 IPv4Network('10.140.0.0/16'),
 IPv4Network('10.141.0.0/16'),
 IPv4Network('10.142.0.0/16'),
 IPv4Network('10.143.0.0/16')]
[IPv4Network('10.0.0.0/8'),
 IPv4Network('129.79.0.0/16'),
 IPv4Network('134.68.0.0/16'),
 IPv4Network('140.182.0.0/16'),
 IPv4Network('149.159.0.0/16'),
 IPv4Network('149.160.0.0/14'),
 IPv4Network('156.56.0.0/16'),
 IPv4Network('172.16.0.0/12'),
 IPv4Network('192.168.0.0/24'),
 IPv6Network('::/128'),
 IPv4Network('10.0.0.0/16'),
 IPv4Network('10.1.0.0/16'),
 IPv4Network('10.2.0.0/16'),
 IPv4Network('10.3.0.0/16'),
 IPv4Network('10.4.0.0/16'),
 IPv4Network('10.5.0.0/16'),
 IPv4Network('10.6.0.0/16'),
 IPv4Network('10.7.0.0/16'),
 IPv4Network('10.8.0.0/16'),
 IPv4Network('10.9.0.0/16'),
 IPv4Network('10.10.0.0/16'),
 IPv4Network('10.11.0.0/16'),
 IPv4Network('10.12.0.0/16'),
 IPv4Network('10.13.0.0/16'),
 IPv4Network('10.14.0.0/16'),
 IPv4Network('10.15.0.0/16'),
 IPv4Network('10.16.0.0/16'),
 IPv4Network('10.17.0.0/16'),
 IPv4Network('10.18.0.0/16'),
 IPv4Network('10.19.0.0/16'),
 IPv4Network('10.20.0.0/16'),
 IPv4Network('10.21.0.0/16'),
 IPv4Network('10.22.0.0/16'),
 IPv4Network('10.23.0.0/16'),
 IPv4Network('10.24.0.0/16'),
 IPv4Network('10.25.0.0/16'),
 IPv4Network('10.26.0.0/16'),
 IPv4Network('10.27.0.0/16'),
 IPv4Network('10.28.0.0/16'),
 IPv4Network('10.29.0.0/16'),
 IPv4Network('10.30.0.0/16'),
 IPv4Network('10.31.0.0/16'),
 IPv4Network('10.32.0.0/16'),
 IPv4Network('10.33.0.0/16'),
 IPv4Network('10.34.0.0/16'),
 IPv4Network('10.35.0.0/16'),
 IPv4Network('10.36.0.0/16'),
 IPv4Network('10.37.0.0/16'),
 IPv4Network('10.38.0.0/16'),
 IPv4Network('10.39.0.0/16'),
 IPv4Network('10.40.0.0/16'),
 IPv4Network('10.41.0.0/16'),
 IPv4Network('10.42.0.0/16'),
 IPv4Network('10.43.0.0/16'),
 IPv4Network('10.44.0.0/16'),
 IPv4Network('10.45.0.0/16'),
 IPv4Network('10.46.0.0/16'),
 IPv4Network('10.47.0.0/16'),
 IPv4Network('10.48.0.0/16'),
 IPv4Network('10.49.0.0/16'),
 IPv4Network('10.50.0.0/16'),
 IPv4Network('10.51.0.0/16'),
 IPv4Network('10.52.0.0/16'),
 IPv4Network('10.53.0.0/16'),
 IPv4Network('10.54.0.0/16'),
 IPv4Network('10.55.0.0/16'),
 IPv4Network('10.56.0.0/16'),
 IPv4Network('10.57.0.0/16'),
 IPv4Network('10.58.0.0/16'),
 IPv4Network('10.59.0.0/16'),
 IPv4Network('10.60.0.0/16'),
 IPv4Network('10.61.0.0/16'),
 IPv4Network('10.62.0.0/16'),
 IPv4Network('10.63.0.0/16'),
 IPv4Network('10.64.0.0/16'),
 IPv4Network('10.65.0.0/16'),
 IPv4Network('10.66.0.0/16'),
 IPv4Network('10.67.0.0/16'),
 IPv4Network('10.68.0.0/16'),
 IPv4Network('10.69.0.0/16'),
 IPv4Network('10.70.0.0/16'),
 IPv4Network('10.71.0.0/16'),
 IPv4Network('10.72.0.0/16'),
 IPv4Network('10.73.0.0/16'),
 IPv4Network('10.74.0.0/16'),
 IPv4Network('10.75.0.0/16'),
 IPv4Network('10.76.0.0/16'),
 IPv4Network('10.77.0.0/16'),
 IPv4Network('10.78.0.0/16'),
 IPv4Network('10.79.0.0/16'),
 IPv4Network('10.80.0.0/16'),
 IPv4Network('10.81.0.0/16'),
 IPv4Network('10.82.0.0/16'),
 IPv4Network('10.83.0.0/16'),
 IPv4Network('10.84.0.0/16'),
 IPv4Network('10.85.0.0/16'),
 IPv4Network('10.86.0.0/16'),
 IPv4Network('10.87.0.0/16'),
 IPv4Network('10.88.0.0/16'),
 IPv4Network('10.89.0.0/16'),
 IPv4Network('10.90.0.0/16'),
 IPv4Network('10.91.0.0/16'),
 IPv4Network('10.92.0.0/16'),
 IPv4Network('10.93.0.0/16'),
 IPv4Network('10.94.0.0/16'),
 IPv4Network('10.95.0.0/16'),
 IPv4Network('10.96.0.0/16'),
 IPv4Network('10.97.0.0/16'),
 IPv4Network('10.98.0.0/16'),
 IPv4Network('10.99.0.0/16'),
 IPv4Network('10.100.0.0/16'),
 IPv4Network('10.101.0.0/16'),
 IPv4Network('10.102.0.0/16'),
 IPv4Network('10.103.0.0/16'),
 IPv4Network('10.104.0.0/16'),
 IPv4Network('10.105.0.0/16'),
 IPv4Network('10.106.0.0/16'),
 IPv4Network('10.107.0.0/16'),
 IPv4Network('10.108.0.0/16'),
 IPv4Network('10.109.0.0/16'),
 IPv4Network('10.110.0.0/16'),
 IPv4Network('10.111.0.0/16'),
 IPv4Network('10.112.0.0/16'),
 IPv4Network('10.113.0.0/16'),
 IPv4Network('10.114.0.0/16'),
 IPv4Network('10.115.0.0/16'),
 IPv4Network('10.116.0.0/16'),
 IPv4Network('10.117.0.0/16'),
 IPv4Network('10.118.0.0/16'),
 IPv4Network('10.119.0.0/16'),
 IPv4Network('10.120.0.0/16'),
 IPv4Network('10.121.0.0/16'),
 IPv4Network('10.122.0.0/16'),
 IPv4Network('10.123.0.0/16'),
 IPv4Network('10.124.0.0/16'),
 IPv4Network('10.125.0.0/16'),
 IPv4Network('10.126.0.0/16'),
 IPv4Network('10.127.0.0/16'),
 IPv4Network('10.128.0.0/16'),
 IPv4Network('10.129.0.0/16'),
 IPv4Network('10.130.0.0/16'),
 IPv4Network('10.131.0.0/16'),
 IPv4Network('10.132.0.0/16'),
 IPv4Network('10.133.0.0/16'),
 IPv4Network('10.134.0.0/16'),
 IPv4Network('10.135.0.0/16'),
 IPv4Network('10.136.0.0/16'),
 IPv4Network('10.137.0.0/16'),
 IPv4Network('10.138.0.0/16'),
 IPv4Network('10.139.0.0/16'),
 IPv4Network('10.140.0.0/16'),
 IPv4Network('10.141.0.0/16'),
 IPv4Network('10.142.0.0/16'),
 IPv4Network('10.143.0.0/16'),
 IPv4Network('10.144.0.0/16'),
 IPv4Network('10.145.0.0/16')]
[IPv4Network('10.0.0.0/8'),
 IPv4Network('129.79.0.0/16'),
 IPv4Network('134.68.0.0/16'),
 IPv4Network('140.182.0.0/16'),
 IPv4Network('149.159.0.0/16'),
 IPv4Network('149.160.0.0/14'),
 IPv4Network('156.56.0.0/16'),
 IPv4Network('172.16.0.0/12'),
 IPv4Network('192.168.0.0/24'),
 IPv6Network('::/128'),
 IPv4Network('10.0.0.0/16'),
 IPv4Network('10.1.0.0/16'),
 IPv4Network('10.2.0.0/16'),
 IPv4Network('10.3.0.0/16'),
 IPv4Network('10.4.0.0/16'),
 IPv4Network('10.5.0.0/16'),
 IPv4Network('10.6.0.0/16'),
 IPv4Network('10.7.0.0/16'),
 IPv4Network('10.8.0.0/16'),
 IPv4Network('10.9.0.0/16'),
 IPv4Network('10.10.0.0/16'),
 IPv4Network('10.11.0.0/16'),
 IPv4Network('10.12.0.0/16'),
 IPv4Network('10.13.0.0/16'),
 IPv4Network('10.14.0.0/16'),
 IPv4Network('10.15.0.0/16'),
 IPv4Network('10.16.0.0/16'),
 IPv4Network('10.17.0.0/16'),
 IPv4Network('10.18.0.0/16'),
 IPv4Network('10.19.0.0/16'),
 IPv4Network('10.20.0.0/16'),
 IPv4Network('10.21.0.0/16'),
 IPv4Network('10.22.0.0/16'),
 IPv4Network('10.23.0.0/16'),
 IPv4Network('10.24.0.0/16'),
 IPv4Network('10.25.0.0/16'),
 IPv4Network('10.26.0.0/16'),
 IPv4Network('10.27.0.0/16'),
 IPv4Network('10.28.0.0/16'),
 IPv4Network('10.29.0.0/16'),
 IPv4Network('10.30.0.0/16'),
 IPv4Network('10.31.0.0/16'),
 IPv4Network('10.32.0.0/16'),
 IPv4Network('10.33.0.0/16'),
 IPv4Network('10.34.0.0/16'),
 IPv4Network('10.35.0.0/16'),
 IPv4Network('10.36.0.0/16'),
 IPv4Network('10.37.0.0/16'),
 IPv4Network('10.38.0.0/16'),
 IPv4Network('10.39.0.0/16'),
 IPv4Network('10.40.0.0/16'),
 IPv4Network('10.41.0.0/16'),
 IPv4Network('10.42.0.0/16'),
 IPv4Network('10.43.0.0/16'),
 IPv4Network('10.44.0.0/16'),
 IPv4Network('10.45.0.0/16'),
 IPv4Network('10.46.0.0/16'),
 IPv4Network('10.47.0.0/16'),
 IPv4Network('10.48.0.0/16'),
 IPv4Network('10.49.0.0/16'),
 IPv4Network('10.50.0.0/16'),
 IPv4Network('10.51.0.0/16'),
 IPv4Network('10.52.0.0/16'),
 IPv4Network('10.53.0.0/16'),
 IPv4Network('10.54.0.0/16'),
 IPv4Network('10.55.0.0/16'),
 IPv4Network('10.56.0.0/16'),
 IPv4Network('10.57.0.0/16'),
 IPv4Network('10.58.0.0/16'),
 IPv4Network('10.59.0.0/16'),
 IPv4Network('10.60.0.0/16'),
 IPv4Network('10.61.0.0/16'),
 IPv4Network('10.62.0.0/16'),
 IPv4Network('10.63.0.0/16'),
 IPv4Network('10.64.0.0/16'),
 IPv4Network('10.65.0.0/16'),
 IPv4Network('10.66.0.0/16'),
 IPv4Network('10.67.0.0/16'),
 IPv4Network('10.68.0.0/16'),
 IPv4Network('10.69.0.0/16'),
 IPv4Network('10.70.0.0/16'),
 IPv4Network('10.71.0.0/16'),
 IPv4Network('10.72.0.0/16'),
 IPv4Network('10.73.0.0/16'),
 IPv4Network('10.74.0.0/16'),
 IPv4Network('10.75.0.0/16'),
 IPv4Network('10.76.0.0/16'),
 IPv4Network('10.77.0.0/16'),
 IPv4Network('10.78.0.0/16'),
 IPv4Network('10.79.0.0/16'),
 IPv4Network('10.80.0.0/16'),
 IPv4Network('10.81.0.0/16'),
 IPv4Network('10.82.0.0/16'),
 IPv4Network('10.83.0.0/16'),
 IPv4Network('10.84.0.0/16'),
 IPv4Network('10.85.0.0/16'),
 IPv4Network('10.86.0.0/16'),
 IPv4Network('10.87.0.0/16'),
 IPv4Network('10.88.0.0/16'),
 IPv4Network('10.89.0.0/16'),
 IPv4Network('10.90.0.0/16'),
 IPv4Network('10.91.0.0/16'),
 IPv4Network('10.92.0.0/16'),
 IPv4Network('10.93.0.0/16'),
 IPv4Network('10.94.0.0/16'),
 IPv4Network('10.95.0.0/16'),
 IPv4Network('10.96.0.0/16'),
 IPv4Network('10.97.0.0/16'),
 IPv4Network('10.98.0.0/16'),
 IPv4Network('10.99.0.0/16'),
 IPv4Network('10.100.0.0/16'),
 IPv4Network('10.101.0.0/16'),
 IPv4Network('10.102.0.0/16'),
 IPv4Network('10.103.0.0/16'),
 IPv4Network('10.104.0.0/16'),
 IPv4Network('10.105.0.0/16'),
 IPv4Network('10.106.0.0/16'),
 IPv4Network('10.107.0.0/16'),
 IPv4Network('10.108.0.0/16'),
 IPv4Network('10.109.0.0/16'),
 IPv4Network('10.110.0.0/16'),
 IPv4Network('10.111.0.0/16'),
 IPv4Network('10.112.0.0/16'),
 IPv4Network('10.113.0.0/16'),
 IPv4Network('10.114.0.0/16'),
 IPv4Network('10.115.0.0/16'),
 IPv4Network('10.116.0.0/16'),
 IPv4Network('10.117.0.0/16'),
 IPv4Network('10.118.0.0/16'),
 IPv4Network('10.119.0.0/16'),
 IPv4Network('10.120.0.0/16'),
 IPv4Network('10.121.0.0/16'),
 IPv4Network('10.122.0.0/16'),
 IPv4Network('10.123.0.0/16'),
 IPv4Network('10.124.0.0/16'),
 IPv4Network('10.125.0.0/16'),
 IPv4Network('10.126.0.0/16'),
 IPv4Network('10.127.0.0/16'),
 IPv4Network('10.128.0.0/16'),
 IPv4Network('10.129.0.0/16'),
 IPv4Network('10.130.0.0/16'),
 IPv4Network('10.131.0.0/16'),
 IPv4Network('10.132.0.0/16'),
 IPv4Network('10.133.0.0/16'),
 IPv4Network('10.134.0.0/16'),
 IPv4Network('10.135.0.0/16'),
 IPv4Network('10.136.0.0/16'),
 IPv4Network('10.137.0.0/16'),
 IPv4Network('10.138.0.0/16'),
 IPv4Network('10.139.0.0/16'),
 IPv4Network('10.140.0.0/16'),
 IPv4Network('10.141.0.0/16'),
 IPv4Network('10.142.0.0/16'),
 IPv4Network('10.143.0.0/16'),
 IPv4Network('10.144.0.0/16'),
 IPv4Network('10.145.0.0/16'),
 IPv4Network('10.146.0.0/16'),
 IPv4Network('10.147.0.0/16')]
[IPv4Network('10.0.0.0/8'),
 IPv4Network('129.79.0.0/16'),
 IPv4Network('134.68.0.0/16'),
 IPv4Network('140.182.0.0/16'),
 IPv4Network('149.159.0.0/16'),
 IPv4Network('149.160.0.0/14'),
 IPv4Network('156.56.0.0/16'),
 IPv4Network('172.16.0.0/12'),
 IPv4Network('192.168.0.0/24'),
 IPv6Network('::/128'),
 IPv4Network('10.0.0.0/16'),
 IPv4Network('10.1.0.0/16'),
 IPv4Network('10.2.0.0/16'),
 IPv4Network('10.3.0.0/16'),
 IPv4Network('10.4.0.0/16'),
 IPv4Network('10.5.0.0/16'),
 IPv4Network('10.6.0.0/16'),
 IPv4Network('10.7.0.0/16'),
 IPv4Network('10.8.0.0/16'),
 IPv4Network('10.9.0.0/16'),
 IPv4Network('10.10.0.0/16'),
 IPv4Network('10.11.0.0/16'),
 IPv4Network('10.12.0.0/16'),
 IPv4Network('10.13.0.0/16'),
 IPv4Network('10.14.0.0/16'),
 IPv4Network('10.15.0.0/16'),
 IPv4Network('10.16.0.0/16'),
 IPv4Network('10.17.0.0/16'),
 IPv4Network('10.18.0.0/16'),
 IPv4Network('10.19.0.0/16'),
 IPv4Network('10.20.0.0/16'),
 IPv4Network('10.21.0.0/16'),
 IPv4Network('10.22.0.0/16'),
 IPv4Network('10.23.0.0/16'),
 IPv4Network('10.24.0.0/16'),
 IPv4Network('10.25.0.0/16'),
 IPv4Network('10.26.0.0/16'),
 IPv4Network('10.27.0.0/16'),
 IPv4Network('10.28.0.0/16'),
 IPv4Network('10.29.0.0/16'),
 IPv4Network('10.30.0.0/16'),
 IPv4Network('10.31.0.0/16'),
 IPv4Network('10.32.0.0/16'),
 IPv4Network('10.33.0.0/16'),
 IPv4Network('10.34.0.0/16'),
 IPv4Network('10.35.0.0/16'),
 IPv4Network('10.36.0.0/16'),
 IPv4Network('10.37.0.0/16'),
 IPv4Network('10.38.0.0/16'),
 IPv4Network('10.39.0.0/16'),
 IPv4Network('10.40.0.0/16'),
 IPv4Network('10.41.0.0/16'),
 IPv4Network('10.42.0.0/16'),
 IPv4Network('10.43.0.0/16'),
 IPv4Network('10.44.0.0/16'),
 IPv4Network('10.45.0.0/16'),
 IPv4Network('10.46.0.0/16'),
 IPv4Network('10.47.0.0/16'),
 IPv4Network('10.48.0.0/16'),
 IPv4Network('10.49.0.0/16'),
 IPv4Network('10.50.0.0/16'),
 IPv4Network('10.51.0.0/16'),
 IPv4Network('10.52.0.0/16'),
 IPv4Network('10.53.0.0/16'),
 IPv4Network('10.54.0.0/16'),
 IPv4Network('10.55.0.0/16'),
 IPv4Network('10.56.0.0/16'),
 IPv4Network('10.57.0.0/16'),
 IPv4Network('10.58.0.0/16'),
 IPv4Network('10.59.0.0/16'),
 IPv4Network('10.60.0.0/16'),
 IPv4Network('10.61.0.0/16'),
 IPv4Network('10.62.0.0/16'),
 IPv4Network('10.63.0.0/16'),
 IPv4Network('10.64.0.0/16'),
 IPv4Network('10.65.0.0/16'),
 IPv4Network('10.66.0.0/16'),
 IPv4Network('10.67.0.0/16'),
 IPv4Network('10.68.0.0/16'),
 IPv4Network('10.69.0.0/16'),
 IPv4Network('10.70.0.0/16'),
 IPv4Network('10.71.0.0/16'),
 IPv4Network('10.72.0.0/16'),
 IPv4Network('10.73.0.0/16'),
 IPv4Network('10.74.0.0/16'),
 IPv4Network('10.75.0.0/16'),
 IPv4Network('10.76.0.0/16'),
 IPv4Network('10.77.0.0/16'),
 IPv4Network('10.78.0.0/16'),
 IPv4Network('10.79.0.0/16'),
 IPv4Network('10.80.0.0/16'),
 IPv4Network('10.81.0.0/16'),
 IPv4Network('10.82.0.0/16'),
 IPv4Network('10.83.0.0/16'),
 IPv4Network('10.84.0.0/16'),
 IPv4Network('10.85.0.0/16'),
 IPv4Network('10.86.0.0/16'),
 IPv4Network('10.87.0.0/16'),
 IPv4Network('10.88.0.0/16'),
 IPv4Network('10.89.0.0/16'),
 IPv4Network('10.90.0.0/16'),
 IPv4Network('10.91.0.0/16'),
 IPv4Network('10.92.0.0/16'),
 IPv4Network('10.93.0.0/16'),
 IPv4Network('10.94.0.0/16'),
 IPv4Network('10.95.0.0/16'),
 IPv4Network('10.96.0.0/16'),
 IPv4Network('10.97.0.0/16'),
 IPv4Network('10.98.0.0/16'),
 IPv4Network('10.99.0.0/16'),
 IPv4Network('10.100.0.0/16'),
 IPv4Network('10.101.0.0/16'),
 IPv4Network('10.102.0.0/16'),
 IPv4Network('10.103.0.0/16'),
 IPv4Network('10.104.0.0/16'),
 IPv4Network('10.105.0.0/16'),
 IPv4Network('10.106.0.0/16'),
 IPv4Network('10.107.0.0/16'),
 IPv4Network('10.108.0.0/16'),
 IPv4Network('10.109.0.0/16'),
 IPv4Network('10.110.0.0/16'),
 IPv4Network('10.111.0.0/16'),
 IPv4Network('10.112.0.0/16'),
 IPv4Network('10.113.0.0/16'),
 IPv4Network('10.114.0.0/16'),
 IPv4Network('10.115.0.0/16'),
 IPv4Network('10.116.0.0/16'),
 IPv4Network('10.117.0.0/16'),
 IPv4Network('10.118.0.0/16'),
 IPv4Network('10.119.0.0/16'),
 IPv4Network('10.120.0.0/16'),
 IPv4Network('10.121.0.0/16'),
 IPv4Network('10.122.0.0/16'),
 IPv4Network('10.123.0.0/16'),
 IPv4Network('10.124.0.0/16'),
 IPv4Network('10.125.0.0/16'),
 IPv4Network('10.126.0.0/16'),
 IPv4Network('10.127.0.0/16'),
 IPv4Network('10.128.0.0/16'),
 IPv4Network('10.129.0.0/16'),
 IPv4Network('10.130.0.0/16'),
 IPv4Network('10.131.0.0/16'),
 IPv4Network('10.132.0.0/16'),
 IPv4Network('10.133.0.0/16'),
 IPv4Network('10.134.0.0/16'),
 IPv4Network('10.135.0.0/16'),
 IPv4Network('10.136.0.0/16'),
 IPv4Network('10.137.0.0/16'),
 IPv4Network('10.138.0.0/16'),
 IPv4Network('10.139.0.0/16'),
 IPv4Network('10.140.0.0/16'),
 IPv4Network('10.141.0.0/16'),
 IPv4Network('10.142.0.0/16'),
 IPv4Network('10.143.0.0/16'),
 IPv4Network('10.144.0.0/16'),
 IPv4Network('10.145.0.0/16'),
 IPv4Network('10.146.0.0/16'),
 IPv4Network('10.147.0.0/16')]
[IPv4Network('10.0.0.0/8'),
 IPv4Network('129.79.0.0/16'),
 IPv4Network('134.68.0.0/16'),
 IPv4Network('140.182.0.0/16'),
 IPv4Network('149.159.0.0/16'),
 IPv4Network('149.160.0.0/14'),
 IPv4Network('156.56.0.0/16'),
 IPv4Network('172.16.0.0/12'),
 IPv4Network('192.168.0.0/24'),
 IPv6Network('::/128'),
 IPv4Network('10.0.0.0/16'),
 IPv4Network('10.1.0.0/16'),
 IPv4Network('10.2.0.0/16'),
 IPv4Network('10.3.0.0/16'),
 IPv4Network('10.4.0.0/16'),
 IPv4Network('10.5.0.0/16'),
 IPv4Network('10.6.0.0/16'),
 IPv4Network('10.7.0.0/16'),
 IPv4Network('10.8.0.0/16'),
 IPv4Network('10.9.0.0/16'),
 IPv4Network('10.10.0.0/16'),
 IPv4Network('10.11.0.0/16'),
 IPv4Network('10.12.0.0/16'),
 IPv4Network('10.13.0.0/16'),
 IPv4Network('10.14.0.0/16'),
 IPv4Network('10.15.0.0/16'),
 IPv4Network('10.16.0.0/16'),
 IPv4Network('10.17.0.0/16'),
 IPv4Network('10.18.0.0/16'),
 IPv4Network('10.19.0.0/16'),
 IPv4Network('10.20.0.0/16'),
 IPv4Network('10.21.0.0/16'),
 IPv4Network('10.22.0.0/16'),
 IPv4Network('10.23.0.0/16'),
 IPv4Network('10.24.0.0/16'),
 IPv4Network('10.25.0.0/16'),
 IPv4Network('10.26.0.0/16'),
 IPv4Network('10.27.0.0/16'),
 IPv4Network('10.28.0.0/16'),
 IPv4Network('10.29.0.0/16'),
 IPv4Network('10.30.0.0/16'),
 IPv4Network('10.31.0.0/16'),
 IPv4Network('10.32.0.0/16'),
 IPv4Network('10.33.0.0/16'),
 IPv4Network('10.34.0.0/16'),
 IPv4Network('10.35.0.0/16'),
 IPv4Network('10.36.0.0/16'),
 IPv4Network('10.37.0.0/16'),
 IPv4Network('10.38.0.0/16'),
 IPv4Network('10.39.0.0/16'),
 IPv4Network('10.40.0.0/16'),
 IPv4Network('10.41.0.0/16'),
 IPv4Network('10.42.0.0/16'),
 IPv4Network('10.43.0.0/16'),
 IPv4Network('10.44.0.0/16'),
 IPv4Network('10.45.0.0/16'),
 IPv4Network('10.46.0.0/16'),
 IPv4Network('10.47.0.0/16'),
 IPv4Network('10.48.0.0/16'),
 IPv4Network('10.49.0.0/16'),
 IPv4Network('10.50.0.0/16'),
 IPv4Network('10.51.0.0/16'),
 IPv4Network('10.52.0.0/16'),
 IPv4Network('10.53.0.0/16'),
 IPv4Network('10.54.0.0/16'),
 IPv4Network('10.55.0.0/16'),
 IPv4Network('10.56.0.0/16'),
 IPv4Network('10.57.0.0/16'),
 IPv4Network('10.58.0.0/16'),
 IPv4Network('10.59.0.0/16'),
 IPv4Network('10.60.0.0/16'),
 IPv4Network('10.61.0.0/16'),
 IPv4Network('10.62.0.0/16'),
 IPv4Network('10.63.0.0/16'),
 IPv4Network('10.64.0.0/16'),
 IPv4Network('10.65.0.0/16'),
 IPv4Network('10.66.0.0/16'),
 IPv4Network('10.67.0.0/16'),
 IPv4Network('10.68.0.0/16'),
 IPv4Network('10.69.0.0/16'),
 IPv4Network('10.70.0.0/16'),
 IPv4Network('10.71.0.0/16'),
 IPv4Network('10.72.0.0/16'),
 IPv4Network('10.73.0.0/16'),
 IPv4Network('10.74.0.0/16'),
 IPv4Network('10.75.0.0/16'),
 IPv4Network('10.76.0.0/16'),
 IPv4Network('10.77.0.0/16'),
 IPv4Network('10.78.0.0/16'),
 IPv4Network('10.79.0.0/16'),
 IPv4Network('10.80.0.0/16'),
 IPv4Network('10.81.0.0/16'),
 IPv4Network('10.82.0.0/16'),
 IPv4Network('10.83.0.0/16'),
 IPv4Network('10.84.0.0/16'),
 IPv4Network('10.85.0.0/16'),
 IPv4Network('10.86.0.0/16'),
 IPv4Network('10.87.0.0/16'),
 IPv4Network('10.88.0.0/16'),
 IPv4Network('10.89.0.0/16'),
 IPv4Network('10.90.0.0/16'),
 IPv4Network('10.91.0.0/16'),
 IPv4Network('10.92.0.0/16'),
 IPv4Network('10.93.0.0/16'),
 IPv4Network('10.94.0.0/16'),
 IPv4Network('10.95.0.0/16'),
 IPv4Network('10.96.0.0/16'),
 IPv4Network('10.97.0.0/16'),
 IPv4Network('10.98.0.0/16'),
 IPv4Network('10.99.0.0/16'),
 IPv4Network('10.100.0.0/16'),
 IPv4Network('10.101.0.0/16'),
 IPv4Network('10.102.0.0/16'),
 IPv4Network('10.103.0.0/16'),
 IPv4Network('10.104.0.0/16'),
 IPv4Network('10.105.0.0/16'),
 IPv4Network('10.106.0.0/16'),
 IPv4Network('10.107.0.0/16'),
 IPv4Network('10.108.0.0/16'),
 IPv4Network('10.109.0.0/16'),
 IPv4Network('10.110.0.0/16'),
 IPv4Network('10.111.0.0/16'),
 IPv4Network('10.112.0.0/16'),
 IPv4Network('10.113.0.0/16'),
 IPv4Network('10.114.0.0/16'),
 IPv4Network('10.115.0.0/16'),
 IPv4Network('10.116.0.0/16'),
 IPv4Network('10.117.0.0/16'),
 IPv4Network('10.118.0.0/16'),
 IPv4Network('10.119.0.0/16'),
 IPv4Network('10.120.0.0/16'),
 IPv4Network('10.121.0.0/16'),
 IPv4Network('10.122.0.0/16'),
 IPv4Network('10.123.0.0/16'),
 IPv4Network('10.124.0.0/16'),
 IPv4Network('10.125.0.0/16'),
 IPv4Network('10.126.0.0/16'),
 IPv4Network('10.127.0.0/16'),
 IPv4Network('10.128.0.0/16'),
 IPv4Network('10.129.0.0/16'),
 IPv4Network('10.130.0.0/16'),
 IPv4Network('10.131.0.0/16'),
 IPv4Network('10.132.0.0/16'),
 IPv4Network('10.133.0.0/16'),
 IPv4Network('10.134.0.0/16'),
 IPv4Network('10.135.0.0/16'),
 IPv4Network('10.136.0.0/16'),
 IPv4Network('10.137.0.0/16'),
 IPv4Network('10.138.0.0/16'),
 IPv4Network('10.139.0.0/16'),
 IPv4Network('10.140.0.0/16'),
 IPv4Network('10.141.0.0/16'),
 IPv4Network('10.142.0.0/16'),
 IPv4Network('10.143.0.0/16'),
 IPv4Network('10.144.0.0/16'),
 IPv4Network('10.145.0.0/16'),
 IPv4Network('10.146.0.0/16'),
 IPv4Network('10.147.0.0/16'),
 IPv4Network('10.148.0.0/16'),
 IPv4Network('10.149.0.0/16')]
[IPv4Network('10.0.0.0/8'),
 IPv4Network('129.79.0.0/16'),
 IPv4Network('134.68.0.0/16'),
 IPv4Network('140.182.0.0/16'),
 IPv4Network('149.159.0.0/16'),
 IPv4Network('149.160.0.0/14'),
 IPv4Network('156.56.0.0/16'),
 IPv4Network('172.16.0.0/12'),
 IPv4Network('192.168.0.0/24'),
 IPv6Network('::/128'),
 IPv4Network('10.0.0.0/16'),
 IPv4Network('10.1.0.0/16'),
 IPv4Network('10.2.0.0/16'),
 IPv4Network('10.3.0.0/16'),
 IPv4Network('10.4.0.0/16'),
 IPv4Network('10.5.0.0/16'),
 IPv4Network('10.6.0.0/16'),
 IPv4Network('10.7.0.0/16'),
 IPv4Network('10.8.0.0/16'),
 IPv4Network('10.9.0.0/16'),
 IPv4Network('10.10.0.0/16'),
 IPv4Network('10.11.0.0/16'),
 IPv4Network('10.12.0.0/16'),
 IPv4Network('10.13.0.0/16'),
 IPv4Network('10.14.0.0/16'),
 IPv4Network('10.15.0.0/16'),
 IPv4Network('10.16.0.0/16'),
 IPv4Network('10.17.0.0/16'),
 IPv4Network('10.18.0.0/16'),
 IPv4Network('10.19.0.0/16'),
 IPv4Network('10.20.0.0/16'),
 IPv4Network('10.21.0.0/16'),
 IPv4Network('10.22.0.0/16'),
 IPv4Network('10.23.0.0/16'),
 IPv4Network('10.24.0.0/16'),
 IPv4Network('10.25.0.0/16'),
 IPv4Network('10.26.0.0/16'),
 IPv4Network('10.27.0.0/16'),
 IPv4Network('10.28.0.0/16'),
 IPv4Network('10.29.0.0/16'),
 IPv4Network('10.30.0.0/16'),
 IPv4Network('10.31.0.0/16'),
 IPv4Network('10.32.0.0/16'),
 IPv4Network('10.33.0.0/16'),
 IPv4Network('10.34.0.0/16'),
 IPv4Network('10.35.0.0/16'),
 IPv4Network('10.36.0.0/16'),
 IPv4Network('10.37.0.0/16'),
 IPv4Network('10.38.0.0/16'),
 IPv4Network('10.39.0.0/16'),
 IPv4Network('10.40.0.0/16'),
 IPv4Network('10.41.0.0/16'),
 IPv4Network('10.42.0.0/16'),
 IPv4Network('10.43.0.0/16'),
 IPv4Network('10.44.0.0/16'),
 IPv4Network('10.45.0.0/16'),
 IPv4Network('10.46.0.0/16'),
 IPv4Network('10.47.0.0/16'),
 IPv4Network('10.48.0.0/16'),
 IPv4Network('10.49.0.0/16'),
 IPv4Network('10.50.0.0/16'),
 IPv4Network('10.51.0.0/16'),
 IPv4Network('10.52.0.0/16'),
 IPv4Network('10.53.0.0/16'),
 IPv4Network('10.54.0.0/16'),
 IPv4Network('10.55.0.0/16'),
 IPv4Network('10.56.0.0/16'),
 IPv4Network('10.57.0.0/16'),
 IPv4Network('10.58.0.0/16'),
 IPv4Network('10.59.0.0/16'),
 IPv4Network('10.60.0.0/16'),
 IPv4Network('10.61.0.0/16'),
 IPv4Network('10.62.0.0/16'),
 IPv4Network('10.63.0.0/16'),
 IPv4Network('10.64.0.0/16'),
 IPv4Network('10.65.0.0/16'),
 IPv4Network('10.66.0.0/16'),
 IPv4Network('10.67.0.0/16'),
 IPv4Network('10.68.0.0/16'),
 IPv4Network('10.69.0.0/16'),
 IPv4Network('10.70.0.0/16'),
 IPv4Network('10.71.0.0/16'),
 IPv4Network('10.72.0.0/16'),
 IPv4Network('10.73.0.0/16'),
 IPv4Network('10.74.0.0/16'),
 IPv4Network('10.75.0.0/16'),
 IPv4Network('10.76.0.0/16'),
 IPv4Network('10.77.0.0/16'),
 IPv4Network('10.78.0.0/16'),
 IPv4Network('10.79.0.0/16'),
 IPv4Network('10.80.0.0/16'),
 IPv4Network('10.81.0.0/16'),
 IPv4Network('10.82.0.0/16'),
 IPv4Network('10.83.0.0/16'),
 IPv4Network('10.84.0.0/16'),
 IPv4Network('10.85.0.0/16'),
 IPv4Network('10.86.0.0/16'),
 IPv4Network('10.87.0.0/16'),
 IPv4Network('10.88.0.0/16'),
 IPv4Network('10.89.0.0/16'),
 IPv4Network('10.90.0.0/16'),
 IPv4Network('10.91.0.0/16'),
 IPv4Network('10.92.0.0/16'),
 IPv4Network('10.93.0.0/16'),
 IPv4Network('10.94.0.0/16'),
 IPv4Network('10.95.0.0/16'),
 IPv4Network('10.96.0.0/16'),
 IPv4Network('10.97.0.0/16'),
 IPv4Network('10.98.0.0/16'),
 IPv4Network('10.99.0.0/16'),
 IPv4Network('10.100.0.0/16'),
 IPv4Network('10.101.0.0/16'),
 IPv4Network('10.102.0.0/16'),
 IPv4Network('10.103.0.0/16'),
 IPv4Network('10.104.0.0/16'),
 IPv4Network('10.105.0.0/16'),
 IPv4Network('10.106.0.0/16'),
 IPv4Network('10.107.0.0/16'),
 IPv4Network('10.108.0.0/16'),
 IPv4Network('10.109.0.0/16'),
 IPv4Network('10.110.0.0/16'),
 IPv4Network('10.111.0.0/16'),
 IPv4Network('10.112.0.0/16'),
 IPv4Network('10.113.0.0/16'),
 IPv4Network('10.114.0.0/16'),
 IPv4Network('10.115.0.0/16'),
 IPv4Network('10.116.0.0/16'),
 IPv4Network('10.117.0.0/16'),
 IPv4Network('10.118.0.0/16'),
 IPv4Network('10.119.0.0/16'),
 IPv4Network('10.120.0.0/16'),
 IPv4Network('10.121.0.0/16'),
 IPv4Network('10.122.0.0/16'),
 IPv4Network('10.123.0.0/16'),
 IPv4Network('10.124.0.0/16'),
 IPv4Network('10.125.0.0/16'),
 IPv4Network('10.126.0.0/16'),
 IPv4Network('10.127.0.0/16'),
 IPv4Network('10.128.0.0/16'),
 IPv4Network('10.129.0.0/16'),
 IPv4Network('10.130.0.0/16'),
 IPv4Network('10.131.0.0/16'),
 IPv4Network('10.132.0.0/16'),
 IPv4Network('10.133.0.0/16'),
 IPv4Network('10.134.0.0/16'),
 IPv4Network('10.135.0.0/16'),
 IPv4Network('10.136.0.0/16'),
 IPv4Network('10.137.0.0/16'),
 IPv4Network('10.138.0.0/16'),
 IPv4Network('10.139.0.0/16'),
 IPv4Network('10.140.0.0/16'),
 IPv4Network('10.141.0.0/16'),
 IPv4Network('10.142.0.0/16'),
 IPv4Network('10.143.0.0/16'),
 IPv4Network('10.144.0.0/16'),
 IPv4Network('10.145.0.0/16'),
 IPv4Network('10.146.0.0/16'),
 IPv4Network('10.147.0.0/16'),
 IPv4Network('10.148.0.0/16'),
 IPv4Network('10.149.0.0/16'),
 IPv4Network('10.150.0.0/16'),
 IPv4Network('10.151.0.0/16')]
[IPv4Network('10.0.0.0/8'),
 IPv4Network('129.79.0.0/16'),
 IPv4Network('134.68.0.0/16'),
 IPv4Network('140.182.0.0/16'),
 IPv4Network('149.159.0.0/16'),
 IPv4Network('149.160.0.0/14'),
 IPv4Network('156.56.0.0/16'),
 IPv4Network('172.16.0.0/12'),
 IPv4Network('192.168.0.0/24'),
 IPv6Network('::/128'),
 IPv4Network('10.0.0.0/16'),
 IPv4Network('10.1.0.0/16'),
 IPv4Network('10.2.0.0/16'),
 IPv4Network('10.3.0.0/16'),
 IPv4Network('10.4.0.0/16'),
 IPv4Network('10.5.0.0/16'),
 IPv4Network('10.6.0.0/16'),
 IPv4Network('10.7.0.0/16'),
 IPv4Network('10.8.0.0/16'),
 IPv4Network('10.9.0.0/16'),
 IPv4Network('10.10.0.0/16'),
 IPv4Network('10.11.0.0/16'),
 IPv4Network('10.12.0.0/16'),
 IPv4Network('10.13.0.0/16'),
 IPv4Network('10.14.0.0/16'),
 IPv4Network('10.15.0.0/16'),
 IPv4Network('10.16.0.0/16'),
 IPv4Network('10.17.0.0/16'),
 IPv4Network('10.18.0.0/16'),
 IPv4Network('10.19.0.0/16'),
 IPv4Network('10.20.0.0/16'),
 IPv4Network('10.21.0.0/16'),
 IPv4Network('10.22.0.0/16'),
 IPv4Network('10.23.0.0/16'),
 IPv4Network('10.24.0.0/16'),
 IPv4Network('10.25.0.0/16'),
 IPv4Network('10.26.0.0/16'),
 IPv4Network('10.27.0.0/16'),
 IPv4Network('10.28.0.0/16'),
 IPv4Network('10.29.0.0/16'),
 IPv4Network('10.30.0.0/16'),
 IPv4Network('10.31.0.0/16'),
 IPv4Network('10.32.0.0/16'),
 IPv4Network('10.33.0.0/16'),
 IPv4Network('10.34.0.0/16'),
 IPv4Network('10.35.0.0/16'),
 IPv4Network('10.36.0.0/16'),
 IPv4Network('10.37.0.0/16'),
 IPv4Network('10.38.0.0/16'),
 IPv4Network('10.39.0.0/16'),
 IPv4Network('10.40.0.0/16'),
 IPv4Network('10.41.0.0/16'),
 IPv4Network('10.42.0.0/16'),
 IPv4Network('10.43.0.0/16'),
 IPv4Network('10.44.0.0/16'),
 IPv4Network('10.45.0.0/16'),
 IPv4Network('10.46.0.0/16'),
 IPv4Network('10.47.0.0/16'),
 IPv4Network('10.48.0.0/16'),
 IPv4Network('10.49.0.0/16'),
 IPv4Network('10.50.0.0/16'),
 IPv4Network('10.51.0.0/16'),
 IPv4Network('10.52.0.0/16'),
 IPv4Network('10.53.0.0/16'),
 IPv4Network('10.54.0.0/16'),
 IPv4Network('10.55.0.0/16'),
 IPv4Network('10.56.0.0/16'),
 IPv4Network('10.57.0.0/16'),
 IPv4Network('10.58.0.0/16'),
 IPv4Network('10.59.0.0/16'),
 IPv4Network('10.60.0.0/16'),
 IPv4Network('10.61.0.0/16'),
 IPv4Network('10.62.0.0/16'),
 IPv4Network('10.63.0.0/16'),
 IPv4Network('10.64.0.0/16'),
 IPv4Network('10.65.0.0/16'),
 IPv4Network('10.66.0.0/16'),
 IPv4Network('10.67.0.0/16'),
 IPv4Network('10.68.0.0/16'),
 IPv4Network('10.69.0.0/16'),
 IPv4Network('10.70.0.0/16'),
 IPv4Network('10.71.0.0/16'),
 IPv4Network('10.72.0.0/16'),
 IPv4Network('10.73.0.0/16'),
 IPv4Network('10.74.0.0/16'),
 IPv4Network('10.75.0.0/16'),
 IPv4Network('10.76.0.0/16'),
 IPv4Network('10.77.0.0/16'),
 IPv4Network('10.78.0.0/16'),
 IPv4Network('10.79.0.0/16'),
 IPv4Network('10.80.0.0/16'),
 IPv4Network('10.81.0.0/16'),
 IPv4Network('10.82.0.0/16'),
 IPv4Network('10.83.0.0/16'),
 IPv4Network('10.84.0.0/16'),
 IPv4Network('10.85.0.0/16'),
 IPv4Network('10.86.0.0/16'),
 IPv4Network('10.87.0.0/16'),
 IPv4Network('10.88.0.0/16'),
 IPv4Network('10.89.0.0/16'),
 IPv4Network('10.90.0.0/16'),
 IPv4Network('10.91.0.0/16'),
 IPv4Network('10.92.0.0/16'),
 IPv4Network('10.93.0.0/16'),
 IPv4Network('10.94.0.0/16'),
 IPv4Network('10.95.0.0/16'),
 IPv4Network('10.96.0.0/16'),
 IPv4Network('10.97.0.0/16'),
 IPv4Network('10.98.0.0/16'),
 IPv4Network('10.99.0.0/16'),
 IPv4Network('10.100.0.0/16'),
 IPv4Network('10.101.0.0/16'),
 IPv4Network('10.102.0.0/16'),
 IPv4Network('10.103.0.0/16'),
 IPv4Network('10.104.0.0/16'),
 IPv4Network('10.105.0.0/16'),
 IPv4Network('10.106.0.0/16'),
 IPv4Network('10.107.0.0/16'),
 IPv4Network('10.108.0.0/16'),
 IPv4Network('10.109.0.0/16'),
 IPv4Network('10.110.0.0/16'),
 IPv4Network('10.111.0.0/16'),
 IPv4Network('10.112.0.0/16'),
 IPv4Network('10.113.0.0/16'),
 IPv4Network('10.114.0.0/16'),
 IPv4Network('10.115.0.0/16'),
 IPv4Network('10.116.0.0/16'),
 IPv4Network('10.117.0.0/16'),
 IPv4Network('10.118.0.0/16'),
 IPv4Network('10.119.0.0/16'),
 IPv4Network('10.120.0.0/16'),
 IPv4Network('10.121.0.0/16'),
 IPv4Network('10.122.0.0/16'),
 IPv4Network('10.123.0.0/16'),
 IPv4Network('10.124.0.0/16'),
 IPv4Network('10.125.0.0/16'),
 IPv4Network('10.126.0.0/16'),
 IPv4Network('10.127.0.0/16'),
 IPv4Network('10.128.0.0/16'),
 IPv4Network('10.129.0.0/16'),
 IPv4Network('10.130.0.0/16'),
 IPv4Network('10.131.0.0/16'),
 IPv4Network('10.132.0.0/16'),
 IPv4Network('10.133.0.0/16'),
 IPv4Network('10.134.0.0/16'),
 IPv4Network('10.135.0.0/16'),
 IPv4Network('10.136.0.0/16'),
 IPv4Network('10.137.0.0/16'),
 IPv4Network('10.138.0.0/16'),
 IPv4Network('10.139.0.0/16'),
 IPv4Network('10.140.0.0/16'),
 IPv4Network('10.141.0.0/16'),
 IPv4Network('10.142.0.0/16'),
 IPv4Network('10.143.0.0/16'),
 IPv4Network('10.144.0.0/16'),
 IPv4Network('10.145.0.0/16'),
 IPv4Network('10.146.0.0/16'),
 IPv4Network('10.147.0.0/16'),
 IPv4Network('10.148.0.0/16'),
 IPv4Network('10.149.0.0/16'),
 IPv4Network('10.150.0.0/16'),
 IPv4Network('10.151.0.0/16')]
[IPv4Network('10.0.0.0/8'),
 IPv4Network('129.79.0.0/16'),
 IPv4Network('134.68.0.0/16'),
 IPv4Network('140.182.0.0/16'),
 IPv4Network('149.159.0.0/16'),
 IPv4Network('149.160.0.0/14'),
 IPv4Network('156.56.0.0/16'),
 IPv4Network('172.16.0.0/12'),
 IPv4Network('192.168.0.0/24'),
 IPv6Network('::/128'),
 IPv4Network('10.0.0.0/16'),
 IPv4Network('10.1.0.0/16'),
 IPv4Network('10.2.0.0/16'),
 IPv4Network('10.3.0.0/16'),
 IPv4Network('10.4.0.0/16'),
 IPv4Network('10.5.0.0/16'),
 IPv4Network('10.6.0.0/16'),
 IPv4Network('10.7.0.0/16'),
 IPv4Network('10.8.0.0/16'),
 IPv4Network('10.9.0.0/16'),
 IPv4Network('10.10.0.0/16'),
 IPv4Network('10.11.0.0/16'),
 IPv4Network('10.12.0.0/16'),
 IPv4Network('10.13.0.0/16'),
 IPv4Network('10.14.0.0/16'),
 IPv4Network('10.15.0.0/16'),
 IPv4Network('10.16.0.0/16'),
 IPv4Network('10.17.0.0/16'),
 IPv4Network('10.18.0.0/16'),
 IPv4Network('10.19.0.0/16'),
 IPv4Network('10.20.0.0/16'),
 IPv4Network('10.21.0.0/16'),
 IPv4Network('10.22.0.0/16'),
 IPv4Network('10.23.0.0/16'),
 IPv4Network('10.24.0.0/16'),
 IPv4Network('10.25.0.0/16'),
 IPv4Network('10.26.0.0/16'),
 IPv4Network('10.27.0.0/16'),
 IPv4Network('10.28.0.0/16'),
 IPv4Network('10.29.0.0/16'),
 IPv4Network('10.30.0.0/16'),
 IPv4Network('10.31.0.0/16'),
 IPv4Network('10.32.0.0/16'),
 IPv4Network('10.33.0.0/16'),
 IPv4Network('10.34.0.0/16'),
 IPv4Network('10.35.0.0/16'),
 IPv4Network('10.36.0.0/16'),
 IPv4Network('10.37.0.0/16'),
 IPv4Network('10.38.0.0/16'),
 IPv4Network('10.39.0.0/16'),
 IPv4Network('10.40.0.0/16'),
 IPv4Network('10.41.0.0/16'),
 IPv4Network('10.42.0.0/16'),
 IPv4Network('10.43.0.0/16'),
 IPv4Network('10.44.0.0/16'),
 IPv4Network('10.45.0.0/16'),
 IPv4Network('10.46.0.0/16'),
 IPv4Network('10.47.0.0/16'),
 IPv4Network('10.48.0.0/16'),
 IPv4Network('10.49.0.0/16'),
 IPv4Network('10.50.0.0/16'),
 IPv4Network('10.51.0.0/16'),
 IPv4Network('10.52.0.0/16'),
 IPv4Network('10.53.0.0/16'),
 IPv4Network('10.54.0.0/16'),
 IPv4Network('10.55.0.0/16'),
 IPv4Network('10.56.0.0/16'),
 IPv4Network('10.57.0.0/16'),
 IPv4Network('10.58.0.0/16'),
 IPv4Network('10.59.0.0/16'),
 IPv4Network('10.60.0.0/16'),
 IPv4Network('10.61.0.0/16'),
 IPv4Network('10.62.0.0/16'),
 IPv4Network('10.63.0.0/16'),
 IPv4Network('10.64.0.0/16'),
 IPv4Network('10.65.0.0/16'),
 IPv4Network('10.66.0.0/16'),
 IPv4Network('10.67.0.0/16'),
 IPv4Network('10.68.0.0/16'),
 IPv4Network('10.69.0.0/16'),
 IPv4Network('10.70.0.0/16'),
 IPv4Network('10.71.0.0/16'),
 IPv4Network('10.72.0.0/16'),
 IPv4Network('10.73.0.0/16'),
 IPv4Network('10.74.0.0/16'),
 IPv4Network('10.75.0.0/16'),
 IPv4Network('10.76.0.0/16'),
 IPv4Network('10.77.0.0/16'),
 IPv4Network('10.78.0.0/16'),
 IPv4Network('10.79.0.0/16'),
 IPv4Network('10.80.0.0/16'),
 IPv4Network('10.81.0.0/16'),
 IPv4Network('10.82.0.0/16'),
 IPv4Network('10.83.0.0/16'),
 IPv4Network('10.84.0.0/16'),
 IPv4Network('10.85.0.0/16'),
 IPv4Network('10.86.0.0/16'),
 IPv4Network('10.87.0.0/16'),
 IPv4Network('10.88.0.0/16'),
 IPv4Network('10.89.0.0/16'),
 IPv4Network('10.90.0.0/16'),
 IPv4Network('10.91.0.0/16'),
 IPv4Network('10.92.0.0/16'),
 IPv4Network('10.93.0.0/16'),
 IPv4Network('10.94.0.0/16'),
 IPv4Network('10.95.0.0/16'),
 IPv4Network('10.96.0.0/16'),
 IPv4Network('10.97.0.0/16'),
 IPv4Network('10.98.0.0/16'),
 IPv4Network('10.99.0.0/16'),
 IPv4Network('10.100.0.0/16'),
 IPv4Network('10.101.0.0/16'),
 IPv4Network('10.102.0.0/16'),
 IPv4Network('10.103.0.0/16'),
 IPv4Network('10.104.0.0/16'),
 IPv4Network('10.105.0.0/16'),
 IPv4Network('10.106.0.0/16'),
 IPv4Network('10.107.0.0/16'),
 IPv4Network('10.108.0.0/16'),
 IPv4Network('10.109.0.0/16'),
 IPv4Network('10.110.0.0/16'),
 IPv4Network('10.111.0.0/16'),
 IPv4Network('10.112.0.0/16'),
 IPv4Network('10.113.0.0/16'),
 IPv4Network('10.114.0.0/16'),
 IPv4Network('10.115.0.0/16'),
 IPv4Network('10.116.0.0/16'),
 IPv4Network('10.117.0.0/16'),
 IPv4Network('10.118.0.0/16'),
 IPv4Network('10.119.0.0/16'),
 IPv4Network('10.120.0.0/16'),
 IPv4Network('10.121.0.0/16'),
 IPv4Network('10.122.0.0/16'),
 IPv4Network('10.123.0.0/16'),
 IPv4Network('10.124.0.0/16'),
 IPv4Network('10.125.0.0/16'),
 IPv4Network('10.126.0.0/16'),
 IPv4Network('10.127.0.0/16'),
 IPv4Network('10.128.0.0/16'),
 IPv4Network('10.129.0.0/16'),
 IPv4Network('10.130.0.0/16'),
 IPv4Network('10.131.0.0/16'),
 IPv4Network('10.132.0.0/16'),
 IPv4Network('10.133.0.0/16'),
 IPv4Network('10.134.0.0/16'),
 IPv4Network('10.135.0.0/16'),
 IPv4Network('10.136.0.0/16'),
 IPv4Network('10.137.0.0/16'),
 IPv4Network('10.138.0.0/16'),
 IPv4Network('10.139.0.0/16'),
 IPv4Network('10.140.0.0/16'),
 IPv4Network('10.141.0.0/16'),
 IPv4Network('10.142.0.0/16'),
 IPv4Network('10.143.0.0/16'),
 IPv4Network('10.144.0.0/16'),
 IPv4Network('10.145.0.0/16'),
 IPv4Network('10.146.0.0/16'),
 IPv4Network('10.147.0.0/16'),
 IPv4Network('10.148.0.0/16'),
 IPv4Network('10.149.0.0/16'),
 IPv4Network('10.150.0.0/16'),
 IPv4Network('10.151.0.0/16')]
[IPv4Network('10.0.0.0/8'),
 IPv4Network('129.79.0.0/16'),
 IPv4Network('134.68.0.0/16'),
 IPv4Network('140.182.0.0/16'),
 IPv4Network('149.159.0.0/16'),
 IPv4Network('149.160.0.0/14'),
 IPv4Network('156.56.0.0/16'),
 IPv4Network('172.16.0.0/12'),
 IPv4Network('192.168.0.0/24'),
 IPv6Network('::/128'),
 IPv4Network('10.0.0.0/16'),
 IPv4Network('10.1.0.0/16'),
 IPv4Network('10.2.0.0/16'),
 IPv4Network('10.3.0.0/16'),
 IPv4Network('10.4.0.0/16'),
 IPv4Network('10.5.0.0/16'),
 IPv4Network('10.6.0.0/16'),
 IPv4Network('10.7.0.0/16'),
 IPv4Network('10.8.0.0/16'),
 IPv4Network('10.9.0.0/16'),
 IPv4Network('10.10.0.0/16'),
 IPv4Network('10.11.0.0/16'),
 IPv4Network('10.12.0.0/16'),
 IPv4Network('10.13.0.0/16'),
 IPv4Network('10.14.0.0/16'),
 IPv4Network('10.15.0.0/16'),
 IPv4Network('10.16.0.0/16'),
 IPv4Network('10.17.0.0/16'),
 IPv4Network('10.18.0.0/16'),
 IPv4Network('10.19.0.0/16'),
 IPv4Network('10.20.0.0/16'),
 IPv4Network('10.21.0.0/16'),
 IPv4Network('10.22.0.0/16'),
 IPv4Network('10.23.0.0/16'),
 IPv4Network('10.24.0.0/16'),
 IPv4Network('10.25.0.0/16'),
 IPv4Network('10.26.0.0/16'),
 IPv4Network('10.27.0.0/16'),
 IPv4Network('10.28.0.0/16'),
 IPv4Network('10.29.0.0/16'),
 IPv4Network('10.30.0.0/16'),
 IPv4Network('10.31.0.0/16'),
 IPv4Network('10.32.0.0/16'),
 IPv4Network('10.33.0.0/16'),
 IPv4Network('10.34.0.0/16'),
 IPv4Network('10.35.0.0/16'),
 IPv4Network('10.36.0.0/16'),
 IPv4Network('10.37.0.0/16'),
 IPv4Network('10.38.0.0/16'),
 IPv4Network('10.39.0.0/16'),
 IPv4Network('10.40.0.0/16'),
 IPv4Network('10.41.0.0/16'),
 IPv4Network('10.42.0.0/16'),
 IPv4Network('10.43.0.0/16'),
 IPv4Network('10.44.0.0/16'),
 IPv4Network('10.45.0.0/16'),
 IPv4Network('10.46.0.0/16'),
 IPv4Network('10.47.0.0/16'),
 IPv4Network('10.48.0.0/16'),
 IPv4Network('10.49.0.0/16'),
 IPv4Network('10.50.0.0/16'),
 IPv4Network('10.51.0.0/16'),
 IPv4Network('10.52.0.0/16'),
 IPv4Network('10.53.0.0/16'),
 IPv4Network('10.54.0.0/16'),
 IPv4Network('10.55.0.0/16'),
 IPv4Network('10.56.0.0/16'),
 IPv4Network('10.57.0.0/16'),
 IPv4Network('10.58.0.0/16'),
 IPv4Network('10.59.0.0/16'),
 IPv4Network('10.60.0.0/16'),
 IPv4Network('10.61.0.0/16'),
 IPv4Network('10.62.0.0/16'),
 IPv4Network('10.63.0.0/16'),
 IPv4Network('10.64.0.0/16'),
 IPv4Network('10.65.0.0/16'),
 IPv4Network('10.66.0.0/16'),
 IPv4Network('10.67.0.0/16'),
 IPv4Network('10.68.0.0/16'),
 IPv4Network('10.69.0.0/16'),
 IPv4Network('10.70.0.0/16'),
 IPv4Network('10.71.0.0/16'),
 IPv4Network('10.72.0.0/16'),
 IPv4Network('10.73.0.0/16'),
 IPv4Network('10.74.0.0/16'),
 IPv4Network('10.75.0.0/16'),
 IPv4Network('10.76.0.0/16'),
 IPv4Network('10.77.0.0/16'),
 IPv4Network('10.78.0.0/16'),
 IPv4Network('10.79.0.0/16'),
 IPv4Network('10.80.0.0/16'),
 IPv4Network('10.81.0.0/16'),
 IPv4Network('10.82.0.0/16'),
 IPv4Network('10.83.0.0/16'),
 IPv4Network('10.84.0.0/16'),
 IPv4Network('10.85.0.0/16'),
 IPv4Network('10.86.0.0/16'),
 IPv4Network('10.87.0.0/16'),
 IPv4Network('10.88.0.0/16'),
 IPv4Network('10.89.0.0/16'),
 IPv4Network('10.90.0.0/16'),
 IPv4Network('10.91.0.0/16'),
 IPv4Network('10.92.0.0/16'),
 IPv4Network('10.93.0.0/16'),
 IPv4Network('10.94.0.0/16'),
 IPv4Network('10.95.0.0/16'),
 IPv4Network('10.96.0.0/16'),
 IPv4Network('10.97.0.0/16'),
 IPv4Network('10.98.0.0/16'),
 IPv4Network('10.99.0.0/16'),
 IPv4Network('10.100.0.0/16'),
 IPv4Network('10.101.0.0/16'),
 IPv4Network('10.102.0.0/16'),
 IPv4Network('10.103.0.0/16'),
 IPv4Network('10.104.0.0/16'),
 IPv4Network('10.105.0.0/16'),
 IPv4Network('10.106.0.0/16'),
 IPv4Network('10.107.0.0/16'),
 IPv4Network('10.108.0.0/16'),
 IPv4Network('10.109.0.0/16'),
 IPv4Network('10.110.0.0/16'),
 IPv4Network('10.111.0.0/16'),
 IPv4Network('10.112.0.0/16'),
 IPv4Network('10.113.0.0/16'),
 IPv4Network('10.114.0.0/16'),
 IPv4Network('10.115.0.0/16'),
 IPv4Network('10.116.0.0/16'),
 IPv4Network('10.117.0.0/16'),
 IPv4Network('10.118.0.0/16'),
 IPv4Network('10.119.0.0/16'),
 IPv4Network('10.120.0.0/16'),
 IPv4Network('10.121.0.0/16'),
 IPv4Network('10.122.0.0/16'),
 IPv4Network('10.123.0.0/16'),
 IPv4Network('10.124.0.0/16'),
 IPv4Network('10.125.0.0/16'),
 IPv4Network('10.126.0.0/16'),
 IPv4Network('10.127.0.0/16'),
 IPv4Network('10.128.0.0/16'),
 IPv4Network('10.129.0.0/16'),
 IPv4Network('10.130.0.0/16'),
 IPv4Network('10.131.0.0/16'),
 IPv4Network('10.132.0.0/16'),
 IPv4Network('10.133.0.0/16'),
 IPv4Network('10.134.0.0/16'),
 IPv4Network('10.135.0.0/16'),
 IPv4Network('10.136.0.0/16'),
 IPv4Network('10.137.0.0/16'),
 IPv4Network('10.138.0.0/16'),
 IPv4Network('10.139.0.0/16'),
 IPv4Network('10.140.0.0/16'),
 IPv4Network('10.141.0.0/16'),
 IPv4Network('10.142.0.0/16'),
 IPv4Network('10.143.0.0/16'),
 IPv4Network('10.144.0.0/16'),
 IPv4Network('10.145.0.0/16'),
 IPv4Network('10.146.0.0/16'),
 IPv4Network('10.147.0.0/16'),
 IPv4Network('10.148.0.0/16'),
 IPv4Network('10.149.0.0/16'),
 IPv4Network('10.150.0.0/16'),
 IPv4Network('10.151.0.0/16'),
 IPv4Network('10.152.0.0/16'),
 IPv4Network('10.153.0.0/16')]
[IPv4Network('10.0.0.0/8'),
 IPv4Network('129.79.0.0/16'),
 IPv4Network('134.68.0.0/16'),
 IPv4Network('140.182.0.0/16'),
 IPv4Network('149.159.0.0/16'),
 IPv4Network('149.160.0.0/14'),
 IPv4Network('156.56.0.0/16'),
 IPv4Network('172.16.0.0/12'),
 IPv4Network('192.168.0.0/24'),
 IPv6Network('::/128'),
 IPv4Network('10.0.0.0/16'),
 IPv4Network('10.1.0.0/16'),
 IPv4Network('10.2.0.0/16'),
 IPv4Network('10.3.0.0/16'),
 IPv4Network('10.4.0.0/16'),
 IPv4Network('10.5.0.0/16'),
 IPv4Network('10.6.0.0/16'),
 IPv4Network('10.7.0.0/16'),
 IPv4Network('10.8.0.0/16'),
 IPv4Network('10.9.0.0/16'),
 IPv4Network('10.10.0.0/16'),
 IPv4Network('10.11.0.0/16'),
 IPv4Network('10.12.0.0/16'),
 IPv4Network('10.13.0.0/16'),
 IPv4Network('10.14.0.0/16'),
 IPv4Network('10.15.0.0/16'),
 IPv4Network('10.16.0.0/16'),
 IPv4Network('10.17.0.0/16'),
 IPv4Network('10.18.0.0/16'),
 IPv4Network('10.19.0.0/16'),
 IPv4Network('10.20.0.0/16'),
 IPv4Network('10.21.0.0/16'),
 IPv4Network('10.22.0.0/16'),
 IPv4Network('10.23.0.0/16'),
 IPv4Network('10.24.0.0/16'),
 IPv4Network('10.25.0.0/16'),
 IPv4Network('10.26.0.0/16'),
 IPv4Network('10.27.0.0/16'),
 IPv4Network('10.28.0.0/16'),
 IPv4Network('10.29.0.0/16'),
 IPv4Network('10.30.0.0/16'),
 IPv4Network('10.31.0.0/16'),
 IPv4Network('10.32.0.0/16'),
 IPv4Network('10.33.0.0/16'),
 IPv4Network('10.34.0.0/16'),
 IPv4Network('10.35.0.0/16'),
 IPv4Network('10.36.0.0/16'),
 IPv4Network('10.37.0.0/16'),
 IPv4Network('10.38.0.0/16'),
 IPv4Network('10.39.0.0/16'),
 IPv4Network('10.40.0.0/16'),
 IPv4Network('10.41.0.0/16'),
 IPv4Network('10.42.0.0/16'),
 IPv4Network('10.43.0.0/16'),
 IPv4Network('10.44.0.0/16'),
 IPv4Network('10.45.0.0/16'),
 IPv4Network('10.46.0.0/16'),
 IPv4Network('10.47.0.0/16'),
 IPv4Network('10.48.0.0/16'),
 IPv4Network('10.49.0.0/16'),
 IPv4Network('10.50.0.0/16'),
 IPv4Network('10.51.0.0/16'),
 IPv4Network('10.52.0.0/16'),
 IPv4Network('10.53.0.0/16'),
 IPv4Network('10.54.0.0/16'),
 IPv4Network('10.55.0.0/16'),
 IPv4Network('10.56.0.0/16'),
 IPv4Network('10.57.0.0/16'),
 IPv4Network('10.58.0.0/16'),
 IPv4Network('10.59.0.0/16'),
 IPv4Network('10.60.0.0/16'),
 IPv4Network('10.61.0.0/16'),
 IPv4Network('10.62.0.0/16'),
 IPv4Network('10.63.0.0/16'),
 IPv4Network('10.64.0.0/16'),
 IPv4Network('10.65.0.0/16'),
 IPv4Network('10.66.0.0/16'),
 IPv4Network('10.67.0.0/16'),
 IPv4Network('10.68.0.0/16'),
 IPv4Network('10.69.0.0/16'),
 IPv4Network('10.70.0.0/16'),
 IPv4Network('10.71.0.0/16'),
 IPv4Network('10.72.0.0/16'),
 IPv4Network('10.73.0.0/16'),
 IPv4Network('10.74.0.0/16'),
 IPv4Network('10.75.0.0/16'),
 IPv4Network('10.76.0.0/16'),
 IPv4Network('10.77.0.0/16'),
 IPv4Network('10.78.0.0/16'),
 IPv4Network('10.79.0.0/16'),
 IPv4Network('10.80.0.0/16'),
 IPv4Network('10.81.0.0/16'),
 IPv4Network('10.82.0.0/16'),
 IPv4Network('10.83.0.0/16'),
 IPv4Network('10.84.0.0/16'),
 IPv4Network('10.85.0.0/16'),
 IPv4Network('10.86.0.0/16'),
 IPv4Network('10.87.0.0/16'),
 IPv4Network('10.88.0.0/16'),
 IPv4Network('10.89.0.0/16'),
 IPv4Network('10.90.0.0/16'),
 IPv4Network('10.91.0.0/16'),
 IPv4Network('10.92.0.0/16'),
 IPv4Network('10.93.0.0/16'),
 IPv4Network('10.94.0.0/16'),
 IPv4Network('10.95.0.0/16'),
 IPv4Network('10.96.0.0/16'),
 IPv4Network('10.97.0.0/16'),
 IPv4Network('10.98.0.0/16'),
 IPv4Network('10.99.0.0/16'),
 IPv4Network('10.100.0.0/16'),
 IPv4Network('10.101.0.0/16'),
 IPv4Network('10.102.0.0/16'),
 IPv4Network('10.103.0.0/16'),
 IPv4Network('10.104.0.0/16'),
 IPv4Network('10.105.0.0/16'),
 IPv4Network('10.106.0.0/16'),
 IPv4Network('10.107.0.0/16'),
 IPv4Network('10.108.0.0/16'),
 IPv4Network('10.109.0.0/16'),
 IPv4Network('10.110.0.0/16'),
 IPv4Network('10.111.0.0/16'),
 IPv4Network('10.112.0.0/16'),
 IPv4Network('10.113.0.0/16'),
 IPv4Network('10.114.0.0/16'),
 IPv4Network('10.115.0.0/16'),
 IPv4Network('10.116.0.0/16'),
 IPv4Network('10.117.0.0/16'),
 IPv4Network('10.118.0.0/16'),
 IPv4Network('10.119.0.0/16'),
 IPv4Network('10.120.0.0/16'),
 IPv4Network('10.121.0.0/16'),
 IPv4Network('10.122.0.0/16'),
 IPv4Network('10.123.0.0/16'),
 IPv4Network('10.124.0.0/16'),
 IPv4Network('10.125.0.0/16'),
 IPv4Network('10.126.0.0/16'),
 IPv4Network('10.127.0.0/16'),
 IPv4Network('10.128.0.0/16'),
 IPv4Network('10.129.0.0/16'),
 IPv4Network('10.130.0.0/16'),
 IPv4Network('10.131.0.0/16'),
 IPv4Network('10.132.0.0/16'),
 IPv4Network('10.133.0.0/16'),
 IPv4Network('10.134.0.0/16'),
 IPv4Network('10.135.0.0/16'),
 IPv4Network('10.136.0.0/16'),
 IPv4Network('10.137.0.0/16'),
 IPv4Network('10.138.0.0/16'),
 IPv4Network('10.139.0.0/16'),
 IPv4Network('10.140.0.0/16'),
 IPv4Network('10.141.0.0/16'),
 IPv4Network('10.142.0.0/16'),
 IPv4Network('10.143.0.0/16'),
 IPv4Network('10.144.0.0/16'),
 IPv4Network('10.145.0.0/16'),
 IPv4Network('10.146.0.0/16'),
 IPv4Network('10.147.0.0/16'),
 IPv4Network('10.148.0.0/16'),
 IPv4Network('10.149.0.0/16'),
 IPv4Network('10.150.0.0/16'),
 IPv4Network('10.151.0.0/16'),
 IPv4Network('10.152.0.0/16'),
 IPv4Network('10.153.0.0/16'),
 IPv4Network('10.154.0.0/16'),
 IPv4Network('10.155.0.0/16')]
[IPv4Network('10.0.0.0/8'),
 IPv4Network('129.79.0.0/16'),
 IPv4Network('134.68.0.0/16'),
 IPv4Network('140.182.0.0/16'),
 IPv4Network('149.159.0.0/16'),
 IPv4Network('149.160.0.0/14'),
 IPv4Network('156.56.0.0/16'),
 IPv4Network('172.16.0.0/12'),
 IPv4Network('192.168.0.0/24'),
 IPv6Network('::/128'),
 IPv4Network('10.0.0.0/16'),
 IPv4Network('10.1.0.0/16'),
 IPv4Network('10.2.0.0/16'),
 IPv4Network('10.3.0.0/16'),
 IPv4Network('10.4.0.0/16'),
 IPv4Network('10.5.0.0/16'),
 IPv4Network('10.6.0.0/16'),
 IPv4Network('10.7.0.0/16'),
 IPv4Network('10.8.0.0/16'),
 IPv4Network('10.9.0.0/16'),
 IPv4Network('10.10.0.0/16'),
 IPv4Network('10.11.0.0/16'),
 IPv4Network('10.12.0.0/16'),
 IPv4Network('10.13.0.0/16'),
 IPv4Network('10.14.0.0/16'),
 IPv4Network('10.15.0.0/16'),
 IPv4Network('10.16.0.0/16'),
 IPv4Network('10.17.0.0/16'),
 IPv4Network('10.18.0.0/16'),
 IPv4Network('10.19.0.0/16'),
 IPv4Network('10.20.0.0/16'),
 IPv4Network('10.21.0.0/16'),
 IPv4Network('10.22.0.0/16'),
 IPv4Network('10.23.0.0/16'),
 IPv4Network('10.24.0.0/16'),
 IPv4Network('10.25.0.0/16'),
 IPv4Network('10.26.0.0/16'),
 IPv4Network('10.27.0.0/16'),
 IPv4Network('10.28.0.0/16'),
 IPv4Network('10.29.0.0/16'),
 IPv4Network('10.30.0.0/16'),
 IPv4Network('10.31.0.0/16'),
 IPv4Network('10.32.0.0/16'),
 IPv4Network('10.33.0.0/16'),
 IPv4Network('10.34.0.0/16'),
 IPv4Network('10.35.0.0/16'),
 IPv4Network('10.36.0.0/16'),
 IPv4Network('10.37.0.0/16'),
 IPv4Network('10.38.0.0/16'),
 IPv4Network('10.39.0.0/16'),
 IPv4Network('10.40.0.0/16'),
 IPv4Network('10.41.0.0/16'),
 IPv4Network('10.42.0.0/16'),
 IPv4Network('10.43.0.0/16'),
 IPv4Network('10.44.0.0/16'),
 IPv4Network('10.45.0.0/16'),
 IPv4Network('10.46.0.0/16'),
 IPv4Network('10.47.0.0/16'),
 IPv4Network('10.48.0.0/16'),
 IPv4Network('10.49.0.0/16'),
 IPv4Network('10.50.0.0/16'),
 IPv4Network('10.51.0.0/16'),
 IPv4Network('10.52.0.0/16'),
 IPv4Network('10.53.0.0/16'),
 IPv4Network('10.54.0.0/16'),
 IPv4Network('10.55.0.0/16'),
 IPv4Network('10.56.0.0/16'),
 IPv4Network('10.57.0.0/16'),
 IPv4Network('10.58.0.0/16'),
 IPv4Network('10.59.0.0/16'),
 IPv4Network('10.60.0.0/16'),
 IPv4Network('10.61.0.0/16'),
 IPv4Network('10.62.0.0/16'),
 IPv4Network('10.63.0.0/16'),
 IPv4Network('10.64.0.0/16'),
 IPv4Network('10.65.0.0/16'),
 IPv4Network('10.66.0.0/16'),
 IPv4Network('10.67.0.0/16'),
 IPv4Network('10.68.0.0/16'),
 IPv4Network('10.69.0.0/16'),
 IPv4Network('10.70.0.0/16'),
 IPv4Network('10.71.0.0/16'),
 IPv4Network('10.72.0.0/16'),
 IPv4Network('10.73.0.0/16'),
 IPv4Network('10.74.0.0/16'),
 IPv4Network('10.75.0.0/16'),
 IPv4Network('10.76.0.0/16'),
 IPv4Network('10.77.0.0/16'),
 IPv4Network('10.78.0.0/16'),
 IPv4Network('10.79.0.0/16'),
 IPv4Network('10.80.0.0/16'),
 IPv4Network('10.81.0.0/16'),
 IPv4Network('10.82.0.0/16'),
 IPv4Network('10.83.0.0/16'),
 IPv4Network('10.84.0.0/16'),
 IPv4Network('10.85.0.0/16'),
 IPv4Network('10.86.0.0/16'),
 IPv4Network('10.87.0.0/16'),
 IPv4Network('10.88.0.0/16'),
 IPv4Network('10.89.0.0/16'),
 IPv4Network('10.90.0.0/16'),
 IPv4Network('10.91.0.0/16'),
 IPv4Network('10.92.0.0/16'),
 IPv4Network('10.93.0.0/16'),
 IPv4Network('10.94.0.0/16'),
 IPv4Network('10.95.0.0/16'),
 IPv4Network('10.96.0.0/16'),
 IPv4Network('10.97.0.0/16'),
 IPv4Network('10.98.0.0/16'),
 IPv4Network('10.99.0.0/16'),
 IPv4Network('10.100.0.0/16'),
 IPv4Network('10.101.0.0/16'),
 IPv4Network('10.102.0.0/16'),
 IPv4Network('10.103.0.0/16'),
 IPv4Network('10.104.0.0/16'),
 IPv4Network('10.105.0.0/16'),
 IPv4Network('10.106.0.0/16'),
 IPv4Network('10.107.0.0/16'),
 IPv4Network('10.108.0.0/16'),
 IPv4Network('10.109.0.0/16'),
 IPv4Network('10.110.0.0/16'),
 IPv4Network('10.111.0.0/16'),
 IPv4Network('10.112.0.0/16'),
 IPv4Network('10.113.0.0/16'),
 IPv4Network('10.114.0.0/16'),
 IPv4Network('10.115.0.0/16'),
 IPv4Network('10.116.0.0/16'),
 IPv4Network('10.117.0.0/16'),
 IPv4Network('10.118.0.0/16'),
 IPv4Network('10.119.0.0/16'),
 IPv4Network('10.120.0.0/16'),
 IPv4Network('10.121.0.0/16'),
 IPv4Network('10.122.0.0/16'),
 IPv4Network('10.123.0.0/16'),
 IPv4Network('10.124.0.0/16'),
 IPv4Network('10.125.0.0/16'),
 IPv4Network('10.126.0.0/16'),
 IPv4Network('10.127.0.0/16'),
 IPv4Network('10.128.0.0/16'),
 IPv4Network('10.129.0.0/16'),
 IPv4Network('10.130.0.0/16'),
 IPv4Network('10.131.0.0/16'),
 IPv4Network('10.132.0.0/16'),
 IPv4Network('10.133.0.0/16'),
 IPv4Network('10.134.0.0/16'),
 IPv4Network('10.135.0.0/16'),
 IPv4Network('10.136.0.0/16'),
 IPv4Network('10.137.0.0/16'),
 IPv4Network('10.138.0.0/16'),
 IPv4Network('10.139.0.0/16'),
 IPv4Network('10.140.0.0/16'),
 IPv4Network('10.141.0.0/16'),
 IPv4Network('10.142.0.0/16'),
 IPv4Network('10.143.0.0/16'),
 IPv4Network('10.144.0.0/16'),
 IPv4Network('10.145.0.0/16'),
 IPv4Network('10.146.0.0/16'),
 IPv4Network('10.147.0.0/16'),
 IPv4Network('10.148.0.0/16'),
 IPv4Network('10.149.0.0/16'),
 IPv4Network('10.150.0.0/16'),
 IPv4Network('10.151.0.0/16'),
 IPv4Network('10.152.0.0/16'),
 IPv4Network('10.153.0.0/16'),
 IPv4Network('10.154.0.0/16'),
 IPv4Network('10.155.0.0/16')]
[IPv4Network('10.0.0.0/8'),
 IPv4Network('129.79.0.0/16'),
 IPv4Network('134.68.0.0/16'),
 IPv4Network('140.182.0.0/16'),
 IPv4Network('149.159.0.0/16'),
 IPv4Network('149.160.0.0/14'),
 IPv4Network('156.56.0.0/16'),
 IPv4Network('172.16.0.0/12'),
 IPv4Network('192.168.0.0/24'),
 IPv6Network('::/128'),
 IPv4Network('10.0.0.0/16'),
 IPv4Network('10.1.0.0/16'),
 IPv4Network('10.2.0.0/16'),
 IPv4Network('10.3.0.0/16'),
 IPv4Network('10.4.0.0/16'),
 IPv4Network('10.5.0.0/16'),
 IPv4Network('10.6.0.0/16'),
 IPv4Network('10.7.0.0/16'),
 IPv4Network('10.8.0.0/16'),
 IPv4Network('10.9.0.0/16'),
 IPv4Network('10.10.0.0/16'),
 IPv4Network('10.11.0.0/16'),
 IPv4Network('10.12.0.0/16'),
 IPv4Network('10.13.0.0/16'),
 IPv4Network('10.14.0.0/16'),
 IPv4Network('10.15.0.0/16'),
 IPv4Network('10.16.0.0/16'),
 IPv4Network('10.17.0.0/16'),
 IPv4Network('10.18.0.0/16'),
 IPv4Network('10.19.0.0/16'),
 IPv4Network('10.20.0.0/16'),
 IPv4Network('10.21.0.0/16'),
 IPv4Network('10.22.0.0/16'),
 IPv4Network('10.23.0.0/16'),
 IPv4Network('10.24.0.0/16'),
 IPv4Network('10.25.0.0/16'),
 IPv4Network('10.26.0.0/16'),
 IPv4Network('10.27.0.0/16'),
 IPv4Network('10.28.0.0/16'),
 IPv4Network('10.29.0.0/16'),
 IPv4Network('10.30.0.0/16'),
 IPv4Network('10.31.0.0/16'),
 IPv4Network('10.32.0.0/16'),
 IPv4Network('10.33.0.0/16'),
 IPv4Network('10.34.0.0/16'),
 IPv4Network('10.35.0.0/16'),
 IPv4Network('10.36.0.0/16'),
 IPv4Network('10.37.0.0/16'),
 IPv4Network('10.38.0.0/16'),
 IPv4Network('10.39.0.0/16'),
 IPv4Network('10.40.0.0/16'),
 IPv4Network('10.41.0.0/16'),
 IPv4Network('10.42.0.0/16'),
 IPv4Network('10.43.0.0/16'),
 IPv4Network('10.44.0.0/16'),
 IPv4Network('10.45.0.0/16'),
 IPv4Network('10.46.0.0/16'),
 IPv4Network('10.47.0.0/16'),
 IPv4Network('10.48.0.0/16'),
 IPv4Network('10.49.0.0/16'),
 IPv4Network('10.50.0.0/16'),
 IPv4Network('10.51.0.0/16'),
 IPv4Network('10.52.0.0/16'),
 IPv4Network('10.53.0.0/16'),
 IPv4Network('10.54.0.0/16'),
 IPv4Network('10.55.0.0/16'),
 IPv4Network('10.56.0.0/16'),
 IPv4Network('10.57.0.0/16'),
 IPv4Network('10.58.0.0/16'),
 IPv4Network('10.59.0.0/16'),
 IPv4Network('10.60.0.0/16'),
 IPv4Network('10.61.0.0/16'),
 IPv4Network('10.62.0.0/16'),
 IPv4Network('10.63.0.0/16'),
 IPv4Network('10.64.0.0/16'),
 IPv4Network('10.65.0.0/16'),
 IPv4Network('10.66.0.0/16'),
 IPv4Network('10.67.0.0/16'),
 IPv4Network('10.68.0.0/16'),
 IPv4Network('10.69.0.0/16'),
 IPv4Network('10.70.0.0/16'),
 IPv4Network('10.71.0.0/16'),
 IPv4Network('10.72.0.0/16'),
 IPv4Network('10.73.0.0/16'),
 IPv4Network('10.74.0.0/16'),
 IPv4Network('10.75.0.0/16'),
 IPv4Network('10.76.0.0/16'),
 IPv4Network('10.77.0.0/16'),
 IPv4Network('10.78.0.0/16'),
 IPv4Network('10.79.0.0/16'),
 IPv4Network('10.80.0.0/16'),
 IPv4Network('10.81.0.0/16'),
 IPv4Network('10.82.0.0/16'),
 IPv4Network('10.83.0.0/16'),
 IPv4Network('10.84.0.0/16'),
 IPv4Network('10.85.0.0/16'),
 IPv4Network('10.86.0.0/16'),
 IPv4Network('10.87.0.0/16'),
 IPv4Network('10.88.0.0/16'),
 IPv4Network('10.89.0.0/16'),
 IPv4Network('10.90.0.0/16'),
 IPv4Network('10.91.0.0/16'),
 IPv4Network('10.92.0.0/16'),
 IPv4Network('10.93.0.0/16'),
 IPv4Network('10.94.0.0/16'),
 IPv4Network('10.95.0.0/16'),
 IPv4Network('10.96.0.0/16'),
 IPv4Network('10.97.0.0/16'),
 IPv4Network('10.98.0.0/16'),
 IPv4Network('10.99.0.0/16'),
 IPv4Network('10.100.0.0/16'),
 IPv4Network('10.101.0.0/16'),
 IPv4Network('10.102.0.0/16'),
 IPv4Network('10.103.0.0/16'),
 IPv4Network('10.104.0.0/16'),
 IPv4Network('10.105.0.0/16'),
 IPv4Network('10.106.0.0/16'),
 IPv4Network('10.107.0.0/16'),
 IPv4Network('10.108.0.0/16'),
 IPv4Network('10.109.0.0/16'),
 IPv4Network('10.110.0.0/16'),
 IPv4Network('10.111.0.0/16'),
 IPv4Network('10.112.0.0/16'),
 IPv4Network('10.113.0.0/16'),
 IPv4Network('10.114.0.0/16'),
 IPv4Network('10.115.0.0/16'),
 IPv4Network('10.116.0.0/16'),
 IPv4Network('10.117.0.0/16'),
 IPv4Network('10.118.0.0/16'),
 IPv4Network('10.119.0.0/16'),
 IPv4Network('10.120.0.0/16'),
 IPv4Network('10.121.0.0/16'),
 IPv4Network('10.122.0.0/16'),
 IPv4Network('10.123.0.0/16'),
 IPv4Network('10.124.0.0/16'),
 IPv4Network('10.125.0.0/16'),
 IPv4Network('10.126.0.0/16'),
 IPv4Network('10.127.0.0/16'),
 IPv4Network('10.128.0.0/16'),
 IPv4Network('10.129.0.0/16'),
 IPv4Network('10.130.0.0/16'),
 IPv4Network('10.131.0.0/16'),
 IPv4Network('10.132.0.0/16'),
 IPv4Network('10.133.0.0/16'),
 IPv4Network('10.134.0.0/16'),
 IPv4Network('10.135.0.0/16'),
 IPv4Network('10.136.0.0/16'),
 IPv4Network('10.137.0.0/16'),
 IPv4Network('10.138.0.0/16'),
 IPv4Network('10.139.0.0/16'),
 IPv4Network('10.140.0.0/16'),
 IPv4Network('10.141.0.0/16'),
 IPv4Network('10.142.0.0/16'),
 IPv4Network('10.143.0.0/16'),
 IPv4Network('10.144.0.0/16'),
 IPv4Network('10.145.0.0/16'),
 IPv4Network('10.146.0.0/16'),
 IPv4Network('10.147.0.0/16'),
 IPv4Network('10.148.0.0/16'),
 IPv4Network('10.149.0.0/16'),
 IPv4Network('10.150.0.0/16'),
 IPv4Network('10.151.0.0/16'),
 IPv4Network('10.152.0.0/16'),
 IPv4Network('10.153.0.0/16'),
 IPv4Network('10.154.0.0/16'),
 IPv4Network('10.155.0.0/16'),
 IPv4Network('10.156.0.0/16'),
 IPv4Network('10.157.0.0/16')]
[IPv4Network('10.0.0.0/8'),
 IPv4Network('129.79.0.0/16'),
 IPv4Network('134.68.0.0/16'),
 IPv4Network('140.182.0.0/16'),
 IPv4Network('149.159.0.0/16'),
 IPv4Network('149.160.0.0/14'),
 IPv4Network('156.56.0.0/16'),
 IPv4Network('172.16.0.0/12'),
 IPv4Network('192.168.0.0/24'),
 IPv6Network('::/128'),
 IPv4Network('10.0.0.0/16'),
 IPv4Network('10.1.0.0/16'),
 IPv4Network('10.2.0.0/16'),
 IPv4Network('10.3.0.0/16'),
 IPv4Network('10.4.0.0/16'),
 IPv4Network('10.5.0.0/16'),
 IPv4Network('10.6.0.0/16'),
 IPv4Network('10.7.0.0/16'),
 IPv4Network('10.8.0.0/16'),
 IPv4Network('10.9.0.0/16'),
 IPv4Network('10.10.0.0/16'),
 IPv4Network('10.11.0.0/16'),
 IPv4Network('10.12.0.0/16'),
 IPv4Network('10.13.0.0/16'),
 IPv4Network('10.14.0.0/16'),
 IPv4Network('10.15.0.0/16'),
 IPv4Network('10.16.0.0/16'),
 IPv4Network('10.17.0.0/16'),
 IPv4Network('10.18.0.0/16'),
 IPv4Network('10.19.0.0/16'),
 IPv4Network('10.20.0.0/16'),
 IPv4Network('10.21.0.0/16'),
 IPv4Network('10.22.0.0/16'),
 IPv4Network('10.23.0.0/16'),
 IPv4Network('10.24.0.0/16'),
 IPv4Network('10.25.0.0/16'),
 IPv4Network('10.26.0.0/16'),
 IPv4Network('10.27.0.0/16'),
 IPv4Network('10.28.0.0/16'),
 IPv4Network('10.29.0.0/16'),
 IPv4Network('10.30.0.0/16'),
 IPv4Network('10.31.0.0/16'),
 IPv4Network('10.32.0.0/16'),
 IPv4Network('10.33.0.0/16'),
 IPv4Network('10.34.0.0/16'),
 IPv4Network('10.35.0.0/16'),
 IPv4Network('10.36.0.0/16'),
 IPv4Network('10.37.0.0/16'),
 IPv4Network('10.38.0.0/16'),
 IPv4Network('10.39.0.0/16'),
 IPv4Network('10.40.0.0/16'),
 IPv4Network('10.41.0.0/16'),
 IPv4Network('10.42.0.0/16'),
 IPv4Network('10.43.0.0/16'),
 IPv4Network('10.44.0.0/16'),
 IPv4Network('10.45.0.0/16'),
 IPv4Network('10.46.0.0/16'),
 IPv4Network('10.47.0.0/16'),
 IPv4Network('10.48.0.0/16'),
 IPv4Network('10.49.0.0/16'),
 IPv4Network('10.50.0.0/16'),
 IPv4Network('10.51.0.0/16'),
 IPv4Network('10.52.0.0/16'),
 IPv4Network('10.53.0.0/16'),
 IPv4Network('10.54.0.0/16'),
 IPv4Network('10.55.0.0/16'),
 IPv4Network('10.56.0.0/16'),
 IPv4Network('10.57.0.0/16'),
 IPv4Network('10.58.0.0/16'),
 IPv4Network('10.59.0.0/16'),
 IPv4Network('10.60.0.0/16'),
 IPv4Network('10.61.0.0/16'),
 IPv4Network('10.62.0.0/16'),
 IPv4Network('10.63.0.0/16'),
 IPv4Network('10.64.0.0/16'),
 IPv4Network('10.65.0.0/16'),
 IPv4Network('10.66.0.0/16'),
 IPv4Network('10.67.0.0/16'),
 IPv4Network('10.68.0.0/16'),
 IPv4Network('10.69.0.0/16'),
 IPv4Network('10.70.0.0/16'),
 IPv4Network('10.71.0.0/16'),
 IPv4Network('10.72.0.0/16'),
 IPv4Network('10.73.0.0/16'),
 IPv4Network('10.74.0.0/16'),
 IPv4Network('10.75.0.0/16'),
 IPv4Network('10.76.0.0/16'),
 IPv4Network('10.77.0.0/16'),
 IPv4Network('10.78.0.0/16'),
 IPv4Network('10.79.0.0/16'),
 IPv4Network('10.80.0.0/16'),
 IPv4Network('10.81.0.0/16'),
 IPv4Network('10.82.0.0/16'),
 IPv4Network('10.83.0.0/16'),
 IPv4Network('10.84.0.0/16'),
 IPv4Network('10.85.0.0/16'),
 IPv4Network('10.86.0.0/16'),
 IPv4Network('10.87.0.0/16'),
 IPv4Network('10.88.0.0/16'),
 IPv4Network('10.89.0.0/16'),
 IPv4Network('10.90.0.0/16'),
 IPv4Network('10.91.0.0/16'),
 IPv4Network('10.92.0.0/16'),
 IPv4Network('10.93.0.0/16'),
 IPv4Network('10.94.0.0/16'),
 IPv4Network('10.95.0.0/16'),
 IPv4Network('10.96.0.0/16'),
 IPv4Network('10.97.0.0/16'),
 IPv4Network('10.98.0.0/16'),
 IPv4Network('10.99.0.0/16'),
 IPv4Network('10.100.0.0/16'),
 IPv4Network('10.101.0.0/16'),
 IPv4Network('10.102.0.0/16'),
 IPv4Network('10.103.0.0/16'),
 IPv4Network('10.104.0.0/16'),
 IPv4Network('10.105.0.0/16'),
 IPv4Network('10.106.0.0/16'),
 IPv4Network('10.107.0.0/16'),
 IPv4Network('10.108.0.0/16'),
 IPv4Network('10.109.0.0/16'),
 IPv4Network('10.110.0.0/16'),
 IPv4Network('10.111.0.0/16'),
 IPv4Network('10.112.0.0/16'),
 IPv4Network('10.113.0.0/16'),
 IPv4Network('10.114.0.0/16'),
 IPv4Network('10.115.0.0/16'),
 IPv4Network('10.116.0.0/16'),
 IPv4Network('10.117.0.0/16'),
 IPv4Network('10.118.0.0/16'),
 IPv4Network('10.119.0.0/16'),
 IPv4Network('10.120.0.0/16'),
 IPv4Network('10.121.0.0/16'),
 IPv4Network('10.122.0.0/16'),
 IPv4Network('10.123.0.0/16'),
 IPv4Network('10.124.0.0/16'),
 IPv4Network('10.125.0.0/16'),
 IPv4Network('10.126.0.0/16'),
 IPv4Network('10.127.0.0/16'),
 IPv4Network('10.128.0.0/16'),
 IPv4Network('10.129.0.0/16'),
 IPv4Network('10.130.0.0/16'),
 IPv4Network('10.131.0.0/16'),
 IPv4Network('10.132.0.0/16'),
 IPv4Network('10.133.0.0/16'),
 IPv4Network('10.134.0.0/16'),
 IPv4Network('10.135.0.0/16'),
 IPv4Network('10.136.0.0/16'),
 IPv4Network('10.137.0.0/16'),
 IPv4Network('10.138.0.0/16'),
 IPv4Network('10.139.0.0/16'),
 IPv4Network('10.140.0.0/16'),
 IPv4Network('10.141.0.0/16'),
 IPv4Network('10.142.0.0/16'),
 IPv4Network('10.143.0.0/16'),
 IPv4Network('10.144.0.0/16'),
 IPv4Network('10.145.0.0/16'),
 IPv4Network('10.146.0.0/16'),
 IPv4Network('10.147.0.0/16'),
 IPv4Network('10.148.0.0/16'),
 IPv4Network('10.149.0.0/16'),
 IPv4Network('10.150.0.0/16'),
 IPv4Network('10.151.0.0/16'),
 IPv4Network('10.152.0.0/16'),
 IPv4Network('10.153.0.0/16'),
 IPv4Network('10.154.0.0/16'),
 IPv4Network('10.155.0.0/16'),
 IPv4Network('10.156.0.0/16'),
 IPv4Network('10.157.0.0/16'),
 IPv4Network('10.158.0.0/16'),
 IPv4Network('10.159.0.0/16')]
[IPv4Network('10.0.0.0/8'),
 IPv4Network('129.79.0.0/16'),
 IPv4Network('134.68.0.0/16'),
 IPv4Network('140.182.0.0/16'),
 IPv4Network('149.159.0.0/16'),
 IPv4Network('149.160.0.0/14'),
 IPv4Network('156.56.0.0/16'),
 IPv4Network('172.16.0.0/12'),
 IPv4Network('192.168.0.0/24'),
 IPv6Network('::/128'),
 IPv4Network('10.0.0.0/16'),
 IPv4Network('10.1.0.0/16'),
 IPv4Network('10.2.0.0/16'),
 IPv4Network('10.3.0.0/16'),
 IPv4Network('10.4.0.0/16'),
 IPv4Network('10.5.0.0/16'),
 IPv4Network('10.6.0.0/16'),
 IPv4Network('10.7.0.0/16'),
 IPv4Network('10.8.0.0/16'),
 IPv4Network('10.9.0.0/16'),
 IPv4Network('10.10.0.0/16'),
 IPv4Network('10.11.0.0/16'),
 IPv4Network('10.12.0.0/16'),
 IPv4Network('10.13.0.0/16'),
 IPv4Network('10.14.0.0/16'),
 IPv4Network('10.15.0.0/16'),
 IPv4Network('10.16.0.0/16'),
 IPv4Network('10.17.0.0/16'),
 IPv4Network('10.18.0.0/16'),
 IPv4Network('10.19.0.0/16'),
 IPv4Network('10.20.0.0/16'),
 IPv4Network('10.21.0.0/16'),
 IPv4Network('10.22.0.0/16'),
 IPv4Network('10.23.0.0/16'),
 IPv4Network('10.24.0.0/16'),
 IPv4Network('10.25.0.0/16'),
 IPv4Network('10.26.0.0/16'),
 IPv4Network('10.27.0.0/16'),
 IPv4Network('10.28.0.0/16'),
 IPv4Network('10.29.0.0/16'),
 IPv4Network('10.30.0.0/16'),
 IPv4Network('10.31.0.0/16'),
 IPv4Network('10.32.0.0/16'),
 IPv4Network('10.33.0.0/16'),
 IPv4Network('10.34.0.0/16'),
 IPv4Network('10.35.0.0/16'),
 IPv4Network('10.36.0.0/16'),
 IPv4Network('10.37.0.0/16'),
 IPv4Network('10.38.0.0/16'),
 IPv4Network('10.39.0.0/16'),
 IPv4Network('10.40.0.0/16'),
 IPv4Network('10.41.0.0/16'),
 IPv4Network('10.42.0.0/16'),
 IPv4Network('10.43.0.0/16'),
 IPv4Network('10.44.0.0/16'),
 IPv4Network('10.45.0.0/16'),
 IPv4Network('10.46.0.0/16'),
 IPv4Network('10.47.0.0/16'),
 IPv4Network('10.48.0.0/16'),
 IPv4Network('10.49.0.0/16'),
 IPv4Network('10.50.0.0/16'),
 IPv4Network('10.51.0.0/16'),
 IPv4Network('10.52.0.0/16'),
 IPv4Network('10.53.0.0/16'),
 IPv4Network('10.54.0.0/16'),
 IPv4Network('10.55.0.0/16'),
 IPv4Network('10.56.0.0/16'),
 IPv4Network('10.57.0.0/16'),
 IPv4Network('10.58.0.0/16'),
 IPv4Network('10.59.0.0/16'),
 IPv4Network('10.60.0.0/16'),
 IPv4Network('10.61.0.0/16'),
 IPv4Network('10.62.0.0/16'),
 IPv4Network('10.63.0.0/16'),
 IPv4Network('10.64.0.0/16'),
 IPv4Network('10.65.0.0/16'),
 IPv4Network('10.66.0.0/16'),
 IPv4Network('10.67.0.0/16'),
 IPv4Network('10.68.0.0/16'),
 IPv4Network('10.69.0.0/16'),
 IPv4Network('10.70.0.0/16'),
 IPv4Network('10.71.0.0/16'),
 IPv4Network('10.72.0.0/16'),
 IPv4Network('10.73.0.0/16'),
 IPv4Network('10.74.0.0/16'),
 IPv4Network('10.75.0.0/16'),
 IPv4Network('10.76.0.0/16'),
 IPv4Network('10.77.0.0/16'),
 IPv4Network('10.78.0.0/16'),
 IPv4Network('10.79.0.0/16'),
 IPv4Network('10.80.0.0/16'),
 IPv4Network('10.81.0.0/16'),
 IPv4Network('10.82.0.0/16'),
 IPv4Network('10.83.0.0/16'),
 IPv4Network('10.84.0.0/16'),
 IPv4Network('10.85.0.0/16'),
 IPv4Network('10.86.0.0/16'),
 IPv4Network('10.87.0.0/16'),
 IPv4Network('10.88.0.0/16'),
 IPv4Network('10.89.0.0/16'),
 IPv4Network('10.90.0.0/16'),
 IPv4Network('10.91.0.0/16'),
 IPv4Network('10.92.0.0/16'),
 IPv4Network('10.93.0.0/16'),
 IPv4Network('10.94.0.0/16'),
 IPv4Network('10.95.0.0/16'),
 IPv4Network('10.96.0.0/16'),
 IPv4Network('10.97.0.0/16'),
 IPv4Network('10.98.0.0/16'),
 IPv4Network('10.99.0.0/16'),
 IPv4Network('10.100.0.0/16'),
 IPv4Network('10.101.0.0/16'),
 IPv4Network('10.102.0.0/16'),
 IPv4Network('10.103.0.0/16'),
 IPv4Network('10.104.0.0/16'),
 IPv4Network('10.105.0.0/16'),
 IPv4Network('10.106.0.0/16'),
 IPv4Network('10.107.0.0/16'),
 IPv4Network('10.108.0.0/16'),
 IPv4Network('10.109.0.0/16'),
 IPv4Network('10.110.0.0/16'),
 IPv4Network('10.111.0.0/16'),
 IPv4Network('10.112.0.0/16'),
 IPv4Network('10.113.0.0/16'),
 IPv4Network('10.114.0.0/16'),
 IPv4Network('10.115.0.0/16'),
 IPv4Network('10.116.0.0/16'),
 IPv4Network('10.117.0.0/16'),
 IPv4Network('10.118.0.0/16'),
 IPv4Network('10.119.0.0/16'),
 IPv4Network('10.120.0.0/16'),
 IPv4Network('10.121.0.0/16'),
 IPv4Network('10.122.0.0/16'),
 IPv4Network('10.123.0.0/16'),
 IPv4Network('10.124.0.0/16'),
 IPv4Network('10.125.0.0/16'),
 IPv4Network('10.126.0.0/16'),
 IPv4Network('10.127.0.0/16'),
 IPv4Network('10.128.0.0/16'),
 IPv4Network('10.129.0.0/16'),
 IPv4Network('10.130.0.0/16'),
 IPv4Network('10.131.0.0/16'),
 IPv4Network('10.132.0.0/16'),
 IPv4Network('10.133.0.0/16'),
 IPv4Network('10.134.0.0/16'),
 IPv4Network('10.135.0.0/16'),
 IPv4Network('10.136.0.0/16'),
 IPv4Network('10.137.0.0/16'),
 IPv4Network('10.138.0.0/16'),
 IPv4Network('10.139.0.0/16'),
 IPv4Network('10.140.0.0/16'),
 IPv4Network('10.141.0.0/16'),
 IPv4Network('10.142.0.0/16'),
 IPv4Network('10.143.0.0/16'),
 IPv4Network('10.144.0.0/16'),
 IPv4Network('10.145.0.0/16'),
 IPv4Network('10.146.0.0/16'),
 IPv4Network('10.147.0.0/16'),
 IPv4Network('10.148.0.0/16'),
 IPv4Network('10.149.0.0/16'),
 IPv4Network('10.150.0.0/16'),
 IPv4Network('10.151.0.0/16'),
 IPv4Network('10.152.0.0/16'),
 IPv4Network('10.153.0.0/16'),
 IPv4Network('10.154.0.0/16'),
 IPv4Network('10.155.0.0/16'),
 IPv4Network('10.156.0.0/16'),
 IPv4Network('10.157.0.0/16'),
 IPv4Network('10.158.0.0/16'),
 IPv4Network('10.159.0.0/16')]
[IPv4Network('10.0.0.0/8'),
 IPv4Network('129.79.0.0/16'),
 IPv4Network('134.68.0.0/16'),
 IPv4Network('140.182.0.0/16'),
 IPv4Network('149.159.0.0/16'),
 IPv4Network('149.160.0.0/14'),
 IPv4Network('156.56.0.0/16'),
 IPv4Network('172.16.0.0/12'),
 IPv4Network('192.168.0.0/24'),
 IPv6Network('::/128'),
 IPv4Network('10.0.0.0/16'),
 IPv4Network('10.1.0.0/16'),
 IPv4Network('10.2.0.0/16'),
 IPv4Network('10.3.0.0/16'),
 IPv4Network('10.4.0.0/16'),
 IPv4Network('10.5.0.0/16'),
 IPv4Network('10.6.0.0/16'),
 IPv4Network('10.7.0.0/16'),
 IPv4Network('10.8.0.0/16'),
 IPv4Network('10.9.0.0/16'),
 IPv4Network('10.10.0.0/16'),
 IPv4Network('10.11.0.0/16'),
 IPv4Network('10.12.0.0/16'),
 IPv4Network('10.13.0.0/16'),
 IPv4Network('10.14.0.0/16'),
 IPv4Network('10.15.0.0/16'),
 IPv4Network('10.16.0.0/16'),
 IPv4Network('10.17.0.0/16'),
 IPv4Network('10.18.0.0/16'),
 IPv4Network('10.19.0.0/16'),
 IPv4Network('10.20.0.0/16'),
 IPv4Network('10.21.0.0/16'),
 IPv4Network('10.22.0.0/16'),
 IPv4Network('10.23.0.0/16'),
 IPv4Network('10.24.0.0/16'),
 IPv4Network('10.25.0.0/16'),
 IPv4Network('10.26.0.0/16'),
 IPv4Network('10.27.0.0/16'),
 IPv4Network('10.28.0.0/16'),
 IPv4Network('10.29.0.0/16'),
 IPv4Network('10.30.0.0/16'),
 IPv4Network('10.31.0.0/16'),
 IPv4Network('10.32.0.0/16'),
 IPv4Network('10.33.0.0/16'),
 IPv4Network('10.34.0.0/16'),
 IPv4Network('10.35.0.0/16'),
 IPv4Network('10.36.0.0/16'),
 IPv4Network('10.37.0.0/16'),
 IPv4Network('10.38.0.0/16'),
 IPv4Network('10.39.0.0/16'),
 IPv4Network('10.40.0.0/16'),
 IPv4Network('10.41.0.0/16'),
 IPv4Network('10.42.0.0/16'),
 IPv4Network('10.43.0.0/16'),
 IPv4Network('10.44.0.0/16'),
 IPv4Network('10.45.0.0/16'),
 IPv4Network('10.46.0.0/16'),
 IPv4Network('10.47.0.0/16'),
 IPv4Network('10.48.0.0/16'),
 IPv4Network('10.49.0.0/16'),
 IPv4Network('10.50.0.0/16'),
 IPv4Network('10.51.0.0/16'),
 IPv4Network('10.52.0.0/16'),
 IPv4Network('10.53.0.0/16'),
 IPv4Network('10.54.0.0/16'),
 IPv4Network('10.55.0.0/16'),
 IPv4Network('10.56.0.0/16'),
 IPv4Network('10.57.0.0/16'),
 IPv4Network('10.58.0.0/16'),
 IPv4Network('10.59.0.0/16'),
 IPv4Network('10.60.0.0/16'),
 IPv4Network('10.61.0.0/16'),
 IPv4Network('10.62.0.0/16'),
 IPv4Network('10.63.0.0/16'),
 IPv4Network('10.64.0.0/16'),
 IPv4Network('10.65.0.0/16'),
 IPv4Network('10.66.0.0/16'),
 IPv4Network('10.67.0.0/16'),
 IPv4Network('10.68.0.0/16'),
 IPv4Network('10.69.0.0/16'),
 IPv4Network('10.70.0.0/16'),
 IPv4Network('10.71.0.0/16'),
 IPv4Network('10.72.0.0/16'),
 IPv4Network('10.73.0.0/16'),
 IPv4Network('10.74.0.0/16'),
 IPv4Network('10.75.0.0/16'),
 IPv4Network('10.76.0.0/16'),
 IPv4Network('10.77.0.0/16'),
 IPv4Network('10.78.0.0/16'),
 IPv4Network('10.79.0.0/16'),
 IPv4Network('10.80.0.0/16'),
 IPv4Network('10.81.0.0/16'),
 IPv4Network('10.82.0.0/16'),
 IPv4Network('10.83.0.0/16'),
 IPv4Network('10.84.0.0/16'),
 IPv4Network('10.85.0.0/16'),
 IPv4Network('10.86.0.0/16'),
 IPv4Network('10.87.0.0/16'),
 IPv4Network('10.88.0.0/16'),
 IPv4Network('10.89.0.0/16'),
 IPv4Network('10.90.0.0/16'),
 IPv4Network('10.91.0.0/16'),
 IPv4Network('10.92.0.0/16'),
 IPv4Network('10.93.0.0/16'),
 IPv4Network('10.94.0.0/16'),
 IPv4Network('10.95.0.0/16'),
 IPv4Network('10.96.0.0/16'),
 IPv4Network('10.97.0.0/16'),
 IPv4Network('10.98.0.0/16'),
 IPv4Network('10.99.0.0/16'),
 IPv4Network('10.100.0.0/16'),
 IPv4Network('10.101.0.0/16'),
 IPv4Network('10.102.0.0/16'),
 IPv4Network('10.103.0.0/16'),
 IPv4Network('10.104.0.0/16'),
 IPv4Network('10.105.0.0/16'),
 IPv4Network('10.106.0.0/16'),
 IPv4Network('10.107.0.0/16'),
 IPv4Network('10.108.0.0/16'),
 IPv4Network('10.109.0.0/16'),
 IPv4Network('10.110.0.0/16'),
 IPv4Network('10.111.0.0/16'),
 IPv4Network('10.112.0.0/16'),
 IPv4Network('10.113.0.0/16'),
 IPv4Network('10.114.0.0/16'),
 IPv4Network('10.115.0.0/16'),
 IPv4Network('10.116.0.0/16'),
 IPv4Network('10.117.0.0/16'),
 IPv4Network('10.118.0.0/16'),
 IPv4Network('10.119.0.0/16'),
 IPv4Network('10.120.0.0/16'),
 IPv4Network('10.121.0.0/16'),
 IPv4Network('10.122.0.0/16'),
 IPv4Network('10.123.0.0/16'),
 IPv4Network('10.124.0.0/16'),
 IPv4Network('10.125.0.0/16'),
 IPv4Network('10.126.0.0/16'),
 IPv4Network('10.127.0.0/16'),
 IPv4Network('10.128.0.0/16'),
 IPv4Network('10.129.0.0/16'),
 IPv4Network('10.130.0.0/16'),
 IPv4Network('10.131.0.0/16'),
 IPv4Network('10.132.0.0/16'),
 IPv4Network('10.133.0.0/16'),
 IPv4Network('10.134.0.0/16'),
 IPv4Network('10.135.0.0/16'),
 IPv4Network('10.136.0.0/16'),
 IPv4Network('10.137.0.0/16'),
 IPv4Network('10.138.0.0/16'),
 IPv4Network('10.139.0.0/16'),
 IPv4Network('10.140.0.0/16'),
 IPv4Network('10.141.0.0/16'),
 IPv4Network('10.142.0.0/16'),
 IPv4Network('10.143.0.0/16'),
 IPv4Network('10.144.0.0/16'),
 IPv4Network('10.145.0.0/16'),
 IPv4Network('10.146.0.0/16'),
 IPv4Network('10.147.0.0/16'),
 IPv4Network('10.148.0.0/16'),
 IPv4Network('10.149.0.0/16'),
 IPv4Network('10.150.0.0/16'),
 IPv4Network('10.151.0.0/16'),
 IPv4Network('10.152.0.0/16'),
 IPv4Network('10.153.0.0/16'),
 IPv4Network('10.154.0.0/16'),
 IPv4Network('10.155.0.0/16'),
 IPv4Network('10.156.0.0/16'),
 IPv4Network('10.157.0.0/16'),
 IPv4Network('10.158.0.0/16'),
 IPv4Network('10.159.0.0/16')]
[IPv4Network('10.0.0.0/8'),
 IPv4Network('129.79.0.0/16'),
 IPv4Network('134.68.0.0/16'),
 IPv4Network('140.182.0.0/16'),
 IPv4Network('149.159.0.0/16'),
 IPv4Network('149.160.0.0/14'),
 IPv4Network('156.56.0.0/16'),
 IPv4Network('172.16.0.0/12'),
 IPv4Network('192.168.0.0/24'),
 IPv6Network('::/128'),
 IPv4Network('10.0.0.0/16'),
 IPv4Network('10.1.0.0/16'),
 IPv4Network('10.2.0.0/16'),
 IPv4Network('10.3.0.0/16'),
 IPv4Network('10.4.0.0/16'),
 IPv4Network('10.5.0.0/16'),
 IPv4Network('10.6.0.0/16'),
 IPv4Network('10.7.0.0/16'),
 IPv4Network('10.8.0.0/16'),
 IPv4Network('10.9.0.0/16'),
 IPv4Network('10.10.0.0/16'),
 IPv4Network('10.11.0.0/16'),
 IPv4Network('10.12.0.0/16'),
 IPv4Network('10.13.0.0/16'),
 IPv4Network('10.14.0.0/16'),
 IPv4Network('10.15.0.0/16'),
 IPv4Network('10.16.0.0/16'),
 IPv4Network('10.17.0.0/16'),
 IPv4Network('10.18.0.0/16'),
 IPv4Network('10.19.0.0/16'),
 IPv4Network('10.20.0.0/16'),
 IPv4Network('10.21.0.0/16'),
 IPv4Network('10.22.0.0/16'),
 IPv4Network('10.23.0.0/16'),
 IPv4Network('10.24.0.0/16'),
 IPv4Network('10.25.0.0/16'),
 IPv4Network('10.26.0.0/16'),
 IPv4Network('10.27.0.0/16'),
 IPv4Network('10.28.0.0/16'),
 IPv4Network('10.29.0.0/16'),
 IPv4Network('10.30.0.0/16'),
 IPv4Network('10.31.0.0/16'),
 IPv4Network('10.32.0.0/16'),
 IPv4Network('10.33.0.0/16'),
 IPv4Network('10.34.0.0/16'),
 IPv4Network('10.35.0.0/16'),
 IPv4Network('10.36.0.0/16'),
 IPv4Network('10.37.0.0/16'),
 IPv4Network('10.38.0.0/16'),
 IPv4Network('10.39.0.0/16'),
 IPv4Network('10.40.0.0/16'),
 IPv4Network('10.41.0.0/16'),
 IPv4Network('10.42.0.0/16'),
 IPv4Network('10.43.0.0/16'),
 IPv4Network('10.44.0.0/16'),
 IPv4Network('10.45.0.0/16'),
 IPv4Network('10.46.0.0/16'),
 IPv4Network('10.47.0.0/16'),
 IPv4Network('10.48.0.0/16'),
 IPv4Network('10.49.0.0/16'),
 IPv4Network('10.50.0.0/16'),
 IPv4Network('10.51.0.0/16'),
 IPv4Network('10.52.0.0/16'),
 IPv4Network('10.53.0.0/16'),
 IPv4Network('10.54.0.0/16'),
 IPv4Network('10.55.0.0/16'),
 IPv4Network('10.56.0.0/16'),
 IPv4Network('10.57.0.0/16'),
 IPv4Network('10.58.0.0/16'),
 IPv4Network('10.59.0.0/16'),
 IPv4Network('10.60.0.0/16'),
 IPv4Network('10.61.0.0/16'),
 IPv4Network('10.62.0.0/16'),
 IPv4Network('10.63.0.0/16'),
 IPv4Network('10.64.0.0/16'),
 IPv4Network('10.65.0.0/16'),
 IPv4Network('10.66.0.0/16'),
 IPv4Network('10.67.0.0/16'),
 IPv4Network('10.68.0.0/16'),
 IPv4Network('10.69.0.0/16'),
 IPv4Network('10.70.0.0/16'),
 IPv4Network('10.71.0.0/16'),
 IPv4Network('10.72.0.0/16'),
 IPv4Network('10.73.0.0/16'),
 IPv4Network('10.74.0.0/16'),
 IPv4Network('10.75.0.0/16'),
 IPv4Network('10.76.0.0/16'),
 IPv4Network('10.77.0.0/16'),
 IPv4Network('10.78.0.0/16'),
 IPv4Network('10.79.0.0/16'),
 IPv4Network('10.80.0.0/16'),
 IPv4Network('10.81.0.0/16'),
 IPv4Network('10.82.0.0/16'),
 IPv4Network('10.83.0.0/16'),
 IPv4Network('10.84.0.0/16'),
 IPv4Network('10.85.0.0/16'),
 IPv4Network('10.86.0.0/16'),
 IPv4Network('10.87.0.0/16'),
 IPv4Network('10.88.0.0/16'),
 IPv4Network('10.89.0.0/16'),
 IPv4Network('10.90.0.0/16'),
 IPv4Network('10.91.0.0/16'),
 IPv4Network('10.92.0.0/16'),
 IPv4Network('10.93.0.0/16'),
 IPv4Network('10.94.0.0/16'),
 IPv4Network('10.95.0.0/16'),
 IPv4Network('10.96.0.0/16'),
 IPv4Network('10.97.0.0/16'),
 IPv4Network('10.98.0.0/16'),
 IPv4Network('10.99.0.0/16'),
 IPv4Network('10.100.0.0/16'),
 IPv4Network('10.101.0.0/16'),
 IPv4Network('10.102.0.0/16'),
 IPv4Network('10.103.0.0/16'),
 IPv4Network('10.104.0.0/16'),
 IPv4Network('10.105.0.0/16'),
 IPv4Network('10.106.0.0/16'),
 IPv4Network('10.107.0.0/16'),
 IPv4Network('10.108.0.0/16'),
 IPv4Network('10.109.0.0/16'),
 IPv4Network('10.110.0.0/16'),
 IPv4Network('10.111.0.0/16'),
 IPv4Network('10.112.0.0/16'),
 IPv4Network('10.113.0.0/16'),
 IPv4Network('10.114.0.0/16'),
 IPv4Network('10.115.0.0/16'),
 IPv4Network('10.116.0.0/16'),
 IPv4Network('10.117.0.0/16'),
 IPv4Network('10.118.0.0/16'),
 IPv4Network('10.119.0.0/16'),
 IPv4Network('10.120.0.0/16'),
 IPv4Network('10.121.0.0/16'),
 IPv4Network('10.122.0.0/16'),
 IPv4Network('10.123.0.0/16'),
 IPv4Network('10.124.0.0/16'),
 IPv4Network('10.125.0.0/16'),
 IPv4Network('10.126.0.0/16'),
 IPv4Network('10.127.0.0/16'),
 IPv4Network('10.128.0.0/16'),
 IPv4Network('10.129.0.0/16'),
 IPv4Network('10.130.0.0/16'),
 IPv4Network('10.131.0.0/16'),
 IPv4Network('10.132.0.0/16'),
 IPv4Network('10.133.0.0/16'),
 IPv4Network('10.134.0.0/16'),
 IPv4Network('10.135.0.0/16'),
 IPv4Network('10.136.0.0/16'),
 IPv4Network('10.137.0.0/16'),
 IPv4Network('10.138.0.0/16'),
 IPv4Network('10.139.0.0/16'),
 IPv4Network('10.140.0.0/16'),
 IPv4Network('10.141.0.0/16'),
 IPv4Network('10.142.0.0/16'),
 IPv4Network('10.143.0.0/16'),
 IPv4Network('10.144.0.0/16'),
 IPv4Network('10.145.0.0/16'),
 IPv4Network('10.146.0.0/16'),
 IPv4Network('10.147.0.0/16'),
 IPv4Network('10.148.0.0/16'),
 IPv4Network('10.149.0.0/16'),
 IPv4Network('10.150.0.0/16'),
 IPv4Network('10.151.0.0/16'),
 IPv4Network('10.152.0.0/16'),
 IPv4Network('10.153.0.0/16'),
 IPv4Network('10.154.0.0/16'),
 IPv4Network('10.155.0.0/16'),
 IPv4Network('10.156.0.0/16'),
 IPv4Network('10.157.0.0/16'),
 IPv4Network('10.158.0.0/16'),
 IPv4Network('10.159.0.0/16')]
[IPv4Network('10.0.0.0/8'),
 IPv4Network('129.79.0.0/16'),
 IPv4Network('134.68.0.0/16'),
 IPv4Network('140.182.0.0/16'),
 IPv4Network('149.159.0.0/16'),
 IPv4Network('149.160.0.0/14'),
 IPv4Network('156.56.0.0/16'),
 IPv4Network('172.16.0.0/12'),
 IPv4Network('192.168.0.0/24'),
 IPv6Network('::/128'),
 IPv4Network('10.0.0.0/16'),
 IPv4Network('10.1.0.0/16'),
 IPv4Network('10.2.0.0/16'),
 IPv4Network('10.3.0.0/16'),
 IPv4Network('10.4.0.0/16'),
 IPv4Network('10.5.0.0/16'),
 IPv4Network('10.6.0.0/16'),
 IPv4Network('10.7.0.0/16'),
 IPv4Network('10.8.0.0/16'),
 IPv4Network('10.9.0.0/16'),
 IPv4Network('10.10.0.0/16'),
 IPv4Network('10.11.0.0/16'),
 IPv4Network('10.12.0.0/16'),
 IPv4Network('10.13.0.0/16'),
 IPv4Network('10.14.0.0/16'),
 IPv4Network('10.15.0.0/16'),
 IPv4Network('10.16.0.0/16'),
 IPv4Network('10.17.0.0/16'),
 IPv4Network('10.18.0.0/16'),
 IPv4Network('10.19.0.0/16'),
 IPv4Network('10.20.0.0/16'),
 IPv4Network('10.21.0.0/16'),
 IPv4Network('10.22.0.0/16'),
 IPv4Network('10.23.0.0/16'),
 IPv4Network('10.24.0.0/16'),
 IPv4Network('10.25.0.0/16'),
 IPv4Network('10.26.0.0/16'),
 IPv4Network('10.27.0.0/16'),
 IPv4Network('10.28.0.0/16'),
 IPv4Network('10.29.0.0/16'),
 IPv4Network('10.30.0.0/16'),
 IPv4Network('10.31.0.0/16'),
 IPv4Network('10.32.0.0/16'),
 IPv4Network('10.33.0.0/16'),
 IPv4Network('10.34.0.0/16'),
 IPv4Network('10.35.0.0/16'),
 IPv4Network('10.36.0.0/16'),
 IPv4Network('10.37.0.0/16'),
 IPv4Network('10.38.0.0/16'),
 IPv4Network('10.39.0.0/16'),
 IPv4Network('10.40.0.0/16'),
 IPv4Network('10.41.0.0/16'),
 IPv4Network('10.42.0.0/16'),
 IPv4Network('10.43.0.0/16'),
 IPv4Network('10.44.0.0/16'),
 IPv4Network('10.45.0.0/16'),
 IPv4Network('10.46.0.0/16'),
 IPv4Network('10.47.0.0/16'),
 IPv4Network('10.48.0.0/16'),
 IPv4Network('10.49.0.0/16'),
 IPv4Network('10.50.0.0/16'),
 IPv4Network('10.51.0.0/16'),
 IPv4Network('10.52.0.0/16'),
 IPv4Network('10.53.0.0/16'),
 IPv4Network('10.54.0.0/16'),
 IPv4Network('10.55.0.0/16'),
 IPv4Network('10.56.0.0/16'),
 IPv4Network('10.57.0.0/16'),
 IPv4Network('10.58.0.0/16'),
 IPv4Network('10.59.0.0/16'),
 IPv4Network('10.60.0.0/16'),
 IPv4Network('10.61.0.0/16'),
 IPv4Network('10.62.0.0/16'),
 IPv4Network('10.63.0.0/16'),
 IPv4Network('10.64.0.0/16'),
 IPv4Network('10.65.0.0/16'),
 IPv4Network('10.66.0.0/16'),
 IPv4Network('10.67.0.0/16'),
 IPv4Network('10.68.0.0/16'),
 IPv4Network('10.69.0.0/16'),
 IPv4Network('10.70.0.0/16'),
 IPv4Network('10.71.0.0/16'),
 IPv4Network('10.72.0.0/16'),
 IPv4Network('10.73.0.0/16'),
 IPv4Network('10.74.0.0/16'),
 IPv4Network('10.75.0.0/16'),
 IPv4Network('10.76.0.0/16'),
 IPv4Network('10.77.0.0/16'),
 IPv4Network('10.78.0.0/16'),
 IPv4Network('10.79.0.0/16'),
 IPv4Network('10.80.0.0/16'),
 IPv4Network('10.81.0.0/16'),
 IPv4Network('10.82.0.0/16'),
 IPv4Network('10.83.0.0/16'),
 IPv4Network('10.84.0.0/16'),
 IPv4Network('10.85.0.0/16'),
 IPv4Network('10.86.0.0/16'),
 IPv4Network('10.87.0.0/16'),
 IPv4Network('10.88.0.0/16'),
 IPv4Network('10.89.0.0/16'),
 IPv4Network('10.90.0.0/16'),
 IPv4Network('10.91.0.0/16'),
 IPv4Network('10.92.0.0/16'),
 IPv4Network('10.93.0.0/16'),
 IPv4Network('10.94.0.0/16'),
 IPv4Network('10.95.0.0/16'),
 IPv4Network('10.96.0.0/16'),
 IPv4Network('10.97.0.0/16'),
 IPv4Network('10.98.0.0/16'),
 IPv4Network('10.99.0.0/16'),
 IPv4Network('10.100.0.0/16'),
 IPv4Network('10.101.0.0/16'),
 IPv4Network('10.102.0.0/16'),
 IPv4Network('10.103.0.0/16'),
 IPv4Network('10.104.0.0/16'),
 IPv4Network('10.105.0.0/16'),
 IPv4Network('10.106.0.0/16'),
 IPv4Network('10.107.0.0/16'),
 IPv4Network('10.108.0.0/16'),
 IPv4Network('10.109.0.0/16'),
 IPv4Network('10.110.0.0/16'),
 IPv4Network('10.111.0.0/16'),
 IPv4Network('10.112.0.0/16'),
 IPv4Network('10.113.0.0/16'),
 IPv4Network('10.114.0.0/16'),
 IPv4Network('10.115.0.0/16'),
 IPv4Network('10.116.0.0/16'),
 IPv4Network('10.117.0.0/16'),
 IPv4Network('10.118.0.0/16'),
 IPv4Network('10.119.0.0/16'),
 IPv4Network('10.120.0.0/16'),
 IPv4Network('10.121.0.0/16'),
 IPv4Network('10.122.0.0/16'),
 IPv4Network('10.123.0.0/16'),
 IPv4Network('10.124.0.0/16'),
 IPv4Network('10.125.0.0/16'),
 IPv4Network('10.126.0.0/16'),
 IPv4Network('10.127.0.0/16'),
 IPv4Network('10.128.0.0/16'),
 IPv4Network('10.129.0.0/16'),
 IPv4Network('10.130.0.0/16'),
 IPv4Network('10.131.0.0/16'),
 IPv4Network('10.132.0.0/16'),
 IPv4Network('10.133.0.0/16'),
 IPv4Network('10.134.0.0/16'),
 IPv4Network('10.135.0.0/16'),
 IPv4Network('10.136.0.0/16'),
 IPv4Network('10.137.0.0/16'),
 IPv4Network('10.138.0.0/16'),
 IPv4Network('10.139.0.0/16'),
 IPv4Network('10.140.0.0/16'),
 IPv4Network('10.141.0.0/16'),
 IPv4Network('10.142.0.0/16'),
 IPv4Network('10.143.0.0/16'),
 IPv4Network('10.144.0.0/16'),
 IPv4Network('10.145.0.0/16'),
 IPv4Network('10.146.0.0/16'),
 IPv4Network('10.147.0.0/16'),
 IPv4Network('10.148.0.0/16'),
 IPv4Network('10.149.0.0/16'),
 IPv4Network('10.150.0.0/16'),
 IPv4Network('10.151.0.0/16'),
 IPv4Network('10.152.0.0/16'),
 IPv4Network('10.153.0.0/16'),
 IPv4Network('10.154.0.0/16'),
 IPv4Network('10.155.0.0/16'),
 IPv4Network('10.156.0.0/16'),
 IPv4Network('10.157.0.0/16'),
 IPv4Network('10.158.0.0/16'),
 IPv4Network('10.159.0.0/16')]
[IPv4Network('10.0.0.0/8'),
 IPv4Network('129.79.0.0/16'),
 IPv4Network('134.68.0.0/16'),
 IPv4Network('140.182.0.0/16'),
 IPv4Network('149.159.0.0/16'),
 IPv4Network('149.160.0.0/14'),
 IPv4Network('156.56.0.0/16'),
 IPv4Network('172.16.0.0/12'),
 IPv4Network('192.168.0.0/24'),
 IPv6Network('::/128'),
 IPv4Network('10.0.0.0/16'),
 IPv4Network('10.1.0.0/16'),
 IPv4Network('10.2.0.0/16'),
 IPv4Network('10.3.0.0/16'),
 IPv4Network('10.4.0.0/16'),
 IPv4Network('10.5.0.0/16'),
 IPv4Network('10.6.0.0/16'),
 IPv4Network('10.7.0.0/16'),
 IPv4Network('10.8.0.0/16'),
 IPv4Network('10.9.0.0/16'),
 IPv4Network('10.10.0.0/16'),
 IPv4Network('10.11.0.0/16'),
 IPv4Network('10.12.0.0/16'),
 IPv4Network('10.13.0.0/16'),
 IPv4Network('10.14.0.0/16'),
 IPv4Network('10.15.0.0/16'),
 IPv4Network('10.16.0.0/16'),
 IPv4Network('10.17.0.0/16'),
 IPv4Network('10.18.0.0/16'),
 IPv4Network('10.19.0.0/16'),
 IPv4Network('10.20.0.0/16'),
 IPv4Network('10.21.0.0/16'),
 IPv4Network('10.22.0.0/16'),
 IPv4Network('10.23.0.0/16'),
 IPv4Network('10.24.0.0/16'),
 IPv4Network('10.25.0.0/16'),
 IPv4Network('10.26.0.0/16'),
 IPv4Network('10.27.0.0/16'),
 IPv4Network('10.28.0.0/16'),
 IPv4Network('10.29.0.0/16'),
 IPv4Network('10.30.0.0/16'),
 IPv4Network('10.31.0.0/16'),
 IPv4Network('10.32.0.0/16'),
 IPv4Network('10.33.0.0/16'),
 IPv4Network('10.34.0.0/16'),
 IPv4Network('10.35.0.0/16'),
 IPv4Network('10.36.0.0/16'),
 IPv4Network('10.37.0.0/16'),
 IPv4Network('10.38.0.0/16'),
 IPv4Network('10.39.0.0/16'),
 IPv4Network('10.40.0.0/16'),
 IPv4Network('10.41.0.0/16'),
 IPv4Network('10.42.0.0/16'),
 IPv4Network('10.43.0.0/16'),
 IPv4Network('10.44.0.0/16'),
 IPv4Network('10.45.0.0/16'),
 IPv4Network('10.46.0.0/16'),
 IPv4Network('10.47.0.0/16'),
 IPv4Network('10.48.0.0/16'),
 IPv4Network('10.49.0.0/16'),
 IPv4Network('10.50.0.0/16'),
 IPv4Network('10.51.0.0/16'),
 IPv4Network('10.52.0.0/16'),
 IPv4Network('10.53.0.0/16'),
 IPv4Network('10.54.0.0/16'),
 IPv4Network('10.55.0.0/16'),
 IPv4Network('10.56.0.0/16'),
 IPv4Network('10.57.0.0/16'),
 IPv4Network('10.58.0.0/16'),
 IPv4Network('10.59.0.0/16'),
 IPv4Network('10.60.0.0/16'),
 IPv4Network('10.61.0.0/16'),
 IPv4Network('10.62.0.0/16'),
 IPv4Network('10.63.0.0/16'),
 IPv4Network('10.64.0.0/16'),
 IPv4Network('10.65.0.0/16'),
 IPv4Network('10.66.0.0/16'),
 IPv4Network('10.67.0.0/16'),
 IPv4Network('10.68.0.0/16'),
 IPv4Network('10.69.0.0/16'),
 IPv4Network('10.70.0.0/16'),
 IPv4Network('10.71.0.0/16'),
 IPv4Network('10.72.0.0/16'),
 IPv4Network('10.73.0.0/16'),
 IPv4Network('10.74.0.0/16'),
 IPv4Network('10.75.0.0/16'),
 IPv4Network('10.76.0.0/16'),
 IPv4Network('10.77.0.0/16'),
 IPv4Network('10.78.0.0/16'),
 IPv4Network('10.79.0.0/16'),
 IPv4Network('10.80.0.0/16'),
 IPv4Network('10.81.0.0/16'),
 IPv4Network('10.82.0.0/16'),
 IPv4Network('10.83.0.0/16'),
 IPv4Network('10.84.0.0/16'),
 IPv4Network('10.85.0.0/16'),
 IPv4Network('10.86.0.0/16'),
 IPv4Network('10.87.0.0/16'),
 IPv4Network('10.88.0.0/16'),
 IPv4Network('10.89.0.0/16'),
 IPv4Network('10.90.0.0/16'),
 IPv4Network('10.91.0.0/16'),
 IPv4Network('10.92.0.0/16'),
 IPv4Network('10.93.0.0/16'),
 IPv4Network('10.94.0.0/16'),
 IPv4Network('10.95.0.0/16'),
 IPv4Network('10.96.0.0/16'),
 IPv4Network('10.97.0.0/16'),
 IPv4Network('10.98.0.0/16'),
 IPv4Network('10.99.0.0/16'),
 IPv4Network('10.100.0.0/16'),
 IPv4Network('10.101.0.0/16'),
 IPv4Network('10.102.0.0/16'),
 IPv4Network('10.103.0.0/16'),
 IPv4Network('10.104.0.0/16'),
 IPv4Network('10.105.0.0/16'),
 IPv4Network('10.106.0.0/16'),
 IPv4Network('10.107.0.0/16'),
 IPv4Network('10.108.0.0/16'),
 IPv4Network('10.109.0.0/16'),
 IPv4Network('10.110.0.0/16'),
 IPv4Network('10.111.0.0/16'),
 IPv4Network('10.112.0.0/16'),
 IPv4Network('10.113.0.0/16'),
 IPv4Network('10.114.0.0/16'),
 IPv4Network('10.115.0.0/16'),
 IPv4Network('10.116.0.0/16'),
 IPv4Network('10.117.0.0/16'),
 IPv4Network('10.118.0.0/16'),
 IPv4Network('10.119.0.0/16'),
 IPv4Network('10.120.0.0/16'),
 IPv4Network('10.121.0.0/16'),
 IPv4Network('10.122.0.0/16'),
 IPv4Network('10.123.0.0/16'),
 IPv4Network('10.124.0.0/16'),
 IPv4Network('10.125.0.0/16'),
 IPv4Network('10.126.0.0/16'),
 IPv4Network('10.127.0.0/16'),
 IPv4Network('10.128.0.0/16'),
 IPv4Network('10.129.0.0/16'),
 IPv4Network('10.130.0.0/16'),
 IPv4Network('10.131.0.0/16'),
 IPv4Network('10.132.0.0/16'),
 IPv4Network('10.133.0.0/16'),
 IPv4Network('10.134.0.0/16'),
 IPv4Network('10.135.0.0/16'),
 IPv4Network('10.136.0.0/16'),
 IPv4Network('10.137.0.0/16'),
 IPv4Network('10.138.0.0/16'),
 IPv4Network('10.139.0.0/16'),
 IPv4Network('10.140.0.0/16'),
 IPv4Network('10.141.0.0/16'),
 IPv4Network('10.142.0.0/16'),
 IPv4Network('10.143.0.0/16'),
 IPv4Network('10.144.0.0/16'),
 IPv4Network('10.145.0.0/16'),
 IPv4Network('10.146.0.0/16'),
 IPv4Network('10.147.0.0/16'),
 IPv4Network('10.148.0.0/16'),
 IPv4Network('10.149.0.0/16'),
 IPv4Network('10.150.0.0/16'),
 IPv4Network('10.151.0.0/16'),
 IPv4Network('10.152.0.0/16'),
 IPv4Network('10.153.0.0/16'),
 IPv4Network('10.154.0.0/16'),
 IPv4Network('10.155.0.0/16'),
 IPv4Network('10.156.0.0/16'),
 IPv4Network('10.157.0.0/16'),
 IPv4Network('10.158.0.0/16'),
 IPv4Network('10.159.0.0/16'),
 IPv4Network('10.160.0.0/16'),
 IPv4Network('10.161.0.0/16')]
[IPv4Network('10.0.0.0/8'),
 IPv4Network('129.79.0.0/16'),
 IPv4Network('134.68.0.0/16'),
 IPv4Network('140.182.0.0/16'),
 IPv4Network('149.159.0.0/16'),
 IPv4Network('149.160.0.0/14'),
 IPv4Network('156.56.0.0/16'),
 IPv4Network('172.16.0.0/12'),
 IPv4Network('192.168.0.0/24'),
 IPv6Network('::/128'),
 IPv4Network('10.0.0.0/16'),
 IPv4Network('10.1.0.0/16'),
 IPv4Network('10.2.0.0/16'),
 IPv4Network('10.3.0.0/16'),
 IPv4Network('10.4.0.0/16'),
 IPv4Network('10.5.0.0/16'),
 IPv4Network('10.6.0.0/16'),
 IPv4Network('10.7.0.0/16'),
 IPv4Network('10.8.0.0/16'),
 IPv4Network('10.9.0.0/16'),
 IPv4Network('10.10.0.0/16'),
 IPv4Network('10.11.0.0/16'),
 IPv4Network('10.12.0.0/16'),
 IPv4Network('10.13.0.0/16'),
 IPv4Network('10.14.0.0/16'),
 IPv4Network('10.15.0.0/16'),
 IPv4Network('10.16.0.0/16'),
 IPv4Network('10.17.0.0/16'),
 IPv4Network('10.18.0.0/16'),
 IPv4Network('10.19.0.0/16'),
 IPv4Network('10.20.0.0/16'),
 IPv4Network('10.21.0.0/16'),
 IPv4Network('10.22.0.0/16'),
 IPv4Network('10.23.0.0/16'),
 IPv4Network('10.24.0.0/16'),
 IPv4Network('10.25.0.0/16'),
 IPv4Network('10.26.0.0/16'),
 IPv4Network('10.27.0.0/16'),
 IPv4Network('10.28.0.0/16'),
 IPv4Network('10.29.0.0/16'),
 IPv4Network('10.30.0.0/16'),
 IPv4Network('10.31.0.0/16'),
 IPv4Network('10.32.0.0/16'),
 IPv4Network('10.33.0.0/16'),
 IPv4Network('10.34.0.0/16'),
 IPv4Network('10.35.0.0/16'),
 IPv4Network('10.36.0.0/16'),
 IPv4Network('10.37.0.0/16'),
 IPv4Network('10.38.0.0/16'),
 IPv4Network('10.39.0.0/16'),
 IPv4Network('10.40.0.0/16'),
 IPv4Network('10.41.0.0/16'),
 IPv4Network('10.42.0.0/16'),
 IPv4Network('10.43.0.0/16'),
 IPv4Network('10.44.0.0/16'),
 IPv4Network('10.45.0.0/16'),
 IPv4Network('10.46.0.0/16'),
 IPv4Network('10.47.0.0/16'),
 IPv4Network('10.48.0.0/16'),
 IPv4Network('10.49.0.0/16'),
 IPv4Network('10.50.0.0/16'),
 IPv4Network('10.51.0.0/16'),
 IPv4Network('10.52.0.0/16'),
 IPv4Network('10.53.0.0/16'),
 IPv4Network('10.54.0.0/16'),
 IPv4Network('10.55.0.0/16'),
 IPv4Network('10.56.0.0/16'),
 IPv4Network('10.57.0.0/16'),
 IPv4Network('10.58.0.0/16'),
 IPv4Network('10.59.0.0/16'),
 IPv4Network('10.60.0.0/16'),
 IPv4Network('10.61.0.0/16'),
 IPv4Network('10.62.0.0/16'),
 IPv4Network('10.63.0.0/16'),
 IPv4Network('10.64.0.0/16'),
 IPv4Network('10.65.0.0/16'),
 IPv4Network('10.66.0.0/16'),
 IPv4Network('10.67.0.0/16'),
 IPv4Network('10.68.0.0/16'),
 IPv4Network('10.69.0.0/16'),
 IPv4Network('10.70.0.0/16'),
 IPv4Network('10.71.0.0/16'),
 IPv4Network('10.72.0.0/16'),
 IPv4Network('10.73.0.0/16'),
 IPv4Network('10.74.0.0/16'),
 IPv4Network('10.75.0.0/16'),
 IPv4Network('10.76.0.0/16'),
 IPv4Network('10.77.0.0/16'),
 IPv4Network('10.78.0.0/16'),
 IPv4Network('10.79.0.0/16'),
 IPv4Network('10.80.0.0/16'),
 IPv4Network('10.81.0.0/16'),
 IPv4Network('10.82.0.0/16'),
 IPv4Network('10.83.0.0/16'),
 IPv4Network('10.84.0.0/16'),
 IPv4Network('10.85.0.0/16'),
 IPv4Network('10.86.0.0/16'),
 IPv4Network('10.87.0.0/16'),
 IPv4Network('10.88.0.0/16'),
 IPv4Network('10.89.0.0/16'),
 IPv4Network('10.90.0.0/16'),
 IPv4Network('10.91.0.0/16'),
 IPv4Network('10.92.0.0/16'),
 IPv4Network('10.93.0.0/16'),
 IPv4Network('10.94.0.0/16'),
 IPv4Network('10.95.0.0/16'),
 IPv4Network('10.96.0.0/16'),
 IPv4Network('10.97.0.0/16'),
 IPv4Network('10.98.0.0/16'),
 IPv4Network('10.99.0.0/16'),
 IPv4Network('10.100.0.0/16'),
 IPv4Network('10.101.0.0/16'),
 IPv4Network('10.102.0.0/16'),
 IPv4Network('10.103.0.0/16'),
 IPv4Network('10.104.0.0/16'),
 IPv4Network('10.105.0.0/16'),
 IPv4Network('10.106.0.0/16'),
 IPv4Network('10.107.0.0/16'),
 IPv4Network('10.108.0.0/16'),
 IPv4Network('10.109.0.0/16'),
 IPv4Network('10.110.0.0/16'),
 IPv4Network('10.111.0.0/16'),
 IPv4Network('10.112.0.0/16'),
 IPv4Network('10.113.0.0/16'),
 IPv4Network('10.114.0.0/16'),
 IPv4Network('10.115.0.0/16'),
 IPv4Network('10.116.0.0/16'),
 IPv4Network('10.117.0.0/16'),
 IPv4Network('10.118.0.0/16'),
 IPv4Network('10.119.0.0/16'),
 IPv4Network('10.120.0.0/16'),
 IPv4Network('10.121.0.0/16'),
 IPv4Network('10.122.0.0/16'),
 IPv4Network('10.123.0.0/16'),
 IPv4Network('10.124.0.0/16'),
 IPv4Network('10.125.0.0/16'),
 IPv4Network('10.126.0.0/16'),
 IPv4Network('10.127.0.0/16'),
 IPv4Network('10.128.0.0/16'),
 IPv4Network('10.129.0.0/16'),
 IPv4Network('10.130.0.0/16'),
 IPv4Network('10.131.0.0/16'),
 IPv4Network('10.132.0.0/16'),
 IPv4Network('10.133.0.0/16'),
 IPv4Network('10.134.0.0/16'),
 IPv4Network('10.135.0.0/16'),
 IPv4Network('10.136.0.0/16'),
 IPv4Network('10.137.0.0/16'),
 IPv4Network('10.138.0.0/16'),
 IPv4Network('10.139.0.0/16'),
 IPv4Network('10.140.0.0/16'),
 IPv4Network('10.141.0.0/16'),
 IPv4Network('10.142.0.0/16'),
 IPv4Network('10.143.0.0/16'),
 IPv4Network('10.144.0.0/16'),
 IPv4Network('10.145.0.0/16'),
 IPv4Network('10.146.0.0/16'),
 IPv4Network('10.147.0.0/16'),
 IPv4Network('10.148.0.0/16'),
 IPv4Network('10.149.0.0/16'),
 IPv4Network('10.150.0.0/16'),
 IPv4Network('10.151.0.0/16'),
 IPv4Network('10.152.0.0/16'),
 IPv4Network('10.153.0.0/16'),
 IPv4Network('10.154.0.0/16'),
 IPv4Network('10.155.0.0/16'),
 IPv4Network('10.156.0.0/16'),
 IPv4Network('10.157.0.0/16'),
 IPv4Network('10.158.0.0/16'),
 IPv4Network('10.159.0.0/16'),
 IPv4Network('10.160.0.0/16'),
 IPv4Network('10.161.0.0/16'),
 IPv4Network('10.162.0.0/16'),
 IPv4Network('10.163.0.0/16')]
[IPv4Network('10.0.0.0/8'),
 IPv4Network('129.79.0.0/16'),
 IPv4Network('134.68.0.0/16'),
 IPv4Network('140.182.0.0/16'),
 IPv4Network('149.159.0.0/16'),
 IPv4Network('149.160.0.0/14'),
 IPv4Network('156.56.0.0/16'),
 IPv4Network('172.16.0.0/12'),
 IPv4Network('192.168.0.0/24'),
 IPv6Network('::/128'),
 IPv4Network('10.0.0.0/16'),
 IPv4Network('10.1.0.0/16'),
 IPv4Network('10.2.0.0/16'),
 IPv4Network('10.3.0.0/16'),
 IPv4Network('10.4.0.0/16'),
 IPv4Network('10.5.0.0/16'),
 IPv4Network('10.6.0.0/16'),
 IPv4Network('10.7.0.0/16'),
 IPv4Network('10.8.0.0/16'),
 IPv4Network('10.9.0.0/16'),
 IPv4Network('10.10.0.0/16'),
 IPv4Network('10.11.0.0/16'),
 IPv4Network('10.12.0.0/16'),
 IPv4Network('10.13.0.0/16'),
 IPv4Network('10.14.0.0/16'),
 IPv4Network('10.15.0.0/16'),
 IPv4Network('10.16.0.0/16'),
 IPv4Network('10.17.0.0/16'),
 IPv4Network('10.18.0.0/16'),
 IPv4Network('10.19.0.0/16'),
 IPv4Network('10.20.0.0/16'),
 IPv4Network('10.21.0.0/16'),
 IPv4Network('10.22.0.0/16'),
 IPv4Network('10.23.0.0/16'),
 IPv4Network('10.24.0.0/16'),
 IPv4Network('10.25.0.0/16'),
 IPv4Network('10.26.0.0/16'),
 IPv4Network('10.27.0.0/16'),
 IPv4Network('10.28.0.0/16'),
 IPv4Network('10.29.0.0/16'),
 IPv4Network('10.30.0.0/16'),
 IPv4Network('10.31.0.0/16'),
 IPv4Network('10.32.0.0/16'),
 IPv4Network('10.33.0.0/16'),
 IPv4Network('10.34.0.0/16'),
 IPv4Network('10.35.0.0/16'),
 IPv4Network('10.36.0.0/16'),
 IPv4Network('10.37.0.0/16'),
 IPv4Network('10.38.0.0/16'),
 IPv4Network('10.39.0.0/16'),
 IPv4Network('10.40.0.0/16'),
 IPv4Network('10.41.0.0/16'),
 IPv4Network('10.42.0.0/16'),
 IPv4Network('10.43.0.0/16'),
 IPv4Network('10.44.0.0/16'),
 IPv4Network('10.45.0.0/16'),
 IPv4Network('10.46.0.0/16'),
 IPv4Network('10.47.0.0/16'),
 IPv4Network('10.48.0.0/16'),
 IPv4Network('10.49.0.0/16'),
 IPv4Network('10.50.0.0/16'),
 IPv4Network('10.51.0.0/16'),
 IPv4Network('10.52.0.0/16'),
 IPv4Network('10.53.0.0/16'),
 IPv4Network('10.54.0.0/16'),
 IPv4Network('10.55.0.0/16'),
 IPv4Network('10.56.0.0/16'),
 IPv4Network('10.57.0.0/16'),
 IPv4Network('10.58.0.0/16'),
 IPv4Network('10.59.0.0/16'),
 IPv4Network('10.60.0.0/16'),
 IPv4Network('10.61.0.0/16'),
 IPv4Network('10.62.0.0/16'),
 IPv4Network('10.63.0.0/16'),
 IPv4Network('10.64.0.0/16'),
 IPv4Network('10.65.0.0/16'),
 IPv4Network('10.66.0.0/16'),
 IPv4Network('10.67.0.0/16'),
 IPv4Network('10.68.0.0/16'),
 IPv4Network('10.69.0.0/16'),
 IPv4Network('10.70.0.0/16'),
 IPv4Network('10.71.0.0/16'),
 IPv4Network('10.72.0.0/16'),
 IPv4Network('10.73.0.0/16'),
 IPv4Network('10.74.0.0/16'),
 IPv4Network('10.75.0.0/16'),
 IPv4Network('10.76.0.0/16'),
 IPv4Network('10.77.0.0/16'),
 IPv4Network('10.78.0.0/16'),
 IPv4Network('10.79.0.0/16'),
 IPv4Network('10.80.0.0/16'),
 IPv4Network('10.81.0.0/16'),
 IPv4Network('10.82.0.0/16'),
 IPv4Network('10.83.0.0/16'),
 IPv4Network('10.84.0.0/16'),
 IPv4Network('10.85.0.0/16'),
 IPv4Network('10.86.0.0/16'),
 IPv4Network('10.87.0.0/16'),
 IPv4Network('10.88.0.0/16'),
 IPv4Network('10.89.0.0/16'),
 IPv4Network('10.90.0.0/16'),
 IPv4Network('10.91.0.0/16'),
 IPv4Network('10.92.0.0/16'),
 IPv4Network('10.93.0.0/16'),
 IPv4Network('10.94.0.0/16'),
 IPv4Network('10.95.0.0/16'),
 IPv4Network('10.96.0.0/16'),
 IPv4Network('10.97.0.0/16'),
 IPv4Network('10.98.0.0/16'),
 IPv4Network('10.99.0.0/16'),
 IPv4Network('10.100.0.0/16'),
 IPv4Network('10.101.0.0/16'),
 IPv4Network('10.102.0.0/16'),
 IPv4Network('10.103.0.0/16'),
 IPv4Network('10.104.0.0/16'),
 IPv4Network('10.105.0.0/16'),
 IPv4Network('10.106.0.0/16'),
 IPv4Network('10.107.0.0/16'),
 IPv4Network('10.108.0.0/16'),
 IPv4Network('10.109.0.0/16'),
 IPv4Network('10.110.0.0/16'),
 IPv4Network('10.111.0.0/16'),
 IPv4Network('10.112.0.0/16'),
 IPv4Network('10.113.0.0/16'),
 IPv4Network('10.114.0.0/16'),
 IPv4Network('10.115.0.0/16'),
 IPv4Network('10.116.0.0/16'),
 IPv4Network('10.117.0.0/16'),
 IPv4Network('10.118.0.0/16'),
 IPv4Network('10.119.0.0/16'),
 IPv4Network('10.120.0.0/16'),
 IPv4Network('10.121.0.0/16'),
 IPv4Network('10.122.0.0/16'),
 IPv4Network('10.123.0.0/16'),
 IPv4Network('10.124.0.0/16'),
 IPv4Network('10.125.0.0/16'),
 IPv4Network('10.126.0.0/16'),
 IPv4Network('10.127.0.0/16'),
 IPv4Network('10.128.0.0/16'),
 IPv4Network('10.129.0.0/16'),
 IPv4Network('10.130.0.0/16'),
 IPv4Network('10.131.0.0/16'),
 IPv4Network('10.132.0.0/16'),
 IPv4Network('10.133.0.0/16'),
 IPv4Network('10.134.0.0/16'),
 IPv4Network('10.135.0.0/16'),
 IPv4Network('10.136.0.0/16'),
 IPv4Network('10.137.0.0/16'),
 IPv4Network('10.138.0.0/16'),
 IPv4Network('10.139.0.0/16'),
 IPv4Network('10.140.0.0/16'),
 IPv4Network('10.141.0.0/16'),
 IPv4Network('10.142.0.0/16'),
 IPv4Network('10.143.0.0/16'),
 IPv4Network('10.144.0.0/16'),
 IPv4Network('10.145.0.0/16'),
 IPv4Network('10.146.0.0/16'),
 IPv4Network('10.147.0.0/16'),
 IPv4Network('10.148.0.0/16'),
 IPv4Network('10.149.0.0/16'),
 IPv4Network('10.150.0.0/16'),
 IPv4Network('10.151.0.0/16'),
 IPv4Network('10.152.0.0/16'),
 IPv4Network('10.153.0.0/16'),
 IPv4Network('10.154.0.0/16'),
 IPv4Network('10.155.0.0/16'),
 IPv4Network('10.156.0.0/16'),
 IPv4Network('10.157.0.0/16'),
 IPv4Network('10.158.0.0/16'),
 IPv4Network('10.159.0.0/16'),
 IPv4Network('10.160.0.0/16'),
 IPv4Network('10.161.0.0/16'),
 IPv4Network('10.162.0.0/16'),
 IPv4Network('10.163.0.0/16')]
[IPv4Network('10.0.0.0/8'),
 IPv4Network('129.79.0.0/16'),
 IPv4Network('134.68.0.0/16'),
 IPv4Network('140.182.0.0/16'),
 IPv4Network('149.159.0.0/16'),
 IPv4Network('149.160.0.0/14'),
 IPv4Network('156.56.0.0/16'),
 IPv4Network('172.16.0.0/12'),
 IPv4Network('192.168.0.0/24'),
 IPv6Network('::/128'),
 IPv4Network('10.0.0.0/16'),
 IPv4Network('10.1.0.0/16'),
 IPv4Network('10.2.0.0/16'),
 IPv4Network('10.3.0.0/16'),
 IPv4Network('10.4.0.0/16'),
 IPv4Network('10.5.0.0/16'),
 IPv4Network('10.6.0.0/16'),
 IPv4Network('10.7.0.0/16'),
 IPv4Network('10.8.0.0/16'),
 IPv4Network('10.9.0.0/16'),
 IPv4Network('10.10.0.0/16'),
 IPv4Network('10.11.0.0/16'),
 IPv4Network('10.12.0.0/16'),
 IPv4Network('10.13.0.0/16'),
 IPv4Network('10.14.0.0/16'),
 IPv4Network('10.15.0.0/16'),
 IPv4Network('10.16.0.0/16'),
 IPv4Network('10.17.0.0/16'),
 IPv4Network('10.18.0.0/16'),
 IPv4Network('10.19.0.0/16'),
 IPv4Network('10.20.0.0/16'),
 IPv4Network('10.21.0.0/16'),
 IPv4Network('10.22.0.0/16'),
 IPv4Network('10.23.0.0/16'),
 IPv4Network('10.24.0.0/16'),
 IPv4Network('10.25.0.0/16'),
 IPv4Network('10.26.0.0/16'),
 IPv4Network('10.27.0.0/16'),
 IPv4Network('10.28.0.0/16'),
 IPv4Network('10.29.0.0/16'),
 IPv4Network('10.30.0.0/16'),
 IPv4Network('10.31.0.0/16'),
 IPv4Network('10.32.0.0/16'),
 IPv4Network('10.33.0.0/16'),
 IPv4Network('10.34.0.0/16'),
 IPv4Network('10.35.0.0/16'),
 IPv4Network('10.36.0.0/16'),
 IPv4Network('10.37.0.0/16'),
 IPv4Network('10.38.0.0/16'),
 IPv4Network('10.39.0.0/16'),
 IPv4Network('10.40.0.0/16'),
 IPv4Network('10.41.0.0/16'),
 IPv4Network('10.42.0.0/16'),
 IPv4Network('10.43.0.0/16'),
 IPv4Network('10.44.0.0/16'),
 IPv4Network('10.45.0.0/16'),
 IPv4Network('10.46.0.0/16'),
 IPv4Network('10.47.0.0/16'),
 IPv4Network('10.48.0.0/16'),
 IPv4Network('10.49.0.0/16'),
 IPv4Network('10.50.0.0/16'),
 IPv4Network('10.51.0.0/16'),
 IPv4Network('10.52.0.0/16'),
 IPv4Network('10.53.0.0/16'),
 IPv4Network('10.54.0.0/16'),
 IPv4Network('10.55.0.0/16'),
 IPv4Network('10.56.0.0/16'),
 IPv4Network('10.57.0.0/16'),
 IPv4Network('10.58.0.0/16'),
 IPv4Network('10.59.0.0/16'),
 IPv4Network('10.60.0.0/16'),
 IPv4Network('10.61.0.0/16'),
 IPv4Network('10.62.0.0/16'),
 IPv4Network('10.63.0.0/16'),
 IPv4Network('10.64.0.0/16'),
 IPv4Network('10.65.0.0/16'),
 IPv4Network('10.66.0.0/16'),
 IPv4Network('10.67.0.0/16'),
 IPv4Network('10.68.0.0/16'),
 IPv4Network('10.69.0.0/16'),
 IPv4Network('10.70.0.0/16'),
 IPv4Network('10.71.0.0/16'),
 IPv4Network('10.72.0.0/16'),
 IPv4Network('10.73.0.0/16'),
 IPv4Network('10.74.0.0/16'),
 IPv4Network('10.75.0.0/16'),
 IPv4Network('10.76.0.0/16'),
 IPv4Network('10.77.0.0/16'),
 IPv4Network('10.78.0.0/16'),
 IPv4Network('10.79.0.0/16'),
 IPv4Network('10.80.0.0/16'),
 IPv4Network('10.81.0.0/16'),
 IPv4Network('10.82.0.0/16'),
 IPv4Network('10.83.0.0/16'),
 IPv4Network('10.84.0.0/16'),
 IPv4Network('10.85.0.0/16'),
 IPv4Network('10.86.0.0/16'),
 IPv4Network('10.87.0.0/16'),
 IPv4Network('10.88.0.0/16'),
 IPv4Network('10.89.0.0/16'),
 IPv4Network('10.90.0.0/16'),
 IPv4Network('10.91.0.0/16'),
 IPv4Network('10.92.0.0/16'),
 IPv4Network('10.93.0.0/16'),
 IPv4Network('10.94.0.0/16'),
 IPv4Network('10.95.0.0/16'),
 IPv4Network('10.96.0.0/16'),
 IPv4Network('10.97.0.0/16'),
 IPv4Network('10.98.0.0/16'),
 IPv4Network('10.99.0.0/16'),
 IPv4Network('10.100.0.0/16'),
 IPv4Network('10.101.0.0/16'),
 IPv4Network('10.102.0.0/16'),
 IPv4Network('10.103.0.0/16'),
 IPv4Network('10.104.0.0/16'),
 IPv4Network('10.105.0.0/16'),
 IPv4Network('10.106.0.0/16'),
 IPv4Network('10.107.0.0/16'),
 IPv4Network('10.108.0.0/16'),
 IPv4Network('10.109.0.0/16'),
 IPv4Network('10.110.0.0/16'),
 IPv4Network('10.111.0.0/16'),
 IPv4Network('10.112.0.0/16'),
 IPv4Network('10.113.0.0/16'),
 IPv4Network('10.114.0.0/16'),
 IPv4Network('10.115.0.0/16'),
 IPv4Network('10.116.0.0/16'),
 IPv4Network('10.117.0.0/16'),
 IPv4Network('10.118.0.0/16'),
 IPv4Network('10.119.0.0/16'),
 IPv4Network('10.120.0.0/16'),
 IPv4Network('10.121.0.0/16'),
 IPv4Network('10.122.0.0/16'),
 IPv4Network('10.123.0.0/16'),
 IPv4Network('10.124.0.0/16'),
 IPv4Network('10.125.0.0/16'),
 IPv4Network('10.126.0.0/16'),
 IPv4Network('10.127.0.0/16'),
 IPv4Network('10.128.0.0/16'),
 IPv4Network('10.129.0.0/16'),
 IPv4Network('10.130.0.0/16'),
 IPv4Network('10.131.0.0/16'),
 IPv4Network('10.132.0.0/16'),
 IPv4Network('10.133.0.0/16'),
 IPv4Network('10.134.0.0/16'),
 IPv4Network('10.135.0.0/16'),
 IPv4Network('10.136.0.0/16'),
 IPv4Network('10.137.0.0/16'),
 IPv4Network('10.138.0.0/16'),
 IPv4Network('10.139.0.0/16'),
 IPv4Network('10.140.0.0/16'),
 IPv4Network('10.141.0.0/16'),
 IPv4Network('10.142.0.0/16'),
 IPv4Network('10.143.0.0/16'),
 IPv4Network('10.144.0.0/16'),
 IPv4Network('10.145.0.0/16'),
 IPv4Network('10.146.0.0/16'),
 IPv4Network('10.147.0.0/16'),
 IPv4Network('10.148.0.0/16'),
 IPv4Network('10.149.0.0/16'),
 IPv4Network('10.150.0.0/16'),
 IPv4Network('10.151.0.0/16'),
 IPv4Network('10.152.0.0/16'),
 IPv4Network('10.153.0.0/16'),
 IPv4Network('10.154.0.0/16'),
 IPv4Network('10.155.0.0/16'),
 IPv4Network('10.156.0.0/16'),
 IPv4Network('10.157.0.0/16'),
 IPv4Network('10.158.0.0/16'),
 IPv4Network('10.159.0.0/16'),
 IPv4Network('10.160.0.0/16'),
 IPv4Network('10.161.0.0/16'),
 IPv4Network('10.162.0.0/16'),
 IPv4Network('10.163.0.0/16'),
 IPv4Network('10.164.0.0/16'),
 IPv4Network('10.165.0.0/16')]
[IPv4Network('10.0.0.0/8'),
 IPv4Network('129.79.0.0/16'),
 IPv4Network('134.68.0.0/16'),
 IPv4Network('140.182.0.0/16'),
 IPv4Network('149.159.0.0/16'),
 IPv4Network('149.160.0.0/14'),
 IPv4Network('156.56.0.0/16'),
 IPv4Network('172.16.0.0/12'),
 IPv4Network('192.168.0.0/24'),
 IPv6Network('::/128'),
 IPv4Network('10.0.0.0/16'),
 IPv4Network('10.1.0.0/16'),
 IPv4Network('10.2.0.0/16'),
 IPv4Network('10.3.0.0/16'),
 IPv4Network('10.4.0.0/16'),
 IPv4Network('10.5.0.0/16'),
 IPv4Network('10.6.0.0/16'),
 IPv4Network('10.7.0.0/16'),
 IPv4Network('10.8.0.0/16'),
 IPv4Network('10.9.0.0/16'),
 IPv4Network('10.10.0.0/16'),
 IPv4Network('10.11.0.0/16'),
 IPv4Network('10.12.0.0/16'),
 IPv4Network('10.13.0.0/16'),
 IPv4Network('10.14.0.0/16'),
 IPv4Network('10.15.0.0/16'),
 IPv4Network('10.16.0.0/16'),
 IPv4Network('10.17.0.0/16'),
 IPv4Network('10.18.0.0/16'),
 IPv4Network('10.19.0.0/16'),
 IPv4Network('10.20.0.0/16'),
 IPv4Network('10.21.0.0/16'),
 IPv4Network('10.22.0.0/16'),
 IPv4Network('10.23.0.0/16'),
 IPv4Network('10.24.0.0/16'),
 IPv4Network('10.25.0.0/16'),
 IPv4Network('10.26.0.0/16'),
 IPv4Network('10.27.0.0/16'),
 IPv4Network('10.28.0.0/16'),
 IPv4Network('10.29.0.0/16'),
 IPv4Network('10.30.0.0/16'),
 IPv4Network('10.31.0.0/16'),
 IPv4Network('10.32.0.0/16'),
 IPv4Network('10.33.0.0/16'),
 IPv4Network('10.34.0.0/16'),
 IPv4Network('10.35.0.0/16'),
 IPv4Network('10.36.0.0/16'),
 IPv4Network('10.37.0.0/16'),
 IPv4Network('10.38.0.0/16'),
 IPv4Network('10.39.0.0/16'),
 IPv4Network('10.40.0.0/16'),
 IPv4Network('10.41.0.0/16'),
 IPv4Network('10.42.0.0/16'),
 IPv4Network('10.43.0.0/16'),
 IPv4Network('10.44.0.0/16'),
 IPv4Network('10.45.0.0/16'),
 IPv4Network('10.46.0.0/16'),
 IPv4Network('10.47.0.0/16'),
 IPv4Network('10.48.0.0/16'),
 IPv4Network('10.49.0.0/16'),
 IPv4Network('10.50.0.0/16'),
 IPv4Network('10.51.0.0/16'),
 IPv4Network('10.52.0.0/16'),
 IPv4Network('10.53.0.0/16'),
 IPv4Network('10.54.0.0/16'),
 IPv4Network('10.55.0.0/16'),
 IPv4Network('10.56.0.0/16'),
 IPv4Network('10.57.0.0/16'),
 IPv4Network('10.58.0.0/16'),
 IPv4Network('10.59.0.0/16'),
 IPv4Network('10.60.0.0/16'),
 IPv4Network('10.61.0.0/16'),
 IPv4Network('10.62.0.0/16'),
 IPv4Network('10.63.0.0/16'),
 IPv4Network('10.64.0.0/16'),
 IPv4Network('10.65.0.0/16'),
 IPv4Network('10.66.0.0/16'),
 IPv4Network('10.67.0.0/16'),
 IPv4Network('10.68.0.0/16'),
 IPv4Network('10.69.0.0/16'),
 IPv4Network('10.70.0.0/16'),
 IPv4Network('10.71.0.0/16'),
 IPv4Network('10.72.0.0/16'),
 IPv4Network('10.73.0.0/16'),
 IPv4Network('10.74.0.0/16'),
 IPv4Network('10.75.0.0/16'),
 IPv4Network('10.76.0.0/16'),
 IPv4Network('10.77.0.0/16'),
 IPv4Network('10.78.0.0/16'),
 IPv4Network('10.79.0.0/16'),
 IPv4Network('10.80.0.0/16'),
 IPv4Network('10.81.0.0/16'),
 IPv4Network('10.82.0.0/16'),
 IPv4Network('10.83.0.0/16'),
 IPv4Network('10.84.0.0/16'),
 IPv4Network('10.85.0.0/16'),
 IPv4Network('10.86.0.0/16'),
 IPv4Network('10.87.0.0/16'),
 IPv4Network('10.88.0.0/16'),
 IPv4Network('10.89.0.0/16'),
 IPv4Network('10.90.0.0/16'),
 IPv4Network('10.91.0.0/16'),
 IPv4Network('10.92.0.0/16'),
 IPv4Network('10.93.0.0/16'),
 IPv4Network('10.94.0.0/16'),
 IPv4Network('10.95.0.0/16'),
 IPv4Network('10.96.0.0/16'),
 IPv4Network('10.97.0.0/16'),
 IPv4Network('10.98.0.0/16'),
 IPv4Network('10.99.0.0/16'),
 IPv4Network('10.100.0.0/16'),
 IPv4Network('10.101.0.0/16'),
 IPv4Network('10.102.0.0/16'),
 IPv4Network('10.103.0.0/16'),
 IPv4Network('10.104.0.0/16'),
 IPv4Network('10.105.0.0/16'),
 IPv4Network('10.106.0.0/16'),
 IPv4Network('10.107.0.0/16'),
 IPv4Network('10.108.0.0/16'),
 IPv4Network('10.109.0.0/16'),
 IPv4Network('10.110.0.0/16'),
 IPv4Network('10.111.0.0/16'),
 IPv4Network('10.112.0.0/16'),
 IPv4Network('10.113.0.0/16'),
 IPv4Network('10.114.0.0/16'),
 IPv4Network('10.115.0.0/16'),
 IPv4Network('10.116.0.0/16'),
 IPv4Network('10.117.0.0/16'),
 IPv4Network('10.118.0.0/16'),
 IPv4Network('10.119.0.0/16'),
 IPv4Network('10.120.0.0/16'),
 IPv4Network('10.121.0.0/16'),
 IPv4Network('10.122.0.0/16'),
 IPv4Network('10.123.0.0/16'),
 IPv4Network('10.124.0.0/16'),
 IPv4Network('10.125.0.0/16'),
 IPv4Network('10.126.0.0/16'),
 IPv4Network('10.127.0.0/16'),
 IPv4Network('10.128.0.0/16'),
 IPv4Network('10.129.0.0/16'),
 IPv4Network('10.130.0.0/16'),
 IPv4Network('10.131.0.0/16'),
 IPv4Network('10.132.0.0/16'),
 IPv4Network('10.133.0.0/16'),
 IPv4Network('10.134.0.0/16'),
 IPv4Network('10.135.0.0/16'),
 IPv4Network('10.136.0.0/16'),
 IPv4Network('10.137.0.0/16'),
 IPv4Network('10.138.0.0/16'),
 IPv4Network('10.139.0.0/16'),
 IPv4Network('10.140.0.0/16'),
 IPv4Network('10.141.0.0/16'),
 IPv4Network('10.142.0.0/16'),
 IPv4Network('10.143.0.0/16'),
 IPv4Network('10.144.0.0/16'),
 IPv4Network('10.145.0.0/16'),
 IPv4Network('10.146.0.0/16'),
 IPv4Network('10.147.0.0/16'),
 IPv4Network('10.148.0.0/16'),
 IPv4Network('10.149.0.0/16'),
 IPv4Network('10.150.0.0/16'),
 IPv4Network('10.151.0.0/16'),
 IPv4Network('10.152.0.0/16'),
 IPv4Network('10.153.0.0/16'),
 IPv4Network('10.154.0.0/16'),
 IPv4Network('10.155.0.0/16'),
 IPv4Network('10.156.0.0/16'),
 IPv4Network('10.157.0.0/16'),
 IPv4Network('10.158.0.0/16'),
 IPv4Network('10.159.0.0/16'),
 IPv4Network('10.160.0.0/16'),
 IPv4Network('10.161.0.0/16'),
 IPv4Network('10.162.0.0/16'),
 IPv4Network('10.163.0.0/16'),
 IPv4Network('10.164.0.0/16'),
 IPv4Network('10.165.0.0/16'),
 IPv4Network('10.166.0.0/16'),
 IPv4Network('10.167.0.0/16')]
[IPv4Network('10.0.0.0/8'),
 IPv4Network('129.79.0.0/16'),
 IPv4Network('134.68.0.0/16'),
 IPv4Network('140.182.0.0/16'),
 IPv4Network('149.159.0.0/16'),
 IPv4Network('149.160.0.0/14'),
 IPv4Network('156.56.0.0/16'),
 IPv4Network('172.16.0.0/12'),
 IPv4Network('192.168.0.0/24'),
 IPv6Network('::/128'),
 IPv4Network('10.0.0.0/16'),
 IPv4Network('10.1.0.0/16'),
 IPv4Network('10.2.0.0/16'),
 IPv4Network('10.3.0.0/16'),
 IPv4Network('10.4.0.0/16'),
 IPv4Network('10.5.0.0/16'),
 IPv4Network('10.6.0.0/16'),
 IPv4Network('10.7.0.0/16'),
 IPv4Network('10.8.0.0/16'),
 IPv4Network('10.9.0.0/16'),
 IPv4Network('10.10.0.0/16'),
 IPv4Network('10.11.0.0/16'),
 IPv4Network('10.12.0.0/16'),
 IPv4Network('10.13.0.0/16'),
 IPv4Network('10.14.0.0/16'),
 IPv4Network('10.15.0.0/16'),
 IPv4Network('10.16.0.0/16'),
 IPv4Network('10.17.0.0/16'),
 IPv4Network('10.18.0.0/16'),
 IPv4Network('10.19.0.0/16'),
 IPv4Network('10.20.0.0/16'),
 IPv4Network('10.21.0.0/16'),
 IPv4Network('10.22.0.0/16'),
 IPv4Network('10.23.0.0/16'),
 IPv4Network('10.24.0.0/16'),
 IPv4Network('10.25.0.0/16'),
 IPv4Network('10.26.0.0/16'),
 IPv4Network('10.27.0.0/16'),
 IPv4Network('10.28.0.0/16'),
 IPv4Network('10.29.0.0/16'),
 IPv4Network('10.30.0.0/16'),
 IPv4Network('10.31.0.0/16'),
 IPv4Network('10.32.0.0/16'),
 IPv4Network('10.33.0.0/16'),
 IPv4Network('10.34.0.0/16'),
 IPv4Network('10.35.0.0/16'),
 IPv4Network('10.36.0.0/16'),
 IPv4Network('10.37.0.0/16'),
 IPv4Network('10.38.0.0/16'),
 IPv4Network('10.39.0.0/16'),
 IPv4Network('10.40.0.0/16'),
 IPv4Network('10.41.0.0/16'),
 IPv4Network('10.42.0.0/16'),
 IPv4Network('10.43.0.0/16'),
 IPv4Network('10.44.0.0/16'),
 IPv4Network('10.45.0.0/16'),
 IPv4Network('10.46.0.0/16'),
 IPv4Network('10.47.0.0/16'),
 IPv4Network('10.48.0.0/16'),
 IPv4Network('10.49.0.0/16'),
 IPv4Network('10.50.0.0/16'),
 IPv4Network('10.51.0.0/16'),
 IPv4Network('10.52.0.0/16'),
 IPv4Network('10.53.0.0/16'),
 IPv4Network('10.54.0.0/16'),
 IPv4Network('10.55.0.0/16'),
 IPv4Network('10.56.0.0/16'),
 IPv4Network('10.57.0.0/16'),
 IPv4Network('10.58.0.0/16'),
 IPv4Network('10.59.0.0/16'),
 IPv4Network('10.60.0.0/16'),
 IPv4Network('10.61.0.0/16'),
 IPv4Network('10.62.0.0/16'),
 IPv4Network('10.63.0.0/16'),
 IPv4Network('10.64.0.0/16'),
 IPv4Network('10.65.0.0/16'),
 IPv4Network('10.66.0.0/16'),
 IPv4Network('10.67.0.0/16'),
 IPv4Network('10.68.0.0/16'),
 IPv4Network('10.69.0.0/16'),
 IPv4Network('10.70.0.0/16'),
 IPv4Network('10.71.0.0/16'),
 IPv4Network('10.72.0.0/16'),
 IPv4Network('10.73.0.0/16'),
 IPv4Network('10.74.0.0/16'),
 IPv4Network('10.75.0.0/16'),
 IPv4Network('10.76.0.0/16'),
 IPv4Network('10.77.0.0/16'),
 IPv4Network('10.78.0.0/16'),
 IPv4Network('10.79.0.0/16'),
 IPv4Network('10.80.0.0/16'),
 IPv4Network('10.81.0.0/16'),
 IPv4Network('10.82.0.0/16'),
 IPv4Network('10.83.0.0/16'),
 IPv4Network('10.84.0.0/16'),
 IPv4Network('10.85.0.0/16'),
 IPv4Network('10.86.0.0/16'),
 IPv4Network('10.87.0.0/16'),
 IPv4Network('10.88.0.0/16'),
 IPv4Network('10.89.0.0/16'),
 IPv4Network('10.90.0.0/16'),
 IPv4Network('10.91.0.0/16'),
 IPv4Network('10.92.0.0/16'),
 IPv4Network('10.93.0.0/16'),
 IPv4Network('10.94.0.0/16'),
 IPv4Network('10.95.0.0/16'),
 IPv4Network('10.96.0.0/16'),
 IPv4Network('10.97.0.0/16'),
 IPv4Network('10.98.0.0/16'),
 IPv4Network('10.99.0.0/16'),
 IPv4Network('10.100.0.0/16'),
 IPv4Network('10.101.0.0/16'),
 IPv4Network('10.102.0.0/16'),
 IPv4Network('10.103.0.0/16'),
 IPv4Network('10.104.0.0/16'),
 IPv4Network('10.105.0.0/16'),
 IPv4Network('10.106.0.0/16'),
 IPv4Network('10.107.0.0/16'),
 IPv4Network('10.108.0.0/16'),
 IPv4Network('10.109.0.0/16'),
 IPv4Network('10.110.0.0/16'),
 IPv4Network('10.111.0.0/16'),
 IPv4Network('10.112.0.0/16'),
 IPv4Network('10.113.0.0/16'),
 IPv4Network('10.114.0.0/16'),
 IPv4Network('10.115.0.0/16'),
 IPv4Network('10.116.0.0/16'),
 IPv4Network('10.117.0.0/16'),
 IPv4Network('10.118.0.0/16'),
 IPv4Network('10.119.0.0/16'),
 IPv4Network('10.120.0.0/16'),
 IPv4Network('10.121.0.0/16'),
 IPv4Network('10.122.0.0/16'),
 IPv4Network('10.123.0.0/16'),
 IPv4Network('10.124.0.0/16'),
 IPv4Network('10.125.0.0/16'),
 IPv4Network('10.126.0.0/16'),
 IPv4Network('10.127.0.0/16'),
 IPv4Network('10.128.0.0/16'),
 IPv4Network('10.129.0.0/16'),
 IPv4Network('10.130.0.0/16'),
 IPv4Network('10.131.0.0/16'),
 IPv4Network('10.132.0.0/16'),
 IPv4Network('10.133.0.0/16'),
 IPv4Network('10.134.0.0/16'),
 IPv4Network('10.135.0.0/16'),
 IPv4Network('10.136.0.0/16'),
 IPv4Network('10.137.0.0/16'),
 IPv4Network('10.138.0.0/16'),
 IPv4Network('10.139.0.0/16'),
 IPv4Network('10.140.0.0/16'),
 IPv4Network('10.141.0.0/16'),
 IPv4Network('10.142.0.0/16'),
 IPv4Network('10.143.0.0/16'),
 IPv4Network('10.144.0.0/16'),
 IPv4Network('10.145.0.0/16'),
 IPv4Network('10.146.0.0/16'),
 IPv4Network('10.147.0.0/16'),
 IPv4Network('10.148.0.0/16'),
 IPv4Network('10.149.0.0/16'),
 IPv4Network('10.150.0.0/16'),
 IPv4Network('10.151.0.0/16'),
 IPv4Network('10.152.0.0/16'),
 IPv4Network('10.153.0.0/16'),
 IPv4Network('10.154.0.0/16'),
 IPv4Network('10.155.0.0/16'),
 IPv4Network('10.156.0.0/16'),
 IPv4Network('10.157.0.0/16'),
 IPv4Network('10.158.0.0/16'),
 IPv4Network('10.159.0.0/16'),
 IPv4Network('10.160.0.0/16'),
 IPv4Network('10.161.0.0/16'),
 IPv4Network('10.162.0.0/16'),
 IPv4Network('10.163.0.0/16'),
 IPv4Network('10.164.0.0/16'),
 IPv4Network('10.165.0.0/16'),
 IPv4Network('10.166.0.0/16'),
 IPv4Network('10.167.0.0/16')]
[IPv4Network('10.0.0.0/8'),
 IPv4Network('129.79.0.0/16'),
 IPv4Network('134.68.0.0/16'),
 IPv4Network('140.182.0.0/16'),
 IPv4Network('149.159.0.0/16'),
 IPv4Network('149.160.0.0/14'),
 IPv4Network('156.56.0.0/16'),
 IPv4Network('172.16.0.0/12'),
 IPv4Network('192.168.0.0/24'),
 IPv6Network('::/128'),
 IPv4Network('10.0.0.0/16'),
 IPv4Network('10.1.0.0/16'),
 IPv4Network('10.2.0.0/16'),
 IPv4Network('10.3.0.0/16'),
 IPv4Network('10.4.0.0/16'),
 IPv4Network('10.5.0.0/16'),
 IPv4Network('10.6.0.0/16'),
 IPv4Network('10.7.0.0/16'),
 IPv4Network('10.8.0.0/16'),
 IPv4Network('10.9.0.0/16'),
 IPv4Network('10.10.0.0/16'),
 IPv4Network('10.11.0.0/16'),
 IPv4Network('10.12.0.0/16'),
 IPv4Network('10.13.0.0/16'),
 IPv4Network('10.14.0.0/16'),
 IPv4Network('10.15.0.0/16'),
 IPv4Network('10.16.0.0/16'),
 IPv4Network('10.17.0.0/16'),
 IPv4Network('10.18.0.0/16'),
 IPv4Network('10.19.0.0/16'),
 IPv4Network('10.20.0.0/16'),
 IPv4Network('10.21.0.0/16'),
 IPv4Network('10.22.0.0/16'),
 IPv4Network('10.23.0.0/16'),
 IPv4Network('10.24.0.0/16'),
 IPv4Network('10.25.0.0/16'),
 IPv4Network('10.26.0.0/16'),
 IPv4Network('10.27.0.0/16'),
 IPv4Network('10.28.0.0/16'),
 IPv4Network('10.29.0.0/16'),
 IPv4Network('10.30.0.0/16'),
 IPv4Network('10.31.0.0/16'),
 IPv4Network('10.32.0.0/16'),
 IPv4Network('10.33.0.0/16'),
 IPv4Network('10.34.0.0/16'),
 IPv4Network('10.35.0.0/16'),
 IPv4Network('10.36.0.0/16'),
 IPv4Network('10.37.0.0/16'),
 IPv4Network('10.38.0.0/16'),
 IPv4Network('10.39.0.0/16'),
 IPv4Network('10.40.0.0/16'),
 IPv4Network('10.41.0.0/16'),
 IPv4Network('10.42.0.0/16'),
 IPv4Network('10.43.0.0/16'),
 IPv4Network('10.44.0.0/16'),
 IPv4Network('10.45.0.0/16'),
 IPv4Network('10.46.0.0/16'),
 IPv4Network('10.47.0.0/16'),
 IPv4Network('10.48.0.0/16'),
 IPv4Network('10.49.0.0/16'),
 IPv4Network('10.50.0.0/16'),
 IPv4Network('10.51.0.0/16'),
 IPv4Network('10.52.0.0/16'),
 IPv4Network('10.53.0.0/16'),
 IPv4Network('10.54.0.0/16'),
 IPv4Network('10.55.0.0/16'),
 IPv4Network('10.56.0.0/16'),
 IPv4Network('10.57.0.0/16'),
 IPv4Network('10.58.0.0/16'),
 IPv4Network('10.59.0.0/16'),
 IPv4Network('10.60.0.0/16'),
 IPv4Network('10.61.0.0/16'),
 IPv4Network('10.62.0.0/16'),
 IPv4Network('10.63.0.0/16'),
 IPv4Network('10.64.0.0/16'),
 IPv4Network('10.65.0.0/16'),
 IPv4Network('10.66.0.0/16'),
 IPv4Network('10.67.0.0/16'),
 IPv4Network('10.68.0.0/16'),
 IPv4Network('10.69.0.0/16'),
 IPv4Network('10.70.0.0/16'),
 IPv4Network('10.71.0.0/16'),
 IPv4Network('10.72.0.0/16'),
 IPv4Network('10.73.0.0/16'),
 IPv4Network('10.74.0.0/16'),
 IPv4Network('10.75.0.0/16'),
 IPv4Network('10.76.0.0/16'),
 IPv4Network('10.77.0.0/16'),
 IPv4Network('10.78.0.0/16'),
 IPv4Network('10.79.0.0/16'),
 IPv4Network('10.80.0.0/16'),
 IPv4Network('10.81.0.0/16'),
 IPv4Network('10.82.0.0/16'),
 IPv4Network('10.83.0.0/16'),
 IPv4Network('10.84.0.0/16'),
 IPv4Network('10.85.0.0/16'),
 IPv4Network('10.86.0.0/16'),
 IPv4Network('10.87.0.0/16'),
 IPv4Network('10.88.0.0/16'),
 IPv4Network('10.89.0.0/16'),
 IPv4Network('10.90.0.0/16'),
 IPv4Network('10.91.0.0/16'),
 IPv4Network('10.92.0.0/16'),
 IPv4Network('10.93.0.0/16'),
 IPv4Network('10.94.0.0/16'),
 IPv4Network('10.95.0.0/16'),
 IPv4Network('10.96.0.0/16'),
 IPv4Network('10.97.0.0/16'),
 IPv4Network('10.98.0.0/16'),
 IPv4Network('10.99.0.0/16'),
 IPv4Network('10.100.0.0/16'),
 IPv4Network('10.101.0.0/16'),
 IPv4Network('10.102.0.0/16'),
 IPv4Network('10.103.0.0/16'),
 IPv4Network('10.104.0.0/16'),
 IPv4Network('10.105.0.0/16'),
 IPv4Network('10.106.0.0/16'),
 IPv4Network('10.107.0.0/16'),
 IPv4Network('10.108.0.0/16'),
 IPv4Network('10.109.0.0/16'),
 IPv4Network('10.110.0.0/16'),
 IPv4Network('10.111.0.0/16'),
 IPv4Network('10.112.0.0/16'),
 IPv4Network('10.113.0.0/16'),
 IPv4Network('10.114.0.0/16'),
 IPv4Network('10.115.0.0/16'),
 IPv4Network('10.116.0.0/16'),
 IPv4Network('10.117.0.0/16'),
 IPv4Network('10.118.0.0/16'),
 IPv4Network('10.119.0.0/16'),
 IPv4Network('10.120.0.0/16'),
 IPv4Network('10.121.0.0/16'),
 IPv4Network('10.122.0.0/16'),
 IPv4Network('10.123.0.0/16'),
 IPv4Network('10.124.0.0/16'),
 IPv4Network('10.125.0.0/16'),
 IPv4Network('10.126.0.0/16'),
 IPv4Network('10.127.0.0/16'),
 IPv4Network('10.128.0.0/16'),
 IPv4Network('10.129.0.0/16'),
 IPv4Network('10.130.0.0/16'),
 IPv4Network('10.131.0.0/16'),
 IPv4Network('10.132.0.0/16'),
 IPv4Network('10.133.0.0/16'),
 IPv4Network('10.134.0.0/16'),
 IPv4Network('10.135.0.0/16'),
 IPv4Network('10.136.0.0/16'),
 IPv4Network('10.137.0.0/16'),
 IPv4Network('10.138.0.0/16'),
 IPv4Network('10.139.0.0/16'),
 IPv4Network('10.140.0.0/16'),
 IPv4Network('10.141.0.0/16'),
 IPv4Network('10.142.0.0/16'),
 IPv4Network('10.143.0.0/16'),
 IPv4Network('10.144.0.0/16'),
 IPv4Network('10.145.0.0/16'),
 IPv4Network('10.146.0.0/16'),
 IPv4Network('10.147.0.0/16'),
 IPv4Network('10.148.0.0/16'),
 IPv4Network('10.149.0.0/16'),
 IPv4Network('10.150.0.0/16'),
 IPv4Network('10.151.0.0/16'),
 IPv4Network('10.152.0.0/16'),
 IPv4Network('10.153.0.0/16'),
 IPv4Network('10.154.0.0/16'),
 IPv4Network('10.155.0.0/16'),
 IPv4Network('10.156.0.0/16'),
 IPv4Network('10.157.0.0/16'),
 IPv4Network('10.158.0.0/16'),
 IPv4Network('10.159.0.0/16'),
 IPv4Network('10.160.0.0/16'),
 IPv4Network('10.161.0.0/16'),
 IPv4Network('10.162.0.0/16'),
 IPv4Network('10.163.0.0/16'),
 IPv4Network('10.164.0.0/16'),
 IPv4Network('10.165.0.0/16'),
 IPv4Network('10.166.0.0/16'),
 IPv4Network('10.167.0.0/16')]
[IPv4Network('10.0.0.0/8'),
 IPv4Network('129.79.0.0/16'),
 IPv4Network('134.68.0.0/16'),
 IPv4Network('140.182.0.0/16'),
 IPv4Network('149.159.0.0/16'),
 IPv4Network('149.160.0.0/14'),
 IPv4Network('156.56.0.0/16'),
 IPv4Network('172.16.0.0/12'),
 IPv4Network('192.168.0.0/24'),
 IPv6Network('::/128'),
 IPv4Network('10.0.0.0/16'),
 IPv4Network('10.1.0.0/16'),
 IPv4Network('10.2.0.0/16'),
 IPv4Network('10.3.0.0/16'),
 IPv4Network('10.4.0.0/16'),
 IPv4Network('10.5.0.0/16'),
 IPv4Network('10.6.0.0/16'),
 IPv4Network('10.7.0.0/16'),
 IPv4Network('10.8.0.0/16'),
 IPv4Network('10.9.0.0/16'),
 IPv4Network('10.10.0.0/16'),
 IPv4Network('10.11.0.0/16'),
 IPv4Network('10.12.0.0/16'),
 IPv4Network('10.13.0.0/16'),
 IPv4Network('10.14.0.0/16'),
 IPv4Network('10.15.0.0/16'),
 IPv4Network('10.16.0.0/16'),
 IPv4Network('10.17.0.0/16'),
 IPv4Network('10.18.0.0/16'),
 IPv4Network('10.19.0.0/16'),
 IPv4Network('10.20.0.0/16'),
 IPv4Network('10.21.0.0/16'),
 IPv4Network('10.22.0.0/16'),
 IPv4Network('10.23.0.0/16'),
 IPv4Network('10.24.0.0/16'),
 IPv4Network('10.25.0.0/16'),
 IPv4Network('10.26.0.0/16'),
 IPv4Network('10.27.0.0/16'),
 IPv4Network('10.28.0.0/16'),
 IPv4Network('10.29.0.0/16'),
 IPv4Network('10.30.0.0/16'),
 IPv4Network('10.31.0.0/16'),
 IPv4Network('10.32.0.0/16'),
 IPv4Network('10.33.0.0/16'),
 IPv4Network('10.34.0.0/16'),
 IPv4Network('10.35.0.0/16'),
 IPv4Network('10.36.0.0/16'),
 IPv4Network('10.37.0.0/16'),
 IPv4Network('10.38.0.0/16'),
 IPv4Network('10.39.0.0/16'),
 IPv4Network('10.40.0.0/16'),
 IPv4Network('10.41.0.0/16'),
 IPv4Network('10.42.0.0/16'),
 IPv4Network('10.43.0.0/16'),
 IPv4Network('10.44.0.0/16'),
 IPv4Network('10.45.0.0/16'),
 IPv4Network('10.46.0.0/16'),
 IPv4Network('10.47.0.0/16'),
 IPv4Network('10.48.0.0/16'),
 IPv4Network('10.49.0.0/16'),
 IPv4Network('10.50.0.0/16'),
 IPv4Network('10.51.0.0/16'),
 IPv4Network('10.52.0.0/16'),
 IPv4Network('10.53.0.0/16'),
 IPv4Network('10.54.0.0/16'),
 IPv4Network('10.55.0.0/16'),
 IPv4Network('10.56.0.0/16'),
 IPv4Network('10.57.0.0/16'),
 IPv4Network('10.58.0.0/16'),
 IPv4Network('10.59.0.0/16'),
 IPv4Network('10.60.0.0/16'),
 IPv4Network('10.61.0.0/16'),
 IPv4Network('10.62.0.0/16'),
 IPv4Network('10.63.0.0/16'),
 IPv4Network('10.64.0.0/16'),
 IPv4Network('10.65.0.0/16'),
 IPv4Network('10.66.0.0/16'),
 IPv4Network('10.67.0.0/16'),
 IPv4Network('10.68.0.0/16'),
 IPv4Network('10.69.0.0/16'),
 IPv4Network('10.70.0.0/16'),
 IPv4Network('10.71.0.0/16'),
 IPv4Network('10.72.0.0/16'),
 IPv4Network('10.73.0.0/16'),
 IPv4Network('10.74.0.0/16'),
 IPv4Network('10.75.0.0/16'),
 IPv4Network('10.76.0.0/16'),
 IPv4Network('10.77.0.0/16'),
 IPv4Network('10.78.0.0/16'),
 IPv4Network('10.79.0.0/16'),
 IPv4Network('10.80.0.0/16'),
 IPv4Network('10.81.0.0/16'),
 IPv4Network('10.82.0.0/16'),
 IPv4Network('10.83.0.0/16'),
 IPv4Network('10.84.0.0/16'),
 IPv4Network('10.85.0.0/16'),
 IPv4Network('10.86.0.0/16'),
 IPv4Network('10.87.0.0/16'),
 IPv4Network('10.88.0.0/16'),
 IPv4Network('10.89.0.0/16'),
 IPv4Network('10.90.0.0/16'),
 IPv4Network('10.91.0.0/16'),
 IPv4Network('10.92.0.0/16'),
 IPv4Network('10.93.0.0/16'),
 IPv4Network('10.94.0.0/16'),
 IPv4Network('10.95.0.0/16'),
 IPv4Network('10.96.0.0/16'),
 IPv4Network('10.97.0.0/16'),
 IPv4Network('10.98.0.0/16'),
 IPv4Network('10.99.0.0/16'),
 IPv4Network('10.100.0.0/16'),
 IPv4Network('10.101.0.0/16'),
 IPv4Network('10.102.0.0/16'),
 IPv4Network('10.103.0.0/16'),
 IPv4Network('10.104.0.0/16'),
 IPv4Network('10.105.0.0/16'),
 IPv4Network('10.106.0.0/16'),
 IPv4Network('10.107.0.0/16'),
 IPv4Network('10.108.0.0/16'),
 IPv4Network('10.109.0.0/16'),
 IPv4Network('10.110.0.0/16'),
 IPv4Network('10.111.0.0/16'),
 IPv4Network('10.112.0.0/16'),
 IPv4Network('10.113.0.0/16'),
 IPv4Network('10.114.0.0/16'),
 IPv4Network('10.115.0.0/16'),
 IPv4Network('10.116.0.0/16'),
 IPv4Network('10.117.0.0/16'),
 IPv4Network('10.118.0.0/16'),
 IPv4Network('10.119.0.0/16'),
 IPv4Network('10.120.0.0/16'),
 IPv4Network('10.121.0.0/16'),
 IPv4Network('10.122.0.0/16'),
 IPv4Network('10.123.0.0/16'),
 IPv4Network('10.124.0.0/16'),
 IPv4Network('10.125.0.0/16'),
 IPv4Network('10.126.0.0/16'),
 IPv4Network('10.127.0.0/16'),
 IPv4Network('10.128.0.0/16'),
 IPv4Network('10.129.0.0/16'),
 IPv4Network('10.130.0.0/16'),
 IPv4Network('10.131.0.0/16'),
 IPv4Network('10.132.0.0/16'),
 IPv4Network('10.133.0.0/16'),
 IPv4Network('10.134.0.0/16'),
 IPv4Network('10.135.0.0/16'),
 IPv4Network('10.136.0.0/16'),
 IPv4Network('10.137.0.0/16'),
 IPv4Network('10.138.0.0/16'),
 IPv4Network('10.139.0.0/16'),
 IPv4Network('10.140.0.0/16'),
 IPv4Network('10.141.0.0/16'),
 IPv4Network('10.142.0.0/16'),
 IPv4Network('10.143.0.0/16'),
 IPv4Network('10.144.0.0/16'),
 IPv4Network('10.145.0.0/16'),
 IPv4Network('10.146.0.0/16'),
 IPv4Network('10.147.0.0/16'),
 IPv4Network('10.148.0.0/16'),
 IPv4Network('10.149.0.0/16'),
 IPv4Network('10.150.0.0/16'),
 IPv4Network('10.151.0.0/16'),
 IPv4Network('10.152.0.0/16'),
 IPv4Network('10.153.0.0/16'),
 IPv4Network('10.154.0.0/16'),
 IPv4Network('10.155.0.0/16'),
 IPv4Network('10.156.0.0/16'),
 IPv4Network('10.157.0.0/16'),
 IPv4Network('10.158.0.0/16'),
 IPv4Network('10.159.0.0/16'),
 IPv4Network('10.160.0.0/16'),
 IPv4Network('10.161.0.0/16'),
 IPv4Network('10.162.0.0/16'),
 IPv4Network('10.163.0.0/16'),
 IPv4Network('10.164.0.0/16'),
 IPv4Network('10.165.0.0/16'),
 IPv4Network('10.166.0.0/16'),
 IPv4Network('10.167.0.0/16'),
 IPv4Network('10.168.0.0/16'),
 IPv4Network('10.169.0.0/16')]
[IPv4Network('10.0.0.0/8'),
 IPv4Network('129.79.0.0/16'),
 IPv4Network('134.68.0.0/16'),
 IPv4Network('140.182.0.0/16'),
 IPv4Network('149.159.0.0/16'),
 IPv4Network('149.160.0.0/14'),
 IPv4Network('156.56.0.0/16'),
 IPv4Network('172.16.0.0/12'),
 IPv4Network('192.168.0.0/24'),
 IPv6Network('::/128'),
 IPv4Network('10.0.0.0/16'),
 IPv4Network('10.1.0.0/16'),
 IPv4Network('10.2.0.0/16'),
 IPv4Network('10.3.0.0/16'),
 IPv4Network('10.4.0.0/16'),
 IPv4Network('10.5.0.0/16'),
 IPv4Network('10.6.0.0/16'),
 IPv4Network('10.7.0.0/16'),
 IPv4Network('10.8.0.0/16'),
 IPv4Network('10.9.0.0/16'),
 IPv4Network('10.10.0.0/16'),
 IPv4Network('10.11.0.0/16'),
 IPv4Network('10.12.0.0/16'),
 IPv4Network('10.13.0.0/16'),
 IPv4Network('10.14.0.0/16'),
 IPv4Network('10.15.0.0/16'),
 IPv4Network('10.16.0.0/16'),
 IPv4Network('10.17.0.0/16'),
 IPv4Network('10.18.0.0/16'),
 IPv4Network('10.19.0.0/16'),
 IPv4Network('10.20.0.0/16'),
 IPv4Network('10.21.0.0/16'),
 IPv4Network('10.22.0.0/16'),
 IPv4Network('10.23.0.0/16'),
 IPv4Network('10.24.0.0/16'),
 IPv4Network('10.25.0.0/16'),
 IPv4Network('10.26.0.0/16'),
 IPv4Network('10.27.0.0/16'),
 IPv4Network('10.28.0.0/16'),
 IPv4Network('10.29.0.0/16'),
 IPv4Network('10.30.0.0/16'),
 IPv4Network('10.31.0.0/16'),
 IPv4Network('10.32.0.0/16'),
 IPv4Network('10.33.0.0/16'),
 IPv4Network('10.34.0.0/16'),
 IPv4Network('10.35.0.0/16'),
 IPv4Network('10.36.0.0/16'),
 IPv4Network('10.37.0.0/16'),
 IPv4Network('10.38.0.0/16'),
 IPv4Network('10.39.0.0/16'),
 IPv4Network('10.40.0.0/16'),
 IPv4Network('10.41.0.0/16'),
 IPv4Network('10.42.0.0/16'),
 IPv4Network('10.43.0.0/16'),
 IPv4Network('10.44.0.0/16'),
 IPv4Network('10.45.0.0/16'),
 IPv4Network('10.46.0.0/16'),
 IPv4Network('10.47.0.0/16'),
 IPv4Network('10.48.0.0/16'),
 IPv4Network('10.49.0.0/16'),
 IPv4Network('10.50.0.0/16'),
 IPv4Network('10.51.0.0/16'),
 IPv4Network('10.52.0.0/16'),
 IPv4Network('10.53.0.0/16'),
 IPv4Network('10.54.0.0/16'),
 IPv4Network('10.55.0.0/16'),
 IPv4Network('10.56.0.0/16'),
 IPv4Network('10.57.0.0/16'),
 IPv4Network('10.58.0.0/16'),
 IPv4Network('10.59.0.0/16'),
 IPv4Network('10.60.0.0/16'),
 IPv4Network('10.61.0.0/16'),
 IPv4Network('10.62.0.0/16'),
 IPv4Network('10.63.0.0/16'),
 IPv4Network('10.64.0.0/16'),
 IPv4Network('10.65.0.0/16'),
 IPv4Network('10.66.0.0/16'),
 IPv4Network('10.67.0.0/16'),
 IPv4Network('10.68.0.0/16'),
 IPv4Network('10.69.0.0/16'),
 IPv4Network('10.70.0.0/16'),
 IPv4Network('10.71.0.0/16'),
 IPv4Network('10.72.0.0/16'),
 IPv4Network('10.73.0.0/16'),
 IPv4Network('10.74.0.0/16'),
 IPv4Network('10.75.0.0/16'),
 IPv4Network('10.76.0.0/16'),
 IPv4Network('10.77.0.0/16'),
 IPv4Network('10.78.0.0/16'),
 IPv4Network('10.79.0.0/16'),
 IPv4Network('10.80.0.0/16'),
 IPv4Network('10.81.0.0/16'),
 IPv4Network('10.82.0.0/16'),
 IPv4Network('10.83.0.0/16'),
 IPv4Network('10.84.0.0/16'),
 IPv4Network('10.85.0.0/16'),
 IPv4Network('10.86.0.0/16'),
 IPv4Network('10.87.0.0/16'),
 IPv4Network('10.88.0.0/16'),
 IPv4Network('10.89.0.0/16'),
 IPv4Network('10.90.0.0/16'),
 IPv4Network('10.91.0.0/16'),
 IPv4Network('10.92.0.0/16'),
 IPv4Network('10.93.0.0/16'),
 IPv4Network('10.94.0.0/16'),
 IPv4Network('10.95.0.0/16'),
 IPv4Network('10.96.0.0/16'),
 IPv4Network('10.97.0.0/16'),
 IPv4Network('10.98.0.0/16'),
 IPv4Network('10.99.0.0/16'),
 IPv4Network('10.100.0.0/16'),
 IPv4Network('10.101.0.0/16'),
 IPv4Network('10.102.0.0/16'),
 IPv4Network('10.103.0.0/16'),
 IPv4Network('10.104.0.0/16'),
 IPv4Network('10.105.0.0/16'),
 IPv4Network('10.106.0.0/16'),
 IPv4Network('10.107.0.0/16'),
 IPv4Network('10.108.0.0/16'),
 IPv4Network('10.109.0.0/16'),
 IPv4Network('10.110.0.0/16'),
 IPv4Network('10.111.0.0/16'),
 IPv4Network('10.112.0.0/16'),
 IPv4Network('10.113.0.0/16'),
 IPv4Network('10.114.0.0/16'),
 IPv4Network('10.115.0.0/16'),
 IPv4Network('10.116.0.0/16'),
 IPv4Network('10.117.0.0/16'),
 IPv4Network('10.118.0.0/16'),
 IPv4Network('10.119.0.0/16'),
 IPv4Network('10.120.0.0/16'),
 IPv4Network('10.121.0.0/16'),
 IPv4Network('10.122.0.0/16'),
 IPv4Network('10.123.0.0/16'),
 IPv4Network('10.124.0.0/16'),
 IPv4Network('10.125.0.0/16'),
 IPv4Network('10.126.0.0/16'),
 IPv4Network('10.127.0.0/16'),
 IPv4Network('10.128.0.0/16'),
 IPv4Network('10.129.0.0/16'),
 IPv4Network('10.130.0.0/16'),
 IPv4Network('10.131.0.0/16'),
 IPv4Network('10.132.0.0/16'),
 IPv4Network('10.133.0.0/16'),
 IPv4Network('10.134.0.0/16'),
 IPv4Network('10.135.0.0/16'),
 IPv4Network('10.136.0.0/16'),
 IPv4Network('10.137.0.0/16'),
 IPv4Network('10.138.0.0/16'),
 IPv4Network('10.139.0.0/16'),
 IPv4Network('10.140.0.0/16'),
 IPv4Network('10.141.0.0/16'),
 IPv4Network('10.142.0.0/16'),
 IPv4Network('10.143.0.0/16'),
 IPv4Network('10.144.0.0/16'),
 IPv4Network('10.145.0.0/16'),
 IPv4Network('10.146.0.0/16'),
 IPv4Network('10.147.0.0/16'),
 IPv4Network('10.148.0.0/16'),
 IPv4Network('10.149.0.0/16'),
 IPv4Network('10.150.0.0/16'),
 IPv4Network('10.151.0.0/16'),
 IPv4Network('10.152.0.0/16'),
 IPv4Network('10.153.0.0/16'),
 IPv4Network('10.154.0.0/16'),
 IPv4Network('10.155.0.0/16'),
 IPv4Network('10.156.0.0/16'),
 IPv4Network('10.157.0.0/16'),
 IPv4Network('10.158.0.0/16'),
 IPv4Network('10.159.0.0/16'),
 IPv4Network('10.160.0.0/16'),
 IPv4Network('10.161.0.0/16'),
 IPv4Network('10.162.0.0/16'),
 IPv4Network('10.163.0.0/16'),
 IPv4Network('10.164.0.0/16'),
 IPv4Network('10.165.0.0/16'),
 IPv4Network('10.166.0.0/16'),
 IPv4Network('10.167.0.0/16'),
 IPv4Network('10.168.0.0/16'),
 IPv4Network('10.169.0.0/16'),
 IPv4Network('10.170.0.0/16'),
 IPv4Network('10.171.0.0/16')]
[IPv4Network('10.0.0.0/8'),
 IPv4Network('129.79.0.0/16'),
 IPv4Network('134.68.0.0/16'),
 IPv4Network('140.182.0.0/16'),
 IPv4Network('149.159.0.0/16'),
 IPv4Network('149.160.0.0/14'),
 IPv4Network('156.56.0.0/16'),
 IPv4Network('172.16.0.0/12'),
 IPv4Network('192.168.0.0/24'),
 IPv6Network('::/128'),
 IPv4Network('10.0.0.0/16'),
 IPv4Network('10.1.0.0/16'),
 IPv4Network('10.2.0.0/16'),
 IPv4Network('10.3.0.0/16'),
 IPv4Network('10.4.0.0/16'),
 IPv4Network('10.5.0.0/16'),
 IPv4Network('10.6.0.0/16'),
 IPv4Network('10.7.0.0/16'),
 IPv4Network('10.8.0.0/16'),
 IPv4Network('10.9.0.0/16'),
 IPv4Network('10.10.0.0/16'),
 IPv4Network('10.11.0.0/16'),
 IPv4Network('10.12.0.0/16'),
 IPv4Network('10.13.0.0/16'),
 IPv4Network('10.14.0.0/16'),
 IPv4Network('10.15.0.0/16'),
 IPv4Network('10.16.0.0/16'),
 IPv4Network('10.17.0.0/16'),
 IPv4Network('10.18.0.0/16'),
 IPv4Network('10.19.0.0/16'),
 IPv4Network('10.20.0.0/16'),
 IPv4Network('10.21.0.0/16'),
 IPv4Network('10.22.0.0/16'),
 IPv4Network('10.23.0.0/16'),
 IPv4Network('10.24.0.0/16'),
 IPv4Network('10.25.0.0/16'),
 IPv4Network('10.26.0.0/16'),
 IPv4Network('10.27.0.0/16'),
 IPv4Network('10.28.0.0/16'),
 IPv4Network('10.29.0.0/16'),
 IPv4Network('10.30.0.0/16'),
 IPv4Network('10.31.0.0/16'),
 IPv4Network('10.32.0.0/16'),
 IPv4Network('10.33.0.0/16'),
 IPv4Network('10.34.0.0/16'),
 IPv4Network('10.35.0.0/16'),
 IPv4Network('10.36.0.0/16'),
 IPv4Network('10.37.0.0/16'),
 IPv4Network('10.38.0.0/16'),
 IPv4Network('10.39.0.0/16'),
 IPv4Network('10.40.0.0/16'),
 IPv4Network('10.41.0.0/16'),
 IPv4Network('10.42.0.0/16'),
 IPv4Network('10.43.0.0/16'),
 IPv4Network('10.44.0.0/16'),
 IPv4Network('10.45.0.0/16'),
 IPv4Network('10.46.0.0/16'),
 IPv4Network('10.47.0.0/16'),
 IPv4Network('10.48.0.0/16'),
 IPv4Network('10.49.0.0/16'),
 IPv4Network('10.50.0.0/16'),
 IPv4Network('10.51.0.0/16'),
 IPv4Network('10.52.0.0/16'),
 IPv4Network('10.53.0.0/16'),
 IPv4Network('10.54.0.0/16'),
 IPv4Network('10.55.0.0/16'),
 IPv4Network('10.56.0.0/16'),
 IPv4Network('10.57.0.0/16'),
 IPv4Network('10.58.0.0/16'),
 IPv4Network('10.59.0.0/16'),
 IPv4Network('10.60.0.0/16'),
 IPv4Network('10.61.0.0/16'),
 IPv4Network('10.62.0.0/16'),
 IPv4Network('10.63.0.0/16'),
 IPv4Network('10.64.0.0/16'),
 IPv4Network('10.65.0.0/16'),
 IPv4Network('10.66.0.0/16'),
 IPv4Network('10.67.0.0/16'),
 IPv4Network('10.68.0.0/16'),
 IPv4Network('10.69.0.0/16'),
 IPv4Network('10.70.0.0/16'),
 IPv4Network('10.71.0.0/16'),
 IPv4Network('10.72.0.0/16'),
 IPv4Network('10.73.0.0/16'),
 IPv4Network('10.74.0.0/16'),
 IPv4Network('10.75.0.0/16'),
 IPv4Network('10.76.0.0/16'),
 IPv4Network('10.77.0.0/16'),
 IPv4Network('10.78.0.0/16'),
 IPv4Network('10.79.0.0/16'),
 IPv4Network('10.80.0.0/16'),
 IPv4Network('10.81.0.0/16'),
 IPv4Network('10.82.0.0/16'),
 IPv4Network('10.83.0.0/16'),
 IPv4Network('10.84.0.0/16'),
 IPv4Network('10.85.0.0/16'),
 IPv4Network('10.86.0.0/16'),
 IPv4Network('10.87.0.0/16'),
 IPv4Network('10.88.0.0/16'),
 IPv4Network('10.89.0.0/16'),
 IPv4Network('10.90.0.0/16'),
 IPv4Network('10.91.0.0/16'),
 IPv4Network('10.92.0.0/16'),
 IPv4Network('10.93.0.0/16'),
 IPv4Network('10.94.0.0/16'),
 IPv4Network('10.95.0.0/16'),
 IPv4Network('10.96.0.0/16'),
 IPv4Network('10.97.0.0/16'),
 IPv4Network('10.98.0.0/16'),
 IPv4Network('10.99.0.0/16'),
 IPv4Network('10.100.0.0/16'),
 IPv4Network('10.101.0.0/16'),
 IPv4Network('10.102.0.0/16'),
 IPv4Network('10.103.0.0/16'),
 IPv4Network('10.104.0.0/16'),
 IPv4Network('10.105.0.0/16'),
 IPv4Network('10.106.0.0/16'),
 IPv4Network('10.107.0.0/16'),
 IPv4Network('10.108.0.0/16'),
 IPv4Network('10.109.0.0/16'),
 IPv4Network('10.110.0.0/16'),
 IPv4Network('10.111.0.0/16'),
 IPv4Network('10.112.0.0/16'),
 IPv4Network('10.113.0.0/16'),
 IPv4Network('10.114.0.0/16'),
 IPv4Network('10.115.0.0/16'),
 IPv4Network('10.116.0.0/16'),
 IPv4Network('10.117.0.0/16'),
 IPv4Network('10.118.0.0/16'),
 IPv4Network('10.119.0.0/16'),
 IPv4Network('10.120.0.0/16'),
 IPv4Network('10.121.0.0/16'),
 IPv4Network('10.122.0.0/16'),
 IPv4Network('10.123.0.0/16'),
 IPv4Network('10.124.0.0/16'),
 IPv4Network('10.125.0.0/16'),
 IPv4Network('10.126.0.0/16'),
 IPv4Network('10.127.0.0/16'),
 IPv4Network('10.128.0.0/16'),
 IPv4Network('10.129.0.0/16'),
 IPv4Network('10.130.0.0/16'),
 IPv4Network('10.131.0.0/16'),
 IPv4Network('10.132.0.0/16'),
 IPv4Network('10.133.0.0/16'),
 IPv4Network('10.134.0.0/16'),
 IPv4Network('10.135.0.0/16'),
 IPv4Network('10.136.0.0/16'),
 IPv4Network('10.137.0.0/16'),
 IPv4Network('10.138.0.0/16'),
 IPv4Network('10.139.0.0/16'),
 IPv4Network('10.140.0.0/16'),
 IPv4Network('10.141.0.0/16'),
 IPv4Network('10.142.0.0/16'),
 IPv4Network('10.143.0.0/16'),
 IPv4Network('10.144.0.0/16'),
 IPv4Network('10.145.0.0/16'),
 IPv4Network('10.146.0.0/16'),
 IPv4Network('10.147.0.0/16'),
 IPv4Network('10.148.0.0/16'),
 IPv4Network('10.149.0.0/16'),
 IPv4Network('10.150.0.0/16'),
 IPv4Network('10.151.0.0/16'),
 IPv4Network('10.152.0.0/16'),
 IPv4Network('10.153.0.0/16'),
 IPv4Network('10.154.0.0/16'),
 IPv4Network('10.155.0.0/16'),
 IPv4Network('10.156.0.0/16'),
 IPv4Network('10.157.0.0/16'),
 IPv4Network('10.158.0.0/16'),
 IPv4Network('10.159.0.0/16'),
 IPv4Network('10.160.0.0/16'),
 IPv4Network('10.161.0.0/16'),
 IPv4Network('10.162.0.0/16'),
 IPv4Network('10.163.0.0/16'),
 IPv4Network('10.164.0.0/16'),
 IPv4Network('10.165.0.0/16'),
 IPv4Network('10.166.0.0/16'),
 IPv4Network('10.167.0.0/16'),
 IPv4Network('10.168.0.0/16'),
 IPv4Network('10.169.0.0/16'),
 IPv4Network('10.170.0.0/16'),
 IPv4Network('10.171.0.0/16')]
[IPv4Network('10.0.0.0/8'),
 IPv4Network('129.79.0.0/16'),
 IPv4Network('134.68.0.0/16'),
 IPv4Network('140.182.0.0/16'),
 IPv4Network('149.159.0.0/16'),
 IPv4Network('149.160.0.0/14'),
 IPv4Network('156.56.0.0/16'),
 IPv4Network('172.16.0.0/12'),
 IPv4Network('192.168.0.0/24'),
 IPv6Network('::/128'),
 IPv4Network('10.0.0.0/16'),
 IPv4Network('10.1.0.0/16'),
 IPv4Network('10.2.0.0/16'),
 IPv4Network('10.3.0.0/16'),
 IPv4Network('10.4.0.0/16'),
 IPv4Network('10.5.0.0/16'),
 IPv4Network('10.6.0.0/16'),
 IPv4Network('10.7.0.0/16'),
 IPv4Network('10.8.0.0/16'),
 IPv4Network('10.9.0.0/16'),
 IPv4Network('10.10.0.0/16'),
 IPv4Network('10.11.0.0/16'),
 IPv4Network('10.12.0.0/16'),
 IPv4Network('10.13.0.0/16'),
 IPv4Network('10.14.0.0/16'),
 IPv4Network('10.15.0.0/16'),
 IPv4Network('10.16.0.0/16'),
 IPv4Network('10.17.0.0/16'),
 IPv4Network('10.18.0.0/16'),
 IPv4Network('10.19.0.0/16'),
 IPv4Network('10.20.0.0/16'),
 IPv4Network('10.21.0.0/16'),
 IPv4Network('10.22.0.0/16'),
 IPv4Network('10.23.0.0/16'),
 IPv4Network('10.24.0.0/16'),
 IPv4Network('10.25.0.0/16'),
 IPv4Network('10.26.0.0/16'),
 IPv4Network('10.27.0.0/16'),
 IPv4Network('10.28.0.0/16'),
 IPv4Network('10.29.0.0/16'),
 IPv4Network('10.30.0.0/16'),
 IPv4Network('10.31.0.0/16'),
 IPv4Network('10.32.0.0/16'),
 IPv4Network('10.33.0.0/16'),
 IPv4Network('10.34.0.0/16'),
 IPv4Network('10.35.0.0/16'),
 IPv4Network('10.36.0.0/16'),
 IPv4Network('10.37.0.0/16'),
 IPv4Network('10.38.0.0/16'),
 IPv4Network('10.39.0.0/16'),
 IPv4Network('10.40.0.0/16'),
 IPv4Network('10.41.0.0/16'),
 IPv4Network('10.42.0.0/16'),
 IPv4Network('10.43.0.0/16'),
 IPv4Network('10.44.0.0/16'),
 IPv4Network('10.45.0.0/16'),
 IPv4Network('10.46.0.0/16'),
 IPv4Network('10.47.0.0/16'),
 IPv4Network('10.48.0.0/16'),
 IPv4Network('10.49.0.0/16'),
 IPv4Network('10.50.0.0/16'),
 IPv4Network('10.51.0.0/16'),
 IPv4Network('10.52.0.0/16'),
 IPv4Network('10.53.0.0/16'),
 IPv4Network('10.54.0.0/16'),
 IPv4Network('10.55.0.0/16'),
 IPv4Network('10.56.0.0/16'),
 IPv4Network('10.57.0.0/16'),
 IPv4Network('10.58.0.0/16'),
 IPv4Network('10.59.0.0/16'),
 IPv4Network('10.60.0.0/16'),
 IPv4Network('10.61.0.0/16'),
 IPv4Network('10.62.0.0/16'),
 IPv4Network('10.63.0.0/16'),
 IPv4Network('10.64.0.0/16'),
 IPv4Network('10.65.0.0/16'),
 IPv4Network('10.66.0.0/16'),
 IPv4Network('10.67.0.0/16'),
 IPv4Network('10.68.0.0/16'),
 IPv4Network('10.69.0.0/16'),
 IPv4Network('10.70.0.0/16'),
 IPv4Network('10.71.0.0/16'),
 IPv4Network('10.72.0.0/16'),
 IPv4Network('10.73.0.0/16'),
 IPv4Network('10.74.0.0/16'),
 IPv4Network('10.75.0.0/16'),
 IPv4Network('10.76.0.0/16'),
 IPv4Network('10.77.0.0/16'),
 IPv4Network('10.78.0.0/16'),
 IPv4Network('10.79.0.0/16'),
 IPv4Network('10.80.0.0/16'),
 IPv4Network('10.81.0.0/16'),
 IPv4Network('10.82.0.0/16'),
 IPv4Network('10.83.0.0/16'),
 IPv4Network('10.84.0.0/16'),
 IPv4Network('10.85.0.0/16'),
 IPv4Network('10.86.0.0/16'),
 IPv4Network('10.87.0.0/16'),
 IPv4Network('10.88.0.0/16'),
 IPv4Network('10.89.0.0/16'),
 IPv4Network('10.90.0.0/16'),
 IPv4Network('10.91.0.0/16'),
 IPv4Network('10.92.0.0/16'),
 IPv4Network('10.93.0.0/16'),
 IPv4Network('10.94.0.0/16'),
 IPv4Network('10.95.0.0/16'),
 IPv4Network('10.96.0.0/16'),
 IPv4Network('10.97.0.0/16'),
 IPv4Network('10.98.0.0/16'),
 IPv4Network('10.99.0.0/16'),
 IPv4Network('10.100.0.0/16'),
 IPv4Network('10.101.0.0/16'),
 IPv4Network('10.102.0.0/16'),
 IPv4Network('10.103.0.0/16'),
 IPv4Network('10.104.0.0/16'),
 IPv4Network('10.105.0.0/16'),
 IPv4Network('10.106.0.0/16'),
 IPv4Network('10.107.0.0/16'),
 IPv4Network('10.108.0.0/16'),
 IPv4Network('10.109.0.0/16'),
 IPv4Network('10.110.0.0/16'),
 IPv4Network('10.111.0.0/16'),
 IPv4Network('10.112.0.0/16'),
 IPv4Network('10.113.0.0/16'),
 IPv4Network('10.114.0.0/16'),
 IPv4Network('10.115.0.0/16'),
 IPv4Network('10.116.0.0/16'),
 IPv4Network('10.117.0.0/16'),
 IPv4Network('10.118.0.0/16'),
 IPv4Network('10.119.0.0/16'),
 IPv4Network('10.120.0.0/16'),
 IPv4Network('10.121.0.0/16'),
 IPv4Network('10.122.0.0/16'),
 IPv4Network('10.123.0.0/16'),
 IPv4Network('10.124.0.0/16'),
 IPv4Network('10.125.0.0/16'),
 IPv4Network('10.126.0.0/16'),
 IPv4Network('10.127.0.0/16'),
 IPv4Network('10.128.0.0/16'),
 IPv4Network('10.129.0.0/16'),
 IPv4Network('10.130.0.0/16'),
 IPv4Network('10.131.0.0/16'),
 IPv4Network('10.132.0.0/16'),
 IPv4Network('10.133.0.0/16'),
 IPv4Network('10.134.0.0/16'),
 IPv4Network('10.135.0.0/16'),
 IPv4Network('10.136.0.0/16'),
 IPv4Network('10.137.0.0/16'),
 IPv4Network('10.138.0.0/16'),
 IPv4Network('10.139.0.0/16'),
 IPv4Network('10.140.0.0/16'),
 IPv4Network('10.141.0.0/16'),
 IPv4Network('10.142.0.0/16'),
 IPv4Network('10.143.0.0/16'),
 IPv4Network('10.144.0.0/16'),
 IPv4Network('10.145.0.0/16'),
 IPv4Network('10.146.0.0/16'),
 IPv4Network('10.147.0.0/16'),
 IPv4Network('10.148.0.0/16'),
 IPv4Network('10.149.0.0/16'),
 IPv4Network('10.150.0.0/16'),
 IPv4Network('10.151.0.0/16'),
 IPv4Network('10.152.0.0/16'),
 IPv4Network('10.153.0.0/16'),
 IPv4Network('10.154.0.0/16'),
 IPv4Network('10.155.0.0/16'),
 IPv4Network('10.156.0.0/16'),
 IPv4Network('10.157.0.0/16'),
 IPv4Network('10.158.0.0/16'),
 IPv4Network('10.159.0.0/16'),
 IPv4Network('10.160.0.0/16'),
 IPv4Network('10.161.0.0/16'),
 IPv4Network('10.162.0.0/16'),
 IPv4Network('10.163.0.0/16'),
 IPv4Network('10.164.0.0/16'),
 IPv4Network('10.165.0.0/16'),
 IPv4Network('10.166.0.0/16'),
 IPv4Network('10.167.0.0/16'),
 IPv4Network('10.168.0.0/16'),
 IPv4Network('10.169.0.0/16'),
 IPv4Network('10.170.0.0/16'),
 IPv4Network('10.171.0.0/16'),
 IPv4Network('10.172.0.0/16'),
 IPv4Network('10.173.0.0/16')]
[IPv4Network('10.0.0.0/8'),
 IPv4Network('129.79.0.0/16'),
 IPv4Network('134.68.0.0/16'),
 IPv4Network('140.182.0.0/16'),
 IPv4Network('149.159.0.0/16'),
 IPv4Network('149.160.0.0/14'),
 IPv4Network('156.56.0.0/16'),
 IPv4Network('172.16.0.0/12'),
 IPv4Network('192.168.0.0/24'),
 IPv6Network('::/128'),
 IPv4Network('10.0.0.0/16'),
 IPv4Network('10.1.0.0/16'),
 IPv4Network('10.2.0.0/16'),
 IPv4Network('10.3.0.0/16'),
 IPv4Network('10.4.0.0/16'),
 IPv4Network('10.5.0.0/16'),
 IPv4Network('10.6.0.0/16'),
 IPv4Network('10.7.0.0/16'),
 IPv4Network('10.8.0.0/16'),
 IPv4Network('10.9.0.0/16'),
 IPv4Network('10.10.0.0/16'),
 IPv4Network('10.11.0.0/16'),
 IPv4Network('10.12.0.0/16'),
 IPv4Network('10.13.0.0/16'),
 IPv4Network('10.14.0.0/16'),
 IPv4Network('10.15.0.0/16'),
 IPv4Network('10.16.0.0/16'),
 IPv4Network('10.17.0.0/16'),
 IPv4Network('10.18.0.0/16'),
 IPv4Network('10.19.0.0/16'),
 IPv4Network('10.20.0.0/16'),
 IPv4Network('10.21.0.0/16'),
 IPv4Network('10.22.0.0/16'),
 IPv4Network('10.23.0.0/16'),
 IPv4Network('10.24.0.0/16'),
 IPv4Network('10.25.0.0/16'),
 IPv4Network('10.26.0.0/16'),
 IPv4Network('10.27.0.0/16'),
 IPv4Network('10.28.0.0/16'),
 IPv4Network('10.29.0.0/16'),
 IPv4Network('10.30.0.0/16'),
 IPv4Network('10.31.0.0/16'),
 IPv4Network('10.32.0.0/16'),
 IPv4Network('10.33.0.0/16'),
 IPv4Network('10.34.0.0/16'),
 IPv4Network('10.35.0.0/16'),
 IPv4Network('10.36.0.0/16'),
 IPv4Network('10.37.0.0/16'),
 IPv4Network('10.38.0.0/16'),
 IPv4Network('10.39.0.0/16'),
 IPv4Network('10.40.0.0/16'),
 IPv4Network('10.41.0.0/16'),
 IPv4Network('10.42.0.0/16'),
 IPv4Network('10.43.0.0/16'),
 IPv4Network('10.44.0.0/16'),
 IPv4Network('10.45.0.0/16'),
 IPv4Network('10.46.0.0/16'),
 IPv4Network('10.47.0.0/16'),
 IPv4Network('10.48.0.0/16'),
 IPv4Network('10.49.0.0/16'),
 IPv4Network('10.50.0.0/16'),
 IPv4Network('10.51.0.0/16'),
 IPv4Network('10.52.0.0/16'),
 IPv4Network('10.53.0.0/16'),
 IPv4Network('10.54.0.0/16'),
 IPv4Network('10.55.0.0/16'),
 IPv4Network('10.56.0.0/16'),
 IPv4Network('10.57.0.0/16'),
 IPv4Network('10.58.0.0/16'),
 IPv4Network('10.59.0.0/16'),
 IPv4Network('10.60.0.0/16'),
 IPv4Network('10.61.0.0/16'),
 IPv4Network('10.62.0.0/16'),
 IPv4Network('10.63.0.0/16'),
 IPv4Network('10.64.0.0/16'),
 IPv4Network('10.65.0.0/16'),
 IPv4Network('10.66.0.0/16'),
 IPv4Network('10.67.0.0/16'),
 IPv4Network('10.68.0.0/16'),
 IPv4Network('10.69.0.0/16'),
 IPv4Network('10.70.0.0/16'),
 IPv4Network('10.71.0.0/16'),
 IPv4Network('10.72.0.0/16'),
 IPv4Network('10.73.0.0/16'),
 IPv4Network('10.74.0.0/16'),
 IPv4Network('10.75.0.0/16'),
 IPv4Network('10.76.0.0/16'),
 IPv4Network('10.77.0.0/16'),
 IPv4Network('10.78.0.0/16'),
 IPv4Network('10.79.0.0/16'),
 IPv4Network('10.80.0.0/16'),
 IPv4Network('10.81.0.0/16'),
 IPv4Network('10.82.0.0/16'),
 IPv4Network('10.83.0.0/16'),
 IPv4Network('10.84.0.0/16'),
 IPv4Network('10.85.0.0/16'),
 IPv4Network('10.86.0.0/16'),
 IPv4Network('10.87.0.0/16'),
 IPv4Network('10.88.0.0/16'),
 IPv4Network('10.89.0.0/16'),
 IPv4Network('10.90.0.0/16'),
 IPv4Network('10.91.0.0/16'),
 IPv4Network('10.92.0.0/16'),
 IPv4Network('10.93.0.0/16'),
 IPv4Network('10.94.0.0/16'),
 IPv4Network('10.95.0.0/16'),
 IPv4Network('10.96.0.0/16'),
 IPv4Network('10.97.0.0/16'),
 IPv4Network('10.98.0.0/16'),
 IPv4Network('10.99.0.0/16'),
 IPv4Network('10.100.0.0/16'),
 IPv4Network('10.101.0.0/16'),
 IPv4Network('10.102.0.0/16'),
 IPv4Network('10.103.0.0/16'),
 IPv4Network('10.104.0.0/16'),
 IPv4Network('10.105.0.0/16'),
 IPv4Network('10.106.0.0/16'),
 IPv4Network('10.107.0.0/16'),
 IPv4Network('10.108.0.0/16'),
 IPv4Network('10.109.0.0/16'),
 IPv4Network('10.110.0.0/16'),
 IPv4Network('10.111.0.0/16'),
 IPv4Network('10.112.0.0/16'),
 IPv4Network('10.113.0.0/16'),
 IPv4Network('10.114.0.0/16'),
 IPv4Network('10.115.0.0/16'),
 IPv4Network('10.116.0.0/16'),
 IPv4Network('10.117.0.0/16'),
 IPv4Network('10.118.0.0/16'),
 IPv4Network('10.119.0.0/16'),
 IPv4Network('10.120.0.0/16'),
 IPv4Network('10.121.0.0/16'),
 IPv4Network('10.122.0.0/16'),
 IPv4Network('10.123.0.0/16'),
 IPv4Network('10.124.0.0/16'),
 IPv4Network('10.125.0.0/16'),
 IPv4Network('10.126.0.0/16'),
 IPv4Network('10.127.0.0/16'),
 IPv4Network('10.128.0.0/16'),
 IPv4Network('10.129.0.0/16'),
 IPv4Network('10.130.0.0/16'),
 IPv4Network('10.131.0.0/16'),
 IPv4Network('10.132.0.0/16'),
 IPv4Network('10.133.0.0/16'),
 IPv4Network('10.134.0.0/16'),
 IPv4Network('10.135.0.0/16'),
 IPv4Network('10.136.0.0/16'),
 IPv4Network('10.137.0.0/16'),
 IPv4Network('10.138.0.0/16'),
 IPv4Network('10.139.0.0/16'),
 IPv4Network('10.140.0.0/16'),
 IPv4Network('10.141.0.0/16'),
 IPv4Network('10.142.0.0/16'),
 IPv4Network('10.143.0.0/16'),
 IPv4Network('10.144.0.0/16'),
 IPv4Network('10.145.0.0/16'),
 IPv4Network('10.146.0.0/16'),
 IPv4Network('10.147.0.0/16'),
 IPv4Network('10.148.0.0/16'),
 IPv4Network('10.149.0.0/16'),
 IPv4Network('10.150.0.0/16'),
 IPv4Network('10.151.0.0/16'),
 IPv4Network('10.152.0.0/16'),
 IPv4Network('10.153.0.0/16'),
 IPv4Network('10.154.0.0/16'),
 IPv4Network('10.155.0.0/16'),
 IPv4Network('10.156.0.0/16'),
 IPv4Network('10.157.0.0/16'),
 IPv4Network('10.158.0.0/16'),
 IPv4Network('10.159.0.0/16'),
 IPv4Network('10.160.0.0/16'),
 IPv4Network('10.161.0.0/16'),
 IPv4Network('10.162.0.0/16'),
 IPv4Network('10.163.0.0/16'),
 IPv4Network('10.164.0.0/16'),
 IPv4Network('10.165.0.0/16'),
 IPv4Network('10.166.0.0/16'),
 IPv4Network('10.167.0.0/16'),
 IPv4Network('10.168.0.0/16'),
 IPv4Network('10.169.0.0/16'),
 IPv4Network('10.170.0.0/16'),
 IPv4Network('10.171.0.0/16'),
 IPv4Network('10.172.0.0/16'),
 IPv4Network('10.173.0.0/16'),
 IPv4Network('10.174.0.0/16'),
 IPv4Network('10.175.0.0/16')]
[IPv4Network('10.0.0.0/8'),
 IPv4Network('129.79.0.0/16'),
 IPv4Network('134.68.0.0/16'),
 IPv4Network('140.182.0.0/16'),
 IPv4Network('149.159.0.0/16'),
 IPv4Network('149.160.0.0/14'),
 IPv4Network('156.56.0.0/16'),
 IPv4Network('172.16.0.0/12'),
 IPv4Network('192.168.0.0/24'),
 IPv6Network('::/128'),
 IPv4Network('10.0.0.0/16'),
 IPv4Network('10.1.0.0/16'),
 IPv4Network('10.2.0.0/16'),
 IPv4Network('10.3.0.0/16'),
 IPv4Network('10.4.0.0/16'),
 IPv4Network('10.5.0.0/16'),
 IPv4Network('10.6.0.0/16'),
 IPv4Network('10.7.0.0/16'),
 IPv4Network('10.8.0.0/16'),
 IPv4Network('10.9.0.0/16'),
 IPv4Network('10.10.0.0/16'),
 IPv4Network('10.11.0.0/16'),
 IPv4Network('10.12.0.0/16'),
 IPv4Network('10.13.0.0/16'),
 IPv4Network('10.14.0.0/16'),
 IPv4Network('10.15.0.0/16'),
 IPv4Network('10.16.0.0/16'),
 IPv4Network('10.17.0.0/16'),
 IPv4Network('10.18.0.0/16'),
 IPv4Network('10.19.0.0/16'),
 IPv4Network('10.20.0.0/16'),
 IPv4Network('10.21.0.0/16'),
 IPv4Network('10.22.0.0/16'),
 IPv4Network('10.23.0.0/16'),
 IPv4Network('10.24.0.0/16'),
 IPv4Network('10.25.0.0/16'),
 IPv4Network('10.26.0.0/16'),
 IPv4Network('10.27.0.0/16'),
 IPv4Network('10.28.0.0/16'),
 IPv4Network('10.29.0.0/16'),
 IPv4Network('10.30.0.0/16'),
 IPv4Network('10.31.0.0/16'),
 IPv4Network('10.32.0.0/16'),
 IPv4Network('10.33.0.0/16'),
 IPv4Network('10.34.0.0/16'),
 IPv4Network('10.35.0.0/16'),
 IPv4Network('10.36.0.0/16'),
 IPv4Network('10.37.0.0/16'),
 IPv4Network('10.38.0.0/16'),
 IPv4Network('10.39.0.0/16'),
 IPv4Network('10.40.0.0/16'),
 IPv4Network('10.41.0.0/16'),
 IPv4Network('10.42.0.0/16'),
 IPv4Network('10.43.0.0/16'),
 IPv4Network('10.44.0.0/16'),
 IPv4Network('10.45.0.0/16'),
 IPv4Network('10.46.0.0/16'),
 IPv4Network('10.47.0.0/16'),
 IPv4Network('10.48.0.0/16'),
 IPv4Network('10.49.0.0/16'),
 IPv4Network('10.50.0.0/16'),
 IPv4Network('10.51.0.0/16'),
 IPv4Network('10.52.0.0/16'),
 IPv4Network('10.53.0.0/16'),
 IPv4Network('10.54.0.0/16'),
 IPv4Network('10.55.0.0/16'),
 IPv4Network('10.56.0.0/16'),
 IPv4Network('10.57.0.0/16'),
 IPv4Network('10.58.0.0/16'),
 IPv4Network('10.59.0.0/16'),
 IPv4Network('10.60.0.0/16'),
 IPv4Network('10.61.0.0/16'),
 IPv4Network('10.62.0.0/16'),
 IPv4Network('10.63.0.0/16'),
 IPv4Network('10.64.0.0/16'),
 IPv4Network('10.65.0.0/16'),
 IPv4Network('10.66.0.0/16'),
 IPv4Network('10.67.0.0/16'),
 IPv4Network('10.68.0.0/16'),
 IPv4Network('10.69.0.0/16'),
 IPv4Network('10.70.0.0/16'),
 IPv4Network('10.71.0.0/16'),
 IPv4Network('10.72.0.0/16'),
 IPv4Network('10.73.0.0/16'),
 IPv4Network('10.74.0.0/16'),
 IPv4Network('10.75.0.0/16'),
 IPv4Network('10.76.0.0/16'),
 IPv4Network('10.77.0.0/16'),
 IPv4Network('10.78.0.0/16'),
 IPv4Network('10.79.0.0/16'),
 IPv4Network('10.80.0.0/16'),
 IPv4Network('10.81.0.0/16'),
 IPv4Network('10.82.0.0/16'),
 IPv4Network('10.83.0.0/16'),
 IPv4Network('10.84.0.0/16'),
 IPv4Network('10.85.0.0/16'),
 IPv4Network('10.86.0.0/16'),
 IPv4Network('10.87.0.0/16'),
 IPv4Network('10.88.0.0/16'),
 IPv4Network('10.89.0.0/16'),
 IPv4Network('10.90.0.0/16'),
 IPv4Network('10.91.0.0/16'),
 IPv4Network('10.92.0.0/16'),
 IPv4Network('10.93.0.0/16'),
 IPv4Network('10.94.0.0/16'),
 IPv4Network('10.95.0.0/16'),
 IPv4Network('10.96.0.0/16'),
 IPv4Network('10.97.0.0/16'),
 IPv4Network('10.98.0.0/16'),
 IPv4Network('10.99.0.0/16'),
 IPv4Network('10.100.0.0/16'),
 IPv4Network('10.101.0.0/16'),
 IPv4Network('10.102.0.0/16'),
 IPv4Network('10.103.0.0/16'),
 IPv4Network('10.104.0.0/16'),
 IPv4Network('10.105.0.0/16'),
 IPv4Network('10.106.0.0/16'),
 IPv4Network('10.107.0.0/16'),
 IPv4Network('10.108.0.0/16'),
 IPv4Network('10.109.0.0/16'),
 IPv4Network('10.110.0.0/16'),
 IPv4Network('10.111.0.0/16'),
 IPv4Network('10.112.0.0/16'),
 IPv4Network('10.113.0.0/16'),
 IPv4Network('10.114.0.0/16'),
 IPv4Network('10.115.0.0/16'),
 IPv4Network('10.116.0.0/16'),
 IPv4Network('10.117.0.0/16'),
 IPv4Network('10.118.0.0/16'),
 IPv4Network('10.119.0.0/16'),
 IPv4Network('10.120.0.0/16'),
 IPv4Network('10.121.0.0/16'),
 IPv4Network('10.122.0.0/16'),
 IPv4Network('10.123.0.0/16'),
 IPv4Network('10.124.0.0/16'),
 IPv4Network('10.125.0.0/16'),
 IPv4Network('10.126.0.0/16'),
 IPv4Network('10.127.0.0/16'),
 IPv4Network('10.128.0.0/16'),
 IPv4Network('10.129.0.0/16'),
 IPv4Network('10.130.0.0/16'),
 IPv4Network('10.131.0.0/16'),
 IPv4Network('10.132.0.0/16'),
 IPv4Network('10.133.0.0/16'),
 IPv4Network('10.134.0.0/16'),
 IPv4Network('10.135.0.0/16'),
 IPv4Network('10.136.0.0/16'),
 IPv4Network('10.137.0.0/16'),
 IPv4Network('10.138.0.0/16'),
 IPv4Network('10.139.0.0/16'),
 IPv4Network('10.140.0.0/16'),
 IPv4Network('10.141.0.0/16'),
 IPv4Network('10.142.0.0/16'),
 IPv4Network('10.143.0.0/16'),
 IPv4Network('10.144.0.0/16'),
 IPv4Network('10.145.0.0/16'),
 IPv4Network('10.146.0.0/16'),
 IPv4Network('10.147.0.0/16'),
 IPv4Network('10.148.0.0/16'),
 IPv4Network('10.149.0.0/16'),
 IPv4Network('10.150.0.0/16'),
 IPv4Network('10.151.0.0/16'),
 IPv4Network('10.152.0.0/16'),
 IPv4Network('10.153.0.0/16'),
 IPv4Network('10.154.0.0/16'),
 IPv4Network('10.155.0.0/16'),
 IPv4Network('10.156.0.0/16'),
 IPv4Network('10.157.0.0/16'),
 IPv4Network('10.158.0.0/16'),
 IPv4Network('10.159.0.0/16'),
 IPv4Network('10.160.0.0/16'),
 IPv4Network('10.161.0.0/16'),
 IPv4Network('10.162.0.0/16'),
 IPv4Network('10.163.0.0/16'),
 IPv4Network('10.164.0.0/16'),
 IPv4Network('10.165.0.0/16'),
 IPv4Network('10.166.0.0/16'),
 IPv4Network('10.167.0.0/16'),
 IPv4Network('10.168.0.0/16'),
 IPv4Network('10.169.0.0/16'),
 IPv4Network('10.170.0.0/16'),
 IPv4Network('10.171.0.0/16'),
 IPv4Network('10.172.0.0/16'),
 IPv4Network('10.173.0.0/16'),
 IPv4Network('10.174.0.0/16'),
 IPv4Network('10.175.0.0/16')]
[IPv4Network('10.0.0.0/8'),
 IPv4Network('129.79.0.0/16'),
 IPv4Network('134.68.0.0/16'),
 IPv4Network('140.182.0.0/16'),
 IPv4Network('149.159.0.0/16'),
 IPv4Network('149.160.0.0/14'),
 IPv4Network('156.56.0.0/16'),
 IPv4Network('172.16.0.0/12'),
 IPv4Network('192.168.0.0/24'),
 IPv6Network('::/128'),
 IPv4Network('10.0.0.0/16'),
 IPv4Network('10.1.0.0/16'),
 IPv4Network('10.2.0.0/16'),
 IPv4Network('10.3.0.0/16'),
 IPv4Network('10.4.0.0/16'),
 IPv4Network('10.5.0.0/16'),
 IPv4Network('10.6.0.0/16'),
 IPv4Network('10.7.0.0/16'),
 IPv4Network('10.8.0.0/16'),
 IPv4Network('10.9.0.0/16'),
 IPv4Network('10.10.0.0/16'),
 IPv4Network('10.11.0.0/16'),
 IPv4Network('10.12.0.0/16'),
 IPv4Network('10.13.0.0/16'),
 IPv4Network('10.14.0.0/16'),
 IPv4Network('10.15.0.0/16'),
 IPv4Network('10.16.0.0/16'),
 IPv4Network('10.17.0.0/16'),
 IPv4Network('10.18.0.0/16'),
 IPv4Network('10.19.0.0/16'),
 IPv4Network('10.20.0.0/16'),
 IPv4Network('10.21.0.0/16'),
 IPv4Network('10.22.0.0/16'),
 IPv4Network('10.23.0.0/16'),
 IPv4Network('10.24.0.0/16'),
 IPv4Network('10.25.0.0/16'),
 IPv4Network('10.26.0.0/16'),
 IPv4Network('10.27.0.0/16'),
 IPv4Network('10.28.0.0/16'),
 IPv4Network('10.29.0.0/16'),
 IPv4Network('10.30.0.0/16'),
 IPv4Network('10.31.0.0/16'),
 IPv4Network('10.32.0.0/16'),
 IPv4Network('10.33.0.0/16'),
 IPv4Network('10.34.0.0/16'),
 IPv4Network('10.35.0.0/16'),
 IPv4Network('10.36.0.0/16'),
 IPv4Network('10.37.0.0/16'),
 IPv4Network('10.38.0.0/16'),
 IPv4Network('10.39.0.0/16'),
 IPv4Network('10.40.0.0/16'),
 IPv4Network('10.41.0.0/16'),
 IPv4Network('10.42.0.0/16'),
 IPv4Network('10.43.0.0/16'),
 IPv4Network('10.44.0.0/16'),
 IPv4Network('10.45.0.0/16'),
 IPv4Network('10.46.0.0/16'),
 IPv4Network('10.47.0.0/16'),
 IPv4Network('10.48.0.0/16'),
 IPv4Network('10.49.0.0/16'),
 IPv4Network('10.50.0.0/16'),
 IPv4Network('10.51.0.0/16'),
 IPv4Network('10.52.0.0/16'),
 IPv4Network('10.53.0.0/16'),
 IPv4Network('10.54.0.0/16'),
 IPv4Network('10.55.0.0/16'),
 IPv4Network('10.56.0.0/16'),
 IPv4Network('10.57.0.0/16'),
 IPv4Network('10.58.0.0/16'),
 IPv4Network('10.59.0.0/16'),
 IPv4Network('10.60.0.0/16'),
 IPv4Network('10.61.0.0/16'),
 IPv4Network('10.62.0.0/16'),
 IPv4Network('10.63.0.0/16'),
 IPv4Network('10.64.0.0/16'),
 IPv4Network('10.65.0.0/16'),
 IPv4Network('10.66.0.0/16'),
 IPv4Network('10.67.0.0/16'),
 IPv4Network('10.68.0.0/16'),
 IPv4Network('10.69.0.0/16'),
 IPv4Network('10.70.0.0/16'),
 IPv4Network('10.71.0.0/16'),
 IPv4Network('10.72.0.0/16'),
 IPv4Network('10.73.0.0/16'),
 IPv4Network('10.74.0.0/16'),
 IPv4Network('10.75.0.0/16'),
 IPv4Network('10.76.0.0/16'),
 IPv4Network('10.77.0.0/16'),
 IPv4Network('10.78.0.0/16'),
 IPv4Network('10.79.0.0/16'),
 IPv4Network('10.80.0.0/16'),
 IPv4Network('10.81.0.0/16'),
 IPv4Network('10.82.0.0/16'),
 IPv4Network('10.83.0.0/16'),
 IPv4Network('10.84.0.0/16'),
 IPv4Network('10.85.0.0/16'),
 IPv4Network('10.86.0.0/16'),
 IPv4Network('10.87.0.0/16'),
 IPv4Network('10.88.0.0/16'),
 IPv4Network('10.89.0.0/16'),
 IPv4Network('10.90.0.0/16'),
 IPv4Network('10.91.0.0/16'),
 IPv4Network('10.92.0.0/16'),
 IPv4Network('10.93.0.0/16'),
 IPv4Network('10.94.0.0/16'),
 IPv4Network('10.95.0.0/16'),
 IPv4Network('10.96.0.0/16'),
 IPv4Network('10.97.0.0/16'),
 IPv4Network('10.98.0.0/16'),
 IPv4Network('10.99.0.0/16'),
 IPv4Network('10.100.0.0/16'),
 IPv4Network('10.101.0.0/16'),
 IPv4Network('10.102.0.0/16'),
 IPv4Network('10.103.0.0/16'),
 IPv4Network('10.104.0.0/16'),
 IPv4Network('10.105.0.0/16'),
 IPv4Network('10.106.0.0/16'),
 IPv4Network('10.107.0.0/16'),
 IPv4Network('10.108.0.0/16'),
 IPv4Network('10.109.0.0/16'),
 IPv4Network('10.110.0.0/16'),
 IPv4Network('10.111.0.0/16'),
 IPv4Network('10.112.0.0/16'),
 IPv4Network('10.113.0.0/16'),
 IPv4Network('10.114.0.0/16'),
 IPv4Network('10.115.0.0/16'),
 IPv4Network('10.116.0.0/16'),
 IPv4Network('10.117.0.0/16'),
 IPv4Network('10.118.0.0/16'),
 IPv4Network('10.119.0.0/16'),
 IPv4Network('10.120.0.0/16'),
 IPv4Network('10.121.0.0/16'),
 IPv4Network('10.122.0.0/16'),
 IPv4Network('10.123.0.0/16'),
 IPv4Network('10.124.0.0/16'),
 IPv4Network('10.125.0.0/16'),
 IPv4Network('10.126.0.0/16'),
 IPv4Network('10.127.0.0/16'),
 IPv4Network('10.128.0.0/16'),
 IPv4Network('10.129.0.0/16'),
 IPv4Network('10.130.0.0/16'),
 IPv4Network('10.131.0.0/16'),
 IPv4Network('10.132.0.0/16'),
 IPv4Network('10.133.0.0/16'),
 IPv4Network('10.134.0.0/16'),
 IPv4Network('10.135.0.0/16'),
 IPv4Network('10.136.0.0/16'),
 IPv4Network('10.137.0.0/16'),
 IPv4Network('10.138.0.0/16'),
 IPv4Network('10.139.0.0/16'),
 IPv4Network('10.140.0.0/16'),
 IPv4Network('10.141.0.0/16'),
 IPv4Network('10.142.0.0/16'),
 IPv4Network('10.143.0.0/16'),
 IPv4Network('10.144.0.0/16'),
 IPv4Network('10.145.0.0/16'),
 IPv4Network('10.146.0.0/16'),
 IPv4Network('10.147.0.0/16'),
 IPv4Network('10.148.0.0/16'),
 IPv4Network('10.149.0.0/16'),
 IPv4Network('10.150.0.0/16'),
 IPv4Network('10.151.0.0/16'),
 IPv4Network('10.152.0.0/16'),
 IPv4Network('10.153.0.0/16'),
 IPv4Network('10.154.0.0/16'),
 IPv4Network('10.155.0.0/16'),
 IPv4Network('10.156.0.0/16'),
 IPv4Network('10.157.0.0/16'),
 IPv4Network('10.158.0.0/16'),
 IPv4Network('10.159.0.0/16'),
 IPv4Network('10.160.0.0/16'),
 IPv4Network('10.161.0.0/16'),
 IPv4Network('10.162.0.0/16'),
 IPv4Network('10.163.0.0/16'),
 IPv4Network('10.164.0.0/16'),
 IPv4Network('10.165.0.0/16'),
 IPv4Network('10.166.0.0/16'),
 IPv4Network('10.167.0.0/16'),
 IPv4Network('10.168.0.0/16'),
 IPv4Network('10.169.0.0/16'),
 IPv4Network('10.170.0.0/16'),
 IPv4Network('10.171.0.0/16'),
 IPv4Network('10.172.0.0/16'),
 IPv4Network('10.173.0.0/16'),
 IPv4Network('10.174.0.0/16'),
 IPv4Network('10.175.0.0/16')]
[IPv4Network('10.0.0.0/8'),
 IPv4Network('129.79.0.0/16'),
 IPv4Network('134.68.0.0/16'),
 IPv4Network('140.182.0.0/16'),
 IPv4Network('149.159.0.0/16'),
 IPv4Network('149.160.0.0/14'),
 IPv4Network('156.56.0.0/16'),
 IPv4Network('172.16.0.0/12'),
 IPv4Network('192.168.0.0/24'),
 IPv6Network('::/128'),
 IPv4Network('10.0.0.0/16'),
 IPv4Network('10.1.0.0/16'),
 IPv4Network('10.2.0.0/16'),
 IPv4Network('10.3.0.0/16'),
 IPv4Network('10.4.0.0/16'),
 IPv4Network('10.5.0.0/16'),
 IPv4Network('10.6.0.0/16'),
 IPv4Network('10.7.0.0/16'),
 IPv4Network('10.8.0.0/16'),
 IPv4Network('10.9.0.0/16'),
 IPv4Network('10.10.0.0/16'),
 IPv4Network('10.11.0.0/16'),
 IPv4Network('10.12.0.0/16'),
 IPv4Network('10.13.0.0/16'),
 IPv4Network('10.14.0.0/16'),
 IPv4Network('10.15.0.0/16'),
 IPv4Network('10.16.0.0/16'),
 IPv4Network('10.17.0.0/16'),
 IPv4Network('10.18.0.0/16'),
 IPv4Network('10.19.0.0/16'),
 IPv4Network('10.20.0.0/16'),
 IPv4Network('10.21.0.0/16'),
 IPv4Network('10.22.0.0/16'),
 IPv4Network('10.23.0.0/16'),
 IPv4Network('10.24.0.0/16'),
 IPv4Network('10.25.0.0/16'),
 IPv4Network('10.26.0.0/16'),
 IPv4Network('10.27.0.0/16'),
 IPv4Network('10.28.0.0/16'),
 IPv4Network('10.29.0.0/16'),
 IPv4Network('10.30.0.0/16'),
 IPv4Network('10.31.0.0/16'),
 IPv4Network('10.32.0.0/16'),
 IPv4Network('10.33.0.0/16'),
 IPv4Network('10.34.0.0/16'),
 IPv4Network('10.35.0.0/16'),
 IPv4Network('10.36.0.0/16'),
 IPv4Network('10.37.0.0/16'),
 IPv4Network('10.38.0.0/16'),
 IPv4Network('10.39.0.0/16'),
 IPv4Network('10.40.0.0/16'),
 IPv4Network('10.41.0.0/16'),
 IPv4Network('10.42.0.0/16'),
 IPv4Network('10.43.0.0/16'),
 IPv4Network('10.44.0.0/16'),
 IPv4Network('10.45.0.0/16'),
 IPv4Network('10.46.0.0/16'),
 IPv4Network('10.47.0.0/16'),
 IPv4Network('10.48.0.0/16'),
 IPv4Network('10.49.0.0/16'),
 IPv4Network('10.50.0.0/16'),
 IPv4Network('10.51.0.0/16'),
 IPv4Network('10.52.0.0/16'),
 IPv4Network('10.53.0.0/16'),
 IPv4Network('10.54.0.0/16'),
 IPv4Network('10.55.0.0/16'),
 IPv4Network('10.56.0.0/16'),
 IPv4Network('10.57.0.0/16'),
 IPv4Network('10.58.0.0/16'),
 IPv4Network('10.59.0.0/16'),
 IPv4Network('10.60.0.0/16'),
 IPv4Network('10.61.0.0/16'),
 IPv4Network('10.62.0.0/16'),
 IPv4Network('10.63.0.0/16'),
 IPv4Network('10.64.0.0/16'),
 IPv4Network('10.65.0.0/16'),
 IPv4Network('10.66.0.0/16'),
 IPv4Network('10.67.0.0/16'),
 IPv4Network('10.68.0.0/16'),
 IPv4Network('10.69.0.0/16'),
 IPv4Network('10.70.0.0/16'),
 IPv4Network('10.71.0.0/16'),
 IPv4Network('10.72.0.0/16'),
 IPv4Network('10.73.0.0/16'),
 IPv4Network('10.74.0.0/16'),
 IPv4Network('10.75.0.0/16'),
 IPv4Network('10.76.0.0/16'),
 IPv4Network('10.77.0.0/16'),
 IPv4Network('10.78.0.0/16'),
 IPv4Network('10.79.0.0/16'),
 IPv4Network('10.80.0.0/16'),
 IPv4Network('10.81.0.0/16'),
 IPv4Network('10.82.0.0/16'),
 IPv4Network('10.83.0.0/16'),
 IPv4Network('10.84.0.0/16'),
 IPv4Network('10.85.0.0/16'),
 IPv4Network('10.86.0.0/16'),
 IPv4Network('10.87.0.0/16'),
 IPv4Network('10.88.0.0/16'),
 IPv4Network('10.89.0.0/16'),
 IPv4Network('10.90.0.0/16'),
 IPv4Network('10.91.0.0/16'),
 IPv4Network('10.92.0.0/16'),
 IPv4Network('10.93.0.0/16'),
 IPv4Network('10.94.0.0/16'),
 IPv4Network('10.95.0.0/16'),
 IPv4Network('10.96.0.0/16'),
 IPv4Network('10.97.0.0/16'),
 IPv4Network('10.98.0.0/16'),
 IPv4Network('10.99.0.0/16'),
 IPv4Network('10.100.0.0/16'),
 IPv4Network('10.101.0.0/16'),
 IPv4Network('10.102.0.0/16'),
 IPv4Network('10.103.0.0/16'),
 IPv4Network('10.104.0.0/16'),
 IPv4Network('10.105.0.0/16'),
 IPv4Network('10.106.0.0/16'),
 IPv4Network('10.107.0.0/16'),
 IPv4Network('10.108.0.0/16'),
 IPv4Network('10.109.0.0/16'),
 IPv4Network('10.110.0.0/16'),
 IPv4Network('10.111.0.0/16'),
 IPv4Network('10.112.0.0/16'),
 IPv4Network('10.113.0.0/16'),
 IPv4Network('10.114.0.0/16'),
 IPv4Network('10.115.0.0/16'),
 IPv4Network('10.116.0.0/16'),
 IPv4Network('10.117.0.0/16'),
 IPv4Network('10.118.0.0/16'),
 IPv4Network('10.119.0.0/16'),
 IPv4Network('10.120.0.0/16'),
 IPv4Network('10.121.0.0/16'),
 IPv4Network('10.122.0.0/16'),
 IPv4Network('10.123.0.0/16'),
 IPv4Network('10.124.0.0/16'),
 IPv4Network('10.125.0.0/16'),
 IPv4Network('10.126.0.0/16'),
 IPv4Network('10.127.0.0/16'),
 IPv4Network('10.128.0.0/16'),
 IPv4Network('10.129.0.0/16'),
 IPv4Network('10.130.0.0/16'),
 IPv4Network('10.131.0.0/16'),
 IPv4Network('10.132.0.0/16'),
 IPv4Network('10.133.0.0/16'),
 IPv4Network('10.134.0.0/16'),
 IPv4Network('10.135.0.0/16'),
 IPv4Network('10.136.0.0/16'),
 IPv4Network('10.137.0.0/16'),
 IPv4Network('10.138.0.0/16'),
 IPv4Network('10.139.0.0/16'),
 IPv4Network('10.140.0.0/16'),
 IPv4Network('10.141.0.0/16'),
 IPv4Network('10.142.0.0/16'),
 IPv4Network('10.143.0.0/16'),
 IPv4Network('10.144.0.0/16'),
 IPv4Network('10.145.0.0/16'),
 IPv4Network('10.146.0.0/16'),
 IPv4Network('10.147.0.0/16'),
 IPv4Network('10.148.0.0/16'),
 IPv4Network('10.149.0.0/16'),
 IPv4Network('10.150.0.0/16'),
 IPv4Network('10.151.0.0/16'),
 IPv4Network('10.152.0.0/16'),
 IPv4Network('10.153.0.0/16'),
 IPv4Network('10.154.0.0/16'),
 IPv4Network('10.155.0.0/16'),
 IPv4Network('10.156.0.0/16'),
 IPv4Network('10.157.0.0/16'),
 IPv4Network('10.158.0.0/16'),
 IPv4Network('10.159.0.0/16'),
 IPv4Network('10.160.0.0/16'),
 IPv4Network('10.161.0.0/16'),
 IPv4Network('10.162.0.0/16'),
 IPv4Network('10.163.0.0/16'),
 IPv4Network('10.164.0.0/16'),
 IPv4Network('10.165.0.0/16'),
 IPv4Network('10.166.0.0/16'),
 IPv4Network('10.167.0.0/16'),
 IPv4Network('10.168.0.0/16'),
 IPv4Network('10.169.0.0/16'),
 IPv4Network('10.170.0.0/16'),
 IPv4Network('10.171.0.0/16'),
 IPv4Network('10.172.0.0/16'),
 IPv4Network('10.173.0.0/16'),
 IPv4Network('10.174.0.0/16'),
 IPv4Network('10.175.0.0/16')]
[IPv4Network('10.0.0.0/8'),
 IPv4Network('129.79.0.0/16'),
 IPv4Network('134.68.0.0/16'),
 IPv4Network('140.182.0.0/16'),
 IPv4Network('149.159.0.0/16'),
 IPv4Network('149.160.0.0/14'),
 IPv4Network('156.56.0.0/16'),
 IPv4Network('172.16.0.0/12'),
 IPv4Network('192.168.0.0/24'),
 IPv6Network('::/128'),
 IPv4Network('10.0.0.0/16'),
 IPv4Network('10.1.0.0/16'),
 IPv4Network('10.2.0.0/16'),
 IPv4Network('10.3.0.0/16'),
 IPv4Network('10.4.0.0/16'),
 IPv4Network('10.5.0.0/16'),
 IPv4Network('10.6.0.0/16'),
 IPv4Network('10.7.0.0/16'),
 IPv4Network('10.8.0.0/16'),
 IPv4Network('10.9.0.0/16'),
 IPv4Network('10.10.0.0/16'),
 IPv4Network('10.11.0.0/16'),
 IPv4Network('10.12.0.0/16'),
 IPv4Network('10.13.0.0/16'),
 IPv4Network('10.14.0.0/16'),
 IPv4Network('10.15.0.0/16'),
 IPv4Network('10.16.0.0/16'),
 IPv4Network('10.17.0.0/16'),
 IPv4Network('10.18.0.0/16'),
 IPv4Network('10.19.0.0/16'),
 IPv4Network('10.20.0.0/16'),
 IPv4Network('10.21.0.0/16'),
 IPv4Network('10.22.0.0/16'),
 IPv4Network('10.23.0.0/16'),
 IPv4Network('10.24.0.0/16'),
 IPv4Network('10.25.0.0/16'),
 IPv4Network('10.26.0.0/16'),
 IPv4Network('10.27.0.0/16'),
 IPv4Network('10.28.0.0/16'),
 IPv4Network('10.29.0.0/16'),
 IPv4Network('10.30.0.0/16'),
 IPv4Network('10.31.0.0/16'),
 IPv4Network('10.32.0.0/16'),
 IPv4Network('10.33.0.0/16'),
 IPv4Network('10.34.0.0/16'),
 IPv4Network('10.35.0.0/16'),
 IPv4Network('10.36.0.0/16'),
 IPv4Network('10.37.0.0/16'),
 IPv4Network('10.38.0.0/16'),
 IPv4Network('10.39.0.0/16'),
 IPv4Network('10.40.0.0/16'),
 IPv4Network('10.41.0.0/16'),
 IPv4Network('10.42.0.0/16'),
 IPv4Network('10.43.0.0/16'),
 IPv4Network('10.44.0.0/16'),
 IPv4Network('10.45.0.0/16'),
 IPv4Network('10.46.0.0/16'),
 IPv4Network('10.47.0.0/16'),
 IPv4Network('10.48.0.0/16'),
 IPv4Network('10.49.0.0/16'),
 IPv4Network('10.50.0.0/16'),
 IPv4Network('10.51.0.0/16'),
 IPv4Network('10.52.0.0/16'),
 IPv4Network('10.53.0.0/16'),
 IPv4Network('10.54.0.0/16'),
 IPv4Network('10.55.0.0/16'),
 IPv4Network('10.56.0.0/16'),
 IPv4Network('10.57.0.0/16'),
 IPv4Network('10.58.0.0/16'),
 IPv4Network('10.59.0.0/16'),
 IPv4Network('10.60.0.0/16'),
 IPv4Network('10.61.0.0/16'),
 IPv4Network('10.62.0.0/16'),
 IPv4Network('10.63.0.0/16'),
 IPv4Network('10.64.0.0/16'),
 IPv4Network('10.65.0.0/16'),
 IPv4Network('10.66.0.0/16'),
 IPv4Network('10.67.0.0/16'),
 IPv4Network('10.68.0.0/16'),
 IPv4Network('10.69.0.0/16'),
 IPv4Network('10.70.0.0/16'),
 IPv4Network('10.71.0.0/16'),
 IPv4Network('10.72.0.0/16'),
 IPv4Network('10.73.0.0/16'),
 IPv4Network('10.74.0.0/16'),
 IPv4Network('10.75.0.0/16'),
 IPv4Network('10.76.0.0/16'),
 IPv4Network('10.77.0.0/16'),
 IPv4Network('10.78.0.0/16'),
 IPv4Network('10.79.0.0/16'),
 IPv4Network('10.80.0.0/16'),
 IPv4Network('10.81.0.0/16'),
 IPv4Network('10.82.0.0/16'),
 IPv4Network('10.83.0.0/16'),
 IPv4Network('10.84.0.0/16'),
 IPv4Network('10.85.0.0/16'),
 IPv4Network('10.86.0.0/16'),
 IPv4Network('10.87.0.0/16'),
 IPv4Network('10.88.0.0/16'),
 IPv4Network('10.89.0.0/16'),
 IPv4Network('10.90.0.0/16'),
 IPv4Network('10.91.0.0/16'),
 IPv4Network('10.92.0.0/16'),
 IPv4Network('10.93.0.0/16'),
 IPv4Network('10.94.0.0/16'),
 IPv4Network('10.95.0.0/16'),
 IPv4Network('10.96.0.0/16'),
 IPv4Network('10.97.0.0/16'),
 IPv4Network('10.98.0.0/16'),
 IPv4Network('10.99.0.0/16'),
 IPv4Network('10.100.0.0/16'),
 IPv4Network('10.101.0.0/16'),
 IPv4Network('10.102.0.0/16'),
 IPv4Network('10.103.0.0/16'),
 IPv4Network('10.104.0.0/16'),
 IPv4Network('10.105.0.0/16'),
 IPv4Network('10.106.0.0/16'),
 IPv4Network('10.107.0.0/16'),
 IPv4Network('10.108.0.0/16'),
 IPv4Network('10.109.0.0/16'),
 IPv4Network('10.110.0.0/16'),
 IPv4Network('10.111.0.0/16'),
 IPv4Network('10.112.0.0/16'),
 IPv4Network('10.113.0.0/16'),
 IPv4Network('10.114.0.0/16'),
 IPv4Network('10.115.0.0/16'),
 IPv4Network('10.116.0.0/16'),
 IPv4Network('10.117.0.0/16'),
 IPv4Network('10.118.0.0/16'),
 IPv4Network('10.119.0.0/16'),
 IPv4Network('10.120.0.0/16'),
 IPv4Network('10.121.0.0/16'),
 IPv4Network('10.122.0.0/16'),
 IPv4Network('10.123.0.0/16'),
 IPv4Network('10.124.0.0/16'),
 IPv4Network('10.125.0.0/16'),
 IPv4Network('10.126.0.0/16'),
 IPv4Network('10.127.0.0/16'),
 IPv4Network('10.128.0.0/16'),
 IPv4Network('10.129.0.0/16'),
 IPv4Network('10.130.0.0/16'),
 IPv4Network('10.131.0.0/16'),
 IPv4Network('10.132.0.0/16'),
 IPv4Network('10.133.0.0/16'),
 IPv4Network('10.134.0.0/16'),
 IPv4Network('10.135.0.0/16'),
 IPv4Network('10.136.0.0/16'),
 IPv4Network('10.137.0.0/16'),
 IPv4Network('10.138.0.0/16'),
 IPv4Network('10.139.0.0/16'),
 IPv4Network('10.140.0.0/16'),
 IPv4Network('10.141.0.0/16'),
 IPv4Network('10.142.0.0/16'),
 IPv4Network('10.143.0.0/16'),
 IPv4Network('10.144.0.0/16'),
 IPv4Network('10.145.0.0/16'),
 IPv4Network('10.146.0.0/16'),
 IPv4Network('10.147.0.0/16'),
 IPv4Network('10.148.0.0/16'),
 IPv4Network('10.149.0.0/16'),
 IPv4Network('10.150.0.0/16'),
 IPv4Network('10.151.0.0/16'),
 IPv4Network('10.152.0.0/16'),
 IPv4Network('10.153.0.0/16'),
 IPv4Network('10.154.0.0/16'),
 IPv4Network('10.155.0.0/16'),
 IPv4Network('10.156.0.0/16'),
 IPv4Network('10.157.0.0/16'),
 IPv4Network('10.158.0.0/16'),
 IPv4Network('10.159.0.0/16'),
 IPv4Network('10.160.0.0/16'),
 IPv4Network('10.161.0.0/16'),
 IPv4Network('10.162.0.0/16'),
 IPv4Network('10.163.0.0/16'),
 IPv4Network('10.164.0.0/16'),
 IPv4Network('10.165.0.0/16'),
 IPv4Network('10.166.0.0/16'),
 IPv4Network('10.167.0.0/16'),
 IPv4Network('10.168.0.0/16'),
 IPv4Network('10.169.0.0/16'),
 IPv4Network('10.170.0.0/16'),
 IPv4Network('10.171.0.0/16'),
 IPv4Network('10.172.0.0/16'),
 IPv4Network('10.173.0.0/16'),
 IPv4Network('10.174.0.0/16'),
 IPv4Network('10.175.0.0/16'),
 IPv4Network('10.176.0.0/16'),
 IPv4Network('10.177.0.0/16')]
[IPv4Network('10.0.0.0/8'),
 IPv4Network('129.79.0.0/16'),
 IPv4Network('134.68.0.0/16'),
 IPv4Network('140.182.0.0/16'),
 IPv4Network('149.159.0.0/16'),
 IPv4Network('149.160.0.0/14'),
 IPv4Network('156.56.0.0/16'),
 IPv4Network('172.16.0.0/12'),
 IPv4Network('192.168.0.0/24'),
 IPv6Network('::/128'),
 IPv4Network('10.0.0.0/16'),
 IPv4Network('10.1.0.0/16'),
 IPv4Network('10.2.0.0/16'),
 IPv4Network('10.3.0.0/16'),
 IPv4Network('10.4.0.0/16'),
 IPv4Network('10.5.0.0/16'),
 IPv4Network('10.6.0.0/16'),
 IPv4Network('10.7.0.0/16'),
 IPv4Network('10.8.0.0/16'),
 IPv4Network('10.9.0.0/16'),
 IPv4Network('10.10.0.0/16'),
 IPv4Network('10.11.0.0/16'),
 IPv4Network('10.12.0.0/16'),
 IPv4Network('10.13.0.0/16'),
 IPv4Network('10.14.0.0/16'),
 IPv4Network('10.15.0.0/16'),
 IPv4Network('10.16.0.0/16'),
 IPv4Network('10.17.0.0/16'),
 IPv4Network('10.18.0.0/16'),
 IPv4Network('10.19.0.0/16'),
 IPv4Network('10.20.0.0/16'),
 IPv4Network('10.21.0.0/16'),
 IPv4Network('10.22.0.0/16'),
 IPv4Network('10.23.0.0/16'),
 IPv4Network('10.24.0.0/16'),
 IPv4Network('10.25.0.0/16'),
 IPv4Network('10.26.0.0/16'),
 IPv4Network('10.27.0.0/16'),
 IPv4Network('10.28.0.0/16'),
 IPv4Network('10.29.0.0/16'),
 IPv4Network('10.30.0.0/16'),
 IPv4Network('10.31.0.0/16'),
 IPv4Network('10.32.0.0/16'),
 IPv4Network('10.33.0.0/16'),
 IPv4Network('10.34.0.0/16'),
 IPv4Network('10.35.0.0/16'),
 IPv4Network('10.36.0.0/16'),
 IPv4Network('10.37.0.0/16'),
 IPv4Network('10.38.0.0/16'),
 IPv4Network('10.39.0.0/16'),
 IPv4Network('10.40.0.0/16'),
 IPv4Network('10.41.0.0/16'),
 IPv4Network('10.42.0.0/16'),
 IPv4Network('10.43.0.0/16'),
 IPv4Network('10.44.0.0/16'),
 IPv4Network('10.45.0.0/16'),
 IPv4Network('10.46.0.0/16'),
 IPv4Network('10.47.0.0/16'),
 IPv4Network('10.48.0.0/16'),
 IPv4Network('10.49.0.0/16'),
 IPv4Network('10.50.0.0/16'),
 IPv4Network('10.51.0.0/16'),
 IPv4Network('10.52.0.0/16'),
 IPv4Network('10.53.0.0/16'),
 IPv4Network('10.54.0.0/16'),
 IPv4Network('10.55.0.0/16'),
 IPv4Network('10.56.0.0/16'),
 IPv4Network('10.57.0.0/16'),
 IPv4Network('10.58.0.0/16'),
 IPv4Network('10.59.0.0/16'),
 IPv4Network('10.60.0.0/16'),
 IPv4Network('10.61.0.0/16'),
 IPv4Network('10.62.0.0/16'),
 IPv4Network('10.63.0.0/16'),
 IPv4Network('10.64.0.0/16'),
 IPv4Network('10.65.0.0/16'),
 IPv4Network('10.66.0.0/16'),
 IPv4Network('10.67.0.0/16'),
 IPv4Network('10.68.0.0/16'),
 IPv4Network('10.69.0.0/16'),
 IPv4Network('10.70.0.0/16'),
 IPv4Network('10.71.0.0/16'),
 IPv4Network('10.72.0.0/16'),
 IPv4Network('10.73.0.0/16'),
 IPv4Network('10.74.0.0/16'),
 IPv4Network('10.75.0.0/16'),
 IPv4Network('10.76.0.0/16'),
 IPv4Network('10.77.0.0/16'),
 IPv4Network('10.78.0.0/16'),
 IPv4Network('10.79.0.0/16'),
 IPv4Network('10.80.0.0/16'),
 IPv4Network('10.81.0.0/16'),
 IPv4Network('10.82.0.0/16'),
 IPv4Network('10.83.0.0/16'),
 IPv4Network('10.84.0.0/16'),
 IPv4Network('10.85.0.0/16'),
 IPv4Network('10.86.0.0/16'),
 IPv4Network('10.87.0.0/16'),
 IPv4Network('10.88.0.0/16'),
 IPv4Network('10.89.0.0/16'),
 IPv4Network('10.90.0.0/16'),
 IPv4Network('10.91.0.0/16'),
 IPv4Network('10.92.0.0/16'),
 IPv4Network('10.93.0.0/16'),
 IPv4Network('10.94.0.0/16'),
 IPv4Network('10.95.0.0/16'),
 IPv4Network('10.96.0.0/16'),
 IPv4Network('10.97.0.0/16'),
 IPv4Network('10.98.0.0/16'),
 IPv4Network('10.99.0.0/16'),
 IPv4Network('10.100.0.0/16'),
 IPv4Network('10.101.0.0/16'),
 IPv4Network('10.102.0.0/16'),
 IPv4Network('10.103.0.0/16'),
 IPv4Network('10.104.0.0/16'),
 IPv4Network('10.105.0.0/16'),
 IPv4Network('10.106.0.0/16'),
 IPv4Network('10.107.0.0/16'),
 IPv4Network('10.108.0.0/16'),
 IPv4Network('10.109.0.0/16'),
 IPv4Network('10.110.0.0/16'),
 IPv4Network('10.111.0.0/16'),
 IPv4Network('10.112.0.0/16'),
 IPv4Network('10.113.0.0/16'),
 IPv4Network('10.114.0.0/16'),
 IPv4Network('10.115.0.0/16'),
 IPv4Network('10.116.0.0/16'),
 IPv4Network('10.117.0.0/16'),
 IPv4Network('10.118.0.0/16'),
 IPv4Network('10.119.0.0/16'),
 IPv4Network('10.120.0.0/16'),
 IPv4Network('10.121.0.0/16'),
 IPv4Network('10.122.0.0/16'),
 IPv4Network('10.123.0.0/16'),
 IPv4Network('10.124.0.0/16'),
 IPv4Network('10.125.0.0/16'),
 IPv4Network('10.126.0.0/16'),
 IPv4Network('10.127.0.0/16'),
 IPv4Network('10.128.0.0/16'),
 IPv4Network('10.129.0.0/16'),
 IPv4Network('10.130.0.0/16'),
 IPv4Network('10.131.0.0/16'),
 IPv4Network('10.132.0.0/16'),
 IPv4Network('10.133.0.0/16'),
 IPv4Network('10.134.0.0/16'),
 IPv4Network('10.135.0.0/16'),
 IPv4Network('10.136.0.0/16'),
 IPv4Network('10.137.0.0/16'),
 IPv4Network('10.138.0.0/16'),
 IPv4Network('10.139.0.0/16'),
 IPv4Network('10.140.0.0/16'),
 IPv4Network('10.141.0.0/16'),
 IPv4Network('10.142.0.0/16'),
 IPv4Network('10.143.0.0/16'),
 IPv4Network('10.144.0.0/16'),
 IPv4Network('10.145.0.0/16'),
 IPv4Network('10.146.0.0/16'),
 IPv4Network('10.147.0.0/16'),
 IPv4Network('10.148.0.0/16'),
 IPv4Network('10.149.0.0/16'),
 IPv4Network('10.150.0.0/16'),
 IPv4Network('10.151.0.0/16'),
 IPv4Network('10.152.0.0/16'),
 IPv4Network('10.153.0.0/16'),
 IPv4Network('10.154.0.0/16'),
 IPv4Network('10.155.0.0/16'),
 IPv4Network('10.156.0.0/16'),
 IPv4Network('10.157.0.0/16'),
 IPv4Network('10.158.0.0/16'),
 IPv4Network('10.159.0.0/16'),
 IPv4Network('10.160.0.0/16'),
 IPv4Network('10.161.0.0/16'),
 IPv4Network('10.162.0.0/16'),
 IPv4Network('10.163.0.0/16'),
 IPv4Network('10.164.0.0/16'),
 IPv4Network('10.165.0.0/16'),
 IPv4Network('10.166.0.0/16'),
 IPv4Network('10.167.0.0/16'),
 IPv4Network('10.168.0.0/16'),
 IPv4Network('10.169.0.0/16'),
 IPv4Network('10.170.0.0/16'),
 IPv4Network('10.171.0.0/16'),
 IPv4Network('10.172.0.0/16'),
 IPv4Network('10.173.0.0/16'),
 IPv4Network('10.174.0.0/16'),
 IPv4Network('10.175.0.0/16'),
 IPv4Network('10.176.0.0/16'),
 IPv4Network('10.177.0.0/16'),
 IPv4Network('10.178.0.0/16'),
 IPv4Network('10.179.0.0/16')]
[IPv4Network('10.0.0.0/8'),
 IPv4Network('129.79.0.0/16'),
 IPv4Network('134.68.0.0/16'),
 IPv4Network('140.182.0.0/16'),
 IPv4Network('149.159.0.0/16'),
 IPv4Network('149.160.0.0/14'),
 IPv4Network('156.56.0.0/16'),
 IPv4Network('172.16.0.0/12'),
 IPv4Network('192.168.0.0/24'),
 IPv6Network('::/128'),
 IPv4Network('10.0.0.0/16'),
 IPv4Network('10.1.0.0/16'),
 IPv4Network('10.2.0.0/16'),
 IPv4Network('10.3.0.0/16'),
 IPv4Network('10.4.0.0/16'),
 IPv4Network('10.5.0.0/16'),
 IPv4Network('10.6.0.0/16'),
 IPv4Network('10.7.0.0/16'),
 IPv4Network('10.8.0.0/16'),
 IPv4Network('10.9.0.0/16'),
 IPv4Network('10.10.0.0/16'),
 IPv4Network('10.11.0.0/16'),
 IPv4Network('10.12.0.0/16'),
 IPv4Network('10.13.0.0/16'),
 IPv4Network('10.14.0.0/16'),
 IPv4Network('10.15.0.0/16'),
 IPv4Network('10.16.0.0/16'),
 IPv4Network('10.17.0.0/16'),
 IPv4Network('10.18.0.0/16'),
 IPv4Network('10.19.0.0/16'),
 IPv4Network('10.20.0.0/16'),
 IPv4Network('10.21.0.0/16'),
 IPv4Network('10.22.0.0/16'),
 IPv4Network('10.23.0.0/16'),
 IPv4Network('10.24.0.0/16'),
 IPv4Network('10.25.0.0/16'),
 IPv4Network('10.26.0.0/16'),
 IPv4Network('10.27.0.0/16'),
 IPv4Network('10.28.0.0/16'),
 IPv4Network('10.29.0.0/16'),
 IPv4Network('10.30.0.0/16'),
 IPv4Network('10.31.0.0/16'),
 IPv4Network('10.32.0.0/16'),
 IPv4Network('10.33.0.0/16'),
 IPv4Network('10.34.0.0/16'),
 IPv4Network('10.35.0.0/16'),
 IPv4Network('10.36.0.0/16'),
 IPv4Network('10.37.0.0/16'),
 IPv4Network('10.38.0.0/16'),
 IPv4Network('10.39.0.0/16'),
 IPv4Network('10.40.0.0/16'),
 IPv4Network('10.41.0.0/16'),
 IPv4Network('10.42.0.0/16'),
 IPv4Network('10.43.0.0/16'),
 IPv4Network('10.44.0.0/16'),
 IPv4Network('10.45.0.0/16'),
 IPv4Network('10.46.0.0/16'),
 IPv4Network('10.47.0.0/16'),
 IPv4Network('10.48.0.0/16'),
 IPv4Network('10.49.0.0/16'),
 IPv4Network('10.50.0.0/16'),
 IPv4Network('10.51.0.0/16'),
 IPv4Network('10.52.0.0/16'),
 IPv4Network('10.53.0.0/16'),
 IPv4Network('10.54.0.0/16'),
 IPv4Network('10.55.0.0/16'),
 IPv4Network('10.56.0.0/16'),
 IPv4Network('10.57.0.0/16'),
 IPv4Network('10.58.0.0/16'),
 IPv4Network('10.59.0.0/16'),
 IPv4Network('10.60.0.0/16'),
 IPv4Network('10.61.0.0/16'),
 IPv4Network('10.62.0.0/16'),
 IPv4Network('10.63.0.0/16'),
 IPv4Network('10.64.0.0/16'),
 IPv4Network('10.65.0.0/16'),
 IPv4Network('10.66.0.0/16'),
 IPv4Network('10.67.0.0/16'),
 IPv4Network('10.68.0.0/16'),
 IPv4Network('10.69.0.0/16'),
 IPv4Network('10.70.0.0/16'),
 IPv4Network('10.71.0.0/16'),
 IPv4Network('10.72.0.0/16'),
 IPv4Network('10.73.0.0/16'),
 IPv4Network('10.74.0.0/16'),
 IPv4Network('10.75.0.0/16'),
 IPv4Network('10.76.0.0/16'),
 IPv4Network('10.77.0.0/16'),
 IPv4Network('10.78.0.0/16'),
 IPv4Network('10.79.0.0/16'),
 IPv4Network('10.80.0.0/16'),
 IPv4Network('10.81.0.0/16'),
 IPv4Network('10.82.0.0/16'),
 IPv4Network('10.83.0.0/16'),
 IPv4Network('10.84.0.0/16'),
 IPv4Network('10.85.0.0/16'),
 IPv4Network('10.86.0.0/16'),
 IPv4Network('10.87.0.0/16'),
 IPv4Network('10.88.0.0/16'),
 IPv4Network('10.89.0.0/16'),
 IPv4Network('10.90.0.0/16'),
 IPv4Network('10.91.0.0/16'),
 IPv4Network('10.92.0.0/16'),
 IPv4Network('10.93.0.0/16'),
 IPv4Network('10.94.0.0/16'),
 IPv4Network('10.95.0.0/16'),
 IPv4Network('10.96.0.0/16'),
 IPv4Network('10.97.0.0/16'),
 IPv4Network('10.98.0.0/16'),
 IPv4Network('10.99.0.0/16'),
 IPv4Network('10.100.0.0/16'),
 IPv4Network('10.101.0.0/16'),
 IPv4Network('10.102.0.0/16'),
 IPv4Network('10.103.0.0/16'),
 IPv4Network('10.104.0.0/16'),
 IPv4Network('10.105.0.0/16'),
 IPv4Network('10.106.0.0/16'),
 IPv4Network('10.107.0.0/16'),
 IPv4Network('10.108.0.0/16'),
 IPv4Network('10.109.0.0/16'),
 IPv4Network('10.110.0.0/16'),
 IPv4Network('10.111.0.0/16'),
 IPv4Network('10.112.0.0/16'),
 IPv4Network('10.113.0.0/16'),
 IPv4Network('10.114.0.0/16'),
 IPv4Network('10.115.0.0/16'),
 IPv4Network('10.116.0.0/16'),
 IPv4Network('10.117.0.0/16'),
 IPv4Network('10.118.0.0/16'),
 IPv4Network('10.119.0.0/16'),
 IPv4Network('10.120.0.0/16'),
 IPv4Network('10.121.0.0/16'),
 IPv4Network('10.122.0.0/16'),
 IPv4Network('10.123.0.0/16'),
 IPv4Network('10.124.0.0/16'),
 IPv4Network('10.125.0.0/16'),
 IPv4Network('10.126.0.0/16'),
 IPv4Network('10.127.0.0/16'),
 IPv4Network('10.128.0.0/16'),
 IPv4Network('10.129.0.0/16'),
 IPv4Network('10.130.0.0/16'),
 IPv4Network('10.131.0.0/16'),
 IPv4Network('10.132.0.0/16'),
 IPv4Network('10.133.0.0/16'),
 IPv4Network('10.134.0.0/16'),
 IPv4Network('10.135.0.0/16'),
 IPv4Network('10.136.0.0/16'),
 IPv4Network('10.137.0.0/16'),
 IPv4Network('10.138.0.0/16'),
 IPv4Network('10.139.0.0/16'),
 IPv4Network('10.140.0.0/16'),
 IPv4Network('10.141.0.0/16'),
 IPv4Network('10.142.0.0/16'),
 IPv4Network('10.143.0.0/16'),
 IPv4Network('10.144.0.0/16'),
 IPv4Network('10.145.0.0/16'),
 IPv4Network('10.146.0.0/16'),
 IPv4Network('10.147.0.0/16'),
 IPv4Network('10.148.0.0/16'),
 IPv4Network('10.149.0.0/16'),
 IPv4Network('10.150.0.0/16'),
 IPv4Network('10.151.0.0/16'),
 IPv4Network('10.152.0.0/16'),
 IPv4Network('10.153.0.0/16'),
 IPv4Network('10.154.0.0/16'),
 IPv4Network('10.155.0.0/16'),
 IPv4Network('10.156.0.0/16'),
 IPv4Network('10.157.0.0/16'),
 IPv4Network('10.158.0.0/16'),
 IPv4Network('10.159.0.0/16'),
 IPv4Network('10.160.0.0/16'),
 IPv4Network('10.161.0.0/16'),
 IPv4Network('10.162.0.0/16'),
 IPv4Network('10.163.0.0/16'),
 IPv4Network('10.164.0.0/16'),
 IPv4Network('10.165.0.0/16'),
 IPv4Network('10.166.0.0/16'),
 IPv4Network('10.167.0.0/16'),
 IPv4Network('10.168.0.0/16'),
 IPv4Network('10.169.0.0/16'),
 IPv4Network('10.170.0.0/16'),
 IPv4Network('10.171.0.0/16'),
 IPv4Network('10.172.0.0/16'),
 IPv4Network('10.173.0.0/16'),
 IPv4Network('10.174.0.0/16'),
 IPv4Network('10.175.0.0/16'),
 IPv4Network('10.176.0.0/16'),
 IPv4Network('10.177.0.0/16'),
 IPv4Network('10.178.0.0/16'),
 IPv4Network('10.179.0.0/16')]
[IPv4Network('10.0.0.0/8'),
 IPv4Network('129.79.0.0/16'),
 IPv4Network('134.68.0.0/16'),
 IPv4Network('140.182.0.0/16'),
 IPv4Network('149.159.0.0/16'),
 IPv4Network('149.160.0.0/14'),
 IPv4Network('156.56.0.0/16'),
 IPv4Network('172.16.0.0/12'),
 IPv4Network('192.168.0.0/24'),
 IPv6Network('::/128'),
 IPv4Network('10.0.0.0/16'),
 IPv4Network('10.1.0.0/16'),
 IPv4Network('10.2.0.0/16'),
 IPv4Network('10.3.0.0/16'),
 IPv4Network('10.4.0.0/16'),
 IPv4Network('10.5.0.0/16'),
 IPv4Network('10.6.0.0/16'),
 IPv4Network('10.7.0.0/16'),
 IPv4Network('10.8.0.0/16'),
 IPv4Network('10.9.0.0/16'),
 IPv4Network('10.10.0.0/16'),
 IPv4Network('10.11.0.0/16'),
 IPv4Network('10.12.0.0/16'),
 IPv4Network('10.13.0.0/16'),
 IPv4Network('10.14.0.0/16'),
 IPv4Network('10.15.0.0/16'),
 IPv4Network('10.16.0.0/16'),
 IPv4Network('10.17.0.0/16'),
 IPv4Network('10.18.0.0/16'),
 IPv4Network('10.19.0.0/16'),
 IPv4Network('10.20.0.0/16'),
 IPv4Network('10.21.0.0/16'),
 IPv4Network('10.22.0.0/16'),
 IPv4Network('10.23.0.0/16'),
 IPv4Network('10.24.0.0/16'),
 IPv4Network('10.25.0.0/16'),
 IPv4Network('10.26.0.0/16'),
 IPv4Network('10.27.0.0/16'),
 IPv4Network('10.28.0.0/16'),
 IPv4Network('10.29.0.0/16'),
 IPv4Network('10.30.0.0/16'),
 IPv4Network('10.31.0.0/16'),
 IPv4Network('10.32.0.0/16'),
 IPv4Network('10.33.0.0/16'),
 IPv4Network('10.34.0.0/16'),
 IPv4Network('10.35.0.0/16'),
 IPv4Network('10.36.0.0/16'),
 IPv4Network('10.37.0.0/16'),
 IPv4Network('10.38.0.0/16'),
 IPv4Network('10.39.0.0/16'),
 IPv4Network('10.40.0.0/16'),
 IPv4Network('10.41.0.0/16'),
 IPv4Network('10.42.0.0/16'),
 IPv4Network('10.43.0.0/16'),
 IPv4Network('10.44.0.0/16'),
 IPv4Network('10.45.0.0/16'),
 IPv4Network('10.46.0.0/16'),
 IPv4Network('10.47.0.0/16'),
 IPv4Network('10.48.0.0/16'),
 IPv4Network('10.49.0.0/16'),
 IPv4Network('10.50.0.0/16'),
 IPv4Network('10.51.0.0/16'),
 IPv4Network('10.52.0.0/16'),
 IPv4Network('10.53.0.0/16'),
 IPv4Network('10.54.0.0/16'),
 IPv4Network('10.55.0.0/16'),
 IPv4Network('10.56.0.0/16'),
 IPv4Network('10.57.0.0/16'),
 IPv4Network('10.58.0.0/16'),
 IPv4Network('10.59.0.0/16'),
 IPv4Network('10.60.0.0/16'),
 IPv4Network('10.61.0.0/16'),
 IPv4Network('10.62.0.0/16'),
 IPv4Network('10.63.0.0/16'),
 IPv4Network('10.64.0.0/16'),
 IPv4Network('10.65.0.0/16'),
 IPv4Network('10.66.0.0/16'),
 IPv4Network('10.67.0.0/16'),
 IPv4Network('10.68.0.0/16'),
 IPv4Network('10.69.0.0/16'),
 IPv4Network('10.70.0.0/16'),
 IPv4Network('10.71.0.0/16'),
 IPv4Network('10.72.0.0/16'),
 IPv4Network('10.73.0.0/16'),
 IPv4Network('10.74.0.0/16'),
 IPv4Network('10.75.0.0/16'),
 IPv4Network('10.76.0.0/16'),
 IPv4Network('10.77.0.0/16'),
 IPv4Network('10.78.0.0/16'),
 IPv4Network('10.79.0.0/16'),
 IPv4Network('10.80.0.0/16'),
 IPv4Network('10.81.0.0/16'),
 IPv4Network('10.82.0.0/16'),
 IPv4Network('10.83.0.0/16'),
 IPv4Network('10.84.0.0/16'),
 IPv4Network('10.85.0.0/16'),
 IPv4Network('10.86.0.0/16'),
 IPv4Network('10.87.0.0/16'),
 IPv4Network('10.88.0.0/16'),
 IPv4Network('10.89.0.0/16'),
 IPv4Network('10.90.0.0/16'),
 IPv4Network('10.91.0.0/16'),
 IPv4Network('10.92.0.0/16'),
 IPv4Network('10.93.0.0/16'),
 IPv4Network('10.94.0.0/16'),
 IPv4Network('10.95.0.0/16'),
 IPv4Network('10.96.0.0/16'),
 IPv4Network('10.97.0.0/16'),
 IPv4Network('10.98.0.0/16'),
 IPv4Network('10.99.0.0/16'),
 IPv4Network('10.100.0.0/16'),
 IPv4Network('10.101.0.0/16'),
 IPv4Network('10.102.0.0/16'),
 IPv4Network('10.103.0.0/16'),
 IPv4Network('10.104.0.0/16'),
 IPv4Network('10.105.0.0/16'),
 IPv4Network('10.106.0.0/16'),
 IPv4Network('10.107.0.0/16'),
 IPv4Network('10.108.0.0/16'),
 IPv4Network('10.109.0.0/16'),
 IPv4Network('10.110.0.0/16'),
 IPv4Network('10.111.0.0/16'),
 IPv4Network('10.112.0.0/16'),
 IPv4Network('10.113.0.0/16'),
 IPv4Network('10.114.0.0/16'),
 IPv4Network('10.115.0.0/16'),
 IPv4Network('10.116.0.0/16'),
 IPv4Network('10.117.0.0/16'),
 IPv4Network('10.118.0.0/16'),
 IPv4Network('10.119.0.0/16'),
 IPv4Network('10.120.0.0/16'),
 IPv4Network('10.121.0.0/16'),
 IPv4Network('10.122.0.0/16'),
 IPv4Network('10.123.0.0/16'),
 IPv4Network('10.124.0.0/16'),
 IPv4Network('10.125.0.0/16'),
 IPv4Network('10.126.0.0/16'),
 IPv4Network('10.127.0.0/16'),
 IPv4Network('10.128.0.0/16'),
 IPv4Network('10.129.0.0/16'),
 IPv4Network('10.130.0.0/16'),
 IPv4Network('10.131.0.0/16'),
 IPv4Network('10.132.0.0/16'),
 IPv4Network('10.133.0.0/16'),
 IPv4Network('10.134.0.0/16'),
 IPv4Network('10.135.0.0/16'),
 IPv4Network('10.136.0.0/16'),
 IPv4Network('10.137.0.0/16'),
 IPv4Network('10.138.0.0/16'),
 IPv4Network('10.139.0.0/16'),
 IPv4Network('10.140.0.0/16'),
 IPv4Network('10.141.0.0/16'),
 IPv4Network('10.142.0.0/16'),
 IPv4Network('10.143.0.0/16'),
 IPv4Network('10.144.0.0/16'),
 IPv4Network('10.145.0.0/16'),
 IPv4Network('10.146.0.0/16'),
 IPv4Network('10.147.0.0/16'),
 IPv4Network('10.148.0.0/16'),
 IPv4Network('10.149.0.0/16'),
 IPv4Network('10.150.0.0/16'),
 IPv4Network('10.151.0.0/16'),
 IPv4Network('10.152.0.0/16'),
 IPv4Network('10.153.0.0/16'),
 IPv4Network('10.154.0.0/16'),
 IPv4Network('10.155.0.0/16'),
 IPv4Network('10.156.0.0/16'),
 IPv4Network('10.157.0.0/16'),
 IPv4Network('10.158.0.0/16'),
 IPv4Network('10.159.0.0/16'),
 IPv4Network('10.160.0.0/16'),
 IPv4Network('10.161.0.0/16'),
 IPv4Network('10.162.0.0/16'),
 IPv4Network('10.163.0.0/16'),
 IPv4Network('10.164.0.0/16'),
 IPv4Network('10.165.0.0/16'),
 IPv4Network('10.166.0.0/16'),
 IPv4Network('10.167.0.0/16'),
 IPv4Network('10.168.0.0/16'),
 IPv4Network('10.169.0.0/16'),
 IPv4Network('10.170.0.0/16'),
 IPv4Network('10.171.0.0/16'),
 IPv4Network('10.172.0.0/16'),
 IPv4Network('10.173.0.0/16'),
 IPv4Network('10.174.0.0/16'),
 IPv4Network('10.175.0.0/16'),
 IPv4Network('10.176.0.0/16'),
 IPv4Network('10.177.0.0/16'),
 IPv4Network('10.178.0.0/16'),
 IPv4Network('10.179.0.0/16'),
 IPv4Network('10.180.0.0/16'),
 IPv4Network('10.181.0.0/16')]
[IPv4Network('10.0.0.0/8'),
 IPv4Network('129.79.0.0/16'),
 IPv4Network('134.68.0.0/16'),
 IPv4Network('140.182.0.0/16'),
 IPv4Network('149.159.0.0/16'),
 IPv4Network('149.160.0.0/14'),
 IPv4Network('156.56.0.0/16'),
 IPv4Network('172.16.0.0/12'),
 IPv4Network('192.168.0.0/24'),
 IPv6Network('::/128'),
 IPv4Network('10.0.0.0/16'),
 IPv4Network('10.1.0.0/16'),
 IPv4Network('10.2.0.0/16'),
 IPv4Network('10.3.0.0/16'),
 IPv4Network('10.4.0.0/16'),
 IPv4Network('10.5.0.0/16'),
 IPv4Network('10.6.0.0/16'),
 IPv4Network('10.7.0.0/16'),
 IPv4Network('10.8.0.0/16'),
 IPv4Network('10.9.0.0/16'),
 IPv4Network('10.10.0.0/16'),
 IPv4Network('10.11.0.0/16'),
 IPv4Network('10.12.0.0/16'),
 IPv4Network('10.13.0.0/16'),
 IPv4Network('10.14.0.0/16'),
 IPv4Network('10.15.0.0/16'),
 IPv4Network('10.16.0.0/16'),
 IPv4Network('10.17.0.0/16'),
 IPv4Network('10.18.0.0/16'),
 IPv4Network('10.19.0.0/16'),
 IPv4Network('10.20.0.0/16'),
 IPv4Network('10.21.0.0/16'),
 IPv4Network('10.22.0.0/16'),
 IPv4Network('10.23.0.0/16'),
 IPv4Network('10.24.0.0/16'),
 IPv4Network('10.25.0.0/16'),
 IPv4Network('10.26.0.0/16'),
 IPv4Network('10.27.0.0/16'),
 IPv4Network('10.28.0.0/16'),
 IPv4Network('10.29.0.0/16'),
 IPv4Network('10.30.0.0/16'),
 IPv4Network('10.31.0.0/16'),
 IPv4Network('10.32.0.0/16'),
 IPv4Network('10.33.0.0/16'),
 IPv4Network('10.34.0.0/16'),
 IPv4Network('10.35.0.0/16'),
 IPv4Network('10.36.0.0/16'),
 IPv4Network('10.37.0.0/16'),
 IPv4Network('10.38.0.0/16'),
 IPv4Network('10.39.0.0/16'),
 IPv4Network('10.40.0.0/16'),
 IPv4Network('10.41.0.0/16'),
 IPv4Network('10.42.0.0/16'),
 IPv4Network('10.43.0.0/16'),
 IPv4Network('10.44.0.0/16'),
 IPv4Network('10.45.0.0/16'),
 IPv4Network('10.46.0.0/16'),
 IPv4Network('10.47.0.0/16'),
 IPv4Network('10.48.0.0/16'),
 IPv4Network('10.49.0.0/16'),
 IPv4Network('10.50.0.0/16'),
 IPv4Network('10.51.0.0/16'),
 IPv4Network('10.52.0.0/16'),
 IPv4Network('10.53.0.0/16'),
 IPv4Network('10.54.0.0/16'),
 IPv4Network('10.55.0.0/16'),
 IPv4Network('10.56.0.0/16'),
 IPv4Network('10.57.0.0/16'),
 IPv4Network('10.58.0.0/16'),
 IPv4Network('10.59.0.0/16'),
 IPv4Network('10.60.0.0/16'),
 IPv4Network('10.61.0.0/16'),
 IPv4Network('10.62.0.0/16'),
 IPv4Network('10.63.0.0/16'),
 IPv4Network('10.64.0.0/16'),
 IPv4Network('10.65.0.0/16'),
 IPv4Network('10.66.0.0/16'),
 IPv4Network('10.67.0.0/16'),
 IPv4Network('10.68.0.0/16'),
 IPv4Network('10.69.0.0/16'),
 IPv4Network('10.70.0.0/16'),
 IPv4Network('10.71.0.0/16'),
 IPv4Network('10.72.0.0/16'),
 IPv4Network('10.73.0.0/16'),
 IPv4Network('10.74.0.0/16'),
 IPv4Network('10.75.0.0/16'),
 IPv4Network('10.76.0.0/16'),
 IPv4Network('10.77.0.0/16'),
 IPv4Network('10.78.0.0/16'),
 IPv4Network('10.79.0.0/16'),
 IPv4Network('10.80.0.0/16'),
 IPv4Network('10.81.0.0/16'),
 IPv4Network('10.82.0.0/16'),
 IPv4Network('10.83.0.0/16'),
 IPv4Network('10.84.0.0/16'),
 IPv4Network('10.85.0.0/16'),
 IPv4Network('10.86.0.0/16'),
 IPv4Network('10.87.0.0/16'),
 IPv4Network('10.88.0.0/16'),
 IPv4Network('10.89.0.0/16'),
 IPv4Network('10.90.0.0/16'),
 IPv4Network('10.91.0.0/16'),
 IPv4Network('10.92.0.0/16'),
 IPv4Network('10.93.0.0/16'),
 IPv4Network('10.94.0.0/16'),
 IPv4Network('10.95.0.0/16'),
 IPv4Network('10.96.0.0/16'),
 IPv4Network('10.97.0.0/16'),
 IPv4Network('10.98.0.0/16'),
 IPv4Network('10.99.0.0/16'),
 IPv4Network('10.100.0.0/16'),
 IPv4Network('10.101.0.0/16'),
 IPv4Network('10.102.0.0/16'),
 IPv4Network('10.103.0.0/16'),
 IPv4Network('10.104.0.0/16'),
 IPv4Network('10.105.0.0/16'),
 IPv4Network('10.106.0.0/16'),
 IPv4Network('10.107.0.0/16'),
 IPv4Network('10.108.0.0/16'),
 IPv4Network('10.109.0.0/16'),
 IPv4Network('10.110.0.0/16'),
 IPv4Network('10.111.0.0/16'),
 IPv4Network('10.112.0.0/16'),
 IPv4Network('10.113.0.0/16'),
 IPv4Network('10.114.0.0/16'),
 IPv4Network('10.115.0.0/16'),
 IPv4Network('10.116.0.0/16'),
 IPv4Network('10.117.0.0/16'),
 IPv4Network('10.118.0.0/16'),
 IPv4Network('10.119.0.0/16'),
 IPv4Network('10.120.0.0/16'),
 IPv4Network('10.121.0.0/16'),
 IPv4Network('10.122.0.0/16'),
 IPv4Network('10.123.0.0/16'),
 IPv4Network('10.124.0.0/16'),
 IPv4Network('10.125.0.0/16'),
 IPv4Network('10.126.0.0/16'),
 IPv4Network('10.127.0.0/16'),
 IPv4Network('10.128.0.0/16'),
 IPv4Network('10.129.0.0/16'),
 IPv4Network('10.130.0.0/16'),
 IPv4Network('10.131.0.0/16'),
 IPv4Network('10.132.0.0/16'),
 IPv4Network('10.133.0.0/16'),
 IPv4Network('10.134.0.0/16'),
 IPv4Network('10.135.0.0/16'),
 IPv4Network('10.136.0.0/16'),
 IPv4Network('10.137.0.0/16'),
 IPv4Network('10.138.0.0/16'),
 IPv4Network('10.139.0.0/16'),
 IPv4Network('10.140.0.0/16'),
 IPv4Network('10.141.0.0/16'),
 IPv4Network('10.142.0.0/16'),
 IPv4Network('10.143.0.0/16'),
 IPv4Network('10.144.0.0/16'),
 IPv4Network('10.145.0.0/16'),
 IPv4Network('10.146.0.0/16'),
 IPv4Network('10.147.0.0/16'),
 IPv4Network('10.148.0.0/16'),
 IPv4Network('10.149.0.0/16'),
 IPv4Network('10.150.0.0/16'),
 IPv4Network('10.151.0.0/16'),
 IPv4Network('10.152.0.0/16'),
 IPv4Network('10.153.0.0/16'),
 IPv4Network('10.154.0.0/16'),
 IPv4Network('10.155.0.0/16'),
 IPv4Network('10.156.0.0/16'),
 IPv4Network('10.157.0.0/16'),
 IPv4Network('10.158.0.0/16'),
 IPv4Network('10.159.0.0/16'),
 IPv4Network('10.160.0.0/16'),
 IPv4Network('10.161.0.0/16'),
 IPv4Network('10.162.0.0/16'),
 IPv4Network('10.163.0.0/16'),
 IPv4Network('10.164.0.0/16'),
 IPv4Network('10.165.0.0/16'),
 IPv4Network('10.166.0.0/16'),
 IPv4Network('10.167.0.0/16'),
 IPv4Network('10.168.0.0/16'),
 IPv4Network('10.169.0.0/16'),
 IPv4Network('10.170.0.0/16'),
 IPv4Network('10.171.0.0/16'),
 IPv4Network('10.172.0.0/16'),
 IPv4Network('10.173.0.0/16'),
 IPv4Network('10.174.0.0/16'),
 IPv4Network('10.175.0.0/16'),
 IPv4Network('10.176.0.0/16'),
 IPv4Network('10.177.0.0/16'),
 IPv4Network('10.178.0.0/16'),
 IPv4Network('10.179.0.0/16'),
 IPv4Network('10.180.0.0/16'),
 IPv4Network('10.181.0.0/16'),
 IPv4Network('10.182.0.0/16'),
 IPv4Network('10.183.0.0/16')]
[IPv4Network('10.0.0.0/8'),
 IPv4Network('129.79.0.0/16'),
 IPv4Network('134.68.0.0/16'),
 IPv4Network('140.182.0.0/16'),
 IPv4Network('149.159.0.0/16'),
 IPv4Network('149.160.0.0/14'),
 IPv4Network('156.56.0.0/16'),
 IPv4Network('172.16.0.0/12'),
 IPv4Network('192.168.0.0/24'),
 IPv6Network('::/128'),
 IPv4Network('10.0.0.0/16'),
 IPv4Network('10.1.0.0/16'),
 IPv4Network('10.2.0.0/16'),
 IPv4Network('10.3.0.0/16'),
 IPv4Network('10.4.0.0/16'),
 IPv4Network('10.5.0.0/16'),
 IPv4Network('10.6.0.0/16'),
 IPv4Network('10.7.0.0/16'),
 IPv4Network('10.8.0.0/16'),
 IPv4Network('10.9.0.0/16'),
 IPv4Network('10.10.0.0/16'),
 IPv4Network('10.11.0.0/16'),
 IPv4Network('10.12.0.0/16'),
 IPv4Network('10.13.0.0/16'),
 IPv4Network('10.14.0.0/16'),
 IPv4Network('10.15.0.0/16'),
 IPv4Network('10.16.0.0/16'),
 IPv4Network('10.17.0.0/16'),
 IPv4Network('10.18.0.0/16'),
 IPv4Network('10.19.0.0/16'),
 IPv4Network('10.20.0.0/16'),
 IPv4Network('10.21.0.0/16'),
 IPv4Network('10.22.0.0/16'),
 IPv4Network('10.23.0.0/16'),
 IPv4Network('10.24.0.0/16'),
 IPv4Network('10.25.0.0/16'),
 IPv4Network('10.26.0.0/16'),
 IPv4Network('10.27.0.0/16'),
 IPv4Network('10.28.0.0/16'),
 IPv4Network('10.29.0.0/16'),
 IPv4Network('10.30.0.0/16'),
 IPv4Network('10.31.0.0/16'),
 IPv4Network('10.32.0.0/16'),
 IPv4Network('10.33.0.0/16'),
 IPv4Network('10.34.0.0/16'),
 IPv4Network('10.35.0.0/16'),
 IPv4Network('10.36.0.0/16'),
 IPv4Network('10.37.0.0/16'),
 IPv4Network('10.38.0.0/16'),
 IPv4Network('10.39.0.0/16'),
 IPv4Network('10.40.0.0/16'),
 IPv4Network('10.41.0.0/16'),
 IPv4Network('10.42.0.0/16'),
 IPv4Network('10.43.0.0/16'),
 IPv4Network('10.44.0.0/16'),
 IPv4Network('10.45.0.0/16'),
 IPv4Network('10.46.0.0/16'),
 IPv4Network('10.47.0.0/16'),
 IPv4Network('10.48.0.0/16'),
 IPv4Network('10.49.0.0/16'),
 IPv4Network('10.50.0.0/16'),
 IPv4Network('10.51.0.0/16'),
 IPv4Network('10.52.0.0/16'),
 IPv4Network('10.53.0.0/16'),
 IPv4Network('10.54.0.0/16'),
 IPv4Network('10.55.0.0/16'),
 IPv4Network('10.56.0.0/16'),
 IPv4Network('10.57.0.0/16'),
 IPv4Network('10.58.0.0/16'),
 IPv4Network('10.59.0.0/16'),
 IPv4Network('10.60.0.0/16'),
 IPv4Network('10.61.0.0/16'),
 IPv4Network('10.62.0.0/16'),
 IPv4Network('10.63.0.0/16'),
 IPv4Network('10.64.0.0/16'),
 IPv4Network('10.65.0.0/16'),
 IPv4Network('10.66.0.0/16'),
 IPv4Network('10.67.0.0/16'),
 IPv4Network('10.68.0.0/16'),
 IPv4Network('10.69.0.0/16'),
 IPv4Network('10.70.0.0/16'),
 IPv4Network('10.71.0.0/16'),
 IPv4Network('10.72.0.0/16'),
 IPv4Network('10.73.0.0/16'),
 IPv4Network('10.74.0.0/16'),
 IPv4Network('10.75.0.0/16'),
 IPv4Network('10.76.0.0/16'),
 IPv4Network('10.77.0.0/16'),
 IPv4Network('10.78.0.0/16'),
 IPv4Network('10.79.0.0/16'),
 IPv4Network('10.80.0.0/16'),
 IPv4Network('10.81.0.0/16'),
 IPv4Network('10.82.0.0/16'),
 IPv4Network('10.83.0.0/16'),
 IPv4Network('10.84.0.0/16'),
 IPv4Network('10.85.0.0/16'),
 IPv4Network('10.86.0.0/16'),
 IPv4Network('10.87.0.0/16'),
 IPv4Network('10.88.0.0/16'),
 IPv4Network('10.89.0.0/16'),
 IPv4Network('10.90.0.0/16'),
 IPv4Network('10.91.0.0/16'),
 IPv4Network('10.92.0.0/16'),
 IPv4Network('10.93.0.0/16'),
 IPv4Network('10.94.0.0/16'),
 IPv4Network('10.95.0.0/16'),
 IPv4Network('10.96.0.0/16'),
 IPv4Network('10.97.0.0/16'),
 IPv4Network('10.98.0.0/16'),
 IPv4Network('10.99.0.0/16'),
 IPv4Network('10.100.0.0/16'),
 IPv4Network('10.101.0.0/16'),
 IPv4Network('10.102.0.0/16'),
 IPv4Network('10.103.0.0/16'),
 IPv4Network('10.104.0.0/16'),
 IPv4Network('10.105.0.0/16'),
 IPv4Network('10.106.0.0/16'),
 IPv4Network('10.107.0.0/16'),
 IPv4Network('10.108.0.0/16'),
 IPv4Network('10.109.0.0/16'),
 IPv4Network('10.110.0.0/16'),
 IPv4Network('10.111.0.0/16'),
 IPv4Network('10.112.0.0/16'),
 IPv4Network('10.113.0.0/16'),
 IPv4Network('10.114.0.0/16'),
 IPv4Network('10.115.0.0/16'),
 IPv4Network('10.116.0.0/16'),
 IPv4Network('10.117.0.0/16'),
 IPv4Network('10.118.0.0/16'),
 IPv4Network('10.119.0.0/16'),
 IPv4Network('10.120.0.0/16'),
 IPv4Network('10.121.0.0/16'),
 IPv4Network('10.122.0.0/16'),
 IPv4Network('10.123.0.0/16'),
 IPv4Network('10.124.0.0/16'),
 IPv4Network('10.125.0.0/16'),
 IPv4Network('10.126.0.0/16'),
 IPv4Network('10.127.0.0/16'),
 IPv4Network('10.128.0.0/16'),
 IPv4Network('10.129.0.0/16'),
 IPv4Network('10.130.0.0/16'),
 IPv4Network('10.131.0.0/16'),
 IPv4Network('10.132.0.0/16'),
 IPv4Network('10.133.0.0/16'),
 IPv4Network('10.134.0.0/16'),
 IPv4Network('10.135.0.0/16'),
 IPv4Network('10.136.0.0/16'),
 IPv4Network('10.137.0.0/16'),
 IPv4Network('10.138.0.0/16'),
 IPv4Network('10.139.0.0/16'),
 IPv4Network('10.140.0.0/16'),
 IPv4Network('10.141.0.0/16'),
 IPv4Network('10.142.0.0/16'),
 IPv4Network('10.143.0.0/16'),
 IPv4Network('10.144.0.0/16'),
 IPv4Network('10.145.0.0/16'),
 IPv4Network('10.146.0.0/16'),
 IPv4Network('10.147.0.0/16'),
 IPv4Network('10.148.0.0/16'),
 IPv4Network('10.149.0.0/16'),
 IPv4Network('10.150.0.0/16'),
 IPv4Network('10.151.0.0/16'),
 IPv4Network('10.152.0.0/16'),
 IPv4Network('10.153.0.0/16'),
 IPv4Network('10.154.0.0/16'),
 IPv4Network('10.155.0.0/16'),
 IPv4Network('10.156.0.0/16'),
 IPv4Network('10.157.0.0/16'),
 IPv4Network('10.158.0.0/16'),
 IPv4Network('10.159.0.0/16'),
 IPv4Network('10.160.0.0/16'),
 IPv4Network('10.161.0.0/16'),
 IPv4Network('10.162.0.0/16'),
 IPv4Network('10.163.0.0/16'),
 IPv4Network('10.164.0.0/16'),
 IPv4Network('10.165.0.0/16'),
 IPv4Network('10.166.0.0/16'),
 IPv4Network('10.167.0.0/16'),
 IPv4Network('10.168.0.0/16'),
 IPv4Network('10.169.0.0/16'),
 IPv4Network('10.170.0.0/16'),
 IPv4Network('10.171.0.0/16'),
 IPv4Network('10.172.0.0/16'),
 IPv4Network('10.173.0.0/16'),
 IPv4Network('10.174.0.0/16'),
 IPv4Network('10.175.0.0/16'),
 IPv4Network('10.176.0.0/16'),
 IPv4Network('10.177.0.0/16'),
 IPv4Network('10.178.0.0/16'),
 IPv4Network('10.179.0.0/16'),
 IPv4Network('10.180.0.0/16'),
 IPv4Network('10.181.0.0/16'),
 IPv4Network('10.182.0.0/16'),
 IPv4Network('10.183.0.0/16')]
[IPv4Network('10.0.0.0/8'),
 IPv4Network('129.79.0.0/16'),
 IPv4Network('134.68.0.0/16'),
 IPv4Network('140.182.0.0/16'),
 IPv4Network('149.159.0.0/16'),
 IPv4Network('149.160.0.0/14'),
 IPv4Network('156.56.0.0/16'),
 IPv4Network('172.16.0.0/12'),
 IPv4Network('192.168.0.0/24'),
 IPv6Network('::/128'),
 IPv4Network('10.0.0.0/16'),
 IPv4Network('10.1.0.0/16'),
 IPv4Network('10.2.0.0/16'),
 IPv4Network('10.3.0.0/16'),
 IPv4Network('10.4.0.0/16'),
 IPv4Network('10.5.0.0/16'),
 IPv4Network('10.6.0.0/16'),
 IPv4Network('10.7.0.0/16'),
 IPv4Network('10.8.0.0/16'),
 IPv4Network('10.9.0.0/16'),
 IPv4Network('10.10.0.0/16'),
 IPv4Network('10.11.0.0/16'),
 IPv4Network('10.12.0.0/16'),
 IPv4Network('10.13.0.0/16'),
 IPv4Network('10.14.0.0/16'),
 IPv4Network('10.15.0.0/16'),
 IPv4Network('10.16.0.0/16'),
 IPv4Network('10.17.0.0/16'),
 IPv4Network('10.18.0.0/16'),
 IPv4Network('10.19.0.0/16'),
 IPv4Network('10.20.0.0/16'),
 IPv4Network('10.21.0.0/16'),
 IPv4Network('10.22.0.0/16'),
 IPv4Network('10.23.0.0/16'),
 IPv4Network('10.24.0.0/16'),
 IPv4Network('10.25.0.0/16'),
 IPv4Network('10.26.0.0/16'),
 IPv4Network('10.27.0.0/16'),
 IPv4Network('10.28.0.0/16'),
 IPv4Network('10.29.0.0/16'),
 IPv4Network('10.30.0.0/16'),
 IPv4Network('10.31.0.0/16'),
 IPv4Network('10.32.0.0/16'),
 IPv4Network('10.33.0.0/16'),
 IPv4Network('10.34.0.0/16'),
 IPv4Network('10.35.0.0/16'),
 IPv4Network('10.36.0.0/16'),
 IPv4Network('10.37.0.0/16'),
 IPv4Network('10.38.0.0/16'),
 IPv4Network('10.39.0.0/16'),
 IPv4Network('10.40.0.0/16'),
 IPv4Network('10.41.0.0/16'),
 IPv4Network('10.42.0.0/16'),
 IPv4Network('10.43.0.0/16'),
 IPv4Network('10.44.0.0/16'),
 IPv4Network('10.45.0.0/16'),
 IPv4Network('10.46.0.0/16'),
 IPv4Network('10.47.0.0/16'),
 IPv4Network('10.48.0.0/16'),
 IPv4Network('10.49.0.0/16'),
 IPv4Network('10.50.0.0/16'),
 IPv4Network('10.51.0.0/16'),
 IPv4Network('10.52.0.0/16'),
 IPv4Network('10.53.0.0/16'),
 IPv4Network('10.54.0.0/16'),
 IPv4Network('10.55.0.0/16'),
 IPv4Network('10.56.0.0/16'),
 IPv4Network('10.57.0.0/16'),
 IPv4Network('10.58.0.0/16'),
 IPv4Network('10.59.0.0/16'),
 IPv4Network('10.60.0.0/16'),
 IPv4Network('10.61.0.0/16'),
 IPv4Network('10.62.0.0/16'),
 IPv4Network('10.63.0.0/16'),
 IPv4Network('10.64.0.0/16'),
 IPv4Network('10.65.0.0/16'),
 IPv4Network('10.66.0.0/16'),
 IPv4Network('10.67.0.0/16'),
 IPv4Network('10.68.0.0/16'),
 IPv4Network('10.69.0.0/16'),
 IPv4Network('10.70.0.0/16'),
 IPv4Network('10.71.0.0/16'),
 IPv4Network('10.72.0.0/16'),
 IPv4Network('10.73.0.0/16'),
 IPv4Network('10.74.0.0/16'),
 IPv4Network('10.75.0.0/16'),
 IPv4Network('10.76.0.0/16'),
 IPv4Network('10.77.0.0/16'),
 IPv4Network('10.78.0.0/16'),
 IPv4Network('10.79.0.0/16'),
 IPv4Network('10.80.0.0/16'),
 IPv4Network('10.81.0.0/16'),
 IPv4Network('10.82.0.0/16'),
 IPv4Network('10.83.0.0/16'),
 IPv4Network('10.84.0.0/16'),
 IPv4Network('10.85.0.0/16'),
 IPv4Network('10.86.0.0/16'),
 IPv4Network('10.87.0.0/16'),
 IPv4Network('10.88.0.0/16'),
 IPv4Network('10.89.0.0/16'),
 IPv4Network('10.90.0.0/16'),
 IPv4Network('10.91.0.0/16'),
 IPv4Network('10.92.0.0/16'),
 IPv4Network('10.93.0.0/16'),
 IPv4Network('10.94.0.0/16'),
 IPv4Network('10.95.0.0/16'),
 IPv4Network('10.96.0.0/16'),
 IPv4Network('10.97.0.0/16'),
 IPv4Network('10.98.0.0/16'),
 IPv4Network('10.99.0.0/16'),
 IPv4Network('10.100.0.0/16'),
 IPv4Network('10.101.0.0/16'),
 IPv4Network('10.102.0.0/16'),
 IPv4Network('10.103.0.0/16'),
 IPv4Network('10.104.0.0/16'),
 IPv4Network('10.105.0.0/16'),
 IPv4Network('10.106.0.0/16'),
 IPv4Network('10.107.0.0/16'),
 IPv4Network('10.108.0.0/16'),
 IPv4Network('10.109.0.0/16'),
 IPv4Network('10.110.0.0/16'),
 IPv4Network('10.111.0.0/16'),
 IPv4Network('10.112.0.0/16'),
 IPv4Network('10.113.0.0/16'),
 IPv4Network('10.114.0.0/16'),
 IPv4Network('10.115.0.0/16'),
 IPv4Network('10.116.0.0/16'),
 IPv4Network('10.117.0.0/16'),
 IPv4Network('10.118.0.0/16'),
 IPv4Network('10.119.0.0/16'),
 IPv4Network('10.120.0.0/16'),
 IPv4Network('10.121.0.0/16'),
 IPv4Network('10.122.0.0/16'),
 IPv4Network('10.123.0.0/16'),
 IPv4Network('10.124.0.0/16'),
 IPv4Network('10.125.0.0/16'),
 IPv4Network('10.126.0.0/16'),
 IPv4Network('10.127.0.0/16'),
 IPv4Network('10.128.0.0/16'),
 IPv4Network('10.129.0.0/16'),
 IPv4Network('10.130.0.0/16'),
 IPv4Network('10.131.0.0/16'),
 IPv4Network('10.132.0.0/16'),
 IPv4Network('10.133.0.0/16'),
 IPv4Network('10.134.0.0/16'),
 IPv4Network('10.135.0.0/16'),
 IPv4Network('10.136.0.0/16'),
 IPv4Network('10.137.0.0/16'),
 IPv4Network('10.138.0.0/16'),
 IPv4Network('10.139.0.0/16'),
 IPv4Network('10.140.0.0/16'),
 IPv4Network('10.141.0.0/16'),
 IPv4Network('10.142.0.0/16'),
 IPv4Network('10.143.0.0/16'),
 IPv4Network('10.144.0.0/16'),
 IPv4Network('10.145.0.0/16'),
 IPv4Network('10.146.0.0/16'),
 IPv4Network('10.147.0.0/16'),
 IPv4Network('10.148.0.0/16'),
 IPv4Network('10.149.0.0/16'),
 IPv4Network('10.150.0.0/16'),
 IPv4Network('10.151.0.0/16'),
 IPv4Network('10.152.0.0/16'),
 IPv4Network('10.153.0.0/16'),
 IPv4Network('10.154.0.0/16'),
 IPv4Network('10.155.0.0/16'),
 IPv4Network('10.156.0.0/16'),
 IPv4Network('10.157.0.0/16'),
 IPv4Network('10.158.0.0/16'),
 IPv4Network('10.159.0.0/16'),
 IPv4Network('10.160.0.0/16'),
 IPv4Network('10.161.0.0/16'),
 IPv4Network('10.162.0.0/16'),
 IPv4Network('10.163.0.0/16'),
 IPv4Network('10.164.0.0/16'),
 IPv4Network('10.165.0.0/16'),
 IPv4Network('10.166.0.0/16'),
 IPv4Network('10.167.0.0/16'),
 IPv4Network('10.168.0.0/16'),
 IPv4Network('10.169.0.0/16'),
 IPv4Network('10.170.0.0/16'),
 IPv4Network('10.171.0.0/16'),
 IPv4Network('10.172.0.0/16'),
 IPv4Network('10.173.0.0/16'),
 IPv4Network('10.174.0.0/16'),
 IPv4Network('10.175.0.0/16'),
 IPv4Network('10.176.0.0/16'),
 IPv4Network('10.177.0.0/16'),
 IPv4Network('10.178.0.0/16'),
 IPv4Network('10.179.0.0/16'),
 IPv4Network('10.180.0.0/16'),
 IPv4Network('10.181.0.0/16'),
 IPv4Network('10.182.0.0/16'),
 IPv4Network('10.183.0.0/16')]
[IPv4Network('10.0.0.0/8'),
 IPv4Network('129.79.0.0/16'),
 IPv4Network('134.68.0.0/16'),
 IPv4Network('140.182.0.0/16'),
 IPv4Network('149.159.0.0/16'),
 IPv4Network('149.160.0.0/14'),
 IPv4Network('156.56.0.0/16'),
 IPv4Network('172.16.0.0/12'),
 IPv4Network('192.168.0.0/24'),
 IPv6Network('::/128'),
 IPv4Network('10.0.0.0/16'),
 IPv4Network('10.1.0.0/16'),
 IPv4Network('10.2.0.0/16'),
 IPv4Network('10.3.0.0/16'),
 IPv4Network('10.4.0.0/16'),
 IPv4Network('10.5.0.0/16'),
 IPv4Network('10.6.0.0/16'),
 IPv4Network('10.7.0.0/16'),
 IPv4Network('10.8.0.0/16'),
 IPv4Network('10.9.0.0/16'),
 IPv4Network('10.10.0.0/16'),
 IPv4Network('10.11.0.0/16'),
 IPv4Network('10.12.0.0/16'),
 IPv4Network('10.13.0.0/16'),
 IPv4Network('10.14.0.0/16'),
 IPv4Network('10.15.0.0/16'),
 IPv4Network('10.16.0.0/16'),
 IPv4Network('10.17.0.0/16'),
 IPv4Network('10.18.0.0/16'),
 IPv4Network('10.19.0.0/16'),
 IPv4Network('10.20.0.0/16'),
 IPv4Network('10.21.0.0/16'),
 IPv4Network('10.22.0.0/16'),
 IPv4Network('10.23.0.0/16'),
 IPv4Network('10.24.0.0/16'),
 IPv4Network('10.25.0.0/16'),
 IPv4Network('10.26.0.0/16'),
 IPv4Network('10.27.0.0/16'),
 IPv4Network('10.28.0.0/16'),
 IPv4Network('10.29.0.0/16'),
 IPv4Network('10.30.0.0/16'),
 IPv4Network('10.31.0.0/16'),
 IPv4Network('10.32.0.0/16'),
 IPv4Network('10.33.0.0/16'),
 IPv4Network('10.34.0.0/16'),
 IPv4Network('10.35.0.0/16'),
 IPv4Network('10.36.0.0/16'),
 IPv4Network('10.37.0.0/16'),
 IPv4Network('10.38.0.0/16'),
 IPv4Network('10.39.0.0/16'),
 IPv4Network('10.40.0.0/16'),
 IPv4Network('10.41.0.0/16'),
 IPv4Network('10.42.0.0/16'),
 IPv4Network('10.43.0.0/16'),
 IPv4Network('10.44.0.0/16'),
 IPv4Network('10.45.0.0/16'),
 IPv4Network('10.46.0.0/16'),
 IPv4Network('10.47.0.0/16'),
 IPv4Network('10.48.0.0/16'),
 IPv4Network('10.49.0.0/16'),
 IPv4Network('10.50.0.0/16'),
 IPv4Network('10.51.0.0/16'),
 IPv4Network('10.52.0.0/16'),
 IPv4Network('10.53.0.0/16'),
 IPv4Network('10.54.0.0/16'),
 IPv4Network('10.55.0.0/16'),
 IPv4Network('10.56.0.0/16'),
 IPv4Network('10.57.0.0/16'),
 IPv4Network('10.58.0.0/16'),
 IPv4Network('10.59.0.0/16'),
 IPv4Network('10.60.0.0/16'),
 IPv4Network('10.61.0.0/16'),
 IPv4Network('10.62.0.0/16'),
 IPv4Network('10.63.0.0/16'),
 IPv4Network('10.64.0.0/16'),
 IPv4Network('10.65.0.0/16'),
 IPv4Network('10.66.0.0/16'),
 IPv4Network('10.67.0.0/16'),
 IPv4Network('10.68.0.0/16'),
 IPv4Network('10.69.0.0/16'),
 IPv4Network('10.70.0.0/16'),
 IPv4Network('10.71.0.0/16'),
 IPv4Network('10.72.0.0/16'),
 IPv4Network('10.73.0.0/16'),
 IPv4Network('10.74.0.0/16'),
 IPv4Network('10.75.0.0/16'),
 IPv4Network('10.76.0.0/16'),
 IPv4Network('10.77.0.0/16'),
 IPv4Network('10.78.0.0/16'),
 IPv4Network('10.79.0.0/16'),
 IPv4Network('10.80.0.0/16'),
 IPv4Network('10.81.0.0/16'),
 IPv4Network('10.82.0.0/16'),
 IPv4Network('10.83.0.0/16'),
 IPv4Network('10.84.0.0/16'),
 IPv4Network('10.85.0.0/16'),
 IPv4Network('10.86.0.0/16'),
 IPv4Network('10.87.0.0/16'),
 IPv4Network('10.88.0.0/16'),
 IPv4Network('10.89.0.0/16'),
 IPv4Network('10.90.0.0/16'),
 IPv4Network('10.91.0.0/16'),
 IPv4Network('10.92.0.0/16'),
 IPv4Network('10.93.0.0/16'),
 IPv4Network('10.94.0.0/16'),
 IPv4Network('10.95.0.0/16'),
 IPv4Network('10.96.0.0/16'),
 IPv4Network('10.97.0.0/16'),
 IPv4Network('10.98.0.0/16'),
 IPv4Network('10.99.0.0/16'),
 IPv4Network('10.100.0.0/16'),
 IPv4Network('10.101.0.0/16'),
 IPv4Network('10.102.0.0/16'),
 IPv4Network('10.103.0.0/16'),
 IPv4Network('10.104.0.0/16'),
 IPv4Network('10.105.0.0/16'),
 IPv4Network('10.106.0.0/16'),
 IPv4Network('10.107.0.0/16'),
 IPv4Network('10.108.0.0/16'),
 IPv4Network('10.109.0.0/16'),
 IPv4Network('10.110.0.0/16'),
 IPv4Network('10.111.0.0/16'),
 IPv4Network('10.112.0.0/16'),
 IPv4Network('10.113.0.0/16'),
 IPv4Network('10.114.0.0/16'),
 IPv4Network('10.115.0.0/16'),
 IPv4Network('10.116.0.0/16'),
 IPv4Network('10.117.0.0/16'),
 IPv4Network('10.118.0.0/16'),
 IPv4Network('10.119.0.0/16'),
 IPv4Network('10.120.0.0/16'),
 IPv4Network('10.121.0.0/16'),
 IPv4Network('10.122.0.0/16'),
 IPv4Network('10.123.0.0/16'),
 IPv4Network('10.124.0.0/16'),
 IPv4Network('10.125.0.0/16'),
 IPv4Network('10.126.0.0/16'),
 IPv4Network('10.127.0.0/16'),
 IPv4Network('10.128.0.0/16'),
 IPv4Network('10.129.0.0/16'),
 IPv4Network('10.130.0.0/16'),
 IPv4Network('10.131.0.0/16'),
 IPv4Network('10.132.0.0/16'),
 IPv4Network('10.133.0.0/16'),
 IPv4Network('10.134.0.0/16'),
 IPv4Network('10.135.0.0/16'),
 IPv4Network('10.136.0.0/16'),
 IPv4Network('10.137.0.0/16'),
 IPv4Network('10.138.0.0/16'),
 IPv4Network('10.139.0.0/16'),
 IPv4Network('10.140.0.0/16'),
 IPv4Network('10.141.0.0/16'),
 IPv4Network('10.142.0.0/16'),
 IPv4Network('10.143.0.0/16'),
 IPv4Network('10.144.0.0/16'),
 IPv4Network('10.145.0.0/16'),
 IPv4Network('10.146.0.0/16'),
 IPv4Network('10.147.0.0/16'),
 IPv4Network('10.148.0.0/16'),
 IPv4Network('10.149.0.0/16'),
 IPv4Network('10.150.0.0/16'),
 IPv4Network('10.151.0.0/16'),
 IPv4Network('10.152.0.0/16'),
 IPv4Network('10.153.0.0/16'),
 IPv4Network('10.154.0.0/16'),
 IPv4Network('10.155.0.0/16'),
 IPv4Network('10.156.0.0/16'),
 IPv4Network('10.157.0.0/16'),
 IPv4Network('10.158.0.0/16'),
 IPv4Network('10.159.0.0/16'),
 IPv4Network('10.160.0.0/16'),
 IPv4Network('10.161.0.0/16'),
 IPv4Network('10.162.0.0/16'),
 IPv4Network('10.163.0.0/16'),
 IPv4Network('10.164.0.0/16'),
 IPv4Network('10.165.0.0/16'),
 IPv4Network('10.166.0.0/16'),
 IPv4Network('10.167.0.0/16'),
 IPv4Network('10.168.0.0/16'),
 IPv4Network('10.169.0.0/16'),
 IPv4Network('10.170.0.0/16'),
 IPv4Network('10.171.0.0/16'),
 IPv4Network('10.172.0.0/16'),
 IPv4Network('10.173.0.0/16'),
 IPv4Network('10.174.0.0/16'),
 IPv4Network('10.175.0.0/16'),
 IPv4Network('10.176.0.0/16'),
 IPv4Network('10.177.0.0/16'),
 IPv4Network('10.178.0.0/16'),
 IPv4Network('10.179.0.0/16'),
 IPv4Network('10.180.0.0/16'),
 IPv4Network('10.181.0.0/16'),
 IPv4Network('10.182.0.0/16'),
 IPv4Network('10.183.0.0/16'),
 IPv4Network('10.184.0.0/16'),
 IPv4Network('10.185.0.0/16')]
[IPv4Network('10.0.0.0/8'),
 IPv4Network('129.79.0.0/16'),
 IPv4Network('134.68.0.0/16'),
 IPv4Network('140.182.0.0/16'),
 IPv4Network('149.159.0.0/16'),
 IPv4Network('149.160.0.0/14'),
 IPv4Network('156.56.0.0/16'),
 IPv4Network('172.16.0.0/12'),
 IPv4Network('192.168.0.0/24'),
 IPv6Network('::/128'),
 IPv4Network('10.0.0.0/16'),
 IPv4Network('10.1.0.0/16'),
 IPv4Network('10.2.0.0/16'),
 IPv4Network('10.3.0.0/16'),
 IPv4Network('10.4.0.0/16'),
 IPv4Network('10.5.0.0/16'),
 IPv4Network('10.6.0.0/16'),
 IPv4Network('10.7.0.0/16'),
 IPv4Network('10.8.0.0/16'),
 IPv4Network('10.9.0.0/16'),
 IPv4Network('10.10.0.0/16'),
 IPv4Network('10.11.0.0/16'),
 IPv4Network('10.12.0.0/16'),
 IPv4Network('10.13.0.0/16'),
 IPv4Network('10.14.0.0/16'),
 IPv4Network('10.15.0.0/16'),
 IPv4Network('10.16.0.0/16'),
 IPv4Network('10.17.0.0/16'),
 IPv4Network('10.18.0.0/16'),
 IPv4Network('10.19.0.0/16'),
 IPv4Network('10.20.0.0/16'),
 IPv4Network('10.21.0.0/16'),
 IPv4Network('10.22.0.0/16'),
 IPv4Network('10.23.0.0/16'),
 IPv4Network('10.24.0.0/16'),
 IPv4Network('10.25.0.0/16'),
 IPv4Network('10.26.0.0/16'),
 IPv4Network('10.27.0.0/16'),
 IPv4Network('10.28.0.0/16'),
 IPv4Network('10.29.0.0/16'),
 IPv4Network('10.30.0.0/16'),
 IPv4Network('10.31.0.0/16'),
 IPv4Network('10.32.0.0/16'),
 IPv4Network('10.33.0.0/16'),
 IPv4Network('10.34.0.0/16'),
 IPv4Network('10.35.0.0/16'),
 IPv4Network('10.36.0.0/16'),
 IPv4Network('10.37.0.0/16'),
 IPv4Network('10.38.0.0/16'),
 IPv4Network('10.39.0.0/16'),
 IPv4Network('10.40.0.0/16'),
 IPv4Network('10.41.0.0/16'),
 IPv4Network('10.42.0.0/16'),
 IPv4Network('10.43.0.0/16'),
 IPv4Network('10.44.0.0/16'),
 IPv4Network('10.45.0.0/16'),
 IPv4Network('10.46.0.0/16'),
 IPv4Network('10.47.0.0/16'),
 IPv4Network('10.48.0.0/16'),
 IPv4Network('10.49.0.0/16'),
 IPv4Network('10.50.0.0/16'),
 IPv4Network('10.51.0.0/16'),
 IPv4Network('10.52.0.0/16'),
 IPv4Network('10.53.0.0/16'),
 IPv4Network('10.54.0.0/16'),
 IPv4Network('10.55.0.0/16'),
 IPv4Network('10.56.0.0/16'),
 IPv4Network('10.57.0.0/16'),
 IPv4Network('10.58.0.0/16'),
 IPv4Network('10.59.0.0/16'),
 IPv4Network('10.60.0.0/16'),
 IPv4Network('10.61.0.0/16'),
 IPv4Network('10.62.0.0/16'),
 IPv4Network('10.63.0.0/16'),
 IPv4Network('10.64.0.0/16'),
 IPv4Network('10.65.0.0/16'),
 IPv4Network('10.66.0.0/16'),
 IPv4Network('10.67.0.0/16'),
 IPv4Network('10.68.0.0/16'),
 IPv4Network('10.69.0.0/16'),
 IPv4Network('10.70.0.0/16'),
 IPv4Network('10.71.0.0/16'),
 IPv4Network('10.72.0.0/16'),
 IPv4Network('10.73.0.0/16'),
 IPv4Network('10.74.0.0/16'),
 IPv4Network('10.75.0.0/16'),
 IPv4Network('10.76.0.0/16'),
 IPv4Network('10.77.0.0/16'),
 IPv4Network('10.78.0.0/16'),
 IPv4Network('10.79.0.0/16'),
 IPv4Network('10.80.0.0/16'),
 IPv4Network('10.81.0.0/16'),
 IPv4Network('10.82.0.0/16'),
 IPv4Network('10.83.0.0/16'),
 IPv4Network('10.84.0.0/16'),
 IPv4Network('10.85.0.0/16'),
 IPv4Network('10.86.0.0/16'),
 IPv4Network('10.87.0.0/16'),
 IPv4Network('10.88.0.0/16'),
 IPv4Network('10.89.0.0/16'),
 IPv4Network('10.90.0.0/16'),
 IPv4Network('10.91.0.0/16'),
 IPv4Network('10.92.0.0/16'),
 IPv4Network('10.93.0.0/16'),
 IPv4Network('10.94.0.0/16'),
 IPv4Network('10.95.0.0/16'),
 IPv4Network('10.96.0.0/16'),
 IPv4Network('10.97.0.0/16'),
 IPv4Network('10.98.0.0/16'),
 IPv4Network('10.99.0.0/16'),
 IPv4Network('10.100.0.0/16'),
 IPv4Network('10.101.0.0/16'),
 IPv4Network('10.102.0.0/16'),
 IPv4Network('10.103.0.0/16'),
 IPv4Network('10.104.0.0/16'),
 IPv4Network('10.105.0.0/16'),
 IPv4Network('10.106.0.0/16'),
 IPv4Network('10.107.0.0/16'),
 IPv4Network('10.108.0.0/16'),
 IPv4Network('10.109.0.0/16'),
 IPv4Network('10.110.0.0/16'),
 IPv4Network('10.111.0.0/16'),
 IPv4Network('10.112.0.0/16'),
 IPv4Network('10.113.0.0/16'),
 IPv4Network('10.114.0.0/16'),
 IPv4Network('10.115.0.0/16'),
 IPv4Network('10.116.0.0/16'),
 IPv4Network('10.117.0.0/16'),
 IPv4Network('10.118.0.0/16'),
 IPv4Network('10.119.0.0/16'),
 IPv4Network('10.120.0.0/16'),
 IPv4Network('10.121.0.0/16'),
 IPv4Network('10.122.0.0/16'),
 IPv4Network('10.123.0.0/16'),
 IPv4Network('10.124.0.0/16'),
 IPv4Network('10.125.0.0/16'),
 IPv4Network('10.126.0.0/16'),
 IPv4Network('10.127.0.0/16'),
 IPv4Network('10.128.0.0/16'),
 IPv4Network('10.129.0.0/16'),
 IPv4Network('10.130.0.0/16'),
 IPv4Network('10.131.0.0/16'),
 IPv4Network('10.132.0.0/16'),
 IPv4Network('10.133.0.0/16'),
 IPv4Network('10.134.0.0/16'),
 IPv4Network('10.135.0.0/16'),
 IPv4Network('10.136.0.0/16'),
 IPv4Network('10.137.0.0/16'),
 IPv4Network('10.138.0.0/16'),
 IPv4Network('10.139.0.0/16'),
 IPv4Network('10.140.0.0/16'),
 IPv4Network('10.141.0.0/16'),
 IPv4Network('10.142.0.0/16'),
 IPv4Network('10.143.0.0/16'),
 IPv4Network('10.144.0.0/16'),
 IPv4Network('10.145.0.0/16'),
 IPv4Network('10.146.0.0/16'),
 IPv4Network('10.147.0.0/16'),
 IPv4Network('10.148.0.0/16'),
 IPv4Network('10.149.0.0/16'),
 IPv4Network('10.150.0.0/16'),
 IPv4Network('10.151.0.0/16'),
 IPv4Network('10.152.0.0/16'),
 IPv4Network('10.153.0.0/16'),
 IPv4Network('10.154.0.0/16'),
 IPv4Network('10.155.0.0/16'),
 IPv4Network('10.156.0.0/16'),
 IPv4Network('10.157.0.0/16'),
 IPv4Network('10.158.0.0/16'),
 IPv4Network('10.159.0.0/16'),
 IPv4Network('10.160.0.0/16'),
 IPv4Network('10.161.0.0/16'),
 IPv4Network('10.162.0.0/16'),
 IPv4Network('10.163.0.0/16'),
 IPv4Network('10.164.0.0/16'),
 IPv4Network('10.165.0.0/16'),
 IPv4Network('10.166.0.0/16'),
 IPv4Network('10.167.0.0/16'),
 IPv4Network('10.168.0.0/16'),
 IPv4Network('10.169.0.0/16'),
 IPv4Network('10.170.0.0/16'),
 IPv4Network('10.171.0.0/16'),
 IPv4Network('10.172.0.0/16'),
 IPv4Network('10.173.0.0/16'),
 IPv4Network('10.174.0.0/16'),
 IPv4Network('10.175.0.0/16'),
 IPv4Network('10.176.0.0/16'),
 IPv4Network('10.177.0.0/16'),
 IPv4Network('10.178.0.0/16'),
 IPv4Network('10.179.0.0/16'),
 IPv4Network('10.180.0.0/16'),
 IPv4Network('10.181.0.0/16'),
 IPv4Network('10.182.0.0/16'),
 IPv4Network('10.183.0.0/16'),
 IPv4Network('10.184.0.0/16'),
 IPv4Network('10.185.0.0/16'),
 IPv4Network('10.186.0.0/16'),
 IPv4Network('10.187.0.0/16')]
[IPv4Network('10.0.0.0/8'),
 IPv4Network('129.79.0.0/16'),
 IPv4Network('134.68.0.0/16'),
 IPv4Network('140.182.0.0/16'),
 IPv4Network('149.159.0.0/16'),
 IPv4Network('149.160.0.0/14'),
 IPv4Network('156.56.0.0/16'),
 IPv4Network('172.16.0.0/12'),
 IPv4Network('192.168.0.0/24'),
 IPv6Network('::/128'),
 IPv4Network('10.0.0.0/16'),
 IPv4Network('10.1.0.0/16'),
 IPv4Network('10.2.0.0/16'),
 IPv4Network('10.3.0.0/16'),
 IPv4Network('10.4.0.0/16'),
 IPv4Network('10.5.0.0/16'),
 IPv4Network('10.6.0.0/16'),
 IPv4Network('10.7.0.0/16'),
 IPv4Network('10.8.0.0/16'),
 IPv4Network('10.9.0.0/16'),
 IPv4Network('10.10.0.0/16'),
 IPv4Network('10.11.0.0/16'),
 IPv4Network('10.12.0.0/16'),
 IPv4Network('10.13.0.0/16'),
 IPv4Network('10.14.0.0/16'),
 IPv4Network('10.15.0.0/16'),
 IPv4Network('10.16.0.0/16'),
 IPv4Network('10.17.0.0/16'),
 IPv4Network('10.18.0.0/16'),
 IPv4Network('10.19.0.0/16'),
 IPv4Network('10.20.0.0/16'),
 IPv4Network('10.21.0.0/16'),
 IPv4Network('10.22.0.0/16'),
 IPv4Network('10.23.0.0/16'),
 IPv4Network('10.24.0.0/16'),
 IPv4Network('10.25.0.0/16'),
 IPv4Network('10.26.0.0/16'),
 IPv4Network('10.27.0.0/16'),
 IPv4Network('10.28.0.0/16'),
 IPv4Network('10.29.0.0/16'),
 IPv4Network('10.30.0.0/16'),
 IPv4Network('10.31.0.0/16'),
 IPv4Network('10.32.0.0/16'),
 IPv4Network('10.33.0.0/16'),
 IPv4Network('10.34.0.0/16'),
 IPv4Network('10.35.0.0/16'),
 IPv4Network('10.36.0.0/16'),
 IPv4Network('10.37.0.0/16'),
 IPv4Network('10.38.0.0/16'),
 IPv4Network('10.39.0.0/16'),
 IPv4Network('10.40.0.0/16'),
 IPv4Network('10.41.0.0/16'),
 IPv4Network('10.42.0.0/16'),
 IPv4Network('10.43.0.0/16'),
 IPv4Network('10.44.0.0/16'),
 IPv4Network('10.45.0.0/16'),
 IPv4Network('10.46.0.0/16'),
 IPv4Network('10.47.0.0/16'),
 IPv4Network('10.48.0.0/16'),
 IPv4Network('10.49.0.0/16'),
 IPv4Network('10.50.0.0/16'),
 IPv4Network('10.51.0.0/16'),
 IPv4Network('10.52.0.0/16'),
 IPv4Network('10.53.0.0/16'),
 IPv4Network('10.54.0.0/16'),
 IPv4Network('10.55.0.0/16'),
 IPv4Network('10.56.0.0/16'),
 IPv4Network('10.57.0.0/16'),
 IPv4Network('10.58.0.0/16'),
 IPv4Network('10.59.0.0/16'),
 IPv4Network('10.60.0.0/16'),
 IPv4Network('10.61.0.0/16'),
 IPv4Network('10.62.0.0/16'),
 IPv4Network('10.63.0.0/16'),
 IPv4Network('10.64.0.0/16'),
 IPv4Network('10.65.0.0/16'),
 IPv4Network('10.66.0.0/16'),
 IPv4Network('10.67.0.0/16'),
 IPv4Network('10.68.0.0/16'),
 IPv4Network('10.69.0.0/16'),
 IPv4Network('10.70.0.0/16'),
 IPv4Network('10.71.0.0/16'),
 IPv4Network('10.72.0.0/16'),
 IPv4Network('10.73.0.0/16'),
 IPv4Network('10.74.0.0/16'),
 IPv4Network('10.75.0.0/16'),
 IPv4Network('10.76.0.0/16'),
 IPv4Network('10.77.0.0/16'),
 IPv4Network('10.78.0.0/16'),
 IPv4Network('10.79.0.0/16'),
 IPv4Network('10.80.0.0/16'),
 IPv4Network('10.81.0.0/16'),
 IPv4Network('10.82.0.0/16'),
 IPv4Network('10.83.0.0/16'),
 IPv4Network('10.84.0.0/16'),
 IPv4Network('10.85.0.0/16'),
 IPv4Network('10.86.0.0/16'),
 IPv4Network('10.87.0.0/16'),
 IPv4Network('10.88.0.0/16'),
 IPv4Network('10.89.0.0/16'),
 IPv4Network('10.90.0.0/16'),
 IPv4Network('10.91.0.0/16'),
 IPv4Network('10.92.0.0/16'),
 IPv4Network('10.93.0.0/16'),
 IPv4Network('10.94.0.0/16'),
 IPv4Network('10.95.0.0/16'),
 IPv4Network('10.96.0.0/16'),
 IPv4Network('10.97.0.0/16'),
 IPv4Network('10.98.0.0/16'),
 IPv4Network('10.99.0.0/16'),
 IPv4Network('10.100.0.0/16'),
 IPv4Network('10.101.0.0/16'),
 IPv4Network('10.102.0.0/16'),
 IPv4Network('10.103.0.0/16'),
 IPv4Network('10.104.0.0/16'),
 IPv4Network('10.105.0.0/16'),
 IPv4Network('10.106.0.0/16'),
 IPv4Network('10.107.0.0/16'),
 IPv4Network('10.108.0.0/16'),
 IPv4Network('10.109.0.0/16'),
 IPv4Network('10.110.0.0/16'),
 IPv4Network('10.111.0.0/16'),
 IPv4Network('10.112.0.0/16'),
 IPv4Network('10.113.0.0/16'),
 IPv4Network('10.114.0.0/16'),
 IPv4Network('10.115.0.0/16'),
 IPv4Network('10.116.0.0/16'),
 IPv4Network('10.117.0.0/16'),
 IPv4Network('10.118.0.0/16'),
 IPv4Network('10.119.0.0/16'),
 IPv4Network('10.120.0.0/16'),
 IPv4Network('10.121.0.0/16'),
 IPv4Network('10.122.0.0/16'),
 IPv4Network('10.123.0.0/16'),
 IPv4Network('10.124.0.0/16'),
 IPv4Network('10.125.0.0/16'),
 IPv4Network('10.126.0.0/16'),
 IPv4Network('10.127.0.0/16'),
 IPv4Network('10.128.0.0/16'),
 IPv4Network('10.129.0.0/16'),
 IPv4Network('10.130.0.0/16'),
 IPv4Network('10.131.0.0/16'),
 IPv4Network('10.132.0.0/16'),
 IPv4Network('10.133.0.0/16'),
 IPv4Network('10.134.0.0/16'),
 IPv4Network('10.135.0.0/16'),
 IPv4Network('10.136.0.0/16'),
 IPv4Network('10.137.0.0/16'),
 IPv4Network('10.138.0.0/16'),
 IPv4Network('10.139.0.0/16'),
 IPv4Network('10.140.0.0/16'),
 IPv4Network('10.141.0.0/16'),
 IPv4Network('10.142.0.0/16'),
 IPv4Network('10.143.0.0/16'),
 IPv4Network('10.144.0.0/16'),
 IPv4Network('10.145.0.0/16'),
 IPv4Network('10.146.0.0/16'),
 IPv4Network('10.147.0.0/16'),
 IPv4Network('10.148.0.0/16'),
 IPv4Network('10.149.0.0/16'),
 IPv4Network('10.150.0.0/16'),
 IPv4Network('10.151.0.0/16'),
 IPv4Network('10.152.0.0/16'),
 IPv4Network('10.153.0.0/16'),
 IPv4Network('10.154.0.0/16'),
 IPv4Network('10.155.0.0/16'),
 IPv4Network('10.156.0.0/16'),
 IPv4Network('10.157.0.0/16'),
 IPv4Network('10.158.0.0/16'),
 IPv4Network('10.159.0.0/16'),
 IPv4Network('10.160.0.0/16'),
 IPv4Network('10.161.0.0/16'),
 IPv4Network('10.162.0.0/16'),
 IPv4Network('10.163.0.0/16'),
 IPv4Network('10.164.0.0/16'),
 IPv4Network('10.165.0.0/16'),
 IPv4Network('10.166.0.0/16'),
 IPv4Network('10.167.0.0/16'),
 IPv4Network('10.168.0.0/16'),
 IPv4Network('10.169.0.0/16'),
 IPv4Network('10.170.0.0/16'),
 IPv4Network('10.171.0.0/16'),
 IPv4Network('10.172.0.0/16'),
 IPv4Network('10.173.0.0/16'),
 IPv4Network('10.174.0.0/16'),
 IPv4Network('10.175.0.0/16'),
 IPv4Network('10.176.0.0/16'),
 IPv4Network('10.177.0.0/16'),
 IPv4Network('10.178.0.0/16'),
 IPv4Network('10.179.0.0/16'),
 IPv4Network('10.180.0.0/16'),
 IPv4Network('10.181.0.0/16'),
 IPv4Network('10.182.0.0/16'),
 IPv4Network('10.183.0.0/16'),
 IPv4Network('10.184.0.0/16'),
 IPv4Network('10.185.0.0/16'),
 IPv4Network('10.186.0.0/16'),
 IPv4Network('10.187.0.0/16')]
[IPv4Network('10.0.0.0/8'),
 IPv4Network('129.79.0.0/16'),
 IPv4Network('134.68.0.0/16'),
 IPv4Network('140.182.0.0/16'),
 IPv4Network('149.159.0.0/16'),
 IPv4Network('149.160.0.0/14'),
 IPv4Network('156.56.0.0/16'),
 IPv4Network('172.16.0.0/12'),
 IPv4Network('192.168.0.0/24'),
 IPv6Network('::/128'),
 IPv4Network('10.0.0.0/16'),
 IPv4Network('10.1.0.0/16'),
 IPv4Network('10.2.0.0/16'),
 IPv4Network('10.3.0.0/16'),
 IPv4Network('10.4.0.0/16'),
 IPv4Network('10.5.0.0/16'),
 IPv4Network('10.6.0.0/16'),
 IPv4Network('10.7.0.0/16'),
 IPv4Network('10.8.0.0/16'),
 IPv4Network('10.9.0.0/16'),
 IPv4Network('10.10.0.0/16'),
 IPv4Network('10.11.0.0/16'),
 IPv4Network('10.12.0.0/16'),
 IPv4Network('10.13.0.0/16'),
 IPv4Network('10.14.0.0/16'),
 IPv4Network('10.15.0.0/16'),
 IPv4Network('10.16.0.0/16'),
 IPv4Network('10.17.0.0/16'),
 IPv4Network('10.18.0.0/16'),
 IPv4Network('10.19.0.0/16'),
 IPv4Network('10.20.0.0/16'),
 IPv4Network('10.21.0.0/16'),
 IPv4Network('10.22.0.0/16'),
 IPv4Network('10.23.0.0/16'),
 IPv4Network('10.24.0.0/16'),
 IPv4Network('10.25.0.0/16'),
 IPv4Network('10.26.0.0/16'),
 IPv4Network('10.27.0.0/16'),
 IPv4Network('10.28.0.0/16'),
 IPv4Network('10.29.0.0/16'),
 IPv4Network('10.30.0.0/16'),
 IPv4Network('10.31.0.0/16'),
 IPv4Network('10.32.0.0/16'),
 IPv4Network('10.33.0.0/16'),
 IPv4Network('10.34.0.0/16'),
 IPv4Network('10.35.0.0/16'),
 IPv4Network('10.36.0.0/16'),
 IPv4Network('10.37.0.0/16'),
 IPv4Network('10.38.0.0/16'),
 IPv4Network('10.39.0.0/16'),
 IPv4Network('10.40.0.0/16'),
 IPv4Network('10.41.0.0/16'),
 IPv4Network('10.42.0.0/16'),
 IPv4Network('10.43.0.0/16'),
 IPv4Network('10.44.0.0/16'),
 IPv4Network('10.45.0.0/16'),
 IPv4Network('10.46.0.0/16'),
 IPv4Network('10.47.0.0/16'),
 IPv4Network('10.48.0.0/16'),
 IPv4Network('10.49.0.0/16'),
 IPv4Network('10.50.0.0/16'),
 IPv4Network('10.51.0.0/16'),
 IPv4Network('10.52.0.0/16'),
 IPv4Network('10.53.0.0/16'),
 IPv4Network('10.54.0.0/16'),
 IPv4Network('10.55.0.0/16'),
 IPv4Network('10.56.0.0/16'),
 IPv4Network('10.57.0.0/16'),
 IPv4Network('10.58.0.0/16'),
 IPv4Network('10.59.0.0/16'),
 IPv4Network('10.60.0.0/16'),
 IPv4Network('10.61.0.0/16'),
 IPv4Network('10.62.0.0/16'),
 IPv4Network('10.63.0.0/16'),
 IPv4Network('10.64.0.0/16'),
 IPv4Network('10.65.0.0/16'),
 IPv4Network('10.66.0.0/16'),
 IPv4Network('10.67.0.0/16'),
 IPv4Network('10.68.0.0/16'),
 IPv4Network('10.69.0.0/16'),
 IPv4Network('10.70.0.0/16'),
 IPv4Network('10.71.0.0/16'),
 IPv4Network('10.72.0.0/16'),
 IPv4Network('10.73.0.0/16'),
 IPv4Network('10.74.0.0/16'),
 IPv4Network('10.75.0.0/16'),
 IPv4Network('10.76.0.0/16'),
 IPv4Network('10.77.0.0/16'),
 IPv4Network('10.78.0.0/16'),
 IPv4Network('10.79.0.0/16'),
 IPv4Network('10.80.0.0/16'),
 IPv4Network('10.81.0.0/16'),
 IPv4Network('10.82.0.0/16'),
 IPv4Network('10.83.0.0/16'),
 IPv4Network('10.84.0.0/16'),
 IPv4Network('10.85.0.0/16'),
 IPv4Network('10.86.0.0/16'),
 IPv4Network('10.87.0.0/16'),
 IPv4Network('10.88.0.0/16'),
 IPv4Network('10.89.0.0/16'),
 IPv4Network('10.90.0.0/16'),
 IPv4Network('10.91.0.0/16'),
 IPv4Network('10.92.0.0/16'),
 IPv4Network('10.93.0.0/16'),
 IPv4Network('10.94.0.0/16'),
 IPv4Network('10.95.0.0/16'),
 IPv4Network('10.96.0.0/16'),
 IPv4Network('10.97.0.0/16'),
 IPv4Network('10.98.0.0/16'),
 IPv4Network('10.99.0.0/16'),
 IPv4Network('10.100.0.0/16'),
 IPv4Network('10.101.0.0/16'),
 IPv4Network('10.102.0.0/16'),
 IPv4Network('10.103.0.0/16'),
 IPv4Network('10.104.0.0/16'),
 IPv4Network('10.105.0.0/16'),
 IPv4Network('10.106.0.0/16'),
 IPv4Network('10.107.0.0/16'),
 IPv4Network('10.108.0.0/16'),
 IPv4Network('10.109.0.0/16'),
 IPv4Network('10.110.0.0/16'),
 IPv4Network('10.111.0.0/16'),
 IPv4Network('10.112.0.0/16'),
 IPv4Network('10.113.0.0/16'),
 IPv4Network('10.114.0.0/16'),
 IPv4Network('10.115.0.0/16'),
 IPv4Network('10.116.0.0/16'),
 IPv4Network('10.117.0.0/16'),
 IPv4Network('10.118.0.0/16'),
 IPv4Network('10.119.0.0/16'),
 IPv4Network('10.120.0.0/16'),
 IPv4Network('10.121.0.0/16'),
 IPv4Network('10.122.0.0/16'),
 IPv4Network('10.123.0.0/16'),
 IPv4Network('10.124.0.0/16'),
 IPv4Network('10.125.0.0/16'),
 IPv4Network('10.126.0.0/16'),
 IPv4Network('10.127.0.0/16'),
 IPv4Network('10.128.0.0/16'),
 IPv4Network('10.129.0.0/16'),
 IPv4Network('10.130.0.0/16'),
 IPv4Network('10.131.0.0/16'),
 IPv4Network('10.132.0.0/16'),
 IPv4Network('10.133.0.0/16'),
 IPv4Network('10.134.0.0/16'),
 IPv4Network('10.135.0.0/16'),
 IPv4Network('10.136.0.0/16'),
 IPv4Network('10.137.0.0/16'),
 IPv4Network('10.138.0.0/16'),
 IPv4Network('10.139.0.0/16'),
 IPv4Network('10.140.0.0/16'),
 IPv4Network('10.141.0.0/16'),
 IPv4Network('10.142.0.0/16'),
 IPv4Network('10.143.0.0/16'),
 IPv4Network('10.144.0.0/16'),
 IPv4Network('10.145.0.0/16'),
 IPv4Network('10.146.0.0/16'),
 IPv4Network('10.147.0.0/16'),
 IPv4Network('10.148.0.0/16'),
 IPv4Network('10.149.0.0/16'),
 IPv4Network('10.150.0.0/16'),
 IPv4Network('10.151.0.0/16'),
 IPv4Network('10.152.0.0/16'),
 IPv4Network('10.153.0.0/16'),
 IPv4Network('10.154.0.0/16'),
 IPv4Network('10.155.0.0/16'),
 IPv4Network('10.156.0.0/16'),
 IPv4Network('10.157.0.0/16'),
 IPv4Network('10.158.0.0/16'),
 IPv4Network('10.159.0.0/16'),
 IPv4Network('10.160.0.0/16'),
 IPv4Network('10.161.0.0/16'),
 IPv4Network('10.162.0.0/16'),
 IPv4Network('10.163.0.0/16'),
 IPv4Network('10.164.0.0/16'),
 IPv4Network('10.165.0.0/16'),
 IPv4Network('10.166.0.0/16'),
 IPv4Network('10.167.0.0/16'),
 IPv4Network('10.168.0.0/16'),
 IPv4Network('10.169.0.0/16'),
 IPv4Network('10.170.0.0/16'),
 IPv4Network('10.171.0.0/16'),
 IPv4Network('10.172.0.0/16'),
 IPv4Network('10.173.0.0/16'),
 IPv4Network('10.174.0.0/16'),
 IPv4Network('10.175.0.0/16'),
 IPv4Network('10.176.0.0/16'),
 IPv4Network('10.177.0.0/16'),
 IPv4Network('10.178.0.0/16'),
 IPv4Network('10.179.0.0/16'),
 IPv4Network('10.180.0.0/16'),
 IPv4Network('10.181.0.0/16'),
 IPv4Network('10.182.0.0/16'),
 IPv4Network('10.183.0.0/16'),
 IPv4Network('10.184.0.0/16'),
 IPv4Network('10.185.0.0/16'),
 IPv4Network('10.186.0.0/16'),
 IPv4Network('10.187.0.0/16'),
 IPv4Network('10.188.0.0/16'),
 IPv4Network('10.189.0.0/16')]
[IPv4Network('10.0.0.0/8'),
 IPv4Network('129.79.0.0/16'),
 IPv4Network('134.68.0.0/16'),
 IPv4Network('140.182.0.0/16'),
 IPv4Network('149.159.0.0/16'),
 IPv4Network('149.160.0.0/14'),
 IPv4Network('156.56.0.0/16'),
 IPv4Network('172.16.0.0/12'),
 IPv4Network('192.168.0.0/24'),
 IPv6Network('::/128'),
 IPv4Network('10.0.0.0/16'),
 IPv4Network('10.1.0.0/16'),
 IPv4Network('10.2.0.0/16'),
 IPv4Network('10.3.0.0/16'),
 IPv4Network('10.4.0.0/16'),
 IPv4Network('10.5.0.0/16'),
 IPv4Network('10.6.0.0/16'),
 IPv4Network('10.7.0.0/16'),
 IPv4Network('10.8.0.0/16'),
 IPv4Network('10.9.0.0/16'),
 IPv4Network('10.10.0.0/16'),
 IPv4Network('10.11.0.0/16'),
 IPv4Network('10.12.0.0/16'),
 IPv4Network('10.13.0.0/16'),
 IPv4Network('10.14.0.0/16'),
 IPv4Network('10.15.0.0/16'),
 IPv4Network('10.16.0.0/16'),
 IPv4Network('10.17.0.0/16'),
 IPv4Network('10.18.0.0/16'),
 IPv4Network('10.19.0.0/16'),
 IPv4Network('10.20.0.0/16'),
 IPv4Network('10.21.0.0/16'),
 IPv4Network('10.22.0.0/16'),
 IPv4Network('10.23.0.0/16'),
 IPv4Network('10.24.0.0/16'),
 IPv4Network('10.25.0.0/16'),
 IPv4Network('10.26.0.0/16'),
 IPv4Network('10.27.0.0/16'),
 IPv4Network('10.28.0.0/16'),
 IPv4Network('10.29.0.0/16'),
 IPv4Network('10.30.0.0/16'),
 IPv4Network('10.31.0.0/16'),
 IPv4Network('10.32.0.0/16'),
 IPv4Network('10.33.0.0/16'),
 IPv4Network('10.34.0.0/16'),
 IPv4Network('10.35.0.0/16'),
 IPv4Network('10.36.0.0/16'),
 IPv4Network('10.37.0.0/16'),
 IPv4Network('10.38.0.0/16'),
 IPv4Network('10.39.0.0/16'),
 IPv4Network('10.40.0.0/16'),
 IPv4Network('10.41.0.0/16'),
 IPv4Network('10.42.0.0/16'),
 IPv4Network('10.43.0.0/16'),
 IPv4Network('10.44.0.0/16'),
 IPv4Network('10.45.0.0/16'),
 IPv4Network('10.46.0.0/16'),
 IPv4Network('10.47.0.0/16'),
 IPv4Network('10.48.0.0/16'),
 IPv4Network('10.49.0.0/16'),
 IPv4Network('10.50.0.0/16'),
 IPv4Network('10.51.0.0/16'),
 IPv4Network('10.52.0.0/16'),
 IPv4Network('10.53.0.0/16'),
 IPv4Network('10.54.0.0/16'),
 IPv4Network('10.55.0.0/16'),
 IPv4Network('10.56.0.0/16'),
 IPv4Network('10.57.0.0/16'),
 IPv4Network('10.58.0.0/16'),
 IPv4Network('10.59.0.0/16'),
 IPv4Network('10.60.0.0/16'),
 IPv4Network('10.61.0.0/16'),
 IPv4Network('10.62.0.0/16'),
 IPv4Network('10.63.0.0/16'),
 IPv4Network('10.64.0.0/16'),
 IPv4Network('10.65.0.0/16'),
 IPv4Network('10.66.0.0/16'),
 IPv4Network('10.67.0.0/16'),
 IPv4Network('10.68.0.0/16'),
 IPv4Network('10.69.0.0/16'),
 IPv4Network('10.70.0.0/16'),
 IPv4Network('10.71.0.0/16'),
 IPv4Network('10.72.0.0/16'),
 IPv4Network('10.73.0.0/16'),
 IPv4Network('10.74.0.0/16'),
 IPv4Network('10.75.0.0/16'),
 IPv4Network('10.76.0.0/16'),
 IPv4Network('10.77.0.0/16'),
 IPv4Network('10.78.0.0/16'),
 IPv4Network('10.79.0.0/16'),
 IPv4Network('10.80.0.0/16'),
 IPv4Network('10.81.0.0/16'),
 IPv4Network('10.82.0.0/16'),
 IPv4Network('10.83.0.0/16'),
 IPv4Network('10.84.0.0/16'),
 IPv4Network('10.85.0.0/16'),
 IPv4Network('10.86.0.0/16'),
 IPv4Network('10.87.0.0/16'),
 IPv4Network('10.88.0.0/16'),
 IPv4Network('10.89.0.0/16'),
 IPv4Network('10.90.0.0/16'),
 IPv4Network('10.91.0.0/16'),
 IPv4Network('10.92.0.0/16'),
 IPv4Network('10.93.0.0/16'),
 IPv4Network('10.94.0.0/16'),
 IPv4Network('10.95.0.0/16'),
 IPv4Network('10.96.0.0/16'),
 IPv4Network('10.97.0.0/16'),
 IPv4Network('10.98.0.0/16'),
 IPv4Network('10.99.0.0/16'),
 IPv4Network('10.100.0.0/16'),
 IPv4Network('10.101.0.0/16'),
 IPv4Network('10.102.0.0/16'),
 IPv4Network('10.103.0.0/16'),
 IPv4Network('10.104.0.0/16'),
 IPv4Network('10.105.0.0/16'),
 IPv4Network('10.106.0.0/16'),
 IPv4Network('10.107.0.0/16'),
 IPv4Network('10.108.0.0/16'),
 IPv4Network('10.109.0.0/16'),
 IPv4Network('10.110.0.0/16'),
 IPv4Network('10.111.0.0/16'),
 IPv4Network('10.112.0.0/16'),
 IPv4Network('10.113.0.0/16'),
 IPv4Network('10.114.0.0/16'),
 IPv4Network('10.115.0.0/16'),
 IPv4Network('10.116.0.0/16'),
 IPv4Network('10.117.0.0/16'),
 IPv4Network('10.118.0.0/16'),
 IPv4Network('10.119.0.0/16'),
 IPv4Network('10.120.0.0/16'),
 IPv4Network('10.121.0.0/16'),
 IPv4Network('10.122.0.0/16'),
 IPv4Network('10.123.0.0/16'),
 IPv4Network('10.124.0.0/16'),
 IPv4Network('10.125.0.0/16'),
 IPv4Network('10.126.0.0/16'),
 IPv4Network('10.127.0.0/16'),
 IPv4Network('10.128.0.0/16'),
 IPv4Network('10.129.0.0/16'),
 IPv4Network('10.130.0.0/16'),
 IPv4Network('10.131.0.0/16'),
 IPv4Network('10.132.0.0/16'),
 IPv4Network('10.133.0.0/16'),
 IPv4Network('10.134.0.0/16'),
 IPv4Network('10.135.0.0/16'),
 IPv4Network('10.136.0.0/16'),
 IPv4Network('10.137.0.0/16'),
 IPv4Network('10.138.0.0/16'),
 IPv4Network('10.139.0.0/16'),
 IPv4Network('10.140.0.0/16'),
 IPv4Network('10.141.0.0/16'),
 IPv4Network('10.142.0.0/16'),
 IPv4Network('10.143.0.0/16'),
 IPv4Network('10.144.0.0/16'),
 IPv4Network('10.145.0.0/16'),
 IPv4Network('10.146.0.0/16'),
 IPv4Network('10.147.0.0/16'),
 IPv4Network('10.148.0.0/16'),
 IPv4Network('10.149.0.0/16'),
 IPv4Network('10.150.0.0/16'),
 IPv4Network('10.151.0.0/16'),
 IPv4Network('10.152.0.0/16'),
 IPv4Network('10.153.0.0/16'),
 IPv4Network('10.154.0.0/16'),
 IPv4Network('10.155.0.0/16'),
 IPv4Network('10.156.0.0/16'),
 IPv4Network('10.157.0.0/16'),
 IPv4Network('10.158.0.0/16'),
 IPv4Network('10.159.0.0/16'),
 IPv4Network('10.160.0.0/16'),
 IPv4Network('10.161.0.0/16'),
 IPv4Network('10.162.0.0/16'),
 IPv4Network('10.163.0.0/16'),
 IPv4Network('10.164.0.0/16'),
 IPv4Network('10.165.0.0/16'),
 IPv4Network('10.166.0.0/16'),
 IPv4Network('10.167.0.0/16'),
 IPv4Network('10.168.0.0/16'),
 IPv4Network('10.169.0.0/16'),
 IPv4Network('10.170.0.0/16'),
 IPv4Network('10.171.0.0/16'),
 IPv4Network('10.172.0.0/16'),
 IPv4Network('10.173.0.0/16'),
 IPv4Network('10.174.0.0/16'),
 IPv4Network('10.175.0.0/16'),
 IPv4Network('10.176.0.0/16'),
 IPv4Network('10.177.0.0/16'),
 IPv4Network('10.178.0.0/16'),
 IPv4Network('10.179.0.0/16'),
 IPv4Network('10.180.0.0/16'),
 IPv4Network('10.181.0.0/16'),
 IPv4Network('10.182.0.0/16'),
 IPv4Network('10.183.0.0/16'),
 IPv4Network('10.184.0.0/16'),
 IPv4Network('10.185.0.0/16'),
 IPv4Network('10.186.0.0/16'),
 IPv4Network('10.187.0.0/16'),
 IPv4Network('10.188.0.0/16'),
 IPv4Network('10.189.0.0/16'),
 IPv4Network('10.190.0.0/16'),
 IPv4Network('10.191.0.0/16')]
[IPv4Network('10.0.0.0/8'),
 IPv4Network('129.79.0.0/16'),
 IPv4Network('134.68.0.0/16'),
 IPv4Network('140.182.0.0/16'),
 IPv4Network('149.159.0.0/16'),
 IPv4Network('149.160.0.0/14'),
 IPv4Network('156.56.0.0/16'),
 IPv4Network('172.16.0.0/12'),
 IPv4Network('192.168.0.0/24'),
 IPv6Network('::/128'),
 IPv4Network('10.0.0.0/16'),
 IPv4Network('10.1.0.0/16'),
 IPv4Network('10.2.0.0/16'),
 IPv4Network('10.3.0.0/16'),
 IPv4Network('10.4.0.0/16'),
 IPv4Network('10.5.0.0/16'),
 IPv4Network('10.6.0.0/16'),
 IPv4Network('10.7.0.0/16'),
 IPv4Network('10.8.0.0/16'),
 IPv4Network('10.9.0.0/16'),
 IPv4Network('10.10.0.0/16'),
 IPv4Network('10.11.0.0/16'),
 IPv4Network('10.12.0.0/16'),
 IPv4Network('10.13.0.0/16'),
 IPv4Network('10.14.0.0/16'),
 IPv4Network('10.15.0.0/16'),
 IPv4Network('10.16.0.0/16'),
 IPv4Network('10.17.0.0/16'),
 IPv4Network('10.18.0.0/16'),
 IPv4Network('10.19.0.0/16'),
 IPv4Network('10.20.0.0/16'),
 IPv4Network('10.21.0.0/16'),
 IPv4Network('10.22.0.0/16'),
 IPv4Network('10.23.0.0/16'),
 IPv4Network('10.24.0.0/16'),
 IPv4Network('10.25.0.0/16'),
 IPv4Network('10.26.0.0/16'),
 IPv4Network('10.27.0.0/16'),
 IPv4Network('10.28.0.0/16'),
 IPv4Network('10.29.0.0/16'),
 IPv4Network('10.30.0.0/16'),
 IPv4Network('10.31.0.0/16'),
 IPv4Network('10.32.0.0/16'),
 IPv4Network('10.33.0.0/16'),
 IPv4Network('10.34.0.0/16'),
 IPv4Network('10.35.0.0/16'),
 IPv4Network('10.36.0.0/16'),
 IPv4Network('10.37.0.0/16'),
 IPv4Network('10.38.0.0/16'),
 IPv4Network('10.39.0.0/16'),
 IPv4Network('10.40.0.0/16'),
 IPv4Network('10.41.0.0/16'),
 IPv4Network('10.42.0.0/16'),
 IPv4Network('10.43.0.0/16'),
 IPv4Network('10.44.0.0/16'),
 IPv4Network('10.45.0.0/16'),
 IPv4Network('10.46.0.0/16'),
 IPv4Network('10.47.0.0/16'),
 IPv4Network('10.48.0.0/16'),
 IPv4Network('10.49.0.0/16'),
 IPv4Network('10.50.0.0/16'),
 IPv4Network('10.51.0.0/16'),
 IPv4Network('10.52.0.0/16'),
 IPv4Network('10.53.0.0/16'),
 IPv4Network('10.54.0.0/16'),
 IPv4Network('10.55.0.0/16'),
 IPv4Network('10.56.0.0/16'),
 IPv4Network('10.57.0.0/16'),
 IPv4Network('10.58.0.0/16'),
 IPv4Network('10.59.0.0/16'),
 IPv4Network('10.60.0.0/16'),
 IPv4Network('10.61.0.0/16'),
 IPv4Network('10.62.0.0/16'),
 IPv4Network('10.63.0.0/16'),
 IPv4Network('10.64.0.0/16'),
 IPv4Network('10.65.0.0/16'),
 IPv4Network('10.66.0.0/16'),
 IPv4Network('10.67.0.0/16'),
 IPv4Network('10.68.0.0/16'),
 IPv4Network('10.69.0.0/16'),
 IPv4Network('10.70.0.0/16'),
 IPv4Network('10.71.0.0/16'),
 IPv4Network('10.72.0.0/16'),
 IPv4Network('10.73.0.0/16'),
 IPv4Network('10.74.0.0/16'),
 IPv4Network('10.75.0.0/16'),
 IPv4Network('10.76.0.0/16'),
 IPv4Network('10.77.0.0/16'),
 IPv4Network('10.78.0.0/16'),
 IPv4Network('10.79.0.0/16'),
 IPv4Network('10.80.0.0/16'),
 IPv4Network('10.81.0.0/16'),
 IPv4Network('10.82.0.0/16'),
 IPv4Network('10.83.0.0/16'),
 IPv4Network('10.84.0.0/16'),
 IPv4Network('10.85.0.0/16'),
 IPv4Network('10.86.0.0/16'),
 IPv4Network('10.87.0.0/16'),
 IPv4Network('10.88.0.0/16'),
 IPv4Network('10.89.0.0/16'),
 IPv4Network('10.90.0.0/16'),
 IPv4Network('10.91.0.0/16'),
 IPv4Network('10.92.0.0/16'),
 IPv4Network('10.93.0.0/16'),
 IPv4Network('10.94.0.0/16'),
 IPv4Network('10.95.0.0/16'),
 IPv4Network('10.96.0.0/16'),
 IPv4Network('10.97.0.0/16'),
 IPv4Network('10.98.0.0/16'),
 IPv4Network('10.99.0.0/16'),
 IPv4Network('10.100.0.0/16'),
 IPv4Network('10.101.0.0/16'),
 IPv4Network('10.102.0.0/16'),
 IPv4Network('10.103.0.0/16'),
 IPv4Network('10.104.0.0/16'),
 IPv4Network('10.105.0.0/16'),
 IPv4Network('10.106.0.0/16'),
 IPv4Network('10.107.0.0/16'),
 IPv4Network('10.108.0.0/16'),
 IPv4Network('10.109.0.0/16'),
 IPv4Network('10.110.0.0/16'),
 IPv4Network('10.111.0.0/16'),
 IPv4Network('10.112.0.0/16'),
 IPv4Network('10.113.0.0/16'),
 IPv4Network('10.114.0.0/16'),
 IPv4Network('10.115.0.0/16'),
 IPv4Network('10.116.0.0/16'),
 IPv4Network('10.117.0.0/16'),
 IPv4Network('10.118.0.0/16'),
 IPv4Network('10.119.0.0/16'),
 IPv4Network('10.120.0.0/16'),
 IPv4Network('10.121.0.0/16'),
 IPv4Network('10.122.0.0/16'),
 IPv4Network('10.123.0.0/16'),
 IPv4Network('10.124.0.0/16'),
 IPv4Network('10.125.0.0/16'),
 IPv4Network('10.126.0.0/16'),
 IPv4Network('10.127.0.0/16'),
 IPv4Network('10.128.0.0/16'),
 IPv4Network('10.129.0.0/16'),
 IPv4Network('10.130.0.0/16'),
 IPv4Network('10.131.0.0/16'),
 IPv4Network('10.132.0.0/16'),
 IPv4Network('10.133.0.0/16'),
 IPv4Network('10.134.0.0/16'),
 IPv4Network('10.135.0.0/16'),
 IPv4Network('10.136.0.0/16'),
 IPv4Network('10.137.0.0/16'),
 IPv4Network('10.138.0.0/16'),
 IPv4Network('10.139.0.0/16'),
 IPv4Network('10.140.0.0/16'),
 IPv4Network('10.141.0.0/16'),
 IPv4Network('10.142.0.0/16'),
 IPv4Network('10.143.0.0/16'),
 IPv4Network('10.144.0.0/16'),
 IPv4Network('10.145.0.0/16'),
 IPv4Network('10.146.0.0/16'),
 IPv4Network('10.147.0.0/16'),
 IPv4Network('10.148.0.0/16'),
 IPv4Network('10.149.0.0/16'),
 IPv4Network('10.150.0.0/16'),
 IPv4Network('10.151.0.0/16'),
 IPv4Network('10.152.0.0/16'),
 IPv4Network('10.153.0.0/16'),
 IPv4Network('10.154.0.0/16'),
 IPv4Network('10.155.0.0/16'),
 IPv4Network('10.156.0.0/16'),
 IPv4Network('10.157.0.0/16'),
 IPv4Network('10.158.0.0/16'),
 IPv4Network('10.159.0.0/16'),
 IPv4Network('10.160.0.0/16'),
 IPv4Network('10.161.0.0/16'),
 IPv4Network('10.162.0.0/16'),
 IPv4Network('10.163.0.0/16'),
 IPv4Network('10.164.0.0/16'),
 IPv4Network('10.165.0.0/16'),
 IPv4Network('10.166.0.0/16'),
 IPv4Network('10.167.0.0/16'),
 IPv4Network('10.168.0.0/16'),
 IPv4Network('10.169.0.0/16'),
 IPv4Network('10.170.0.0/16'),
 IPv4Network('10.171.0.0/16'),
 IPv4Network('10.172.0.0/16'),
 IPv4Network('10.173.0.0/16'),
 IPv4Network('10.174.0.0/16'),
 IPv4Network('10.175.0.0/16'),
 IPv4Network('10.176.0.0/16'),
 IPv4Network('10.177.0.0/16'),
 IPv4Network('10.178.0.0/16'),
 IPv4Network('10.179.0.0/16'),
 IPv4Network('10.180.0.0/16'),
 IPv4Network('10.181.0.0/16'),
 IPv4Network('10.182.0.0/16'),
 IPv4Network('10.183.0.0/16'),
 IPv4Network('10.184.0.0/16'),
 IPv4Network('10.185.0.0/16'),
 IPv4Network('10.186.0.0/16'),
 IPv4Network('10.187.0.0/16'),
 IPv4Network('10.188.0.0/16'),
 IPv4Network('10.189.0.0/16'),
 IPv4Network('10.190.0.0/16'),
 IPv4Network('10.191.0.0/16')]
[IPv4Network('10.0.0.0/8'),
 IPv4Network('129.79.0.0/16'),
 IPv4Network('134.68.0.0/16'),
 IPv4Network('140.182.0.0/16'),
 IPv4Network('149.159.0.0/16'),
 IPv4Network('149.160.0.0/14'),
 IPv4Network('156.56.0.0/16'),
 IPv4Network('172.16.0.0/12'),
 IPv4Network('192.168.0.0/24'),
 IPv6Network('::/128'),
 IPv4Network('10.0.0.0/16'),
 IPv4Network('10.1.0.0/16'),
 IPv4Network('10.2.0.0/16'),
 IPv4Network('10.3.0.0/16'),
 IPv4Network('10.4.0.0/16'),
 IPv4Network('10.5.0.0/16'),
 IPv4Network('10.6.0.0/16'),
 IPv4Network('10.7.0.0/16'),
 IPv4Network('10.8.0.0/16'),
 IPv4Network('10.9.0.0/16'),
 IPv4Network('10.10.0.0/16'),
 IPv4Network('10.11.0.0/16'),
 IPv4Network('10.12.0.0/16'),
 IPv4Network('10.13.0.0/16'),
 IPv4Network('10.14.0.0/16'),
 IPv4Network('10.15.0.0/16'),
 IPv4Network('10.16.0.0/16'),
 IPv4Network('10.17.0.0/16'),
 IPv4Network('10.18.0.0/16'),
 IPv4Network('10.19.0.0/16'),
 IPv4Network('10.20.0.0/16'),
 IPv4Network('10.21.0.0/16'),
 IPv4Network('10.22.0.0/16'),
 IPv4Network('10.23.0.0/16'),
 IPv4Network('10.24.0.0/16'),
 IPv4Network('10.25.0.0/16'),
 IPv4Network('10.26.0.0/16'),
 IPv4Network('10.27.0.0/16'),
 IPv4Network('10.28.0.0/16'),
 IPv4Network('10.29.0.0/16'),
 IPv4Network('10.30.0.0/16'),
 IPv4Network('10.31.0.0/16'),
 IPv4Network('10.32.0.0/16'),
 IPv4Network('10.33.0.0/16'),
 IPv4Network('10.34.0.0/16'),
 IPv4Network('10.35.0.0/16'),
 IPv4Network('10.36.0.0/16'),
 IPv4Network('10.37.0.0/16'),
 IPv4Network('10.38.0.0/16'),
 IPv4Network('10.39.0.0/16'),
 IPv4Network('10.40.0.0/16'),
 IPv4Network('10.41.0.0/16'),
 IPv4Network('10.42.0.0/16'),
 IPv4Network('10.43.0.0/16'),
 IPv4Network('10.44.0.0/16'),
 IPv4Network('10.45.0.0/16'),
 IPv4Network('10.46.0.0/16'),
 IPv4Network('10.47.0.0/16'),
 IPv4Network('10.48.0.0/16'),
 IPv4Network('10.49.0.0/16'),
 IPv4Network('10.50.0.0/16'),
 IPv4Network('10.51.0.0/16'),
 IPv4Network('10.52.0.0/16'),
 IPv4Network('10.53.0.0/16'),
 IPv4Network('10.54.0.0/16'),
 IPv4Network('10.55.0.0/16'),
 IPv4Network('10.56.0.0/16'),
 IPv4Network('10.57.0.0/16'),
 IPv4Network('10.58.0.0/16'),
 IPv4Network('10.59.0.0/16'),
 IPv4Network('10.60.0.0/16'),
 IPv4Network('10.61.0.0/16'),
 IPv4Network('10.62.0.0/16'),
 IPv4Network('10.63.0.0/16'),
 IPv4Network('10.64.0.0/16'),
 IPv4Network('10.65.0.0/16'),
 IPv4Network('10.66.0.0/16'),
 IPv4Network('10.67.0.0/16'),
 IPv4Network('10.68.0.0/16'),
 IPv4Network('10.69.0.0/16'),
 IPv4Network('10.70.0.0/16'),
 IPv4Network('10.71.0.0/16'),
 IPv4Network('10.72.0.0/16'),
 IPv4Network('10.73.0.0/16'),
 IPv4Network('10.74.0.0/16'),
 IPv4Network('10.75.0.0/16'),
 IPv4Network('10.76.0.0/16'),
 IPv4Network('10.77.0.0/16'),
 IPv4Network('10.78.0.0/16'),
 IPv4Network('10.79.0.0/16'),
 IPv4Network('10.80.0.0/16'),
 IPv4Network('10.81.0.0/16'),
 IPv4Network('10.82.0.0/16'),
 IPv4Network('10.83.0.0/16'),
 IPv4Network('10.84.0.0/16'),
 IPv4Network('10.85.0.0/16'),
 IPv4Network('10.86.0.0/16'),
 IPv4Network('10.87.0.0/16'),
 IPv4Network('10.88.0.0/16'),
 IPv4Network('10.89.0.0/16'),
 IPv4Network('10.90.0.0/16'),
 IPv4Network('10.91.0.0/16'),
 IPv4Network('10.92.0.0/16'),
 IPv4Network('10.93.0.0/16'),
 IPv4Network('10.94.0.0/16'),
 IPv4Network('10.95.0.0/16'),
 IPv4Network('10.96.0.0/16'),
 IPv4Network('10.97.0.0/16'),
 IPv4Network('10.98.0.0/16'),
 IPv4Network('10.99.0.0/16'),
 IPv4Network('10.100.0.0/16'),
 IPv4Network('10.101.0.0/16'),
 IPv4Network('10.102.0.0/16'),
 IPv4Network('10.103.0.0/16'),
 IPv4Network('10.104.0.0/16'),
 IPv4Network('10.105.0.0/16'),
 IPv4Network('10.106.0.0/16'),
 IPv4Network('10.107.0.0/16'),
 IPv4Network('10.108.0.0/16'),
 IPv4Network('10.109.0.0/16'),
 IPv4Network('10.110.0.0/16'),
 IPv4Network('10.111.0.0/16'),
 IPv4Network('10.112.0.0/16'),
 IPv4Network('10.113.0.0/16'),
 IPv4Network('10.114.0.0/16'),
 IPv4Network('10.115.0.0/16'),
 IPv4Network('10.116.0.0/16'),
 IPv4Network('10.117.0.0/16'),
 IPv4Network('10.118.0.0/16'),
 IPv4Network('10.119.0.0/16'),
 IPv4Network('10.120.0.0/16'),
 IPv4Network('10.121.0.0/16'),
 IPv4Network('10.122.0.0/16'),
 IPv4Network('10.123.0.0/16'),
 IPv4Network('10.124.0.0/16'),
 IPv4Network('10.125.0.0/16'),
 IPv4Network('10.126.0.0/16'),
 IPv4Network('10.127.0.0/16'),
 IPv4Network('10.128.0.0/16'),
 IPv4Network('10.129.0.0/16'),
 IPv4Network('10.130.0.0/16'),
 IPv4Network('10.131.0.0/16'),
 IPv4Network('10.132.0.0/16'),
 IPv4Network('10.133.0.0/16'),
 IPv4Network('10.134.0.0/16'),
 IPv4Network('10.135.0.0/16'),
 IPv4Network('10.136.0.0/16'),
 IPv4Network('10.137.0.0/16'),
 IPv4Network('10.138.0.0/16'),
 IPv4Network('10.139.0.0/16'),
 IPv4Network('10.140.0.0/16'),
 IPv4Network('10.141.0.0/16'),
 IPv4Network('10.142.0.0/16'),
 IPv4Network('10.143.0.0/16'),
 IPv4Network('10.144.0.0/16'),
 IPv4Network('10.145.0.0/16'),
 IPv4Network('10.146.0.0/16'),
 IPv4Network('10.147.0.0/16'),
 IPv4Network('10.148.0.0/16'),
 IPv4Network('10.149.0.0/16'),
 IPv4Network('10.150.0.0/16'),
 IPv4Network('10.151.0.0/16'),
 IPv4Network('10.152.0.0/16'),
 IPv4Network('10.153.0.0/16'),
 IPv4Network('10.154.0.0/16'),
 IPv4Network('10.155.0.0/16'),
 IPv4Network('10.156.0.0/16'),
 IPv4Network('10.157.0.0/16'),
 IPv4Network('10.158.0.0/16'),
 IPv4Network('10.159.0.0/16'),
 IPv4Network('10.160.0.0/16'),
 IPv4Network('10.161.0.0/16'),
 IPv4Network('10.162.0.0/16'),
 IPv4Network('10.163.0.0/16'),
 IPv4Network('10.164.0.0/16'),
 IPv4Network('10.165.0.0/16'),
 IPv4Network('10.166.0.0/16'),
 IPv4Network('10.167.0.0/16'),
 IPv4Network('10.168.0.0/16'),
 IPv4Network('10.169.0.0/16'),
 IPv4Network('10.170.0.0/16'),
 IPv4Network('10.171.0.0/16'),
 IPv4Network('10.172.0.0/16'),
 IPv4Network('10.173.0.0/16'),
 IPv4Network('10.174.0.0/16'),
 IPv4Network('10.175.0.0/16'),
 IPv4Network('10.176.0.0/16'),
 IPv4Network('10.177.0.0/16'),
 IPv4Network('10.178.0.0/16'),
 IPv4Network('10.179.0.0/16'),
 IPv4Network('10.180.0.0/16'),
 IPv4Network('10.181.0.0/16'),
 IPv4Network('10.182.0.0/16'),
 IPv4Network('10.183.0.0/16'),
 IPv4Network('10.184.0.0/16'),
 IPv4Network('10.185.0.0/16'),
 IPv4Network('10.186.0.0/16'),
 IPv4Network('10.187.0.0/16'),
 IPv4Network('10.188.0.0/16'),
 IPv4Network('10.189.0.0/16'),
 IPv4Network('10.190.0.0/16'),
 IPv4Network('10.191.0.0/16')]
[IPv4Network('10.0.0.0/8'),
 IPv4Network('129.79.0.0/16'),
 IPv4Network('134.68.0.0/16'),
 IPv4Network('140.182.0.0/16'),
 IPv4Network('149.159.0.0/16'),
 IPv4Network('149.160.0.0/14'),
 IPv4Network('156.56.0.0/16'),
 IPv4Network('172.16.0.0/12'),
 IPv4Network('192.168.0.0/24'),
 IPv6Network('::/128'),
 IPv4Network('10.0.0.0/16'),
 IPv4Network('10.1.0.0/16'),
 IPv4Network('10.2.0.0/16'),
 IPv4Network('10.3.0.0/16'),
 IPv4Network('10.4.0.0/16'),
 IPv4Network('10.5.0.0/16'),
 IPv4Network('10.6.0.0/16'),
 IPv4Network('10.7.0.0/16'),
 IPv4Network('10.8.0.0/16'),
 IPv4Network('10.9.0.0/16'),
 IPv4Network('10.10.0.0/16'),
 IPv4Network('10.11.0.0/16'),
 IPv4Network('10.12.0.0/16'),
 IPv4Network('10.13.0.0/16'),
 IPv4Network('10.14.0.0/16'),
 IPv4Network('10.15.0.0/16'),
 IPv4Network('10.16.0.0/16'),
 IPv4Network('10.17.0.0/16'),
 IPv4Network('10.18.0.0/16'),
 IPv4Network('10.19.0.0/16'),
 IPv4Network('10.20.0.0/16'),
 IPv4Network('10.21.0.0/16'),
 IPv4Network('10.22.0.0/16'),
 IPv4Network('10.23.0.0/16'),
 IPv4Network('10.24.0.0/16'),
 IPv4Network('10.25.0.0/16'),
 IPv4Network('10.26.0.0/16'),
 IPv4Network('10.27.0.0/16'),
 IPv4Network('10.28.0.0/16'),
 IPv4Network('10.29.0.0/16'),
 IPv4Network('10.30.0.0/16'),
 IPv4Network('10.31.0.0/16'),
 IPv4Network('10.32.0.0/16'),
 IPv4Network('10.33.0.0/16'),
 IPv4Network('10.34.0.0/16'),
 IPv4Network('10.35.0.0/16'),
 IPv4Network('10.36.0.0/16'),
 IPv4Network('10.37.0.0/16'),
 IPv4Network('10.38.0.0/16'),
 IPv4Network('10.39.0.0/16'),
 IPv4Network('10.40.0.0/16'),
 IPv4Network('10.41.0.0/16'),
 IPv4Network('10.42.0.0/16'),
 IPv4Network('10.43.0.0/16'),
 IPv4Network('10.44.0.0/16'),
 IPv4Network('10.45.0.0/16'),
 IPv4Network('10.46.0.0/16'),
 IPv4Network('10.47.0.0/16'),
 IPv4Network('10.48.0.0/16'),
 IPv4Network('10.49.0.0/16'),
 IPv4Network('10.50.0.0/16'),
 IPv4Network('10.51.0.0/16'),
 IPv4Network('10.52.0.0/16'),
 IPv4Network('10.53.0.0/16'),
 IPv4Network('10.54.0.0/16'),
 IPv4Network('10.55.0.0/16'),
 IPv4Network('10.56.0.0/16'),
 IPv4Network('10.57.0.0/16'),
 IPv4Network('10.58.0.0/16'),
 IPv4Network('10.59.0.0/16'),
 IPv4Network('10.60.0.0/16'),
 IPv4Network('10.61.0.0/16'),
 IPv4Network('10.62.0.0/16'),
 IPv4Network('10.63.0.0/16'),
 IPv4Network('10.64.0.0/16'),
 IPv4Network('10.65.0.0/16'),
 IPv4Network('10.66.0.0/16'),
 IPv4Network('10.67.0.0/16'),
 IPv4Network('10.68.0.0/16'),
 IPv4Network('10.69.0.0/16'),
 IPv4Network('10.70.0.0/16'),
 IPv4Network('10.71.0.0/16'),
 IPv4Network('10.72.0.0/16'),
 IPv4Network('10.73.0.0/16'),
 IPv4Network('10.74.0.0/16'),
 IPv4Network('10.75.0.0/16'),
 IPv4Network('10.76.0.0/16'),
 IPv4Network('10.77.0.0/16'),
 IPv4Network('10.78.0.0/16'),
 IPv4Network('10.79.0.0/16'),
 IPv4Network('10.80.0.0/16'),
 IPv4Network('10.81.0.0/16'),
 IPv4Network('10.82.0.0/16'),
 IPv4Network('10.83.0.0/16'),
 IPv4Network('10.84.0.0/16'),
 IPv4Network('10.85.0.0/16'),
 IPv4Network('10.86.0.0/16'),
 IPv4Network('10.87.0.0/16'),
 IPv4Network('10.88.0.0/16'),
 IPv4Network('10.89.0.0/16'),
 IPv4Network('10.90.0.0/16'),
 IPv4Network('10.91.0.0/16'),
 IPv4Network('10.92.0.0/16'),
 IPv4Network('10.93.0.0/16'),
 IPv4Network('10.94.0.0/16'),
 IPv4Network('10.95.0.0/16'),
 IPv4Network('10.96.0.0/16'),
 IPv4Network('10.97.0.0/16'),
 IPv4Network('10.98.0.0/16'),
 IPv4Network('10.99.0.0/16'),
 IPv4Network('10.100.0.0/16'),
 IPv4Network('10.101.0.0/16'),
 IPv4Network('10.102.0.0/16'),
 IPv4Network('10.103.0.0/16'),
 IPv4Network('10.104.0.0/16'),
 IPv4Network('10.105.0.0/16'),
 IPv4Network('10.106.0.0/16'),
 IPv4Network('10.107.0.0/16'),
 IPv4Network('10.108.0.0/16'),
 IPv4Network('10.109.0.0/16'),
 IPv4Network('10.110.0.0/16'),
 IPv4Network('10.111.0.0/16'),
 IPv4Network('10.112.0.0/16'),
 IPv4Network('10.113.0.0/16'),
 IPv4Network('10.114.0.0/16'),
 IPv4Network('10.115.0.0/16'),
 IPv4Network('10.116.0.0/16'),
 IPv4Network('10.117.0.0/16'),
 IPv4Network('10.118.0.0/16'),
 IPv4Network('10.119.0.0/16'),
 IPv4Network('10.120.0.0/16'),
 IPv4Network('10.121.0.0/16'),
 IPv4Network('10.122.0.0/16'),
 IPv4Network('10.123.0.0/16'),
 IPv4Network('10.124.0.0/16'),
 IPv4Network('10.125.0.0/16'),
 IPv4Network('10.126.0.0/16'),
 IPv4Network('10.127.0.0/16'),
 IPv4Network('10.128.0.0/16'),
 IPv4Network('10.129.0.0/16'),
 IPv4Network('10.130.0.0/16'),
 IPv4Network('10.131.0.0/16'),
 IPv4Network('10.132.0.0/16'),
 IPv4Network('10.133.0.0/16'),
 IPv4Network('10.134.0.0/16'),
 IPv4Network('10.135.0.0/16'),
 IPv4Network('10.136.0.0/16'),
 IPv4Network('10.137.0.0/16'),
 IPv4Network('10.138.0.0/16'),
 IPv4Network('10.139.0.0/16'),
 IPv4Network('10.140.0.0/16'),
 IPv4Network('10.141.0.0/16'),
 IPv4Network('10.142.0.0/16'),
 IPv4Network('10.143.0.0/16'),
 IPv4Network('10.144.0.0/16'),
 IPv4Network('10.145.0.0/16'),
 IPv4Network('10.146.0.0/16'),
 IPv4Network('10.147.0.0/16'),
 IPv4Network('10.148.0.0/16'),
 IPv4Network('10.149.0.0/16'),
 IPv4Network('10.150.0.0/16'),
 IPv4Network('10.151.0.0/16'),
 IPv4Network('10.152.0.0/16'),
 IPv4Network('10.153.0.0/16'),
 IPv4Network('10.154.0.0/16'),
 IPv4Network('10.155.0.0/16'),
 IPv4Network('10.156.0.0/16'),
 IPv4Network('10.157.0.0/16'),
 IPv4Network('10.158.0.0/16'),
 IPv4Network('10.159.0.0/16'),
 IPv4Network('10.160.0.0/16'),
 IPv4Network('10.161.0.0/16'),
 IPv4Network('10.162.0.0/16'),
 IPv4Network('10.163.0.0/16'),
 IPv4Network('10.164.0.0/16'),
 IPv4Network('10.165.0.0/16'),
 IPv4Network('10.166.0.0/16'),
 IPv4Network('10.167.0.0/16'),
 IPv4Network('10.168.0.0/16'),
 IPv4Network('10.169.0.0/16'),
 IPv4Network('10.170.0.0/16'),
 IPv4Network('10.171.0.0/16'),
 IPv4Network('10.172.0.0/16'),
 IPv4Network('10.173.0.0/16'),
 IPv4Network('10.174.0.0/16'),
 IPv4Network('10.175.0.0/16'),
 IPv4Network('10.176.0.0/16'),
 IPv4Network('10.177.0.0/16'),
 IPv4Network('10.178.0.0/16'),
 IPv4Network('10.179.0.0/16'),
 IPv4Network('10.180.0.0/16'),
 IPv4Network('10.181.0.0/16'),
 IPv4Network('10.182.0.0/16'),
 IPv4Network('10.183.0.0/16'),
 IPv4Network('10.184.0.0/16'),
 IPv4Network('10.185.0.0/16'),
 IPv4Network('10.186.0.0/16'),
 IPv4Network('10.187.0.0/16'),
 IPv4Network('10.188.0.0/16'),
 IPv4Network('10.189.0.0/16'),
 IPv4Network('10.190.0.0/16'),
 IPv4Network('10.191.0.0/16')]
[IPv4Network('10.0.0.0/8'),
 IPv4Network('129.79.0.0/16'),
 IPv4Network('134.68.0.0/16'),
 IPv4Network('140.182.0.0/16'),
 IPv4Network('149.159.0.0/16'),
 IPv4Network('149.160.0.0/14'),
 IPv4Network('156.56.0.0/16'),
 IPv4Network('172.16.0.0/12'),
 IPv4Network('192.168.0.0/24'),
 IPv6Network('::/128'),
 IPv4Network('10.0.0.0/16'),
 IPv4Network('10.1.0.0/16'),
 IPv4Network('10.2.0.0/16'),
 IPv4Network('10.3.0.0/16'),
 IPv4Network('10.4.0.0/16'),
 IPv4Network('10.5.0.0/16'),
 IPv4Network('10.6.0.0/16'),
 IPv4Network('10.7.0.0/16'),
 IPv4Network('10.8.0.0/16'),
 IPv4Network('10.9.0.0/16'),
 IPv4Network('10.10.0.0/16'),
 IPv4Network('10.11.0.0/16'),
 IPv4Network('10.12.0.0/16'),
 IPv4Network('10.13.0.0/16'),
 IPv4Network('10.14.0.0/16'),
 IPv4Network('10.15.0.0/16'),
 IPv4Network('10.16.0.0/16'),
 IPv4Network('10.17.0.0/16'),
 IPv4Network('10.18.0.0/16'),
 IPv4Network('10.19.0.0/16'),
 IPv4Network('10.20.0.0/16'),
 IPv4Network('10.21.0.0/16'),
 IPv4Network('10.22.0.0/16'),
 IPv4Network('10.23.0.0/16'),
 IPv4Network('10.24.0.0/16'),
 IPv4Network('10.25.0.0/16'),
 IPv4Network('10.26.0.0/16'),
 IPv4Network('10.27.0.0/16'),
 IPv4Network('10.28.0.0/16'),
 IPv4Network('10.29.0.0/16'),
 IPv4Network('10.30.0.0/16'),
 IPv4Network('10.31.0.0/16'),
 IPv4Network('10.32.0.0/16'),
 IPv4Network('10.33.0.0/16'),
 IPv4Network('10.34.0.0/16'),
 IPv4Network('10.35.0.0/16'),
 IPv4Network('10.36.0.0/16'),
 IPv4Network('10.37.0.0/16'),
 IPv4Network('10.38.0.0/16'),
 IPv4Network('10.39.0.0/16'),
 IPv4Network('10.40.0.0/16'),
 IPv4Network('10.41.0.0/16'),
 IPv4Network('10.42.0.0/16'),
 IPv4Network('10.43.0.0/16'),
 IPv4Network('10.44.0.0/16'),
 IPv4Network('10.45.0.0/16'),
 IPv4Network('10.46.0.0/16'),
 IPv4Network('10.47.0.0/16'),
 IPv4Network('10.48.0.0/16'),
 IPv4Network('10.49.0.0/16'),
 IPv4Network('10.50.0.0/16'),
 IPv4Network('10.51.0.0/16'),
 IPv4Network('10.52.0.0/16'),
 IPv4Network('10.53.0.0/16'),
 IPv4Network('10.54.0.0/16'),
 IPv4Network('10.55.0.0/16'),
 IPv4Network('10.56.0.0/16'),
 IPv4Network('10.57.0.0/16'),
 IPv4Network('10.58.0.0/16'),
 IPv4Network('10.59.0.0/16'),
 IPv4Network('10.60.0.0/16'),
 IPv4Network('10.61.0.0/16'),
 IPv4Network('10.62.0.0/16'),
 IPv4Network('10.63.0.0/16'),
 IPv4Network('10.64.0.0/16'),
 IPv4Network('10.65.0.0/16'),
 IPv4Network('10.66.0.0/16'),
 IPv4Network('10.67.0.0/16'),
 IPv4Network('10.68.0.0/16'),
 IPv4Network('10.69.0.0/16'),
 IPv4Network('10.70.0.0/16'),
 IPv4Network('10.71.0.0/16'),
 IPv4Network('10.72.0.0/16'),
 IPv4Network('10.73.0.0/16'),
 IPv4Network('10.74.0.0/16'),
 IPv4Network('10.75.0.0/16'),
 IPv4Network('10.76.0.0/16'),
 IPv4Network('10.77.0.0/16'),
 IPv4Network('10.78.0.0/16'),
 IPv4Network('10.79.0.0/16'),
 IPv4Network('10.80.0.0/16'),
 IPv4Network('10.81.0.0/16'),
 IPv4Network('10.82.0.0/16'),
 IPv4Network('10.83.0.0/16'),
 IPv4Network('10.84.0.0/16'),
 IPv4Network('10.85.0.0/16'),
 IPv4Network('10.86.0.0/16'),
 IPv4Network('10.87.0.0/16'),
 IPv4Network('10.88.0.0/16'),
 IPv4Network('10.89.0.0/16'),
 IPv4Network('10.90.0.0/16'),
 IPv4Network('10.91.0.0/16'),
 IPv4Network('10.92.0.0/16'),
 IPv4Network('10.93.0.0/16'),
 IPv4Network('10.94.0.0/16'),
 IPv4Network('10.95.0.0/16'),
 IPv4Network('10.96.0.0/16'),
 IPv4Network('10.97.0.0/16'),
 IPv4Network('10.98.0.0/16'),
 IPv4Network('10.99.0.0/16'),
 IPv4Network('10.100.0.0/16'),
 IPv4Network('10.101.0.0/16'),
 IPv4Network('10.102.0.0/16'),
 IPv4Network('10.103.0.0/16'),
 IPv4Network('10.104.0.0/16'),
 IPv4Network('10.105.0.0/16'),
 IPv4Network('10.106.0.0/16'),
 IPv4Network('10.107.0.0/16'),
 IPv4Network('10.108.0.0/16'),
 IPv4Network('10.109.0.0/16'),
 IPv4Network('10.110.0.0/16'),
 IPv4Network('10.111.0.0/16'),
 IPv4Network('10.112.0.0/16'),
 IPv4Network('10.113.0.0/16'),
 IPv4Network('10.114.0.0/16'),
 IPv4Network('10.115.0.0/16'),
 IPv4Network('10.116.0.0/16'),
 IPv4Network('10.117.0.0/16'),
 IPv4Network('10.118.0.0/16'),
 IPv4Network('10.119.0.0/16'),
 IPv4Network('10.120.0.0/16'),
 IPv4Network('10.121.0.0/16'),
 IPv4Network('10.122.0.0/16'),
 IPv4Network('10.123.0.0/16'),
 IPv4Network('10.124.0.0/16'),
 IPv4Network('10.125.0.0/16'),
 IPv4Network('10.126.0.0/16'),
 IPv4Network('10.127.0.0/16'),
 IPv4Network('10.128.0.0/16'),
 IPv4Network('10.129.0.0/16'),
 IPv4Network('10.130.0.0/16'),
 IPv4Network('10.131.0.0/16'),
 IPv4Network('10.132.0.0/16'),
 IPv4Network('10.133.0.0/16'),
 IPv4Network('10.134.0.0/16'),
 IPv4Network('10.135.0.0/16'),
 IPv4Network('10.136.0.0/16'),
 IPv4Network('10.137.0.0/16'),
 IPv4Network('10.138.0.0/16'),
 IPv4Network('10.139.0.0/16'),
 IPv4Network('10.140.0.0/16'),
 IPv4Network('10.141.0.0/16'),
 IPv4Network('10.142.0.0/16'),
 IPv4Network('10.143.0.0/16'),
 IPv4Network('10.144.0.0/16'),
 IPv4Network('10.145.0.0/16'),
 IPv4Network('10.146.0.0/16'),
 IPv4Network('10.147.0.0/16'),
 IPv4Network('10.148.0.0/16'),
 IPv4Network('10.149.0.0/16'),
 IPv4Network('10.150.0.0/16'),
 IPv4Network('10.151.0.0/16'),
 IPv4Network('10.152.0.0/16'),
 IPv4Network('10.153.0.0/16'),
 IPv4Network('10.154.0.0/16'),
 IPv4Network('10.155.0.0/16'),
 IPv4Network('10.156.0.0/16'),
 IPv4Network('10.157.0.0/16'),
 IPv4Network('10.158.0.0/16'),
 IPv4Network('10.159.0.0/16'),
 IPv4Network('10.160.0.0/16'),
 IPv4Network('10.161.0.0/16'),
 IPv4Network('10.162.0.0/16'),
 IPv4Network('10.163.0.0/16'),
 IPv4Network('10.164.0.0/16'),
 IPv4Network('10.165.0.0/16'),
 IPv4Network('10.166.0.0/16'),
 IPv4Network('10.167.0.0/16'),
 IPv4Network('10.168.0.0/16'),
 IPv4Network('10.169.0.0/16'),
 IPv4Network('10.170.0.0/16'),
 IPv4Network('10.171.0.0/16'),
 IPv4Network('10.172.0.0/16'),
 IPv4Network('10.173.0.0/16'),
 IPv4Network('10.174.0.0/16'),
 IPv4Network('10.175.0.0/16'),
 IPv4Network('10.176.0.0/16'),
 IPv4Network('10.177.0.0/16'),
 IPv4Network('10.178.0.0/16'),
 IPv4Network('10.179.0.0/16'),
 IPv4Network('10.180.0.0/16'),
 IPv4Network('10.181.0.0/16'),
 IPv4Network('10.182.0.0/16'),
 IPv4Network('10.183.0.0/16'),
 IPv4Network('10.184.0.0/16'),
 IPv4Network('10.185.0.0/16'),
 IPv4Network('10.186.0.0/16'),
 IPv4Network('10.187.0.0/16'),
 IPv4Network('10.188.0.0/16'),
 IPv4Network('10.189.0.0/16'),
 IPv4Network('10.190.0.0/16'),
 IPv4Network('10.191.0.0/16')]
[IPv4Network('10.0.0.0/8'),
 IPv4Network('129.79.0.0/16'),
 IPv4Network('134.68.0.0/16'),
 IPv4Network('140.182.0.0/16'),
 IPv4Network('149.159.0.0/16'),
 IPv4Network('149.160.0.0/14'),
 IPv4Network('156.56.0.0/16'),
 IPv4Network('172.16.0.0/12'),
 IPv4Network('192.168.0.0/24'),
 IPv6Network('::/128'),
 IPv4Network('10.0.0.0/16'),
 IPv4Network('10.1.0.0/16'),
 IPv4Network('10.2.0.0/16'),
 IPv4Network('10.3.0.0/16'),
 IPv4Network('10.4.0.0/16'),
 IPv4Network('10.5.0.0/16'),
 IPv4Network('10.6.0.0/16'),
 IPv4Network('10.7.0.0/16'),
 IPv4Network('10.8.0.0/16'),
 IPv4Network('10.9.0.0/16'),
 IPv4Network('10.10.0.0/16'),
 IPv4Network('10.11.0.0/16'),
 IPv4Network('10.12.0.0/16'),
 IPv4Network('10.13.0.0/16'),
 IPv4Network('10.14.0.0/16'),
 IPv4Network('10.15.0.0/16'),
 IPv4Network('10.16.0.0/16'),
 IPv4Network('10.17.0.0/16'),
 IPv4Network('10.18.0.0/16'),
 IPv4Network('10.19.0.0/16'),
 IPv4Network('10.20.0.0/16'),
 IPv4Network('10.21.0.0/16'),
 IPv4Network('10.22.0.0/16'),
 IPv4Network('10.23.0.0/16'),
 IPv4Network('10.24.0.0/16'),
 IPv4Network('10.25.0.0/16'),
 IPv4Network('10.26.0.0/16'),
 IPv4Network('10.27.0.0/16'),
 IPv4Network('10.28.0.0/16'),
 IPv4Network('10.29.0.0/16'),
 IPv4Network('10.30.0.0/16'),
 IPv4Network('10.31.0.0/16'),
 IPv4Network('10.32.0.0/16'),
 IPv4Network('10.33.0.0/16'),
 IPv4Network('10.34.0.0/16'),
 IPv4Network('10.35.0.0/16'),
 IPv4Network('10.36.0.0/16'),
 IPv4Network('10.37.0.0/16'),
 IPv4Network('10.38.0.0/16'),
 IPv4Network('10.39.0.0/16'),
 IPv4Network('10.40.0.0/16'),
 IPv4Network('10.41.0.0/16'),
 IPv4Network('10.42.0.0/16'),
 IPv4Network('10.43.0.0/16'),
 IPv4Network('10.44.0.0/16'),
 IPv4Network('10.45.0.0/16'),
 IPv4Network('10.46.0.0/16'),
 IPv4Network('10.47.0.0/16'),
 IPv4Network('10.48.0.0/16'),
 IPv4Network('10.49.0.0/16'),
 IPv4Network('10.50.0.0/16'),
 IPv4Network('10.51.0.0/16'),
 IPv4Network('10.52.0.0/16'),
 IPv4Network('10.53.0.0/16'),
 IPv4Network('10.54.0.0/16'),
 IPv4Network('10.55.0.0/16'),
 IPv4Network('10.56.0.0/16'),
 IPv4Network('10.57.0.0/16'),
 IPv4Network('10.58.0.0/16'),
 IPv4Network('10.59.0.0/16'),
 IPv4Network('10.60.0.0/16'),
 IPv4Network('10.61.0.0/16'),
 IPv4Network('10.62.0.0/16'),
 IPv4Network('10.63.0.0/16'),
 IPv4Network('10.64.0.0/16'),
 IPv4Network('10.65.0.0/16'),
 IPv4Network('10.66.0.0/16'),
 IPv4Network('10.67.0.0/16'),
 IPv4Network('10.68.0.0/16'),
 IPv4Network('10.69.0.0/16'),
 IPv4Network('10.70.0.0/16'),
 IPv4Network('10.71.0.0/16'),
 IPv4Network('10.72.0.0/16'),
 IPv4Network('10.73.0.0/16'),
 IPv4Network('10.74.0.0/16'),
 IPv4Network('10.75.0.0/16'),
 IPv4Network('10.76.0.0/16'),
 IPv4Network('10.77.0.0/16'),
 IPv4Network('10.78.0.0/16'),
 IPv4Network('10.79.0.0/16'),
 IPv4Network('10.80.0.0/16'),
 IPv4Network('10.81.0.0/16'),
 IPv4Network('10.82.0.0/16'),
 IPv4Network('10.83.0.0/16'),
 IPv4Network('10.84.0.0/16'),
 IPv4Network('10.85.0.0/16'),
 IPv4Network('10.86.0.0/16'),
 IPv4Network('10.87.0.0/16'),
 IPv4Network('10.88.0.0/16'),
 IPv4Network('10.89.0.0/16'),
 IPv4Network('10.90.0.0/16'),
 IPv4Network('10.91.0.0/16'),
 IPv4Network('10.92.0.0/16'),
 IPv4Network('10.93.0.0/16'),
 IPv4Network('10.94.0.0/16'),
 IPv4Network('10.95.0.0/16'),
 IPv4Network('10.96.0.0/16'),
 IPv4Network('10.97.0.0/16'),
 IPv4Network('10.98.0.0/16'),
 IPv4Network('10.99.0.0/16'),
 IPv4Network('10.100.0.0/16'),
 IPv4Network('10.101.0.0/16'),
 IPv4Network('10.102.0.0/16'),
 IPv4Network('10.103.0.0/16'),
 IPv4Network('10.104.0.0/16'),
 IPv4Network('10.105.0.0/16'),
 IPv4Network('10.106.0.0/16'),
 IPv4Network('10.107.0.0/16'),
 IPv4Network('10.108.0.0/16'),
 IPv4Network('10.109.0.0/16'),
 IPv4Network('10.110.0.0/16'),
 IPv4Network('10.111.0.0/16'),
 IPv4Network('10.112.0.0/16'),
 IPv4Network('10.113.0.0/16'),
 IPv4Network('10.114.0.0/16'),
 IPv4Network('10.115.0.0/16'),
 IPv4Network('10.116.0.0/16'),
 IPv4Network('10.117.0.0/16'),
 IPv4Network('10.118.0.0/16'),
 IPv4Network('10.119.0.0/16'),
 IPv4Network('10.120.0.0/16'),
 IPv4Network('10.121.0.0/16'),
 IPv4Network('10.122.0.0/16'),
 IPv4Network('10.123.0.0/16'),
 IPv4Network('10.124.0.0/16'),
 IPv4Network('10.125.0.0/16'),
 IPv4Network('10.126.0.0/16'),
 IPv4Network('10.127.0.0/16'),
 IPv4Network('10.128.0.0/16'),
 IPv4Network('10.129.0.0/16'),
 IPv4Network('10.130.0.0/16'),
 IPv4Network('10.131.0.0/16'),
 IPv4Network('10.132.0.0/16'),
 IPv4Network('10.133.0.0/16'),
 IPv4Network('10.134.0.0/16'),
 IPv4Network('10.135.0.0/16'),
 IPv4Network('10.136.0.0/16'),
 IPv4Network('10.137.0.0/16'),
 IPv4Network('10.138.0.0/16'),
 IPv4Network('10.139.0.0/16'),
 IPv4Network('10.140.0.0/16'),
 IPv4Network('10.141.0.0/16'),
 IPv4Network('10.142.0.0/16'),
 IPv4Network('10.143.0.0/16'),
 IPv4Network('10.144.0.0/16'),
 IPv4Network('10.145.0.0/16'),
 IPv4Network('10.146.0.0/16'),
 IPv4Network('10.147.0.0/16'),
 IPv4Network('10.148.0.0/16'),
 IPv4Network('10.149.0.0/16'),
 IPv4Network('10.150.0.0/16'),
 IPv4Network('10.151.0.0/16'),
 IPv4Network('10.152.0.0/16'),
 IPv4Network('10.153.0.0/16'),
 IPv4Network('10.154.0.0/16'),
 IPv4Network('10.155.0.0/16'),
 IPv4Network('10.156.0.0/16'),
 IPv4Network('10.157.0.0/16'),
 IPv4Network('10.158.0.0/16'),
 IPv4Network('10.159.0.0/16'),
 IPv4Network('10.160.0.0/16'),
 IPv4Network('10.161.0.0/16'),
 IPv4Network('10.162.0.0/16'),
 IPv4Network('10.163.0.0/16'),
 IPv4Network('10.164.0.0/16'),
 IPv4Network('10.165.0.0/16'),
 IPv4Network('10.166.0.0/16'),
 IPv4Network('10.167.0.0/16'),
 IPv4Network('10.168.0.0/16'),
 IPv4Network('10.169.0.0/16'),
 IPv4Network('10.170.0.0/16'),
 IPv4Network('10.171.0.0/16'),
 IPv4Network('10.172.0.0/16'),
 IPv4Network('10.173.0.0/16'),
 IPv4Network('10.174.0.0/16'),
 IPv4Network('10.175.0.0/16'),
 IPv4Network('10.176.0.0/16'),
 IPv4Network('10.177.0.0/16'),
 IPv4Network('10.178.0.0/16'),
 IPv4Network('10.179.0.0/16'),
 IPv4Network('10.180.0.0/16'),
 IPv4Network('10.181.0.0/16'),
 IPv4Network('10.182.0.0/16'),
 IPv4Network('10.183.0.0/16'),
 IPv4Network('10.184.0.0/16'),
 IPv4Network('10.185.0.0/16'),
 IPv4Network('10.186.0.0/16'),
 IPv4Network('10.187.0.0/16'),
 IPv4Network('10.188.0.0/16'),
 IPv4Network('10.189.0.0/16'),
 IPv4Network('10.190.0.0/16'),
 IPv4Network('10.191.0.0/16')]
[IPv4Network('10.0.0.0/8'),
 IPv4Network('129.79.0.0/16'),
 IPv4Network('134.68.0.0/16'),
 IPv4Network('140.182.0.0/16'),
 IPv4Network('149.159.0.0/16'),
 IPv4Network('149.160.0.0/14'),
 IPv4Network('156.56.0.0/16'),
 IPv4Network('172.16.0.0/12'),
 IPv4Network('192.168.0.0/24'),
 IPv6Network('::/128'),
 IPv4Network('10.0.0.0/16'),
 IPv4Network('10.1.0.0/16'),
 IPv4Network('10.2.0.0/16'),
 IPv4Network('10.3.0.0/16'),
 IPv4Network('10.4.0.0/16'),
 IPv4Network('10.5.0.0/16'),
 IPv4Network('10.6.0.0/16'),
 IPv4Network('10.7.0.0/16'),
 IPv4Network('10.8.0.0/16'),
 IPv4Network('10.9.0.0/16'),
 IPv4Network('10.10.0.0/16'),
 IPv4Network('10.11.0.0/16'),
 IPv4Network('10.12.0.0/16'),
 IPv4Network('10.13.0.0/16'),
 IPv4Network('10.14.0.0/16'),
 IPv4Network('10.15.0.0/16'),
 IPv4Network('10.16.0.0/16'),
 IPv4Network('10.17.0.0/16'),
 IPv4Network('10.18.0.0/16'),
 IPv4Network('10.19.0.0/16'),
 IPv4Network('10.20.0.0/16'),
 IPv4Network('10.21.0.0/16'),
 IPv4Network('10.22.0.0/16'),
 IPv4Network('10.23.0.0/16'),
 IPv4Network('10.24.0.0/16'),
 IPv4Network('10.25.0.0/16'),
 IPv4Network('10.26.0.0/16'),
 IPv4Network('10.27.0.0/16'),
 IPv4Network('10.28.0.0/16'),
 IPv4Network('10.29.0.0/16'),
 IPv4Network('10.30.0.0/16'),
 IPv4Network('10.31.0.0/16'),
 IPv4Network('10.32.0.0/16'),
 IPv4Network('10.33.0.0/16'),
 IPv4Network('10.34.0.0/16'),
 IPv4Network('10.35.0.0/16'),
 IPv4Network('10.36.0.0/16'),
 IPv4Network('10.37.0.0/16'),
 IPv4Network('10.38.0.0/16'),
 IPv4Network('10.39.0.0/16'),
 IPv4Network('10.40.0.0/16'),
 IPv4Network('10.41.0.0/16'),
 IPv4Network('10.42.0.0/16'),
 IPv4Network('10.43.0.0/16'),
 IPv4Network('10.44.0.0/16'),
 IPv4Network('10.45.0.0/16'),
 IPv4Network('10.46.0.0/16'),
 IPv4Network('10.47.0.0/16'),
 IPv4Network('10.48.0.0/16'),
 IPv4Network('10.49.0.0/16'),
 IPv4Network('10.50.0.0/16'),
 IPv4Network('10.51.0.0/16'),
 IPv4Network('10.52.0.0/16'),
 IPv4Network('10.53.0.0/16'),
 IPv4Network('10.54.0.0/16'),
 IPv4Network('10.55.0.0/16'),
 IPv4Network('10.56.0.0/16'),
 IPv4Network('10.57.0.0/16'),
 IPv4Network('10.58.0.0/16'),
 IPv4Network('10.59.0.0/16'),
 IPv4Network('10.60.0.0/16'),
 IPv4Network('10.61.0.0/16'),
 IPv4Network('10.62.0.0/16'),
 IPv4Network('10.63.0.0/16'),
 IPv4Network('10.64.0.0/16'),
 IPv4Network('10.65.0.0/16'),
 IPv4Network('10.66.0.0/16'),
 IPv4Network('10.67.0.0/16'),
 IPv4Network('10.68.0.0/16'),
 IPv4Network('10.69.0.0/16'),
 IPv4Network('10.70.0.0/16'),
 IPv4Network('10.71.0.0/16'),
 IPv4Network('10.72.0.0/16'),
 IPv4Network('10.73.0.0/16'),
 IPv4Network('10.74.0.0/16'),
 IPv4Network('10.75.0.0/16'),
 IPv4Network('10.76.0.0/16'),
 IPv4Network('10.77.0.0/16'),
 IPv4Network('10.78.0.0/16'),
 IPv4Network('10.79.0.0/16'),
 IPv4Network('10.80.0.0/16'),
 IPv4Network('10.81.0.0/16'),
 IPv4Network('10.82.0.0/16'),
 IPv4Network('10.83.0.0/16'),
 IPv4Network('10.84.0.0/16'),
 IPv4Network('10.85.0.0/16'),
 IPv4Network('10.86.0.0/16'),
 IPv4Network('10.87.0.0/16'),
 IPv4Network('10.88.0.0/16'),
 IPv4Network('10.89.0.0/16'),
 IPv4Network('10.90.0.0/16'),
 IPv4Network('10.91.0.0/16'),
 IPv4Network('10.92.0.0/16'),
 IPv4Network('10.93.0.0/16'),
 IPv4Network('10.94.0.0/16'),
 IPv4Network('10.95.0.0/16'),
 IPv4Network('10.96.0.0/16'),
 IPv4Network('10.97.0.0/16'),
 IPv4Network('10.98.0.0/16'),
 IPv4Network('10.99.0.0/16'),
 IPv4Network('10.100.0.0/16'),
 IPv4Network('10.101.0.0/16'),
 IPv4Network('10.102.0.0/16'),
 IPv4Network('10.103.0.0/16'),
 IPv4Network('10.104.0.0/16'),
 IPv4Network('10.105.0.0/16'),
 IPv4Network('10.106.0.0/16'),
 IPv4Network('10.107.0.0/16'),
 IPv4Network('10.108.0.0/16'),
 IPv4Network('10.109.0.0/16'),
 IPv4Network('10.110.0.0/16'),
 IPv4Network('10.111.0.0/16'),
 IPv4Network('10.112.0.0/16'),
 IPv4Network('10.113.0.0/16'),
 IPv4Network('10.114.0.0/16'),
 IPv4Network('10.115.0.0/16'),
 IPv4Network('10.116.0.0/16'),
 IPv4Network('10.117.0.0/16'),
 IPv4Network('10.118.0.0/16'),
 IPv4Network('10.119.0.0/16'),
 IPv4Network('10.120.0.0/16'),
 IPv4Network('10.121.0.0/16'),
 IPv4Network('10.122.0.0/16'),
 IPv4Network('10.123.0.0/16'),
 IPv4Network('10.124.0.0/16'),
 IPv4Network('10.125.0.0/16'),
 IPv4Network('10.126.0.0/16'),
 IPv4Network('10.127.0.0/16'),
 IPv4Network('10.128.0.0/16'),
 IPv4Network('10.129.0.0/16'),
 IPv4Network('10.130.0.0/16'),
 IPv4Network('10.131.0.0/16'),
 IPv4Network('10.132.0.0/16'),
 IPv4Network('10.133.0.0/16'),
 IPv4Network('10.134.0.0/16'),
 IPv4Network('10.135.0.0/16'),
 IPv4Network('10.136.0.0/16'),
 IPv4Network('10.137.0.0/16'),
 IPv4Network('10.138.0.0/16'),
 IPv4Network('10.139.0.0/16'),
 IPv4Network('10.140.0.0/16'),
 IPv4Network('10.141.0.0/16'),
 IPv4Network('10.142.0.0/16'),
 IPv4Network('10.143.0.0/16'),
 IPv4Network('10.144.0.0/16'),
 IPv4Network('10.145.0.0/16'),
 IPv4Network('10.146.0.0/16'),
 IPv4Network('10.147.0.0/16'),
 IPv4Network('10.148.0.0/16'),
 IPv4Network('10.149.0.0/16'),
 IPv4Network('10.150.0.0/16'),
 IPv4Network('10.151.0.0/16'),
 IPv4Network('10.152.0.0/16'),
 IPv4Network('10.153.0.0/16'),
 IPv4Network('10.154.0.0/16'),
 IPv4Network('10.155.0.0/16'),
 IPv4Network('10.156.0.0/16'),
 IPv4Network('10.157.0.0/16'),
 IPv4Network('10.158.0.0/16'),
 IPv4Network('10.159.0.0/16'),
 IPv4Network('10.160.0.0/16'),
 IPv4Network('10.161.0.0/16'),
 IPv4Network('10.162.0.0/16'),
 IPv4Network('10.163.0.0/16'),
 IPv4Network('10.164.0.0/16'),
 IPv4Network('10.165.0.0/16'),
 IPv4Network('10.166.0.0/16'),
 IPv4Network('10.167.0.0/16'),
 IPv4Network('10.168.0.0/16'),
 IPv4Network('10.169.0.0/16'),
 IPv4Network('10.170.0.0/16'),
 IPv4Network('10.171.0.0/16'),
 IPv4Network('10.172.0.0/16'),
 IPv4Network('10.173.0.0/16'),
 IPv4Network('10.174.0.0/16'),
 IPv4Network('10.175.0.0/16'),
 IPv4Network('10.176.0.0/16'),
 IPv4Network('10.177.0.0/16'),
 IPv4Network('10.178.0.0/16'),
 IPv4Network('10.179.0.0/16'),
 IPv4Network('10.180.0.0/16'),
 IPv4Network('10.181.0.0/16'),
 IPv4Network('10.182.0.0/16'),
 IPv4Network('10.183.0.0/16'),
 IPv4Network('10.184.0.0/16'),
 IPv4Network('10.185.0.0/16'),
 IPv4Network('10.186.0.0/16'),
 IPv4Network('10.187.0.0/16'),
 IPv4Network('10.188.0.0/16'),
 IPv4Network('10.189.0.0/16'),
 IPv4Network('10.190.0.0/16'),
 IPv4Network('10.191.0.0/16'),
 IPv4Network('10.192.0.0/16'),
 IPv4Network('10.193.0.0/16')]
[IPv4Network('10.0.0.0/8'),
 IPv4Network('129.79.0.0/16'),
 IPv4Network('134.68.0.0/16'),
 IPv4Network('140.182.0.0/16'),
 IPv4Network('149.159.0.0/16'),
 IPv4Network('149.160.0.0/14'),
 IPv4Network('156.56.0.0/16'),
 IPv4Network('172.16.0.0/12'),
 IPv4Network('192.168.0.0/24'),
 IPv6Network('::/128'),
 IPv4Network('10.0.0.0/16'),
 IPv4Network('10.1.0.0/16'),
 IPv4Network('10.2.0.0/16'),
 IPv4Network('10.3.0.0/16'),
 IPv4Network('10.4.0.0/16'),
 IPv4Network('10.5.0.0/16'),
 IPv4Network('10.6.0.0/16'),
 IPv4Network('10.7.0.0/16'),
 IPv4Network('10.8.0.0/16'),
 IPv4Network('10.9.0.0/16'),
 IPv4Network('10.10.0.0/16'),
 IPv4Network('10.11.0.0/16'),
 IPv4Network('10.12.0.0/16'),
 IPv4Network('10.13.0.0/16'),
 IPv4Network('10.14.0.0/16'),
 IPv4Network('10.15.0.0/16'),
 IPv4Network('10.16.0.0/16'),
 IPv4Network('10.17.0.0/16'),
 IPv4Network('10.18.0.0/16'),
 IPv4Network('10.19.0.0/16'),
 IPv4Network('10.20.0.0/16'),
 IPv4Network('10.21.0.0/16'),
 IPv4Network('10.22.0.0/16'),
 IPv4Network('10.23.0.0/16'),
 IPv4Network('10.24.0.0/16'),
 IPv4Network('10.25.0.0/16'),
 IPv4Network('10.26.0.0/16'),
 IPv4Network('10.27.0.0/16'),
 IPv4Network('10.28.0.0/16'),
 IPv4Network('10.29.0.0/16'),
 IPv4Network('10.30.0.0/16'),
 IPv4Network('10.31.0.0/16'),
 IPv4Network('10.32.0.0/16'),
 IPv4Network('10.33.0.0/16'),
 IPv4Network('10.34.0.0/16'),
 IPv4Network('10.35.0.0/16'),
 IPv4Network('10.36.0.0/16'),
 IPv4Network('10.37.0.0/16'),
 IPv4Network('10.38.0.0/16'),
 IPv4Network('10.39.0.0/16'),
 IPv4Network('10.40.0.0/16'),
 IPv4Network('10.41.0.0/16'),
 IPv4Network('10.42.0.0/16'),
 IPv4Network('10.43.0.0/16'),
 IPv4Network('10.44.0.0/16'),
 IPv4Network('10.45.0.0/16'),
 IPv4Network('10.46.0.0/16'),
 IPv4Network('10.47.0.0/16'),
 IPv4Network('10.48.0.0/16'),
 IPv4Network('10.49.0.0/16'),
 IPv4Network('10.50.0.0/16'),
 IPv4Network('10.51.0.0/16'),
 IPv4Network('10.52.0.0/16'),
 IPv4Network('10.53.0.0/16'),
 IPv4Network('10.54.0.0/16'),
 IPv4Network('10.55.0.0/16'),
 IPv4Network('10.56.0.0/16'),
 IPv4Network('10.57.0.0/16'),
 IPv4Network('10.58.0.0/16'),
 IPv4Network('10.59.0.0/16'),
 IPv4Network('10.60.0.0/16'),
 IPv4Network('10.61.0.0/16'),
 IPv4Network('10.62.0.0/16'),
 IPv4Network('10.63.0.0/16'),
 IPv4Network('10.64.0.0/16'),
 IPv4Network('10.65.0.0/16'),
 IPv4Network('10.66.0.0/16'),
 IPv4Network('10.67.0.0/16'),
 IPv4Network('10.68.0.0/16'),
 IPv4Network('10.69.0.0/16'),
 IPv4Network('10.70.0.0/16'),
 IPv4Network('10.71.0.0/16'),
 IPv4Network('10.72.0.0/16'),
 IPv4Network('10.73.0.0/16'),
 IPv4Network('10.74.0.0/16'),
 IPv4Network('10.75.0.0/16'),
 IPv4Network('10.76.0.0/16'),
 IPv4Network('10.77.0.0/16'),
 IPv4Network('10.78.0.0/16'),
 IPv4Network('10.79.0.0/16'),
 IPv4Network('10.80.0.0/16'),
 IPv4Network('10.81.0.0/16'),
 IPv4Network('10.82.0.0/16'),
 IPv4Network('10.83.0.0/16'),
 IPv4Network('10.84.0.0/16'),
 IPv4Network('10.85.0.0/16'),
 IPv4Network('10.86.0.0/16'),
 IPv4Network('10.87.0.0/16'),
 IPv4Network('10.88.0.0/16'),
 IPv4Network('10.89.0.0/16'),
 IPv4Network('10.90.0.0/16'),
 IPv4Network('10.91.0.0/16'),
 IPv4Network('10.92.0.0/16'),
 IPv4Network('10.93.0.0/16'),
 IPv4Network('10.94.0.0/16'),
 IPv4Network('10.95.0.0/16'),
 IPv4Network('10.96.0.0/16'),
 IPv4Network('10.97.0.0/16'),
 IPv4Network('10.98.0.0/16'),
 IPv4Network('10.99.0.0/16'),
 IPv4Network('10.100.0.0/16'),
 IPv4Network('10.101.0.0/16'),
 IPv4Network('10.102.0.0/16'),
 IPv4Network('10.103.0.0/16'),
 IPv4Network('10.104.0.0/16'),
 IPv4Network('10.105.0.0/16'),
 IPv4Network('10.106.0.0/16'),
 IPv4Network('10.107.0.0/16'),
 IPv4Network('10.108.0.0/16'),
 IPv4Network('10.109.0.0/16'),
 IPv4Network('10.110.0.0/16'),
 IPv4Network('10.111.0.0/16'),
 IPv4Network('10.112.0.0/16'),
 IPv4Network('10.113.0.0/16'),
 IPv4Network('10.114.0.0/16'),
 IPv4Network('10.115.0.0/16'),
 IPv4Network('10.116.0.0/16'),
 IPv4Network('10.117.0.0/16'),
 IPv4Network('10.118.0.0/16'),
 IPv4Network('10.119.0.0/16'),
 IPv4Network('10.120.0.0/16'),
 IPv4Network('10.121.0.0/16'),
 IPv4Network('10.122.0.0/16'),
 IPv4Network('10.123.0.0/16'),
 IPv4Network('10.124.0.0/16'),
 IPv4Network('10.125.0.0/16'),
 IPv4Network('10.126.0.0/16'),
 IPv4Network('10.127.0.0/16'),
 IPv4Network('10.128.0.0/16'),
 IPv4Network('10.129.0.0/16'),
 IPv4Network('10.130.0.0/16'),
 IPv4Network('10.131.0.0/16'),
 IPv4Network('10.132.0.0/16'),
 IPv4Network('10.133.0.0/16'),
 IPv4Network('10.134.0.0/16'),
 IPv4Network('10.135.0.0/16'),
 IPv4Network('10.136.0.0/16'),
 IPv4Network('10.137.0.0/16'),
 IPv4Network('10.138.0.0/16'),
 IPv4Network('10.139.0.0/16'),
 IPv4Network('10.140.0.0/16'),
 IPv4Network('10.141.0.0/16'),
 IPv4Network('10.142.0.0/16'),
 IPv4Network('10.143.0.0/16'),
 IPv4Network('10.144.0.0/16'),
 IPv4Network('10.145.0.0/16'),
 IPv4Network('10.146.0.0/16'),
 IPv4Network('10.147.0.0/16'),
 IPv4Network('10.148.0.0/16'),
 IPv4Network('10.149.0.0/16'),
 IPv4Network('10.150.0.0/16'),
 IPv4Network('10.151.0.0/16'),
 IPv4Network('10.152.0.0/16'),
 IPv4Network('10.153.0.0/16'),
 IPv4Network('10.154.0.0/16'),
 IPv4Network('10.155.0.0/16'),
 IPv4Network('10.156.0.0/16'),
 IPv4Network('10.157.0.0/16'),
 IPv4Network('10.158.0.0/16'),
 IPv4Network('10.159.0.0/16'),
 IPv4Network('10.160.0.0/16'),
 IPv4Network('10.161.0.0/16'),
 IPv4Network('10.162.0.0/16'),
 IPv4Network('10.163.0.0/16'),
 IPv4Network('10.164.0.0/16'),
 IPv4Network('10.165.0.0/16'),
 IPv4Network('10.166.0.0/16'),
 IPv4Network('10.167.0.0/16'),
 IPv4Network('10.168.0.0/16'),
 IPv4Network('10.169.0.0/16'),
 IPv4Network('10.170.0.0/16'),
 IPv4Network('10.171.0.0/16'),
 IPv4Network('10.172.0.0/16'),
 IPv4Network('10.173.0.0/16'),
 IPv4Network('10.174.0.0/16'),
 IPv4Network('10.175.0.0/16'),
 IPv4Network('10.176.0.0/16'),
 IPv4Network('10.177.0.0/16'),
 IPv4Network('10.178.0.0/16'),
 IPv4Network('10.179.0.0/16'),
 IPv4Network('10.180.0.0/16'),
 IPv4Network('10.181.0.0/16'),
 IPv4Network('10.182.0.0/16'),
 IPv4Network('10.183.0.0/16'),
 IPv4Network('10.184.0.0/16'),
 IPv4Network('10.185.0.0/16'),
 IPv4Network('10.186.0.0/16'),
 IPv4Network('10.187.0.0/16'),
 IPv4Network('10.188.0.0/16'),
 IPv4Network('10.189.0.0/16'),
 IPv4Network('10.190.0.0/16'),
 IPv4Network('10.191.0.0/16'),
 IPv4Network('10.192.0.0/16'),
 IPv4Network('10.193.0.0/16'),
 IPv4Network('10.194.0.0/16'),
 IPv4Network('10.195.0.0/16')]
[IPv4Network('10.0.0.0/8'),
 IPv4Network('129.79.0.0/16'),
 IPv4Network('134.68.0.0/16'),
 IPv4Network('140.182.0.0/16'),
 IPv4Network('149.159.0.0/16'),
 IPv4Network('149.160.0.0/14'),
 IPv4Network('156.56.0.0/16'),
 IPv4Network('172.16.0.0/12'),
 IPv4Network('192.168.0.0/24'),
 IPv6Network('::/128'),
 IPv4Network('10.0.0.0/16'),
 IPv4Network('10.1.0.0/16'),
 IPv4Network('10.2.0.0/16'),
 IPv4Network('10.3.0.0/16'),
 IPv4Network('10.4.0.0/16'),
 IPv4Network('10.5.0.0/16'),
 IPv4Network('10.6.0.0/16'),
 IPv4Network('10.7.0.0/16'),
 IPv4Network('10.8.0.0/16'),
 IPv4Network('10.9.0.0/16'),
 IPv4Network('10.10.0.0/16'),
 IPv4Network('10.11.0.0/16'),
 IPv4Network('10.12.0.0/16'),
 IPv4Network('10.13.0.0/16'),
 IPv4Network('10.14.0.0/16'),
 IPv4Network('10.15.0.0/16'),
 IPv4Network('10.16.0.0/16'),
 IPv4Network('10.17.0.0/16'),
 IPv4Network('10.18.0.0/16'),
 IPv4Network('10.19.0.0/16'),
 IPv4Network('10.20.0.0/16'),
 IPv4Network('10.21.0.0/16'),
 IPv4Network('10.22.0.0/16'),
 IPv4Network('10.23.0.0/16'),
 IPv4Network('10.24.0.0/16'),
 IPv4Network('10.25.0.0/16'),
 IPv4Network('10.26.0.0/16'),
 IPv4Network('10.27.0.0/16'),
 IPv4Network('10.28.0.0/16'),
 IPv4Network('10.29.0.0/16'),
 IPv4Network('10.30.0.0/16'),
 IPv4Network('10.31.0.0/16'),
 IPv4Network('10.32.0.0/16'),
 IPv4Network('10.33.0.0/16'),
 IPv4Network('10.34.0.0/16'),
 IPv4Network('10.35.0.0/16'),
 IPv4Network('10.36.0.0/16'),
 IPv4Network('10.37.0.0/16'),
 IPv4Network('10.38.0.0/16'),
 IPv4Network('10.39.0.0/16'),
 IPv4Network('10.40.0.0/16'),
 IPv4Network('10.41.0.0/16'),
 IPv4Network('10.42.0.0/16'),
 IPv4Network('10.43.0.0/16'),
 IPv4Network('10.44.0.0/16'),
 IPv4Network('10.45.0.0/16'),
 IPv4Network('10.46.0.0/16'),
 IPv4Network('10.47.0.0/16'),
 IPv4Network('10.48.0.0/16'),
 IPv4Network('10.49.0.0/16'),
 IPv4Network('10.50.0.0/16'),
 IPv4Network('10.51.0.0/16'),
 IPv4Network('10.52.0.0/16'),
 IPv4Network('10.53.0.0/16'),
 IPv4Network('10.54.0.0/16'),
 IPv4Network('10.55.0.0/16'),
 IPv4Network('10.56.0.0/16'),
 IPv4Network('10.57.0.0/16'),
 IPv4Network('10.58.0.0/16'),
 IPv4Network('10.59.0.0/16'),
 IPv4Network('10.60.0.0/16'),
 IPv4Network('10.61.0.0/16'),
 IPv4Network('10.62.0.0/16'),
 IPv4Network('10.63.0.0/16'),
 IPv4Network('10.64.0.0/16'),
 IPv4Network('10.65.0.0/16'),
 IPv4Network('10.66.0.0/16'),
 IPv4Network('10.67.0.0/16'),
 IPv4Network('10.68.0.0/16'),
 IPv4Network('10.69.0.0/16'),
 IPv4Network('10.70.0.0/16'),
 IPv4Network('10.71.0.0/16'),
 IPv4Network('10.72.0.0/16'),
 IPv4Network('10.73.0.0/16'),
 IPv4Network('10.74.0.0/16'),
 IPv4Network('10.75.0.0/16'),
 IPv4Network('10.76.0.0/16'),
 IPv4Network('10.77.0.0/16'),
 IPv4Network('10.78.0.0/16'),
 IPv4Network('10.79.0.0/16'),
 IPv4Network('10.80.0.0/16'),
 IPv4Network('10.81.0.0/16'),
 IPv4Network('10.82.0.0/16'),
 IPv4Network('10.83.0.0/16'),
 IPv4Network('10.84.0.0/16'),
 IPv4Network('10.85.0.0/16'),
 IPv4Network('10.86.0.0/16'),
 IPv4Network('10.87.0.0/16'),
 IPv4Network('10.88.0.0/16'),
 IPv4Network('10.89.0.0/16'),
 IPv4Network('10.90.0.0/16'),
 IPv4Network('10.91.0.0/16'),
 IPv4Network('10.92.0.0/16'),
 IPv4Network('10.93.0.0/16'),
 IPv4Network('10.94.0.0/16'),
 IPv4Network('10.95.0.0/16'),
 IPv4Network('10.96.0.0/16'),
 IPv4Network('10.97.0.0/16'),
 IPv4Network('10.98.0.0/16'),
 IPv4Network('10.99.0.0/16'),
 IPv4Network('10.100.0.0/16'),
 IPv4Network('10.101.0.0/16'),
 IPv4Network('10.102.0.0/16'),
 IPv4Network('10.103.0.0/16'),
 IPv4Network('10.104.0.0/16'),
 IPv4Network('10.105.0.0/16'),
 IPv4Network('10.106.0.0/16'),
 IPv4Network('10.107.0.0/16'),
 IPv4Network('10.108.0.0/16'),
 IPv4Network('10.109.0.0/16'),
 IPv4Network('10.110.0.0/16'),
 IPv4Network('10.111.0.0/16'),
 IPv4Network('10.112.0.0/16'),
 IPv4Network('10.113.0.0/16'),
 IPv4Network('10.114.0.0/16'),
 IPv4Network('10.115.0.0/16'),
 IPv4Network('10.116.0.0/16'),
 IPv4Network('10.117.0.0/16'),
 IPv4Network('10.118.0.0/16'),
 IPv4Network('10.119.0.0/16'),
 IPv4Network('10.120.0.0/16'),
 IPv4Network('10.121.0.0/16'),
 IPv4Network('10.122.0.0/16'),
 IPv4Network('10.123.0.0/16'),
 IPv4Network('10.124.0.0/16'),
 IPv4Network('10.125.0.0/16'),
 IPv4Network('10.126.0.0/16'),
 IPv4Network('10.127.0.0/16'),
 IPv4Network('10.128.0.0/16'),
 IPv4Network('10.129.0.0/16'),
 IPv4Network('10.130.0.0/16'),
 IPv4Network('10.131.0.0/16'),
 IPv4Network('10.132.0.0/16'),
 IPv4Network('10.133.0.0/16'),
 IPv4Network('10.134.0.0/16'),
 IPv4Network('10.135.0.0/16'),
 IPv4Network('10.136.0.0/16'),
 IPv4Network('10.137.0.0/16'),
 IPv4Network('10.138.0.0/16'),
 IPv4Network('10.139.0.0/16'),
 IPv4Network('10.140.0.0/16'),
 IPv4Network('10.141.0.0/16'),
 IPv4Network('10.142.0.0/16'),
 IPv4Network('10.143.0.0/16'),
 IPv4Network('10.144.0.0/16'),
 IPv4Network('10.145.0.0/16'),
 IPv4Network('10.146.0.0/16'),
 IPv4Network('10.147.0.0/16'),
 IPv4Network('10.148.0.0/16'),
 IPv4Network('10.149.0.0/16'),
 IPv4Network('10.150.0.0/16'),
 IPv4Network('10.151.0.0/16'),
 IPv4Network('10.152.0.0/16'),
 IPv4Network('10.153.0.0/16'),
 IPv4Network('10.154.0.0/16'),
 IPv4Network('10.155.0.0/16'),
 IPv4Network('10.156.0.0/16'),
 IPv4Network('10.157.0.0/16'),
 IPv4Network('10.158.0.0/16'),
 IPv4Network('10.159.0.0/16'),
 IPv4Network('10.160.0.0/16'),
 IPv4Network('10.161.0.0/16'),
 IPv4Network('10.162.0.0/16'),
 IPv4Network('10.163.0.0/16'),
 IPv4Network('10.164.0.0/16'),
 IPv4Network('10.165.0.0/16'),
 IPv4Network('10.166.0.0/16'),
 IPv4Network('10.167.0.0/16'),
 IPv4Network('10.168.0.0/16'),
 IPv4Network('10.169.0.0/16'),
 IPv4Network('10.170.0.0/16'),
 IPv4Network('10.171.0.0/16'),
 IPv4Network('10.172.0.0/16'),
 IPv4Network('10.173.0.0/16'),
 IPv4Network('10.174.0.0/16'),
 IPv4Network('10.175.0.0/16'),
 IPv4Network('10.176.0.0/16'),
 IPv4Network('10.177.0.0/16'),
 IPv4Network('10.178.0.0/16'),
 IPv4Network('10.179.0.0/16'),
 IPv4Network('10.180.0.0/16'),
 IPv4Network('10.181.0.0/16'),
 IPv4Network('10.182.0.0/16'),
 IPv4Network('10.183.0.0/16'),
 IPv4Network('10.184.0.0/16'),
 IPv4Network('10.185.0.0/16'),
 IPv4Network('10.186.0.0/16'),
 IPv4Network('10.187.0.0/16'),
 IPv4Network('10.188.0.0/16'),
 IPv4Network('10.189.0.0/16'),
 IPv4Network('10.190.0.0/16'),
 IPv4Network('10.191.0.0/16'),
 IPv4Network('10.192.0.0/16'),
 IPv4Network('10.193.0.0/16'),
 IPv4Network('10.194.0.0/16'),
 IPv4Network('10.195.0.0/16')]
[IPv4Network('10.0.0.0/8'),
 IPv4Network('129.79.0.0/16'),
 IPv4Network('134.68.0.0/16'),
 IPv4Network('140.182.0.0/16'),
 IPv4Network('149.159.0.0/16'),
 IPv4Network('149.160.0.0/14'),
 IPv4Network('156.56.0.0/16'),
 IPv4Network('172.16.0.0/12'),
 IPv4Network('192.168.0.0/24'),
 IPv6Network('::/128'),
 IPv4Network('10.0.0.0/16'),
 IPv4Network('10.1.0.0/16'),
 IPv4Network('10.2.0.0/16'),
 IPv4Network('10.3.0.0/16'),
 IPv4Network('10.4.0.0/16'),
 IPv4Network('10.5.0.0/16'),
 IPv4Network('10.6.0.0/16'),
 IPv4Network('10.7.0.0/16'),
 IPv4Network('10.8.0.0/16'),
 IPv4Network('10.9.0.0/16'),
 IPv4Network('10.10.0.0/16'),
 IPv4Network('10.11.0.0/16'),
 IPv4Network('10.12.0.0/16'),
 IPv4Network('10.13.0.0/16'),
 IPv4Network('10.14.0.0/16'),
 IPv4Network('10.15.0.0/16'),
 IPv4Network('10.16.0.0/16'),
 IPv4Network('10.17.0.0/16'),
 IPv4Network('10.18.0.0/16'),
 IPv4Network('10.19.0.0/16'),
 IPv4Network('10.20.0.0/16'),
 IPv4Network('10.21.0.0/16'),
 IPv4Network('10.22.0.0/16'),
 IPv4Network('10.23.0.0/16'),
 IPv4Network('10.24.0.0/16'),
 IPv4Network('10.25.0.0/16'),
 IPv4Network('10.26.0.0/16'),
 IPv4Network('10.27.0.0/16'),
 IPv4Network('10.28.0.0/16'),
 IPv4Network('10.29.0.0/16'),
 IPv4Network('10.30.0.0/16'),
 IPv4Network('10.31.0.0/16'),
 IPv4Network('10.32.0.0/16'),
 IPv4Network('10.33.0.0/16'),
 IPv4Network('10.34.0.0/16'),
 IPv4Network('10.35.0.0/16'),
 IPv4Network('10.36.0.0/16'),
 IPv4Network('10.37.0.0/16'),
 IPv4Network('10.38.0.0/16'),
 IPv4Network('10.39.0.0/16'),
 IPv4Network('10.40.0.0/16'),
 IPv4Network('10.41.0.0/16'),
 IPv4Network('10.42.0.0/16'),
 IPv4Network('10.43.0.0/16'),
 IPv4Network('10.44.0.0/16'),
 IPv4Network('10.45.0.0/16'),
 IPv4Network('10.46.0.0/16'),
 IPv4Network('10.47.0.0/16'),
 IPv4Network('10.48.0.0/16'),
 IPv4Network('10.49.0.0/16'),
 IPv4Network('10.50.0.0/16'),
 IPv4Network('10.51.0.0/16'),
 IPv4Network('10.52.0.0/16'),
 IPv4Network('10.53.0.0/16'),
 IPv4Network('10.54.0.0/16'),
 IPv4Network('10.55.0.0/16'),
 IPv4Network('10.56.0.0/16'),
 IPv4Network('10.57.0.0/16'),
 IPv4Network('10.58.0.0/16'),
 IPv4Network('10.59.0.0/16'),
 IPv4Network('10.60.0.0/16'),
 IPv4Network('10.61.0.0/16'),
 IPv4Network('10.62.0.0/16'),
 IPv4Network('10.63.0.0/16'),
 IPv4Network('10.64.0.0/16'),
 IPv4Network('10.65.0.0/16'),
 IPv4Network('10.66.0.0/16'),
 IPv4Network('10.67.0.0/16'),
 IPv4Network('10.68.0.0/16'),
 IPv4Network('10.69.0.0/16'),
 IPv4Network('10.70.0.0/16'),
 IPv4Network('10.71.0.0/16'),
 IPv4Network('10.72.0.0/16'),
 IPv4Network('10.73.0.0/16'),
 IPv4Network('10.74.0.0/16'),
 IPv4Network('10.75.0.0/16'),
 IPv4Network('10.76.0.0/16'),
 IPv4Network('10.77.0.0/16'),
 IPv4Network('10.78.0.0/16'),
 IPv4Network('10.79.0.0/16'),
 IPv4Network('10.80.0.0/16'),
 IPv4Network('10.81.0.0/16'),
 IPv4Network('10.82.0.0/16'),
 IPv4Network('10.83.0.0/16'),
 IPv4Network('10.84.0.0/16'),
 IPv4Network('10.85.0.0/16'),
 IPv4Network('10.86.0.0/16'),
 IPv4Network('10.87.0.0/16'),
 IPv4Network('10.88.0.0/16'),
 IPv4Network('10.89.0.0/16'),
 IPv4Network('10.90.0.0/16'),
 IPv4Network('10.91.0.0/16'),
 IPv4Network('10.92.0.0/16'),
 IPv4Network('10.93.0.0/16'),
 IPv4Network('10.94.0.0/16'),
 IPv4Network('10.95.0.0/16'),
 IPv4Network('10.96.0.0/16'),
 IPv4Network('10.97.0.0/16'),
 IPv4Network('10.98.0.0/16'),
 IPv4Network('10.99.0.0/16'),
 IPv4Network('10.100.0.0/16'),
 IPv4Network('10.101.0.0/16'),
 IPv4Network('10.102.0.0/16'),
 IPv4Network('10.103.0.0/16'),
 IPv4Network('10.104.0.0/16'),
 IPv4Network('10.105.0.0/16'),
 IPv4Network('10.106.0.0/16'),
 IPv4Network('10.107.0.0/16'),
 IPv4Network('10.108.0.0/16'),
 IPv4Network('10.109.0.0/16'),
 IPv4Network('10.110.0.0/16'),
 IPv4Network('10.111.0.0/16'),
 IPv4Network('10.112.0.0/16'),
 IPv4Network('10.113.0.0/16'),
 IPv4Network('10.114.0.0/16'),
 IPv4Network('10.115.0.0/16'),
 IPv4Network('10.116.0.0/16'),
 IPv4Network('10.117.0.0/16'),
 IPv4Network('10.118.0.0/16'),
 IPv4Network('10.119.0.0/16'),
 IPv4Network('10.120.0.0/16'),
 IPv4Network('10.121.0.0/16'),
 IPv4Network('10.122.0.0/16'),
 IPv4Network('10.123.0.0/16'),
 IPv4Network('10.124.0.0/16'),
 IPv4Network('10.125.0.0/16'),
 IPv4Network('10.126.0.0/16'),
 IPv4Network('10.127.0.0/16'),
 IPv4Network('10.128.0.0/16'),
 IPv4Network('10.129.0.0/16'),
 IPv4Network('10.130.0.0/16'),
 IPv4Network('10.131.0.0/16'),
 IPv4Network('10.132.0.0/16'),
 IPv4Network('10.133.0.0/16'),
 IPv4Network('10.134.0.0/16'),
 IPv4Network('10.135.0.0/16'),
 IPv4Network('10.136.0.0/16'),
 IPv4Network('10.137.0.0/16'),
 IPv4Network('10.138.0.0/16'),
 IPv4Network('10.139.0.0/16'),
 IPv4Network('10.140.0.0/16'),
 IPv4Network('10.141.0.0/16'),
 IPv4Network('10.142.0.0/16'),
 IPv4Network('10.143.0.0/16'),
 IPv4Network('10.144.0.0/16'),
 IPv4Network('10.145.0.0/16'),
 IPv4Network('10.146.0.0/16'),
 IPv4Network('10.147.0.0/16'),
 IPv4Network('10.148.0.0/16'),
 IPv4Network('10.149.0.0/16'),
 IPv4Network('10.150.0.0/16'),
 IPv4Network('10.151.0.0/16'),
 IPv4Network('10.152.0.0/16'),
 IPv4Network('10.153.0.0/16'),
 IPv4Network('10.154.0.0/16'),
 IPv4Network('10.155.0.0/16'),
 IPv4Network('10.156.0.0/16'),
 IPv4Network('10.157.0.0/16'),
 IPv4Network('10.158.0.0/16'),
 IPv4Network('10.159.0.0/16'),
 IPv4Network('10.160.0.0/16'),
 IPv4Network('10.161.0.0/16'),
 IPv4Network('10.162.0.0/16'),
 IPv4Network('10.163.0.0/16'),
 IPv4Network('10.164.0.0/16'),
 IPv4Network('10.165.0.0/16'),
 IPv4Network('10.166.0.0/16'),
 IPv4Network('10.167.0.0/16'),
 IPv4Network('10.168.0.0/16'),
 IPv4Network('10.169.0.0/16'),
 IPv4Network('10.170.0.0/16'),
 IPv4Network('10.171.0.0/16'),
 IPv4Network('10.172.0.0/16'),
 IPv4Network('10.173.0.0/16'),
 IPv4Network('10.174.0.0/16'),
 IPv4Network('10.175.0.0/16'),
 IPv4Network('10.176.0.0/16'),
 IPv4Network('10.177.0.0/16'),
 IPv4Network('10.178.0.0/16'),
 IPv4Network('10.179.0.0/16'),
 IPv4Network('10.180.0.0/16'),
 IPv4Network('10.181.0.0/16'),
 IPv4Network('10.182.0.0/16'),
 IPv4Network('10.183.0.0/16'),
 IPv4Network('10.184.0.0/16'),
 IPv4Network('10.185.0.0/16'),
 IPv4Network('10.186.0.0/16'),
 IPv4Network('10.187.0.0/16'),
 IPv4Network('10.188.0.0/16'),
 IPv4Network('10.189.0.0/16'),
 IPv4Network('10.190.0.0/16'),
 IPv4Network('10.191.0.0/16'),
 IPv4Network('10.192.0.0/16'),
 IPv4Network('10.193.0.0/16'),
 IPv4Network('10.194.0.0/16'),
 IPv4Network('10.195.0.0/16'),
 IPv4Network('10.196.0.0/16'),
 IPv4Network('10.197.0.0/16')]
[IPv4Network('10.0.0.0/8'),
 IPv4Network('129.79.0.0/16'),
 IPv4Network('134.68.0.0/16'),
 IPv4Network('140.182.0.0/16'),
 IPv4Network('149.159.0.0/16'),
 IPv4Network('149.160.0.0/14'),
 IPv4Network('156.56.0.0/16'),
 IPv4Network('172.16.0.0/12'),
 IPv4Network('192.168.0.0/24'),
 IPv6Network('::/128'),
 IPv4Network('10.0.0.0/16'),
 IPv4Network('10.1.0.0/16'),
 IPv4Network('10.2.0.0/16'),
 IPv4Network('10.3.0.0/16'),
 IPv4Network('10.4.0.0/16'),
 IPv4Network('10.5.0.0/16'),
 IPv4Network('10.6.0.0/16'),
 IPv4Network('10.7.0.0/16'),
 IPv4Network('10.8.0.0/16'),
 IPv4Network('10.9.0.0/16'),
 IPv4Network('10.10.0.0/16'),
 IPv4Network('10.11.0.0/16'),
 IPv4Network('10.12.0.0/16'),
 IPv4Network('10.13.0.0/16'),
 IPv4Network('10.14.0.0/16'),
 IPv4Network('10.15.0.0/16'),
 IPv4Network('10.16.0.0/16'),
 IPv4Network('10.17.0.0/16'),
 IPv4Network('10.18.0.0/16'),
 IPv4Network('10.19.0.0/16'),
 IPv4Network('10.20.0.0/16'),
 IPv4Network('10.21.0.0/16'),
 IPv4Network('10.22.0.0/16'),
 IPv4Network('10.23.0.0/16'),
 IPv4Network('10.24.0.0/16'),
 IPv4Network('10.25.0.0/16'),
 IPv4Network('10.26.0.0/16'),
 IPv4Network('10.27.0.0/16'),
 IPv4Network('10.28.0.0/16'),
 IPv4Network('10.29.0.0/16'),
 IPv4Network('10.30.0.0/16'),
 IPv4Network('10.31.0.0/16'),
 IPv4Network('10.32.0.0/16'),
 IPv4Network('10.33.0.0/16'),
 IPv4Network('10.34.0.0/16'),
 IPv4Network('10.35.0.0/16'),
 IPv4Network('10.36.0.0/16'),
 IPv4Network('10.37.0.0/16'),
 IPv4Network('10.38.0.0/16'),
 IPv4Network('10.39.0.0/16'),
 IPv4Network('10.40.0.0/16'),
 IPv4Network('10.41.0.0/16'),
 IPv4Network('10.42.0.0/16'),
 IPv4Network('10.43.0.0/16'),
 IPv4Network('10.44.0.0/16'),
 IPv4Network('10.45.0.0/16'),
 IPv4Network('10.46.0.0/16'),
 IPv4Network('10.47.0.0/16'),
 IPv4Network('10.48.0.0/16'),
 IPv4Network('10.49.0.0/16'),
 IPv4Network('10.50.0.0/16'),
 IPv4Network('10.51.0.0/16'),
 IPv4Network('10.52.0.0/16'),
 IPv4Network('10.53.0.0/16'),
 IPv4Network('10.54.0.0/16'),
 IPv4Network('10.55.0.0/16'),
 IPv4Network('10.56.0.0/16'),
 IPv4Network('10.57.0.0/16'),
 IPv4Network('10.58.0.0/16'),
 IPv4Network('10.59.0.0/16'),
 IPv4Network('10.60.0.0/16'),
 IPv4Network('10.61.0.0/16'),
 IPv4Network('10.62.0.0/16'),
 IPv4Network('10.63.0.0/16'),
 IPv4Network('10.64.0.0/16'),
 IPv4Network('10.65.0.0/16'),
 IPv4Network('10.66.0.0/16'),
 IPv4Network('10.67.0.0/16'),
 IPv4Network('10.68.0.0/16'),
 IPv4Network('10.69.0.0/16'),
 IPv4Network('10.70.0.0/16'),
 IPv4Network('10.71.0.0/16'),
 IPv4Network('10.72.0.0/16'),
 IPv4Network('10.73.0.0/16'),
 IPv4Network('10.74.0.0/16'),
 IPv4Network('10.75.0.0/16'),
 IPv4Network('10.76.0.0/16'),
 IPv4Network('10.77.0.0/16'),
 IPv4Network('10.78.0.0/16'),
 IPv4Network('10.79.0.0/16'),
 IPv4Network('10.80.0.0/16'),
 IPv4Network('10.81.0.0/16'),
 IPv4Network('10.82.0.0/16'),
 IPv4Network('10.83.0.0/16'),
 IPv4Network('10.84.0.0/16'),
 IPv4Network('10.85.0.0/16'),
 IPv4Network('10.86.0.0/16'),
 IPv4Network('10.87.0.0/16'),
 IPv4Network('10.88.0.0/16'),
 IPv4Network('10.89.0.0/16'),
 IPv4Network('10.90.0.0/16'),
 IPv4Network('10.91.0.0/16'),
 IPv4Network('10.92.0.0/16'),
 IPv4Network('10.93.0.0/16'),
 IPv4Network('10.94.0.0/16'),
 IPv4Network('10.95.0.0/16'),
 IPv4Network('10.96.0.0/16'),
 IPv4Network('10.97.0.0/16'),
 IPv4Network('10.98.0.0/16'),
 IPv4Network('10.99.0.0/16'),
 IPv4Network('10.100.0.0/16'),
 IPv4Network('10.101.0.0/16'),
 IPv4Network('10.102.0.0/16'),
 IPv4Network('10.103.0.0/16'),
 IPv4Network('10.104.0.0/16'),
 IPv4Network('10.105.0.0/16'),
 IPv4Network('10.106.0.0/16'),
 IPv4Network('10.107.0.0/16'),
 IPv4Network('10.108.0.0/16'),
 IPv4Network('10.109.0.0/16'),
 IPv4Network('10.110.0.0/16'),
 IPv4Network('10.111.0.0/16'),
 IPv4Network('10.112.0.0/16'),
 IPv4Network('10.113.0.0/16'),
 IPv4Network('10.114.0.0/16'),
 IPv4Network('10.115.0.0/16'),
 IPv4Network('10.116.0.0/16'),
 IPv4Network('10.117.0.0/16'),
 IPv4Network('10.118.0.0/16'),
 IPv4Network('10.119.0.0/16'),
 IPv4Network('10.120.0.0/16'),
 IPv4Network('10.121.0.0/16'),
 IPv4Network('10.122.0.0/16'),
 IPv4Network('10.123.0.0/16'),
 IPv4Network('10.124.0.0/16'),
 IPv4Network('10.125.0.0/16'),
 IPv4Network('10.126.0.0/16'),
 IPv4Network('10.127.0.0/16'),
 IPv4Network('10.128.0.0/16'),
 IPv4Network('10.129.0.0/16'),
 IPv4Network('10.130.0.0/16'),
 IPv4Network('10.131.0.0/16'),
 IPv4Network('10.132.0.0/16'),
 IPv4Network('10.133.0.0/16'),
 IPv4Network('10.134.0.0/16'),
 IPv4Network('10.135.0.0/16'),
 IPv4Network('10.136.0.0/16'),
 IPv4Network('10.137.0.0/16'),
 IPv4Network('10.138.0.0/16'),
 IPv4Network('10.139.0.0/16'),
 IPv4Network('10.140.0.0/16'),
 IPv4Network('10.141.0.0/16'),
 IPv4Network('10.142.0.0/16'),
 IPv4Network('10.143.0.0/16'),
 IPv4Network('10.144.0.0/16'),
 IPv4Network('10.145.0.0/16'),
 IPv4Network('10.146.0.0/16'),
 IPv4Network('10.147.0.0/16'),
 IPv4Network('10.148.0.0/16'),
 IPv4Network('10.149.0.0/16'),
 IPv4Network('10.150.0.0/16'),
 IPv4Network('10.151.0.0/16'),
 IPv4Network('10.152.0.0/16'),
 IPv4Network('10.153.0.0/16'),
 IPv4Network('10.154.0.0/16'),
 IPv4Network('10.155.0.0/16'),
 IPv4Network('10.156.0.0/16'),
 IPv4Network('10.157.0.0/16'),
 IPv4Network('10.158.0.0/16'),
 IPv4Network('10.159.0.0/16'),
 IPv4Network('10.160.0.0/16'),
 IPv4Network('10.161.0.0/16'),
 IPv4Network('10.162.0.0/16'),
 IPv4Network('10.163.0.0/16'),
 IPv4Network('10.164.0.0/16'),
 IPv4Network('10.165.0.0/16'),
 IPv4Network('10.166.0.0/16'),
 IPv4Network('10.167.0.0/16'),
 IPv4Network('10.168.0.0/16'),
 IPv4Network('10.169.0.0/16'),
 IPv4Network('10.170.0.0/16'),
 IPv4Network('10.171.0.0/16'),
 IPv4Network('10.172.0.0/16'),
 IPv4Network('10.173.0.0/16'),
 IPv4Network('10.174.0.0/16'),
 IPv4Network('10.175.0.0/16'),
 IPv4Network('10.176.0.0/16'),
 IPv4Network('10.177.0.0/16'),
 IPv4Network('10.178.0.0/16'),
 IPv4Network('10.179.0.0/16'),
 IPv4Network('10.180.0.0/16'),
 IPv4Network('10.181.0.0/16'),
 IPv4Network('10.182.0.0/16'),
 IPv4Network('10.183.0.0/16'),
 IPv4Network('10.184.0.0/16'),
 IPv4Network('10.185.0.0/16'),
 IPv4Network('10.186.0.0/16'),
 IPv4Network('10.187.0.0/16'),
 IPv4Network('10.188.0.0/16'),
 IPv4Network('10.189.0.0/16'),
 IPv4Network('10.190.0.0/16'),
 IPv4Network('10.191.0.0/16'),
 IPv4Network('10.192.0.0/16'),
 IPv4Network('10.193.0.0/16'),
 IPv4Network('10.194.0.0/16'),
 IPv4Network('10.195.0.0/16'),
 IPv4Network('10.196.0.0/16'),
 IPv4Network('10.197.0.0/16'),
 IPv4Network('10.198.0.0/16'),
 IPv4Network('10.199.0.0/16')]
[IPv4Network('10.0.0.0/8'),
 IPv4Network('129.79.0.0/16'),
 IPv4Network('134.68.0.0/16'),
 IPv4Network('140.182.0.0/16'),
 IPv4Network('149.159.0.0/16'),
 IPv4Network('149.160.0.0/14'),
 IPv4Network('156.56.0.0/16'),
 IPv4Network('172.16.0.0/12'),
 IPv4Network('192.168.0.0/24'),
 IPv6Network('::/128'),
 IPv4Network('10.0.0.0/16'),
 IPv4Network('10.1.0.0/16'),
 IPv4Network('10.2.0.0/16'),
 IPv4Network('10.3.0.0/16'),
 IPv4Network('10.4.0.0/16'),
 IPv4Network('10.5.0.0/16'),
 IPv4Network('10.6.0.0/16'),
 IPv4Network('10.7.0.0/16'),
 IPv4Network('10.8.0.0/16'),
 IPv4Network('10.9.0.0/16'),
 IPv4Network('10.10.0.0/16'),
 IPv4Network('10.11.0.0/16'),
 IPv4Network('10.12.0.0/16'),
 IPv4Network('10.13.0.0/16'),
 IPv4Network('10.14.0.0/16'),
 IPv4Network('10.15.0.0/16'),
 IPv4Network('10.16.0.0/16'),
 IPv4Network('10.17.0.0/16'),
 IPv4Network('10.18.0.0/16'),
 IPv4Network('10.19.0.0/16'),
 IPv4Network('10.20.0.0/16'),
 IPv4Network('10.21.0.0/16'),
 IPv4Network('10.22.0.0/16'),
 IPv4Network('10.23.0.0/16'),
 IPv4Network('10.24.0.0/16'),
 IPv4Network('10.25.0.0/16'),
 IPv4Network('10.26.0.0/16'),
 IPv4Network('10.27.0.0/16'),
 IPv4Network('10.28.0.0/16'),
 IPv4Network('10.29.0.0/16'),
 IPv4Network('10.30.0.0/16'),
 IPv4Network('10.31.0.0/16'),
 IPv4Network('10.32.0.0/16'),
 IPv4Network('10.33.0.0/16'),
 IPv4Network('10.34.0.0/16'),
 IPv4Network('10.35.0.0/16'),
 IPv4Network('10.36.0.0/16'),
 IPv4Network('10.37.0.0/16'),
 IPv4Network('10.38.0.0/16'),
 IPv4Network('10.39.0.0/16'),
 IPv4Network('10.40.0.0/16'),
 IPv4Network('10.41.0.0/16'),
 IPv4Network('10.42.0.0/16'),
 IPv4Network('10.43.0.0/16'),
 IPv4Network('10.44.0.0/16'),
 IPv4Network('10.45.0.0/16'),
 IPv4Network('10.46.0.0/16'),
 IPv4Network('10.47.0.0/16'),
 IPv4Network('10.48.0.0/16'),
 IPv4Network('10.49.0.0/16'),
 IPv4Network('10.50.0.0/16'),
 IPv4Network('10.51.0.0/16'),
 IPv4Network('10.52.0.0/16'),
 IPv4Network('10.53.0.0/16'),
 IPv4Network('10.54.0.0/16'),
 IPv4Network('10.55.0.0/16'),
 IPv4Network('10.56.0.0/16'),
 IPv4Network('10.57.0.0/16'),
 IPv4Network('10.58.0.0/16'),
 IPv4Network('10.59.0.0/16'),
 IPv4Network('10.60.0.0/16'),
 IPv4Network('10.61.0.0/16'),
 IPv4Network('10.62.0.0/16'),
 IPv4Network('10.63.0.0/16'),
 IPv4Network('10.64.0.0/16'),
 IPv4Network('10.65.0.0/16'),
 IPv4Network('10.66.0.0/16'),
 IPv4Network('10.67.0.0/16'),
 IPv4Network('10.68.0.0/16'),
 IPv4Network('10.69.0.0/16'),
 IPv4Network('10.70.0.0/16'),
 IPv4Network('10.71.0.0/16'),
 IPv4Network('10.72.0.0/16'),
 IPv4Network('10.73.0.0/16'),
 IPv4Network('10.74.0.0/16'),
 IPv4Network('10.75.0.0/16'),
 IPv4Network('10.76.0.0/16'),
 IPv4Network('10.77.0.0/16'),
 IPv4Network('10.78.0.0/16'),
 IPv4Network('10.79.0.0/16'),
 IPv4Network('10.80.0.0/16'),
 IPv4Network('10.81.0.0/16'),
 IPv4Network('10.82.0.0/16'),
 IPv4Network('10.83.0.0/16'),
 IPv4Network('10.84.0.0/16'),
 IPv4Network('10.85.0.0/16'),
 IPv4Network('10.86.0.0/16'),
 IPv4Network('10.87.0.0/16'),
 IPv4Network('10.88.0.0/16'),
 IPv4Network('10.89.0.0/16'),
 IPv4Network('10.90.0.0/16'),
 IPv4Network('10.91.0.0/16'),
 IPv4Network('10.92.0.0/16'),
 IPv4Network('10.93.0.0/16'),
 IPv4Network('10.94.0.0/16'),
 IPv4Network('10.95.0.0/16'),
 IPv4Network('10.96.0.0/16'),
 IPv4Network('10.97.0.0/16'),
 IPv4Network('10.98.0.0/16'),
 IPv4Network('10.99.0.0/16'),
 IPv4Network('10.100.0.0/16'),
 IPv4Network('10.101.0.0/16'),
 IPv4Network('10.102.0.0/16'),
 IPv4Network('10.103.0.0/16'),
 IPv4Network('10.104.0.0/16'),
 IPv4Network('10.105.0.0/16'),
 IPv4Network('10.106.0.0/16'),
 IPv4Network('10.107.0.0/16'),
 IPv4Network('10.108.0.0/16'),
 IPv4Network('10.109.0.0/16'),
 IPv4Network('10.110.0.0/16'),
 IPv4Network('10.111.0.0/16'),
 IPv4Network('10.112.0.0/16'),
 IPv4Network('10.113.0.0/16'),
 IPv4Network('10.114.0.0/16'),
 IPv4Network('10.115.0.0/16'),
 IPv4Network('10.116.0.0/16'),
 IPv4Network('10.117.0.0/16'),
 IPv4Network('10.118.0.0/16'),
 IPv4Network('10.119.0.0/16'),
 IPv4Network('10.120.0.0/16'),
 IPv4Network('10.121.0.0/16'),
 IPv4Network('10.122.0.0/16'),
 IPv4Network('10.123.0.0/16'),
 IPv4Network('10.124.0.0/16'),
 IPv4Network('10.125.0.0/16'),
 IPv4Network('10.126.0.0/16'),
 IPv4Network('10.127.0.0/16'),
 IPv4Network('10.128.0.0/16'),
 IPv4Network('10.129.0.0/16'),
 IPv4Network('10.130.0.0/16'),
 IPv4Network('10.131.0.0/16'),
 IPv4Network('10.132.0.0/16'),
 IPv4Network('10.133.0.0/16'),
 IPv4Network('10.134.0.0/16'),
 IPv4Network('10.135.0.0/16'),
 IPv4Network('10.136.0.0/16'),
 IPv4Network('10.137.0.0/16'),
 IPv4Network('10.138.0.0/16'),
 IPv4Network('10.139.0.0/16'),
 IPv4Network('10.140.0.0/16'),
 IPv4Network('10.141.0.0/16'),
 IPv4Network('10.142.0.0/16'),
 IPv4Network('10.143.0.0/16'),
 IPv4Network('10.144.0.0/16'),
 IPv4Network('10.145.0.0/16'),
 IPv4Network('10.146.0.0/16'),
 IPv4Network('10.147.0.0/16'),
 IPv4Network('10.148.0.0/16'),
 IPv4Network('10.149.0.0/16'),
 IPv4Network('10.150.0.0/16'),
 IPv4Network('10.151.0.0/16'),
 IPv4Network('10.152.0.0/16'),
 IPv4Network('10.153.0.0/16'),
 IPv4Network('10.154.0.0/16'),
 IPv4Network('10.155.0.0/16'),
 IPv4Network('10.156.0.0/16'),
 IPv4Network('10.157.0.0/16'),
 IPv4Network('10.158.0.0/16'),
 IPv4Network('10.159.0.0/16'),
 IPv4Network('10.160.0.0/16'),
 IPv4Network('10.161.0.0/16'),
 IPv4Network('10.162.0.0/16'),
 IPv4Network('10.163.0.0/16'),
 IPv4Network('10.164.0.0/16'),
 IPv4Network('10.165.0.0/16'),
 IPv4Network('10.166.0.0/16'),
 IPv4Network('10.167.0.0/16'),
 IPv4Network('10.168.0.0/16'),
 IPv4Network('10.169.0.0/16'),
 IPv4Network('10.170.0.0/16'),
 IPv4Network('10.171.0.0/16'),
 IPv4Network('10.172.0.0/16'),
 IPv4Network('10.173.0.0/16'),
 IPv4Network('10.174.0.0/16'),
 IPv4Network('10.175.0.0/16'),
 IPv4Network('10.176.0.0/16'),
 IPv4Network('10.177.0.0/16'),
 IPv4Network('10.178.0.0/16'),
 IPv4Network('10.179.0.0/16'),
 IPv4Network('10.180.0.0/16'),
 IPv4Network('10.181.0.0/16'),
 IPv4Network('10.182.0.0/16'),
 IPv4Network('10.183.0.0/16'),
 IPv4Network('10.184.0.0/16'),
 IPv4Network('10.185.0.0/16'),
 IPv4Network('10.186.0.0/16'),
 IPv4Network('10.187.0.0/16'),
 IPv4Network('10.188.0.0/16'),
 IPv4Network('10.189.0.0/16'),
 IPv4Network('10.190.0.0/16'),
 IPv4Network('10.191.0.0/16'),
 IPv4Network('10.192.0.0/16'),
 IPv4Network('10.193.0.0/16'),
 IPv4Network('10.194.0.0/16'),
 IPv4Network('10.195.0.0/16'),
 IPv4Network('10.196.0.0/16'),
 IPv4Network('10.197.0.0/16'),
 IPv4Network('10.198.0.0/16'),
 IPv4Network('10.199.0.0/16')]
[IPv4Network('10.0.0.0/8'),
 IPv4Network('129.79.0.0/16'),
 IPv4Network('134.68.0.0/16'),
 IPv4Network('140.182.0.0/16'),
 IPv4Network('149.159.0.0/16'),
 IPv4Network('149.160.0.0/14'),
 IPv4Network('156.56.0.0/16'),
 IPv4Network('172.16.0.0/12'),
 IPv4Network('192.168.0.0/24'),
 IPv6Network('::/128'),
 IPv4Network('10.0.0.0/16'),
 IPv4Network('10.1.0.0/16'),
 IPv4Network('10.2.0.0/16'),
 IPv4Network('10.3.0.0/16'),
 IPv4Network('10.4.0.0/16'),
 IPv4Network('10.5.0.0/16'),
 IPv4Network('10.6.0.0/16'),
 IPv4Network('10.7.0.0/16'),
 IPv4Network('10.8.0.0/16'),
 IPv4Network('10.9.0.0/16'),
 IPv4Network('10.10.0.0/16'),
 IPv4Network('10.11.0.0/16'),
 IPv4Network('10.12.0.0/16'),
 IPv4Network('10.13.0.0/16'),
 IPv4Network('10.14.0.0/16'),
 IPv4Network('10.15.0.0/16'),
 IPv4Network('10.16.0.0/16'),
 IPv4Network('10.17.0.0/16'),
 IPv4Network('10.18.0.0/16'),
 IPv4Network('10.19.0.0/16'),
 IPv4Network('10.20.0.0/16'),
 IPv4Network('10.21.0.0/16'),
 IPv4Network('10.22.0.0/16'),
 IPv4Network('10.23.0.0/16'),
 IPv4Network('10.24.0.0/16'),
 IPv4Network('10.25.0.0/16'),
 IPv4Network('10.26.0.0/16'),
 IPv4Network('10.27.0.0/16'),
 IPv4Network('10.28.0.0/16'),
 IPv4Network('10.29.0.0/16'),
 IPv4Network('10.30.0.0/16'),
 IPv4Network('10.31.0.0/16'),
 IPv4Network('10.32.0.0/16'),
 IPv4Network('10.33.0.0/16'),
 IPv4Network('10.34.0.0/16'),
 IPv4Network('10.35.0.0/16'),
 IPv4Network('10.36.0.0/16'),
 IPv4Network('10.37.0.0/16'),
 IPv4Network('10.38.0.0/16'),
 IPv4Network('10.39.0.0/16'),
 IPv4Network('10.40.0.0/16'),
 IPv4Network('10.41.0.0/16'),
 IPv4Network('10.42.0.0/16'),
 IPv4Network('10.43.0.0/16'),
 IPv4Network('10.44.0.0/16'),
 IPv4Network('10.45.0.0/16'),
 IPv4Network('10.46.0.0/16'),
 IPv4Network('10.47.0.0/16'),
 IPv4Network('10.48.0.0/16'),
 IPv4Network('10.49.0.0/16'),
 IPv4Network('10.50.0.0/16'),
 IPv4Network('10.51.0.0/16'),
 IPv4Network('10.52.0.0/16'),
 IPv4Network('10.53.0.0/16'),
 IPv4Network('10.54.0.0/16'),
 IPv4Network('10.55.0.0/16'),
 IPv4Network('10.56.0.0/16'),
 IPv4Network('10.57.0.0/16'),
 IPv4Network('10.58.0.0/16'),
 IPv4Network('10.59.0.0/16'),
 IPv4Network('10.60.0.0/16'),
 IPv4Network('10.61.0.0/16'),
 IPv4Network('10.62.0.0/16'),
 IPv4Network('10.63.0.0/16'),
 IPv4Network('10.64.0.0/16'),
 IPv4Network('10.65.0.0/16'),
 IPv4Network('10.66.0.0/16'),
 IPv4Network('10.67.0.0/16'),
 IPv4Network('10.68.0.0/16'),
 IPv4Network('10.69.0.0/16'),
 IPv4Network('10.70.0.0/16'),
 IPv4Network('10.71.0.0/16'),
 IPv4Network('10.72.0.0/16'),
 IPv4Network('10.73.0.0/16'),
 IPv4Network('10.74.0.0/16'),
 IPv4Network('10.75.0.0/16'),
 IPv4Network('10.76.0.0/16'),
 IPv4Network('10.77.0.0/16'),
 IPv4Network('10.78.0.0/16'),
 IPv4Network('10.79.0.0/16'),
 IPv4Network('10.80.0.0/16'),
 IPv4Network('10.81.0.0/16'),
 IPv4Network('10.82.0.0/16'),
 IPv4Network('10.83.0.0/16'),
 IPv4Network('10.84.0.0/16'),
 IPv4Network('10.85.0.0/16'),
 IPv4Network('10.86.0.0/16'),
 IPv4Network('10.87.0.0/16'),
 IPv4Network('10.88.0.0/16'),
 IPv4Network('10.89.0.0/16'),
 IPv4Network('10.90.0.0/16'),
 IPv4Network('10.91.0.0/16'),
 IPv4Network('10.92.0.0/16'),
 IPv4Network('10.93.0.0/16'),
 IPv4Network('10.94.0.0/16'),
 IPv4Network('10.95.0.0/16'),
 IPv4Network('10.96.0.0/16'),
 IPv4Network('10.97.0.0/16'),
 IPv4Network('10.98.0.0/16'),
 IPv4Network('10.99.0.0/16'),
 IPv4Network('10.100.0.0/16'),
 IPv4Network('10.101.0.0/16'),
 IPv4Network('10.102.0.0/16'),
 IPv4Network('10.103.0.0/16'),
 IPv4Network('10.104.0.0/16'),
 IPv4Network('10.105.0.0/16'),
 IPv4Network('10.106.0.0/16'),
 IPv4Network('10.107.0.0/16'),
 IPv4Network('10.108.0.0/16'),
 IPv4Network('10.109.0.0/16'),
 IPv4Network('10.110.0.0/16'),
 IPv4Network('10.111.0.0/16'),
 IPv4Network('10.112.0.0/16'),
 IPv4Network('10.113.0.0/16'),
 IPv4Network('10.114.0.0/16'),
 IPv4Network('10.115.0.0/16'),
 IPv4Network('10.116.0.0/16'),
 IPv4Network('10.117.0.0/16'),
 IPv4Network('10.118.0.0/16'),
 IPv4Network('10.119.0.0/16'),
 IPv4Network('10.120.0.0/16'),
 IPv4Network('10.121.0.0/16'),
 IPv4Network('10.122.0.0/16'),
 IPv4Network('10.123.0.0/16'),
 IPv4Network('10.124.0.0/16'),
 IPv4Network('10.125.0.0/16'),
 IPv4Network('10.126.0.0/16'),
 IPv4Network('10.127.0.0/16'),
 IPv4Network('10.128.0.0/16'),
 IPv4Network('10.129.0.0/16'),
 IPv4Network('10.130.0.0/16'),
 IPv4Network('10.131.0.0/16'),
 IPv4Network('10.132.0.0/16'),
 IPv4Network('10.133.0.0/16'),
 IPv4Network('10.134.0.0/16'),
 IPv4Network('10.135.0.0/16'),
 IPv4Network('10.136.0.0/16'),
 IPv4Network('10.137.0.0/16'),
 IPv4Network('10.138.0.0/16'),
 IPv4Network('10.139.0.0/16'),
 IPv4Network('10.140.0.0/16'),
 IPv4Network('10.141.0.0/16'),
 IPv4Network('10.142.0.0/16'),
 IPv4Network('10.143.0.0/16'),
 IPv4Network('10.144.0.0/16'),
 IPv4Network('10.145.0.0/16'),
 IPv4Network('10.146.0.0/16'),
 IPv4Network('10.147.0.0/16'),
 IPv4Network('10.148.0.0/16'),
 IPv4Network('10.149.0.0/16'),
 IPv4Network('10.150.0.0/16'),
 IPv4Network('10.151.0.0/16'),
 IPv4Network('10.152.0.0/16'),
 IPv4Network('10.153.0.0/16'),
 IPv4Network('10.154.0.0/16'),
 IPv4Network('10.155.0.0/16'),
 IPv4Network('10.156.0.0/16'),
 IPv4Network('10.157.0.0/16'),
 IPv4Network('10.158.0.0/16'),
 IPv4Network('10.159.0.0/16'),
 IPv4Network('10.160.0.0/16'),
 IPv4Network('10.161.0.0/16'),
 IPv4Network('10.162.0.0/16'),
 IPv4Network('10.163.0.0/16'),
 IPv4Network('10.164.0.0/16'),
 IPv4Network('10.165.0.0/16'),
 IPv4Network('10.166.0.0/16'),
 IPv4Network('10.167.0.0/16'),
 IPv4Network('10.168.0.0/16'),
 IPv4Network('10.169.0.0/16'),
 IPv4Network('10.170.0.0/16'),
 IPv4Network('10.171.0.0/16'),
 IPv4Network('10.172.0.0/16'),
 IPv4Network('10.173.0.0/16'),
 IPv4Network('10.174.0.0/16'),
 IPv4Network('10.175.0.0/16'),
 IPv4Network('10.176.0.0/16'),
 IPv4Network('10.177.0.0/16'),
 IPv4Network('10.178.0.0/16'),
 IPv4Network('10.179.0.0/16'),
 IPv4Network('10.180.0.0/16'),
 IPv4Network('10.181.0.0/16'),
 IPv4Network('10.182.0.0/16'),
 IPv4Network('10.183.0.0/16'),
 IPv4Network('10.184.0.0/16'),
 IPv4Network('10.185.0.0/16'),
 IPv4Network('10.186.0.0/16'),
 IPv4Network('10.187.0.0/16'),
 IPv4Network('10.188.0.0/16'),
 IPv4Network('10.189.0.0/16'),
 IPv4Network('10.190.0.0/16'),
 IPv4Network('10.191.0.0/16'),
 IPv4Network('10.192.0.0/16'),
 IPv4Network('10.193.0.0/16'),
 IPv4Network('10.194.0.0/16'),
 IPv4Network('10.195.0.0/16'),
 IPv4Network('10.196.0.0/16'),
 IPv4Network('10.197.0.0/16'),
 IPv4Network('10.198.0.0/16'),
 IPv4Network('10.199.0.0/16')]
[IPv4Network('10.0.0.0/8'),
 IPv4Network('129.79.0.0/16'),
 IPv4Network('134.68.0.0/16'),
 IPv4Network('140.182.0.0/16'),
 IPv4Network('149.159.0.0/16'),
 IPv4Network('149.160.0.0/14'),
 IPv4Network('156.56.0.0/16'),
 IPv4Network('172.16.0.0/12'),
 IPv4Network('192.168.0.0/24'),
 IPv6Network('::/128'),
 IPv4Network('10.0.0.0/16'),
 IPv4Network('10.1.0.0/16'),
 IPv4Network('10.2.0.0/16'),
 IPv4Network('10.3.0.0/16'),
 IPv4Network('10.4.0.0/16'),
 IPv4Network('10.5.0.0/16'),
 IPv4Network('10.6.0.0/16'),
 IPv4Network('10.7.0.0/16'),
 IPv4Network('10.8.0.0/16'),
 IPv4Network('10.9.0.0/16'),
 IPv4Network('10.10.0.0/16'),
 IPv4Network('10.11.0.0/16'),
 IPv4Network('10.12.0.0/16'),
 IPv4Network('10.13.0.0/16'),
 IPv4Network('10.14.0.0/16'),
 IPv4Network('10.15.0.0/16'),
 IPv4Network('10.16.0.0/16'),
 IPv4Network('10.17.0.0/16'),
 IPv4Network('10.18.0.0/16'),
 IPv4Network('10.19.0.0/16'),
 IPv4Network('10.20.0.0/16'),
 IPv4Network('10.21.0.0/16'),
 IPv4Network('10.22.0.0/16'),
 IPv4Network('10.23.0.0/16'),
 IPv4Network('10.24.0.0/16'),
 IPv4Network('10.25.0.0/16'),
 IPv4Network('10.26.0.0/16'),
 IPv4Network('10.27.0.0/16'),
 IPv4Network('10.28.0.0/16'),
 IPv4Network('10.29.0.0/16'),
 IPv4Network('10.30.0.0/16'),
 IPv4Network('10.31.0.0/16'),
 IPv4Network('10.32.0.0/16'),
 IPv4Network('10.33.0.0/16'),
 IPv4Network('10.34.0.0/16'),
 IPv4Network('10.35.0.0/16'),
 IPv4Network('10.36.0.0/16'),
 IPv4Network('10.37.0.0/16'),
 IPv4Network('10.38.0.0/16'),
 IPv4Network('10.39.0.0/16'),
 IPv4Network('10.40.0.0/16'),
 IPv4Network('10.41.0.0/16'),
 IPv4Network('10.42.0.0/16'),
 IPv4Network('10.43.0.0/16'),
 IPv4Network('10.44.0.0/16'),
 IPv4Network('10.45.0.0/16'),
 IPv4Network('10.46.0.0/16'),
 IPv4Network('10.47.0.0/16'),
 IPv4Network('10.48.0.0/16'),
 IPv4Network('10.49.0.0/16'),
 IPv4Network('10.50.0.0/16'),
 IPv4Network('10.51.0.0/16'),
 IPv4Network('10.52.0.0/16'),
 IPv4Network('10.53.0.0/16'),
 IPv4Network('10.54.0.0/16'),
 IPv4Network('10.55.0.0/16'),
 IPv4Network('10.56.0.0/16'),
 IPv4Network('10.57.0.0/16'),
 IPv4Network('10.58.0.0/16'),
 IPv4Network('10.59.0.0/16'),
 IPv4Network('10.60.0.0/16'),
 IPv4Network('10.61.0.0/16'),
 IPv4Network('10.62.0.0/16'),
 IPv4Network('10.63.0.0/16'),
 IPv4Network('10.64.0.0/16'),
 IPv4Network('10.65.0.0/16'),
 IPv4Network('10.66.0.0/16'),
 IPv4Network('10.67.0.0/16'),
 IPv4Network('10.68.0.0/16'),
 IPv4Network('10.69.0.0/16'),
 IPv4Network('10.70.0.0/16'),
 IPv4Network('10.71.0.0/16'),
 IPv4Network('10.72.0.0/16'),
 IPv4Network('10.73.0.0/16'),
 IPv4Network('10.74.0.0/16'),
 IPv4Network('10.75.0.0/16'),
 IPv4Network('10.76.0.0/16'),
 IPv4Network('10.77.0.0/16'),
 IPv4Network('10.78.0.0/16'),
 IPv4Network('10.79.0.0/16'),
 IPv4Network('10.80.0.0/16'),
 IPv4Network('10.81.0.0/16'),
 IPv4Network('10.82.0.0/16'),
 IPv4Network('10.83.0.0/16'),
 IPv4Network('10.84.0.0/16'),
 IPv4Network('10.85.0.0/16'),
 IPv4Network('10.86.0.0/16'),
 IPv4Network('10.87.0.0/16'),
 IPv4Network('10.88.0.0/16'),
 IPv4Network('10.89.0.0/16'),
 IPv4Network('10.90.0.0/16'),
 IPv4Network('10.91.0.0/16'),
 IPv4Network('10.92.0.0/16'),
 IPv4Network('10.93.0.0/16'),
 IPv4Network('10.94.0.0/16'),
 IPv4Network('10.95.0.0/16'),
 IPv4Network('10.96.0.0/16'),
 IPv4Network('10.97.0.0/16'),
 IPv4Network('10.98.0.0/16'),
 IPv4Network('10.99.0.0/16'),
 IPv4Network('10.100.0.0/16'),
 IPv4Network('10.101.0.0/16'),
 IPv4Network('10.102.0.0/16'),
 IPv4Network('10.103.0.0/16'),
 IPv4Network('10.104.0.0/16'),
 IPv4Network('10.105.0.0/16'),
 IPv4Network('10.106.0.0/16'),
 IPv4Network('10.107.0.0/16'),
 IPv4Network('10.108.0.0/16'),
 IPv4Network('10.109.0.0/16'),
 IPv4Network('10.110.0.0/16'),
 IPv4Network('10.111.0.0/16'),
 IPv4Network('10.112.0.0/16'),
 IPv4Network('10.113.0.0/16'),
 IPv4Network('10.114.0.0/16'),
 IPv4Network('10.115.0.0/16'),
 IPv4Network('10.116.0.0/16'),
 IPv4Network('10.117.0.0/16'),
 IPv4Network('10.118.0.0/16'),
 IPv4Network('10.119.0.0/16'),
 IPv4Network('10.120.0.0/16'),
 IPv4Network('10.121.0.0/16'),
 IPv4Network('10.122.0.0/16'),
 IPv4Network('10.123.0.0/16'),
 IPv4Network('10.124.0.0/16'),
 IPv4Network('10.125.0.0/16'),
 IPv4Network('10.126.0.0/16'),
 IPv4Network('10.127.0.0/16'),
 IPv4Network('10.128.0.0/16'),
 IPv4Network('10.129.0.0/16'),
 IPv4Network('10.130.0.0/16'),
 IPv4Network('10.131.0.0/16'),
 IPv4Network('10.132.0.0/16'),
 IPv4Network('10.133.0.0/16'),
 IPv4Network('10.134.0.0/16'),
 IPv4Network('10.135.0.0/16'),
 IPv4Network('10.136.0.0/16'),
 IPv4Network('10.137.0.0/16'),
 IPv4Network('10.138.0.0/16'),
 IPv4Network('10.139.0.0/16'),
 IPv4Network('10.140.0.0/16'),
 IPv4Network('10.141.0.0/16'),
 IPv4Network('10.142.0.0/16'),
 IPv4Network('10.143.0.0/16'),
 IPv4Network('10.144.0.0/16'),
 IPv4Network('10.145.0.0/16'),
 IPv4Network('10.146.0.0/16'),
 IPv4Network('10.147.0.0/16'),
 IPv4Network('10.148.0.0/16'),
 IPv4Network('10.149.0.0/16'),
 IPv4Network('10.150.0.0/16'),
 IPv4Network('10.151.0.0/16'),
 IPv4Network('10.152.0.0/16'),
 IPv4Network('10.153.0.0/16'),
 IPv4Network('10.154.0.0/16'),
 IPv4Network('10.155.0.0/16'),
 IPv4Network('10.156.0.0/16'),
 IPv4Network('10.157.0.0/16'),
 IPv4Network('10.158.0.0/16'),
 IPv4Network('10.159.0.0/16'),
 IPv4Network('10.160.0.0/16'),
 IPv4Network('10.161.0.0/16'),
 IPv4Network('10.162.0.0/16'),
 IPv4Network('10.163.0.0/16'),
 IPv4Network('10.164.0.0/16'),
 IPv4Network('10.165.0.0/16'),
 IPv4Network('10.166.0.0/16'),
 IPv4Network('10.167.0.0/16'),
 IPv4Network('10.168.0.0/16'),
 IPv4Network('10.169.0.0/16'),
 IPv4Network('10.170.0.0/16'),
 IPv4Network('10.171.0.0/16'),
 IPv4Network('10.172.0.0/16'),
 IPv4Network('10.173.0.0/16'),
 IPv4Network('10.174.0.0/16'),
 IPv4Network('10.175.0.0/16'),
 IPv4Network('10.176.0.0/16'),
 IPv4Network('10.177.0.0/16'),
 IPv4Network('10.178.0.0/16'),
 IPv4Network('10.179.0.0/16'),
 IPv4Network('10.180.0.0/16'),
 IPv4Network('10.181.0.0/16'),
 IPv4Network('10.182.0.0/16'),
 IPv4Network('10.183.0.0/16'),
 IPv4Network('10.184.0.0/16'),
 IPv4Network('10.185.0.0/16'),
 IPv4Network('10.186.0.0/16'),
 IPv4Network('10.187.0.0/16'),
 IPv4Network('10.188.0.0/16'),
 IPv4Network('10.189.0.0/16'),
 IPv4Network('10.190.0.0/16'),
 IPv4Network('10.191.0.0/16'),
 IPv4Network('10.192.0.0/16'),
 IPv4Network('10.193.0.0/16'),
 IPv4Network('10.194.0.0/16'),
 IPv4Network('10.195.0.0/16'),
 IPv4Network('10.196.0.0/16'),
 IPv4Network('10.197.0.0/16'),
 IPv4Network('10.198.0.0/16'),
 IPv4Network('10.199.0.0/16'),
 IPv4Network('10.200.0.0/16'),
 IPv4Network('10.201.0.0/16')]
[IPv4Network('10.0.0.0/8'),
 IPv4Network('129.79.0.0/16'),
 IPv4Network('134.68.0.0/16'),
 IPv4Network('140.182.0.0/16'),
 IPv4Network('149.159.0.0/16'),
 IPv4Network('149.160.0.0/14'),
 IPv4Network('156.56.0.0/16'),
 IPv4Network('172.16.0.0/12'),
 IPv4Network('192.168.0.0/24'),
 IPv6Network('::/128'),
 IPv4Network('10.0.0.0/16'),
 IPv4Network('10.1.0.0/16'),
 IPv4Network('10.2.0.0/16'),
 IPv4Network('10.3.0.0/16'),
 IPv4Network('10.4.0.0/16'),
 IPv4Network('10.5.0.0/16'),
 IPv4Network('10.6.0.0/16'),
 IPv4Network('10.7.0.0/16'),
 IPv4Network('10.8.0.0/16'),
 IPv4Network('10.9.0.0/16'),
 IPv4Network('10.10.0.0/16'),
 IPv4Network('10.11.0.0/16'),
 IPv4Network('10.12.0.0/16'),
 IPv4Network('10.13.0.0/16'),
 IPv4Network('10.14.0.0/16'),
 IPv4Network('10.15.0.0/16'),
 IPv4Network('10.16.0.0/16'),
 IPv4Network('10.17.0.0/16'),
 IPv4Network('10.18.0.0/16'),
 IPv4Network('10.19.0.0/16'),
 IPv4Network('10.20.0.0/16'),
 IPv4Network('10.21.0.0/16'),
 IPv4Network('10.22.0.0/16'),
 IPv4Network('10.23.0.0/16'),
 IPv4Network('10.24.0.0/16'),
 IPv4Network('10.25.0.0/16'),
 IPv4Network('10.26.0.0/16'),
 IPv4Network('10.27.0.0/16'),
 IPv4Network('10.28.0.0/16'),
 IPv4Network('10.29.0.0/16'),
 IPv4Network('10.30.0.0/16'),
 IPv4Network('10.31.0.0/16'),
 IPv4Network('10.32.0.0/16'),
 IPv4Network('10.33.0.0/16'),
 IPv4Network('10.34.0.0/16'),
 IPv4Network('10.35.0.0/16'),
 IPv4Network('10.36.0.0/16'),
 IPv4Network('10.37.0.0/16'),
 IPv4Network('10.38.0.0/16'),
 IPv4Network('10.39.0.0/16'),
 IPv4Network('10.40.0.0/16'),
 IPv4Network('10.41.0.0/16'),
 IPv4Network('10.42.0.0/16'),
 IPv4Network('10.43.0.0/16'),
 IPv4Network('10.44.0.0/16'),
 IPv4Network('10.45.0.0/16'),
 IPv4Network('10.46.0.0/16'),
 IPv4Network('10.47.0.0/16'),
 IPv4Network('10.48.0.0/16'),
 IPv4Network('10.49.0.0/16'),
 IPv4Network('10.50.0.0/16'),
 IPv4Network('10.51.0.0/16'),
 IPv4Network('10.52.0.0/16'),
 IPv4Network('10.53.0.0/16'),
 IPv4Network('10.54.0.0/16'),
 IPv4Network('10.55.0.0/16'),
 IPv4Network('10.56.0.0/16'),
 IPv4Network('10.57.0.0/16'),
 IPv4Network('10.58.0.0/16'),
 IPv4Network('10.59.0.0/16'),
 IPv4Network('10.60.0.0/16'),
 IPv4Network('10.61.0.0/16'),
 IPv4Network('10.62.0.0/16'),
 IPv4Network('10.63.0.0/16'),
 IPv4Network('10.64.0.0/16'),
 IPv4Network('10.65.0.0/16'),
 IPv4Network('10.66.0.0/16'),
 IPv4Network('10.67.0.0/16'),
 IPv4Network('10.68.0.0/16'),
 IPv4Network('10.69.0.0/16'),
 IPv4Network('10.70.0.0/16'),
 IPv4Network('10.71.0.0/16'),
 IPv4Network('10.72.0.0/16'),
 IPv4Network('10.73.0.0/16'),
 IPv4Network('10.74.0.0/16'),
 IPv4Network('10.75.0.0/16'),
 IPv4Network('10.76.0.0/16'),
 IPv4Network('10.77.0.0/16'),
 IPv4Network('10.78.0.0/16'),
 IPv4Network('10.79.0.0/16'),
 IPv4Network('10.80.0.0/16'),
 IPv4Network('10.81.0.0/16'),
 IPv4Network('10.82.0.0/16'),
 IPv4Network('10.83.0.0/16'),
 IPv4Network('10.84.0.0/16'),
 IPv4Network('10.85.0.0/16'),
 IPv4Network('10.86.0.0/16'),
 IPv4Network('10.87.0.0/16'),
 IPv4Network('10.88.0.0/16'),
 IPv4Network('10.89.0.0/16'),
 IPv4Network('10.90.0.0/16'),
 IPv4Network('10.91.0.0/16'),
 IPv4Network('10.92.0.0/16'),
 IPv4Network('10.93.0.0/16'),
 IPv4Network('10.94.0.0/16'),
 IPv4Network('10.95.0.0/16'),
 IPv4Network('10.96.0.0/16'),
 IPv4Network('10.97.0.0/16'),
 IPv4Network('10.98.0.0/16'),
 IPv4Network('10.99.0.0/16'),
 IPv4Network('10.100.0.0/16'),
 IPv4Network('10.101.0.0/16'),
 IPv4Network('10.102.0.0/16'),
 IPv4Network('10.103.0.0/16'),
 IPv4Network('10.104.0.0/16'),
 IPv4Network('10.105.0.0/16'),
 IPv4Network('10.106.0.0/16'),
 IPv4Network('10.107.0.0/16'),
 IPv4Network('10.108.0.0/16'),
 IPv4Network('10.109.0.0/16'),
 IPv4Network('10.110.0.0/16'),
 IPv4Network('10.111.0.0/16'),
 IPv4Network('10.112.0.0/16'),
 IPv4Network('10.113.0.0/16'),
 IPv4Network('10.114.0.0/16'),
 IPv4Network('10.115.0.0/16'),
 IPv4Network('10.116.0.0/16'),
 IPv4Network('10.117.0.0/16'),
 IPv4Network('10.118.0.0/16'),
 IPv4Network('10.119.0.0/16'),
 IPv4Network('10.120.0.0/16'),
 IPv4Network('10.121.0.0/16'),
 IPv4Network('10.122.0.0/16'),
 IPv4Network('10.123.0.0/16'),
 IPv4Network('10.124.0.0/16'),
 IPv4Network('10.125.0.0/16'),
 IPv4Network('10.126.0.0/16'),
 IPv4Network('10.127.0.0/16'),
 IPv4Network('10.128.0.0/16'),
 IPv4Network('10.129.0.0/16'),
 IPv4Network('10.130.0.0/16'),
 IPv4Network('10.131.0.0/16'),
 IPv4Network('10.132.0.0/16'),
 IPv4Network('10.133.0.0/16'),
 IPv4Network('10.134.0.0/16'),
 IPv4Network('10.135.0.0/16'),
 IPv4Network('10.136.0.0/16'),
 IPv4Network('10.137.0.0/16'),
 IPv4Network('10.138.0.0/16'),
 IPv4Network('10.139.0.0/16'),
 IPv4Network('10.140.0.0/16'),
 IPv4Network('10.141.0.0/16'),
 IPv4Network('10.142.0.0/16'),
 IPv4Network('10.143.0.0/16'),
 IPv4Network('10.144.0.0/16'),
 IPv4Network('10.145.0.0/16'),
 IPv4Network('10.146.0.0/16'),
 IPv4Network('10.147.0.0/16'),
 IPv4Network('10.148.0.0/16'),
 IPv4Network('10.149.0.0/16'),
 IPv4Network('10.150.0.0/16'),
 IPv4Network('10.151.0.0/16'),
 IPv4Network('10.152.0.0/16'),
 IPv4Network('10.153.0.0/16'),
 IPv4Network('10.154.0.0/16'),
 IPv4Network('10.155.0.0/16'),
 IPv4Network('10.156.0.0/16'),
 IPv4Network('10.157.0.0/16'),
 IPv4Network('10.158.0.0/16'),
 IPv4Network('10.159.0.0/16'),
 IPv4Network('10.160.0.0/16'),
 IPv4Network('10.161.0.0/16'),
 IPv4Network('10.162.0.0/16'),
 IPv4Network('10.163.0.0/16'),
 IPv4Network('10.164.0.0/16'),
 IPv4Network('10.165.0.0/16'),
 IPv4Network('10.166.0.0/16'),
 IPv4Network('10.167.0.0/16'),
 IPv4Network('10.168.0.0/16'),
 IPv4Network('10.169.0.0/16'),
 IPv4Network('10.170.0.0/16'),
 IPv4Network('10.171.0.0/16'),
 IPv4Network('10.172.0.0/16'),
 IPv4Network('10.173.0.0/16'),
 IPv4Network('10.174.0.0/16'),
 IPv4Network('10.175.0.0/16'),
 IPv4Network('10.176.0.0/16'),
 IPv4Network('10.177.0.0/16'),
 IPv4Network('10.178.0.0/16'),
 IPv4Network('10.179.0.0/16'),
 IPv4Network('10.180.0.0/16'),
 IPv4Network('10.181.0.0/16'),
 IPv4Network('10.182.0.0/16'),
 IPv4Network('10.183.0.0/16'),
 IPv4Network('10.184.0.0/16'),
 IPv4Network('10.185.0.0/16'),
 IPv4Network('10.186.0.0/16'),
 IPv4Network('10.187.0.0/16'),
 IPv4Network('10.188.0.0/16'),
 IPv4Network('10.189.0.0/16'),
 IPv4Network('10.190.0.0/16'),
 IPv4Network('10.191.0.0/16'),
 IPv4Network('10.192.0.0/16'),
 IPv4Network('10.193.0.0/16'),
 IPv4Network('10.194.0.0/16'),
 IPv4Network('10.195.0.0/16'),
 IPv4Network('10.196.0.0/16'),
 IPv4Network('10.197.0.0/16'),
 IPv4Network('10.198.0.0/16'),
 IPv4Network('10.199.0.0/16'),
 IPv4Network('10.200.0.0/16'),
 IPv4Network('10.201.0.0/16'),
 IPv4Network('10.202.0.0/16'),
 IPv4Network('10.203.0.0/16')]
[IPv4Network('10.0.0.0/8'),
 IPv4Network('129.79.0.0/16'),
 IPv4Network('134.68.0.0/16'),
 IPv4Network('140.182.0.0/16'),
 IPv4Network('149.159.0.0/16'),
 IPv4Network('149.160.0.0/14'),
 IPv4Network('156.56.0.0/16'),
 IPv4Network('172.16.0.0/12'),
 IPv4Network('192.168.0.0/24'),
 IPv6Network('::/128'),
 IPv4Network('10.0.0.0/16'),
 IPv4Network('10.1.0.0/16'),
 IPv4Network('10.2.0.0/16'),
 IPv4Network('10.3.0.0/16'),
 IPv4Network('10.4.0.0/16'),
 IPv4Network('10.5.0.0/16'),
 IPv4Network('10.6.0.0/16'),
 IPv4Network('10.7.0.0/16'),
 IPv4Network('10.8.0.0/16'),
 IPv4Network('10.9.0.0/16'),
 IPv4Network('10.10.0.0/16'),
 IPv4Network('10.11.0.0/16'),
 IPv4Network('10.12.0.0/16'),
 IPv4Network('10.13.0.0/16'),
 IPv4Network('10.14.0.0/16'),
 IPv4Network('10.15.0.0/16'),
 IPv4Network('10.16.0.0/16'),
 IPv4Network('10.17.0.0/16'),
 IPv4Network('10.18.0.0/16'),
 IPv4Network('10.19.0.0/16'),
 IPv4Network('10.20.0.0/16'),
 IPv4Network('10.21.0.0/16'),
 IPv4Network('10.22.0.0/16'),
 IPv4Network('10.23.0.0/16'),
 IPv4Network('10.24.0.0/16'),
 IPv4Network('10.25.0.0/16'),
 IPv4Network('10.26.0.0/16'),
 IPv4Network('10.27.0.0/16'),
 IPv4Network('10.28.0.0/16'),
 IPv4Network('10.29.0.0/16'),
 IPv4Network('10.30.0.0/16'),
 IPv4Network('10.31.0.0/16'),
 IPv4Network('10.32.0.0/16'),
 IPv4Network('10.33.0.0/16'),
 IPv4Network('10.34.0.0/16'),
 IPv4Network('10.35.0.0/16'),
 IPv4Network('10.36.0.0/16'),
 IPv4Network('10.37.0.0/16'),
 IPv4Network('10.38.0.0/16'),
 IPv4Network('10.39.0.0/16'),
 IPv4Network('10.40.0.0/16'),
 IPv4Network('10.41.0.0/16'),
 IPv4Network('10.42.0.0/16'),
 IPv4Network('10.43.0.0/16'),
 IPv4Network('10.44.0.0/16'),
 IPv4Network('10.45.0.0/16'),
 IPv4Network('10.46.0.0/16'),
 IPv4Network('10.47.0.0/16'),
 IPv4Network('10.48.0.0/16'),
 IPv4Network('10.49.0.0/16'),
 IPv4Network('10.50.0.0/16'),
 IPv4Network('10.51.0.0/16'),
 IPv4Network('10.52.0.0/16'),
 IPv4Network('10.53.0.0/16'),
 IPv4Network('10.54.0.0/16'),
 IPv4Network('10.55.0.0/16'),
 IPv4Network('10.56.0.0/16'),
 IPv4Network('10.57.0.0/16'),
 IPv4Network('10.58.0.0/16'),
 IPv4Network('10.59.0.0/16'),
 IPv4Network('10.60.0.0/16'),
 IPv4Network('10.61.0.0/16'),
 IPv4Network('10.62.0.0/16'),
 IPv4Network('10.63.0.0/16'),
 IPv4Network('10.64.0.0/16'),
 IPv4Network('10.65.0.0/16'),
 IPv4Network('10.66.0.0/16'),
 IPv4Network('10.67.0.0/16'),
 IPv4Network('10.68.0.0/16'),
 IPv4Network('10.69.0.0/16'),
 IPv4Network('10.70.0.0/16'),
 IPv4Network('10.71.0.0/16'),
 IPv4Network('10.72.0.0/16'),
 IPv4Network('10.73.0.0/16'),
 IPv4Network('10.74.0.0/16'),
 IPv4Network('10.75.0.0/16'),
 IPv4Network('10.76.0.0/16'),
 IPv4Network('10.77.0.0/16'),
 IPv4Network('10.78.0.0/16'),
 IPv4Network('10.79.0.0/16'),
 IPv4Network('10.80.0.0/16'),
 IPv4Network('10.81.0.0/16'),
 IPv4Network('10.82.0.0/16'),
 IPv4Network('10.83.0.0/16'),
 IPv4Network('10.84.0.0/16'),
 IPv4Network('10.85.0.0/16'),
 IPv4Network('10.86.0.0/16'),
 IPv4Network('10.87.0.0/16'),
 IPv4Network('10.88.0.0/16'),
 IPv4Network('10.89.0.0/16'),
 IPv4Network('10.90.0.0/16'),
 IPv4Network('10.91.0.0/16'),
 IPv4Network('10.92.0.0/16'),
 IPv4Network('10.93.0.0/16'),
 IPv4Network('10.94.0.0/16'),
 IPv4Network('10.95.0.0/16'),
 IPv4Network('10.96.0.0/16'),
 IPv4Network('10.97.0.0/16'),
 IPv4Network('10.98.0.0/16'),
 IPv4Network('10.99.0.0/16'),
 IPv4Network('10.100.0.0/16'),
 IPv4Network('10.101.0.0/16'),
 IPv4Network('10.102.0.0/16'),
 IPv4Network('10.103.0.0/16'),
 IPv4Network('10.104.0.0/16'),
 IPv4Network('10.105.0.0/16'),
 IPv4Network('10.106.0.0/16'),
 IPv4Network('10.107.0.0/16'),
 IPv4Network('10.108.0.0/16'),
 IPv4Network('10.109.0.0/16'),
 IPv4Network('10.110.0.0/16'),
 IPv4Network('10.111.0.0/16'),
 IPv4Network('10.112.0.0/16'),
 IPv4Network('10.113.0.0/16'),
 IPv4Network('10.114.0.0/16'),
 IPv4Network('10.115.0.0/16'),
 IPv4Network('10.116.0.0/16'),
 IPv4Network('10.117.0.0/16'),
 IPv4Network('10.118.0.0/16'),
 IPv4Network('10.119.0.0/16'),
 IPv4Network('10.120.0.0/16'),
 IPv4Network('10.121.0.0/16'),
 IPv4Network('10.122.0.0/16'),
 IPv4Network('10.123.0.0/16'),
 IPv4Network('10.124.0.0/16'),
 IPv4Network('10.125.0.0/16'),
 IPv4Network('10.126.0.0/16'),
 IPv4Network('10.127.0.0/16'),
 IPv4Network('10.128.0.0/16'),
 IPv4Network('10.129.0.0/16'),
 IPv4Network('10.130.0.0/16'),
 IPv4Network('10.131.0.0/16'),
 IPv4Network('10.132.0.0/16'),
 IPv4Network('10.133.0.0/16'),
 IPv4Network('10.134.0.0/16'),
 IPv4Network('10.135.0.0/16'),
 IPv4Network('10.136.0.0/16'),
 IPv4Network('10.137.0.0/16'),
 IPv4Network('10.138.0.0/16'),
 IPv4Network('10.139.0.0/16'),
 IPv4Network('10.140.0.0/16'),
 IPv4Network('10.141.0.0/16'),
 IPv4Network('10.142.0.0/16'),
 IPv4Network('10.143.0.0/16'),
 IPv4Network('10.144.0.0/16'),
 IPv4Network('10.145.0.0/16'),
 IPv4Network('10.146.0.0/16'),
 IPv4Network('10.147.0.0/16'),
 IPv4Network('10.148.0.0/16'),
 IPv4Network('10.149.0.0/16'),
 IPv4Network('10.150.0.0/16'),
 IPv4Network('10.151.0.0/16'),
 IPv4Network('10.152.0.0/16'),
 IPv4Network('10.153.0.0/16'),
 IPv4Network('10.154.0.0/16'),
 IPv4Network('10.155.0.0/16'),
 IPv4Network('10.156.0.0/16'),
 IPv4Network('10.157.0.0/16'),
 IPv4Network('10.158.0.0/16'),
 IPv4Network('10.159.0.0/16'),
 IPv4Network('10.160.0.0/16'),
 IPv4Network('10.161.0.0/16'),
 IPv4Network('10.162.0.0/16'),
 IPv4Network('10.163.0.0/16'),
 IPv4Network('10.164.0.0/16'),
 IPv4Network('10.165.0.0/16'),
 IPv4Network('10.166.0.0/16'),
 IPv4Network('10.167.0.0/16'),
 IPv4Network('10.168.0.0/16'),
 IPv4Network('10.169.0.0/16'),
 IPv4Network('10.170.0.0/16'),
 IPv4Network('10.171.0.0/16'),
 IPv4Network('10.172.0.0/16'),
 IPv4Network('10.173.0.0/16'),
 IPv4Network('10.174.0.0/16'),
 IPv4Network('10.175.0.0/16'),
 IPv4Network('10.176.0.0/16'),
 IPv4Network('10.177.0.0/16'),
 IPv4Network('10.178.0.0/16'),
 IPv4Network('10.179.0.0/16'),
 IPv4Network('10.180.0.0/16'),
 IPv4Network('10.181.0.0/16'),
 IPv4Network('10.182.0.0/16'),
 IPv4Network('10.183.0.0/16'),
 IPv4Network('10.184.0.0/16'),
 IPv4Network('10.185.0.0/16'),
 IPv4Network('10.186.0.0/16'),
 IPv4Network('10.187.0.0/16'),
 IPv4Network('10.188.0.0/16'),
 IPv4Network('10.189.0.0/16'),
 IPv4Network('10.190.0.0/16'),
 IPv4Network('10.191.0.0/16'),
 IPv4Network('10.192.0.0/16'),
 IPv4Network('10.193.0.0/16'),
 IPv4Network('10.194.0.0/16'),
 IPv4Network('10.195.0.0/16'),
 IPv4Network('10.196.0.0/16'),
 IPv4Network('10.197.0.0/16'),
 IPv4Network('10.198.0.0/16'),
 IPv4Network('10.199.0.0/16'),
 IPv4Network('10.200.0.0/16'),
 IPv4Network('10.201.0.0/16'),
 IPv4Network('10.202.0.0/16'),
 IPv4Network('10.203.0.0/16')]
[IPv4Network('10.0.0.0/8'),
 IPv4Network('129.79.0.0/16'),
 IPv4Network('134.68.0.0/16'),
 IPv4Network('140.182.0.0/16'),
 IPv4Network('149.159.0.0/16'),
 IPv4Network('149.160.0.0/14'),
 IPv4Network('156.56.0.0/16'),
 IPv4Network('172.16.0.0/12'),
 IPv4Network('192.168.0.0/24'),
 IPv6Network('::/128'),
 IPv4Network('10.0.0.0/16'),
 IPv4Network('10.1.0.0/16'),
 IPv4Network('10.2.0.0/16'),
 IPv4Network('10.3.0.0/16'),
 IPv4Network('10.4.0.0/16'),
 IPv4Network('10.5.0.0/16'),
 IPv4Network('10.6.0.0/16'),
 IPv4Network('10.7.0.0/16'),
 IPv4Network('10.8.0.0/16'),
 IPv4Network('10.9.0.0/16'),
 IPv4Network('10.10.0.0/16'),
 IPv4Network('10.11.0.0/16'),
 IPv4Network('10.12.0.0/16'),
 IPv4Network('10.13.0.0/16'),
 IPv4Network('10.14.0.0/16'),
 IPv4Network('10.15.0.0/16'),
 IPv4Network('10.16.0.0/16'),
 IPv4Network('10.17.0.0/16'),
 IPv4Network('10.18.0.0/16'),
 IPv4Network('10.19.0.0/16'),
 IPv4Network('10.20.0.0/16'),
 IPv4Network('10.21.0.0/16'),
 IPv4Network('10.22.0.0/16'),
 IPv4Network('10.23.0.0/16'),
 IPv4Network('10.24.0.0/16'),
 IPv4Network('10.25.0.0/16'),
 IPv4Network('10.26.0.0/16'),
 IPv4Network('10.27.0.0/16'),
 IPv4Network('10.28.0.0/16'),
 IPv4Network('10.29.0.0/16'),
 IPv4Network('10.30.0.0/16'),
 IPv4Network('10.31.0.0/16'),
 IPv4Network('10.32.0.0/16'),
 IPv4Network('10.33.0.0/16'),
 IPv4Network('10.34.0.0/16'),
 IPv4Network('10.35.0.0/16'),
 IPv4Network('10.36.0.0/16'),
 IPv4Network('10.37.0.0/16'),
 IPv4Network('10.38.0.0/16'),
 IPv4Network('10.39.0.0/16'),
 IPv4Network('10.40.0.0/16'),
 IPv4Network('10.41.0.0/16'),
 IPv4Network('10.42.0.0/16'),
 IPv4Network('10.43.0.0/16'),
 IPv4Network('10.44.0.0/16'),
 IPv4Network('10.45.0.0/16'),
 IPv4Network('10.46.0.0/16'),
 IPv4Network('10.47.0.0/16'),
 IPv4Network('10.48.0.0/16'),
 IPv4Network('10.49.0.0/16'),
 IPv4Network('10.50.0.0/16'),
 IPv4Network('10.51.0.0/16'),
 IPv4Network('10.52.0.0/16'),
 IPv4Network('10.53.0.0/16'),
 IPv4Network('10.54.0.0/16'),
 IPv4Network('10.55.0.0/16'),
 IPv4Network('10.56.0.0/16'),
 IPv4Network('10.57.0.0/16'),
 IPv4Network('10.58.0.0/16'),
 IPv4Network('10.59.0.0/16'),
 IPv4Network('10.60.0.0/16'),
 IPv4Network('10.61.0.0/16'),
 IPv4Network('10.62.0.0/16'),
 IPv4Network('10.63.0.0/16'),
 IPv4Network('10.64.0.0/16'),
 IPv4Network('10.65.0.0/16'),
 IPv4Network('10.66.0.0/16'),
 IPv4Network('10.67.0.0/16'),
 IPv4Network('10.68.0.0/16'),
 IPv4Network('10.69.0.0/16'),
 IPv4Network('10.70.0.0/16'),
 IPv4Network('10.71.0.0/16'),
 IPv4Network('10.72.0.0/16'),
 IPv4Network('10.73.0.0/16'),
 IPv4Network('10.74.0.0/16'),
 IPv4Network('10.75.0.0/16'),
 IPv4Network('10.76.0.0/16'),
 IPv4Network('10.77.0.0/16'),
 IPv4Network('10.78.0.0/16'),
 IPv4Network('10.79.0.0/16'),
 IPv4Network('10.80.0.0/16'),
 IPv4Network('10.81.0.0/16'),
 IPv4Network('10.82.0.0/16'),
 IPv4Network('10.83.0.0/16'),
 IPv4Network('10.84.0.0/16'),
 IPv4Network('10.85.0.0/16'),
 IPv4Network('10.86.0.0/16'),
 IPv4Network('10.87.0.0/16'),
 IPv4Network('10.88.0.0/16'),
 IPv4Network('10.89.0.0/16'),
 IPv4Network('10.90.0.0/16'),
 IPv4Network('10.91.0.0/16'),
 IPv4Network('10.92.0.0/16'),
 IPv4Network('10.93.0.0/16'),
 IPv4Network('10.94.0.0/16'),
 IPv4Network('10.95.0.0/16'),
 IPv4Network('10.96.0.0/16'),
 IPv4Network('10.97.0.0/16'),
 IPv4Network('10.98.0.0/16'),
 IPv4Network('10.99.0.0/16'),
 IPv4Network('10.100.0.0/16'),
 IPv4Network('10.101.0.0/16'),
 IPv4Network('10.102.0.0/16'),
 IPv4Network('10.103.0.0/16'),
 IPv4Network('10.104.0.0/16'),
 IPv4Network('10.105.0.0/16'),
 IPv4Network('10.106.0.0/16'),
 IPv4Network('10.107.0.0/16'),
 IPv4Network('10.108.0.0/16'),
 IPv4Network('10.109.0.0/16'),
 IPv4Network('10.110.0.0/16'),
 IPv4Network('10.111.0.0/16'),
 IPv4Network('10.112.0.0/16'),
 IPv4Network('10.113.0.0/16'),
 IPv4Network('10.114.0.0/16'),
 IPv4Network('10.115.0.0/16'),
 IPv4Network('10.116.0.0/16'),
 IPv4Network('10.117.0.0/16'),
 IPv4Network('10.118.0.0/16'),
 IPv4Network('10.119.0.0/16'),
 IPv4Network('10.120.0.0/16'),
 IPv4Network('10.121.0.0/16'),
 IPv4Network('10.122.0.0/16'),
 IPv4Network('10.123.0.0/16'),
 IPv4Network('10.124.0.0/16'),
 IPv4Network('10.125.0.0/16'),
 IPv4Network('10.126.0.0/16'),
 IPv4Network('10.127.0.0/16'),
 IPv4Network('10.128.0.0/16'),
 IPv4Network('10.129.0.0/16'),
 IPv4Network('10.130.0.0/16'),
 IPv4Network('10.131.0.0/16'),
 IPv4Network('10.132.0.0/16'),
 IPv4Network('10.133.0.0/16'),
 IPv4Network('10.134.0.0/16'),
 IPv4Network('10.135.0.0/16'),
 IPv4Network('10.136.0.0/16'),
 IPv4Network('10.137.0.0/16'),
 IPv4Network('10.138.0.0/16'),
 IPv4Network('10.139.0.0/16'),
 IPv4Network('10.140.0.0/16'),
 IPv4Network('10.141.0.0/16'),
 IPv4Network('10.142.0.0/16'),
 IPv4Network('10.143.0.0/16'),
 IPv4Network('10.144.0.0/16'),
 IPv4Network('10.145.0.0/16'),
 IPv4Network('10.146.0.0/16'),
 IPv4Network('10.147.0.0/16'),
 IPv4Network('10.148.0.0/16'),
 IPv4Network('10.149.0.0/16'),
 IPv4Network('10.150.0.0/16'),
 IPv4Network('10.151.0.0/16'),
 IPv4Network('10.152.0.0/16'),
 IPv4Network('10.153.0.0/16'),
 IPv4Network('10.154.0.0/16'),
 IPv4Network('10.155.0.0/16'),
 IPv4Network('10.156.0.0/16'),
 IPv4Network('10.157.0.0/16'),
 IPv4Network('10.158.0.0/16'),
 IPv4Network('10.159.0.0/16'),
 IPv4Network('10.160.0.0/16'),
 IPv4Network('10.161.0.0/16'),
 IPv4Network('10.162.0.0/16'),
 IPv4Network('10.163.0.0/16'),
 IPv4Network('10.164.0.0/16'),
 IPv4Network('10.165.0.0/16'),
 IPv4Network('10.166.0.0/16'),
 IPv4Network('10.167.0.0/16'),
 IPv4Network('10.168.0.0/16'),
 IPv4Network('10.169.0.0/16'),
 IPv4Network('10.170.0.0/16'),
 IPv4Network('10.171.0.0/16'),
 IPv4Network('10.172.0.0/16'),
 IPv4Network('10.173.0.0/16'),
 IPv4Network('10.174.0.0/16'),
 IPv4Network('10.175.0.0/16'),
 IPv4Network('10.176.0.0/16'),
 IPv4Network('10.177.0.0/16'),
 IPv4Network('10.178.0.0/16'),
 IPv4Network('10.179.0.0/16'),
 IPv4Network('10.180.0.0/16'),
 IPv4Network('10.181.0.0/16'),
 IPv4Network('10.182.0.0/16'),
 IPv4Network('10.183.0.0/16'),
 IPv4Network('10.184.0.0/16'),
 IPv4Network('10.185.0.0/16'),
 IPv4Network('10.186.0.0/16'),
 IPv4Network('10.187.0.0/16'),
 IPv4Network('10.188.0.0/16'),
 IPv4Network('10.189.0.0/16'),
 IPv4Network('10.190.0.0/16'),
 IPv4Network('10.191.0.0/16'),
 IPv4Network('10.192.0.0/16'),
 IPv4Network('10.193.0.0/16'),
 IPv4Network('10.194.0.0/16'),
 IPv4Network('10.195.0.0/16'),
 IPv4Network('10.196.0.0/16'),
 IPv4Network('10.197.0.0/16'),
 IPv4Network('10.198.0.0/16'),
 IPv4Network('10.199.0.0/16'),
 IPv4Network('10.200.0.0/16'),
 IPv4Network('10.201.0.0/16'),
 IPv4Network('10.202.0.0/16'),
 IPv4Network('10.203.0.0/16'),
 IPv4Network('10.204.0.0/16'),
 IPv4Network('10.205.0.0/16')]
[IPv4Network('10.0.0.0/8'),
 IPv4Network('129.79.0.0/16'),
 IPv4Network('134.68.0.0/16'),
 IPv4Network('140.182.0.0/16'),
 IPv4Network('149.159.0.0/16'),
 IPv4Network('149.160.0.0/14'),
 IPv4Network('156.56.0.0/16'),
 IPv4Network('172.16.0.0/12'),
 IPv4Network('192.168.0.0/24'),
 IPv6Network('::/128'),
 IPv4Network('10.0.0.0/16'),
 IPv4Network('10.1.0.0/16'),
 IPv4Network('10.2.0.0/16'),
 IPv4Network('10.3.0.0/16'),
 IPv4Network('10.4.0.0/16'),
 IPv4Network('10.5.0.0/16'),
 IPv4Network('10.6.0.0/16'),
 IPv4Network('10.7.0.0/16'),
 IPv4Network('10.8.0.0/16'),
 IPv4Network('10.9.0.0/16'),
 IPv4Network('10.10.0.0/16'),
 IPv4Network('10.11.0.0/16'),
 IPv4Network('10.12.0.0/16'),
 IPv4Network('10.13.0.0/16'),
 IPv4Network('10.14.0.0/16'),
 IPv4Network('10.15.0.0/16'),
 IPv4Network('10.16.0.0/16'),
 IPv4Network('10.17.0.0/16'),
 IPv4Network('10.18.0.0/16'),
 IPv4Network('10.19.0.0/16'),
 IPv4Network('10.20.0.0/16'),
 IPv4Network('10.21.0.0/16'),
 IPv4Network('10.22.0.0/16'),
 IPv4Network('10.23.0.0/16'),
 IPv4Network('10.24.0.0/16'),
 IPv4Network('10.25.0.0/16'),
 IPv4Network('10.26.0.0/16'),
 IPv4Network('10.27.0.0/16'),
 IPv4Network('10.28.0.0/16'),
 IPv4Network('10.29.0.0/16'),
 IPv4Network('10.30.0.0/16'),
 IPv4Network('10.31.0.0/16'),
 IPv4Network('10.32.0.0/16'),
 IPv4Network('10.33.0.0/16'),
 IPv4Network('10.34.0.0/16'),
 IPv4Network('10.35.0.0/16'),
 IPv4Network('10.36.0.0/16'),
 IPv4Network('10.37.0.0/16'),
 IPv4Network('10.38.0.0/16'),
 IPv4Network('10.39.0.0/16'),
 IPv4Network('10.40.0.0/16'),
 IPv4Network('10.41.0.0/16'),
 IPv4Network('10.42.0.0/16'),
 IPv4Network('10.43.0.0/16'),
 IPv4Network('10.44.0.0/16'),
 IPv4Network('10.45.0.0/16'),
 IPv4Network('10.46.0.0/16'),
 IPv4Network('10.47.0.0/16'),
 IPv4Network('10.48.0.0/16'),
 IPv4Network('10.49.0.0/16'),
 IPv4Network('10.50.0.0/16'),
 IPv4Network('10.51.0.0/16'),
 IPv4Network('10.52.0.0/16'),
 IPv4Network('10.53.0.0/16'),
 IPv4Network('10.54.0.0/16'),
 IPv4Network('10.55.0.0/16'),
 IPv4Network('10.56.0.0/16'),
 IPv4Network('10.57.0.0/16'),
 IPv4Network('10.58.0.0/16'),
 IPv4Network('10.59.0.0/16'),
 IPv4Network('10.60.0.0/16'),
 IPv4Network('10.61.0.0/16'),
 IPv4Network('10.62.0.0/16'),
 IPv4Network('10.63.0.0/16'),
 IPv4Network('10.64.0.0/16'),
 IPv4Network('10.65.0.0/16'),
 IPv4Network('10.66.0.0/16'),
 IPv4Network('10.67.0.0/16'),
 IPv4Network('10.68.0.0/16'),
 IPv4Network('10.69.0.0/16'),
 IPv4Network('10.70.0.0/16'),
 IPv4Network('10.71.0.0/16'),
 IPv4Network('10.72.0.0/16'),
 IPv4Network('10.73.0.0/16'),
 IPv4Network('10.74.0.0/16'),
 IPv4Network('10.75.0.0/16'),
 IPv4Network('10.76.0.0/16'),
 IPv4Network('10.77.0.0/16'),
 IPv4Network('10.78.0.0/16'),
 IPv4Network('10.79.0.0/16'),
 IPv4Network('10.80.0.0/16'),
 IPv4Network('10.81.0.0/16'),
 IPv4Network('10.82.0.0/16'),
 IPv4Network('10.83.0.0/16'),
 IPv4Network('10.84.0.0/16'),
 IPv4Network('10.85.0.0/16'),
 IPv4Network('10.86.0.0/16'),
 IPv4Network('10.87.0.0/16'),
 IPv4Network('10.88.0.0/16'),
 IPv4Network('10.89.0.0/16'),
 IPv4Network('10.90.0.0/16'),
 IPv4Network('10.91.0.0/16'),
 IPv4Network('10.92.0.0/16'),
 IPv4Network('10.93.0.0/16'),
 IPv4Network('10.94.0.0/16'),
 IPv4Network('10.95.0.0/16'),
 IPv4Network('10.96.0.0/16'),
 IPv4Network('10.97.0.0/16'),
 IPv4Network('10.98.0.0/16'),
 IPv4Network('10.99.0.0/16'),
 IPv4Network('10.100.0.0/16'),
 IPv4Network('10.101.0.0/16'),
 IPv4Network('10.102.0.0/16'),
 IPv4Network('10.103.0.0/16'),
 IPv4Network('10.104.0.0/16'),
 IPv4Network('10.105.0.0/16'),
 IPv4Network('10.106.0.0/16'),
 IPv4Network('10.107.0.0/16'),
 IPv4Network('10.108.0.0/16'),
 IPv4Network('10.109.0.0/16'),
 IPv4Network('10.110.0.0/16'),
 IPv4Network('10.111.0.0/16'),
 IPv4Network('10.112.0.0/16'),
 IPv4Network('10.113.0.0/16'),
 IPv4Network('10.114.0.0/16'),
 IPv4Network('10.115.0.0/16'),
 IPv4Network('10.116.0.0/16'),
 IPv4Network('10.117.0.0/16'),
 IPv4Network('10.118.0.0/16'),
 IPv4Network('10.119.0.0/16'),
 IPv4Network('10.120.0.0/16'),
 IPv4Network('10.121.0.0/16'),
 IPv4Network('10.122.0.0/16'),
 IPv4Network('10.123.0.0/16'),
 IPv4Network('10.124.0.0/16'),
 IPv4Network('10.125.0.0/16'),
 IPv4Network('10.126.0.0/16'),
 IPv4Network('10.127.0.0/16'),
 IPv4Network('10.128.0.0/16'),
 IPv4Network('10.129.0.0/16'),
 IPv4Network('10.130.0.0/16'),
 IPv4Network('10.131.0.0/16'),
 IPv4Network('10.132.0.0/16'),
 IPv4Network('10.133.0.0/16'),
 IPv4Network('10.134.0.0/16'),
 IPv4Network('10.135.0.0/16'),
 IPv4Network('10.136.0.0/16'),
 IPv4Network('10.137.0.0/16'),
 IPv4Network('10.138.0.0/16'),
 IPv4Network('10.139.0.0/16'),
 IPv4Network('10.140.0.0/16'),
 IPv4Network('10.141.0.0/16'),
 IPv4Network('10.142.0.0/16'),
 IPv4Network('10.143.0.0/16'),
 IPv4Network('10.144.0.0/16'),
 IPv4Network('10.145.0.0/16'),
 IPv4Network('10.146.0.0/16'),
 IPv4Network('10.147.0.0/16'),
 IPv4Network('10.148.0.0/16'),
 IPv4Network('10.149.0.0/16'),
 IPv4Network('10.150.0.0/16'),
 IPv4Network('10.151.0.0/16'),
 IPv4Network('10.152.0.0/16'),
 IPv4Network('10.153.0.0/16'),
 IPv4Network('10.154.0.0/16'),
 IPv4Network('10.155.0.0/16'),
 IPv4Network('10.156.0.0/16'),
 IPv4Network('10.157.0.0/16'),
 IPv4Network('10.158.0.0/16'),
 IPv4Network('10.159.0.0/16'),
 IPv4Network('10.160.0.0/16'),
 IPv4Network('10.161.0.0/16'),
 IPv4Network('10.162.0.0/16'),
 IPv4Network('10.163.0.0/16'),
 IPv4Network('10.164.0.0/16'),
 IPv4Network('10.165.0.0/16'),
 IPv4Network('10.166.0.0/16'),
 IPv4Network('10.167.0.0/16'),
 IPv4Network('10.168.0.0/16'),
 IPv4Network('10.169.0.0/16'),
 IPv4Network('10.170.0.0/16'),
 IPv4Network('10.171.0.0/16'),
 IPv4Network('10.172.0.0/16'),
 IPv4Network('10.173.0.0/16'),
 IPv4Network('10.174.0.0/16'),
 IPv4Network('10.175.0.0/16'),
 IPv4Network('10.176.0.0/16'),
 IPv4Network('10.177.0.0/16'),
 IPv4Network('10.178.0.0/16'),
 IPv4Network('10.179.0.0/16'),
 IPv4Network('10.180.0.0/16'),
 IPv4Network('10.181.0.0/16'),
 IPv4Network('10.182.0.0/16'),
 IPv4Network('10.183.0.0/16'),
 IPv4Network('10.184.0.0/16'),
 IPv4Network('10.185.0.0/16'),
 IPv4Network('10.186.0.0/16'),
 IPv4Network('10.187.0.0/16'),
 IPv4Network('10.188.0.0/16'),
 IPv4Network('10.189.0.0/16'),
 IPv4Network('10.190.0.0/16'),
 IPv4Network('10.191.0.0/16'),
 IPv4Network('10.192.0.0/16'),
 IPv4Network('10.193.0.0/16'),
 IPv4Network('10.194.0.0/16'),
 IPv4Network('10.195.0.0/16'),
 IPv4Network('10.196.0.0/16'),
 IPv4Network('10.197.0.0/16'),
 IPv4Network('10.198.0.0/16'),
 IPv4Network('10.199.0.0/16'),
 IPv4Network('10.200.0.0/16'),
 IPv4Network('10.201.0.0/16'),
 IPv4Network('10.202.0.0/16'),
 IPv4Network('10.203.0.0/16'),
 IPv4Network('10.204.0.0/16'),
 IPv4Network('10.205.0.0/16'),
 IPv4Network('10.206.0.0/16'),
 IPv4Network('10.207.0.0/16')]
[IPv4Network('10.0.0.0/8'),
 IPv4Network('129.79.0.0/16'),
 IPv4Network('134.68.0.0/16'),
 IPv4Network('140.182.0.0/16'),
 IPv4Network('149.159.0.0/16'),
 IPv4Network('149.160.0.0/14'),
 IPv4Network('156.56.0.0/16'),
 IPv4Network('172.16.0.0/12'),
 IPv4Network('192.168.0.0/24'),
 IPv6Network('::/128'),
 IPv4Network('10.0.0.0/16'),
 IPv4Network('10.1.0.0/16'),
 IPv4Network('10.2.0.0/16'),
 IPv4Network('10.3.0.0/16'),
 IPv4Network('10.4.0.0/16'),
 IPv4Network('10.5.0.0/16'),
 IPv4Network('10.6.0.0/16'),
 IPv4Network('10.7.0.0/16'),
 IPv4Network('10.8.0.0/16'),
 IPv4Network('10.9.0.0/16'),
 IPv4Network('10.10.0.0/16'),
 IPv4Network('10.11.0.0/16'),
 IPv4Network('10.12.0.0/16'),
 IPv4Network('10.13.0.0/16'),
 IPv4Network('10.14.0.0/16'),
 IPv4Network('10.15.0.0/16'),
 IPv4Network('10.16.0.0/16'),
 IPv4Network('10.17.0.0/16'),
 IPv4Network('10.18.0.0/16'),
 IPv4Network('10.19.0.0/16'),
 IPv4Network('10.20.0.0/16'),
 IPv4Network('10.21.0.0/16'),
 IPv4Network('10.22.0.0/16'),
 IPv4Network('10.23.0.0/16'),
 IPv4Network('10.24.0.0/16'),
 IPv4Network('10.25.0.0/16'),
 IPv4Network('10.26.0.0/16'),
 IPv4Network('10.27.0.0/16'),
 IPv4Network('10.28.0.0/16'),
 IPv4Network('10.29.0.0/16'),
 IPv4Network('10.30.0.0/16'),
 IPv4Network('10.31.0.0/16'),
 IPv4Network('10.32.0.0/16'),
 IPv4Network('10.33.0.0/16'),
 IPv4Network('10.34.0.0/16'),
 IPv4Network('10.35.0.0/16'),
 IPv4Network('10.36.0.0/16'),
 IPv4Network('10.37.0.0/16'),
 IPv4Network('10.38.0.0/16'),
 IPv4Network('10.39.0.0/16'),
 IPv4Network('10.40.0.0/16'),
 IPv4Network('10.41.0.0/16'),
 IPv4Network('10.42.0.0/16'),
 IPv4Network('10.43.0.0/16'),
 IPv4Network('10.44.0.0/16'),
 IPv4Network('10.45.0.0/16'),
 IPv4Network('10.46.0.0/16'),
 IPv4Network('10.47.0.0/16'),
 IPv4Network('10.48.0.0/16'),
 IPv4Network('10.49.0.0/16'),
 IPv4Network('10.50.0.0/16'),
 IPv4Network('10.51.0.0/16'),
 IPv4Network('10.52.0.0/16'),
 IPv4Network('10.53.0.0/16'),
 IPv4Network('10.54.0.0/16'),
 IPv4Network('10.55.0.0/16'),
 IPv4Network('10.56.0.0/16'),
 IPv4Network('10.57.0.0/16'),
 IPv4Network('10.58.0.0/16'),
 IPv4Network('10.59.0.0/16'),
 IPv4Network('10.60.0.0/16'),
 IPv4Network('10.61.0.0/16'),
 IPv4Network('10.62.0.0/16'),
 IPv4Network('10.63.0.0/16'),
 IPv4Network('10.64.0.0/16'),
 IPv4Network('10.65.0.0/16'),
 IPv4Network('10.66.0.0/16'),
 IPv4Network('10.67.0.0/16'),
 IPv4Network('10.68.0.0/16'),
 IPv4Network('10.69.0.0/16'),
 IPv4Network('10.70.0.0/16'),
 IPv4Network('10.71.0.0/16'),
 IPv4Network('10.72.0.0/16'),
 IPv4Network('10.73.0.0/16'),
 IPv4Network('10.74.0.0/16'),
 IPv4Network('10.75.0.0/16'),
 IPv4Network('10.76.0.0/16'),
 IPv4Network('10.77.0.0/16'),
 IPv4Network('10.78.0.0/16'),
 IPv4Network('10.79.0.0/16'),
 IPv4Network('10.80.0.0/16'),
 IPv4Network('10.81.0.0/16'),
 IPv4Network('10.82.0.0/16'),
 IPv4Network('10.83.0.0/16'),
 IPv4Network('10.84.0.0/16'),
 IPv4Network('10.85.0.0/16'),
 IPv4Network('10.86.0.0/16'),
 IPv4Network('10.87.0.0/16'),
 IPv4Network('10.88.0.0/16'),
 IPv4Network('10.89.0.0/16'),
 IPv4Network('10.90.0.0/16'),
 IPv4Network('10.91.0.0/16'),
 IPv4Network('10.92.0.0/16'),
 IPv4Network('10.93.0.0/16'),
 IPv4Network('10.94.0.0/16'),
 IPv4Network('10.95.0.0/16'),
 IPv4Network('10.96.0.0/16'),
 IPv4Network('10.97.0.0/16'),
 IPv4Network('10.98.0.0/16'),
 IPv4Network('10.99.0.0/16'),
 IPv4Network('10.100.0.0/16'),
 IPv4Network('10.101.0.0/16'),
 IPv4Network('10.102.0.0/16'),
 IPv4Network('10.103.0.0/16'),
 IPv4Network('10.104.0.0/16'),
 IPv4Network('10.105.0.0/16'),
 IPv4Network('10.106.0.0/16'),
 IPv4Network('10.107.0.0/16'),
 IPv4Network('10.108.0.0/16'),
 IPv4Network('10.109.0.0/16'),
 IPv4Network('10.110.0.0/16'),
 IPv4Network('10.111.0.0/16'),
 IPv4Network('10.112.0.0/16'),
 IPv4Network('10.113.0.0/16'),
 IPv4Network('10.114.0.0/16'),
 IPv4Network('10.115.0.0/16'),
 IPv4Network('10.116.0.0/16'),
 IPv4Network('10.117.0.0/16'),
 IPv4Network('10.118.0.0/16'),
 IPv4Network('10.119.0.0/16'),
 IPv4Network('10.120.0.0/16'),
 IPv4Network('10.121.0.0/16'),
 IPv4Network('10.122.0.0/16'),
 IPv4Network('10.123.0.0/16'),
 IPv4Network('10.124.0.0/16'),
 IPv4Network('10.125.0.0/16'),
 IPv4Network('10.126.0.0/16'),
 IPv4Network('10.127.0.0/16'),
 IPv4Network('10.128.0.0/16'),
 IPv4Network('10.129.0.0/16'),
 IPv4Network('10.130.0.0/16'),
 IPv4Network('10.131.0.0/16'),
 IPv4Network('10.132.0.0/16'),
 IPv4Network('10.133.0.0/16'),
 IPv4Network('10.134.0.0/16'),
 IPv4Network('10.135.0.0/16'),
 IPv4Network('10.136.0.0/16'),
 IPv4Network('10.137.0.0/16'),
 IPv4Network('10.138.0.0/16'),
 IPv4Network('10.139.0.0/16'),
 IPv4Network('10.140.0.0/16'),
 IPv4Network('10.141.0.0/16'),
 IPv4Network('10.142.0.0/16'),
 IPv4Network('10.143.0.0/16'),
 IPv4Network('10.144.0.0/16'),
 IPv4Network('10.145.0.0/16'),
 IPv4Network('10.146.0.0/16'),
 IPv4Network('10.147.0.0/16'),
 IPv4Network('10.148.0.0/16'),
 IPv4Network('10.149.0.0/16'),
 IPv4Network('10.150.0.0/16'),
 IPv4Network('10.151.0.0/16'),
 IPv4Network('10.152.0.0/16'),
 IPv4Network('10.153.0.0/16'),
 IPv4Network('10.154.0.0/16'),
 IPv4Network('10.155.0.0/16'),
 IPv4Network('10.156.0.0/16'),
 IPv4Network('10.157.0.0/16'),
 IPv4Network('10.158.0.0/16'),
 IPv4Network('10.159.0.0/16'),
 IPv4Network('10.160.0.0/16'),
 IPv4Network('10.161.0.0/16'),
 IPv4Network('10.162.0.0/16'),
 IPv4Network('10.163.0.0/16'),
 IPv4Network('10.164.0.0/16'),
 IPv4Network('10.165.0.0/16'),
 IPv4Network('10.166.0.0/16'),
 IPv4Network('10.167.0.0/16'),
 IPv4Network('10.168.0.0/16'),
 IPv4Network('10.169.0.0/16'),
 IPv4Network('10.170.0.0/16'),
 IPv4Network('10.171.0.0/16'),
 IPv4Network('10.172.0.0/16'),
 IPv4Network('10.173.0.0/16'),
 IPv4Network('10.174.0.0/16'),
 IPv4Network('10.175.0.0/16'),
 IPv4Network('10.176.0.0/16'),
 IPv4Network('10.177.0.0/16'),
 IPv4Network('10.178.0.0/16'),
 IPv4Network('10.179.0.0/16'),
 IPv4Network('10.180.0.0/16'),
 IPv4Network('10.181.0.0/16'),
 IPv4Network('10.182.0.0/16'),
 IPv4Network('10.183.0.0/16'),
 IPv4Network('10.184.0.0/16'),
 IPv4Network('10.185.0.0/16'),
 IPv4Network('10.186.0.0/16'),
 IPv4Network('10.187.0.0/16'),
 IPv4Network('10.188.0.0/16'),
 IPv4Network('10.189.0.0/16'),
 IPv4Network('10.190.0.0/16'),
 IPv4Network('10.191.0.0/16'),
 IPv4Network('10.192.0.0/16'),
 IPv4Network('10.193.0.0/16'),
 IPv4Network('10.194.0.0/16'),
 IPv4Network('10.195.0.0/16'),
 IPv4Network('10.196.0.0/16'),
 IPv4Network('10.197.0.0/16'),
 IPv4Network('10.198.0.0/16'),
 IPv4Network('10.199.0.0/16'),
 IPv4Network('10.200.0.0/16'),
 IPv4Network('10.201.0.0/16'),
 IPv4Network('10.202.0.0/16'),
 IPv4Network('10.203.0.0/16'),
 IPv4Network('10.204.0.0/16'),
 IPv4Network('10.205.0.0/16'),
 IPv4Network('10.206.0.0/16'),
 IPv4Network('10.207.0.0/16')]
[IPv4Network('10.0.0.0/8'),
 IPv4Network('129.79.0.0/16'),
 IPv4Network('134.68.0.0/16'),
 IPv4Network('140.182.0.0/16'),
 IPv4Network('149.159.0.0/16'),
 IPv4Network('149.160.0.0/14'),
 IPv4Network('156.56.0.0/16'),
 IPv4Network('172.16.0.0/12'),
 IPv4Network('192.168.0.0/24'),
 IPv6Network('::/128'),
 IPv4Network('10.0.0.0/16'),
 IPv4Network('10.1.0.0/16'),
 IPv4Network('10.2.0.0/16'),
 IPv4Network('10.3.0.0/16'),
 IPv4Network('10.4.0.0/16'),
 IPv4Network('10.5.0.0/16'),
 IPv4Network('10.6.0.0/16'),
 IPv4Network('10.7.0.0/16'),
 IPv4Network('10.8.0.0/16'),
 IPv4Network('10.9.0.0/16'),
 IPv4Network('10.10.0.0/16'),
 IPv4Network('10.11.0.0/16'),
 IPv4Network('10.12.0.0/16'),
 IPv4Network('10.13.0.0/16'),
 IPv4Network('10.14.0.0/16'),
 IPv4Network('10.15.0.0/16'),
 IPv4Network('10.16.0.0/16'),
 IPv4Network('10.17.0.0/16'),
 IPv4Network('10.18.0.0/16'),
 IPv4Network('10.19.0.0/16'),
 IPv4Network('10.20.0.0/16'),
 IPv4Network('10.21.0.0/16'),
 IPv4Network('10.22.0.0/16'),
 IPv4Network('10.23.0.0/16'),
 IPv4Network('10.24.0.0/16'),
 IPv4Network('10.25.0.0/16'),
 IPv4Network('10.26.0.0/16'),
 IPv4Network('10.27.0.0/16'),
 IPv4Network('10.28.0.0/16'),
 IPv4Network('10.29.0.0/16'),
 IPv4Network('10.30.0.0/16'),
 IPv4Network('10.31.0.0/16'),
 IPv4Network('10.32.0.0/16'),
 IPv4Network('10.33.0.0/16'),
 IPv4Network('10.34.0.0/16'),
 IPv4Network('10.35.0.0/16'),
 IPv4Network('10.36.0.0/16'),
 IPv4Network('10.37.0.0/16'),
 IPv4Network('10.38.0.0/16'),
 IPv4Network('10.39.0.0/16'),
 IPv4Network('10.40.0.0/16'),
 IPv4Network('10.41.0.0/16'),
 IPv4Network('10.42.0.0/16'),
 IPv4Network('10.43.0.0/16'),
 IPv4Network('10.44.0.0/16'),
 IPv4Network('10.45.0.0/16'),
 IPv4Network('10.46.0.0/16'),
 IPv4Network('10.47.0.0/16'),
 IPv4Network('10.48.0.0/16'),
 IPv4Network('10.49.0.0/16'),
 IPv4Network('10.50.0.0/16'),
 IPv4Network('10.51.0.0/16'),
 IPv4Network('10.52.0.0/16'),
 IPv4Network('10.53.0.0/16'),
 IPv4Network('10.54.0.0/16'),
 IPv4Network('10.55.0.0/16'),
 IPv4Network('10.56.0.0/16'),
 IPv4Network('10.57.0.0/16'),
 IPv4Network('10.58.0.0/16'),
 IPv4Network('10.59.0.0/16'),
 IPv4Network('10.60.0.0/16'),
 IPv4Network('10.61.0.0/16'),
 IPv4Network('10.62.0.0/16'),
 IPv4Network('10.63.0.0/16'),
 IPv4Network('10.64.0.0/16'),
 IPv4Network('10.65.0.0/16'),
 IPv4Network('10.66.0.0/16'),
 IPv4Network('10.67.0.0/16'),
 IPv4Network('10.68.0.0/16'),
 IPv4Network('10.69.0.0/16'),
 IPv4Network('10.70.0.0/16'),
 IPv4Network('10.71.0.0/16'),
 IPv4Network('10.72.0.0/16'),
 IPv4Network('10.73.0.0/16'),
 IPv4Network('10.74.0.0/16'),
 IPv4Network('10.75.0.0/16'),
 IPv4Network('10.76.0.0/16'),
 IPv4Network('10.77.0.0/16'),
 IPv4Network('10.78.0.0/16'),
 IPv4Network('10.79.0.0/16'),
 IPv4Network('10.80.0.0/16'),
 IPv4Network('10.81.0.0/16'),
 IPv4Network('10.82.0.0/16'),
 IPv4Network('10.83.0.0/16'),
 IPv4Network('10.84.0.0/16'),
 IPv4Network('10.85.0.0/16'),
 IPv4Network('10.86.0.0/16'),
 IPv4Network('10.87.0.0/16'),
 IPv4Network('10.88.0.0/16'),
 IPv4Network('10.89.0.0/16'),
 IPv4Network('10.90.0.0/16'),
 IPv4Network('10.91.0.0/16'),
 IPv4Network('10.92.0.0/16'),
 IPv4Network('10.93.0.0/16'),
 IPv4Network('10.94.0.0/16'),
 IPv4Network('10.95.0.0/16'),
 IPv4Network('10.96.0.0/16'),
 IPv4Network('10.97.0.0/16'),
 IPv4Network('10.98.0.0/16'),
 IPv4Network('10.99.0.0/16'),
 IPv4Network('10.100.0.0/16'),
 IPv4Network('10.101.0.0/16'),
 IPv4Network('10.102.0.0/16'),
 IPv4Network('10.103.0.0/16'),
 IPv4Network('10.104.0.0/16'),
 IPv4Network('10.105.0.0/16'),
 IPv4Network('10.106.0.0/16'),
 IPv4Network('10.107.0.0/16'),
 IPv4Network('10.108.0.0/16'),
 IPv4Network('10.109.0.0/16'),
 IPv4Network('10.110.0.0/16'),
 IPv4Network('10.111.0.0/16'),
 IPv4Network('10.112.0.0/16'),
 IPv4Network('10.113.0.0/16'),
 IPv4Network('10.114.0.0/16'),
 IPv4Network('10.115.0.0/16'),
 IPv4Network('10.116.0.0/16'),
 IPv4Network('10.117.0.0/16'),
 IPv4Network('10.118.0.0/16'),
 IPv4Network('10.119.0.0/16'),
 IPv4Network('10.120.0.0/16'),
 IPv4Network('10.121.0.0/16'),
 IPv4Network('10.122.0.0/16'),
 IPv4Network('10.123.0.0/16'),
 IPv4Network('10.124.0.0/16'),
 IPv4Network('10.125.0.0/16'),
 IPv4Network('10.126.0.0/16'),
 IPv4Network('10.127.0.0/16'),
 IPv4Network('10.128.0.0/16'),
 IPv4Network('10.129.0.0/16'),
 IPv4Network('10.130.0.0/16'),
 IPv4Network('10.131.0.0/16'),
 IPv4Network('10.132.0.0/16'),
 IPv4Network('10.133.0.0/16'),
 IPv4Network('10.134.0.0/16'),
 IPv4Network('10.135.0.0/16'),
 IPv4Network('10.136.0.0/16'),
 IPv4Network('10.137.0.0/16'),
 IPv4Network('10.138.0.0/16'),
 IPv4Network('10.139.0.0/16'),
 IPv4Network('10.140.0.0/16'),
 IPv4Network('10.141.0.0/16'),
 IPv4Network('10.142.0.0/16'),
 IPv4Network('10.143.0.0/16'),
 IPv4Network('10.144.0.0/16'),
 IPv4Network('10.145.0.0/16'),
 IPv4Network('10.146.0.0/16'),
 IPv4Network('10.147.0.0/16'),
 IPv4Network('10.148.0.0/16'),
 IPv4Network('10.149.0.0/16'),
 IPv4Network('10.150.0.0/16'),
 IPv4Network('10.151.0.0/16'),
 IPv4Network('10.152.0.0/16'),
 IPv4Network('10.153.0.0/16'),
 IPv4Network('10.154.0.0/16'),
 IPv4Network('10.155.0.0/16'),
 IPv4Network('10.156.0.0/16'),
 IPv4Network('10.157.0.0/16'),
 IPv4Network('10.158.0.0/16'),
 IPv4Network('10.159.0.0/16'),
 IPv4Network('10.160.0.0/16'),
 IPv4Network('10.161.0.0/16'),
 IPv4Network('10.162.0.0/16'),
 IPv4Network('10.163.0.0/16'),
 IPv4Network('10.164.0.0/16'),
 IPv4Network('10.165.0.0/16'),
 IPv4Network('10.166.0.0/16'),
 IPv4Network('10.167.0.0/16'),
 IPv4Network('10.168.0.0/16'),
 IPv4Network('10.169.0.0/16'),
 IPv4Network('10.170.0.0/16'),
 IPv4Network('10.171.0.0/16'),
 IPv4Network('10.172.0.0/16'),
 IPv4Network('10.173.0.0/16'),
 IPv4Network('10.174.0.0/16'),
 IPv4Network('10.175.0.0/16'),
 IPv4Network('10.176.0.0/16'),
 IPv4Network('10.177.0.0/16'),
 IPv4Network('10.178.0.0/16'),
 IPv4Network('10.179.0.0/16'),
 IPv4Network('10.180.0.0/16'),
 IPv4Network('10.181.0.0/16'),
 IPv4Network('10.182.0.0/16'),
 IPv4Network('10.183.0.0/16'),
 IPv4Network('10.184.0.0/16'),
 IPv4Network('10.185.0.0/16'),
 IPv4Network('10.186.0.0/16'),
 IPv4Network('10.187.0.0/16'),
 IPv4Network('10.188.0.0/16'),
 IPv4Network('10.189.0.0/16'),
 IPv4Network('10.190.0.0/16'),
 IPv4Network('10.191.0.0/16'),
 IPv4Network('10.192.0.0/16'),
 IPv4Network('10.193.0.0/16'),
 IPv4Network('10.194.0.0/16'),
 IPv4Network('10.195.0.0/16'),
 IPv4Network('10.196.0.0/16'),
 IPv4Network('10.197.0.0/16'),
 IPv4Network('10.198.0.0/16'),
 IPv4Network('10.199.0.0/16'),
 IPv4Network('10.200.0.0/16'),
 IPv4Network('10.201.0.0/16'),
 IPv4Network('10.202.0.0/16'),
 IPv4Network('10.203.0.0/16'),
 IPv4Network('10.204.0.0/16'),
 IPv4Network('10.205.0.0/16'),
 IPv4Network('10.206.0.0/16'),
 IPv4Network('10.207.0.0/16')]
[IPv4Network('10.0.0.0/8'),
 IPv4Network('129.79.0.0/16'),
 IPv4Network('134.68.0.0/16'),
 IPv4Network('140.182.0.0/16'),
 IPv4Network('149.159.0.0/16'),
 IPv4Network('149.160.0.0/14'),
 IPv4Network('156.56.0.0/16'),
 IPv4Network('172.16.0.0/12'),
 IPv4Network('192.168.0.0/24'),
 IPv6Network('::/128'),
 IPv4Network('10.0.0.0/16'),
 IPv4Network('10.1.0.0/16'),
 IPv4Network('10.2.0.0/16'),
 IPv4Network('10.3.0.0/16'),
 IPv4Network('10.4.0.0/16'),
 IPv4Network('10.5.0.0/16'),
 IPv4Network('10.6.0.0/16'),
 IPv4Network('10.7.0.0/16'),
 IPv4Network('10.8.0.0/16'),
 IPv4Network('10.9.0.0/16'),
 IPv4Network('10.10.0.0/16'),
 IPv4Network('10.11.0.0/16'),
 IPv4Network('10.12.0.0/16'),
 IPv4Network('10.13.0.0/16'),
 IPv4Network('10.14.0.0/16'),
 IPv4Network('10.15.0.0/16'),
 IPv4Network('10.16.0.0/16'),
 IPv4Network('10.17.0.0/16'),
 IPv4Network('10.18.0.0/16'),
 IPv4Network('10.19.0.0/16'),
 IPv4Network('10.20.0.0/16'),
 IPv4Network('10.21.0.0/16'),
 IPv4Network('10.22.0.0/16'),
 IPv4Network('10.23.0.0/16'),
 IPv4Network('10.24.0.0/16'),
 IPv4Network('10.25.0.0/16'),
 IPv4Network('10.26.0.0/16'),
 IPv4Network('10.27.0.0/16'),
 IPv4Network('10.28.0.0/16'),
 IPv4Network('10.29.0.0/16'),
 IPv4Network('10.30.0.0/16'),
 IPv4Network('10.31.0.0/16'),
 IPv4Network('10.32.0.0/16'),
 IPv4Network('10.33.0.0/16'),
 IPv4Network('10.34.0.0/16'),
 IPv4Network('10.35.0.0/16'),
 IPv4Network('10.36.0.0/16'),
 IPv4Network('10.37.0.0/16'),
 IPv4Network('10.38.0.0/16'),
 IPv4Network('10.39.0.0/16'),
 IPv4Network('10.40.0.0/16'),
 IPv4Network('10.41.0.0/16'),
 IPv4Network('10.42.0.0/16'),
 IPv4Network('10.43.0.0/16'),
 IPv4Network('10.44.0.0/16'),
 IPv4Network('10.45.0.0/16'),
 IPv4Network('10.46.0.0/16'),
 IPv4Network('10.47.0.0/16'),
 IPv4Network('10.48.0.0/16'),
 IPv4Network('10.49.0.0/16'),
 IPv4Network('10.50.0.0/16'),
 IPv4Network('10.51.0.0/16'),
 IPv4Network('10.52.0.0/16'),
 IPv4Network('10.53.0.0/16'),
 IPv4Network('10.54.0.0/16'),
 IPv4Network('10.55.0.0/16'),
 IPv4Network('10.56.0.0/16'),
 IPv4Network('10.57.0.0/16'),
 IPv4Network('10.58.0.0/16'),
 IPv4Network('10.59.0.0/16'),
 IPv4Network('10.60.0.0/16'),
 IPv4Network('10.61.0.0/16'),
 IPv4Network('10.62.0.0/16'),
 IPv4Network('10.63.0.0/16'),
 IPv4Network('10.64.0.0/16'),
 IPv4Network('10.65.0.0/16'),
 IPv4Network('10.66.0.0/16'),
 IPv4Network('10.67.0.0/16'),
 IPv4Network('10.68.0.0/16'),
 IPv4Network('10.69.0.0/16'),
 IPv4Network('10.70.0.0/16'),
 IPv4Network('10.71.0.0/16'),
 IPv4Network('10.72.0.0/16'),
 IPv4Network('10.73.0.0/16'),
 IPv4Network('10.74.0.0/16'),
 IPv4Network('10.75.0.0/16'),
 IPv4Network('10.76.0.0/16'),
 IPv4Network('10.77.0.0/16'),
 IPv4Network('10.78.0.0/16'),
 IPv4Network('10.79.0.0/16'),
 IPv4Network('10.80.0.0/16'),
 IPv4Network('10.81.0.0/16'),
 IPv4Network('10.82.0.0/16'),
 IPv4Network('10.83.0.0/16'),
 IPv4Network('10.84.0.0/16'),
 IPv4Network('10.85.0.0/16'),
 IPv4Network('10.86.0.0/16'),
 IPv4Network('10.87.0.0/16'),
 IPv4Network('10.88.0.0/16'),
 IPv4Network('10.89.0.0/16'),
 IPv4Network('10.90.0.0/16'),
 IPv4Network('10.91.0.0/16'),
 IPv4Network('10.92.0.0/16'),
 IPv4Network('10.93.0.0/16'),
 IPv4Network('10.94.0.0/16'),
 IPv4Network('10.95.0.0/16'),
 IPv4Network('10.96.0.0/16'),
 IPv4Network('10.97.0.0/16'),
 IPv4Network('10.98.0.0/16'),
 IPv4Network('10.99.0.0/16'),
 IPv4Network('10.100.0.0/16'),
 IPv4Network('10.101.0.0/16'),
 IPv4Network('10.102.0.0/16'),
 IPv4Network('10.103.0.0/16'),
 IPv4Network('10.104.0.0/16'),
 IPv4Network('10.105.0.0/16'),
 IPv4Network('10.106.0.0/16'),
 IPv4Network('10.107.0.0/16'),
 IPv4Network('10.108.0.0/16'),
 IPv4Network('10.109.0.0/16'),
 IPv4Network('10.110.0.0/16'),
 IPv4Network('10.111.0.0/16'),
 IPv4Network('10.112.0.0/16'),
 IPv4Network('10.113.0.0/16'),
 IPv4Network('10.114.0.0/16'),
 IPv4Network('10.115.0.0/16'),
 IPv4Network('10.116.0.0/16'),
 IPv4Network('10.117.0.0/16'),
 IPv4Network('10.118.0.0/16'),
 IPv4Network('10.119.0.0/16'),
 IPv4Network('10.120.0.0/16'),
 IPv4Network('10.121.0.0/16'),
 IPv4Network('10.122.0.0/16'),
 IPv4Network('10.123.0.0/16'),
 IPv4Network('10.124.0.0/16'),
 IPv4Network('10.125.0.0/16'),
 IPv4Network('10.126.0.0/16'),
 IPv4Network('10.127.0.0/16'),
 IPv4Network('10.128.0.0/16'),
 IPv4Network('10.129.0.0/16'),
 IPv4Network('10.130.0.0/16'),
 IPv4Network('10.131.0.0/16'),
 IPv4Network('10.132.0.0/16'),
 IPv4Network('10.133.0.0/16'),
 IPv4Network('10.134.0.0/16'),
 IPv4Network('10.135.0.0/16'),
 IPv4Network('10.136.0.0/16'),
 IPv4Network('10.137.0.0/16'),
 IPv4Network('10.138.0.0/16'),
 IPv4Network('10.139.0.0/16'),
 IPv4Network('10.140.0.0/16'),
 IPv4Network('10.141.0.0/16'),
 IPv4Network('10.142.0.0/16'),
 IPv4Network('10.143.0.0/16'),
 IPv4Network('10.144.0.0/16'),
 IPv4Network('10.145.0.0/16'),
 IPv4Network('10.146.0.0/16'),
 IPv4Network('10.147.0.0/16'),
 IPv4Network('10.148.0.0/16'),
 IPv4Network('10.149.0.0/16'),
 IPv4Network('10.150.0.0/16'),
 IPv4Network('10.151.0.0/16'),
 IPv4Network('10.152.0.0/16'),
 IPv4Network('10.153.0.0/16'),
 IPv4Network('10.154.0.0/16'),
 IPv4Network('10.155.0.0/16'),
 IPv4Network('10.156.0.0/16'),
 IPv4Network('10.157.0.0/16'),
 IPv4Network('10.158.0.0/16'),
 IPv4Network('10.159.0.0/16'),
 IPv4Network('10.160.0.0/16'),
 IPv4Network('10.161.0.0/16'),
 IPv4Network('10.162.0.0/16'),
 IPv4Network('10.163.0.0/16'),
 IPv4Network('10.164.0.0/16'),
 IPv4Network('10.165.0.0/16'),
 IPv4Network('10.166.0.0/16'),
 IPv4Network('10.167.0.0/16'),
 IPv4Network('10.168.0.0/16'),
 IPv4Network('10.169.0.0/16'),
 IPv4Network('10.170.0.0/16'),
 IPv4Network('10.171.0.0/16'),
 IPv4Network('10.172.0.0/16'),
 IPv4Network('10.173.0.0/16'),
 IPv4Network('10.174.0.0/16'),
 IPv4Network('10.175.0.0/16'),
 IPv4Network('10.176.0.0/16'),
 IPv4Network('10.177.0.0/16'),
 IPv4Network('10.178.0.0/16'),
 IPv4Network('10.179.0.0/16'),
 IPv4Network('10.180.0.0/16'),
 IPv4Network('10.181.0.0/16'),
 IPv4Network('10.182.0.0/16'),
 IPv4Network('10.183.0.0/16'),
 IPv4Network('10.184.0.0/16'),
 IPv4Network('10.185.0.0/16'),
 IPv4Network('10.186.0.0/16'),
 IPv4Network('10.187.0.0/16'),
 IPv4Network('10.188.0.0/16'),
 IPv4Network('10.189.0.0/16'),
 IPv4Network('10.190.0.0/16'),
 IPv4Network('10.191.0.0/16'),
 IPv4Network('10.192.0.0/16'),
 IPv4Network('10.193.0.0/16'),
 IPv4Network('10.194.0.0/16'),
 IPv4Network('10.195.0.0/16'),
 IPv4Network('10.196.0.0/16'),
 IPv4Network('10.197.0.0/16'),
 IPv4Network('10.198.0.0/16'),
 IPv4Network('10.199.0.0/16'),
 IPv4Network('10.200.0.0/16'),
 IPv4Network('10.201.0.0/16'),
 IPv4Network('10.202.0.0/16'),
 IPv4Network('10.203.0.0/16'),
 IPv4Network('10.204.0.0/16'),
 IPv4Network('10.205.0.0/16'),
 IPv4Network('10.206.0.0/16'),
 IPv4Network('10.207.0.0/16')]
[IPv4Network('10.0.0.0/8'),
 IPv4Network('129.79.0.0/16'),
 IPv4Network('134.68.0.0/16'),
 IPv4Network('140.182.0.0/16'),
 IPv4Network('149.159.0.0/16'),
 IPv4Network('149.160.0.0/14'),
 IPv4Network('156.56.0.0/16'),
 IPv4Network('172.16.0.0/12'),
 IPv4Network('192.168.0.0/24'),
 IPv6Network('::/128'),
 IPv4Network('10.0.0.0/16'),
 IPv4Network('10.1.0.0/16'),
 IPv4Network('10.2.0.0/16'),
 IPv4Network('10.3.0.0/16'),
 IPv4Network('10.4.0.0/16'),
 IPv4Network('10.5.0.0/16'),
 IPv4Network('10.6.0.0/16'),
 IPv4Network('10.7.0.0/16'),
 IPv4Network('10.8.0.0/16'),
 IPv4Network('10.9.0.0/16'),
 IPv4Network('10.10.0.0/16'),
 IPv4Network('10.11.0.0/16'),
 IPv4Network('10.12.0.0/16'),
 IPv4Network('10.13.0.0/16'),
 IPv4Network('10.14.0.0/16'),
 IPv4Network('10.15.0.0/16'),
 IPv4Network('10.16.0.0/16'),
 IPv4Network('10.17.0.0/16'),
 IPv4Network('10.18.0.0/16'),
 IPv4Network('10.19.0.0/16'),
 IPv4Network('10.20.0.0/16'),
 IPv4Network('10.21.0.0/16'),
 IPv4Network('10.22.0.0/16'),
 IPv4Network('10.23.0.0/16'),
 IPv4Network('10.24.0.0/16'),
 IPv4Network('10.25.0.0/16'),
 IPv4Network('10.26.0.0/16'),
 IPv4Network('10.27.0.0/16'),
 IPv4Network('10.28.0.0/16'),
 IPv4Network('10.29.0.0/16'),
 IPv4Network('10.30.0.0/16'),
 IPv4Network('10.31.0.0/16'),
 IPv4Network('10.32.0.0/16'),
 IPv4Network('10.33.0.0/16'),
 IPv4Network('10.34.0.0/16'),
 IPv4Network('10.35.0.0/16'),
 IPv4Network('10.36.0.0/16'),
 IPv4Network('10.37.0.0/16'),
 IPv4Network('10.38.0.0/16'),
 IPv4Network('10.39.0.0/16'),
 IPv4Network('10.40.0.0/16'),
 IPv4Network('10.41.0.0/16'),
 IPv4Network('10.42.0.0/16'),
 IPv4Network('10.43.0.0/16'),
 IPv4Network('10.44.0.0/16'),
 IPv4Network('10.45.0.0/16'),
 IPv4Network('10.46.0.0/16'),
 IPv4Network('10.47.0.0/16'),
 IPv4Network('10.48.0.0/16'),
 IPv4Network('10.49.0.0/16'),
 IPv4Network('10.50.0.0/16'),
 IPv4Network('10.51.0.0/16'),
 IPv4Network('10.52.0.0/16'),
 IPv4Network('10.53.0.0/16'),
 IPv4Network('10.54.0.0/16'),
 IPv4Network('10.55.0.0/16'),
 IPv4Network('10.56.0.0/16'),
 IPv4Network('10.57.0.0/16'),
 IPv4Network('10.58.0.0/16'),
 IPv4Network('10.59.0.0/16'),
 IPv4Network('10.60.0.0/16'),
 IPv4Network('10.61.0.0/16'),
 IPv4Network('10.62.0.0/16'),
 IPv4Network('10.63.0.0/16'),
 IPv4Network('10.64.0.0/16'),
 IPv4Network('10.65.0.0/16'),
 IPv4Network('10.66.0.0/16'),
 IPv4Network('10.67.0.0/16'),
 IPv4Network('10.68.0.0/16'),
 IPv4Network('10.69.0.0/16'),
 IPv4Network('10.70.0.0/16'),
 IPv4Network('10.71.0.0/16'),
 IPv4Network('10.72.0.0/16'),
 IPv4Network('10.73.0.0/16'),
 IPv4Network('10.74.0.0/16'),
 IPv4Network('10.75.0.0/16'),
 IPv4Network('10.76.0.0/16'),
 IPv4Network('10.77.0.0/16'),
 IPv4Network('10.78.0.0/16'),
 IPv4Network('10.79.0.0/16'),
 IPv4Network('10.80.0.0/16'),
 IPv4Network('10.81.0.0/16'),
 IPv4Network('10.82.0.0/16'),
 IPv4Network('10.83.0.0/16'),
 IPv4Network('10.84.0.0/16'),
 IPv4Network('10.85.0.0/16'),
 IPv4Network('10.86.0.0/16'),
 IPv4Network('10.87.0.0/16'),
 IPv4Network('10.88.0.0/16'),
 IPv4Network('10.89.0.0/16'),
 IPv4Network('10.90.0.0/16'),
 IPv4Network('10.91.0.0/16'),
 IPv4Network('10.92.0.0/16'),
 IPv4Network('10.93.0.0/16'),
 IPv4Network('10.94.0.0/16'),
 IPv4Network('10.95.0.0/16'),
 IPv4Network('10.96.0.0/16'),
 IPv4Network('10.97.0.0/16'),
 IPv4Network('10.98.0.0/16'),
 IPv4Network('10.99.0.0/16'),
 IPv4Network('10.100.0.0/16'),
 IPv4Network('10.101.0.0/16'),
 IPv4Network('10.102.0.0/16'),
 IPv4Network('10.103.0.0/16'),
 IPv4Network('10.104.0.0/16'),
 IPv4Network('10.105.0.0/16'),
 IPv4Network('10.106.0.0/16'),
 IPv4Network('10.107.0.0/16'),
 IPv4Network('10.108.0.0/16'),
 IPv4Network('10.109.0.0/16'),
 IPv4Network('10.110.0.0/16'),
 IPv4Network('10.111.0.0/16'),
 IPv4Network('10.112.0.0/16'),
 IPv4Network('10.113.0.0/16'),
 IPv4Network('10.114.0.0/16'),
 IPv4Network('10.115.0.0/16'),
 IPv4Network('10.116.0.0/16'),
 IPv4Network('10.117.0.0/16'),
 IPv4Network('10.118.0.0/16'),
 IPv4Network('10.119.0.0/16'),
 IPv4Network('10.120.0.0/16'),
 IPv4Network('10.121.0.0/16'),
 IPv4Network('10.122.0.0/16'),
 IPv4Network('10.123.0.0/16'),
 IPv4Network('10.124.0.0/16'),
 IPv4Network('10.125.0.0/16'),
 IPv4Network('10.126.0.0/16'),
 IPv4Network('10.127.0.0/16'),
 IPv4Network('10.128.0.0/16'),
 IPv4Network('10.129.0.0/16'),
 IPv4Network('10.130.0.0/16'),
 IPv4Network('10.131.0.0/16'),
 IPv4Network('10.132.0.0/16'),
 IPv4Network('10.133.0.0/16'),
 IPv4Network('10.134.0.0/16'),
 IPv4Network('10.135.0.0/16'),
 IPv4Network('10.136.0.0/16'),
 IPv4Network('10.137.0.0/16'),
 IPv4Network('10.138.0.0/16'),
 IPv4Network('10.139.0.0/16'),
 IPv4Network('10.140.0.0/16'),
 IPv4Network('10.141.0.0/16'),
 IPv4Network('10.142.0.0/16'),
 IPv4Network('10.143.0.0/16'),
 IPv4Network('10.144.0.0/16'),
 IPv4Network('10.145.0.0/16'),
 IPv4Network('10.146.0.0/16'),
 IPv4Network('10.147.0.0/16'),
 IPv4Network('10.148.0.0/16'),
 IPv4Network('10.149.0.0/16'),
 IPv4Network('10.150.0.0/16'),
 IPv4Network('10.151.0.0/16'),
 IPv4Network('10.152.0.0/16'),
 IPv4Network('10.153.0.0/16'),
 IPv4Network('10.154.0.0/16'),
 IPv4Network('10.155.0.0/16'),
 IPv4Network('10.156.0.0/16'),
 IPv4Network('10.157.0.0/16'),
 IPv4Network('10.158.0.0/16'),
 IPv4Network('10.159.0.0/16'),
 IPv4Network('10.160.0.0/16'),
 IPv4Network('10.161.0.0/16'),
 IPv4Network('10.162.0.0/16'),
 IPv4Network('10.163.0.0/16'),
 IPv4Network('10.164.0.0/16'),
 IPv4Network('10.165.0.0/16'),
 IPv4Network('10.166.0.0/16'),
 IPv4Network('10.167.0.0/16'),
 IPv4Network('10.168.0.0/16'),
 IPv4Network('10.169.0.0/16'),
 IPv4Network('10.170.0.0/16'),
 IPv4Network('10.171.0.0/16'),
 IPv4Network('10.172.0.0/16'),
 IPv4Network('10.173.0.0/16'),
 IPv4Network('10.174.0.0/16'),
 IPv4Network('10.175.0.0/16'),
 IPv4Network('10.176.0.0/16'),
 IPv4Network('10.177.0.0/16'),
 IPv4Network('10.178.0.0/16'),
 IPv4Network('10.179.0.0/16'),
 IPv4Network('10.180.0.0/16'),
 IPv4Network('10.181.0.0/16'),
 IPv4Network('10.182.0.0/16'),
 IPv4Network('10.183.0.0/16'),
 IPv4Network('10.184.0.0/16'),
 IPv4Network('10.185.0.0/16'),
 IPv4Network('10.186.0.0/16'),
 IPv4Network('10.187.0.0/16'),
 IPv4Network('10.188.0.0/16'),
 IPv4Network('10.189.0.0/16'),
 IPv4Network('10.190.0.0/16'),
 IPv4Network('10.191.0.0/16'),
 IPv4Network('10.192.0.0/16'),
 IPv4Network('10.193.0.0/16'),
 IPv4Network('10.194.0.0/16'),
 IPv4Network('10.195.0.0/16'),
 IPv4Network('10.196.0.0/16'),
 IPv4Network('10.197.0.0/16'),
 IPv4Network('10.198.0.0/16'),
 IPv4Network('10.199.0.0/16'),
 IPv4Network('10.200.0.0/16'),
 IPv4Network('10.201.0.0/16'),
 IPv4Network('10.202.0.0/16'),
 IPv4Network('10.203.0.0/16'),
 IPv4Network('10.204.0.0/16'),
 IPv4Network('10.205.0.0/16'),
 IPv4Network('10.206.0.0/16'),
 IPv4Network('10.207.0.0/16'),
 IPv4Network('10.208.0.0/16'),
 IPv4Network('10.209.0.0/16')]
[IPv4Network('10.0.0.0/8'),
 IPv4Network('129.79.0.0/16'),
 IPv4Network('134.68.0.0/16'),
 IPv4Network('140.182.0.0/16'),
 IPv4Network('149.159.0.0/16'),
 IPv4Network('149.160.0.0/14'),
 IPv4Network('156.56.0.0/16'),
 IPv4Network('172.16.0.0/12'),
 IPv4Network('192.168.0.0/24'),
 IPv6Network('::/128'),
 IPv4Network('10.0.0.0/16'),
 IPv4Network('10.1.0.0/16'),
 IPv4Network('10.2.0.0/16'),
 IPv4Network('10.3.0.0/16'),
 IPv4Network('10.4.0.0/16'),
 IPv4Network('10.5.0.0/16'),
 IPv4Network('10.6.0.0/16'),
 IPv4Network('10.7.0.0/16'),
 IPv4Network('10.8.0.0/16'),
 IPv4Network('10.9.0.0/16'),
 IPv4Network('10.10.0.0/16'),
 IPv4Network('10.11.0.0/16'),
 IPv4Network('10.12.0.0/16'),
 IPv4Network('10.13.0.0/16'),
 IPv4Network('10.14.0.0/16'),
 IPv4Network('10.15.0.0/16'),
 IPv4Network('10.16.0.0/16'),
 IPv4Network('10.17.0.0/16'),
 IPv4Network('10.18.0.0/16'),
 IPv4Network('10.19.0.0/16'),
 IPv4Network('10.20.0.0/16'),
 IPv4Network('10.21.0.0/16'),
 IPv4Network('10.22.0.0/16'),
 IPv4Network('10.23.0.0/16'),
 IPv4Network('10.24.0.0/16'),
 IPv4Network('10.25.0.0/16'),
 IPv4Network('10.26.0.0/16'),
 IPv4Network('10.27.0.0/16'),
 IPv4Network('10.28.0.0/16'),
 IPv4Network('10.29.0.0/16'),
 IPv4Network('10.30.0.0/16'),
 IPv4Network('10.31.0.0/16'),
 IPv4Network('10.32.0.0/16'),
 IPv4Network('10.33.0.0/16'),
 IPv4Network('10.34.0.0/16'),
 IPv4Network('10.35.0.0/16'),
 IPv4Network('10.36.0.0/16'),
 IPv4Network('10.37.0.0/16'),
 IPv4Network('10.38.0.0/16'),
 IPv4Network('10.39.0.0/16'),
 IPv4Network('10.40.0.0/16'),
 IPv4Network('10.41.0.0/16'),
 IPv4Network('10.42.0.0/16'),
 IPv4Network('10.43.0.0/16'),
 IPv4Network('10.44.0.0/16'),
 IPv4Network('10.45.0.0/16'),
 IPv4Network('10.46.0.0/16'),
 IPv4Network('10.47.0.0/16'),
 IPv4Network('10.48.0.0/16'),
 IPv4Network('10.49.0.0/16'),
 IPv4Network('10.50.0.0/16'),
 IPv4Network('10.51.0.0/16'),
 IPv4Network('10.52.0.0/16'),
 IPv4Network('10.53.0.0/16'),
 IPv4Network('10.54.0.0/16'),
 IPv4Network('10.55.0.0/16'),
 IPv4Network('10.56.0.0/16'),
 IPv4Network('10.57.0.0/16'),
 IPv4Network('10.58.0.0/16'),
 IPv4Network('10.59.0.0/16'),
 IPv4Network('10.60.0.0/16'),
 IPv4Network('10.61.0.0/16'),
 IPv4Network('10.62.0.0/16'),
 IPv4Network('10.63.0.0/16'),
 IPv4Network('10.64.0.0/16'),
 IPv4Network('10.65.0.0/16'),
 IPv4Network('10.66.0.0/16'),
 IPv4Network('10.67.0.0/16'),
 IPv4Network('10.68.0.0/16'),
 IPv4Network('10.69.0.0/16'),
 IPv4Network('10.70.0.0/16'),
 IPv4Network('10.71.0.0/16'),
 IPv4Network('10.72.0.0/16'),
 IPv4Network('10.73.0.0/16'),
 IPv4Network('10.74.0.0/16'),
 IPv4Network('10.75.0.0/16'),
 IPv4Network('10.76.0.0/16'),
 IPv4Network('10.77.0.0/16'),
 IPv4Network('10.78.0.0/16'),
 IPv4Network('10.79.0.0/16'),
 IPv4Network('10.80.0.0/16'),
 IPv4Network('10.81.0.0/16'),
 IPv4Network('10.82.0.0/16'),
 IPv4Network('10.83.0.0/16'),
 IPv4Network('10.84.0.0/16'),
 IPv4Network('10.85.0.0/16'),
 IPv4Network('10.86.0.0/16'),
 IPv4Network('10.87.0.0/16'),
 IPv4Network('10.88.0.0/16'),
 IPv4Network('10.89.0.0/16'),
 IPv4Network('10.90.0.0/16'),
 IPv4Network('10.91.0.0/16'),
 IPv4Network('10.92.0.0/16'),
 IPv4Network('10.93.0.0/16'),
 IPv4Network('10.94.0.0/16'),
 IPv4Network('10.95.0.0/16'),
 IPv4Network('10.96.0.0/16'),
 IPv4Network('10.97.0.0/16'),
 IPv4Network('10.98.0.0/16'),
 IPv4Network('10.99.0.0/16'),
 IPv4Network('10.100.0.0/16'),
 IPv4Network('10.101.0.0/16'),
 IPv4Network('10.102.0.0/16'),
 IPv4Network('10.103.0.0/16'),
 IPv4Network('10.104.0.0/16'),
 IPv4Network('10.105.0.0/16'),
 IPv4Network('10.106.0.0/16'),
 IPv4Network('10.107.0.0/16'),
 IPv4Network('10.108.0.0/16'),
 IPv4Network('10.109.0.0/16'),
 IPv4Network('10.110.0.0/16'),
 IPv4Network('10.111.0.0/16'),
 IPv4Network('10.112.0.0/16'),
 IPv4Network('10.113.0.0/16'),
 IPv4Network('10.114.0.0/16'),
 IPv4Network('10.115.0.0/16'),
 IPv4Network('10.116.0.0/16'),
 IPv4Network('10.117.0.0/16'),
 IPv4Network('10.118.0.0/16'),
 IPv4Network('10.119.0.0/16'),
 IPv4Network('10.120.0.0/16'),
 IPv4Network('10.121.0.0/16'),
 IPv4Network('10.122.0.0/16'),
 IPv4Network('10.123.0.0/16'),
 IPv4Network('10.124.0.0/16'),
 IPv4Network('10.125.0.0/16'),
 IPv4Network('10.126.0.0/16'),
 IPv4Network('10.127.0.0/16'),
 IPv4Network('10.128.0.0/16'),
 IPv4Network('10.129.0.0/16'),
 IPv4Network('10.130.0.0/16'),
 IPv4Network('10.131.0.0/16'),
 IPv4Network('10.132.0.0/16'),
 IPv4Network('10.133.0.0/16'),
 IPv4Network('10.134.0.0/16'),
 IPv4Network('10.135.0.0/16'),
 IPv4Network('10.136.0.0/16'),
 IPv4Network('10.137.0.0/16'),
 IPv4Network('10.138.0.0/16'),
 IPv4Network('10.139.0.0/16'),
 IPv4Network('10.140.0.0/16'),
 IPv4Network('10.141.0.0/16'),
 IPv4Network('10.142.0.0/16'),
 IPv4Network('10.143.0.0/16'),
 IPv4Network('10.144.0.0/16'),
 IPv4Network('10.145.0.0/16'),
 IPv4Network('10.146.0.0/16'),
 IPv4Network('10.147.0.0/16'),
 IPv4Network('10.148.0.0/16'),
 IPv4Network('10.149.0.0/16'),
 IPv4Network('10.150.0.0/16'),
 IPv4Network('10.151.0.0/16'),
 IPv4Network('10.152.0.0/16'),
 IPv4Network('10.153.0.0/16'),
 IPv4Network('10.154.0.0/16'),
 IPv4Network('10.155.0.0/16'),
 IPv4Network('10.156.0.0/16'),
 IPv4Network('10.157.0.0/16'),
 IPv4Network('10.158.0.0/16'),
 IPv4Network('10.159.0.0/16'),
 IPv4Network('10.160.0.0/16'),
 IPv4Network('10.161.0.0/16'),
 IPv4Network('10.162.0.0/16'),
 IPv4Network('10.163.0.0/16'),
 IPv4Network('10.164.0.0/16'),
 IPv4Network('10.165.0.0/16'),
 IPv4Network('10.166.0.0/16'),
 IPv4Network('10.167.0.0/16'),
 IPv4Network('10.168.0.0/16'),
 IPv4Network('10.169.0.0/16'),
 IPv4Network('10.170.0.0/16'),
 IPv4Network('10.171.0.0/16'),
 IPv4Network('10.172.0.0/16'),
 IPv4Network('10.173.0.0/16'),
 IPv4Network('10.174.0.0/16'),
 IPv4Network('10.175.0.0/16'),
 IPv4Network('10.176.0.0/16'),
 IPv4Network('10.177.0.0/16'),
 IPv4Network('10.178.0.0/16'),
 IPv4Network('10.179.0.0/16'),
 IPv4Network('10.180.0.0/16'),
 IPv4Network('10.181.0.0/16'),
 IPv4Network('10.182.0.0/16'),
 IPv4Network('10.183.0.0/16'),
 IPv4Network('10.184.0.0/16'),
 IPv4Network('10.185.0.0/16'),
 IPv4Network('10.186.0.0/16'),
 IPv4Network('10.187.0.0/16'),
 IPv4Network('10.188.0.0/16'),
 IPv4Network('10.189.0.0/16'),
 IPv4Network('10.190.0.0/16'),
 IPv4Network('10.191.0.0/16'),
 IPv4Network('10.192.0.0/16'),
 IPv4Network('10.193.0.0/16'),
 IPv4Network('10.194.0.0/16'),
 IPv4Network('10.195.0.0/16'),
 IPv4Network('10.196.0.0/16'),
 IPv4Network('10.197.0.0/16'),
 IPv4Network('10.198.0.0/16'),
 IPv4Network('10.199.0.0/16'),
 IPv4Network('10.200.0.0/16'),
 IPv4Network('10.201.0.0/16'),
 IPv4Network('10.202.0.0/16'),
 IPv4Network('10.203.0.0/16'),
 IPv4Network('10.204.0.0/16'),
 IPv4Network('10.205.0.0/16'),
 IPv4Network('10.206.0.0/16'),
 IPv4Network('10.207.0.0/16'),
 IPv4Network('10.208.0.0/16'),
 IPv4Network('10.209.0.0/16'),
 IPv4Network('10.210.0.0/16'),
 IPv4Network('10.211.0.0/16')]
[IPv4Network('10.0.0.0/8'),
 IPv4Network('129.79.0.0/16'),
 IPv4Network('134.68.0.0/16'),
 IPv4Network('140.182.0.0/16'),
 IPv4Network('149.159.0.0/16'),
 IPv4Network('149.160.0.0/14'),
 IPv4Network('156.56.0.0/16'),
 IPv4Network('172.16.0.0/12'),
 IPv4Network('192.168.0.0/24'),
 IPv6Network('::/128'),
 IPv4Network('10.0.0.0/16'),
 IPv4Network('10.1.0.0/16'),
 IPv4Network('10.2.0.0/16'),
 IPv4Network('10.3.0.0/16'),
 IPv4Network('10.4.0.0/16'),
 IPv4Network('10.5.0.0/16'),
 IPv4Network('10.6.0.0/16'),
 IPv4Network('10.7.0.0/16'),
 IPv4Network('10.8.0.0/16'),
 IPv4Network('10.9.0.0/16'),
 IPv4Network('10.10.0.0/16'),
 IPv4Network('10.11.0.0/16'),
 IPv4Network('10.12.0.0/16'),
 IPv4Network('10.13.0.0/16'),
 IPv4Network('10.14.0.0/16'),
 IPv4Network('10.15.0.0/16'),
 IPv4Network('10.16.0.0/16'),
 IPv4Network('10.17.0.0/16'),
 IPv4Network('10.18.0.0/16'),
 IPv4Network('10.19.0.0/16'),
 IPv4Network('10.20.0.0/16'),
 IPv4Network('10.21.0.0/16'),
 IPv4Network('10.22.0.0/16'),
 IPv4Network('10.23.0.0/16'),
 IPv4Network('10.24.0.0/16'),
 IPv4Network('10.25.0.0/16'),
 IPv4Network('10.26.0.0/16'),
 IPv4Network('10.27.0.0/16'),
 IPv4Network('10.28.0.0/16'),
 IPv4Network('10.29.0.0/16'),
 IPv4Network('10.30.0.0/16'),
 IPv4Network('10.31.0.0/16'),
 IPv4Network('10.32.0.0/16'),
 IPv4Network('10.33.0.0/16'),
 IPv4Network('10.34.0.0/16'),
 IPv4Network('10.35.0.0/16'),
 IPv4Network('10.36.0.0/16'),
 IPv4Network('10.37.0.0/16'),
 IPv4Network('10.38.0.0/16'),
 IPv4Network('10.39.0.0/16'),
 IPv4Network('10.40.0.0/16'),
 IPv4Network('10.41.0.0/16'),
 IPv4Network('10.42.0.0/16'),
 IPv4Network('10.43.0.0/16'),
 IPv4Network('10.44.0.0/16'),
 IPv4Network('10.45.0.0/16'),
 IPv4Network('10.46.0.0/16'),
 IPv4Network('10.47.0.0/16'),
 IPv4Network('10.48.0.0/16'),
 IPv4Network('10.49.0.0/16'),
 IPv4Network('10.50.0.0/16'),
 IPv4Network('10.51.0.0/16'),
 IPv4Network('10.52.0.0/16'),
 IPv4Network('10.53.0.0/16'),
 IPv4Network('10.54.0.0/16'),
 IPv4Network('10.55.0.0/16'),
 IPv4Network('10.56.0.0/16'),
 IPv4Network('10.57.0.0/16'),
 IPv4Network('10.58.0.0/16'),
 IPv4Network('10.59.0.0/16'),
 IPv4Network('10.60.0.0/16'),
 IPv4Network('10.61.0.0/16'),
 IPv4Network('10.62.0.0/16'),
 IPv4Network('10.63.0.0/16'),
 IPv4Network('10.64.0.0/16'),
 IPv4Network('10.65.0.0/16'),
 IPv4Network('10.66.0.0/16'),
 IPv4Network('10.67.0.0/16'),
 IPv4Network('10.68.0.0/16'),
 IPv4Network('10.69.0.0/16'),
 IPv4Network('10.70.0.0/16'),
 IPv4Network('10.71.0.0/16'),
 IPv4Network('10.72.0.0/16'),
 IPv4Network('10.73.0.0/16'),
 IPv4Network('10.74.0.0/16'),
 IPv4Network('10.75.0.0/16'),
 IPv4Network('10.76.0.0/16'),
 IPv4Network('10.77.0.0/16'),
 IPv4Network('10.78.0.0/16'),
 IPv4Network('10.79.0.0/16'),
 IPv4Network('10.80.0.0/16'),
 IPv4Network('10.81.0.0/16'),
 IPv4Network('10.82.0.0/16'),
 IPv4Network('10.83.0.0/16'),
 IPv4Network('10.84.0.0/16'),
 IPv4Network('10.85.0.0/16'),
 IPv4Network('10.86.0.0/16'),
 IPv4Network('10.87.0.0/16'),
 IPv4Network('10.88.0.0/16'),
 IPv4Network('10.89.0.0/16'),
 IPv4Network('10.90.0.0/16'),
 IPv4Network('10.91.0.0/16'),
 IPv4Network('10.92.0.0/16'),
 IPv4Network('10.93.0.0/16'),
 IPv4Network('10.94.0.0/16'),
 IPv4Network('10.95.0.0/16'),
 IPv4Network('10.96.0.0/16'),
 IPv4Network('10.97.0.0/16'),
 IPv4Network('10.98.0.0/16'),
 IPv4Network('10.99.0.0/16'),
 IPv4Network('10.100.0.0/16'),
 IPv4Network('10.101.0.0/16'),
 IPv4Network('10.102.0.0/16'),
 IPv4Network('10.103.0.0/16'),
 IPv4Network('10.104.0.0/16'),
 IPv4Network('10.105.0.0/16'),
 IPv4Network('10.106.0.0/16'),
 IPv4Network('10.107.0.0/16'),
 IPv4Network('10.108.0.0/16'),
 IPv4Network('10.109.0.0/16'),
 IPv4Network('10.110.0.0/16'),
 IPv4Network('10.111.0.0/16'),
 IPv4Network('10.112.0.0/16'),
 IPv4Network('10.113.0.0/16'),
 IPv4Network('10.114.0.0/16'),
 IPv4Network('10.115.0.0/16'),
 IPv4Network('10.116.0.0/16'),
 IPv4Network('10.117.0.0/16'),
 IPv4Network('10.118.0.0/16'),
 IPv4Network('10.119.0.0/16'),
 IPv4Network('10.120.0.0/16'),
 IPv4Network('10.121.0.0/16'),
 IPv4Network('10.122.0.0/16'),
 IPv4Network('10.123.0.0/16'),
 IPv4Network('10.124.0.0/16'),
 IPv4Network('10.125.0.0/16'),
 IPv4Network('10.126.0.0/16'),
 IPv4Network('10.127.0.0/16'),
 IPv4Network('10.128.0.0/16'),
 IPv4Network('10.129.0.0/16'),
 IPv4Network('10.130.0.0/16'),
 IPv4Network('10.131.0.0/16'),
 IPv4Network('10.132.0.0/16'),
 IPv4Network('10.133.0.0/16'),
 IPv4Network('10.134.0.0/16'),
 IPv4Network('10.135.0.0/16'),
 IPv4Network('10.136.0.0/16'),
 IPv4Network('10.137.0.0/16'),
 IPv4Network('10.138.0.0/16'),
 IPv4Network('10.139.0.0/16'),
 IPv4Network('10.140.0.0/16'),
 IPv4Network('10.141.0.0/16'),
 IPv4Network('10.142.0.0/16'),
 IPv4Network('10.143.0.0/16'),
 IPv4Network('10.144.0.0/16'),
 IPv4Network('10.145.0.0/16'),
 IPv4Network('10.146.0.0/16'),
 IPv4Network('10.147.0.0/16'),
 IPv4Network('10.148.0.0/16'),
 IPv4Network('10.149.0.0/16'),
 IPv4Network('10.150.0.0/16'),
 IPv4Network('10.151.0.0/16'),
 IPv4Network('10.152.0.0/16'),
 IPv4Network('10.153.0.0/16'),
 IPv4Network('10.154.0.0/16'),
 IPv4Network('10.155.0.0/16'),
 IPv4Network('10.156.0.0/16'),
 IPv4Network('10.157.0.0/16'),
 IPv4Network('10.158.0.0/16'),
 IPv4Network('10.159.0.0/16'),
 IPv4Network('10.160.0.0/16'),
 IPv4Network('10.161.0.0/16'),
 IPv4Network('10.162.0.0/16'),
 IPv4Network('10.163.0.0/16'),
 IPv4Network('10.164.0.0/16'),
 IPv4Network('10.165.0.0/16'),
 IPv4Network('10.166.0.0/16'),
 IPv4Network('10.167.0.0/16'),
 IPv4Network('10.168.0.0/16'),
 IPv4Network('10.169.0.0/16'),
 IPv4Network('10.170.0.0/16'),
 IPv4Network('10.171.0.0/16'),
 IPv4Network('10.172.0.0/16'),
 IPv4Network('10.173.0.0/16'),
 IPv4Network('10.174.0.0/16'),
 IPv4Network('10.175.0.0/16'),
 IPv4Network('10.176.0.0/16'),
 IPv4Network('10.177.0.0/16'),
 IPv4Network('10.178.0.0/16'),
 IPv4Network('10.179.0.0/16'),
 IPv4Network('10.180.0.0/16'),
 IPv4Network('10.181.0.0/16'),
 IPv4Network('10.182.0.0/16'),
 IPv4Network('10.183.0.0/16'),
 IPv4Network('10.184.0.0/16'),
 IPv4Network('10.185.0.0/16'),
 IPv4Network('10.186.0.0/16'),
 IPv4Network('10.187.0.0/16'),
 IPv4Network('10.188.0.0/16'),
 IPv4Network('10.189.0.0/16'),
 IPv4Network('10.190.0.0/16'),
 IPv4Network('10.191.0.0/16'),
 IPv4Network('10.192.0.0/16'),
 IPv4Network('10.193.0.0/16'),
 IPv4Network('10.194.0.0/16'),
 IPv4Network('10.195.0.0/16'),
 IPv4Network('10.196.0.0/16'),
 IPv4Network('10.197.0.0/16'),
 IPv4Network('10.198.0.0/16'),
 IPv4Network('10.199.0.0/16'),
 IPv4Network('10.200.0.0/16'),
 IPv4Network('10.201.0.0/16'),
 IPv4Network('10.202.0.0/16'),
 IPv4Network('10.203.0.0/16'),
 IPv4Network('10.204.0.0/16'),
 IPv4Network('10.205.0.0/16'),
 IPv4Network('10.206.0.0/16'),
 IPv4Network('10.207.0.0/16'),
 IPv4Network('10.208.0.0/16'),
 IPv4Network('10.209.0.0/16'),
 IPv4Network('10.210.0.0/16'),
 IPv4Network('10.211.0.0/16')]
[IPv4Network('10.0.0.0/8'),
 IPv4Network('129.79.0.0/16'),
 IPv4Network('134.68.0.0/16'),
 IPv4Network('140.182.0.0/16'),
 IPv4Network('149.159.0.0/16'),
 IPv4Network('149.160.0.0/14'),
 IPv4Network('156.56.0.0/16'),
 IPv4Network('172.16.0.0/12'),
 IPv4Network('192.168.0.0/24'),
 IPv6Network('::/128'),
 IPv4Network('10.0.0.0/16'),
 IPv4Network('10.1.0.0/16'),
 IPv4Network('10.2.0.0/16'),
 IPv4Network('10.3.0.0/16'),
 IPv4Network('10.4.0.0/16'),
 IPv4Network('10.5.0.0/16'),
 IPv4Network('10.6.0.0/16'),
 IPv4Network('10.7.0.0/16'),
 IPv4Network('10.8.0.0/16'),
 IPv4Network('10.9.0.0/16'),
 IPv4Network('10.10.0.0/16'),
 IPv4Network('10.11.0.0/16'),
 IPv4Network('10.12.0.0/16'),
 IPv4Network('10.13.0.0/16'),
 IPv4Network('10.14.0.0/16'),
 IPv4Network('10.15.0.0/16'),
 IPv4Network('10.16.0.0/16'),
 IPv4Network('10.17.0.0/16'),
 IPv4Network('10.18.0.0/16'),
 IPv4Network('10.19.0.0/16'),
 IPv4Network('10.20.0.0/16'),
 IPv4Network('10.21.0.0/16'),
 IPv4Network('10.22.0.0/16'),
 IPv4Network('10.23.0.0/16'),
 IPv4Network('10.24.0.0/16'),
 IPv4Network('10.25.0.0/16'),
 IPv4Network('10.26.0.0/16'),
 IPv4Network('10.27.0.0/16'),
 IPv4Network('10.28.0.0/16'),
 IPv4Network('10.29.0.0/16'),
 IPv4Network('10.30.0.0/16'),
 IPv4Network('10.31.0.0/16'),
 IPv4Network('10.32.0.0/16'),
 IPv4Network('10.33.0.0/16'),
 IPv4Network('10.34.0.0/16'),
 IPv4Network('10.35.0.0/16'),
 IPv4Network('10.36.0.0/16'),
 IPv4Network('10.37.0.0/16'),
 IPv4Network('10.38.0.0/16'),
 IPv4Network('10.39.0.0/16'),
 IPv4Network('10.40.0.0/16'),
 IPv4Network('10.41.0.0/16'),
 IPv4Network('10.42.0.0/16'),
 IPv4Network('10.43.0.0/16'),
 IPv4Network('10.44.0.0/16'),
 IPv4Network('10.45.0.0/16'),
 IPv4Network('10.46.0.0/16'),
 IPv4Network('10.47.0.0/16'),
 IPv4Network('10.48.0.0/16'),
 IPv4Network('10.49.0.0/16'),
 IPv4Network('10.50.0.0/16'),
 IPv4Network('10.51.0.0/16'),
 IPv4Network('10.52.0.0/16'),
 IPv4Network('10.53.0.0/16'),
 IPv4Network('10.54.0.0/16'),
 IPv4Network('10.55.0.0/16'),
 IPv4Network('10.56.0.0/16'),
 IPv4Network('10.57.0.0/16'),
 IPv4Network('10.58.0.0/16'),
 IPv4Network('10.59.0.0/16'),
 IPv4Network('10.60.0.0/16'),
 IPv4Network('10.61.0.0/16'),
 IPv4Network('10.62.0.0/16'),
 IPv4Network('10.63.0.0/16'),
 IPv4Network('10.64.0.0/16'),
 IPv4Network('10.65.0.0/16'),
 IPv4Network('10.66.0.0/16'),
 IPv4Network('10.67.0.0/16'),
 IPv4Network('10.68.0.0/16'),
 IPv4Network('10.69.0.0/16'),
 IPv4Network('10.70.0.0/16'),
 IPv4Network('10.71.0.0/16'),
 IPv4Network('10.72.0.0/16'),
 IPv4Network('10.73.0.0/16'),
 IPv4Network('10.74.0.0/16'),
 IPv4Network('10.75.0.0/16'),
 IPv4Network('10.76.0.0/16'),
 IPv4Network('10.77.0.0/16'),
 IPv4Network('10.78.0.0/16'),
 IPv4Network('10.79.0.0/16'),
 IPv4Network('10.80.0.0/16'),
 IPv4Network('10.81.0.0/16'),
 IPv4Network('10.82.0.0/16'),
 IPv4Network('10.83.0.0/16'),
 IPv4Network('10.84.0.0/16'),
 IPv4Network('10.85.0.0/16'),
 IPv4Network('10.86.0.0/16'),
 IPv4Network('10.87.0.0/16'),
 IPv4Network('10.88.0.0/16'),
 IPv4Network('10.89.0.0/16'),
 IPv4Network('10.90.0.0/16'),
 IPv4Network('10.91.0.0/16'),
 IPv4Network('10.92.0.0/16'),
 IPv4Network('10.93.0.0/16'),
 IPv4Network('10.94.0.0/16'),
 IPv4Network('10.95.0.0/16'),
 IPv4Network('10.96.0.0/16'),
 IPv4Network('10.97.0.0/16'),
 IPv4Network('10.98.0.0/16'),
 IPv4Network('10.99.0.0/16'),
 IPv4Network('10.100.0.0/16'),
 IPv4Network('10.101.0.0/16'),
 IPv4Network('10.102.0.0/16'),
 IPv4Network('10.103.0.0/16'),
 IPv4Network('10.104.0.0/16'),
 IPv4Network('10.105.0.0/16'),
 IPv4Network('10.106.0.0/16'),
 IPv4Network('10.107.0.0/16'),
 IPv4Network('10.108.0.0/16'),
 IPv4Network('10.109.0.0/16'),
 IPv4Network('10.110.0.0/16'),
 IPv4Network('10.111.0.0/16'),
 IPv4Network('10.112.0.0/16'),
 IPv4Network('10.113.0.0/16'),
 IPv4Network('10.114.0.0/16'),
 IPv4Network('10.115.0.0/16'),
 IPv4Network('10.116.0.0/16'),
 IPv4Network('10.117.0.0/16'),
 IPv4Network('10.118.0.0/16'),
 IPv4Network('10.119.0.0/16'),
 IPv4Network('10.120.0.0/16'),
 IPv4Network('10.121.0.0/16'),
 IPv4Network('10.122.0.0/16'),
 IPv4Network('10.123.0.0/16'),
 IPv4Network('10.124.0.0/16'),
 IPv4Network('10.125.0.0/16'),
 IPv4Network('10.126.0.0/16'),
 IPv4Network('10.127.0.0/16'),
 IPv4Network('10.128.0.0/16'),
 IPv4Network('10.129.0.0/16'),
 IPv4Network('10.130.0.0/16'),
 IPv4Network('10.131.0.0/16'),
 IPv4Network('10.132.0.0/16'),
 IPv4Network('10.133.0.0/16'),
 IPv4Network('10.134.0.0/16'),
 IPv4Network('10.135.0.0/16'),
 IPv4Network('10.136.0.0/16'),
 IPv4Network('10.137.0.0/16'),
 IPv4Network('10.138.0.0/16'),
 IPv4Network('10.139.0.0/16'),
 IPv4Network('10.140.0.0/16'),
 IPv4Network('10.141.0.0/16'),
 IPv4Network('10.142.0.0/16'),
 IPv4Network('10.143.0.0/16'),
 IPv4Network('10.144.0.0/16'),
 IPv4Network('10.145.0.0/16'),
 IPv4Network('10.146.0.0/16'),
 IPv4Network('10.147.0.0/16'),
 IPv4Network('10.148.0.0/16'),
 IPv4Network('10.149.0.0/16'),
 IPv4Network('10.150.0.0/16'),
 IPv4Network('10.151.0.0/16'),
 IPv4Network('10.152.0.0/16'),
 IPv4Network('10.153.0.0/16'),
 IPv4Network('10.154.0.0/16'),
 IPv4Network('10.155.0.0/16'),
 IPv4Network('10.156.0.0/16'),
 IPv4Network('10.157.0.0/16'),
 IPv4Network('10.158.0.0/16'),
 IPv4Network('10.159.0.0/16'),
 IPv4Network('10.160.0.0/16'),
 IPv4Network('10.161.0.0/16'),
 IPv4Network('10.162.0.0/16'),
 IPv4Network('10.163.0.0/16'),
 IPv4Network('10.164.0.0/16'),
 IPv4Network('10.165.0.0/16'),
 IPv4Network('10.166.0.0/16'),
 IPv4Network('10.167.0.0/16'),
 IPv4Network('10.168.0.0/16'),
 IPv4Network('10.169.0.0/16'),
 IPv4Network('10.170.0.0/16'),
 IPv4Network('10.171.0.0/16'),
 IPv4Network('10.172.0.0/16'),
 IPv4Network('10.173.0.0/16'),
 IPv4Network('10.174.0.0/16'),
 IPv4Network('10.175.0.0/16'),
 IPv4Network('10.176.0.0/16'),
 IPv4Network('10.177.0.0/16'),
 IPv4Network('10.178.0.0/16'),
 IPv4Network('10.179.0.0/16'),
 IPv4Network('10.180.0.0/16'),
 IPv4Network('10.181.0.0/16'),
 IPv4Network('10.182.0.0/16'),
 IPv4Network('10.183.0.0/16'),
 IPv4Network('10.184.0.0/16'),
 IPv4Network('10.185.0.0/16'),
 IPv4Network('10.186.0.0/16'),
 IPv4Network('10.187.0.0/16'),
 IPv4Network('10.188.0.0/16'),
 IPv4Network('10.189.0.0/16'),
 IPv4Network('10.190.0.0/16'),
 IPv4Network('10.191.0.0/16'),
 IPv4Network('10.192.0.0/16'),
 IPv4Network('10.193.0.0/16'),
 IPv4Network('10.194.0.0/16'),
 IPv4Network('10.195.0.0/16'),
 IPv4Network('10.196.0.0/16'),
 IPv4Network('10.197.0.0/16'),
 IPv4Network('10.198.0.0/16'),
 IPv4Network('10.199.0.0/16'),
 IPv4Network('10.200.0.0/16'),
 IPv4Network('10.201.0.0/16'),
 IPv4Network('10.202.0.0/16'),
 IPv4Network('10.203.0.0/16'),
 IPv4Network('10.204.0.0/16'),
 IPv4Network('10.205.0.0/16'),
 IPv4Network('10.206.0.0/16'),
 IPv4Network('10.207.0.0/16'),
 IPv4Network('10.208.0.0/16'),
 IPv4Network('10.209.0.0/16'),
 IPv4Network('10.210.0.0/16'),
 IPv4Network('10.211.0.0/16'),
 IPv4Network('10.212.0.0/16'),
 IPv4Network('10.213.0.0/16')]
[IPv4Network('10.0.0.0/8'),
 IPv4Network('129.79.0.0/16'),
 IPv4Network('134.68.0.0/16'),
 IPv4Network('140.182.0.0/16'),
 IPv4Network('149.159.0.0/16'),
 IPv4Network('149.160.0.0/14'),
 IPv4Network('156.56.0.0/16'),
 IPv4Network('172.16.0.0/12'),
 IPv4Network('192.168.0.0/24'),
 IPv6Network('::/128'),
 IPv4Network('10.0.0.0/16'),
 IPv4Network('10.1.0.0/16'),
 IPv4Network('10.2.0.0/16'),
 IPv4Network('10.3.0.0/16'),
 IPv4Network('10.4.0.0/16'),
 IPv4Network('10.5.0.0/16'),
 IPv4Network('10.6.0.0/16'),
 IPv4Network('10.7.0.0/16'),
 IPv4Network('10.8.0.0/16'),
 IPv4Network('10.9.0.0/16'),
 IPv4Network('10.10.0.0/16'),
 IPv4Network('10.11.0.0/16'),
 IPv4Network('10.12.0.0/16'),
 IPv4Network('10.13.0.0/16'),
 IPv4Network('10.14.0.0/16'),
 IPv4Network('10.15.0.0/16'),
 IPv4Network('10.16.0.0/16'),
 IPv4Network('10.17.0.0/16'),
 IPv4Network('10.18.0.0/16'),
 IPv4Network('10.19.0.0/16'),
 IPv4Network('10.20.0.0/16'),
 IPv4Network('10.21.0.0/16'),
 IPv4Network('10.22.0.0/16'),
 IPv4Network('10.23.0.0/16'),
 IPv4Network('10.24.0.0/16'),
 IPv4Network('10.25.0.0/16'),
 IPv4Network('10.26.0.0/16'),
 IPv4Network('10.27.0.0/16'),
 IPv4Network('10.28.0.0/16'),
 IPv4Network('10.29.0.0/16'),
 IPv4Network('10.30.0.0/16'),
 IPv4Network('10.31.0.0/16'),
 IPv4Network('10.32.0.0/16'),
 IPv4Network('10.33.0.0/16'),
 IPv4Network('10.34.0.0/16'),
 IPv4Network('10.35.0.0/16'),
 IPv4Network('10.36.0.0/16'),
 IPv4Network('10.37.0.0/16'),
 IPv4Network('10.38.0.0/16'),
 IPv4Network('10.39.0.0/16'),
 IPv4Network('10.40.0.0/16'),
 IPv4Network('10.41.0.0/16'),
 IPv4Network('10.42.0.0/16'),
 IPv4Network('10.43.0.0/16'),
 IPv4Network('10.44.0.0/16'),
 IPv4Network('10.45.0.0/16'),
 IPv4Network('10.46.0.0/16'),
 IPv4Network('10.47.0.0/16'),
 IPv4Network('10.48.0.0/16'),
 IPv4Network('10.49.0.0/16'),
 IPv4Network('10.50.0.0/16'),
 IPv4Network('10.51.0.0/16'),
 IPv4Network('10.52.0.0/16'),
 IPv4Network('10.53.0.0/16'),
 IPv4Network('10.54.0.0/16'),
 IPv4Network('10.55.0.0/16'),
 IPv4Network('10.56.0.0/16'),
 IPv4Network('10.57.0.0/16'),
 IPv4Network('10.58.0.0/16'),
 IPv4Network('10.59.0.0/16'),
 IPv4Network('10.60.0.0/16'),
 IPv4Network('10.61.0.0/16'),
 IPv4Network('10.62.0.0/16'),
 IPv4Network('10.63.0.0/16'),
 IPv4Network('10.64.0.0/16'),
 IPv4Network('10.65.0.0/16'),
 IPv4Network('10.66.0.0/16'),
 IPv4Network('10.67.0.0/16'),
 IPv4Network('10.68.0.0/16'),
 IPv4Network('10.69.0.0/16'),
 IPv4Network('10.70.0.0/16'),
 IPv4Network('10.71.0.0/16'),
 IPv4Network('10.72.0.0/16'),
 IPv4Network('10.73.0.0/16'),
 IPv4Network('10.74.0.0/16'),
 IPv4Network('10.75.0.0/16'),
 IPv4Network('10.76.0.0/16'),
 IPv4Network('10.77.0.0/16'),
 IPv4Network('10.78.0.0/16'),
 IPv4Network('10.79.0.0/16'),
 IPv4Network('10.80.0.0/16'),
 IPv4Network('10.81.0.0/16'),
 IPv4Network('10.82.0.0/16'),
 IPv4Network('10.83.0.0/16'),
 IPv4Network('10.84.0.0/16'),
 IPv4Network('10.85.0.0/16'),
 IPv4Network('10.86.0.0/16'),
 IPv4Network('10.87.0.0/16'),
 IPv4Network('10.88.0.0/16'),
 IPv4Network('10.89.0.0/16'),
 IPv4Network('10.90.0.0/16'),
 IPv4Network('10.91.0.0/16'),
 IPv4Network('10.92.0.0/16'),
 IPv4Network('10.93.0.0/16'),
 IPv4Network('10.94.0.0/16'),
 IPv4Network('10.95.0.0/16'),
 IPv4Network('10.96.0.0/16'),
 IPv4Network('10.97.0.0/16'),
 IPv4Network('10.98.0.0/16'),
 IPv4Network('10.99.0.0/16'),
 IPv4Network('10.100.0.0/16'),
 IPv4Network('10.101.0.0/16'),
 IPv4Network('10.102.0.0/16'),
 IPv4Network('10.103.0.0/16'),
 IPv4Network('10.104.0.0/16'),
 IPv4Network('10.105.0.0/16'),
 IPv4Network('10.106.0.0/16'),
 IPv4Network('10.107.0.0/16'),
 IPv4Network('10.108.0.0/16'),
 IPv4Network('10.109.0.0/16'),
 IPv4Network('10.110.0.0/16'),
 IPv4Network('10.111.0.0/16'),
 IPv4Network('10.112.0.0/16'),
 IPv4Network('10.113.0.0/16'),
 IPv4Network('10.114.0.0/16'),
 IPv4Network('10.115.0.0/16'),
 IPv4Network('10.116.0.0/16'),
 IPv4Network('10.117.0.0/16'),
 IPv4Network('10.118.0.0/16'),
 IPv4Network('10.119.0.0/16'),
 IPv4Network('10.120.0.0/16'),
 IPv4Network('10.121.0.0/16'),
 IPv4Network('10.122.0.0/16'),
 IPv4Network('10.123.0.0/16'),
 IPv4Network('10.124.0.0/16'),
 IPv4Network('10.125.0.0/16'),
 IPv4Network('10.126.0.0/16'),
 IPv4Network('10.127.0.0/16'),
 IPv4Network('10.128.0.0/16'),
 IPv4Network('10.129.0.0/16'),
 IPv4Network('10.130.0.0/16'),
 IPv4Network('10.131.0.0/16'),
 IPv4Network('10.132.0.0/16'),
 IPv4Network('10.133.0.0/16'),
 IPv4Network('10.134.0.0/16'),
 IPv4Network('10.135.0.0/16'),
 IPv4Network('10.136.0.0/16'),
 IPv4Network('10.137.0.0/16'),
 IPv4Network('10.138.0.0/16'),
 IPv4Network('10.139.0.0/16'),
 IPv4Network('10.140.0.0/16'),
 IPv4Network('10.141.0.0/16'),
 IPv4Network('10.142.0.0/16'),
 IPv4Network('10.143.0.0/16'),
 IPv4Network('10.144.0.0/16'),
 IPv4Network('10.145.0.0/16'),
 IPv4Network('10.146.0.0/16'),
 IPv4Network('10.147.0.0/16'),
 IPv4Network('10.148.0.0/16'),
 IPv4Network('10.149.0.0/16'),
 IPv4Network('10.150.0.0/16'),
 IPv4Network('10.151.0.0/16'),
 IPv4Network('10.152.0.0/16'),
 IPv4Network('10.153.0.0/16'),
 IPv4Network('10.154.0.0/16'),
 IPv4Network('10.155.0.0/16'),
 IPv4Network('10.156.0.0/16'),
 IPv4Network('10.157.0.0/16'),
 IPv4Network('10.158.0.0/16'),
 IPv4Network('10.159.0.0/16'),
 IPv4Network('10.160.0.0/16'),
 IPv4Network('10.161.0.0/16'),
 IPv4Network('10.162.0.0/16'),
 IPv4Network('10.163.0.0/16'),
 IPv4Network('10.164.0.0/16'),
 IPv4Network('10.165.0.0/16'),
 IPv4Network('10.166.0.0/16'),
 IPv4Network('10.167.0.0/16'),
 IPv4Network('10.168.0.0/16'),
 IPv4Network('10.169.0.0/16'),
 IPv4Network('10.170.0.0/16'),
 IPv4Network('10.171.0.0/16'),
 IPv4Network('10.172.0.0/16'),
 IPv4Network('10.173.0.0/16'),
 IPv4Network('10.174.0.0/16'),
 IPv4Network('10.175.0.0/16'),
 IPv4Network('10.176.0.0/16'),
 IPv4Network('10.177.0.0/16'),
 IPv4Network('10.178.0.0/16'),
 IPv4Network('10.179.0.0/16'),
 IPv4Network('10.180.0.0/16'),
 IPv4Network('10.181.0.0/16'),
 IPv4Network('10.182.0.0/16'),
 IPv4Network('10.183.0.0/16'),
 IPv4Network('10.184.0.0/16'),
 IPv4Network('10.185.0.0/16'),
 IPv4Network('10.186.0.0/16'),
 IPv4Network('10.187.0.0/16'),
 IPv4Network('10.188.0.0/16'),
 IPv4Network('10.189.0.0/16'),
 IPv4Network('10.190.0.0/16'),
 IPv4Network('10.191.0.0/16'),
 IPv4Network('10.192.0.0/16'),
 IPv4Network('10.193.0.0/16'),
 IPv4Network('10.194.0.0/16'),
 IPv4Network('10.195.0.0/16'),
 IPv4Network('10.196.0.0/16'),
 IPv4Network('10.197.0.0/16'),
 IPv4Network('10.198.0.0/16'),
 IPv4Network('10.199.0.0/16'),
 IPv4Network('10.200.0.0/16'),
 IPv4Network('10.201.0.0/16'),
 IPv4Network('10.202.0.0/16'),
 IPv4Network('10.203.0.0/16'),
 IPv4Network('10.204.0.0/16'),
 IPv4Network('10.205.0.0/16'),
 IPv4Network('10.206.0.0/16'),
 IPv4Network('10.207.0.0/16'),
 IPv4Network('10.208.0.0/16'),
 IPv4Network('10.209.0.0/16'),
 IPv4Network('10.210.0.0/16'),
 IPv4Network('10.211.0.0/16'),
 IPv4Network('10.212.0.0/16'),
 IPv4Network('10.213.0.0/16'),
 IPv4Network('10.214.0.0/16'),
 IPv4Network('10.215.0.0/16')]
[IPv4Network('10.0.0.0/8'),
 IPv4Network('129.79.0.0/16'),
 IPv4Network('134.68.0.0/16'),
 IPv4Network('140.182.0.0/16'),
 IPv4Network('149.159.0.0/16'),
 IPv4Network('149.160.0.0/14'),
 IPv4Network('156.56.0.0/16'),
 IPv4Network('172.16.0.0/12'),
 IPv4Network('192.168.0.0/24'),
 IPv6Network('::/128'),
 IPv4Network('10.0.0.0/16'),
 IPv4Network('10.1.0.0/16'),
 IPv4Network('10.2.0.0/16'),
 IPv4Network('10.3.0.0/16'),
 IPv4Network('10.4.0.0/16'),
 IPv4Network('10.5.0.0/16'),
 IPv4Network('10.6.0.0/16'),
 IPv4Network('10.7.0.0/16'),
 IPv4Network('10.8.0.0/16'),
 IPv4Network('10.9.0.0/16'),
 IPv4Network('10.10.0.0/16'),
 IPv4Network('10.11.0.0/16'),
 IPv4Network('10.12.0.0/16'),
 IPv4Network('10.13.0.0/16'),
 IPv4Network('10.14.0.0/16'),
 IPv4Network('10.15.0.0/16'),
 IPv4Network('10.16.0.0/16'),
 IPv4Network('10.17.0.0/16'),
 IPv4Network('10.18.0.0/16'),
 IPv4Network('10.19.0.0/16'),
 IPv4Network('10.20.0.0/16'),
 IPv4Network('10.21.0.0/16'),
 IPv4Network('10.22.0.0/16'),
 IPv4Network('10.23.0.0/16'),
 IPv4Network('10.24.0.0/16'),
 IPv4Network('10.25.0.0/16'),
 IPv4Network('10.26.0.0/16'),
 IPv4Network('10.27.0.0/16'),
 IPv4Network('10.28.0.0/16'),
 IPv4Network('10.29.0.0/16'),
 IPv4Network('10.30.0.0/16'),
 IPv4Network('10.31.0.0/16'),
 IPv4Network('10.32.0.0/16'),
 IPv4Network('10.33.0.0/16'),
 IPv4Network('10.34.0.0/16'),
 IPv4Network('10.35.0.0/16'),
 IPv4Network('10.36.0.0/16'),
 IPv4Network('10.37.0.0/16'),
 IPv4Network('10.38.0.0/16'),
 IPv4Network('10.39.0.0/16'),
 IPv4Network('10.40.0.0/16'),
 IPv4Network('10.41.0.0/16'),
 IPv4Network('10.42.0.0/16'),
 IPv4Network('10.43.0.0/16'),
 IPv4Network('10.44.0.0/16'),
 IPv4Network('10.45.0.0/16'),
 IPv4Network('10.46.0.0/16'),
 IPv4Network('10.47.0.0/16'),
 IPv4Network('10.48.0.0/16'),
 IPv4Network('10.49.0.0/16'),
 IPv4Network('10.50.0.0/16'),
 IPv4Network('10.51.0.0/16'),
 IPv4Network('10.52.0.0/16'),
 IPv4Network('10.53.0.0/16'),
 IPv4Network('10.54.0.0/16'),
 IPv4Network('10.55.0.0/16'),
 IPv4Network('10.56.0.0/16'),
 IPv4Network('10.57.0.0/16'),
 IPv4Network('10.58.0.0/16'),
 IPv4Network('10.59.0.0/16'),
 IPv4Network('10.60.0.0/16'),
 IPv4Network('10.61.0.0/16'),
 IPv4Network('10.62.0.0/16'),
 IPv4Network('10.63.0.0/16'),
 IPv4Network('10.64.0.0/16'),
 IPv4Network('10.65.0.0/16'),
 IPv4Network('10.66.0.0/16'),
 IPv4Network('10.67.0.0/16'),
 IPv4Network('10.68.0.0/16'),
 IPv4Network('10.69.0.0/16'),
 IPv4Network('10.70.0.0/16'),
 IPv4Network('10.71.0.0/16'),
 IPv4Network('10.72.0.0/16'),
 IPv4Network('10.73.0.0/16'),
 IPv4Network('10.74.0.0/16'),
 IPv4Network('10.75.0.0/16'),
 IPv4Network('10.76.0.0/16'),
 IPv4Network('10.77.0.0/16'),
 IPv4Network('10.78.0.0/16'),
 IPv4Network('10.79.0.0/16'),
 IPv4Network('10.80.0.0/16'),
 IPv4Network('10.81.0.0/16'),
 IPv4Network('10.82.0.0/16'),
 IPv4Network('10.83.0.0/16'),
 IPv4Network('10.84.0.0/16'),
 IPv4Network('10.85.0.0/16'),
 IPv4Network('10.86.0.0/16'),
 IPv4Network('10.87.0.0/16'),
 IPv4Network('10.88.0.0/16'),
 IPv4Network('10.89.0.0/16'),
 IPv4Network('10.90.0.0/16'),
 IPv4Network('10.91.0.0/16'),
 IPv4Network('10.92.0.0/16'),
 IPv4Network('10.93.0.0/16'),
 IPv4Network('10.94.0.0/16'),
 IPv4Network('10.95.0.0/16'),
 IPv4Network('10.96.0.0/16'),
 IPv4Network('10.97.0.0/16'),
 IPv4Network('10.98.0.0/16'),
 IPv4Network('10.99.0.0/16'),
 IPv4Network('10.100.0.0/16'),
 IPv4Network('10.101.0.0/16'),
 IPv4Network('10.102.0.0/16'),
 IPv4Network('10.103.0.0/16'),
 IPv4Network('10.104.0.0/16'),
 IPv4Network('10.105.0.0/16'),
 IPv4Network('10.106.0.0/16'),
 IPv4Network('10.107.0.0/16'),
 IPv4Network('10.108.0.0/16'),
 IPv4Network('10.109.0.0/16'),
 IPv4Network('10.110.0.0/16'),
 IPv4Network('10.111.0.0/16'),
 IPv4Network('10.112.0.0/16'),
 IPv4Network('10.113.0.0/16'),
 IPv4Network('10.114.0.0/16'),
 IPv4Network('10.115.0.0/16'),
 IPv4Network('10.116.0.0/16'),
 IPv4Network('10.117.0.0/16'),
 IPv4Network('10.118.0.0/16'),
 IPv4Network('10.119.0.0/16'),
 IPv4Network('10.120.0.0/16'),
 IPv4Network('10.121.0.0/16'),
 IPv4Network('10.122.0.0/16'),
 IPv4Network('10.123.0.0/16'),
 IPv4Network('10.124.0.0/16'),
 IPv4Network('10.125.0.0/16'),
 IPv4Network('10.126.0.0/16'),
 IPv4Network('10.127.0.0/16'),
 IPv4Network('10.128.0.0/16'),
 IPv4Network('10.129.0.0/16'),
 IPv4Network('10.130.0.0/16'),
 IPv4Network('10.131.0.0/16'),
 IPv4Network('10.132.0.0/16'),
 IPv4Network('10.133.0.0/16'),
 IPv4Network('10.134.0.0/16'),
 IPv4Network('10.135.0.0/16'),
 IPv4Network('10.136.0.0/16'),
 IPv4Network('10.137.0.0/16'),
 IPv4Network('10.138.0.0/16'),
 IPv4Network('10.139.0.0/16'),
 IPv4Network('10.140.0.0/16'),
 IPv4Network('10.141.0.0/16'),
 IPv4Network('10.142.0.0/16'),
 IPv4Network('10.143.0.0/16'),
 IPv4Network('10.144.0.0/16'),
 IPv4Network('10.145.0.0/16'),
 IPv4Network('10.146.0.0/16'),
 IPv4Network('10.147.0.0/16'),
 IPv4Network('10.148.0.0/16'),
 IPv4Network('10.149.0.0/16'),
 IPv4Network('10.150.0.0/16'),
 IPv4Network('10.151.0.0/16'),
 IPv4Network('10.152.0.0/16'),
 IPv4Network('10.153.0.0/16'),
 IPv4Network('10.154.0.0/16'),
 IPv4Network('10.155.0.0/16'),
 IPv4Network('10.156.0.0/16'),
 IPv4Network('10.157.0.0/16'),
 IPv4Network('10.158.0.0/16'),
 IPv4Network('10.159.0.0/16'),
 IPv4Network('10.160.0.0/16'),
 IPv4Network('10.161.0.0/16'),
 IPv4Network('10.162.0.0/16'),
 IPv4Network('10.163.0.0/16'),
 IPv4Network('10.164.0.0/16'),
 IPv4Network('10.165.0.0/16'),
 IPv4Network('10.166.0.0/16'),
 IPv4Network('10.167.0.0/16'),
 IPv4Network('10.168.0.0/16'),
 IPv4Network('10.169.0.0/16'),
 IPv4Network('10.170.0.0/16'),
 IPv4Network('10.171.0.0/16'),
 IPv4Network('10.172.0.0/16'),
 IPv4Network('10.173.0.0/16'),
 IPv4Network('10.174.0.0/16'),
 IPv4Network('10.175.0.0/16'),
 IPv4Network('10.176.0.0/16'),
 IPv4Network('10.177.0.0/16'),
 IPv4Network('10.178.0.0/16'),
 IPv4Network('10.179.0.0/16'),
 IPv4Network('10.180.0.0/16'),
 IPv4Network('10.181.0.0/16'),
 IPv4Network('10.182.0.0/16'),
 IPv4Network('10.183.0.0/16'),
 IPv4Network('10.184.0.0/16'),
 IPv4Network('10.185.0.0/16'),
 IPv4Network('10.186.0.0/16'),
 IPv4Network('10.187.0.0/16'),
 IPv4Network('10.188.0.0/16'),
 IPv4Network('10.189.0.0/16'),
 IPv4Network('10.190.0.0/16'),
 IPv4Network('10.191.0.0/16'),
 IPv4Network('10.192.0.0/16'),
 IPv4Network('10.193.0.0/16'),
 IPv4Network('10.194.0.0/16'),
 IPv4Network('10.195.0.0/16'),
 IPv4Network('10.196.0.0/16'),
 IPv4Network('10.197.0.0/16'),
 IPv4Network('10.198.0.0/16'),
 IPv4Network('10.199.0.0/16'),
 IPv4Network('10.200.0.0/16'),
 IPv4Network('10.201.0.0/16'),
 IPv4Network('10.202.0.0/16'),
 IPv4Network('10.203.0.0/16'),
 IPv4Network('10.204.0.0/16'),
 IPv4Network('10.205.0.0/16'),
 IPv4Network('10.206.0.0/16'),
 IPv4Network('10.207.0.0/16'),
 IPv4Network('10.208.0.0/16'),
 IPv4Network('10.209.0.0/16'),
 IPv4Network('10.210.0.0/16'),
 IPv4Network('10.211.0.0/16'),
 IPv4Network('10.212.0.0/16'),
 IPv4Network('10.213.0.0/16'),
 IPv4Network('10.214.0.0/16'),
 IPv4Network('10.215.0.0/16')]
[IPv4Network('10.0.0.0/8'),
 IPv4Network('129.79.0.0/16'),
 IPv4Network('134.68.0.0/16'),
 IPv4Network('140.182.0.0/16'),
 IPv4Network('149.159.0.0/16'),
 IPv4Network('149.160.0.0/14'),
 IPv4Network('156.56.0.0/16'),
 IPv4Network('172.16.0.0/12'),
 IPv4Network('192.168.0.0/24'),
 IPv6Network('::/128'),
 IPv4Network('10.0.0.0/16'),
 IPv4Network('10.1.0.0/16'),
 IPv4Network('10.2.0.0/16'),
 IPv4Network('10.3.0.0/16'),
 IPv4Network('10.4.0.0/16'),
 IPv4Network('10.5.0.0/16'),
 IPv4Network('10.6.0.0/16'),
 IPv4Network('10.7.0.0/16'),
 IPv4Network('10.8.0.0/16'),
 IPv4Network('10.9.0.0/16'),
 IPv4Network('10.10.0.0/16'),
 IPv4Network('10.11.0.0/16'),
 IPv4Network('10.12.0.0/16'),
 IPv4Network('10.13.0.0/16'),
 IPv4Network('10.14.0.0/16'),
 IPv4Network('10.15.0.0/16'),
 IPv4Network('10.16.0.0/16'),
 IPv4Network('10.17.0.0/16'),
 IPv4Network('10.18.0.0/16'),
 IPv4Network('10.19.0.0/16'),
 IPv4Network('10.20.0.0/16'),
 IPv4Network('10.21.0.0/16'),
 IPv4Network('10.22.0.0/16'),
 IPv4Network('10.23.0.0/16'),
 IPv4Network('10.24.0.0/16'),
 IPv4Network('10.25.0.0/16'),
 IPv4Network('10.26.0.0/16'),
 IPv4Network('10.27.0.0/16'),
 IPv4Network('10.28.0.0/16'),
 IPv4Network('10.29.0.0/16'),
 IPv4Network('10.30.0.0/16'),
 IPv4Network('10.31.0.0/16'),
 IPv4Network('10.32.0.0/16'),
 IPv4Network('10.33.0.0/16'),
 IPv4Network('10.34.0.0/16'),
 IPv4Network('10.35.0.0/16'),
 IPv4Network('10.36.0.0/16'),
 IPv4Network('10.37.0.0/16'),
 IPv4Network('10.38.0.0/16'),
 IPv4Network('10.39.0.0/16'),
 IPv4Network('10.40.0.0/16'),
 IPv4Network('10.41.0.0/16'),
 IPv4Network('10.42.0.0/16'),
 IPv4Network('10.43.0.0/16'),
 IPv4Network('10.44.0.0/16'),
 IPv4Network('10.45.0.0/16'),
 IPv4Network('10.46.0.0/16'),
 IPv4Network('10.47.0.0/16'),
 IPv4Network('10.48.0.0/16'),
 IPv4Network('10.49.0.0/16'),
 IPv4Network('10.50.0.0/16'),
 IPv4Network('10.51.0.0/16'),
 IPv4Network('10.52.0.0/16'),
 IPv4Network('10.53.0.0/16'),
 IPv4Network('10.54.0.0/16'),
 IPv4Network('10.55.0.0/16'),
 IPv4Network('10.56.0.0/16'),
 IPv4Network('10.57.0.0/16'),
 IPv4Network('10.58.0.0/16'),
 IPv4Network('10.59.0.0/16'),
 IPv4Network('10.60.0.0/16'),
 IPv4Network('10.61.0.0/16'),
 IPv4Network('10.62.0.0/16'),
 IPv4Network('10.63.0.0/16'),
 IPv4Network('10.64.0.0/16'),
 IPv4Network('10.65.0.0/16'),
 IPv4Network('10.66.0.0/16'),
 IPv4Network('10.67.0.0/16'),
 IPv4Network('10.68.0.0/16'),
 IPv4Network('10.69.0.0/16'),
 IPv4Network('10.70.0.0/16'),
 IPv4Network('10.71.0.0/16'),
 IPv4Network('10.72.0.0/16'),
 IPv4Network('10.73.0.0/16'),
 IPv4Network('10.74.0.0/16'),
 IPv4Network('10.75.0.0/16'),
 IPv4Network('10.76.0.0/16'),
 IPv4Network('10.77.0.0/16'),
 IPv4Network('10.78.0.0/16'),
 IPv4Network('10.79.0.0/16'),
 IPv4Network('10.80.0.0/16'),
 IPv4Network('10.81.0.0/16'),
 IPv4Network('10.82.0.0/16'),
 IPv4Network('10.83.0.0/16'),
 IPv4Network('10.84.0.0/16'),
 IPv4Network('10.85.0.0/16'),
 IPv4Network('10.86.0.0/16'),
 IPv4Network('10.87.0.0/16'),
 IPv4Network('10.88.0.0/16'),
 IPv4Network('10.89.0.0/16'),
 IPv4Network('10.90.0.0/16'),
 IPv4Network('10.91.0.0/16'),
 IPv4Network('10.92.0.0/16'),
 IPv4Network('10.93.0.0/16'),
 IPv4Network('10.94.0.0/16'),
 IPv4Network('10.95.0.0/16'),
 IPv4Network('10.96.0.0/16'),
 IPv4Network('10.97.0.0/16'),
 IPv4Network('10.98.0.0/16'),
 IPv4Network('10.99.0.0/16'),
 IPv4Network('10.100.0.0/16'),
 IPv4Network('10.101.0.0/16'),
 IPv4Network('10.102.0.0/16'),
 IPv4Network('10.103.0.0/16'),
 IPv4Network('10.104.0.0/16'),
 IPv4Network('10.105.0.0/16'),
 IPv4Network('10.106.0.0/16'),
 IPv4Network('10.107.0.0/16'),
 IPv4Network('10.108.0.0/16'),
 IPv4Network('10.109.0.0/16'),
 IPv4Network('10.110.0.0/16'),
 IPv4Network('10.111.0.0/16'),
 IPv4Network('10.112.0.0/16'),
 IPv4Network('10.113.0.0/16'),
 IPv4Network('10.114.0.0/16'),
 IPv4Network('10.115.0.0/16'),
 IPv4Network('10.116.0.0/16'),
 IPv4Network('10.117.0.0/16'),
 IPv4Network('10.118.0.0/16'),
 IPv4Network('10.119.0.0/16'),
 IPv4Network('10.120.0.0/16'),
 IPv4Network('10.121.0.0/16'),
 IPv4Network('10.122.0.0/16'),
 IPv4Network('10.123.0.0/16'),
 IPv4Network('10.124.0.0/16'),
 IPv4Network('10.125.0.0/16'),
 IPv4Network('10.126.0.0/16'),
 IPv4Network('10.127.0.0/16'),
 IPv4Network('10.128.0.0/16'),
 IPv4Network('10.129.0.0/16'),
 IPv4Network('10.130.0.0/16'),
 IPv4Network('10.131.0.0/16'),
 IPv4Network('10.132.0.0/16'),
 IPv4Network('10.133.0.0/16'),
 IPv4Network('10.134.0.0/16'),
 IPv4Network('10.135.0.0/16'),
 IPv4Network('10.136.0.0/16'),
 IPv4Network('10.137.0.0/16'),
 IPv4Network('10.138.0.0/16'),
 IPv4Network('10.139.0.0/16'),
 IPv4Network('10.140.0.0/16'),
 IPv4Network('10.141.0.0/16'),
 IPv4Network('10.142.0.0/16'),
 IPv4Network('10.143.0.0/16'),
 IPv4Network('10.144.0.0/16'),
 IPv4Network('10.145.0.0/16'),
 IPv4Network('10.146.0.0/16'),
 IPv4Network('10.147.0.0/16'),
 IPv4Network('10.148.0.0/16'),
 IPv4Network('10.149.0.0/16'),
 IPv4Network('10.150.0.0/16'),
 IPv4Network('10.151.0.0/16'),
 IPv4Network('10.152.0.0/16'),
 IPv4Network('10.153.0.0/16'),
 IPv4Network('10.154.0.0/16'),
 IPv4Network('10.155.0.0/16'),
 IPv4Network('10.156.0.0/16'),
 IPv4Network('10.157.0.0/16'),
 IPv4Network('10.158.0.0/16'),
 IPv4Network('10.159.0.0/16'),
 IPv4Network('10.160.0.0/16'),
 IPv4Network('10.161.0.0/16'),
 IPv4Network('10.162.0.0/16'),
 IPv4Network('10.163.0.0/16'),
 IPv4Network('10.164.0.0/16'),
 IPv4Network('10.165.0.0/16'),
 IPv4Network('10.166.0.0/16'),
 IPv4Network('10.167.0.0/16'),
 IPv4Network('10.168.0.0/16'),
 IPv4Network('10.169.0.0/16'),
 IPv4Network('10.170.0.0/16'),
 IPv4Network('10.171.0.0/16'),
 IPv4Network('10.172.0.0/16'),
 IPv4Network('10.173.0.0/16'),
 IPv4Network('10.174.0.0/16'),
 IPv4Network('10.175.0.0/16'),
 IPv4Network('10.176.0.0/16'),
 IPv4Network('10.177.0.0/16'),
 IPv4Network('10.178.0.0/16'),
 IPv4Network('10.179.0.0/16'),
 IPv4Network('10.180.0.0/16'),
 IPv4Network('10.181.0.0/16'),
 IPv4Network('10.182.0.0/16'),
 IPv4Network('10.183.0.0/16'),
 IPv4Network('10.184.0.0/16'),
 IPv4Network('10.185.0.0/16'),
 IPv4Network('10.186.0.0/16'),
 IPv4Network('10.187.0.0/16'),
 IPv4Network('10.188.0.0/16'),
 IPv4Network('10.189.0.0/16'),
 IPv4Network('10.190.0.0/16'),
 IPv4Network('10.191.0.0/16'),
 IPv4Network('10.192.0.0/16'),
 IPv4Network('10.193.0.0/16'),
 IPv4Network('10.194.0.0/16'),
 IPv4Network('10.195.0.0/16'),
 IPv4Network('10.196.0.0/16'),
 IPv4Network('10.197.0.0/16'),
 IPv4Network('10.198.0.0/16'),
 IPv4Network('10.199.0.0/16'),
 IPv4Network('10.200.0.0/16'),
 IPv4Network('10.201.0.0/16'),
 IPv4Network('10.202.0.0/16'),
 IPv4Network('10.203.0.0/16'),
 IPv4Network('10.204.0.0/16'),
 IPv4Network('10.205.0.0/16'),
 IPv4Network('10.206.0.0/16'),
 IPv4Network('10.207.0.0/16'),
 IPv4Network('10.208.0.0/16'),
 IPv4Network('10.209.0.0/16'),
 IPv4Network('10.210.0.0/16'),
 IPv4Network('10.211.0.0/16'),
 IPv4Network('10.212.0.0/16'),
 IPv4Network('10.213.0.0/16'),
 IPv4Network('10.214.0.0/16'),
 IPv4Network('10.215.0.0/16')]
[IPv4Network('10.0.0.0/8'),
 IPv4Network('129.79.0.0/16'),
 IPv4Network('134.68.0.0/16'),
 IPv4Network('140.182.0.0/16'),
 IPv4Network('149.159.0.0/16'),
 IPv4Network('149.160.0.0/14'),
 IPv4Network('156.56.0.0/16'),
 IPv4Network('172.16.0.0/12'),
 IPv4Network('192.168.0.0/24'),
 IPv6Network('::/128'),
 IPv4Network('10.0.0.0/16'),
 IPv4Network('10.1.0.0/16'),
 IPv4Network('10.2.0.0/16'),
 IPv4Network('10.3.0.0/16'),
 IPv4Network('10.4.0.0/16'),
 IPv4Network('10.5.0.0/16'),
 IPv4Network('10.6.0.0/16'),
 IPv4Network('10.7.0.0/16'),
 IPv4Network('10.8.0.0/16'),
 IPv4Network('10.9.0.0/16'),
 IPv4Network('10.10.0.0/16'),
 IPv4Network('10.11.0.0/16'),
 IPv4Network('10.12.0.0/16'),
 IPv4Network('10.13.0.0/16'),
 IPv4Network('10.14.0.0/16'),
 IPv4Network('10.15.0.0/16'),
 IPv4Network('10.16.0.0/16'),
 IPv4Network('10.17.0.0/16'),
 IPv4Network('10.18.0.0/16'),
 IPv4Network('10.19.0.0/16'),
 IPv4Network('10.20.0.0/16'),
 IPv4Network('10.21.0.0/16'),
 IPv4Network('10.22.0.0/16'),
 IPv4Network('10.23.0.0/16'),
 IPv4Network('10.24.0.0/16'),
 IPv4Network('10.25.0.0/16'),
 IPv4Network('10.26.0.0/16'),
 IPv4Network('10.27.0.0/16'),
 IPv4Network('10.28.0.0/16'),
 IPv4Network('10.29.0.0/16'),
 IPv4Network('10.30.0.0/16'),
 IPv4Network('10.31.0.0/16'),
 IPv4Network('10.32.0.0/16'),
 IPv4Network('10.33.0.0/16'),
 IPv4Network('10.34.0.0/16'),
 IPv4Network('10.35.0.0/16'),
 IPv4Network('10.36.0.0/16'),
 IPv4Network('10.37.0.0/16'),
 IPv4Network('10.38.0.0/16'),
 IPv4Network('10.39.0.0/16'),
 IPv4Network('10.40.0.0/16'),
 IPv4Network('10.41.0.0/16'),
 IPv4Network('10.42.0.0/16'),
 IPv4Network('10.43.0.0/16'),
 IPv4Network('10.44.0.0/16'),
 IPv4Network('10.45.0.0/16'),
 IPv4Network('10.46.0.0/16'),
 IPv4Network('10.47.0.0/16'),
 IPv4Network('10.48.0.0/16'),
 IPv4Network('10.49.0.0/16'),
 IPv4Network('10.50.0.0/16'),
 IPv4Network('10.51.0.0/16'),
 IPv4Network('10.52.0.0/16'),
 IPv4Network('10.53.0.0/16'),
 IPv4Network('10.54.0.0/16'),
 IPv4Network('10.55.0.0/16'),
 IPv4Network('10.56.0.0/16'),
 IPv4Network('10.57.0.0/16'),
 IPv4Network('10.58.0.0/16'),
 IPv4Network('10.59.0.0/16'),
 IPv4Network('10.60.0.0/16'),
 IPv4Network('10.61.0.0/16'),
 IPv4Network('10.62.0.0/16'),
 IPv4Network('10.63.0.0/16'),
 IPv4Network('10.64.0.0/16'),
 IPv4Network('10.65.0.0/16'),
 IPv4Network('10.66.0.0/16'),
 IPv4Network('10.67.0.0/16'),
 IPv4Network('10.68.0.0/16'),
 IPv4Network('10.69.0.0/16'),
 IPv4Network('10.70.0.0/16'),
 IPv4Network('10.71.0.0/16'),
 IPv4Network('10.72.0.0/16'),
 IPv4Network('10.73.0.0/16'),
 IPv4Network('10.74.0.0/16'),
 IPv4Network('10.75.0.0/16'),
 IPv4Network('10.76.0.0/16'),
 IPv4Network('10.77.0.0/16'),
 IPv4Network('10.78.0.0/16'),
 IPv4Network('10.79.0.0/16'),
 IPv4Network('10.80.0.0/16'),
 IPv4Network('10.81.0.0/16'),
 IPv4Network('10.82.0.0/16'),
 IPv4Network('10.83.0.0/16'),
 IPv4Network('10.84.0.0/16'),
 IPv4Network('10.85.0.0/16'),
 IPv4Network('10.86.0.0/16'),
 IPv4Network('10.87.0.0/16'),
 IPv4Network('10.88.0.0/16'),
 IPv4Network('10.89.0.0/16'),
 IPv4Network('10.90.0.0/16'),
 IPv4Network('10.91.0.0/16'),
 IPv4Network('10.92.0.0/16'),
 IPv4Network('10.93.0.0/16'),
 IPv4Network('10.94.0.0/16'),
 IPv4Network('10.95.0.0/16'),
 IPv4Network('10.96.0.0/16'),
 IPv4Network('10.97.0.0/16'),
 IPv4Network('10.98.0.0/16'),
 IPv4Network('10.99.0.0/16'),
 IPv4Network('10.100.0.0/16'),
 IPv4Network('10.101.0.0/16'),
 IPv4Network('10.102.0.0/16'),
 IPv4Network('10.103.0.0/16'),
 IPv4Network('10.104.0.0/16'),
 IPv4Network('10.105.0.0/16'),
 IPv4Network('10.106.0.0/16'),
 IPv4Network('10.107.0.0/16'),
 IPv4Network('10.108.0.0/16'),
 IPv4Network('10.109.0.0/16'),
 IPv4Network('10.110.0.0/16'),
 IPv4Network('10.111.0.0/16'),
 IPv4Network('10.112.0.0/16'),
 IPv4Network('10.113.0.0/16'),
 IPv4Network('10.114.0.0/16'),
 IPv4Network('10.115.0.0/16'),
 IPv4Network('10.116.0.0/16'),
 IPv4Network('10.117.0.0/16'),
 IPv4Network('10.118.0.0/16'),
 IPv4Network('10.119.0.0/16'),
 IPv4Network('10.120.0.0/16'),
 IPv4Network('10.121.0.0/16'),
 IPv4Network('10.122.0.0/16'),
 IPv4Network('10.123.0.0/16'),
 IPv4Network('10.124.0.0/16'),
 IPv4Network('10.125.0.0/16'),
 IPv4Network('10.126.0.0/16'),
 IPv4Network('10.127.0.0/16'),
 IPv4Network('10.128.0.0/16'),
 IPv4Network('10.129.0.0/16'),
 IPv4Network('10.130.0.0/16'),
 IPv4Network('10.131.0.0/16'),
 IPv4Network('10.132.0.0/16'),
 IPv4Network('10.133.0.0/16'),
 IPv4Network('10.134.0.0/16'),
 IPv4Network('10.135.0.0/16'),
 IPv4Network('10.136.0.0/16'),
 IPv4Network('10.137.0.0/16'),
 IPv4Network('10.138.0.0/16'),
 IPv4Network('10.139.0.0/16'),
 IPv4Network('10.140.0.0/16'),
 IPv4Network('10.141.0.0/16'),
 IPv4Network('10.142.0.0/16'),
 IPv4Network('10.143.0.0/16'),
 IPv4Network('10.144.0.0/16'),
 IPv4Network('10.145.0.0/16'),
 IPv4Network('10.146.0.0/16'),
 IPv4Network('10.147.0.0/16'),
 IPv4Network('10.148.0.0/16'),
 IPv4Network('10.149.0.0/16'),
 IPv4Network('10.150.0.0/16'),
 IPv4Network('10.151.0.0/16'),
 IPv4Network('10.152.0.0/16'),
 IPv4Network('10.153.0.0/16'),
 IPv4Network('10.154.0.0/16'),
 IPv4Network('10.155.0.0/16'),
 IPv4Network('10.156.0.0/16'),
 IPv4Network('10.157.0.0/16'),
 IPv4Network('10.158.0.0/16'),
 IPv4Network('10.159.0.0/16'),
 IPv4Network('10.160.0.0/16'),
 IPv4Network('10.161.0.0/16'),
 IPv4Network('10.162.0.0/16'),
 IPv4Network('10.163.0.0/16'),
 IPv4Network('10.164.0.0/16'),
 IPv4Network('10.165.0.0/16'),
 IPv4Network('10.166.0.0/16'),
 IPv4Network('10.167.0.0/16'),
 IPv4Network('10.168.0.0/16'),
 IPv4Network('10.169.0.0/16'),
 IPv4Network('10.170.0.0/16'),
 IPv4Network('10.171.0.0/16'),
 IPv4Network('10.172.0.0/16'),
 IPv4Network('10.173.0.0/16'),
 IPv4Network('10.174.0.0/16'),
 IPv4Network('10.175.0.0/16'),
 IPv4Network('10.176.0.0/16'),
 IPv4Network('10.177.0.0/16'),
 IPv4Network('10.178.0.0/16'),
 IPv4Network('10.179.0.0/16'),
 IPv4Network('10.180.0.0/16'),
 IPv4Network('10.181.0.0/16'),
 IPv4Network('10.182.0.0/16'),
 IPv4Network('10.183.0.0/16'),
 IPv4Network('10.184.0.0/16'),
 IPv4Network('10.185.0.0/16'),
 IPv4Network('10.186.0.0/16'),
 IPv4Network('10.187.0.0/16'),
 IPv4Network('10.188.0.0/16'),
 IPv4Network('10.189.0.0/16'),
 IPv4Network('10.190.0.0/16'),
 IPv4Network('10.191.0.0/16'),
 IPv4Network('10.192.0.0/16'),
 IPv4Network('10.193.0.0/16'),
 IPv4Network('10.194.0.0/16'),
 IPv4Network('10.195.0.0/16'),
 IPv4Network('10.196.0.0/16'),
 IPv4Network('10.197.0.0/16'),
 IPv4Network('10.198.0.0/16'),
 IPv4Network('10.199.0.0/16'),
 IPv4Network('10.200.0.0/16'),
 IPv4Network('10.201.0.0/16'),
 IPv4Network('10.202.0.0/16'),
 IPv4Network('10.203.0.0/16'),
 IPv4Network('10.204.0.0/16'),
 IPv4Network('10.205.0.0/16'),
 IPv4Network('10.206.0.0/16'),
 IPv4Network('10.207.0.0/16'),
 IPv4Network('10.208.0.0/16'),
 IPv4Network('10.209.0.0/16'),
 IPv4Network('10.210.0.0/16'),
 IPv4Network('10.211.0.0/16'),
 IPv4Network('10.212.0.0/16'),
 IPv4Network('10.213.0.0/16'),
 IPv4Network('10.214.0.0/16'),
 IPv4Network('10.215.0.0/16'),
 IPv4Network('10.216.0.0/16'),
 IPv4Network('10.217.0.0/16')]
[IPv4Network('10.0.0.0/8'),
 IPv4Network('129.79.0.0/16'),
 IPv4Network('134.68.0.0/16'),
 IPv4Network('140.182.0.0/16'),
 IPv4Network('149.159.0.0/16'),
 IPv4Network('149.160.0.0/14'),
 IPv4Network('156.56.0.0/16'),
 IPv4Network('172.16.0.0/12'),
 IPv4Network('192.168.0.0/24'),
 IPv6Network('::/128'),
 IPv4Network('10.0.0.0/16'),
 IPv4Network('10.1.0.0/16'),
 IPv4Network('10.2.0.0/16'),
 IPv4Network('10.3.0.0/16'),
 IPv4Network('10.4.0.0/16'),
 IPv4Network('10.5.0.0/16'),
 IPv4Network('10.6.0.0/16'),
 IPv4Network('10.7.0.0/16'),
 IPv4Network('10.8.0.0/16'),
 IPv4Network('10.9.0.0/16'),
 IPv4Network('10.10.0.0/16'),
 IPv4Network('10.11.0.0/16'),
 IPv4Network('10.12.0.0/16'),
 IPv4Network('10.13.0.0/16'),
 IPv4Network('10.14.0.0/16'),
 IPv4Network('10.15.0.0/16'),
 IPv4Network('10.16.0.0/16'),
 IPv4Network('10.17.0.0/16'),
 IPv4Network('10.18.0.0/16'),
 IPv4Network('10.19.0.0/16'),
 IPv4Network('10.20.0.0/16'),
 IPv4Network('10.21.0.0/16'),
 IPv4Network('10.22.0.0/16'),
 IPv4Network('10.23.0.0/16'),
 IPv4Network('10.24.0.0/16'),
 IPv4Network('10.25.0.0/16'),
 IPv4Network('10.26.0.0/16'),
 IPv4Network('10.27.0.0/16'),
 IPv4Network('10.28.0.0/16'),
 IPv4Network('10.29.0.0/16'),
 IPv4Network('10.30.0.0/16'),
 IPv4Network('10.31.0.0/16'),
 IPv4Network('10.32.0.0/16'),
 IPv4Network('10.33.0.0/16'),
 IPv4Network('10.34.0.0/16'),
 IPv4Network('10.35.0.0/16'),
 IPv4Network('10.36.0.0/16'),
 IPv4Network('10.37.0.0/16'),
 IPv4Network('10.38.0.0/16'),
 IPv4Network('10.39.0.0/16'),
 IPv4Network('10.40.0.0/16'),
 IPv4Network('10.41.0.0/16'),
 IPv4Network('10.42.0.0/16'),
 IPv4Network('10.43.0.0/16'),
 IPv4Network('10.44.0.0/16'),
 IPv4Network('10.45.0.0/16'),
 IPv4Network('10.46.0.0/16'),
 IPv4Network('10.47.0.0/16'),
 IPv4Network('10.48.0.0/16'),
 IPv4Network('10.49.0.0/16'),
 IPv4Network('10.50.0.0/16'),
 IPv4Network('10.51.0.0/16'),
 IPv4Network('10.52.0.0/16'),
 IPv4Network('10.53.0.0/16'),
 IPv4Network('10.54.0.0/16'),
 IPv4Network('10.55.0.0/16'),
 IPv4Network('10.56.0.0/16'),
 IPv4Network('10.57.0.0/16'),
 IPv4Network('10.58.0.0/16'),
 IPv4Network('10.59.0.0/16'),
 IPv4Network('10.60.0.0/16'),
 IPv4Network('10.61.0.0/16'),
 IPv4Network('10.62.0.0/16'),
 IPv4Network('10.63.0.0/16'),
 IPv4Network('10.64.0.0/16'),
 IPv4Network('10.65.0.0/16'),
 IPv4Network('10.66.0.0/16'),
 IPv4Network('10.67.0.0/16'),
 IPv4Network('10.68.0.0/16'),
 IPv4Network('10.69.0.0/16'),
 IPv4Network('10.70.0.0/16'),
 IPv4Network('10.71.0.0/16'),
 IPv4Network('10.72.0.0/16'),
 IPv4Network('10.73.0.0/16'),
 IPv4Network('10.74.0.0/16'),
 IPv4Network('10.75.0.0/16'),
 IPv4Network('10.76.0.0/16'),
 IPv4Network('10.77.0.0/16'),
 IPv4Network('10.78.0.0/16'),
 IPv4Network('10.79.0.0/16'),
 IPv4Network('10.80.0.0/16'),
 IPv4Network('10.81.0.0/16'),
 IPv4Network('10.82.0.0/16'),
 IPv4Network('10.83.0.0/16'),
 IPv4Network('10.84.0.0/16'),
 IPv4Network('10.85.0.0/16'),
 IPv4Network('10.86.0.0/16'),
 IPv4Network('10.87.0.0/16'),
 IPv4Network('10.88.0.0/16'),
 IPv4Network('10.89.0.0/16'),
 IPv4Network('10.90.0.0/16'),
 IPv4Network('10.91.0.0/16'),
 IPv4Network('10.92.0.0/16'),
 IPv4Network('10.93.0.0/16'),
 IPv4Network('10.94.0.0/16'),
 IPv4Network('10.95.0.0/16'),
 IPv4Network('10.96.0.0/16'),
 IPv4Network('10.97.0.0/16'),
 IPv4Network('10.98.0.0/16'),
 IPv4Network('10.99.0.0/16'),
 IPv4Network('10.100.0.0/16'),
 IPv4Network('10.101.0.0/16'),
 IPv4Network('10.102.0.0/16'),
 IPv4Network('10.103.0.0/16'),
 IPv4Network('10.104.0.0/16'),
 IPv4Network('10.105.0.0/16'),
 IPv4Network('10.106.0.0/16'),
 IPv4Network('10.107.0.0/16'),
 IPv4Network('10.108.0.0/16'),
 IPv4Network('10.109.0.0/16'),
 IPv4Network('10.110.0.0/16'),
 IPv4Network('10.111.0.0/16'),
 IPv4Network('10.112.0.0/16'),
 IPv4Network('10.113.0.0/16'),
 IPv4Network('10.114.0.0/16'),
 IPv4Network('10.115.0.0/16'),
 IPv4Network('10.116.0.0/16'),
 IPv4Network('10.117.0.0/16'),
 IPv4Network('10.118.0.0/16'),
 IPv4Network('10.119.0.0/16'),
 IPv4Network('10.120.0.0/16'),
 IPv4Network('10.121.0.0/16'),
 IPv4Network('10.122.0.0/16'),
 IPv4Network('10.123.0.0/16'),
 IPv4Network('10.124.0.0/16'),
 IPv4Network('10.125.0.0/16'),
 IPv4Network('10.126.0.0/16'),
 IPv4Network('10.127.0.0/16'),
 IPv4Network('10.128.0.0/16'),
 IPv4Network('10.129.0.0/16'),
 IPv4Network('10.130.0.0/16'),
 IPv4Network('10.131.0.0/16'),
 IPv4Network('10.132.0.0/16'),
 IPv4Network('10.133.0.0/16'),
 IPv4Network('10.134.0.0/16'),
 IPv4Network('10.135.0.0/16'),
 IPv4Network('10.136.0.0/16'),
 IPv4Network('10.137.0.0/16'),
 IPv4Network('10.138.0.0/16'),
 IPv4Network('10.139.0.0/16'),
 IPv4Network('10.140.0.0/16'),
 IPv4Network('10.141.0.0/16'),
 IPv4Network('10.142.0.0/16'),
 IPv4Network('10.143.0.0/16'),
 IPv4Network('10.144.0.0/16'),
 IPv4Network('10.145.0.0/16'),
 IPv4Network('10.146.0.0/16'),
 IPv4Network('10.147.0.0/16'),
 IPv4Network('10.148.0.0/16'),
 IPv4Network('10.149.0.0/16'),
 IPv4Network('10.150.0.0/16'),
 IPv4Network('10.151.0.0/16'),
 IPv4Network('10.152.0.0/16'),
 IPv4Network('10.153.0.0/16'),
 IPv4Network('10.154.0.0/16'),
 IPv4Network('10.155.0.0/16'),
 IPv4Network('10.156.0.0/16'),
 IPv4Network('10.157.0.0/16'),
 IPv4Network('10.158.0.0/16'),
 IPv4Network('10.159.0.0/16'),
 IPv4Network('10.160.0.0/16'),
 IPv4Network('10.161.0.0/16'),
 IPv4Network('10.162.0.0/16'),
 IPv4Network('10.163.0.0/16'),
 IPv4Network('10.164.0.0/16'),
 IPv4Network('10.165.0.0/16'),
 IPv4Network('10.166.0.0/16'),
 IPv4Network('10.167.0.0/16'),
 IPv4Network('10.168.0.0/16'),
 IPv4Network('10.169.0.0/16'),
 IPv4Network('10.170.0.0/16'),
 IPv4Network('10.171.0.0/16'),
 IPv4Network('10.172.0.0/16'),
 IPv4Network('10.173.0.0/16'),
 IPv4Network('10.174.0.0/16'),
 IPv4Network('10.175.0.0/16'),
 IPv4Network('10.176.0.0/16'),
 IPv4Network('10.177.0.0/16'),
 IPv4Network('10.178.0.0/16'),
 IPv4Network('10.179.0.0/16'),
 IPv4Network('10.180.0.0/16'),
 IPv4Network('10.181.0.0/16'),
 IPv4Network('10.182.0.0/16'),
 IPv4Network('10.183.0.0/16'),
 IPv4Network('10.184.0.0/16'),
 IPv4Network('10.185.0.0/16'),
 IPv4Network('10.186.0.0/16'),
 IPv4Network('10.187.0.0/16'),
 IPv4Network('10.188.0.0/16'),
 IPv4Network('10.189.0.0/16'),
 IPv4Network('10.190.0.0/16'),
 IPv4Network('10.191.0.0/16'),
 IPv4Network('10.192.0.0/16'),
 IPv4Network('10.193.0.0/16'),
 IPv4Network('10.194.0.0/16'),
 IPv4Network('10.195.0.0/16'),
 IPv4Network('10.196.0.0/16'),
 IPv4Network('10.197.0.0/16'),
 IPv4Network('10.198.0.0/16'),
 IPv4Network('10.199.0.0/16'),
 IPv4Network('10.200.0.0/16'),
 IPv4Network('10.201.0.0/16'),
 IPv4Network('10.202.0.0/16'),
 IPv4Network('10.203.0.0/16'),
 IPv4Network('10.204.0.0/16'),
 IPv4Network('10.205.0.0/16'),
 IPv4Network('10.206.0.0/16'),
 IPv4Network('10.207.0.0/16'),
 IPv4Network('10.208.0.0/16'),
 IPv4Network('10.209.0.0/16'),
 IPv4Network('10.210.0.0/16'),
 IPv4Network('10.211.0.0/16'),
 IPv4Network('10.212.0.0/16'),
 IPv4Network('10.213.0.0/16'),
 IPv4Network('10.214.0.0/16'),
 IPv4Network('10.215.0.0/16'),
 IPv4Network('10.216.0.0/16'),
 IPv4Network('10.217.0.0/16'),
 IPv4Network('10.218.0.0/16'),
 IPv4Network('10.219.0.0/16')]
[IPv4Network('10.0.0.0/8'),
 IPv4Network('129.79.0.0/16'),
 IPv4Network('134.68.0.0/16'),
 IPv4Network('140.182.0.0/16'),
 IPv4Network('149.159.0.0/16'),
 IPv4Network('149.160.0.0/14'),
 IPv4Network('156.56.0.0/16'),
 IPv4Network('172.16.0.0/12'),
 IPv4Network('192.168.0.0/24'),
 IPv6Network('::/128'),
 IPv4Network('10.0.0.0/16'),
 IPv4Network('10.1.0.0/16'),
 IPv4Network('10.2.0.0/16'),
 IPv4Network('10.3.0.0/16'),
 IPv4Network('10.4.0.0/16'),
 IPv4Network('10.5.0.0/16'),
 IPv4Network('10.6.0.0/16'),
 IPv4Network('10.7.0.0/16'),
 IPv4Network('10.8.0.0/16'),
 IPv4Network('10.9.0.0/16'),
 IPv4Network('10.10.0.0/16'),
 IPv4Network('10.11.0.0/16'),
 IPv4Network('10.12.0.0/16'),
 IPv4Network('10.13.0.0/16'),
 IPv4Network('10.14.0.0/16'),
 IPv4Network('10.15.0.0/16'),
 IPv4Network('10.16.0.0/16'),
 IPv4Network('10.17.0.0/16'),
 IPv4Network('10.18.0.0/16'),
 IPv4Network('10.19.0.0/16'),
 IPv4Network('10.20.0.0/16'),
 IPv4Network('10.21.0.0/16'),
 IPv4Network('10.22.0.0/16'),
 IPv4Network('10.23.0.0/16'),
 IPv4Network('10.24.0.0/16'),
 IPv4Network('10.25.0.0/16'),
 IPv4Network('10.26.0.0/16'),
 IPv4Network('10.27.0.0/16'),
 IPv4Network('10.28.0.0/16'),
 IPv4Network('10.29.0.0/16'),
 IPv4Network('10.30.0.0/16'),
 IPv4Network('10.31.0.0/16'),
 IPv4Network('10.32.0.0/16'),
 IPv4Network('10.33.0.0/16'),
 IPv4Network('10.34.0.0/16'),
 IPv4Network('10.35.0.0/16'),
 IPv4Network('10.36.0.0/16'),
 IPv4Network('10.37.0.0/16'),
 IPv4Network('10.38.0.0/16'),
 IPv4Network('10.39.0.0/16'),
 IPv4Network('10.40.0.0/16'),
 IPv4Network('10.41.0.0/16'),
 IPv4Network('10.42.0.0/16'),
 IPv4Network('10.43.0.0/16'),
 IPv4Network('10.44.0.0/16'),
 IPv4Network('10.45.0.0/16'),
 IPv4Network('10.46.0.0/16'),
 IPv4Network('10.47.0.0/16'),
 IPv4Network('10.48.0.0/16'),
 IPv4Network('10.49.0.0/16'),
 IPv4Network('10.50.0.0/16'),
 IPv4Network('10.51.0.0/16'),
 IPv4Network('10.52.0.0/16'),
 IPv4Network('10.53.0.0/16'),
 IPv4Network('10.54.0.0/16'),
 IPv4Network('10.55.0.0/16'),
 IPv4Network('10.56.0.0/16'),
 IPv4Network('10.57.0.0/16'),
 IPv4Network('10.58.0.0/16'),
 IPv4Network('10.59.0.0/16'),
 IPv4Network('10.60.0.0/16'),
 IPv4Network('10.61.0.0/16'),
 IPv4Network('10.62.0.0/16'),
 IPv4Network('10.63.0.0/16'),
 IPv4Network('10.64.0.0/16'),
 IPv4Network('10.65.0.0/16'),
 IPv4Network('10.66.0.0/16'),
 IPv4Network('10.67.0.0/16'),
 IPv4Network('10.68.0.0/16'),
 IPv4Network('10.69.0.0/16'),
 IPv4Network('10.70.0.0/16'),
 IPv4Network('10.71.0.0/16'),
 IPv4Network('10.72.0.0/16'),
 IPv4Network('10.73.0.0/16'),
 IPv4Network('10.74.0.0/16'),
 IPv4Network('10.75.0.0/16'),
 IPv4Network('10.76.0.0/16'),
 IPv4Network('10.77.0.0/16'),
 IPv4Network('10.78.0.0/16'),
 IPv4Network('10.79.0.0/16'),
 IPv4Network('10.80.0.0/16'),
 IPv4Network('10.81.0.0/16'),
 IPv4Network('10.82.0.0/16'),
 IPv4Network('10.83.0.0/16'),
 IPv4Network('10.84.0.0/16'),
 IPv4Network('10.85.0.0/16'),
 IPv4Network('10.86.0.0/16'),
 IPv4Network('10.87.0.0/16'),
 IPv4Network('10.88.0.0/16'),
 IPv4Network('10.89.0.0/16'),
 IPv4Network('10.90.0.0/16'),
 IPv4Network('10.91.0.0/16'),
 IPv4Network('10.92.0.0/16'),
 IPv4Network('10.93.0.0/16'),
 IPv4Network('10.94.0.0/16'),
 IPv4Network('10.95.0.0/16'),
 IPv4Network('10.96.0.0/16'),
 IPv4Network('10.97.0.0/16'),
 IPv4Network('10.98.0.0/16'),
 IPv4Network('10.99.0.0/16'),
 IPv4Network('10.100.0.0/16'),
 IPv4Network('10.101.0.0/16'),
 IPv4Network('10.102.0.0/16'),
 IPv4Network('10.103.0.0/16'),
 IPv4Network('10.104.0.0/16'),
 IPv4Network('10.105.0.0/16'),
 IPv4Network('10.106.0.0/16'),
 IPv4Network('10.107.0.0/16'),
 IPv4Network('10.108.0.0/16'),
 IPv4Network('10.109.0.0/16'),
 IPv4Network('10.110.0.0/16'),
 IPv4Network('10.111.0.0/16'),
 IPv4Network('10.112.0.0/16'),
 IPv4Network('10.113.0.0/16'),
 IPv4Network('10.114.0.0/16'),
 IPv4Network('10.115.0.0/16'),
 IPv4Network('10.116.0.0/16'),
 IPv4Network('10.117.0.0/16'),
 IPv4Network('10.118.0.0/16'),
 IPv4Network('10.119.0.0/16'),
 IPv4Network('10.120.0.0/16'),
 IPv4Network('10.121.0.0/16'),
 IPv4Network('10.122.0.0/16'),
 IPv4Network('10.123.0.0/16'),
 IPv4Network('10.124.0.0/16'),
 IPv4Network('10.125.0.0/16'),
 IPv4Network('10.126.0.0/16'),
 IPv4Network('10.127.0.0/16'),
 IPv4Network('10.128.0.0/16'),
 IPv4Network('10.129.0.0/16'),
 IPv4Network('10.130.0.0/16'),
 IPv4Network('10.131.0.0/16'),
 IPv4Network('10.132.0.0/16'),
 IPv4Network('10.133.0.0/16'),
 IPv4Network('10.134.0.0/16'),
 IPv4Network('10.135.0.0/16'),
 IPv4Network('10.136.0.0/16'),
 IPv4Network('10.137.0.0/16'),
 IPv4Network('10.138.0.0/16'),
 IPv4Network('10.139.0.0/16'),
 IPv4Network('10.140.0.0/16'),
 IPv4Network('10.141.0.0/16'),
 IPv4Network('10.142.0.0/16'),
 IPv4Network('10.143.0.0/16'),
 IPv4Network('10.144.0.0/16'),
 IPv4Network('10.145.0.0/16'),
 IPv4Network('10.146.0.0/16'),
 IPv4Network('10.147.0.0/16'),
 IPv4Network('10.148.0.0/16'),
 IPv4Network('10.149.0.0/16'),
 IPv4Network('10.150.0.0/16'),
 IPv4Network('10.151.0.0/16'),
 IPv4Network('10.152.0.0/16'),
 IPv4Network('10.153.0.0/16'),
 IPv4Network('10.154.0.0/16'),
 IPv4Network('10.155.0.0/16'),
 IPv4Network('10.156.0.0/16'),
 IPv4Network('10.157.0.0/16'),
 IPv4Network('10.158.0.0/16'),
 IPv4Network('10.159.0.0/16'),
 IPv4Network('10.160.0.0/16'),
 IPv4Network('10.161.0.0/16'),
 IPv4Network('10.162.0.0/16'),
 IPv4Network('10.163.0.0/16'),
 IPv4Network('10.164.0.0/16'),
 IPv4Network('10.165.0.0/16'),
 IPv4Network('10.166.0.0/16'),
 IPv4Network('10.167.0.0/16'),
 IPv4Network('10.168.0.0/16'),
 IPv4Network('10.169.0.0/16'),
 IPv4Network('10.170.0.0/16'),
 IPv4Network('10.171.0.0/16'),
 IPv4Network('10.172.0.0/16'),
 IPv4Network('10.173.0.0/16'),
 IPv4Network('10.174.0.0/16'),
 IPv4Network('10.175.0.0/16'),
 IPv4Network('10.176.0.0/16'),
 IPv4Network('10.177.0.0/16'),
 IPv4Network('10.178.0.0/16'),
 IPv4Network('10.179.0.0/16'),
 IPv4Network('10.180.0.0/16'),
 IPv4Network('10.181.0.0/16'),
 IPv4Network('10.182.0.0/16'),
 IPv4Network('10.183.0.0/16'),
 IPv4Network('10.184.0.0/16'),
 IPv4Network('10.185.0.0/16'),
 IPv4Network('10.186.0.0/16'),
 IPv4Network('10.187.0.0/16'),
 IPv4Network('10.188.0.0/16'),
 IPv4Network('10.189.0.0/16'),
 IPv4Network('10.190.0.0/16'),
 IPv4Network('10.191.0.0/16'),
 IPv4Network('10.192.0.0/16'),
 IPv4Network('10.193.0.0/16'),
 IPv4Network('10.194.0.0/16'),
 IPv4Network('10.195.0.0/16'),
 IPv4Network('10.196.0.0/16'),
 IPv4Network('10.197.0.0/16'),
 IPv4Network('10.198.0.0/16'),
 IPv4Network('10.199.0.0/16'),
 IPv4Network('10.200.0.0/16'),
 IPv4Network('10.201.0.0/16'),
 IPv4Network('10.202.0.0/16'),
 IPv4Network('10.203.0.0/16'),
 IPv4Network('10.204.0.0/16'),
 IPv4Network('10.205.0.0/16'),
 IPv4Network('10.206.0.0/16'),
 IPv4Network('10.207.0.0/16'),
 IPv4Network('10.208.0.0/16'),
 IPv4Network('10.209.0.0/16'),
 IPv4Network('10.210.0.0/16'),
 IPv4Network('10.211.0.0/16'),
 IPv4Network('10.212.0.0/16'),
 IPv4Network('10.213.0.0/16'),
 IPv4Network('10.214.0.0/16'),
 IPv4Network('10.215.0.0/16'),
 IPv4Network('10.216.0.0/16'),
 IPv4Network('10.217.0.0/16'),
 IPv4Network('10.218.0.0/16'),
 IPv4Network('10.219.0.0/16')]
[IPv4Network('10.0.0.0/8'),
 IPv4Network('129.79.0.0/16'),
 IPv4Network('134.68.0.0/16'),
 IPv4Network('140.182.0.0/16'),
 IPv4Network('149.159.0.0/16'),
 IPv4Network('149.160.0.0/14'),
 IPv4Network('156.56.0.0/16'),
 IPv4Network('172.16.0.0/12'),
 IPv4Network('192.168.0.0/24'),
 IPv6Network('::/128'),
 IPv4Network('10.0.0.0/16'),
 IPv4Network('10.1.0.0/16'),
 IPv4Network('10.2.0.0/16'),
 IPv4Network('10.3.0.0/16'),
 IPv4Network('10.4.0.0/16'),
 IPv4Network('10.5.0.0/16'),
 IPv4Network('10.6.0.0/16'),
 IPv4Network('10.7.0.0/16'),
 IPv4Network('10.8.0.0/16'),
 IPv4Network('10.9.0.0/16'),
 IPv4Network('10.10.0.0/16'),
 IPv4Network('10.11.0.0/16'),
 IPv4Network('10.12.0.0/16'),
 IPv4Network('10.13.0.0/16'),
 IPv4Network('10.14.0.0/16'),
 IPv4Network('10.15.0.0/16'),
 IPv4Network('10.16.0.0/16'),
 IPv4Network('10.17.0.0/16'),
 IPv4Network('10.18.0.0/16'),
 IPv4Network('10.19.0.0/16'),
 IPv4Network('10.20.0.0/16'),
 IPv4Network('10.21.0.0/16'),
 IPv4Network('10.22.0.0/16'),
 IPv4Network('10.23.0.0/16'),
 IPv4Network('10.24.0.0/16'),
 IPv4Network('10.25.0.0/16'),
 IPv4Network('10.26.0.0/16'),
 IPv4Network('10.27.0.0/16'),
 IPv4Network('10.28.0.0/16'),
 IPv4Network('10.29.0.0/16'),
 IPv4Network('10.30.0.0/16'),
 IPv4Network('10.31.0.0/16'),
 IPv4Network('10.32.0.0/16'),
 IPv4Network('10.33.0.0/16'),
 IPv4Network('10.34.0.0/16'),
 IPv4Network('10.35.0.0/16'),
 IPv4Network('10.36.0.0/16'),
 IPv4Network('10.37.0.0/16'),
 IPv4Network('10.38.0.0/16'),
 IPv4Network('10.39.0.0/16'),
 IPv4Network('10.40.0.0/16'),
 IPv4Network('10.41.0.0/16'),
 IPv4Network('10.42.0.0/16'),
 IPv4Network('10.43.0.0/16'),
 IPv4Network('10.44.0.0/16'),
 IPv4Network('10.45.0.0/16'),
 IPv4Network('10.46.0.0/16'),
 IPv4Network('10.47.0.0/16'),
 IPv4Network('10.48.0.0/16'),
 IPv4Network('10.49.0.0/16'),
 IPv4Network('10.50.0.0/16'),
 IPv4Network('10.51.0.0/16'),
 IPv4Network('10.52.0.0/16'),
 IPv4Network('10.53.0.0/16'),
 IPv4Network('10.54.0.0/16'),
 IPv4Network('10.55.0.0/16'),
 IPv4Network('10.56.0.0/16'),
 IPv4Network('10.57.0.0/16'),
 IPv4Network('10.58.0.0/16'),
 IPv4Network('10.59.0.0/16'),
 IPv4Network('10.60.0.0/16'),
 IPv4Network('10.61.0.0/16'),
 IPv4Network('10.62.0.0/16'),
 IPv4Network('10.63.0.0/16'),
 IPv4Network('10.64.0.0/16'),
 IPv4Network('10.65.0.0/16'),
 IPv4Network('10.66.0.0/16'),
 IPv4Network('10.67.0.0/16'),
 IPv4Network('10.68.0.0/16'),
 IPv4Network('10.69.0.0/16'),
 IPv4Network('10.70.0.0/16'),
 IPv4Network('10.71.0.0/16'),
 IPv4Network('10.72.0.0/16'),
 IPv4Network('10.73.0.0/16'),
 IPv4Network('10.74.0.0/16'),
 IPv4Network('10.75.0.0/16'),
 IPv4Network('10.76.0.0/16'),
 IPv4Network('10.77.0.0/16'),
 IPv4Network('10.78.0.0/16'),
 IPv4Network('10.79.0.0/16'),
 IPv4Network('10.80.0.0/16'),
 IPv4Network('10.81.0.0/16'),
 IPv4Network('10.82.0.0/16'),
 IPv4Network('10.83.0.0/16'),
 IPv4Network('10.84.0.0/16'),
 IPv4Network('10.85.0.0/16'),
 IPv4Network('10.86.0.0/16'),
 IPv4Network('10.87.0.0/16'),
 IPv4Network('10.88.0.0/16'),
 IPv4Network('10.89.0.0/16'),
 IPv4Network('10.90.0.0/16'),
 IPv4Network('10.91.0.0/16'),
 IPv4Network('10.92.0.0/16'),
 IPv4Network('10.93.0.0/16'),
 IPv4Network('10.94.0.0/16'),
 IPv4Network('10.95.0.0/16'),
 IPv4Network('10.96.0.0/16'),
 IPv4Network('10.97.0.0/16'),
 IPv4Network('10.98.0.0/16'),
 IPv4Network('10.99.0.0/16'),
 IPv4Network('10.100.0.0/16'),
 IPv4Network('10.101.0.0/16'),
 IPv4Network('10.102.0.0/16'),
 IPv4Network('10.103.0.0/16'),
 IPv4Network('10.104.0.0/16'),
 IPv4Network('10.105.0.0/16'),
 IPv4Network('10.106.0.0/16'),
 IPv4Network('10.107.0.0/16'),
 IPv4Network('10.108.0.0/16'),
 IPv4Network('10.109.0.0/16'),
 IPv4Network('10.110.0.0/16'),
 IPv4Network('10.111.0.0/16'),
 IPv4Network('10.112.0.0/16'),
 IPv4Network('10.113.0.0/16'),
 IPv4Network('10.114.0.0/16'),
 IPv4Network('10.115.0.0/16'),
 IPv4Network('10.116.0.0/16'),
 IPv4Network('10.117.0.0/16'),
 IPv4Network('10.118.0.0/16'),
 IPv4Network('10.119.0.0/16'),
 IPv4Network('10.120.0.0/16'),
 IPv4Network('10.121.0.0/16'),
 IPv4Network('10.122.0.0/16'),
 IPv4Network('10.123.0.0/16'),
 IPv4Network('10.124.0.0/16'),
 IPv4Network('10.125.0.0/16'),
 IPv4Network('10.126.0.0/16'),
 IPv4Network('10.127.0.0/16'),
 IPv4Network('10.128.0.0/16'),
 IPv4Network('10.129.0.0/16'),
 IPv4Network('10.130.0.0/16'),
 IPv4Network('10.131.0.0/16'),
 IPv4Network('10.132.0.0/16'),
 IPv4Network('10.133.0.0/16'),
 IPv4Network('10.134.0.0/16'),
 IPv4Network('10.135.0.0/16'),
 IPv4Network('10.136.0.0/16'),
 IPv4Network('10.137.0.0/16'),
 IPv4Network('10.138.0.0/16'),
 IPv4Network('10.139.0.0/16'),
 IPv4Network('10.140.0.0/16'),
 IPv4Network('10.141.0.0/16'),
 IPv4Network('10.142.0.0/16'),
 IPv4Network('10.143.0.0/16'),
 IPv4Network('10.144.0.0/16'),
 IPv4Network('10.145.0.0/16'),
 IPv4Network('10.146.0.0/16'),
 IPv4Network('10.147.0.0/16'),
 IPv4Network('10.148.0.0/16'),
 IPv4Network('10.149.0.0/16'),
 IPv4Network('10.150.0.0/16'),
 IPv4Network('10.151.0.0/16'),
 IPv4Network('10.152.0.0/16'),
 IPv4Network('10.153.0.0/16'),
 IPv4Network('10.154.0.0/16'),
 IPv4Network('10.155.0.0/16'),
 IPv4Network('10.156.0.0/16'),
 IPv4Network('10.157.0.0/16'),
 IPv4Network('10.158.0.0/16'),
 IPv4Network('10.159.0.0/16'),
 IPv4Network('10.160.0.0/16'),
 IPv4Network('10.161.0.0/16'),
 IPv4Network('10.162.0.0/16'),
 IPv4Network('10.163.0.0/16'),
 IPv4Network('10.164.0.0/16'),
 IPv4Network('10.165.0.0/16'),
 IPv4Network('10.166.0.0/16'),
 IPv4Network('10.167.0.0/16'),
 IPv4Network('10.168.0.0/16'),
 IPv4Network('10.169.0.0/16'),
 IPv4Network('10.170.0.0/16'),
 IPv4Network('10.171.0.0/16'),
 IPv4Network('10.172.0.0/16'),
 IPv4Network('10.173.0.0/16'),
 IPv4Network('10.174.0.0/16'),
 IPv4Network('10.175.0.0/16'),
 IPv4Network('10.176.0.0/16'),
 IPv4Network('10.177.0.0/16'),
 IPv4Network('10.178.0.0/16'),
 IPv4Network('10.179.0.0/16'),
 IPv4Network('10.180.0.0/16'),
 IPv4Network('10.181.0.0/16'),
 IPv4Network('10.182.0.0/16'),
 IPv4Network('10.183.0.0/16'),
 IPv4Network('10.184.0.0/16'),
 IPv4Network('10.185.0.0/16'),
 IPv4Network('10.186.0.0/16'),
 IPv4Network('10.187.0.0/16'),
 IPv4Network('10.188.0.0/16'),
 IPv4Network('10.189.0.0/16'),
 IPv4Network('10.190.0.0/16'),
 IPv4Network('10.191.0.0/16'),
 IPv4Network('10.192.0.0/16'),
 IPv4Network('10.193.0.0/16'),
 IPv4Network('10.194.0.0/16'),
 IPv4Network('10.195.0.0/16'),
 IPv4Network('10.196.0.0/16'),
 IPv4Network('10.197.0.0/16'),
 IPv4Network('10.198.0.0/16'),
 IPv4Network('10.199.0.0/16'),
 IPv4Network('10.200.0.0/16'),
 IPv4Network('10.201.0.0/16'),
 IPv4Network('10.202.0.0/16'),
 IPv4Network('10.203.0.0/16'),
 IPv4Network('10.204.0.0/16'),
 IPv4Network('10.205.0.0/16'),
 IPv4Network('10.206.0.0/16'),
 IPv4Network('10.207.0.0/16'),
 IPv4Network('10.208.0.0/16'),
 IPv4Network('10.209.0.0/16'),
 IPv4Network('10.210.0.0/16'),
 IPv4Network('10.211.0.0/16'),
 IPv4Network('10.212.0.0/16'),
 IPv4Network('10.213.0.0/16'),
 IPv4Network('10.214.0.0/16'),
 IPv4Network('10.215.0.0/16'),
 IPv4Network('10.216.0.0/16'),
 IPv4Network('10.217.0.0/16'),
 IPv4Network('10.218.0.0/16'),
 IPv4Network('10.219.0.0/16'),
 IPv4Network('10.220.0.0/16'),
 IPv4Network('10.221.0.0/16')]
[IPv4Network('10.0.0.0/8'),
 IPv4Network('129.79.0.0/16'),
 IPv4Network('134.68.0.0/16'),
 IPv4Network('140.182.0.0/16'),
 IPv4Network('149.159.0.0/16'),
 IPv4Network('149.160.0.0/14'),
 IPv4Network('156.56.0.0/16'),
 IPv4Network('172.16.0.0/12'),
 IPv4Network('192.168.0.0/24'),
 IPv6Network('::/128'),
 IPv4Network('10.0.0.0/16'),
 IPv4Network('10.1.0.0/16'),
 IPv4Network('10.2.0.0/16'),
 IPv4Network('10.3.0.0/16'),
 IPv4Network('10.4.0.0/16'),
 IPv4Network('10.5.0.0/16'),
 IPv4Network('10.6.0.0/16'),
 IPv4Network('10.7.0.0/16'),
 IPv4Network('10.8.0.0/16'),
 IPv4Network('10.9.0.0/16'),
 IPv4Network('10.10.0.0/16'),
 IPv4Network('10.11.0.0/16'),
 IPv4Network('10.12.0.0/16'),
 IPv4Network('10.13.0.0/16'),
 IPv4Network('10.14.0.0/16'),
 IPv4Network('10.15.0.0/16'),
 IPv4Network('10.16.0.0/16'),
 IPv4Network('10.17.0.0/16'),
 IPv4Network('10.18.0.0/16'),
 IPv4Network('10.19.0.0/16'),
 IPv4Network('10.20.0.0/16'),
 IPv4Network('10.21.0.0/16'),
 IPv4Network('10.22.0.0/16'),
 IPv4Network('10.23.0.0/16'),
 IPv4Network('10.24.0.0/16'),
 IPv4Network('10.25.0.0/16'),
 IPv4Network('10.26.0.0/16'),
 IPv4Network('10.27.0.0/16'),
 IPv4Network('10.28.0.0/16'),
 IPv4Network('10.29.0.0/16'),
 IPv4Network('10.30.0.0/16'),
 IPv4Network('10.31.0.0/16'),
 IPv4Network('10.32.0.0/16'),
 IPv4Network('10.33.0.0/16'),
 IPv4Network('10.34.0.0/16'),
 IPv4Network('10.35.0.0/16'),
 IPv4Network('10.36.0.0/16'),
 IPv4Network('10.37.0.0/16'),
 IPv4Network('10.38.0.0/16'),
 IPv4Network('10.39.0.0/16'),
 IPv4Network('10.40.0.0/16'),
 IPv4Network('10.41.0.0/16'),
 IPv4Network('10.42.0.0/16'),
 IPv4Network('10.43.0.0/16'),
 IPv4Network('10.44.0.0/16'),
 IPv4Network('10.45.0.0/16'),
 IPv4Network('10.46.0.0/16'),
 IPv4Network('10.47.0.0/16'),
 IPv4Network('10.48.0.0/16'),
 IPv4Network('10.49.0.0/16'),
 IPv4Network('10.50.0.0/16'),
 IPv4Network('10.51.0.0/16'),
 IPv4Network('10.52.0.0/16'),
 IPv4Network('10.53.0.0/16'),
 IPv4Network('10.54.0.0/16'),
 IPv4Network('10.55.0.0/16'),
 IPv4Network('10.56.0.0/16'),
 IPv4Network('10.57.0.0/16'),
 IPv4Network('10.58.0.0/16'),
 IPv4Network('10.59.0.0/16'),
 IPv4Network('10.60.0.0/16'),
 IPv4Network('10.61.0.0/16'),
 IPv4Network('10.62.0.0/16'),
 IPv4Network('10.63.0.0/16'),
 IPv4Network('10.64.0.0/16'),
 IPv4Network('10.65.0.0/16'),
 IPv4Network('10.66.0.0/16'),
 IPv4Network('10.67.0.0/16'),
 IPv4Network('10.68.0.0/16'),
 IPv4Network('10.69.0.0/16'),
 IPv4Network('10.70.0.0/16'),
 IPv4Network('10.71.0.0/16'),
 IPv4Network('10.72.0.0/16'),
 IPv4Network('10.73.0.0/16'),
 IPv4Network('10.74.0.0/16'),
 IPv4Network('10.75.0.0/16'),
 IPv4Network('10.76.0.0/16'),
 IPv4Network('10.77.0.0/16'),
 IPv4Network('10.78.0.0/16'),
 IPv4Network('10.79.0.0/16'),
 IPv4Network('10.80.0.0/16'),
 IPv4Network('10.81.0.0/16'),
 IPv4Network('10.82.0.0/16'),
 IPv4Network('10.83.0.0/16'),
 IPv4Network('10.84.0.0/16'),
 IPv4Network('10.85.0.0/16'),
 IPv4Network('10.86.0.0/16'),
 IPv4Network('10.87.0.0/16'),
 IPv4Network('10.88.0.0/16'),
 IPv4Network('10.89.0.0/16'),
 IPv4Network('10.90.0.0/16'),
 IPv4Network('10.91.0.0/16'),
 IPv4Network('10.92.0.0/16'),
 IPv4Network('10.93.0.0/16'),
 IPv4Network('10.94.0.0/16'),
 IPv4Network('10.95.0.0/16'),
 IPv4Network('10.96.0.0/16'),
 IPv4Network('10.97.0.0/16'),
 IPv4Network('10.98.0.0/16'),
 IPv4Network('10.99.0.0/16'),
 IPv4Network('10.100.0.0/16'),
 IPv4Network('10.101.0.0/16'),
 IPv4Network('10.102.0.0/16'),
 IPv4Network('10.103.0.0/16'),
 IPv4Network('10.104.0.0/16'),
 IPv4Network('10.105.0.0/16'),
 IPv4Network('10.106.0.0/16'),
 IPv4Network('10.107.0.0/16'),
 IPv4Network('10.108.0.0/16'),
 IPv4Network('10.109.0.0/16'),
 IPv4Network('10.110.0.0/16'),
 IPv4Network('10.111.0.0/16'),
 IPv4Network('10.112.0.0/16'),
 IPv4Network('10.113.0.0/16'),
 IPv4Network('10.114.0.0/16'),
 IPv4Network('10.115.0.0/16'),
 IPv4Network('10.116.0.0/16'),
 IPv4Network('10.117.0.0/16'),
 IPv4Network('10.118.0.0/16'),
 IPv4Network('10.119.0.0/16'),
 IPv4Network('10.120.0.0/16'),
 IPv4Network('10.121.0.0/16'),
 IPv4Network('10.122.0.0/16'),
 IPv4Network('10.123.0.0/16'),
 IPv4Network('10.124.0.0/16'),
 IPv4Network('10.125.0.0/16'),
 IPv4Network('10.126.0.0/16'),
 IPv4Network('10.127.0.0/16'),
 IPv4Network('10.128.0.0/16'),
 IPv4Network('10.129.0.0/16'),
 IPv4Network('10.130.0.0/16'),
 IPv4Network('10.131.0.0/16'),
 IPv4Network('10.132.0.0/16'),
 IPv4Network('10.133.0.0/16'),
 IPv4Network('10.134.0.0/16'),
 IPv4Network('10.135.0.0/16'),
 IPv4Network('10.136.0.0/16'),
 IPv4Network('10.137.0.0/16'),
 IPv4Network('10.138.0.0/16'),
 IPv4Network('10.139.0.0/16'),
 IPv4Network('10.140.0.0/16'),
 IPv4Network('10.141.0.0/16'),
 IPv4Network('10.142.0.0/16'),
 IPv4Network('10.143.0.0/16'),
 IPv4Network('10.144.0.0/16'),
 IPv4Network('10.145.0.0/16'),
 IPv4Network('10.146.0.0/16'),
 IPv4Network('10.147.0.0/16'),
 IPv4Network('10.148.0.0/16'),
 IPv4Network('10.149.0.0/16'),
 IPv4Network('10.150.0.0/16'),
 IPv4Network('10.151.0.0/16'),
 IPv4Network('10.152.0.0/16'),
 IPv4Network('10.153.0.0/16'),
 IPv4Network('10.154.0.0/16'),
 IPv4Network('10.155.0.0/16'),
 IPv4Network('10.156.0.0/16'),
 IPv4Network('10.157.0.0/16'),
 IPv4Network('10.158.0.0/16'),
 IPv4Network('10.159.0.0/16'),
 IPv4Network('10.160.0.0/16'),
 IPv4Network('10.161.0.0/16'),
 IPv4Network('10.162.0.0/16'),
 IPv4Network('10.163.0.0/16'),
 IPv4Network('10.164.0.0/16'),
 IPv4Network('10.165.0.0/16'),
 IPv4Network('10.166.0.0/16'),
 IPv4Network('10.167.0.0/16'),
 IPv4Network('10.168.0.0/16'),
 IPv4Network('10.169.0.0/16'),
 IPv4Network('10.170.0.0/16'),
 IPv4Network('10.171.0.0/16'),
 IPv4Network('10.172.0.0/16'),
 IPv4Network('10.173.0.0/16'),
 IPv4Network('10.174.0.0/16'),
 IPv4Network('10.175.0.0/16'),
 IPv4Network('10.176.0.0/16'),
 IPv4Network('10.177.0.0/16'),
 IPv4Network('10.178.0.0/16'),
 IPv4Network('10.179.0.0/16'),
 IPv4Network('10.180.0.0/16'),
 IPv4Network('10.181.0.0/16'),
 IPv4Network('10.182.0.0/16'),
 IPv4Network('10.183.0.0/16'),
 IPv4Network('10.184.0.0/16'),
 IPv4Network('10.185.0.0/16'),
 IPv4Network('10.186.0.0/16'),
 IPv4Network('10.187.0.0/16'),
 IPv4Network('10.188.0.0/16'),
 IPv4Network('10.189.0.0/16'),
 IPv4Network('10.190.0.0/16'),
 IPv4Network('10.191.0.0/16'),
 IPv4Network('10.192.0.0/16'),
 IPv4Network('10.193.0.0/16'),
 IPv4Network('10.194.0.0/16'),
 IPv4Network('10.195.0.0/16'),
 IPv4Network('10.196.0.0/16'),
 IPv4Network('10.197.0.0/16'),
 IPv4Network('10.198.0.0/16'),
 IPv4Network('10.199.0.0/16'),
 IPv4Network('10.200.0.0/16'),
 IPv4Network('10.201.0.0/16'),
 IPv4Network('10.202.0.0/16'),
 IPv4Network('10.203.0.0/16'),
 IPv4Network('10.204.0.0/16'),
 IPv4Network('10.205.0.0/16'),
 IPv4Network('10.206.0.0/16'),
 IPv4Network('10.207.0.0/16'),
 IPv4Network('10.208.0.0/16'),
 IPv4Network('10.209.0.0/16'),
 IPv4Network('10.210.0.0/16'),
 IPv4Network('10.211.0.0/16'),
 IPv4Network('10.212.0.0/16'),
 IPv4Network('10.213.0.0/16'),
 IPv4Network('10.214.0.0/16'),
 IPv4Network('10.215.0.0/16'),
 IPv4Network('10.216.0.0/16'),
 IPv4Network('10.217.0.0/16'),
 IPv4Network('10.218.0.0/16'),
 IPv4Network('10.219.0.0/16'),
 IPv4Network('10.220.0.0/16'),
 IPv4Network('10.221.0.0/16'),
 IPv4Network('10.222.0.0/16'),
 IPv4Network('10.223.0.0/16')]
[IPv4Network('10.0.0.0/8'),
 IPv4Network('129.79.0.0/16'),
 IPv4Network('134.68.0.0/16'),
 IPv4Network('140.182.0.0/16'),
 IPv4Network('149.159.0.0/16'),
 IPv4Network('149.160.0.0/14'),
 IPv4Network('156.56.0.0/16'),
 IPv4Network('172.16.0.0/12'),
 IPv4Network('192.168.0.0/24'),
 IPv6Network('::/128'),
 IPv4Network('10.0.0.0/16'),
 IPv4Network('10.1.0.0/16'),
 IPv4Network('10.2.0.0/16'),
 IPv4Network('10.3.0.0/16'),
 IPv4Network('10.4.0.0/16'),
 IPv4Network('10.5.0.0/16'),
 IPv4Network('10.6.0.0/16'),
 IPv4Network('10.7.0.0/16'),
 IPv4Network('10.8.0.0/16'),
 IPv4Network('10.9.0.0/16'),
 IPv4Network('10.10.0.0/16'),
 IPv4Network('10.11.0.0/16'),
 IPv4Network('10.12.0.0/16'),
 IPv4Network('10.13.0.0/16'),
 IPv4Network('10.14.0.0/16'),
 IPv4Network('10.15.0.0/16'),
 IPv4Network('10.16.0.0/16'),
 IPv4Network('10.17.0.0/16'),
 IPv4Network('10.18.0.0/16'),
 IPv4Network('10.19.0.0/16'),
 IPv4Network('10.20.0.0/16'),
 IPv4Network('10.21.0.0/16'),
 IPv4Network('10.22.0.0/16'),
 IPv4Network('10.23.0.0/16'),
 IPv4Network('10.24.0.0/16'),
 IPv4Network('10.25.0.0/16'),
 IPv4Network('10.26.0.0/16'),
 IPv4Network('10.27.0.0/16'),
 IPv4Network('10.28.0.0/16'),
 IPv4Network('10.29.0.0/16'),
 IPv4Network('10.30.0.0/16'),
 IPv4Network('10.31.0.0/16'),
 IPv4Network('10.32.0.0/16'),
 IPv4Network('10.33.0.0/16'),
 IPv4Network('10.34.0.0/16'),
 IPv4Network('10.35.0.0/16'),
 IPv4Network('10.36.0.0/16'),
 IPv4Network('10.37.0.0/16'),
 IPv4Network('10.38.0.0/16'),
 IPv4Network('10.39.0.0/16'),
 IPv4Network('10.40.0.0/16'),
 IPv4Network('10.41.0.0/16'),
 IPv4Network('10.42.0.0/16'),
 IPv4Network('10.43.0.0/16'),
 IPv4Network('10.44.0.0/16'),
 IPv4Network('10.45.0.0/16'),
 IPv4Network('10.46.0.0/16'),
 IPv4Network('10.47.0.0/16'),
 IPv4Network('10.48.0.0/16'),
 IPv4Network('10.49.0.0/16'),
 IPv4Network('10.50.0.0/16'),
 IPv4Network('10.51.0.0/16'),
 IPv4Network('10.52.0.0/16'),
 IPv4Network('10.53.0.0/16'),
 IPv4Network('10.54.0.0/16'),
 IPv4Network('10.55.0.0/16'),
 IPv4Network('10.56.0.0/16'),
 IPv4Network('10.57.0.0/16'),
 IPv4Network('10.58.0.0/16'),
 IPv4Network('10.59.0.0/16'),
 IPv4Network('10.60.0.0/16'),
 IPv4Network('10.61.0.0/16'),
 IPv4Network('10.62.0.0/16'),
 IPv4Network('10.63.0.0/16'),
 IPv4Network('10.64.0.0/16'),
 IPv4Network('10.65.0.0/16'),
 IPv4Network('10.66.0.0/16'),
 IPv4Network('10.67.0.0/16'),
 IPv4Network('10.68.0.0/16'),
 IPv4Network('10.69.0.0/16'),
 IPv4Network('10.70.0.0/16'),
 IPv4Network('10.71.0.0/16'),
 IPv4Network('10.72.0.0/16'),
 IPv4Network('10.73.0.0/16'),
 IPv4Network('10.74.0.0/16'),
 IPv4Network('10.75.0.0/16'),
 IPv4Network('10.76.0.0/16'),
 IPv4Network('10.77.0.0/16'),
 IPv4Network('10.78.0.0/16'),
 IPv4Network('10.79.0.0/16'),
 IPv4Network('10.80.0.0/16'),
 IPv4Network('10.81.0.0/16'),
 IPv4Network('10.82.0.0/16'),
 IPv4Network('10.83.0.0/16'),
 IPv4Network('10.84.0.0/16'),
 IPv4Network('10.85.0.0/16'),
 IPv4Network('10.86.0.0/16'),
 IPv4Network('10.87.0.0/16'),
 IPv4Network('10.88.0.0/16'),
 IPv4Network('10.89.0.0/16'),
 IPv4Network('10.90.0.0/16'),
 IPv4Network('10.91.0.0/16'),
 IPv4Network('10.92.0.0/16'),
 IPv4Network('10.93.0.0/16'),
 IPv4Network('10.94.0.0/16'),
 IPv4Network('10.95.0.0/16'),
 IPv4Network('10.96.0.0/16'),
 IPv4Network('10.97.0.0/16'),
 IPv4Network('10.98.0.0/16'),
 IPv4Network('10.99.0.0/16'),
 IPv4Network('10.100.0.0/16'),
 IPv4Network('10.101.0.0/16'),
 IPv4Network('10.102.0.0/16'),
 IPv4Network('10.103.0.0/16'),
 IPv4Network('10.104.0.0/16'),
 IPv4Network('10.105.0.0/16'),
 IPv4Network('10.106.0.0/16'),
 IPv4Network('10.107.0.0/16'),
 IPv4Network('10.108.0.0/16'),
 IPv4Network('10.109.0.0/16'),
 IPv4Network('10.110.0.0/16'),
 IPv4Network('10.111.0.0/16'),
 IPv4Network('10.112.0.0/16'),
 IPv4Network('10.113.0.0/16'),
 IPv4Network('10.114.0.0/16'),
 IPv4Network('10.115.0.0/16'),
 IPv4Network('10.116.0.0/16'),
 IPv4Network('10.117.0.0/16'),
 IPv4Network('10.118.0.0/16'),
 IPv4Network('10.119.0.0/16'),
 IPv4Network('10.120.0.0/16'),
 IPv4Network('10.121.0.0/16'),
 IPv4Network('10.122.0.0/16'),
 IPv4Network('10.123.0.0/16'),
 IPv4Network('10.124.0.0/16'),
 IPv4Network('10.125.0.0/16'),
 IPv4Network('10.126.0.0/16'),
 IPv4Network('10.127.0.0/16'),
 IPv4Network('10.128.0.0/16'),
 IPv4Network('10.129.0.0/16'),
 IPv4Network('10.130.0.0/16'),
 IPv4Network('10.131.0.0/16'),
 IPv4Network('10.132.0.0/16'),
 IPv4Network('10.133.0.0/16'),
 IPv4Network('10.134.0.0/16'),
 IPv4Network('10.135.0.0/16'),
 IPv4Network('10.136.0.0/16'),
 IPv4Network('10.137.0.0/16'),
 IPv4Network('10.138.0.0/16'),
 IPv4Network('10.139.0.0/16'),
 IPv4Network('10.140.0.0/16'),
 IPv4Network('10.141.0.0/16'),
 IPv4Network('10.142.0.0/16'),
 IPv4Network('10.143.0.0/16'),
 IPv4Network('10.144.0.0/16'),
 IPv4Network('10.145.0.0/16'),
 IPv4Network('10.146.0.0/16'),
 IPv4Network('10.147.0.0/16'),
 IPv4Network('10.148.0.0/16'),
 IPv4Network('10.149.0.0/16'),
 IPv4Network('10.150.0.0/16'),
 IPv4Network('10.151.0.0/16'),
 IPv4Network('10.152.0.0/16'),
 IPv4Network('10.153.0.0/16'),
 IPv4Network('10.154.0.0/16'),
 IPv4Network('10.155.0.0/16'),
 IPv4Network('10.156.0.0/16'),
 IPv4Network('10.157.0.0/16'),
 IPv4Network('10.158.0.0/16'),
 IPv4Network('10.159.0.0/16'),
 IPv4Network('10.160.0.0/16'),
 IPv4Network('10.161.0.0/16'),
 IPv4Network('10.162.0.0/16'),
 IPv4Network('10.163.0.0/16'),
 IPv4Network('10.164.0.0/16'),
 IPv4Network('10.165.0.0/16'),
 IPv4Network('10.166.0.0/16'),
 IPv4Network('10.167.0.0/16'),
 IPv4Network('10.168.0.0/16'),
 IPv4Network('10.169.0.0/16'),
 IPv4Network('10.170.0.0/16'),
 IPv4Network('10.171.0.0/16'),
 IPv4Network('10.172.0.0/16'),
 IPv4Network('10.173.0.0/16'),
 IPv4Network('10.174.0.0/16'),
 IPv4Network('10.175.0.0/16'),
 IPv4Network('10.176.0.0/16'),
 IPv4Network('10.177.0.0/16'),
 IPv4Network('10.178.0.0/16'),
 IPv4Network('10.179.0.0/16'),
 IPv4Network('10.180.0.0/16'),
 IPv4Network('10.181.0.0/16'),
 IPv4Network('10.182.0.0/16'),
 IPv4Network('10.183.0.0/16'),
 IPv4Network('10.184.0.0/16'),
 IPv4Network('10.185.0.0/16'),
 IPv4Network('10.186.0.0/16'),
 IPv4Network('10.187.0.0/16'),
 IPv4Network('10.188.0.0/16'),
 IPv4Network('10.189.0.0/16'),
 IPv4Network('10.190.0.0/16'),
 IPv4Network('10.191.0.0/16'),
 IPv4Network('10.192.0.0/16'),
 IPv4Network('10.193.0.0/16'),
 IPv4Network('10.194.0.0/16'),
 IPv4Network('10.195.0.0/16'),
 IPv4Network('10.196.0.0/16'),
 IPv4Network('10.197.0.0/16'),
 IPv4Network('10.198.0.0/16'),
 IPv4Network('10.199.0.0/16'),
 IPv4Network('10.200.0.0/16'),
 IPv4Network('10.201.0.0/16'),
 IPv4Network('10.202.0.0/16'),
 IPv4Network('10.203.0.0/16'),
 IPv4Network('10.204.0.0/16'),
 IPv4Network('10.205.0.0/16'),
 IPv4Network('10.206.0.0/16'),
 IPv4Network('10.207.0.0/16'),
 IPv4Network('10.208.0.0/16'),
 IPv4Network('10.209.0.0/16'),
 IPv4Network('10.210.0.0/16'),
 IPv4Network('10.211.0.0/16'),
 IPv4Network('10.212.0.0/16'),
 IPv4Network('10.213.0.0/16'),
 IPv4Network('10.214.0.0/16'),
 IPv4Network('10.215.0.0/16'),
 IPv4Network('10.216.0.0/16'),
 IPv4Network('10.217.0.0/16'),
 IPv4Network('10.218.0.0/16'),
 IPv4Network('10.219.0.0/16'),
 IPv4Network('10.220.0.0/16'),
 IPv4Network('10.221.0.0/16'),
 IPv4Network('10.222.0.0/16'),
 IPv4Network('10.223.0.0/16')]
[IPv4Network('10.0.0.0/8'),
 IPv4Network('129.79.0.0/16'),
 IPv4Network('134.68.0.0/16'),
 IPv4Network('140.182.0.0/16'),
 IPv4Network('149.159.0.0/16'),
 IPv4Network('149.160.0.0/14'),
 IPv4Network('156.56.0.0/16'),
 IPv4Network('172.16.0.0/12'),
 IPv4Network('192.168.0.0/24'),
 IPv6Network('::/128'),
 IPv4Network('10.0.0.0/16'),
 IPv4Network('10.1.0.0/16'),
 IPv4Network('10.2.0.0/16'),
 IPv4Network('10.3.0.0/16'),
 IPv4Network('10.4.0.0/16'),
 IPv4Network('10.5.0.0/16'),
 IPv4Network('10.6.0.0/16'),
 IPv4Network('10.7.0.0/16'),
 IPv4Network('10.8.0.0/16'),
 IPv4Network('10.9.0.0/16'),
 IPv4Network('10.10.0.0/16'),
 IPv4Network('10.11.0.0/16'),
 IPv4Network('10.12.0.0/16'),
 IPv4Network('10.13.0.0/16'),
 IPv4Network('10.14.0.0/16'),
 IPv4Network('10.15.0.0/16'),
 IPv4Network('10.16.0.0/16'),
 IPv4Network('10.17.0.0/16'),
 IPv4Network('10.18.0.0/16'),
 IPv4Network('10.19.0.0/16'),
 IPv4Network('10.20.0.0/16'),
 IPv4Network('10.21.0.0/16'),
 IPv4Network('10.22.0.0/16'),
 IPv4Network('10.23.0.0/16'),
 IPv4Network('10.24.0.0/16'),
 IPv4Network('10.25.0.0/16'),
 IPv4Network('10.26.0.0/16'),
 IPv4Network('10.27.0.0/16'),
 IPv4Network('10.28.0.0/16'),
 IPv4Network('10.29.0.0/16'),
 IPv4Network('10.30.0.0/16'),
 IPv4Network('10.31.0.0/16'),
 IPv4Network('10.32.0.0/16'),
 IPv4Network('10.33.0.0/16'),
 IPv4Network('10.34.0.0/16'),
 IPv4Network('10.35.0.0/16'),
 IPv4Network('10.36.0.0/16'),
 IPv4Network('10.37.0.0/16'),
 IPv4Network('10.38.0.0/16'),
 IPv4Network('10.39.0.0/16'),
 IPv4Network('10.40.0.0/16'),
 IPv4Network('10.41.0.0/16'),
 IPv4Network('10.42.0.0/16'),
 IPv4Network('10.43.0.0/16'),
 IPv4Network('10.44.0.0/16'),
 IPv4Network('10.45.0.0/16'),
 IPv4Network('10.46.0.0/16'),
 IPv4Network('10.47.0.0/16'),
 IPv4Network('10.48.0.0/16'),
 IPv4Network('10.49.0.0/16'),
 IPv4Network('10.50.0.0/16'),
 IPv4Network('10.51.0.0/16'),
 IPv4Network('10.52.0.0/16'),
 IPv4Network('10.53.0.0/16'),
 IPv4Network('10.54.0.0/16'),
 IPv4Network('10.55.0.0/16'),
 IPv4Network('10.56.0.0/16'),
 IPv4Network('10.57.0.0/16'),
 IPv4Network('10.58.0.0/16'),
 IPv4Network('10.59.0.0/16'),
 IPv4Network('10.60.0.0/16'),
 IPv4Network('10.61.0.0/16'),
 IPv4Network('10.62.0.0/16'),
 IPv4Network('10.63.0.0/16'),
 IPv4Network('10.64.0.0/16'),
 IPv4Network('10.65.0.0/16'),
 IPv4Network('10.66.0.0/16'),
 IPv4Network('10.67.0.0/16'),
 IPv4Network('10.68.0.0/16'),
 IPv4Network('10.69.0.0/16'),
 IPv4Network('10.70.0.0/16'),
 IPv4Network('10.71.0.0/16'),
 IPv4Network('10.72.0.0/16'),
 IPv4Network('10.73.0.0/16'),
 IPv4Network('10.74.0.0/16'),
 IPv4Network('10.75.0.0/16'),
 IPv4Network('10.76.0.0/16'),
 IPv4Network('10.77.0.0/16'),
 IPv4Network('10.78.0.0/16'),
 IPv4Network('10.79.0.0/16'),
 IPv4Network('10.80.0.0/16'),
 IPv4Network('10.81.0.0/16'),
 IPv4Network('10.82.0.0/16'),
 IPv4Network('10.83.0.0/16'),
 IPv4Network('10.84.0.0/16'),
 IPv4Network('10.85.0.0/16'),
 IPv4Network('10.86.0.0/16'),
 IPv4Network('10.87.0.0/16'),
 IPv4Network('10.88.0.0/16'),
 IPv4Network('10.89.0.0/16'),
 IPv4Network('10.90.0.0/16'),
 IPv4Network('10.91.0.0/16'),
 IPv4Network('10.92.0.0/16'),
 IPv4Network('10.93.0.0/16'),
 IPv4Network('10.94.0.0/16'),
 IPv4Network('10.95.0.0/16'),
 IPv4Network('10.96.0.0/16'),
 IPv4Network('10.97.0.0/16'),
 IPv4Network('10.98.0.0/16'),
 IPv4Network('10.99.0.0/16'),
 IPv4Network('10.100.0.0/16'),
 IPv4Network('10.101.0.0/16'),
 IPv4Network('10.102.0.0/16'),
 IPv4Network('10.103.0.0/16'),
 IPv4Network('10.104.0.0/16'),
 IPv4Network('10.105.0.0/16'),
 IPv4Network('10.106.0.0/16'),
 IPv4Network('10.107.0.0/16'),
 IPv4Network('10.108.0.0/16'),
 IPv4Network('10.109.0.0/16'),
 IPv4Network('10.110.0.0/16'),
 IPv4Network('10.111.0.0/16'),
 IPv4Network('10.112.0.0/16'),
 IPv4Network('10.113.0.0/16'),
 IPv4Network('10.114.0.0/16'),
 IPv4Network('10.115.0.0/16'),
 IPv4Network('10.116.0.0/16'),
 IPv4Network('10.117.0.0/16'),
 IPv4Network('10.118.0.0/16'),
 IPv4Network('10.119.0.0/16'),
 IPv4Network('10.120.0.0/16'),
 IPv4Network('10.121.0.0/16'),
 IPv4Network('10.122.0.0/16'),
 IPv4Network('10.123.0.0/16'),
 IPv4Network('10.124.0.0/16'),
 IPv4Network('10.125.0.0/16'),
 IPv4Network('10.126.0.0/16'),
 IPv4Network('10.127.0.0/16'),
 IPv4Network('10.128.0.0/16'),
 IPv4Network('10.129.0.0/16'),
 IPv4Network('10.130.0.0/16'),
 IPv4Network('10.131.0.0/16'),
 IPv4Network('10.132.0.0/16'),
 IPv4Network('10.133.0.0/16'),
 IPv4Network('10.134.0.0/16'),
 IPv4Network('10.135.0.0/16'),
 IPv4Network('10.136.0.0/16'),
 IPv4Network('10.137.0.0/16'),
 IPv4Network('10.138.0.0/16'),
 IPv4Network('10.139.0.0/16'),
 IPv4Network('10.140.0.0/16'),
 IPv4Network('10.141.0.0/16'),
 IPv4Network('10.142.0.0/16'),
 IPv4Network('10.143.0.0/16'),
 IPv4Network('10.144.0.0/16'),
 IPv4Network('10.145.0.0/16'),
 IPv4Network('10.146.0.0/16'),
 IPv4Network('10.147.0.0/16'),
 IPv4Network('10.148.0.0/16'),
 IPv4Network('10.149.0.0/16'),
 IPv4Network('10.150.0.0/16'),
 IPv4Network('10.151.0.0/16'),
 IPv4Network('10.152.0.0/16'),
 IPv4Network('10.153.0.0/16'),
 IPv4Network('10.154.0.0/16'),
 IPv4Network('10.155.0.0/16'),
 IPv4Network('10.156.0.0/16'),
 IPv4Network('10.157.0.0/16'),
 IPv4Network('10.158.0.0/16'),
 IPv4Network('10.159.0.0/16'),
 IPv4Network('10.160.0.0/16'),
 IPv4Network('10.161.0.0/16'),
 IPv4Network('10.162.0.0/16'),
 IPv4Network('10.163.0.0/16'),
 IPv4Network('10.164.0.0/16'),
 IPv4Network('10.165.0.0/16'),
 IPv4Network('10.166.0.0/16'),
 IPv4Network('10.167.0.0/16'),
 IPv4Network('10.168.0.0/16'),
 IPv4Network('10.169.0.0/16'),
 IPv4Network('10.170.0.0/16'),
 IPv4Network('10.171.0.0/16'),
 IPv4Network('10.172.0.0/16'),
 IPv4Network('10.173.0.0/16'),
 IPv4Network('10.174.0.0/16'),
 IPv4Network('10.175.0.0/16'),
 IPv4Network('10.176.0.0/16'),
 IPv4Network('10.177.0.0/16'),
 IPv4Network('10.178.0.0/16'),
 IPv4Network('10.179.0.0/16'),
 IPv4Network('10.180.0.0/16'),
 IPv4Network('10.181.0.0/16'),
 IPv4Network('10.182.0.0/16'),
 IPv4Network('10.183.0.0/16'),
 IPv4Network('10.184.0.0/16'),
 IPv4Network('10.185.0.0/16'),
 IPv4Network('10.186.0.0/16'),
 IPv4Network('10.187.0.0/16'),
 IPv4Network('10.188.0.0/16'),
 IPv4Network('10.189.0.0/16'),
 IPv4Network('10.190.0.0/16'),
 IPv4Network('10.191.0.0/16'),
 IPv4Network('10.192.0.0/16'),
 IPv4Network('10.193.0.0/16'),
 IPv4Network('10.194.0.0/16'),
 IPv4Network('10.195.0.0/16'),
 IPv4Network('10.196.0.0/16'),
 IPv4Network('10.197.0.0/16'),
 IPv4Network('10.198.0.0/16'),
 IPv4Network('10.199.0.0/16'),
 IPv4Network('10.200.0.0/16'),
 IPv4Network('10.201.0.0/16'),
 IPv4Network('10.202.0.0/16'),
 IPv4Network('10.203.0.0/16'),
 IPv4Network('10.204.0.0/16'),
 IPv4Network('10.205.0.0/16'),
 IPv4Network('10.206.0.0/16'),
 IPv4Network('10.207.0.0/16'),
 IPv4Network('10.208.0.0/16'),
 IPv4Network('10.209.0.0/16'),
 IPv4Network('10.210.0.0/16'),
 IPv4Network('10.211.0.0/16'),
 IPv4Network('10.212.0.0/16'),
 IPv4Network('10.213.0.0/16'),
 IPv4Network('10.214.0.0/16'),
 IPv4Network('10.215.0.0/16'),
 IPv4Network('10.216.0.0/16'),
 IPv4Network('10.217.0.0/16'),
 IPv4Network('10.218.0.0/16'),
 IPv4Network('10.219.0.0/16'),
 IPv4Network('10.220.0.0/16'),
 IPv4Network('10.221.0.0/16'),
 IPv4Network('10.222.0.0/16'),
 IPv4Network('10.223.0.0/16')]
[IPv4Network('10.0.0.0/8'),
 IPv4Network('129.79.0.0/16'),
 IPv4Network('134.68.0.0/16'),
 IPv4Network('140.182.0.0/16'),
 IPv4Network('149.159.0.0/16'),
 IPv4Network('149.160.0.0/14'),
 IPv4Network('156.56.0.0/16'),
 IPv4Network('172.16.0.0/12'),
 IPv4Network('192.168.0.0/24'),
 IPv6Network('::/128'),
 IPv4Network('10.0.0.0/16'),
 IPv4Network('10.1.0.0/16'),
 IPv4Network('10.2.0.0/16'),
 IPv4Network('10.3.0.0/16'),
 IPv4Network('10.4.0.0/16'),
 IPv4Network('10.5.0.0/16'),
 IPv4Network('10.6.0.0/16'),
 IPv4Network('10.7.0.0/16'),
 IPv4Network('10.8.0.0/16'),
 IPv4Network('10.9.0.0/16'),
 IPv4Network('10.10.0.0/16'),
 IPv4Network('10.11.0.0/16'),
 IPv4Network('10.12.0.0/16'),
 IPv4Network('10.13.0.0/16'),
 IPv4Network('10.14.0.0/16'),
 IPv4Network('10.15.0.0/16'),
 IPv4Network('10.16.0.0/16'),
 IPv4Network('10.17.0.0/16'),
 IPv4Network('10.18.0.0/16'),
 IPv4Network('10.19.0.0/16'),
 IPv4Network('10.20.0.0/16'),
 IPv4Network('10.21.0.0/16'),
 IPv4Network('10.22.0.0/16'),
 IPv4Network('10.23.0.0/16'),
 IPv4Network('10.24.0.0/16'),
 IPv4Network('10.25.0.0/16'),
 IPv4Network('10.26.0.0/16'),
 IPv4Network('10.27.0.0/16'),
 IPv4Network('10.28.0.0/16'),
 IPv4Network('10.29.0.0/16'),
 IPv4Network('10.30.0.0/16'),
 IPv4Network('10.31.0.0/16'),
 IPv4Network('10.32.0.0/16'),
 IPv4Network('10.33.0.0/16'),
 IPv4Network('10.34.0.0/16'),
 IPv4Network('10.35.0.0/16'),
 IPv4Network('10.36.0.0/16'),
 IPv4Network('10.37.0.0/16'),
 IPv4Network('10.38.0.0/16'),
 IPv4Network('10.39.0.0/16'),
 IPv4Network('10.40.0.0/16'),
 IPv4Network('10.41.0.0/16'),
 IPv4Network('10.42.0.0/16'),
 IPv4Network('10.43.0.0/16'),
 IPv4Network('10.44.0.0/16'),
 IPv4Network('10.45.0.0/16'),
 IPv4Network('10.46.0.0/16'),
 IPv4Network('10.47.0.0/16'),
 IPv4Network('10.48.0.0/16'),
 IPv4Network('10.49.0.0/16'),
 IPv4Network('10.50.0.0/16'),
 IPv4Network('10.51.0.0/16'),
 IPv4Network('10.52.0.0/16'),
 IPv4Network('10.53.0.0/16'),
 IPv4Network('10.54.0.0/16'),
 IPv4Network('10.55.0.0/16'),
 IPv4Network('10.56.0.0/16'),
 IPv4Network('10.57.0.0/16'),
 IPv4Network('10.58.0.0/16'),
 IPv4Network('10.59.0.0/16'),
 IPv4Network('10.60.0.0/16'),
 IPv4Network('10.61.0.0/16'),
 IPv4Network('10.62.0.0/16'),
 IPv4Network('10.63.0.0/16'),
 IPv4Network('10.64.0.0/16'),
 IPv4Network('10.65.0.0/16'),
 IPv4Network('10.66.0.0/16'),
 IPv4Network('10.67.0.0/16'),
 IPv4Network('10.68.0.0/16'),
 IPv4Network('10.69.0.0/16'),
 IPv4Network('10.70.0.0/16'),
 IPv4Network('10.71.0.0/16'),
 IPv4Network('10.72.0.0/16'),
 IPv4Network('10.73.0.0/16'),
 IPv4Network('10.74.0.0/16'),
 IPv4Network('10.75.0.0/16'),
 IPv4Network('10.76.0.0/16'),
 IPv4Network('10.77.0.0/16'),
 IPv4Network('10.78.0.0/16'),
 IPv4Network('10.79.0.0/16'),
 IPv4Network('10.80.0.0/16'),
 IPv4Network('10.81.0.0/16'),
 IPv4Network('10.82.0.0/16'),
 IPv4Network('10.83.0.0/16'),
 IPv4Network('10.84.0.0/16'),
 IPv4Network('10.85.0.0/16'),
 IPv4Network('10.86.0.0/16'),
 IPv4Network('10.87.0.0/16'),
 IPv4Network('10.88.0.0/16'),
 IPv4Network('10.89.0.0/16'),
 IPv4Network('10.90.0.0/16'),
 IPv4Network('10.91.0.0/16'),
 IPv4Network('10.92.0.0/16'),
 IPv4Network('10.93.0.0/16'),
 IPv4Network('10.94.0.0/16'),
 IPv4Network('10.95.0.0/16'),
 IPv4Network('10.96.0.0/16'),
 IPv4Network('10.97.0.0/16'),
 IPv4Network('10.98.0.0/16'),
 IPv4Network('10.99.0.0/16'),
 IPv4Network('10.100.0.0/16'),
 IPv4Network('10.101.0.0/16'),
 IPv4Network('10.102.0.0/16'),
 IPv4Network('10.103.0.0/16'),
 IPv4Network('10.104.0.0/16'),
 IPv4Network('10.105.0.0/16'),
 IPv4Network('10.106.0.0/16'),
 IPv4Network('10.107.0.0/16'),
 IPv4Network('10.108.0.0/16'),
 IPv4Network('10.109.0.0/16'),
 IPv4Network('10.110.0.0/16'),
 IPv4Network('10.111.0.0/16'),
 IPv4Network('10.112.0.0/16'),
 IPv4Network('10.113.0.0/16'),
 IPv4Network('10.114.0.0/16'),
 IPv4Network('10.115.0.0/16'),
 IPv4Network('10.116.0.0/16'),
 IPv4Network('10.117.0.0/16'),
 IPv4Network('10.118.0.0/16'),
 IPv4Network('10.119.0.0/16'),
 IPv4Network('10.120.0.0/16'),
 IPv4Network('10.121.0.0/16'),
 IPv4Network('10.122.0.0/16'),
 IPv4Network('10.123.0.0/16'),
 IPv4Network('10.124.0.0/16'),
 IPv4Network('10.125.0.0/16'),
 IPv4Network('10.126.0.0/16'),
 IPv4Network('10.127.0.0/16'),
 IPv4Network('10.128.0.0/16'),
 IPv4Network('10.129.0.0/16'),
 IPv4Network('10.130.0.0/16'),
 IPv4Network('10.131.0.0/16'),
 IPv4Network('10.132.0.0/16'),
 IPv4Network('10.133.0.0/16'),
 IPv4Network('10.134.0.0/16'),
 IPv4Network('10.135.0.0/16'),
 IPv4Network('10.136.0.0/16'),
 IPv4Network('10.137.0.0/16'),
 IPv4Network('10.138.0.0/16'),
 IPv4Network('10.139.0.0/16'),
 IPv4Network('10.140.0.0/16'),
 IPv4Network('10.141.0.0/16'),
 IPv4Network('10.142.0.0/16'),
 IPv4Network('10.143.0.0/16'),
 IPv4Network('10.144.0.0/16'),
 IPv4Network('10.145.0.0/16'),
 IPv4Network('10.146.0.0/16'),
 IPv4Network('10.147.0.0/16'),
 IPv4Network('10.148.0.0/16'),
 IPv4Network('10.149.0.0/16'),
 IPv4Network('10.150.0.0/16'),
 IPv4Network('10.151.0.0/16'),
 IPv4Network('10.152.0.0/16'),
 IPv4Network('10.153.0.0/16'),
 IPv4Network('10.154.0.0/16'),
 IPv4Network('10.155.0.0/16'),
 IPv4Network('10.156.0.0/16'),
 IPv4Network('10.157.0.0/16'),
 IPv4Network('10.158.0.0/16'),
 IPv4Network('10.159.0.0/16'),
 IPv4Network('10.160.0.0/16'),
 IPv4Network('10.161.0.0/16'),
 IPv4Network('10.162.0.0/16'),
 IPv4Network('10.163.0.0/16'),
 IPv4Network('10.164.0.0/16'),
 IPv4Network('10.165.0.0/16'),
 IPv4Network('10.166.0.0/16'),
 IPv4Network('10.167.0.0/16'),
 IPv4Network('10.168.0.0/16'),
 IPv4Network('10.169.0.0/16'),
 IPv4Network('10.170.0.0/16'),
 IPv4Network('10.171.0.0/16'),
 IPv4Network('10.172.0.0/16'),
 IPv4Network('10.173.0.0/16'),
 IPv4Network('10.174.0.0/16'),
 IPv4Network('10.175.0.0/16'),
 IPv4Network('10.176.0.0/16'),
 IPv4Network('10.177.0.0/16'),
 IPv4Network('10.178.0.0/16'),
 IPv4Network('10.179.0.0/16'),
 IPv4Network('10.180.0.0/16'),
 IPv4Network('10.181.0.0/16'),
 IPv4Network('10.182.0.0/16'),
 IPv4Network('10.183.0.0/16'),
 IPv4Network('10.184.0.0/16'),
 IPv4Network('10.185.0.0/16'),
 IPv4Network('10.186.0.0/16'),
 IPv4Network('10.187.0.0/16'),
 IPv4Network('10.188.0.0/16'),
 IPv4Network('10.189.0.0/16'),
 IPv4Network('10.190.0.0/16'),
 IPv4Network('10.191.0.0/16'),
 IPv4Network('10.192.0.0/16'),
 IPv4Network('10.193.0.0/16'),
 IPv4Network('10.194.0.0/16'),
 IPv4Network('10.195.0.0/16'),
 IPv4Network('10.196.0.0/16'),
 IPv4Network('10.197.0.0/16'),
 IPv4Network('10.198.0.0/16'),
 IPv4Network('10.199.0.0/16'),
 IPv4Network('10.200.0.0/16'),
 IPv4Network('10.201.0.0/16'),
 IPv4Network('10.202.0.0/16'),
 IPv4Network('10.203.0.0/16'),
 IPv4Network('10.204.0.0/16'),
 IPv4Network('10.205.0.0/16'),
 IPv4Network('10.206.0.0/16'),
 IPv4Network('10.207.0.0/16'),
 IPv4Network('10.208.0.0/16'),
 IPv4Network('10.209.0.0/16'),
 IPv4Network('10.210.0.0/16'),
 IPv4Network('10.211.0.0/16'),
 IPv4Network('10.212.0.0/16'),
 IPv4Network('10.213.0.0/16'),
 IPv4Network('10.214.0.0/16'),
 IPv4Network('10.215.0.0/16'),
 IPv4Network('10.216.0.0/16'),
 IPv4Network('10.217.0.0/16'),
 IPv4Network('10.218.0.0/16'),
 IPv4Network('10.219.0.0/16'),
 IPv4Network('10.220.0.0/16'),
 IPv4Network('10.221.0.0/16'),
 IPv4Network('10.222.0.0/16'),
 IPv4Network('10.223.0.0/16')]
[IPv4Network('10.0.0.0/8'),
 IPv4Network('129.79.0.0/16'),
 IPv4Network('134.68.0.0/16'),
 IPv4Network('140.182.0.0/16'),
 IPv4Network('149.159.0.0/16'),
 IPv4Network('149.160.0.0/14'),
 IPv4Network('156.56.0.0/16'),
 IPv4Network('172.16.0.0/12'),
 IPv4Network('192.168.0.0/24'),
 IPv6Network('::/128'),
 IPv4Network('10.0.0.0/16'),
 IPv4Network('10.1.0.0/16'),
 IPv4Network('10.2.0.0/16'),
 IPv4Network('10.3.0.0/16'),
 IPv4Network('10.4.0.0/16'),
 IPv4Network('10.5.0.0/16'),
 IPv4Network('10.6.0.0/16'),
 IPv4Network('10.7.0.0/16'),
 IPv4Network('10.8.0.0/16'),
 IPv4Network('10.9.0.0/16'),
 IPv4Network('10.10.0.0/16'),
 IPv4Network('10.11.0.0/16'),
 IPv4Network('10.12.0.0/16'),
 IPv4Network('10.13.0.0/16'),
 IPv4Network('10.14.0.0/16'),
 IPv4Network('10.15.0.0/16'),
 IPv4Network('10.16.0.0/16'),
 IPv4Network('10.17.0.0/16'),
 IPv4Network('10.18.0.0/16'),
 IPv4Network('10.19.0.0/16'),
 IPv4Network('10.20.0.0/16'),
 IPv4Network('10.21.0.0/16'),
 IPv4Network('10.22.0.0/16'),
 IPv4Network('10.23.0.0/16'),
 IPv4Network('10.24.0.0/16'),
 IPv4Network('10.25.0.0/16'),
 IPv4Network('10.26.0.0/16'),
 IPv4Network('10.27.0.0/16'),
 IPv4Network('10.28.0.0/16'),
 IPv4Network('10.29.0.0/16'),
 IPv4Network('10.30.0.0/16'),
 IPv4Network('10.31.0.0/16'),
 IPv4Network('10.32.0.0/16'),
 IPv4Network('10.33.0.0/16'),
 IPv4Network('10.34.0.0/16'),
 IPv4Network('10.35.0.0/16'),
 IPv4Network('10.36.0.0/16'),
 IPv4Network('10.37.0.0/16'),
 IPv4Network('10.38.0.0/16'),
 IPv4Network('10.39.0.0/16'),
 IPv4Network('10.40.0.0/16'),
 IPv4Network('10.41.0.0/16'),
 IPv4Network('10.42.0.0/16'),
 IPv4Network('10.43.0.0/16'),
 IPv4Network('10.44.0.0/16'),
 IPv4Network('10.45.0.0/16'),
 IPv4Network('10.46.0.0/16'),
 IPv4Network('10.47.0.0/16'),
 IPv4Network('10.48.0.0/16'),
 IPv4Network('10.49.0.0/16'),
 IPv4Network('10.50.0.0/16'),
 IPv4Network('10.51.0.0/16'),
 IPv4Network('10.52.0.0/16'),
 IPv4Network('10.53.0.0/16'),
 IPv4Network('10.54.0.0/16'),
 IPv4Network('10.55.0.0/16'),
 IPv4Network('10.56.0.0/16'),
 IPv4Network('10.57.0.0/16'),
 IPv4Network('10.58.0.0/16'),
 IPv4Network('10.59.0.0/16'),
 IPv4Network('10.60.0.0/16'),
 IPv4Network('10.61.0.0/16'),
 IPv4Network('10.62.0.0/16'),
 IPv4Network('10.63.0.0/16'),
 IPv4Network('10.64.0.0/16'),
 IPv4Network('10.65.0.0/16'),
 IPv4Network('10.66.0.0/16'),
 IPv4Network('10.67.0.0/16'),
 IPv4Network('10.68.0.0/16'),
 IPv4Network('10.69.0.0/16'),
 IPv4Network('10.70.0.0/16'),
 IPv4Network('10.71.0.0/16'),
 IPv4Network('10.72.0.0/16'),
 IPv4Network('10.73.0.0/16'),
 IPv4Network('10.74.0.0/16'),
 IPv4Network('10.75.0.0/16'),
 IPv4Network('10.76.0.0/16'),
 IPv4Network('10.77.0.0/16'),
 IPv4Network('10.78.0.0/16'),
 IPv4Network('10.79.0.0/16'),
 IPv4Network('10.80.0.0/16'),
 IPv4Network('10.81.0.0/16'),
 IPv4Network('10.82.0.0/16'),
 IPv4Network('10.83.0.0/16'),
 IPv4Network('10.84.0.0/16'),
 IPv4Network('10.85.0.0/16'),
 IPv4Network('10.86.0.0/16'),
 IPv4Network('10.87.0.0/16'),
 IPv4Network('10.88.0.0/16'),
 IPv4Network('10.89.0.0/16'),
 IPv4Network('10.90.0.0/16'),
 IPv4Network('10.91.0.0/16'),
 IPv4Network('10.92.0.0/16'),
 IPv4Network('10.93.0.0/16'),
 IPv4Network('10.94.0.0/16'),
 IPv4Network('10.95.0.0/16'),
 IPv4Network('10.96.0.0/16'),
 IPv4Network('10.97.0.0/16'),
 IPv4Network('10.98.0.0/16'),
 IPv4Network('10.99.0.0/16'),
 IPv4Network('10.100.0.0/16'),
 IPv4Network('10.101.0.0/16'),
 IPv4Network('10.102.0.0/16'),
 IPv4Network('10.103.0.0/16'),
 IPv4Network('10.104.0.0/16'),
 IPv4Network('10.105.0.0/16'),
 IPv4Network('10.106.0.0/16'),
 IPv4Network('10.107.0.0/16'),
 IPv4Network('10.108.0.0/16'),
 IPv4Network('10.109.0.0/16'),
 IPv4Network('10.110.0.0/16'),
 IPv4Network('10.111.0.0/16'),
 IPv4Network('10.112.0.0/16'),
 IPv4Network('10.113.0.0/16'),
 IPv4Network('10.114.0.0/16'),
 IPv4Network('10.115.0.0/16'),
 IPv4Network('10.116.0.0/16'),
 IPv4Network('10.117.0.0/16'),
 IPv4Network('10.118.0.0/16'),
 IPv4Network('10.119.0.0/16'),
 IPv4Network('10.120.0.0/16'),
 IPv4Network('10.121.0.0/16'),
 IPv4Network('10.122.0.0/16'),
 IPv4Network('10.123.0.0/16'),
 IPv4Network('10.124.0.0/16'),
 IPv4Network('10.125.0.0/16'),
 IPv4Network('10.126.0.0/16'),
 IPv4Network('10.127.0.0/16'),
 IPv4Network('10.128.0.0/16'),
 IPv4Network('10.129.0.0/16'),
 IPv4Network('10.130.0.0/16'),
 IPv4Network('10.131.0.0/16'),
 IPv4Network('10.132.0.0/16'),
 IPv4Network('10.133.0.0/16'),
 IPv4Network('10.134.0.0/16'),
 IPv4Network('10.135.0.0/16'),
 IPv4Network('10.136.0.0/16'),
 IPv4Network('10.137.0.0/16'),
 IPv4Network('10.138.0.0/16'),
 IPv4Network('10.139.0.0/16'),
 IPv4Network('10.140.0.0/16'),
 IPv4Network('10.141.0.0/16'),
 IPv4Network('10.142.0.0/16'),
 IPv4Network('10.143.0.0/16'),
 IPv4Network('10.144.0.0/16'),
 IPv4Network('10.145.0.0/16'),
 IPv4Network('10.146.0.0/16'),
 IPv4Network('10.147.0.0/16'),
 IPv4Network('10.148.0.0/16'),
 IPv4Network('10.149.0.0/16'),
 IPv4Network('10.150.0.0/16'),
 IPv4Network('10.151.0.0/16'),
 IPv4Network('10.152.0.0/16'),
 IPv4Network('10.153.0.0/16'),
 IPv4Network('10.154.0.0/16'),
 IPv4Network('10.155.0.0/16'),
 IPv4Network('10.156.0.0/16'),
 IPv4Network('10.157.0.0/16'),
 IPv4Network('10.158.0.0/16'),
 IPv4Network('10.159.0.0/16'),
 IPv4Network('10.160.0.0/16'),
 IPv4Network('10.161.0.0/16'),
 IPv4Network('10.162.0.0/16'),
 IPv4Network('10.163.0.0/16'),
 IPv4Network('10.164.0.0/16'),
 IPv4Network('10.165.0.0/16'),
 IPv4Network('10.166.0.0/16'),
 IPv4Network('10.167.0.0/16'),
 IPv4Network('10.168.0.0/16'),
 IPv4Network('10.169.0.0/16'),
 IPv4Network('10.170.0.0/16'),
 IPv4Network('10.171.0.0/16'),
 IPv4Network('10.172.0.0/16'),
 IPv4Network('10.173.0.0/16'),
 IPv4Network('10.174.0.0/16'),
 IPv4Network('10.175.0.0/16'),
 IPv4Network('10.176.0.0/16'),
 IPv4Network('10.177.0.0/16'),
 IPv4Network('10.178.0.0/16'),
 IPv4Network('10.179.0.0/16'),
 IPv4Network('10.180.0.0/16'),
 IPv4Network('10.181.0.0/16'),
 IPv4Network('10.182.0.0/16'),
 IPv4Network('10.183.0.0/16'),
 IPv4Network('10.184.0.0/16'),
 IPv4Network('10.185.0.0/16'),
 IPv4Network('10.186.0.0/16'),
 IPv4Network('10.187.0.0/16'),
 IPv4Network('10.188.0.0/16'),
 IPv4Network('10.189.0.0/16'),
 IPv4Network('10.190.0.0/16'),
 IPv4Network('10.191.0.0/16'),
 IPv4Network('10.192.0.0/16'),
 IPv4Network('10.193.0.0/16'),
 IPv4Network('10.194.0.0/16'),
 IPv4Network('10.195.0.0/16'),
 IPv4Network('10.196.0.0/16'),
 IPv4Network('10.197.0.0/16'),
 IPv4Network('10.198.0.0/16'),
 IPv4Network('10.199.0.0/16'),
 IPv4Network('10.200.0.0/16'),
 IPv4Network('10.201.0.0/16'),
 IPv4Network('10.202.0.0/16'),
 IPv4Network('10.203.0.0/16'),
 IPv4Network('10.204.0.0/16'),
 IPv4Network('10.205.0.0/16'),
 IPv4Network('10.206.0.0/16'),
 IPv4Network('10.207.0.0/16'),
 IPv4Network('10.208.0.0/16'),
 IPv4Network('10.209.0.0/16'),
 IPv4Network('10.210.0.0/16'),
 IPv4Network('10.211.0.0/16'),
 IPv4Network('10.212.0.0/16'),
 IPv4Network('10.213.0.0/16'),
 IPv4Network('10.214.0.0/16'),
 IPv4Network('10.215.0.0/16'),
 IPv4Network('10.216.0.0/16'),
 IPv4Network('10.217.0.0/16'),
 IPv4Network('10.218.0.0/16'),
 IPv4Network('10.219.0.0/16'),
 IPv4Network('10.220.0.0/16'),
 IPv4Network('10.221.0.0/16'),
 IPv4Network('10.222.0.0/16'),
 IPv4Network('10.223.0.0/16')]
[IPv4Network('10.0.0.0/8'),
 IPv4Network('129.79.0.0/16'),
 IPv4Network('134.68.0.0/16'),
 IPv4Network('140.182.0.0/16'),
 IPv4Network('149.159.0.0/16'),
 IPv4Network('149.160.0.0/14'),
 IPv4Network('156.56.0.0/16'),
 IPv4Network('172.16.0.0/12'),
 IPv4Network('192.168.0.0/24'),
 IPv6Network('::/128'),
 IPv4Network('10.0.0.0/16'),
 IPv4Network('10.1.0.0/16'),
 IPv4Network('10.2.0.0/16'),
 IPv4Network('10.3.0.0/16'),
 IPv4Network('10.4.0.0/16'),
 IPv4Network('10.5.0.0/16'),
 IPv4Network('10.6.0.0/16'),
 IPv4Network('10.7.0.0/16'),
 IPv4Network('10.8.0.0/16'),
 IPv4Network('10.9.0.0/16'),
 IPv4Network('10.10.0.0/16'),
 IPv4Network('10.11.0.0/16'),
 IPv4Network('10.12.0.0/16'),
 IPv4Network('10.13.0.0/16'),
 IPv4Network('10.14.0.0/16'),
 IPv4Network('10.15.0.0/16'),
 IPv4Network('10.16.0.0/16'),
 IPv4Network('10.17.0.0/16'),
 IPv4Network('10.18.0.0/16'),
 IPv4Network('10.19.0.0/16'),
 IPv4Network('10.20.0.0/16'),
 IPv4Network('10.21.0.0/16'),
 IPv4Network('10.22.0.0/16'),
 IPv4Network('10.23.0.0/16'),
 IPv4Network('10.24.0.0/16'),
 IPv4Network('10.25.0.0/16'),
 IPv4Network('10.26.0.0/16'),
 IPv4Network('10.27.0.0/16'),
 IPv4Network('10.28.0.0/16'),
 IPv4Network('10.29.0.0/16'),
 IPv4Network('10.30.0.0/16'),
 IPv4Network('10.31.0.0/16'),
 IPv4Network('10.32.0.0/16'),
 IPv4Network('10.33.0.0/16'),
 IPv4Network('10.34.0.0/16'),
 IPv4Network('10.35.0.0/16'),
 IPv4Network('10.36.0.0/16'),
 IPv4Network('10.37.0.0/16'),
 IPv4Network('10.38.0.0/16'),
 IPv4Network('10.39.0.0/16'),
 IPv4Network('10.40.0.0/16'),
 IPv4Network('10.41.0.0/16'),
 IPv4Network('10.42.0.0/16'),
 IPv4Network('10.43.0.0/16'),
 IPv4Network('10.44.0.0/16'),
 IPv4Network('10.45.0.0/16'),
 IPv4Network('10.46.0.0/16'),
 IPv4Network('10.47.0.0/16'),
 IPv4Network('10.48.0.0/16'),
 IPv4Network('10.49.0.0/16'),
 IPv4Network('10.50.0.0/16'),
 IPv4Network('10.51.0.0/16'),
 IPv4Network('10.52.0.0/16'),
 IPv4Network('10.53.0.0/16'),
 IPv4Network('10.54.0.0/16'),
 IPv4Network('10.55.0.0/16'),
 IPv4Network('10.56.0.0/16'),
 IPv4Network('10.57.0.0/16'),
 IPv4Network('10.58.0.0/16'),
 IPv4Network('10.59.0.0/16'),
 IPv4Network('10.60.0.0/16'),
 IPv4Network('10.61.0.0/16'),
 IPv4Network('10.62.0.0/16'),
 IPv4Network('10.63.0.0/16'),
 IPv4Network('10.64.0.0/16'),
 IPv4Network('10.65.0.0/16'),
 IPv4Network('10.66.0.0/16'),
 IPv4Network('10.67.0.0/16'),
 IPv4Network('10.68.0.0/16'),
 IPv4Network('10.69.0.0/16'),
 IPv4Network('10.70.0.0/16'),
 IPv4Network('10.71.0.0/16'),
 IPv4Network('10.72.0.0/16'),
 IPv4Network('10.73.0.0/16'),
 IPv4Network('10.74.0.0/16'),
 IPv4Network('10.75.0.0/16'),
 IPv4Network('10.76.0.0/16'),
 IPv4Network('10.77.0.0/16'),
 IPv4Network('10.78.0.0/16'),
 IPv4Network('10.79.0.0/16'),
 IPv4Network('10.80.0.0/16'),
 IPv4Network('10.81.0.0/16'),
 IPv4Network('10.82.0.0/16'),
 IPv4Network('10.83.0.0/16'),
 IPv4Network('10.84.0.0/16'),
 IPv4Network('10.85.0.0/16'),
 IPv4Network('10.86.0.0/16'),
 IPv4Network('10.87.0.0/16'),
 IPv4Network('10.88.0.0/16'),
 IPv4Network('10.89.0.0/16'),
 IPv4Network('10.90.0.0/16'),
 IPv4Network('10.91.0.0/16'),
 IPv4Network('10.92.0.0/16'),
 IPv4Network('10.93.0.0/16'),
 IPv4Network('10.94.0.0/16'),
 IPv4Network('10.95.0.0/16'),
 IPv4Network('10.96.0.0/16'),
 IPv4Network('10.97.0.0/16'),
 IPv4Network('10.98.0.0/16'),
 IPv4Network('10.99.0.0/16'),
 IPv4Network('10.100.0.0/16'),
 IPv4Network('10.101.0.0/16'),
 IPv4Network('10.102.0.0/16'),
 IPv4Network('10.103.0.0/16'),
 IPv4Network('10.104.0.0/16'),
 IPv4Network('10.105.0.0/16'),
 IPv4Network('10.106.0.0/16'),
 IPv4Network('10.107.0.0/16'),
 IPv4Network('10.108.0.0/16'),
 IPv4Network('10.109.0.0/16'),
 IPv4Network('10.110.0.0/16'),
 IPv4Network('10.111.0.0/16'),
 IPv4Network('10.112.0.0/16'),
 IPv4Network('10.113.0.0/16'),
 IPv4Network('10.114.0.0/16'),
 IPv4Network('10.115.0.0/16'),
 IPv4Network('10.116.0.0/16'),
 IPv4Network('10.117.0.0/16'),
 IPv4Network('10.118.0.0/16'),
 IPv4Network('10.119.0.0/16'),
 IPv4Network('10.120.0.0/16'),
 IPv4Network('10.121.0.0/16'),
 IPv4Network('10.122.0.0/16'),
 IPv4Network('10.123.0.0/16'),
 IPv4Network('10.124.0.0/16'),
 IPv4Network('10.125.0.0/16'),
 IPv4Network('10.126.0.0/16'),
 IPv4Network('10.127.0.0/16'),
 IPv4Network('10.128.0.0/16'),
 IPv4Network('10.129.0.0/16'),
 IPv4Network('10.130.0.0/16'),
 IPv4Network('10.131.0.0/16'),
 IPv4Network('10.132.0.0/16'),
 IPv4Network('10.133.0.0/16'),
 IPv4Network('10.134.0.0/16'),
 IPv4Network('10.135.0.0/16'),
 IPv4Network('10.136.0.0/16'),
 IPv4Network('10.137.0.0/16'),
 IPv4Network('10.138.0.0/16'),
 IPv4Network('10.139.0.0/16'),
 IPv4Network('10.140.0.0/16'),
 IPv4Network('10.141.0.0/16'),
 IPv4Network('10.142.0.0/16'),
 IPv4Network('10.143.0.0/16'),
 IPv4Network('10.144.0.0/16'),
 IPv4Network('10.145.0.0/16'),
 IPv4Network('10.146.0.0/16'),
 IPv4Network('10.147.0.0/16'),
 IPv4Network('10.148.0.0/16'),
 IPv4Network('10.149.0.0/16'),
 IPv4Network('10.150.0.0/16'),
 IPv4Network('10.151.0.0/16'),
 IPv4Network('10.152.0.0/16'),
 IPv4Network('10.153.0.0/16'),
 IPv4Network('10.154.0.0/16'),
 IPv4Network('10.155.0.0/16'),
 IPv4Network('10.156.0.0/16'),
 IPv4Network('10.157.0.0/16'),
 IPv4Network('10.158.0.0/16'),
 IPv4Network('10.159.0.0/16'),
 IPv4Network('10.160.0.0/16'),
 IPv4Network('10.161.0.0/16'),
 IPv4Network('10.162.0.0/16'),
 IPv4Network('10.163.0.0/16'),
 IPv4Network('10.164.0.0/16'),
 IPv4Network('10.165.0.0/16'),
 IPv4Network('10.166.0.0/16'),
 IPv4Network('10.167.0.0/16'),
 IPv4Network('10.168.0.0/16'),
 IPv4Network('10.169.0.0/16'),
 IPv4Network('10.170.0.0/16'),
 IPv4Network('10.171.0.0/16'),
 IPv4Network('10.172.0.0/16'),
 IPv4Network('10.173.0.0/16'),
 IPv4Network('10.174.0.0/16'),
 IPv4Network('10.175.0.0/16'),
 IPv4Network('10.176.0.0/16'),
 IPv4Network('10.177.0.0/16'),
 IPv4Network('10.178.0.0/16'),
 IPv4Network('10.179.0.0/16'),
 IPv4Network('10.180.0.0/16'),
 IPv4Network('10.181.0.0/16'),
 IPv4Network('10.182.0.0/16'),
 IPv4Network('10.183.0.0/16'),
 IPv4Network('10.184.0.0/16'),
 IPv4Network('10.185.0.0/16'),
 IPv4Network('10.186.0.0/16'),
 IPv4Network('10.187.0.0/16'),
 IPv4Network('10.188.0.0/16'),
 IPv4Network('10.189.0.0/16'),
 IPv4Network('10.190.0.0/16'),
 IPv4Network('10.191.0.0/16'),
 IPv4Network('10.192.0.0/16'),
 IPv4Network('10.193.0.0/16'),
 IPv4Network('10.194.0.0/16'),
 IPv4Network('10.195.0.0/16'),
 IPv4Network('10.196.0.0/16'),
 IPv4Network('10.197.0.0/16'),
 IPv4Network('10.198.0.0/16'),
 IPv4Network('10.199.0.0/16'),
 IPv4Network('10.200.0.0/16'),
 IPv4Network('10.201.0.0/16'),
 IPv4Network('10.202.0.0/16'),
 IPv4Network('10.203.0.0/16'),
 IPv4Network('10.204.0.0/16'),
 IPv4Network('10.205.0.0/16'),
 IPv4Network('10.206.0.0/16'),
 IPv4Network('10.207.0.0/16'),
 IPv4Network('10.208.0.0/16'),
 IPv4Network('10.209.0.0/16'),
 IPv4Network('10.210.0.0/16'),
 IPv4Network('10.211.0.0/16'),
 IPv4Network('10.212.0.0/16'),
 IPv4Network('10.213.0.0/16'),
 IPv4Network('10.214.0.0/16'),
 IPv4Network('10.215.0.0/16'),
 IPv4Network('10.216.0.0/16'),
 IPv4Network('10.217.0.0/16'),
 IPv4Network('10.218.0.0/16'),
 IPv4Network('10.219.0.0/16'),
 IPv4Network('10.220.0.0/16'),
 IPv4Network('10.221.0.0/16'),
 IPv4Network('10.222.0.0/16'),
 IPv4Network('10.223.0.0/16'),
 IPv4Network('10.224.0.0/16'),
 IPv4Network('10.225.0.0/16')]
[IPv4Network('10.0.0.0/8'),
 IPv4Network('129.79.0.0/16'),
 IPv4Network('134.68.0.0/16'),
 IPv4Network('140.182.0.0/16'),
 IPv4Network('149.159.0.0/16'),
 IPv4Network('149.160.0.0/14'),
 IPv4Network('156.56.0.0/16'),
 IPv4Network('172.16.0.0/12'),
 IPv4Network('192.168.0.0/24'),
 IPv6Network('::/128'),
 IPv4Network('10.0.0.0/16'),
 IPv4Network('10.1.0.0/16'),
 IPv4Network('10.2.0.0/16'),
 IPv4Network('10.3.0.0/16'),
 IPv4Network('10.4.0.0/16'),
 IPv4Network('10.5.0.0/16'),
 IPv4Network('10.6.0.0/16'),
 IPv4Network('10.7.0.0/16'),
 IPv4Network('10.8.0.0/16'),
 IPv4Network('10.9.0.0/16'),
 IPv4Network('10.10.0.0/16'),
 IPv4Network('10.11.0.0/16'),
 IPv4Network('10.12.0.0/16'),
 IPv4Network('10.13.0.0/16'),
 IPv4Network('10.14.0.0/16'),
 IPv4Network('10.15.0.0/16'),
 IPv4Network('10.16.0.0/16'),
 IPv4Network('10.17.0.0/16'),
 IPv4Network('10.18.0.0/16'),
 IPv4Network('10.19.0.0/16'),
 IPv4Network('10.20.0.0/16'),
 IPv4Network('10.21.0.0/16'),
 IPv4Network('10.22.0.0/16'),
 IPv4Network('10.23.0.0/16'),
 IPv4Network('10.24.0.0/16'),
 IPv4Network('10.25.0.0/16'),
 IPv4Network('10.26.0.0/16'),
 IPv4Network('10.27.0.0/16'),
 IPv4Network('10.28.0.0/16'),
 IPv4Network('10.29.0.0/16'),
 IPv4Network('10.30.0.0/16'),
 IPv4Network('10.31.0.0/16'),
 IPv4Network('10.32.0.0/16'),
 IPv4Network('10.33.0.0/16'),
 IPv4Network('10.34.0.0/16'),
 IPv4Network('10.35.0.0/16'),
 IPv4Network('10.36.0.0/16'),
 IPv4Network('10.37.0.0/16'),
 IPv4Network('10.38.0.0/16'),
 IPv4Network('10.39.0.0/16'),
 IPv4Network('10.40.0.0/16'),
 IPv4Network('10.41.0.0/16'),
 IPv4Network('10.42.0.0/16'),
 IPv4Network('10.43.0.0/16'),
 IPv4Network('10.44.0.0/16'),
 IPv4Network('10.45.0.0/16'),
 IPv4Network('10.46.0.0/16'),
 IPv4Network('10.47.0.0/16'),
 IPv4Network('10.48.0.0/16'),
 IPv4Network('10.49.0.0/16'),
 IPv4Network('10.50.0.0/16'),
 IPv4Network('10.51.0.0/16'),
 IPv4Network('10.52.0.0/16'),
 IPv4Network('10.53.0.0/16'),
 IPv4Network('10.54.0.0/16'),
 IPv4Network('10.55.0.0/16'),
 IPv4Network('10.56.0.0/16'),
 IPv4Network('10.57.0.0/16'),
 IPv4Network('10.58.0.0/16'),
 IPv4Network('10.59.0.0/16'),
 IPv4Network('10.60.0.0/16'),
 IPv4Network('10.61.0.0/16'),
 IPv4Network('10.62.0.0/16'),
 IPv4Network('10.63.0.0/16'),
 IPv4Network('10.64.0.0/16'),
 IPv4Network('10.65.0.0/16'),
 IPv4Network('10.66.0.0/16'),
 IPv4Network('10.67.0.0/16'),
 IPv4Network('10.68.0.0/16'),
 IPv4Network('10.69.0.0/16'),
 IPv4Network('10.70.0.0/16'),
 IPv4Network('10.71.0.0/16'),
 IPv4Network('10.72.0.0/16'),
 IPv4Network('10.73.0.0/16'),
 IPv4Network('10.74.0.0/16'),
 IPv4Network('10.75.0.0/16'),
 IPv4Network('10.76.0.0/16'),
 IPv4Network('10.77.0.0/16'),
 IPv4Network('10.78.0.0/16'),
 IPv4Network('10.79.0.0/16'),
 IPv4Network('10.80.0.0/16'),
 IPv4Network('10.81.0.0/16'),
 IPv4Network('10.82.0.0/16'),
 IPv4Network('10.83.0.0/16'),
 IPv4Network('10.84.0.0/16'),
 IPv4Network('10.85.0.0/16'),
 IPv4Network('10.86.0.0/16'),
 IPv4Network('10.87.0.0/16'),
 IPv4Network('10.88.0.0/16'),
 IPv4Network('10.89.0.0/16'),
 IPv4Network('10.90.0.0/16'),
 IPv4Network('10.91.0.0/16'),
 IPv4Network('10.92.0.0/16'),
 IPv4Network('10.93.0.0/16'),
 IPv4Network('10.94.0.0/16'),
 IPv4Network('10.95.0.0/16'),
 IPv4Network('10.96.0.0/16'),
 IPv4Network('10.97.0.0/16'),
 IPv4Network('10.98.0.0/16'),
 IPv4Network('10.99.0.0/16'),
 IPv4Network('10.100.0.0/16'),
 IPv4Network('10.101.0.0/16'),
 IPv4Network('10.102.0.0/16'),
 IPv4Network('10.103.0.0/16'),
 IPv4Network('10.104.0.0/16'),
 IPv4Network('10.105.0.0/16'),
 IPv4Network('10.106.0.0/16'),
 IPv4Network('10.107.0.0/16'),
 IPv4Network('10.108.0.0/16'),
 IPv4Network('10.109.0.0/16'),
 IPv4Network('10.110.0.0/16'),
 IPv4Network('10.111.0.0/16'),
 IPv4Network('10.112.0.0/16'),
 IPv4Network('10.113.0.0/16'),
 IPv4Network('10.114.0.0/16'),
 IPv4Network('10.115.0.0/16'),
 IPv4Network('10.116.0.0/16'),
 IPv4Network('10.117.0.0/16'),
 IPv4Network('10.118.0.0/16'),
 IPv4Network('10.119.0.0/16'),
 IPv4Network('10.120.0.0/16'),
 IPv4Network('10.121.0.0/16'),
 IPv4Network('10.122.0.0/16'),
 IPv4Network('10.123.0.0/16'),
 IPv4Network('10.124.0.0/16'),
 IPv4Network('10.125.0.0/16'),
 IPv4Network('10.126.0.0/16'),
 IPv4Network('10.127.0.0/16'),
 IPv4Network('10.128.0.0/16'),
 IPv4Network('10.129.0.0/16'),
 IPv4Network('10.130.0.0/16'),
 IPv4Network('10.131.0.0/16'),
 IPv4Network('10.132.0.0/16'),
 IPv4Network('10.133.0.0/16'),
 IPv4Network('10.134.0.0/16'),
 IPv4Network('10.135.0.0/16'),
 IPv4Network('10.136.0.0/16'),
 IPv4Network('10.137.0.0/16'),
 IPv4Network('10.138.0.0/16'),
 IPv4Network('10.139.0.0/16'),
 IPv4Network('10.140.0.0/16'),
 IPv4Network('10.141.0.0/16'),
 IPv4Network('10.142.0.0/16'),
 IPv4Network('10.143.0.0/16'),
 IPv4Network('10.144.0.0/16'),
 IPv4Network('10.145.0.0/16'),
 IPv4Network('10.146.0.0/16'),
 IPv4Network('10.147.0.0/16'),
 IPv4Network('10.148.0.0/16'),
 IPv4Network('10.149.0.0/16'),
 IPv4Network('10.150.0.0/16'),
 IPv4Network('10.151.0.0/16'),
 IPv4Network('10.152.0.0/16'),
 IPv4Network('10.153.0.0/16'),
 IPv4Network('10.154.0.0/16'),
 IPv4Network('10.155.0.0/16'),
 IPv4Network('10.156.0.0/16'),
 IPv4Network('10.157.0.0/16'),
 IPv4Network('10.158.0.0/16'),
 IPv4Network('10.159.0.0/16'),
 IPv4Network('10.160.0.0/16'),
 IPv4Network('10.161.0.0/16'),
 IPv4Network('10.162.0.0/16'),
 IPv4Network('10.163.0.0/16'),
 IPv4Network('10.164.0.0/16'),
 IPv4Network('10.165.0.0/16'),
 IPv4Network('10.166.0.0/16'),
 IPv4Network('10.167.0.0/16'),
 IPv4Network('10.168.0.0/16'),
 IPv4Network('10.169.0.0/16'),
 IPv4Network('10.170.0.0/16'),
 IPv4Network('10.171.0.0/16'),
 IPv4Network('10.172.0.0/16'),
 IPv4Network('10.173.0.0/16'),
 IPv4Network('10.174.0.0/16'),
 IPv4Network('10.175.0.0/16'),
 IPv4Network('10.176.0.0/16'),
 IPv4Network('10.177.0.0/16'),
 IPv4Network('10.178.0.0/16'),
 IPv4Network('10.179.0.0/16'),
 IPv4Network('10.180.0.0/16'),
 IPv4Network('10.181.0.0/16'),
 IPv4Network('10.182.0.0/16'),
 IPv4Network('10.183.0.0/16'),
 IPv4Network('10.184.0.0/16'),
 IPv4Network('10.185.0.0/16'),
 IPv4Network('10.186.0.0/16'),
 IPv4Network('10.187.0.0/16'),
 IPv4Network('10.188.0.0/16'),
 IPv4Network('10.189.0.0/16'),
 IPv4Network('10.190.0.0/16'),
 IPv4Network('10.191.0.0/16'),
 IPv4Network('10.192.0.0/16'),
 IPv4Network('10.193.0.0/16'),
 IPv4Network('10.194.0.0/16'),
 IPv4Network('10.195.0.0/16'),
 IPv4Network('10.196.0.0/16'),
 IPv4Network('10.197.0.0/16'),
 IPv4Network('10.198.0.0/16'),
 IPv4Network('10.199.0.0/16'),
 IPv4Network('10.200.0.0/16'),
 IPv4Network('10.201.0.0/16'),
 IPv4Network('10.202.0.0/16'),
 IPv4Network('10.203.0.0/16'),
 IPv4Network('10.204.0.0/16'),
 IPv4Network('10.205.0.0/16'),
 IPv4Network('10.206.0.0/16'),
 IPv4Network('10.207.0.0/16'),
 IPv4Network('10.208.0.0/16'),
 IPv4Network('10.209.0.0/16'),
 IPv4Network('10.210.0.0/16'),
 IPv4Network('10.211.0.0/16'),
 IPv4Network('10.212.0.0/16'),
 IPv4Network('10.213.0.0/16'),
 IPv4Network('10.214.0.0/16'),
 IPv4Network('10.215.0.0/16'),
 IPv4Network('10.216.0.0/16'),
 IPv4Network('10.217.0.0/16'),
 IPv4Network('10.218.0.0/16'),
 IPv4Network('10.219.0.0/16'),
 IPv4Network('10.220.0.0/16'),
 IPv4Network('10.221.0.0/16'),
 IPv4Network('10.222.0.0/16'),
 IPv4Network('10.223.0.0/16'),
 IPv4Network('10.224.0.0/16'),
 IPv4Network('10.225.0.0/16'),
 IPv4Network('10.226.0.0/16'),
 IPv4Network('10.227.0.0/16')]
[IPv4Network('10.0.0.0/8'),
 IPv4Network('129.79.0.0/16'),
 IPv4Network('134.68.0.0/16'),
 IPv4Network('140.182.0.0/16'),
 IPv4Network('149.159.0.0/16'),
 IPv4Network('149.160.0.0/14'),
 IPv4Network('156.56.0.0/16'),
 IPv4Network('172.16.0.0/12'),
 IPv4Network('192.168.0.0/24'),
 IPv6Network('::/128'),
 IPv4Network('10.0.0.0/16'),
 IPv4Network('10.1.0.0/16'),
 IPv4Network('10.2.0.0/16'),
 IPv4Network('10.3.0.0/16'),
 IPv4Network('10.4.0.0/16'),
 IPv4Network('10.5.0.0/16'),
 IPv4Network('10.6.0.0/16'),
 IPv4Network('10.7.0.0/16'),
 IPv4Network('10.8.0.0/16'),
 IPv4Network('10.9.0.0/16'),
 IPv4Network('10.10.0.0/16'),
 IPv4Network('10.11.0.0/16'),
 IPv4Network('10.12.0.0/16'),
 IPv4Network('10.13.0.0/16'),
 IPv4Network('10.14.0.0/16'),
 IPv4Network('10.15.0.0/16'),
 IPv4Network('10.16.0.0/16'),
 IPv4Network('10.17.0.0/16'),
 IPv4Network('10.18.0.0/16'),
 IPv4Network('10.19.0.0/16'),
 IPv4Network('10.20.0.0/16'),
 IPv4Network('10.21.0.0/16'),
 IPv4Network('10.22.0.0/16'),
 IPv4Network('10.23.0.0/16'),
 IPv4Network('10.24.0.0/16'),
 IPv4Network('10.25.0.0/16'),
 IPv4Network('10.26.0.0/16'),
 IPv4Network('10.27.0.0/16'),
 IPv4Network('10.28.0.0/16'),
 IPv4Network('10.29.0.0/16'),
 IPv4Network('10.30.0.0/16'),
 IPv4Network('10.31.0.0/16'),
 IPv4Network('10.32.0.0/16'),
 IPv4Network('10.33.0.0/16'),
 IPv4Network('10.34.0.0/16'),
 IPv4Network('10.35.0.0/16'),
 IPv4Network('10.36.0.0/16'),
 IPv4Network('10.37.0.0/16'),
 IPv4Network('10.38.0.0/16'),
 IPv4Network('10.39.0.0/16'),
 IPv4Network('10.40.0.0/16'),
 IPv4Network('10.41.0.0/16'),
 IPv4Network('10.42.0.0/16'),
 IPv4Network('10.43.0.0/16'),
 IPv4Network('10.44.0.0/16'),
 IPv4Network('10.45.0.0/16'),
 IPv4Network('10.46.0.0/16'),
 IPv4Network('10.47.0.0/16'),
 IPv4Network('10.48.0.0/16'),
 IPv4Network('10.49.0.0/16'),
 IPv4Network('10.50.0.0/16'),
 IPv4Network('10.51.0.0/16'),
 IPv4Network('10.52.0.0/16'),
 IPv4Network('10.53.0.0/16'),
 IPv4Network('10.54.0.0/16'),
 IPv4Network('10.55.0.0/16'),
 IPv4Network('10.56.0.0/16'),
 IPv4Network('10.57.0.0/16'),
 IPv4Network('10.58.0.0/16'),
 IPv4Network('10.59.0.0/16'),
 IPv4Network('10.60.0.0/16'),
 IPv4Network('10.61.0.0/16'),
 IPv4Network('10.62.0.0/16'),
 IPv4Network('10.63.0.0/16'),
 IPv4Network('10.64.0.0/16'),
 IPv4Network('10.65.0.0/16'),
 IPv4Network('10.66.0.0/16'),
 IPv4Network('10.67.0.0/16'),
 IPv4Network('10.68.0.0/16'),
 IPv4Network('10.69.0.0/16'),
 IPv4Network('10.70.0.0/16'),
 IPv4Network('10.71.0.0/16'),
 IPv4Network('10.72.0.0/16'),
 IPv4Network('10.73.0.0/16'),
 IPv4Network('10.74.0.0/16'),
 IPv4Network('10.75.0.0/16'),
 IPv4Network('10.76.0.0/16'),
 IPv4Network('10.77.0.0/16'),
 IPv4Network('10.78.0.0/16'),
 IPv4Network('10.79.0.0/16'),
 IPv4Network('10.80.0.0/16'),
 IPv4Network('10.81.0.0/16'),
 IPv4Network('10.82.0.0/16'),
 IPv4Network('10.83.0.0/16'),
 IPv4Network('10.84.0.0/16'),
 IPv4Network('10.85.0.0/16'),
 IPv4Network('10.86.0.0/16'),
 IPv4Network('10.87.0.0/16'),
 IPv4Network('10.88.0.0/16'),
 IPv4Network('10.89.0.0/16'),
 IPv4Network('10.90.0.0/16'),
 IPv4Network('10.91.0.0/16'),
 IPv4Network('10.92.0.0/16'),
 IPv4Network('10.93.0.0/16'),
 IPv4Network('10.94.0.0/16'),
 IPv4Network('10.95.0.0/16'),
 IPv4Network('10.96.0.0/16'),
 IPv4Network('10.97.0.0/16'),
 IPv4Network('10.98.0.0/16'),
 IPv4Network('10.99.0.0/16'),
 IPv4Network('10.100.0.0/16'),
 IPv4Network('10.101.0.0/16'),
 IPv4Network('10.102.0.0/16'),
 IPv4Network('10.103.0.0/16'),
 IPv4Network('10.104.0.0/16'),
 IPv4Network('10.105.0.0/16'),
 IPv4Network('10.106.0.0/16'),
 IPv4Network('10.107.0.0/16'),
 IPv4Network('10.108.0.0/16'),
 IPv4Network('10.109.0.0/16'),
 IPv4Network('10.110.0.0/16'),
 IPv4Network('10.111.0.0/16'),
 IPv4Network('10.112.0.0/16'),
 IPv4Network('10.113.0.0/16'),
 IPv4Network('10.114.0.0/16'),
 IPv4Network('10.115.0.0/16'),
 IPv4Network('10.116.0.0/16'),
 IPv4Network('10.117.0.0/16'),
 IPv4Network('10.118.0.0/16'),
 IPv4Network('10.119.0.0/16'),
 IPv4Network('10.120.0.0/16'),
 IPv4Network('10.121.0.0/16'),
 IPv4Network('10.122.0.0/16'),
 IPv4Network('10.123.0.0/16'),
 IPv4Network('10.124.0.0/16'),
 IPv4Network('10.125.0.0/16'),
 IPv4Network('10.126.0.0/16'),
 IPv4Network('10.127.0.0/16'),
 IPv4Network('10.128.0.0/16'),
 IPv4Network('10.129.0.0/16'),
 IPv4Network('10.130.0.0/16'),
 IPv4Network('10.131.0.0/16'),
 IPv4Network('10.132.0.0/16'),
 IPv4Network('10.133.0.0/16'),
 IPv4Network('10.134.0.0/16'),
 IPv4Network('10.135.0.0/16'),
 IPv4Network('10.136.0.0/16'),
 IPv4Network('10.137.0.0/16'),
 IPv4Network('10.138.0.0/16'),
 IPv4Network('10.139.0.0/16'),
 IPv4Network('10.140.0.0/16'),
 IPv4Network('10.141.0.0/16'),
 IPv4Network('10.142.0.0/16'),
 IPv4Network('10.143.0.0/16'),
 IPv4Network('10.144.0.0/16'),
 IPv4Network('10.145.0.0/16'),
 IPv4Network('10.146.0.0/16'),
 IPv4Network('10.147.0.0/16'),
 IPv4Network('10.148.0.0/16'),
 IPv4Network('10.149.0.0/16'),
 IPv4Network('10.150.0.0/16'),
 IPv4Network('10.151.0.0/16'),
 IPv4Network('10.152.0.0/16'),
 IPv4Network('10.153.0.0/16'),
 IPv4Network('10.154.0.0/16'),
 IPv4Network('10.155.0.0/16'),
 IPv4Network('10.156.0.0/16'),
 IPv4Network('10.157.0.0/16'),
 IPv4Network('10.158.0.0/16'),
 IPv4Network('10.159.0.0/16'),
 IPv4Network('10.160.0.0/16'),
 IPv4Network('10.161.0.0/16'),
 IPv4Network('10.162.0.0/16'),
 IPv4Network('10.163.0.0/16'),
 IPv4Network('10.164.0.0/16'),
 IPv4Network('10.165.0.0/16'),
 IPv4Network('10.166.0.0/16'),
 IPv4Network('10.167.0.0/16'),
 IPv4Network('10.168.0.0/16'),
 IPv4Network('10.169.0.0/16'),
 IPv4Network('10.170.0.0/16'),
 IPv4Network('10.171.0.0/16'),
 IPv4Network('10.172.0.0/16'),
 IPv4Network('10.173.0.0/16'),
 IPv4Network('10.174.0.0/16'),
 IPv4Network('10.175.0.0/16'),
 IPv4Network('10.176.0.0/16'),
 IPv4Network('10.177.0.0/16'),
 IPv4Network('10.178.0.0/16'),
 IPv4Network('10.179.0.0/16'),
 IPv4Network('10.180.0.0/16'),
 IPv4Network('10.181.0.0/16'),
 IPv4Network('10.182.0.0/16'),
 IPv4Network('10.183.0.0/16'),
 IPv4Network('10.184.0.0/16'),
 IPv4Network('10.185.0.0/16'),
 IPv4Network('10.186.0.0/16'),
 IPv4Network('10.187.0.0/16'),
 IPv4Network('10.188.0.0/16'),
 IPv4Network('10.189.0.0/16'),
 IPv4Network('10.190.0.0/16'),
 IPv4Network('10.191.0.0/16'),
 IPv4Network('10.192.0.0/16'),
 IPv4Network('10.193.0.0/16'),
 IPv4Network('10.194.0.0/16'),
 IPv4Network('10.195.0.0/16'),
 IPv4Network('10.196.0.0/16'),
 IPv4Network('10.197.0.0/16'),
 IPv4Network('10.198.0.0/16'),
 IPv4Network('10.199.0.0/16'),
 IPv4Network('10.200.0.0/16'),
 IPv4Network('10.201.0.0/16'),
 IPv4Network('10.202.0.0/16'),
 IPv4Network('10.203.0.0/16'),
 IPv4Network('10.204.0.0/16'),
 IPv4Network('10.205.0.0/16'),
 IPv4Network('10.206.0.0/16'),
 IPv4Network('10.207.0.0/16'),
 IPv4Network('10.208.0.0/16'),
 IPv4Network('10.209.0.0/16'),
 IPv4Network('10.210.0.0/16'),
 IPv4Network('10.211.0.0/16'),
 IPv4Network('10.212.0.0/16'),
 IPv4Network('10.213.0.0/16'),
 IPv4Network('10.214.0.0/16'),
 IPv4Network('10.215.0.0/16'),
 IPv4Network('10.216.0.0/16'),
 IPv4Network('10.217.0.0/16'),
 IPv4Network('10.218.0.0/16'),
 IPv4Network('10.219.0.0/16'),
 IPv4Network('10.220.0.0/16'),
 IPv4Network('10.221.0.0/16'),
 IPv4Network('10.222.0.0/16'),
 IPv4Network('10.223.0.0/16'),
 IPv4Network('10.224.0.0/16'),
 IPv4Network('10.225.0.0/16'),
 IPv4Network('10.226.0.0/16'),
 IPv4Network('10.227.0.0/16')]
[IPv4Network('10.0.0.0/8'),
 IPv4Network('129.79.0.0/16'),
 IPv4Network('134.68.0.0/16'),
 IPv4Network('140.182.0.0/16'),
 IPv4Network('149.159.0.0/16'),
 IPv4Network('149.160.0.0/14'),
 IPv4Network('156.56.0.0/16'),
 IPv4Network('172.16.0.0/12'),
 IPv4Network('192.168.0.0/24'),
 IPv6Network('::/128'),
 IPv4Network('10.0.0.0/16'),
 IPv4Network('10.1.0.0/16'),
 IPv4Network('10.2.0.0/16'),
 IPv4Network('10.3.0.0/16'),
 IPv4Network('10.4.0.0/16'),
 IPv4Network('10.5.0.0/16'),
 IPv4Network('10.6.0.0/16'),
 IPv4Network('10.7.0.0/16'),
 IPv4Network('10.8.0.0/16'),
 IPv4Network('10.9.0.0/16'),
 IPv4Network('10.10.0.0/16'),
 IPv4Network('10.11.0.0/16'),
 IPv4Network('10.12.0.0/16'),
 IPv4Network('10.13.0.0/16'),
 IPv4Network('10.14.0.0/16'),
 IPv4Network('10.15.0.0/16'),
 IPv4Network('10.16.0.0/16'),
 IPv4Network('10.17.0.0/16'),
 IPv4Network('10.18.0.0/16'),
 IPv4Network('10.19.0.0/16'),
 IPv4Network('10.20.0.0/16'),
 IPv4Network('10.21.0.0/16'),
 IPv4Network('10.22.0.0/16'),
 IPv4Network('10.23.0.0/16'),
 IPv4Network('10.24.0.0/16'),
 IPv4Network('10.25.0.0/16'),
 IPv4Network('10.26.0.0/16'),
 IPv4Network('10.27.0.0/16'),
 IPv4Network('10.28.0.0/16'),
 IPv4Network('10.29.0.0/16'),
 IPv4Network('10.30.0.0/16'),
 IPv4Network('10.31.0.0/16'),
 IPv4Network('10.32.0.0/16'),
 IPv4Network('10.33.0.0/16'),
 IPv4Network('10.34.0.0/16'),
 IPv4Network('10.35.0.0/16'),
 IPv4Network('10.36.0.0/16'),
 IPv4Network('10.37.0.0/16'),
 IPv4Network('10.38.0.0/16'),
 IPv4Network('10.39.0.0/16'),
 IPv4Network('10.40.0.0/16'),
 IPv4Network('10.41.0.0/16'),
 IPv4Network('10.42.0.0/16'),
 IPv4Network('10.43.0.0/16'),
 IPv4Network('10.44.0.0/16'),
 IPv4Network('10.45.0.0/16'),
 IPv4Network('10.46.0.0/16'),
 IPv4Network('10.47.0.0/16'),
 IPv4Network('10.48.0.0/16'),
 IPv4Network('10.49.0.0/16'),
 IPv4Network('10.50.0.0/16'),
 IPv4Network('10.51.0.0/16'),
 IPv4Network('10.52.0.0/16'),
 IPv4Network('10.53.0.0/16'),
 IPv4Network('10.54.0.0/16'),
 IPv4Network('10.55.0.0/16'),
 IPv4Network('10.56.0.0/16'),
 IPv4Network('10.57.0.0/16'),
 IPv4Network('10.58.0.0/16'),
 IPv4Network('10.59.0.0/16'),
 IPv4Network('10.60.0.0/16'),
 IPv4Network('10.61.0.0/16'),
 IPv4Network('10.62.0.0/16'),
 IPv4Network('10.63.0.0/16'),
 IPv4Network('10.64.0.0/16'),
 IPv4Network('10.65.0.0/16'),
 IPv4Network('10.66.0.0/16'),
 IPv4Network('10.67.0.0/16'),
 IPv4Network('10.68.0.0/16'),
 IPv4Network('10.69.0.0/16'),
 IPv4Network('10.70.0.0/16'),
 IPv4Network('10.71.0.0/16'),
 IPv4Network('10.72.0.0/16'),
 IPv4Network('10.73.0.0/16'),
 IPv4Network('10.74.0.0/16'),
 IPv4Network('10.75.0.0/16'),
 IPv4Network('10.76.0.0/16'),
 IPv4Network('10.77.0.0/16'),
 IPv4Network('10.78.0.0/16'),
 IPv4Network('10.79.0.0/16'),
 IPv4Network('10.80.0.0/16'),
 IPv4Network('10.81.0.0/16'),
 IPv4Network('10.82.0.0/16'),
 IPv4Network('10.83.0.0/16'),
 IPv4Network('10.84.0.0/16'),
 IPv4Network('10.85.0.0/16'),
 IPv4Network('10.86.0.0/16'),
 IPv4Network('10.87.0.0/16'),
 IPv4Network('10.88.0.0/16'),
 IPv4Network('10.89.0.0/16'),
 IPv4Network('10.90.0.0/16'),
 IPv4Network('10.91.0.0/16'),
 IPv4Network('10.92.0.0/16'),
 IPv4Network('10.93.0.0/16'),
 IPv4Network('10.94.0.0/16'),
 IPv4Network('10.95.0.0/16'),
 IPv4Network('10.96.0.0/16'),
 IPv4Network('10.97.0.0/16'),
 IPv4Network('10.98.0.0/16'),
 IPv4Network('10.99.0.0/16'),
 IPv4Network('10.100.0.0/16'),
 IPv4Network('10.101.0.0/16'),
 IPv4Network('10.102.0.0/16'),
 IPv4Network('10.103.0.0/16'),
 IPv4Network('10.104.0.0/16'),
 IPv4Network('10.105.0.0/16'),
 IPv4Network('10.106.0.0/16'),
 IPv4Network('10.107.0.0/16'),
 IPv4Network('10.108.0.0/16'),
 IPv4Network('10.109.0.0/16'),
 IPv4Network('10.110.0.0/16'),
 IPv4Network('10.111.0.0/16'),
 IPv4Network('10.112.0.0/16'),
 IPv4Network('10.113.0.0/16'),
 IPv4Network('10.114.0.0/16'),
 IPv4Network('10.115.0.0/16'),
 IPv4Network('10.116.0.0/16'),
 IPv4Network('10.117.0.0/16'),
 IPv4Network('10.118.0.0/16'),
 IPv4Network('10.119.0.0/16'),
 IPv4Network('10.120.0.0/16'),
 IPv4Network('10.121.0.0/16'),
 IPv4Network('10.122.0.0/16'),
 IPv4Network('10.123.0.0/16'),
 IPv4Network('10.124.0.0/16'),
 IPv4Network('10.125.0.0/16'),
 IPv4Network('10.126.0.0/16'),
 IPv4Network('10.127.0.0/16'),
 IPv4Network('10.128.0.0/16'),
 IPv4Network('10.129.0.0/16'),
 IPv4Network('10.130.0.0/16'),
 IPv4Network('10.131.0.0/16'),
 IPv4Network('10.132.0.0/16'),
 IPv4Network('10.133.0.0/16'),
 IPv4Network('10.134.0.0/16'),
 IPv4Network('10.135.0.0/16'),
 IPv4Network('10.136.0.0/16'),
 IPv4Network('10.137.0.0/16'),
 IPv4Network('10.138.0.0/16'),
 IPv4Network('10.139.0.0/16'),
 IPv4Network('10.140.0.0/16'),
 IPv4Network('10.141.0.0/16'),
 IPv4Network('10.142.0.0/16'),
 IPv4Network('10.143.0.0/16'),
 IPv4Network('10.144.0.0/16'),
 IPv4Network('10.145.0.0/16'),
 IPv4Network('10.146.0.0/16'),
 IPv4Network('10.147.0.0/16'),
 IPv4Network('10.148.0.0/16'),
 IPv4Network('10.149.0.0/16'),
 IPv4Network('10.150.0.0/16'),
 IPv4Network('10.151.0.0/16'),
 IPv4Network('10.152.0.0/16'),
 IPv4Network('10.153.0.0/16'),
 IPv4Network('10.154.0.0/16'),
 IPv4Network('10.155.0.0/16'),
 IPv4Network('10.156.0.0/16'),
 IPv4Network('10.157.0.0/16'),
 IPv4Network('10.158.0.0/16'),
 IPv4Network('10.159.0.0/16'),
 IPv4Network('10.160.0.0/16'),
 IPv4Network('10.161.0.0/16'),
 IPv4Network('10.162.0.0/16'),
 IPv4Network('10.163.0.0/16'),
 IPv4Network('10.164.0.0/16'),
 IPv4Network('10.165.0.0/16'),
 IPv4Network('10.166.0.0/16'),
 IPv4Network('10.167.0.0/16'),
 IPv4Network('10.168.0.0/16'),
 IPv4Network('10.169.0.0/16'),
 IPv4Network('10.170.0.0/16'),
 IPv4Network('10.171.0.0/16'),
 IPv4Network('10.172.0.0/16'),
 IPv4Network('10.173.0.0/16'),
 IPv4Network('10.174.0.0/16'),
 IPv4Network('10.175.0.0/16'),
 IPv4Network('10.176.0.0/16'),
 IPv4Network('10.177.0.0/16'),
 IPv4Network('10.178.0.0/16'),
 IPv4Network('10.179.0.0/16'),
 IPv4Network('10.180.0.0/16'),
 IPv4Network('10.181.0.0/16'),
 IPv4Network('10.182.0.0/16'),
 IPv4Network('10.183.0.0/16'),
 IPv4Network('10.184.0.0/16'),
 IPv4Network('10.185.0.0/16'),
 IPv4Network('10.186.0.0/16'),
 IPv4Network('10.187.0.0/16'),
 IPv4Network('10.188.0.0/16'),
 IPv4Network('10.189.0.0/16'),
 IPv4Network('10.190.0.0/16'),
 IPv4Network('10.191.0.0/16'),
 IPv4Network('10.192.0.0/16'),
 IPv4Network('10.193.0.0/16'),
 IPv4Network('10.194.0.0/16'),
 IPv4Network('10.195.0.0/16'),
 IPv4Network('10.196.0.0/16'),
 IPv4Network('10.197.0.0/16'),
 IPv4Network('10.198.0.0/16'),
 IPv4Network('10.199.0.0/16'),
 IPv4Network('10.200.0.0/16'),
 IPv4Network('10.201.0.0/16'),
 IPv4Network('10.202.0.0/16'),
 IPv4Network('10.203.0.0/16'),
 IPv4Network('10.204.0.0/16'),
 IPv4Network('10.205.0.0/16'),
 IPv4Network('10.206.0.0/16'),
 IPv4Network('10.207.0.0/16'),
 IPv4Network('10.208.0.0/16'),
 IPv4Network('10.209.0.0/16'),
 IPv4Network('10.210.0.0/16'),
 IPv4Network('10.211.0.0/16'),
 IPv4Network('10.212.0.0/16'),
 IPv4Network('10.213.0.0/16'),
 IPv4Network('10.214.0.0/16'),
 IPv4Network('10.215.0.0/16'),
 IPv4Network('10.216.0.0/16'),
 IPv4Network('10.217.0.0/16'),
 IPv4Network('10.218.0.0/16'),
 IPv4Network('10.219.0.0/16'),
 IPv4Network('10.220.0.0/16'),
 IPv4Network('10.221.0.0/16'),
 IPv4Network('10.222.0.0/16'),
 IPv4Network('10.223.0.0/16'),
 IPv4Network('10.224.0.0/16'),
 IPv4Network('10.225.0.0/16'),
 IPv4Network('10.226.0.0/16'),
 IPv4Network('10.227.0.0/16'),
 IPv4Network('10.228.0.0/16'),
 IPv4Network('10.229.0.0/16')]
[IPv4Network('10.0.0.0/8'),
 IPv4Network('129.79.0.0/16'),
 IPv4Network('134.68.0.0/16'),
 IPv4Network('140.182.0.0/16'),
 IPv4Network('149.159.0.0/16'),
 IPv4Network('149.160.0.0/14'),
 IPv4Network('156.56.0.0/16'),
 IPv4Network('172.16.0.0/12'),
 IPv4Network('192.168.0.0/24'),
 IPv6Network('::/128'),
 IPv4Network('10.0.0.0/16'),
 IPv4Network('10.1.0.0/16'),
 IPv4Network('10.2.0.0/16'),
 IPv4Network('10.3.0.0/16'),
 IPv4Network('10.4.0.0/16'),
 IPv4Network('10.5.0.0/16'),
 IPv4Network('10.6.0.0/16'),
 IPv4Network('10.7.0.0/16'),
 IPv4Network('10.8.0.0/16'),
 IPv4Network('10.9.0.0/16'),
 IPv4Network('10.10.0.0/16'),
 IPv4Network('10.11.0.0/16'),
 IPv4Network('10.12.0.0/16'),
 IPv4Network('10.13.0.0/16'),
 IPv4Network('10.14.0.0/16'),
 IPv4Network('10.15.0.0/16'),
 IPv4Network('10.16.0.0/16'),
 IPv4Network('10.17.0.0/16'),
 IPv4Network('10.18.0.0/16'),
 IPv4Network('10.19.0.0/16'),
 IPv4Network('10.20.0.0/16'),
 IPv4Network('10.21.0.0/16'),
 IPv4Network('10.22.0.0/16'),
 IPv4Network('10.23.0.0/16'),
 IPv4Network('10.24.0.0/16'),
 IPv4Network('10.25.0.0/16'),
 IPv4Network('10.26.0.0/16'),
 IPv4Network('10.27.0.0/16'),
 IPv4Network('10.28.0.0/16'),
 IPv4Network('10.29.0.0/16'),
 IPv4Network('10.30.0.0/16'),
 IPv4Network('10.31.0.0/16'),
 IPv4Network('10.32.0.0/16'),
 IPv4Network('10.33.0.0/16'),
 IPv4Network('10.34.0.0/16'),
 IPv4Network('10.35.0.0/16'),
 IPv4Network('10.36.0.0/16'),
 IPv4Network('10.37.0.0/16'),
 IPv4Network('10.38.0.0/16'),
 IPv4Network('10.39.0.0/16'),
 IPv4Network('10.40.0.0/16'),
 IPv4Network('10.41.0.0/16'),
 IPv4Network('10.42.0.0/16'),
 IPv4Network('10.43.0.0/16'),
 IPv4Network('10.44.0.0/16'),
 IPv4Network('10.45.0.0/16'),
 IPv4Network('10.46.0.0/16'),
 IPv4Network('10.47.0.0/16'),
 IPv4Network('10.48.0.0/16'),
 IPv4Network('10.49.0.0/16'),
 IPv4Network('10.50.0.0/16'),
 IPv4Network('10.51.0.0/16'),
 IPv4Network('10.52.0.0/16'),
 IPv4Network('10.53.0.0/16'),
 IPv4Network('10.54.0.0/16'),
 IPv4Network('10.55.0.0/16'),
 IPv4Network('10.56.0.0/16'),
 IPv4Network('10.57.0.0/16'),
 IPv4Network('10.58.0.0/16'),
 IPv4Network('10.59.0.0/16'),
 IPv4Network('10.60.0.0/16'),
 IPv4Network('10.61.0.0/16'),
 IPv4Network('10.62.0.0/16'),
 IPv4Network('10.63.0.0/16'),
 IPv4Network('10.64.0.0/16'),
 IPv4Network('10.65.0.0/16'),
 IPv4Network('10.66.0.0/16'),
 IPv4Network('10.67.0.0/16'),
 IPv4Network('10.68.0.0/16'),
 IPv4Network('10.69.0.0/16'),
 IPv4Network('10.70.0.0/16'),
 IPv4Network('10.71.0.0/16'),
 IPv4Network('10.72.0.0/16'),
 IPv4Network('10.73.0.0/16'),
 IPv4Network('10.74.0.0/16'),
 IPv4Network('10.75.0.0/16'),
 IPv4Network('10.76.0.0/16'),
 IPv4Network('10.77.0.0/16'),
 IPv4Network('10.78.0.0/16'),
 IPv4Network('10.79.0.0/16'),
 IPv4Network('10.80.0.0/16'),
 IPv4Network('10.81.0.0/16'),
 IPv4Network('10.82.0.0/16'),
 IPv4Network('10.83.0.0/16'),
 IPv4Network('10.84.0.0/16'),
 IPv4Network('10.85.0.0/16'),
 IPv4Network('10.86.0.0/16'),
 IPv4Network('10.87.0.0/16'),
 IPv4Network('10.88.0.0/16'),
 IPv4Network('10.89.0.0/16'),
 IPv4Network('10.90.0.0/16'),
 IPv4Network('10.91.0.0/16'),
 IPv4Network('10.92.0.0/16'),
 IPv4Network('10.93.0.0/16'),
 IPv4Network('10.94.0.0/16'),
 IPv4Network('10.95.0.0/16'),
 IPv4Network('10.96.0.0/16'),
 IPv4Network('10.97.0.0/16'),
 IPv4Network('10.98.0.0/16'),
 IPv4Network('10.99.0.0/16'),
 IPv4Network('10.100.0.0/16'),
 IPv4Network('10.101.0.0/16'),
 IPv4Network('10.102.0.0/16'),
 IPv4Network('10.103.0.0/16'),
 IPv4Network('10.104.0.0/16'),
 IPv4Network('10.105.0.0/16'),
 IPv4Network('10.106.0.0/16'),
 IPv4Network('10.107.0.0/16'),
 IPv4Network('10.108.0.0/16'),
 IPv4Network('10.109.0.0/16'),
 IPv4Network('10.110.0.0/16'),
 IPv4Network('10.111.0.0/16'),
 IPv4Network('10.112.0.0/16'),
 IPv4Network('10.113.0.0/16'),
 IPv4Network('10.114.0.0/16'),
 IPv4Network('10.115.0.0/16'),
 IPv4Network('10.116.0.0/16'),
 IPv4Network('10.117.0.0/16'),
 IPv4Network('10.118.0.0/16'),
 IPv4Network('10.119.0.0/16'),
 IPv4Network('10.120.0.0/16'),
 IPv4Network('10.121.0.0/16'),
 IPv4Network('10.122.0.0/16'),
 IPv4Network('10.123.0.0/16'),
 IPv4Network('10.124.0.0/16'),
 IPv4Network('10.125.0.0/16'),
 IPv4Network('10.126.0.0/16'),
 IPv4Network('10.127.0.0/16'),
 IPv4Network('10.128.0.0/16'),
 IPv4Network('10.129.0.0/16'),
 IPv4Network('10.130.0.0/16'),
 IPv4Network('10.131.0.0/16'),
 IPv4Network('10.132.0.0/16'),
 IPv4Network('10.133.0.0/16'),
 IPv4Network('10.134.0.0/16'),
 IPv4Network('10.135.0.0/16'),
 IPv4Network('10.136.0.0/16'),
 IPv4Network('10.137.0.0/16'),
 IPv4Network('10.138.0.0/16'),
 IPv4Network('10.139.0.0/16'),
 IPv4Network('10.140.0.0/16'),
 IPv4Network('10.141.0.0/16'),
 IPv4Network('10.142.0.0/16'),
 IPv4Network('10.143.0.0/16'),
 IPv4Network('10.144.0.0/16'),
 IPv4Network('10.145.0.0/16'),
 IPv4Network('10.146.0.0/16'),
 IPv4Network('10.147.0.0/16'),
 IPv4Network('10.148.0.0/16'),
 IPv4Network('10.149.0.0/16'),
 IPv4Network('10.150.0.0/16'),
 IPv4Network('10.151.0.0/16'),
 IPv4Network('10.152.0.0/16'),
 IPv4Network('10.153.0.0/16'),
 IPv4Network('10.154.0.0/16'),
 IPv4Network('10.155.0.0/16'),
 IPv4Network('10.156.0.0/16'),
 IPv4Network('10.157.0.0/16'),
 IPv4Network('10.158.0.0/16'),
 IPv4Network('10.159.0.0/16'),
 IPv4Network('10.160.0.0/16'),
 IPv4Network('10.161.0.0/16'),
 IPv4Network('10.162.0.0/16'),
 IPv4Network('10.163.0.0/16'),
 IPv4Network('10.164.0.0/16'),
 IPv4Network('10.165.0.0/16'),
 IPv4Network('10.166.0.0/16'),
 IPv4Network('10.167.0.0/16'),
 IPv4Network('10.168.0.0/16'),
 IPv4Network('10.169.0.0/16'),
 IPv4Network('10.170.0.0/16'),
 IPv4Network('10.171.0.0/16'),
 IPv4Network('10.172.0.0/16'),
 IPv4Network('10.173.0.0/16'),
 IPv4Network('10.174.0.0/16'),
 IPv4Network('10.175.0.0/16'),
 IPv4Network('10.176.0.0/16'),
 IPv4Network('10.177.0.0/16'),
 IPv4Network('10.178.0.0/16'),
 IPv4Network('10.179.0.0/16'),
 IPv4Network('10.180.0.0/16'),
 IPv4Network('10.181.0.0/16'),
 IPv4Network('10.182.0.0/16'),
 IPv4Network('10.183.0.0/16'),
 IPv4Network('10.184.0.0/16'),
 IPv4Network('10.185.0.0/16'),
 IPv4Network('10.186.0.0/16'),
 IPv4Network('10.187.0.0/16'),
 IPv4Network('10.188.0.0/16'),
 IPv4Network('10.189.0.0/16'),
 IPv4Network('10.190.0.0/16'),
 IPv4Network('10.191.0.0/16'),
 IPv4Network('10.192.0.0/16'),
 IPv4Network('10.193.0.0/16'),
 IPv4Network('10.194.0.0/16'),
 IPv4Network('10.195.0.0/16'),
 IPv4Network('10.196.0.0/16'),
 IPv4Network('10.197.0.0/16'),
 IPv4Network('10.198.0.0/16'),
 IPv4Network('10.199.0.0/16'),
 IPv4Network('10.200.0.0/16'),
 IPv4Network('10.201.0.0/16'),
 IPv4Network('10.202.0.0/16'),
 IPv4Network('10.203.0.0/16'),
 IPv4Network('10.204.0.0/16'),
 IPv4Network('10.205.0.0/16'),
 IPv4Network('10.206.0.0/16'),
 IPv4Network('10.207.0.0/16'),
 IPv4Network('10.208.0.0/16'),
 IPv4Network('10.209.0.0/16'),
 IPv4Network('10.210.0.0/16'),
 IPv4Network('10.211.0.0/16'),
 IPv4Network('10.212.0.0/16'),
 IPv4Network('10.213.0.0/16'),
 IPv4Network('10.214.0.0/16'),
 IPv4Network('10.215.0.0/16'),
 IPv4Network('10.216.0.0/16'),
 IPv4Network('10.217.0.0/16'),
 IPv4Network('10.218.0.0/16'),
 IPv4Network('10.219.0.0/16'),
 IPv4Network('10.220.0.0/16'),
 IPv4Network('10.221.0.0/16'),
 IPv4Network('10.222.0.0/16'),
 IPv4Network('10.223.0.0/16'),
 IPv4Network('10.224.0.0/16'),
 IPv4Network('10.225.0.0/16'),
 IPv4Network('10.226.0.0/16'),
 IPv4Network('10.227.0.0/16'),
 IPv4Network('10.228.0.0/16'),
 IPv4Network('10.229.0.0/16'),
 IPv4Network('10.230.0.0/16'),
 IPv4Network('10.231.0.0/16')]
[IPv4Network('10.0.0.0/8'),
 IPv4Network('129.79.0.0/16'),
 IPv4Network('134.68.0.0/16'),
 IPv4Network('140.182.0.0/16'),
 IPv4Network('149.159.0.0/16'),
 IPv4Network('149.160.0.0/14'),
 IPv4Network('156.56.0.0/16'),
 IPv4Network('172.16.0.0/12'),
 IPv4Network('192.168.0.0/24'),
 IPv6Network('::/128'),
 IPv4Network('10.0.0.0/16'),
 IPv4Network('10.1.0.0/16'),
 IPv4Network('10.2.0.0/16'),
 IPv4Network('10.3.0.0/16'),
 IPv4Network('10.4.0.0/16'),
 IPv4Network('10.5.0.0/16'),
 IPv4Network('10.6.0.0/16'),
 IPv4Network('10.7.0.0/16'),
 IPv4Network('10.8.0.0/16'),
 IPv4Network('10.9.0.0/16'),
 IPv4Network('10.10.0.0/16'),
 IPv4Network('10.11.0.0/16'),
 IPv4Network('10.12.0.0/16'),
 IPv4Network('10.13.0.0/16'),
 IPv4Network('10.14.0.0/16'),
 IPv4Network('10.15.0.0/16'),
 IPv4Network('10.16.0.0/16'),
 IPv4Network('10.17.0.0/16'),
 IPv4Network('10.18.0.0/16'),
 IPv4Network('10.19.0.0/16'),
 IPv4Network('10.20.0.0/16'),
 IPv4Network('10.21.0.0/16'),
 IPv4Network('10.22.0.0/16'),
 IPv4Network('10.23.0.0/16'),
 IPv4Network('10.24.0.0/16'),
 IPv4Network('10.25.0.0/16'),
 IPv4Network('10.26.0.0/16'),
 IPv4Network('10.27.0.0/16'),
 IPv4Network('10.28.0.0/16'),
 IPv4Network('10.29.0.0/16'),
 IPv4Network('10.30.0.0/16'),
 IPv4Network('10.31.0.0/16'),
 IPv4Network('10.32.0.0/16'),
 IPv4Network('10.33.0.0/16'),
 IPv4Network('10.34.0.0/16'),
 IPv4Network('10.35.0.0/16'),
 IPv4Network('10.36.0.0/16'),
 IPv4Network('10.37.0.0/16'),
 IPv4Network('10.38.0.0/16'),
 IPv4Network('10.39.0.0/16'),
 IPv4Network('10.40.0.0/16'),
 IPv4Network('10.41.0.0/16'),
 IPv4Network('10.42.0.0/16'),
 IPv4Network('10.43.0.0/16'),
 IPv4Network('10.44.0.0/16'),
 IPv4Network('10.45.0.0/16'),
 IPv4Network('10.46.0.0/16'),
 IPv4Network('10.47.0.0/16'),
 IPv4Network('10.48.0.0/16'),
 IPv4Network('10.49.0.0/16'),
 IPv4Network('10.50.0.0/16'),
 IPv4Network('10.51.0.0/16'),
 IPv4Network('10.52.0.0/16'),
 IPv4Network('10.53.0.0/16'),
 IPv4Network('10.54.0.0/16'),
 IPv4Network('10.55.0.0/16'),
 IPv4Network('10.56.0.0/16'),
 IPv4Network('10.57.0.0/16'),
 IPv4Network('10.58.0.0/16'),
 IPv4Network('10.59.0.0/16'),
 IPv4Network('10.60.0.0/16'),
 IPv4Network('10.61.0.0/16'),
 IPv4Network('10.62.0.0/16'),
 IPv4Network('10.63.0.0/16'),
 IPv4Network('10.64.0.0/16'),
 IPv4Network('10.65.0.0/16'),
 IPv4Network('10.66.0.0/16'),
 IPv4Network('10.67.0.0/16'),
 IPv4Network('10.68.0.0/16'),
 IPv4Network('10.69.0.0/16'),
 IPv4Network('10.70.0.0/16'),
 IPv4Network('10.71.0.0/16'),
 IPv4Network('10.72.0.0/16'),
 IPv4Network('10.73.0.0/16'),
 IPv4Network('10.74.0.0/16'),
 IPv4Network('10.75.0.0/16'),
 IPv4Network('10.76.0.0/16'),
 IPv4Network('10.77.0.0/16'),
 IPv4Network('10.78.0.0/16'),
 IPv4Network('10.79.0.0/16'),
 IPv4Network('10.80.0.0/16'),
 IPv4Network('10.81.0.0/16'),
 IPv4Network('10.82.0.0/16'),
 IPv4Network('10.83.0.0/16'),
 IPv4Network('10.84.0.0/16'),
 IPv4Network('10.85.0.0/16'),
 IPv4Network('10.86.0.0/16'),
 IPv4Network('10.87.0.0/16'),
 IPv4Network('10.88.0.0/16'),
 IPv4Network('10.89.0.0/16'),
 IPv4Network('10.90.0.0/16'),
 IPv4Network('10.91.0.0/16'),
 IPv4Network('10.92.0.0/16'),
 IPv4Network('10.93.0.0/16'),
 IPv4Network('10.94.0.0/16'),
 IPv4Network('10.95.0.0/16'),
 IPv4Network('10.96.0.0/16'),
 IPv4Network('10.97.0.0/16'),
 IPv4Network('10.98.0.0/16'),
 IPv4Network('10.99.0.0/16'),
 IPv4Network('10.100.0.0/16'),
 IPv4Network('10.101.0.0/16'),
 IPv4Network('10.102.0.0/16'),
 IPv4Network('10.103.0.0/16'),
 IPv4Network('10.104.0.0/16'),
 IPv4Network('10.105.0.0/16'),
 IPv4Network('10.106.0.0/16'),
 IPv4Network('10.107.0.0/16'),
 IPv4Network('10.108.0.0/16'),
 IPv4Network('10.109.0.0/16'),
 IPv4Network('10.110.0.0/16'),
 IPv4Network('10.111.0.0/16'),
 IPv4Network('10.112.0.0/16'),
 IPv4Network('10.113.0.0/16'),
 IPv4Network('10.114.0.0/16'),
 IPv4Network('10.115.0.0/16'),
 IPv4Network('10.116.0.0/16'),
 IPv4Network('10.117.0.0/16'),
 IPv4Network('10.118.0.0/16'),
 IPv4Network('10.119.0.0/16'),
 IPv4Network('10.120.0.0/16'),
 IPv4Network('10.121.0.0/16'),
 IPv4Network('10.122.0.0/16'),
 IPv4Network('10.123.0.0/16'),
 IPv4Network('10.124.0.0/16'),
 IPv4Network('10.125.0.0/16'),
 IPv4Network('10.126.0.0/16'),
 IPv4Network('10.127.0.0/16'),
 IPv4Network('10.128.0.0/16'),
 IPv4Network('10.129.0.0/16'),
 IPv4Network('10.130.0.0/16'),
 IPv4Network('10.131.0.0/16'),
 IPv4Network('10.132.0.0/16'),
 IPv4Network('10.133.0.0/16'),
 IPv4Network('10.134.0.0/16'),
 IPv4Network('10.135.0.0/16'),
 IPv4Network('10.136.0.0/16'),
 IPv4Network('10.137.0.0/16'),
 IPv4Network('10.138.0.0/16'),
 IPv4Network('10.139.0.0/16'),
 IPv4Network('10.140.0.0/16'),
 IPv4Network('10.141.0.0/16'),
 IPv4Network('10.142.0.0/16'),
 IPv4Network('10.143.0.0/16'),
 IPv4Network('10.144.0.0/16'),
 IPv4Network('10.145.0.0/16'),
 IPv4Network('10.146.0.0/16'),
 IPv4Network('10.147.0.0/16'),
 IPv4Network('10.148.0.0/16'),
 IPv4Network('10.149.0.0/16'),
 IPv4Network('10.150.0.0/16'),
 IPv4Network('10.151.0.0/16'),
 IPv4Network('10.152.0.0/16'),
 IPv4Network('10.153.0.0/16'),
 IPv4Network('10.154.0.0/16'),
 IPv4Network('10.155.0.0/16'),
 IPv4Network('10.156.0.0/16'),
 IPv4Network('10.157.0.0/16'),
 IPv4Network('10.158.0.0/16'),
 IPv4Network('10.159.0.0/16'),
 IPv4Network('10.160.0.0/16'),
 IPv4Network('10.161.0.0/16'),
 IPv4Network('10.162.0.0/16'),
 IPv4Network('10.163.0.0/16'),
 IPv4Network('10.164.0.0/16'),
 IPv4Network('10.165.0.0/16'),
 IPv4Network('10.166.0.0/16'),
 IPv4Network('10.167.0.0/16'),
 IPv4Network('10.168.0.0/16'),
 IPv4Network('10.169.0.0/16'),
 IPv4Network('10.170.0.0/16'),
 IPv4Network('10.171.0.0/16'),
 IPv4Network('10.172.0.0/16'),
 IPv4Network('10.173.0.0/16'),
 IPv4Network('10.174.0.0/16'),
 IPv4Network('10.175.0.0/16'),
 IPv4Network('10.176.0.0/16'),
 IPv4Network('10.177.0.0/16'),
 IPv4Network('10.178.0.0/16'),
 IPv4Network('10.179.0.0/16'),
 IPv4Network('10.180.0.0/16'),
 IPv4Network('10.181.0.0/16'),
 IPv4Network('10.182.0.0/16'),
 IPv4Network('10.183.0.0/16'),
 IPv4Network('10.184.0.0/16'),
 IPv4Network('10.185.0.0/16'),
 IPv4Network('10.186.0.0/16'),
 IPv4Network('10.187.0.0/16'),
 IPv4Network('10.188.0.0/16'),
 IPv4Network('10.189.0.0/16'),
 IPv4Network('10.190.0.0/16'),
 IPv4Network('10.191.0.0/16'),
 IPv4Network('10.192.0.0/16'),
 IPv4Network('10.193.0.0/16'),
 IPv4Network('10.194.0.0/16'),
 IPv4Network('10.195.0.0/16'),
 IPv4Network('10.196.0.0/16'),
 IPv4Network('10.197.0.0/16'),
 IPv4Network('10.198.0.0/16'),
 IPv4Network('10.199.0.0/16'),
 IPv4Network('10.200.0.0/16'),
 IPv4Network('10.201.0.0/16'),
 IPv4Network('10.202.0.0/16'),
 IPv4Network('10.203.0.0/16'),
 IPv4Network('10.204.0.0/16'),
 IPv4Network('10.205.0.0/16'),
 IPv4Network('10.206.0.0/16'),
 IPv4Network('10.207.0.0/16'),
 IPv4Network('10.208.0.0/16'),
 IPv4Network('10.209.0.0/16'),
 IPv4Network('10.210.0.0/16'),
 IPv4Network('10.211.0.0/16'),
 IPv4Network('10.212.0.0/16'),
 IPv4Network('10.213.0.0/16'),
 IPv4Network('10.214.0.0/16'),
 IPv4Network('10.215.0.0/16'),
 IPv4Network('10.216.0.0/16'),
 IPv4Network('10.217.0.0/16'),
 IPv4Network('10.218.0.0/16'),
 IPv4Network('10.219.0.0/16'),
 IPv4Network('10.220.0.0/16'),
 IPv4Network('10.221.0.0/16'),
 IPv4Network('10.222.0.0/16'),
 IPv4Network('10.223.0.0/16'),
 IPv4Network('10.224.0.0/16'),
 IPv4Network('10.225.0.0/16'),
 IPv4Network('10.226.0.0/16'),
 IPv4Network('10.227.0.0/16'),
 IPv4Network('10.228.0.0/16'),
 IPv4Network('10.229.0.0/16'),
 IPv4Network('10.230.0.0/16'),
 IPv4Network('10.231.0.0/16')]
[IPv4Network('10.0.0.0/8'),
 IPv4Network('129.79.0.0/16'),
 IPv4Network('134.68.0.0/16'),
 IPv4Network('140.182.0.0/16'),
 IPv4Network('149.159.0.0/16'),
 IPv4Network('149.160.0.0/14'),
 IPv4Network('156.56.0.0/16'),
 IPv4Network('172.16.0.0/12'),
 IPv4Network('192.168.0.0/24'),
 IPv6Network('::/128'),
 IPv4Network('10.0.0.0/16'),
 IPv4Network('10.1.0.0/16'),
 IPv4Network('10.2.0.0/16'),
 IPv4Network('10.3.0.0/16'),
 IPv4Network('10.4.0.0/16'),
 IPv4Network('10.5.0.0/16'),
 IPv4Network('10.6.0.0/16'),
 IPv4Network('10.7.0.0/16'),
 IPv4Network('10.8.0.0/16'),
 IPv4Network('10.9.0.0/16'),
 IPv4Network('10.10.0.0/16'),
 IPv4Network('10.11.0.0/16'),
 IPv4Network('10.12.0.0/16'),
 IPv4Network('10.13.0.0/16'),
 IPv4Network('10.14.0.0/16'),
 IPv4Network('10.15.0.0/16'),
 IPv4Network('10.16.0.0/16'),
 IPv4Network('10.17.0.0/16'),
 IPv4Network('10.18.0.0/16'),
 IPv4Network('10.19.0.0/16'),
 IPv4Network('10.20.0.0/16'),
 IPv4Network('10.21.0.0/16'),
 IPv4Network('10.22.0.0/16'),
 IPv4Network('10.23.0.0/16'),
 IPv4Network('10.24.0.0/16'),
 IPv4Network('10.25.0.0/16'),
 IPv4Network('10.26.0.0/16'),
 IPv4Network('10.27.0.0/16'),
 IPv4Network('10.28.0.0/16'),
 IPv4Network('10.29.0.0/16'),
 IPv4Network('10.30.0.0/16'),
 IPv4Network('10.31.0.0/16'),
 IPv4Network('10.32.0.0/16'),
 IPv4Network('10.33.0.0/16'),
 IPv4Network('10.34.0.0/16'),
 IPv4Network('10.35.0.0/16'),
 IPv4Network('10.36.0.0/16'),
 IPv4Network('10.37.0.0/16'),
 IPv4Network('10.38.0.0/16'),
 IPv4Network('10.39.0.0/16'),
 IPv4Network('10.40.0.0/16'),
 IPv4Network('10.41.0.0/16'),
 IPv4Network('10.42.0.0/16'),
 IPv4Network('10.43.0.0/16'),
 IPv4Network('10.44.0.0/16'),
 IPv4Network('10.45.0.0/16'),
 IPv4Network('10.46.0.0/16'),
 IPv4Network('10.47.0.0/16'),
 IPv4Network('10.48.0.0/16'),
 IPv4Network('10.49.0.0/16'),
 IPv4Network('10.50.0.0/16'),
 IPv4Network('10.51.0.0/16'),
 IPv4Network('10.52.0.0/16'),
 IPv4Network('10.53.0.0/16'),
 IPv4Network('10.54.0.0/16'),
 IPv4Network('10.55.0.0/16'),
 IPv4Network('10.56.0.0/16'),
 IPv4Network('10.57.0.0/16'),
 IPv4Network('10.58.0.0/16'),
 IPv4Network('10.59.0.0/16'),
 IPv4Network('10.60.0.0/16'),
 IPv4Network('10.61.0.0/16'),
 IPv4Network('10.62.0.0/16'),
 IPv4Network('10.63.0.0/16'),
 IPv4Network('10.64.0.0/16'),
 IPv4Network('10.65.0.0/16'),
 IPv4Network('10.66.0.0/16'),
 IPv4Network('10.67.0.0/16'),
 IPv4Network('10.68.0.0/16'),
 IPv4Network('10.69.0.0/16'),
 IPv4Network('10.70.0.0/16'),
 IPv4Network('10.71.0.0/16'),
 IPv4Network('10.72.0.0/16'),
 IPv4Network('10.73.0.0/16'),
 IPv4Network('10.74.0.0/16'),
 IPv4Network('10.75.0.0/16'),
 IPv4Network('10.76.0.0/16'),
 IPv4Network('10.77.0.0/16'),
 IPv4Network('10.78.0.0/16'),
 IPv4Network('10.79.0.0/16'),
 IPv4Network('10.80.0.0/16'),
 IPv4Network('10.81.0.0/16'),
 IPv4Network('10.82.0.0/16'),
 IPv4Network('10.83.0.0/16'),
 IPv4Network('10.84.0.0/16'),
 IPv4Network('10.85.0.0/16'),
 IPv4Network('10.86.0.0/16'),
 IPv4Network('10.87.0.0/16'),
 IPv4Network('10.88.0.0/16'),
 IPv4Network('10.89.0.0/16'),
 IPv4Network('10.90.0.0/16'),
 IPv4Network('10.91.0.0/16'),
 IPv4Network('10.92.0.0/16'),
 IPv4Network('10.93.0.0/16'),
 IPv4Network('10.94.0.0/16'),
 IPv4Network('10.95.0.0/16'),
 IPv4Network('10.96.0.0/16'),
 IPv4Network('10.97.0.0/16'),
 IPv4Network('10.98.0.0/16'),
 IPv4Network('10.99.0.0/16'),
 IPv4Network('10.100.0.0/16'),
 IPv4Network('10.101.0.0/16'),
 IPv4Network('10.102.0.0/16'),
 IPv4Network('10.103.0.0/16'),
 IPv4Network('10.104.0.0/16'),
 IPv4Network('10.105.0.0/16'),
 IPv4Network('10.106.0.0/16'),
 IPv4Network('10.107.0.0/16'),
 IPv4Network('10.108.0.0/16'),
 IPv4Network('10.109.0.0/16'),
 IPv4Network('10.110.0.0/16'),
 IPv4Network('10.111.0.0/16'),
 IPv4Network('10.112.0.0/16'),
 IPv4Network('10.113.0.0/16'),
 IPv4Network('10.114.0.0/16'),
 IPv4Network('10.115.0.0/16'),
 IPv4Network('10.116.0.0/16'),
 IPv4Network('10.117.0.0/16'),
 IPv4Network('10.118.0.0/16'),
 IPv4Network('10.119.0.0/16'),
 IPv4Network('10.120.0.0/16'),
 IPv4Network('10.121.0.0/16'),
 IPv4Network('10.122.0.0/16'),
 IPv4Network('10.123.0.0/16'),
 IPv4Network('10.124.0.0/16'),
 IPv4Network('10.125.0.0/16'),
 IPv4Network('10.126.0.0/16'),
 IPv4Network('10.127.0.0/16'),
 IPv4Network('10.128.0.0/16'),
 IPv4Network('10.129.0.0/16'),
 IPv4Network('10.130.0.0/16'),
 IPv4Network('10.131.0.0/16'),
 IPv4Network('10.132.0.0/16'),
 IPv4Network('10.133.0.0/16'),
 IPv4Network('10.134.0.0/16'),
 IPv4Network('10.135.0.0/16'),
 IPv4Network('10.136.0.0/16'),
 IPv4Network('10.137.0.0/16'),
 IPv4Network('10.138.0.0/16'),
 IPv4Network('10.139.0.0/16'),
 IPv4Network('10.140.0.0/16'),
 IPv4Network('10.141.0.0/16'),
 IPv4Network('10.142.0.0/16'),
 IPv4Network('10.143.0.0/16'),
 IPv4Network('10.144.0.0/16'),
 IPv4Network('10.145.0.0/16'),
 IPv4Network('10.146.0.0/16'),
 IPv4Network('10.147.0.0/16'),
 IPv4Network('10.148.0.0/16'),
 IPv4Network('10.149.0.0/16'),
 IPv4Network('10.150.0.0/16'),
 IPv4Network('10.151.0.0/16'),
 IPv4Network('10.152.0.0/16'),
 IPv4Network('10.153.0.0/16'),
 IPv4Network('10.154.0.0/16'),
 IPv4Network('10.155.0.0/16'),
 IPv4Network('10.156.0.0/16'),
 IPv4Network('10.157.0.0/16'),
 IPv4Network('10.158.0.0/16'),
 IPv4Network('10.159.0.0/16'),
 IPv4Network('10.160.0.0/16'),
 IPv4Network('10.161.0.0/16'),
 IPv4Network('10.162.0.0/16'),
 IPv4Network('10.163.0.0/16'),
 IPv4Network('10.164.0.0/16'),
 IPv4Network('10.165.0.0/16'),
 IPv4Network('10.166.0.0/16'),
 IPv4Network('10.167.0.0/16'),
 IPv4Network('10.168.0.0/16'),
 IPv4Network('10.169.0.0/16'),
 IPv4Network('10.170.0.0/16'),
 IPv4Network('10.171.0.0/16'),
 IPv4Network('10.172.0.0/16'),
 IPv4Network('10.173.0.0/16'),
 IPv4Network('10.174.0.0/16'),
 IPv4Network('10.175.0.0/16'),
 IPv4Network('10.176.0.0/16'),
 IPv4Network('10.177.0.0/16'),
 IPv4Network('10.178.0.0/16'),
 IPv4Network('10.179.0.0/16'),
 IPv4Network('10.180.0.0/16'),
 IPv4Network('10.181.0.0/16'),
 IPv4Network('10.182.0.0/16'),
 IPv4Network('10.183.0.0/16'),
 IPv4Network('10.184.0.0/16'),
 IPv4Network('10.185.0.0/16'),
 IPv4Network('10.186.0.0/16'),
 IPv4Network('10.187.0.0/16'),
 IPv4Network('10.188.0.0/16'),
 IPv4Network('10.189.0.0/16'),
 IPv4Network('10.190.0.0/16'),
 IPv4Network('10.191.0.0/16'),
 IPv4Network('10.192.0.0/16'),
 IPv4Network('10.193.0.0/16'),
 IPv4Network('10.194.0.0/16'),
 IPv4Network('10.195.0.0/16'),
 IPv4Network('10.196.0.0/16'),
 IPv4Network('10.197.0.0/16'),
 IPv4Network('10.198.0.0/16'),
 IPv4Network('10.199.0.0/16'),
 IPv4Network('10.200.0.0/16'),
 IPv4Network('10.201.0.0/16'),
 IPv4Network('10.202.0.0/16'),
 IPv4Network('10.203.0.0/16'),
 IPv4Network('10.204.0.0/16'),
 IPv4Network('10.205.0.0/16'),
 IPv4Network('10.206.0.0/16'),
 IPv4Network('10.207.0.0/16'),
 IPv4Network('10.208.0.0/16'),
 IPv4Network('10.209.0.0/16'),
 IPv4Network('10.210.0.0/16'),
 IPv4Network('10.211.0.0/16'),
 IPv4Network('10.212.0.0/16'),
 IPv4Network('10.213.0.0/16'),
 IPv4Network('10.214.0.0/16'),
 IPv4Network('10.215.0.0/16'),
 IPv4Network('10.216.0.0/16'),
 IPv4Network('10.217.0.0/16'),
 IPv4Network('10.218.0.0/16'),
 IPv4Network('10.219.0.0/16'),
 IPv4Network('10.220.0.0/16'),
 IPv4Network('10.221.0.0/16'),
 IPv4Network('10.222.0.0/16'),
 IPv4Network('10.223.0.0/16'),
 IPv4Network('10.224.0.0/16'),
 IPv4Network('10.225.0.0/16'),
 IPv4Network('10.226.0.0/16'),
 IPv4Network('10.227.0.0/16'),
 IPv4Network('10.228.0.0/16'),
 IPv4Network('10.229.0.0/16'),
 IPv4Network('10.230.0.0/16'),
 IPv4Network('10.231.0.0/16')]
[IPv4Network('10.0.0.0/8'),
 IPv4Network('129.79.0.0/16'),
 IPv4Network('134.68.0.0/16'),
 IPv4Network('140.182.0.0/16'),
 IPv4Network('149.159.0.0/16'),
 IPv4Network('149.160.0.0/14'),
 IPv4Network('156.56.0.0/16'),
 IPv4Network('172.16.0.0/12'),
 IPv4Network('192.168.0.0/24'),
 IPv6Network('::/128'),
 IPv4Network('10.0.0.0/16'),
 IPv4Network('10.1.0.0/16'),
 IPv4Network('10.2.0.0/16'),
 IPv4Network('10.3.0.0/16'),
 IPv4Network('10.4.0.0/16'),
 IPv4Network('10.5.0.0/16'),
 IPv4Network('10.6.0.0/16'),
 IPv4Network('10.7.0.0/16'),
 IPv4Network('10.8.0.0/16'),
 IPv4Network('10.9.0.0/16'),
 IPv4Network('10.10.0.0/16'),
 IPv4Network('10.11.0.0/16'),
 IPv4Network('10.12.0.0/16'),
 IPv4Network('10.13.0.0/16'),
 IPv4Network('10.14.0.0/16'),
 IPv4Network('10.15.0.0/16'),
 IPv4Network('10.16.0.0/16'),
 IPv4Network('10.17.0.0/16'),
 IPv4Network('10.18.0.0/16'),
 IPv4Network('10.19.0.0/16'),
 IPv4Network('10.20.0.0/16'),
 IPv4Network('10.21.0.0/16'),
 IPv4Network('10.22.0.0/16'),
 IPv4Network('10.23.0.0/16'),
 IPv4Network('10.24.0.0/16'),
 IPv4Network('10.25.0.0/16'),
 IPv4Network('10.26.0.0/16'),
 IPv4Network('10.27.0.0/16'),
 IPv4Network('10.28.0.0/16'),
 IPv4Network('10.29.0.0/16'),
 IPv4Network('10.30.0.0/16'),
 IPv4Network('10.31.0.0/16'),
 IPv4Network('10.32.0.0/16'),
 IPv4Network('10.33.0.0/16'),
 IPv4Network('10.34.0.0/16'),
 IPv4Network('10.35.0.0/16'),
 IPv4Network('10.36.0.0/16'),
 IPv4Network('10.37.0.0/16'),
 IPv4Network('10.38.0.0/16'),
 IPv4Network('10.39.0.0/16'),
 IPv4Network('10.40.0.0/16'),
 IPv4Network('10.41.0.0/16'),
 IPv4Network('10.42.0.0/16'),
 IPv4Network('10.43.0.0/16'),
 IPv4Network('10.44.0.0/16'),
 IPv4Network('10.45.0.0/16'),
 IPv4Network('10.46.0.0/16'),
 IPv4Network('10.47.0.0/16'),
 IPv4Network('10.48.0.0/16'),
 IPv4Network('10.49.0.0/16'),
 IPv4Network('10.50.0.0/16'),
 IPv4Network('10.51.0.0/16'),
 IPv4Network('10.52.0.0/16'),
 IPv4Network('10.53.0.0/16'),
 IPv4Network('10.54.0.0/16'),
 IPv4Network('10.55.0.0/16'),
 IPv4Network('10.56.0.0/16'),
 IPv4Network('10.57.0.0/16'),
 IPv4Network('10.58.0.0/16'),
 IPv4Network('10.59.0.0/16'),
 IPv4Network('10.60.0.0/16'),
 IPv4Network('10.61.0.0/16'),
 IPv4Network('10.62.0.0/16'),
 IPv4Network('10.63.0.0/16'),
 IPv4Network('10.64.0.0/16'),
 IPv4Network('10.65.0.0/16'),
 IPv4Network('10.66.0.0/16'),
 IPv4Network('10.67.0.0/16'),
 IPv4Network('10.68.0.0/16'),
 IPv4Network('10.69.0.0/16'),
 IPv4Network('10.70.0.0/16'),
 IPv4Network('10.71.0.0/16'),
 IPv4Network('10.72.0.0/16'),
 IPv4Network('10.73.0.0/16'),
 IPv4Network('10.74.0.0/16'),
 IPv4Network('10.75.0.0/16'),
 IPv4Network('10.76.0.0/16'),
 IPv4Network('10.77.0.0/16'),
 IPv4Network('10.78.0.0/16'),
 IPv4Network('10.79.0.0/16'),
 IPv4Network('10.80.0.0/16'),
 IPv4Network('10.81.0.0/16'),
 IPv4Network('10.82.0.0/16'),
 IPv4Network('10.83.0.0/16'),
 IPv4Network('10.84.0.0/16'),
 IPv4Network('10.85.0.0/16'),
 IPv4Network('10.86.0.0/16'),
 IPv4Network('10.87.0.0/16'),
 IPv4Network('10.88.0.0/16'),
 IPv4Network('10.89.0.0/16'),
 IPv4Network('10.90.0.0/16'),
 IPv4Network('10.91.0.0/16'),
 IPv4Network('10.92.0.0/16'),
 IPv4Network('10.93.0.0/16'),
 IPv4Network('10.94.0.0/16'),
 IPv4Network('10.95.0.0/16'),
 IPv4Network('10.96.0.0/16'),
 IPv4Network('10.97.0.0/16'),
 IPv4Network('10.98.0.0/16'),
 IPv4Network('10.99.0.0/16'),
 IPv4Network('10.100.0.0/16'),
 IPv4Network('10.101.0.0/16'),
 IPv4Network('10.102.0.0/16'),
 IPv4Network('10.103.0.0/16'),
 IPv4Network('10.104.0.0/16'),
 IPv4Network('10.105.0.0/16'),
 IPv4Network('10.106.0.0/16'),
 IPv4Network('10.107.0.0/16'),
 IPv4Network('10.108.0.0/16'),
 IPv4Network('10.109.0.0/16'),
 IPv4Network('10.110.0.0/16'),
 IPv4Network('10.111.0.0/16'),
 IPv4Network('10.112.0.0/16'),
 IPv4Network('10.113.0.0/16'),
 IPv4Network('10.114.0.0/16'),
 IPv4Network('10.115.0.0/16'),
 IPv4Network('10.116.0.0/16'),
 IPv4Network('10.117.0.0/16'),
 IPv4Network('10.118.0.0/16'),
 IPv4Network('10.119.0.0/16'),
 IPv4Network('10.120.0.0/16'),
 IPv4Network('10.121.0.0/16'),
 IPv4Network('10.122.0.0/16'),
 IPv4Network('10.123.0.0/16'),
 IPv4Network('10.124.0.0/16'),
 IPv4Network('10.125.0.0/16'),
 IPv4Network('10.126.0.0/16'),
 IPv4Network('10.127.0.0/16'),
 IPv4Network('10.128.0.0/16'),
 IPv4Network('10.129.0.0/16'),
 IPv4Network('10.130.0.0/16'),
 IPv4Network('10.131.0.0/16'),
 IPv4Network('10.132.0.0/16'),
 IPv4Network('10.133.0.0/16'),
 IPv4Network('10.134.0.0/16'),
 IPv4Network('10.135.0.0/16'),
 IPv4Network('10.136.0.0/16'),
 IPv4Network('10.137.0.0/16'),
 IPv4Network('10.138.0.0/16'),
 IPv4Network('10.139.0.0/16'),
 IPv4Network('10.140.0.0/16'),
 IPv4Network('10.141.0.0/16'),
 IPv4Network('10.142.0.0/16'),
 IPv4Network('10.143.0.0/16'),
 IPv4Network('10.144.0.0/16'),
 IPv4Network('10.145.0.0/16'),
 IPv4Network('10.146.0.0/16'),
 IPv4Network('10.147.0.0/16'),
 IPv4Network('10.148.0.0/16'),
 IPv4Network('10.149.0.0/16'),
 IPv4Network('10.150.0.0/16'),
 IPv4Network('10.151.0.0/16'),
 IPv4Network('10.152.0.0/16'),
 IPv4Network('10.153.0.0/16'),
 IPv4Network('10.154.0.0/16'),
 IPv4Network('10.155.0.0/16'),
 IPv4Network('10.156.0.0/16'),
 IPv4Network('10.157.0.0/16'),
 IPv4Network('10.158.0.0/16'),
 IPv4Network('10.159.0.0/16'),
 IPv4Network('10.160.0.0/16'),
 IPv4Network('10.161.0.0/16'),
 IPv4Network('10.162.0.0/16'),
 IPv4Network('10.163.0.0/16'),
 IPv4Network('10.164.0.0/16'),
 IPv4Network('10.165.0.0/16'),
 IPv4Network('10.166.0.0/16'),
 IPv4Network('10.167.0.0/16'),
 IPv4Network('10.168.0.0/16'),
 IPv4Network('10.169.0.0/16'),
 IPv4Network('10.170.0.0/16'),
 IPv4Network('10.171.0.0/16'),
 IPv4Network('10.172.0.0/16'),
 IPv4Network('10.173.0.0/16'),
 IPv4Network('10.174.0.0/16'),
 IPv4Network('10.175.0.0/16'),
 IPv4Network('10.176.0.0/16'),
 IPv4Network('10.177.0.0/16'),
 IPv4Network('10.178.0.0/16'),
 IPv4Network('10.179.0.0/16'),
 IPv4Network('10.180.0.0/16'),
 IPv4Network('10.181.0.0/16'),
 IPv4Network('10.182.0.0/16'),
 IPv4Network('10.183.0.0/16'),
 IPv4Network('10.184.0.0/16'),
 IPv4Network('10.185.0.0/16'),
 IPv4Network('10.186.0.0/16'),
 IPv4Network('10.187.0.0/16'),
 IPv4Network('10.188.0.0/16'),
 IPv4Network('10.189.0.0/16'),
 IPv4Network('10.190.0.0/16'),
 IPv4Network('10.191.0.0/16'),
 IPv4Network('10.192.0.0/16'),
 IPv4Network('10.193.0.0/16'),
 IPv4Network('10.194.0.0/16'),
 IPv4Network('10.195.0.0/16'),
 IPv4Network('10.196.0.0/16'),
 IPv4Network('10.197.0.0/16'),
 IPv4Network('10.198.0.0/16'),
 IPv4Network('10.199.0.0/16'),
 IPv4Network('10.200.0.0/16'),
 IPv4Network('10.201.0.0/16'),
 IPv4Network('10.202.0.0/16'),
 IPv4Network('10.203.0.0/16'),
 IPv4Network('10.204.0.0/16'),
 IPv4Network('10.205.0.0/16'),
 IPv4Network('10.206.0.0/16'),
 IPv4Network('10.207.0.0/16'),
 IPv4Network('10.208.0.0/16'),
 IPv4Network('10.209.0.0/16'),
 IPv4Network('10.210.0.0/16'),
 IPv4Network('10.211.0.0/16'),
 IPv4Network('10.212.0.0/16'),
 IPv4Network('10.213.0.0/16'),
 IPv4Network('10.214.0.0/16'),
 IPv4Network('10.215.0.0/16'),
 IPv4Network('10.216.0.0/16'),
 IPv4Network('10.217.0.0/16'),
 IPv4Network('10.218.0.0/16'),
 IPv4Network('10.219.0.0/16'),
 IPv4Network('10.220.0.0/16'),
 IPv4Network('10.221.0.0/16'),
 IPv4Network('10.222.0.0/16'),
 IPv4Network('10.223.0.0/16'),
 IPv4Network('10.224.0.0/16'),
 IPv4Network('10.225.0.0/16'),
 IPv4Network('10.226.0.0/16'),
 IPv4Network('10.227.0.0/16'),
 IPv4Network('10.228.0.0/16'),
 IPv4Network('10.229.0.0/16'),
 IPv4Network('10.230.0.0/16'),
 IPv4Network('10.231.0.0/16'),
 IPv4Network('10.232.0.0/16'),
 IPv4Network('10.233.0.0/16')]
[IPv4Network('10.0.0.0/8'),
 IPv4Network('129.79.0.0/16'),
 IPv4Network('134.68.0.0/16'),
 IPv4Network('140.182.0.0/16'),
 IPv4Network('149.159.0.0/16'),
 IPv4Network('149.160.0.0/14'),
 IPv4Network('156.56.0.0/16'),
 IPv4Network('172.16.0.0/12'),
 IPv4Network('192.168.0.0/24'),
 IPv6Network('::/128'),
 IPv4Network('10.0.0.0/16'),
 IPv4Network('10.1.0.0/16'),
 IPv4Network('10.2.0.0/16'),
 IPv4Network('10.3.0.0/16'),
 IPv4Network('10.4.0.0/16'),
 IPv4Network('10.5.0.0/16'),
 IPv4Network('10.6.0.0/16'),
 IPv4Network('10.7.0.0/16'),
 IPv4Network('10.8.0.0/16'),
 IPv4Network('10.9.0.0/16'),
 IPv4Network('10.10.0.0/16'),
 IPv4Network('10.11.0.0/16'),
 IPv4Network('10.12.0.0/16'),
 IPv4Network('10.13.0.0/16'),
 IPv4Network('10.14.0.0/16'),
 IPv4Network('10.15.0.0/16'),
 IPv4Network('10.16.0.0/16'),
 IPv4Network('10.17.0.0/16'),
 IPv4Network('10.18.0.0/16'),
 IPv4Network('10.19.0.0/16'),
 IPv4Network('10.20.0.0/16'),
 IPv4Network('10.21.0.0/16'),
 IPv4Network('10.22.0.0/16'),
 IPv4Network('10.23.0.0/16'),
 IPv4Network('10.24.0.0/16'),
 IPv4Network('10.25.0.0/16'),
 IPv4Network('10.26.0.0/16'),
 IPv4Network('10.27.0.0/16'),
 IPv4Network('10.28.0.0/16'),
 IPv4Network('10.29.0.0/16'),
 IPv4Network('10.30.0.0/16'),
 IPv4Network('10.31.0.0/16'),
 IPv4Network('10.32.0.0/16'),
 IPv4Network('10.33.0.0/16'),
 IPv4Network('10.34.0.0/16'),
 IPv4Network('10.35.0.0/16'),
 IPv4Network('10.36.0.0/16'),
 IPv4Network('10.37.0.0/16'),
 IPv4Network('10.38.0.0/16'),
 IPv4Network('10.39.0.0/16'),
 IPv4Network('10.40.0.0/16'),
 IPv4Network('10.41.0.0/16'),
 IPv4Network('10.42.0.0/16'),
 IPv4Network('10.43.0.0/16'),
 IPv4Network('10.44.0.0/16'),
 IPv4Network('10.45.0.0/16'),
 IPv4Network('10.46.0.0/16'),
 IPv4Network('10.47.0.0/16'),
 IPv4Network('10.48.0.0/16'),
 IPv4Network('10.49.0.0/16'),
 IPv4Network('10.50.0.0/16'),
 IPv4Network('10.51.0.0/16'),
 IPv4Network('10.52.0.0/16'),
 IPv4Network('10.53.0.0/16'),
 IPv4Network('10.54.0.0/16'),
 IPv4Network('10.55.0.0/16'),
 IPv4Network('10.56.0.0/16'),
 IPv4Network('10.57.0.0/16'),
 IPv4Network('10.58.0.0/16'),
 IPv4Network('10.59.0.0/16'),
 IPv4Network('10.60.0.0/16'),
 IPv4Network('10.61.0.0/16'),
 IPv4Network('10.62.0.0/16'),
 IPv4Network('10.63.0.0/16'),
 IPv4Network('10.64.0.0/16'),
 IPv4Network('10.65.0.0/16'),
 IPv4Network('10.66.0.0/16'),
 IPv4Network('10.67.0.0/16'),
 IPv4Network('10.68.0.0/16'),
 IPv4Network('10.69.0.0/16'),
 IPv4Network('10.70.0.0/16'),
 IPv4Network('10.71.0.0/16'),
 IPv4Network('10.72.0.0/16'),
 IPv4Network('10.73.0.0/16'),
 IPv4Network('10.74.0.0/16'),
 IPv4Network('10.75.0.0/16'),
 IPv4Network('10.76.0.0/16'),
 IPv4Network('10.77.0.0/16'),
 IPv4Network('10.78.0.0/16'),
 IPv4Network('10.79.0.0/16'),
 IPv4Network('10.80.0.0/16'),
 IPv4Network('10.81.0.0/16'),
 IPv4Network('10.82.0.0/16'),
 IPv4Network('10.83.0.0/16'),
 IPv4Network('10.84.0.0/16'),
 IPv4Network('10.85.0.0/16'),
 IPv4Network('10.86.0.0/16'),
 IPv4Network('10.87.0.0/16'),
 IPv4Network('10.88.0.0/16'),
 IPv4Network('10.89.0.0/16'),
 IPv4Network('10.90.0.0/16'),
 IPv4Network('10.91.0.0/16'),
 IPv4Network('10.92.0.0/16'),
 IPv4Network('10.93.0.0/16'),
 IPv4Network('10.94.0.0/16'),
 IPv4Network('10.95.0.0/16'),
 IPv4Network('10.96.0.0/16'),
 IPv4Network('10.97.0.0/16'),
 IPv4Network('10.98.0.0/16'),
 IPv4Network('10.99.0.0/16'),
 IPv4Network('10.100.0.0/16'),
 IPv4Network('10.101.0.0/16'),
 IPv4Network('10.102.0.0/16'),
 IPv4Network('10.103.0.0/16'),
 IPv4Network('10.104.0.0/16'),
 IPv4Network('10.105.0.0/16'),
 IPv4Network('10.106.0.0/16'),
 IPv4Network('10.107.0.0/16'),
 IPv4Network('10.108.0.0/16'),
 IPv4Network('10.109.0.0/16'),
 IPv4Network('10.110.0.0/16'),
 IPv4Network('10.111.0.0/16'),
 IPv4Network('10.112.0.0/16'),
 IPv4Network('10.113.0.0/16'),
 IPv4Network('10.114.0.0/16'),
 IPv4Network('10.115.0.0/16'),
 IPv4Network('10.116.0.0/16'),
 IPv4Network('10.117.0.0/16'),
 IPv4Network('10.118.0.0/16'),
 IPv4Network('10.119.0.0/16'),
 IPv4Network('10.120.0.0/16'),
 IPv4Network('10.121.0.0/16'),
 IPv4Network('10.122.0.0/16'),
 IPv4Network('10.123.0.0/16'),
 IPv4Network('10.124.0.0/16'),
 IPv4Network('10.125.0.0/16'),
 IPv4Network('10.126.0.0/16'),
 IPv4Network('10.127.0.0/16'),
 IPv4Network('10.128.0.0/16'),
 IPv4Network('10.129.0.0/16'),
 IPv4Network('10.130.0.0/16'),
 IPv4Network('10.131.0.0/16'),
 IPv4Network('10.132.0.0/16'),
 IPv4Network('10.133.0.0/16'),
 IPv4Network('10.134.0.0/16'),
 IPv4Network('10.135.0.0/16'),
 IPv4Network('10.136.0.0/16'),
 IPv4Network('10.137.0.0/16'),
 IPv4Network('10.138.0.0/16'),
 IPv4Network('10.139.0.0/16'),
 IPv4Network('10.140.0.0/16'),
 IPv4Network('10.141.0.0/16'),
 IPv4Network('10.142.0.0/16'),
 IPv4Network('10.143.0.0/16'),
 IPv4Network('10.144.0.0/16'),
 IPv4Network('10.145.0.0/16'),
 IPv4Network('10.146.0.0/16'),
 IPv4Network('10.147.0.0/16'),
 IPv4Network('10.148.0.0/16'),
 IPv4Network('10.149.0.0/16'),
 IPv4Network('10.150.0.0/16'),
 IPv4Network('10.151.0.0/16'),
 IPv4Network('10.152.0.0/16'),
 IPv4Network('10.153.0.0/16'),
 IPv4Network('10.154.0.0/16'),
 IPv4Network('10.155.0.0/16'),
 IPv4Network('10.156.0.0/16'),
 IPv4Network('10.157.0.0/16'),
 IPv4Network('10.158.0.0/16'),
 IPv4Network('10.159.0.0/16'),
 IPv4Network('10.160.0.0/16'),
 IPv4Network('10.161.0.0/16'),
 IPv4Network('10.162.0.0/16'),
 IPv4Network('10.163.0.0/16'),
 IPv4Network('10.164.0.0/16'),
 IPv4Network('10.165.0.0/16'),
 IPv4Network('10.166.0.0/16'),
 IPv4Network('10.167.0.0/16'),
 IPv4Network('10.168.0.0/16'),
 IPv4Network('10.169.0.0/16'),
 IPv4Network('10.170.0.0/16'),
 IPv4Network('10.171.0.0/16'),
 IPv4Network('10.172.0.0/16'),
 IPv4Network('10.173.0.0/16'),
 IPv4Network('10.174.0.0/16'),
 IPv4Network('10.175.0.0/16'),
 IPv4Network('10.176.0.0/16'),
 IPv4Network('10.177.0.0/16'),
 IPv4Network('10.178.0.0/16'),
 IPv4Network('10.179.0.0/16'),
 IPv4Network('10.180.0.0/16'),
 IPv4Network('10.181.0.0/16'),
 IPv4Network('10.182.0.0/16'),
 IPv4Network('10.183.0.0/16'),
 IPv4Network('10.184.0.0/16'),
 IPv4Network('10.185.0.0/16'),
 IPv4Network('10.186.0.0/16'),
 IPv4Network('10.187.0.0/16'),
 IPv4Network('10.188.0.0/16'),
 IPv4Network('10.189.0.0/16'),
 IPv4Network('10.190.0.0/16'),
 IPv4Network('10.191.0.0/16'),
 IPv4Network('10.192.0.0/16'),
 IPv4Network('10.193.0.0/16'),
 IPv4Network('10.194.0.0/16'),
 IPv4Network('10.195.0.0/16'),
 IPv4Network('10.196.0.0/16'),
 IPv4Network('10.197.0.0/16'),
 IPv4Network('10.198.0.0/16'),
 IPv4Network('10.199.0.0/16'),
 IPv4Network('10.200.0.0/16'),
 IPv4Network('10.201.0.0/16'),
 IPv4Network('10.202.0.0/16'),
 IPv4Network('10.203.0.0/16'),
 IPv4Network('10.204.0.0/16'),
 IPv4Network('10.205.0.0/16'),
 IPv4Network('10.206.0.0/16'),
 IPv4Network('10.207.0.0/16'),
 IPv4Network('10.208.0.0/16'),
 IPv4Network('10.209.0.0/16'),
 IPv4Network('10.210.0.0/16'),
 IPv4Network('10.211.0.0/16'),
 IPv4Network('10.212.0.0/16'),
 IPv4Network('10.213.0.0/16'),
 IPv4Network('10.214.0.0/16'),
 IPv4Network('10.215.0.0/16'),
 IPv4Network('10.216.0.0/16'),
 IPv4Network('10.217.0.0/16'),
 IPv4Network('10.218.0.0/16'),
 IPv4Network('10.219.0.0/16'),
 IPv4Network('10.220.0.0/16'),
 IPv4Network('10.221.0.0/16'),
 IPv4Network('10.222.0.0/16'),
 IPv4Network('10.223.0.0/16'),
 IPv4Network('10.224.0.0/16'),
 IPv4Network('10.225.0.0/16'),
 IPv4Network('10.226.0.0/16'),
 IPv4Network('10.227.0.0/16'),
 IPv4Network('10.228.0.0/16'),
 IPv4Network('10.229.0.0/16'),
 IPv4Network('10.230.0.0/16'),
 IPv4Network('10.231.0.0/16'),
 IPv4Network('10.232.0.0/16'),
 IPv4Network('10.233.0.0/16'),
 IPv4Network('10.234.0.0/16'),
 IPv4Network('10.235.0.0/16')]
[IPv4Network('10.0.0.0/8'),
 IPv4Network('129.79.0.0/16'),
 IPv4Network('134.68.0.0/16'),
 IPv4Network('140.182.0.0/16'),
 IPv4Network('149.159.0.0/16'),
 IPv4Network('149.160.0.0/14'),
 IPv4Network('156.56.0.0/16'),
 IPv4Network('172.16.0.0/12'),
 IPv4Network('192.168.0.0/24'),
 IPv6Network('::/128'),
 IPv4Network('10.0.0.0/16'),
 IPv4Network('10.1.0.0/16'),
 IPv4Network('10.2.0.0/16'),
 IPv4Network('10.3.0.0/16'),
 IPv4Network('10.4.0.0/16'),
 IPv4Network('10.5.0.0/16'),
 IPv4Network('10.6.0.0/16'),
 IPv4Network('10.7.0.0/16'),
 IPv4Network('10.8.0.0/16'),
 IPv4Network('10.9.0.0/16'),
 IPv4Network('10.10.0.0/16'),
 IPv4Network('10.11.0.0/16'),
 IPv4Network('10.12.0.0/16'),
 IPv4Network('10.13.0.0/16'),
 IPv4Network('10.14.0.0/16'),
 IPv4Network('10.15.0.0/16'),
 IPv4Network('10.16.0.0/16'),
 IPv4Network('10.17.0.0/16'),
 IPv4Network('10.18.0.0/16'),
 IPv4Network('10.19.0.0/16'),
 IPv4Network('10.20.0.0/16'),
 IPv4Network('10.21.0.0/16'),
 IPv4Network('10.22.0.0/16'),
 IPv4Network('10.23.0.0/16'),
 IPv4Network('10.24.0.0/16'),
 IPv4Network('10.25.0.0/16'),
 IPv4Network('10.26.0.0/16'),
 IPv4Network('10.27.0.0/16'),
 IPv4Network('10.28.0.0/16'),
 IPv4Network('10.29.0.0/16'),
 IPv4Network('10.30.0.0/16'),
 IPv4Network('10.31.0.0/16'),
 IPv4Network('10.32.0.0/16'),
 IPv4Network('10.33.0.0/16'),
 IPv4Network('10.34.0.0/16'),
 IPv4Network('10.35.0.0/16'),
 IPv4Network('10.36.0.0/16'),
 IPv4Network('10.37.0.0/16'),
 IPv4Network('10.38.0.0/16'),
 IPv4Network('10.39.0.0/16'),
 IPv4Network('10.40.0.0/16'),
 IPv4Network('10.41.0.0/16'),
 IPv4Network('10.42.0.0/16'),
 IPv4Network('10.43.0.0/16'),
 IPv4Network('10.44.0.0/16'),
 IPv4Network('10.45.0.0/16'),
 IPv4Network('10.46.0.0/16'),
 IPv4Network('10.47.0.0/16'),
 IPv4Network('10.48.0.0/16'),
 IPv4Network('10.49.0.0/16'),
 IPv4Network('10.50.0.0/16'),
 IPv4Network('10.51.0.0/16'),
 IPv4Network('10.52.0.0/16'),
 IPv4Network('10.53.0.0/16'),
 IPv4Network('10.54.0.0/16'),
 IPv4Network('10.55.0.0/16'),
 IPv4Network('10.56.0.0/16'),
 IPv4Network('10.57.0.0/16'),
 IPv4Network('10.58.0.0/16'),
 IPv4Network('10.59.0.0/16'),
 IPv4Network('10.60.0.0/16'),
 IPv4Network('10.61.0.0/16'),
 IPv4Network('10.62.0.0/16'),
 IPv4Network('10.63.0.0/16'),
 IPv4Network('10.64.0.0/16'),
 IPv4Network('10.65.0.0/16'),
 IPv4Network('10.66.0.0/16'),
 IPv4Network('10.67.0.0/16'),
 IPv4Network('10.68.0.0/16'),
 IPv4Network('10.69.0.0/16'),
 IPv4Network('10.70.0.0/16'),
 IPv4Network('10.71.0.0/16'),
 IPv4Network('10.72.0.0/16'),
 IPv4Network('10.73.0.0/16'),
 IPv4Network('10.74.0.0/16'),
 IPv4Network('10.75.0.0/16'),
 IPv4Network('10.76.0.0/16'),
 IPv4Network('10.77.0.0/16'),
 IPv4Network('10.78.0.0/16'),
 IPv4Network('10.79.0.0/16'),
 IPv4Network('10.80.0.0/16'),
 IPv4Network('10.81.0.0/16'),
 IPv4Network('10.82.0.0/16'),
 IPv4Network('10.83.0.0/16'),
 IPv4Network('10.84.0.0/16'),
 IPv4Network('10.85.0.0/16'),
 IPv4Network('10.86.0.0/16'),
 IPv4Network('10.87.0.0/16'),
 IPv4Network('10.88.0.0/16'),
 IPv4Network('10.89.0.0/16'),
 IPv4Network('10.90.0.0/16'),
 IPv4Network('10.91.0.0/16'),
 IPv4Network('10.92.0.0/16'),
 IPv4Network('10.93.0.0/16'),
 IPv4Network('10.94.0.0/16'),
 IPv4Network('10.95.0.0/16'),
 IPv4Network('10.96.0.0/16'),
 IPv4Network('10.97.0.0/16'),
 IPv4Network('10.98.0.0/16'),
 IPv4Network('10.99.0.0/16'),
 IPv4Network('10.100.0.0/16'),
 IPv4Network('10.101.0.0/16'),
 IPv4Network('10.102.0.0/16'),
 IPv4Network('10.103.0.0/16'),
 IPv4Network('10.104.0.0/16'),
 IPv4Network('10.105.0.0/16'),
 IPv4Network('10.106.0.0/16'),
 IPv4Network('10.107.0.0/16'),
 IPv4Network('10.108.0.0/16'),
 IPv4Network('10.109.0.0/16'),
 IPv4Network('10.110.0.0/16'),
 IPv4Network('10.111.0.0/16'),
 IPv4Network('10.112.0.0/16'),
 IPv4Network('10.113.0.0/16'),
 IPv4Network('10.114.0.0/16'),
 IPv4Network('10.115.0.0/16'),
 IPv4Network('10.116.0.0/16'),
 IPv4Network('10.117.0.0/16'),
 IPv4Network('10.118.0.0/16'),
 IPv4Network('10.119.0.0/16'),
 IPv4Network('10.120.0.0/16'),
 IPv4Network('10.121.0.0/16'),
 IPv4Network('10.122.0.0/16'),
 IPv4Network('10.123.0.0/16'),
 IPv4Network('10.124.0.0/16'),
 IPv4Network('10.125.0.0/16'),
 IPv4Network('10.126.0.0/16'),
 IPv4Network('10.127.0.0/16'),
 IPv4Network('10.128.0.0/16'),
 IPv4Network('10.129.0.0/16'),
 IPv4Network('10.130.0.0/16'),
 IPv4Network('10.131.0.0/16'),
 IPv4Network('10.132.0.0/16'),
 IPv4Network('10.133.0.0/16'),
 IPv4Network('10.134.0.0/16'),
 IPv4Network('10.135.0.0/16'),
 IPv4Network('10.136.0.0/16'),
 IPv4Network('10.137.0.0/16'),
 IPv4Network('10.138.0.0/16'),
 IPv4Network('10.139.0.0/16'),
 IPv4Network('10.140.0.0/16'),
 IPv4Network('10.141.0.0/16'),
 IPv4Network('10.142.0.0/16'),
 IPv4Network('10.143.0.0/16'),
 IPv4Network('10.144.0.0/16'),
 IPv4Network('10.145.0.0/16'),
 IPv4Network('10.146.0.0/16'),
 IPv4Network('10.147.0.0/16'),
 IPv4Network('10.148.0.0/16'),
 IPv4Network('10.149.0.0/16'),
 IPv4Network('10.150.0.0/16'),
 IPv4Network('10.151.0.0/16'),
 IPv4Network('10.152.0.0/16'),
 IPv4Network('10.153.0.0/16'),
 IPv4Network('10.154.0.0/16'),
 IPv4Network('10.155.0.0/16'),
 IPv4Network('10.156.0.0/16'),
 IPv4Network('10.157.0.0/16'),
 IPv4Network('10.158.0.0/16'),
 IPv4Network('10.159.0.0/16'),
 IPv4Network('10.160.0.0/16'),
 IPv4Network('10.161.0.0/16'),
 IPv4Network('10.162.0.0/16'),
 IPv4Network('10.163.0.0/16'),
 IPv4Network('10.164.0.0/16'),
 IPv4Network('10.165.0.0/16'),
 IPv4Network('10.166.0.0/16'),
 IPv4Network('10.167.0.0/16'),
 IPv4Network('10.168.0.0/16'),
 IPv4Network('10.169.0.0/16'),
 IPv4Network('10.170.0.0/16'),
 IPv4Network('10.171.0.0/16'),
 IPv4Network('10.172.0.0/16'),
 IPv4Network('10.173.0.0/16'),
 IPv4Network('10.174.0.0/16'),
 IPv4Network('10.175.0.0/16'),
 IPv4Network('10.176.0.0/16'),
 IPv4Network('10.177.0.0/16'),
 IPv4Network('10.178.0.0/16'),
 IPv4Network('10.179.0.0/16'),
 IPv4Network('10.180.0.0/16'),
 IPv4Network('10.181.0.0/16'),
 IPv4Network('10.182.0.0/16'),
 IPv4Network('10.183.0.0/16'),
 IPv4Network('10.184.0.0/16'),
 IPv4Network('10.185.0.0/16'),
 IPv4Network('10.186.0.0/16'),
 IPv4Network('10.187.0.0/16'),
 IPv4Network('10.188.0.0/16'),
 IPv4Network('10.189.0.0/16'),
 IPv4Network('10.190.0.0/16'),
 IPv4Network('10.191.0.0/16'),
 IPv4Network('10.192.0.0/16'),
 IPv4Network('10.193.0.0/16'),
 IPv4Network('10.194.0.0/16'),
 IPv4Network('10.195.0.0/16'),
 IPv4Network('10.196.0.0/16'),
 IPv4Network('10.197.0.0/16'),
 IPv4Network('10.198.0.0/16'),
 IPv4Network('10.199.0.0/16'),
 IPv4Network('10.200.0.0/16'),
 IPv4Network('10.201.0.0/16'),
 IPv4Network('10.202.0.0/16'),
 IPv4Network('10.203.0.0/16'),
 IPv4Network('10.204.0.0/16'),
 IPv4Network('10.205.0.0/16'),
 IPv4Network('10.206.0.0/16'),
 IPv4Network('10.207.0.0/16'),
 IPv4Network('10.208.0.0/16'),
 IPv4Network('10.209.0.0/16'),
 IPv4Network('10.210.0.0/16'),
 IPv4Network('10.211.0.0/16'),
 IPv4Network('10.212.0.0/16'),
 IPv4Network('10.213.0.0/16'),
 IPv4Network('10.214.0.0/16'),
 IPv4Network('10.215.0.0/16'),
 IPv4Network('10.216.0.0/16'),
 IPv4Network('10.217.0.0/16'),
 IPv4Network('10.218.0.0/16'),
 IPv4Network('10.219.0.0/16'),
 IPv4Network('10.220.0.0/16'),
 IPv4Network('10.221.0.0/16'),
 IPv4Network('10.222.0.0/16'),
 IPv4Network('10.223.0.0/16'),
 IPv4Network('10.224.0.0/16'),
 IPv4Network('10.225.0.0/16'),
 IPv4Network('10.226.0.0/16'),
 IPv4Network('10.227.0.0/16'),
 IPv4Network('10.228.0.0/16'),
 IPv4Network('10.229.0.0/16'),
 IPv4Network('10.230.0.0/16'),
 IPv4Network('10.231.0.0/16'),
 IPv4Network('10.232.0.0/16'),
 IPv4Network('10.233.0.0/16'),
 IPv4Network('10.234.0.0/16'),
 IPv4Network('10.235.0.0/16')]
[IPv4Network('10.0.0.0/8'),
 IPv4Network('129.79.0.0/16'),
 IPv4Network('134.68.0.0/16'),
 IPv4Network('140.182.0.0/16'),
 IPv4Network('149.159.0.0/16'),
 IPv4Network('149.160.0.0/14'),
 IPv4Network('156.56.0.0/16'),
 IPv4Network('172.16.0.0/12'),
 IPv4Network('192.168.0.0/24'),
 IPv6Network('::/128'),
 IPv4Network('10.0.0.0/16'),
 IPv4Network('10.1.0.0/16'),
 IPv4Network('10.2.0.0/16'),
 IPv4Network('10.3.0.0/16'),
 IPv4Network('10.4.0.0/16'),
 IPv4Network('10.5.0.0/16'),
 IPv4Network('10.6.0.0/16'),
 IPv4Network('10.7.0.0/16'),
 IPv4Network('10.8.0.0/16'),
 IPv4Network('10.9.0.0/16'),
 IPv4Network('10.10.0.0/16'),
 IPv4Network('10.11.0.0/16'),
 IPv4Network('10.12.0.0/16'),
 IPv4Network('10.13.0.0/16'),
 IPv4Network('10.14.0.0/16'),
 IPv4Network('10.15.0.0/16'),
 IPv4Network('10.16.0.0/16'),
 IPv4Network('10.17.0.0/16'),
 IPv4Network('10.18.0.0/16'),
 IPv4Network('10.19.0.0/16'),
 IPv4Network('10.20.0.0/16'),
 IPv4Network('10.21.0.0/16'),
 IPv4Network('10.22.0.0/16'),
 IPv4Network('10.23.0.0/16'),
 IPv4Network('10.24.0.0/16'),
 IPv4Network('10.25.0.0/16'),
 IPv4Network('10.26.0.0/16'),
 IPv4Network('10.27.0.0/16'),
 IPv4Network('10.28.0.0/16'),
 IPv4Network('10.29.0.0/16'),
 IPv4Network('10.30.0.0/16'),
 IPv4Network('10.31.0.0/16'),
 IPv4Network('10.32.0.0/16'),
 IPv4Network('10.33.0.0/16'),
 IPv4Network('10.34.0.0/16'),
 IPv4Network('10.35.0.0/16'),
 IPv4Network('10.36.0.0/16'),
 IPv4Network('10.37.0.0/16'),
 IPv4Network('10.38.0.0/16'),
 IPv4Network('10.39.0.0/16'),
 IPv4Network('10.40.0.0/16'),
 IPv4Network('10.41.0.0/16'),
 IPv4Network('10.42.0.0/16'),
 IPv4Network('10.43.0.0/16'),
 IPv4Network('10.44.0.0/16'),
 IPv4Network('10.45.0.0/16'),
 IPv4Network('10.46.0.0/16'),
 IPv4Network('10.47.0.0/16'),
 IPv4Network('10.48.0.0/16'),
 IPv4Network('10.49.0.0/16'),
 IPv4Network('10.50.0.0/16'),
 IPv4Network('10.51.0.0/16'),
 IPv4Network('10.52.0.0/16'),
 IPv4Network('10.53.0.0/16'),
 IPv4Network('10.54.0.0/16'),
 IPv4Network('10.55.0.0/16'),
 IPv4Network('10.56.0.0/16'),
 IPv4Network('10.57.0.0/16'),
 IPv4Network('10.58.0.0/16'),
 IPv4Network('10.59.0.0/16'),
 IPv4Network('10.60.0.0/16'),
 IPv4Network('10.61.0.0/16'),
 IPv4Network('10.62.0.0/16'),
 IPv4Network('10.63.0.0/16'),
 IPv4Network('10.64.0.0/16'),
 IPv4Network('10.65.0.0/16'),
 IPv4Network('10.66.0.0/16'),
 IPv4Network('10.67.0.0/16'),
 IPv4Network('10.68.0.0/16'),
 IPv4Network('10.69.0.0/16'),
 IPv4Network('10.70.0.0/16'),
 IPv4Network('10.71.0.0/16'),
 IPv4Network('10.72.0.0/16'),
 IPv4Network('10.73.0.0/16'),
 IPv4Network('10.74.0.0/16'),
 IPv4Network('10.75.0.0/16'),
 IPv4Network('10.76.0.0/16'),
 IPv4Network('10.77.0.0/16'),
 IPv4Network('10.78.0.0/16'),
 IPv4Network('10.79.0.0/16'),
 IPv4Network('10.80.0.0/16'),
 IPv4Network('10.81.0.0/16'),
 IPv4Network('10.82.0.0/16'),
 IPv4Network('10.83.0.0/16'),
 IPv4Network('10.84.0.0/16'),
 IPv4Network('10.85.0.0/16'),
 IPv4Network('10.86.0.0/16'),
 IPv4Network('10.87.0.0/16'),
 IPv4Network('10.88.0.0/16'),
 IPv4Network('10.89.0.0/16'),
 IPv4Network('10.90.0.0/16'),
 IPv4Network('10.91.0.0/16'),
 IPv4Network('10.92.0.0/16'),
 IPv4Network('10.93.0.0/16'),
 IPv4Network('10.94.0.0/16'),
 IPv4Network('10.95.0.0/16'),
 IPv4Network('10.96.0.0/16'),
 IPv4Network('10.97.0.0/16'),
 IPv4Network('10.98.0.0/16'),
 IPv4Network('10.99.0.0/16'),
 IPv4Network('10.100.0.0/16'),
 IPv4Network('10.101.0.0/16'),
 IPv4Network('10.102.0.0/16'),
 IPv4Network('10.103.0.0/16'),
 IPv4Network('10.104.0.0/16'),
 IPv4Network('10.105.0.0/16'),
 IPv4Network('10.106.0.0/16'),
 IPv4Network('10.107.0.0/16'),
 IPv4Network('10.108.0.0/16'),
 IPv4Network('10.109.0.0/16'),
 IPv4Network('10.110.0.0/16'),
 IPv4Network('10.111.0.0/16'),
 IPv4Network('10.112.0.0/16'),
 IPv4Network('10.113.0.0/16'),
 IPv4Network('10.114.0.0/16'),
 IPv4Network('10.115.0.0/16'),
 IPv4Network('10.116.0.0/16'),
 IPv4Network('10.117.0.0/16'),
 IPv4Network('10.118.0.0/16'),
 IPv4Network('10.119.0.0/16'),
 IPv4Network('10.120.0.0/16'),
 IPv4Network('10.121.0.0/16'),
 IPv4Network('10.122.0.0/16'),
 IPv4Network('10.123.0.0/16'),
 IPv4Network('10.124.0.0/16'),
 IPv4Network('10.125.0.0/16'),
 IPv4Network('10.126.0.0/16'),
 IPv4Network('10.127.0.0/16'),
 IPv4Network('10.128.0.0/16'),
 IPv4Network('10.129.0.0/16'),
 IPv4Network('10.130.0.0/16'),
 IPv4Network('10.131.0.0/16'),
 IPv4Network('10.132.0.0/16'),
 IPv4Network('10.133.0.0/16'),
 IPv4Network('10.134.0.0/16'),
 IPv4Network('10.135.0.0/16'),
 IPv4Network('10.136.0.0/16'),
 IPv4Network('10.137.0.0/16'),
 IPv4Network('10.138.0.0/16'),
 IPv4Network('10.139.0.0/16'),
 IPv4Network('10.140.0.0/16'),
 IPv4Network('10.141.0.0/16'),
 IPv4Network('10.142.0.0/16'),
 IPv4Network('10.143.0.0/16'),
 IPv4Network('10.144.0.0/16'),
 IPv4Network('10.145.0.0/16'),
 IPv4Network('10.146.0.0/16'),
 IPv4Network('10.147.0.0/16'),
 IPv4Network('10.148.0.0/16'),
 IPv4Network('10.149.0.0/16'),
 IPv4Network('10.150.0.0/16'),
 IPv4Network('10.151.0.0/16'),
 IPv4Network('10.152.0.0/16'),
 IPv4Network('10.153.0.0/16'),
 IPv4Network('10.154.0.0/16'),
 IPv4Network('10.155.0.0/16'),
 IPv4Network('10.156.0.0/16'),
 IPv4Network('10.157.0.0/16'),
 IPv4Network('10.158.0.0/16'),
 IPv4Network('10.159.0.0/16'),
 IPv4Network('10.160.0.0/16'),
 IPv4Network('10.161.0.0/16'),
 IPv4Network('10.162.0.0/16'),
 IPv4Network('10.163.0.0/16'),
 IPv4Network('10.164.0.0/16'),
 IPv4Network('10.165.0.0/16'),
 IPv4Network('10.166.0.0/16'),
 IPv4Network('10.167.0.0/16'),
 IPv4Network('10.168.0.0/16'),
 IPv4Network('10.169.0.0/16'),
 IPv4Network('10.170.0.0/16'),
 IPv4Network('10.171.0.0/16'),
 IPv4Network('10.172.0.0/16'),
 IPv4Network('10.173.0.0/16'),
 IPv4Network('10.174.0.0/16'),
 IPv4Network('10.175.0.0/16'),
 IPv4Network('10.176.0.0/16'),
 IPv4Network('10.177.0.0/16'),
 IPv4Network('10.178.0.0/16'),
 IPv4Network('10.179.0.0/16'),
 IPv4Network('10.180.0.0/16'),
 IPv4Network('10.181.0.0/16'),
 IPv4Network('10.182.0.0/16'),
 IPv4Network('10.183.0.0/16'),
 IPv4Network('10.184.0.0/16'),
 IPv4Network('10.185.0.0/16'),
 IPv4Network('10.186.0.0/16'),
 IPv4Network('10.187.0.0/16'),
 IPv4Network('10.188.0.0/16'),
 IPv4Network('10.189.0.0/16'),
 IPv4Network('10.190.0.0/16'),
 IPv4Network('10.191.0.0/16'),
 IPv4Network('10.192.0.0/16'),
 IPv4Network('10.193.0.0/16'),
 IPv4Network('10.194.0.0/16'),
 IPv4Network('10.195.0.0/16'),
 IPv4Network('10.196.0.0/16'),
 IPv4Network('10.197.0.0/16'),
 IPv4Network('10.198.0.0/16'),
 IPv4Network('10.199.0.0/16'),
 IPv4Network('10.200.0.0/16'),
 IPv4Network('10.201.0.0/16'),
 IPv4Network('10.202.0.0/16'),
 IPv4Network('10.203.0.0/16'),
 IPv4Network('10.204.0.0/16'),
 IPv4Network('10.205.0.0/16'),
 IPv4Network('10.206.0.0/16'),
 IPv4Network('10.207.0.0/16'),
 IPv4Network('10.208.0.0/16'),
 IPv4Network('10.209.0.0/16'),
 IPv4Network('10.210.0.0/16'),
 IPv4Network('10.211.0.0/16'),
 IPv4Network('10.212.0.0/16'),
 IPv4Network('10.213.0.0/16'),
 IPv4Network('10.214.0.0/16'),
 IPv4Network('10.215.0.0/16'),
 IPv4Network('10.216.0.0/16'),
 IPv4Network('10.217.0.0/16'),
 IPv4Network('10.218.0.0/16'),
 IPv4Network('10.219.0.0/16'),
 IPv4Network('10.220.0.0/16'),
 IPv4Network('10.221.0.0/16'),
 IPv4Network('10.222.0.0/16'),
 IPv4Network('10.223.0.0/16'),
 IPv4Network('10.224.0.0/16'),
 IPv4Network('10.225.0.0/16'),
 IPv4Network('10.226.0.0/16'),
 IPv4Network('10.227.0.0/16'),
 IPv4Network('10.228.0.0/16'),
 IPv4Network('10.229.0.0/16'),
 IPv4Network('10.230.0.0/16'),
 IPv4Network('10.231.0.0/16'),
 IPv4Network('10.232.0.0/16'),
 IPv4Network('10.233.0.0/16'),
 IPv4Network('10.234.0.0/16'),
 IPv4Network('10.235.0.0/16'),
 IPv4Network('10.236.0.0/16'),
 IPv4Network('10.237.0.0/16')]
[IPv4Network('10.0.0.0/8'),
 IPv4Network('129.79.0.0/16'),
 IPv4Network('134.68.0.0/16'),
 IPv4Network('140.182.0.0/16'),
 IPv4Network('149.159.0.0/16'),
 IPv4Network('149.160.0.0/14'),
 IPv4Network('156.56.0.0/16'),
 IPv4Network('172.16.0.0/12'),
 IPv4Network('192.168.0.0/24'),
 IPv6Network('::/128'),
 IPv4Network('10.0.0.0/16'),
 IPv4Network('10.1.0.0/16'),
 IPv4Network('10.2.0.0/16'),
 IPv4Network('10.3.0.0/16'),
 IPv4Network('10.4.0.0/16'),
 IPv4Network('10.5.0.0/16'),
 IPv4Network('10.6.0.0/16'),
 IPv4Network('10.7.0.0/16'),
 IPv4Network('10.8.0.0/16'),
 IPv4Network('10.9.0.0/16'),
 IPv4Network('10.10.0.0/16'),
 IPv4Network('10.11.0.0/16'),
 IPv4Network('10.12.0.0/16'),
 IPv4Network('10.13.0.0/16'),
 IPv4Network('10.14.0.0/16'),
 IPv4Network('10.15.0.0/16'),
 IPv4Network('10.16.0.0/16'),
 IPv4Network('10.17.0.0/16'),
 IPv4Network('10.18.0.0/16'),
 IPv4Network('10.19.0.0/16'),
 IPv4Network('10.20.0.0/16'),
 IPv4Network('10.21.0.0/16'),
 IPv4Network('10.22.0.0/16'),
 IPv4Network('10.23.0.0/16'),
 IPv4Network('10.24.0.0/16'),
 IPv4Network('10.25.0.0/16'),
 IPv4Network('10.26.0.0/16'),
 IPv4Network('10.27.0.0/16'),
 IPv4Network('10.28.0.0/16'),
 IPv4Network('10.29.0.0/16'),
 IPv4Network('10.30.0.0/16'),
 IPv4Network('10.31.0.0/16'),
 IPv4Network('10.32.0.0/16'),
 IPv4Network('10.33.0.0/16'),
 IPv4Network('10.34.0.0/16'),
 IPv4Network('10.35.0.0/16'),
 IPv4Network('10.36.0.0/16'),
 IPv4Network('10.37.0.0/16'),
 IPv4Network('10.38.0.0/16'),
 IPv4Network('10.39.0.0/16'),
 IPv4Network('10.40.0.0/16'),
 IPv4Network('10.41.0.0/16'),
 IPv4Network('10.42.0.0/16'),
 IPv4Network('10.43.0.0/16'),
 IPv4Network('10.44.0.0/16'),
 IPv4Network('10.45.0.0/16'),
 IPv4Network('10.46.0.0/16'),
 IPv4Network('10.47.0.0/16'),
 IPv4Network('10.48.0.0/16'),
 IPv4Network('10.49.0.0/16'),
 IPv4Network('10.50.0.0/16'),
 IPv4Network('10.51.0.0/16'),
 IPv4Network('10.52.0.0/16'),
 IPv4Network('10.53.0.0/16'),
 IPv4Network('10.54.0.0/16'),
 IPv4Network('10.55.0.0/16'),
 IPv4Network('10.56.0.0/16'),
 IPv4Network('10.57.0.0/16'),
 IPv4Network('10.58.0.0/16'),
 IPv4Network('10.59.0.0/16'),
 IPv4Network('10.60.0.0/16'),
 IPv4Network('10.61.0.0/16'),
 IPv4Network('10.62.0.0/16'),
 IPv4Network('10.63.0.0/16'),
 IPv4Network('10.64.0.0/16'),
 IPv4Network('10.65.0.0/16'),
 IPv4Network('10.66.0.0/16'),
 IPv4Network('10.67.0.0/16'),
 IPv4Network('10.68.0.0/16'),
 IPv4Network('10.69.0.0/16'),
 IPv4Network('10.70.0.0/16'),
 IPv4Network('10.71.0.0/16'),
 IPv4Network('10.72.0.0/16'),
 IPv4Network('10.73.0.0/16'),
 IPv4Network('10.74.0.0/16'),
 IPv4Network('10.75.0.0/16'),
 IPv4Network('10.76.0.0/16'),
 IPv4Network('10.77.0.0/16'),
 IPv4Network('10.78.0.0/16'),
 IPv4Network('10.79.0.0/16'),
 IPv4Network('10.80.0.0/16'),
 IPv4Network('10.81.0.0/16'),
 IPv4Network('10.82.0.0/16'),
 IPv4Network('10.83.0.0/16'),
 IPv4Network('10.84.0.0/16'),
 IPv4Network('10.85.0.0/16'),
 IPv4Network('10.86.0.0/16'),
 IPv4Network('10.87.0.0/16'),
 IPv4Network('10.88.0.0/16'),
 IPv4Network('10.89.0.0/16'),
 IPv4Network('10.90.0.0/16'),
 IPv4Network('10.91.0.0/16'),
 IPv4Network('10.92.0.0/16'),
 IPv4Network('10.93.0.0/16'),
 IPv4Network('10.94.0.0/16'),
 IPv4Network('10.95.0.0/16'),
 IPv4Network('10.96.0.0/16'),
 IPv4Network('10.97.0.0/16'),
 IPv4Network('10.98.0.0/16'),
 IPv4Network('10.99.0.0/16'),
 IPv4Network('10.100.0.0/16'),
 IPv4Network('10.101.0.0/16'),
 IPv4Network('10.102.0.0/16'),
 IPv4Network('10.103.0.0/16'),
 IPv4Network('10.104.0.0/16'),
 IPv4Network('10.105.0.0/16'),
 IPv4Network('10.106.0.0/16'),
 IPv4Network('10.107.0.0/16'),
 IPv4Network('10.108.0.0/16'),
 IPv4Network('10.109.0.0/16'),
 IPv4Network('10.110.0.0/16'),
 IPv4Network('10.111.0.0/16'),
 IPv4Network('10.112.0.0/16'),
 IPv4Network('10.113.0.0/16'),
 IPv4Network('10.114.0.0/16'),
 IPv4Network('10.115.0.0/16'),
 IPv4Network('10.116.0.0/16'),
 IPv4Network('10.117.0.0/16'),
 IPv4Network('10.118.0.0/16'),
 IPv4Network('10.119.0.0/16'),
 IPv4Network('10.120.0.0/16'),
 IPv4Network('10.121.0.0/16'),
 IPv4Network('10.122.0.0/16'),
 IPv4Network('10.123.0.0/16'),
 IPv4Network('10.124.0.0/16'),
 IPv4Network('10.125.0.0/16'),
 IPv4Network('10.126.0.0/16'),
 IPv4Network('10.127.0.0/16'),
 IPv4Network('10.128.0.0/16'),
 IPv4Network('10.129.0.0/16'),
 IPv4Network('10.130.0.0/16'),
 IPv4Network('10.131.0.0/16'),
 IPv4Network('10.132.0.0/16'),
 IPv4Network('10.133.0.0/16'),
 IPv4Network('10.134.0.0/16'),
 IPv4Network('10.135.0.0/16'),
 IPv4Network('10.136.0.0/16'),
 IPv4Network('10.137.0.0/16'),
 IPv4Network('10.138.0.0/16'),
 IPv4Network('10.139.0.0/16'),
 IPv4Network('10.140.0.0/16'),
 IPv4Network('10.141.0.0/16'),
 IPv4Network('10.142.0.0/16'),
 IPv4Network('10.143.0.0/16'),
 IPv4Network('10.144.0.0/16'),
 IPv4Network('10.145.0.0/16'),
 IPv4Network('10.146.0.0/16'),
 IPv4Network('10.147.0.0/16'),
 IPv4Network('10.148.0.0/16'),
 IPv4Network('10.149.0.0/16'),
 IPv4Network('10.150.0.0/16'),
 IPv4Network('10.151.0.0/16'),
 IPv4Network('10.152.0.0/16'),
 IPv4Network('10.153.0.0/16'),
 IPv4Network('10.154.0.0/16'),
 IPv4Network('10.155.0.0/16'),
 IPv4Network('10.156.0.0/16'),
 IPv4Network('10.157.0.0/16'),
 IPv4Network('10.158.0.0/16'),
 IPv4Network('10.159.0.0/16'),
 IPv4Network('10.160.0.0/16'),
 IPv4Network('10.161.0.0/16'),
 IPv4Network('10.162.0.0/16'),
 IPv4Network('10.163.0.0/16'),
 IPv4Network('10.164.0.0/16'),
 IPv4Network('10.165.0.0/16'),
 IPv4Network('10.166.0.0/16'),
 IPv4Network('10.167.0.0/16'),
 IPv4Network('10.168.0.0/16'),
 IPv4Network('10.169.0.0/16'),
 IPv4Network('10.170.0.0/16'),
 IPv4Network('10.171.0.0/16'),
 IPv4Network('10.172.0.0/16'),
 IPv4Network('10.173.0.0/16'),
 IPv4Network('10.174.0.0/16'),
 IPv4Network('10.175.0.0/16'),
 IPv4Network('10.176.0.0/16'),
 IPv4Network('10.177.0.0/16'),
 IPv4Network('10.178.0.0/16'),
 IPv4Network('10.179.0.0/16'),
 IPv4Network('10.180.0.0/16'),
 IPv4Network('10.181.0.0/16'),
 IPv4Network('10.182.0.0/16'),
 IPv4Network('10.183.0.0/16'),
 IPv4Network('10.184.0.0/16'),
 IPv4Network('10.185.0.0/16'),
 IPv4Network('10.186.0.0/16'),
 IPv4Network('10.187.0.0/16'),
 IPv4Network('10.188.0.0/16'),
 IPv4Network('10.189.0.0/16'),
 IPv4Network('10.190.0.0/16'),
 IPv4Network('10.191.0.0/16'),
 IPv4Network('10.192.0.0/16'),
 IPv4Network('10.193.0.0/16'),
 IPv4Network('10.194.0.0/16'),
 IPv4Network('10.195.0.0/16'),
 IPv4Network('10.196.0.0/16'),
 IPv4Network('10.197.0.0/16'),
 IPv4Network('10.198.0.0/16'),
 IPv4Network('10.199.0.0/16'),
 IPv4Network('10.200.0.0/16'),
 IPv4Network('10.201.0.0/16'),
 IPv4Network('10.202.0.0/16'),
 IPv4Network('10.203.0.0/16'),
 IPv4Network('10.204.0.0/16'),
 IPv4Network('10.205.0.0/16'),
 IPv4Network('10.206.0.0/16'),
 IPv4Network('10.207.0.0/16'),
 IPv4Network('10.208.0.0/16'),
 IPv4Network('10.209.0.0/16'),
 IPv4Network('10.210.0.0/16'),
 IPv4Network('10.211.0.0/16'),
 IPv4Network('10.212.0.0/16'),
 IPv4Network('10.213.0.0/16'),
 IPv4Network('10.214.0.0/16'),
 IPv4Network('10.215.0.0/16'),
 IPv4Network('10.216.0.0/16'),
 IPv4Network('10.217.0.0/16'),
 IPv4Network('10.218.0.0/16'),
 IPv4Network('10.219.0.0/16'),
 IPv4Network('10.220.0.0/16'),
 IPv4Network('10.221.0.0/16'),
 IPv4Network('10.222.0.0/16'),
 IPv4Network('10.223.0.0/16'),
 IPv4Network('10.224.0.0/16'),
 IPv4Network('10.225.0.0/16'),
 IPv4Network('10.226.0.0/16'),
 IPv4Network('10.227.0.0/16'),
 IPv4Network('10.228.0.0/16'),
 IPv4Network('10.229.0.0/16'),
 IPv4Network('10.230.0.0/16'),
 IPv4Network('10.231.0.0/16'),
 IPv4Network('10.232.0.0/16'),
 IPv4Network('10.233.0.0/16'),
 IPv4Network('10.234.0.0/16'),
 IPv4Network('10.235.0.0/16'),
 IPv4Network('10.236.0.0/16'),
 IPv4Network('10.237.0.0/16'),
 IPv4Network('10.238.0.0/16'),
 IPv4Network('10.239.0.0/16')]
[IPv4Network('10.0.0.0/8'),
 IPv4Network('129.79.0.0/16'),
 IPv4Network('134.68.0.0/16'),
 IPv4Network('140.182.0.0/16'),
 IPv4Network('149.159.0.0/16'),
 IPv4Network('149.160.0.0/14'),
 IPv4Network('156.56.0.0/16'),
 IPv4Network('172.16.0.0/12'),
 IPv4Network('192.168.0.0/24'),
 IPv6Network('::/128'),
 IPv4Network('10.0.0.0/16'),
 IPv4Network('10.1.0.0/16'),
 IPv4Network('10.2.0.0/16'),
 IPv4Network('10.3.0.0/16'),
 IPv4Network('10.4.0.0/16'),
 IPv4Network('10.5.0.0/16'),
 IPv4Network('10.6.0.0/16'),
 IPv4Network('10.7.0.0/16'),
 IPv4Network('10.8.0.0/16'),
 IPv4Network('10.9.0.0/16'),
 IPv4Network('10.10.0.0/16'),
 IPv4Network('10.11.0.0/16'),
 IPv4Network('10.12.0.0/16'),
 IPv4Network('10.13.0.0/16'),
 IPv4Network('10.14.0.0/16'),
 IPv4Network('10.15.0.0/16'),
 IPv4Network('10.16.0.0/16'),
 IPv4Network('10.17.0.0/16'),
 IPv4Network('10.18.0.0/16'),
 IPv4Network('10.19.0.0/16'),
 IPv4Network('10.20.0.0/16'),
 IPv4Network('10.21.0.0/16'),
 IPv4Network('10.22.0.0/16'),
 IPv4Network('10.23.0.0/16'),
 IPv4Network('10.24.0.0/16'),
 IPv4Network('10.25.0.0/16'),
 IPv4Network('10.26.0.0/16'),
 IPv4Network('10.27.0.0/16'),
 IPv4Network('10.28.0.0/16'),
 IPv4Network('10.29.0.0/16'),
 IPv4Network('10.30.0.0/16'),
 IPv4Network('10.31.0.0/16'),
 IPv4Network('10.32.0.0/16'),
 IPv4Network('10.33.0.0/16'),
 IPv4Network('10.34.0.0/16'),
 IPv4Network('10.35.0.0/16'),
 IPv4Network('10.36.0.0/16'),
 IPv4Network('10.37.0.0/16'),
 IPv4Network('10.38.0.0/16'),
 IPv4Network('10.39.0.0/16'),
 IPv4Network('10.40.0.0/16'),
 IPv4Network('10.41.0.0/16'),
 IPv4Network('10.42.0.0/16'),
 IPv4Network('10.43.0.0/16'),
 IPv4Network('10.44.0.0/16'),
 IPv4Network('10.45.0.0/16'),
 IPv4Network('10.46.0.0/16'),
 IPv4Network('10.47.0.0/16'),
 IPv4Network('10.48.0.0/16'),
 IPv4Network('10.49.0.0/16'),
 IPv4Network('10.50.0.0/16'),
 IPv4Network('10.51.0.0/16'),
 IPv4Network('10.52.0.0/16'),
 IPv4Network('10.53.0.0/16'),
 IPv4Network('10.54.0.0/16'),
 IPv4Network('10.55.0.0/16'),
 IPv4Network('10.56.0.0/16'),
 IPv4Network('10.57.0.0/16'),
 IPv4Network('10.58.0.0/16'),
 IPv4Network('10.59.0.0/16'),
 IPv4Network('10.60.0.0/16'),
 IPv4Network('10.61.0.0/16'),
 IPv4Network('10.62.0.0/16'),
 IPv4Network('10.63.0.0/16'),
 IPv4Network('10.64.0.0/16'),
 IPv4Network('10.65.0.0/16'),
 IPv4Network('10.66.0.0/16'),
 IPv4Network('10.67.0.0/16'),
 IPv4Network('10.68.0.0/16'),
 IPv4Network('10.69.0.0/16'),
 IPv4Network('10.70.0.0/16'),
 IPv4Network('10.71.0.0/16'),
 IPv4Network('10.72.0.0/16'),
 IPv4Network('10.73.0.0/16'),
 IPv4Network('10.74.0.0/16'),
 IPv4Network('10.75.0.0/16'),
 IPv4Network('10.76.0.0/16'),
 IPv4Network('10.77.0.0/16'),
 IPv4Network('10.78.0.0/16'),
 IPv4Network('10.79.0.0/16'),
 IPv4Network('10.80.0.0/16'),
 IPv4Network('10.81.0.0/16'),
 IPv4Network('10.82.0.0/16'),
 IPv4Network('10.83.0.0/16'),
 IPv4Network('10.84.0.0/16'),
 IPv4Network('10.85.0.0/16'),
 IPv4Network('10.86.0.0/16'),
 IPv4Network('10.87.0.0/16'),
 IPv4Network('10.88.0.0/16'),
 IPv4Network('10.89.0.0/16'),
 IPv4Network('10.90.0.0/16'),
 IPv4Network('10.91.0.0/16'),
 IPv4Network('10.92.0.0/16'),
 IPv4Network('10.93.0.0/16'),
 IPv4Network('10.94.0.0/16'),
 IPv4Network('10.95.0.0/16'),
 IPv4Network('10.96.0.0/16'),
 IPv4Network('10.97.0.0/16'),
 IPv4Network('10.98.0.0/16'),
 IPv4Network('10.99.0.0/16'),
 IPv4Network('10.100.0.0/16'),
 IPv4Network('10.101.0.0/16'),
 IPv4Network('10.102.0.0/16'),
 IPv4Network('10.103.0.0/16'),
 IPv4Network('10.104.0.0/16'),
 IPv4Network('10.105.0.0/16'),
 IPv4Network('10.106.0.0/16'),
 IPv4Network('10.107.0.0/16'),
 IPv4Network('10.108.0.0/16'),
 IPv4Network('10.109.0.0/16'),
 IPv4Network('10.110.0.0/16'),
 IPv4Network('10.111.0.0/16'),
 IPv4Network('10.112.0.0/16'),
 IPv4Network('10.113.0.0/16'),
 IPv4Network('10.114.0.0/16'),
 IPv4Network('10.115.0.0/16'),
 IPv4Network('10.116.0.0/16'),
 IPv4Network('10.117.0.0/16'),
 IPv4Network('10.118.0.0/16'),
 IPv4Network('10.119.0.0/16'),
 IPv4Network('10.120.0.0/16'),
 IPv4Network('10.121.0.0/16'),
 IPv4Network('10.122.0.0/16'),
 IPv4Network('10.123.0.0/16'),
 IPv4Network('10.124.0.0/16'),
 IPv4Network('10.125.0.0/16'),
 IPv4Network('10.126.0.0/16'),
 IPv4Network('10.127.0.0/16'),
 IPv4Network('10.128.0.0/16'),
 IPv4Network('10.129.0.0/16'),
 IPv4Network('10.130.0.0/16'),
 IPv4Network('10.131.0.0/16'),
 IPv4Network('10.132.0.0/16'),
 IPv4Network('10.133.0.0/16'),
 IPv4Network('10.134.0.0/16'),
 IPv4Network('10.135.0.0/16'),
 IPv4Network('10.136.0.0/16'),
 IPv4Network('10.137.0.0/16'),
 IPv4Network('10.138.0.0/16'),
 IPv4Network('10.139.0.0/16'),
 IPv4Network('10.140.0.0/16'),
 IPv4Network('10.141.0.0/16'),
 IPv4Network('10.142.0.0/16'),
 IPv4Network('10.143.0.0/16'),
 IPv4Network('10.144.0.0/16'),
 IPv4Network('10.145.0.0/16'),
 IPv4Network('10.146.0.0/16'),
 IPv4Network('10.147.0.0/16'),
 IPv4Network('10.148.0.0/16'),
 IPv4Network('10.149.0.0/16'),
 IPv4Network('10.150.0.0/16'),
 IPv4Network('10.151.0.0/16'),
 IPv4Network('10.152.0.0/16'),
 IPv4Network('10.153.0.0/16'),
 IPv4Network('10.154.0.0/16'),
 IPv4Network('10.155.0.0/16'),
 IPv4Network('10.156.0.0/16'),
 IPv4Network('10.157.0.0/16'),
 IPv4Network('10.158.0.0/16'),
 IPv4Network('10.159.0.0/16'),
 IPv4Network('10.160.0.0/16'),
 IPv4Network('10.161.0.0/16'),
 IPv4Network('10.162.0.0/16'),
 IPv4Network('10.163.0.0/16'),
 IPv4Network('10.164.0.0/16'),
 IPv4Network('10.165.0.0/16'),
 IPv4Network('10.166.0.0/16'),
 IPv4Network('10.167.0.0/16'),
 IPv4Network('10.168.0.0/16'),
 IPv4Network('10.169.0.0/16'),
 IPv4Network('10.170.0.0/16'),
 IPv4Network('10.171.0.0/16'),
 IPv4Network('10.172.0.0/16'),
 IPv4Network('10.173.0.0/16'),
 IPv4Network('10.174.0.0/16'),
 IPv4Network('10.175.0.0/16'),
 IPv4Network('10.176.0.0/16'),
 IPv4Network('10.177.0.0/16'),
 IPv4Network('10.178.0.0/16'),
 IPv4Network('10.179.0.0/16'),
 IPv4Network('10.180.0.0/16'),
 IPv4Network('10.181.0.0/16'),
 IPv4Network('10.182.0.0/16'),
 IPv4Network('10.183.0.0/16'),
 IPv4Network('10.184.0.0/16'),
 IPv4Network('10.185.0.0/16'),
 IPv4Network('10.186.0.0/16'),
 IPv4Network('10.187.0.0/16'),
 IPv4Network('10.188.0.0/16'),
 IPv4Network('10.189.0.0/16'),
 IPv4Network('10.190.0.0/16'),
 IPv4Network('10.191.0.0/16'),
 IPv4Network('10.192.0.0/16'),
 IPv4Network('10.193.0.0/16'),
 IPv4Network('10.194.0.0/16'),
 IPv4Network('10.195.0.0/16'),
 IPv4Network('10.196.0.0/16'),
 IPv4Network('10.197.0.0/16'),
 IPv4Network('10.198.0.0/16'),
 IPv4Network('10.199.0.0/16'),
 IPv4Network('10.200.0.0/16'),
 IPv4Network('10.201.0.0/16'),
 IPv4Network('10.202.0.0/16'),
 IPv4Network('10.203.0.0/16'),
 IPv4Network('10.204.0.0/16'),
 IPv4Network('10.205.0.0/16'),
 IPv4Network('10.206.0.0/16'),
 IPv4Network('10.207.0.0/16'),
 IPv4Network('10.208.0.0/16'),
 IPv4Network('10.209.0.0/16'),
 IPv4Network('10.210.0.0/16'),
 IPv4Network('10.211.0.0/16'),
 IPv4Network('10.212.0.0/16'),
 IPv4Network('10.213.0.0/16'),
 IPv4Network('10.214.0.0/16'),
 IPv4Network('10.215.0.0/16'),
 IPv4Network('10.216.0.0/16'),
 IPv4Network('10.217.0.0/16'),
 IPv4Network('10.218.0.0/16'),
 IPv4Network('10.219.0.0/16'),
 IPv4Network('10.220.0.0/16'),
 IPv4Network('10.221.0.0/16'),
 IPv4Network('10.222.0.0/16'),
 IPv4Network('10.223.0.0/16'),
 IPv4Network('10.224.0.0/16'),
 IPv4Network('10.225.0.0/16'),
 IPv4Network('10.226.0.0/16'),
 IPv4Network('10.227.0.0/16'),
 IPv4Network('10.228.0.0/16'),
 IPv4Network('10.229.0.0/16'),
 IPv4Network('10.230.0.0/16'),
 IPv4Network('10.231.0.0/16'),
 IPv4Network('10.232.0.0/16'),
 IPv4Network('10.233.0.0/16'),
 IPv4Network('10.234.0.0/16'),
 IPv4Network('10.235.0.0/16'),
 IPv4Network('10.236.0.0/16'),
 IPv4Network('10.237.0.0/16'),
 IPv4Network('10.238.0.0/16'),
 IPv4Network('10.239.0.0/16')]
[IPv4Network('10.0.0.0/8'),
 IPv4Network('129.79.0.0/16'),
 IPv4Network('134.68.0.0/16'),
 IPv4Network('140.182.0.0/16'),
 IPv4Network('149.159.0.0/16'),
 IPv4Network('149.160.0.0/14'),
 IPv4Network('156.56.0.0/16'),
 IPv4Network('172.16.0.0/12'),
 IPv4Network('192.168.0.0/24'),
 IPv6Network('::/128'),
 IPv4Network('10.0.0.0/16'),
 IPv4Network('10.1.0.0/16'),
 IPv4Network('10.2.0.0/16'),
 IPv4Network('10.3.0.0/16'),
 IPv4Network('10.4.0.0/16'),
 IPv4Network('10.5.0.0/16'),
 IPv4Network('10.6.0.0/16'),
 IPv4Network('10.7.0.0/16'),
 IPv4Network('10.8.0.0/16'),
 IPv4Network('10.9.0.0/16'),
 IPv4Network('10.10.0.0/16'),
 IPv4Network('10.11.0.0/16'),
 IPv4Network('10.12.0.0/16'),
 IPv4Network('10.13.0.0/16'),
 IPv4Network('10.14.0.0/16'),
 IPv4Network('10.15.0.0/16'),
 IPv4Network('10.16.0.0/16'),
 IPv4Network('10.17.0.0/16'),
 IPv4Network('10.18.0.0/16'),
 IPv4Network('10.19.0.0/16'),
 IPv4Network('10.20.0.0/16'),
 IPv4Network('10.21.0.0/16'),
 IPv4Network('10.22.0.0/16'),
 IPv4Network('10.23.0.0/16'),
 IPv4Network('10.24.0.0/16'),
 IPv4Network('10.25.0.0/16'),
 IPv4Network('10.26.0.0/16'),
 IPv4Network('10.27.0.0/16'),
 IPv4Network('10.28.0.0/16'),
 IPv4Network('10.29.0.0/16'),
 IPv4Network('10.30.0.0/16'),
 IPv4Network('10.31.0.0/16'),
 IPv4Network('10.32.0.0/16'),
 IPv4Network('10.33.0.0/16'),
 IPv4Network('10.34.0.0/16'),
 IPv4Network('10.35.0.0/16'),
 IPv4Network('10.36.0.0/16'),
 IPv4Network('10.37.0.0/16'),
 IPv4Network('10.38.0.0/16'),
 IPv4Network('10.39.0.0/16'),
 IPv4Network('10.40.0.0/16'),
 IPv4Network('10.41.0.0/16'),
 IPv4Network('10.42.0.0/16'),
 IPv4Network('10.43.0.0/16'),
 IPv4Network('10.44.0.0/16'),
 IPv4Network('10.45.0.0/16'),
 IPv4Network('10.46.0.0/16'),
 IPv4Network('10.47.0.0/16'),
 IPv4Network('10.48.0.0/16'),
 IPv4Network('10.49.0.0/16'),
 IPv4Network('10.50.0.0/16'),
 IPv4Network('10.51.0.0/16'),
 IPv4Network('10.52.0.0/16'),
 IPv4Network('10.53.0.0/16'),
 IPv4Network('10.54.0.0/16'),
 IPv4Network('10.55.0.0/16'),
 IPv4Network('10.56.0.0/16'),
 IPv4Network('10.57.0.0/16'),
 IPv4Network('10.58.0.0/16'),
 IPv4Network('10.59.0.0/16'),
 IPv4Network('10.60.0.0/16'),
 IPv4Network('10.61.0.0/16'),
 IPv4Network('10.62.0.0/16'),
 IPv4Network('10.63.0.0/16'),
 IPv4Network('10.64.0.0/16'),
 IPv4Network('10.65.0.0/16'),
 IPv4Network('10.66.0.0/16'),
 IPv4Network('10.67.0.0/16'),
 IPv4Network('10.68.0.0/16'),
 IPv4Network('10.69.0.0/16'),
 IPv4Network('10.70.0.0/16'),
 IPv4Network('10.71.0.0/16'),
 IPv4Network('10.72.0.0/16'),
 IPv4Network('10.73.0.0/16'),
 IPv4Network('10.74.0.0/16'),
 IPv4Network('10.75.0.0/16'),
 IPv4Network('10.76.0.0/16'),
 IPv4Network('10.77.0.0/16'),
 IPv4Network('10.78.0.0/16'),
 IPv4Network('10.79.0.0/16'),
 IPv4Network('10.80.0.0/16'),
 IPv4Network('10.81.0.0/16'),
 IPv4Network('10.82.0.0/16'),
 IPv4Network('10.83.0.0/16'),
 IPv4Network('10.84.0.0/16'),
 IPv4Network('10.85.0.0/16'),
 IPv4Network('10.86.0.0/16'),
 IPv4Network('10.87.0.0/16'),
 IPv4Network('10.88.0.0/16'),
 IPv4Network('10.89.0.0/16'),
 IPv4Network('10.90.0.0/16'),
 IPv4Network('10.91.0.0/16'),
 IPv4Network('10.92.0.0/16'),
 IPv4Network('10.93.0.0/16'),
 IPv4Network('10.94.0.0/16'),
 IPv4Network('10.95.0.0/16'),
 IPv4Network('10.96.0.0/16'),
 IPv4Network('10.97.0.0/16'),
 IPv4Network('10.98.0.0/16'),
 IPv4Network('10.99.0.0/16'),
 IPv4Network('10.100.0.0/16'),
 IPv4Network('10.101.0.0/16'),
 IPv4Network('10.102.0.0/16'),
 IPv4Network('10.103.0.0/16'),
 IPv4Network('10.104.0.0/16'),
 IPv4Network('10.105.0.0/16'),
 IPv4Network('10.106.0.0/16'),
 IPv4Network('10.107.0.0/16'),
 IPv4Network('10.108.0.0/16'),
 IPv4Network('10.109.0.0/16'),
 IPv4Network('10.110.0.0/16'),
 IPv4Network('10.111.0.0/16'),
 IPv4Network('10.112.0.0/16'),
 IPv4Network('10.113.0.0/16'),
 IPv4Network('10.114.0.0/16'),
 IPv4Network('10.115.0.0/16'),
 IPv4Network('10.116.0.0/16'),
 IPv4Network('10.117.0.0/16'),
 IPv4Network('10.118.0.0/16'),
 IPv4Network('10.119.0.0/16'),
 IPv4Network('10.120.0.0/16'),
 IPv4Network('10.121.0.0/16'),
 IPv4Network('10.122.0.0/16'),
 IPv4Network('10.123.0.0/16'),
 IPv4Network('10.124.0.0/16'),
 IPv4Network('10.125.0.0/16'),
 IPv4Network('10.126.0.0/16'),
 IPv4Network('10.127.0.0/16'),
 IPv4Network('10.128.0.0/16'),
 IPv4Network('10.129.0.0/16'),
 IPv4Network('10.130.0.0/16'),
 IPv4Network('10.131.0.0/16'),
 IPv4Network('10.132.0.0/16'),
 IPv4Network('10.133.0.0/16'),
 IPv4Network('10.134.0.0/16'),
 IPv4Network('10.135.0.0/16'),
 IPv4Network('10.136.0.0/16'),
 IPv4Network('10.137.0.0/16'),
 IPv4Network('10.138.0.0/16'),
 IPv4Network('10.139.0.0/16'),
 IPv4Network('10.140.0.0/16'),
 IPv4Network('10.141.0.0/16'),
 IPv4Network('10.142.0.0/16'),
 IPv4Network('10.143.0.0/16'),
 IPv4Network('10.144.0.0/16'),
 IPv4Network('10.145.0.0/16'),
 IPv4Network('10.146.0.0/16'),
 IPv4Network('10.147.0.0/16'),
 IPv4Network('10.148.0.0/16'),
 IPv4Network('10.149.0.0/16'),
 IPv4Network('10.150.0.0/16'),
 IPv4Network('10.151.0.0/16'),
 IPv4Network('10.152.0.0/16'),
 IPv4Network('10.153.0.0/16'),
 IPv4Network('10.154.0.0/16'),
 IPv4Network('10.155.0.0/16'),
 IPv4Network('10.156.0.0/16'),
 IPv4Network('10.157.0.0/16'),
 IPv4Network('10.158.0.0/16'),
 IPv4Network('10.159.0.0/16'),
 IPv4Network('10.160.0.0/16'),
 IPv4Network('10.161.0.0/16'),
 IPv4Network('10.162.0.0/16'),
 IPv4Network('10.163.0.0/16'),
 IPv4Network('10.164.0.0/16'),
 IPv4Network('10.165.0.0/16'),
 IPv4Network('10.166.0.0/16'),
 IPv4Network('10.167.0.0/16'),
 IPv4Network('10.168.0.0/16'),
 IPv4Network('10.169.0.0/16'),
 IPv4Network('10.170.0.0/16'),
 IPv4Network('10.171.0.0/16'),
 IPv4Network('10.172.0.0/16'),
 IPv4Network('10.173.0.0/16'),
 IPv4Network('10.174.0.0/16'),
 IPv4Network('10.175.0.0/16'),
 IPv4Network('10.176.0.0/16'),
 IPv4Network('10.177.0.0/16'),
 IPv4Network('10.178.0.0/16'),
 IPv4Network('10.179.0.0/16'),
 IPv4Network('10.180.0.0/16'),
 IPv4Network('10.181.0.0/16'),
 IPv4Network('10.182.0.0/16'),
 IPv4Network('10.183.0.0/16'),
 IPv4Network('10.184.0.0/16'),
 IPv4Network('10.185.0.0/16'),
 IPv4Network('10.186.0.0/16'),
 IPv4Network('10.187.0.0/16'),
 IPv4Network('10.188.0.0/16'),
 IPv4Network('10.189.0.0/16'),
 IPv4Network('10.190.0.0/16'),
 IPv4Network('10.191.0.0/16'),
 IPv4Network('10.192.0.0/16'),
 IPv4Network('10.193.0.0/16'),
 IPv4Network('10.194.0.0/16'),
 IPv4Network('10.195.0.0/16'),
 IPv4Network('10.196.0.0/16'),
 IPv4Network('10.197.0.0/16'),
 IPv4Network('10.198.0.0/16'),
 IPv4Network('10.199.0.0/16'),
 IPv4Network('10.200.0.0/16'),
 IPv4Network('10.201.0.0/16'),
 IPv4Network('10.202.0.0/16'),
 IPv4Network('10.203.0.0/16'),
 IPv4Network('10.204.0.0/16'),
 IPv4Network('10.205.0.0/16'),
 IPv4Network('10.206.0.0/16'),
 IPv4Network('10.207.0.0/16'),
 IPv4Network('10.208.0.0/16'),
 IPv4Network('10.209.0.0/16'),
 IPv4Network('10.210.0.0/16'),
 IPv4Network('10.211.0.0/16'),
 IPv4Network('10.212.0.0/16'),
 IPv4Network('10.213.0.0/16'),
 IPv4Network('10.214.0.0/16'),
 IPv4Network('10.215.0.0/16'),
 IPv4Network('10.216.0.0/16'),
 IPv4Network('10.217.0.0/16'),
 IPv4Network('10.218.0.0/16'),
 IPv4Network('10.219.0.0/16'),
 IPv4Network('10.220.0.0/16'),
 IPv4Network('10.221.0.0/16'),
 IPv4Network('10.222.0.0/16'),
 IPv4Network('10.223.0.0/16'),
 IPv4Network('10.224.0.0/16'),
 IPv4Network('10.225.0.0/16'),
 IPv4Network('10.226.0.0/16'),
 IPv4Network('10.227.0.0/16'),
 IPv4Network('10.228.0.0/16'),
 IPv4Network('10.229.0.0/16'),
 IPv4Network('10.230.0.0/16'),
 IPv4Network('10.231.0.0/16'),
 IPv4Network('10.232.0.0/16'),
 IPv4Network('10.233.0.0/16'),
 IPv4Network('10.234.0.0/16'),
 IPv4Network('10.235.0.0/16'),
 IPv4Network('10.236.0.0/16'),
 IPv4Network('10.237.0.0/16'),
 IPv4Network('10.238.0.0/16'),
 IPv4Network('10.239.0.0/16')]
[IPv4Network('10.0.0.0/8'),
 IPv4Network('129.79.0.0/16'),
 IPv4Network('134.68.0.0/16'),
 IPv4Network('140.182.0.0/16'),
 IPv4Network('149.159.0.0/16'),
 IPv4Network('149.160.0.0/14'),
 IPv4Network('156.56.0.0/16'),
 IPv4Network('172.16.0.0/12'),
 IPv4Network('192.168.0.0/24'),
 IPv6Network('::/128'),
 IPv4Network('10.0.0.0/16'),
 IPv4Network('10.1.0.0/16'),
 IPv4Network('10.2.0.0/16'),
 IPv4Network('10.3.0.0/16'),
 IPv4Network('10.4.0.0/16'),
 IPv4Network('10.5.0.0/16'),
 IPv4Network('10.6.0.0/16'),
 IPv4Network('10.7.0.0/16'),
 IPv4Network('10.8.0.0/16'),
 IPv4Network('10.9.0.0/16'),
 IPv4Network('10.10.0.0/16'),
 IPv4Network('10.11.0.0/16'),
 IPv4Network('10.12.0.0/16'),
 IPv4Network('10.13.0.0/16'),
 IPv4Network('10.14.0.0/16'),
 IPv4Network('10.15.0.0/16'),
 IPv4Network('10.16.0.0/16'),
 IPv4Network('10.17.0.0/16'),
 IPv4Network('10.18.0.0/16'),
 IPv4Network('10.19.0.0/16'),
 IPv4Network('10.20.0.0/16'),
 IPv4Network('10.21.0.0/16'),
 IPv4Network('10.22.0.0/16'),
 IPv4Network('10.23.0.0/16'),
 IPv4Network('10.24.0.0/16'),
 IPv4Network('10.25.0.0/16'),
 IPv4Network('10.26.0.0/16'),
 IPv4Network('10.27.0.0/16'),
 IPv4Network('10.28.0.0/16'),
 IPv4Network('10.29.0.0/16'),
 IPv4Network('10.30.0.0/16'),
 IPv4Network('10.31.0.0/16'),
 IPv4Network('10.32.0.0/16'),
 IPv4Network('10.33.0.0/16'),
 IPv4Network('10.34.0.0/16'),
 IPv4Network('10.35.0.0/16'),
 IPv4Network('10.36.0.0/16'),
 IPv4Network('10.37.0.0/16'),
 IPv4Network('10.38.0.0/16'),
 IPv4Network('10.39.0.0/16'),
 IPv4Network('10.40.0.0/16'),
 IPv4Network('10.41.0.0/16'),
 IPv4Network('10.42.0.0/16'),
 IPv4Network('10.43.0.0/16'),
 IPv4Network('10.44.0.0/16'),
 IPv4Network('10.45.0.0/16'),
 IPv4Network('10.46.0.0/16'),
 IPv4Network('10.47.0.0/16'),
 IPv4Network('10.48.0.0/16'),
 IPv4Network('10.49.0.0/16'),
 IPv4Network('10.50.0.0/16'),
 IPv4Network('10.51.0.0/16'),
 IPv4Network('10.52.0.0/16'),
 IPv4Network('10.53.0.0/16'),
 IPv4Network('10.54.0.0/16'),
 IPv4Network('10.55.0.0/16'),
 IPv4Network('10.56.0.0/16'),
 IPv4Network('10.57.0.0/16'),
 IPv4Network('10.58.0.0/16'),
 IPv4Network('10.59.0.0/16'),
 IPv4Network('10.60.0.0/16'),
 IPv4Network('10.61.0.0/16'),
 IPv4Network('10.62.0.0/16'),
 IPv4Network('10.63.0.0/16'),
 IPv4Network('10.64.0.0/16'),
 IPv4Network('10.65.0.0/16'),
 IPv4Network('10.66.0.0/16'),
 IPv4Network('10.67.0.0/16'),
 IPv4Network('10.68.0.0/16'),
 IPv4Network('10.69.0.0/16'),
 IPv4Network('10.70.0.0/16'),
 IPv4Network('10.71.0.0/16'),
 IPv4Network('10.72.0.0/16'),
 IPv4Network('10.73.0.0/16'),
 IPv4Network('10.74.0.0/16'),
 IPv4Network('10.75.0.0/16'),
 IPv4Network('10.76.0.0/16'),
 IPv4Network('10.77.0.0/16'),
 IPv4Network('10.78.0.0/16'),
 IPv4Network('10.79.0.0/16'),
 IPv4Network('10.80.0.0/16'),
 IPv4Network('10.81.0.0/16'),
 IPv4Network('10.82.0.0/16'),
 IPv4Network('10.83.0.0/16'),
 IPv4Network('10.84.0.0/16'),
 IPv4Network('10.85.0.0/16'),
 IPv4Network('10.86.0.0/16'),
 IPv4Network('10.87.0.0/16'),
 IPv4Network('10.88.0.0/16'),
 IPv4Network('10.89.0.0/16'),
 IPv4Network('10.90.0.0/16'),
 IPv4Network('10.91.0.0/16'),
 IPv4Network('10.92.0.0/16'),
 IPv4Network('10.93.0.0/16'),
 IPv4Network('10.94.0.0/16'),
 IPv4Network('10.95.0.0/16'),
 IPv4Network('10.96.0.0/16'),
 IPv4Network('10.97.0.0/16'),
 IPv4Network('10.98.0.0/16'),
 IPv4Network('10.99.0.0/16'),
 IPv4Network('10.100.0.0/16'),
 IPv4Network('10.101.0.0/16'),
 IPv4Network('10.102.0.0/16'),
 IPv4Network('10.103.0.0/16'),
 IPv4Network('10.104.0.0/16'),
 IPv4Network('10.105.0.0/16'),
 IPv4Network('10.106.0.0/16'),
 IPv4Network('10.107.0.0/16'),
 IPv4Network('10.108.0.0/16'),
 IPv4Network('10.109.0.0/16'),
 IPv4Network('10.110.0.0/16'),
 IPv4Network('10.111.0.0/16'),
 IPv4Network('10.112.0.0/16'),
 IPv4Network('10.113.0.0/16'),
 IPv4Network('10.114.0.0/16'),
 IPv4Network('10.115.0.0/16'),
 IPv4Network('10.116.0.0/16'),
 IPv4Network('10.117.0.0/16'),
 IPv4Network('10.118.0.0/16'),
 IPv4Network('10.119.0.0/16'),
 IPv4Network('10.120.0.0/16'),
 IPv4Network('10.121.0.0/16'),
 IPv4Network('10.122.0.0/16'),
 IPv4Network('10.123.0.0/16'),
 IPv4Network('10.124.0.0/16'),
 IPv4Network('10.125.0.0/16'),
 IPv4Network('10.126.0.0/16'),
 IPv4Network('10.127.0.0/16'),
 IPv4Network('10.128.0.0/16'),
 IPv4Network('10.129.0.0/16'),
 IPv4Network('10.130.0.0/16'),
 IPv4Network('10.131.0.0/16'),
 IPv4Network('10.132.0.0/16'),
 IPv4Network('10.133.0.0/16'),
 IPv4Network('10.134.0.0/16'),
 IPv4Network('10.135.0.0/16'),
 IPv4Network('10.136.0.0/16'),
 IPv4Network('10.137.0.0/16'),
 IPv4Network('10.138.0.0/16'),
 IPv4Network('10.139.0.0/16'),
 IPv4Network('10.140.0.0/16'),
 IPv4Network('10.141.0.0/16'),
 IPv4Network('10.142.0.0/16'),
 IPv4Network('10.143.0.0/16'),
 IPv4Network('10.144.0.0/16'),
 IPv4Network('10.145.0.0/16'),
 IPv4Network('10.146.0.0/16'),
 IPv4Network('10.147.0.0/16'),
 IPv4Network('10.148.0.0/16'),
 IPv4Network('10.149.0.0/16'),
 IPv4Network('10.150.0.0/16'),
 IPv4Network('10.151.0.0/16'),
 IPv4Network('10.152.0.0/16'),
 IPv4Network('10.153.0.0/16'),
 IPv4Network('10.154.0.0/16'),
 IPv4Network('10.155.0.0/16'),
 IPv4Network('10.156.0.0/16'),
 IPv4Network('10.157.0.0/16'),
 IPv4Network('10.158.0.0/16'),
 IPv4Network('10.159.0.0/16'),
 IPv4Network('10.160.0.0/16'),
 IPv4Network('10.161.0.0/16'),
 IPv4Network('10.162.0.0/16'),
 IPv4Network('10.163.0.0/16'),
 IPv4Network('10.164.0.0/16'),
 IPv4Network('10.165.0.0/16'),
 IPv4Network('10.166.0.0/16'),
 IPv4Network('10.167.0.0/16'),
 IPv4Network('10.168.0.0/16'),
 IPv4Network('10.169.0.0/16'),
 IPv4Network('10.170.0.0/16'),
 IPv4Network('10.171.0.0/16'),
 IPv4Network('10.172.0.0/16'),
 IPv4Network('10.173.0.0/16'),
 IPv4Network('10.174.0.0/16'),
 IPv4Network('10.175.0.0/16'),
 IPv4Network('10.176.0.0/16'),
 IPv4Network('10.177.0.0/16'),
 IPv4Network('10.178.0.0/16'),
 IPv4Network('10.179.0.0/16'),
 IPv4Network('10.180.0.0/16'),
 IPv4Network('10.181.0.0/16'),
 IPv4Network('10.182.0.0/16'),
 IPv4Network('10.183.0.0/16'),
 IPv4Network('10.184.0.0/16'),
 IPv4Network('10.185.0.0/16'),
 IPv4Network('10.186.0.0/16'),
 IPv4Network('10.187.0.0/16'),
 IPv4Network('10.188.0.0/16'),
 IPv4Network('10.189.0.0/16'),
 IPv4Network('10.190.0.0/16'),
 IPv4Network('10.191.0.0/16'),
 IPv4Network('10.192.0.0/16'),
 IPv4Network('10.193.0.0/16'),
 IPv4Network('10.194.0.0/16'),
 IPv4Network('10.195.0.0/16'),
 IPv4Network('10.196.0.0/16'),
 IPv4Network('10.197.0.0/16'),
 IPv4Network('10.198.0.0/16'),
 IPv4Network('10.199.0.0/16'),
 IPv4Network('10.200.0.0/16'),
 IPv4Network('10.201.0.0/16'),
 IPv4Network('10.202.0.0/16'),
 IPv4Network('10.203.0.0/16'),
 IPv4Network('10.204.0.0/16'),
 IPv4Network('10.205.0.0/16'),
 IPv4Network('10.206.0.0/16'),
 IPv4Network('10.207.0.0/16'),
 IPv4Network('10.208.0.0/16'),
 IPv4Network('10.209.0.0/16'),
 IPv4Network('10.210.0.0/16'),
 IPv4Network('10.211.0.0/16'),
 IPv4Network('10.212.0.0/16'),
 IPv4Network('10.213.0.0/16'),
 IPv4Network('10.214.0.0/16'),
 IPv4Network('10.215.0.0/16'),
 IPv4Network('10.216.0.0/16'),
 IPv4Network('10.217.0.0/16'),
 IPv4Network('10.218.0.0/16'),
 IPv4Network('10.219.0.0/16'),
 IPv4Network('10.220.0.0/16'),
 IPv4Network('10.221.0.0/16'),
 IPv4Network('10.222.0.0/16'),
 IPv4Network('10.223.0.0/16'),
 IPv4Network('10.224.0.0/16'),
 IPv4Network('10.225.0.0/16'),
 IPv4Network('10.226.0.0/16'),
 IPv4Network('10.227.0.0/16'),
 IPv4Network('10.228.0.0/16'),
 IPv4Network('10.229.0.0/16'),
 IPv4Network('10.230.0.0/16'),
 IPv4Network('10.231.0.0/16'),
 IPv4Network('10.232.0.0/16'),
 IPv4Network('10.233.0.0/16'),
 IPv4Network('10.234.0.0/16'),
 IPv4Network('10.235.0.0/16'),
 IPv4Network('10.236.0.0/16'),
 IPv4Network('10.237.0.0/16'),
 IPv4Network('10.238.0.0/16'),
 IPv4Network('10.239.0.0/16')]
[IPv4Network('10.0.0.0/8'),
 IPv4Network('129.79.0.0/16'),
 IPv4Network('134.68.0.0/16'),
 IPv4Network('140.182.0.0/16'),
 IPv4Network('149.159.0.0/16'),
 IPv4Network('149.160.0.0/14'),
 IPv4Network('156.56.0.0/16'),
 IPv4Network('172.16.0.0/12'),
 IPv4Network('192.168.0.0/24'),
 IPv6Network('::/128'),
 IPv4Network('10.0.0.0/16'),
 IPv4Network('10.1.0.0/16'),
 IPv4Network('10.2.0.0/16'),
 IPv4Network('10.3.0.0/16'),
 IPv4Network('10.4.0.0/16'),
 IPv4Network('10.5.0.0/16'),
 IPv4Network('10.6.0.0/16'),
 IPv4Network('10.7.0.0/16'),
 IPv4Network('10.8.0.0/16'),
 IPv4Network('10.9.0.0/16'),
 IPv4Network('10.10.0.0/16'),
 IPv4Network('10.11.0.0/16'),
 IPv4Network('10.12.0.0/16'),
 IPv4Network('10.13.0.0/16'),
 IPv4Network('10.14.0.0/16'),
 IPv4Network('10.15.0.0/16'),
 IPv4Network('10.16.0.0/16'),
 IPv4Network('10.17.0.0/16'),
 IPv4Network('10.18.0.0/16'),
 IPv4Network('10.19.0.0/16'),
 IPv4Network('10.20.0.0/16'),
 IPv4Network('10.21.0.0/16'),
 IPv4Network('10.22.0.0/16'),
 IPv4Network('10.23.0.0/16'),
 IPv4Network('10.24.0.0/16'),
 IPv4Network('10.25.0.0/16'),
 IPv4Network('10.26.0.0/16'),
 IPv4Network('10.27.0.0/16'),
 IPv4Network('10.28.0.0/16'),
 IPv4Network('10.29.0.0/16'),
 IPv4Network('10.30.0.0/16'),
 IPv4Network('10.31.0.0/16'),
 IPv4Network('10.32.0.0/16'),
 IPv4Network('10.33.0.0/16'),
 IPv4Network('10.34.0.0/16'),
 IPv4Network('10.35.0.0/16'),
 IPv4Network('10.36.0.0/16'),
 IPv4Network('10.37.0.0/16'),
 IPv4Network('10.38.0.0/16'),
 IPv4Network('10.39.0.0/16'),
 IPv4Network('10.40.0.0/16'),
 IPv4Network('10.41.0.0/16'),
 IPv4Network('10.42.0.0/16'),
 IPv4Network('10.43.0.0/16'),
 IPv4Network('10.44.0.0/16'),
 IPv4Network('10.45.0.0/16'),
 IPv4Network('10.46.0.0/16'),
 IPv4Network('10.47.0.0/16'),
 IPv4Network('10.48.0.0/16'),
 IPv4Network('10.49.0.0/16'),
 IPv4Network('10.50.0.0/16'),
 IPv4Network('10.51.0.0/16'),
 IPv4Network('10.52.0.0/16'),
 IPv4Network('10.53.0.0/16'),
 IPv4Network('10.54.0.0/16'),
 IPv4Network('10.55.0.0/16'),
 IPv4Network('10.56.0.0/16'),
 IPv4Network('10.57.0.0/16'),
 IPv4Network('10.58.0.0/16'),
 IPv4Network('10.59.0.0/16'),
 IPv4Network('10.60.0.0/16'),
 IPv4Network('10.61.0.0/16'),
 IPv4Network('10.62.0.0/16'),
 IPv4Network('10.63.0.0/16'),
 IPv4Network('10.64.0.0/16'),
 IPv4Network('10.65.0.0/16'),
 IPv4Network('10.66.0.0/16'),
 IPv4Network('10.67.0.0/16'),
 IPv4Network('10.68.0.0/16'),
 IPv4Network('10.69.0.0/16'),
 IPv4Network('10.70.0.0/16'),
 IPv4Network('10.71.0.0/16'),
 IPv4Network('10.72.0.0/16'),
 IPv4Network('10.73.0.0/16'),
 IPv4Network('10.74.0.0/16'),
 IPv4Network('10.75.0.0/16'),
 IPv4Network('10.76.0.0/16'),
 IPv4Network('10.77.0.0/16'),
 IPv4Network('10.78.0.0/16'),
 IPv4Network('10.79.0.0/16'),
 IPv4Network('10.80.0.0/16'),
 IPv4Network('10.81.0.0/16'),
 IPv4Network('10.82.0.0/16'),
 IPv4Network('10.83.0.0/16'),
 IPv4Network('10.84.0.0/16'),
 IPv4Network('10.85.0.0/16'),
 IPv4Network('10.86.0.0/16'),
 IPv4Network('10.87.0.0/16'),
 IPv4Network('10.88.0.0/16'),
 IPv4Network('10.89.0.0/16'),
 IPv4Network('10.90.0.0/16'),
 IPv4Network('10.91.0.0/16'),
 IPv4Network('10.92.0.0/16'),
 IPv4Network('10.93.0.0/16'),
 IPv4Network('10.94.0.0/16'),
 IPv4Network('10.95.0.0/16'),
 IPv4Network('10.96.0.0/16'),
 IPv4Network('10.97.0.0/16'),
 IPv4Network('10.98.0.0/16'),
 IPv4Network('10.99.0.0/16'),
 IPv4Network('10.100.0.0/16'),
 IPv4Network('10.101.0.0/16'),
 IPv4Network('10.102.0.0/16'),
 IPv4Network('10.103.0.0/16'),
 IPv4Network('10.104.0.0/16'),
 IPv4Network('10.105.0.0/16'),
 IPv4Network('10.106.0.0/16'),
 IPv4Network('10.107.0.0/16'),
 IPv4Network('10.108.0.0/16'),
 IPv4Network('10.109.0.0/16'),
 IPv4Network('10.110.0.0/16'),
 IPv4Network('10.111.0.0/16'),
 IPv4Network('10.112.0.0/16'),
 IPv4Network('10.113.0.0/16'),
 IPv4Network('10.114.0.0/16'),
 IPv4Network('10.115.0.0/16'),
 IPv4Network('10.116.0.0/16'),
 IPv4Network('10.117.0.0/16'),
 IPv4Network('10.118.0.0/16'),
 IPv4Network('10.119.0.0/16'),
 IPv4Network('10.120.0.0/16'),
 IPv4Network('10.121.0.0/16'),
 IPv4Network('10.122.0.0/16'),
 IPv4Network('10.123.0.0/16'),
 IPv4Network('10.124.0.0/16'),
 IPv4Network('10.125.0.0/16'),
 IPv4Network('10.126.0.0/16'),
 IPv4Network('10.127.0.0/16'),
 IPv4Network('10.128.0.0/16'),
 IPv4Network('10.129.0.0/16'),
 IPv4Network('10.130.0.0/16'),
 IPv4Network('10.131.0.0/16'),
 IPv4Network('10.132.0.0/16'),
 IPv4Network('10.133.0.0/16'),
 IPv4Network('10.134.0.0/16'),
 IPv4Network('10.135.0.0/16'),
 IPv4Network('10.136.0.0/16'),
 IPv4Network('10.137.0.0/16'),
 IPv4Network('10.138.0.0/16'),
 IPv4Network('10.139.0.0/16'),
 IPv4Network('10.140.0.0/16'),
 IPv4Network('10.141.0.0/16'),
 IPv4Network('10.142.0.0/16'),
 IPv4Network('10.143.0.0/16'),
 IPv4Network('10.144.0.0/16'),
 IPv4Network('10.145.0.0/16'),
 IPv4Network('10.146.0.0/16'),
 IPv4Network('10.147.0.0/16'),
 IPv4Network('10.148.0.0/16'),
 IPv4Network('10.149.0.0/16'),
 IPv4Network('10.150.0.0/16'),
 IPv4Network('10.151.0.0/16'),
 IPv4Network('10.152.0.0/16'),
 IPv4Network('10.153.0.0/16'),
 IPv4Network('10.154.0.0/16'),
 IPv4Network('10.155.0.0/16'),
 IPv4Network('10.156.0.0/16'),
 IPv4Network('10.157.0.0/16'),
 IPv4Network('10.158.0.0/16'),
 IPv4Network('10.159.0.0/16'),
 IPv4Network('10.160.0.0/16'),
 IPv4Network('10.161.0.0/16'),
 IPv4Network('10.162.0.0/16'),
 IPv4Network('10.163.0.0/16'),
 IPv4Network('10.164.0.0/16'),
 IPv4Network('10.165.0.0/16'),
 IPv4Network('10.166.0.0/16'),
 IPv4Network('10.167.0.0/16'),
 IPv4Network('10.168.0.0/16'),
 IPv4Network('10.169.0.0/16'),
 IPv4Network('10.170.0.0/16'),
 IPv4Network('10.171.0.0/16'),
 IPv4Network('10.172.0.0/16'),
 IPv4Network('10.173.0.0/16'),
 IPv4Network('10.174.0.0/16'),
 IPv4Network('10.175.0.0/16'),
 IPv4Network('10.176.0.0/16'),
 IPv4Network('10.177.0.0/16'),
 IPv4Network('10.178.0.0/16'),
 IPv4Network('10.179.0.0/16'),
 IPv4Network('10.180.0.0/16'),
 IPv4Network('10.181.0.0/16'),
 IPv4Network('10.182.0.0/16'),
 IPv4Network('10.183.0.0/16'),
 IPv4Network('10.184.0.0/16'),
 IPv4Network('10.185.0.0/16'),
 IPv4Network('10.186.0.0/16'),
 IPv4Network('10.187.0.0/16'),
 IPv4Network('10.188.0.0/16'),
 IPv4Network('10.189.0.0/16'),
 IPv4Network('10.190.0.0/16'),
 IPv4Network('10.191.0.0/16'),
 IPv4Network('10.192.0.0/16'),
 IPv4Network('10.193.0.0/16'),
 IPv4Network('10.194.0.0/16'),
 IPv4Network('10.195.0.0/16'),
 IPv4Network('10.196.0.0/16'),
 IPv4Network('10.197.0.0/16'),
 IPv4Network('10.198.0.0/16'),
 IPv4Network('10.199.0.0/16'),
 IPv4Network('10.200.0.0/16'),
 IPv4Network('10.201.0.0/16'),
 IPv4Network('10.202.0.0/16'),
 IPv4Network('10.203.0.0/16'),
 IPv4Network('10.204.0.0/16'),
 IPv4Network('10.205.0.0/16'),
 IPv4Network('10.206.0.0/16'),
 IPv4Network('10.207.0.0/16'),
 IPv4Network('10.208.0.0/16'),
 IPv4Network('10.209.0.0/16'),
 IPv4Network('10.210.0.0/16'),
 IPv4Network('10.211.0.0/16'),
 IPv4Network('10.212.0.0/16'),
 IPv4Network('10.213.0.0/16'),
 IPv4Network('10.214.0.0/16'),
 IPv4Network('10.215.0.0/16'),
 IPv4Network('10.216.0.0/16'),
 IPv4Network('10.217.0.0/16'),
 IPv4Network('10.218.0.0/16'),
 IPv4Network('10.219.0.0/16'),
 IPv4Network('10.220.0.0/16'),
 IPv4Network('10.221.0.0/16'),
 IPv4Network('10.222.0.0/16'),
 IPv4Network('10.223.0.0/16'),
 IPv4Network('10.224.0.0/16'),
 IPv4Network('10.225.0.0/16'),
 IPv4Network('10.226.0.0/16'),
 IPv4Network('10.227.0.0/16'),
 IPv4Network('10.228.0.0/16'),
 IPv4Network('10.229.0.0/16'),
 IPv4Network('10.230.0.0/16'),
 IPv4Network('10.231.0.0/16'),
 IPv4Network('10.232.0.0/16'),
 IPv4Network('10.233.0.0/16'),
 IPv4Network('10.234.0.0/16'),
 IPv4Network('10.235.0.0/16'),
 IPv4Network('10.236.0.0/16'),
 IPv4Network('10.237.0.0/16'),
 IPv4Network('10.238.0.0/16'),
 IPv4Network('10.239.0.0/16'),
 IPv4Network('10.240.0.0/16'),
 IPv4Network('10.241.0.0/16')]
[IPv4Network('10.0.0.0/8'),
 IPv4Network('129.79.0.0/16'),
 IPv4Network('134.68.0.0/16'),
 IPv4Network('140.182.0.0/16'),
 IPv4Network('149.159.0.0/16'),
 IPv4Network('149.160.0.0/14'),
 IPv4Network('156.56.0.0/16'),
 IPv4Network('172.16.0.0/12'),
 IPv4Network('192.168.0.0/24'),
 IPv6Network('::/128'),
 IPv4Network('10.0.0.0/16'),
 IPv4Network('10.1.0.0/16'),
 IPv4Network('10.2.0.0/16'),
 IPv4Network('10.3.0.0/16'),
 IPv4Network('10.4.0.0/16'),
 IPv4Network('10.5.0.0/16'),
 IPv4Network('10.6.0.0/16'),
 IPv4Network('10.7.0.0/16'),
 IPv4Network('10.8.0.0/16'),
 IPv4Network('10.9.0.0/16'),
 IPv4Network('10.10.0.0/16'),
 IPv4Network('10.11.0.0/16'),
 IPv4Network('10.12.0.0/16'),
 IPv4Network('10.13.0.0/16'),
 IPv4Network('10.14.0.0/16'),
 IPv4Network('10.15.0.0/16'),
 IPv4Network('10.16.0.0/16'),
 IPv4Network('10.17.0.0/16'),
 IPv4Network('10.18.0.0/16'),
 IPv4Network('10.19.0.0/16'),
 IPv4Network('10.20.0.0/16'),
 IPv4Network('10.21.0.0/16'),
 IPv4Network('10.22.0.0/16'),
 IPv4Network('10.23.0.0/16'),
 IPv4Network('10.24.0.0/16'),
 IPv4Network('10.25.0.0/16'),
 IPv4Network('10.26.0.0/16'),
 IPv4Network('10.27.0.0/16'),
 IPv4Network('10.28.0.0/16'),
 IPv4Network('10.29.0.0/16'),
 IPv4Network('10.30.0.0/16'),
 IPv4Network('10.31.0.0/16'),
 IPv4Network('10.32.0.0/16'),
 IPv4Network('10.33.0.0/16'),
 IPv4Network('10.34.0.0/16'),
 IPv4Network('10.35.0.0/16'),
 IPv4Network('10.36.0.0/16'),
 IPv4Network('10.37.0.0/16'),
 IPv4Network('10.38.0.0/16'),
 IPv4Network('10.39.0.0/16'),
 IPv4Network('10.40.0.0/16'),
 IPv4Network('10.41.0.0/16'),
 IPv4Network('10.42.0.0/16'),
 IPv4Network('10.43.0.0/16'),
 IPv4Network('10.44.0.0/16'),
 IPv4Network('10.45.0.0/16'),
 IPv4Network('10.46.0.0/16'),
 IPv4Network('10.47.0.0/16'),
 IPv4Network('10.48.0.0/16'),
 IPv4Network('10.49.0.0/16'),
 IPv4Network('10.50.0.0/16'),
 IPv4Network('10.51.0.0/16'),
 IPv4Network('10.52.0.0/16'),
 IPv4Network('10.53.0.0/16'),
 IPv4Network('10.54.0.0/16'),
 IPv4Network('10.55.0.0/16'),
 IPv4Network('10.56.0.0/16'),
 IPv4Network('10.57.0.0/16'),
 IPv4Network('10.58.0.0/16'),
 IPv4Network('10.59.0.0/16'),
 IPv4Network('10.60.0.0/16'),
 IPv4Network('10.61.0.0/16'),
 IPv4Network('10.62.0.0/16'),
 IPv4Network('10.63.0.0/16'),
 IPv4Network('10.64.0.0/16'),
 IPv4Network('10.65.0.0/16'),
 IPv4Network('10.66.0.0/16'),
 IPv4Network('10.67.0.0/16'),
 IPv4Network('10.68.0.0/16'),
 IPv4Network('10.69.0.0/16'),
 IPv4Network('10.70.0.0/16'),
 IPv4Network('10.71.0.0/16'),
 IPv4Network('10.72.0.0/16'),
 IPv4Network('10.73.0.0/16'),
 IPv4Network('10.74.0.0/16'),
 IPv4Network('10.75.0.0/16'),
 IPv4Network('10.76.0.0/16'),
 IPv4Network('10.77.0.0/16'),
 IPv4Network('10.78.0.0/16'),
 IPv4Network('10.79.0.0/16'),
 IPv4Network('10.80.0.0/16'),
 IPv4Network('10.81.0.0/16'),
 IPv4Network('10.82.0.0/16'),
 IPv4Network('10.83.0.0/16'),
 IPv4Network('10.84.0.0/16'),
 IPv4Network('10.85.0.0/16'),
 IPv4Network('10.86.0.0/16'),
 IPv4Network('10.87.0.0/16'),
 IPv4Network('10.88.0.0/16'),
 IPv4Network('10.89.0.0/16'),
 IPv4Network('10.90.0.0/16'),
 IPv4Network('10.91.0.0/16'),
 IPv4Network('10.92.0.0/16'),
 IPv4Network('10.93.0.0/16'),
 IPv4Network('10.94.0.0/16'),
 IPv4Network('10.95.0.0/16'),
 IPv4Network('10.96.0.0/16'),
 IPv4Network('10.97.0.0/16'),
 IPv4Network('10.98.0.0/16'),
 IPv4Network('10.99.0.0/16'),
 IPv4Network('10.100.0.0/16'),
 IPv4Network('10.101.0.0/16'),
 IPv4Network('10.102.0.0/16'),
 IPv4Network('10.103.0.0/16'),
 IPv4Network('10.104.0.0/16'),
 IPv4Network('10.105.0.0/16'),
 IPv4Network('10.106.0.0/16'),
 IPv4Network('10.107.0.0/16'),
 IPv4Network('10.108.0.0/16'),
 IPv4Network('10.109.0.0/16'),
 IPv4Network('10.110.0.0/16'),
 IPv4Network('10.111.0.0/16'),
 IPv4Network('10.112.0.0/16'),
 IPv4Network('10.113.0.0/16'),
 IPv4Network('10.114.0.0/16'),
 IPv4Network('10.115.0.0/16'),
 IPv4Network('10.116.0.0/16'),
 IPv4Network('10.117.0.0/16'),
 IPv4Network('10.118.0.0/16'),
 IPv4Network('10.119.0.0/16'),
 IPv4Network('10.120.0.0/16'),
 IPv4Network('10.121.0.0/16'),
 IPv4Network('10.122.0.0/16'),
 IPv4Network('10.123.0.0/16'),
 IPv4Network('10.124.0.0/16'),
 IPv4Network('10.125.0.0/16'),
 IPv4Network('10.126.0.0/16'),
 IPv4Network('10.127.0.0/16'),
 IPv4Network('10.128.0.0/16'),
 IPv4Network('10.129.0.0/16'),
 IPv4Network('10.130.0.0/16'),
 IPv4Network('10.131.0.0/16'),
 IPv4Network('10.132.0.0/16'),
 IPv4Network('10.133.0.0/16'),
 IPv4Network('10.134.0.0/16'),
 IPv4Network('10.135.0.0/16'),
 IPv4Network('10.136.0.0/16'),
 IPv4Network('10.137.0.0/16'),
 IPv4Network('10.138.0.0/16'),
 IPv4Network('10.139.0.0/16'),
 IPv4Network('10.140.0.0/16'),
 IPv4Network('10.141.0.0/16'),
 IPv4Network('10.142.0.0/16'),
 IPv4Network('10.143.0.0/16'),
 IPv4Network('10.144.0.0/16'),
 IPv4Network('10.145.0.0/16'),
 IPv4Network('10.146.0.0/16'),
 IPv4Network('10.147.0.0/16'),
 IPv4Network('10.148.0.0/16'),
 IPv4Network('10.149.0.0/16'),
 IPv4Network('10.150.0.0/16'),
 IPv4Network('10.151.0.0/16'),
 IPv4Network('10.152.0.0/16'),
 IPv4Network('10.153.0.0/16'),
 IPv4Network('10.154.0.0/16'),
 IPv4Network('10.155.0.0/16'),
 IPv4Network('10.156.0.0/16'),
 IPv4Network('10.157.0.0/16'),
 IPv4Network('10.158.0.0/16'),
 IPv4Network('10.159.0.0/16'),
 IPv4Network('10.160.0.0/16'),
 IPv4Network('10.161.0.0/16'),
 IPv4Network('10.162.0.0/16'),
 IPv4Network('10.163.0.0/16'),
 IPv4Network('10.164.0.0/16'),
 IPv4Network('10.165.0.0/16'),
 IPv4Network('10.166.0.0/16'),
 IPv4Network('10.167.0.0/16'),
 IPv4Network('10.168.0.0/16'),
 IPv4Network('10.169.0.0/16'),
 IPv4Network('10.170.0.0/16'),
 IPv4Network('10.171.0.0/16'),
 IPv4Network('10.172.0.0/16'),
 IPv4Network('10.173.0.0/16'),
 IPv4Network('10.174.0.0/16'),
 IPv4Network('10.175.0.0/16'),
 IPv4Network('10.176.0.0/16'),
 IPv4Network('10.177.0.0/16'),
 IPv4Network('10.178.0.0/16'),
 IPv4Network('10.179.0.0/16'),
 IPv4Network('10.180.0.0/16'),
 IPv4Network('10.181.0.0/16'),
 IPv4Network('10.182.0.0/16'),
 IPv4Network('10.183.0.0/16'),
 IPv4Network('10.184.0.0/16'),
 IPv4Network('10.185.0.0/16'),
 IPv4Network('10.186.0.0/16'),
 IPv4Network('10.187.0.0/16'),
 IPv4Network('10.188.0.0/16'),
 IPv4Network('10.189.0.0/16'),
 IPv4Network('10.190.0.0/16'),
 IPv4Network('10.191.0.0/16'),
 IPv4Network('10.192.0.0/16'),
 IPv4Network('10.193.0.0/16'),
 IPv4Network('10.194.0.0/16'),
 IPv4Network('10.195.0.0/16'),
 IPv4Network('10.196.0.0/16'),
 IPv4Network('10.197.0.0/16'),
 IPv4Network('10.198.0.0/16'),
 IPv4Network('10.199.0.0/16'),
 IPv4Network('10.200.0.0/16'),
 IPv4Network('10.201.0.0/16'),
 IPv4Network('10.202.0.0/16'),
 IPv4Network('10.203.0.0/16'),
 IPv4Network('10.204.0.0/16'),
 IPv4Network('10.205.0.0/16'),
 IPv4Network('10.206.0.0/16'),
 IPv4Network('10.207.0.0/16'),
 IPv4Network('10.208.0.0/16'),
 IPv4Network('10.209.0.0/16'),
 IPv4Network('10.210.0.0/16'),
 IPv4Network('10.211.0.0/16'),
 IPv4Network('10.212.0.0/16'),
 IPv4Network('10.213.0.0/16'),
 IPv4Network('10.214.0.0/16'),
 IPv4Network('10.215.0.0/16'),
 IPv4Network('10.216.0.0/16'),
 IPv4Network('10.217.0.0/16'),
 IPv4Network('10.218.0.0/16'),
 IPv4Network('10.219.0.0/16'),
 IPv4Network('10.220.0.0/16'),
 IPv4Network('10.221.0.0/16'),
 IPv4Network('10.222.0.0/16'),
 IPv4Network('10.223.0.0/16'),
 IPv4Network('10.224.0.0/16'),
 IPv4Network('10.225.0.0/16'),
 IPv4Network('10.226.0.0/16'),
 IPv4Network('10.227.0.0/16'),
 IPv4Network('10.228.0.0/16'),
 IPv4Network('10.229.0.0/16'),
 IPv4Network('10.230.0.0/16'),
 IPv4Network('10.231.0.0/16'),
 IPv4Network('10.232.0.0/16'),
 IPv4Network('10.233.0.0/16'),
 IPv4Network('10.234.0.0/16'),
 IPv4Network('10.235.0.0/16'),
 IPv4Network('10.236.0.0/16'),
 IPv4Network('10.237.0.0/16'),
 IPv4Network('10.238.0.0/16'),
 IPv4Network('10.239.0.0/16'),
 IPv4Network('10.240.0.0/16'),
 IPv4Network('10.241.0.0/16'),
 IPv4Network('10.242.0.0/16'),
 IPv4Network('10.243.0.0/16')]
[IPv4Network('10.0.0.0/8'),
 IPv4Network('129.79.0.0/16'),
 IPv4Network('134.68.0.0/16'),
 IPv4Network('140.182.0.0/16'),
 IPv4Network('149.159.0.0/16'),
 IPv4Network('149.160.0.0/14'),
 IPv4Network('156.56.0.0/16'),
 IPv4Network('172.16.0.0/12'),
 IPv4Network('192.168.0.0/24'),
 IPv6Network('::/128'),
 IPv4Network('10.0.0.0/16'),
 IPv4Network('10.1.0.0/16'),
 IPv4Network('10.2.0.0/16'),
 IPv4Network('10.3.0.0/16'),
 IPv4Network('10.4.0.0/16'),
 IPv4Network('10.5.0.0/16'),
 IPv4Network('10.6.0.0/16'),
 IPv4Network('10.7.0.0/16'),
 IPv4Network('10.8.0.0/16'),
 IPv4Network('10.9.0.0/16'),
 IPv4Network('10.10.0.0/16'),
 IPv4Network('10.11.0.0/16'),
 IPv4Network('10.12.0.0/16'),
 IPv4Network('10.13.0.0/16'),
 IPv4Network('10.14.0.0/16'),
 IPv4Network('10.15.0.0/16'),
 IPv4Network('10.16.0.0/16'),
 IPv4Network('10.17.0.0/16'),
 IPv4Network('10.18.0.0/16'),
 IPv4Network('10.19.0.0/16'),
 IPv4Network('10.20.0.0/16'),
 IPv4Network('10.21.0.0/16'),
 IPv4Network('10.22.0.0/16'),
 IPv4Network('10.23.0.0/16'),
 IPv4Network('10.24.0.0/16'),
 IPv4Network('10.25.0.0/16'),
 IPv4Network('10.26.0.0/16'),
 IPv4Network('10.27.0.0/16'),
 IPv4Network('10.28.0.0/16'),
 IPv4Network('10.29.0.0/16'),
 IPv4Network('10.30.0.0/16'),
 IPv4Network('10.31.0.0/16'),
 IPv4Network('10.32.0.0/16'),
 IPv4Network('10.33.0.0/16'),
 IPv4Network('10.34.0.0/16'),
 IPv4Network('10.35.0.0/16'),
 IPv4Network('10.36.0.0/16'),
 IPv4Network('10.37.0.0/16'),
 IPv4Network('10.38.0.0/16'),
 IPv4Network('10.39.0.0/16'),
 IPv4Network('10.40.0.0/16'),
 IPv4Network('10.41.0.0/16'),
 IPv4Network('10.42.0.0/16'),
 IPv4Network('10.43.0.0/16'),
 IPv4Network('10.44.0.0/16'),
 IPv4Network('10.45.0.0/16'),
 IPv4Network('10.46.0.0/16'),
 IPv4Network('10.47.0.0/16'),
 IPv4Network('10.48.0.0/16'),
 IPv4Network('10.49.0.0/16'),
 IPv4Network('10.50.0.0/16'),
 IPv4Network('10.51.0.0/16'),
 IPv4Network('10.52.0.0/16'),
 IPv4Network('10.53.0.0/16'),
 IPv4Network('10.54.0.0/16'),
 IPv4Network('10.55.0.0/16'),
 IPv4Network('10.56.0.0/16'),
 IPv4Network('10.57.0.0/16'),
 IPv4Network('10.58.0.0/16'),
 IPv4Network('10.59.0.0/16'),
 IPv4Network('10.60.0.0/16'),
 IPv4Network('10.61.0.0/16'),
 IPv4Network('10.62.0.0/16'),
 IPv4Network('10.63.0.0/16'),
 IPv4Network('10.64.0.0/16'),
 IPv4Network('10.65.0.0/16'),
 IPv4Network('10.66.0.0/16'),
 IPv4Network('10.67.0.0/16'),
 IPv4Network('10.68.0.0/16'),
 IPv4Network('10.69.0.0/16'),
 IPv4Network('10.70.0.0/16'),
 IPv4Network('10.71.0.0/16'),
 IPv4Network('10.72.0.0/16'),
 IPv4Network('10.73.0.0/16'),
 IPv4Network('10.74.0.0/16'),
 IPv4Network('10.75.0.0/16'),
 IPv4Network('10.76.0.0/16'),
 IPv4Network('10.77.0.0/16'),
 IPv4Network('10.78.0.0/16'),
 IPv4Network('10.79.0.0/16'),
 IPv4Network('10.80.0.0/16'),
 IPv4Network('10.81.0.0/16'),
 IPv4Network('10.82.0.0/16'),
 IPv4Network('10.83.0.0/16'),
 IPv4Network('10.84.0.0/16'),
 IPv4Network('10.85.0.0/16'),
 IPv4Network('10.86.0.0/16'),
 IPv4Network('10.87.0.0/16'),
 IPv4Network('10.88.0.0/16'),
 IPv4Network('10.89.0.0/16'),
 IPv4Network('10.90.0.0/16'),
 IPv4Network('10.91.0.0/16'),
 IPv4Network('10.92.0.0/16'),
 IPv4Network('10.93.0.0/16'),
 IPv4Network('10.94.0.0/16'),
 IPv4Network('10.95.0.0/16'),
 IPv4Network('10.96.0.0/16'),
 IPv4Network('10.97.0.0/16'),
 IPv4Network('10.98.0.0/16'),
 IPv4Network('10.99.0.0/16'),
 IPv4Network('10.100.0.0/16'),
 IPv4Network('10.101.0.0/16'),
 IPv4Network('10.102.0.0/16'),
 IPv4Network('10.103.0.0/16'),
 IPv4Network('10.104.0.0/16'),
 IPv4Network('10.105.0.0/16'),
 IPv4Network('10.106.0.0/16'),
 IPv4Network('10.107.0.0/16'),
 IPv4Network('10.108.0.0/16'),
 IPv4Network('10.109.0.0/16'),
 IPv4Network('10.110.0.0/16'),
 IPv4Network('10.111.0.0/16'),
 IPv4Network('10.112.0.0/16'),
 IPv4Network('10.113.0.0/16'),
 IPv4Network('10.114.0.0/16'),
 IPv4Network('10.115.0.0/16'),
 IPv4Network('10.116.0.0/16'),
 IPv4Network('10.117.0.0/16'),
 IPv4Network('10.118.0.0/16'),
 IPv4Network('10.119.0.0/16'),
 IPv4Network('10.120.0.0/16'),
 IPv4Network('10.121.0.0/16'),
 IPv4Network('10.122.0.0/16'),
 IPv4Network('10.123.0.0/16'),
 IPv4Network('10.124.0.0/16'),
 IPv4Network('10.125.0.0/16'),
 IPv4Network('10.126.0.0/16'),
 IPv4Network('10.127.0.0/16'),
 IPv4Network('10.128.0.0/16'),
 IPv4Network('10.129.0.0/16'),
 IPv4Network('10.130.0.0/16'),
 IPv4Network('10.131.0.0/16'),
 IPv4Network('10.132.0.0/16'),
 IPv4Network('10.133.0.0/16'),
 IPv4Network('10.134.0.0/16'),
 IPv4Network('10.135.0.0/16'),
 IPv4Network('10.136.0.0/16'),
 IPv4Network('10.137.0.0/16'),
 IPv4Network('10.138.0.0/16'),
 IPv4Network('10.139.0.0/16'),
 IPv4Network('10.140.0.0/16'),
 IPv4Network('10.141.0.0/16'),
 IPv4Network('10.142.0.0/16'),
 IPv4Network('10.143.0.0/16'),
 IPv4Network('10.144.0.0/16'),
 IPv4Network('10.145.0.0/16'),
 IPv4Network('10.146.0.0/16'),
 IPv4Network('10.147.0.0/16'),
 IPv4Network('10.148.0.0/16'),
 IPv4Network('10.149.0.0/16'),
 IPv4Network('10.150.0.0/16'),
 IPv4Network('10.151.0.0/16'),
 IPv4Network('10.152.0.0/16'),
 IPv4Network('10.153.0.0/16'),
 IPv4Network('10.154.0.0/16'),
 IPv4Network('10.155.0.0/16'),
 IPv4Network('10.156.0.0/16'),
 IPv4Network('10.157.0.0/16'),
 IPv4Network('10.158.0.0/16'),
 IPv4Network('10.159.0.0/16'),
 IPv4Network('10.160.0.0/16'),
 IPv4Network('10.161.0.0/16'),
 IPv4Network('10.162.0.0/16'),
 IPv4Network('10.163.0.0/16'),
 IPv4Network('10.164.0.0/16'),
 IPv4Network('10.165.0.0/16'),
 IPv4Network('10.166.0.0/16'),
 IPv4Network('10.167.0.0/16'),
 IPv4Network('10.168.0.0/16'),
 IPv4Network('10.169.0.0/16'),
 IPv4Network('10.170.0.0/16'),
 IPv4Network('10.171.0.0/16'),
 IPv4Network('10.172.0.0/16'),
 IPv4Network('10.173.0.0/16'),
 IPv4Network('10.174.0.0/16'),
 IPv4Network('10.175.0.0/16'),
 IPv4Network('10.176.0.0/16'),
 IPv4Network('10.177.0.0/16'),
 IPv4Network('10.178.0.0/16'),
 IPv4Network('10.179.0.0/16'),
 IPv4Network('10.180.0.0/16'),
 IPv4Network('10.181.0.0/16'),
 IPv4Network('10.182.0.0/16'),
 IPv4Network('10.183.0.0/16'),
 IPv4Network('10.184.0.0/16'),
 IPv4Network('10.185.0.0/16'),
 IPv4Network('10.186.0.0/16'),
 IPv4Network('10.187.0.0/16'),
 IPv4Network('10.188.0.0/16'),
 IPv4Network('10.189.0.0/16'),
 IPv4Network('10.190.0.0/16'),
 IPv4Network('10.191.0.0/16'),
 IPv4Network('10.192.0.0/16'),
 IPv4Network('10.193.0.0/16'),
 IPv4Network('10.194.0.0/16'),
 IPv4Network('10.195.0.0/16'),
 IPv4Network('10.196.0.0/16'),
 IPv4Network('10.197.0.0/16'),
 IPv4Network('10.198.0.0/16'),
 IPv4Network('10.199.0.0/16'),
 IPv4Network('10.200.0.0/16'),
 IPv4Network('10.201.0.0/16'),
 IPv4Network('10.202.0.0/16'),
 IPv4Network('10.203.0.0/16'),
 IPv4Network('10.204.0.0/16'),
 IPv4Network('10.205.0.0/16'),
 IPv4Network('10.206.0.0/16'),
 IPv4Network('10.207.0.0/16'),
 IPv4Network('10.208.0.0/16'),
 IPv4Network('10.209.0.0/16'),
 IPv4Network('10.210.0.0/16'),
 IPv4Network('10.211.0.0/16'),
 IPv4Network('10.212.0.0/16'),
 IPv4Network('10.213.0.0/16'),
 IPv4Network('10.214.0.0/16'),
 IPv4Network('10.215.0.0/16'),
 IPv4Network('10.216.0.0/16'),
 IPv4Network('10.217.0.0/16'),
 IPv4Network('10.218.0.0/16'),
 IPv4Network('10.219.0.0/16'),
 IPv4Network('10.220.0.0/16'),
 IPv4Network('10.221.0.0/16'),
 IPv4Network('10.222.0.0/16'),
 IPv4Network('10.223.0.0/16'),
 IPv4Network('10.224.0.0/16'),
 IPv4Network('10.225.0.0/16'),
 IPv4Network('10.226.0.0/16'),
 IPv4Network('10.227.0.0/16'),
 IPv4Network('10.228.0.0/16'),
 IPv4Network('10.229.0.0/16'),
 IPv4Network('10.230.0.0/16'),
 IPv4Network('10.231.0.0/16'),
 IPv4Network('10.232.0.0/16'),
 IPv4Network('10.233.0.0/16'),
 IPv4Network('10.234.0.0/16'),
 IPv4Network('10.235.0.0/16'),
 IPv4Network('10.236.0.0/16'),
 IPv4Network('10.237.0.0/16'),
 IPv4Network('10.238.0.0/16'),
 IPv4Network('10.239.0.0/16'),
 IPv4Network('10.240.0.0/16'),
 IPv4Network('10.241.0.0/16'),
 IPv4Network('10.242.0.0/16'),
 IPv4Network('10.243.0.0/16')]
[IPv4Network('10.0.0.0/8'),
 IPv4Network('129.79.0.0/16'),
 IPv4Network('134.68.0.0/16'),
 IPv4Network('140.182.0.0/16'),
 IPv4Network('149.159.0.0/16'),
 IPv4Network('149.160.0.0/14'),
 IPv4Network('156.56.0.0/16'),
 IPv4Network('172.16.0.0/12'),
 IPv4Network('192.168.0.0/24'),
 IPv6Network('::/128'),
 IPv4Network('10.0.0.0/16'),
 IPv4Network('10.1.0.0/16'),
 IPv4Network('10.2.0.0/16'),
 IPv4Network('10.3.0.0/16'),
 IPv4Network('10.4.0.0/16'),
 IPv4Network('10.5.0.0/16'),
 IPv4Network('10.6.0.0/16'),
 IPv4Network('10.7.0.0/16'),
 IPv4Network('10.8.0.0/16'),
 IPv4Network('10.9.0.0/16'),
 IPv4Network('10.10.0.0/16'),
 IPv4Network('10.11.0.0/16'),
 IPv4Network('10.12.0.0/16'),
 IPv4Network('10.13.0.0/16'),
 IPv4Network('10.14.0.0/16'),
 IPv4Network('10.15.0.0/16'),
 IPv4Network('10.16.0.0/16'),
 IPv4Network('10.17.0.0/16'),
 IPv4Network('10.18.0.0/16'),
 IPv4Network('10.19.0.0/16'),
 IPv4Network('10.20.0.0/16'),
 IPv4Network('10.21.0.0/16'),
 IPv4Network('10.22.0.0/16'),
 IPv4Network('10.23.0.0/16'),
 IPv4Network('10.24.0.0/16'),
 IPv4Network('10.25.0.0/16'),
 IPv4Network('10.26.0.0/16'),
 IPv4Network('10.27.0.0/16'),
 IPv4Network('10.28.0.0/16'),
 IPv4Network('10.29.0.0/16'),
 IPv4Network('10.30.0.0/16'),
 IPv4Network('10.31.0.0/16'),
 IPv4Network('10.32.0.0/16'),
 IPv4Network('10.33.0.0/16'),
 IPv4Network('10.34.0.0/16'),
 IPv4Network('10.35.0.0/16'),
 IPv4Network('10.36.0.0/16'),
 IPv4Network('10.37.0.0/16'),
 IPv4Network('10.38.0.0/16'),
 IPv4Network('10.39.0.0/16'),
 IPv4Network('10.40.0.0/16'),
 IPv4Network('10.41.0.0/16'),
 IPv4Network('10.42.0.0/16'),
 IPv4Network('10.43.0.0/16'),
 IPv4Network('10.44.0.0/16'),
 IPv4Network('10.45.0.0/16'),
 IPv4Network('10.46.0.0/16'),
 IPv4Network('10.47.0.0/16'),
 IPv4Network('10.48.0.0/16'),
 IPv4Network('10.49.0.0/16'),
 IPv4Network('10.50.0.0/16'),
 IPv4Network('10.51.0.0/16'),
 IPv4Network('10.52.0.0/16'),
 IPv4Network('10.53.0.0/16'),
 IPv4Network('10.54.0.0/16'),
 IPv4Network('10.55.0.0/16'),
 IPv4Network('10.56.0.0/16'),
 IPv4Network('10.57.0.0/16'),
 IPv4Network('10.58.0.0/16'),
 IPv4Network('10.59.0.0/16'),
 IPv4Network('10.60.0.0/16'),
 IPv4Network('10.61.0.0/16'),
 IPv4Network('10.62.0.0/16'),
 IPv4Network('10.63.0.0/16'),
 IPv4Network('10.64.0.0/16'),
 IPv4Network('10.65.0.0/16'),
 IPv4Network('10.66.0.0/16'),
 IPv4Network('10.67.0.0/16'),
 IPv4Network('10.68.0.0/16'),
 IPv4Network('10.69.0.0/16'),
 IPv4Network('10.70.0.0/16'),
 IPv4Network('10.71.0.0/16'),
 IPv4Network('10.72.0.0/16'),
 IPv4Network('10.73.0.0/16'),
 IPv4Network('10.74.0.0/16'),
 IPv4Network('10.75.0.0/16'),
 IPv4Network('10.76.0.0/16'),
 IPv4Network('10.77.0.0/16'),
 IPv4Network('10.78.0.0/16'),
 IPv4Network('10.79.0.0/16'),
 IPv4Network('10.80.0.0/16'),
 IPv4Network('10.81.0.0/16'),
 IPv4Network('10.82.0.0/16'),
 IPv4Network('10.83.0.0/16'),
 IPv4Network('10.84.0.0/16'),
 IPv4Network('10.85.0.0/16'),
 IPv4Network('10.86.0.0/16'),
 IPv4Network('10.87.0.0/16'),
 IPv4Network('10.88.0.0/16'),
 IPv4Network('10.89.0.0/16'),
 IPv4Network('10.90.0.0/16'),
 IPv4Network('10.91.0.0/16'),
 IPv4Network('10.92.0.0/16'),
 IPv4Network('10.93.0.0/16'),
 IPv4Network('10.94.0.0/16'),
 IPv4Network('10.95.0.0/16'),
 IPv4Network('10.96.0.0/16'),
 IPv4Network('10.97.0.0/16'),
 IPv4Network('10.98.0.0/16'),
 IPv4Network('10.99.0.0/16'),
 IPv4Network('10.100.0.0/16'),
 IPv4Network('10.101.0.0/16'),
 IPv4Network('10.102.0.0/16'),
 IPv4Network('10.103.0.0/16'),
 IPv4Network('10.104.0.0/16'),
 IPv4Network('10.105.0.0/16'),
 IPv4Network('10.106.0.0/16'),
 IPv4Network('10.107.0.0/16'),
 IPv4Network('10.108.0.0/16'),
 IPv4Network('10.109.0.0/16'),
 IPv4Network('10.110.0.0/16'),
 IPv4Network('10.111.0.0/16'),
 IPv4Network('10.112.0.0/16'),
 IPv4Network('10.113.0.0/16'),
 IPv4Network('10.114.0.0/16'),
 IPv4Network('10.115.0.0/16'),
 IPv4Network('10.116.0.0/16'),
 IPv4Network('10.117.0.0/16'),
 IPv4Network('10.118.0.0/16'),
 IPv4Network('10.119.0.0/16'),
 IPv4Network('10.120.0.0/16'),
 IPv4Network('10.121.0.0/16'),
 IPv4Network('10.122.0.0/16'),
 IPv4Network('10.123.0.0/16'),
 IPv4Network('10.124.0.0/16'),
 IPv4Network('10.125.0.0/16'),
 IPv4Network('10.126.0.0/16'),
 IPv4Network('10.127.0.0/16'),
 IPv4Network('10.128.0.0/16'),
 IPv4Network('10.129.0.0/16'),
 IPv4Network('10.130.0.0/16'),
 IPv4Network('10.131.0.0/16'),
 IPv4Network('10.132.0.0/16'),
 IPv4Network('10.133.0.0/16'),
 IPv4Network('10.134.0.0/16'),
 IPv4Network('10.135.0.0/16'),
 IPv4Network('10.136.0.0/16'),
 IPv4Network('10.137.0.0/16'),
 IPv4Network('10.138.0.0/16'),
 IPv4Network('10.139.0.0/16'),
 IPv4Network('10.140.0.0/16'),
 IPv4Network('10.141.0.0/16'),
 IPv4Network('10.142.0.0/16'),
 IPv4Network('10.143.0.0/16'),
 IPv4Network('10.144.0.0/16'),
 IPv4Network('10.145.0.0/16'),
 IPv4Network('10.146.0.0/16'),
 IPv4Network('10.147.0.0/16'),
 IPv4Network('10.148.0.0/16'),
 IPv4Network('10.149.0.0/16'),
 IPv4Network('10.150.0.0/16'),
 IPv4Network('10.151.0.0/16'),
 IPv4Network('10.152.0.0/16'),
 IPv4Network('10.153.0.0/16'),
 IPv4Network('10.154.0.0/16'),
 IPv4Network('10.155.0.0/16'),
 IPv4Network('10.156.0.0/16'),
 IPv4Network('10.157.0.0/16'),
 IPv4Network('10.158.0.0/16'),
 IPv4Network('10.159.0.0/16'),
 IPv4Network('10.160.0.0/16'),
 IPv4Network('10.161.0.0/16'),
 IPv4Network('10.162.0.0/16'),
 IPv4Network('10.163.0.0/16'),
 IPv4Network('10.164.0.0/16'),
 IPv4Network('10.165.0.0/16'),
 IPv4Network('10.166.0.0/16'),
 IPv4Network('10.167.0.0/16'),
 IPv4Network('10.168.0.0/16'),
 IPv4Network('10.169.0.0/16'),
 IPv4Network('10.170.0.0/16'),
 IPv4Network('10.171.0.0/16'),
 IPv4Network('10.172.0.0/16'),
 IPv4Network('10.173.0.0/16'),
 IPv4Network('10.174.0.0/16'),
 IPv4Network('10.175.0.0/16'),
 IPv4Network('10.176.0.0/16'),
 IPv4Network('10.177.0.0/16'),
 IPv4Network('10.178.0.0/16'),
 IPv4Network('10.179.0.0/16'),
 IPv4Network('10.180.0.0/16'),
 IPv4Network('10.181.0.0/16'),
 IPv4Network('10.182.0.0/16'),
 IPv4Network('10.183.0.0/16'),
 IPv4Network('10.184.0.0/16'),
 IPv4Network('10.185.0.0/16'),
 IPv4Network('10.186.0.0/16'),
 IPv4Network('10.187.0.0/16'),
 IPv4Network('10.188.0.0/16'),
 IPv4Network('10.189.0.0/16'),
 IPv4Network('10.190.0.0/16'),
 IPv4Network('10.191.0.0/16'),
 IPv4Network('10.192.0.0/16'),
 IPv4Network('10.193.0.0/16'),
 IPv4Network('10.194.0.0/16'),
 IPv4Network('10.195.0.0/16'),
 IPv4Network('10.196.0.0/16'),
 IPv4Network('10.197.0.0/16'),
 IPv4Network('10.198.0.0/16'),
 IPv4Network('10.199.0.0/16'),
 IPv4Network('10.200.0.0/16'),
 IPv4Network('10.201.0.0/16'),
 IPv4Network('10.202.0.0/16'),
 IPv4Network('10.203.0.0/16'),
 IPv4Network('10.204.0.0/16'),
 IPv4Network('10.205.0.0/16'),
 IPv4Network('10.206.0.0/16'),
 IPv4Network('10.207.0.0/16'),
 IPv4Network('10.208.0.0/16'),
 IPv4Network('10.209.0.0/16'),
 IPv4Network('10.210.0.0/16'),
 IPv4Network('10.211.0.0/16'),
 IPv4Network('10.212.0.0/16'),
 IPv4Network('10.213.0.0/16'),
 IPv4Network('10.214.0.0/16'),
 IPv4Network('10.215.0.0/16'),
 IPv4Network('10.216.0.0/16'),
 IPv4Network('10.217.0.0/16'),
 IPv4Network('10.218.0.0/16'),
 IPv4Network('10.219.0.0/16'),
 IPv4Network('10.220.0.0/16'),
 IPv4Network('10.221.0.0/16'),
 IPv4Network('10.222.0.0/16'),
 IPv4Network('10.223.0.0/16'),
 IPv4Network('10.224.0.0/16'),
 IPv4Network('10.225.0.0/16'),
 IPv4Network('10.226.0.0/16'),
 IPv4Network('10.227.0.0/16'),
 IPv4Network('10.228.0.0/16'),
 IPv4Network('10.229.0.0/16'),
 IPv4Network('10.230.0.0/16'),
 IPv4Network('10.231.0.0/16'),
 IPv4Network('10.232.0.0/16'),
 IPv4Network('10.233.0.0/16'),
 IPv4Network('10.234.0.0/16'),
 IPv4Network('10.235.0.0/16'),
 IPv4Network('10.236.0.0/16'),
 IPv4Network('10.237.0.0/16'),
 IPv4Network('10.238.0.0/16'),
 IPv4Network('10.239.0.0/16'),
 IPv4Network('10.240.0.0/16'),
 IPv4Network('10.241.0.0/16'),
 IPv4Network('10.242.0.0/16'),
 IPv4Network('10.243.0.0/16'),
 IPv4Network('10.244.0.0/16'),
 IPv4Network('10.245.0.0/16')]
[IPv4Network('10.0.0.0/8'),
 IPv4Network('129.79.0.0/16'),
 IPv4Network('134.68.0.0/16'),
 IPv4Network('140.182.0.0/16'),
 IPv4Network('149.159.0.0/16'),
 IPv4Network('149.160.0.0/14'),
 IPv4Network('156.56.0.0/16'),
 IPv4Network('172.16.0.0/12'),
 IPv4Network('192.168.0.0/24'),
 IPv6Network('::/128'),
 IPv4Network('10.0.0.0/16'),
 IPv4Network('10.1.0.0/16'),
 IPv4Network('10.2.0.0/16'),
 IPv4Network('10.3.0.0/16'),
 IPv4Network('10.4.0.0/16'),
 IPv4Network('10.5.0.0/16'),
 IPv4Network('10.6.0.0/16'),
 IPv4Network('10.7.0.0/16'),
 IPv4Network('10.8.0.0/16'),
 IPv4Network('10.9.0.0/16'),
 IPv4Network('10.10.0.0/16'),
 IPv4Network('10.11.0.0/16'),
 IPv4Network('10.12.0.0/16'),
 IPv4Network('10.13.0.0/16'),
 IPv4Network('10.14.0.0/16'),
 IPv4Network('10.15.0.0/16'),
 IPv4Network('10.16.0.0/16'),
 IPv4Network('10.17.0.0/16'),
 IPv4Network('10.18.0.0/16'),
 IPv4Network('10.19.0.0/16'),
 IPv4Network('10.20.0.0/16'),
 IPv4Network('10.21.0.0/16'),
 IPv4Network('10.22.0.0/16'),
 IPv4Network('10.23.0.0/16'),
 IPv4Network('10.24.0.0/16'),
 IPv4Network('10.25.0.0/16'),
 IPv4Network('10.26.0.0/16'),
 IPv4Network('10.27.0.0/16'),
 IPv4Network('10.28.0.0/16'),
 IPv4Network('10.29.0.0/16'),
 IPv4Network('10.30.0.0/16'),
 IPv4Network('10.31.0.0/16'),
 IPv4Network('10.32.0.0/16'),
 IPv4Network('10.33.0.0/16'),
 IPv4Network('10.34.0.0/16'),
 IPv4Network('10.35.0.0/16'),
 IPv4Network('10.36.0.0/16'),
 IPv4Network('10.37.0.0/16'),
 IPv4Network('10.38.0.0/16'),
 IPv4Network('10.39.0.0/16'),
 IPv4Network('10.40.0.0/16'),
 IPv4Network('10.41.0.0/16'),
 IPv4Network('10.42.0.0/16'),
 IPv4Network('10.43.0.0/16'),
 IPv4Network('10.44.0.0/16'),
 IPv4Network('10.45.0.0/16'),
 IPv4Network('10.46.0.0/16'),
 IPv4Network('10.47.0.0/16'),
 IPv4Network('10.48.0.0/16'),
 IPv4Network('10.49.0.0/16'),
 IPv4Network('10.50.0.0/16'),
 IPv4Network('10.51.0.0/16'),
 IPv4Network('10.52.0.0/16'),
 IPv4Network('10.53.0.0/16'),
 IPv4Network('10.54.0.0/16'),
 IPv4Network('10.55.0.0/16'),
 IPv4Network('10.56.0.0/16'),
 IPv4Network('10.57.0.0/16'),
 IPv4Network('10.58.0.0/16'),
 IPv4Network('10.59.0.0/16'),
 IPv4Network('10.60.0.0/16'),
 IPv4Network('10.61.0.0/16'),
 IPv4Network('10.62.0.0/16'),
 IPv4Network('10.63.0.0/16'),
 IPv4Network('10.64.0.0/16'),
 IPv4Network('10.65.0.0/16'),
 IPv4Network('10.66.0.0/16'),
 IPv4Network('10.67.0.0/16'),
 IPv4Network('10.68.0.0/16'),
 IPv4Network('10.69.0.0/16'),
 IPv4Network('10.70.0.0/16'),
 IPv4Network('10.71.0.0/16'),
 IPv4Network('10.72.0.0/16'),
 IPv4Network('10.73.0.0/16'),
 IPv4Network('10.74.0.0/16'),
 IPv4Network('10.75.0.0/16'),
 IPv4Network('10.76.0.0/16'),
 IPv4Network('10.77.0.0/16'),
 IPv4Network('10.78.0.0/16'),
 IPv4Network('10.79.0.0/16'),
 IPv4Network('10.80.0.0/16'),
 IPv4Network('10.81.0.0/16'),
 IPv4Network('10.82.0.0/16'),
 IPv4Network('10.83.0.0/16'),
 IPv4Network('10.84.0.0/16'),
 IPv4Network('10.85.0.0/16'),
 IPv4Network('10.86.0.0/16'),
 IPv4Network('10.87.0.0/16'),
 IPv4Network('10.88.0.0/16'),
 IPv4Network('10.89.0.0/16'),
 IPv4Network('10.90.0.0/16'),
 IPv4Network('10.91.0.0/16'),
 IPv4Network('10.92.0.0/16'),
 IPv4Network('10.93.0.0/16'),
 IPv4Network('10.94.0.0/16'),
 IPv4Network('10.95.0.0/16'),
 IPv4Network('10.96.0.0/16'),
 IPv4Network('10.97.0.0/16'),
 IPv4Network('10.98.0.0/16'),
 IPv4Network('10.99.0.0/16'),
 IPv4Network('10.100.0.0/16'),
 IPv4Network('10.101.0.0/16'),
 IPv4Network('10.102.0.0/16'),
 IPv4Network('10.103.0.0/16'),
 IPv4Network('10.104.0.0/16'),
 IPv4Network('10.105.0.0/16'),
 IPv4Network('10.106.0.0/16'),
 IPv4Network('10.107.0.0/16'),
 IPv4Network('10.108.0.0/16'),
 IPv4Network('10.109.0.0/16'),
 IPv4Network('10.110.0.0/16'),
 IPv4Network('10.111.0.0/16'),
 IPv4Network('10.112.0.0/16'),
 IPv4Network('10.113.0.0/16'),
 IPv4Network('10.114.0.0/16'),
 IPv4Network('10.115.0.0/16'),
 IPv4Network('10.116.0.0/16'),
 IPv4Network('10.117.0.0/16'),
 IPv4Network('10.118.0.0/16'),
 IPv4Network('10.119.0.0/16'),
 IPv4Network('10.120.0.0/16'),
 IPv4Network('10.121.0.0/16'),
 IPv4Network('10.122.0.0/16'),
 IPv4Network('10.123.0.0/16'),
 IPv4Network('10.124.0.0/16'),
 IPv4Network('10.125.0.0/16'),
 IPv4Network('10.126.0.0/16'),
 IPv4Network('10.127.0.0/16'),
 IPv4Network('10.128.0.0/16'),
 IPv4Network('10.129.0.0/16'),
 IPv4Network('10.130.0.0/16'),
 IPv4Network('10.131.0.0/16'),
 IPv4Network('10.132.0.0/16'),
 IPv4Network('10.133.0.0/16'),
 IPv4Network('10.134.0.0/16'),
 IPv4Network('10.135.0.0/16'),
 IPv4Network('10.136.0.0/16'),
 IPv4Network('10.137.0.0/16'),
 IPv4Network('10.138.0.0/16'),
 IPv4Network('10.139.0.0/16'),
 IPv4Network('10.140.0.0/16'),
 IPv4Network('10.141.0.0/16'),
 IPv4Network('10.142.0.0/16'),
 IPv4Network('10.143.0.0/16'),
 IPv4Network('10.144.0.0/16'),
 IPv4Network('10.145.0.0/16'),
 IPv4Network('10.146.0.0/16'),
 IPv4Network('10.147.0.0/16'),
 IPv4Network('10.148.0.0/16'),
 IPv4Network('10.149.0.0/16'),
 IPv4Network('10.150.0.0/16'),
 IPv4Network('10.151.0.0/16'),
 IPv4Network('10.152.0.0/16'),
 IPv4Network('10.153.0.0/16'),
 IPv4Network('10.154.0.0/16'),
 IPv4Network('10.155.0.0/16'),
 IPv4Network('10.156.0.0/16'),
 IPv4Network('10.157.0.0/16'),
 IPv4Network('10.158.0.0/16'),
 IPv4Network('10.159.0.0/16'),
 IPv4Network('10.160.0.0/16'),
 IPv4Network('10.161.0.0/16'),
 IPv4Network('10.162.0.0/16'),
 IPv4Network('10.163.0.0/16'),
 IPv4Network('10.164.0.0/16'),
 IPv4Network('10.165.0.0/16'),
 IPv4Network('10.166.0.0/16'),
 IPv4Network('10.167.0.0/16'),
 IPv4Network('10.168.0.0/16'),
 IPv4Network('10.169.0.0/16'),
 IPv4Network('10.170.0.0/16'),
 IPv4Network('10.171.0.0/16'),
 IPv4Network('10.172.0.0/16'),
 IPv4Network('10.173.0.0/16'),
 IPv4Network('10.174.0.0/16'),
 IPv4Network('10.175.0.0/16'),
 IPv4Network('10.176.0.0/16'),
 IPv4Network('10.177.0.0/16'),
 IPv4Network('10.178.0.0/16'),
 IPv4Network('10.179.0.0/16'),
 IPv4Network('10.180.0.0/16'),
 IPv4Network('10.181.0.0/16'),
 IPv4Network('10.182.0.0/16'),
 IPv4Network('10.183.0.0/16'),
 IPv4Network('10.184.0.0/16'),
 IPv4Network('10.185.0.0/16'),
 IPv4Network('10.186.0.0/16'),
 IPv4Network('10.187.0.0/16'),
 IPv4Network('10.188.0.0/16'),
 IPv4Network('10.189.0.0/16'),
 IPv4Network('10.190.0.0/16'),
 IPv4Network('10.191.0.0/16'),
 IPv4Network('10.192.0.0/16'),
 IPv4Network('10.193.0.0/16'),
 IPv4Network('10.194.0.0/16'),
 IPv4Network('10.195.0.0/16'),
 IPv4Network('10.196.0.0/16'),
 IPv4Network('10.197.0.0/16'),
 IPv4Network('10.198.0.0/16'),
 IPv4Network('10.199.0.0/16'),
 IPv4Network('10.200.0.0/16'),
 IPv4Network('10.201.0.0/16'),
 IPv4Network('10.202.0.0/16'),
 IPv4Network('10.203.0.0/16'),
 IPv4Network('10.204.0.0/16'),
 IPv4Network('10.205.0.0/16'),
 IPv4Network('10.206.0.0/16'),
 IPv4Network('10.207.0.0/16'),
 IPv4Network('10.208.0.0/16'),
 IPv4Network('10.209.0.0/16'),
 IPv4Network('10.210.0.0/16'),
 IPv4Network('10.211.0.0/16'),
 IPv4Network('10.212.0.0/16'),
 IPv4Network('10.213.0.0/16'),
 IPv4Network('10.214.0.0/16'),
 IPv4Network('10.215.0.0/16'),
 IPv4Network('10.216.0.0/16'),
 IPv4Network('10.217.0.0/16'),
 IPv4Network('10.218.0.0/16'),
 IPv4Network('10.219.0.0/16'),
 IPv4Network('10.220.0.0/16'),
 IPv4Network('10.221.0.0/16'),
 IPv4Network('10.222.0.0/16'),
 IPv4Network('10.223.0.0/16'),
 IPv4Network('10.224.0.0/16'),
 IPv4Network('10.225.0.0/16'),
 IPv4Network('10.226.0.0/16'),
 IPv4Network('10.227.0.0/16'),
 IPv4Network('10.228.0.0/16'),
 IPv4Network('10.229.0.0/16'),
 IPv4Network('10.230.0.0/16'),
 IPv4Network('10.231.0.0/16'),
 IPv4Network('10.232.0.0/16'),
 IPv4Network('10.233.0.0/16'),
 IPv4Network('10.234.0.0/16'),
 IPv4Network('10.235.0.0/16'),
 IPv4Network('10.236.0.0/16'),
 IPv4Network('10.237.0.0/16'),
 IPv4Network('10.238.0.0/16'),
 IPv4Network('10.239.0.0/16'),
 IPv4Network('10.240.0.0/16'),
 IPv4Network('10.241.0.0/16'),
 IPv4Network('10.242.0.0/16'),
 IPv4Network('10.243.0.0/16'),
 IPv4Network('10.244.0.0/16'),
 IPv4Network('10.245.0.0/16'),
 IPv4Network('10.246.0.0/16'),
 IPv4Network('10.247.0.0/16')]
[IPv4Network('10.0.0.0/8'),
 IPv4Network('129.79.0.0/16'),
 IPv4Network('134.68.0.0/16'),
 IPv4Network('140.182.0.0/16'),
 IPv4Network('149.159.0.0/16'),
 IPv4Network('149.160.0.0/14'),
 IPv4Network('156.56.0.0/16'),
 IPv4Network('172.16.0.0/12'),
 IPv4Network('192.168.0.0/24'),
 IPv6Network('::/128'),
 IPv4Network('10.0.0.0/16'),
 IPv4Network('10.1.0.0/16'),
 IPv4Network('10.2.0.0/16'),
 IPv4Network('10.3.0.0/16'),
 IPv4Network('10.4.0.0/16'),
 IPv4Network('10.5.0.0/16'),
 IPv4Network('10.6.0.0/16'),
 IPv4Network('10.7.0.0/16'),
 IPv4Network('10.8.0.0/16'),
 IPv4Network('10.9.0.0/16'),
 IPv4Network('10.10.0.0/16'),
 IPv4Network('10.11.0.0/16'),
 IPv4Network('10.12.0.0/16'),
 IPv4Network('10.13.0.0/16'),
 IPv4Network('10.14.0.0/16'),
 IPv4Network('10.15.0.0/16'),
 IPv4Network('10.16.0.0/16'),
 IPv4Network('10.17.0.0/16'),
 IPv4Network('10.18.0.0/16'),
 IPv4Network('10.19.0.0/16'),
 IPv4Network('10.20.0.0/16'),
 IPv4Network('10.21.0.0/16'),
 IPv4Network('10.22.0.0/16'),
 IPv4Network('10.23.0.0/16'),
 IPv4Network('10.24.0.0/16'),
 IPv4Network('10.25.0.0/16'),
 IPv4Network('10.26.0.0/16'),
 IPv4Network('10.27.0.0/16'),
 IPv4Network('10.28.0.0/16'),
 IPv4Network('10.29.0.0/16'),
 IPv4Network('10.30.0.0/16'),
 IPv4Network('10.31.0.0/16'),
 IPv4Network('10.32.0.0/16'),
 IPv4Network('10.33.0.0/16'),
 IPv4Network('10.34.0.0/16'),
 IPv4Network('10.35.0.0/16'),
 IPv4Network('10.36.0.0/16'),
 IPv4Network('10.37.0.0/16'),
 IPv4Network('10.38.0.0/16'),
 IPv4Network('10.39.0.0/16'),
 IPv4Network('10.40.0.0/16'),
 IPv4Network('10.41.0.0/16'),
 IPv4Network('10.42.0.0/16'),
 IPv4Network('10.43.0.0/16'),
 IPv4Network('10.44.0.0/16'),
 IPv4Network('10.45.0.0/16'),
 IPv4Network('10.46.0.0/16'),
 IPv4Network('10.47.0.0/16'),
 IPv4Network('10.48.0.0/16'),
 IPv4Network('10.49.0.0/16'),
 IPv4Network('10.50.0.0/16'),
 IPv4Network('10.51.0.0/16'),
 IPv4Network('10.52.0.0/16'),
 IPv4Network('10.53.0.0/16'),
 IPv4Network('10.54.0.0/16'),
 IPv4Network('10.55.0.0/16'),
 IPv4Network('10.56.0.0/16'),
 IPv4Network('10.57.0.0/16'),
 IPv4Network('10.58.0.0/16'),
 IPv4Network('10.59.0.0/16'),
 IPv4Network('10.60.0.0/16'),
 IPv4Network('10.61.0.0/16'),
 IPv4Network('10.62.0.0/16'),
 IPv4Network('10.63.0.0/16'),
 IPv4Network('10.64.0.0/16'),
 IPv4Network('10.65.0.0/16'),
 IPv4Network('10.66.0.0/16'),
 IPv4Network('10.67.0.0/16'),
 IPv4Network('10.68.0.0/16'),
 IPv4Network('10.69.0.0/16'),
 IPv4Network('10.70.0.0/16'),
 IPv4Network('10.71.0.0/16'),
 IPv4Network('10.72.0.0/16'),
 IPv4Network('10.73.0.0/16'),
 IPv4Network('10.74.0.0/16'),
 IPv4Network('10.75.0.0/16'),
 IPv4Network('10.76.0.0/16'),
 IPv4Network('10.77.0.0/16'),
 IPv4Network('10.78.0.0/16'),
 IPv4Network('10.79.0.0/16'),
 IPv4Network('10.80.0.0/16'),
 IPv4Network('10.81.0.0/16'),
 IPv4Network('10.82.0.0/16'),
 IPv4Network('10.83.0.0/16'),
 IPv4Network('10.84.0.0/16'),
 IPv4Network('10.85.0.0/16'),
 IPv4Network('10.86.0.0/16'),
 IPv4Network('10.87.0.0/16'),
 IPv4Network('10.88.0.0/16'),
 IPv4Network('10.89.0.0/16'),
 IPv4Network('10.90.0.0/16'),
 IPv4Network('10.91.0.0/16'),
 IPv4Network('10.92.0.0/16'),
 IPv4Network('10.93.0.0/16'),
 IPv4Network('10.94.0.0/16'),
 IPv4Network('10.95.0.0/16'),
 IPv4Network('10.96.0.0/16'),
 IPv4Network('10.97.0.0/16'),
 IPv4Network('10.98.0.0/16'),
 IPv4Network('10.99.0.0/16'),
 IPv4Network('10.100.0.0/16'),
 IPv4Network('10.101.0.0/16'),
 IPv4Network('10.102.0.0/16'),
 IPv4Network('10.103.0.0/16'),
 IPv4Network('10.104.0.0/16'),
 IPv4Network('10.105.0.0/16'),
 IPv4Network('10.106.0.0/16'),
 IPv4Network('10.107.0.0/16'),
 IPv4Network('10.108.0.0/16'),
 IPv4Network('10.109.0.0/16'),
 IPv4Network('10.110.0.0/16'),
 IPv4Network('10.111.0.0/16'),
 IPv4Network('10.112.0.0/16'),
 IPv4Network('10.113.0.0/16'),
 IPv4Network('10.114.0.0/16'),
 IPv4Network('10.115.0.0/16'),
 IPv4Network('10.116.0.0/16'),
 IPv4Network('10.117.0.0/16'),
 IPv4Network('10.118.0.0/16'),
 IPv4Network('10.119.0.0/16'),
 IPv4Network('10.120.0.0/16'),
 IPv4Network('10.121.0.0/16'),
 IPv4Network('10.122.0.0/16'),
 IPv4Network('10.123.0.0/16'),
 IPv4Network('10.124.0.0/16'),
 IPv4Network('10.125.0.0/16'),
 IPv4Network('10.126.0.0/16'),
 IPv4Network('10.127.0.0/16'),
 IPv4Network('10.128.0.0/16'),
 IPv4Network('10.129.0.0/16'),
 IPv4Network('10.130.0.0/16'),
 IPv4Network('10.131.0.0/16'),
 IPv4Network('10.132.0.0/16'),
 IPv4Network('10.133.0.0/16'),
 IPv4Network('10.134.0.0/16'),
 IPv4Network('10.135.0.0/16'),
 IPv4Network('10.136.0.0/16'),
 IPv4Network('10.137.0.0/16'),
 IPv4Network('10.138.0.0/16'),
 IPv4Network('10.139.0.0/16'),
 IPv4Network('10.140.0.0/16'),
 IPv4Network('10.141.0.0/16'),
 IPv4Network('10.142.0.0/16'),
 IPv4Network('10.143.0.0/16'),
 IPv4Network('10.144.0.0/16'),
 IPv4Network('10.145.0.0/16'),
 IPv4Network('10.146.0.0/16'),
 IPv4Network('10.147.0.0/16'),
 IPv4Network('10.148.0.0/16'),
 IPv4Network('10.149.0.0/16'),
 IPv4Network('10.150.0.0/16'),
 IPv4Network('10.151.0.0/16'),
 IPv4Network('10.152.0.0/16'),
 IPv4Network('10.153.0.0/16'),
 IPv4Network('10.154.0.0/16'),
 IPv4Network('10.155.0.0/16'),
 IPv4Network('10.156.0.0/16'),
 IPv4Network('10.157.0.0/16'),
 IPv4Network('10.158.0.0/16'),
 IPv4Network('10.159.0.0/16'),
 IPv4Network('10.160.0.0/16'),
 IPv4Network('10.161.0.0/16'),
 IPv4Network('10.162.0.0/16'),
 IPv4Network('10.163.0.0/16'),
 IPv4Network('10.164.0.0/16'),
 IPv4Network('10.165.0.0/16'),
 IPv4Network('10.166.0.0/16'),
 IPv4Network('10.167.0.0/16'),
 IPv4Network('10.168.0.0/16'),
 IPv4Network('10.169.0.0/16'),
 IPv4Network('10.170.0.0/16'),
 IPv4Network('10.171.0.0/16'),
 IPv4Network('10.172.0.0/16'),
 IPv4Network('10.173.0.0/16'),
 IPv4Network('10.174.0.0/16'),
 IPv4Network('10.175.0.0/16'),
 IPv4Network('10.176.0.0/16'),
 IPv4Network('10.177.0.0/16'),
 IPv4Network('10.178.0.0/16'),
 IPv4Network('10.179.0.0/16'),
 IPv4Network('10.180.0.0/16'),
 IPv4Network('10.181.0.0/16'),
 IPv4Network('10.182.0.0/16'),
 IPv4Network('10.183.0.0/16'),
 IPv4Network('10.184.0.0/16'),
 IPv4Network('10.185.0.0/16'),
 IPv4Network('10.186.0.0/16'),
 IPv4Network('10.187.0.0/16'),
 IPv4Network('10.188.0.0/16'),
 IPv4Network('10.189.0.0/16'),
 IPv4Network('10.190.0.0/16'),
 IPv4Network('10.191.0.0/16'),
 IPv4Network('10.192.0.0/16'),
 IPv4Network('10.193.0.0/16'),
 IPv4Network('10.194.0.0/16'),
 IPv4Network('10.195.0.0/16'),
 IPv4Network('10.196.0.0/16'),
 IPv4Network('10.197.0.0/16'),
 IPv4Network('10.198.0.0/16'),
 IPv4Network('10.199.0.0/16'),
 IPv4Network('10.200.0.0/16'),
 IPv4Network('10.201.0.0/16'),
 IPv4Network('10.202.0.0/16'),
 IPv4Network('10.203.0.0/16'),
 IPv4Network('10.204.0.0/16'),
 IPv4Network('10.205.0.0/16'),
 IPv4Network('10.206.0.0/16'),
 IPv4Network('10.207.0.0/16'),
 IPv4Network('10.208.0.0/16'),
 IPv4Network('10.209.0.0/16'),
 IPv4Network('10.210.0.0/16'),
 IPv4Network('10.211.0.0/16'),
 IPv4Network('10.212.0.0/16'),
 IPv4Network('10.213.0.0/16'),
 IPv4Network('10.214.0.0/16'),
 IPv4Network('10.215.0.0/16'),
 IPv4Network('10.216.0.0/16'),
 IPv4Network('10.217.0.0/16'),
 IPv4Network('10.218.0.0/16'),
 IPv4Network('10.219.0.0/16'),
 IPv4Network('10.220.0.0/16'),
 IPv4Network('10.221.0.0/16'),
 IPv4Network('10.222.0.0/16'),
 IPv4Network('10.223.0.0/16'),
 IPv4Network('10.224.0.0/16'),
 IPv4Network('10.225.0.0/16'),
 IPv4Network('10.226.0.0/16'),
 IPv4Network('10.227.0.0/16'),
 IPv4Network('10.228.0.0/16'),
 IPv4Network('10.229.0.0/16'),
 IPv4Network('10.230.0.0/16'),
 IPv4Network('10.231.0.0/16'),
 IPv4Network('10.232.0.0/16'),
 IPv4Network('10.233.0.0/16'),
 IPv4Network('10.234.0.0/16'),
 IPv4Network('10.235.0.0/16'),
 IPv4Network('10.236.0.0/16'),
 IPv4Network('10.237.0.0/16'),
 IPv4Network('10.238.0.0/16'),
 IPv4Network('10.239.0.0/16'),
 IPv4Network('10.240.0.0/16'),
 IPv4Network('10.241.0.0/16'),
 IPv4Network('10.242.0.0/16'),
 IPv4Network('10.243.0.0/16'),
 IPv4Network('10.244.0.0/16'),
 IPv4Network('10.245.0.0/16'),
 IPv4Network('10.246.0.0/16'),
 IPv4Network('10.247.0.0/16')]
[IPv4Network('10.0.0.0/8'),
 IPv4Network('129.79.0.0/16'),
 IPv4Network('134.68.0.0/16'),
 IPv4Network('140.182.0.0/16'),
 IPv4Network('149.159.0.0/16'),
 IPv4Network('149.160.0.0/14'),
 IPv4Network('156.56.0.0/16'),
 IPv4Network('172.16.0.0/12'),
 IPv4Network('192.168.0.0/24'),
 IPv6Network('::/128'),
 IPv4Network('10.0.0.0/16'),
 IPv4Network('10.1.0.0/16'),
 IPv4Network('10.2.0.0/16'),
 IPv4Network('10.3.0.0/16'),
 IPv4Network('10.4.0.0/16'),
 IPv4Network('10.5.0.0/16'),
 IPv4Network('10.6.0.0/16'),
 IPv4Network('10.7.0.0/16'),
 IPv4Network('10.8.0.0/16'),
 IPv4Network('10.9.0.0/16'),
 IPv4Network('10.10.0.0/16'),
 IPv4Network('10.11.0.0/16'),
 IPv4Network('10.12.0.0/16'),
 IPv4Network('10.13.0.0/16'),
 IPv4Network('10.14.0.0/16'),
 IPv4Network('10.15.0.0/16'),
 IPv4Network('10.16.0.0/16'),
 IPv4Network('10.17.0.0/16'),
 IPv4Network('10.18.0.0/16'),
 IPv4Network('10.19.0.0/16'),
 IPv4Network('10.20.0.0/16'),
 IPv4Network('10.21.0.0/16'),
 IPv4Network('10.22.0.0/16'),
 IPv4Network('10.23.0.0/16'),
 IPv4Network('10.24.0.0/16'),
 IPv4Network('10.25.0.0/16'),
 IPv4Network('10.26.0.0/16'),
 IPv4Network('10.27.0.0/16'),
 IPv4Network('10.28.0.0/16'),
 IPv4Network('10.29.0.0/16'),
 IPv4Network('10.30.0.0/16'),
 IPv4Network('10.31.0.0/16'),
 IPv4Network('10.32.0.0/16'),
 IPv4Network('10.33.0.0/16'),
 IPv4Network('10.34.0.0/16'),
 IPv4Network('10.35.0.0/16'),
 IPv4Network('10.36.0.0/16'),
 IPv4Network('10.37.0.0/16'),
 IPv4Network('10.38.0.0/16'),
 IPv4Network('10.39.0.0/16'),
 IPv4Network('10.40.0.0/16'),
 IPv4Network('10.41.0.0/16'),
 IPv4Network('10.42.0.0/16'),
 IPv4Network('10.43.0.0/16'),
 IPv4Network('10.44.0.0/16'),
 IPv4Network('10.45.0.0/16'),
 IPv4Network('10.46.0.0/16'),
 IPv4Network('10.47.0.0/16'),
 IPv4Network('10.48.0.0/16'),
 IPv4Network('10.49.0.0/16'),
 IPv4Network('10.50.0.0/16'),
 IPv4Network('10.51.0.0/16'),
 IPv4Network('10.52.0.0/16'),
 IPv4Network('10.53.0.0/16'),
 IPv4Network('10.54.0.0/16'),
 IPv4Network('10.55.0.0/16'),
 IPv4Network('10.56.0.0/16'),
 IPv4Network('10.57.0.0/16'),
 IPv4Network('10.58.0.0/16'),
 IPv4Network('10.59.0.0/16'),
 IPv4Network('10.60.0.0/16'),
 IPv4Network('10.61.0.0/16'),
 IPv4Network('10.62.0.0/16'),
 IPv4Network('10.63.0.0/16'),
 IPv4Network('10.64.0.0/16'),
 IPv4Network('10.65.0.0/16'),
 IPv4Network('10.66.0.0/16'),
 IPv4Network('10.67.0.0/16'),
 IPv4Network('10.68.0.0/16'),
 IPv4Network('10.69.0.0/16'),
 IPv4Network('10.70.0.0/16'),
 IPv4Network('10.71.0.0/16'),
 IPv4Network('10.72.0.0/16'),
 IPv4Network('10.73.0.0/16'),
 IPv4Network('10.74.0.0/16'),
 IPv4Network('10.75.0.0/16'),
 IPv4Network('10.76.0.0/16'),
 IPv4Network('10.77.0.0/16'),
 IPv4Network('10.78.0.0/16'),
 IPv4Network('10.79.0.0/16'),
 IPv4Network('10.80.0.0/16'),
 IPv4Network('10.81.0.0/16'),
 IPv4Network('10.82.0.0/16'),
 IPv4Network('10.83.0.0/16'),
 IPv4Network('10.84.0.0/16'),
 IPv4Network('10.85.0.0/16'),
 IPv4Network('10.86.0.0/16'),
 IPv4Network('10.87.0.0/16'),
 IPv4Network('10.88.0.0/16'),
 IPv4Network('10.89.0.0/16'),
 IPv4Network('10.90.0.0/16'),
 IPv4Network('10.91.0.0/16'),
 IPv4Network('10.92.0.0/16'),
 IPv4Network('10.93.0.0/16'),
 IPv4Network('10.94.0.0/16'),
 IPv4Network('10.95.0.0/16'),
 IPv4Network('10.96.0.0/16'),
 IPv4Network('10.97.0.0/16'),
 IPv4Network('10.98.0.0/16'),
 IPv4Network('10.99.0.0/16'),
 IPv4Network('10.100.0.0/16'),
 IPv4Network('10.101.0.0/16'),
 IPv4Network('10.102.0.0/16'),
 IPv4Network('10.103.0.0/16'),
 IPv4Network('10.104.0.0/16'),
 IPv4Network('10.105.0.0/16'),
 IPv4Network('10.106.0.0/16'),
 IPv4Network('10.107.0.0/16'),
 IPv4Network('10.108.0.0/16'),
 IPv4Network('10.109.0.0/16'),
 IPv4Network('10.110.0.0/16'),
 IPv4Network('10.111.0.0/16'),
 IPv4Network('10.112.0.0/16'),
 IPv4Network('10.113.0.0/16'),
 IPv4Network('10.114.0.0/16'),
 IPv4Network('10.115.0.0/16'),
 IPv4Network('10.116.0.0/16'),
 IPv4Network('10.117.0.0/16'),
 IPv4Network('10.118.0.0/16'),
 IPv4Network('10.119.0.0/16'),
 IPv4Network('10.120.0.0/16'),
 IPv4Network('10.121.0.0/16'),
 IPv4Network('10.122.0.0/16'),
 IPv4Network('10.123.0.0/16'),
 IPv4Network('10.124.0.0/16'),
 IPv4Network('10.125.0.0/16'),
 IPv4Network('10.126.0.0/16'),
 IPv4Network('10.127.0.0/16'),
 IPv4Network('10.128.0.0/16'),
 IPv4Network('10.129.0.0/16'),
 IPv4Network('10.130.0.0/16'),
 IPv4Network('10.131.0.0/16'),
 IPv4Network('10.132.0.0/16'),
 IPv4Network('10.133.0.0/16'),
 IPv4Network('10.134.0.0/16'),
 IPv4Network('10.135.0.0/16'),
 IPv4Network('10.136.0.0/16'),
 IPv4Network('10.137.0.0/16'),
 IPv4Network('10.138.0.0/16'),
 IPv4Network('10.139.0.0/16'),
 IPv4Network('10.140.0.0/16'),
 IPv4Network('10.141.0.0/16'),
 IPv4Network('10.142.0.0/16'),
 IPv4Network('10.143.0.0/16'),
 IPv4Network('10.144.0.0/16'),
 IPv4Network('10.145.0.0/16'),
 IPv4Network('10.146.0.0/16'),
 IPv4Network('10.147.0.0/16'),
 IPv4Network('10.148.0.0/16'),
 IPv4Network('10.149.0.0/16'),
 IPv4Network('10.150.0.0/16'),
 IPv4Network('10.151.0.0/16'),
 IPv4Network('10.152.0.0/16'),
 IPv4Network('10.153.0.0/16'),
 IPv4Network('10.154.0.0/16'),
 IPv4Network('10.155.0.0/16'),
 IPv4Network('10.156.0.0/16'),
 IPv4Network('10.157.0.0/16'),
 IPv4Network('10.158.0.0/16'),
 IPv4Network('10.159.0.0/16'),
 IPv4Network('10.160.0.0/16'),
 IPv4Network('10.161.0.0/16'),
 IPv4Network('10.162.0.0/16'),
 IPv4Network('10.163.0.0/16'),
 IPv4Network('10.164.0.0/16'),
 IPv4Network('10.165.0.0/16'),
 IPv4Network('10.166.0.0/16'),
 IPv4Network('10.167.0.0/16'),
 IPv4Network('10.168.0.0/16'),
 IPv4Network('10.169.0.0/16'),
 IPv4Network('10.170.0.0/16'),
 IPv4Network('10.171.0.0/16'),
 IPv4Network('10.172.0.0/16'),
 IPv4Network('10.173.0.0/16'),
 IPv4Network('10.174.0.0/16'),
 IPv4Network('10.175.0.0/16'),
 IPv4Network('10.176.0.0/16'),
 IPv4Network('10.177.0.0/16'),
 IPv4Network('10.178.0.0/16'),
 IPv4Network('10.179.0.0/16'),
 IPv4Network('10.180.0.0/16'),
 IPv4Network('10.181.0.0/16'),
 IPv4Network('10.182.0.0/16'),
 IPv4Network('10.183.0.0/16'),
 IPv4Network('10.184.0.0/16'),
 IPv4Network('10.185.0.0/16'),
 IPv4Network('10.186.0.0/16'),
 IPv4Network('10.187.0.0/16'),
 IPv4Network('10.188.0.0/16'),
 IPv4Network('10.189.0.0/16'),
 IPv4Network('10.190.0.0/16'),
 IPv4Network('10.191.0.0/16'),
 IPv4Network('10.192.0.0/16'),
 IPv4Network('10.193.0.0/16'),
 IPv4Network('10.194.0.0/16'),
 IPv4Network('10.195.0.0/16'),
 IPv4Network('10.196.0.0/16'),
 IPv4Network('10.197.0.0/16'),
 IPv4Network('10.198.0.0/16'),
 IPv4Network('10.199.0.0/16'),
 IPv4Network('10.200.0.0/16'),
 IPv4Network('10.201.0.0/16'),
 IPv4Network('10.202.0.0/16'),
 IPv4Network('10.203.0.0/16'),
 IPv4Network('10.204.0.0/16'),
 IPv4Network('10.205.0.0/16'),
 IPv4Network('10.206.0.0/16'),
 IPv4Network('10.207.0.0/16'),
 IPv4Network('10.208.0.0/16'),
 IPv4Network('10.209.0.0/16'),
 IPv4Network('10.210.0.0/16'),
 IPv4Network('10.211.0.0/16'),
 IPv4Network('10.212.0.0/16'),
 IPv4Network('10.213.0.0/16'),
 IPv4Network('10.214.0.0/16'),
 IPv4Network('10.215.0.0/16'),
 IPv4Network('10.216.0.0/16'),
 IPv4Network('10.217.0.0/16'),
 IPv4Network('10.218.0.0/16'),
 IPv4Network('10.219.0.0/16'),
 IPv4Network('10.220.0.0/16'),
 IPv4Network('10.221.0.0/16'),
 IPv4Network('10.222.0.0/16'),
 IPv4Network('10.223.0.0/16'),
 IPv4Network('10.224.0.0/16'),
 IPv4Network('10.225.0.0/16'),
 IPv4Network('10.226.0.0/16'),
 IPv4Network('10.227.0.0/16'),
 IPv4Network('10.228.0.0/16'),
 IPv4Network('10.229.0.0/16'),
 IPv4Network('10.230.0.0/16'),
 IPv4Network('10.231.0.0/16'),
 IPv4Network('10.232.0.0/16'),
 IPv4Network('10.233.0.0/16'),
 IPv4Network('10.234.0.0/16'),
 IPv4Network('10.235.0.0/16'),
 IPv4Network('10.236.0.0/16'),
 IPv4Network('10.237.0.0/16'),
 IPv4Network('10.238.0.0/16'),
 IPv4Network('10.239.0.0/16'),
 IPv4Network('10.240.0.0/16'),
 IPv4Network('10.241.0.0/16'),
 IPv4Network('10.242.0.0/16'),
 IPv4Network('10.243.0.0/16'),
 IPv4Network('10.244.0.0/16'),
 IPv4Network('10.245.0.0/16'),
 IPv4Network('10.246.0.0/16'),
 IPv4Network('10.247.0.0/16')]
[IPv4Network('10.0.0.0/8'),
 IPv4Network('129.79.0.0/16'),
 IPv4Network('134.68.0.0/16'),
 IPv4Network('140.182.0.0/16'),
 IPv4Network('149.159.0.0/16'),
 IPv4Network('149.160.0.0/14'),
 IPv4Network('156.56.0.0/16'),
 IPv4Network('172.16.0.0/12'),
 IPv4Network('192.168.0.0/24'),
 IPv6Network('::/128'),
 IPv4Network('10.0.0.0/16'),
 IPv4Network('10.1.0.0/16'),
 IPv4Network('10.2.0.0/16'),
 IPv4Network('10.3.0.0/16'),
 IPv4Network('10.4.0.0/16'),
 IPv4Network('10.5.0.0/16'),
 IPv4Network('10.6.0.0/16'),
 IPv4Network('10.7.0.0/16'),
 IPv4Network('10.8.0.0/16'),
 IPv4Network('10.9.0.0/16'),
 IPv4Network('10.10.0.0/16'),
 IPv4Network('10.11.0.0/16'),
 IPv4Network('10.12.0.0/16'),
 IPv4Network('10.13.0.0/16'),
 IPv4Network('10.14.0.0/16'),
 IPv4Network('10.15.0.0/16'),
 IPv4Network('10.16.0.0/16'),
 IPv4Network('10.17.0.0/16'),
 IPv4Network('10.18.0.0/16'),
 IPv4Network('10.19.0.0/16'),
 IPv4Network('10.20.0.0/16'),
 IPv4Network('10.21.0.0/16'),
 IPv4Network('10.22.0.0/16'),
 IPv4Network('10.23.0.0/16'),
 IPv4Network('10.24.0.0/16'),
 IPv4Network('10.25.0.0/16'),
 IPv4Network('10.26.0.0/16'),
 IPv4Network('10.27.0.0/16'),
 IPv4Network('10.28.0.0/16'),
 IPv4Network('10.29.0.0/16'),
 IPv4Network('10.30.0.0/16'),
 IPv4Network('10.31.0.0/16'),
 IPv4Network('10.32.0.0/16'),
 IPv4Network('10.33.0.0/16'),
 IPv4Network('10.34.0.0/16'),
 IPv4Network('10.35.0.0/16'),
 IPv4Network('10.36.0.0/16'),
 IPv4Network('10.37.0.0/16'),
 IPv4Network('10.38.0.0/16'),
 IPv4Network('10.39.0.0/16'),
 IPv4Network('10.40.0.0/16'),
 IPv4Network('10.41.0.0/16'),
 IPv4Network('10.42.0.0/16'),
 IPv4Network('10.43.0.0/16'),
 IPv4Network('10.44.0.0/16'),
 IPv4Network('10.45.0.0/16'),
 IPv4Network('10.46.0.0/16'),
 IPv4Network('10.47.0.0/16'),
 IPv4Network('10.48.0.0/16'),
 IPv4Network('10.49.0.0/16'),
 IPv4Network('10.50.0.0/16'),
 IPv4Network('10.51.0.0/16'),
 IPv4Network('10.52.0.0/16'),
 IPv4Network('10.53.0.0/16'),
 IPv4Network('10.54.0.0/16'),
 IPv4Network('10.55.0.0/16'),
 IPv4Network('10.56.0.0/16'),
 IPv4Network('10.57.0.0/16'),
 IPv4Network('10.58.0.0/16'),
 IPv4Network('10.59.0.0/16'),
 IPv4Network('10.60.0.0/16'),
 IPv4Network('10.61.0.0/16'),
 IPv4Network('10.62.0.0/16'),
 IPv4Network('10.63.0.0/16'),
 IPv4Network('10.64.0.0/16'),
 IPv4Network('10.65.0.0/16'),
 IPv4Network('10.66.0.0/16'),
 IPv4Network('10.67.0.0/16'),
 IPv4Network('10.68.0.0/16'),
 IPv4Network('10.69.0.0/16'),
 IPv4Network('10.70.0.0/16'),
 IPv4Network('10.71.0.0/16'),
 IPv4Network('10.72.0.0/16'),
 IPv4Network('10.73.0.0/16'),
 IPv4Network('10.74.0.0/16'),
 IPv4Network('10.75.0.0/16'),
 IPv4Network('10.76.0.0/16'),
 IPv4Network('10.77.0.0/16'),
 IPv4Network('10.78.0.0/16'),
 IPv4Network('10.79.0.0/16'),
 IPv4Network('10.80.0.0/16'),
 IPv4Network('10.81.0.0/16'),
 IPv4Network('10.82.0.0/16'),
 IPv4Network('10.83.0.0/16'),
 IPv4Network('10.84.0.0/16'),
 IPv4Network('10.85.0.0/16'),
 IPv4Network('10.86.0.0/16'),
 IPv4Network('10.87.0.0/16'),
 IPv4Network('10.88.0.0/16'),
 IPv4Network('10.89.0.0/16'),
 IPv4Network('10.90.0.0/16'),
 IPv4Network('10.91.0.0/16'),
 IPv4Network('10.92.0.0/16'),
 IPv4Network('10.93.0.0/16'),
 IPv4Network('10.94.0.0/16'),
 IPv4Network('10.95.0.0/16'),
 IPv4Network('10.96.0.0/16'),
 IPv4Network('10.97.0.0/16'),
 IPv4Network('10.98.0.0/16'),
 IPv4Network('10.99.0.0/16'),
 IPv4Network('10.100.0.0/16'),
 IPv4Network('10.101.0.0/16'),
 IPv4Network('10.102.0.0/16'),
 IPv4Network('10.103.0.0/16'),
 IPv4Network('10.104.0.0/16'),
 IPv4Network('10.105.0.0/16'),
 IPv4Network('10.106.0.0/16'),
 IPv4Network('10.107.0.0/16'),
 IPv4Network('10.108.0.0/16'),
 IPv4Network('10.109.0.0/16'),
 IPv4Network('10.110.0.0/16'),
 IPv4Network('10.111.0.0/16'),
 IPv4Network('10.112.0.0/16'),
 IPv4Network('10.113.0.0/16'),
 IPv4Network('10.114.0.0/16'),
 IPv4Network('10.115.0.0/16'),
 IPv4Network('10.116.0.0/16'),
 IPv4Network('10.117.0.0/16'),
 IPv4Network('10.118.0.0/16'),
 IPv4Network('10.119.0.0/16'),
 IPv4Network('10.120.0.0/16'),
 IPv4Network('10.121.0.0/16'),
 IPv4Network('10.122.0.0/16'),
 IPv4Network('10.123.0.0/16'),
 IPv4Network('10.124.0.0/16'),
 IPv4Network('10.125.0.0/16'),
 IPv4Network('10.126.0.0/16'),
 IPv4Network('10.127.0.0/16'),
 IPv4Network('10.128.0.0/16'),
 IPv4Network('10.129.0.0/16'),
 IPv4Network('10.130.0.0/16'),
 IPv4Network('10.131.0.0/16'),
 IPv4Network('10.132.0.0/16'),
 IPv4Network('10.133.0.0/16'),
 IPv4Network('10.134.0.0/16'),
 IPv4Network('10.135.0.0/16'),
 IPv4Network('10.136.0.0/16'),
 IPv4Network('10.137.0.0/16'),
 IPv4Network('10.138.0.0/16'),
 IPv4Network('10.139.0.0/16'),
 IPv4Network('10.140.0.0/16'),
 IPv4Network('10.141.0.0/16'),
 IPv4Network('10.142.0.0/16'),
 IPv4Network('10.143.0.0/16'),
 IPv4Network('10.144.0.0/16'),
 IPv4Network('10.145.0.0/16'),
 IPv4Network('10.146.0.0/16'),
 IPv4Network('10.147.0.0/16'),
 IPv4Network('10.148.0.0/16'),
 IPv4Network('10.149.0.0/16'),
 IPv4Network('10.150.0.0/16'),
 IPv4Network('10.151.0.0/16'),
 IPv4Network('10.152.0.0/16'),
 IPv4Network('10.153.0.0/16'),
 IPv4Network('10.154.0.0/16'),
 IPv4Network('10.155.0.0/16'),
 IPv4Network('10.156.0.0/16'),
 IPv4Network('10.157.0.0/16'),
 IPv4Network('10.158.0.0/16'),
 IPv4Network('10.159.0.0/16'),
 IPv4Network('10.160.0.0/16'),
 IPv4Network('10.161.0.0/16'),
 IPv4Network('10.162.0.0/16'),
 IPv4Network('10.163.0.0/16'),
 IPv4Network('10.164.0.0/16'),
 IPv4Network('10.165.0.0/16'),
 IPv4Network('10.166.0.0/16'),
 IPv4Network('10.167.0.0/16'),
 IPv4Network('10.168.0.0/16'),
 IPv4Network('10.169.0.0/16'),
 IPv4Network('10.170.0.0/16'),
 IPv4Network('10.171.0.0/16'),
 IPv4Network('10.172.0.0/16'),
 IPv4Network('10.173.0.0/16'),
 IPv4Network('10.174.0.0/16'),
 IPv4Network('10.175.0.0/16'),
 IPv4Network('10.176.0.0/16'),
 IPv4Network('10.177.0.0/16'),
 IPv4Network('10.178.0.0/16'),
 IPv4Network('10.179.0.0/16'),
 IPv4Network('10.180.0.0/16'),
 IPv4Network('10.181.0.0/16'),
 IPv4Network('10.182.0.0/16'),
 IPv4Network('10.183.0.0/16'),
 IPv4Network('10.184.0.0/16'),
 IPv4Network('10.185.0.0/16'),
 IPv4Network('10.186.0.0/16'),
 IPv4Network('10.187.0.0/16'),
 IPv4Network('10.188.0.0/16'),
 IPv4Network('10.189.0.0/16'),
 IPv4Network('10.190.0.0/16'),
 IPv4Network('10.191.0.0/16'),
 IPv4Network('10.192.0.0/16'),
 IPv4Network('10.193.0.0/16'),
 IPv4Network('10.194.0.0/16'),
 IPv4Network('10.195.0.0/16'),
 IPv4Network('10.196.0.0/16'),
 IPv4Network('10.197.0.0/16'),
 IPv4Network('10.198.0.0/16'),
 IPv4Network('10.199.0.0/16'),
 IPv4Network('10.200.0.0/16'),
 IPv4Network('10.201.0.0/16'),
 IPv4Network('10.202.0.0/16'),
 IPv4Network('10.203.0.0/16'),
 IPv4Network('10.204.0.0/16'),
 IPv4Network('10.205.0.0/16'),
 IPv4Network('10.206.0.0/16'),
 IPv4Network('10.207.0.0/16'),
 IPv4Network('10.208.0.0/16'),
 IPv4Network('10.209.0.0/16'),
 IPv4Network('10.210.0.0/16'),
 IPv4Network('10.211.0.0/16'),
 IPv4Network('10.212.0.0/16'),
 IPv4Network('10.213.0.0/16'),
 IPv4Network('10.214.0.0/16'),
 IPv4Network('10.215.0.0/16'),
 IPv4Network('10.216.0.0/16'),
 IPv4Network('10.217.0.0/16'),
 IPv4Network('10.218.0.0/16'),
 IPv4Network('10.219.0.0/16'),
 IPv4Network('10.220.0.0/16'),
 IPv4Network('10.221.0.0/16'),
 IPv4Network('10.222.0.0/16'),
 IPv4Network('10.223.0.0/16'),
 IPv4Network('10.224.0.0/16'),
 IPv4Network('10.225.0.0/16'),
 IPv4Network('10.226.0.0/16'),
 IPv4Network('10.227.0.0/16'),
 IPv4Network('10.228.0.0/16'),
 IPv4Network('10.229.0.0/16'),
 IPv4Network('10.230.0.0/16'),
 IPv4Network('10.231.0.0/16'),
 IPv4Network('10.232.0.0/16'),
 IPv4Network('10.233.0.0/16'),
 IPv4Network('10.234.0.0/16'),
 IPv4Network('10.235.0.0/16'),
 IPv4Network('10.236.0.0/16'),
 IPv4Network('10.237.0.0/16'),
 IPv4Network('10.238.0.0/16'),
 IPv4Network('10.239.0.0/16'),
 IPv4Network('10.240.0.0/16'),
 IPv4Network('10.241.0.0/16'),
 IPv4Network('10.242.0.0/16'),
 IPv4Network('10.243.0.0/16'),
 IPv4Network('10.244.0.0/16'),
 IPv4Network('10.245.0.0/16'),
 IPv4Network('10.246.0.0/16'),
 IPv4Network('10.247.0.0/16'),
 IPv4Network('10.248.0.0/16'),
 IPv4Network('10.249.0.0/16')]
[IPv4Network('10.0.0.0/8'),
 IPv4Network('129.79.0.0/16'),
 IPv4Network('134.68.0.0/16'),
 IPv4Network('140.182.0.0/16'),
 IPv4Network('149.159.0.0/16'),
 IPv4Network('149.160.0.0/14'),
 IPv4Network('156.56.0.0/16'),
 IPv4Network('172.16.0.0/12'),
 IPv4Network('192.168.0.0/24'),
 IPv6Network('::/128'),
 IPv4Network('10.0.0.0/16'),
 IPv4Network('10.1.0.0/16'),
 IPv4Network('10.2.0.0/16'),
 IPv4Network('10.3.0.0/16'),
 IPv4Network('10.4.0.0/16'),
 IPv4Network('10.5.0.0/16'),
 IPv4Network('10.6.0.0/16'),
 IPv4Network('10.7.0.0/16'),
 IPv4Network('10.8.0.0/16'),
 IPv4Network('10.9.0.0/16'),
 IPv4Network('10.10.0.0/16'),
 IPv4Network('10.11.0.0/16'),
 IPv4Network('10.12.0.0/16'),
 IPv4Network('10.13.0.0/16'),
 IPv4Network('10.14.0.0/16'),
 IPv4Network('10.15.0.0/16'),
 IPv4Network('10.16.0.0/16'),
 IPv4Network('10.17.0.0/16'),
 IPv4Network('10.18.0.0/16'),
 IPv4Network('10.19.0.0/16'),
 IPv4Network('10.20.0.0/16'),
 IPv4Network('10.21.0.0/16'),
 IPv4Network('10.22.0.0/16'),
 IPv4Network('10.23.0.0/16'),
 IPv4Network('10.24.0.0/16'),
 IPv4Network('10.25.0.0/16'),
 IPv4Network('10.26.0.0/16'),
 IPv4Network('10.27.0.0/16'),
 IPv4Network('10.28.0.0/16'),
 IPv4Network('10.29.0.0/16'),
 IPv4Network('10.30.0.0/16'),
 IPv4Network('10.31.0.0/16'),
 IPv4Network('10.32.0.0/16'),
 IPv4Network('10.33.0.0/16'),
 IPv4Network('10.34.0.0/16'),
 IPv4Network('10.35.0.0/16'),
 IPv4Network('10.36.0.0/16'),
 IPv4Network('10.37.0.0/16'),
 IPv4Network('10.38.0.0/16'),
 IPv4Network('10.39.0.0/16'),
 IPv4Network('10.40.0.0/16'),
 IPv4Network('10.41.0.0/16'),
 IPv4Network('10.42.0.0/16'),
 IPv4Network('10.43.0.0/16'),
 IPv4Network('10.44.0.0/16'),
 IPv4Network('10.45.0.0/16'),
 IPv4Network('10.46.0.0/16'),
 IPv4Network('10.47.0.0/16'),
 IPv4Network('10.48.0.0/16'),
 IPv4Network('10.49.0.0/16'),
 IPv4Network('10.50.0.0/16'),
 IPv4Network('10.51.0.0/16'),
 IPv4Network('10.52.0.0/16'),
 IPv4Network('10.53.0.0/16'),
 IPv4Network('10.54.0.0/16'),
 IPv4Network('10.55.0.0/16'),
 IPv4Network('10.56.0.0/16'),
 IPv4Network('10.57.0.0/16'),
 IPv4Network('10.58.0.0/16'),
 IPv4Network('10.59.0.0/16'),
 IPv4Network('10.60.0.0/16'),
 IPv4Network('10.61.0.0/16'),
 IPv4Network('10.62.0.0/16'),
 IPv4Network('10.63.0.0/16'),
 IPv4Network('10.64.0.0/16'),
 IPv4Network('10.65.0.0/16'),
 IPv4Network('10.66.0.0/16'),
 IPv4Network('10.67.0.0/16'),
 IPv4Network('10.68.0.0/16'),
 IPv4Network('10.69.0.0/16'),
 IPv4Network('10.70.0.0/16'),
 IPv4Network('10.71.0.0/16'),
 IPv4Network('10.72.0.0/16'),
 IPv4Network('10.73.0.0/16'),
 IPv4Network('10.74.0.0/16'),
 IPv4Network('10.75.0.0/16'),
 IPv4Network('10.76.0.0/16'),
 IPv4Network('10.77.0.0/16'),
 IPv4Network('10.78.0.0/16'),
 IPv4Network('10.79.0.0/16'),
 IPv4Network('10.80.0.0/16'),
 IPv4Network('10.81.0.0/16'),
 IPv4Network('10.82.0.0/16'),
 IPv4Network('10.83.0.0/16'),
 IPv4Network('10.84.0.0/16'),
 IPv4Network('10.85.0.0/16'),
 IPv4Network('10.86.0.0/16'),
 IPv4Network('10.87.0.0/16'),
 IPv4Network('10.88.0.0/16'),
 IPv4Network('10.89.0.0/16'),
 IPv4Network('10.90.0.0/16'),
 IPv4Network('10.91.0.0/16'),
 IPv4Network('10.92.0.0/16'),
 IPv4Network('10.93.0.0/16'),
 IPv4Network('10.94.0.0/16'),
 IPv4Network('10.95.0.0/16'),
 IPv4Network('10.96.0.0/16'),
 IPv4Network('10.97.0.0/16'),
 IPv4Network('10.98.0.0/16'),
 IPv4Network('10.99.0.0/16'),
 IPv4Network('10.100.0.0/16'),
 IPv4Network('10.101.0.0/16'),
 IPv4Network('10.102.0.0/16'),
 IPv4Network('10.103.0.0/16'),
 IPv4Network('10.104.0.0/16'),
 IPv4Network('10.105.0.0/16'),
 IPv4Network('10.106.0.0/16'),
 IPv4Network('10.107.0.0/16'),
 IPv4Network('10.108.0.0/16'),
 IPv4Network('10.109.0.0/16'),
 IPv4Network('10.110.0.0/16'),
 IPv4Network('10.111.0.0/16'),
 IPv4Network('10.112.0.0/16'),
 IPv4Network('10.113.0.0/16'),
 IPv4Network('10.114.0.0/16'),
 IPv4Network('10.115.0.0/16'),
 IPv4Network('10.116.0.0/16'),
 IPv4Network('10.117.0.0/16'),
 IPv4Network('10.118.0.0/16'),
 IPv4Network('10.119.0.0/16'),
 IPv4Network('10.120.0.0/16'),
 IPv4Network('10.121.0.0/16'),
 IPv4Network('10.122.0.0/16'),
 IPv4Network('10.123.0.0/16'),
 IPv4Network('10.124.0.0/16'),
 IPv4Network('10.125.0.0/16'),
 IPv4Network('10.126.0.0/16'),
 IPv4Network('10.127.0.0/16'),
 IPv4Network('10.128.0.0/16'),
 IPv4Network('10.129.0.0/16'),
 IPv4Network('10.130.0.0/16'),
 IPv4Network('10.131.0.0/16'),
 IPv4Network('10.132.0.0/16'),
 IPv4Network('10.133.0.0/16'),
 IPv4Network('10.134.0.0/16'),
 IPv4Network('10.135.0.0/16'),
 IPv4Network('10.136.0.0/16'),
 IPv4Network('10.137.0.0/16'),
 IPv4Network('10.138.0.0/16'),
 IPv4Network('10.139.0.0/16'),
 IPv4Network('10.140.0.0/16'),
 IPv4Network('10.141.0.0/16'),
 IPv4Network('10.142.0.0/16'),
 IPv4Network('10.143.0.0/16'),
 IPv4Network('10.144.0.0/16'),
 IPv4Network('10.145.0.0/16'),
 IPv4Network('10.146.0.0/16'),
 IPv4Network('10.147.0.0/16'),
 IPv4Network('10.148.0.0/16'),
 IPv4Network('10.149.0.0/16'),
 IPv4Network('10.150.0.0/16'),
 IPv4Network('10.151.0.0/16'),
 IPv4Network('10.152.0.0/16'),
 IPv4Network('10.153.0.0/16'),
 IPv4Network('10.154.0.0/16'),
 IPv4Network('10.155.0.0/16'),
 IPv4Network('10.156.0.0/16'),
 IPv4Network('10.157.0.0/16'),
 IPv4Network('10.158.0.0/16'),
 IPv4Network('10.159.0.0/16'),
 IPv4Network('10.160.0.0/16'),
 IPv4Network('10.161.0.0/16'),
 IPv4Network('10.162.0.0/16'),
 IPv4Network('10.163.0.0/16'),
 IPv4Network('10.164.0.0/16'),
 IPv4Network('10.165.0.0/16'),
 IPv4Network('10.166.0.0/16'),
 IPv4Network('10.167.0.0/16'),
 IPv4Network('10.168.0.0/16'),
 IPv4Network('10.169.0.0/16'),
 IPv4Network('10.170.0.0/16'),
 IPv4Network('10.171.0.0/16'),
 IPv4Network('10.172.0.0/16'),
 IPv4Network('10.173.0.0/16'),
 IPv4Network('10.174.0.0/16'),
 IPv4Network('10.175.0.0/16'),
 IPv4Network('10.176.0.0/16'),
 IPv4Network('10.177.0.0/16'),
 IPv4Network('10.178.0.0/16'),
 IPv4Network('10.179.0.0/16'),
 IPv4Network('10.180.0.0/16'),
 IPv4Network('10.181.0.0/16'),
 IPv4Network('10.182.0.0/16'),
 IPv4Network('10.183.0.0/16'),
 IPv4Network('10.184.0.0/16'),
 IPv4Network('10.185.0.0/16'),
 IPv4Network('10.186.0.0/16'),
 IPv4Network('10.187.0.0/16'),
 IPv4Network('10.188.0.0/16'),
 IPv4Network('10.189.0.0/16'),
 IPv4Network('10.190.0.0/16'),
 IPv4Network('10.191.0.0/16'),
 IPv4Network('10.192.0.0/16'),
 IPv4Network('10.193.0.0/16'),
 IPv4Network('10.194.0.0/16'),
 IPv4Network('10.195.0.0/16'),
 IPv4Network('10.196.0.0/16'),
 IPv4Network('10.197.0.0/16'),
 IPv4Network('10.198.0.0/16'),
 IPv4Network('10.199.0.0/16'),
 IPv4Network('10.200.0.0/16'),
 IPv4Network('10.201.0.0/16'),
 IPv4Network('10.202.0.0/16'),
 IPv4Network('10.203.0.0/16'),
 IPv4Network('10.204.0.0/16'),
 IPv4Network('10.205.0.0/16'),
 IPv4Network('10.206.0.0/16'),
 IPv4Network('10.207.0.0/16'),
 IPv4Network('10.208.0.0/16'),
 IPv4Network('10.209.0.0/16'),
 IPv4Network('10.210.0.0/16'),
 IPv4Network('10.211.0.0/16'),
 IPv4Network('10.212.0.0/16'),
 IPv4Network('10.213.0.0/16'),
 IPv4Network('10.214.0.0/16'),
 IPv4Network('10.215.0.0/16'),
 IPv4Network('10.216.0.0/16'),
 IPv4Network('10.217.0.0/16'),
 IPv4Network('10.218.0.0/16'),
 IPv4Network('10.219.0.0/16'),
 IPv4Network('10.220.0.0/16'),
 IPv4Network('10.221.0.0/16'),
 IPv4Network('10.222.0.0/16'),
 IPv4Network('10.223.0.0/16'),
 IPv4Network('10.224.0.0/16'),
 IPv4Network('10.225.0.0/16'),
 IPv4Network('10.226.0.0/16'),
 IPv4Network('10.227.0.0/16'),
 IPv4Network('10.228.0.0/16'),
 IPv4Network('10.229.0.0/16'),
 IPv4Network('10.230.0.0/16'),
 IPv4Network('10.231.0.0/16'),
 IPv4Network('10.232.0.0/16'),
 IPv4Network('10.233.0.0/16'),
 IPv4Network('10.234.0.0/16'),
 IPv4Network('10.235.0.0/16'),
 IPv4Network('10.236.0.0/16'),
 IPv4Network('10.237.0.0/16'),
 IPv4Network('10.238.0.0/16'),
 IPv4Network('10.239.0.0/16'),
 IPv4Network('10.240.0.0/16'),
 IPv4Network('10.241.0.0/16'),
 IPv4Network('10.242.0.0/16'),
 IPv4Network('10.243.0.0/16'),
 IPv4Network('10.244.0.0/16'),
 IPv4Network('10.245.0.0/16'),
 IPv4Network('10.246.0.0/16'),
 IPv4Network('10.247.0.0/16'),
 IPv4Network('10.248.0.0/16'),
 IPv4Network('10.249.0.0/16'),
 IPv4Network('10.250.0.0/16'),
 IPv4Network('10.251.0.0/16')]
[IPv4Network('10.0.0.0/8'),
 IPv4Network('129.79.0.0/16'),
 IPv4Network('134.68.0.0/16'),
 IPv4Network('140.182.0.0/16'),
 IPv4Network('149.159.0.0/16'),
 IPv4Network('149.160.0.0/14'),
 IPv4Network('156.56.0.0/16'),
 IPv4Network('172.16.0.0/12'),
 IPv4Network('192.168.0.0/24'),
 IPv6Network('::/128'),
 IPv4Network('10.0.0.0/16'),
 IPv4Network('10.1.0.0/16'),
 IPv4Network('10.2.0.0/16'),
 IPv4Network('10.3.0.0/16'),
 IPv4Network('10.4.0.0/16'),
 IPv4Network('10.5.0.0/16'),
 IPv4Network('10.6.0.0/16'),
 IPv4Network('10.7.0.0/16'),
 IPv4Network('10.8.0.0/16'),
 IPv4Network('10.9.0.0/16'),
 IPv4Network('10.10.0.0/16'),
 IPv4Network('10.11.0.0/16'),
 IPv4Network('10.12.0.0/16'),
 IPv4Network('10.13.0.0/16'),
 IPv4Network('10.14.0.0/16'),
 IPv4Network('10.15.0.0/16'),
 IPv4Network('10.16.0.0/16'),
 IPv4Network('10.17.0.0/16'),
 IPv4Network('10.18.0.0/16'),
 IPv4Network('10.19.0.0/16'),
 IPv4Network('10.20.0.0/16'),
 IPv4Network('10.21.0.0/16'),
 IPv4Network('10.22.0.0/16'),
 IPv4Network('10.23.0.0/16'),
 IPv4Network('10.24.0.0/16'),
 IPv4Network('10.25.0.0/16'),
 IPv4Network('10.26.0.0/16'),
 IPv4Network('10.27.0.0/16'),
 IPv4Network('10.28.0.0/16'),
 IPv4Network('10.29.0.0/16'),
 IPv4Network('10.30.0.0/16'),
 IPv4Network('10.31.0.0/16'),
 IPv4Network('10.32.0.0/16'),
 IPv4Network('10.33.0.0/16'),
 IPv4Network('10.34.0.0/16'),
 IPv4Network('10.35.0.0/16'),
 IPv4Network('10.36.0.0/16'),
 IPv4Network('10.37.0.0/16'),
 IPv4Network('10.38.0.0/16'),
 IPv4Network('10.39.0.0/16'),
 IPv4Network('10.40.0.0/16'),
 IPv4Network('10.41.0.0/16'),
 IPv4Network('10.42.0.0/16'),
 IPv4Network('10.43.0.0/16'),
 IPv4Network('10.44.0.0/16'),
 IPv4Network('10.45.0.0/16'),
 IPv4Network('10.46.0.0/16'),
 IPv4Network('10.47.0.0/16'),
 IPv4Network('10.48.0.0/16'),
 IPv4Network('10.49.0.0/16'),
 IPv4Network('10.50.0.0/16'),
 IPv4Network('10.51.0.0/16'),
 IPv4Network('10.52.0.0/16'),
 IPv4Network('10.53.0.0/16'),
 IPv4Network('10.54.0.0/16'),
 IPv4Network('10.55.0.0/16'),
 IPv4Network('10.56.0.0/16'),
 IPv4Network('10.57.0.0/16'),
 IPv4Network('10.58.0.0/16'),
 IPv4Network('10.59.0.0/16'),
 IPv4Network('10.60.0.0/16'),
 IPv4Network('10.61.0.0/16'),
 IPv4Network('10.62.0.0/16'),
 IPv4Network('10.63.0.0/16'),
 IPv4Network('10.64.0.0/16'),
 IPv4Network('10.65.0.0/16'),
 IPv4Network('10.66.0.0/16'),
 IPv4Network('10.67.0.0/16'),
 IPv4Network('10.68.0.0/16'),
 IPv4Network('10.69.0.0/16'),
 IPv4Network('10.70.0.0/16'),
 IPv4Network('10.71.0.0/16'),
 IPv4Network('10.72.0.0/16'),
 IPv4Network('10.73.0.0/16'),
 IPv4Network('10.74.0.0/16'),
 IPv4Network('10.75.0.0/16'),
 IPv4Network('10.76.0.0/16'),
 IPv4Network('10.77.0.0/16'),
 IPv4Network('10.78.0.0/16'),
 IPv4Network('10.79.0.0/16'),
 IPv4Network('10.80.0.0/16'),
 IPv4Network('10.81.0.0/16'),
 IPv4Network('10.82.0.0/16'),
 IPv4Network('10.83.0.0/16'),
 IPv4Network('10.84.0.0/16'),
 IPv4Network('10.85.0.0/16'),
 IPv4Network('10.86.0.0/16'),
 IPv4Network('10.87.0.0/16'),
 IPv4Network('10.88.0.0/16'),
 IPv4Network('10.89.0.0/16'),
 IPv4Network('10.90.0.0/16'),
 IPv4Network('10.91.0.0/16'),
 IPv4Network('10.92.0.0/16'),
 IPv4Network('10.93.0.0/16'),
 IPv4Network('10.94.0.0/16'),
 IPv4Network('10.95.0.0/16'),
 IPv4Network('10.96.0.0/16'),
 IPv4Network('10.97.0.0/16'),
 IPv4Network('10.98.0.0/16'),
 IPv4Network('10.99.0.0/16'),
 IPv4Network('10.100.0.0/16'),
 IPv4Network('10.101.0.0/16'),
 IPv4Network('10.102.0.0/16'),
 IPv4Network('10.103.0.0/16'),
 IPv4Network('10.104.0.0/16'),
 IPv4Network('10.105.0.0/16'),
 IPv4Network('10.106.0.0/16'),
 IPv4Network('10.107.0.0/16'),
 IPv4Network('10.108.0.0/16'),
 IPv4Network('10.109.0.0/16'),
 IPv4Network('10.110.0.0/16'),
 IPv4Network('10.111.0.0/16'),
 IPv4Network('10.112.0.0/16'),
 IPv4Network('10.113.0.0/16'),
 IPv4Network('10.114.0.0/16'),
 IPv4Network('10.115.0.0/16'),
 IPv4Network('10.116.0.0/16'),
 IPv4Network('10.117.0.0/16'),
 IPv4Network('10.118.0.0/16'),
 IPv4Network('10.119.0.0/16'),
 IPv4Network('10.120.0.0/16'),
 IPv4Network('10.121.0.0/16'),
 IPv4Network('10.122.0.0/16'),
 IPv4Network('10.123.0.0/16'),
 IPv4Network('10.124.0.0/16'),
 IPv4Network('10.125.0.0/16'),
 IPv4Network('10.126.0.0/16'),
 IPv4Network('10.127.0.0/16'),
 IPv4Network('10.128.0.0/16'),
 IPv4Network('10.129.0.0/16'),
 IPv4Network('10.130.0.0/16'),
 IPv4Network('10.131.0.0/16'),
 IPv4Network('10.132.0.0/16'),
 IPv4Network('10.133.0.0/16'),
 IPv4Network('10.134.0.0/16'),
 IPv4Network('10.135.0.0/16'),
 IPv4Network('10.136.0.0/16'),
 IPv4Network('10.137.0.0/16'),
 IPv4Network('10.138.0.0/16'),
 IPv4Network('10.139.0.0/16'),
 IPv4Network('10.140.0.0/16'),
 IPv4Network('10.141.0.0/16'),
 IPv4Network('10.142.0.0/16'),
 IPv4Network('10.143.0.0/16'),
 IPv4Network('10.144.0.0/16'),
 IPv4Network('10.145.0.0/16'),
 IPv4Network('10.146.0.0/16'),
 IPv4Network('10.147.0.0/16'),
 IPv4Network('10.148.0.0/16'),
 IPv4Network('10.149.0.0/16'),
 IPv4Network('10.150.0.0/16'),
 IPv4Network('10.151.0.0/16'),
 IPv4Network('10.152.0.0/16'),
 IPv4Network('10.153.0.0/16'),
 IPv4Network('10.154.0.0/16'),
 IPv4Network('10.155.0.0/16'),
 IPv4Network('10.156.0.0/16'),
 IPv4Network('10.157.0.0/16'),
 IPv4Network('10.158.0.0/16'),
 IPv4Network('10.159.0.0/16'),
 IPv4Network('10.160.0.0/16'),
 IPv4Network('10.161.0.0/16'),
 IPv4Network('10.162.0.0/16'),
 IPv4Network('10.163.0.0/16'),
 IPv4Network('10.164.0.0/16'),
 IPv4Network('10.165.0.0/16'),
 IPv4Network('10.166.0.0/16'),
 IPv4Network('10.167.0.0/16'),
 IPv4Network('10.168.0.0/16'),
 IPv4Network('10.169.0.0/16'),
 IPv4Network('10.170.0.0/16'),
 IPv4Network('10.171.0.0/16'),
 IPv4Network('10.172.0.0/16'),
 IPv4Network('10.173.0.0/16'),
 IPv4Network('10.174.0.0/16'),
 IPv4Network('10.175.0.0/16'),
 IPv4Network('10.176.0.0/16'),
 IPv4Network('10.177.0.0/16'),
 IPv4Network('10.178.0.0/16'),
 IPv4Network('10.179.0.0/16'),
 IPv4Network('10.180.0.0/16'),
 IPv4Network('10.181.0.0/16'),
 IPv4Network('10.182.0.0/16'),
 IPv4Network('10.183.0.0/16'),
 IPv4Network('10.184.0.0/16'),
 IPv4Network('10.185.0.0/16'),
 IPv4Network('10.186.0.0/16'),
 IPv4Network('10.187.0.0/16'),
 IPv4Network('10.188.0.0/16'),
 IPv4Network('10.189.0.0/16'),
 IPv4Network('10.190.0.0/16'),
 IPv4Network('10.191.0.0/16'),
 IPv4Network('10.192.0.0/16'),
 IPv4Network('10.193.0.0/16'),
 IPv4Network('10.194.0.0/16'),
 IPv4Network('10.195.0.0/16'),
 IPv4Network('10.196.0.0/16'),
 IPv4Network('10.197.0.0/16'),
 IPv4Network('10.198.0.0/16'),
 IPv4Network('10.199.0.0/16'),
 IPv4Network('10.200.0.0/16'),
 IPv4Network('10.201.0.0/16'),
 IPv4Network('10.202.0.0/16'),
 IPv4Network('10.203.0.0/16'),
 IPv4Network('10.204.0.0/16'),
 IPv4Network('10.205.0.0/16'),
 IPv4Network('10.206.0.0/16'),
 IPv4Network('10.207.0.0/16'),
 IPv4Network('10.208.0.0/16'),
 IPv4Network('10.209.0.0/16'),
 IPv4Network('10.210.0.0/16'),
 IPv4Network('10.211.0.0/16'),
 IPv4Network('10.212.0.0/16'),
 IPv4Network('10.213.0.0/16'),
 IPv4Network('10.214.0.0/16'),
 IPv4Network('10.215.0.0/16'),
 IPv4Network('10.216.0.0/16'),
 IPv4Network('10.217.0.0/16'),
 IPv4Network('10.218.0.0/16'),
 IPv4Network('10.219.0.0/16'),
 IPv4Network('10.220.0.0/16'),
 IPv4Network('10.221.0.0/16'),
 IPv4Network('10.222.0.0/16'),
 IPv4Network('10.223.0.0/16'),
 IPv4Network('10.224.0.0/16'),
 IPv4Network('10.225.0.0/16'),
 IPv4Network('10.226.0.0/16'),
 IPv4Network('10.227.0.0/16'),
 IPv4Network('10.228.0.0/16'),
 IPv4Network('10.229.0.0/16'),
 IPv4Network('10.230.0.0/16'),
 IPv4Network('10.231.0.0/16'),
 IPv4Network('10.232.0.0/16'),
 IPv4Network('10.233.0.0/16'),
 IPv4Network('10.234.0.0/16'),
 IPv4Network('10.235.0.0/16'),
 IPv4Network('10.236.0.0/16'),
 IPv4Network('10.237.0.0/16'),
 IPv4Network('10.238.0.0/16'),
 IPv4Network('10.239.0.0/16'),
 IPv4Network('10.240.0.0/16'),
 IPv4Network('10.241.0.0/16'),
 IPv4Network('10.242.0.0/16'),
 IPv4Network('10.243.0.0/16'),
 IPv4Network('10.244.0.0/16'),
 IPv4Network('10.245.0.0/16'),
 IPv4Network('10.246.0.0/16'),
 IPv4Network('10.247.0.0/16'),
 IPv4Network('10.248.0.0/16'),
 IPv4Network('10.249.0.0/16'),
 IPv4Network('10.250.0.0/16'),
 IPv4Network('10.251.0.0/16')]
[IPv4Network('10.0.0.0/8'),
 IPv4Network('129.79.0.0/16'),
 IPv4Network('134.68.0.0/16'),
 IPv4Network('140.182.0.0/16'),
 IPv4Network('149.159.0.0/16'),
 IPv4Network('149.160.0.0/14'),
 IPv4Network('156.56.0.0/16'),
 IPv4Network('172.16.0.0/12'),
 IPv4Network('192.168.0.0/24'),
 IPv6Network('::/128'),
 IPv4Network('10.0.0.0/16'),
 IPv4Network('10.1.0.0/16'),
 IPv4Network('10.2.0.0/16'),
 IPv4Network('10.3.0.0/16'),
 IPv4Network('10.4.0.0/16'),
 IPv4Network('10.5.0.0/16'),
 IPv4Network('10.6.0.0/16'),
 IPv4Network('10.7.0.0/16'),
 IPv4Network('10.8.0.0/16'),
 IPv4Network('10.9.0.0/16'),
 IPv4Network('10.10.0.0/16'),
 IPv4Network('10.11.0.0/16'),
 IPv4Network('10.12.0.0/16'),
 IPv4Network('10.13.0.0/16'),
 IPv4Network('10.14.0.0/16'),
 IPv4Network('10.15.0.0/16'),
 IPv4Network('10.16.0.0/16'),
 IPv4Network('10.17.0.0/16'),
 IPv4Network('10.18.0.0/16'),
 IPv4Network('10.19.0.0/16'),
 IPv4Network('10.20.0.0/16'),
 IPv4Network('10.21.0.0/16'),
 IPv4Network('10.22.0.0/16'),
 IPv4Network('10.23.0.0/16'),
 IPv4Network('10.24.0.0/16'),
 IPv4Network('10.25.0.0/16'),
 IPv4Network('10.26.0.0/16'),
 IPv4Network('10.27.0.0/16'),
 IPv4Network('10.28.0.0/16'),
 IPv4Network('10.29.0.0/16'),
 IPv4Network('10.30.0.0/16'),
 IPv4Network('10.31.0.0/16'),
 IPv4Network('10.32.0.0/16'),
 IPv4Network('10.33.0.0/16'),
 IPv4Network('10.34.0.0/16'),
 IPv4Network('10.35.0.0/16'),
 IPv4Network('10.36.0.0/16'),
 IPv4Network('10.37.0.0/16'),
 IPv4Network('10.38.0.0/16'),
 IPv4Network('10.39.0.0/16'),
 IPv4Network('10.40.0.0/16'),
 IPv4Network('10.41.0.0/16'),
 IPv4Network('10.42.0.0/16'),
 IPv4Network('10.43.0.0/16'),
 IPv4Network('10.44.0.0/16'),
 IPv4Network('10.45.0.0/16'),
 IPv4Network('10.46.0.0/16'),
 IPv4Network('10.47.0.0/16'),
 IPv4Network('10.48.0.0/16'),
 IPv4Network('10.49.0.0/16'),
 IPv4Network('10.50.0.0/16'),
 IPv4Network('10.51.0.0/16'),
 IPv4Network('10.52.0.0/16'),
 IPv4Network('10.53.0.0/16'),
 IPv4Network('10.54.0.0/16'),
 IPv4Network('10.55.0.0/16'),
 IPv4Network('10.56.0.0/16'),
 IPv4Network('10.57.0.0/16'),
 IPv4Network('10.58.0.0/16'),
 IPv4Network('10.59.0.0/16'),
 IPv4Network('10.60.0.0/16'),
 IPv4Network('10.61.0.0/16'),
 IPv4Network('10.62.0.0/16'),
 IPv4Network('10.63.0.0/16'),
 IPv4Network('10.64.0.0/16'),
 IPv4Network('10.65.0.0/16'),
 IPv4Network('10.66.0.0/16'),
 IPv4Network('10.67.0.0/16'),
 IPv4Network('10.68.0.0/16'),
 IPv4Network('10.69.0.0/16'),
 IPv4Network('10.70.0.0/16'),
 IPv4Network('10.71.0.0/16'),
 IPv4Network('10.72.0.0/16'),
 IPv4Network('10.73.0.0/16'),
 IPv4Network('10.74.0.0/16'),
 IPv4Network('10.75.0.0/16'),
 IPv4Network('10.76.0.0/16'),
 IPv4Network('10.77.0.0/16'),
 IPv4Network('10.78.0.0/16'),
 IPv4Network('10.79.0.0/16'),
 IPv4Network('10.80.0.0/16'),
 IPv4Network('10.81.0.0/16'),
 IPv4Network('10.82.0.0/16'),
 IPv4Network('10.83.0.0/16'),
 IPv4Network('10.84.0.0/16'),
 IPv4Network('10.85.0.0/16'),
 IPv4Network('10.86.0.0/16'),
 IPv4Network('10.87.0.0/16'),
 IPv4Network('10.88.0.0/16'),
 IPv4Network('10.89.0.0/16'),
 IPv4Network('10.90.0.0/16'),
 IPv4Network('10.91.0.0/16'),
 IPv4Network('10.92.0.0/16'),
 IPv4Network('10.93.0.0/16'),
 IPv4Network('10.94.0.0/16'),
 IPv4Network('10.95.0.0/16'),
 IPv4Network('10.96.0.0/16'),
 IPv4Network('10.97.0.0/16'),
 IPv4Network('10.98.0.0/16'),
 IPv4Network('10.99.0.0/16'),
 IPv4Network('10.100.0.0/16'),
 IPv4Network('10.101.0.0/16'),
 IPv4Network('10.102.0.0/16'),
 IPv4Network('10.103.0.0/16'),
 IPv4Network('10.104.0.0/16'),
 IPv4Network('10.105.0.0/16'),
 IPv4Network('10.106.0.0/16'),
 IPv4Network('10.107.0.0/16'),
 IPv4Network('10.108.0.0/16'),
 IPv4Network('10.109.0.0/16'),
 IPv4Network('10.110.0.0/16'),
 IPv4Network('10.111.0.0/16'),
 IPv4Network('10.112.0.0/16'),
 IPv4Network('10.113.0.0/16'),
 IPv4Network('10.114.0.0/16'),
 IPv4Network('10.115.0.0/16'),
 IPv4Network('10.116.0.0/16'),
 IPv4Network('10.117.0.0/16'),
 IPv4Network('10.118.0.0/16'),
 IPv4Network('10.119.0.0/16'),
 IPv4Network('10.120.0.0/16'),
 IPv4Network('10.121.0.0/16'),
 IPv4Network('10.122.0.0/16'),
 IPv4Network('10.123.0.0/16'),
 IPv4Network('10.124.0.0/16'),
 IPv4Network('10.125.0.0/16'),
 IPv4Network('10.126.0.0/16'),
 IPv4Network('10.127.0.0/16'),
 IPv4Network('10.128.0.0/16'),
 IPv4Network('10.129.0.0/16'),
 IPv4Network('10.130.0.0/16'),
 IPv4Network('10.131.0.0/16'),
 IPv4Network('10.132.0.0/16'),
 IPv4Network('10.133.0.0/16'),
 IPv4Network('10.134.0.0/16'),
 IPv4Network('10.135.0.0/16'),
 IPv4Network('10.136.0.0/16'),
 IPv4Network('10.137.0.0/16'),
 IPv4Network('10.138.0.0/16'),
 IPv4Network('10.139.0.0/16'),
 IPv4Network('10.140.0.0/16'),
 IPv4Network('10.141.0.0/16'),
 IPv4Network('10.142.0.0/16'),
 IPv4Network('10.143.0.0/16'),
 IPv4Network('10.144.0.0/16'),
 IPv4Network('10.145.0.0/16'),
 IPv4Network('10.146.0.0/16'),
 IPv4Network('10.147.0.0/16'),
 IPv4Network('10.148.0.0/16'),
 IPv4Network('10.149.0.0/16'),
 IPv4Network('10.150.0.0/16'),
 IPv4Network('10.151.0.0/16'),
 IPv4Network('10.152.0.0/16'),
 IPv4Network('10.153.0.0/16'),
 IPv4Network('10.154.0.0/16'),
 IPv4Network('10.155.0.0/16'),
 IPv4Network('10.156.0.0/16'),
 IPv4Network('10.157.0.0/16'),
 IPv4Network('10.158.0.0/16'),
 IPv4Network('10.159.0.0/16'),
 IPv4Network('10.160.0.0/16'),
 IPv4Network('10.161.0.0/16'),
 IPv4Network('10.162.0.0/16'),
 IPv4Network('10.163.0.0/16'),
 IPv4Network('10.164.0.0/16'),
 IPv4Network('10.165.0.0/16'),
 IPv4Network('10.166.0.0/16'),
 IPv4Network('10.167.0.0/16'),
 IPv4Network('10.168.0.0/16'),
 IPv4Network('10.169.0.0/16'),
 IPv4Network('10.170.0.0/16'),
 IPv4Network('10.171.0.0/16'),
 IPv4Network('10.172.0.0/16'),
 IPv4Network('10.173.0.0/16'),
 IPv4Network('10.174.0.0/16'),
 IPv4Network('10.175.0.0/16'),
 IPv4Network('10.176.0.0/16'),
 IPv4Network('10.177.0.0/16'),
 IPv4Network('10.178.0.0/16'),
 IPv4Network('10.179.0.0/16'),
 IPv4Network('10.180.0.0/16'),
 IPv4Network('10.181.0.0/16'),
 IPv4Network('10.182.0.0/16'),
 IPv4Network('10.183.0.0/16'),
 IPv4Network('10.184.0.0/16'),
 IPv4Network('10.185.0.0/16'),
 IPv4Network('10.186.0.0/16'),
 IPv4Network('10.187.0.0/16'),
 IPv4Network('10.188.0.0/16'),
 IPv4Network('10.189.0.0/16'),
 IPv4Network('10.190.0.0/16'),
 IPv4Network('10.191.0.0/16'),
 IPv4Network('10.192.0.0/16'),
 IPv4Network('10.193.0.0/16'),
 IPv4Network('10.194.0.0/16'),
 IPv4Network('10.195.0.0/16'),
 IPv4Network('10.196.0.0/16'),
 IPv4Network('10.197.0.0/16'),
 IPv4Network('10.198.0.0/16'),
 IPv4Network('10.199.0.0/16'),
 IPv4Network('10.200.0.0/16'),
 IPv4Network('10.201.0.0/16'),
 IPv4Network('10.202.0.0/16'),
 IPv4Network('10.203.0.0/16'),
 IPv4Network('10.204.0.0/16'),
 IPv4Network('10.205.0.0/16'),
 IPv4Network('10.206.0.0/16'),
 IPv4Network('10.207.0.0/16'),
 IPv4Network('10.208.0.0/16'),
 IPv4Network('10.209.0.0/16'),
 IPv4Network('10.210.0.0/16'),
 IPv4Network('10.211.0.0/16'),
 IPv4Network('10.212.0.0/16'),
 IPv4Network('10.213.0.0/16'),
 IPv4Network('10.214.0.0/16'),
 IPv4Network('10.215.0.0/16'),
 IPv4Network('10.216.0.0/16'),
 IPv4Network('10.217.0.0/16'),
 IPv4Network('10.218.0.0/16'),
 IPv4Network('10.219.0.0/16'),
 IPv4Network('10.220.0.0/16'),
 IPv4Network('10.221.0.0/16'),
 IPv4Network('10.222.0.0/16'),
 IPv4Network('10.223.0.0/16'),
 IPv4Network('10.224.0.0/16'),
 IPv4Network('10.225.0.0/16'),
 IPv4Network('10.226.0.0/16'),
 IPv4Network('10.227.0.0/16'),
 IPv4Network('10.228.0.0/16'),
 IPv4Network('10.229.0.0/16'),
 IPv4Network('10.230.0.0/16'),
 IPv4Network('10.231.0.0/16'),
 IPv4Network('10.232.0.0/16'),
 IPv4Network('10.233.0.0/16'),
 IPv4Network('10.234.0.0/16'),
 IPv4Network('10.235.0.0/16'),
 IPv4Network('10.236.0.0/16'),
 IPv4Network('10.237.0.0/16'),
 IPv4Network('10.238.0.0/16'),
 IPv4Network('10.239.0.0/16'),
 IPv4Network('10.240.0.0/16'),
 IPv4Network('10.241.0.0/16'),
 IPv4Network('10.242.0.0/16'),
 IPv4Network('10.243.0.0/16'),
 IPv4Network('10.244.0.0/16'),
 IPv4Network('10.245.0.0/16'),
 IPv4Network('10.246.0.0/16'),
 IPv4Network('10.247.0.0/16'),
 IPv4Network('10.248.0.0/16'),
 IPv4Network('10.249.0.0/16'),
 IPv4Network('10.250.0.0/16'),
 IPv4Network('10.251.0.0/16'),
 IPv4Network('10.252.0.0/16'),
 IPv4Network('10.253.0.0/16')]
[IPv4Network('129.79.0.0/16'),
 IPv4Network('134.68.0.0/16'),
 IPv4Network('140.182.0.0/16'),
 IPv4Network('149.159.0.0/16'),
 IPv4Network('149.160.0.0/14'),
 IPv4Network('156.56.0.0/16'),
 IPv4Network('172.16.0.0/12'),
 IPv4Network('192.168.0.0/24'),
 IPv6Network('::/128'),
 IPv4Network('10.0.0.0/16'),
 IPv4Network('10.1.0.0/16'),
 IPv4Network('10.2.0.0/16'),
 IPv4Network('10.3.0.0/16'),
 IPv4Network('10.4.0.0/16'),
 IPv4Network('10.5.0.0/16'),
 IPv4Network('10.6.0.0/16'),
 IPv4Network('10.7.0.0/16'),
 IPv4Network('10.8.0.0/16'),
 IPv4Network('10.9.0.0/16'),
 IPv4Network('10.10.0.0/16'),
 IPv4Network('10.11.0.0/16'),
 IPv4Network('10.12.0.0/16'),
 IPv4Network('10.13.0.0/16'),
 IPv4Network('10.14.0.0/16'),
 IPv4Network('10.15.0.0/16'),
 IPv4Network('10.16.0.0/16'),
 IPv4Network('10.17.0.0/16'),
 IPv4Network('10.18.0.0/16'),
 IPv4Network('10.19.0.0/16'),
 IPv4Network('10.20.0.0/16'),
 IPv4Network('10.21.0.0/16'),
 IPv4Network('10.22.0.0/16'),
 IPv4Network('10.23.0.0/16'),
 IPv4Network('10.24.0.0/16'),
 IPv4Network('10.25.0.0/16'),
 IPv4Network('10.26.0.0/16'),
 IPv4Network('10.27.0.0/16'),
 IPv4Network('10.28.0.0/16'),
 IPv4Network('10.29.0.0/16'),
 IPv4Network('10.30.0.0/16'),
 IPv4Network('10.31.0.0/16'),
 IPv4Network('10.32.0.0/16'),
 IPv4Network('10.33.0.0/16'),
 IPv4Network('10.34.0.0/16'),
 IPv4Network('10.35.0.0/16'),
 IPv4Network('10.36.0.0/16'),
 IPv4Network('10.37.0.0/16'),
 IPv4Network('10.38.0.0/16'),
 IPv4Network('10.39.0.0/16'),
 IPv4Network('10.40.0.0/16'),
 IPv4Network('10.41.0.0/16'),
 IPv4Network('10.42.0.0/16'),
 IPv4Network('10.43.0.0/16'),
 IPv4Network('10.44.0.0/16'),
 IPv4Network('10.45.0.0/16'),
 IPv4Network('10.46.0.0/16'),
 IPv4Network('10.47.0.0/16'),
 IPv4Network('10.48.0.0/16'),
 IPv4Network('10.49.0.0/16'),
 IPv4Network('10.50.0.0/16'),
 IPv4Network('10.51.0.0/16'),
 IPv4Network('10.52.0.0/16'),
 IPv4Network('10.53.0.0/16'),
 IPv4Network('10.54.0.0/16'),
 IPv4Network('10.55.0.0/16'),
 IPv4Network('10.56.0.0/16'),
 IPv4Network('10.57.0.0/16'),
 IPv4Network('10.58.0.0/16'),
 IPv4Network('10.59.0.0/16'),
 IPv4Network('10.60.0.0/16'),
 IPv4Network('10.61.0.0/16'),
 IPv4Network('10.62.0.0/16'),
 IPv4Network('10.63.0.0/16'),
 IPv4Network('10.64.0.0/16'),
 IPv4Network('10.65.0.0/16'),
 IPv4Network('10.66.0.0/16'),
 IPv4Network('10.67.0.0/16'),
 IPv4Network('10.68.0.0/16'),
 IPv4Network('10.69.0.0/16'),
 IPv4Network('10.70.0.0/16'),
 IPv4Network('10.71.0.0/16'),
 IPv4Network('10.72.0.0/16'),
 IPv4Network('10.73.0.0/16'),
 IPv4Network('10.74.0.0/16'),
 IPv4Network('10.75.0.0/16'),
 IPv4Network('10.76.0.0/16'),
 IPv4Network('10.77.0.0/16'),
 IPv4Network('10.78.0.0/16'),
 IPv4Network('10.79.0.0/16'),
 IPv4Network('10.80.0.0/16'),
 IPv4Network('10.81.0.0/16'),
 IPv4Network('10.82.0.0/16'),
 IPv4Network('10.83.0.0/16'),
 IPv4Network('10.84.0.0/16'),
 IPv4Network('10.85.0.0/16'),
 IPv4Network('10.86.0.0/16'),
 IPv4Network('10.87.0.0/16'),
 IPv4Network('10.88.0.0/16'),
 IPv4Network('10.89.0.0/16'),
 IPv4Network('10.90.0.0/16'),
 IPv4Network('10.91.0.0/16'),
 IPv4Network('10.92.0.0/16'),
 IPv4Network('10.93.0.0/16'),
 IPv4Network('10.94.0.0/16'),
 IPv4Network('10.95.0.0/16'),
 IPv4Network('10.96.0.0/16'),
 IPv4Network('10.97.0.0/16'),
 IPv4Network('10.98.0.0/16'),
 IPv4Network('10.99.0.0/16'),
 IPv4Network('10.100.0.0/16'),
 IPv4Network('10.101.0.0/16'),
 IPv4Network('10.102.0.0/16'),
 IPv4Network('10.103.0.0/16'),
 IPv4Network('10.104.0.0/16'),
 IPv4Network('10.105.0.0/16'),
 IPv4Network('10.106.0.0/16'),
 IPv4Network('10.107.0.0/16'),
 IPv4Network('10.108.0.0/16'),
 IPv4Network('10.109.0.0/16'),
 IPv4Network('10.110.0.0/16'),
 IPv4Network('10.111.0.0/16'),
 IPv4Network('10.112.0.0/16'),
 IPv4Network('10.113.0.0/16'),
 IPv4Network('10.114.0.0/16'),
 IPv4Network('10.115.0.0/16'),
 IPv4Network('10.116.0.0/16'),
 IPv4Network('10.117.0.0/16'),
 IPv4Network('10.118.0.0/16'),
 IPv4Network('10.119.0.0/16'),
 IPv4Network('10.120.0.0/16'),
 IPv4Network('10.121.0.0/16'),
 IPv4Network('10.122.0.0/16'),
 IPv4Network('10.123.0.0/16'),
 IPv4Network('10.124.0.0/16'),
 IPv4Network('10.125.0.0/16'),
 IPv4Network('10.126.0.0/16'),
 IPv4Network('10.127.0.0/16'),
 IPv4Network('10.128.0.0/16'),
 IPv4Network('10.129.0.0/16'),
 IPv4Network('10.130.0.0/16'),
 IPv4Network('10.131.0.0/16'),
 IPv4Network('10.132.0.0/16'),
 IPv4Network('10.133.0.0/16'),
 IPv4Network('10.134.0.0/16'),
 IPv4Network('10.135.0.0/16'),
 IPv4Network('10.136.0.0/16'),
 IPv4Network('10.137.0.0/16'),
 IPv4Network('10.138.0.0/16'),
 IPv4Network('10.139.0.0/16'),
 IPv4Network('10.140.0.0/16'),
 IPv4Network('10.141.0.0/16'),
 IPv4Network('10.142.0.0/16'),
 IPv4Network('10.143.0.0/16'),
 IPv4Network('10.144.0.0/16'),
 IPv4Network('10.145.0.0/16'),
 IPv4Network('10.146.0.0/16'),
 IPv4Network('10.147.0.0/16'),
 IPv4Network('10.148.0.0/16'),
 IPv4Network('10.149.0.0/16'),
 IPv4Network('10.150.0.0/16'),
 IPv4Network('10.151.0.0/16'),
 IPv4Network('10.152.0.0/16'),
 IPv4Network('10.153.0.0/16'),
 IPv4Network('10.154.0.0/16'),
 IPv4Network('10.155.0.0/16'),
 IPv4Network('10.156.0.0/16'),
 IPv4Network('10.157.0.0/16'),
 IPv4Network('10.158.0.0/16'),
 IPv4Network('10.159.0.0/16'),
 IPv4Network('10.160.0.0/16'),
 IPv4Network('10.161.0.0/16'),
 IPv4Network('10.162.0.0/16'),
 IPv4Network('10.163.0.0/16'),
 IPv4Network('10.164.0.0/16'),
 IPv4Network('10.165.0.0/16'),
 IPv4Network('10.166.0.0/16'),
 IPv4Network('10.167.0.0/16'),
 IPv4Network('10.168.0.0/16'),
 IPv4Network('10.169.0.0/16'),
 IPv4Network('10.170.0.0/16'),
 IPv4Network('10.171.0.0/16'),
 IPv4Network('10.172.0.0/16'),
 IPv4Network('10.173.0.0/16'),
 IPv4Network('10.174.0.0/16'),
 IPv4Network('10.175.0.0/16'),
 IPv4Network('10.176.0.0/16'),
 IPv4Network('10.177.0.0/16'),
 IPv4Network('10.178.0.0/16'),
 IPv4Network('10.179.0.0/16'),
 IPv4Network('10.180.0.0/16'),
 IPv4Network('10.181.0.0/16'),
 IPv4Network('10.182.0.0/16'),
 IPv4Network('10.183.0.0/16'),
 IPv4Network('10.184.0.0/16'),
 IPv4Network('10.185.0.0/16'),
 IPv4Network('10.186.0.0/16'),
 IPv4Network('10.187.0.0/16'),
 IPv4Network('10.188.0.0/16'),
 IPv4Network('10.189.0.0/16'),
 IPv4Network('10.190.0.0/16'),
 IPv4Network('10.191.0.0/16'),
 IPv4Network('10.192.0.0/16'),
 IPv4Network('10.193.0.0/16'),
 IPv4Network('10.194.0.0/16'),
 IPv4Network('10.195.0.0/16'),
 IPv4Network('10.196.0.0/16'),
 IPv4Network('10.197.0.0/16'),
 IPv4Network('10.198.0.0/16'),
 IPv4Network('10.199.0.0/16'),
 IPv4Network('10.200.0.0/16'),
 IPv4Network('10.201.0.0/16'),
 IPv4Network('10.202.0.0/16'),
 IPv4Network('10.203.0.0/16'),
 IPv4Network('10.204.0.0/16'),
 IPv4Network('10.205.0.0/16'),
 IPv4Network('10.206.0.0/16'),
 IPv4Network('10.207.0.0/16'),
 IPv4Network('10.208.0.0/16'),
 IPv4Network('10.209.0.0/16'),
 IPv4Network('10.210.0.0/16'),
 IPv4Network('10.211.0.0/16'),
 IPv4Network('10.212.0.0/16'),
 IPv4Network('10.213.0.0/16'),
 IPv4Network('10.214.0.0/16'),
 IPv4Network('10.215.0.0/16'),
 IPv4Network('10.216.0.0/16'),
 IPv4Network('10.217.0.0/16'),
 IPv4Network('10.218.0.0/16'),
 IPv4Network('10.219.0.0/16'),
 IPv4Network('10.220.0.0/16'),
 IPv4Network('10.221.0.0/16'),
 IPv4Network('10.222.0.0/16'),
 IPv4Network('10.223.0.0/16'),
 IPv4Network('10.224.0.0/16'),
 IPv4Network('10.225.0.0/16'),
 IPv4Network('10.226.0.0/16'),
 IPv4Network('10.227.0.0/16'),
 IPv4Network('10.228.0.0/16'),
 IPv4Network('10.229.0.0/16'),
 IPv4Network('10.230.0.0/16'),
 IPv4Network('10.231.0.0/16'),
 IPv4Network('10.232.0.0/16'),
 IPv4Network('10.233.0.0/16'),
 IPv4Network('10.234.0.0/16'),
 IPv4Network('10.235.0.0/16'),
 IPv4Network('10.236.0.0/16'),
 IPv4Network('10.237.0.0/16'),
 IPv4Network('10.238.0.0/16'),
 IPv4Network('10.239.0.0/16'),
 IPv4Network('10.240.0.0/16'),
 IPv4Network('10.241.0.0/16'),
 IPv4Network('10.242.0.0/16'),
 IPv4Network('10.243.0.0/16'),
 IPv4Network('10.244.0.0/16'),
 IPv4Network('10.245.0.0/16'),
 IPv4Network('10.246.0.0/16'),
 IPv4Network('10.247.0.0/16'),
 IPv4Network('10.248.0.0/16'),
 IPv4Network('10.249.0.0/16'),
 IPv4Network('10.250.0.0/16'),
 IPv4Network('10.251.0.0/16'),
 IPv4Network('10.252.0.0/16'),
 IPv4Network('10.253.0.0/16'),
 IPv4Network('10.254.0.0/16'),
 IPv4Network('10.255.0.0/16')]
[IPv4Network('129.79.0.0/16'),
 IPv4Network('134.68.0.0/16'),
 IPv4Network('140.182.0.0/16'),
 IPv4Network('149.159.0.0/16'),
 IPv4Network('149.160.0.0/14'),
 IPv4Network('156.56.0.0/16'),
 IPv4Network('172.16.0.0/12'),
 IPv4Network('192.168.0.0/24'),
 IPv6Network('::/128'),
 IPv4Network('10.0.0.0/16'),
 IPv4Network('10.1.0.0/16'),
 IPv4Network('10.2.0.0/16'),
 IPv4Network('10.3.0.0/16'),
 IPv4Network('10.4.0.0/16'),
 IPv4Network('10.5.0.0/16'),
 IPv4Network('10.6.0.0/16'),
 IPv4Network('10.7.0.0/16'),
 IPv4Network('10.8.0.0/16'),
 IPv4Network('10.9.0.0/16'),
 IPv4Network('10.10.0.0/16'),
 IPv4Network('10.11.0.0/16'),
 IPv4Network('10.12.0.0/16'),
 IPv4Network('10.13.0.0/16'),
 IPv4Network('10.14.0.0/16'),
 IPv4Network('10.15.0.0/16'),
 IPv4Network('10.16.0.0/16'),
 IPv4Network('10.17.0.0/16'),
 IPv4Network('10.18.0.0/16'),
 IPv4Network('10.19.0.0/16'),
 IPv4Network('10.20.0.0/16'),
 IPv4Network('10.21.0.0/16'),
 IPv4Network('10.22.0.0/16'),
 IPv4Network('10.23.0.0/16'),
 IPv4Network('10.24.0.0/16'),
 IPv4Network('10.25.0.0/16'),
 IPv4Network('10.26.0.0/16'),
 IPv4Network('10.27.0.0/16'),
 IPv4Network('10.28.0.0/16'),
 IPv4Network('10.29.0.0/16'),
 IPv4Network('10.30.0.0/16'),
 IPv4Network('10.31.0.0/16'),
 IPv4Network('10.32.0.0/16'),
 IPv4Network('10.33.0.0/16'),
 IPv4Network('10.34.0.0/16'),
 IPv4Network('10.35.0.0/16'),
 IPv4Network('10.36.0.0/16'),
 IPv4Network('10.37.0.0/16'),
 IPv4Network('10.38.0.0/16'),
 IPv4Network('10.39.0.0/16'),
 IPv4Network('10.40.0.0/16'),
 IPv4Network('10.41.0.0/16'),
 IPv4Network('10.42.0.0/16'),
 IPv4Network('10.43.0.0/16'),
 IPv4Network('10.44.0.0/16'),
 IPv4Network('10.45.0.0/16'),
 IPv4Network('10.46.0.0/16'),
 IPv4Network('10.47.0.0/16'),
 IPv4Network('10.48.0.0/16'),
 IPv4Network('10.49.0.0/16'),
 IPv4Network('10.50.0.0/16'),
 IPv4Network('10.51.0.0/16'),
 IPv4Network('10.52.0.0/16'),
 IPv4Network('10.53.0.0/16'),
 IPv4Network('10.54.0.0/16'),
 IPv4Network('10.55.0.0/16'),
 IPv4Network('10.56.0.0/16'),
 IPv4Network('10.57.0.0/16'),
 IPv4Network('10.58.0.0/16'),
 IPv4Network('10.59.0.0/16'),
 IPv4Network('10.60.0.0/16'),
 IPv4Network('10.61.0.0/16'),
 IPv4Network('10.62.0.0/16'),
 IPv4Network('10.63.0.0/16'),
 IPv4Network('10.64.0.0/16'),
 IPv4Network('10.65.0.0/16'),
 IPv4Network('10.66.0.0/16'),
 IPv4Network('10.67.0.0/16'),
 IPv4Network('10.68.0.0/16'),
 IPv4Network('10.69.0.0/16'),
 IPv4Network('10.70.0.0/16'),
 IPv4Network('10.71.0.0/16'),
 IPv4Network('10.72.0.0/16'),
 IPv4Network('10.73.0.0/16'),
 IPv4Network('10.74.0.0/16'),
 IPv4Network('10.75.0.0/16'),
 IPv4Network('10.76.0.0/16'),
 IPv4Network('10.77.0.0/16'),
 IPv4Network('10.78.0.0/16'),
 IPv4Network('10.79.0.0/16'),
 IPv4Network('10.80.0.0/16'),
 IPv4Network('10.81.0.0/16'),
 IPv4Network('10.82.0.0/16'),
 IPv4Network('10.83.0.0/16'),
 IPv4Network('10.84.0.0/16'),
 IPv4Network('10.85.0.0/16'),
 IPv4Network('10.86.0.0/16'),
 IPv4Network('10.87.0.0/16'),
 IPv4Network('10.88.0.0/16'),
 IPv4Network('10.89.0.0/16'),
 IPv4Network('10.90.0.0/16'),
 IPv4Network('10.91.0.0/16'),
 IPv4Network('10.92.0.0/16'),
 IPv4Network('10.93.0.0/16'),
 IPv4Network('10.94.0.0/16'),
 IPv4Network('10.95.0.0/16'),
 IPv4Network('10.96.0.0/16'),
 IPv4Network('10.97.0.0/16'),
 IPv4Network('10.98.0.0/16'),
 IPv4Network('10.99.0.0/16'),
 IPv4Network('10.100.0.0/16'),
 IPv4Network('10.101.0.0/16'),
 IPv4Network('10.102.0.0/16'),
 IPv4Network('10.103.0.0/16'),
 IPv4Network('10.104.0.0/16'),
 IPv4Network('10.105.0.0/16'),
 IPv4Network('10.106.0.0/16'),
 IPv4Network('10.107.0.0/16'),
 IPv4Network('10.108.0.0/16'),
 IPv4Network('10.109.0.0/16'),
 IPv4Network('10.110.0.0/16'),
 IPv4Network('10.111.0.0/16'),
 IPv4Network('10.112.0.0/16'),
 IPv4Network('10.113.0.0/16'),
 IPv4Network('10.114.0.0/16'),
 IPv4Network('10.115.0.0/16'),
 IPv4Network('10.116.0.0/16'),
 IPv4Network('10.117.0.0/16'),
 IPv4Network('10.118.0.0/16'),
 IPv4Network('10.119.0.0/16'),
 IPv4Network('10.120.0.0/16'),
 IPv4Network('10.121.0.0/16'),
 IPv4Network('10.122.0.0/16'),
 IPv4Network('10.123.0.0/16'),
 IPv4Network('10.124.0.0/16'),
 IPv4Network('10.125.0.0/16'),
 IPv4Network('10.126.0.0/16'),
 IPv4Network('10.127.0.0/16'),
 IPv4Network('10.128.0.0/16'),
 IPv4Network('10.129.0.0/16'),
 IPv4Network('10.130.0.0/16'),
 IPv4Network('10.131.0.0/16'),
 IPv4Network('10.132.0.0/16'),
 IPv4Network('10.133.0.0/16'),
 IPv4Network('10.134.0.0/16'),
 IPv4Network('10.135.0.0/16'),
 IPv4Network('10.136.0.0/16'),
 IPv4Network('10.137.0.0/16'),
 IPv4Network('10.138.0.0/16'),
 IPv4Network('10.139.0.0/16'),
 IPv4Network('10.140.0.0/16'),
 IPv4Network('10.141.0.0/16'),
 IPv4Network('10.142.0.0/16'),
 IPv4Network('10.143.0.0/16'),
 IPv4Network('10.144.0.0/16'),
 IPv4Network('10.145.0.0/16'),
 IPv4Network('10.146.0.0/16'),
 IPv4Network('10.147.0.0/16'),
 IPv4Network('10.148.0.0/16'),
 IPv4Network('10.149.0.0/16'),
 IPv4Network('10.150.0.0/16'),
 IPv4Network('10.151.0.0/16'),
 IPv4Network('10.152.0.0/16'),
 IPv4Network('10.153.0.0/16'),
 IPv4Network('10.154.0.0/16'),
 IPv4Network('10.155.0.0/16'),
 IPv4Network('10.156.0.0/16'),
 IPv4Network('10.157.0.0/16'),
 IPv4Network('10.158.0.0/16'),
 IPv4Network('10.159.0.0/16'),
 IPv4Network('10.160.0.0/16'),
 IPv4Network('10.161.0.0/16'),
 IPv4Network('10.162.0.0/16'),
 IPv4Network('10.163.0.0/16'),
 IPv4Network('10.164.0.0/16'),
 IPv4Network('10.165.0.0/16'),
 IPv4Network('10.166.0.0/16'),
 IPv4Network('10.167.0.0/16'),
 IPv4Network('10.168.0.0/16'),
 IPv4Network('10.169.0.0/16'),
 IPv4Network('10.170.0.0/16'),
 IPv4Network('10.171.0.0/16'),
 IPv4Network('10.172.0.0/16'),
 IPv4Network('10.173.0.0/16'),
 IPv4Network('10.174.0.0/16'),
 IPv4Network('10.175.0.0/16'),
 IPv4Network('10.176.0.0/16'),
 IPv4Network('10.177.0.0/16'),
 IPv4Network('10.178.0.0/16'),
 IPv4Network('10.179.0.0/16'),
 IPv4Network('10.180.0.0/16'),
 IPv4Network('10.181.0.0/16'),
 IPv4Network('10.182.0.0/16'),
 IPv4Network('10.183.0.0/16'),
 IPv4Network('10.184.0.0/16'),
 IPv4Network('10.185.0.0/16'),
 IPv4Network('10.186.0.0/16'),
 IPv4Network('10.187.0.0/16'),
 IPv4Network('10.188.0.0/16'),
 IPv4Network('10.189.0.0/16'),
 IPv4Network('10.190.0.0/16'),
 IPv4Network('10.191.0.0/16'),
 IPv4Network('10.192.0.0/16'),
 IPv4Network('10.193.0.0/16'),
 IPv4Network('10.194.0.0/16'),
 IPv4Network('10.195.0.0/16'),
 IPv4Network('10.196.0.0/16'),
 IPv4Network('10.197.0.0/16'),
 IPv4Network('10.198.0.0/16'),
 IPv4Network('10.199.0.0/16'),
 IPv4Network('10.200.0.0/16'),
 IPv4Network('10.201.0.0/16'),
 IPv4Network('10.202.0.0/16'),
 IPv4Network('10.203.0.0/16'),
 IPv4Network('10.204.0.0/16'),
 IPv4Network('10.205.0.0/16'),
 IPv4Network('10.206.0.0/16'),
 IPv4Network('10.207.0.0/16'),
 IPv4Network('10.208.0.0/16'),
 IPv4Network('10.209.0.0/16'),
 IPv4Network('10.210.0.0/16'),
 IPv4Network('10.211.0.0/16'),
 IPv4Network('10.212.0.0/16'),
 IPv4Network('10.213.0.0/16'),
 IPv4Network('10.214.0.0/16'),
 IPv4Network('10.215.0.0/16'),
 IPv4Network('10.216.0.0/16'),
 IPv4Network('10.217.0.0/16'),
 IPv4Network('10.218.0.0/16'),
 IPv4Network('10.219.0.0/16'),
 IPv4Network('10.220.0.0/16'),
 IPv4Network('10.221.0.0/16'),
 IPv4Network('10.222.0.0/16'),
 IPv4Network('10.223.0.0/16'),
 IPv4Network('10.224.0.0/16'),
 IPv4Network('10.225.0.0/16'),
 IPv4Network('10.226.0.0/16'),
 IPv4Network('10.227.0.0/16'),
 IPv4Network('10.228.0.0/16'),
 IPv4Network('10.229.0.0/16'),
 IPv4Network('10.230.0.0/16'),
 IPv4Network('10.231.0.0/16'),
 IPv4Network('10.232.0.0/16'),
 IPv4Network('10.233.0.0/16'),
 IPv4Network('10.234.0.0/16'),
 IPv4Network('10.235.0.0/16'),
 IPv4Network('10.236.0.0/16'),
 IPv4Network('10.237.0.0/16'),
 IPv4Network('10.238.0.0/16'),
 IPv4Network('10.239.0.0/16'),
 IPv4Network('10.240.0.0/16'),
 IPv4Network('10.241.0.0/16'),
 IPv4Network('10.242.0.0/16'),
 IPv4Network('10.243.0.0/16'),
 IPv4Network('10.244.0.0/16'),
 IPv4Network('10.245.0.0/16'),
 IPv4Network('10.246.0.0/16'),
 IPv4Network('10.247.0.0/16'),
 IPv4Network('10.248.0.0/16'),
 IPv4Network('10.249.0.0/16'),
 IPv4Network('10.250.0.0/16'),
 IPv4Network('10.251.0.0/16'),
 IPv4Network('10.252.0.0/16'),
 IPv4Network('10.253.0.0/16'),
 IPv4Network('10.254.0.0/16'),
 IPv4Network('10.255.0.0/16')]
[IPv4Network('129.79.0.0/16'),
 IPv4Network('134.68.0.0/16'),
 IPv4Network('140.182.0.0/16'),
 IPv4Network('149.159.0.0/16'),
 IPv4Network('149.160.0.0/14'),
 IPv4Network('156.56.0.0/16'),
 IPv4Network('172.16.0.0/12'),
 IPv4Network('192.168.0.0/24'),
 IPv6Network('::/128'),
 IPv4Network('10.0.0.0/16'),
 IPv4Network('10.1.0.0/16'),
 IPv4Network('10.2.0.0/16'),
 IPv4Network('10.3.0.0/16'),
 IPv4Network('10.4.0.0/16'),
 IPv4Network('10.5.0.0/16'),
 IPv4Network('10.6.0.0/16'),
 IPv4Network('10.7.0.0/16'),
 IPv4Network('10.8.0.0/16'),
 IPv4Network('10.9.0.0/16'),
 IPv4Network('10.10.0.0/16'),
 IPv4Network('10.11.0.0/16'),
 IPv4Network('10.12.0.0/16'),
 IPv4Network('10.13.0.0/16'),
 IPv4Network('10.14.0.0/16'),
 IPv4Network('10.15.0.0/16'),
 IPv4Network('10.16.0.0/16'),
 IPv4Network('10.17.0.0/16'),
 IPv4Network('10.18.0.0/16'),
 IPv4Network('10.19.0.0/16'),
 IPv4Network('10.20.0.0/16'),
 IPv4Network('10.21.0.0/16'),
 IPv4Network('10.22.0.0/16'),
 IPv4Network('10.23.0.0/16'),
 IPv4Network('10.24.0.0/16'),
 IPv4Network('10.25.0.0/16'),
 IPv4Network('10.26.0.0/16'),
 IPv4Network('10.27.0.0/16'),
 IPv4Network('10.28.0.0/16'),
 IPv4Network('10.29.0.0/16'),
 IPv4Network('10.30.0.0/16'),
 IPv4Network('10.31.0.0/16'),
 IPv4Network('10.32.0.0/16'),
 IPv4Network('10.33.0.0/16'),
 IPv4Network('10.34.0.0/16'),
 IPv4Network('10.35.0.0/16'),
 IPv4Network('10.36.0.0/16'),
 IPv4Network('10.37.0.0/16'),
 IPv4Network('10.38.0.0/16'),
 IPv4Network('10.39.0.0/16'),
 IPv4Network('10.40.0.0/16'),
 IPv4Network('10.41.0.0/16'),
 IPv4Network('10.42.0.0/16'),
 IPv4Network('10.43.0.0/16'),
 IPv4Network('10.44.0.0/16'),
 IPv4Network('10.45.0.0/16'),
 IPv4Network('10.46.0.0/16'),
 IPv4Network('10.47.0.0/16'),
 IPv4Network('10.48.0.0/16'),
 IPv4Network('10.49.0.0/16'),
 IPv4Network('10.50.0.0/16'),
 IPv4Network('10.51.0.0/16'),
 IPv4Network('10.52.0.0/16'),
 IPv4Network('10.53.0.0/16'),
 IPv4Network('10.54.0.0/16'),
 IPv4Network('10.55.0.0/16'),
 IPv4Network('10.56.0.0/16'),
 IPv4Network('10.57.0.0/16'),
 IPv4Network('10.58.0.0/16'),
 IPv4Network('10.59.0.0/16'),
 IPv4Network('10.60.0.0/16'),
 IPv4Network('10.61.0.0/16'),
 IPv4Network('10.62.0.0/16'),
 IPv4Network('10.63.0.0/16'),
 IPv4Network('10.64.0.0/16'),
 IPv4Network('10.65.0.0/16'),
 IPv4Network('10.66.0.0/16'),
 IPv4Network('10.67.0.0/16'),
 IPv4Network('10.68.0.0/16'),
 IPv4Network('10.69.0.0/16'),
 IPv4Network('10.70.0.0/16'),
 IPv4Network('10.71.0.0/16'),
 IPv4Network('10.72.0.0/16'),
 IPv4Network('10.73.0.0/16'),
 IPv4Network('10.74.0.0/16'),
 IPv4Network('10.75.0.0/16'),
 IPv4Network('10.76.0.0/16'),
 IPv4Network('10.77.0.0/16'),
 IPv4Network('10.78.0.0/16'),
 IPv4Network('10.79.0.0/16'),
 IPv4Network('10.80.0.0/16'),
 IPv4Network('10.81.0.0/16'),
 IPv4Network('10.82.0.0/16'),
 IPv4Network('10.83.0.0/16'),
 IPv4Network('10.84.0.0/16'),
 IPv4Network('10.85.0.0/16'),
 IPv4Network('10.86.0.0/16'),
 IPv4Network('10.87.0.0/16'),
 IPv4Network('10.88.0.0/16'),
 IPv4Network('10.89.0.0/16'),
 IPv4Network('10.90.0.0/16'),
 IPv4Network('10.91.0.0/16'),
 IPv4Network('10.92.0.0/16'),
 IPv4Network('10.93.0.0/16'),
 IPv4Network('10.94.0.0/16'),
 IPv4Network('10.95.0.0/16'),
 IPv4Network('10.96.0.0/16'),
 IPv4Network('10.97.0.0/16'),
 IPv4Network('10.98.0.0/16'),
 IPv4Network('10.99.0.0/16'),
 IPv4Network('10.100.0.0/16'),
 IPv4Network('10.101.0.0/16'),
 IPv4Network('10.102.0.0/16'),
 IPv4Network('10.103.0.0/16'),
 IPv4Network('10.104.0.0/16'),
 IPv4Network('10.105.0.0/16'),
 IPv4Network('10.106.0.0/16'),
 IPv4Network('10.107.0.0/16'),
 IPv4Network('10.108.0.0/16'),
 IPv4Network('10.109.0.0/16'),
 IPv4Network('10.110.0.0/16'),
 IPv4Network('10.111.0.0/16'),
 IPv4Network('10.112.0.0/16'),
 IPv4Network('10.113.0.0/16'),
 IPv4Network('10.114.0.0/16'),
 IPv4Network('10.115.0.0/16'),
 IPv4Network('10.116.0.0/16'),
 IPv4Network('10.117.0.0/16'),
 IPv4Network('10.118.0.0/16'),
 IPv4Network('10.119.0.0/16'),
 IPv4Network('10.120.0.0/16'),
 IPv4Network('10.121.0.0/16'),
 IPv4Network('10.122.0.0/16'),
 IPv4Network('10.123.0.0/16'),
 IPv4Network('10.124.0.0/16'),
 IPv4Network('10.125.0.0/16'),
 IPv4Network('10.126.0.0/16'),
 IPv4Network('10.127.0.0/16'),
 IPv4Network('10.128.0.0/16'),
 IPv4Network('10.129.0.0/16'),
 IPv4Network('10.130.0.0/16'),
 IPv4Network('10.131.0.0/16'),
 IPv4Network('10.132.0.0/16'),
 IPv4Network('10.133.0.0/16'),
 IPv4Network('10.134.0.0/16'),
 IPv4Network('10.135.0.0/16'),
 IPv4Network('10.136.0.0/16'),
 IPv4Network('10.137.0.0/16'),
 IPv4Network('10.138.0.0/16'),
 IPv4Network('10.139.0.0/16'),
 IPv4Network('10.140.0.0/16'),
 IPv4Network('10.141.0.0/16'),
 IPv4Network('10.142.0.0/16'),
 IPv4Network('10.143.0.0/16'),
 IPv4Network('10.144.0.0/16'),
 IPv4Network('10.145.0.0/16'),
 IPv4Network('10.146.0.0/16'),
 IPv4Network('10.147.0.0/16'),
 IPv4Network('10.148.0.0/16'),
 IPv4Network('10.149.0.0/16'),
 IPv4Network('10.150.0.0/16'),
 IPv4Network('10.151.0.0/16'),
 IPv4Network('10.152.0.0/16'),
 IPv4Network('10.153.0.0/16'),
 IPv4Network('10.154.0.0/16'),
 IPv4Network('10.155.0.0/16'),
 IPv4Network('10.156.0.0/16'),
 IPv4Network('10.157.0.0/16'),
 IPv4Network('10.158.0.0/16'),
 IPv4Network('10.159.0.0/16'),
 IPv4Network('10.160.0.0/16'),
 IPv4Network('10.161.0.0/16'),
 IPv4Network('10.162.0.0/16'),
 IPv4Network('10.163.0.0/16'),
 IPv4Network('10.164.0.0/16'),
 IPv4Network('10.165.0.0/16'),
 IPv4Network('10.166.0.0/16'),
 IPv4Network('10.167.0.0/16'),
 IPv4Network('10.168.0.0/16'),
 IPv4Network('10.169.0.0/16'),
 IPv4Network('10.170.0.0/16'),
 IPv4Network('10.171.0.0/16'),
 IPv4Network('10.172.0.0/16'),
 IPv4Network('10.173.0.0/16'),
 IPv4Network('10.174.0.0/16'),
 IPv4Network('10.175.0.0/16'),
 IPv4Network('10.176.0.0/16'),
 IPv4Network('10.177.0.0/16'),
 IPv4Network('10.178.0.0/16'),
 IPv4Network('10.179.0.0/16'),
 IPv4Network('10.180.0.0/16'),
 IPv4Network('10.181.0.0/16'),
 IPv4Network('10.182.0.0/16'),
 IPv4Network('10.183.0.0/16'),
 IPv4Network('10.184.0.0/16'),
 IPv4Network('10.185.0.0/16'),
 IPv4Network('10.186.0.0/16'),
 IPv4Network('10.187.0.0/16'),
 IPv4Network('10.188.0.0/16'),
 IPv4Network('10.189.0.0/16'),
 IPv4Network('10.190.0.0/16'),
 IPv4Network('10.191.0.0/16'),
 IPv4Network('10.192.0.0/16'),
 IPv4Network('10.193.0.0/16'),
 IPv4Network('10.194.0.0/16'),
 IPv4Network('10.195.0.0/16'),
 IPv4Network('10.196.0.0/16'),
 IPv4Network('10.197.0.0/16'),
 IPv4Network('10.198.0.0/16'),
 IPv4Network('10.199.0.0/16'),
 IPv4Network('10.200.0.0/16'),
 IPv4Network('10.201.0.0/16'),
 IPv4Network('10.202.0.0/16'),
 IPv4Network('10.203.0.0/16'),
 IPv4Network('10.204.0.0/16'),
 IPv4Network('10.205.0.0/16'),
 IPv4Network('10.206.0.0/16'),
 IPv4Network('10.207.0.0/16'),
 IPv4Network('10.208.0.0/16'),
 IPv4Network('10.209.0.0/16'),
 IPv4Network('10.210.0.0/16'),
 IPv4Network('10.211.0.0/16'),
 IPv4Network('10.212.0.0/16'),
 IPv4Network('10.213.0.0/16'),
 IPv4Network('10.214.0.0/16'),
 IPv4Network('10.215.0.0/16'),
 IPv4Network('10.216.0.0/16'),
 IPv4Network('10.217.0.0/16'),
 IPv4Network('10.218.0.0/16'),
 IPv4Network('10.219.0.0/16'),
 IPv4Network('10.220.0.0/16'),
 IPv4Network('10.221.0.0/16'),
 IPv4Network('10.222.0.0/16'),
 IPv4Network('10.223.0.0/16'),
 IPv4Network('10.224.0.0/16'),
 IPv4Network('10.225.0.0/16'),
 IPv4Network('10.226.0.0/16'),
 IPv4Network('10.227.0.0/16'),
 IPv4Network('10.228.0.0/16'),
 IPv4Network('10.229.0.0/16'),
 IPv4Network('10.230.0.0/16'),
 IPv4Network('10.231.0.0/16'),
 IPv4Network('10.232.0.0/16'),
 IPv4Network('10.233.0.0/16'),
 IPv4Network('10.234.0.0/16'),
 IPv4Network('10.235.0.0/16'),
 IPv4Network('10.236.0.0/16'),
 IPv4Network('10.237.0.0/16'),
 IPv4Network('10.238.0.0/16'),
 IPv4Network('10.239.0.0/16'),
 IPv4Network('10.240.0.0/16'),
 IPv4Network('10.241.0.0/16'),
 IPv4Network('10.242.0.0/16'),
 IPv4Network('10.243.0.0/16'),
 IPv4Network('10.244.0.0/16'),
 IPv4Network('10.245.0.0/16'),
 IPv4Network('10.246.0.0/16'),
 IPv4Network('10.247.0.0/16'),
 IPv4Network('10.248.0.0/16'),
 IPv4Network('10.249.0.0/16'),
 IPv4Network('10.250.0.0/16'),
 IPv4Network('10.251.0.0/16'),
 IPv4Network('10.252.0.0/16'),
 IPv4Network('10.253.0.0/16'),
 IPv4Network('10.254.0.0/16'),
 IPv4Network('10.255.0.0/16'),
 IPv4Network('149.160.0.0/16'),
 IPv4Network('149.161.0.0/16')]
[IPv4Network('129.79.0.0/16'),
 IPv4Network('134.68.0.0/16'),
 IPv4Network('140.182.0.0/16'),
 IPv4Network('149.159.0.0/16'),
 IPv4Network('156.56.0.0/16'),
 IPv4Network('172.16.0.0/12'),
 IPv4Network('192.168.0.0/24'),
 IPv6Network('::/128'),
 IPv4Network('10.0.0.0/16'),
 IPv4Network('10.1.0.0/16'),
 IPv4Network('10.2.0.0/16'),
 IPv4Network('10.3.0.0/16'),
 IPv4Network('10.4.0.0/16'),
 IPv4Network('10.5.0.0/16'),
 IPv4Network('10.6.0.0/16'),
 IPv4Network('10.7.0.0/16'),
 IPv4Network('10.8.0.0/16'),
 IPv4Network('10.9.0.0/16'),
 IPv4Network('10.10.0.0/16'),
 IPv4Network('10.11.0.0/16'),
 IPv4Network('10.12.0.0/16'),
 IPv4Network('10.13.0.0/16'),
 IPv4Network('10.14.0.0/16'),
 IPv4Network('10.15.0.0/16'),
 IPv4Network('10.16.0.0/16'),
 IPv4Network('10.17.0.0/16'),
 IPv4Network('10.18.0.0/16'),
 IPv4Network('10.19.0.0/16'),
 IPv4Network('10.20.0.0/16'),
 IPv4Network('10.21.0.0/16'),
 IPv4Network('10.22.0.0/16'),
 IPv4Network('10.23.0.0/16'),
 IPv4Network('10.24.0.0/16'),
 IPv4Network('10.25.0.0/16'),
 IPv4Network('10.26.0.0/16'),
 IPv4Network('10.27.0.0/16'),
 IPv4Network('10.28.0.0/16'),
 IPv4Network('10.29.0.0/16'),
 IPv4Network('10.30.0.0/16'),
 IPv4Network('10.31.0.0/16'),
 IPv4Network('10.32.0.0/16'),
 IPv4Network('10.33.0.0/16'),
 IPv4Network('10.34.0.0/16'),
 IPv4Network('10.35.0.0/16'),
 IPv4Network('10.36.0.0/16'),
 IPv4Network('10.37.0.0/16'),
 IPv4Network('10.38.0.0/16'),
 IPv4Network('10.39.0.0/16'),
 IPv4Network('10.40.0.0/16'),
 IPv4Network('10.41.0.0/16'),
 IPv4Network('10.42.0.0/16'),
 IPv4Network('10.43.0.0/16'),
 IPv4Network('10.44.0.0/16'),
 IPv4Network('10.45.0.0/16'),
 IPv4Network('10.46.0.0/16'),
 IPv4Network('10.47.0.0/16'),
 IPv4Network('10.48.0.0/16'),
 IPv4Network('10.49.0.0/16'),
 IPv4Network('10.50.0.0/16'),
 IPv4Network('10.51.0.0/16'),
 IPv4Network('10.52.0.0/16'),
 IPv4Network('10.53.0.0/16'),
 IPv4Network('10.54.0.0/16'),
 IPv4Network('10.55.0.0/16'),
 IPv4Network('10.56.0.0/16'),
 IPv4Network('10.57.0.0/16'),
 IPv4Network('10.58.0.0/16'),
 IPv4Network('10.59.0.0/16'),
 IPv4Network('10.60.0.0/16'),
 IPv4Network('10.61.0.0/16'),
 IPv4Network('10.62.0.0/16'),
 IPv4Network('10.63.0.0/16'),
 IPv4Network('10.64.0.0/16'),
 IPv4Network('10.65.0.0/16'),
 IPv4Network('10.66.0.0/16'),
 IPv4Network('10.67.0.0/16'),
 IPv4Network('10.68.0.0/16'),
 IPv4Network('10.69.0.0/16'),
 IPv4Network('10.70.0.0/16'),
 IPv4Network('10.71.0.0/16'),
 IPv4Network('10.72.0.0/16'),
 IPv4Network('10.73.0.0/16'),
 IPv4Network('10.74.0.0/16'),
 IPv4Network('10.75.0.0/16'),
 IPv4Network('10.76.0.0/16'),
 IPv4Network('10.77.0.0/16'),
 IPv4Network('10.78.0.0/16'),
 IPv4Network('10.79.0.0/16'),
 IPv4Network('10.80.0.0/16'),
 IPv4Network('10.81.0.0/16'),
 IPv4Network('10.82.0.0/16'),
 IPv4Network('10.83.0.0/16'),
 IPv4Network('10.84.0.0/16'),
 IPv4Network('10.85.0.0/16'),
 IPv4Network('10.86.0.0/16'),
 IPv4Network('10.87.0.0/16'),
 IPv4Network('10.88.0.0/16'),
 IPv4Network('10.89.0.0/16'),
 IPv4Network('10.90.0.0/16'),
 IPv4Network('10.91.0.0/16'),
 IPv4Network('10.92.0.0/16'),
 IPv4Network('10.93.0.0/16'),
 IPv4Network('10.94.0.0/16'),
 IPv4Network('10.95.0.0/16'),
 IPv4Network('10.96.0.0/16'),
 IPv4Network('10.97.0.0/16'),
 IPv4Network('10.98.0.0/16'),
 IPv4Network('10.99.0.0/16'),
 IPv4Network('10.100.0.0/16'),
 IPv4Network('10.101.0.0/16'),
 IPv4Network('10.102.0.0/16'),
 IPv4Network('10.103.0.0/16'),
 IPv4Network('10.104.0.0/16'),
 IPv4Network('10.105.0.0/16'),
 IPv4Network('10.106.0.0/16'),
 IPv4Network('10.107.0.0/16'),
 IPv4Network('10.108.0.0/16'),
 IPv4Network('10.109.0.0/16'),
 IPv4Network('10.110.0.0/16'),
 IPv4Network('10.111.0.0/16'),
 IPv4Network('10.112.0.0/16'),
 IPv4Network('10.113.0.0/16'),
 IPv4Network('10.114.0.0/16'),
 IPv4Network('10.115.0.0/16'),
 IPv4Network('10.116.0.0/16'),
 IPv4Network('10.117.0.0/16'),
 IPv4Network('10.118.0.0/16'),
 IPv4Network('10.119.0.0/16'),
 IPv4Network('10.120.0.0/16'),
 IPv4Network('10.121.0.0/16'),
 IPv4Network('10.122.0.0/16'),
 IPv4Network('10.123.0.0/16'),
 IPv4Network('10.124.0.0/16'),
 IPv4Network('10.125.0.0/16'),
 IPv4Network('10.126.0.0/16'),
 IPv4Network('10.127.0.0/16'),
 IPv4Network('10.128.0.0/16'),
 IPv4Network('10.129.0.0/16'),
 IPv4Network('10.130.0.0/16'),
 IPv4Network('10.131.0.0/16'),
 IPv4Network('10.132.0.0/16'),
 IPv4Network('10.133.0.0/16'),
 IPv4Network('10.134.0.0/16'),
 IPv4Network('10.135.0.0/16'),
 IPv4Network('10.136.0.0/16'),
 IPv4Network('10.137.0.0/16'),
 IPv4Network('10.138.0.0/16'),
 IPv4Network('10.139.0.0/16'),
 IPv4Network('10.140.0.0/16'),
 IPv4Network('10.141.0.0/16'),
 IPv4Network('10.142.0.0/16'),
 IPv4Network('10.143.0.0/16'),
 IPv4Network('10.144.0.0/16'),
 IPv4Network('10.145.0.0/16'),
 IPv4Network('10.146.0.0/16'),
 IPv4Network('10.147.0.0/16'),
 IPv4Network('10.148.0.0/16'),
 IPv4Network('10.149.0.0/16'),
 IPv4Network('10.150.0.0/16'),
 IPv4Network('10.151.0.0/16'),
 IPv4Network('10.152.0.0/16'),
 IPv4Network('10.153.0.0/16'),
 IPv4Network('10.154.0.0/16'),
 IPv4Network('10.155.0.0/16'),
 IPv4Network('10.156.0.0/16'),
 IPv4Network('10.157.0.0/16'),
 IPv4Network('10.158.0.0/16'),
 IPv4Network('10.159.0.0/16'),
 IPv4Network('10.160.0.0/16'),
 IPv4Network('10.161.0.0/16'),
 IPv4Network('10.162.0.0/16'),
 IPv4Network('10.163.0.0/16'),
 IPv4Network('10.164.0.0/16'),
 IPv4Network('10.165.0.0/16'),
 IPv4Network('10.166.0.0/16'),
 IPv4Network('10.167.0.0/16'),
 IPv4Network('10.168.0.0/16'),
 IPv4Network('10.169.0.0/16'),
 IPv4Network('10.170.0.0/16'),
 IPv4Network('10.171.0.0/16'),
 IPv4Network('10.172.0.0/16'),
 IPv4Network('10.173.0.0/16'),
 IPv4Network('10.174.0.0/16'),
 IPv4Network('10.175.0.0/16'),
 IPv4Network('10.176.0.0/16'),
 IPv4Network('10.177.0.0/16'),
 IPv4Network('10.178.0.0/16'),
 IPv4Network('10.179.0.0/16'),
 IPv4Network('10.180.0.0/16'),
 IPv4Network('10.181.0.0/16'),
 IPv4Network('10.182.0.0/16'),
 IPv4Network('10.183.0.0/16'),
 IPv4Network('10.184.0.0/16'),
 IPv4Network('10.185.0.0/16'),
 IPv4Network('10.186.0.0/16'),
 IPv4Network('10.187.0.0/16'),
 IPv4Network('10.188.0.0/16'),
 IPv4Network('10.189.0.0/16'),
 IPv4Network('10.190.0.0/16'),
 IPv4Network('10.191.0.0/16'),
 IPv4Network('10.192.0.0/16'),
 IPv4Network('10.193.0.0/16'),
 IPv4Network('10.194.0.0/16'),
 IPv4Network('10.195.0.0/16'),
 IPv4Network('10.196.0.0/16'),
 IPv4Network('10.197.0.0/16'),
 IPv4Network('10.198.0.0/16'),
 IPv4Network('10.199.0.0/16'),
 IPv4Network('10.200.0.0/16'),
 IPv4Network('10.201.0.0/16'),
 IPv4Network('10.202.0.0/16'),
 IPv4Network('10.203.0.0/16'),
 IPv4Network('10.204.0.0/16'),
 IPv4Network('10.205.0.0/16'),
 IPv4Network('10.206.0.0/16'),
 IPv4Network('10.207.0.0/16'),
 IPv4Network('10.208.0.0/16'),
 IPv4Network('10.209.0.0/16'),
 IPv4Network('10.210.0.0/16'),
 IPv4Network('10.211.0.0/16'),
 IPv4Network('10.212.0.0/16'),
 IPv4Network('10.213.0.0/16'),
 IPv4Network('10.214.0.0/16'),
 IPv4Network('10.215.0.0/16'),
 IPv4Network('10.216.0.0/16'),
 IPv4Network('10.217.0.0/16'),
 IPv4Network('10.218.0.0/16'),
 IPv4Network('10.219.0.0/16'),
 IPv4Network('10.220.0.0/16'),
 IPv4Network('10.221.0.0/16'),
 IPv4Network('10.222.0.0/16'),
 IPv4Network('10.223.0.0/16'),
 IPv4Network('10.224.0.0/16'),
 IPv4Network('10.225.0.0/16'),
 IPv4Network('10.226.0.0/16'),
 IPv4Network('10.227.0.0/16'),
 IPv4Network('10.228.0.0/16'),
 IPv4Network('10.229.0.0/16'),
 IPv4Network('10.230.0.0/16'),
 IPv4Network('10.231.0.0/16'),
 IPv4Network('10.232.0.0/16'),
 IPv4Network('10.233.0.0/16'),
 IPv4Network('10.234.0.0/16'),
 IPv4Network('10.235.0.0/16'),
 IPv4Network('10.236.0.0/16'),
 IPv4Network('10.237.0.0/16'),
 IPv4Network('10.238.0.0/16'),
 IPv4Network('10.239.0.0/16'),
 IPv4Network('10.240.0.0/16'),
 IPv4Network('10.241.0.0/16'),
 IPv4Network('10.242.0.0/16'),
 IPv4Network('10.243.0.0/16'),
 IPv4Network('10.244.0.0/16'),
 IPv4Network('10.245.0.0/16'),
 IPv4Network('10.246.0.0/16'),
 IPv4Network('10.247.0.0/16'),
 IPv4Network('10.248.0.0/16'),
 IPv4Network('10.249.0.0/16'),
 IPv4Network('10.250.0.0/16'),
 IPv4Network('10.251.0.0/16'),
 IPv4Network('10.252.0.0/16'),
 IPv4Network('10.253.0.0/16'),
 IPv4Network('10.254.0.0/16'),
 IPv4Network('10.255.0.0/16'),
 IPv4Network('149.160.0.0/16'),
 IPv4Network('149.161.0.0/16'),
 IPv4Network('149.162.0.0/16'),
 IPv4Network('149.163.0.0/16')]
[IPv4Network('129.79.0.0/16'),
 IPv4Network('134.68.0.0/16'),
 IPv4Network('140.182.0.0/16'),
 IPv4Network('149.159.0.0/16'),
 IPv4Network('156.56.0.0/16'),
 IPv4Network('172.16.0.0/12'),
 IPv4Network('192.168.0.0/24'),
 IPv6Network('::/128'),
 IPv4Network('10.0.0.0/16'),
 IPv4Network('10.1.0.0/16'),
 IPv4Network('10.2.0.0/16'),
 IPv4Network('10.3.0.0/16'),
 IPv4Network('10.4.0.0/16'),
 IPv4Network('10.5.0.0/16'),
 IPv4Network('10.6.0.0/16'),
 IPv4Network('10.7.0.0/16'),
 IPv4Network('10.8.0.0/16'),
 IPv4Network('10.9.0.0/16'),
 IPv4Network('10.10.0.0/16'),
 IPv4Network('10.11.0.0/16'),
 IPv4Network('10.12.0.0/16'),
 IPv4Network('10.13.0.0/16'),
 IPv4Network('10.14.0.0/16'),
 IPv4Network('10.15.0.0/16'),
 IPv4Network('10.16.0.0/16'),
 IPv4Network('10.17.0.0/16'),
 IPv4Network('10.18.0.0/16'),
 IPv4Network('10.19.0.0/16'),
 IPv4Network('10.20.0.0/16'),
 IPv4Network('10.21.0.0/16'),
 IPv4Network('10.22.0.0/16'),
 IPv4Network('10.23.0.0/16'),
 IPv4Network('10.24.0.0/16'),
 IPv4Network('10.25.0.0/16'),
 IPv4Network('10.26.0.0/16'),
 IPv4Network('10.27.0.0/16'),
 IPv4Network('10.28.0.0/16'),
 IPv4Network('10.29.0.0/16'),
 IPv4Network('10.30.0.0/16'),
 IPv4Network('10.31.0.0/16'),
 IPv4Network('10.32.0.0/16'),
 IPv4Network('10.33.0.0/16'),
 IPv4Network('10.34.0.0/16'),
 IPv4Network('10.35.0.0/16'),
 IPv4Network('10.36.0.0/16'),
 IPv4Network('10.37.0.0/16'),
 IPv4Network('10.38.0.0/16'),
 IPv4Network('10.39.0.0/16'),
 IPv4Network('10.40.0.0/16'),
 IPv4Network('10.41.0.0/16'),
 IPv4Network('10.42.0.0/16'),
 IPv4Network('10.43.0.0/16'),
 IPv4Network('10.44.0.0/16'),
 IPv4Network('10.45.0.0/16'),
 IPv4Network('10.46.0.0/16'),
 IPv4Network('10.47.0.0/16'),
 IPv4Network('10.48.0.0/16'),
 IPv4Network('10.49.0.0/16'),
 IPv4Network('10.50.0.0/16'),
 IPv4Network('10.51.0.0/16'),
 IPv4Network('10.52.0.0/16'),
 IPv4Network('10.53.0.0/16'),
 IPv4Network('10.54.0.0/16'),
 IPv4Network('10.55.0.0/16'),
 IPv4Network('10.56.0.0/16'),
 IPv4Network('10.57.0.0/16'),
 IPv4Network('10.58.0.0/16'),
 IPv4Network('10.59.0.0/16'),
 IPv4Network('10.60.0.0/16'),
 IPv4Network('10.61.0.0/16'),
 IPv4Network('10.62.0.0/16'),
 IPv4Network('10.63.0.0/16'),
 IPv4Network('10.64.0.0/16'),
 IPv4Network('10.65.0.0/16'),
 IPv4Network('10.66.0.0/16'),
 IPv4Network('10.67.0.0/16'),
 IPv4Network('10.68.0.0/16'),
 IPv4Network('10.69.0.0/16'),
 IPv4Network('10.70.0.0/16'),
 IPv4Network('10.71.0.0/16'),
 IPv4Network('10.72.0.0/16'),
 IPv4Network('10.73.0.0/16'),
 IPv4Network('10.74.0.0/16'),
 IPv4Network('10.75.0.0/16'),
 IPv4Network('10.76.0.0/16'),
 IPv4Network('10.77.0.0/16'),
 IPv4Network('10.78.0.0/16'),
 IPv4Network('10.79.0.0/16'),
 IPv4Network('10.80.0.0/16'),
 IPv4Network('10.81.0.0/16'),
 IPv4Network('10.82.0.0/16'),
 IPv4Network('10.83.0.0/16'),
 IPv4Network('10.84.0.0/16'),
 IPv4Network('10.85.0.0/16'),
 IPv4Network('10.86.0.0/16'),
 IPv4Network('10.87.0.0/16'),
 IPv4Network('10.88.0.0/16'),
 IPv4Network('10.89.0.0/16'),
 IPv4Network('10.90.0.0/16'),
 IPv4Network('10.91.0.0/16'),
 IPv4Network('10.92.0.0/16'),
 IPv4Network('10.93.0.0/16'),
 IPv4Network('10.94.0.0/16'),
 IPv4Network('10.95.0.0/16'),
 IPv4Network('10.96.0.0/16'),
 IPv4Network('10.97.0.0/16'),
 IPv4Network('10.98.0.0/16'),
 IPv4Network('10.99.0.0/16'),
 IPv4Network('10.100.0.0/16'),
 IPv4Network('10.101.0.0/16'),
 IPv4Network('10.102.0.0/16'),
 IPv4Network('10.103.0.0/16'),
 IPv4Network('10.104.0.0/16'),
 IPv4Network('10.105.0.0/16'),
 IPv4Network('10.106.0.0/16'),
 IPv4Network('10.107.0.0/16'),
 IPv4Network('10.108.0.0/16'),
 IPv4Network('10.109.0.0/16'),
 IPv4Network('10.110.0.0/16'),
 IPv4Network('10.111.0.0/16'),
 IPv4Network('10.112.0.0/16'),
 IPv4Network('10.113.0.0/16'),
 IPv4Network('10.114.0.0/16'),
 IPv4Network('10.115.0.0/16'),
 IPv4Network('10.116.0.0/16'),
 IPv4Network('10.117.0.0/16'),
 IPv4Network('10.118.0.0/16'),
 IPv4Network('10.119.0.0/16'),
 IPv4Network('10.120.0.0/16'),
 IPv4Network('10.121.0.0/16'),
 IPv4Network('10.122.0.0/16'),
 IPv4Network('10.123.0.0/16'),
 IPv4Network('10.124.0.0/16'),
 IPv4Network('10.125.0.0/16'),
 IPv4Network('10.126.0.0/16'),
 IPv4Network('10.127.0.0/16'),
 IPv4Network('10.128.0.0/16'),
 IPv4Network('10.129.0.0/16'),
 IPv4Network('10.130.0.0/16'),
 IPv4Network('10.131.0.0/16'),
 IPv4Network('10.132.0.0/16'),
 IPv4Network('10.133.0.0/16'),
 IPv4Network('10.134.0.0/16'),
 IPv4Network('10.135.0.0/16'),
 IPv4Network('10.136.0.0/16'),
 IPv4Network('10.137.0.0/16'),
 IPv4Network('10.138.0.0/16'),
 IPv4Network('10.139.0.0/16'),
 IPv4Network('10.140.0.0/16'),
 IPv4Network('10.141.0.0/16'),
 IPv4Network('10.142.0.0/16'),
 IPv4Network('10.143.0.0/16'),
 IPv4Network('10.144.0.0/16'),
 IPv4Network('10.145.0.0/16'),
 IPv4Network('10.146.0.0/16'),
 IPv4Network('10.147.0.0/16'),
 IPv4Network('10.148.0.0/16'),
 IPv4Network('10.149.0.0/16'),
 IPv4Network('10.150.0.0/16'),
 IPv4Network('10.151.0.0/16'),
 IPv4Network('10.152.0.0/16'),
 IPv4Network('10.153.0.0/16'),
 IPv4Network('10.154.0.0/16'),
 IPv4Network('10.155.0.0/16'),
 IPv4Network('10.156.0.0/16'),
 IPv4Network('10.157.0.0/16'),
 IPv4Network('10.158.0.0/16'),
 IPv4Network('10.159.0.0/16'),
 IPv4Network('10.160.0.0/16'),
 IPv4Network('10.161.0.0/16'),
 IPv4Network('10.162.0.0/16'),
 IPv4Network('10.163.0.0/16'),
 IPv4Network('10.164.0.0/16'),
 IPv4Network('10.165.0.0/16'),
 IPv4Network('10.166.0.0/16'),
 IPv4Network('10.167.0.0/16'),
 IPv4Network('10.168.0.0/16'),
 IPv4Network('10.169.0.0/16'),
 IPv4Network('10.170.0.0/16'),
 IPv4Network('10.171.0.0/16'),
 IPv4Network('10.172.0.0/16'),
 IPv4Network('10.173.0.0/16'),
 IPv4Network('10.174.0.0/16'),
 IPv4Network('10.175.0.0/16'),
 IPv4Network('10.176.0.0/16'),
 IPv4Network('10.177.0.0/16'),
 IPv4Network('10.178.0.0/16'),
 IPv4Network('10.179.0.0/16'),
 IPv4Network('10.180.0.0/16'),
 IPv4Network('10.181.0.0/16'),
 IPv4Network('10.182.0.0/16'),
 IPv4Network('10.183.0.0/16'),
 IPv4Network('10.184.0.0/16'),
 IPv4Network('10.185.0.0/16'),
 IPv4Network('10.186.0.0/16'),
 IPv4Network('10.187.0.0/16'),
 IPv4Network('10.188.0.0/16'),
 IPv4Network('10.189.0.0/16'),
 IPv4Network('10.190.0.0/16'),
 IPv4Network('10.191.0.0/16'),
 IPv4Network('10.192.0.0/16'),
 IPv4Network('10.193.0.0/16'),
 IPv4Network('10.194.0.0/16'),
 IPv4Network('10.195.0.0/16'),
 IPv4Network('10.196.0.0/16'),
 IPv4Network('10.197.0.0/16'),
 IPv4Network('10.198.0.0/16'),
 IPv4Network('10.199.0.0/16'),
 IPv4Network('10.200.0.0/16'),
 IPv4Network('10.201.0.0/16'),
 IPv4Network('10.202.0.0/16'),
 IPv4Network('10.203.0.0/16'),
 IPv4Network('10.204.0.0/16'),
 IPv4Network('10.205.0.0/16'),
 IPv4Network('10.206.0.0/16'),
 IPv4Network('10.207.0.0/16'),
 IPv4Network('10.208.0.0/16'),
 IPv4Network('10.209.0.0/16'),
 IPv4Network('10.210.0.0/16'),
 IPv4Network('10.211.0.0/16'),
 IPv4Network('10.212.0.0/16'),
 IPv4Network('10.213.0.0/16'),
 IPv4Network('10.214.0.0/16'),
 IPv4Network('10.215.0.0/16'),
 IPv4Network('10.216.0.0/16'),
 IPv4Network('10.217.0.0/16'),
 IPv4Network('10.218.0.0/16'),
 IPv4Network('10.219.0.0/16'),
 IPv4Network('10.220.0.0/16'),
 IPv4Network('10.221.0.0/16'),
 IPv4Network('10.222.0.0/16'),
 IPv4Network('10.223.0.0/16'),
 IPv4Network('10.224.0.0/16'),
 IPv4Network('10.225.0.0/16'),
 IPv4Network('10.226.0.0/16'),
 IPv4Network('10.227.0.0/16'),
 IPv4Network('10.228.0.0/16'),
 IPv4Network('10.229.0.0/16'),
 IPv4Network('10.230.0.0/16'),
 IPv4Network('10.231.0.0/16'),
 IPv4Network('10.232.0.0/16'),
 IPv4Network('10.233.0.0/16'),
 IPv4Network('10.234.0.0/16'),
 IPv4Network('10.235.0.0/16'),
 IPv4Network('10.236.0.0/16'),
 IPv4Network('10.237.0.0/16'),
 IPv4Network('10.238.0.0/16'),
 IPv4Network('10.239.0.0/16'),
 IPv4Network('10.240.0.0/16'),
 IPv4Network('10.241.0.0/16'),
 IPv4Network('10.242.0.0/16'),
 IPv4Network('10.243.0.0/16'),
 IPv4Network('10.244.0.0/16'),
 IPv4Network('10.245.0.0/16'),
 IPv4Network('10.246.0.0/16'),
 IPv4Network('10.247.0.0/16'),
 IPv4Network('10.248.0.0/16'),
 IPv4Network('10.249.0.0/16'),
 IPv4Network('10.250.0.0/16'),
 IPv4Network('10.251.0.0/16'),
 IPv4Network('10.252.0.0/16'),
 IPv4Network('10.253.0.0/16'),
 IPv4Network('10.254.0.0/16'),
 IPv4Network('10.255.0.0/16'),
 IPv4Network('149.160.0.0/16'),
 IPv4Network('149.161.0.0/16'),
 IPv4Network('149.162.0.0/16'),
 IPv4Network('149.163.0.0/16')]
[IPv4Network('129.79.0.0/16'),
 IPv4Network('134.68.0.0/16'),
 IPv4Network('140.182.0.0/16'),
 IPv4Network('149.159.0.0/16'),
 IPv4Network('156.56.0.0/16'),
 IPv4Network('172.16.0.0/12'),
 IPv4Network('192.168.0.0/24'),
 IPv6Network('::/128'),
 IPv4Network('10.0.0.0/16'),
 IPv4Network('10.1.0.0/16'),
 IPv4Network('10.2.0.0/16'),
 IPv4Network('10.3.0.0/16'),
 IPv4Network('10.4.0.0/16'),
 IPv4Network('10.5.0.0/16'),
 IPv4Network('10.6.0.0/16'),
 IPv4Network('10.7.0.0/16'),
 IPv4Network('10.8.0.0/16'),
 IPv4Network('10.9.0.0/16'),
 IPv4Network('10.10.0.0/16'),
 IPv4Network('10.11.0.0/16'),
 IPv4Network('10.12.0.0/16'),
 IPv4Network('10.13.0.0/16'),
 IPv4Network('10.14.0.0/16'),
 IPv4Network('10.15.0.0/16'),
 IPv4Network('10.16.0.0/16'),
 IPv4Network('10.17.0.0/16'),
 IPv4Network('10.18.0.0/16'),
 IPv4Network('10.19.0.0/16'),
 IPv4Network('10.20.0.0/16'),
 IPv4Network('10.21.0.0/16'),
 IPv4Network('10.22.0.0/16'),
 IPv4Network('10.23.0.0/16'),
 IPv4Network('10.24.0.0/16'),
 IPv4Network('10.25.0.0/16'),
 IPv4Network('10.26.0.0/16'),
 IPv4Network('10.27.0.0/16'),
 IPv4Network('10.28.0.0/16'),
 IPv4Network('10.29.0.0/16'),
 IPv4Network('10.30.0.0/16'),
 IPv4Network('10.31.0.0/16'),
 IPv4Network('10.32.0.0/16'),
 IPv4Network('10.33.0.0/16'),
 IPv4Network('10.34.0.0/16'),
 IPv4Network('10.35.0.0/16'),
 IPv4Network('10.36.0.0/16'),
 IPv4Network('10.37.0.0/16'),
 IPv4Network('10.38.0.0/16'),
 IPv4Network('10.39.0.0/16'),
 IPv4Network('10.40.0.0/16'),
 IPv4Network('10.41.0.0/16'),
 IPv4Network('10.42.0.0/16'),
 IPv4Network('10.43.0.0/16'),
 IPv4Network('10.44.0.0/16'),
 IPv4Network('10.45.0.0/16'),
 IPv4Network('10.46.0.0/16'),
 IPv4Network('10.47.0.0/16'),
 IPv4Network('10.48.0.0/16'),
 IPv4Network('10.49.0.0/16'),
 IPv4Network('10.50.0.0/16'),
 IPv4Network('10.51.0.0/16'),
 IPv4Network('10.52.0.0/16'),
 IPv4Network('10.53.0.0/16'),
 IPv4Network('10.54.0.0/16'),
 IPv4Network('10.55.0.0/16'),
 IPv4Network('10.56.0.0/16'),
 IPv4Network('10.57.0.0/16'),
 IPv4Network('10.58.0.0/16'),
 IPv4Network('10.59.0.0/16'),
 IPv4Network('10.60.0.0/16'),
 IPv4Network('10.61.0.0/16'),
 IPv4Network('10.62.0.0/16'),
 IPv4Network('10.63.0.0/16'),
 IPv4Network('10.64.0.0/16'),
 IPv4Network('10.65.0.0/16'),
 IPv4Network('10.66.0.0/16'),
 IPv4Network('10.67.0.0/16'),
 IPv4Network('10.68.0.0/16'),
 IPv4Network('10.69.0.0/16'),
 IPv4Network('10.70.0.0/16'),
 IPv4Network('10.71.0.0/16'),
 IPv4Network('10.72.0.0/16'),
 IPv4Network('10.73.0.0/16'),
 IPv4Network('10.74.0.0/16'),
 IPv4Network('10.75.0.0/16'),
 IPv4Network('10.76.0.0/16'),
 IPv4Network('10.77.0.0/16'),
 IPv4Network('10.78.0.0/16'),
 IPv4Network('10.79.0.0/16'),
 IPv4Network('10.80.0.0/16'),
 IPv4Network('10.81.0.0/16'),
 IPv4Network('10.82.0.0/16'),
 IPv4Network('10.83.0.0/16'),
 IPv4Network('10.84.0.0/16'),
 IPv4Network('10.85.0.0/16'),
 IPv4Network('10.86.0.0/16'),
 IPv4Network('10.87.0.0/16'),
 IPv4Network('10.88.0.0/16'),
 IPv4Network('10.89.0.0/16'),
 IPv4Network('10.90.0.0/16'),
 IPv4Network('10.91.0.0/16'),
 IPv4Network('10.92.0.0/16'),
 IPv4Network('10.93.0.0/16'),
 IPv4Network('10.94.0.0/16'),
 IPv4Network('10.95.0.0/16'),
 IPv4Network('10.96.0.0/16'),
 IPv4Network('10.97.0.0/16'),
 IPv4Network('10.98.0.0/16'),
 IPv4Network('10.99.0.0/16'),
 IPv4Network('10.100.0.0/16'),
 IPv4Network('10.101.0.0/16'),
 IPv4Network('10.102.0.0/16'),
 IPv4Network('10.103.0.0/16'),
 IPv4Network('10.104.0.0/16'),
 IPv4Network('10.105.0.0/16'),
 IPv4Network('10.106.0.0/16'),
 IPv4Network('10.107.0.0/16'),
 IPv4Network('10.108.0.0/16'),
 IPv4Network('10.109.0.0/16'),
 IPv4Network('10.110.0.0/16'),
 IPv4Network('10.111.0.0/16'),
 IPv4Network('10.112.0.0/16'),
 IPv4Network('10.113.0.0/16'),
 IPv4Network('10.114.0.0/16'),
 IPv4Network('10.115.0.0/16'),
 IPv4Network('10.116.0.0/16'),
 IPv4Network('10.117.0.0/16'),
 IPv4Network('10.118.0.0/16'),
 IPv4Network('10.119.0.0/16'),
 IPv4Network('10.120.0.0/16'),
 IPv4Network('10.121.0.0/16'),
 IPv4Network('10.122.0.0/16'),
 IPv4Network('10.123.0.0/16'),
 IPv4Network('10.124.0.0/16'),
 IPv4Network('10.125.0.0/16'),
 IPv4Network('10.126.0.0/16'),
 IPv4Network('10.127.0.0/16'),
 IPv4Network('10.128.0.0/16'),
 IPv4Network('10.129.0.0/16'),
 IPv4Network('10.130.0.0/16'),
 IPv4Network('10.131.0.0/16'),
 IPv4Network('10.132.0.0/16'),
 IPv4Network('10.133.0.0/16'),
 IPv4Network('10.134.0.0/16'),
 IPv4Network('10.135.0.0/16'),
 IPv4Network('10.136.0.0/16'),
 IPv4Network('10.137.0.0/16'),
 IPv4Network('10.138.0.0/16'),
 IPv4Network('10.139.0.0/16'),
 IPv4Network('10.140.0.0/16'),
 IPv4Network('10.141.0.0/16'),
 IPv4Network('10.142.0.0/16'),
 IPv4Network('10.143.0.0/16'),
 IPv4Network('10.144.0.0/16'),
 IPv4Network('10.145.0.0/16'),
 IPv4Network('10.146.0.0/16'),
 IPv4Network('10.147.0.0/16'),
 IPv4Network('10.148.0.0/16'),
 IPv4Network('10.149.0.0/16'),
 IPv4Network('10.150.0.0/16'),
 IPv4Network('10.151.0.0/16'),
 IPv4Network('10.152.0.0/16'),
 IPv4Network('10.153.0.0/16'),
 IPv4Network('10.154.0.0/16'),
 IPv4Network('10.155.0.0/16'),
 IPv4Network('10.156.0.0/16'),
 IPv4Network('10.157.0.0/16'),
 IPv4Network('10.158.0.0/16'),
 IPv4Network('10.159.0.0/16'),
 IPv4Network('10.160.0.0/16'),
 IPv4Network('10.161.0.0/16'),
 IPv4Network('10.162.0.0/16'),
 IPv4Network('10.163.0.0/16'),
 IPv4Network('10.164.0.0/16'),
 IPv4Network('10.165.0.0/16'),
 IPv4Network('10.166.0.0/16'),
 IPv4Network('10.167.0.0/16'),
 IPv4Network('10.168.0.0/16'),
 IPv4Network('10.169.0.0/16'),
 IPv4Network('10.170.0.0/16'),
 IPv4Network('10.171.0.0/16'),
 IPv4Network('10.172.0.0/16'),
 IPv4Network('10.173.0.0/16'),
 IPv4Network('10.174.0.0/16'),
 IPv4Network('10.175.0.0/16'),
 IPv4Network('10.176.0.0/16'),
 IPv4Network('10.177.0.0/16'),
 IPv4Network('10.178.0.0/16'),
 IPv4Network('10.179.0.0/16'),
 IPv4Network('10.180.0.0/16'),
 IPv4Network('10.181.0.0/16'),
 IPv4Network('10.182.0.0/16'),
 IPv4Network('10.183.0.0/16'),
 IPv4Network('10.184.0.0/16'),
 IPv4Network('10.185.0.0/16'),
 IPv4Network('10.186.0.0/16'),
 IPv4Network('10.187.0.0/16'),
 IPv4Network('10.188.0.0/16'),
 IPv4Network('10.189.0.0/16'),
 IPv4Network('10.190.0.0/16'),
 IPv4Network('10.191.0.0/16'),
 IPv4Network('10.192.0.0/16'),
 IPv4Network('10.193.0.0/16'),
 IPv4Network('10.194.0.0/16'),
 IPv4Network('10.195.0.0/16'),
 IPv4Network('10.196.0.0/16'),
 IPv4Network('10.197.0.0/16'),
 IPv4Network('10.198.0.0/16'),
 IPv4Network('10.199.0.0/16'),
 IPv4Network('10.200.0.0/16'),
 IPv4Network('10.201.0.0/16'),
 IPv4Network('10.202.0.0/16'),
 IPv4Network('10.203.0.0/16'),
 IPv4Network('10.204.0.0/16'),
 IPv4Network('10.205.0.0/16'),
 IPv4Network('10.206.0.0/16'),
 IPv4Network('10.207.0.0/16'),
 IPv4Network('10.208.0.0/16'),
 IPv4Network('10.209.0.0/16'),
 IPv4Network('10.210.0.0/16'),
 IPv4Network('10.211.0.0/16'),
 IPv4Network('10.212.0.0/16'),
 IPv4Network('10.213.0.0/16'),
 IPv4Network('10.214.0.0/16'),
 IPv4Network('10.215.0.0/16'),
 IPv4Network('10.216.0.0/16'),
 IPv4Network('10.217.0.0/16'),
 IPv4Network('10.218.0.0/16'),
 IPv4Network('10.219.0.0/16'),
 IPv4Network('10.220.0.0/16'),
 IPv4Network('10.221.0.0/16'),
 IPv4Network('10.222.0.0/16'),
 IPv4Network('10.223.0.0/16'),
 IPv4Network('10.224.0.0/16'),
 IPv4Network('10.225.0.0/16'),
 IPv4Network('10.226.0.0/16'),
 IPv4Network('10.227.0.0/16'),
 IPv4Network('10.228.0.0/16'),
 IPv4Network('10.229.0.0/16'),
 IPv4Network('10.230.0.0/16'),
 IPv4Network('10.231.0.0/16'),
 IPv4Network('10.232.0.0/16'),
 IPv4Network('10.233.0.0/16'),
 IPv4Network('10.234.0.0/16'),
 IPv4Network('10.235.0.0/16'),
 IPv4Network('10.236.0.0/16'),
 IPv4Network('10.237.0.0/16'),
 IPv4Network('10.238.0.0/16'),
 IPv4Network('10.239.0.0/16'),
 IPv4Network('10.240.0.0/16'),
 IPv4Network('10.241.0.0/16'),
 IPv4Network('10.242.0.0/16'),
 IPv4Network('10.243.0.0/16'),
 IPv4Network('10.244.0.0/16'),
 IPv4Network('10.245.0.0/16'),
 IPv4Network('10.246.0.0/16'),
 IPv4Network('10.247.0.0/16'),
 IPv4Network('10.248.0.0/16'),
 IPv4Network('10.249.0.0/16'),
 IPv4Network('10.250.0.0/16'),
 IPv4Network('10.251.0.0/16'),
 IPv4Network('10.252.0.0/16'),
 IPv4Network('10.253.0.0/16'),
 IPv4Network('10.254.0.0/16'),
 IPv4Network('10.255.0.0/16'),
 IPv4Network('149.160.0.0/16'),
 IPv4Network('149.161.0.0/16'),
 IPv4Network('149.162.0.0/16'),
 IPv4Network('149.163.0.0/16')]
[IPv4Network('129.79.0.0/16'),
 IPv4Network('134.68.0.0/16'),
 IPv4Network('140.182.0.0/16'),
 IPv4Network('149.159.0.0/16'),
 IPv4Network('156.56.0.0/16'),
 IPv4Network('172.16.0.0/12'),
 IPv4Network('192.168.0.0/24'),
 IPv6Network('::/128'),
 IPv4Network('10.0.0.0/16'),
 IPv4Network('10.1.0.0/16'),
 IPv4Network('10.2.0.0/16'),
 IPv4Network('10.3.0.0/16'),
 IPv4Network('10.4.0.0/16'),
 IPv4Network('10.5.0.0/16'),
 IPv4Network('10.6.0.0/16'),
 IPv4Network('10.7.0.0/16'),
 IPv4Network('10.8.0.0/16'),
 IPv4Network('10.9.0.0/16'),
 IPv4Network('10.10.0.0/16'),
 IPv4Network('10.11.0.0/16'),
 IPv4Network('10.12.0.0/16'),
 IPv4Network('10.13.0.0/16'),
 IPv4Network('10.14.0.0/16'),
 IPv4Network('10.15.0.0/16'),
 IPv4Network('10.16.0.0/16'),
 IPv4Network('10.17.0.0/16'),
 IPv4Network('10.18.0.0/16'),
 IPv4Network('10.19.0.0/16'),
 IPv4Network('10.20.0.0/16'),
 IPv4Network('10.21.0.0/16'),
 IPv4Network('10.22.0.0/16'),
 IPv4Network('10.23.0.0/16'),
 IPv4Network('10.24.0.0/16'),
 IPv4Network('10.25.0.0/16'),
 IPv4Network('10.26.0.0/16'),
 IPv4Network('10.27.0.0/16'),
 IPv4Network('10.28.0.0/16'),
 IPv4Network('10.29.0.0/16'),
 IPv4Network('10.30.0.0/16'),
 IPv4Network('10.31.0.0/16'),
 IPv4Network('10.32.0.0/16'),
 IPv4Network('10.33.0.0/16'),
 IPv4Network('10.34.0.0/16'),
 IPv4Network('10.35.0.0/16'),
 IPv4Network('10.36.0.0/16'),
 IPv4Network('10.37.0.0/16'),
 IPv4Network('10.38.0.0/16'),
 IPv4Network('10.39.0.0/16'),
 IPv4Network('10.40.0.0/16'),
 IPv4Network('10.41.0.0/16'),
 IPv4Network('10.42.0.0/16'),
 IPv4Network('10.43.0.0/16'),
 IPv4Network('10.44.0.0/16'),
 IPv4Network('10.45.0.0/16'),
 IPv4Network('10.46.0.0/16'),
 IPv4Network('10.47.0.0/16'),
 IPv4Network('10.48.0.0/16'),
 IPv4Network('10.49.0.0/16'),
 IPv4Network('10.50.0.0/16'),
 IPv4Network('10.51.0.0/16'),
 IPv4Network('10.52.0.0/16'),
 IPv4Network('10.53.0.0/16'),
 IPv4Network('10.54.0.0/16'),
 IPv4Network('10.55.0.0/16'),
 IPv4Network('10.56.0.0/16'),
 IPv4Network('10.57.0.0/16'),
 IPv4Network('10.58.0.0/16'),
 IPv4Network('10.59.0.0/16'),
 IPv4Network('10.60.0.0/16'),
 IPv4Network('10.61.0.0/16'),
 IPv4Network('10.62.0.0/16'),
 IPv4Network('10.63.0.0/16'),
 IPv4Network('10.64.0.0/16'),
 IPv4Network('10.65.0.0/16'),
 IPv4Network('10.66.0.0/16'),
 IPv4Network('10.67.0.0/16'),
 IPv4Network('10.68.0.0/16'),
 IPv4Network('10.69.0.0/16'),
 IPv4Network('10.70.0.0/16'),
 IPv4Network('10.71.0.0/16'),
 IPv4Network('10.72.0.0/16'),
 IPv4Network('10.73.0.0/16'),
 IPv4Network('10.74.0.0/16'),
 IPv4Network('10.75.0.0/16'),
 IPv4Network('10.76.0.0/16'),
 IPv4Network('10.77.0.0/16'),
 IPv4Network('10.78.0.0/16'),
 IPv4Network('10.79.0.0/16'),
 IPv4Network('10.80.0.0/16'),
 IPv4Network('10.81.0.0/16'),
 IPv4Network('10.82.0.0/16'),
 IPv4Network('10.83.0.0/16'),
 IPv4Network('10.84.0.0/16'),
 IPv4Network('10.85.0.0/16'),
 IPv4Network('10.86.0.0/16'),
 IPv4Network('10.87.0.0/16'),
 IPv4Network('10.88.0.0/16'),
 IPv4Network('10.89.0.0/16'),
 IPv4Network('10.90.0.0/16'),
 IPv4Network('10.91.0.0/16'),
 IPv4Network('10.92.0.0/16'),
 IPv4Network('10.93.0.0/16'),
 IPv4Network('10.94.0.0/16'),
 IPv4Network('10.95.0.0/16'),
 IPv4Network('10.96.0.0/16'),
 IPv4Network('10.97.0.0/16'),
 IPv4Network('10.98.0.0/16'),
 IPv4Network('10.99.0.0/16'),
 IPv4Network('10.100.0.0/16'),
 IPv4Network('10.101.0.0/16'),
 IPv4Network('10.102.0.0/16'),
 IPv4Network('10.103.0.0/16'),
 IPv4Network('10.104.0.0/16'),
 IPv4Network('10.105.0.0/16'),
 IPv4Network('10.106.0.0/16'),
 IPv4Network('10.107.0.0/16'),
 IPv4Network('10.108.0.0/16'),
 IPv4Network('10.109.0.0/16'),
 IPv4Network('10.110.0.0/16'),
 IPv4Network('10.111.0.0/16'),
 IPv4Network('10.112.0.0/16'),
 IPv4Network('10.113.0.0/16'),
 IPv4Network('10.114.0.0/16'),
 IPv4Network('10.115.0.0/16'),
 IPv4Network('10.116.0.0/16'),
 IPv4Network('10.117.0.0/16'),
 IPv4Network('10.118.0.0/16'),
 IPv4Network('10.119.0.0/16'),
 IPv4Network('10.120.0.0/16'),
 IPv4Network('10.121.0.0/16'),
 IPv4Network('10.122.0.0/16'),
 IPv4Network('10.123.0.0/16'),
 IPv4Network('10.124.0.0/16'),
 IPv4Network('10.125.0.0/16'),
 IPv4Network('10.126.0.0/16'),
 IPv4Network('10.127.0.0/16'),
 IPv4Network('10.128.0.0/16'),
 IPv4Network('10.129.0.0/16'),
 IPv4Network('10.130.0.0/16'),
 IPv4Network('10.131.0.0/16'),
 IPv4Network('10.132.0.0/16'),
 IPv4Network('10.133.0.0/16'),
 IPv4Network('10.134.0.0/16'),
 IPv4Network('10.135.0.0/16'),
 IPv4Network('10.136.0.0/16'),
 IPv4Network('10.137.0.0/16'),
 IPv4Network('10.138.0.0/16'),
 IPv4Network('10.139.0.0/16'),
 IPv4Network('10.140.0.0/16'),
 IPv4Network('10.141.0.0/16'),
 IPv4Network('10.142.0.0/16'),
 IPv4Network('10.143.0.0/16'),
 IPv4Network('10.144.0.0/16'),
 IPv4Network('10.145.0.0/16'),
 IPv4Network('10.146.0.0/16'),
 IPv4Network('10.147.0.0/16'),
 IPv4Network('10.148.0.0/16'),
 IPv4Network('10.149.0.0/16'),
 IPv4Network('10.150.0.0/16'),
 IPv4Network('10.151.0.0/16'),
 IPv4Network('10.152.0.0/16'),
 IPv4Network('10.153.0.0/16'),
 IPv4Network('10.154.0.0/16'),
 IPv4Network('10.155.0.0/16'),
 IPv4Network('10.156.0.0/16'),
 IPv4Network('10.157.0.0/16'),
 IPv4Network('10.158.0.0/16'),
 IPv4Network('10.159.0.0/16'),
 IPv4Network('10.160.0.0/16'),
 IPv4Network('10.161.0.0/16'),
 IPv4Network('10.162.0.0/16'),
 IPv4Network('10.163.0.0/16'),
 IPv4Network('10.164.0.0/16'),
 IPv4Network('10.165.0.0/16'),
 IPv4Network('10.166.0.0/16'),
 IPv4Network('10.167.0.0/16'),
 IPv4Network('10.168.0.0/16'),
 IPv4Network('10.169.0.0/16'),
 IPv4Network('10.170.0.0/16'),
 IPv4Network('10.171.0.0/16'),
 IPv4Network('10.172.0.0/16'),
 IPv4Network('10.173.0.0/16'),
 IPv4Network('10.174.0.0/16'),
 IPv4Network('10.175.0.0/16'),
 IPv4Network('10.176.0.0/16'),
 IPv4Network('10.177.0.0/16'),
 IPv4Network('10.178.0.0/16'),
 IPv4Network('10.179.0.0/16'),
 IPv4Network('10.180.0.0/16'),
 IPv4Network('10.181.0.0/16'),
 IPv4Network('10.182.0.0/16'),
 IPv4Network('10.183.0.0/16'),
 IPv4Network('10.184.0.0/16'),
 IPv4Network('10.185.0.0/16'),
 IPv4Network('10.186.0.0/16'),
 IPv4Network('10.187.0.0/16'),
 IPv4Network('10.188.0.0/16'),
 IPv4Network('10.189.0.0/16'),
 IPv4Network('10.190.0.0/16'),
 IPv4Network('10.191.0.0/16'),
 IPv4Network('10.192.0.0/16'),
 IPv4Network('10.193.0.0/16'),
 IPv4Network('10.194.0.0/16'),
 IPv4Network('10.195.0.0/16'),
 IPv4Network('10.196.0.0/16'),
 IPv4Network('10.197.0.0/16'),
 IPv4Network('10.198.0.0/16'),
 IPv4Network('10.199.0.0/16'),
 IPv4Network('10.200.0.0/16'),
 IPv4Network('10.201.0.0/16'),
 IPv4Network('10.202.0.0/16'),
 IPv4Network('10.203.0.0/16'),
 IPv4Network('10.204.0.0/16'),
 IPv4Network('10.205.0.0/16'),
 IPv4Network('10.206.0.0/16'),
 IPv4Network('10.207.0.0/16'),
 IPv4Network('10.208.0.0/16'),
 IPv4Network('10.209.0.0/16'),
 IPv4Network('10.210.0.0/16'),
 IPv4Network('10.211.0.0/16'),
 IPv4Network('10.212.0.0/16'),
 IPv4Network('10.213.0.0/16'),
 IPv4Network('10.214.0.0/16'),
 IPv4Network('10.215.0.0/16'),
 IPv4Network('10.216.0.0/16'),
 IPv4Network('10.217.0.0/16'),
 IPv4Network('10.218.0.0/16'),
 IPv4Network('10.219.0.0/16'),
 IPv4Network('10.220.0.0/16'),
 IPv4Network('10.221.0.0/16'),
 IPv4Network('10.222.0.0/16'),
 IPv4Network('10.223.0.0/16'),
 IPv4Network('10.224.0.0/16'),
 IPv4Network('10.225.0.0/16'),
 IPv4Network('10.226.0.0/16'),
 IPv4Network('10.227.0.0/16'),
 IPv4Network('10.228.0.0/16'),
 IPv4Network('10.229.0.0/16'),
 IPv4Network('10.230.0.0/16'),
 IPv4Network('10.231.0.0/16'),
 IPv4Network('10.232.0.0/16'),
 IPv4Network('10.233.0.0/16'),
 IPv4Network('10.234.0.0/16'),
 IPv4Network('10.235.0.0/16'),
 IPv4Network('10.236.0.0/16'),
 IPv4Network('10.237.0.0/16'),
 IPv4Network('10.238.0.0/16'),
 IPv4Network('10.239.0.0/16'),
 IPv4Network('10.240.0.0/16'),
 IPv4Network('10.241.0.0/16'),
 IPv4Network('10.242.0.0/16'),
 IPv4Network('10.243.0.0/16'),
 IPv4Network('10.244.0.0/16'),
 IPv4Network('10.245.0.0/16'),
 IPv4Network('10.246.0.0/16'),
 IPv4Network('10.247.0.0/16'),
 IPv4Network('10.248.0.0/16'),
 IPv4Network('10.249.0.0/16'),
 IPv4Network('10.250.0.0/16'),
 IPv4Network('10.251.0.0/16'),
 IPv4Network('10.252.0.0/16'),
 IPv4Network('10.253.0.0/16'),
 IPv4Network('10.254.0.0/16'),
 IPv4Network('10.255.0.0/16'),
 IPv4Network('149.160.0.0/16'),
 IPv4Network('149.161.0.0/16'),
 IPv4Network('149.162.0.0/16'),
 IPv4Network('149.163.0.0/16')]
[IPv4Network('129.79.0.0/16'),
 IPv4Network('134.68.0.0/16'),
 IPv4Network('140.182.0.0/16'),
 IPv4Network('149.159.0.0/16'),
 IPv4Network('156.56.0.0/16'),
 IPv4Network('172.16.0.0/12'),
 IPv4Network('192.168.0.0/24'),
 IPv6Network('::/128'),
 IPv4Network('10.0.0.0/16'),
 IPv4Network('10.1.0.0/16'),
 IPv4Network('10.2.0.0/16'),
 IPv4Network('10.3.0.0/16'),
 IPv4Network('10.4.0.0/16'),
 IPv4Network('10.5.0.0/16'),
 IPv4Network('10.6.0.0/16'),
 IPv4Network('10.7.0.0/16'),
 IPv4Network('10.8.0.0/16'),
 IPv4Network('10.9.0.0/16'),
 IPv4Network('10.10.0.0/16'),
 IPv4Network('10.11.0.0/16'),
 IPv4Network('10.12.0.0/16'),
 IPv4Network('10.13.0.0/16'),
 IPv4Network('10.14.0.0/16'),
 IPv4Network('10.15.0.0/16'),
 IPv4Network('10.16.0.0/16'),
 IPv4Network('10.17.0.0/16'),
 IPv4Network('10.18.0.0/16'),
 IPv4Network('10.19.0.0/16'),
 IPv4Network('10.20.0.0/16'),
 IPv4Network('10.21.0.0/16'),
 IPv4Network('10.22.0.0/16'),
 IPv4Network('10.23.0.0/16'),
 IPv4Network('10.24.0.0/16'),
 IPv4Network('10.25.0.0/16'),
 IPv4Network('10.26.0.0/16'),
 IPv4Network('10.27.0.0/16'),
 IPv4Network('10.28.0.0/16'),
 IPv4Network('10.29.0.0/16'),
 IPv4Network('10.30.0.0/16'),
 IPv4Network('10.31.0.0/16'),
 IPv4Network('10.32.0.0/16'),
 IPv4Network('10.33.0.0/16'),
 IPv4Network('10.34.0.0/16'),
 IPv4Network('10.35.0.0/16'),
 IPv4Network('10.36.0.0/16'),
 IPv4Network('10.37.0.0/16'),
 IPv4Network('10.38.0.0/16'),
 IPv4Network('10.39.0.0/16'),
 IPv4Network('10.40.0.0/16'),
 IPv4Network('10.41.0.0/16'),
 IPv4Network('10.42.0.0/16'),
 IPv4Network('10.43.0.0/16'),
 IPv4Network('10.44.0.0/16'),
 IPv4Network('10.45.0.0/16'),
 IPv4Network('10.46.0.0/16'),
 IPv4Network('10.47.0.0/16'),
 IPv4Network('10.48.0.0/16'),
 IPv4Network('10.49.0.0/16'),
 IPv4Network('10.50.0.0/16'),
 IPv4Network('10.51.0.0/16'),
 IPv4Network('10.52.0.0/16'),
 IPv4Network('10.53.0.0/16'),
 IPv4Network('10.54.0.0/16'),
 IPv4Network('10.55.0.0/16'),
 IPv4Network('10.56.0.0/16'),
 IPv4Network('10.57.0.0/16'),
 IPv4Network('10.58.0.0/16'),
 IPv4Network('10.59.0.0/16'),
 IPv4Network('10.60.0.0/16'),
 IPv4Network('10.61.0.0/16'),
 IPv4Network('10.62.0.0/16'),
 IPv4Network('10.63.0.0/16'),
 IPv4Network('10.64.0.0/16'),
 IPv4Network('10.65.0.0/16'),
 IPv4Network('10.66.0.0/16'),
 IPv4Network('10.67.0.0/16'),
 IPv4Network('10.68.0.0/16'),
 IPv4Network('10.69.0.0/16'),
 IPv4Network('10.70.0.0/16'),
 IPv4Network('10.71.0.0/16'),
 IPv4Network('10.72.0.0/16'),
 IPv4Network('10.73.0.0/16'),
 IPv4Network('10.74.0.0/16'),
 IPv4Network('10.75.0.0/16'),
 IPv4Network('10.76.0.0/16'),
 IPv4Network('10.77.0.0/16'),
 IPv4Network('10.78.0.0/16'),
 IPv4Network('10.79.0.0/16'),
 IPv4Network('10.80.0.0/16'),
 IPv4Network('10.81.0.0/16'),
 IPv4Network('10.82.0.0/16'),
 IPv4Network('10.83.0.0/16'),
 IPv4Network('10.84.0.0/16'),
 IPv4Network('10.85.0.0/16'),
 IPv4Network('10.86.0.0/16'),
 IPv4Network('10.87.0.0/16'),
 IPv4Network('10.88.0.0/16'),
 IPv4Network('10.89.0.0/16'),
 IPv4Network('10.90.0.0/16'),
 IPv4Network('10.91.0.0/16'),
 IPv4Network('10.92.0.0/16'),
 IPv4Network('10.93.0.0/16'),
 IPv4Network('10.94.0.0/16'),
 IPv4Network('10.95.0.0/16'),
 IPv4Network('10.96.0.0/16'),
 IPv4Network('10.97.0.0/16'),
 IPv4Network('10.98.0.0/16'),
 IPv4Network('10.99.0.0/16'),
 IPv4Network('10.100.0.0/16'),
 IPv4Network('10.101.0.0/16'),
 IPv4Network('10.102.0.0/16'),
 IPv4Network('10.103.0.0/16'),
 IPv4Network('10.104.0.0/16'),
 IPv4Network('10.105.0.0/16'),
 IPv4Network('10.106.0.0/16'),
 IPv4Network('10.107.0.0/16'),
 IPv4Network('10.108.0.0/16'),
 IPv4Network('10.109.0.0/16'),
 IPv4Network('10.110.0.0/16'),
 IPv4Network('10.111.0.0/16'),
 IPv4Network('10.112.0.0/16'),
 IPv4Network('10.113.0.0/16'),
 IPv4Network('10.114.0.0/16'),
 IPv4Network('10.115.0.0/16'),
 IPv4Network('10.116.0.0/16'),
 IPv4Network('10.117.0.0/16'),
 IPv4Network('10.118.0.0/16'),
 IPv4Network('10.119.0.0/16'),
 IPv4Network('10.120.0.0/16'),
 IPv4Network('10.121.0.0/16'),
 IPv4Network('10.122.0.0/16'),
 IPv4Network('10.123.0.0/16'),
 IPv4Network('10.124.0.0/16'),
 IPv4Network('10.125.0.0/16'),
 IPv4Network('10.126.0.0/16'),
 IPv4Network('10.127.0.0/16'),
 IPv4Network('10.128.0.0/16'),
 IPv4Network('10.129.0.0/16'),
 IPv4Network('10.130.0.0/16'),
 IPv4Network('10.131.0.0/16'),
 IPv4Network('10.132.0.0/16'),
 IPv4Network('10.133.0.0/16'),
 IPv4Network('10.134.0.0/16'),
 IPv4Network('10.135.0.0/16'),
 IPv4Network('10.136.0.0/16'),
 IPv4Network('10.137.0.0/16'),
 IPv4Network('10.138.0.0/16'),
 IPv4Network('10.139.0.0/16'),
 IPv4Network('10.140.0.0/16'),
 IPv4Network('10.141.0.0/16'),
 IPv4Network('10.142.0.0/16'),
 IPv4Network('10.143.0.0/16'),
 IPv4Network('10.144.0.0/16'),
 IPv4Network('10.145.0.0/16'),
 IPv4Network('10.146.0.0/16'),
 IPv4Network('10.147.0.0/16'),
 IPv4Network('10.148.0.0/16'),
 IPv4Network('10.149.0.0/16'),
 IPv4Network('10.150.0.0/16'),
 IPv4Network('10.151.0.0/16'),
 IPv4Network('10.152.0.0/16'),
 IPv4Network('10.153.0.0/16'),
 IPv4Network('10.154.0.0/16'),
 IPv4Network('10.155.0.0/16'),
 IPv4Network('10.156.0.0/16'),
 IPv4Network('10.157.0.0/16'),
 IPv4Network('10.158.0.0/16'),
 IPv4Network('10.159.0.0/16'),
 IPv4Network('10.160.0.0/16'),
 IPv4Network('10.161.0.0/16'),
 IPv4Network('10.162.0.0/16'),
 IPv4Network('10.163.0.0/16'),
 IPv4Network('10.164.0.0/16'),
 IPv4Network('10.165.0.0/16'),
 IPv4Network('10.166.0.0/16'),
 IPv4Network('10.167.0.0/16'),
 IPv4Network('10.168.0.0/16'),
 IPv4Network('10.169.0.0/16'),
 IPv4Network('10.170.0.0/16'),
 IPv4Network('10.171.0.0/16'),
 IPv4Network('10.172.0.0/16'),
 IPv4Network('10.173.0.0/16'),
 IPv4Network('10.174.0.0/16'),
 IPv4Network('10.175.0.0/16'),
 IPv4Network('10.176.0.0/16'),
 IPv4Network('10.177.0.0/16'),
 IPv4Network('10.178.0.0/16'),
 IPv4Network('10.179.0.0/16'),
 IPv4Network('10.180.0.0/16'),
 IPv4Network('10.181.0.0/16'),
 IPv4Network('10.182.0.0/16'),
 IPv4Network('10.183.0.0/16'),
 IPv4Network('10.184.0.0/16'),
 IPv4Network('10.185.0.0/16'),
 IPv4Network('10.186.0.0/16'),
 IPv4Network('10.187.0.0/16'),
 IPv4Network('10.188.0.0/16'),
 IPv4Network('10.189.0.0/16'),
 IPv4Network('10.190.0.0/16'),
 IPv4Network('10.191.0.0/16'),
 IPv4Network('10.192.0.0/16'),
 IPv4Network('10.193.0.0/16'),
 IPv4Network('10.194.0.0/16'),
 IPv4Network('10.195.0.0/16'),
 IPv4Network('10.196.0.0/16'),
 IPv4Network('10.197.0.0/16'),
 IPv4Network('10.198.0.0/16'),
 IPv4Network('10.199.0.0/16'),
 IPv4Network('10.200.0.0/16'),
 IPv4Network('10.201.0.0/16'),
 IPv4Network('10.202.0.0/16'),
 IPv4Network('10.203.0.0/16'),
 IPv4Network('10.204.0.0/16'),
 IPv4Network('10.205.0.0/16'),
 IPv4Network('10.206.0.0/16'),
 IPv4Network('10.207.0.0/16'),
 IPv4Network('10.208.0.0/16'),
 IPv4Network('10.209.0.0/16'),
 IPv4Network('10.210.0.0/16'),
 IPv4Network('10.211.0.0/16'),
 IPv4Network('10.212.0.0/16'),
 IPv4Network('10.213.0.0/16'),
 IPv4Network('10.214.0.0/16'),
 IPv4Network('10.215.0.0/16'),
 IPv4Network('10.216.0.0/16'),
 IPv4Network('10.217.0.0/16'),
 IPv4Network('10.218.0.0/16'),
 IPv4Network('10.219.0.0/16'),
 IPv4Network('10.220.0.0/16'),
 IPv4Network('10.221.0.0/16'),
 IPv4Network('10.222.0.0/16'),
 IPv4Network('10.223.0.0/16'),
 IPv4Network('10.224.0.0/16'),
 IPv4Network('10.225.0.0/16'),
 IPv4Network('10.226.0.0/16'),
 IPv4Network('10.227.0.0/16'),
 IPv4Network('10.228.0.0/16'),
 IPv4Network('10.229.0.0/16'),
 IPv4Network('10.230.0.0/16'),
 IPv4Network('10.231.0.0/16'),
 IPv4Network('10.232.0.0/16'),
 IPv4Network('10.233.0.0/16'),
 IPv4Network('10.234.0.0/16'),
 IPv4Network('10.235.0.0/16'),
 IPv4Network('10.236.0.0/16'),
 IPv4Network('10.237.0.0/16'),
 IPv4Network('10.238.0.0/16'),
 IPv4Network('10.239.0.0/16'),
 IPv4Network('10.240.0.0/16'),
 IPv4Network('10.241.0.0/16'),
 IPv4Network('10.242.0.0/16'),
 IPv4Network('10.243.0.0/16'),
 IPv4Network('10.244.0.0/16'),
 IPv4Network('10.245.0.0/16'),
 IPv4Network('10.246.0.0/16'),
 IPv4Network('10.247.0.0/16'),
 IPv4Network('10.248.0.0/16'),
 IPv4Network('10.249.0.0/16'),
 IPv4Network('10.250.0.0/16'),
 IPv4Network('10.251.0.0/16'),
 IPv4Network('10.252.0.0/16'),
 IPv4Network('10.253.0.0/16'),
 IPv4Network('10.254.0.0/16'),
 IPv4Network('10.255.0.0/16'),
 IPv4Network('149.160.0.0/16'),
 IPv4Network('149.161.0.0/16'),
 IPv4Network('149.162.0.0/16'),
 IPv4Network('149.163.0.0/16'),
 IPv4Network('172.16.0.0/16'),
 IPv4Network('172.17.0.0/16')]
[IPv4Network('129.79.0.0/16'),
 IPv4Network('134.68.0.0/16'),
 IPv4Network('140.182.0.0/16'),
 IPv4Network('149.159.0.0/16'),
 IPv4Network('156.56.0.0/16'),
 IPv4Network('172.16.0.0/12'),
 IPv4Network('192.168.0.0/24'),
 IPv6Network('::/128'),
 IPv4Network('10.0.0.0/16'),
 IPv4Network('10.1.0.0/16'),
 IPv4Network('10.2.0.0/16'),
 IPv4Network('10.3.0.0/16'),
 IPv4Network('10.4.0.0/16'),
 IPv4Network('10.5.0.0/16'),
 IPv4Network('10.6.0.0/16'),
 IPv4Network('10.7.0.0/16'),
 IPv4Network('10.8.0.0/16'),
 IPv4Network('10.9.0.0/16'),
 IPv4Network('10.10.0.0/16'),
 IPv4Network('10.11.0.0/16'),
 IPv4Network('10.12.0.0/16'),
 IPv4Network('10.13.0.0/16'),
 IPv4Network('10.14.0.0/16'),
 IPv4Network('10.15.0.0/16'),
 IPv4Network('10.16.0.0/16'),
 IPv4Network('10.17.0.0/16'),
 IPv4Network('10.18.0.0/16'),
 IPv4Network('10.19.0.0/16'),
 IPv4Network('10.20.0.0/16'),
 IPv4Network('10.21.0.0/16'),
 IPv4Network('10.22.0.0/16'),
 IPv4Network('10.23.0.0/16'),
 IPv4Network('10.24.0.0/16'),
 IPv4Network('10.25.0.0/16'),
 IPv4Network('10.26.0.0/16'),
 IPv4Network('10.27.0.0/16'),
 IPv4Network('10.28.0.0/16'),
 IPv4Network('10.29.0.0/16'),
 IPv4Network('10.30.0.0/16'),
 IPv4Network('10.31.0.0/16'),
 IPv4Network('10.32.0.0/16'),
 IPv4Network('10.33.0.0/16'),
 IPv4Network('10.34.0.0/16'),
 IPv4Network('10.35.0.0/16'),
 IPv4Network('10.36.0.0/16'),
 IPv4Network('10.37.0.0/16'),
 IPv4Network('10.38.0.0/16'),
 IPv4Network('10.39.0.0/16'),
 IPv4Network('10.40.0.0/16'),
 IPv4Network('10.41.0.0/16'),
 IPv4Network('10.42.0.0/16'),
 IPv4Network('10.43.0.0/16'),
 IPv4Network('10.44.0.0/16'),
 IPv4Network('10.45.0.0/16'),
 IPv4Network('10.46.0.0/16'),
 IPv4Network('10.47.0.0/16'),
 IPv4Network('10.48.0.0/16'),
 IPv4Network('10.49.0.0/16'),
 IPv4Network('10.50.0.0/16'),
 IPv4Network('10.51.0.0/16'),
 IPv4Network('10.52.0.0/16'),
 IPv4Network('10.53.0.0/16'),
 IPv4Network('10.54.0.0/16'),
 IPv4Network('10.55.0.0/16'),
 IPv4Network('10.56.0.0/16'),
 IPv4Network('10.57.0.0/16'),
 IPv4Network('10.58.0.0/16'),
 IPv4Network('10.59.0.0/16'),
 IPv4Network('10.60.0.0/16'),
 IPv4Network('10.61.0.0/16'),
 IPv4Network('10.62.0.0/16'),
 IPv4Network('10.63.0.0/16'),
 IPv4Network('10.64.0.0/16'),
 IPv4Network('10.65.0.0/16'),
 IPv4Network('10.66.0.0/16'),
 IPv4Network('10.67.0.0/16'),
 IPv4Network('10.68.0.0/16'),
 IPv4Network('10.69.0.0/16'),
 IPv4Network('10.70.0.0/16'),
 IPv4Network('10.71.0.0/16'),
 IPv4Network('10.72.0.0/16'),
 IPv4Network('10.73.0.0/16'),
 IPv4Network('10.74.0.0/16'),
 IPv4Network('10.75.0.0/16'),
 IPv4Network('10.76.0.0/16'),
 IPv4Network('10.77.0.0/16'),
 IPv4Network('10.78.0.0/16'),
 IPv4Network('10.79.0.0/16'),
 IPv4Network('10.80.0.0/16'),
 IPv4Network('10.81.0.0/16'),
 IPv4Network('10.82.0.0/16'),
 IPv4Network('10.83.0.0/16'),
 IPv4Network('10.84.0.0/16'),
 IPv4Network('10.85.0.0/16'),
 IPv4Network('10.86.0.0/16'),
 IPv4Network('10.87.0.0/16'),
 IPv4Network('10.88.0.0/16'),
 IPv4Network('10.89.0.0/16'),
 IPv4Network('10.90.0.0/16'),
 IPv4Network('10.91.0.0/16'),
 IPv4Network('10.92.0.0/16'),
 IPv4Network('10.93.0.0/16'),
 IPv4Network('10.94.0.0/16'),
 IPv4Network('10.95.0.0/16'),
 IPv4Network('10.96.0.0/16'),
 IPv4Network('10.97.0.0/16'),
 IPv4Network('10.98.0.0/16'),
 IPv4Network('10.99.0.0/16'),
 IPv4Network('10.100.0.0/16'),
 IPv4Network('10.101.0.0/16'),
 IPv4Network('10.102.0.0/16'),
 IPv4Network('10.103.0.0/16'),
 IPv4Network('10.104.0.0/16'),
 IPv4Network('10.105.0.0/16'),
 IPv4Network('10.106.0.0/16'),
 IPv4Network('10.107.0.0/16'),
 IPv4Network('10.108.0.0/16'),
 IPv4Network('10.109.0.0/16'),
 IPv4Network('10.110.0.0/16'),
 IPv4Network('10.111.0.0/16'),
 IPv4Network('10.112.0.0/16'),
 IPv4Network('10.113.0.0/16'),
 IPv4Network('10.114.0.0/16'),
 IPv4Network('10.115.0.0/16'),
 IPv4Network('10.116.0.0/16'),
 IPv4Network('10.117.0.0/16'),
 IPv4Network('10.118.0.0/16'),
 IPv4Network('10.119.0.0/16'),
 IPv4Network('10.120.0.0/16'),
 IPv4Network('10.121.0.0/16'),
 IPv4Network('10.122.0.0/16'),
 IPv4Network('10.123.0.0/16'),
 IPv4Network('10.124.0.0/16'),
 IPv4Network('10.125.0.0/16'),
 IPv4Network('10.126.0.0/16'),
 IPv4Network('10.127.0.0/16'),
 IPv4Network('10.128.0.0/16'),
 IPv4Network('10.129.0.0/16'),
 IPv4Network('10.130.0.0/16'),
 IPv4Network('10.131.0.0/16'),
 IPv4Network('10.132.0.0/16'),
 IPv4Network('10.133.0.0/16'),
 IPv4Network('10.134.0.0/16'),
 IPv4Network('10.135.0.0/16'),
 IPv4Network('10.136.0.0/16'),
 IPv4Network('10.137.0.0/16'),
 IPv4Network('10.138.0.0/16'),
 IPv4Network('10.139.0.0/16'),
 IPv4Network('10.140.0.0/16'),
 IPv4Network('10.141.0.0/16'),
 IPv4Network('10.142.0.0/16'),
 IPv4Network('10.143.0.0/16'),
 IPv4Network('10.144.0.0/16'),
 IPv4Network('10.145.0.0/16'),
 IPv4Network('10.146.0.0/16'),
 IPv4Network('10.147.0.0/16'),
 IPv4Network('10.148.0.0/16'),
 IPv4Network('10.149.0.0/16'),
 IPv4Network('10.150.0.0/16'),
 IPv4Network('10.151.0.0/16'),
 IPv4Network('10.152.0.0/16'),
 IPv4Network('10.153.0.0/16'),
 IPv4Network('10.154.0.0/16'),
 IPv4Network('10.155.0.0/16'),
 IPv4Network('10.156.0.0/16'),
 IPv4Network('10.157.0.0/16'),
 IPv4Network('10.158.0.0/16'),
 IPv4Network('10.159.0.0/16'),
 IPv4Network('10.160.0.0/16'),
 IPv4Network('10.161.0.0/16'),
 IPv4Network('10.162.0.0/16'),
 IPv4Network('10.163.0.0/16'),
 IPv4Network('10.164.0.0/16'),
 IPv4Network('10.165.0.0/16'),
 IPv4Network('10.166.0.0/16'),
 IPv4Network('10.167.0.0/16'),
 IPv4Network('10.168.0.0/16'),
 IPv4Network('10.169.0.0/16'),
 IPv4Network('10.170.0.0/16'),
 IPv4Network('10.171.0.0/16'),
 IPv4Network('10.172.0.0/16'),
 IPv4Network('10.173.0.0/16'),
 IPv4Network('10.174.0.0/16'),
 IPv4Network('10.175.0.0/16'),
 IPv4Network('10.176.0.0/16'),
 IPv4Network('10.177.0.0/16'),
 IPv4Network('10.178.0.0/16'),
 IPv4Network('10.179.0.0/16'),
 IPv4Network('10.180.0.0/16'),
 IPv4Network('10.181.0.0/16'),
 IPv4Network('10.182.0.0/16'),
 IPv4Network('10.183.0.0/16'),
 IPv4Network('10.184.0.0/16'),
 IPv4Network('10.185.0.0/16'),
 IPv4Network('10.186.0.0/16'),
 IPv4Network('10.187.0.0/16'),
 IPv4Network('10.188.0.0/16'),
 IPv4Network('10.189.0.0/16'),
 IPv4Network('10.190.0.0/16'),
 IPv4Network('10.191.0.0/16'),
 IPv4Network('10.192.0.0/16'),
 IPv4Network('10.193.0.0/16'),
 IPv4Network('10.194.0.0/16'),
 IPv4Network('10.195.0.0/16'),
 IPv4Network('10.196.0.0/16'),
 IPv4Network('10.197.0.0/16'),
 IPv4Network('10.198.0.0/16'),
 IPv4Network('10.199.0.0/16'),
 IPv4Network('10.200.0.0/16'),
 IPv4Network('10.201.0.0/16'),
 IPv4Network('10.202.0.0/16'),
 IPv4Network('10.203.0.0/16'),
 IPv4Network('10.204.0.0/16'),
 IPv4Network('10.205.0.0/16'),
 IPv4Network('10.206.0.0/16'),
 IPv4Network('10.207.0.0/16'),
 IPv4Network('10.208.0.0/16'),
 IPv4Network('10.209.0.0/16'),
 IPv4Network('10.210.0.0/16'),
 IPv4Network('10.211.0.0/16'),
 IPv4Network('10.212.0.0/16'),
 IPv4Network('10.213.0.0/16'),
 IPv4Network('10.214.0.0/16'),
 IPv4Network('10.215.0.0/16'),
 IPv4Network('10.216.0.0/16'),
 IPv4Network('10.217.0.0/16'),
 IPv4Network('10.218.0.0/16'),
 IPv4Network('10.219.0.0/16'),
 IPv4Network('10.220.0.0/16'),
 IPv4Network('10.221.0.0/16'),
 IPv4Network('10.222.0.0/16'),
 IPv4Network('10.223.0.0/16'),
 IPv4Network('10.224.0.0/16'),
 IPv4Network('10.225.0.0/16'),
 IPv4Network('10.226.0.0/16'),
 IPv4Network('10.227.0.0/16'),
 IPv4Network('10.228.0.0/16'),
 IPv4Network('10.229.0.0/16'),
 IPv4Network('10.230.0.0/16'),
 IPv4Network('10.231.0.0/16'),
 IPv4Network('10.232.0.0/16'),
 IPv4Network('10.233.0.0/16'),
 IPv4Network('10.234.0.0/16'),
 IPv4Network('10.235.0.0/16'),
 IPv4Network('10.236.0.0/16'),
 IPv4Network('10.237.0.0/16'),
 IPv4Network('10.238.0.0/16'),
 IPv4Network('10.239.0.0/16'),
 IPv4Network('10.240.0.0/16'),
 IPv4Network('10.241.0.0/16'),
 IPv4Network('10.242.0.0/16'),
 IPv4Network('10.243.0.0/16'),
 IPv4Network('10.244.0.0/16'),
 IPv4Network('10.245.0.0/16'),
 IPv4Network('10.246.0.0/16'),
 IPv4Network('10.247.0.0/16'),
 IPv4Network('10.248.0.0/16'),
 IPv4Network('10.249.0.0/16'),
 IPv4Network('10.250.0.0/16'),
 IPv4Network('10.251.0.0/16'),
 IPv4Network('10.252.0.0/16'),
 IPv4Network('10.253.0.0/16'),
 IPv4Network('10.254.0.0/16'),
 IPv4Network('10.255.0.0/16'),
 IPv4Network('149.160.0.0/16'),
 IPv4Network('149.161.0.0/16'),
 IPv4Network('149.162.0.0/16'),
 IPv4Network('149.163.0.0/16'),
 IPv4Network('172.16.0.0/16'),
 IPv4Network('172.17.0.0/16'),
 IPv4Network('172.18.0.0/16'),
 IPv4Network('172.19.0.0/16')]
[IPv4Network('129.79.0.0/16'),
 IPv4Network('134.68.0.0/16'),
 IPv4Network('140.182.0.0/16'),
 IPv4Network('149.159.0.0/16'),
 IPv4Network('156.56.0.0/16'),
 IPv4Network('172.16.0.0/12'),
 IPv4Network('192.168.0.0/24'),
 IPv6Network('::/128'),
 IPv4Network('10.0.0.0/16'),
 IPv4Network('10.1.0.0/16'),
 IPv4Network('10.2.0.0/16'),
 IPv4Network('10.3.0.0/16'),
 IPv4Network('10.4.0.0/16'),
 IPv4Network('10.5.0.0/16'),
 IPv4Network('10.6.0.0/16'),
 IPv4Network('10.7.0.0/16'),
 IPv4Network('10.8.0.0/16'),
 IPv4Network('10.9.0.0/16'),
 IPv4Network('10.10.0.0/16'),
 IPv4Network('10.11.0.0/16'),
 IPv4Network('10.12.0.0/16'),
 IPv4Network('10.13.0.0/16'),
 IPv4Network('10.14.0.0/16'),
 IPv4Network('10.15.0.0/16'),
 IPv4Network('10.16.0.0/16'),
 IPv4Network('10.17.0.0/16'),
 IPv4Network('10.18.0.0/16'),
 IPv4Network('10.19.0.0/16'),
 IPv4Network('10.20.0.0/16'),
 IPv4Network('10.21.0.0/16'),
 IPv4Network('10.22.0.0/16'),
 IPv4Network('10.23.0.0/16'),
 IPv4Network('10.24.0.0/16'),
 IPv4Network('10.25.0.0/16'),
 IPv4Network('10.26.0.0/16'),
 IPv4Network('10.27.0.0/16'),
 IPv4Network('10.28.0.0/16'),
 IPv4Network('10.29.0.0/16'),
 IPv4Network('10.30.0.0/16'),
 IPv4Network('10.31.0.0/16'),
 IPv4Network('10.32.0.0/16'),
 IPv4Network('10.33.0.0/16'),
 IPv4Network('10.34.0.0/16'),
 IPv4Network('10.35.0.0/16'),
 IPv4Network('10.36.0.0/16'),
 IPv4Network('10.37.0.0/16'),
 IPv4Network('10.38.0.0/16'),
 IPv4Network('10.39.0.0/16'),
 IPv4Network('10.40.0.0/16'),
 IPv4Network('10.41.0.0/16'),
 IPv4Network('10.42.0.0/16'),
 IPv4Network('10.43.0.0/16'),
 IPv4Network('10.44.0.0/16'),
 IPv4Network('10.45.0.0/16'),
 IPv4Network('10.46.0.0/16'),
 IPv4Network('10.47.0.0/16'),
 IPv4Network('10.48.0.0/16'),
 IPv4Network('10.49.0.0/16'),
 IPv4Network('10.50.0.0/16'),
 IPv4Network('10.51.0.0/16'),
 IPv4Network('10.52.0.0/16'),
 IPv4Network('10.53.0.0/16'),
 IPv4Network('10.54.0.0/16'),
 IPv4Network('10.55.0.0/16'),
 IPv4Network('10.56.0.0/16'),
 IPv4Network('10.57.0.0/16'),
 IPv4Network('10.58.0.0/16'),
 IPv4Network('10.59.0.0/16'),
 IPv4Network('10.60.0.0/16'),
 IPv4Network('10.61.0.0/16'),
 IPv4Network('10.62.0.0/16'),
 IPv4Network('10.63.0.0/16'),
 IPv4Network('10.64.0.0/16'),
 IPv4Network('10.65.0.0/16'),
 IPv4Network('10.66.0.0/16'),
 IPv4Network('10.67.0.0/16'),
 IPv4Network('10.68.0.0/16'),
 IPv4Network('10.69.0.0/16'),
 IPv4Network('10.70.0.0/16'),
 IPv4Network('10.71.0.0/16'),
 IPv4Network('10.72.0.0/16'),
 IPv4Network('10.73.0.0/16'),
 IPv4Network('10.74.0.0/16'),
 IPv4Network('10.75.0.0/16'),
 IPv4Network('10.76.0.0/16'),
 IPv4Network('10.77.0.0/16'),
 IPv4Network('10.78.0.0/16'),
 IPv4Network('10.79.0.0/16'),
 IPv4Network('10.80.0.0/16'),
 IPv4Network('10.81.0.0/16'),
 IPv4Network('10.82.0.0/16'),
 IPv4Network('10.83.0.0/16'),
 IPv4Network('10.84.0.0/16'),
 IPv4Network('10.85.0.0/16'),
 IPv4Network('10.86.0.0/16'),
 IPv4Network('10.87.0.0/16'),
 IPv4Network('10.88.0.0/16'),
 IPv4Network('10.89.0.0/16'),
 IPv4Network('10.90.0.0/16'),
 IPv4Network('10.91.0.0/16'),
 IPv4Network('10.92.0.0/16'),
 IPv4Network('10.93.0.0/16'),
 IPv4Network('10.94.0.0/16'),
 IPv4Network('10.95.0.0/16'),
 IPv4Network('10.96.0.0/16'),
 IPv4Network('10.97.0.0/16'),
 IPv4Network('10.98.0.0/16'),
 IPv4Network('10.99.0.0/16'),
 IPv4Network('10.100.0.0/16'),
 IPv4Network('10.101.0.0/16'),
 IPv4Network('10.102.0.0/16'),
 IPv4Network('10.103.0.0/16'),
 IPv4Network('10.104.0.0/16'),
 IPv4Network('10.105.0.0/16'),
 IPv4Network('10.106.0.0/16'),
 IPv4Network('10.107.0.0/16'),
 IPv4Network('10.108.0.0/16'),
 IPv4Network('10.109.0.0/16'),
 IPv4Network('10.110.0.0/16'),
 IPv4Network('10.111.0.0/16'),
 IPv4Network('10.112.0.0/16'),
 IPv4Network('10.113.0.0/16'),
 IPv4Network('10.114.0.0/16'),
 IPv4Network('10.115.0.0/16'),
 IPv4Network('10.116.0.0/16'),
 IPv4Network('10.117.0.0/16'),
 IPv4Network('10.118.0.0/16'),
 IPv4Network('10.119.0.0/16'),
 IPv4Network('10.120.0.0/16'),
 IPv4Network('10.121.0.0/16'),
 IPv4Network('10.122.0.0/16'),
 IPv4Network('10.123.0.0/16'),
 IPv4Network('10.124.0.0/16'),
 IPv4Network('10.125.0.0/16'),
 IPv4Network('10.126.0.0/16'),
 IPv4Network('10.127.0.0/16'),
 IPv4Network('10.128.0.0/16'),
 IPv4Network('10.129.0.0/16'),
 IPv4Network('10.130.0.0/16'),
 IPv4Network('10.131.0.0/16'),
 IPv4Network('10.132.0.0/16'),
 IPv4Network('10.133.0.0/16'),
 IPv4Network('10.134.0.0/16'),
 IPv4Network('10.135.0.0/16'),
 IPv4Network('10.136.0.0/16'),
 IPv4Network('10.137.0.0/16'),
 IPv4Network('10.138.0.0/16'),
 IPv4Network('10.139.0.0/16'),
 IPv4Network('10.140.0.0/16'),
 IPv4Network('10.141.0.0/16'),
 IPv4Network('10.142.0.0/16'),
 IPv4Network('10.143.0.0/16'),
 IPv4Network('10.144.0.0/16'),
 IPv4Network('10.145.0.0/16'),
 IPv4Network('10.146.0.0/16'),
 IPv4Network('10.147.0.0/16'),
 IPv4Network('10.148.0.0/16'),
 IPv4Network('10.149.0.0/16'),
 IPv4Network('10.150.0.0/16'),
 IPv4Network('10.151.0.0/16'),
 IPv4Network('10.152.0.0/16'),
 IPv4Network('10.153.0.0/16'),
 IPv4Network('10.154.0.0/16'),
 IPv4Network('10.155.0.0/16'),
 IPv4Network('10.156.0.0/16'),
 IPv4Network('10.157.0.0/16'),
 IPv4Network('10.158.0.0/16'),
 IPv4Network('10.159.0.0/16'),
 IPv4Network('10.160.0.0/16'),
 IPv4Network('10.161.0.0/16'),
 IPv4Network('10.162.0.0/16'),
 IPv4Network('10.163.0.0/16'),
 IPv4Network('10.164.0.0/16'),
 IPv4Network('10.165.0.0/16'),
 IPv4Network('10.166.0.0/16'),
 IPv4Network('10.167.0.0/16'),
 IPv4Network('10.168.0.0/16'),
 IPv4Network('10.169.0.0/16'),
 IPv4Network('10.170.0.0/16'),
 IPv4Network('10.171.0.0/16'),
 IPv4Network('10.172.0.0/16'),
 IPv4Network('10.173.0.0/16'),
 IPv4Network('10.174.0.0/16'),
 IPv4Network('10.175.0.0/16'),
 IPv4Network('10.176.0.0/16'),
 IPv4Network('10.177.0.0/16'),
 IPv4Network('10.178.0.0/16'),
 IPv4Network('10.179.0.0/16'),
 IPv4Network('10.180.0.0/16'),
 IPv4Network('10.181.0.0/16'),
 IPv4Network('10.182.0.0/16'),
 IPv4Network('10.183.0.0/16'),
 IPv4Network('10.184.0.0/16'),
 IPv4Network('10.185.0.0/16'),
 IPv4Network('10.186.0.0/16'),
 IPv4Network('10.187.0.0/16'),
 IPv4Network('10.188.0.0/16'),
 IPv4Network('10.189.0.0/16'),
 IPv4Network('10.190.0.0/16'),
 IPv4Network('10.191.0.0/16'),
 IPv4Network('10.192.0.0/16'),
 IPv4Network('10.193.0.0/16'),
 IPv4Network('10.194.0.0/16'),
 IPv4Network('10.195.0.0/16'),
 IPv4Network('10.196.0.0/16'),
 IPv4Network('10.197.0.0/16'),
 IPv4Network('10.198.0.0/16'),
 IPv4Network('10.199.0.0/16'),
 IPv4Network('10.200.0.0/16'),
 IPv4Network('10.201.0.0/16'),
 IPv4Network('10.202.0.0/16'),
 IPv4Network('10.203.0.0/16'),
 IPv4Network('10.204.0.0/16'),
 IPv4Network('10.205.0.0/16'),
 IPv4Network('10.206.0.0/16'),
 IPv4Network('10.207.0.0/16'),
 IPv4Network('10.208.0.0/16'),
 IPv4Network('10.209.0.0/16'),
 IPv4Network('10.210.0.0/16'),
 IPv4Network('10.211.0.0/16'),
 IPv4Network('10.212.0.0/16'),
 IPv4Network('10.213.0.0/16'),
 IPv4Network('10.214.0.0/16'),
 IPv4Network('10.215.0.0/16'),
 IPv4Network('10.216.0.0/16'),
 IPv4Network('10.217.0.0/16'),
 IPv4Network('10.218.0.0/16'),
 IPv4Network('10.219.0.0/16'),
 IPv4Network('10.220.0.0/16'),
 IPv4Network('10.221.0.0/16'),
 IPv4Network('10.222.0.0/16'),
 IPv4Network('10.223.0.0/16'),
 IPv4Network('10.224.0.0/16'),
 IPv4Network('10.225.0.0/16'),
 IPv4Network('10.226.0.0/16'),
 IPv4Network('10.227.0.0/16'),
 IPv4Network('10.228.0.0/16'),
 IPv4Network('10.229.0.0/16'),
 IPv4Network('10.230.0.0/16'),
 IPv4Network('10.231.0.0/16'),
 IPv4Network('10.232.0.0/16'),
 IPv4Network('10.233.0.0/16'),
 IPv4Network('10.234.0.0/16'),
 IPv4Network('10.235.0.0/16'),
 IPv4Network('10.236.0.0/16'),
 IPv4Network('10.237.0.0/16'),
 IPv4Network('10.238.0.0/16'),
 IPv4Network('10.239.0.0/16'),
 IPv4Network('10.240.0.0/16'),
 IPv4Network('10.241.0.0/16'),
 IPv4Network('10.242.0.0/16'),
 IPv4Network('10.243.0.0/16'),
 IPv4Network('10.244.0.0/16'),
 IPv4Network('10.245.0.0/16'),
 IPv4Network('10.246.0.0/16'),
 IPv4Network('10.247.0.0/16'),
 IPv4Network('10.248.0.0/16'),
 IPv4Network('10.249.0.0/16'),
 IPv4Network('10.250.0.0/16'),
 IPv4Network('10.251.0.0/16'),
 IPv4Network('10.252.0.0/16'),
 IPv4Network('10.253.0.0/16'),
 IPv4Network('10.254.0.0/16'),
 IPv4Network('10.255.0.0/16'),
 IPv4Network('149.160.0.0/16'),
 IPv4Network('149.161.0.0/16'),
 IPv4Network('149.162.0.0/16'),
 IPv4Network('149.163.0.0/16'),
 IPv4Network('172.16.0.0/16'),
 IPv4Network('172.17.0.0/16'),
 IPv4Network('172.18.0.0/16'),
 IPv4Network('172.19.0.0/16')]
[IPv4Network('129.79.0.0/16'),
 IPv4Network('134.68.0.0/16'),
 IPv4Network('140.182.0.0/16'),
 IPv4Network('149.159.0.0/16'),
 IPv4Network('156.56.0.0/16'),
 IPv4Network('172.16.0.0/12'),
 IPv4Network('192.168.0.0/24'),
 IPv6Network('::/128'),
 IPv4Network('10.0.0.0/16'),
 IPv4Network('10.1.0.0/16'),
 IPv4Network('10.2.0.0/16'),
 IPv4Network('10.3.0.0/16'),
 IPv4Network('10.4.0.0/16'),
 IPv4Network('10.5.0.0/16'),
 IPv4Network('10.6.0.0/16'),
 IPv4Network('10.7.0.0/16'),
 IPv4Network('10.8.0.0/16'),
 IPv4Network('10.9.0.0/16'),
 IPv4Network('10.10.0.0/16'),
 IPv4Network('10.11.0.0/16'),
 IPv4Network('10.12.0.0/16'),
 IPv4Network('10.13.0.0/16'),
 IPv4Network('10.14.0.0/16'),
 IPv4Network('10.15.0.0/16'),
 IPv4Network('10.16.0.0/16'),
 IPv4Network('10.17.0.0/16'),
 IPv4Network('10.18.0.0/16'),
 IPv4Network('10.19.0.0/16'),
 IPv4Network('10.20.0.0/16'),
 IPv4Network('10.21.0.0/16'),
 IPv4Network('10.22.0.0/16'),
 IPv4Network('10.23.0.0/16'),
 IPv4Network('10.24.0.0/16'),
 IPv4Network('10.25.0.0/16'),
 IPv4Network('10.26.0.0/16'),
 IPv4Network('10.27.0.0/16'),
 IPv4Network('10.28.0.0/16'),
 IPv4Network('10.29.0.0/16'),
 IPv4Network('10.30.0.0/16'),
 IPv4Network('10.31.0.0/16'),
 IPv4Network('10.32.0.0/16'),
 IPv4Network('10.33.0.0/16'),
 IPv4Network('10.34.0.0/16'),
 IPv4Network('10.35.0.0/16'),
 IPv4Network('10.36.0.0/16'),
 IPv4Network('10.37.0.0/16'),
 IPv4Network('10.38.0.0/16'),
 IPv4Network('10.39.0.0/16'),
 IPv4Network('10.40.0.0/16'),
 IPv4Network('10.41.0.0/16'),
 IPv4Network('10.42.0.0/16'),
 IPv4Network('10.43.0.0/16'),
 IPv4Network('10.44.0.0/16'),
 IPv4Network('10.45.0.0/16'),
 IPv4Network('10.46.0.0/16'),
 IPv4Network('10.47.0.0/16'),
 IPv4Network('10.48.0.0/16'),
 IPv4Network('10.49.0.0/16'),
 IPv4Network('10.50.0.0/16'),
 IPv4Network('10.51.0.0/16'),
 IPv4Network('10.52.0.0/16'),
 IPv4Network('10.53.0.0/16'),
 IPv4Network('10.54.0.0/16'),
 IPv4Network('10.55.0.0/16'),
 IPv4Network('10.56.0.0/16'),
 IPv4Network('10.57.0.0/16'),
 IPv4Network('10.58.0.0/16'),
 IPv4Network('10.59.0.0/16'),
 IPv4Network('10.60.0.0/16'),
 IPv4Network('10.61.0.0/16'),
 IPv4Network('10.62.0.0/16'),
 IPv4Network('10.63.0.0/16'),
 IPv4Network('10.64.0.0/16'),
 IPv4Network('10.65.0.0/16'),
 IPv4Network('10.66.0.0/16'),
 IPv4Network('10.67.0.0/16'),
 IPv4Network('10.68.0.0/16'),
 IPv4Network('10.69.0.0/16'),
 IPv4Network('10.70.0.0/16'),
 IPv4Network('10.71.0.0/16'),
 IPv4Network('10.72.0.0/16'),
 IPv4Network('10.73.0.0/16'),
 IPv4Network('10.74.0.0/16'),
 IPv4Network('10.75.0.0/16'),
 IPv4Network('10.76.0.0/16'),
 IPv4Network('10.77.0.0/16'),
 IPv4Network('10.78.0.0/16'),
 IPv4Network('10.79.0.0/16'),
 IPv4Network('10.80.0.0/16'),
 IPv4Network('10.81.0.0/16'),
 IPv4Network('10.82.0.0/16'),
 IPv4Network('10.83.0.0/16'),
 IPv4Network('10.84.0.0/16'),
 IPv4Network('10.85.0.0/16'),
 IPv4Network('10.86.0.0/16'),
 IPv4Network('10.87.0.0/16'),
 IPv4Network('10.88.0.0/16'),
 IPv4Network('10.89.0.0/16'),
 IPv4Network('10.90.0.0/16'),
 IPv4Network('10.91.0.0/16'),
 IPv4Network('10.92.0.0/16'),
 IPv4Network('10.93.0.0/16'),
 IPv4Network('10.94.0.0/16'),
 IPv4Network('10.95.0.0/16'),
 IPv4Network('10.96.0.0/16'),
 IPv4Network('10.97.0.0/16'),
 IPv4Network('10.98.0.0/16'),
 IPv4Network('10.99.0.0/16'),
 IPv4Network('10.100.0.0/16'),
 IPv4Network('10.101.0.0/16'),
 IPv4Network('10.102.0.0/16'),
 IPv4Network('10.103.0.0/16'),
 IPv4Network('10.104.0.0/16'),
 IPv4Network('10.105.0.0/16'),
 IPv4Network('10.106.0.0/16'),
 IPv4Network('10.107.0.0/16'),
 IPv4Network('10.108.0.0/16'),
 IPv4Network('10.109.0.0/16'),
 IPv4Network('10.110.0.0/16'),
 IPv4Network('10.111.0.0/16'),
 IPv4Network('10.112.0.0/16'),
 IPv4Network('10.113.0.0/16'),
 IPv4Network('10.114.0.0/16'),
 IPv4Network('10.115.0.0/16'),
 IPv4Network('10.116.0.0/16'),
 IPv4Network('10.117.0.0/16'),
 IPv4Network('10.118.0.0/16'),
 IPv4Network('10.119.0.0/16'),
 IPv4Network('10.120.0.0/16'),
 IPv4Network('10.121.0.0/16'),
 IPv4Network('10.122.0.0/16'),
 IPv4Network('10.123.0.0/16'),
 IPv4Network('10.124.0.0/16'),
 IPv4Network('10.125.0.0/16'),
 IPv4Network('10.126.0.0/16'),
 IPv4Network('10.127.0.0/16'),
 IPv4Network('10.128.0.0/16'),
 IPv4Network('10.129.0.0/16'),
 IPv4Network('10.130.0.0/16'),
 IPv4Network('10.131.0.0/16'),
 IPv4Network('10.132.0.0/16'),
 IPv4Network('10.133.0.0/16'),
 IPv4Network('10.134.0.0/16'),
 IPv4Network('10.135.0.0/16'),
 IPv4Network('10.136.0.0/16'),
 IPv4Network('10.137.0.0/16'),
 IPv4Network('10.138.0.0/16'),
 IPv4Network('10.139.0.0/16'),
 IPv4Network('10.140.0.0/16'),
 IPv4Network('10.141.0.0/16'),
 IPv4Network('10.142.0.0/16'),
 IPv4Network('10.143.0.0/16'),
 IPv4Network('10.144.0.0/16'),
 IPv4Network('10.145.0.0/16'),
 IPv4Network('10.146.0.0/16'),
 IPv4Network('10.147.0.0/16'),
 IPv4Network('10.148.0.0/16'),
 IPv4Network('10.149.0.0/16'),
 IPv4Network('10.150.0.0/16'),
 IPv4Network('10.151.0.0/16'),
 IPv4Network('10.152.0.0/16'),
 IPv4Network('10.153.0.0/16'),
 IPv4Network('10.154.0.0/16'),
 IPv4Network('10.155.0.0/16'),
 IPv4Network('10.156.0.0/16'),
 IPv4Network('10.157.0.0/16'),
 IPv4Network('10.158.0.0/16'),
 IPv4Network('10.159.0.0/16'),
 IPv4Network('10.160.0.0/16'),
 IPv4Network('10.161.0.0/16'),
 IPv4Network('10.162.0.0/16'),
 IPv4Network('10.163.0.0/16'),
 IPv4Network('10.164.0.0/16'),
 IPv4Network('10.165.0.0/16'),
 IPv4Network('10.166.0.0/16'),
 IPv4Network('10.167.0.0/16'),
 IPv4Network('10.168.0.0/16'),
 IPv4Network('10.169.0.0/16'),
 IPv4Network('10.170.0.0/16'),
 IPv4Network('10.171.0.0/16'),
 IPv4Network('10.172.0.0/16'),
 IPv4Network('10.173.0.0/16'),
 IPv4Network('10.174.0.0/16'),
 IPv4Network('10.175.0.0/16'),
 IPv4Network('10.176.0.0/16'),
 IPv4Network('10.177.0.0/16'),
 IPv4Network('10.178.0.0/16'),
 IPv4Network('10.179.0.0/16'),
 IPv4Network('10.180.0.0/16'),
 IPv4Network('10.181.0.0/16'),
 IPv4Network('10.182.0.0/16'),
 IPv4Network('10.183.0.0/16'),
 IPv4Network('10.184.0.0/16'),
 IPv4Network('10.185.0.0/16'),
 IPv4Network('10.186.0.0/16'),
 IPv4Network('10.187.0.0/16'),
 IPv4Network('10.188.0.0/16'),
 IPv4Network('10.189.0.0/16'),
 IPv4Network('10.190.0.0/16'),
 IPv4Network('10.191.0.0/16'),
 IPv4Network('10.192.0.0/16'),
 IPv4Network('10.193.0.0/16'),
 IPv4Network('10.194.0.0/16'),
 IPv4Network('10.195.0.0/16'),
 IPv4Network('10.196.0.0/16'),
 IPv4Network('10.197.0.0/16'),
 IPv4Network('10.198.0.0/16'),
 IPv4Network('10.199.0.0/16'),
 IPv4Network('10.200.0.0/16'),
 IPv4Network('10.201.0.0/16'),
 IPv4Network('10.202.0.0/16'),
 IPv4Network('10.203.0.0/16'),
 IPv4Network('10.204.0.0/16'),
 IPv4Network('10.205.0.0/16'),
 IPv4Network('10.206.0.0/16'),
 IPv4Network('10.207.0.0/16'),
 IPv4Network('10.208.0.0/16'),
 IPv4Network('10.209.0.0/16'),
 IPv4Network('10.210.0.0/16'),
 IPv4Network('10.211.0.0/16'),
 IPv4Network('10.212.0.0/16'),
 IPv4Network('10.213.0.0/16'),
 IPv4Network('10.214.0.0/16'),
 IPv4Network('10.215.0.0/16'),
 IPv4Network('10.216.0.0/16'),
 IPv4Network('10.217.0.0/16'),
 IPv4Network('10.218.0.0/16'),
 IPv4Network('10.219.0.0/16'),
 IPv4Network('10.220.0.0/16'),
 IPv4Network('10.221.0.0/16'),
 IPv4Network('10.222.0.0/16'),
 IPv4Network('10.223.0.0/16'),
 IPv4Network('10.224.0.0/16'),
 IPv4Network('10.225.0.0/16'),
 IPv4Network('10.226.0.0/16'),
 IPv4Network('10.227.0.0/16'),
 IPv4Network('10.228.0.0/16'),
 IPv4Network('10.229.0.0/16'),
 IPv4Network('10.230.0.0/16'),
 IPv4Network('10.231.0.0/16'),
 IPv4Network('10.232.0.0/16'),
 IPv4Network('10.233.0.0/16'),
 IPv4Network('10.234.0.0/16'),
 IPv4Network('10.235.0.0/16'),
 IPv4Network('10.236.0.0/16'),
 IPv4Network('10.237.0.0/16'),
 IPv4Network('10.238.0.0/16'),
 IPv4Network('10.239.0.0/16'),
 IPv4Network('10.240.0.0/16'),
 IPv4Network('10.241.0.0/16'),
 IPv4Network('10.242.0.0/16'),
 IPv4Network('10.243.0.0/16'),
 IPv4Network('10.244.0.0/16'),
 IPv4Network('10.245.0.0/16'),
 IPv4Network('10.246.0.0/16'),
 IPv4Network('10.247.0.0/16'),
 IPv4Network('10.248.0.0/16'),
 IPv4Network('10.249.0.0/16'),
 IPv4Network('10.250.0.0/16'),
 IPv4Network('10.251.0.0/16'),
 IPv4Network('10.252.0.0/16'),
 IPv4Network('10.253.0.0/16'),
 IPv4Network('10.254.0.0/16'),
 IPv4Network('10.255.0.0/16'),
 IPv4Network('149.160.0.0/16'),
 IPv4Network('149.161.0.0/16'),
 IPv4Network('149.162.0.0/16'),
 IPv4Network('149.163.0.0/16'),
 IPv4Network('172.16.0.0/16'),
 IPv4Network('172.17.0.0/16'),
 IPv4Network('172.18.0.0/16'),
 IPv4Network('172.19.0.0/16'),
 IPv4Network('172.20.0.0/16'),
 IPv4Network('172.21.0.0/16')]
[IPv4Network('129.79.0.0/16'),
 IPv4Network('134.68.0.0/16'),
 IPv4Network('140.182.0.0/16'),
 IPv4Network('149.159.0.0/16'),
 IPv4Network('156.56.0.0/16'),
 IPv4Network('172.16.0.0/12'),
 IPv4Network('192.168.0.0/24'),
 IPv6Network('::/128'),
 IPv4Network('10.0.0.0/16'),
 IPv4Network('10.1.0.0/16'),
 IPv4Network('10.2.0.0/16'),
 IPv4Network('10.3.0.0/16'),
 IPv4Network('10.4.0.0/16'),
 IPv4Network('10.5.0.0/16'),
 IPv4Network('10.6.0.0/16'),
 IPv4Network('10.7.0.0/16'),
 IPv4Network('10.8.0.0/16'),
 IPv4Network('10.9.0.0/16'),
 IPv4Network('10.10.0.0/16'),
 IPv4Network('10.11.0.0/16'),
 IPv4Network('10.12.0.0/16'),
 IPv4Network('10.13.0.0/16'),
 IPv4Network('10.14.0.0/16'),
 IPv4Network('10.15.0.0/16'),
 IPv4Network('10.16.0.0/16'),
 IPv4Network('10.17.0.0/16'),
 IPv4Network('10.18.0.0/16'),
 IPv4Network('10.19.0.0/16'),
 IPv4Network('10.20.0.0/16'),
 IPv4Network('10.21.0.0/16'),
 IPv4Network('10.22.0.0/16'),
 IPv4Network('10.23.0.0/16'),
 IPv4Network('10.24.0.0/16'),
 IPv4Network('10.25.0.0/16'),
 IPv4Network('10.26.0.0/16'),
 IPv4Network('10.27.0.0/16'),
 IPv4Network('10.28.0.0/16'),
 IPv4Network('10.29.0.0/16'),
 IPv4Network('10.30.0.0/16'),
 IPv4Network('10.31.0.0/16'),
 IPv4Network('10.32.0.0/16'),
 IPv4Network('10.33.0.0/16'),
 IPv4Network('10.34.0.0/16'),
 IPv4Network('10.35.0.0/16'),
 IPv4Network('10.36.0.0/16'),
 IPv4Network('10.37.0.0/16'),
 IPv4Network('10.38.0.0/16'),
 IPv4Network('10.39.0.0/16'),
 IPv4Network('10.40.0.0/16'),
 IPv4Network('10.41.0.0/16'),
 IPv4Network('10.42.0.0/16'),
 IPv4Network('10.43.0.0/16'),
 IPv4Network('10.44.0.0/16'),
 IPv4Network('10.45.0.0/16'),
 IPv4Network('10.46.0.0/16'),
 IPv4Network('10.47.0.0/16'),
 IPv4Network('10.48.0.0/16'),
 IPv4Network('10.49.0.0/16'),
 IPv4Network('10.50.0.0/16'),
 IPv4Network('10.51.0.0/16'),
 IPv4Network('10.52.0.0/16'),
 IPv4Network('10.53.0.0/16'),
 IPv4Network('10.54.0.0/16'),
 IPv4Network('10.55.0.0/16'),
 IPv4Network('10.56.0.0/16'),
 IPv4Network('10.57.0.0/16'),
 IPv4Network('10.58.0.0/16'),
 IPv4Network('10.59.0.0/16'),
 IPv4Network('10.60.0.0/16'),
 IPv4Network('10.61.0.0/16'),
 IPv4Network('10.62.0.0/16'),
 IPv4Network('10.63.0.0/16'),
 IPv4Network('10.64.0.0/16'),
 IPv4Network('10.65.0.0/16'),
 IPv4Network('10.66.0.0/16'),
 IPv4Network('10.67.0.0/16'),
 IPv4Network('10.68.0.0/16'),
 IPv4Network('10.69.0.0/16'),
 IPv4Network('10.70.0.0/16'),
 IPv4Network('10.71.0.0/16'),
 IPv4Network('10.72.0.0/16'),
 IPv4Network('10.73.0.0/16'),
 IPv4Network('10.74.0.0/16'),
 IPv4Network('10.75.0.0/16'),
 IPv4Network('10.76.0.0/16'),
 IPv4Network('10.77.0.0/16'),
 IPv4Network('10.78.0.0/16'),
 IPv4Network('10.79.0.0/16'),
 IPv4Network('10.80.0.0/16'),
 IPv4Network('10.81.0.0/16'),
 IPv4Network('10.82.0.0/16'),
 IPv4Network('10.83.0.0/16'),
 IPv4Network('10.84.0.0/16'),
 IPv4Network('10.85.0.0/16'),
 IPv4Network('10.86.0.0/16'),
 IPv4Network('10.87.0.0/16'),
 IPv4Network('10.88.0.0/16'),
 IPv4Network('10.89.0.0/16'),
 IPv4Network('10.90.0.0/16'),
 IPv4Network('10.91.0.0/16'),
 IPv4Network('10.92.0.0/16'),
 IPv4Network('10.93.0.0/16'),
 IPv4Network('10.94.0.0/16'),
 IPv4Network('10.95.0.0/16'),
 IPv4Network('10.96.0.0/16'),
 IPv4Network('10.97.0.0/16'),
 IPv4Network('10.98.0.0/16'),
 IPv4Network('10.99.0.0/16'),
 IPv4Network('10.100.0.0/16'),
 IPv4Network('10.101.0.0/16'),
 IPv4Network('10.102.0.0/16'),
 IPv4Network('10.103.0.0/16'),
 IPv4Network('10.104.0.0/16'),
 IPv4Network('10.105.0.0/16'),
 IPv4Network('10.106.0.0/16'),
 IPv4Network('10.107.0.0/16'),
 IPv4Network('10.108.0.0/16'),
 IPv4Network('10.109.0.0/16'),
 IPv4Network('10.110.0.0/16'),
 IPv4Network('10.111.0.0/16'),
 IPv4Network('10.112.0.0/16'),
 IPv4Network('10.113.0.0/16'),
 IPv4Network('10.114.0.0/16'),
 IPv4Network('10.115.0.0/16'),
 IPv4Network('10.116.0.0/16'),
 IPv4Network('10.117.0.0/16'),
 IPv4Network('10.118.0.0/16'),
 IPv4Network('10.119.0.0/16'),
 IPv4Network('10.120.0.0/16'),
 IPv4Network('10.121.0.0/16'),
 IPv4Network('10.122.0.0/16'),
 IPv4Network('10.123.0.0/16'),
 IPv4Network('10.124.0.0/16'),
 IPv4Network('10.125.0.0/16'),
 IPv4Network('10.126.0.0/16'),
 IPv4Network('10.127.0.0/16'),
 IPv4Network('10.128.0.0/16'),
 IPv4Network('10.129.0.0/16'),
 IPv4Network('10.130.0.0/16'),
 IPv4Network('10.131.0.0/16'),
 IPv4Network('10.132.0.0/16'),
 IPv4Network('10.133.0.0/16'),
 IPv4Network('10.134.0.0/16'),
 IPv4Network('10.135.0.0/16'),
 IPv4Network('10.136.0.0/16'),
 IPv4Network('10.137.0.0/16'),
 IPv4Network('10.138.0.0/16'),
 IPv4Network('10.139.0.0/16'),
 IPv4Network('10.140.0.0/16'),
 IPv4Network('10.141.0.0/16'),
 IPv4Network('10.142.0.0/16'),
 IPv4Network('10.143.0.0/16'),
 IPv4Network('10.144.0.0/16'),
 IPv4Network('10.145.0.0/16'),
 IPv4Network('10.146.0.0/16'),
 IPv4Network('10.147.0.0/16'),
 IPv4Network('10.148.0.0/16'),
 IPv4Network('10.149.0.0/16'),
 IPv4Network('10.150.0.0/16'),
 IPv4Network('10.151.0.0/16'),
 IPv4Network('10.152.0.0/16'),
 IPv4Network('10.153.0.0/16'),
 IPv4Network('10.154.0.0/16'),
 IPv4Network('10.155.0.0/16'),
 IPv4Network('10.156.0.0/16'),
 IPv4Network('10.157.0.0/16'),
 IPv4Network('10.158.0.0/16'),
 IPv4Network('10.159.0.0/16'),
 IPv4Network('10.160.0.0/16'),
 IPv4Network('10.161.0.0/16'),
 IPv4Network('10.162.0.0/16'),
 IPv4Network('10.163.0.0/16'),
 IPv4Network('10.164.0.0/16'),
 IPv4Network('10.165.0.0/16'),
 IPv4Network('10.166.0.0/16'),
 IPv4Network('10.167.0.0/16'),
 IPv4Network('10.168.0.0/16'),
 IPv4Network('10.169.0.0/16'),
 IPv4Network('10.170.0.0/16'),
 IPv4Network('10.171.0.0/16'),
 IPv4Network('10.172.0.0/16'),
 IPv4Network('10.173.0.0/16'),
 IPv4Network('10.174.0.0/16'),
 IPv4Network('10.175.0.0/16'),
 IPv4Network('10.176.0.0/16'),
 IPv4Network('10.177.0.0/16'),
 IPv4Network('10.178.0.0/16'),
 IPv4Network('10.179.0.0/16'),
 IPv4Network('10.180.0.0/16'),
 IPv4Network('10.181.0.0/16'),
 IPv4Network('10.182.0.0/16'),
 IPv4Network('10.183.0.0/16'),
 IPv4Network('10.184.0.0/16'),
 IPv4Network('10.185.0.0/16'),
 IPv4Network('10.186.0.0/16'),
 IPv4Network('10.187.0.0/16'),
 IPv4Network('10.188.0.0/16'),
 IPv4Network('10.189.0.0/16'),
 IPv4Network('10.190.0.0/16'),
 IPv4Network('10.191.0.0/16'),
 IPv4Network('10.192.0.0/16'),
 IPv4Network('10.193.0.0/16'),
 IPv4Network('10.194.0.0/16'),
 IPv4Network('10.195.0.0/16'),
 IPv4Network('10.196.0.0/16'),
 IPv4Network('10.197.0.0/16'),
 IPv4Network('10.198.0.0/16'),
 IPv4Network('10.199.0.0/16'),
 IPv4Network('10.200.0.0/16'),
 IPv4Network('10.201.0.0/16'),
 IPv4Network('10.202.0.0/16'),
 IPv4Network('10.203.0.0/16'),
 IPv4Network('10.204.0.0/16'),
 IPv4Network('10.205.0.0/16'),
 IPv4Network('10.206.0.0/16'),
 IPv4Network('10.207.0.0/16'),
 IPv4Network('10.208.0.0/16'),
 IPv4Network('10.209.0.0/16'),
 IPv4Network('10.210.0.0/16'),
 IPv4Network('10.211.0.0/16'),
 IPv4Network('10.212.0.0/16'),
 IPv4Network('10.213.0.0/16'),
 IPv4Network('10.214.0.0/16'),
 IPv4Network('10.215.0.0/16'),
 IPv4Network('10.216.0.0/16'),
 IPv4Network('10.217.0.0/16'),
 IPv4Network('10.218.0.0/16'),
 IPv4Network('10.219.0.0/16'),
 IPv4Network('10.220.0.0/16'),
 IPv4Network('10.221.0.0/16'),
 IPv4Network('10.222.0.0/16'),
 IPv4Network('10.223.0.0/16'),
 IPv4Network('10.224.0.0/16'),
 IPv4Network('10.225.0.0/16'),
 IPv4Network('10.226.0.0/16'),
 IPv4Network('10.227.0.0/16'),
 IPv4Network('10.228.0.0/16'),
 IPv4Network('10.229.0.0/16'),
 IPv4Network('10.230.0.0/16'),
 IPv4Network('10.231.0.0/16'),
 IPv4Network('10.232.0.0/16'),
 IPv4Network('10.233.0.0/16'),
 IPv4Network('10.234.0.0/16'),
 IPv4Network('10.235.0.0/16'),
 IPv4Network('10.236.0.0/16'),
 IPv4Network('10.237.0.0/16'),
 IPv4Network('10.238.0.0/16'),
 IPv4Network('10.239.0.0/16'),
 IPv4Network('10.240.0.0/16'),
 IPv4Network('10.241.0.0/16'),
 IPv4Network('10.242.0.0/16'),
 IPv4Network('10.243.0.0/16'),
 IPv4Network('10.244.0.0/16'),
 IPv4Network('10.245.0.0/16'),
 IPv4Network('10.246.0.0/16'),
 IPv4Network('10.247.0.0/16'),
 IPv4Network('10.248.0.0/16'),
 IPv4Network('10.249.0.0/16'),
 IPv4Network('10.250.0.0/16'),
 IPv4Network('10.251.0.0/16'),
 IPv4Network('10.252.0.0/16'),
 IPv4Network('10.253.0.0/16'),
 IPv4Network('10.254.0.0/16'),
 IPv4Network('10.255.0.0/16'),
 IPv4Network('149.160.0.0/16'),
 IPv4Network('149.161.0.0/16'),
 IPv4Network('149.162.0.0/16'),
 IPv4Network('149.163.0.0/16'),
 IPv4Network('172.16.0.0/16'),
 IPv4Network('172.17.0.0/16'),
 IPv4Network('172.18.0.0/16'),
 IPv4Network('172.19.0.0/16'),
 IPv4Network('172.20.0.0/16'),
 IPv4Network('172.21.0.0/16'),
 IPv4Network('172.22.0.0/16'),
 IPv4Network('172.23.0.0/16')]
[IPv4Network('129.79.0.0/16'),
 IPv4Network('134.68.0.0/16'),
 IPv4Network('140.182.0.0/16'),
 IPv4Network('149.159.0.0/16'),
 IPv4Network('156.56.0.0/16'),
 IPv4Network('172.16.0.0/12'),
 IPv4Network('192.168.0.0/24'),
 IPv6Network('::/128'),
 IPv4Network('10.0.0.0/16'),
 IPv4Network('10.1.0.0/16'),
 IPv4Network('10.2.0.0/16'),
 IPv4Network('10.3.0.0/16'),
 IPv4Network('10.4.0.0/16'),
 IPv4Network('10.5.0.0/16'),
 IPv4Network('10.6.0.0/16'),
 IPv4Network('10.7.0.0/16'),
 IPv4Network('10.8.0.0/16'),
 IPv4Network('10.9.0.0/16'),
 IPv4Network('10.10.0.0/16'),
 IPv4Network('10.11.0.0/16'),
 IPv4Network('10.12.0.0/16'),
 IPv4Network('10.13.0.0/16'),
 IPv4Network('10.14.0.0/16'),
 IPv4Network('10.15.0.0/16'),
 IPv4Network('10.16.0.0/16'),
 IPv4Network('10.17.0.0/16'),
 IPv4Network('10.18.0.0/16'),
 IPv4Network('10.19.0.0/16'),
 IPv4Network('10.20.0.0/16'),
 IPv4Network('10.21.0.0/16'),
 IPv4Network('10.22.0.0/16'),
 IPv4Network('10.23.0.0/16'),
 IPv4Network('10.24.0.0/16'),
 IPv4Network('10.25.0.0/16'),
 IPv4Network('10.26.0.0/16'),
 IPv4Network('10.27.0.0/16'),
 IPv4Network('10.28.0.0/16'),
 IPv4Network('10.29.0.0/16'),
 IPv4Network('10.30.0.0/16'),
 IPv4Network('10.31.0.0/16'),
 IPv4Network('10.32.0.0/16'),
 IPv4Network('10.33.0.0/16'),
 IPv4Network('10.34.0.0/16'),
 IPv4Network('10.35.0.0/16'),
 IPv4Network('10.36.0.0/16'),
 IPv4Network('10.37.0.0/16'),
 IPv4Network('10.38.0.0/16'),
 IPv4Network('10.39.0.0/16'),
 IPv4Network('10.40.0.0/16'),
 IPv4Network('10.41.0.0/16'),
 IPv4Network('10.42.0.0/16'),
 IPv4Network('10.43.0.0/16'),
 IPv4Network('10.44.0.0/16'),
 IPv4Network('10.45.0.0/16'),
 IPv4Network('10.46.0.0/16'),
 IPv4Network('10.47.0.0/16'),
 IPv4Network('10.48.0.0/16'),
 IPv4Network('10.49.0.0/16'),
 IPv4Network('10.50.0.0/16'),
 IPv4Network('10.51.0.0/16'),
 IPv4Network('10.52.0.0/16'),
 IPv4Network('10.53.0.0/16'),
 IPv4Network('10.54.0.0/16'),
 IPv4Network('10.55.0.0/16'),
 IPv4Network('10.56.0.0/16'),
 IPv4Network('10.57.0.0/16'),
 IPv4Network('10.58.0.0/16'),
 IPv4Network('10.59.0.0/16'),
 IPv4Network('10.60.0.0/16'),
 IPv4Network('10.61.0.0/16'),
 IPv4Network('10.62.0.0/16'),
 IPv4Network('10.63.0.0/16'),
 IPv4Network('10.64.0.0/16'),
 IPv4Network('10.65.0.0/16'),
 IPv4Network('10.66.0.0/16'),
 IPv4Network('10.67.0.0/16'),
 IPv4Network('10.68.0.0/16'),
 IPv4Network('10.69.0.0/16'),
 IPv4Network('10.70.0.0/16'),
 IPv4Network('10.71.0.0/16'),
 IPv4Network('10.72.0.0/16'),
 IPv4Network('10.73.0.0/16'),
 IPv4Network('10.74.0.0/16'),
 IPv4Network('10.75.0.0/16'),
 IPv4Network('10.76.0.0/16'),
 IPv4Network('10.77.0.0/16'),
 IPv4Network('10.78.0.0/16'),
 IPv4Network('10.79.0.0/16'),
 IPv4Network('10.80.0.0/16'),
 IPv4Network('10.81.0.0/16'),
 IPv4Network('10.82.0.0/16'),
 IPv4Network('10.83.0.0/16'),
 IPv4Network('10.84.0.0/16'),
 IPv4Network('10.85.0.0/16'),
 IPv4Network('10.86.0.0/16'),
 IPv4Network('10.87.0.0/16'),
 IPv4Network('10.88.0.0/16'),
 IPv4Network('10.89.0.0/16'),
 IPv4Network('10.90.0.0/16'),
 IPv4Network('10.91.0.0/16'),
 IPv4Network('10.92.0.0/16'),
 IPv4Network('10.93.0.0/16'),
 IPv4Network('10.94.0.0/16'),
 IPv4Network('10.95.0.0/16'),
 IPv4Network('10.96.0.0/16'),
 IPv4Network('10.97.0.0/16'),
 IPv4Network('10.98.0.0/16'),
 IPv4Network('10.99.0.0/16'),
 IPv4Network('10.100.0.0/16'),
 IPv4Network('10.101.0.0/16'),
 IPv4Network('10.102.0.0/16'),
 IPv4Network('10.103.0.0/16'),
 IPv4Network('10.104.0.0/16'),
 IPv4Network('10.105.0.0/16'),
 IPv4Network('10.106.0.0/16'),
 IPv4Network('10.107.0.0/16'),
 IPv4Network('10.108.0.0/16'),
 IPv4Network('10.109.0.0/16'),
 IPv4Network('10.110.0.0/16'),
 IPv4Network('10.111.0.0/16'),
 IPv4Network('10.112.0.0/16'),
 IPv4Network('10.113.0.0/16'),
 IPv4Network('10.114.0.0/16'),
 IPv4Network('10.115.0.0/16'),
 IPv4Network('10.116.0.0/16'),
 IPv4Network('10.117.0.0/16'),
 IPv4Network('10.118.0.0/16'),
 IPv4Network('10.119.0.0/16'),
 IPv4Network('10.120.0.0/16'),
 IPv4Network('10.121.0.0/16'),
 IPv4Network('10.122.0.0/16'),
 IPv4Network('10.123.0.0/16'),
 IPv4Network('10.124.0.0/16'),
 IPv4Network('10.125.0.0/16'),
 IPv4Network('10.126.0.0/16'),
 IPv4Network('10.127.0.0/16'),
 IPv4Network('10.128.0.0/16'),
 IPv4Network('10.129.0.0/16'),
 IPv4Network('10.130.0.0/16'),
 IPv4Network('10.131.0.0/16'),
 IPv4Network('10.132.0.0/16'),
 IPv4Network('10.133.0.0/16'),
 IPv4Network('10.134.0.0/16'),
 IPv4Network('10.135.0.0/16'),
 IPv4Network('10.136.0.0/16'),
 IPv4Network('10.137.0.0/16'),
 IPv4Network('10.138.0.0/16'),
 IPv4Network('10.139.0.0/16'),
 IPv4Network('10.140.0.0/16'),
 IPv4Network('10.141.0.0/16'),
 IPv4Network('10.142.0.0/16'),
 IPv4Network('10.143.0.0/16'),
 IPv4Network('10.144.0.0/16'),
 IPv4Network('10.145.0.0/16'),
 IPv4Network('10.146.0.0/16'),
 IPv4Network('10.147.0.0/16'),
 IPv4Network('10.148.0.0/16'),
 IPv4Network('10.149.0.0/16'),
 IPv4Network('10.150.0.0/16'),
 IPv4Network('10.151.0.0/16'),
 IPv4Network('10.152.0.0/16'),
 IPv4Network('10.153.0.0/16'),
 IPv4Network('10.154.0.0/16'),
 IPv4Network('10.155.0.0/16'),
 IPv4Network('10.156.0.0/16'),
 IPv4Network('10.157.0.0/16'),
 IPv4Network('10.158.0.0/16'),
 IPv4Network('10.159.0.0/16'),
 IPv4Network('10.160.0.0/16'),
 IPv4Network('10.161.0.0/16'),
 IPv4Network('10.162.0.0/16'),
 IPv4Network('10.163.0.0/16'),
 IPv4Network('10.164.0.0/16'),
 IPv4Network('10.165.0.0/16'),
 IPv4Network('10.166.0.0/16'),
 IPv4Network('10.167.0.0/16'),
 IPv4Network('10.168.0.0/16'),
 IPv4Network('10.169.0.0/16'),
 IPv4Network('10.170.0.0/16'),
 IPv4Network('10.171.0.0/16'),
 IPv4Network('10.172.0.0/16'),
 IPv4Network('10.173.0.0/16'),
 IPv4Network('10.174.0.0/16'),
 IPv4Network('10.175.0.0/16'),
 IPv4Network('10.176.0.0/16'),
 IPv4Network('10.177.0.0/16'),
 IPv4Network('10.178.0.0/16'),
 IPv4Network('10.179.0.0/16'),
 IPv4Network('10.180.0.0/16'),
 IPv4Network('10.181.0.0/16'),
 IPv4Network('10.182.0.0/16'),
 IPv4Network('10.183.0.0/16'),
 IPv4Network('10.184.0.0/16'),
 IPv4Network('10.185.0.0/16'),
 IPv4Network('10.186.0.0/16'),
 IPv4Network('10.187.0.0/16'),
 IPv4Network('10.188.0.0/16'),
 IPv4Network('10.189.0.0/16'),
 IPv4Network('10.190.0.0/16'),
 IPv4Network('10.191.0.0/16'),
 IPv4Network('10.192.0.0/16'),
 IPv4Network('10.193.0.0/16'),
 IPv4Network('10.194.0.0/16'),
 IPv4Network('10.195.0.0/16'),
 IPv4Network('10.196.0.0/16'),
 IPv4Network('10.197.0.0/16'),
 IPv4Network('10.198.0.0/16'),
 IPv4Network('10.199.0.0/16'),
 IPv4Network('10.200.0.0/16'),
 IPv4Network('10.201.0.0/16'),
 IPv4Network('10.202.0.0/16'),
 IPv4Network('10.203.0.0/16'),
 IPv4Network('10.204.0.0/16'),
 IPv4Network('10.205.0.0/16'),
 IPv4Network('10.206.0.0/16'),
 IPv4Network('10.207.0.0/16'),
 IPv4Network('10.208.0.0/16'),
 IPv4Network('10.209.0.0/16'),
 IPv4Network('10.210.0.0/16'),
 IPv4Network('10.211.0.0/16'),
 IPv4Network('10.212.0.0/16'),
 IPv4Network('10.213.0.0/16'),
 IPv4Network('10.214.0.0/16'),
 IPv4Network('10.215.0.0/16'),
 IPv4Network('10.216.0.0/16'),
 IPv4Network('10.217.0.0/16'),
 IPv4Network('10.218.0.0/16'),
 IPv4Network('10.219.0.0/16'),
 IPv4Network('10.220.0.0/16'),
 IPv4Network('10.221.0.0/16'),
 IPv4Network('10.222.0.0/16'),
 IPv4Network('10.223.0.0/16'),
 IPv4Network('10.224.0.0/16'),
 IPv4Network('10.225.0.0/16'),
 IPv4Network('10.226.0.0/16'),
 IPv4Network('10.227.0.0/16'),
 IPv4Network('10.228.0.0/16'),
 IPv4Network('10.229.0.0/16'),
 IPv4Network('10.230.0.0/16'),
 IPv4Network('10.231.0.0/16'),
 IPv4Network('10.232.0.0/16'),
 IPv4Network('10.233.0.0/16'),
 IPv4Network('10.234.0.0/16'),
 IPv4Network('10.235.0.0/16'),
 IPv4Network('10.236.0.0/16'),
 IPv4Network('10.237.0.0/16'),
 IPv4Network('10.238.0.0/16'),
 IPv4Network('10.239.0.0/16'),
 IPv4Network('10.240.0.0/16'),
 IPv4Network('10.241.0.0/16'),
 IPv4Network('10.242.0.0/16'),
 IPv4Network('10.243.0.0/16'),
 IPv4Network('10.244.0.0/16'),
 IPv4Network('10.245.0.0/16'),
 IPv4Network('10.246.0.0/16'),
 IPv4Network('10.247.0.0/16'),
 IPv4Network('10.248.0.0/16'),
 IPv4Network('10.249.0.0/16'),
 IPv4Network('10.250.0.0/16'),
 IPv4Network('10.251.0.0/16'),
 IPv4Network('10.252.0.0/16'),
 IPv4Network('10.253.0.0/16'),
 IPv4Network('10.254.0.0/16'),
 IPv4Network('10.255.0.0/16'),
 IPv4Network('149.160.0.0/16'),
 IPv4Network('149.161.0.0/16'),
 IPv4Network('149.162.0.0/16'),
 IPv4Network('149.163.0.0/16'),
 IPv4Network('172.16.0.0/16'),
 IPv4Network('172.17.0.0/16'),
 IPv4Network('172.18.0.0/16'),
 IPv4Network('172.19.0.0/16'),
 IPv4Network('172.20.0.0/16'),
 IPv4Network('172.21.0.0/16'),
 IPv4Network('172.22.0.0/16'),
 IPv4Network('172.23.0.0/16')]
[IPv4Network('129.79.0.0/16'),
 IPv4Network('134.68.0.0/16'),
 IPv4Network('140.182.0.0/16'),
 IPv4Network('149.159.0.0/16'),
 IPv4Network('156.56.0.0/16'),
 IPv4Network('172.16.0.0/12'),
 IPv4Network('192.168.0.0/24'),
 IPv6Network('::/128'),
 IPv4Network('10.0.0.0/16'),
 IPv4Network('10.1.0.0/16'),
 IPv4Network('10.2.0.0/16'),
 IPv4Network('10.3.0.0/16'),
 IPv4Network('10.4.0.0/16'),
 IPv4Network('10.5.0.0/16'),
 IPv4Network('10.6.0.0/16'),
 IPv4Network('10.7.0.0/16'),
 IPv4Network('10.8.0.0/16'),
 IPv4Network('10.9.0.0/16'),
 IPv4Network('10.10.0.0/16'),
 IPv4Network('10.11.0.0/16'),
 IPv4Network('10.12.0.0/16'),
 IPv4Network('10.13.0.0/16'),
 IPv4Network('10.14.0.0/16'),
 IPv4Network('10.15.0.0/16'),
 IPv4Network('10.16.0.0/16'),
 IPv4Network('10.17.0.0/16'),
 IPv4Network('10.18.0.0/16'),
 IPv4Network('10.19.0.0/16'),
 IPv4Network('10.20.0.0/16'),
 IPv4Network('10.21.0.0/16'),
 IPv4Network('10.22.0.0/16'),
 IPv4Network('10.23.0.0/16'),
 IPv4Network('10.24.0.0/16'),
 IPv4Network('10.25.0.0/16'),
 IPv4Network('10.26.0.0/16'),
 IPv4Network('10.27.0.0/16'),
 IPv4Network('10.28.0.0/16'),
 IPv4Network('10.29.0.0/16'),
 IPv4Network('10.30.0.0/16'),
 IPv4Network('10.31.0.0/16'),
 IPv4Network('10.32.0.0/16'),
 IPv4Network('10.33.0.0/16'),
 IPv4Network('10.34.0.0/16'),
 IPv4Network('10.35.0.0/16'),
 IPv4Network('10.36.0.0/16'),
 IPv4Network('10.37.0.0/16'),
 IPv4Network('10.38.0.0/16'),
 IPv4Network('10.39.0.0/16'),
 IPv4Network('10.40.0.0/16'),
 IPv4Network('10.41.0.0/16'),
 IPv4Network('10.42.0.0/16'),
 IPv4Network('10.43.0.0/16'),
 IPv4Network('10.44.0.0/16'),
 IPv4Network('10.45.0.0/16'),
 IPv4Network('10.46.0.0/16'),
 IPv4Network('10.47.0.0/16'),
 IPv4Network('10.48.0.0/16'),
 IPv4Network('10.49.0.0/16'),
 IPv4Network('10.50.0.0/16'),
 IPv4Network('10.51.0.0/16'),
 IPv4Network('10.52.0.0/16'),
 IPv4Network('10.53.0.0/16'),
 IPv4Network('10.54.0.0/16'),
 IPv4Network('10.55.0.0/16'),
 IPv4Network('10.56.0.0/16'),
 IPv4Network('10.57.0.0/16'),
 IPv4Network('10.58.0.0/16'),
 IPv4Network('10.59.0.0/16'),
 IPv4Network('10.60.0.0/16'),
 IPv4Network('10.61.0.0/16'),
 IPv4Network('10.62.0.0/16'),
 IPv4Network('10.63.0.0/16'),
 IPv4Network('10.64.0.0/16'),
 IPv4Network('10.65.0.0/16'),
 IPv4Network('10.66.0.0/16'),
 IPv4Network('10.67.0.0/16'),
 IPv4Network('10.68.0.0/16'),
 IPv4Network('10.69.0.0/16'),
 IPv4Network('10.70.0.0/16'),
 IPv4Network('10.71.0.0/16'),
 IPv4Network('10.72.0.0/16'),
 IPv4Network('10.73.0.0/16'),
 IPv4Network('10.74.0.0/16'),
 IPv4Network('10.75.0.0/16'),
 IPv4Network('10.76.0.0/16'),
 IPv4Network('10.77.0.0/16'),
 IPv4Network('10.78.0.0/16'),
 IPv4Network('10.79.0.0/16'),
 IPv4Network('10.80.0.0/16'),
 IPv4Network('10.81.0.0/16'),
 IPv4Network('10.82.0.0/16'),
 IPv4Network('10.83.0.0/16'),
 IPv4Network('10.84.0.0/16'),
 IPv4Network('10.85.0.0/16'),
 IPv4Network('10.86.0.0/16'),
 IPv4Network('10.87.0.0/16'),
 IPv4Network('10.88.0.0/16'),
 IPv4Network('10.89.0.0/16'),
 IPv4Network('10.90.0.0/16'),
 IPv4Network('10.91.0.0/16'),
 IPv4Network('10.92.0.0/16'),
 IPv4Network('10.93.0.0/16'),
 IPv4Network('10.94.0.0/16'),
 IPv4Network('10.95.0.0/16'),
 IPv4Network('10.96.0.0/16'),
 IPv4Network('10.97.0.0/16'),
 IPv4Network('10.98.0.0/16'),
 IPv4Network('10.99.0.0/16'),
 IPv4Network('10.100.0.0/16'),
 IPv4Network('10.101.0.0/16'),
 IPv4Network('10.102.0.0/16'),
 IPv4Network('10.103.0.0/16'),
 IPv4Network('10.104.0.0/16'),
 IPv4Network('10.105.0.0/16'),
 IPv4Network('10.106.0.0/16'),
 IPv4Network('10.107.0.0/16'),
 IPv4Network('10.108.0.0/16'),
 IPv4Network('10.109.0.0/16'),
 IPv4Network('10.110.0.0/16'),
 IPv4Network('10.111.0.0/16'),
 IPv4Network('10.112.0.0/16'),
 IPv4Network('10.113.0.0/16'),
 IPv4Network('10.114.0.0/16'),
 IPv4Network('10.115.0.0/16'),
 IPv4Network('10.116.0.0/16'),
 IPv4Network('10.117.0.0/16'),
 IPv4Network('10.118.0.0/16'),
 IPv4Network('10.119.0.0/16'),
 IPv4Network('10.120.0.0/16'),
 IPv4Network('10.121.0.0/16'),
 IPv4Network('10.122.0.0/16'),
 IPv4Network('10.123.0.0/16'),
 IPv4Network('10.124.0.0/16'),
 IPv4Network('10.125.0.0/16'),
 IPv4Network('10.126.0.0/16'),
 IPv4Network('10.127.0.0/16'),
 IPv4Network('10.128.0.0/16'),
 IPv4Network('10.129.0.0/16'),
 IPv4Network('10.130.0.0/16'),
 IPv4Network('10.131.0.0/16'),
 IPv4Network('10.132.0.0/16'),
 IPv4Network('10.133.0.0/16'),
 IPv4Network('10.134.0.0/16'),
 IPv4Network('10.135.0.0/16'),
 IPv4Network('10.136.0.0/16'),
 IPv4Network('10.137.0.0/16'),
 IPv4Network('10.138.0.0/16'),
 IPv4Network('10.139.0.0/16'),
 IPv4Network('10.140.0.0/16'),
 IPv4Network('10.141.0.0/16'),
 IPv4Network('10.142.0.0/16'),
 IPv4Network('10.143.0.0/16'),
 IPv4Network('10.144.0.0/16'),
 IPv4Network('10.145.0.0/16'),
 IPv4Network('10.146.0.0/16'),
 IPv4Network('10.147.0.0/16'),
 IPv4Network('10.148.0.0/16'),
 IPv4Network('10.149.0.0/16'),
 IPv4Network('10.150.0.0/16'),
 IPv4Network('10.151.0.0/16'),
 IPv4Network('10.152.0.0/16'),
 IPv4Network('10.153.0.0/16'),
 IPv4Network('10.154.0.0/16'),
 IPv4Network('10.155.0.0/16'),
 IPv4Network('10.156.0.0/16'),
 IPv4Network('10.157.0.0/16'),
 IPv4Network('10.158.0.0/16'),
 IPv4Network('10.159.0.0/16'),
 IPv4Network('10.160.0.0/16'),
 IPv4Network('10.161.0.0/16'),
 IPv4Network('10.162.0.0/16'),
 IPv4Network('10.163.0.0/16'),
 IPv4Network('10.164.0.0/16'),
 IPv4Network('10.165.0.0/16'),
 IPv4Network('10.166.0.0/16'),
 IPv4Network('10.167.0.0/16'),
 IPv4Network('10.168.0.0/16'),
 IPv4Network('10.169.0.0/16'),
 IPv4Network('10.170.0.0/16'),
 IPv4Network('10.171.0.0/16'),
 IPv4Network('10.172.0.0/16'),
 IPv4Network('10.173.0.0/16'),
 IPv4Network('10.174.0.0/16'),
 IPv4Network('10.175.0.0/16'),
 IPv4Network('10.176.0.0/16'),
 IPv4Network('10.177.0.0/16'),
 IPv4Network('10.178.0.0/16'),
 IPv4Network('10.179.0.0/16'),
 IPv4Network('10.180.0.0/16'),
 IPv4Network('10.181.0.0/16'),
 IPv4Network('10.182.0.0/16'),
 IPv4Network('10.183.0.0/16'),
 IPv4Network('10.184.0.0/16'),
 IPv4Network('10.185.0.0/16'),
 IPv4Network('10.186.0.0/16'),
 IPv4Network('10.187.0.0/16'),
 IPv4Network('10.188.0.0/16'),
 IPv4Network('10.189.0.0/16'),
 IPv4Network('10.190.0.0/16'),
 IPv4Network('10.191.0.0/16'),
 IPv4Network('10.192.0.0/16'),
 IPv4Network('10.193.0.0/16'),
 IPv4Network('10.194.0.0/16'),
 IPv4Network('10.195.0.0/16'),
 IPv4Network('10.196.0.0/16'),
 IPv4Network('10.197.0.0/16'),
 IPv4Network('10.198.0.0/16'),
 IPv4Network('10.199.0.0/16'),
 IPv4Network('10.200.0.0/16'),
 IPv4Network('10.201.0.0/16'),
 IPv4Network('10.202.0.0/16'),
 IPv4Network('10.203.0.0/16'),
 IPv4Network('10.204.0.0/16'),
 IPv4Network('10.205.0.0/16'),
 IPv4Network('10.206.0.0/16'),
 IPv4Network('10.207.0.0/16'),
 IPv4Network('10.208.0.0/16'),
 IPv4Network('10.209.0.0/16'),
 IPv4Network('10.210.0.0/16'),
 IPv4Network('10.211.0.0/16'),
 IPv4Network('10.212.0.0/16'),
 IPv4Network('10.213.0.0/16'),
 IPv4Network('10.214.0.0/16'),
 IPv4Network('10.215.0.0/16'),
 IPv4Network('10.216.0.0/16'),
 IPv4Network('10.217.0.0/16'),
 IPv4Network('10.218.0.0/16'),
 IPv4Network('10.219.0.0/16'),
 IPv4Network('10.220.0.0/16'),
 IPv4Network('10.221.0.0/16'),
 IPv4Network('10.222.0.0/16'),
 IPv4Network('10.223.0.0/16'),
 IPv4Network('10.224.0.0/16'),
 IPv4Network('10.225.0.0/16'),
 IPv4Network('10.226.0.0/16'),
 IPv4Network('10.227.0.0/16'),
 IPv4Network('10.228.0.0/16'),
 IPv4Network('10.229.0.0/16'),
 IPv4Network('10.230.0.0/16'),
 IPv4Network('10.231.0.0/16'),
 IPv4Network('10.232.0.0/16'),
 IPv4Network('10.233.0.0/16'),
 IPv4Network('10.234.0.0/16'),
 IPv4Network('10.235.0.0/16'),
 IPv4Network('10.236.0.0/16'),
 IPv4Network('10.237.0.0/16'),
 IPv4Network('10.238.0.0/16'),
 IPv4Network('10.239.0.0/16'),
 IPv4Network('10.240.0.0/16'),
 IPv4Network('10.241.0.0/16'),
 IPv4Network('10.242.0.0/16'),
 IPv4Network('10.243.0.0/16'),
 IPv4Network('10.244.0.0/16'),
 IPv4Network('10.245.0.0/16'),
 IPv4Network('10.246.0.0/16'),
 IPv4Network('10.247.0.0/16'),
 IPv4Network('10.248.0.0/16'),
 IPv4Network('10.249.0.0/16'),
 IPv4Network('10.250.0.0/16'),
 IPv4Network('10.251.0.0/16'),
 IPv4Network('10.252.0.0/16'),
 IPv4Network('10.253.0.0/16'),
 IPv4Network('10.254.0.0/16'),
 IPv4Network('10.255.0.0/16'),
 IPv4Network('149.160.0.0/16'),
 IPv4Network('149.161.0.0/16'),
 IPv4Network('149.162.0.0/16'),
 IPv4Network('149.163.0.0/16'),
 IPv4Network('172.16.0.0/16'),
 IPv4Network('172.17.0.0/16'),
 IPv4Network('172.18.0.0/16'),
 IPv4Network('172.19.0.0/16'),
 IPv4Network('172.20.0.0/16'),
 IPv4Network('172.21.0.0/16'),
 IPv4Network('172.22.0.0/16'),
 IPv4Network('172.23.0.0/16')]
[IPv4Network('129.79.0.0/16'),
 IPv4Network('134.68.0.0/16'),
 IPv4Network('140.182.0.0/16'),
 IPv4Network('149.159.0.0/16'),
 IPv4Network('156.56.0.0/16'),
 IPv4Network('172.16.0.0/12'),
 IPv4Network('192.168.0.0/24'),
 IPv6Network('::/128'),
 IPv4Network('10.0.0.0/16'),
 IPv4Network('10.1.0.0/16'),
 IPv4Network('10.2.0.0/16'),
 IPv4Network('10.3.0.0/16'),
 IPv4Network('10.4.0.0/16'),
 IPv4Network('10.5.0.0/16'),
 IPv4Network('10.6.0.0/16'),
 IPv4Network('10.7.0.0/16'),
 IPv4Network('10.8.0.0/16'),
 IPv4Network('10.9.0.0/16'),
 IPv4Network('10.10.0.0/16'),
 IPv4Network('10.11.0.0/16'),
 IPv4Network('10.12.0.0/16'),
 IPv4Network('10.13.0.0/16'),
 IPv4Network('10.14.0.0/16'),
 IPv4Network('10.15.0.0/16'),
 IPv4Network('10.16.0.0/16'),
 IPv4Network('10.17.0.0/16'),
 IPv4Network('10.18.0.0/16'),
 IPv4Network('10.19.0.0/16'),
 IPv4Network('10.20.0.0/16'),
 IPv4Network('10.21.0.0/16'),
 IPv4Network('10.22.0.0/16'),
 IPv4Network('10.23.0.0/16'),
 IPv4Network('10.24.0.0/16'),
 IPv4Network('10.25.0.0/16'),
 IPv4Network('10.26.0.0/16'),
 IPv4Network('10.27.0.0/16'),
 IPv4Network('10.28.0.0/16'),
 IPv4Network('10.29.0.0/16'),
 IPv4Network('10.30.0.0/16'),
 IPv4Network('10.31.0.0/16'),
 IPv4Network('10.32.0.0/16'),
 IPv4Network('10.33.0.0/16'),
 IPv4Network('10.34.0.0/16'),
 IPv4Network('10.35.0.0/16'),
 IPv4Network('10.36.0.0/16'),
 IPv4Network('10.37.0.0/16'),
 IPv4Network('10.38.0.0/16'),
 IPv4Network('10.39.0.0/16'),
 IPv4Network('10.40.0.0/16'),
 IPv4Network('10.41.0.0/16'),
 IPv4Network('10.42.0.0/16'),
 IPv4Network('10.43.0.0/16'),
 IPv4Network('10.44.0.0/16'),
 IPv4Network('10.45.0.0/16'),
 IPv4Network('10.46.0.0/16'),
 IPv4Network('10.47.0.0/16'),
 IPv4Network('10.48.0.0/16'),
 IPv4Network('10.49.0.0/16'),
 IPv4Network('10.50.0.0/16'),
 IPv4Network('10.51.0.0/16'),
 IPv4Network('10.52.0.0/16'),
 IPv4Network('10.53.0.0/16'),
 IPv4Network('10.54.0.0/16'),
 IPv4Network('10.55.0.0/16'),
 IPv4Network('10.56.0.0/16'),
 IPv4Network('10.57.0.0/16'),
 IPv4Network('10.58.0.0/16'),
 IPv4Network('10.59.0.0/16'),
 IPv4Network('10.60.0.0/16'),
 IPv4Network('10.61.0.0/16'),
 IPv4Network('10.62.0.0/16'),
 IPv4Network('10.63.0.0/16'),
 IPv4Network('10.64.0.0/16'),
 IPv4Network('10.65.0.0/16'),
 IPv4Network('10.66.0.0/16'),
 IPv4Network('10.67.0.0/16'),
 IPv4Network('10.68.0.0/16'),
 IPv4Network('10.69.0.0/16'),
 IPv4Network('10.70.0.0/16'),
 IPv4Network('10.71.0.0/16'),
 IPv4Network('10.72.0.0/16'),
 IPv4Network('10.73.0.0/16'),
 IPv4Network('10.74.0.0/16'),
 IPv4Network('10.75.0.0/16'),
 IPv4Network('10.76.0.0/16'),
 IPv4Network('10.77.0.0/16'),
 IPv4Network('10.78.0.0/16'),
 IPv4Network('10.79.0.0/16'),
 IPv4Network('10.80.0.0/16'),
 IPv4Network('10.81.0.0/16'),
 IPv4Network('10.82.0.0/16'),
 IPv4Network('10.83.0.0/16'),
 IPv4Network('10.84.0.0/16'),
 IPv4Network('10.85.0.0/16'),
 IPv4Network('10.86.0.0/16'),
 IPv4Network('10.87.0.0/16'),
 IPv4Network('10.88.0.0/16'),
 IPv4Network('10.89.0.0/16'),
 IPv4Network('10.90.0.0/16'),
 IPv4Network('10.91.0.0/16'),
 IPv4Network('10.92.0.0/16'),
 IPv4Network('10.93.0.0/16'),
 IPv4Network('10.94.0.0/16'),
 IPv4Network('10.95.0.0/16'),
 IPv4Network('10.96.0.0/16'),
 IPv4Network('10.97.0.0/16'),
 IPv4Network('10.98.0.0/16'),
 IPv4Network('10.99.0.0/16'),
 IPv4Network('10.100.0.0/16'),
 IPv4Network('10.101.0.0/16'),
 IPv4Network('10.102.0.0/16'),
 IPv4Network('10.103.0.0/16'),
 IPv4Network('10.104.0.0/16'),
 IPv4Network('10.105.0.0/16'),
 IPv4Network('10.106.0.0/16'),
 IPv4Network('10.107.0.0/16'),
 IPv4Network('10.108.0.0/16'),
 IPv4Network('10.109.0.0/16'),
 IPv4Network('10.110.0.0/16'),
 IPv4Network('10.111.0.0/16'),
 IPv4Network('10.112.0.0/16'),
 IPv4Network('10.113.0.0/16'),
 IPv4Network('10.114.0.0/16'),
 IPv4Network('10.115.0.0/16'),
 IPv4Network('10.116.0.0/16'),
 IPv4Network('10.117.0.0/16'),
 IPv4Network('10.118.0.0/16'),
 IPv4Network('10.119.0.0/16'),
 IPv4Network('10.120.0.0/16'),
 IPv4Network('10.121.0.0/16'),
 IPv4Network('10.122.0.0/16'),
 IPv4Network('10.123.0.0/16'),
 IPv4Network('10.124.0.0/16'),
 IPv4Network('10.125.0.0/16'),
 IPv4Network('10.126.0.0/16'),
 IPv4Network('10.127.0.0/16'),
 IPv4Network('10.128.0.0/16'),
 IPv4Network('10.129.0.0/16'),
 IPv4Network('10.130.0.0/16'),
 IPv4Network('10.131.0.0/16'),
 IPv4Network('10.132.0.0/16'),
 IPv4Network('10.133.0.0/16'),
 IPv4Network('10.134.0.0/16'),
 IPv4Network('10.135.0.0/16'),
 IPv4Network('10.136.0.0/16'),
 IPv4Network('10.137.0.0/16'),
 IPv4Network('10.138.0.0/16'),
 IPv4Network('10.139.0.0/16'),
 IPv4Network('10.140.0.0/16'),
 IPv4Network('10.141.0.0/16'),
 IPv4Network('10.142.0.0/16'),
 IPv4Network('10.143.0.0/16'),
 IPv4Network('10.144.0.0/16'),
 IPv4Network('10.145.0.0/16'),
 IPv4Network('10.146.0.0/16'),
 IPv4Network('10.147.0.0/16'),
 IPv4Network('10.148.0.0/16'),
 IPv4Network('10.149.0.0/16'),
 IPv4Network('10.150.0.0/16'),
 IPv4Network('10.151.0.0/16'),
 IPv4Network('10.152.0.0/16'),
 IPv4Network('10.153.0.0/16'),
 IPv4Network('10.154.0.0/16'),
 IPv4Network('10.155.0.0/16'),
 IPv4Network('10.156.0.0/16'),
 IPv4Network('10.157.0.0/16'),
 IPv4Network('10.158.0.0/16'),
 IPv4Network('10.159.0.0/16'),
 IPv4Network('10.160.0.0/16'),
 IPv4Network('10.161.0.0/16'),
 IPv4Network('10.162.0.0/16'),
 IPv4Network('10.163.0.0/16'),
 IPv4Network('10.164.0.0/16'),
 IPv4Network('10.165.0.0/16'),
 IPv4Network('10.166.0.0/16'),
 IPv4Network('10.167.0.0/16'),
 IPv4Network('10.168.0.0/16'),
 IPv4Network('10.169.0.0/16'),
 IPv4Network('10.170.0.0/16'),
 IPv4Network('10.171.0.0/16'),
 IPv4Network('10.172.0.0/16'),
 IPv4Network('10.173.0.0/16'),
 IPv4Network('10.174.0.0/16'),
 IPv4Network('10.175.0.0/16'),
 IPv4Network('10.176.0.0/16'),
 IPv4Network('10.177.0.0/16'),
 IPv4Network('10.178.0.0/16'),
 IPv4Network('10.179.0.0/16'),
 IPv4Network('10.180.0.0/16'),
 IPv4Network('10.181.0.0/16'),
 IPv4Network('10.182.0.0/16'),
 IPv4Network('10.183.0.0/16'),
 IPv4Network('10.184.0.0/16'),
 IPv4Network('10.185.0.0/16'),
 IPv4Network('10.186.0.0/16'),
 IPv4Network('10.187.0.0/16'),
 IPv4Network('10.188.0.0/16'),
 IPv4Network('10.189.0.0/16'),
 IPv4Network('10.190.0.0/16'),
 IPv4Network('10.191.0.0/16'),
 IPv4Network('10.192.0.0/16'),
 IPv4Network('10.193.0.0/16'),
 IPv4Network('10.194.0.0/16'),
 IPv4Network('10.195.0.0/16'),
 IPv4Network('10.196.0.0/16'),
 IPv4Network('10.197.0.0/16'),
 IPv4Network('10.198.0.0/16'),
 IPv4Network('10.199.0.0/16'),
 IPv4Network('10.200.0.0/16'),
 IPv4Network('10.201.0.0/16'),
 IPv4Network('10.202.0.0/16'),
 IPv4Network('10.203.0.0/16'),
 IPv4Network('10.204.0.0/16'),
 IPv4Network('10.205.0.0/16'),
 IPv4Network('10.206.0.0/16'),
 IPv4Network('10.207.0.0/16'),
 IPv4Network('10.208.0.0/16'),
 IPv4Network('10.209.0.0/16'),
 IPv4Network('10.210.0.0/16'),
 IPv4Network('10.211.0.0/16'),
 IPv4Network('10.212.0.0/16'),
 IPv4Network('10.213.0.0/16'),
 IPv4Network('10.214.0.0/16'),
 IPv4Network('10.215.0.0/16'),
 IPv4Network('10.216.0.0/16'),
 IPv4Network('10.217.0.0/16'),
 IPv4Network('10.218.0.0/16'),
 IPv4Network('10.219.0.0/16'),
 IPv4Network('10.220.0.0/16'),
 IPv4Network('10.221.0.0/16'),
 IPv4Network('10.222.0.0/16'),
 IPv4Network('10.223.0.0/16'),
 IPv4Network('10.224.0.0/16'),
 IPv4Network('10.225.0.0/16'),
 IPv4Network('10.226.0.0/16'),
 IPv4Network('10.227.0.0/16'),
 IPv4Network('10.228.0.0/16'),
 IPv4Network('10.229.0.0/16'),
 IPv4Network('10.230.0.0/16'),
 IPv4Network('10.231.0.0/16'),
 IPv4Network('10.232.0.0/16'),
 IPv4Network('10.233.0.0/16'),
 IPv4Network('10.234.0.0/16'),
 IPv4Network('10.235.0.0/16'),
 IPv4Network('10.236.0.0/16'),
 IPv4Network('10.237.0.0/16'),
 IPv4Network('10.238.0.0/16'),
 IPv4Network('10.239.0.0/16'),
 IPv4Network('10.240.0.0/16'),
 IPv4Network('10.241.0.0/16'),
 IPv4Network('10.242.0.0/16'),
 IPv4Network('10.243.0.0/16'),
 IPv4Network('10.244.0.0/16'),
 IPv4Network('10.245.0.0/16'),
 IPv4Network('10.246.0.0/16'),
 IPv4Network('10.247.0.0/16'),
 IPv4Network('10.248.0.0/16'),
 IPv4Network('10.249.0.0/16'),
 IPv4Network('10.250.0.0/16'),
 IPv4Network('10.251.0.0/16'),
 IPv4Network('10.252.0.0/16'),
 IPv4Network('10.253.0.0/16'),
 IPv4Network('10.254.0.0/16'),
 IPv4Network('10.255.0.0/16'),
 IPv4Network('149.160.0.0/16'),
 IPv4Network('149.161.0.0/16'),
 IPv4Network('149.162.0.0/16'),
 IPv4Network('149.163.0.0/16'),
 IPv4Network('172.16.0.0/16'),
 IPv4Network('172.17.0.0/16'),
 IPv4Network('172.18.0.0/16'),
 IPv4Network('172.19.0.0/16'),
 IPv4Network('172.20.0.0/16'),
 IPv4Network('172.21.0.0/16'),
 IPv4Network('172.22.0.0/16'),
 IPv4Network('172.23.0.0/16'),
 IPv4Network('172.24.0.0/16'),
 IPv4Network('172.25.0.0/16')]
[IPv4Network('129.79.0.0/16'),
 IPv4Network('134.68.0.0/16'),
 IPv4Network('140.182.0.0/16'),
 IPv4Network('149.159.0.0/16'),
 IPv4Network('156.56.0.0/16'),
 IPv4Network('172.16.0.0/12'),
 IPv4Network('192.168.0.0/24'),
 IPv6Network('::/128'),
 IPv4Network('10.0.0.0/16'),
 IPv4Network('10.1.0.0/16'),
 IPv4Network('10.2.0.0/16'),
 IPv4Network('10.3.0.0/16'),
 IPv4Network('10.4.0.0/16'),
 IPv4Network('10.5.0.0/16'),
 IPv4Network('10.6.0.0/16'),
 IPv4Network('10.7.0.0/16'),
 IPv4Network('10.8.0.0/16'),
 IPv4Network('10.9.0.0/16'),
 IPv4Network('10.10.0.0/16'),
 IPv4Network('10.11.0.0/16'),
 IPv4Network('10.12.0.0/16'),
 IPv4Network('10.13.0.0/16'),
 IPv4Network('10.14.0.0/16'),
 IPv4Network('10.15.0.0/16'),
 IPv4Network('10.16.0.0/16'),
 IPv4Network('10.17.0.0/16'),
 IPv4Network('10.18.0.0/16'),
 IPv4Network('10.19.0.0/16'),
 IPv4Network('10.20.0.0/16'),
 IPv4Network('10.21.0.0/16'),
 IPv4Network('10.22.0.0/16'),
 IPv4Network('10.23.0.0/16'),
 IPv4Network('10.24.0.0/16'),
 IPv4Network('10.25.0.0/16'),
 IPv4Network('10.26.0.0/16'),
 IPv4Network('10.27.0.0/16'),
 IPv4Network('10.28.0.0/16'),
 IPv4Network('10.29.0.0/16'),
 IPv4Network('10.30.0.0/16'),
 IPv4Network('10.31.0.0/16'),
 IPv4Network('10.32.0.0/16'),
 IPv4Network('10.33.0.0/16'),
 IPv4Network('10.34.0.0/16'),
 IPv4Network('10.35.0.0/16'),
 IPv4Network('10.36.0.0/16'),
 IPv4Network('10.37.0.0/16'),
 IPv4Network('10.38.0.0/16'),
 IPv4Network('10.39.0.0/16'),
 IPv4Network('10.40.0.0/16'),
 IPv4Network('10.41.0.0/16'),
 IPv4Network('10.42.0.0/16'),
 IPv4Network('10.43.0.0/16'),
 IPv4Network('10.44.0.0/16'),
 IPv4Network('10.45.0.0/16'),
 IPv4Network('10.46.0.0/16'),
 IPv4Network('10.47.0.0/16'),
 IPv4Network('10.48.0.0/16'),
 IPv4Network('10.49.0.0/16'),
 IPv4Network('10.50.0.0/16'),
 IPv4Network('10.51.0.0/16'),
 IPv4Network('10.52.0.0/16'),
 IPv4Network('10.53.0.0/16'),
 IPv4Network('10.54.0.0/16'),
 IPv4Network('10.55.0.0/16'),
 IPv4Network('10.56.0.0/16'),
 IPv4Network('10.57.0.0/16'),
 IPv4Network('10.58.0.0/16'),
 IPv4Network('10.59.0.0/16'),
 IPv4Network('10.60.0.0/16'),
 IPv4Network('10.61.0.0/16'),
 IPv4Network('10.62.0.0/16'),
 IPv4Network('10.63.0.0/16'),
 IPv4Network('10.64.0.0/16'),
 IPv4Network('10.65.0.0/16'),
 IPv4Network('10.66.0.0/16'),
 IPv4Network('10.67.0.0/16'),
 IPv4Network('10.68.0.0/16'),
 IPv4Network('10.69.0.0/16'),
 IPv4Network('10.70.0.0/16'),
 IPv4Network('10.71.0.0/16'),
 IPv4Network('10.72.0.0/16'),
 IPv4Network('10.73.0.0/16'),
 IPv4Network('10.74.0.0/16'),
 IPv4Network('10.75.0.0/16'),
 IPv4Network('10.76.0.0/16'),
 IPv4Network('10.77.0.0/16'),
 IPv4Network('10.78.0.0/16'),
 IPv4Network('10.79.0.0/16'),
 IPv4Network('10.80.0.0/16'),
 IPv4Network('10.81.0.0/16'),
 IPv4Network('10.82.0.0/16'),
 IPv4Network('10.83.0.0/16'),
 IPv4Network('10.84.0.0/16'),
 IPv4Network('10.85.0.0/16'),
 IPv4Network('10.86.0.0/16'),
 IPv4Network('10.87.0.0/16'),
 IPv4Network('10.88.0.0/16'),
 IPv4Network('10.89.0.0/16'),
 IPv4Network('10.90.0.0/16'),
 IPv4Network('10.91.0.0/16'),
 IPv4Network('10.92.0.0/16'),
 IPv4Network('10.93.0.0/16'),
 IPv4Network('10.94.0.0/16'),
 IPv4Network('10.95.0.0/16'),
 IPv4Network('10.96.0.0/16'),
 IPv4Network('10.97.0.0/16'),
 IPv4Network('10.98.0.0/16'),
 IPv4Network('10.99.0.0/16'),
 IPv4Network('10.100.0.0/16'),
 IPv4Network('10.101.0.0/16'),
 IPv4Network('10.102.0.0/16'),
 IPv4Network('10.103.0.0/16'),
 IPv4Network('10.104.0.0/16'),
 IPv4Network('10.105.0.0/16'),
 IPv4Network('10.106.0.0/16'),
 IPv4Network('10.107.0.0/16'),
 IPv4Network('10.108.0.0/16'),
 IPv4Network('10.109.0.0/16'),
 IPv4Network('10.110.0.0/16'),
 IPv4Network('10.111.0.0/16'),
 IPv4Network('10.112.0.0/16'),
 IPv4Network('10.113.0.0/16'),
 IPv4Network('10.114.0.0/16'),
 IPv4Network('10.115.0.0/16'),
 IPv4Network('10.116.0.0/16'),
 IPv4Network('10.117.0.0/16'),
 IPv4Network('10.118.0.0/16'),
 IPv4Network('10.119.0.0/16'),
 IPv4Network('10.120.0.0/16'),
 IPv4Network('10.121.0.0/16'),
 IPv4Network('10.122.0.0/16'),
 IPv4Network('10.123.0.0/16'),
 IPv4Network('10.124.0.0/16'),
 IPv4Network('10.125.0.0/16'),
 IPv4Network('10.126.0.0/16'),
 IPv4Network('10.127.0.0/16'),
 IPv4Network('10.128.0.0/16'),
 IPv4Network('10.129.0.0/16'),
 IPv4Network('10.130.0.0/16'),
 IPv4Network('10.131.0.0/16'),
 IPv4Network('10.132.0.0/16'),
 IPv4Network('10.133.0.0/16'),
 IPv4Network('10.134.0.0/16'),
 IPv4Network('10.135.0.0/16'),
 IPv4Network('10.136.0.0/16'),
 IPv4Network('10.137.0.0/16'),
 IPv4Network('10.138.0.0/16'),
 IPv4Network('10.139.0.0/16'),
 IPv4Network('10.140.0.0/16'),
 IPv4Network('10.141.0.0/16'),
 IPv4Network('10.142.0.0/16'),
 IPv4Network('10.143.0.0/16'),
 IPv4Network('10.144.0.0/16'),
 IPv4Network('10.145.0.0/16'),
 IPv4Network('10.146.0.0/16'),
 IPv4Network('10.147.0.0/16'),
 IPv4Network('10.148.0.0/16'),
 IPv4Network('10.149.0.0/16'),
 IPv4Network('10.150.0.0/16'),
 IPv4Network('10.151.0.0/16'),
 IPv4Network('10.152.0.0/16'),
 IPv4Network('10.153.0.0/16'),
 IPv4Network('10.154.0.0/16'),
 IPv4Network('10.155.0.0/16'),
 IPv4Network('10.156.0.0/16'),
 IPv4Network('10.157.0.0/16'),
 IPv4Network('10.158.0.0/16'),
 IPv4Network('10.159.0.0/16'),
 IPv4Network('10.160.0.0/16'),
 IPv4Network('10.161.0.0/16'),
 IPv4Network('10.162.0.0/16'),
 IPv4Network('10.163.0.0/16'),
 IPv4Network('10.164.0.0/16'),
 IPv4Network('10.165.0.0/16'),
 IPv4Network('10.166.0.0/16'),
 IPv4Network('10.167.0.0/16'),
 IPv4Network('10.168.0.0/16'),
 IPv4Network('10.169.0.0/16'),
 IPv4Network('10.170.0.0/16'),
 IPv4Network('10.171.0.0/16'),
 IPv4Network('10.172.0.0/16'),
 IPv4Network('10.173.0.0/16'),
 IPv4Network('10.174.0.0/16'),
 IPv4Network('10.175.0.0/16'),
 IPv4Network('10.176.0.0/16'),
 IPv4Network('10.177.0.0/16'),
 IPv4Network('10.178.0.0/16'),
 IPv4Network('10.179.0.0/16'),
 IPv4Network('10.180.0.0/16'),
 IPv4Network('10.181.0.0/16'),
 IPv4Network('10.182.0.0/16'),
 IPv4Network('10.183.0.0/16'),
 IPv4Network('10.184.0.0/16'),
 IPv4Network('10.185.0.0/16'),
 IPv4Network('10.186.0.0/16'),
 IPv4Network('10.187.0.0/16'),
 IPv4Network('10.188.0.0/16'),
 IPv4Network('10.189.0.0/16'),
 IPv4Network('10.190.0.0/16'),
 IPv4Network('10.191.0.0/16'),
 IPv4Network('10.192.0.0/16'),
 IPv4Network('10.193.0.0/16'),
 IPv4Network('10.194.0.0/16'),
 IPv4Network('10.195.0.0/16'),
 IPv4Network('10.196.0.0/16'),
 IPv4Network('10.197.0.0/16'),
 IPv4Network('10.198.0.0/16'),
 IPv4Network('10.199.0.0/16'),
 IPv4Network('10.200.0.0/16'),
 IPv4Network('10.201.0.0/16'),
 IPv4Network('10.202.0.0/16'),
 IPv4Network('10.203.0.0/16'),
 IPv4Network('10.204.0.0/16'),
 IPv4Network('10.205.0.0/16'),
 IPv4Network('10.206.0.0/16'),
 IPv4Network('10.207.0.0/16'),
 IPv4Network('10.208.0.0/16'),
 IPv4Network('10.209.0.0/16'),
 IPv4Network('10.210.0.0/16'),
 IPv4Network('10.211.0.0/16'),
 IPv4Network('10.212.0.0/16'),
 IPv4Network('10.213.0.0/16'),
 IPv4Network('10.214.0.0/16'),
 IPv4Network('10.215.0.0/16'),
 IPv4Network('10.216.0.0/16'),
 IPv4Network('10.217.0.0/16'),
 IPv4Network('10.218.0.0/16'),
 IPv4Network('10.219.0.0/16'),
 IPv4Network('10.220.0.0/16'),
 IPv4Network('10.221.0.0/16'),
 IPv4Network('10.222.0.0/16'),
 IPv4Network('10.223.0.0/16'),
 IPv4Network('10.224.0.0/16'),
 IPv4Network('10.225.0.0/16'),
 IPv4Network('10.226.0.0/16'),
 IPv4Network('10.227.0.0/16'),
 IPv4Network('10.228.0.0/16'),
 IPv4Network('10.229.0.0/16'),
 IPv4Network('10.230.0.0/16'),
 IPv4Network('10.231.0.0/16'),
 IPv4Network('10.232.0.0/16'),
 IPv4Network('10.233.0.0/16'),
 IPv4Network('10.234.0.0/16'),
 IPv4Network('10.235.0.0/16'),
 IPv4Network('10.236.0.0/16'),
 IPv4Network('10.237.0.0/16'),
 IPv4Network('10.238.0.0/16'),
 IPv4Network('10.239.0.0/16'),
 IPv4Network('10.240.0.0/16'),
 IPv4Network('10.241.0.0/16'),
 IPv4Network('10.242.0.0/16'),
 IPv4Network('10.243.0.0/16'),
 IPv4Network('10.244.0.0/16'),
 IPv4Network('10.245.0.0/16'),
 IPv4Network('10.246.0.0/16'),
 IPv4Network('10.247.0.0/16'),
 IPv4Network('10.248.0.0/16'),
 IPv4Network('10.249.0.0/16'),
 IPv4Network('10.250.0.0/16'),
 IPv4Network('10.251.0.0/16'),
 IPv4Network('10.252.0.0/16'),
 IPv4Network('10.253.0.0/16'),
 IPv4Network('10.254.0.0/16'),
 IPv4Network('10.255.0.0/16'),
 IPv4Network('149.160.0.0/16'),
 IPv4Network('149.161.0.0/16'),
 IPv4Network('149.162.0.0/16'),
 IPv4Network('149.163.0.0/16'),
 IPv4Network('172.16.0.0/16'),
 IPv4Network('172.17.0.0/16'),
 IPv4Network('172.18.0.0/16'),
 IPv4Network('172.19.0.0/16'),
 IPv4Network('172.20.0.0/16'),
 IPv4Network('172.21.0.0/16'),
 IPv4Network('172.22.0.0/16'),
 IPv4Network('172.23.0.0/16'),
 IPv4Network('172.24.0.0/16'),
 IPv4Network('172.25.0.0/16'),
 IPv4Network('172.26.0.0/16'),
 IPv4Network('172.27.0.0/16')]
[IPv4Network('129.79.0.0/16'),
 IPv4Network('134.68.0.0/16'),
 IPv4Network('140.182.0.0/16'),
 IPv4Network('149.159.0.0/16'),
 IPv4Network('156.56.0.0/16'),
 IPv4Network('172.16.0.0/12'),
 IPv4Network('192.168.0.0/24'),
 IPv6Network('::/128'),
 IPv4Network('10.0.0.0/16'),
 IPv4Network('10.1.0.0/16'),
 IPv4Network('10.2.0.0/16'),
 IPv4Network('10.3.0.0/16'),
 IPv4Network('10.4.0.0/16'),
 IPv4Network('10.5.0.0/16'),
 IPv4Network('10.6.0.0/16'),
 IPv4Network('10.7.0.0/16'),
 IPv4Network('10.8.0.0/16'),
 IPv4Network('10.9.0.0/16'),
 IPv4Network('10.10.0.0/16'),
 IPv4Network('10.11.0.0/16'),
 IPv4Network('10.12.0.0/16'),
 IPv4Network('10.13.0.0/16'),
 IPv4Network('10.14.0.0/16'),
 IPv4Network('10.15.0.0/16'),
 IPv4Network('10.16.0.0/16'),
 IPv4Network('10.17.0.0/16'),
 IPv4Network('10.18.0.0/16'),
 IPv4Network('10.19.0.0/16'),
 IPv4Network('10.20.0.0/16'),
 IPv4Network('10.21.0.0/16'),
 IPv4Network('10.22.0.0/16'),
 IPv4Network('10.23.0.0/16'),
 IPv4Network('10.24.0.0/16'),
 IPv4Network('10.25.0.0/16'),
 IPv4Network('10.26.0.0/16'),
 IPv4Network('10.27.0.0/16'),
 IPv4Network('10.28.0.0/16'),
 IPv4Network('10.29.0.0/16'),
 IPv4Network('10.30.0.0/16'),
 IPv4Network('10.31.0.0/16'),
 IPv4Network('10.32.0.0/16'),
 IPv4Network('10.33.0.0/16'),
 IPv4Network('10.34.0.0/16'),
 IPv4Network('10.35.0.0/16'),
 IPv4Network('10.36.0.0/16'),
 IPv4Network('10.37.0.0/16'),
 IPv4Network('10.38.0.0/16'),
 IPv4Network('10.39.0.0/16'),
 IPv4Network('10.40.0.0/16'),
 IPv4Network('10.41.0.0/16'),
 IPv4Network('10.42.0.0/16'),
 IPv4Network('10.43.0.0/16'),
 IPv4Network('10.44.0.0/16'),
 IPv4Network('10.45.0.0/16'),
 IPv4Network('10.46.0.0/16'),
 IPv4Network('10.47.0.0/16'),
 IPv4Network('10.48.0.0/16'),
 IPv4Network('10.49.0.0/16'),
 IPv4Network('10.50.0.0/16'),
 IPv4Network('10.51.0.0/16'),
 IPv4Network('10.52.0.0/16'),
 IPv4Network('10.53.0.0/16'),
 IPv4Network('10.54.0.0/16'),
 IPv4Network('10.55.0.0/16'),
 IPv4Network('10.56.0.0/16'),
 IPv4Network('10.57.0.0/16'),
 IPv4Network('10.58.0.0/16'),
 IPv4Network('10.59.0.0/16'),
 IPv4Network('10.60.0.0/16'),
 IPv4Network('10.61.0.0/16'),
 IPv4Network('10.62.0.0/16'),
 IPv4Network('10.63.0.0/16'),
 IPv4Network('10.64.0.0/16'),
 IPv4Network('10.65.0.0/16'),
 IPv4Network('10.66.0.0/16'),
 IPv4Network('10.67.0.0/16'),
 IPv4Network('10.68.0.0/16'),
 IPv4Network('10.69.0.0/16'),
 IPv4Network('10.70.0.0/16'),
 IPv4Network('10.71.0.0/16'),
 IPv4Network('10.72.0.0/16'),
 IPv4Network('10.73.0.0/16'),
 IPv4Network('10.74.0.0/16'),
 IPv4Network('10.75.0.0/16'),
 IPv4Network('10.76.0.0/16'),
 IPv4Network('10.77.0.0/16'),
 IPv4Network('10.78.0.0/16'),
 IPv4Network('10.79.0.0/16'),
 IPv4Network('10.80.0.0/16'),
 IPv4Network('10.81.0.0/16'),
 IPv4Network('10.82.0.0/16'),
 IPv4Network('10.83.0.0/16'),
 IPv4Network('10.84.0.0/16'),
 IPv4Network('10.85.0.0/16'),
 IPv4Network('10.86.0.0/16'),
 IPv4Network('10.87.0.0/16'),
 IPv4Network('10.88.0.0/16'),
 IPv4Network('10.89.0.0/16'),
 IPv4Network('10.90.0.0/16'),
 IPv4Network('10.91.0.0/16'),
 IPv4Network('10.92.0.0/16'),
 IPv4Network('10.93.0.0/16'),
 IPv4Network('10.94.0.0/16'),
 IPv4Network('10.95.0.0/16'),
 IPv4Network('10.96.0.0/16'),
 IPv4Network('10.97.0.0/16'),
 IPv4Network('10.98.0.0/16'),
 IPv4Network('10.99.0.0/16'),
 IPv4Network('10.100.0.0/16'),
 IPv4Network('10.101.0.0/16'),
 IPv4Network('10.102.0.0/16'),
 IPv4Network('10.103.0.0/16'),
 IPv4Network('10.104.0.0/16'),
 IPv4Network('10.105.0.0/16'),
 IPv4Network('10.106.0.0/16'),
 IPv4Network('10.107.0.0/16'),
 IPv4Network('10.108.0.0/16'),
 IPv4Network('10.109.0.0/16'),
 IPv4Network('10.110.0.0/16'),
 IPv4Network('10.111.0.0/16'),
 IPv4Network('10.112.0.0/16'),
 IPv4Network('10.113.0.0/16'),
 IPv4Network('10.114.0.0/16'),
 IPv4Network('10.115.0.0/16'),
 IPv4Network('10.116.0.0/16'),
 IPv4Network('10.117.0.0/16'),
 IPv4Network('10.118.0.0/16'),
 IPv4Network('10.119.0.0/16'),
 IPv4Network('10.120.0.0/16'),
 IPv4Network('10.121.0.0/16'),
 IPv4Network('10.122.0.0/16'),
 IPv4Network('10.123.0.0/16'),
 IPv4Network('10.124.0.0/16'),
 IPv4Network('10.125.0.0/16'),
 IPv4Network('10.126.0.0/16'),
 IPv4Network('10.127.0.0/16'),
 IPv4Network('10.128.0.0/16'),
 IPv4Network('10.129.0.0/16'),
 IPv4Network('10.130.0.0/16'),
 IPv4Network('10.131.0.0/16'),
 IPv4Network('10.132.0.0/16'),
 IPv4Network('10.133.0.0/16'),
 IPv4Network('10.134.0.0/16'),
 IPv4Network('10.135.0.0/16'),
 IPv4Network('10.136.0.0/16'),
 IPv4Network('10.137.0.0/16'),
 IPv4Network('10.138.0.0/16'),
 IPv4Network('10.139.0.0/16'),
 IPv4Network('10.140.0.0/16'),
 IPv4Network('10.141.0.0/16'),
 IPv4Network('10.142.0.0/16'),
 IPv4Network('10.143.0.0/16'),
 IPv4Network('10.144.0.0/16'),
 IPv4Network('10.145.0.0/16'),
 IPv4Network('10.146.0.0/16'),
 IPv4Network('10.147.0.0/16'),
 IPv4Network('10.148.0.0/16'),
 IPv4Network('10.149.0.0/16'),
 IPv4Network('10.150.0.0/16'),
 IPv4Network('10.151.0.0/16'),
 IPv4Network('10.152.0.0/16'),
 IPv4Network('10.153.0.0/16'),
 IPv4Network('10.154.0.0/16'),
 IPv4Network('10.155.0.0/16'),
 IPv4Network('10.156.0.0/16'),
 IPv4Network('10.157.0.0/16'),
 IPv4Network('10.158.0.0/16'),
 IPv4Network('10.159.0.0/16'),
 IPv4Network('10.160.0.0/16'),
 IPv4Network('10.161.0.0/16'),
 IPv4Network('10.162.0.0/16'),
 IPv4Network('10.163.0.0/16'),
 IPv4Network('10.164.0.0/16'),
 IPv4Network('10.165.0.0/16'),
 IPv4Network('10.166.0.0/16'),
 IPv4Network('10.167.0.0/16'),
 IPv4Network('10.168.0.0/16'),
 IPv4Network('10.169.0.0/16'),
 IPv4Network('10.170.0.0/16'),
 IPv4Network('10.171.0.0/16'),
 IPv4Network('10.172.0.0/16'),
 IPv4Network('10.173.0.0/16'),
 IPv4Network('10.174.0.0/16'),
 IPv4Network('10.175.0.0/16'),
 IPv4Network('10.176.0.0/16'),
 IPv4Network('10.177.0.0/16'),
 IPv4Network('10.178.0.0/16'),
 IPv4Network('10.179.0.0/16'),
 IPv4Network('10.180.0.0/16'),
 IPv4Network('10.181.0.0/16'),
 IPv4Network('10.182.0.0/16'),
 IPv4Network('10.183.0.0/16'),
 IPv4Network('10.184.0.0/16'),
 IPv4Network('10.185.0.0/16'),
 IPv4Network('10.186.0.0/16'),
 IPv4Network('10.187.0.0/16'),
 IPv4Network('10.188.0.0/16'),
 IPv4Network('10.189.0.0/16'),
 IPv4Network('10.190.0.0/16'),
 IPv4Network('10.191.0.0/16'),
 IPv4Network('10.192.0.0/16'),
 IPv4Network('10.193.0.0/16'),
 IPv4Network('10.194.0.0/16'),
 IPv4Network('10.195.0.0/16'),
 IPv4Network('10.196.0.0/16'),
 IPv4Network('10.197.0.0/16'),
 IPv4Network('10.198.0.0/16'),
 IPv4Network('10.199.0.0/16'),
 IPv4Network('10.200.0.0/16'),
 IPv4Network('10.201.0.0/16'),
 IPv4Network('10.202.0.0/16'),
 IPv4Network('10.203.0.0/16'),
 IPv4Network('10.204.0.0/16'),
 IPv4Network('10.205.0.0/16'),
 IPv4Network('10.206.0.0/16'),
 IPv4Network('10.207.0.0/16'),
 IPv4Network('10.208.0.0/16'),
 IPv4Network('10.209.0.0/16'),
 IPv4Network('10.210.0.0/16'),
 IPv4Network('10.211.0.0/16'),
 IPv4Network('10.212.0.0/16'),
 IPv4Network('10.213.0.0/16'),
 IPv4Network('10.214.0.0/16'),
 IPv4Network('10.215.0.0/16'),
 IPv4Network('10.216.0.0/16'),
 IPv4Network('10.217.0.0/16'),
 IPv4Network('10.218.0.0/16'),
 IPv4Network('10.219.0.0/16'),
 IPv4Network('10.220.0.0/16'),
 IPv4Network('10.221.0.0/16'),
 IPv4Network('10.222.0.0/16'),
 IPv4Network('10.223.0.0/16'),
 IPv4Network('10.224.0.0/16'),
 IPv4Network('10.225.0.0/16'),
 IPv4Network('10.226.0.0/16'),
 IPv4Network('10.227.0.0/16'),
 IPv4Network('10.228.0.0/16'),
 IPv4Network('10.229.0.0/16'),
 IPv4Network('10.230.0.0/16'),
 IPv4Network('10.231.0.0/16'),
 IPv4Network('10.232.0.0/16'),
 IPv4Network('10.233.0.0/16'),
 IPv4Network('10.234.0.0/16'),
 IPv4Network('10.235.0.0/16'),
 IPv4Network('10.236.0.0/16'),
 IPv4Network('10.237.0.0/16'),
 IPv4Network('10.238.0.0/16'),
 IPv4Network('10.239.0.0/16'),
 IPv4Network('10.240.0.0/16'),
 IPv4Network('10.241.0.0/16'),
 IPv4Network('10.242.0.0/16'),
 IPv4Network('10.243.0.0/16'),
 IPv4Network('10.244.0.0/16'),
 IPv4Network('10.245.0.0/16'),
 IPv4Network('10.246.0.0/16'),
 IPv4Network('10.247.0.0/16'),
 IPv4Network('10.248.0.0/16'),
 IPv4Network('10.249.0.0/16'),
 IPv4Network('10.250.0.0/16'),
 IPv4Network('10.251.0.0/16'),
 IPv4Network('10.252.0.0/16'),
 IPv4Network('10.253.0.0/16'),
 IPv4Network('10.254.0.0/16'),
 IPv4Network('10.255.0.0/16'),
 IPv4Network('149.160.0.0/16'),
 IPv4Network('149.161.0.0/16'),
 IPv4Network('149.162.0.0/16'),
 IPv4Network('149.163.0.0/16'),
 IPv4Network('172.16.0.0/16'),
 IPv4Network('172.17.0.0/16'),
 IPv4Network('172.18.0.0/16'),
 IPv4Network('172.19.0.0/16'),
 IPv4Network('172.20.0.0/16'),
 IPv4Network('172.21.0.0/16'),
 IPv4Network('172.22.0.0/16'),
 IPv4Network('172.23.0.0/16'),
 IPv4Network('172.24.0.0/16'),
 IPv4Network('172.25.0.0/16'),
 IPv4Network('172.26.0.0/16'),
 IPv4Network('172.27.0.0/16')]
[IPv4Network('129.79.0.0/16'),
 IPv4Network('134.68.0.0/16'),
 IPv4Network('140.182.0.0/16'),
 IPv4Network('149.159.0.0/16'),
 IPv4Network('156.56.0.0/16'),
 IPv4Network('172.16.0.0/12'),
 IPv4Network('192.168.0.0/24'),
 IPv6Network('::/128'),
 IPv4Network('10.0.0.0/16'),
 IPv4Network('10.1.0.0/16'),
 IPv4Network('10.2.0.0/16'),
 IPv4Network('10.3.0.0/16'),
 IPv4Network('10.4.0.0/16'),
 IPv4Network('10.5.0.0/16'),
 IPv4Network('10.6.0.0/16'),
 IPv4Network('10.7.0.0/16'),
 IPv4Network('10.8.0.0/16'),
 IPv4Network('10.9.0.0/16'),
 IPv4Network('10.10.0.0/16'),
 IPv4Network('10.11.0.0/16'),
 IPv4Network('10.12.0.0/16'),
 IPv4Network('10.13.0.0/16'),
 IPv4Network('10.14.0.0/16'),
 IPv4Network('10.15.0.0/16'),
 IPv4Network('10.16.0.0/16'),
 IPv4Network('10.17.0.0/16'),
 IPv4Network('10.18.0.0/16'),
 IPv4Network('10.19.0.0/16'),
 IPv4Network('10.20.0.0/16'),
 IPv4Network('10.21.0.0/16'),
 IPv4Network('10.22.0.0/16'),
 IPv4Network('10.23.0.0/16'),
 IPv4Network('10.24.0.0/16'),
 IPv4Network('10.25.0.0/16'),
 IPv4Network('10.26.0.0/16'),
 IPv4Network('10.27.0.0/16'),
 IPv4Network('10.28.0.0/16'),
 IPv4Network('10.29.0.0/16'),
 IPv4Network('10.30.0.0/16'),
 IPv4Network('10.31.0.0/16'),
 IPv4Network('10.32.0.0/16'),
 IPv4Network('10.33.0.0/16'),
 IPv4Network('10.34.0.0/16'),
 IPv4Network('10.35.0.0/16'),
 IPv4Network('10.36.0.0/16'),
 IPv4Network('10.37.0.0/16'),
 IPv4Network('10.38.0.0/16'),
 IPv4Network('10.39.0.0/16'),
 IPv4Network('10.40.0.0/16'),
 IPv4Network('10.41.0.0/16'),
 IPv4Network('10.42.0.0/16'),
 IPv4Network('10.43.0.0/16'),
 IPv4Network('10.44.0.0/16'),
 IPv4Network('10.45.0.0/16'),
 IPv4Network('10.46.0.0/16'),
 IPv4Network('10.47.0.0/16'),
 IPv4Network('10.48.0.0/16'),
 IPv4Network('10.49.0.0/16'),
 IPv4Network('10.50.0.0/16'),
 IPv4Network('10.51.0.0/16'),
 IPv4Network('10.52.0.0/16'),
 IPv4Network('10.53.0.0/16'),
 IPv4Network('10.54.0.0/16'),
 IPv4Network('10.55.0.0/16'),
 IPv4Network('10.56.0.0/16'),
 IPv4Network('10.57.0.0/16'),
 IPv4Network('10.58.0.0/16'),
 IPv4Network('10.59.0.0/16'),
 IPv4Network('10.60.0.0/16'),
 IPv4Network('10.61.0.0/16'),
 IPv4Network('10.62.0.0/16'),
 IPv4Network('10.63.0.0/16'),
 IPv4Network('10.64.0.0/16'),
 IPv4Network('10.65.0.0/16'),
 IPv4Network('10.66.0.0/16'),
 IPv4Network('10.67.0.0/16'),
 IPv4Network('10.68.0.0/16'),
 IPv4Network('10.69.0.0/16'),
 IPv4Network('10.70.0.0/16'),
 IPv4Network('10.71.0.0/16'),
 IPv4Network('10.72.0.0/16'),
 IPv4Network('10.73.0.0/16'),
 IPv4Network('10.74.0.0/16'),
 IPv4Network('10.75.0.0/16'),
 IPv4Network('10.76.0.0/16'),
 IPv4Network('10.77.0.0/16'),
 IPv4Network('10.78.0.0/16'),
 IPv4Network('10.79.0.0/16'),
 IPv4Network('10.80.0.0/16'),
 IPv4Network('10.81.0.0/16'),
 IPv4Network('10.82.0.0/16'),
 IPv4Network('10.83.0.0/16'),
 IPv4Network('10.84.0.0/16'),
 IPv4Network('10.85.0.0/16'),
 IPv4Network('10.86.0.0/16'),
 IPv4Network('10.87.0.0/16'),
 IPv4Network('10.88.0.0/16'),
 IPv4Network('10.89.0.0/16'),
 IPv4Network('10.90.0.0/16'),
 IPv4Network('10.91.0.0/16'),
 IPv4Network('10.92.0.0/16'),
 IPv4Network('10.93.0.0/16'),
 IPv4Network('10.94.0.0/16'),
 IPv4Network('10.95.0.0/16'),
 IPv4Network('10.96.0.0/16'),
 IPv4Network('10.97.0.0/16'),
 IPv4Network('10.98.0.0/16'),
 IPv4Network('10.99.0.0/16'),
 IPv4Network('10.100.0.0/16'),
 IPv4Network('10.101.0.0/16'),
 IPv4Network('10.102.0.0/16'),
 IPv4Network('10.103.0.0/16'),
 IPv4Network('10.104.0.0/16'),
 IPv4Network('10.105.0.0/16'),
 IPv4Network('10.106.0.0/16'),
 IPv4Network('10.107.0.0/16'),
 IPv4Network('10.108.0.0/16'),
 IPv4Network('10.109.0.0/16'),
 IPv4Network('10.110.0.0/16'),
 IPv4Network('10.111.0.0/16'),
 IPv4Network('10.112.0.0/16'),
 IPv4Network('10.113.0.0/16'),
 IPv4Network('10.114.0.0/16'),
 IPv4Network('10.115.0.0/16'),
 IPv4Network('10.116.0.0/16'),
 IPv4Network('10.117.0.0/16'),
 IPv4Network('10.118.0.0/16'),
 IPv4Network('10.119.0.0/16'),
 IPv4Network('10.120.0.0/16'),
 IPv4Network('10.121.0.0/16'),
 IPv4Network('10.122.0.0/16'),
 IPv4Network('10.123.0.0/16'),
 IPv4Network('10.124.0.0/16'),
 IPv4Network('10.125.0.0/16'),
 IPv4Network('10.126.0.0/16'),
 IPv4Network('10.127.0.0/16'),
 IPv4Network('10.128.0.0/16'),
 IPv4Network('10.129.0.0/16'),
 IPv4Network('10.130.0.0/16'),
 IPv4Network('10.131.0.0/16'),
 IPv4Network('10.132.0.0/16'),
 IPv4Network('10.133.0.0/16'),
 IPv4Network('10.134.0.0/16'),
 IPv4Network('10.135.0.0/16'),
 IPv4Network('10.136.0.0/16'),
 IPv4Network('10.137.0.0/16'),
 IPv4Network('10.138.0.0/16'),
 IPv4Network('10.139.0.0/16'),
 IPv4Network('10.140.0.0/16'),
 IPv4Network('10.141.0.0/16'),
 IPv4Network('10.142.0.0/16'),
 IPv4Network('10.143.0.0/16'),
 IPv4Network('10.144.0.0/16'),
 IPv4Network('10.145.0.0/16'),
 IPv4Network('10.146.0.0/16'),
 IPv4Network('10.147.0.0/16'),
 IPv4Network('10.148.0.0/16'),
 IPv4Network('10.149.0.0/16'),
 IPv4Network('10.150.0.0/16'),
 IPv4Network('10.151.0.0/16'),
 IPv4Network('10.152.0.0/16'),
 IPv4Network('10.153.0.0/16'),
 IPv4Network('10.154.0.0/16'),
 IPv4Network('10.155.0.0/16'),
 IPv4Network('10.156.0.0/16'),
 IPv4Network('10.157.0.0/16'),
 IPv4Network('10.158.0.0/16'),
 IPv4Network('10.159.0.0/16'),
 IPv4Network('10.160.0.0/16'),
 IPv4Network('10.161.0.0/16'),
 IPv4Network('10.162.0.0/16'),
 IPv4Network('10.163.0.0/16'),
 IPv4Network('10.164.0.0/16'),
 IPv4Network('10.165.0.0/16'),
 IPv4Network('10.166.0.0/16'),
 IPv4Network('10.167.0.0/16'),
 IPv4Network('10.168.0.0/16'),
 IPv4Network('10.169.0.0/16'),
 IPv4Network('10.170.0.0/16'),
 IPv4Network('10.171.0.0/16'),
 IPv4Network('10.172.0.0/16'),
 IPv4Network('10.173.0.0/16'),
 IPv4Network('10.174.0.0/16'),
 IPv4Network('10.175.0.0/16'),
 IPv4Network('10.176.0.0/16'),
 IPv4Network('10.177.0.0/16'),
 IPv4Network('10.178.0.0/16'),
 IPv4Network('10.179.0.0/16'),
 IPv4Network('10.180.0.0/16'),
 IPv4Network('10.181.0.0/16'),
 IPv4Network('10.182.0.0/16'),
 IPv4Network('10.183.0.0/16'),
 IPv4Network('10.184.0.0/16'),
 IPv4Network('10.185.0.0/16'),
 IPv4Network('10.186.0.0/16'),
 IPv4Network('10.187.0.0/16'),
 IPv4Network('10.188.0.0/16'),
 IPv4Network('10.189.0.0/16'),
 IPv4Network('10.190.0.0/16'),
 IPv4Network('10.191.0.0/16'),
 IPv4Network('10.192.0.0/16'),
 IPv4Network('10.193.0.0/16'),
 IPv4Network('10.194.0.0/16'),
 IPv4Network('10.195.0.0/16'),
 IPv4Network('10.196.0.0/16'),
 IPv4Network('10.197.0.0/16'),
 IPv4Network('10.198.0.0/16'),
 IPv4Network('10.199.0.0/16'),
 IPv4Network('10.200.0.0/16'),
 IPv4Network('10.201.0.0/16'),
 IPv4Network('10.202.0.0/16'),
 IPv4Network('10.203.0.0/16'),
 IPv4Network('10.204.0.0/16'),
 IPv4Network('10.205.0.0/16'),
 IPv4Network('10.206.0.0/16'),
 IPv4Network('10.207.0.0/16'),
 IPv4Network('10.208.0.0/16'),
 IPv4Network('10.209.0.0/16'),
 IPv4Network('10.210.0.0/16'),
 IPv4Network('10.211.0.0/16'),
 IPv4Network('10.212.0.0/16'),
 IPv4Network('10.213.0.0/16'),
 IPv4Network('10.214.0.0/16'),
 IPv4Network('10.215.0.0/16'),
 IPv4Network('10.216.0.0/16'),
 IPv4Network('10.217.0.0/16'),
 IPv4Network('10.218.0.0/16'),
 IPv4Network('10.219.0.0/16'),
 IPv4Network('10.220.0.0/16'),
 IPv4Network('10.221.0.0/16'),
 IPv4Network('10.222.0.0/16'),
 IPv4Network('10.223.0.0/16'),
 IPv4Network('10.224.0.0/16'),
 IPv4Network('10.225.0.0/16'),
 IPv4Network('10.226.0.0/16'),
 IPv4Network('10.227.0.0/16'),
 IPv4Network('10.228.0.0/16'),
 IPv4Network('10.229.0.0/16'),
 IPv4Network('10.230.0.0/16'),
 IPv4Network('10.231.0.0/16'),
 IPv4Network('10.232.0.0/16'),
 IPv4Network('10.233.0.0/16'),
 IPv4Network('10.234.0.0/16'),
 IPv4Network('10.235.0.0/16'),
 IPv4Network('10.236.0.0/16'),
 IPv4Network('10.237.0.0/16'),
 IPv4Network('10.238.0.0/16'),
 IPv4Network('10.239.0.0/16'),
 IPv4Network('10.240.0.0/16'),
 IPv4Network('10.241.0.0/16'),
 IPv4Network('10.242.0.0/16'),
 IPv4Network('10.243.0.0/16'),
 IPv4Network('10.244.0.0/16'),
 IPv4Network('10.245.0.0/16'),
 IPv4Network('10.246.0.0/16'),
 IPv4Network('10.247.0.0/16'),
 IPv4Network('10.248.0.0/16'),
 IPv4Network('10.249.0.0/16'),
 IPv4Network('10.250.0.0/16'),
 IPv4Network('10.251.0.0/16'),
 IPv4Network('10.252.0.0/16'),
 IPv4Network('10.253.0.0/16'),
 IPv4Network('10.254.0.0/16'),
 IPv4Network('10.255.0.0/16'),
 IPv4Network('149.160.0.0/16'),
 IPv4Network('149.161.0.0/16'),
 IPv4Network('149.162.0.0/16'),
 IPv4Network('149.163.0.0/16'),
 IPv4Network('172.16.0.0/16'),
 IPv4Network('172.17.0.0/16'),
 IPv4Network('172.18.0.0/16'),
 IPv4Network('172.19.0.0/16'),
 IPv4Network('172.20.0.0/16'),
 IPv4Network('172.21.0.0/16'),
 IPv4Network('172.22.0.0/16'),
 IPv4Network('172.23.0.0/16'),
 IPv4Network('172.24.0.0/16'),
 IPv4Network('172.25.0.0/16'),
 IPv4Network('172.26.0.0/16'),
 IPv4Network('172.27.0.0/16'),
 IPv4Network('172.28.0.0/16'),
 IPv4Network('172.29.0.0/16')]
]]>	</system-out>
	<system-err>
<![CDATA[]]>	</system-err>
	<testcase classname="SimpleBalancerOnlyTest.SimpleBalancerInitTest" name="testInit" time="3.358">
		<failure message="560 != 566" type="AssertionError">
<![CDATA[Traceback (most recent call last):
  File "/home/saikappa/workspace/SciPass/python/t/SimpleBalancerOnlyTest.py", line 42, in testInit
    self.assertEquals(len(flows), 566)
AssertionError: 560 != 566

Stdout:
[IPv4Network('10.0.0.0/8'),
 IPv4Network('129.79.0.0/16'),
 IPv4Network('134.68.0.0/16'),
 IPv4Network('140.182.0.0/16'),
 IPv4Network('149.159.0.0/16'),
 IPv4Network('149.160.0.0/14'),
 IPv4Network('156.56.0.0/16'),
 IPv4Network('172.16.0.0/12'),
 IPv4Network('192.168.0.0/24'),
 IPv6Network('::/128')]
[IPv4Network('10.0.0.0/8'),
 IPv4Network('129.79.0.0/16'),
 IPv4Network('134.68.0.0/16'),
 IPv4Network('140.182.0.0/16'),
 IPv4Network('149.159.0.0/16'),
 IPv4Network('149.160.0.0/14'),
 IPv4Network('156.56.0.0/16'),
 IPv4Network('172.16.0.0/12'),
 IPv4Network('192.168.0.0/24'),
 IPv6Network('::/128')]
[IPv4Network('10.0.0.0/8'),
 IPv4Network('129.79.0.0/16'),
 IPv4Network('134.68.0.0/16'),
 IPv4Network('140.182.0.0/16'),
 IPv4Network('149.159.0.0/16'),
 IPv4Network('149.160.0.0/14'),
 IPv4Network('156.56.0.0/16'),
 IPv4Network('172.16.0.0/12'),
 IPv4Network('192.168.0.0/24'),
 IPv6Network('::/128')]
[IPv4Network('10.0.0.0/8'),
 IPv4Network('129.79.0.0/16'),
 IPv4Network('134.68.0.0/16'),
 IPv4Network('140.182.0.0/16'),
 IPv4Network('149.159.0.0/16'),
 IPv4Network('149.160.0.0/14'),
 IPv4Network('156.56.0.0/16'),
 IPv4Network('172.16.0.0/12'),
 IPv4Network('192.168.0.0/24'),
 IPv6Network('::/128')]
[IPv4Network('10.0.0.0/8'),
 IPv4Network('129.79.0.0/16'),
 IPv4Network('134.68.0.0/16'),
 IPv4Network('140.182.0.0/16'),
 IPv4Network('149.159.0.0/16'),
 IPv4Network('149.160.0.0/14'),
 IPv4Network('156.56.0.0/16'),
 IPv4Network('172.16.0.0/12'),
 IPv4Network('192.168.0.0/24'),
 IPv6Network('::/128')]
[IPv4Network('10.0.0.0/8'),
 IPv4Network('129.79.0.0/16'),
 IPv4Network('134.68.0.0/16'),
 IPv4Network('140.182.0.0/16'),
 IPv4Network('149.159.0.0/16'),
 IPv4Network('149.160.0.0/14'),
 IPv4Network('156.56.0.0/16'),
 IPv4Network('172.16.0.0/12'),
 IPv4Network('192.168.0.0/24'),
 IPv6Network('::/128')]
[IPv4Network('10.0.0.0/8'),
 IPv4Network('129.79.0.0/16'),
 IPv4Network('134.68.0.0/16'),
 IPv4Network('140.182.0.0/16'),
 IPv4Network('149.159.0.0/16'),
 IPv4Network('149.160.0.0/14'),
 IPv4Network('156.56.0.0/16'),
 IPv4Network('172.16.0.0/12'),
 IPv4Network('192.168.0.0/24'),
 IPv6Network('::/128')]
[IPv4Network('10.0.0.0/8'),
 IPv4Network('129.79.0.0/16'),
 IPv4Network('134.68.0.0/16'),
 IPv4Network('140.182.0.0/16'),
 IPv4Network('149.159.0.0/16'),
 IPv4Network('149.160.0.0/14'),
 IPv4Network('156.56.0.0/16'),
 IPv4Network('172.16.0.0/12'),
 IPv4Network('192.168.0.0/24'),
 IPv6Network('::/128')]
[IPv4Network('10.0.0.0/8'),
 IPv4Network('129.79.0.0/16'),
 IPv4Network('134.68.0.0/16'),
 IPv4Network('140.182.0.0/16'),
 IPv4Network('149.159.0.0/16'),
 IPv4Network('149.160.0.0/14'),
 IPv4Network('156.56.0.0/16'),
 IPv4Network('172.16.0.0/12'),
 IPv4Network('192.168.0.0/24'),
 IPv6Network('::/128')]
[IPv4Network('10.0.0.0/8'),
 IPv4Network('129.79.0.0/16'),
 IPv4Network('134.68.0.0/16'),
 IPv4Network('140.182.0.0/16'),
 IPv4Network('149.159.0.0/16'),
 IPv4Network('149.160.0.0/14'),
 IPv4Network('156.56.0.0/16'),
 IPv4Network('172.16.0.0/12'),
 IPv4Network('192.168.0.0/24'),
 IPv6Network('::/128'),
 IPv4Network('10.0.0.0/16'),
 IPv4Network('10.1.0.0/16')]
[IPv4Network('10.0.0.0/8'),
 IPv4Network('129.79.0.0/16'),
 IPv4Network('134.68.0.0/16'),
 IPv4Network('140.182.0.0/16'),
 IPv4Network('149.159.0.0/16'),
 IPv4Network('149.160.0.0/14'),
 IPv4Network('156.56.0.0/16'),
 IPv4Network('172.16.0.0/12'),
 IPv4Network('192.168.0.0/24'),
 IPv6Network('::/128'),
 IPv4Network('10.0.0.0/16'),
 IPv4Network('10.1.0.0/16'),
 IPv4Network('10.2.0.0/16'),
 IPv4Network('10.3.0.0/16')]
[IPv4Network('10.0.0.0/8'),
 IPv4Network('129.79.0.0/16'),
 IPv4Network('134.68.0.0/16'),
 IPv4Network('140.182.0.0/16'),
 IPv4Network('149.159.0.0/16'),
 IPv4Network('149.160.0.0/14'),
 IPv4Network('156.56.0.0/16'),
 IPv4Network('172.16.0.0/12'),
 IPv4Network('192.168.0.0/24'),
 IPv6Network('::/128'),
 IPv4Network('10.0.0.0/16'),
 IPv4Network('10.1.0.0/16'),
 IPv4Network('10.2.0.0/16'),
 IPv4Network('10.3.0.0/16')]
[IPv4Network('10.0.0.0/8'),
 IPv4Network('129.79.0.0/16'),
 IPv4Network('134.68.0.0/16'),
 IPv4Network('140.182.0.0/16'),
 IPv4Network('149.159.0.0/16'),
 IPv4Network('149.160.0.0/14'),
 IPv4Network('156.56.0.0/16'),
 IPv4Network('172.16.0.0/12'),
 IPv4Network('192.168.0.0/24'),
 IPv6Network('::/128'),
 IPv4Network('10.0.0.0/16'),
 IPv4Network('10.1.0.0/16'),
 IPv4Network('10.2.0.0/16'),
 IPv4Network('10.3.0.0/16'),
 IPv4Network('10.4.0.0/16'),
 IPv4Network('10.5.0.0/16')]
[IPv4Network('10.0.0.0/8'),
 IPv4Network('129.79.0.0/16'),
 IPv4Network('134.68.0.0/16'),
 IPv4Network('140.182.0.0/16'),
 IPv4Network('149.159.0.0/16'),
 IPv4Network('149.160.0.0/14'),
 IPv4Network('156.56.0.0/16'),
 IPv4Network('172.16.0.0/12'),
 IPv4Network('192.168.0.0/24'),
 IPv6Network('::/128'),
 IPv4Network('10.0.0.0/16'),
 IPv4Network('10.1.0.0/16'),
 IPv4Network('10.2.0.0/16'),
 IPv4Network('10.3.0.0/16'),
 IPv4Network('10.4.0.0/16'),
 IPv4Network('10.5.0.0/16'),
 IPv4Network('10.6.0.0/16'),
 IPv4Network('10.7.0.0/16')]
[IPv4Network('10.0.0.0/8'),
 IPv4Network('129.79.0.0/16'),
 IPv4Network('134.68.0.0/16'),
 IPv4Network('140.182.0.0/16'),
 IPv4Network('149.159.0.0/16'),
 IPv4Network('149.160.0.0/14'),
 IPv4Network('156.56.0.0/16'),
 IPv4Network('172.16.0.0/12'),
 IPv4Network('192.168.0.0/24'),
 IPv6Network('::/128'),
 IPv4Network('10.0.0.0/16'),
 IPv4Network('10.1.0.0/16'),
 IPv4Network('10.2.0.0/16'),
 IPv4Network('10.3.0.0/16'),
 IPv4Network('10.4.0.0/16'),
 IPv4Network('10.5.0.0/16'),
 IPv4Network('10.6.0.0/16'),
 IPv4Network('10.7.0.0/16')]
[IPv4Network('10.0.0.0/8'),
 IPv4Network('129.79.0.0/16'),
 IPv4Network('134.68.0.0/16'),
 IPv4Network('140.182.0.0/16'),
 IPv4Network('149.159.0.0/16'),
 IPv4Network('149.160.0.0/14'),
 IPv4Network('156.56.0.0/16'),
 IPv4Network('172.16.0.0/12'),
 IPv4Network('192.168.0.0/24'),
 IPv6Network('::/128'),
 IPv4Network('10.0.0.0/16'),
 IPv4Network('10.1.0.0/16'),
 IPv4Network('10.2.0.0/16'),
 IPv4Network('10.3.0.0/16'),
 IPv4Network('10.4.0.0/16'),
 IPv4Network('10.5.0.0/16'),
 IPv4Network('10.6.0.0/16'),
 IPv4Network('10.7.0.0/16')]
[IPv4Network('10.0.0.0/8'),
 IPv4Network('129.79.0.0/16'),
 IPv4Network('134.68.0.0/16'),
 IPv4Network('140.182.0.0/16'),
 IPv4Network('149.159.0.0/16'),
 IPv4Network('149.160.0.0/14'),
 IPv4Network('156.56.0.0/16'),
 IPv4Network('172.16.0.0/12'),
 IPv4Network('192.168.0.0/24'),
 IPv6Network('::/128'),
 IPv4Network('10.0.0.0/16'),
 IPv4Network('10.1.0.0/16'),
 IPv4Network('10.2.0.0/16'),
 IPv4Network('10.3.0.0/16'),
 IPv4Network('10.4.0.0/16'),
 IPv4Network('10.5.0.0/16'),
 IPv4Network('10.6.0.0/16'),
 IPv4Network('10.7.0.0/16'),
 IPv4Network('10.8.0.0/16'),
 IPv4Network('10.9.0.0/16')]
[IPv4Network('10.0.0.0/8'),
 IPv4Network('129.79.0.0/16'),
 IPv4Network('134.68.0.0/16'),
 IPv4Network('140.182.0.0/16'),
 IPv4Network('149.159.0.0/16'),
 IPv4Network('149.160.0.0/14'),
 IPv4Network('156.56.0.0/16'),
 IPv4Network('172.16.0.0/12'),
 IPv4Network('192.168.0.0/24'),
 IPv6Network('::/128'),
 IPv4Network('10.0.0.0/16'),
 IPv4Network('10.1.0.0/16'),
 IPv4Network('10.2.0.0/16'),
 IPv4Network('10.3.0.0/16'),
 IPv4Network('10.4.0.0/16'),
 IPv4Network('10.5.0.0/16'),
 IPv4Network('10.6.0.0/16'),
 IPv4Network('10.7.0.0/16'),
 IPv4Network('10.8.0.0/16'),
 IPv4Network('10.9.0.0/16'),
 IPv4Network('10.10.0.0/16'),
 IPv4Network('10.11.0.0/16')]
[IPv4Network('10.0.0.0/8'),
 IPv4Network('129.79.0.0/16'),
 IPv4Network('134.68.0.0/16'),
 IPv4Network('140.182.0.0/16'),
 IPv4Network('149.159.0.0/16'),
 IPv4Network('149.160.0.0/14'),
 IPv4Network('156.56.0.0/16'),
 IPv4Network('172.16.0.0/12'),
 IPv4Network('192.168.0.0/24'),
 IPv6Network('::/128'),
 IPv4Network('10.0.0.0/16'),
 IPv4Network('10.1.0.0/16'),
 IPv4Network('10.2.0.0/16'),
 IPv4Network('10.3.0.0/16'),
 IPv4Network('10.4.0.0/16'),
 IPv4Network('10.5.0.0/16'),
 IPv4Network('10.6.0.0/16'),
 IPv4Network('10.7.0.0/16'),
 IPv4Network('10.8.0.0/16'),
 IPv4Network('10.9.0.0/16'),
 IPv4Network('10.10.0.0/16'),
 IPv4Network('10.11.0.0/16')]
[IPv4Network('10.0.0.0/8'),
 IPv4Network('129.79.0.0/16'),
 IPv4Network('134.68.0.0/16'),
 IPv4Network('140.182.0.0/16'),
 IPv4Network('149.159.0.0/16'),
 IPv4Network('149.160.0.0/14'),
 IPv4Network('156.56.0.0/16'),
 IPv4Network('172.16.0.0/12'),
 IPv4Network('192.168.0.0/24'),
 IPv6Network('::/128'),
 IPv4Network('10.0.0.0/16'),
 IPv4Network('10.1.0.0/16'),
 IPv4Network('10.2.0.0/16'),
 IPv4Network('10.3.0.0/16'),
 IPv4Network('10.4.0.0/16'),
 IPv4Network('10.5.0.0/16'),
 IPv4Network('10.6.0.0/16'),
 IPv4Network('10.7.0.0/16'),
 IPv4Network('10.8.0.0/16'),
 IPv4Network('10.9.0.0/16'),
 IPv4Network('10.10.0.0/16'),
 IPv4Network('10.11.0.0/16'),
 IPv4Network('10.12.0.0/16'),
 IPv4Network('10.13.0.0/16')]
[IPv4Network('10.0.0.0/8'),
 IPv4Network('129.79.0.0/16'),
 IPv4Network('134.68.0.0/16'),
 IPv4Network('140.182.0.0/16'),
 IPv4Network('149.159.0.0/16'),
 IPv4Network('149.160.0.0/14'),
 IPv4Network('156.56.0.0/16'),
 IPv4Network('172.16.0.0/12'),
 IPv4Network('192.168.0.0/24'),
 IPv6Network('::/128'),
 IPv4Network('10.0.0.0/16'),
 IPv4Network('10.1.0.0/16'),
 IPv4Network('10.2.0.0/16'),
 IPv4Network('10.3.0.0/16'),
 IPv4Network('10.4.0.0/16'),
 IPv4Network('10.5.0.0/16'),
 IPv4Network('10.6.0.0/16'),
 IPv4Network('10.7.0.0/16'),
 IPv4Network('10.8.0.0/16'),
 IPv4Network('10.9.0.0/16'),
 IPv4Network('10.10.0.0/16'),
 IPv4Network('10.11.0.0/16'),
 IPv4Network('10.12.0.0/16'),
 IPv4Network('10.13.0.0/16'),
 IPv4Network('10.14.0.0/16'),
 IPv4Network('10.15.0.0/16')]
[IPv4Network('10.0.0.0/8'),
 IPv4Network('129.79.0.0/16'),
 IPv4Network('134.68.0.0/16'),
 IPv4Network('140.182.0.0/16'),
 IPv4Network('149.159.0.0/16'),
 IPv4Network('149.160.0.0/14'),
 IPv4Network('156.56.0.0/16'),
 IPv4Network('172.16.0.0/12'),
 IPv4Network('192.168.0.0/24'),
 IPv6Network('::/128'),
 IPv4Network('10.0.0.0/16'),
 IPv4Network('10.1.0.0/16'),
 IPv4Network('10.2.0.0/16'),
 IPv4Network('10.3.0.0/16'),
 IPv4Network('10.4.0.0/16'),
 IPv4Network('10.5.0.0/16'),
 IPv4Network('10.6.0.0/16'),
 IPv4Network('10.7.0.0/16'),
 IPv4Network('10.8.0.0/16'),
 IPv4Network('10.9.0.0/16'),
 IPv4Network('10.10.0.0/16'),
 IPv4Network('10.11.0.0/16'),
 IPv4Network('10.12.0.0/16'),
 IPv4Network('10.13.0.0/16'),
 IPv4Network('10.14.0.0/16'),
 IPv4Network('10.15.0.0/16')]
[IPv4Network('10.0.0.0/8'),
 IPv4Network('129.79.0.0/16'),
 IPv4Network('134.68.0.0/16'),
 IPv4Network('140.182.0.0/16'),
 IPv4Network('149.159.0.0/16'),
 IPv4Network('149.160.0.0/14'),
 IPv4Network('156.56.0.0/16'),
 IPv4Network('172.16.0.0/12'),
 IPv4Network('192.168.0.0/24'),
 IPv6Network('::/128'),
 IPv4Network('10.0.0.0/16'),
 IPv4Network('10.1.0.0/16'),
 IPv4Network('10.2.0.0/16'),
 IPv4Network('10.3.0.0/16'),
 IPv4Network('10.4.0.0/16'),
 IPv4Network('10.5.0.0/16'),
 IPv4Network('10.6.0.0/16'),
 IPv4Network('10.7.0.0/16'),
 IPv4Network('10.8.0.0/16'),
 IPv4Network('10.9.0.0/16'),
 IPv4Network('10.10.0.0/16'),
 IPv4Network('10.11.0.0/16'),
 IPv4Network('10.12.0.0/16'),
 IPv4Network('10.13.0.0/16'),
 IPv4Network('10.14.0.0/16'),
 IPv4Network('10.15.0.0/16')]
[IPv4Network('10.0.0.0/8'),
 IPv4Network('129.79.0.0/16'),
 IPv4Network('134.68.0.0/16'),
 IPv4Network('140.182.0.0/16'),
 IPv4Network('149.159.0.0/16'),
 IPv4Network('149.160.0.0/14'),
 IPv4Network('156.56.0.0/16'),
 IPv4Network('172.16.0.0/12'),
 IPv4Network('192.168.0.0/24'),
 IPv6Network('::/128'),
 IPv4Network('10.0.0.0/16'),
 IPv4Network('10.1.0.0/16'),
 IPv4Network('10.2.0.0/16'),
 IPv4Network('10.3.0.0/16'),
 IPv4Network('10.4.0.0/16'),
 IPv4Network('10.5.0.0/16'),
 IPv4Network('10.6.0.0/16'),
 IPv4Network('10.7.0.0/16'),
 IPv4Network('10.8.0.0/16'),
 IPv4Network('10.9.0.0/16'),
 IPv4Network('10.10.0.0/16'),
 IPv4Network('10.11.0.0/16'),
 IPv4Network('10.12.0.0/16'),
 IPv4Network('10.13.0.0/16'),
 IPv4Network('10.14.0.0/16'),
 IPv4Network('10.15.0.0/16')]
[IPv4Network('10.0.0.0/8'),
 IPv4Network('129.79.0.0/16'),
 IPv4Network('134.68.0.0/16'),
 IPv4Network('140.182.0.0/16'),
 IPv4Network('149.159.0.0/16'),
 IPv4Network('149.160.0.0/14'),
 IPv4Network('156.56.0.0/16'),
 IPv4Network('172.16.0.0/12'),
 IPv4Network('192.168.0.0/24'),
 IPv6Network('::/128'),
 IPv4Network('10.0.0.0/16'),
 IPv4Network('10.1.0.0/16'),
 IPv4Network('10.2.0.0/16'),
 IPv4Network('10.3.0.0/16'),
 IPv4Network('10.4.0.0/16'),
 IPv4Network('10.5.0.0/16'),
 IPv4Network('10.6.0.0/16'),
 IPv4Network('10.7.0.0/16'),
 IPv4Network('10.8.0.0/16'),
 IPv4Network('10.9.0.0/16'),
 IPv4Network('10.10.0.0/16'),
 IPv4Network('10.11.0.0/16'),
 IPv4Network('10.12.0.0/16'),
 IPv4Network('10.13.0.0/16'),
 IPv4Network('10.14.0.0/16'),
 IPv4Network('10.15.0.0/16'),
 IPv4Network('10.16.0.0/16'),
 IPv4Network('10.17.0.0/16')]
[IPv4Network('10.0.0.0/8'),
 IPv4Network('129.79.0.0/16'),
 IPv4Network('134.68.0.0/16'),
 IPv4Network('140.182.0.0/16'),
 IPv4Network('149.159.0.0/16'),
 IPv4Network('149.160.0.0/14'),
 IPv4Network('156.56.0.0/16'),
 IPv4Network('172.16.0.0/12'),
 IPv4Network('192.168.0.0/24'),
 IPv6Network('::/128'),
 IPv4Network('10.0.0.0/16'),
 IPv4Network('10.1.0.0/16'),
 IPv4Network('10.2.0.0/16'),
 IPv4Network('10.3.0.0/16'),
 IPv4Network('10.4.0.0/16'),
 IPv4Network('10.5.0.0/16'),
 IPv4Network('10.6.0.0/16'),
 IPv4Network('10.7.0.0/16'),
 IPv4Network('10.8.0.0/16'),
 IPv4Network('10.9.0.0/16'),
 IPv4Network('10.10.0.0/16'),
 IPv4Network('10.11.0.0/16'),
 IPv4Network('10.12.0.0/16'),
 IPv4Network('10.13.0.0/16'),
 IPv4Network('10.14.0.0/16'),
 IPv4Network('10.15.0.0/16'),
 IPv4Network('10.16.0.0/16'),
 IPv4Network('10.17.0.0/16'),
 IPv4Network('10.18.0.0/16'),
 IPv4Network('10.19.0.0/16')]
[IPv4Network('10.0.0.0/8'),
 IPv4Network('129.79.0.0/16'),
 IPv4Network('134.68.0.0/16'),
 IPv4Network('140.182.0.0/16'),
 IPv4Network('149.159.0.0/16'),
 IPv4Network('149.160.0.0/14'),
 IPv4Network('156.56.0.0/16'),
 IPv4Network('172.16.0.0/12'),
 IPv4Network('192.168.0.0/24'),
 IPv6Network('::/128'),
 IPv4Network('10.0.0.0/16'),
 IPv4Network('10.1.0.0/16'),
 IPv4Network('10.2.0.0/16'),
 IPv4Network('10.3.0.0/16'),
 IPv4Network('10.4.0.0/16'),
 IPv4Network('10.5.0.0/16'),
 IPv4Network('10.6.0.0/16'),
 IPv4Network('10.7.0.0/16'),
 IPv4Network('10.8.0.0/16'),
 IPv4Network('10.9.0.0/16'),
 IPv4Network('10.10.0.0/16'),
 IPv4Network('10.11.0.0/16'),
 IPv4Network('10.12.0.0/16'),
 IPv4Network('10.13.0.0/16'),
 IPv4Network('10.14.0.0/16'),
 IPv4Network('10.15.0.0/16'),
 IPv4Network('10.16.0.0/16'),
 IPv4Network('10.17.0.0/16'),
 IPv4Network('10.18.0.0/16'),
 IPv4Network('10.19.0.0/16')]
[IPv4Network('10.0.0.0/8'),
 IPv4Network('129.79.0.0/16'),
 IPv4Network('134.68.0.0/16'),
 IPv4Network('140.182.0.0/16'),
 IPv4Network('149.159.0.0/16'),
 IPv4Network('149.160.0.0/14'),
 IPv4Network('156.56.0.0/16'),
 IPv4Network('172.16.0.0/12'),
 IPv4Network('192.168.0.0/24'),
 IPv6Network('::/128'),
 IPv4Network('10.0.0.0/16'),
 IPv4Network('10.1.0.0/16'),
 IPv4Network('10.2.0.0/16'),
 IPv4Network('10.3.0.0/16'),
 IPv4Network('10.4.0.0/16'),
 IPv4Network('10.5.0.0/16'),
 IPv4Network('10.6.0.0/16'),
 IPv4Network('10.7.0.0/16'),
 IPv4Network('10.8.0.0/16'),
 IPv4Network('10.9.0.0/16'),
 IPv4Network('10.10.0.0/16'),
 IPv4Network('10.11.0.0/16'),
 IPv4Network('10.12.0.0/16'),
 IPv4Network('10.13.0.0/16'),
 IPv4Network('10.14.0.0/16'),
 IPv4Network('10.15.0.0/16'),
 IPv4Network('10.16.0.0/16'),
 IPv4Network('10.17.0.0/16'),
 IPv4Network('10.18.0.0/16'),
 IPv4Network('10.19.0.0/16'),
 IPv4Network('10.20.0.0/16'),
 IPv4Network('10.21.0.0/16')]
[IPv4Network('10.0.0.0/8'),
 IPv4Network('129.79.0.0/16'),
 IPv4Network('134.68.0.0/16'),
 IPv4Network('140.182.0.0/16'),
 IPv4Network('149.159.0.0/16'),
 IPv4Network('149.160.0.0/14'),
 IPv4Network('156.56.0.0/16'),
 IPv4Network('172.16.0.0/12'),
 IPv4Network('192.168.0.0/24'),
 IPv6Network('::/128'),
 IPv4Network('10.0.0.0/16'),
 IPv4Network('10.1.0.0/16'),
 IPv4Network('10.2.0.0/16'),
 IPv4Network('10.3.0.0/16'),
 IPv4Network('10.4.0.0/16'),
 IPv4Network('10.5.0.0/16'),
 IPv4Network('10.6.0.0/16'),
 IPv4Network('10.7.0.0/16'),
 IPv4Network('10.8.0.0/16'),
 IPv4Network('10.9.0.0/16'),
 IPv4Network('10.10.0.0/16'),
 IPv4Network('10.11.0.0/16'),
 IPv4Network('10.12.0.0/16'),
 IPv4Network('10.13.0.0/16'),
 IPv4Network('10.14.0.0/16'),
 IPv4Network('10.15.0.0/16'),
 IPv4Network('10.16.0.0/16'),
 IPv4Network('10.17.0.0/16'),
 IPv4Network('10.18.0.0/16'),
 IPv4Network('10.19.0.0/16'),
 IPv4Network('10.20.0.0/16'),
 IPv4Network('10.21.0.0/16'),
 IPv4Network('10.22.0.0/16'),
 IPv4Network('10.23.0.0/16')]
[IPv4Network('10.0.0.0/8'),
 IPv4Network('129.79.0.0/16'),
 IPv4Network('134.68.0.0/16'),
 IPv4Network('140.182.0.0/16'),
 IPv4Network('149.159.0.0/16'),
 IPv4Network('149.160.0.0/14'),
 IPv4Network('156.56.0.0/16'),
 IPv4Network('172.16.0.0/12'),
 IPv4Network('192.168.0.0/24'),
 IPv6Network('::/128'),
 IPv4Network('10.0.0.0/16'),
 IPv4Network('10.1.0.0/16'),
 IPv4Network('10.2.0.0/16'),
 IPv4Network('10.3.0.0/16'),
 IPv4Network('10.4.0.0/16'),
 IPv4Network('10.5.0.0/16'),
 IPv4Network('10.6.0.0/16'),
 IPv4Network('10.7.0.0/16'),
 IPv4Network('10.8.0.0/16'),
 IPv4Network('10.9.0.0/16'),
 IPv4Network('10.10.0.0/16'),
 IPv4Network('10.11.0.0/16'),
 IPv4Network('10.12.0.0/16'),
 IPv4Network('10.13.0.0/16'),
 IPv4Network('10.14.0.0/16'),
 IPv4Network('10.15.0.0/16'),
 IPv4Network('10.16.0.0/16'),
 IPv4Network('10.17.0.0/16'),
 IPv4Network('10.18.0.0/16'),
 IPv4Network('10.19.0.0/16'),
 IPv4Network('10.20.0.0/16'),
 IPv4Network('10.21.0.0/16'),
 IPv4Network('10.22.0.0/16'),
 IPv4Network('10.23.0.0/16')]
[IPv4Network('10.0.0.0/8'),
 IPv4Network('129.79.0.0/16'),
 IPv4Network('134.68.0.0/16'),
 IPv4Network('140.182.0.0/16'),
 IPv4Network('149.159.0.0/16'),
 IPv4Network('149.160.0.0/14'),
 IPv4Network('156.56.0.0/16'),
 IPv4Network('172.16.0.0/12'),
 IPv4Network('192.168.0.0/24'),
 IPv6Network('::/128'),
 IPv4Network('10.0.0.0/16'),
 IPv4Network('10.1.0.0/16'),
 IPv4Network('10.2.0.0/16'),
 IPv4Network('10.3.0.0/16'),
 IPv4Network('10.4.0.0/16'),
 IPv4Network('10.5.0.0/16'),
 IPv4Network('10.6.0.0/16'),
 IPv4Network('10.7.0.0/16'),
 IPv4Network('10.8.0.0/16'),
 IPv4Network('10.9.0.0/16'),
 IPv4Network('10.10.0.0/16'),
 IPv4Network('10.11.0.0/16'),
 IPv4Network('10.12.0.0/16'),
 IPv4Network('10.13.0.0/16'),
 IPv4Network('10.14.0.0/16'),
 IPv4Network('10.15.0.0/16'),
 IPv4Network('10.16.0.0/16'),
 IPv4Network('10.17.0.0/16'),
 IPv4Network('10.18.0.0/16'),
 IPv4Network('10.19.0.0/16'),
 IPv4Network('10.20.0.0/16'),
 IPv4Network('10.21.0.0/16'),
 IPv4Network('10.22.0.0/16'),
 IPv4Network('10.23.0.0/16')]
[IPv4Network('10.0.0.0/8'),
 IPv4Network('129.79.0.0/16'),
 IPv4Network('134.68.0.0/16'),
 IPv4Network('140.182.0.0/16'),
 IPv4Network('149.159.0.0/16'),
 IPv4Network('149.160.0.0/14'),
 IPv4Network('156.56.0.0/16'),
 IPv4Network('172.16.0.0/12'),
 IPv4Network('192.168.0.0/24'),
 IPv6Network('::/128'),
 IPv4Network('10.0.0.0/16'),
 IPv4Network('10.1.0.0/16'),
 IPv4Network('10.2.0.0/16'),
 IPv4Network('10.3.0.0/16'),
 IPv4Network('10.4.0.0/16'),
 IPv4Network('10.5.0.0/16'),
 IPv4Network('10.6.0.0/16'),
 IPv4Network('10.7.0.0/16'),
 IPv4Network('10.8.0.0/16'),
 IPv4Network('10.9.0.0/16'),
 IPv4Network('10.10.0.0/16'),
 IPv4Network('10.11.0.0/16'),
 IPv4Network('10.12.0.0/16'),
 IPv4Network('10.13.0.0/16'),
 IPv4Network('10.14.0.0/16'),
 IPv4Network('10.15.0.0/16'),
 IPv4Network('10.16.0.0/16'),
 IPv4Network('10.17.0.0/16'),
 IPv4Network('10.18.0.0/16'),
 IPv4Network('10.19.0.0/16'),
 IPv4Network('10.20.0.0/16'),
 IPv4Network('10.21.0.0/16'),
 IPv4Network('10.22.0.0/16'),
 IPv4Network('10.23.0.0/16'),
 IPv4Network('10.24.0.0/16'),
 IPv4Network('10.25.0.0/16')]
[IPv4Network('10.0.0.0/8'),
 IPv4Network('129.79.0.0/16'),
 IPv4Network('134.68.0.0/16'),
 IPv4Network('140.182.0.0/16'),
 IPv4Network('149.159.0.0/16'),
 IPv4Network('149.160.0.0/14'),
 IPv4Network('156.56.0.0/16'),
 IPv4Network('172.16.0.0/12'),
 IPv4Network('192.168.0.0/24'),
 IPv6Network('::/128'),
 IPv4Network('10.0.0.0/16'),
 IPv4Network('10.1.0.0/16'),
 IPv4Network('10.2.0.0/16'),
 IPv4Network('10.3.0.0/16'),
 IPv4Network('10.4.0.0/16'),
 IPv4Network('10.5.0.0/16'),
 IPv4Network('10.6.0.0/16'),
 IPv4Network('10.7.0.0/16'),
 IPv4Network('10.8.0.0/16'),
 IPv4Network('10.9.0.0/16'),
 IPv4Network('10.10.0.0/16'),
 IPv4Network('10.11.0.0/16'),
 IPv4Network('10.12.0.0/16'),
 IPv4Network('10.13.0.0/16'),
 IPv4Network('10.14.0.0/16'),
 IPv4Network('10.15.0.0/16'),
 IPv4Network('10.16.0.0/16'),
 IPv4Network('10.17.0.0/16'),
 IPv4Network('10.18.0.0/16'),
 IPv4Network('10.19.0.0/16'),
 IPv4Network('10.20.0.0/16'),
 IPv4Network('10.21.0.0/16'),
 IPv4Network('10.22.0.0/16'),
 IPv4Network('10.23.0.0/16'),
 IPv4Network('10.24.0.0/16'),
 IPv4Network('10.25.0.0/16'),
 IPv4Network('10.26.0.0/16'),
 IPv4Network('10.27.0.0/16')]
[IPv4Network('10.0.0.0/8'),
 IPv4Network('129.79.0.0/16'),
 IPv4Network('134.68.0.0/16'),
 IPv4Network('140.182.0.0/16'),
 IPv4Network('149.159.0.0/16'),
 IPv4Network('149.160.0.0/14'),
 IPv4Network('156.56.0.0/16'),
 IPv4Network('172.16.0.0/12'),
 IPv4Network('192.168.0.0/24'),
 IPv6Network('::/128'),
 IPv4Network('10.0.0.0/16'),
 IPv4Network('10.1.0.0/16'),
 IPv4Network('10.2.0.0/16'),
 IPv4Network('10.3.0.0/16'),
 IPv4Network('10.4.0.0/16'),
 IPv4Network('10.5.0.0/16'),
 IPv4Network('10.6.0.0/16'),
 IPv4Network('10.7.0.0/16'),
 IPv4Network('10.8.0.0/16'),
 IPv4Network('10.9.0.0/16'),
 IPv4Network('10.10.0.0/16'),
 IPv4Network('10.11.0.0/16'),
 IPv4Network('10.12.0.0/16'),
 IPv4Network('10.13.0.0/16'),
 IPv4Network('10.14.0.0/16'),
 IPv4Network('10.15.0.0/16'),
 IPv4Network('10.16.0.0/16'),
 IPv4Network('10.17.0.0/16'),
 IPv4Network('10.18.0.0/16'),
 IPv4Network('10.19.0.0/16'),
 IPv4Network('10.20.0.0/16'),
 IPv4Network('10.21.0.0/16'),
 IPv4Network('10.22.0.0/16'),
 IPv4Network('10.23.0.0/16'),
 IPv4Network('10.24.0.0/16'),
 IPv4Network('10.25.0.0/16'),
 IPv4Network('10.26.0.0/16'),
 IPv4Network('10.27.0.0/16')]
[IPv4Network('10.0.0.0/8'),
 IPv4Network('129.79.0.0/16'),
 IPv4Network('134.68.0.0/16'),
 IPv4Network('140.182.0.0/16'),
 IPv4Network('149.159.0.0/16'),
 IPv4Network('149.160.0.0/14'),
 IPv4Network('156.56.0.0/16'),
 IPv4Network('172.16.0.0/12'),
 IPv4Network('192.168.0.0/24'),
 IPv6Network('::/128'),
 IPv4Network('10.0.0.0/16'),
 IPv4Network('10.1.0.0/16'),
 IPv4Network('10.2.0.0/16'),
 IPv4Network('10.3.0.0/16'),
 IPv4Network('10.4.0.0/16'),
 IPv4Network('10.5.0.0/16'),
 IPv4Network('10.6.0.0/16'),
 IPv4Network('10.7.0.0/16'),
 IPv4Network('10.8.0.0/16'),
 IPv4Network('10.9.0.0/16'),
 IPv4Network('10.10.0.0/16'),
 IPv4Network('10.11.0.0/16'),
 IPv4Network('10.12.0.0/16'),
 IPv4Network('10.13.0.0/16'),
 IPv4Network('10.14.0.0/16'),
 IPv4Network('10.15.0.0/16'),
 IPv4Network('10.16.0.0/16'),
 IPv4Network('10.17.0.0/16'),
 IPv4Network('10.18.0.0/16'),
 IPv4Network('10.19.0.0/16'),
 IPv4Network('10.20.0.0/16'),
 IPv4Network('10.21.0.0/16'),
 IPv4Network('10.22.0.0/16'),
 IPv4Network('10.23.0.0/16'),
 IPv4Network('10.24.0.0/16'),
 IPv4Network('10.25.0.0/16'),
 IPv4Network('10.26.0.0/16'),
 IPv4Network('10.27.0.0/16'),
 IPv4Network('10.28.0.0/16'),
 IPv4Network('10.29.0.0/16')]
[IPv4Network('10.0.0.0/8'),
 IPv4Network('129.79.0.0/16'),
 IPv4Network('134.68.0.0/16'),
 IPv4Network('140.182.0.0/16'),
 IPv4Network('149.159.0.0/16'),
 IPv4Network('149.160.0.0/14'),
 IPv4Network('156.56.0.0/16'),
 IPv4Network('172.16.0.0/12'),
 IPv4Network('192.168.0.0/24'),
 IPv6Network('::/128'),
 IPv4Network('10.0.0.0/16'),
 IPv4Network('10.1.0.0/16'),
 IPv4Network('10.2.0.0/16'),
 IPv4Network('10.3.0.0/16'),
 IPv4Network('10.4.0.0/16'),
 IPv4Network('10.5.0.0/16'),
 IPv4Network('10.6.0.0/16'),
 IPv4Network('10.7.0.0/16'),
 IPv4Network('10.8.0.0/16'),
 IPv4Network('10.9.0.0/16'),
 IPv4Network('10.10.0.0/16'),
 IPv4Network('10.11.0.0/16'),
 IPv4Network('10.12.0.0/16'),
 IPv4Network('10.13.0.0/16'),
 IPv4Network('10.14.0.0/16'),
 IPv4Network('10.15.0.0/16'),
 IPv4Network('10.16.0.0/16'),
 IPv4Network('10.17.0.0/16'),
 IPv4Network('10.18.0.0/16'),
 IPv4Network('10.19.0.0/16'),
 IPv4Network('10.20.0.0/16'),
 IPv4Network('10.21.0.0/16'),
 IPv4Network('10.22.0.0/16'),
 IPv4Network('10.23.0.0/16'),
 IPv4Network('10.24.0.0/16'),
 IPv4Network('10.25.0.0/16'),
 IPv4Network('10.26.0.0/16'),
 IPv4Network('10.27.0.0/16'),
 IPv4Network('10.28.0.0/16'),
 IPv4Network('10.29.0.0/16'),
 IPv4Network('10.30.0.0/16'),
 IPv4Network('10.31.0.0/16')]
[IPv4Network('10.0.0.0/8'),
 IPv4Network('129.79.0.0/16'),
 IPv4Network('134.68.0.0/16'),
 IPv4Network('140.182.0.0/16'),
 IPv4Network('149.159.0.0/16'),
 IPv4Network('149.160.0.0/14'),
 IPv4Network('156.56.0.0/16'),
 IPv4Network('172.16.0.0/12'),
 IPv4Network('192.168.0.0/24'),
 IPv6Network('::/128'),
 IPv4Network('10.0.0.0/16'),
 IPv4Network('10.1.0.0/16'),
 IPv4Network('10.2.0.0/16'),
 IPv4Network('10.3.0.0/16'),
 IPv4Network('10.4.0.0/16'),
 IPv4Network('10.5.0.0/16'),
 IPv4Network('10.6.0.0/16'),
 IPv4Network('10.7.0.0/16'),
 IPv4Network('10.8.0.0/16'),
 IPv4Network('10.9.0.0/16'),
 IPv4Network('10.10.0.0/16'),
 IPv4Network('10.11.0.0/16'),
 IPv4Network('10.12.0.0/16'),
 IPv4Network('10.13.0.0/16'),
 IPv4Network('10.14.0.0/16'),
 IPv4Network('10.15.0.0/16'),
 IPv4Network('10.16.0.0/16'),
 IPv4Network('10.17.0.0/16'),
 IPv4Network('10.18.0.0/16'),
 IPv4Network('10.19.0.0/16'),
 IPv4Network('10.20.0.0/16'),
 IPv4Network('10.21.0.0/16'),
 IPv4Network('10.22.0.0/16'),
 IPv4Network('10.23.0.0/16'),
 IPv4Network('10.24.0.0/16'),
 IPv4Network('10.25.0.0/16'),
 IPv4Network('10.26.0.0/16'),
 IPv4Network('10.27.0.0/16'),
 IPv4Network('10.28.0.0/16'),
 IPv4Network('10.29.0.0/16'),
 IPv4Network('10.30.0.0/16'),
 IPv4Network('10.31.0.0/16')]
[IPv4Network('10.0.0.0/8'),
 IPv4Network('129.79.0.0/16'),
 IPv4Network('134.68.0.0/16'),
 IPv4Network('140.182.0.0/16'),
 IPv4Network('149.159.0.0/16'),
 IPv4Network('149.160.0.0/14'),
 IPv4Network('156.56.0.0/16'),
 IPv4Network('172.16.0.0/12'),
 IPv4Network('192.168.0.0/24'),
 IPv6Network('::/128'),
 IPv4Network('10.0.0.0/16'),
 IPv4Network('10.1.0.0/16'),
 IPv4Network('10.2.0.0/16'),
 IPv4Network('10.3.0.0/16'),
 IPv4Network('10.4.0.0/16'),
 IPv4Network('10.5.0.0/16'),
 IPv4Network('10.6.0.0/16'),
 IPv4Network('10.7.0.0/16'),
 IPv4Network('10.8.0.0/16'),
 IPv4Network('10.9.0.0/16'),
 IPv4Network('10.10.0.0/16'),
 IPv4Network('10.11.0.0/16'),
 IPv4Network('10.12.0.0/16'),
 IPv4Network('10.13.0.0/16'),
 IPv4Network('10.14.0.0/16'),
 IPv4Network('10.15.0.0/16'),
 IPv4Network('10.16.0.0/16'),
 IPv4Network('10.17.0.0/16'),
 IPv4Network('10.18.0.0/16'),
 IPv4Network('10.19.0.0/16'),
 IPv4Network('10.20.0.0/16'),
 IPv4Network('10.21.0.0/16'),
 IPv4Network('10.22.0.0/16'),
 IPv4Network('10.23.0.0/16'),
 IPv4Network('10.24.0.0/16'),
 IPv4Network('10.25.0.0/16'),
 IPv4Network('10.26.0.0/16'),
 IPv4Network('10.27.0.0/16'),
 IPv4Network('10.28.0.0/16'),
 IPv4Network('10.29.0.0/16'),
 IPv4Network('10.30.0.0/16'),
 IPv4Network('10.31.0.0/16')]
[IPv4Network('10.0.0.0/8'),
 IPv4Network('129.79.0.0/16'),
 IPv4Network('134.68.0.0/16'),
 IPv4Network('140.182.0.0/16'),
 IPv4Network('149.159.0.0/16'),
 IPv4Network('149.160.0.0/14'),
 IPv4Network('156.56.0.0/16'),
 IPv4Network('172.16.0.0/12'),
 IPv4Network('192.168.0.0/24'),
 IPv6Network('::/128'),
 IPv4Network('10.0.0.0/16'),
 IPv4Network('10.1.0.0/16'),
 IPv4Network('10.2.0.0/16'),
 IPv4Network('10.3.0.0/16'),
 IPv4Network('10.4.0.0/16'),
 IPv4Network('10.5.0.0/16'),
 IPv4Network('10.6.0.0/16'),
 IPv4Network('10.7.0.0/16'),
 IPv4Network('10.8.0.0/16'),
 IPv4Network('10.9.0.0/16'),
 IPv4Network('10.10.0.0/16'),
 IPv4Network('10.11.0.0/16'),
 IPv4Network('10.12.0.0/16'),
 IPv4Network('10.13.0.0/16'),
 IPv4Network('10.14.0.0/16'),
 IPv4Network('10.15.0.0/16'),
 IPv4Network('10.16.0.0/16'),
 IPv4Network('10.17.0.0/16'),
 IPv4Network('10.18.0.0/16'),
 IPv4Network('10.19.0.0/16'),
 IPv4Network('10.20.0.0/16'),
 IPv4Network('10.21.0.0/16'),
 IPv4Network('10.22.0.0/16'),
 IPv4Network('10.23.0.0/16'),
 IPv4Network('10.24.0.0/16'),
 IPv4Network('10.25.0.0/16'),
 IPv4Network('10.26.0.0/16'),
 IPv4Network('10.27.0.0/16'),
 IPv4Network('10.28.0.0/16'),
 IPv4Network('10.29.0.0/16'),
 IPv4Network('10.30.0.0/16'),
 IPv4Network('10.31.0.0/16')]
[IPv4Network('10.0.0.0/8'),
 IPv4Network('129.79.0.0/16'),
 IPv4Network('134.68.0.0/16'),
 IPv4Network('140.182.0.0/16'),
 IPv4Network('149.159.0.0/16'),
 IPv4Network('149.160.0.0/14'),
 IPv4Network('156.56.0.0/16'),
 IPv4Network('172.16.0.0/12'),
 IPv4Network('192.168.0.0/24'),
 IPv6Network('::/128'),
 IPv4Network('10.0.0.0/16'),
 IPv4Network('10.1.0.0/16'),
 IPv4Network('10.2.0.0/16'),
 IPv4Network('10.3.0.0/16'),
 IPv4Network('10.4.0.0/16'),
 IPv4Network('10.5.0.0/16'),
 IPv4Network('10.6.0.0/16'),
 IPv4Network('10.7.0.0/16'),
 IPv4Network('10.8.0.0/16'),
 IPv4Network('10.9.0.0/16'),
 IPv4Network('10.10.0.0/16'),
 IPv4Network('10.11.0.0/16'),
 IPv4Network('10.12.0.0/16'),
 IPv4Network('10.13.0.0/16'),
 IPv4Network('10.14.0.0/16'),
 IPv4Network('10.15.0.0/16'),
 IPv4Network('10.16.0.0/16'),
 IPv4Network('10.17.0.0/16'),
 IPv4Network('10.18.0.0/16'),
 IPv4Network('10.19.0.0/16'),
 IPv4Network('10.20.0.0/16'),
 IPv4Network('10.21.0.0/16'),
 IPv4Network('10.22.0.0/16'),
 IPv4Network('10.23.0.0/16'),
 IPv4Network('10.24.0.0/16'),
 IPv4Network('10.25.0.0/16'),
 IPv4Network('10.26.0.0/16'),
 IPv4Network('10.27.0.0/16'),
 IPv4Network('10.28.0.0/16'),
 IPv4Network('10.29.0.0/16'),
 IPv4Network('10.30.0.0/16'),
 IPv4Network('10.31.0.0/16')]
[IPv4Network('10.0.0.0/8'),
 IPv4Network('129.79.0.0/16'),
 IPv4Network('134.68.0.0/16'),
 IPv4Network('140.182.0.0/16'),
 IPv4Network('149.159.0.0/16'),
 IPv4Network('149.160.0.0/14'),
 IPv4Network('156.56.0.0/16'),
 IPv4Network('172.16.0.0/12'),
 IPv4Network('192.168.0.0/24'),
 IPv6Network('::/128'),
 IPv4Network('10.0.0.0/16'),
 IPv4Network('10.1.0.0/16'),
 IPv4Network('10.2.0.0/16'),
 IPv4Network('10.3.0.0/16'),
 IPv4Network('10.4.0.0/16'),
 IPv4Network('10.5.0.0/16'),
 IPv4Network('10.6.0.0/16'),
 IPv4Network('10.7.0.0/16'),
 IPv4Network('10.8.0.0/16'),
 IPv4Network('10.9.0.0/16'),
 IPv4Network('10.10.0.0/16'),
 IPv4Network('10.11.0.0/16'),
 IPv4Network('10.12.0.0/16'),
 IPv4Network('10.13.0.0/16'),
 IPv4Network('10.14.0.0/16'),
 IPv4Network('10.15.0.0/16'),
 IPv4Network('10.16.0.0/16'),
 IPv4Network('10.17.0.0/16'),
 IPv4Network('10.18.0.0/16'),
 IPv4Network('10.19.0.0/16'),
 IPv4Network('10.20.0.0/16'),
 IPv4Network('10.21.0.0/16'),
 IPv4Network('10.22.0.0/16'),
 IPv4Network('10.23.0.0/16'),
 IPv4Network('10.24.0.0/16'),
 IPv4Network('10.25.0.0/16'),
 IPv4Network('10.26.0.0/16'),
 IPv4Network('10.27.0.0/16'),
 IPv4Network('10.28.0.0/16'),
 IPv4Network('10.29.0.0/16'),
 IPv4Network('10.30.0.0/16'),
 IPv4Network('10.31.0.0/16'),
 IPv4Network('10.32.0.0/16'),
 IPv4Network('10.33.0.0/16')]
[IPv4Network('10.0.0.0/8'),
 IPv4Network('129.79.0.0/16'),
 IPv4Network('134.68.0.0/16'),
 IPv4Network('140.182.0.0/16'),
 IPv4Network('149.159.0.0/16'),
 IPv4Network('149.160.0.0/14'),
 IPv4Network('156.56.0.0/16'),
 IPv4Network('172.16.0.0/12'),
 IPv4Network('192.168.0.0/24'),
 IPv6Network('::/128'),
 IPv4Network('10.0.0.0/16'),
 IPv4Network('10.1.0.0/16'),
 IPv4Network('10.2.0.0/16'),
 IPv4Network('10.3.0.0/16'),
 IPv4Network('10.4.0.0/16'),
 IPv4Network('10.5.0.0/16'),
 IPv4Network('10.6.0.0/16'),
 IPv4Network('10.7.0.0/16'),
 IPv4Network('10.8.0.0/16'),
 IPv4Network('10.9.0.0/16'),
 IPv4Network('10.10.0.0/16'),
 IPv4Network('10.11.0.0/16'),
 IPv4Network('10.12.0.0/16'),
 IPv4Network('10.13.0.0/16'),
 IPv4Network('10.14.0.0/16'),
 IPv4Network('10.15.0.0/16'),
 IPv4Network('10.16.0.0/16'),
 IPv4Network('10.17.0.0/16'),
 IPv4Network('10.18.0.0/16'),
 IPv4Network('10.19.0.0/16'),
 IPv4Network('10.20.0.0/16'),
 IPv4Network('10.21.0.0/16'),
 IPv4Network('10.22.0.0/16'),
 IPv4Network('10.23.0.0/16'),
 IPv4Network('10.24.0.0/16'),
 IPv4Network('10.25.0.0/16'),
 IPv4Network('10.26.0.0/16'),
 IPv4Network('10.27.0.0/16'),
 IPv4Network('10.28.0.0/16'),
 IPv4Network('10.29.0.0/16'),
 IPv4Network('10.30.0.0/16'),
 IPv4Network('10.31.0.0/16'),
 IPv4Network('10.32.0.0/16'),
 IPv4Network('10.33.0.0/16'),
 IPv4Network('10.34.0.0/16'),
 IPv4Network('10.35.0.0/16')]
[IPv4Network('10.0.0.0/8'),
 IPv4Network('129.79.0.0/16'),
 IPv4Network('134.68.0.0/16'),
 IPv4Network('140.182.0.0/16'),
 IPv4Network('149.159.0.0/16'),
 IPv4Network('149.160.0.0/14'),
 IPv4Network('156.56.0.0/16'),
 IPv4Network('172.16.0.0/12'),
 IPv4Network('192.168.0.0/24'),
 IPv6Network('::/128'),
 IPv4Network('10.0.0.0/16'),
 IPv4Network('10.1.0.0/16'),
 IPv4Network('10.2.0.0/16'),
 IPv4Network('10.3.0.0/16'),
 IPv4Network('10.4.0.0/16'),
 IPv4Network('10.5.0.0/16'),
 IPv4Network('10.6.0.0/16'),
 IPv4Network('10.7.0.0/16'),
 IPv4Network('10.8.0.0/16'),
 IPv4Network('10.9.0.0/16'),
 IPv4Network('10.10.0.0/16'),
 IPv4Network('10.11.0.0/16'),
 IPv4Network('10.12.0.0/16'),
 IPv4Network('10.13.0.0/16'),
 IPv4Network('10.14.0.0/16'),
 IPv4Network('10.15.0.0/16'),
 IPv4Network('10.16.0.0/16'),
 IPv4Network('10.17.0.0/16'),
 IPv4Network('10.18.0.0/16'),
 IPv4Network('10.19.0.0/16'),
 IPv4Network('10.20.0.0/16'),
 IPv4Network('10.21.0.0/16'),
 IPv4Network('10.22.0.0/16'),
 IPv4Network('10.23.0.0/16'),
 IPv4Network('10.24.0.0/16'),
 IPv4Network('10.25.0.0/16'),
 IPv4Network('10.26.0.0/16'),
 IPv4Network('10.27.0.0/16'),
 IPv4Network('10.28.0.0/16'),
 IPv4Network('10.29.0.0/16'),
 IPv4Network('10.30.0.0/16'),
 IPv4Network('10.31.0.0/16'),
 IPv4Network('10.32.0.0/16'),
 IPv4Network('10.33.0.0/16'),
 IPv4Network('10.34.0.0/16'),
 IPv4Network('10.35.0.0/16')]
[IPv4Network('10.0.0.0/8'),
 IPv4Network('129.79.0.0/16'),
 IPv4Network('134.68.0.0/16'),
 IPv4Network('140.182.0.0/16'),
 IPv4Network('149.159.0.0/16'),
 IPv4Network('149.160.0.0/14'),
 IPv4Network('156.56.0.0/16'),
 IPv4Network('172.16.0.0/12'),
 IPv4Network('192.168.0.0/24'),
 IPv6Network('::/128'),
 IPv4Network('10.0.0.0/16'),
 IPv4Network('10.1.0.0/16'),
 IPv4Network('10.2.0.0/16'),
 IPv4Network('10.3.0.0/16'),
 IPv4Network('10.4.0.0/16'),
 IPv4Network('10.5.0.0/16'),
 IPv4Network('10.6.0.0/16'),
 IPv4Network('10.7.0.0/16'),
 IPv4Network('10.8.0.0/16'),
 IPv4Network('10.9.0.0/16'),
 IPv4Network('10.10.0.0/16'),
 IPv4Network('10.11.0.0/16'),
 IPv4Network('10.12.0.0/16'),
 IPv4Network('10.13.0.0/16'),
 IPv4Network('10.14.0.0/16'),
 IPv4Network('10.15.0.0/16'),
 IPv4Network('10.16.0.0/16'),
 IPv4Network('10.17.0.0/16'),
 IPv4Network('10.18.0.0/16'),
 IPv4Network('10.19.0.0/16'),
 IPv4Network('10.20.0.0/16'),
 IPv4Network('10.21.0.0/16'),
 IPv4Network('10.22.0.0/16'),
 IPv4Network('10.23.0.0/16'),
 IPv4Network('10.24.0.0/16'),
 IPv4Network('10.25.0.0/16'),
 IPv4Network('10.26.0.0/16'),
 IPv4Network('10.27.0.0/16'),
 IPv4Network('10.28.0.0/16'),
 IPv4Network('10.29.0.0/16'),
 IPv4Network('10.30.0.0/16'),
 IPv4Network('10.31.0.0/16'),
 IPv4Network('10.32.0.0/16'),
 IPv4Network('10.33.0.0/16'),
 IPv4Network('10.34.0.0/16'),
 IPv4Network('10.35.0.0/16'),
 IPv4Network('10.36.0.0/16'),
 IPv4Network('10.37.0.0/16')]
[IPv4Network('10.0.0.0/8'),
 IPv4Network('129.79.0.0/16'),
 IPv4Network('134.68.0.0/16'),
 IPv4Network('140.182.0.0/16'),
 IPv4Network('149.159.0.0/16'),
 IPv4Network('149.160.0.0/14'),
 IPv4Network('156.56.0.0/16'),
 IPv4Network('172.16.0.0/12'),
 IPv4Network('192.168.0.0/24'),
 IPv6Network('::/128'),
 IPv4Network('10.0.0.0/16'),
 IPv4Network('10.1.0.0/16'),
 IPv4Network('10.2.0.0/16'),
 IPv4Network('10.3.0.0/16'),
 IPv4Network('10.4.0.0/16'),
 IPv4Network('10.5.0.0/16'),
 IPv4Network('10.6.0.0/16'),
 IPv4Network('10.7.0.0/16'),
 IPv4Network('10.8.0.0/16'),
 IPv4Network('10.9.0.0/16'),
 IPv4Network('10.10.0.0/16'),
 IPv4Network('10.11.0.0/16'),
 IPv4Network('10.12.0.0/16'),
 IPv4Network('10.13.0.0/16'),
 IPv4Network('10.14.0.0/16'),
 IPv4Network('10.15.0.0/16'),
 IPv4Network('10.16.0.0/16'),
 IPv4Network('10.17.0.0/16'),
 IPv4Network('10.18.0.0/16'),
 IPv4Network('10.19.0.0/16'),
 IPv4Network('10.20.0.0/16'),
 IPv4Network('10.21.0.0/16'),
 IPv4Network('10.22.0.0/16'),
 IPv4Network('10.23.0.0/16'),
 IPv4Network('10.24.0.0/16'),
 IPv4Network('10.25.0.0/16'),
 IPv4Network('10.26.0.0/16'),
 IPv4Network('10.27.0.0/16'),
 IPv4Network('10.28.0.0/16'),
 IPv4Network('10.29.0.0/16'),
 IPv4Network('10.30.0.0/16'),
 IPv4Network('10.31.0.0/16'),
 IPv4Network('10.32.0.0/16'),
 IPv4Network('10.33.0.0/16'),
 IPv4Network('10.34.0.0/16'),
 IPv4Network('10.35.0.0/16'),
 IPv4Network('10.36.0.0/16'),
 IPv4Network('10.37.0.0/16'),
 IPv4Network('10.38.0.0/16'),
 IPv4Network('10.39.0.0/16')]
[IPv4Network('10.0.0.0/8'),
 IPv4Network('129.79.0.0/16'),
 IPv4Network('134.68.0.0/16'),
 IPv4Network('140.182.0.0/16'),
 IPv4Network('149.159.0.0/16'),
 IPv4Network('149.160.0.0/14'),
 IPv4Network('156.56.0.0/16'),
 IPv4Network('172.16.0.0/12'),
 IPv4Network('192.168.0.0/24'),
 IPv6Network('::/128'),
 IPv4Network('10.0.0.0/16'),
 IPv4Network('10.1.0.0/16'),
 IPv4Network('10.2.0.0/16'),
 IPv4Network('10.3.0.0/16'),
 IPv4Network('10.4.0.0/16'),
 IPv4Network('10.5.0.0/16'),
 IPv4Network('10.6.0.0/16'),
 IPv4Network('10.7.0.0/16'),
 IPv4Network('10.8.0.0/16'),
 IPv4Network('10.9.0.0/16'),
 IPv4Network('10.10.0.0/16'),
 IPv4Network('10.11.0.0/16'),
 IPv4Network('10.12.0.0/16'),
 IPv4Network('10.13.0.0/16'),
 IPv4Network('10.14.0.0/16'),
 IPv4Network('10.15.0.0/16'),
 IPv4Network('10.16.0.0/16'),
 IPv4Network('10.17.0.0/16'),
 IPv4Network('10.18.0.0/16'),
 IPv4Network('10.19.0.0/16'),
 IPv4Network('10.20.0.0/16'),
 IPv4Network('10.21.0.0/16'),
 IPv4Network('10.22.0.0/16'),
 IPv4Network('10.23.0.0/16'),
 IPv4Network('10.24.0.0/16'),
 IPv4Network('10.25.0.0/16'),
 IPv4Network('10.26.0.0/16'),
 IPv4Network('10.27.0.0/16'),
 IPv4Network('10.28.0.0/16'),
 IPv4Network('10.29.0.0/16'),
 IPv4Network('10.30.0.0/16'),
 IPv4Network('10.31.0.0/16'),
 IPv4Network('10.32.0.0/16'),
 IPv4Network('10.33.0.0/16'),
 IPv4Network('10.34.0.0/16'),
 IPv4Network('10.35.0.0/16'),
 IPv4Network('10.36.0.0/16'),
 IPv4Network('10.37.0.0/16'),
 IPv4Network('10.38.0.0/16'),
 IPv4Network('10.39.0.0/16')]
[IPv4Network('10.0.0.0/8'),
 IPv4Network('129.79.0.0/16'),
 IPv4Network('134.68.0.0/16'),
 IPv4Network('140.182.0.0/16'),
 IPv4Network('149.159.0.0/16'),
 IPv4Network('149.160.0.0/14'),
 IPv4Network('156.56.0.0/16'),
 IPv4Network('172.16.0.0/12'),
 IPv4Network('192.168.0.0/24'),
 IPv6Network('::/128'),
 IPv4Network('10.0.0.0/16'),
 IPv4Network('10.1.0.0/16'),
 IPv4Network('10.2.0.0/16'),
 IPv4Network('10.3.0.0/16'),
 IPv4Network('10.4.0.0/16'),
 IPv4Network('10.5.0.0/16'),
 IPv4Network('10.6.0.0/16'),
 IPv4Network('10.7.0.0/16'),
 IPv4Network('10.8.0.0/16'),
 IPv4Network('10.9.0.0/16'),
 IPv4Network('10.10.0.0/16'),
 IPv4Network('10.11.0.0/16'),
 IPv4Network('10.12.0.0/16'),
 IPv4Network('10.13.0.0/16'),
 IPv4Network('10.14.0.0/16'),
 IPv4Network('10.15.0.0/16'),
 IPv4Network('10.16.0.0/16'),
 IPv4Network('10.17.0.0/16'),
 IPv4Network('10.18.0.0/16'),
 IPv4Network('10.19.0.0/16'),
 IPv4Network('10.20.0.0/16'),
 IPv4Network('10.21.0.0/16'),
 IPv4Network('10.22.0.0/16'),
 IPv4Network('10.23.0.0/16'),
 IPv4Network('10.24.0.0/16'),
 IPv4Network('10.25.0.0/16'),
 IPv4Network('10.26.0.0/16'),
 IPv4Network('10.27.0.0/16'),
 IPv4Network('10.28.0.0/16'),
 IPv4Network('10.29.0.0/16'),
 IPv4Network('10.30.0.0/16'),
 IPv4Network('10.31.0.0/16'),
 IPv4Network('10.32.0.0/16'),
 IPv4Network('10.33.0.0/16'),
 IPv4Network('10.34.0.0/16'),
 IPv4Network('10.35.0.0/16'),
 IPv4Network('10.36.0.0/16'),
 IPv4Network('10.37.0.0/16'),
 IPv4Network('10.38.0.0/16'),
 IPv4Network('10.39.0.0/16')]
[IPv4Network('10.0.0.0/8'),
 IPv4Network('129.79.0.0/16'),
 IPv4Network('134.68.0.0/16'),
 IPv4Network('140.182.0.0/16'),
 IPv4Network('149.159.0.0/16'),
 IPv4Network('149.160.0.0/14'),
 IPv4Network('156.56.0.0/16'),
 IPv4Network('172.16.0.0/12'),
 IPv4Network('192.168.0.0/24'),
 IPv6Network('::/128'),
 IPv4Network('10.0.0.0/16'),
 IPv4Network('10.1.0.0/16'),
 IPv4Network('10.2.0.0/16'),
 IPv4Network('10.3.0.0/16'),
 IPv4Network('10.4.0.0/16'),
 IPv4Network('10.5.0.0/16'),
 IPv4Network('10.6.0.0/16'),
 IPv4Network('10.7.0.0/16'),
 IPv4Network('10.8.0.0/16'),
 IPv4Network('10.9.0.0/16'),
 IPv4Network('10.10.0.0/16'),
 IPv4Network('10.11.0.0/16'),
 IPv4Network('10.12.0.0/16'),
 IPv4Network('10.13.0.0/16'),
 IPv4Network('10.14.0.0/16'),
 IPv4Network('10.15.0.0/16'),
 IPv4Network('10.16.0.0/16'),
 IPv4Network('10.17.0.0/16'),
 IPv4Network('10.18.0.0/16'),
 IPv4Network('10.19.0.0/16'),
 IPv4Network('10.20.0.0/16'),
 IPv4Network('10.21.0.0/16'),
 IPv4Network('10.22.0.0/16'),
 IPv4Network('10.23.0.0/16'),
 IPv4Network('10.24.0.0/16'),
 IPv4Network('10.25.0.0/16'),
 IPv4Network('10.26.0.0/16'),
 IPv4Network('10.27.0.0/16'),
 IPv4Network('10.28.0.0/16'),
 IPv4Network('10.29.0.0/16'),
 IPv4Network('10.30.0.0/16'),
 IPv4Network('10.31.0.0/16'),
 IPv4Network('10.32.0.0/16'),
 IPv4Network('10.33.0.0/16'),
 IPv4Network('10.34.0.0/16'),
 IPv4Network('10.35.0.0/16'),
 IPv4Network('10.36.0.0/16'),
 IPv4Network('10.37.0.0/16'),
 IPv4Network('10.38.0.0/16'),
 IPv4Network('10.39.0.0/16'),
 IPv4Network('10.40.0.0/16'),
 IPv4Network('10.41.0.0/16')]
[IPv4Network('10.0.0.0/8'),
 IPv4Network('129.79.0.0/16'),
 IPv4Network('134.68.0.0/16'),
 IPv4Network('140.182.0.0/16'),
 IPv4Network('149.159.0.0/16'),
 IPv4Network('149.160.0.0/14'),
 IPv4Network('156.56.0.0/16'),
 IPv4Network('172.16.0.0/12'),
 IPv4Network('192.168.0.0/24'),
 IPv6Network('::/128'),
 IPv4Network('10.0.0.0/16'),
 IPv4Network('10.1.0.0/16'),
 IPv4Network('10.2.0.0/16'),
 IPv4Network('10.3.0.0/16'),
 IPv4Network('10.4.0.0/16'),
 IPv4Network('10.5.0.0/16'),
 IPv4Network('10.6.0.0/16'),
 IPv4Network('10.7.0.0/16'),
 IPv4Network('10.8.0.0/16'),
 IPv4Network('10.9.0.0/16'),
 IPv4Network('10.10.0.0/16'),
 IPv4Network('10.11.0.0/16'),
 IPv4Network('10.12.0.0/16'),
 IPv4Network('10.13.0.0/16'),
 IPv4Network('10.14.0.0/16'),
 IPv4Network('10.15.0.0/16'),
 IPv4Network('10.16.0.0/16'),
 IPv4Network('10.17.0.0/16'),
 IPv4Network('10.18.0.0/16'),
 IPv4Network('10.19.0.0/16'),
 IPv4Network('10.20.0.0/16'),
 IPv4Network('10.21.0.0/16'),
 IPv4Network('10.22.0.0/16'),
 IPv4Network('10.23.0.0/16'),
 IPv4Network('10.24.0.0/16'),
 IPv4Network('10.25.0.0/16'),
 IPv4Network('10.26.0.0/16'),
 IPv4Network('10.27.0.0/16'),
 IPv4Network('10.28.0.0/16'),
 IPv4Network('10.29.0.0/16'),
 IPv4Network('10.30.0.0/16'),
 IPv4Network('10.31.0.0/16'),
 IPv4Network('10.32.0.0/16'),
 IPv4Network('10.33.0.0/16'),
 IPv4Network('10.34.0.0/16'),
 IPv4Network('10.35.0.0/16'),
 IPv4Network('10.36.0.0/16'),
 IPv4Network('10.37.0.0/16'),
 IPv4Network('10.38.0.0/16'),
 IPv4Network('10.39.0.0/16'),
 IPv4Network('10.40.0.0/16'),
 IPv4Network('10.41.0.0/16'),
 IPv4Network('10.42.0.0/16'),
 IPv4Network('10.43.0.0/16')]
[IPv4Network('10.0.0.0/8'),
 IPv4Network('129.79.0.0/16'),
 IPv4Network('134.68.0.0/16'),
 IPv4Network('140.182.0.0/16'),
 IPv4Network('149.159.0.0/16'),
 IPv4Network('149.160.0.0/14'),
 IPv4Network('156.56.0.0/16'),
 IPv4Network('172.16.0.0/12'),
 IPv4Network('192.168.0.0/24'),
 IPv6Network('::/128'),
 IPv4Network('10.0.0.0/16'),
 IPv4Network('10.1.0.0/16'),
 IPv4Network('10.2.0.0/16'),
 IPv4Network('10.3.0.0/16'),
 IPv4Network('10.4.0.0/16'),
 IPv4Network('10.5.0.0/16'),
 IPv4Network('10.6.0.0/16'),
 IPv4Network('10.7.0.0/16'),
 IPv4Network('10.8.0.0/16'),
 IPv4Network('10.9.0.0/16'),
 IPv4Network('10.10.0.0/16'),
 IPv4Network('10.11.0.0/16'),
 IPv4Network('10.12.0.0/16'),
 IPv4Network('10.13.0.0/16'),
 IPv4Network('10.14.0.0/16'),
 IPv4Network('10.15.0.0/16'),
 IPv4Network('10.16.0.0/16'),
 IPv4Network('10.17.0.0/16'),
 IPv4Network('10.18.0.0/16'),
 IPv4Network('10.19.0.0/16'),
 IPv4Network('10.20.0.0/16'),
 IPv4Network('10.21.0.0/16'),
 IPv4Network('10.22.0.0/16'),
 IPv4Network('10.23.0.0/16'),
 IPv4Network('10.24.0.0/16'),
 IPv4Network('10.25.0.0/16'),
 IPv4Network('10.26.0.0/16'),
 IPv4Network('10.27.0.0/16'),
 IPv4Network('10.28.0.0/16'),
 IPv4Network('10.29.0.0/16'),
 IPv4Network('10.30.0.0/16'),
 IPv4Network('10.31.0.0/16'),
 IPv4Network('10.32.0.0/16'),
 IPv4Network('10.33.0.0/16'),
 IPv4Network('10.34.0.0/16'),
 IPv4Network('10.35.0.0/16'),
 IPv4Network('10.36.0.0/16'),
 IPv4Network('10.37.0.0/16'),
 IPv4Network('10.38.0.0/16'),
 IPv4Network('10.39.0.0/16'),
 IPv4Network('10.40.0.0/16'),
 IPv4Network('10.41.0.0/16'),
 IPv4Network('10.42.0.0/16'),
 IPv4Network('10.43.0.0/16')]
[IPv4Network('10.0.0.0/8'),
 IPv4Network('129.79.0.0/16'),
 IPv4Network('134.68.0.0/16'),
 IPv4Network('140.182.0.0/16'),
 IPv4Network('149.159.0.0/16'),
 IPv4Network('149.160.0.0/14'),
 IPv4Network('156.56.0.0/16'),
 IPv4Network('172.16.0.0/12'),
 IPv4Network('192.168.0.0/24'),
 IPv6Network('::/128'),
 IPv4Network('10.0.0.0/16'),
 IPv4Network('10.1.0.0/16'),
 IPv4Network('10.2.0.0/16'),
 IPv4Network('10.3.0.0/16'),
 IPv4Network('10.4.0.0/16'),
 IPv4Network('10.5.0.0/16'),
 IPv4Network('10.6.0.0/16'),
 IPv4Network('10.7.0.0/16'),
 IPv4Network('10.8.0.0/16'),
 IPv4Network('10.9.0.0/16'),
 IPv4Network('10.10.0.0/16'),
 IPv4Network('10.11.0.0/16'),
 IPv4Network('10.12.0.0/16'),
 IPv4Network('10.13.0.0/16'),
 IPv4Network('10.14.0.0/16'),
 IPv4Network('10.15.0.0/16'),
 IPv4Network('10.16.0.0/16'),
 IPv4Network('10.17.0.0/16'),
 IPv4Network('10.18.0.0/16'),
 IPv4Network('10.19.0.0/16'),
 IPv4Network('10.20.0.0/16'),
 IPv4Network('10.21.0.0/16'),
 IPv4Network('10.22.0.0/16'),
 IPv4Network('10.23.0.0/16'),
 IPv4Network('10.24.0.0/16'),
 IPv4Network('10.25.0.0/16'),
 IPv4Network('10.26.0.0/16'),
 IPv4Network('10.27.0.0/16'),
 IPv4Network('10.28.0.0/16'),
 IPv4Network('10.29.0.0/16'),
 IPv4Network('10.30.0.0/16'),
 IPv4Network('10.31.0.0/16'),
 IPv4Network('10.32.0.0/16'),
 IPv4Network('10.33.0.0/16'),
 IPv4Network('10.34.0.0/16'),
 IPv4Network('10.35.0.0/16'),
 IPv4Network('10.36.0.0/16'),
 IPv4Network('10.37.0.0/16'),
 IPv4Network('10.38.0.0/16'),
 IPv4Network('10.39.0.0/16'),
 IPv4Network('10.40.0.0/16'),
 IPv4Network('10.41.0.0/16'),
 IPv4Network('10.42.0.0/16'),
 IPv4Network('10.43.0.0/16'),
 IPv4Network('10.44.0.0/16'),
 IPv4Network('10.45.0.0/16')]
[IPv4Network('10.0.0.0/8'),
 IPv4Network('129.79.0.0/16'),
 IPv4Network('134.68.0.0/16'),
 IPv4Network('140.182.0.0/16'),
 IPv4Network('149.159.0.0/16'),
 IPv4Network('149.160.0.0/14'),
 IPv4Network('156.56.0.0/16'),
 IPv4Network('172.16.0.0/12'),
 IPv4Network('192.168.0.0/24'),
 IPv6Network('::/128'),
 IPv4Network('10.0.0.0/16'),
 IPv4Network('10.1.0.0/16'),
 IPv4Network('10.2.0.0/16'),
 IPv4Network('10.3.0.0/16'),
 IPv4Network('10.4.0.0/16'),
 IPv4Network('10.5.0.0/16'),
 IPv4Network('10.6.0.0/16'),
 IPv4Network('10.7.0.0/16'),
 IPv4Network('10.8.0.0/16'),
 IPv4Network('10.9.0.0/16'),
 IPv4Network('10.10.0.0/16'),
 IPv4Network('10.11.0.0/16'),
 IPv4Network('10.12.0.0/16'),
 IPv4Network('10.13.0.0/16'),
 IPv4Network('10.14.0.0/16'),
 IPv4Network('10.15.0.0/16'),
 IPv4Network('10.16.0.0/16'),
 IPv4Network('10.17.0.0/16'),
 IPv4Network('10.18.0.0/16'),
 IPv4Network('10.19.0.0/16'),
 IPv4Network('10.20.0.0/16'),
 IPv4Network('10.21.0.0/16'),
 IPv4Network('10.22.0.0/16'),
 IPv4Network('10.23.0.0/16'),
 IPv4Network('10.24.0.0/16'),
 IPv4Network('10.25.0.0/16'),
 IPv4Network('10.26.0.0/16'),
 IPv4Network('10.27.0.0/16'),
 IPv4Network('10.28.0.0/16'),
 IPv4Network('10.29.0.0/16'),
 IPv4Network('10.30.0.0/16'),
 IPv4Network('10.31.0.0/16'),
 IPv4Network('10.32.0.0/16'),
 IPv4Network('10.33.0.0/16'),
 IPv4Network('10.34.0.0/16'),
 IPv4Network('10.35.0.0/16'),
 IPv4Network('10.36.0.0/16'),
 IPv4Network('10.37.0.0/16'),
 IPv4Network('10.38.0.0/16'),
 IPv4Network('10.39.0.0/16'),
 IPv4Network('10.40.0.0/16'),
 IPv4Network('10.41.0.0/16'),
 IPv4Network('10.42.0.0/16'),
 IPv4Network('10.43.0.0/16'),
 IPv4Network('10.44.0.0/16'),
 IPv4Network('10.45.0.0/16'),
 IPv4Network('10.46.0.0/16'),
 IPv4Network('10.47.0.0/16')]
[IPv4Network('10.0.0.0/8'),
 IPv4Network('129.79.0.0/16'),
 IPv4Network('134.68.0.0/16'),
 IPv4Network('140.182.0.0/16'),
 IPv4Network('149.159.0.0/16'),
 IPv4Network('149.160.0.0/14'),
 IPv4Network('156.56.0.0/16'),
 IPv4Network('172.16.0.0/12'),
 IPv4Network('192.168.0.0/24'),
 IPv6Network('::/128'),
 IPv4Network('10.0.0.0/16'),
 IPv4Network('10.1.0.0/16'),
 IPv4Network('10.2.0.0/16'),
 IPv4Network('10.3.0.0/16'),
 IPv4Network('10.4.0.0/16'),
 IPv4Network('10.5.0.0/16'),
 IPv4Network('10.6.0.0/16'),
 IPv4Network('10.7.0.0/16'),
 IPv4Network('10.8.0.0/16'),
 IPv4Network('10.9.0.0/16'),
 IPv4Network('10.10.0.0/16'),
 IPv4Network('10.11.0.0/16'),
 IPv4Network('10.12.0.0/16'),
 IPv4Network('10.13.0.0/16'),
 IPv4Network('10.14.0.0/16'),
 IPv4Network('10.15.0.0/16'),
 IPv4Network('10.16.0.0/16'),
 IPv4Network('10.17.0.0/16'),
 IPv4Network('10.18.0.0/16'),
 IPv4Network('10.19.0.0/16'),
 IPv4Network('10.20.0.0/16'),
 IPv4Network('10.21.0.0/16'),
 IPv4Network('10.22.0.0/16'),
 IPv4Network('10.23.0.0/16'),
 IPv4Network('10.24.0.0/16'),
 IPv4Network('10.25.0.0/16'),
 IPv4Network('10.26.0.0/16'),
 IPv4Network('10.27.0.0/16'),
 IPv4Network('10.28.0.0/16'),
 IPv4Network('10.29.0.0/16'),
 IPv4Network('10.30.0.0/16'),
 IPv4Network('10.31.0.0/16'),
 IPv4Network('10.32.0.0/16'),
 IPv4Network('10.33.0.0/16'),
 IPv4Network('10.34.0.0/16'),
 IPv4Network('10.35.0.0/16'),
 IPv4Network('10.36.0.0/16'),
 IPv4Network('10.37.0.0/16'),
 IPv4Network('10.38.0.0/16'),
 IPv4Network('10.39.0.0/16'),
 IPv4Network('10.40.0.0/16'),
 IPv4Network('10.41.0.0/16'),
 IPv4Network('10.42.0.0/16'),
 IPv4Network('10.43.0.0/16'),
 IPv4Network('10.44.0.0/16'),
 IPv4Network('10.45.0.0/16'),
 IPv4Network('10.46.0.0/16'),
 IPv4Network('10.47.0.0/16')]
[IPv4Network('10.0.0.0/8'),
 IPv4Network('129.79.0.0/16'),
 IPv4Network('134.68.0.0/16'),
 IPv4Network('140.182.0.0/16'),
 IPv4Network('149.159.0.0/16'),
 IPv4Network('149.160.0.0/14'),
 IPv4Network('156.56.0.0/16'),
 IPv4Network('172.16.0.0/12'),
 IPv4Network('192.168.0.0/24'),
 IPv6Network('::/128'),
 IPv4Network('10.0.0.0/16'),
 IPv4Network('10.1.0.0/16'),
 IPv4Network('10.2.0.0/16'),
 IPv4Network('10.3.0.0/16'),
 IPv4Network('10.4.0.0/16'),
 IPv4Network('10.5.0.0/16'),
 IPv4Network('10.6.0.0/16'),
 IPv4Network('10.7.0.0/16'),
 IPv4Network('10.8.0.0/16'),
 IPv4Network('10.9.0.0/16'),
 IPv4Network('10.10.0.0/16'),
 IPv4Network('10.11.0.0/16'),
 IPv4Network('10.12.0.0/16'),
 IPv4Network('10.13.0.0/16'),
 IPv4Network('10.14.0.0/16'),
 IPv4Network('10.15.0.0/16'),
 IPv4Network('10.16.0.0/16'),
 IPv4Network('10.17.0.0/16'),
 IPv4Network('10.18.0.0/16'),
 IPv4Network('10.19.0.0/16'),
 IPv4Network('10.20.0.0/16'),
 IPv4Network('10.21.0.0/16'),
 IPv4Network('10.22.0.0/16'),
 IPv4Network('10.23.0.0/16'),
 IPv4Network('10.24.0.0/16'),
 IPv4Network('10.25.0.0/16'),
 IPv4Network('10.26.0.0/16'),
 IPv4Network('10.27.0.0/16'),
 IPv4Network('10.28.0.0/16'),
 IPv4Network('10.29.0.0/16'),
 IPv4Network('10.30.0.0/16'),
 IPv4Network('10.31.0.0/16'),
 IPv4Network('10.32.0.0/16'),
 IPv4Network('10.33.0.0/16'),
 IPv4Network('10.34.0.0/16'),
 IPv4Network('10.35.0.0/16'),
 IPv4Network('10.36.0.0/16'),
 IPv4Network('10.37.0.0/16'),
 IPv4Network('10.38.0.0/16'),
 IPv4Network('10.39.0.0/16'),
 IPv4Network('10.40.0.0/16'),
 IPv4Network('10.41.0.0/16'),
 IPv4Network('10.42.0.0/16'),
 IPv4Network('10.43.0.0/16'),
 IPv4Network('10.44.0.0/16'),
 IPv4Network('10.45.0.0/16'),
 IPv4Network('10.46.0.0/16'),
 IPv4Network('10.47.0.0/16')]
[IPv4Network('10.0.0.0/8'),
 IPv4Network('129.79.0.0/16'),
 IPv4Network('134.68.0.0/16'),
 IPv4Network('140.182.0.0/16'),
 IPv4Network('149.159.0.0/16'),
 IPv4Network('149.160.0.0/14'),
 IPv4Network('156.56.0.0/16'),
 IPv4Network('172.16.0.0/12'),
 IPv4Network('192.168.0.0/24'),
 IPv6Network('::/128'),
 IPv4Network('10.0.0.0/16'),
 IPv4Network('10.1.0.0/16'),
 IPv4Network('10.2.0.0/16'),
 IPv4Network('10.3.0.0/16'),
 IPv4Network('10.4.0.0/16'),
 IPv4Network('10.5.0.0/16'),
 IPv4Network('10.6.0.0/16'),
 IPv4Network('10.7.0.0/16'),
 IPv4Network('10.8.0.0/16'),
 IPv4Network('10.9.0.0/16'),
 IPv4Network('10.10.0.0/16'),
 IPv4Network('10.11.0.0/16'),
 IPv4Network('10.12.0.0/16'),
 IPv4Network('10.13.0.0/16'),
 IPv4Network('10.14.0.0/16'),
 IPv4Network('10.15.0.0/16'),
 IPv4Network('10.16.0.0/16'),
 IPv4Network('10.17.0.0/16'),
 IPv4Network('10.18.0.0/16'),
 IPv4Network('10.19.0.0/16'),
 IPv4Network('10.20.0.0/16'),
 IPv4Network('10.21.0.0/16'),
 IPv4Network('10.22.0.0/16'),
 IPv4Network('10.23.0.0/16'),
 IPv4Network('10.24.0.0/16'),
 IPv4Network('10.25.0.0/16'),
 IPv4Network('10.26.0.0/16'),
 IPv4Network('10.27.0.0/16'),
 IPv4Network('10.28.0.0/16'),
 IPv4Network('10.29.0.0/16'),
 IPv4Network('10.30.0.0/16'),
 IPv4Network('10.31.0.0/16'),
 IPv4Network('10.32.0.0/16'),
 IPv4Network('10.33.0.0/16'),
 IPv4Network('10.34.0.0/16'),
 IPv4Network('10.35.0.0/16'),
 IPv4Network('10.36.0.0/16'),
 IPv4Network('10.37.0.0/16'),
 IPv4Network('10.38.0.0/16'),
 IPv4Network('10.39.0.0/16'),
 IPv4Network('10.40.0.0/16'),
 IPv4Network('10.41.0.0/16'),
 IPv4Network('10.42.0.0/16'),
 IPv4Network('10.43.0.0/16'),
 IPv4Network('10.44.0.0/16'),
 IPv4Network('10.45.0.0/16'),
 IPv4Network('10.46.0.0/16'),
 IPv4Network('10.47.0.0/16')]
[IPv4Network('10.0.0.0/8'),
 IPv4Network('129.79.0.0/16'),
 IPv4Network('134.68.0.0/16'),
 IPv4Network('140.182.0.0/16'),
 IPv4Network('149.159.0.0/16'),
 IPv4Network('149.160.0.0/14'),
 IPv4Network('156.56.0.0/16'),
 IPv4Network('172.16.0.0/12'),
 IPv4Network('192.168.0.0/24'),
 IPv6Network('::/128'),
 IPv4Network('10.0.0.0/16'),
 IPv4Network('10.1.0.0/16'),
 IPv4Network('10.2.0.0/16'),
 IPv4Network('10.3.0.0/16'),
 IPv4Network('10.4.0.0/16'),
 IPv4Network('10.5.0.0/16'),
 IPv4Network('10.6.0.0/16'),
 IPv4Network('10.7.0.0/16'),
 IPv4Network('10.8.0.0/16'),
 IPv4Network('10.9.0.0/16'),
 IPv4Network('10.10.0.0/16'),
 IPv4Network('10.11.0.0/16'),
 IPv4Network('10.12.0.0/16'),
 IPv4Network('10.13.0.0/16'),
 IPv4Network('10.14.0.0/16'),
 IPv4Network('10.15.0.0/16'),
 IPv4Network('10.16.0.0/16'),
 IPv4Network('10.17.0.0/16'),
 IPv4Network('10.18.0.0/16'),
 IPv4Network('10.19.0.0/16'),
 IPv4Network('10.20.0.0/16'),
 IPv4Network('10.21.0.0/16'),
 IPv4Network('10.22.0.0/16'),
 IPv4Network('10.23.0.0/16'),
 IPv4Network('10.24.0.0/16'),
 IPv4Network('10.25.0.0/16'),
 IPv4Network('10.26.0.0/16'),
 IPv4Network('10.27.0.0/16'),
 IPv4Network('10.28.0.0/16'),
 IPv4Network('10.29.0.0/16'),
 IPv4Network('10.30.0.0/16'),
 IPv4Network('10.31.0.0/16'),
 IPv4Network('10.32.0.0/16'),
 IPv4Network('10.33.0.0/16'),
 IPv4Network('10.34.0.0/16'),
 IPv4Network('10.35.0.0/16'),
 IPv4Network('10.36.0.0/16'),
 IPv4Network('10.37.0.0/16'),
 IPv4Network('10.38.0.0/16'),
 IPv4Network('10.39.0.0/16'),
 IPv4Network('10.40.0.0/16'),
 IPv4Network('10.41.0.0/16'),
 IPv4Network('10.42.0.0/16'),
 IPv4Network('10.43.0.0/16'),
 IPv4Network('10.44.0.0/16'),
 IPv4Network('10.45.0.0/16'),
 IPv4Network('10.46.0.0/16'),
 IPv4Network('10.47.0.0/16'),
 IPv4Network('10.48.0.0/16'),
 IPv4Network('10.49.0.0/16')]
[IPv4Network('10.0.0.0/8'),
 IPv4Network('129.79.0.0/16'),
 IPv4Network('134.68.0.0/16'),
 IPv4Network('140.182.0.0/16'),
 IPv4Network('149.159.0.0/16'),
 IPv4Network('149.160.0.0/14'),
 IPv4Network('156.56.0.0/16'),
 IPv4Network('172.16.0.0/12'),
 IPv4Network('192.168.0.0/24'),
 IPv6Network('::/128'),
 IPv4Network('10.0.0.0/16'),
 IPv4Network('10.1.0.0/16'),
 IPv4Network('10.2.0.0/16'),
 IPv4Network('10.3.0.0/16'),
 IPv4Network('10.4.0.0/16'),
 IPv4Network('10.5.0.0/16'),
 IPv4Network('10.6.0.0/16'),
 IPv4Network('10.7.0.0/16'),
 IPv4Network('10.8.0.0/16'),
 IPv4Network('10.9.0.0/16'),
 IPv4Network('10.10.0.0/16'),
 IPv4Network('10.11.0.0/16'),
 IPv4Network('10.12.0.0/16'),
 IPv4Network('10.13.0.0/16'),
 IPv4Network('10.14.0.0/16'),
 IPv4Network('10.15.0.0/16'),
 IPv4Network('10.16.0.0/16'),
 IPv4Network('10.17.0.0/16'),
 IPv4Network('10.18.0.0/16'),
 IPv4Network('10.19.0.0/16'),
 IPv4Network('10.20.0.0/16'),
 IPv4Network('10.21.0.0/16'),
 IPv4Network('10.22.0.0/16'),
 IPv4Network('10.23.0.0/16'),
 IPv4Network('10.24.0.0/16'),
 IPv4Network('10.25.0.0/16'),
 IPv4Network('10.26.0.0/16'),
 IPv4Network('10.27.0.0/16'),
 IPv4Network('10.28.0.0/16'),
 IPv4Network('10.29.0.0/16'),
 IPv4Network('10.30.0.0/16'),
 IPv4Network('10.31.0.0/16'),
 IPv4Network('10.32.0.0/16'),
 IPv4Network('10.33.0.0/16'),
 IPv4Network('10.34.0.0/16'),
 IPv4Network('10.35.0.0/16'),
 IPv4Network('10.36.0.0/16'),
 IPv4Network('10.37.0.0/16'),
 IPv4Network('10.38.0.0/16'),
 IPv4Network('10.39.0.0/16'),
 IPv4Network('10.40.0.0/16'),
 IPv4Network('10.41.0.0/16'),
 IPv4Network('10.42.0.0/16'),
 IPv4Network('10.43.0.0/16'),
 IPv4Network('10.44.0.0/16'),
 IPv4Network('10.45.0.0/16'),
 IPv4Network('10.46.0.0/16'),
 IPv4Network('10.47.0.0/16'),
 IPv4Network('10.48.0.0/16'),
 IPv4Network('10.49.0.0/16'),
 IPv4Network('10.50.0.0/16'),
 IPv4Network('10.51.0.0/16')]
[IPv4Network('10.0.0.0/8'),
 IPv4Network('129.79.0.0/16'),
 IPv4Network('134.68.0.0/16'),
 IPv4Network('140.182.0.0/16'),
 IPv4Network('149.159.0.0/16'),
 IPv4Network('149.160.0.0/14'),
 IPv4Network('156.56.0.0/16'),
 IPv4Network('172.16.0.0/12'),
 IPv4Network('192.168.0.0/24'),
 IPv6Network('::/128'),
 IPv4Network('10.0.0.0/16'),
 IPv4Network('10.1.0.0/16'),
 IPv4Network('10.2.0.0/16'),
 IPv4Network('10.3.0.0/16'),
 IPv4Network('10.4.0.0/16'),
 IPv4Network('10.5.0.0/16'),
 IPv4Network('10.6.0.0/16'),
 IPv4Network('10.7.0.0/16'),
 IPv4Network('10.8.0.0/16'),
 IPv4Network('10.9.0.0/16'),
 IPv4Network('10.10.0.0/16'),
 IPv4Network('10.11.0.0/16'),
 IPv4Network('10.12.0.0/16'),
 IPv4Network('10.13.0.0/16'),
 IPv4Network('10.14.0.0/16'),
 IPv4Network('10.15.0.0/16'),
 IPv4Network('10.16.0.0/16'),
 IPv4Network('10.17.0.0/16'),
 IPv4Network('10.18.0.0/16'),
 IPv4Network('10.19.0.0/16'),
 IPv4Network('10.20.0.0/16'),
 IPv4Network('10.21.0.0/16'),
 IPv4Network('10.22.0.0/16'),
 IPv4Network('10.23.0.0/16'),
 IPv4Network('10.24.0.0/16'),
 IPv4Network('10.25.0.0/16'),
 IPv4Network('10.26.0.0/16'),
 IPv4Network('10.27.0.0/16'),
 IPv4Network('10.28.0.0/16'),
 IPv4Network('10.29.0.0/16'),
 IPv4Network('10.30.0.0/16'),
 IPv4Network('10.31.0.0/16'),
 IPv4Network('10.32.0.0/16'),
 IPv4Network('10.33.0.0/16'),
 IPv4Network('10.34.0.0/16'),
 IPv4Network('10.35.0.0/16'),
 IPv4Network('10.36.0.0/16'),
 IPv4Network('10.37.0.0/16'),
 IPv4Network('10.38.0.0/16'),
 IPv4Network('10.39.0.0/16'),
 IPv4Network('10.40.0.0/16'),
 IPv4Network('10.41.0.0/16'),
 IPv4Network('10.42.0.0/16'),
 IPv4Network('10.43.0.0/16'),
 IPv4Network('10.44.0.0/16'),
 IPv4Network('10.45.0.0/16'),
 IPv4Network('10.46.0.0/16'),
 IPv4Network('10.47.0.0/16'),
 IPv4Network('10.48.0.0/16'),
 IPv4Network('10.49.0.0/16'),
 IPv4Network('10.50.0.0/16'),
 IPv4Network('10.51.0.0/16')]
[IPv4Network('10.0.0.0/8'),
 IPv4Network('129.79.0.0/16'),
 IPv4Network('134.68.0.0/16'),
 IPv4Network('140.182.0.0/16'),
 IPv4Network('149.159.0.0/16'),
 IPv4Network('149.160.0.0/14'),
 IPv4Network('156.56.0.0/16'),
 IPv4Network('172.16.0.0/12'),
 IPv4Network('192.168.0.0/24'),
 IPv6Network('::/128'),
 IPv4Network('10.0.0.0/16'),
 IPv4Network('10.1.0.0/16'),
 IPv4Network('10.2.0.0/16'),
 IPv4Network('10.3.0.0/16'),
 IPv4Network('10.4.0.0/16'),
 IPv4Network('10.5.0.0/16'),
 IPv4Network('10.6.0.0/16'),
 IPv4Network('10.7.0.0/16'),
 IPv4Network('10.8.0.0/16'),
 IPv4Network('10.9.0.0/16'),
 IPv4Network('10.10.0.0/16'),
 IPv4Network('10.11.0.0/16'),
 IPv4Network('10.12.0.0/16'),
 IPv4Network('10.13.0.0/16'),
 IPv4Network('10.14.0.0/16'),
 IPv4Network('10.15.0.0/16'),
 IPv4Network('10.16.0.0/16'),
 IPv4Network('10.17.0.0/16'),
 IPv4Network('10.18.0.0/16'),
 IPv4Network('10.19.0.0/16'),
 IPv4Network('10.20.0.0/16'),
 IPv4Network('10.21.0.0/16'),
 IPv4Network('10.22.0.0/16'),
 IPv4Network('10.23.0.0/16'),
 IPv4Network('10.24.0.0/16'),
 IPv4Network('10.25.0.0/16'),
 IPv4Network('10.26.0.0/16'),
 IPv4Network('10.27.0.0/16'),
 IPv4Network('10.28.0.0/16'),
 IPv4Network('10.29.0.0/16'),
 IPv4Network('10.30.0.0/16'),
 IPv4Network('10.31.0.0/16'),
 IPv4Network('10.32.0.0/16'),
 IPv4Network('10.33.0.0/16'),
 IPv4Network('10.34.0.0/16'),
 IPv4Network('10.35.0.0/16'),
 IPv4Network('10.36.0.0/16'),
 IPv4Network('10.37.0.0/16'),
 IPv4Network('10.38.0.0/16'),
 IPv4Network('10.39.0.0/16'),
 IPv4Network('10.40.0.0/16'),
 IPv4Network('10.41.0.0/16'),
 IPv4Network('10.42.0.0/16'),
 IPv4Network('10.43.0.0/16'),
 IPv4Network('10.44.0.0/16'),
 IPv4Network('10.45.0.0/16'),
 IPv4Network('10.46.0.0/16'),
 IPv4Network('10.47.0.0/16'),
 IPv4Network('10.48.0.0/16'),
 IPv4Network('10.49.0.0/16'),
 IPv4Network('10.50.0.0/16'),
 IPv4Network('10.51.0.0/16'),
 IPv4Network('10.52.0.0/16'),
 IPv4Network('10.53.0.0/16')]
[IPv4Network('10.0.0.0/8'),
 IPv4Network('129.79.0.0/16'),
 IPv4Network('134.68.0.0/16'),
 IPv4Network('140.182.0.0/16'),
 IPv4Network('149.159.0.0/16'),
 IPv4Network('149.160.0.0/14'),
 IPv4Network('156.56.0.0/16'),
 IPv4Network('172.16.0.0/12'),
 IPv4Network('192.168.0.0/24'),
 IPv6Network('::/128'),
 IPv4Network('10.0.0.0/16'),
 IPv4Network('10.1.0.0/16'),
 IPv4Network('10.2.0.0/16'),
 IPv4Network('10.3.0.0/16'),
 IPv4Network('10.4.0.0/16'),
 IPv4Network('10.5.0.0/16'),
 IPv4Network('10.6.0.0/16'),
 IPv4Network('10.7.0.0/16'),
 IPv4Network('10.8.0.0/16'),
 IPv4Network('10.9.0.0/16'),
 IPv4Network('10.10.0.0/16'),
 IPv4Network('10.11.0.0/16'),
 IPv4Network('10.12.0.0/16'),
 IPv4Network('10.13.0.0/16'),
 IPv4Network('10.14.0.0/16'),
 IPv4Network('10.15.0.0/16'),
 IPv4Network('10.16.0.0/16'),
 IPv4Network('10.17.0.0/16'),
 IPv4Network('10.18.0.0/16'),
 IPv4Network('10.19.0.0/16'),
 IPv4Network('10.20.0.0/16'),
 IPv4Network('10.21.0.0/16'),
 IPv4Network('10.22.0.0/16'),
 IPv4Network('10.23.0.0/16'),
 IPv4Network('10.24.0.0/16'),
 IPv4Network('10.25.0.0/16'),
 IPv4Network('10.26.0.0/16'),
 IPv4Network('10.27.0.0/16'),
 IPv4Network('10.28.0.0/16'),
 IPv4Network('10.29.0.0/16'),
 IPv4Network('10.30.0.0/16'),
 IPv4Network('10.31.0.0/16'),
 IPv4Network('10.32.0.0/16'),
 IPv4Network('10.33.0.0/16'),
 IPv4Network('10.34.0.0/16'),
 IPv4Network('10.35.0.0/16'),
 IPv4Network('10.36.0.0/16'),
 IPv4Network('10.37.0.0/16'),
 IPv4Network('10.38.0.0/16'),
 IPv4Network('10.39.0.0/16'),
 IPv4Network('10.40.0.0/16'),
 IPv4Network('10.41.0.0/16'),
 IPv4Network('10.42.0.0/16'),
 IPv4Network('10.43.0.0/16'),
 IPv4Network('10.44.0.0/16'),
 IPv4Network('10.45.0.0/16'),
 IPv4Network('10.46.0.0/16'),
 IPv4Network('10.47.0.0/16'),
 IPv4Network('10.48.0.0/16'),
 IPv4Network('10.49.0.0/16'),
 IPv4Network('10.50.0.0/16'),
 IPv4Network('10.51.0.0/16'),
 IPv4Network('10.52.0.0/16'),
 IPv4Network('10.53.0.0/16'),
 IPv4Network('10.54.0.0/16'),
 IPv4Network('10.55.0.0/16')]
[IPv4Network('10.0.0.0/8'),
 IPv4Network('129.79.0.0/16'),
 IPv4Network('134.68.0.0/16'),
 IPv4Network('140.182.0.0/16'),
 IPv4Network('149.159.0.0/16'),
 IPv4Network('149.160.0.0/14'),
 IPv4Network('156.56.0.0/16'),
 IPv4Network('172.16.0.0/12'),
 IPv4Network('192.168.0.0/24'),
 IPv6Network('::/128'),
 IPv4Network('10.0.0.0/16'),
 IPv4Network('10.1.0.0/16'),
 IPv4Network('10.2.0.0/16'),
 IPv4Network('10.3.0.0/16'),
 IPv4Network('10.4.0.0/16'),
 IPv4Network('10.5.0.0/16'),
 IPv4Network('10.6.0.0/16'),
 IPv4Network('10.7.0.0/16'),
 IPv4Network('10.8.0.0/16'),
 IPv4Network('10.9.0.0/16'),
 IPv4Network('10.10.0.0/16'),
 IPv4Network('10.11.0.0/16'),
 IPv4Network('10.12.0.0/16'),
 IPv4Network('10.13.0.0/16'),
 IPv4Network('10.14.0.0/16'),
 IPv4Network('10.15.0.0/16'),
 IPv4Network('10.16.0.0/16'),
 IPv4Network('10.17.0.0/16'),
 IPv4Network('10.18.0.0/16'),
 IPv4Network('10.19.0.0/16'),
 IPv4Network('10.20.0.0/16'),
 IPv4Network('10.21.0.0/16'),
 IPv4Network('10.22.0.0/16'),
 IPv4Network('10.23.0.0/16'),
 IPv4Network('10.24.0.0/16'),
 IPv4Network('10.25.0.0/16'),
 IPv4Network('10.26.0.0/16'),
 IPv4Network('10.27.0.0/16'),
 IPv4Network('10.28.0.0/16'),
 IPv4Network('10.29.0.0/16'),
 IPv4Network('10.30.0.0/16'),
 IPv4Network('10.31.0.0/16'),
 IPv4Network('10.32.0.0/16'),
 IPv4Network('10.33.0.0/16'),
 IPv4Network('10.34.0.0/16'),
 IPv4Network('10.35.0.0/16'),
 IPv4Network('10.36.0.0/16'),
 IPv4Network('10.37.0.0/16'),
 IPv4Network('10.38.0.0/16'),
 IPv4Network('10.39.0.0/16'),
 IPv4Network('10.40.0.0/16'),
 IPv4Network('10.41.0.0/16'),
 IPv4Network('10.42.0.0/16'),
 IPv4Network('10.43.0.0/16'),
 IPv4Network('10.44.0.0/16'),
 IPv4Network('10.45.0.0/16'),
 IPv4Network('10.46.0.0/16'),
 IPv4Network('10.47.0.0/16'),
 IPv4Network('10.48.0.0/16'),
 IPv4Network('10.49.0.0/16'),
 IPv4Network('10.50.0.0/16'),
 IPv4Network('10.51.0.0/16'),
 IPv4Network('10.52.0.0/16'),
 IPv4Network('10.53.0.0/16'),
 IPv4Network('10.54.0.0/16'),
 IPv4Network('10.55.0.0/16')]
[IPv4Network('10.0.0.0/8'),
 IPv4Network('129.79.0.0/16'),
 IPv4Network('134.68.0.0/16'),
 IPv4Network('140.182.0.0/16'),
 IPv4Network('149.159.0.0/16'),
 IPv4Network('149.160.0.0/14'),
 IPv4Network('156.56.0.0/16'),
 IPv4Network('172.16.0.0/12'),
 IPv4Network('192.168.0.0/24'),
 IPv6Network('::/128'),
 IPv4Network('10.0.0.0/16'),
 IPv4Network('10.1.0.0/16'),
 IPv4Network('10.2.0.0/16'),
 IPv4Network('10.3.0.0/16'),
 IPv4Network('10.4.0.0/16'),
 IPv4Network('10.5.0.0/16'),
 IPv4Network('10.6.0.0/16'),
 IPv4Network('10.7.0.0/16'),
 IPv4Network('10.8.0.0/16'),
 IPv4Network('10.9.0.0/16'),
 IPv4Network('10.10.0.0/16'),
 IPv4Network('10.11.0.0/16'),
 IPv4Network('10.12.0.0/16'),
 IPv4Network('10.13.0.0/16'),
 IPv4Network('10.14.0.0/16'),
 IPv4Network('10.15.0.0/16'),
 IPv4Network('10.16.0.0/16'),
 IPv4Network('10.17.0.0/16'),
 IPv4Network('10.18.0.0/16'),
 IPv4Network('10.19.0.0/16'),
 IPv4Network('10.20.0.0/16'),
 IPv4Network('10.21.0.0/16'),
 IPv4Network('10.22.0.0/16'),
 IPv4Network('10.23.0.0/16'),
 IPv4Network('10.24.0.0/16'),
 IPv4Network('10.25.0.0/16'),
 IPv4Network('10.26.0.0/16'),
 IPv4Network('10.27.0.0/16'),
 IPv4Network('10.28.0.0/16'),
 IPv4Network('10.29.0.0/16'),
 IPv4Network('10.30.0.0/16'),
 IPv4Network('10.31.0.0/16'),
 IPv4Network('10.32.0.0/16'),
 IPv4Network('10.33.0.0/16'),
 IPv4Network('10.34.0.0/16'),
 IPv4Network('10.35.0.0/16'),
 IPv4Network('10.36.0.0/16'),
 IPv4Network('10.37.0.0/16'),
 IPv4Network('10.38.0.0/16'),
 IPv4Network('10.39.0.0/16'),
 IPv4Network('10.40.0.0/16'),
 IPv4Network('10.41.0.0/16'),
 IPv4Network('10.42.0.0/16'),
 IPv4Network('10.43.0.0/16'),
 IPv4Network('10.44.0.0/16'),
 IPv4Network('10.45.0.0/16'),
 IPv4Network('10.46.0.0/16'),
 IPv4Network('10.47.0.0/16'),
 IPv4Network('10.48.0.0/16'),
 IPv4Network('10.49.0.0/16'),
 IPv4Network('10.50.0.0/16'),
 IPv4Network('10.51.0.0/16'),
 IPv4Network('10.52.0.0/16'),
 IPv4Network('10.53.0.0/16'),
 IPv4Network('10.54.0.0/16'),
 IPv4Network('10.55.0.0/16')]
[IPv4Network('10.0.0.0/8'),
 IPv4Network('129.79.0.0/16'),
 IPv4Network('134.68.0.0/16'),
 IPv4Network('140.182.0.0/16'),
 IPv4Network('149.159.0.0/16'),
 IPv4Network('149.160.0.0/14'),
 IPv4Network('156.56.0.0/16'),
 IPv4Network('172.16.0.0/12'),
 IPv4Network('192.168.0.0/24'),
 IPv6Network('::/128'),
 IPv4Network('10.0.0.0/16'),
 IPv4Network('10.1.0.0/16'),
 IPv4Network('10.2.0.0/16'),
 IPv4Network('10.3.0.0/16'),
 IPv4Network('10.4.0.0/16'),
 IPv4Network('10.5.0.0/16'),
 IPv4Network('10.6.0.0/16'),
 IPv4Network('10.7.0.0/16'),
 IPv4Network('10.8.0.0/16'),
 IPv4Network('10.9.0.0/16'),
 IPv4Network('10.10.0.0/16'),
 IPv4Network('10.11.0.0/16'),
 IPv4Network('10.12.0.0/16'),
 IPv4Network('10.13.0.0/16'),
 IPv4Network('10.14.0.0/16'),
 IPv4Network('10.15.0.0/16'),
 IPv4Network('10.16.0.0/16'),
 IPv4Network('10.17.0.0/16'),
 IPv4Network('10.18.0.0/16'),
 IPv4Network('10.19.0.0/16'),
 IPv4Network('10.20.0.0/16'),
 IPv4Network('10.21.0.0/16'),
 IPv4Network('10.22.0.0/16'),
 IPv4Network('10.23.0.0/16'),
 IPv4Network('10.24.0.0/16'),
 IPv4Network('10.25.0.0/16'),
 IPv4Network('10.26.0.0/16'),
 IPv4Network('10.27.0.0/16'),
 IPv4Network('10.28.0.0/16'),
 IPv4Network('10.29.0.0/16'),
 IPv4Network('10.30.0.0/16'),
 IPv4Network('10.31.0.0/16'),
 IPv4Network('10.32.0.0/16'),
 IPv4Network('10.33.0.0/16'),
 IPv4Network('10.34.0.0/16'),
 IPv4Network('10.35.0.0/16'),
 IPv4Network('10.36.0.0/16'),
 IPv4Network('10.37.0.0/16'),
 IPv4Network('10.38.0.0/16'),
 IPv4Network('10.39.0.0/16'),
 IPv4Network('10.40.0.0/16'),
 IPv4Network('10.41.0.0/16'),
 IPv4Network('10.42.0.0/16'),
 IPv4Network('10.43.0.0/16'),
 IPv4Network('10.44.0.0/16'),
 IPv4Network('10.45.0.0/16'),
 IPv4Network('10.46.0.0/16'),
 IPv4Network('10.47.0.0/16'),
 IPv4Network('10.48.0.0/16'),
 IPv4Network('10.49.0.0/16'),
 IPv4Network('10.50.0.0/16'),
 IPv4Network('10.51.0.0/16'),
 IPv4Network('10.52.0.0/16'),
 IPv4Network('10.53.0.0/16'),
 IPv4Network('10.54.0.0/16'),
 IPv4Network('10.55.0.0/16'),
 IPv4Network('10.56.0.0/16'),
 IPv4Network('10.57.0.0/16')]
[IPv4Network('10.0.0.0/8'),
 IPv4Network('129.79.0.0/16'),
 IPv4Network('134.68.0.0/16'),
 IPv4Network('140.182.0.0/16'),
 IPv4Network('149.159.0.0/16'),
 IPv4Network('149.160.0.0/14'),
 IPv4Network('156.56.0.0/16'),
 IPv4Network('172.16.0.0/12'),
 IPv4Network('192.168.0.0/24'),
 IPv6Network('::/128'),
 IPv4Network('10.0.0.0/16'),
 IPv4Network('10.1.0.0/16'),
 IPv4Network('10.2.0.0/16'),
 IPv4Network('10.3.0.0/16'),
 IPv4Network('10.4.0.0/16'),
 IPv4Network('10.5.0.0/16'),
 IPv4Network('10.6.0.0/16'),
 IPv4Network('10.7.0.0/16'),
 IPv4Network('10.8.0.0/16'),
 IPv4Network('10.9.0.0/16'),
 IPv4Network('10.10.0.0/16'),
 IPv4Network('10.11.0.0/16'),
 IPv4Network('10.12.0.0/16'),
 IPv4Network('10.13.0.0/16'),
 IPv4Network('10.14.0.0/16'),
 IPv4Network('10.15.0.0/16'),
 IPv4Network('10.16.0.0/16'),
 IPv4Network('10.17.0.0/16'),
 IPv4Network('10.18.0.0/16'),
 IPv4Network('10.19.0.0/16'),
 IPv4Network('10.20.0.0/16'),
 IPv4Network('10.21.0.0/16'),
 IPv4Network('10.22.0.0/16'),
 IPv4Network('10.23.0.0/16'),
 IPv4Network('10.24.0.0/16'),
 IPv4Network('10.25.0.0/16'),
 IPv4Network('10.26.0.0/16'),
 IPv4Network('10.27.0.0/16'),
 IPv4Network('10.28.0.0/16'),
 IPv4Network('10.29.0.0/16'),
 IPv4Network('10.30.0.0/16'),
 IPv4Network('10.31.0.0/16'),
 IPv4Network('10.32.0.0/16'),
 IPv4Network('10.33.0.0/16'),
 IPv4Network('10.34.0.0/16'),
 IPv4Network('10.35.0.0/16'),
 IPv4Network('10.36.0.0/16'),
 IPv4Network('10.37.0.0/16'),
 IPv4Network('10.38.0.0/16'),
 IPv4Network('10.39.0.0/16'),
 IPv4Network('10.40.0.0/16'),
 IPv4Network('10.41.0.0/16'),
 IPv4Network('10.42.0.0/16'),
 IPv4Network('10.43.0.0/16'),
 IPv4Network('10.44.0.0/16'),
 IPv4Network('10.45.0.0/16'),
 IPv4Network('10.46.0.0/16'),
 IPv4Network('10.47.0.0/16'),
 IPv4Network('10.48.0.0/16'),
 IPv4Network('10.49.0.0/16'),
 IPv4Network('10.50.0.0/16'),
 IPv4Network('10.51.0.0/16'),
 IPv4Network('10.52.0.0/16'),
 IPv4Network('10.53.0.0/16'),
 IPv4Network('10.54.0.0/16'),
 IPv4Network('10.55.0.0/16'),
 IPv4Network('10.56.0.0/16'),
 IPv4Network('10.57.0.0/16'),
 IPv4Network('10.58.0.0/16'),
 IPv4Network('10.59.0.0/16')]
[IPv4Network('10.0.0.0/8'),
 IPv4Network('129.79.0.0/16'),
 IPv4Network('134.68.0.0/16'),
 IPv4Network('140.182.0.0/16'),
 IPv4Network('149.159.0.0/16'),
 IPv4Network('149.160.0.0/14'),
 IPv4Network('156.56.0.0/16'),
 IPv4Network('172.16.0.0/12'),
 IPv4Network('192.168.0.0/24'),
 IPv6Network('::/128'),
 IPv4Network('10.0.0.0/16'),
 IPv4Network('10.1.0.0/16'),
 IPv4Network('10.2.0.0/16'),
 IPv4Network('10.3.0.0/16'),
 IPv4Network('10.4.0.0/16'),
 IPv4Network('10.5.0.0/16'),
 IPv4Network('10.6.0.0/16'),
 IPv4Network('10.7.0.0/16'),
 IPv4Network('10.8.0.0/16'),
 IPv4Network('10.9.0.0/16'),
 IPv4Network('10.10.0.0/16'),
 IPv4Network('10.11.0.0/16'),
 IPv4Network('10.12.0.0/16'),
 IPv4Network('10.13.0.0/16'),
 IPv4Network('10.14.0.0/16'),
 IPv4Network('10.15.0.0/16'),
 IPv4Network('10.16.0.0/16'),
 IPv4Network('10.17.0.0/16'),
 IPv4Network('10.18.0.0/16'),
 IPv4Network('10.19.0.0/16'),
 IPv4Network('10.20.0.0/16'),
 IPv4Network('10.21.0.0/16'),
 IPv4Network('10.22.0.0/16'),
 IPv4Network('10.23.0.0/16'),
 IPv4Network('10.24.0.0/16'),
 IPv4Network('10.25.0.0/16'),
 IPv4Network('10.26.0.0/16'),
 IPv4Network('10.27.0.0/16'),
 IPv4Network('10.28.0.0/16'),
 IPv4Network('10.29.0.0/16'),
 IPv4Network('10.30.0.0/16'),
 IPv4Network('10.31.0.0/16'),
 IPv4Network('10.32.0.0/16'),
 IPv4Network('10.33.0.0/16'),
 IPv4Network('10.34.0.0/16'),
 IPv4Network('10.35.0.0/16'),
 IPv4Network('10.36.0.0/16'),
 IPv4Network('10.37.0.0/16'),
 IPv4Network('10.38.0.0/16'),
 IPv4Network('10.39.0.0/16'),
 IPv4Network('10.40.0.0/16'),
 IPv4Network('10.41.0.0/16'),
 IPv4Network('10.42.0.0/16'),
 IPv4Network('10.43.0.0/16'),
 IPv4Network('10.44.0.0/16'),
 IPv4Network('10.45.0.0/16'),
 IPv4Network('10.46.0.0/16'),
 IPv4Network('10.47.0.0/16'),
 IPv4Network('10.48.0.0/16'),
 IPv4Network('10.49.0.0/16'),
 IPv4Network('10.50.0.0/16'),
 IPv4Network('10.51.0.0/16'),
 IPv4Network('10.52.0.0/16'),
 IPv4Network('10.53.0.0/16'),
 IPv4Network('10.54.0.0/16'),
 IPv4Network('10.55.0.0/16'),
 IPv4Network('10.56.0.0/16'),
 IPv4Network('10.57.0.0/16'),
 IPv4Network('10.58.0.0/16'),
 IPv4Network('10.59.0.0/16')]
[IPv4Network('10.0.0.0/8'),
 IPv4Network('129.79.0.0/16'),
 IPv4Network('134.68.0.0/16'),
 IPv4Network('140.182.0.0/16'),
 IPv4Network('149.159.0.0/16'),
 IPv4Network('149.160.0.0/14'),
 IPv4Network('156.56.0.0/16'),
 IPv4Network('172.16.0.0/12'),
 IPv4Network('192.168.0.0/24'),
 IPv6Network('::/128'),
 IPv4Network('10.0.0.0/16'),
 IPv4Network('10.1.0.0/16'),
 IPv4Network('10.2.0.0/16'),
 IPv4Network('10.3.0.0/16'),
 IPv4Network('10.4.0.0/16'),
 IPv4Network('10.5.0.0/16'),
 IPv4Network('10.6.0.0/16'),
 IPv4Network('10.7.0.0/16'),
 IPv4Network('10.8.0.0/16'),
 IPv4Network('10.9.0.0/16'),
 IPv4Network('10.10.0.0/16'),
 IPv4Network('10.11.0.0/16'),
 IPv4Network('10.12.0.0/16'),
 IPv4Network('10.13.0.0/16'),
 IPv4Network('10.14.0.0/16'),
 IPv4Network('10.15.0.0/16'),
 IPv4Network('10.16.0.0/16'),
 IPv4Network('10.17.0.0/16'),
 IPv4Network('10.18.0.0/16'),
 IPv4Network('10.19.0.0/16'),
 IPv4Network('10.20.0.0/16'),
 IPv4Network('10.21.0.0/16'),
 IPv4Network('10.22.0.0/16'),
 IPv4Network('10.23.0.0/16'),
 IPv4Network('10.24.0.0/16'),
 IPv4Network('10.25.0.0/16'),
 IPv4Network('10.26.0.0/16'),
 IPv4Network('10.27.0.0/16'),
 IPv4Network('10.28.0.0/16'),
 IPv4Network('10.29.0.0/16'),
 IPv4Network('10.30.0.0/16'),
 IPv4Network('10.31.0.0/16'),
 IPv4Network('10.32.0.0/16'),
 IPv4Network('10.33.0.0/16'),
 IPv4Network('10.34.0.0/16'),
 IPv4Network('10.35.0.0/16'),
 IPv4Network('10.36.0.0/16'),
 IPv4Network('10.37.0.0/16'),
 IPv4Network('10.38.0.0/16'),
 IPv4Network('10.39.0.0/16'),
 IPv4Network('10.40.0.0/16'),
 IPv4Network('10.41.0.0/16'),
 IPv4Network('10.42.0.0/16'),
 IPv4Network('10.43.0.0/16'),
 IPv4Network('10.44.0.0/16'),
 IPv4Network('10.45.0.0/16'),
 IPv4Network('10.46.0.0/16'),
 IPv4Network('10.47.0.0/16'),
 IPv4Network('10.48.0.0/16'),
 IPv4Network('10.49.0.0/16'),
 IPv4Network('10.50.0.0/16'),
 IPv4Network('10.51.0.0/16'),
 IPv4Network('10.52.0.0/16'),
 IPv4Network('10.53.0.0/16'),
 IPv4Network('10.54.0.0/16'),
 IPv4Network('10.55.0.0/16'),
 IPv4Network('10.56.0.0/16'),
 IPv4Network('10.57.0.0/16'),
 IPv4Network('10.58.0.0/16'),
 IPv4Network('10.59.0.0/16'),
 IPv4Network('10.60.0.0/16'),
 IPv4Network('10.61.0.0/16')]
[IPv4Network('10.0.0.0/8'),
 IPv4Network('129.79.0.0/16'),
 IPv4Network('134.68.0.0/16'),
 IPv4Network('140.182.0.0/16'),
 IPv4Network('149.159.0.0/16'),
 IPv4Network('149.160.0.0/14'),
 IPv4Network('156.56.0.0/16'),
 IPv4Network('172.16.0.0/12'),
 IPv4Network('192.168.0.0/24'),
 IPv6Network('::/128'),
 IPv4Network('10.0.0.0/16'),
 IPv4Network('10.1.0.0/16'),
 IPv4Network('10.2.0.0/16'),
 IPv4Network('10.3.0.0/16'),
 IPv4Network('10.4.0.0/16'),
 IPv4Network('10.5.0.0/16'),
 IPv4Network('10.6.0.0/16'),
 IPv4Network('10.7.0.0/16'),
 IPv4Network('10.8.0.0/16'),
 IPv4Network('10.9.0.0/16'),
 IPv4Network('10.10.0.0/16'),
 IPv4Network('10.11.0.0/16'),
 IPv4Network('10.12.0.0/16'),
 IPv4Network('10.13.0.0/16'),
 IPv4Network('10.14.0.0/16'),
 IPv4Network('10.15.0.0/16'),
 IPv4Network('10.16.0.0/16'),
 IPv4Network('10.17.0.0/16'),
 IPv4Network('10.18.0.0/16'),
 IPv4Network('10.19.0.0/16'),
 IPv4Network('10.20.0.0/16'),
 IPv4Network('10.21.0.0/16'),
 IPv4Network('10.22.0.0/16'),
 IPv4Network('10.23.0.0/16'),
 IPv4Network('10.24.0.0/16'),
 IPv4Network('10.25.0.0/16'),
 IPv4Network('10.26.0.0/16'),
 IPv4Network('10.27.0.0/16'),
 IPv4Network('10.28.0.0/16'),
 IPv4Network('10.29.0.0/16'),
 IPv4Network('10.30.0.0/16'),
 IPv4Network('10.31.0.0/16'),
 IPv4Network('10.32.0.0/16'),
 IPv4Network('10.33.0.0/16'),
 IPv4Network('10.34.0.0/16'),
 IPv4Network('10.35.0.0/16'),
 IPv4Network('10.36.0.0/16'),
 IPv4Network('10.37.0.0/16'),
 IPv4Network('10.38.0.0/16'),
 IPv4Network('10.39.0.0/16'),
 IPv4Network('10.40.0.0/16'),
 IPv4Network('10.41.0.0/16'),
 IPv4Network('10.42.0.0/16'),
 IPv4Network('10.43.0.0/16'),
 IPv4Network('10.44.0.0/16'),
 IPv4Network('10.45.0.0/16'),
 IPv4Network('10.46.0.0/16'),
 IPv4Network('10.47.0.0/16'),
 IPv4Network('10.48.0.0/16'),
 IPv4Network('10.49.0.0/16'),
 IPv4Network('10.50.0.0/16'),
 IPv4Network('10.51.0.0/16'),
 IPv4Network('10.52.0.0/16'),
 IPv4Network('10.53.0.0/16'),
 IPv4Network('10.54.0.0/16'),
 IPv4Network('10.55.0.0/16'),
 IPv4Network('10.56.0.0/16'),
 IPv4Network('10.57.0.0/16'),
 IPv4Network('10.58.0.0/16'),
 IPv4Network('10.59.0.0/16'),
 IPv4Network('10.60.0.0/16'),
 IPv4Network('10.61.0.0/16'),
 IPv4Network('10.62.0.0/16'),
 IPv4Network('10.63.0.0/16')]
[IPv4Network('10.0.0.0/8'),
 IPv4Network('129.79.0.0/16'),
 IPv4Network('134.68.0.0/16'),
 IPv4Network('140.182.0.0/16'),
 IPv4Network('149.159.0.0/16'),
 IPv4Network('149.160.0.0/14'),
 IPv4Network('156.56.0.0/16'),
 IPv4Network('172.16.0.0/12'),
 IPv4Network('192.168.0.0/24'),
 IPv6Network('::/128'),
 IPv4Network('10.0.0.0/16'),
 IPv4Network('10.1.0.0/16'),
 IPv4Network('10.2.0.0/16'),
 IPv4Network('10.3.0.0/16'),
 IPv4Network('10.4.0.0/16'),
 IPv4Network('10.5.0.0/16'),
 IPv4Network('10.6.0.0/16'),
 IPv4Network('10.7.0.0/16'),
 IPv4Network('10.8.0.0/16'),
 IPv4Network('10.9.0.0/16'),
 IPv4Network('10.10.0.0/16'),
 IPv4Network('10.11.0.0/16'),
 IPv4Network('10.12.0.0/16'),
 IPv4Network('10.13.0.0/16'),
 IPv4Network('10.14.0.0/16'),
 IPv4Network('10.15.0.0/16'),
 IPv4Network('10.16.0.0/16'),
 IPv4Network('10.17.0.0/16'),
 IPv4Network('10.18.0.0/16'),
 IPv4Network('10.19.0.0/16'),
 IPv4Network('10.20.0.0/16'),
 IPv4Network('10.21.0.0/16'),
 IPv4Network('10.22.0.0/16'),
 IPv4Network('10.23.0.0/16'),
 IPv4Network('10.24.0.0/16'),
 IPv4Network('10.25.0.0/16'),
 IPv4Network('10.26.0.0/16'),
 IPv4Network('10.27.0.0/16'),
 IPv4Network('10.28.0.0/16'),
 IPv4Network('10.29.0.0/16'),
 IPv4Network('10.30.0.0/16'),
 IPv4Network('10.31.0.0/16'),
 IPv4Network('10.32.0.0/16'),
 IPv4Network('10.33.0.0/16'),
 IPv4Network('10.34.0.0/16'),
 IPv4Network('10.35.0.0/16'),
 IPv4Network('10.36.0.0/16'),
 IPv4Network('10.37.0.0/16'),
 IPv4Network('10.38.0.0/16'),
 IPv4Network('10.39.0.0/16'),
 IPv4Network('10.40.0.0/16'),
 IPv4Network('10.41.0.0/16'),
 IPv4Network('10.42.0.0/16'),
 IPv4Network('10.43.0.0/16'),
 IPv4Network('10.44.0.0/16'),
 IPv4Network('10.45.0.0/16'),
 IPv4Network('10.46.0.0/16'),
 IPv4Network('10.47.0.0/16'),
 IPv4Network('10.48.0.0/16'),
 IPv4Network('10.49.0.0/16'),
 IPv4Network('10.50.0.0/16'),
 IPv4Network('10.51.0.0/16'),
 IPv4Network('10.52.0.0/16'),
 IPv4Network('10.53.0.0/16'),
 IPv4Network('10.54.0.0/16'),
 IPv4Network('10.55.0.0/16'),
 IPv4Network('10.56.0.0/16'),
 IPv4Network('10.57.0.0/16'),
 IPv4Network('10.58.0.0/16'),
 IPv4Network('10.59.0.0/16'),
 IPv4Network('10.60.0.0/16'),
 IPv4Network('10.61.0.0/16'),
 IPv4Network('10.62.0.0/16'),
 IPv4Network('10.63.0.0/16')]
[IPv4Network('10.0.0.0/8'),
 IPv4Network('129.79.0.0/16'),
 IPv4Network('134.68.0.0/16'),
 IPv4Network('140.182.0.0/16'),
 IPv4Network('149.159.0.0/16'),
 IPv4Network('149.160.0.0/14'),
 IPv4Network('156.56.0.0/16'),
 IPv4Network('172.16.0.0/12'),
 IPv4Network('192.168.0.0/24'),
 IPv6Network('::/128'),
 IPv4Network('10.0.0.0/16'),
 IPv4Network('10.1.0.0/16'),
 IPv4Network('10.2.0.0/16'),
 IPv4Network('10.3.0.0/16'),
 IPv4Network('10.4.0.0/16'),
 IPv4Network('10.5.0.0/16'),
 IPv4Network('10.6.0.0/16'),
 IPv4Network('10.7.0.0/16'),
 IPv4Network('10.8.0.0/16'),
 IPv4Network('10.9.0.0/16'),
 IPv4Network('10.10.0.0/16'),
 IPv4Network('10.11.0.0/16'),
 IPv4Network('10.12.0.0/16'),
 IPv4Network('10.13.0.0/16'),
 IPv4Network('10.14.0.0/16'),
 IPv4Network('10.15.0.0/16'),
 IPv4Network('10.16.0.0/16'),
 IPv4Network('10.17.0.0/16'),
 IPv4Network('10.18.0.0/16'),
 IPv4Network('10.19.0.0/16'),
 IPv4Network('10.20.0.0/16'),
 IPv4Network('10.21.0.0/16'),
 IPv4Network('10.22.0.0/16'),
 IPv4Network('10.23.0.0/16'),
 IPv4Network('10.24.0.0/16'),
 IPv4Network('10.25.0.0/16'),
 IPv4Network('10.26.0.0/16'),
 IPv4Network('10.27.0.0/16'),
 IPv4Network('10.28.0.0/16'),
 IPv4Network('10.29.0.0/16'),
 IPv4Network('10.30.0.0/16'),
 IPv4Network('10.31.0.0/16'),
 IPv4Network('10.32.0.0/16'),
 IPv4Network('10.33.0.0/16'),
 IPv4Network('10.34.0.0/16'),
 IPv4Network('10.35.0.0/16'),
 IPv4Network('10.36.0.0/16'),
 IPv4Network('10.37.0.0/16'),
 IPv4Network('10.38.0.0/16'),
 IPv4Network('10.39.0.0/16'),
 IPv4Network('10.40.0.0/16'),
 IPv4Network('10.41.0.0/16'),
 IPv4Network('10.42.0.0/16'),
 IPv4Network('10.43.0.0/16'),
 IPv4Network('10.44.0.0/16'),
 IPv4Network('10.45.0.0/16'),
 IPv4Network('10.46.0.0/16'),
 IPv4Network('10.47.0.0/16'),
 IPv4Network('10.48.0.0/16'),
 IPv4Network('10.49.0.0/16'),
 IPv4Network('10.50.0.0/16'),
 IPv4Network('10.51.0.0/16'),
 IPv4Network('10.52.0.0/16'),
 IPv4Network('10.53.0.0/16'),
 IPv4Network('10.54.0.0/16'),
 IPv4Network('10.55.0.0/16'),
 IPv4Network('10.56.0.0/16'),
 IPv4Network('10.57.0.0/16'),
 IPv4Network('10.58.0.0/16'),
 IPv4Network('10.59.0.0/16'),
 IPv4Network('10.60.0.0/16'),
 IPv4Network('10.61.0.0/16'),
 IPv4Network('10.62.0.0/16'),
 IPv4Network('10.63.0.0/16')]
[IPv4Network('10.0.0.0/8'),
 IPv4Network('129.79.0.0/16'),
 IPv4Network('134.68.0.0/16'),
 IPv4Network('140.182.0.0/16'),
 IPv4Network('149.159.0.0/16'),
 IPv4Network('149.160.0.0/14'),
 IPv4Network('156.56.0.0/16'),
 IPv4Network('172.16.0.0/12'),
 IPv4Network('192.168.0.0/24'),
 IPv6Network('::/128'),
 IPv4Network('10.0.0.0/16'),
 IPv4Network('10.1.0.0/16'),
 IPv4Network('10.2.0.0/16'),
 IPv4Network('10.3.0.0/16'),
 IPv4Network('10.4.0.0/16'),
 IPv4Network('10.5.0.0/16'),
 IPv4Network('10.6.0.0/16'),
 IPv4Network('10.7.0.0/16'),
 IPv4Network('10.8.0.0/16'),
 IPv4Network('10.9.0.0/16'),
 IPv4Network('10.10.0.0/16'),
 IPv4Network('10.11.0.0/16'),
 IPv4Network('10.12.0.0/16'),
 IPv4Network('10.13.0.0/16'),
 IPv4Network('10.14.0.0/16'),
 IPv4Network('10.15.0.0/16'),
 IPv4Network('10.16.0.0/16'),
 IPv4Network('10.17.0.0/16'),
 IPv4Network('10.18.0.0/16'),
 IPv4Network('10.19.0.0/16'),
 IPv4Network('10.20.0.0/16'),
 IPv4Network('10.21.0.0/16'),
 IPv4Network('10.22.0.0/16'),
 IPv4Network('10.23.0.0/16'),
 IPv4Network('10.24.0.0/16'),
 IPv4Network('10.25.0.0/16'),
 IPv4Network('10.26.0.0/16'),
 IPv4Network('10.27.0.0/16'),
 IPv4Network('10.28.0.0/16'),
 IPv4Network('10.29.0.0/16'),
 IPv4Network('10.30.0.0/16'),
 IPv4Network('10.31.0.0/16'),
 IPv4Network('10.32.0.0/16'),
 IPv4Network('10.33.0.0/16'),
 IPv4Network('10.34.0.0/16'),
 IPv4Network('10.35.0.0/16'),
 IPv4Network('10.36.0.0/16'),
 IPv4Network('10.37.0.0/16'),
 IPv4Network('10.38.0.0/16'),
 IPv4Network('10.39.0.0/16'),
 IPv4Network('10.40.0.0/16'),
 IPv4Network('10.41.0.0/16'),
 IPv4Network('10.42.0.0/16'),
 IPv4Network('10.43.0.0/16'),
 IPv4Network('10.44.0.0/16'),
 IPv4Network('10.45.0.0/16'),
 IPv4Network('10.46.0.0/16'),
 IPv4Network('10.47.0.0/16'),
 IPv4Network('10.48.0.0/16'),
 IPv4Network('10.49.0.0/16'),
 IPv4Network('10.50.0.0/16'),
 IPv4Network('10.51.0.0/16'),
 IPv4Network('10.52.0.0/16'),
 IPv4Network('10.53.0.0/16'),
 IPv4Network('10.54.0.0/16'),
 IPv4Network('10.55.0.0/16'),
 IPv4Network('10.56.0.0/16'),
 IPv4Network('10.57.0.0/16'),
 IPv4Network('10.58.0.0/16'),
 IPv4Network('10.59.0.0/16'),
 IPv4Network('10.60.0.0/16'),
 IPv4Network('10.61.0.0/16'),
 IPv4Network('10.62.0.0/16'),
 IPv4Network('10.63.0.0/16')]
[IPv4Network('10.0.0.0/8'),
 IPv4Network('129.79.0.0/16'),
 IPv4Network('134.68.0.0/16'),
 IPv4Network('140.182.0.0/16'),
 IPv4Network('149.159.0.0/16'),
 IPv4Network('149.160.0.0/14'),
 IPv4Network('156.56.0.0/16'),
 IPv4Network('172.16.0.0/12'),
 IPv4Network('192.168.0.0/24'),
 IPv6Network('::/128'),
 IPv4Network('10.0.0.0/16'),
 IPv4Network('10.1.0.0/16'),
 IPv4Network('10.2.0.0/16'),
 IPv4Network('10.3.0.0/16'),
 IPv4Network('10.4.0.0/16'),
 IPv4Network('10.5.0.0/16'),
 IPv4Network('10.6.0.0/16'),
 IPv4Network('10.7.0.0/16'),
 IPv4Network('10.8.0.0/16'),
 IPv4Network('10.9.0.0/16'),
 IPv4Network('10.10.0.0/16'),
 IPv4Network('10.11.0.0/16'),
 IPv4Network('10.12.0.0/16'),
 IPv4Network('10.13.0.0/16'),
 IPv4Network('10.14.0.0/16'),
 IPv4Network('10.15.0.0/16'),
 IPv4Network('10.16.0.0/16'),
 IPv4Network('10.17.0.0/16'),
 IPv4Network('10.18.0.0/16'),
 IPv4Network('10.19.0.0/16'),
 IPv4Network('10.20.0.0/16'),
 IPv4Network('10.21.0.0/16'),
 IPv4Network('10.22.0.0/16'),
 IPv4Network('10.23.0.0/16'),
 IPv4Network('10.24.0.0/16'),
 IPv4Network('10.25.0.0/16'),
 IPv4Network('10.26.0.0/16'),
 IPv4Network('10.27.0.0/16'),
 IPv4Network('10.28.0.0/16'),
 IPv4Network('10.29.0.0/16'),
 IPv4Network('10.30.0.0/16'),
 IPv4Network('10.31.0.0/16'),
 IPv4Network('10.32.0.0/16'),
 IPv4Network('10.33.0.0/16'),
 IPv4Network('10.34.0.0/16'),
 IPv4Network('10.35.0.0/16'),
 IPv4Network('10.36.0.0/16'),
 IPv4Network('10.37.0.0/16'),
 IPv4Network('10.38.0.0/16'),
 IPv4Network('10.39.0.0/16'),
 IPv4Network('10.40.0.0/16'),
 IPv4Network('10.41.0.0/16'),
 IPv4Network('10.42.0.0/16'),
 IPv4Network('10.43.0.0/16'),
 IPv4Network('10.44.0.0/16'),
 IPv4Network('10.45.0.0/16'),
 IPv4Network('10.46.0.0/16'),
 IPv4Network('10.47.0.0/16'),
 IPv4Network('10.48.0.0/16'),
 IPv4Network('10.49.0.0/16'),
 IPv4Network('10.50.0.0/16'),
 IPv4Network('10.51.0.0/16'),
 IPv4Network('10.52.0.0/16'),
 IPv4Network('10.53.0.0/16'),
 IPv4Network('10.54.0.0/16'),
 IPv4Network('10.55.0.0/16'),
 IPv4Network('10.56.0.0/16'),
 IPv4Network('10.57.0.0/16'),
 IPv4Network('10.58.0.0/16'),
 IPv4Network('10.59.0.0/16'),
 IPv4Network('10.60.0.0/16'),
 IPv4Network('10.61.0.0/16'),
 IPv4Network('10.62.0.0/16'),
 IPv4Network('10.63.0.0/16')]
[IPv4Network('10.0.0.0/8'),
 IPv4Network('129.79.0.0/16'),
 IPv4Network('134.68.0.0/16'),
 IPv4Network('140.182.0.0/16'),
 IPv4Network('149.159.0.0/16'),
 IPv4Network('149.160.0.0/14'),
 IPv4Network('156.56.0.0/16'),
 IPv4Network('172.16.0.0/12'),
 IPv4Network('192.168.0.0/24'),
 IPv6Network('::/128'),
 IPv4Network('10.0.0.0/16'),
 IPv4Network('10.1.0.0/16'),
 IPv4Network('10.2.0.0/16'),
 IPv4Network('10.3.0.0/16'),
 IPv4Network('10.4.0.0/16'),
 IPv4Network('10.5.0.0/16'),
 IPv4Network('10.6.0.0/16'),
 IPv4Network('10.7.0.0/16'),
 IPv4Network('10.8.0.0/16'),
 IPv4Network('10.9.0.0/16'),
 IPv4Network('10.10.0.0/16'),
 IPv4Network('10.11.0.0/16'),
 IPv4Network('10.12.0.0/16'),
 IPv4Network('10.13.0.0/16'),
 IPv4Network('10.14.0.0/16'),
 IPv4Network('10.15.0.0/16'),
 IPv4Network('10.16.0.0/16'),
 IPv4Network('10.17.0.0/16'),
 IPv4Network('10.18.0.0/16'),
 IPv4Network('10.19.0.0/16'),
 IPv4Network('10.20.0.0/16'),
 IPv4Network('10.21.0.0/16'),
 IPv4Network('10.22.0.0/16'),
 IPv4Network('10.23.0.0/16'),
 IPv4Network('10.24.0.0/16'),
 IPv4Network('10.25.0.0/16'),
 IPv4Network('10.26.0.0/16'),
 IPv4Network('10.27.0.0/16'),
 IPv4Network('10.28.0.0/16'),
 IPv4Network('10.29.0.0/16'),
 IPv4Network('10.30.0.0/16'),
 IPv4Network('10.31.0.0/16'),
 IPv4Network('10.32.0.0/16'),
 IPv4Network('10.33.0.0/16'),
 IPv4Network('10.34.0.0/16'),
 IPv4Network('10.35.0.0/16'),
 IPv4Network('10.36.0.0/16'),
 IPv4Network('10.37.0.0/16'),
 IPv4Network('10.38.0.0/16'),
 IPv4Network('10.39.0.0/16'),
 IPv4Network('10.40.0.0/16'),
 IPv4Network('10.41.0.0/16'),
 IPv4Network('10.42.0.0/16'),
 IPv4Network('10.43.0.0/16'),
 IPv4Network('10.44.0.0/16'),
 IPv4Network('10.45.0.0/16'),
 IPv4Network('10.46.0.0/16'),
 IPv4Network('10.47.0.0/16'),
 IPv4Network('10.48.0.0/16'),
 IPv4Network('10.49.0.0/16'),
 IPv4Network('10.50.0.0/16'),
 IPv4Network('10.51.0.0/16'),
 IPv4Network('10.52.0.0/16'),
 IPv4Network('10.53.0.0/16'),
 IPv4Network('10.54.0.0/16'),
 IPv4Network('10.55.0.0/16'),
 IPv4Network('10.56.0.0/16'),
 IPv4Network('10.57.0.0/16'),
 IPv4Network('10.58.0.0/16'),
 IPv4Network('10.59.0.0/16'),
 IPv4Network('10.60.0.0/16'),
 IPv4Network('10.61.0.0/16'),
 IPv4Network('10.62.0.0/16'),
 IPv4Network('10.63.0.0/16')]
[IPv4Network('10.0.0.0/8'),
 IPv4Network('129.79.0.0/16'),
 IPv4Network('134.68.0.0/16'),
 IPv4Network('140.182.0.0/16'),
 IPv4Network('149.159.0.0/16'),
 IPv4Network('149.160.0.0/14'),
 IPv4Network('156.56.0.0/16'),
 IPv4Network('172.16.0.0/12'),
 IPv4Network('192.168.0.0/24'),
 IPv6Network('::/128'),
 IPv4Network('10.0.0.0/16'),
 IPv4Network('10.1.0.0/16'),
 IPv4Network('10.2.0.0/16'),
 IPv4Network('10.3.0.0/16'),
 IPv4Network('10.4.0.0/16'),
 IPv4Network('10.5.0.0/16'),
 IPv4Network('10.6.0.0/16'),
 IPv4Network('10.7.0.0/16'),
 IPv4Network('10.8.0.0/16'),
 IPv4Network('10.9.0.0/16'),
 IPv4Network('10.10.0.0/16'),
 IPv4Network('10.11.0.0/16'),
 IPv4Network('10.12.0.0/16'),
 IPv4Network('10.13.0.0/16'),
 IPv4Network('10.14.0.0/16'),
 IPv4Network('10.15.0.0/16'),
 IPv4Network('10.16.0.0/16'),
 IPv4Network('10.17.0.0/16'),
 IPv4Network('10.18.0.0/16'),
 IPv4Network('10.19.0.0/16'),
 IPv4Network('10.20.0.0/16'),
 IPv4Network('10.21.0.0/16'),
 IPv4Network('10.22.0.0/16'),
 IPv4Network('10.23.0.0/16'),
 IPv4Network('10.24.0.0/16'),
 IPv4Network('10.25.0.0/16'),
 IPv4Network('10.26.0.0/16'),
 IPv4Network('10.27.0.0/16'),
 IPv4Network('10.28.0.0/16'),
 IPv4Network('10.29.0.0/16'),
 IPv4Network('10.30.0.0/16'),
 IPv4Network('10.31.0.0/16'),
 IPv4Network('10.32.0.0/16'),
 IPv4Network('10.33.0.0/16'),
 IPv4Network('10.34.0.0/16'),
 IPv4Network('10.35.0.0/16'),
 IPv4Network('10.36.0.0/16'),
 IPv4Network('10.37.0.0/16'),
 IPv4Network('10.38.0.0/16'),
 IPv4Network('10.39.0.0/16'),
 IPv4Network('10.40.0.0/16'),
 IPv4Network('10.41.0.0/16'),
 IPv4Network('10.42.0.0/16'),
 IPv4Network('10.43.0.0/16'),
 IPv4Network('10.44.0.0/16'),
 IPv4Network('10.45.0.0/16'),
 IPv4Network('10.46.0.0/16'),
 IPv4Network('10.47.0.0/16'),
 IPv4Network('10.48.0.0/16'),
 IPv4Network('10.49.0.0/16'),
 IPv4Network('10.50.0.0/16'),
 IPv4Network('10.51.0.0/16'),
 IPv4Network('10.52.0.0/16'),
 IPv4Network('10.53.0.0/16'),
 IPv4Network('10.54.0.0/16'),
 IPv4Network('10.55.0.0/16'),
 IPv4Network('10.56.0.0/16'),
 IPv4Network('10.57.0.0/16'),
 IPv4Network('10.58.0.0/16'),
 IPv4Network('10.59.0.0/16'),
 IPv4Network('10.60.0.0/16'),
 IPv4Network('10.61.0.0/16'),
 IPv4Network('10.62.0.0/16'),
 IPv4Network('10.63.0.0/16'),
 IPv4Network('10.64.0.0/16'),
 IPv4Network('10.65.0.0/16')]
[IPv4Network('10.0.0.0/8'),
 IPv4Network('129.79.0.0/16'),
 IPv4Network('134.68.0.0/16'),
 IPv4Network('140.182.0.0/16'),
 IPv4Network('149.159.0.0/16'),
 IPv4Network('149.160.0.0/14'),
 IPv4Network('156.56.0.0/16'),
 IPv4Network('172.16.0.0/12'),
 IPv4Network('192.168.0.0/24'),
 IPv6Network('::/128'),
 IPv4Network('10.0.0.0/16'),
 IPv4Network('10.1.0.0/16'),
 IPv4Network('10.2.0.0/16'),
 IPv4Network('10.3.0.0/16'),
 IPv4Network('10.4.0.0/16'),
 IPv4Network('10.5.0.0/16'),
 IPv4Network('10.6.0.0/16'),
 IPv4Network('10.7.0.0/16'),
 IPv4Network('10.8.0.0/16'),
 IPv4Network('10.9.0.0/16'),
 IPv4Network('10.10.0.0/16'),
 IPv4Network('10.11.0.0/16'),
 IPv4Network('10.12.0.0/16'),
 IPv4Network('10.13.0.0/16'),
 IPv4Network('10.14.0.0/16'),
 IPv4Network('10.15.0.0/16'),
 IPv4Network('10.16.0.0/16'),
 IPv4Network('10.17.0.0/16'),
 IPv4Network('10.18.0.0/16'),
 IPv4Network('10.19.0.0/16'),
 IPv4Network('10.20.0.0/16'),
 IPv4Network('10.21.0.0/16'),
 IPv4Network('10.22.0.0/16'),
 IPv4Network('10.23.0.0/16'),
 IPv4Network('10.24.0.0/16'),
 IPv4Network('10.25.0.0/16'),
 IPv4Network('10.26.0.0/16'),
 IPv4Network('10.27.0.0/16'),
 IPv4Network('10.28.0.0/16'),
 IPv4Network('10.29.0.0/16'),
 IPv4Network('10.30.0.0/16'),
 IPv4Network('10.31.0.0/16'),
 IPv4Network('10.32.0.0/16'),
 IPv4Network('10.33.0.0/16'),
 IPv4Network('10.34.0.0/16'),
 IPv4Network('10.35.0.0/16'),
 IPv4Network('10.36.0.0/16'),
 IPv4Network('10.37.0.0/16'),
 IPv4Network('10.38.0.0/16'),
 IPv4Network('10.39.0.0/16'),
 IPv4Network('10.40.0.0/16'),
 IPv4Network('10.41.0.0/16'),
 IPv4Network('10.42.0.0/16'),
 IPv4Network('10.43.0.0/16'),
 IPv4Network('10.44.0.0/16'),
 IPv4Network('10.45.0.0/16'),
 IPv4Network('10.46.0.0/16'),
 IPv4Network('10.47.0.0/16'),
 IPv4Network('10.48.0.0/16'),
 IPv4Network('10.49.0.0/16'),
 IPv4Network('10.50.0.0/16'),
 IPv4Network('10.51.0.0/16'),
 IPv4Network('10.52.0.0/16'),
 IPv4Network('10.53.0.0/16'),
 IPv4Network('10.54.0.0/16'),
 IPv4Network('10.55.0.0/16'),
 IPv4Network('10.56.0.0/16'),
 IPv4Network('10.57.0.0/16'),
 IPv4Network('10.58.0.0/16'),
 IPv4Network('10.59.0.0/16'),
 IPv4Network('10.60.0.0/16'),
 IPv4Network('10.61.0.0/16'),
 IPv4Network('10.62.0.0/16'),
 IPv4Network('10.63.0.0/16'),
 IPv4Network('10.64.0.0/16'),
 IPv4Network('10.65.0.0/16'),
 IPv4Network('10.66.0.0/16'),
 IPv4Network('10.67.0.0/16')]
[IPv4Network('10.0.0.0/8'),
 IPv4Network('129.79.0.0/16'),
 IPv4Network('134.68.0.0/16'),
 IPv4Network('140.182.0.0/16'),
 IPv4Network('149.159.0.0/16'),
 IPv4Network('149.160.0.0/14'),
 IPv4Network('156.56.0.0/16'),
 IPv4Network('172.16.0.0/12'),
 IPv4Network('192.168.0.0/24'),
 IPv6Network('::/128'),
 IPv4Network('10.0.0.0/16'),
 IPv4Network('10.1.0.0/16'),
 IPv4Network('10.2.0.0/16'),
 IPv4Network('10.3.0.0/16'),
 IPv4Network('10.4.0.0/16'),
 IPv4Network('10.5.0.0/16'),
 IPv4Network('10.6.0.0/16'),
 IPv4Network('10.7.0.0/16'),
 IPv4Network('10.8.0.0/16'),
 IPv4Network('10.9.0.0/16'),
 IPv4Network('10.10.0.0/16'),
 IPv4Network('10.11.0.0/16'),
 IPv4Network('10.12.0.0/16'),
 IPv4Network('10.13.0.0/16'),
 IPv4Network('10.14.0.0/16'),
 IPv4Network('10.15.0.0/16'),
 IPv4Network('10.16.0.0/16'),
 IPv4Network('10.17.0.0/16'),
 IPv4Network('10.18.0.0/16'),
 IPv4Network('10.19.0.0/16'),
 IPv4Network('10.20.0.0/16'),
 IPv4Network('10.21.0.0/16'),
 IPv4Network('10.22.0.0/16'),
 IPv4Network('10.23.0.0/16'),
 IPv4Network('10.24.0.0/16'),
 IPv4Network('10.25.0.0/16'),
 IPv4Network('10.26.0.0/16'),
 IPv4Network('10.27.0.0/16'),
 IPv4Network('10.28.0.0/16'),
 IPv4Network('10.29.0.0/16'),
 IPv4Network('10.30.0.0/16'),
 IPv4Network('10.31.0.0/16'),
 IPv4Network('10.32.0.0/16'),
 IPv4Network('10.33.0.0/16'),
 IPv4Network('10.34.0.0/16'),
 IPv4Network('10.35.0.0/16'),
 IPv4Network('10.36.0.0/16'),
 IPv4Network('10.37.0.0/16'),
 IPv4Network('10.38.0.0/16'),
 IPv4Network('10.39.0.0/16'),
 IPv4Network('10.40.0.0/16'),
 IPv4Network('10.41.0.0/16'),
 IPv4Network('10.42.0.0/16'),
 IPv4Network('10.43.0.0/16'),
 IPv4Network('10.44.0.0/16'),
 IPv4Network('10.45.0.0/16'),
 IPv4Network('10.46.0.0/16'),
 IPv4Network('10.47.0.0/16'),
 IPv4Network('10.48.0.0/16'),
 IPv4Network('10.49.0.0/16'),
 IPv4Network('10.50.0.0/16'),
 IPv4Network('10.51.0.0/16'),
 IPv4Network('10.52.0.0/16'),
 IPv4Network('10.53.0.0/16'),
 IPv4Network('10.54.0.0/16'),
 IPv4Network('10.55.0.0/16'),
 IPv4Network('10.56.0.0/16'),
 IPv4Network('10.57.0.0/16'),
 IPv4Network('10.58.0.0/16'),
 IPv4Network('10.59.0.0/16'),
 IPv4Network('10.60.0.0/16'),
 IPv4Network('10.61.0.0/16'),
 IPv4Network('10.62.0.0/16'),
 IPv4Network('10.63.0.0/16'),
 IPv4Network('10.64.0.0/16'),
 IPv4Network('10.65.0.0/16'),
 IPv4Network('10.66.0.0/16'),
 IPv4Network('10.67.0.0/16')]
[IPv4Network('10.0.0.0/8'),
 IPv4Network('129.79.0.0/16'),
 IPv4Network('134.68.0.0/16'),
 IPv4Network('140.182.0.0/16'),
 IPv4Network('149.159.0.0/16'),
 IPv4Network('149.160.0.0/14'),
 IPv4Network('156.56.0.0/16'),
 IPv4Network('172.16.0.0/12'),
 IPv4Network('192.168.0.0/24'),
 IPv6Network('::/128'),
 IPv4Network('10.0.0.0/16'),
 IPv4Network('10.1.0.0/16'),
 IPv4Network('10.2.0.0/16'),
 IPv4Network('10.3.0.0/16'),
 IPv4Network('10.4.0.0/16'),
 IPv4Network('10.5.0.0/16'),
 IPv4Network('10.6.0.0/16'),
 IPv4Network('10.7.0.0/16'),
 IPv4Network('10.8.0.0/16'),
 IPv4Network('10.9.0.0/16'),
 IPv4Network('10.10.0.0/16'),
 IPv4Network('10.11.0.0/16'),
 IPv4Network('10.12.0.0/16'),
 IPv4Network('10.13.0.0/16'),
 IPv4Network('10.14.0.0/16'),
 IPv4Network('10.15.0.0/16'),
 IPv4Network('10.16.0.0/16'),
 IPv4Network('10.17.0.0/16'),
 IPv4Network('10.18.0.0/16'),
 IPv4Network('10.19.0.0/16'),
 IPv4Network('10.20.0.0/16'),
 IPv4Network('10.21.0.0/16'),
 IPv4Network('10.22.0.0/16'),
 IPv4Network('10.23.0.0/16'),
 IPv4Network('10.24.0.0/16'),
 IPv4Network('10.25.0.0/16'),
 IPv4Network('10.26.0.0/16'),
 IPv4Network('10.27.0.0/16'),
 IPv4Network('10.28.0.0/16'),
 IPv4Network('10.29.0.0/16'),
 IPv4Network('10.30.0.0/16'),
 IPv4Network('10.31.0.0/16'),
 IPv4Network('10.32.0.0/16'),
 IPv4Network('10.33.0.0/16'),
 IPv4Network('10.34.0.0/16'),
 IPv4Network('10.35.0.0/16'),
 IPv4Network('10.36.0.0/16'),
 IPv4Network('10.37.0.0/16'),
 IPv4Network('10.38.0.0/16'),
 IPv4Network('10.39.0.0/16'),
 IPv4Network('10.40.0.0/16'),
 IPv4Network('10.41.0.0/16'),
 IPv4Network('10.42.0.0/16'),
 IPv4Network('10.43.0.0/16'),
 IPv4Network('10.44.0.0/16'),
 IPv4Network('10.45.0.0/16'),
 IPv4Network('10.46.0.0/16'),
 IPv4Network('10.47.0.0/16'),
 IPv4Network('10.48.0.0/16'),
 IPv4Network('10.49.0.0/16'),
 IPv4Network('10.50.0.0/16'),
 IPv4Network('10.51.0.0/16'),
 IPv4Network('10.52.0.0/16'),
 IPv4Network('10.53.0.0/16'),
 IPv4Network('10.54.0.0/16'),
 IPv4Network('10.55.0.0/16'),
 IPv4Network('10.56.0.0/16'),
 IPv4Network('10.57.0.0/16'),
 IPv4Network('10.58.0.0/16'),
 IPv4Network('10.59.0.0/16'),
 IPv4Network('10.60.0.0/16'),
 IPv4Network('10.61.0.0/16'),
 IPv4Network('10.62.0.0/16'),
 IPv4Network('10.63.0.0/16'),
 IPv4Network('10.64.0.0/16'),
 IPv4Network('10.65.0.0/16'),
 IPv4Network('10.66.0.0/16'),
 IPv4Network('10.67.0.0/16'),
 IPv4Network('10.68.0.0/16'),
 IPv4Network('10.69.0.0/16')]
[IPv4Network('10.0.0.0/8'),
 IPv4Network('129.79.0.0/16'),
 IPv4Network('134.68.0.0/16'),
 IPv4Network('140.182.0.0/16'),
 IPv4Network('149.159.0.0/16'),
 IPv4Network('149.160.0.0/14'),
 IPv4Network('156.56.0.0/16'),
 IPv4Network('172.16.0.0/12'),
 IPv4Network('192.168.0.0/24'),
 IPv6Network('::/128'),
 IPv4Network('10.0.0.0/16'),
 IPv4Network('10.1.0.0/16'),
 IPv4Network('10.2.0.0/16'),
 IPv4Network('10.3.0.0/16'),
 IPv4Network('10.4.0.0/16'),
 IPv4Network('10.5.0.0/16'),
 IPv4Network('10.6.0.0/16'),
 IPv4Network('10.7.0.0/16'),
 IPv4Network('10.8.0.0/16'),
 IPv4Network('10.9.0.0/16'),
 IPv4Network('10.10.0.0/16'),
 IPv4Network('10.11.0.0/16'),
 IPv4Network('10.12.0.0/16'),
 IPv4Network('10.13.0.0/16'),
 IPv4Network('10.14.0.0/16'),
 IPv4Network('10.15.0.0/16'),
 IPv4Network('10.16.0.0/16'),
 IPv4Network('10.17.0.0/16'),
 IPv4Network('10.18.0.0/16'),
 IPv4Network('10.19.0.0/16'),
 IPv4Network('10.20.0.0/16'),
 IPv4Network('10.21.0.0/16'),
 IPv4Network('10.22.0.0/16'),
 IPv4Network('10.23.0.0/16'),
 IPv4Network('10.24.0.0/16'),
 IPv4Network('10.25.0.0/16'),
 IPv4Network('10.26.0.0/16'),
 IPv4Network('10.27.0.0/16'),
 IPv4Network('10.28.0.0/16'),
 IPv4Network('10.29.0.0/16'),
 IPv4Network('10.30.0.0/16'),
 IPv4Network('10.31.0.0/16'),
 IPv4Network('10.32.0.0/16'),
 IPv4Network('10.33.0.0/16'),
 IPv4Network('10.34.0.0/16'),
 IPv4Network('10.35.0.0/16'),
 IPv4Network('10.36.0.0/16'),
 IPv4Network('10.37.0.0/16'),
 IPv4Network('10.38.0.0/16'),
 IPv4Network('10.39.0.0/16'),
 IPv4Network('10.40.0.0/16'),
 IPv4Network('10.41.0.0/16'),
 IPv4Network('10.42.0.0/16'),
 IPv4Network('10.43.0.0/16'),
 IPv4Network('10.44.0.0/16'),
 IPv4Network('10.45.0.0/16'),
 IPv4Network('10.46.0.0/16'),
 IPv4Network('10.47.0.0/16'),
 IPv4Network('10.48.0.0/16'),
 IPv4Network('10.49.0.0/16'),
 IPv4Network('10.50.0.0/16'),
 IPv4Network('10.51.0.0/16'),
 IPv4Network('10.52.0.0/16'),
 IPv4Network('10.53.0.0/16'),
 IPv4Network('10.54.0.0/16'),
 IPv4Network('10.55.0.0/16'),
 IPv4Network('10.56.0.0/16'),
 IPv4Network('10.57.0.0/16'),
 IPv4Network('10.58.0.0/16'),
 IPv4Network('10.59.0.0/16'),
 IPv4Network('10.60.0.0/16'),
 IPv4Network('10.61.0.0/16'),
 IPv4Network('10.62.0.0/16'),
 IPv4Network('10.63.0.0/16'),
 IPv4Network('10.64.0.0/16'),
 IPv4Network('10.65.0.0/16'),
 IPv4Network('10.66.0.0/16'),
 IPv4Network('10.67.0.0/16'),
 IPv4Network('10.68.0.0/16'),
 IPv4Network('10.69.0.0/16'),
 IPv4Network('10.70.0.0/16'),
 IPv4Network('10.71.0.0/16')]
[IPv4Network('10.0.0.0/8'),
 IPv4Network('129.79.0.0/16'),
 IPv4Network('134.68.0.0/16'),
 IPv4Network('140.182.0.0/16'),
 IPv4Network('149.159.0.0/16'),
 IPv4Network('149.160.0.0/14'),
 IPv4Network('156.56.0.0/16'),
 IPv4Network('172.16.0.0/12'),
 IPv4Network('192.168.0.0/24'),
 IPv6Network('::/128'),
 IPv4Network('10.0.0.0/16'),
 IPv4Network('10.1.0.0/16'),
 IPv4Network('10.2.0.0/16'),
 IPv4Network('10.3.0.0/16'),
 IPv4Network('10.4.0.0/16'),
 IPv4Network('10.5.0.0/16'),
 IPv4Network('10.6.0.0/16'),
 IPv4Network('10.7.0.0/16'),
 IPv4Network('10.8.0.0/16'),
 IPv4Network('10.9.0.0/16'),
 IPv4Network('10.10.0.0/16'),
 IPv4Network('10.11.0.0/16'),
 IPv4Network('10.12.0.0/16'),
 IPv4Network('10.13.0.0/16'),
 IPv4Network('10.14.0.0/16'),
 IPv4Network('10.15.0.0/16'),
 IPv4Network('10.16.0.0/16'),
 IPv4Network('10.17.0.0/16'),
 IPv4Network('10.18.0.0/16'),
 IPv4Network('10.19.0.0/16'),
 IPv4Network('10.20.0.0/16'),
 IPv4Network('10.21.0.0/16'),
 IPv4Network('10.22.0.0/16'),
 IPv4Network('10.23.0.0/16'),
 IPv4Network('10.24.0.0/16'),
 IPv4Network('10.25.0.0/16'),
 IPv4Network('10.26.0.0/16'),
 IPv4Network('10.27.0.0/16'),
 IPv4Network('10.28.0.0/16'),
 IPv4Network('10.29.0.0/16'),
 IPv4Network('10.30.0.0/16'),
 IPv4Network('10.31.0.0/16'),
 IPv4Network('10.32.0.0/16'),
 IPv4Network('10.33.0.0/16'),
 IPv4Network('10.34.0.0/16'),
 IPv4Network('10.35.0.0/16'),
 IPv4Network('10.36.0.0/16'),
 IPv4Network('10.37.0.0/16'),
 IPv4Network('10.38.0.0/16'),
 IPv4Network('10.39.0.0/16'),
 IPv4Network('10.40.0.0/16'),
 IPv4Network('10.41.0.0/16'),
 IPv4Network('10.42.0.0/16'),
 IPv4Network('10.43.0.0/16'),
 IPv4Network('10.44.0.0/16'),
 IPv4Network('10.45.0.0/16'),
 IPv4Network('10.46.0.0/16'),
 IPv4Network('10.47.0.0/16'),
 IPv4Network('10.48.0.0/16'),
 IPv4Network('10.49.0.0/16'),
 IPv4Network('10.50.0.0/16'),
 IPv4Network('10.51.0.0/16'),
 IPv4Network('10.52.0.0/16'),
 IPv4Network('10.53.0.0/16'),
 IPv4Network('10.54.0.0/16'),
 IPv4Network('10.55.0.0/16'),
 IPv4Network('10.56.0.0/16'),
 IPv4Network('10.57.0.0/16'),
 IPv4Network('10.58.0.0/16'),
 IPv4Network('10.59.0.0/16'),
 IPv4Network('10.60.0.0/16'),
 IPv4Network('10.61.0.0/16'),
 IPv4Network('10.62.0.0/16'),
 IPv4Network('10.63.0.0/16'),
 IPv4Network('10.64.0.0/16'),
 IPv4Network('10.65.0.0/16'),
 IPv4Network('10.66.0.0/16'),
 IPv4Network('10.67.0.0/16'),
 IPv4Network('10.68.0.0/16'),
 IPv4Network('10.69.0.0/16'),
 IPv4Network('10.70.0.0/16'),
 IPv4Network('10.71.0.0/16')]
[IPv4Network('10.0.0.0/8'),
 IPv4Network('129.79.0.0/16'),
 IPv4Network('134.68.0.0/16'),
 IPv4Network('140.182.0.0/16'),
 IPv4Network('149.159.0.0/16'),
 IPv4Network('149.160.0.0/14'),
 IPv4Network('156.56.0.0/16'),
 IPv4Network('172.16.0.0/12'),
 IPv4Network('192.168.0.0/24'),
 IPv6Network('::/128'),
 IPv4Network('10.0.0.0/16'),
 IPv4Network('10.1.0.0/16'),
 IPv4Network('10.2.0.0/16'),
 IPv4Network('10.3.0.0/16'),
 IPv4Network('10.4.0.0/16'),
 IPv4Network('10.5.0.0/16'),
 IPv4Network('10.6.0.0/16'),
 IPv4Network('10.7.0.0/16'),
 IPv4Network('10.8.0.0/16'),
 IPv4Network('10.9.0.0/16'),
 IPv4Network('10.10.0.0/16'),
 IPv4Network('10.11.0.0/16'),
 IPv4Network('10.12.0.0/16'),
 IPv4Network('10.13.0.0/16'),
 IPv4Network('10.14.0.0/16'),
 IPv4Network('10.15.0.0/16'),
 IPv4Network('10.16.0.0/16'),
 IPv4Network('10.17.0.0/16'),
 IPv4Network('10.18.0.0/16'),
 IPv4Network('10.19.0.0/16'),
 IPv4Network('10.20.0.0/16'),
 IPv4Network('10.21.0.0/16'),
 IPv4Network('10.22.0.0/16'),
 IPv4Network('10.23.0.0/16'),
 IPv4Network('10.24.0.0/16'),
 IPv4Network('10.25.0.0/16'),
 IPv4Network('10.26.0.0/16'),
 IPv4Network('10.27.0.0/16'),
 IPv4Network('10.28.0.0/16'),
 IPv4Network('10.29.0.0/16'),
 IPv4Network('10.30.0.0/16'),
 IPv4Network('10.31.0.0/16'),
 IPv4Network('10.32.0.0/16'),
 IPv4Network('10.33.0.0/16'),
 IPv4Network('10.34.0.0/16'),
 IPv4Network('10.35.0.0/16'),
 IPv4Network('10.36.0.0/16'),
 IPv4Network('10.37.0.0/16'),
 IPv4Network('10.38.0.0/16'),
 IPv4Network('10.39.0.0/16'),
 IPv4Network('10.40.0.0/16'),
 IPv4Network('10.41.0.0/16'),
 IPv4Network('10.42.0.0/16'),
 IPv4Network('10.43.0.0/16'),
 IPv4Network('10.44.0.0/16'),
 IPv4Network('10.45.0.0/16'),
 IPv4Network('10.46.0.0/16'),
 IPv4Network('10.47.0.0/16'),
 IPv4Network('10.48.0.0/16'),
 IPv4Network('10.49.0.0/16'),
 IPv4Network('10.50.0.0/16'),
 IPv4Network('10.51.0.0/16'),
 IPv4Network('10.52.0.0/16'),
 IPv4Network('10.53.0.0/16'),
 IPv4Network('10.54.0.0/16'),
 IPv4Network('10.55.0.0/16'),
 IPv4Network('10.56.0.0/16'),
 IPv4Network('10.57.0.0/16'),
 IPv4Network('10.58.0.0/16'),
 IPv4Network('10.59.0.0/16'),
 IPv4Network('10.60.0.0/16'),
 IPv4Network('10.61.0.0/16'),
 IPv4Network('10.62.0.0/16'),
 IPv4Network('10.63.0.0/16'),
 IPv4Network('10.64.0.0/16'),
 IPv4Network('10.65.0.0/16'),
 IPv4Network('10.66.0.0/16'),
 IPv4Network('10.67.0.0/16'),
 IPv4Network('10.68.0.0/16'),
 IPv4Network('10.69.0.0/16'),
 IPv4Network('10.70.0.0/16'),
 IPv4Network('10.71.0.0/16')]
[IPv4Network('10.0.0.0/8'),
 IPv4Network('129.79.0.0/16'),
 IPv4Network('134.68.0.0/16'),
 IPv4Network('140.182.0.0/16'),
 IPv4Network('149.159.0.0/16'),
 IPv4Network('149.160.0.0/14'),
 IPv4Network('156.56.0.0/16'),
 IPv4Network('172.16.0.0/12'),
 IPv4Network('192.168.0.0/24'),
 IPv6Network('::/128'),
 IPv4Network('10.0.0.0/16'),
 IPv4Network('10.1.0.0/16'),
 IPv4Network('10.2.0.0/16'),
 IPv4Network('10.3.0.0/16'),
 IPv4Network('10.4.0.0/16'),
 IPv4Network('10.5.0.0/16'),
 IPv4Network('10.6.0.0/16'),
 IPv4Network('10.7.0.0/16'),
 IPv4Network('10.8.0.0/16'),
 IPv4Network('10.9.0.0/16'),
 IPv4Network('10.10.0.0/16'),
 IPv4Network('10.11.0.0/16'),
 IPv4Network('10.12.0.0/16'),
 IPv4Network('10.13.0.0/16'),
 IPv4Network('10.14.0.0/16'),
 IPv4Network('10.15.0.0/16'),
 IPv4Network('10.16.0.0/16'),
 IPv4Network('10.17.0.0/16'),
 IPv4Network('10.18.0.0/16'),
 IPv4Network('10.19.0.0/16'),
 IPv4Network('10.20.0.0/16'),
 IPv4Network('10.21.0.0/16'),
 IPv4Network('10.22.0.0/16'),
 IPv4Network('10.23.0.0/16'),
 IPv4Network('10.24.0.0/16'),
 IPv4Network('10.25.0.0/16'),
 IPv4Network('10.26.0.0/16'),
 IPv4Network('10.27.0.0/16'),
 IPv4Network('10.28.0.0/16'),
 IPv4Network('10.29.0.0/16'),
 IPv4Network('10.30.0.0/16'),
 IPv4Network('10.31.0.0/16'),
 IPv4Network('10.32.0.0/16'),
 IPv4Network('10.33.0.0/16'),
 IPv4Network('10.34.0.0/16'),
 IPv4Network('10.35.0.0/16'),
 IPv4Network('10.36.0.0/16'),
 IPv4Network('10.37.0.0/16'),
 IPv4Network('10.38.0.0/16'),
 IPv4Network('10.39.0.0/16'),
 IPv4Network('10.40.0.0/16'),
 IPv4Network('10.41.0.0/16'),
 IPv4Network('10.42.0.0/16'),
 IPv4Network('10.43.0.0/16'),
 IPv4Network('10.44.0.0/16'),
 IPv4Network('10.45.0.0/16'),
 IPv4Network('10.46.0.0/16'),
 IPv4Network('10.47.0.0/16'),
 IPv4Network('10.48.0.0/16'),
 IPv4Network('10.49.0.0/16'),
 IPv4Network('10.50.0.0/16'),
 IPv4Network('10.51.0.0/16'),
 IPv4Network('10.52.0.0/16'),
 IPv4Network('10.53.0.0/16'),
 IPv4Network('10.54.0.0/16'),
 IPv4Network('10.55.0.0/16'),
 IPv4Network('10.56.0.0/16'),
 IPv4Network('10.57.0.0/16'),
 IPv4Network('10.58.0.0/16'),
 IPv4Network('10.59.0.0/16'),
 IPv4Network('10.60.0.0/16'),
 IPv4Network('10.61.0.0/16'),
 IPv4Network('10.62.0.0/16'),
 IPv4Network('10.63.0.0/16'),
 IPv4Network('10.64.0.0/16'),
 IPv4Network('10.65.0.0/16'),
 IPv4Network('10.66.0.0/16'),
 IPv4Network('10.67.0.0/16'),
 IPv4Network('10.68.0.0/16'),
 IPv4Network('10.69.0.0/16'),
 IPv4Network('10.70.0.0/16'),
 IPv4Network('10.71.0.0/16'),
 IPv4Network('10.72.0.0/16'),
 IPv4Network('10.73.0.0/16')]
[IPv4Network('10.0.0.0/8'),
 IPv4Network('129.79.0.0/16'),
 IPv4Network('134.68.0.0/16'),
 IPv4Network('140.182.0.0/16'),
 IPv4Network('149.159.0.0/16'),
 IPv4Network('149.160.0.0/14'),
 IPv4Network('156.56.0.0/16'),
 IPv4Network('172.16.0.0/12'),
 IPv4Network('192.168.0.0/24'),
 IPv6Network('::/128'),
 IPv4Network('10.0.0.0/16'),
 IPv4Network('10.1.0.0/16'),
 IPv4Network('10.2.0.0/16'),
 IPv4Network('10.3.0.0/16'),
 IPv4Network('10.4.0.0/16'),
 IPv4Network('10.5.0.0/16'),
 IPv4Network('10.6.0.0/16'),
 IPv4Network('10.7.0.0/16'),
 IPv4Network('10.8.0.0/16'),
 IPv4Network('10.9.0.0/16'),
 IPv4Network('10.10.0.0/16'),
 IPv4Network('10.11.0.0/16'),
 IPv4Network('10.12.0.0/16'),
 IPv4Network('10.13.0.0/16'),
 IPv4Network('10.14.0.0/16'),
 IPv4Network('10.15.0.0/16'),
 IPv4Network('10.16.0.0/16'),
 IPv4Network('10.17.0.0/16'),
 IPv4Network('10.18.0.0/16'),
 IPv4Network('10.19.0.0/16'),
 IPv4Network('10.20.0.0/16'),
 IPv4Network('10.21.0.0/16'),
 IPv4Network('10.22.0.0/16'),
 IPv4Network('10.23.0.0/16'),
 IPv4Network('10.24.0.0/16'),
 IPv4Network('10.25.0.0/16'),
 IPv4Network('10.26.0.0/16'),
 IPv4Network('10.27.0.0/16'),
 IPv4Network('10.28.0.0/16'),
 IPv4Network('10.29.0.0/16'),
 IPv4Network('10.30.0.0/16'),
 IPv4Network('10.31.0.0/16'),
 IPv4Network('10.32.0.0/16'),
 IPv4Network('10.33.0.0/16'),
 IPv4Network('10.34.0.0/16'),
 IPv4Network('10.35.0.0/16'),
 IPv4Network('10.36.0.0/16'),
 IPv4Network('10.37.0.0/16'),
 IPv4Network('10.38.0.0/16'),
 IPv4Network('10.39.0.0/16'),
 IPv4Network('10.40.0.0/16'),
 IPv4Network('10.41.0.0/16'),
 IPv4Network('10.42.0.0/16'),
 IPv4Network('10.43.0.0/16'),
 IPv4Network('10.44.0.0/16'),
 IPv4Network('10.45.0.0/16'),
 IPv4Network('10.46.0.0/16'),
 IPv4Network('10.47.0.0/16'),
 IPv4Network('10.48.0.0/16'),
 IPv4Network('10.49.0.0/16'),
 IPv4Network('10.50.0.0/16'),
 IPv4Network('10.51.0.0/16'),
 IPv4Network('10.52.0.0/16'),
 IPv4Network('10.53.0.0/16'),
 IPv4Network('10.54.0.0/16'),
 IPv4Network('10.55.0.0/16'),
 IPv4Network('10.56.0.0/16'),
 IPv4Network('10.57.0.0/16'),
 IPv4Network('10.58.0.0/16'),
 IPv4Network('10.59.0.0/16'),
 IPv4Network('10.60.0.0/16'),
 IPv4Network('10.61.0.0/16'),
 IPv4Network('10.62.0.0/16'),
 IPv4Network('10.63.0.0/16'),
 IPv4Network('10.64.0.0/16'),
 IPv4Network('10.65.0.0/16'),
 IPv4Network('10.66.0.0/16'),
 IPv4Network('10.67.0.0/16'),
 IPv4Network('10.68.0.0/16'),
 IPv4Network('10.69.0.0/16'),
 IPv4Network('10.70.0.0/16'),
 IPv4Network('10.71.0.0/16'),
 IPv4Network('10.72.0.0/16'),
 IPv4Network('10.73.0.0/16'),
 IPv4Network('10.74.0.0/16'),
 IPv4Network('10.75.0.0/16')]
[IPv4Network('10.0.0.0/8'),
 IPv4Network('129.79.0.0/16'),
 IPv4Network('134.68.0.0/16'),
 IPv4Network('140.182.0.0/16'),
 IPv4Network('149.159.0.0/16'),
 IPv4Network('149.160.0.0/14'),
 IPv4Network('156.56.0.0/16'),
 IPv4Network('172.16.0.0/12'),
 IPv4Network('192.168.0.0/24'),
 IPv6Network('::/128'),
 IPv4Network('10.0.0.0/16'),
 IPv4Network('10.1.0.0/16'),
 IPv4Network('10.2.0.0/16'),
 IPv4Network('10.3.0.0/16'),
 IPv4Network('10.4.0.0/16'),
 IPv4Network('10.5.0.0/16'),
 IPv4Network('10.6.0.0/16'),
 IPv4Network('10.7.0.0/16'),
 IPv4Network('10.8.0.0/16'),
 IPv4Network('10.9.0.0/16'),
 IPv4Network('10.10.0.0/16'),
 IPv4Network('10.11.0.0/16'),
 IPv4Network('10.12.0.0/16'),
 IPv4Network('10.13.0.0/16'),
 IPv4Network('10.14.0.0/16'),
 IPv4Network('10.15.0.0/16'),
 IPv4Network('10.16.0.0/16'),
 IPv4Network('10.17.0.0/16'),
 IPv4Network('10.18.0.0/16'),
 IPv4Network('10.19.0.0/16'),
 IPv4Network('10.20.0.0/16'),
 IPv4Network('10.21.0.0/16'),
 IPv4Network('10.22.0.0/16'),
 IPv4Network('10.23.0.0/16'),
 IPv4Network('10.24.0.0/16'),
 IPv4Network('10.25.0.0/16'),
 IPv4Network('10.26.0.0/16'),
 IPv4Network('10.27.0.0/16'),
 IPv4Network('10.28.0.0/16'),
 IPv4Network('10.29.0.0/16'),
 IPv4Network('10.30.0.0/16'),
 IPv4Network('10.31.0.0/16'),
 IPv4Network('10.32.0.0/16'),
 IPv4Network('10.33.0.0/16'),
 IPv4Network('10.34.0.0/16'),
 IPv4Network('10.35.0.0/16'),
 IPv4Network('10.36.0.0/16'),
 IPv4Network('10.37.0.0/16'),
 IPv4Network('10.38.0.0/16'),
 IPv4Network('10.39.0.0/16'),
 IPv4Network('10.40.0.0/16'),
 IPv4Network('10.41.0.0/16'),
 IPv4Network('10.42.0.0/16'),
 IPv4Network('10.43.0.0/16'),
 IPv4Network('10.44.0.0/16'),
 IPv4Network('10.45.0.0/16'),
 IPv4Network('10.46.0.0/16'),
 IPv4Network('10.47.0.0/16'),
 IPv4Network('10.48.0.0/16'),
 IPv4Network('10.49.0.0/16'),
 IPv4Network('10.50.0.0/16'),
 IPv4Network('10.51.0.0/16'),
 IPv4Network('10.52.0.0/16'),
 IPv4Network('10.53.0.0/16'),
 IPv4Network('10.54.0.0/16'),
 IPv4Network('10.55.0.0/16'),
 IPv4Network('10.56.0.0/16'),
 IPv4Network('10.57.0.0/16'),
 IPv4Network('10.58.0.0/16'),
 IPv4Network('10.59.0.0/16'),
 IPv4Network('10.60.0.0/16'),
 IPv4Network('10.61.0.0/16'),
 IPv4Network('10.62.0.0/16'),
 IPv4Network('10.63.0.0/16'),
 IPv4Network('10.64.0.0/16'),
 IPv4Network('10.65.0.0/16'),
 IPv4Network('10.66.0.0/16'),
 IPv4Network('10.67.0.0/16'),
 IPv4Network('10.68.0.0/16'),
 IPv4Network('10.69.0.0/16'),
 IPv4Network('10.70.0.0/16'),
 IPv4Network('10.71.0.0/16'),
 IPv4Network('10.72.0.0/16'),
 IPv4Network('10.73.0.0/16'),
 IPv4Network('10.74.0.0/16'),
 IPv4Network('10.75.0.0/16')]
[IPv4Network('10.0.0.0/8'),
 IPv4Network('129.79.0.0/16'),
 IPv4Network('134.68.0.0/16'),
 IPv4Network('140.182.0.0/16'),
 IPv4Network('149.159.0.0/16'),
 IPv4Network('149.160.0.0/14'),
 IPv4Network('156.56.0.0/16'),
 IPv4Network('172.16.0.0/12'),
 IPv4Network('192.168.0.0/24'),
 IPv6Network('::/128'),
 IPv4Network('10.0.0.0/16'),
 IPv4Network('10.1.0.0/16'),
 IPv4Network('10.2.0.0/16'),
 IPv4Network('10.3.0.0/16'),
 IPv4Network('10.4.0.0/16'),
 IPv4Network('10.5.0.0/16'),
 IPv4Network('10.6.0.0/16'),
 IPv4Network('10.7.0.0/16'),
 IPv4Network('10.8.0.0/16'),
 IPv4Network('10.9.0.0/16'),
 IPv4Network('10.10.0.0/16'),
 IPv4Network('10.11.0.0/16'),
 IPv4Network('10.12.0.0/16'),
 IPv4Network('10.13.0.0/16'),
 IPv4Network('10.14.0.0/16'),
 IPv4Network('10.15.0.0/16'),
 IPv4Network('10.16.0.0/16'),
 IPv4Network('10.17.0.0/16'),
 IPv4Network('10.18.0.0/16'),
 IPv4Network('10.19.0.0/16'),
 IPv4Network('10.20.0.0/16'),
 IPv4Network('10.21.0.0/16'),
 IPv4Network('10.22.0.0/16'),
 IPv4Network('10.23.0.0/16'),
 IPv4Network('10.24.0.0/16'),
 IPv4Network('10.25.0.0/16'),
 IPv4Network('10.26.0.0/16'),
 IPv4Network('10.27.0.0/16'),
 IPv4Network('10.28.0.0/16'),
 IPv4Network('10.29.0.0/16'),
 IPv4Network('10.30.0.0/16'),
 IPv4Network('10.31.0.0/16'),
 IPv4Network('10.32.0.0/16'),
 IPv4Network('10.33.0.0/16'),
 IPv4Network('10.34.0.0/16'),
 IPv4Network('10.35.0.0/16'),
 IPv4Network('10.36.0.0/16'),
 IPv4Network('10.37.0.0/16'),
 IPv4Network('10.38.0.0/16'),
 IPv4Network('10.39.0.0/16'),
 IPv4Network('10.40.0.0/16'),
 IPv4Network('10.41.0.0/16'),
 IPv4Network('10.42.0.0/16'),
 IPv4Network('10.43.0.0/16'),
 IPv4Network('10.44.0.0/16'),
 IPv4Network('10.45.0.0/16'),
 IPv4Network('10.46.0.0/16'),
 IPv4Network('10.47.0.0/16'),
 IPv4Network('10.48.0.0/16'),
 IPv4Network('10.49.0.0/16'),
 IPv4Network('10.50.0.0/16'),
 IPv4Network('10.51.0.0/16'),
 IPv4Network('10.52.0.0/16'),
 IPv4Network('10.53.0.0/16'),
 IPv4Network('10.54.0.0/16'),
 IPv4Network('10.55.0.0/16'),
 IPv4Network('10.56.0.0/16'),
 IPv4Network('10.57.0.0/16'),
 IPv4Network('10.58.0.0/16'),
 IPv4Network('10.59.0.0/16'),
 IPv4Network('10.60.0.0/16'),
 IPv4Network('10.61.0.0/16'),
 IPv4Network('10.62.0.0/16'),
 IPv4Network('10.63.0.0/16'),
 IPv4Network('10.64.0.0/16'),
 IPv4Network('10.65.0.0/16'),
 IPv4Network('10.66.0.0/16'),
 IPv4Network('10.67.0.0/16'),
 IPv4Network('10.68.0.0/16'),
 IPv4Network('10.69.0.0/16'),
 IPv4Network('10.70.0.0/16'),
 IPv4Network('10.71.0.0/16'),
 IPv4Network('10.72.0.0/16'),
 IPv4Network('10.73.0.0/16'),
 IPv4Network('10.74.0.0/16'),
 IPv4Network('10.75.0.0/16'),
 IPv4Network('10.76.0.0/16'),
 IPv4Network('10.77.0.0/16')]
[IPv4Network('10.0.0.0/8'),
 IPv4Network('129.79.0.0/16'),
 IPv4Network('134.68.0.0/16'),
 IPv4Network('140.182.0.0/16'),
 IPv4Network('149.159.0.0/16'),
 IPv4Network('149.160.0.0/14'),
 IPv4Network('156.56.0.0/16'),
 IPv4Network('172.16.0.0/12'),
 IPv4Network('192.168.0.0/24'),
 IPv6Network('::/128'),
 IPv4Network('10.0.0.0/16'),
 IPv4Network('10.1.0.0/16'),
 IPv4Network('10.2.0.0/16'),
 IPv4Network('10.3.0.0/16'),
 IPv4Network('10.4.0.0/16'),
 IPv4Network('10.5.0.0/16'),
 IPv4Network('10.6.0.0/16'),
 IPv4Network('10.7.0.0/16'),
 IPv4Network('10.8.0.0/16'),
 IPv4Network('10.9.0.0/16'),
 IPv4Network('10.10.0.0/16'),
 IPv4Network('10.11.0.0/16'),
 IPv4Network('10.12.0.0/16'),
 IPv4Network('10.13.0.0/16'),
 IPv4Network('10.14.0.0/16'),
 IPv4Network('10.15.0.0/16'),
 IPv4Network('10.16.0.0/16'),
 IPv4Network('10.17.0.0/16'),
 IPv4Network('10.18.0.0/16'),
 IPv4Network('10.19.0.0/16'),
 IPv4Network('10.20.0.0/16'),
 IPv4Network('10.21.0.0/16'),
 IPv4Network('10.22.0.0/16'),
 IPv4Network('10.23.0.0/16'),
 IPv4Network('10.24.0.0/16'),
 IPv4Network('10.25.0.0/16'),
 IPv4Network('10.26.0.0/16'),
 IPv4Network('10.27.0.0/16'),
 IPv4Network('10.28.0.0/16'),
 IPv4Network('10.29.0.0/16'),
 IPv4Network('10.30.0.0/16'),
 IPv4Network('10.31.0.0/16'),
 IPv4Network('10.32.0.0/16'),
 IPv4Network('10.33.0.0/16'),
 IPv4Network('10.34.0.0/16'),
 IPv4Network('10.35.0.0/16'),
 IPv4Network('10.36.0.0/16'),
 IPv4Network('10.37.0.0/16'),
 IPv4Network('10.38.0.0/16'),
 IPv4Network('10.39.0.0/16'),
 IPv4Network('10.40.0.0/16'),
 IPv4Network('10.41.0.0/16'),
 IPv4Network('10.42.0.0/16'),
 IPv4Network('10.43.0.0/16'),
 IPv4Network('10.44.0.0/16'),
 IPv4Network('10.45.0.0/16'),
 IPv4Network('10.46.0.0/16'),
 IPv4Network('10.47.0.0/16'),
 IPv4Network('10.48.0.0/16'),
 IPv4Network('10.49.0.0/16'),
 IPv4Network('10.50.0.0/16'),
 IPv4Network('10.51.0.0/16'),
 IPv4Network('10.52.0.0/16'),
 IPv4Network('10.53.0.0/16'),
 IPv4Network('10.54.0.0/16'),
 IPv4Network('10.55.0.0/16'),
 IPv4Network('10.56.0.0/16'),
 IPv4Network('10.57.0.0/16'),
 IPv4Network('10.58.0.0/16'),
 IPv4Network('10.59.0.0/16'),
 IPv4Network('10.60.0.0/16'),
 IPv4Network('10.61.0.0/16'),
 IPv4Network('10.62.0.0/16'),
 IPv4Network('10.63.0.0/16'),
 IPv4Network('10.64.0.0/16'),
 IPv4Network('10.65.0.0/16'),
 IPv4Network('10.66.0.0/16'),
 IPv4Network('10.67.0.0/16'),
 IPv4Network('10.68.0.0/16'),
 IPv4Network('10.69.0.0/16'),
 IPv4Network('10.70.0.0/16'),
 IPv4Network('10.71.0.0/16'),
 IPv4Network('10.72.0.0/16'),
 IPv4Network('10.73.0.0/16'),
 IPv4Network('10.74.0.0/16'),
 IPv4Network('10.75.0.0/16'),
 IPv4Network('10.76.0.0/16'),
 IPv4Network('10.77.0.0/16'),
 IPv4Network('10.78.0.0/16'),
 IPv4Network('10.79.0.0/16')]
[IPv4Network('10.0.0.0/8'),
 IPv4Network('129.79.0.0/16'),
 IPv4Network('134.68.0.0/16'),
 IPv4Network('140.182.0.0/16'),
 IPv4Network('149.159.0.0/16'),
 IPv4Network('149.160.0.0/14'),
 IPv4Network('156.56.0.0/16'),
 IPv4Network('172.16.0.0/12'),
 IPv4Network('192.168.0.0/24'),
 IPv6Network('::/128'),
 IPv4Network('10.0.0.0/16'),
 IPv4Network('10.1.0.0/16'),
 IPv4Network('10.2.0.0/16'),
 IPv4Network('10.3.0.0/16'),
 IPv4Network('10.4.0.0/16'),
 IPv4Network('10.5.0.0/16'),
 IPv4Network('10.6.0.0/16'),
 IPv4Network('10.7.0.0/16'),
 IPv4Network('10.8.0.0/16'),
 IPv4Network('10.9.0.0/16'),
 IPv4Network('10.10.0.0/16'),
 IPv4Network('10.11.0.0/16'),
 IPv4Network('10.12.0.0/16'),
 IPv4Network('10.13.0.0/16'),
 IPv4Network('10.14.0.0/16'),
 IPv4Network('10.15.0.0/16'),
 IPv4Network('10.16.0.0/16'),
 IPv4Network('10.17.0.0/16'),
 IPv4Network('10.18.0.0/16'),
 IPv4Network('10.19.0.0/16'),
 IPv4Network('10.20.0.0/16'),
 IPv4Network('10.21.0.0/16'),
 IPv4Network('10.22.0.0/16'),
 IPv4Network('10.23.0.0/16'),
 IPv4Network('10.24.0.0/16'),
 IPv4Network('10.25.0.0/16'),
 IPv4Network('10.26.0.0/16'),
 IPv4Network('10.27.0.0/16'),
 IPv4Network('10.28.0.0/16'),
 IPv4Network('10.29.0.0/16'),
 IPv4Network('10.30.0.0/16'),
 IPv4Network('10.31.0.0/16'),
 IPv4Network('10.32.0.0/16'),
 IPv4Network('10.33.0.0/16'),
 IPv4Network('10.34.0.0/16'),
 IPv4Network('10.35.0.0/16'),
 IPv4Network('10.36.0.0/16'),
 IPv4Network('10.37.0.0/16'),
 IPv4Network('10.38.0.0/16'),
 IPv4Network('10.39.0.0/16'),
 IPv4Network('10.40.0.0/16'),
 IPv4Network('10.41.0.0/16'),
 IPv4Network('10.42.0.0/16'),
 IPv4Network('10.43.0.0/16'),
 IPv4Network('10.44.0.0/16'),
 IPv4Network('10.45.0.0/16'),
 IPv4Network('10.46.0.0/16'),
 IPv4Network('10.47.0.0/16'),
 IPv4Network('10.48.0.0/16'),
 IPv4Network('10.49.0.0/16'),
 IPv4Network('10.50.0.0/16'),
 IPv4Network('10.51.0.0/16'),
 IPv4Network('10.52.0.0/16'),
 IPv4Network('10.53.0.0/16'),
 IPv4Network('10.54.0.0/16'),
 IPv4Network('10.55.0.0/16'),
 IPv4Network('10.56.0.0/16'),
 IPv4Network('10.57.0.0/16'),
 IPv4Network('10.58.0.0/16'),
 IPv4Network('10.59.0.0/16'),
 IPv4Network('10.60.0.0/16'),
 IPv4Network('10.61.0.0/16'),
 IPv4Network('10.62.0.0/16'),
 IPv4Network('10.63.0.0/16'),
 IPv4Network('10.64.0.0/16'),
 IPv4Network('10.65.0.0/16'),
 IPv4Network('10.66.0.0/16'),
 IPv4Network('10.67.0.0/16'),
 IPv4Network('10.68.0.0/16'),
 IPv4Network('10.69.0.0/16'),
 IPv4Network('10.70.0.0/16'),
 IPv4Network('10.71.0.0/16'),
 IPv4Network('10.72.0.0/16'),
 IPv4Network('10.73.0.0/16'),
 IPv4Network('10.74.0.0/16'),
 IPv4Network('10.75.0.0/16'),
 IPv4Network('10.76.0.0/16'),
 IPv4Network('10.77.0.0/16'),
 IPv4Network('10.78.0.0/16'),
 IPv4Network('10.79.0.0/16')]
[IPv4Network('10.0.0.0/8'),
 IPv4Network('129.79.0.0/16'),
 IPv4Network('134.68.0.0/16'),
 IPv4Network('140.182.0.0/16'),
 IPv4Network('149.159.0.0/16'),
 IPv4Network('149.160.0.0/14'),
 IPv4Network('156.56.0.0/16'),
 IPv4Network('172.16.0.0/12'),
 IPv4Network('192.168.0.0/24'),
 IPv6Network('::/128'),
 IPv4Network('10.0.0.0/16'),
 IPv4Network('10.1.0.0/16'),
 IPv4Network('10.2.0.0/16'),
 IPv4Network('10.3.0.0/16'),
 IPv4Network('10.4.0.0/16'),
 IPv4Network('10.5.0.0/16'),
 IPv4Network('10.6.0.0/16'),
 IPv4Network('10.7.0.0/16'),
 IPv4Network('10.8.0.0/16'),
 IPv4Network('10.9.0.0/16'),
 IPv4Network('10.10.0.0/16'),
 IPv4Network('10.11.0.0/16'),
 IPv4Network('10.12.0.0/16'),
 IPv4Network('10.13.0.0/16'),
 IPv4Network('10.14.0.0/16'),
 IPv4Network('10.15.0.0/16'),
 IPv4Network('10.16.0.0/16'),
 IPv4Network('10.17.0.0/16'),
 IPv4Network('10.18.0.0/16'),
 IPv4Network('10.19.0.0/16'),
 IPv4Network('10.20.0.0/16'),
 IPv4Network('10.21.0.0/16'),
 IPv4Network('10.22.0.0/16'),
 IPv4Network('10.23.0.0/16'),
 IPv4Network('10.24.0.0/16'),
 IPv4Network('10.25.0.0/16'),
 IPv4Network('10.26.0.0/16'),
 IPv4Network('10.27.0.0/16'),
 IPv4Network('10.28.0.0/16'),
 IPv4Network('10.29.0.0/16'),
 IPv4Network('10.30.0.0/16'),
 IPv4Network('10.31.0.0/16'),
 IPv4Network('10.32.0.0/16'),
 IPv4Network('10.33.0.0/16'),
 IPv4Network('10.34.0.0/16'),
 IPv4Network('10.35.0.0/16'),
 IPv4Network('10.36.0.0/16'),
 IPv4Network('10.37.0.0/16'),
 IPv4Network('10.38.0.0/16'),
 IPv4Network('10.39.0.0/16'),
 IPv4Network('10.40.0.0/16'),
 IPv4Network('10.41.0.0/16'),
 IPv4Network('10.42.0.0/16'),
 IPv4Network('10.43.0.0/16'),
 IPv4Network('10.44.0.0/16'),
 IPv4Network('10.45.0.0/16'),
 IPv4Network('10.46.0.0/16'),
 IPv4Network('10.47.0.0/16'),
 IPv4Network('10.48.0.0/16'),
 IPv4Network('10.49.0.0/16'),
 IPv4Network('10.50.0.0/16'),
 IPv4Network('10.51.0.0/16'),
 IPv4Network('10.52.0.0/16'),
 IPv4Network('10.53.0.0/16'),
 IPv4Network('10.54.0.0/16'),
 IPv4Network('10.55.0.0/16'),
 IPv4Network('10.56.0.0/16'),
 IPv4Network('10.57.0.0/16'),
 IPv4Network('10.58.0.0/16'),
 IPv4Network('10.59.0.0/16'),
 IPv4Network('10.60.0.0/16'),
 IPv4Network('10.61.0.0/16'),
 IPv4Network('10.62.0.0/16'),
 IPv4Network('10.63.0.0/16'),
 IPv4Network('10.64.0.0/16'),
 IPv4Network('10.65.0.0/16'),
 IPv4Network('10.66.0.0/16'),
 IPv4Network('10.67.0.0/16'),
 IPv4Network('10.68.0.0/16'),
 IPv4Network('10.69.0.0/16'),
 IPv4Network('10.70.0.0/16'),
 IPv4Network('10.71.0.0/16'),
 IPv4Network('10.72.0.0/16'),
 IPv4Network('10.73.0.0/16'),
 IPv4Network('10.74.0.0/16'),
 IPv4Network('10.75.0.0/16'),
 IPv4Network('10.76.0.0/16'),
 IPv4Network('10.77.0.0/16'),
 IPv4Network('10.78.0.0/16'),
 IPv4Network('10.79.0.0/16')]
[IPv4Network('10.0.0.0/8'),
 IPv4Network('129.79.0.0/16'),
 IPv4Network('134.68.0.0/16'),
 IPv4Network('140.182.0.0/16'),
 IPv4Network('149.159.0.0/16'),
 IPv4Network('149.160.0.0/14'),
 IPv4Network('156.56.0.0/16'),
 IPv4Network('172.16.0.0/12'),
 IPv4Network('192.168.0.0/24'),
 IPv6Network('::/128'),
 IPv4Network('10.0.0.0/16'),
 IPv4Network('10.1.0.0/16'),
 IPv4Network('10.2.0.0/16'),
 IPv4Network('10.3.0.0/16'),
 IPv4Network('10.4.0.0/16'),
 IPv4Network('10.5.0.0/16'),
 IPv4Network('10.6.0.0/16'),
 IPv4Network('10.7.0.0/16'),
 IPv4Network('10.8.0.0/16'),
 IPv4Network('10.9.0.0/16'),
 IPv4Network('10.10.0.0/16'),
 IPv4Network('10.11.0.0/16'),
 IPv4Network('10.12.0.0/16'),
 IPv4Network('10.13.0.0/16'),
 IPv4Network('10.14.0.0/16'),
 IPv4Network('10.15.0.0/16'),
 IPv4Network('10.16.0.0/16'),
 IPv4Network('10.17.0.0/16'),
 IPv4Network('10.18.0.0/16'),
 IPv4Network('10.19.0.0/16'),
 IPv4Network('10.20.0.0/16'),
 IPv4Network('10.21.0.0/16'),
 IPv4Network('10.22.0.0/16'),
 IPv4Network('10.23.0.0/16'),
 IPv4Network('10.24.0.0/16'),
 IPv4Network('10.25.0.0/16'),
 IPv4Network('10.26.0.0/16'),
 IPv4Network('10.27.0.0/16'),
 IPv4Network('10.28.0.0/16'),
 IPv4Network('10.29.0.0/16'),
 IPv4Network('10.30.0.0/16'),
 IPv4Network('10.31.0.0/16'),
 IPv4Network('10.32.0.0/16'),
 IPv4Network('10.33.0.0/16'),
 IPv4Network('10.34.0.0/16'),
 IPv4Network('10.35.0.0/16'),
 IPv4Network('10.36.0.0/16'),
 IPv4Network('10.37.0.0/16'),
 IPv4Network('10.38.0.0/16'),
 IPv4Network('10.39.0.0/16'),
 IPv4Network('10.40.0.0/16'),
 IPv4Network('10.41.0.0/16'),
 IPv4Network('10.42.0.0/16'),
 IPv4Network('10.43.0.0/16'),
 IPv4Network('10.44.0.0/16'),
 IPv4Network('10.45.0.0/16'),
 IPv4Network('10.46.0.0/16'),
 IPv4Network('10.47.0.0/16'),
 IPv4Network('10.48.0.0/16'),
 IPv4Network('10.49.0.0/16'),
 IPv4Network('10.50.0.0/16'),
 IPv4Network('10.51.0.0/16'),
 IPv4Network('10.52.0.0/16'),
 IPv4Network('10.53.0.0/16'),
 IPv4Network('10.54.0.0/16'),
 IPv4Network('10.55.0.0/16'),
 IPv4Network('10.56.0.0/16'),
 IPv4Network('10.57.0.0/16'),
 IPv4Network('10.58.0.0/16'),
 IPv4Network('10.59.0.0/16'),
 IPv4Network('10.60.0.0/16'),
 IPv4Network('10.61.0.0/16'),
 IPv4Network('10.62.0.0/16'),
 IPv4Network('10.63.0.0/16'),
 IPv4Network('10.64.0.0/16'),
 IPv4Network('10.65.0.0/16'),
 IPv4Network('10.66.0.0/16'),
 IPv4Network('10.67.0.0/16'),
 IPv4Network('10.68.0.0/16'),
 IPv4Network('10.69.0.0/16'),
 IPv4Network('10.70.0.0/16'),
 IPv4Network('10.71.0.0/16'),
 IPv4Network('10.72.0.0/16'),
 IPv4Network('10.73.0.0/16'),
 IPv4Network('10.74.0.0/16'),
 IPv4Network('10.75.0.0/16'),
 IPv4Network('10.76.0.0/16'),
 IPv4Network('10.77.0.0/16'),
 IPv4Network('10.78.0.0/16'),
 IPv4Network('10.79.0.0/16')]
[IPv4Network('10.0.0.0/8'),
 IPv4Network('129.79.0.0/16'),
 IPv4Network('134.68.0.0/16'),
 IPv4Network('140.182.0.0/16'),
 IPv4Network('149.159.0.0/16'),
 IPv4Network('149.160.0.0/14'),
 IPv4Network('156.56.0.0/16'),
 IPv4Network('172.16.0.0/12'),
 IPv4Network('192.168.0.0/24'),
 IPv6Network('::/128'),
 IPv4Network('10.0.0.0/16'),
 IPv4Network('10.1.0.0/16'),
 IPv4Network('10.2.0.0/16'),
 IPv4Network('10.3.0.0/16'),
 IPv4Network('10.4.0.0/16'),
 IPv4Network('10.5.0.0/16'),
 IPv4Network('10.6.0.0/16'),
 IPv4Network('10.7.0.0/16'),
 IPv4Network('10.8.0.0/16'),
 IPv4Network('10.9.0.0/16'),
 IPv4Network('10.10.0.0/16'),
 IPv4Network('10.11.0.0/16'),
 IPv4Network('10.12.0.0/16'),
 IPv4Network('10.13.0.0/16'),
 IPv4Network('10.14.0.0/16'),
 IPv4Network('10.15.0.0/16'),
 IPv4Network('10.16.0.0/16'),
 IPv4Network('10.17.0.0/16'),
 IPv4Network('10.18.0.0/16'),
 IPv4Network('10.19.0.0/16'),
 IPv4Network('10.20.0.0/16'),
 IPv4Network('10.21.0.0/16'),
 IPv4Network('10.22.0.0/16'),
 IPv4Network('10.23.0.0/16'),
 IPv4Network('10.24.0.0/16'),
 IPv4Network('10.25.0.0/16'),
 IPv4Network('10.26.0.0/16'),
 IPv4Network('10.27.0.0/16'),
 IPv4Network('10.28.0.0/16'),
 IPv4Network('10.29.0.0/16'),
 IPv4Network('10.30.0.0/16'),
 IPv4Network('10.31.0.0/16'),
 IPv4Network('10.32.0.0/16'),
 IPv4Network('10.33.0.0/16'),
 IPv4Network('10.34.0.0/16'),
 IPv4Network('10.35.0.0/16'),
 IPv4Network('10.36.0.0/16'),
 IPv4Network('10.37.0.0/16'),
 IPv4Network('10.38.0.0/16'),
 IPv4Network('10.39.0.0/16'),
 IPv4Network('10.40.0.0/16'),
 IPv4Network('10.41.0.0/16'),
 IPv4Network('10.42.0.0/16'),
 IPv4Network('10.43.0.0/16'),
 IPv4Network('10.44.0.0/16'),
 IPv4Network('10.45.0.0/16'),
 IPv4Network('10.46.0.0/16'),
 IPv4Network('10.47.0.0/16'),
 IPv4Network('10.48.0.0/16'),
 IPv4Network('10.49.0.0/16'),
 IPv4Network('10.50.0.0/16'),
 IPv4Network('10.51.0.0/16'),
 IPv4Network('10.52.0.0/16'),
 IPv4Network('10.53.0.0/16'),
 IPv4Network('10.54.0.0/16'),
 IPv4Network('10.55.0.0/16'),
 IPv4Network('10.56.0.0/16'),
 IPv4Network('10.57.0.0/16'),
 IPv4Network('10.58.0.0/16'),
 IPv4Network('10.59.0.0/16'),
 IPv4Network('10.60.0.0/16'),
 IPv4Network('10.61.0.0/16'),
 IPv4Network('10.62.0.0/16'),
 IPv4Network('10.63.0.0/16'),
 IPv4Network('10.64.0.0/16'),
 IPv4Network('10.65.0.0/16'),
 IPv4Network('10.66.0.0/16'),
 IPv4Network('10.67.0.0/16'),
 IPv4Network('10.68.0.0/16'),
 IPv4Network('10.69.0.0/16'),
 IPv4Network('10.70.0.0/16'),
 IPv4Network('10.71.0.0/16'),
 IPv4Network('10.72.0.0/16'),
 IPv4Network('10.73.0.0/16'),
 IPv4Network('10.74.0.0/16'),
 IPv4Network('10.75.0.0/16'),
 IPv4Network('10.76.0.0/16'),
 IPv4Network('10.77.0.0/16'),
 IPv4Network('10.78.0.0/16'),
 IPv4Network('10.79.0.0/16'),
 IPv4Network('10.80.0.0/16'),
 IPv4Network('10.81.0.0/16')]
[IPv4Network('10.0.0.0/8'),
 IPv4Network('129.79.0.0/16'),
 IPv4Network('134.68.0.0/16'),
 IPv4Network('140.182.0.0/16'),
 IPv4Network('149.159.0.0/16'),
 IPv4Network('149.160.0.0/14'),
 IPv4Network('156.56.0.0/16'),
 IPv4Network('172.16.0.0/12'),
 IPv4Network('192.168.0.0/24'),
 IPv6Network('::/128'),
 IPv4Network('10.0.0.0/16'),
 IPv4Network('10.1.0.0/16'),
 IPv4Network('10.2.0.0/16'),
 IPv4Network('10.3.0.0/16'),
 IPv4Network('10.4.0.0/16'),
 IPv4Network('10.5.0.0/16'),
 IPv4Network('10.6.0.0/16'),
 IPv4Network('10.7.0.0/16'),
 IPv4Network('10.8.0.0/16'),
 IPv4Network('10.9.0.0/16'),
 IPv4Network('10.10.0.0/16'),
 IPv4Network('10.11.0.0/16'),
 IPv4Network('10.12.0.0/16'),
 IPv4Network('10.13.0.0/16'),
 IPv4Network('10.14.0.0/16'),
 IPv4Network('10.15.0.0/16'),
 IPv4Network('10.16.0.0/16'),
 IPv4Network('10.17.0.0/16'),
 IPv4Network('10.18.0.0/16'),
 IPv4Network('10.19.0.0/16'),
 IPv4Network('10.20.0.0/16'),
 IPv4Network('10.21.0.0/16'),
 IPv4Network('10.22.0.0/16'),
 IPv4Network('10.23.0.0/16'),
 IPv4Network('10.24.0.0/16'),
 IPv4Network('10.25.0.0/16'),
 IPv4Network('10.26.0.0/16'),
 IPv4Network('10.27.0.0/16'),
 IPv4Network('10.28.0.0/16'),
 IPv4Network('10.29.0.0/16'),
 IPv4Network('10.30.0.0/16'),
 IPv4Network('10.31.0.0/16'),
 IPv4Network('10.32.0.0/16'),
 IPv4Network('10.33.0.0/16'),
 IPv4Network('10.34.0.0/16'),
 IPv4Network('10.35.0.0/16'),
 IPv4Network('10.36.0.0/16'),
 IPv4Network('10.37.0.0/16'),
 IPv4Network('10.38.0.0/16'),
 IPv4Network('10.39.0.0/16'),
 IPv4Network('10.40.0.0/16'),
 IPv4Network('10.41.0.0/16'),
 IPv4Network('10.42.0.0/16'),
 IPv4Network('10.43.0.0/16'),
 IPv4Network('10.44.0.0/16'),
 IPv4Network('10.45.0.0/16'),
 IPv4Network('10.46.0.0/16'),
 IPv4Network('10.47.0.0/16'),
 IPv4Network('10.48.0.0/16'),
 IPv4Network('10.49.0.0/16'),
 IPv4Network('10.50.0.0/16'),
 IPv4Network('10.51.0.0/16'),
 IPv4Network('10.52.0.0/16'),
 IPv4Network('10.53.0.0/16'),
 IPv4Network('10.54.0.0/16'),
 IPv4Network('10.55.0.0/16'),
 IPv4Network('10.56.0.0/16'),
 IPv4Network('10.57.0.0/16'),
 IPv4Network('10.58.0.0/16'),
 IPv4Network('10.59.0.0/16'),
 IPv4Network('10.60.0.0/16'),
 IPv4Network('10.61.0.0/16'),
 IPv4Network('10.62.0.0/16'),
 IPv4Network('10.63.0.0/16'),
 IPv4Network('10.64.0.0/16'),
 IPv4Network('10.65.0.0/16'),
 IPv4Network('10.66.0.0/16'),
 IPv4Network('10.67.0.0/16'),
 IPv4Network('10.68.0.0/16'),
 IPv4Network('10.69.0.0/16'),
 IPv4Network('10.70.0.0/16'),
 IPv4Network('10.71.0.0/16'),
 IPv4Network('10.72.0.0/16'),
 IPv4Network('10.73.0.0/16'),
 IPv4Network('10.74.0.0/16'),
 IPv4Network('10.75.0.0/16'),
 IPv4Network('10.76.0.0/16'),
 IPv4Network('10.77.0.0/16'),
 IPv4Network('10.78.0.0/16'),
 IPv4Network('10.79.0.0/16'),
 IPv4Network('10.80.0.0/16'),
 IPv4Network('10.81.0.0/16'),
 IPv4Network('10.82.0.0/16'),
 IPv4Network('10.83.0.0/16')]
[IPv4Network('10.0.0.0/8'),
 IPv4Network('129.79.0.0/16'),
 IPv4Network('134.68.0.0/16'),
 IPv4Network('140.182.0.0/16'),
 IPv4Network('149.159.0.0/16'),
 IPv4Network('149.160.0.0/14'),
 IPv4Network('156.56.0.0/16'),
 IPv4Network('172.16.0.0/12'),
 IPv4Network('192.168.0.0/24'),
 IPv6Network('::/128'),
 IPv4Network('10.0.0.0/16'),
 IPv4Network('10.1.0.0/16'),
 IPv4Network('10.2.0.0/16'),
 IPv4Network('10.3.0.0/16'),
 IPv4Network('10.4.0.0/16'),
 IPv4Network('10.5.0.0/16'),
 IPv4Network('10.6.0.0/16'),
 IPv4Network('10.7.0.0/16'),
 IPv4Network('10.8.0.0/16'),
 IPv4Network('10.9.0.0/16'),
 IPv4Network('10.10.0.0/16'),
 IPv4Network('10.11.0.0/16'),
 IPv4Network('10.12.0.0/16'),
 IPv4Network('10.13.0.0/16'),
 IPv4Network('10.14.0.0/16'),
 IPv4Network('10.15.0.0/16'),
 IPv4Network('10.16.0.0/16'),
 IPv4Network('10.17.0.0/16'),
 IPv4Network('10.18.0.0/16'),
 IPv4Network('10.19.0.0/16'),
 IPv4Network('10.20.0.0/16'),
 IPv4Network('10.21.0.0/16'),
 IPv4Network('10.22.0.0/16'),
 IPv4Network('10.23.0.0/16'),
 IPv4Network('10.24.0.0/16'),
 IPv4Network('10.25.0.0/16'),
 IPv4Network('10.26.0.0/16'),
 IPv4Network('10.27.0.0/16'),
 IPv4Network('10.28.0.0/16'),
 IPv4Network('10.29.0.0/16'),
 IPv4Network('10.30.0.0/16'),
 IPv4Network('10.31.0.0/16'),
 IPv4Network('10.32.0.0/16'),
 IPv4Network('10.33.0.0/16'),
 IPv4Network('10.34.0.0/16'),
 IPv4Network('10.35.0.0/16'),
 IPv4Network('10.36.0.0/16'),
 IPv4Network('10.37.0.0/16'),
 IPv4Network('10.38.0.0/16'),
 IPv4Network('10.39.0.0/16'),
 IPv4Network('10.40.0.0/16'),
 IPv4Network('10.41.0.0/16'),
 IPv4Network('10.42.0.0/16'),
 IPv4Network('10.43.0.0/16'),
 IPv4Network('10.44.0.0/16'),
 IPv4Network('10.45.0.0/16'),
 IPv4Network('10.46.0.0/16'),
 IPv4Network('10.47.0.0/16'),
 IPv4Network('10.48.0.0/16'),
 IPv4Network('10.49.0.0/16'),
 IPv4Network('10.50.0.0/16'),
 IPv4Network('10.51.0.0/16'),
 IPv4Network('10.52.0.0/16'),
 IPv4Network('10.53.0.0/16'),
 IPv4Network('10.54.0.0/16'),
 IPv4Network('10.55.0.0/16'),
 IPv4Network('10.56.0.0/16'),
 IPv4Network('10.57.0.0/16'),
 IPv4Network('10.58.0.0/16'),
 IPv4Network('10.59.0.0/16'),
 IPv4Network('10.60.0.0/16'),
 IPv4Network('10.61.0.0/16'),
 IPv4Network('10.62.0.0/16'),
 IPv4Network('10.63.0.0/16'),
 IPv4Network('10.64.0.0/16'),
 IPv4Network('10.65.0.0/16'),
 IPv4Network('10.66.0.0/16'),
 IPv4Network('10.67.0.0/16'),
 IPv4Network('10.68.0.0/16'),
 IPv4Network('10.69.0.0/16'),
 IPv4Network('10.70.0.0/16'),
 IPv4Network('10.71.0.0/16'),
 IPv4Network('10.72.0.0/16'),
 IPv4Network('10.73.0.0/16'),
 IPv4Network('10.74.0.0/16'),
 IPv4Network('10.75.0.0/16'),
 IPv4Network('10.76.0.0/16'),
 IPv4Network('10.77.0.0/16'),
 IPv4Network('10.78.0.0/16'),
 IPv4Network('10.79.0.0/16'),
 IPv4Network('10.80.0.0/16'),
 IPv4Network('10.81.0.0/16'),
 IPv4Network('10.82.0.0/16'),
 IPv4Network('10.83.0.0/16')]
[IPv4Network('10.0.0.0/8'),
 IPv4Network('129.79.0.0/16'),
 IPv4Network('134.68.0.0/16'),
 IPv4Network('140.182.0.0/16'),
 IPv4Network('149.159.0.0/16'),
 IPv4Network('149.160.0.0/14'),
 IPv4Network('156.56.0.0/16'),
 IPv4Network('172.16.0.0/12'),
 IPv4Network('192.168.0.0/24'),
 IPv6Network('::/128'),
 IPv4Network('10.0.0.0/16'),
 IPv4Network('10.1.0.0/16'),
 IPv4Network('10.2.0.0/16'),
 IPv4Network('10.3.0.0/16'),
 IPv4Network('10.4.0.0/16'),
 IPv4Network('10.5.0.0/16'),
 IPv4Network('10.6.0.0/16'),
 IPv4Network('10.7.0.0/16'),
 IPv4Network('10.8.0.0/16'),
 IPv4Network('10.9.0.0/16'),
 IPv4Network('10.10.0.0/16'),
 IPv4Network('10.11.0.0/16'),
 IPv4Network('10.12.0.0/16'),
 IPv4Network('10.13.0.0/16'),
 IPv4Network('10.14.0.0/16'),
 IPv4Network('10.15.0.0/16'),
 IPv4Network('10.16.0.0/16'),
 IPv4Network('10.17.0.0/16'),
 IPv4Network('10.18.0.0/16'),
 IPv4Network('10.19.0.0/16'),
 IPv4Network('10.20.0.0/16'),
 IPv4Network('10.21.0.0/16'),
 IPv4Network('10.22.0.0/16'),
 IPv4Network('10.23.0.0/16'),
 IPv4Network('10.24.0.0/16'),
 IPv4Network('10.25.0.0/16'),
 IPv4Network('10.26.0.0/16'),
 IPv4Network('10.27.0.0/16'),
 IPv4Network('10.28.0.0/16'),
 IPv4Network('10.29.0.0/16'),
 IPv4Network('10.30.0.0/16'),
 IPv4Network('10.31.0.0/16'),
 IPv4Network('10.32.0.0/16'),
 IPv4Network('10.33.0.0/16'),
 IPv4Network('10.34.0.0/16'),
 IPv4Network('10.35.0.0/16'),
 IPv4Network('10.36.0.0/16'),
 IPv4Network('10.37.0.0/16'),
 IPv4Network('10.38.0.0/16'),
 IPv4Network('10.39.0.0/16'),
 IPv4Network('10.40.0.0/16'),
 IPv4Network('10.41.0.0/16'),
 IPv4Network('10.42.0.0/16'),
 IPv4Network('10.43.0.0/16'),
 IPv4Network('10.44.0.0/16'),
 IPv4Network('10.45.0.0/16'),
 IPv4Network('10.46.0.0/16'),
 IPv4Network('10.47.0.0/16'),
 IPv4Network('10.48.0.0/16'),
 IPv4Network('10.49.0.0/16'),
 IPv4Network('10.50.0.0/16'),
 IPv4Network('10.51.0.0/16'),
 IPv4Network('10.52.0.0/16'),
 IPv4Network('10.53.0.0/16'),
 IPv4Network('10.54.0.0/16'),
 IPv4Network('10.55.0.0/16'),
 IPv4Network('10.56.0.0/16'),
 IPv4Network('10.57.0.0/16'),
 IPv4Network('10.58.0.0/16'),
 IPv4Network('10.59.0.0/16'),
 IPv4Network('10.60.0.0/16'),
 IPv4Network('10.61.0.0/16'),
 IPv4Network('10.62.0.0/16'),
 IPv4Network('10.63.0.0/16'),
 IPv4Network('10.64.0.0/16'),
 IPv4Network('10.65.0.0/16'),
 IPv4Network('10.66.0.0/16'),
 IPv4Network('10.67.0.0/16'),
 IPv4Network('10.68.0.0/16'),
 IPv4Network('10.69.0.0/16'),
 IPv4Network('10.70.0.0/16'),
 IPv4Network('10.71.0.0/16'),
 IPv4Network('10.72.0.0/16'),
 IPv4Network('10.73.0.0/16'),
 IPv4Network('10.74.0.0/16'),
 IPv4Network('10.75.0.0/16'),
 IPv4Network('10.76.0.0/16'),
 IPv4Network('10.77.0.0/16'),
 IPv4Network('10.78.0.0/16'),
 IPv4Network('10.79.0.0/16'),
 IPv4Network('10.80.0.0/16'),
 IPv4Network('10.81.0.0/16'),
 IPv4Network('10.82.0.0/16'),
 IPv4Network('10.83.0.0/16'),
 IPv4Network('10.84.0.0/16'),
 IPv4Network('10.85.0.0/16')]
[IPv4Network('10.0.0.0/8'),
 IPv4Network('129.79.0.0/16'),
 IPv4Network('134.68.0.0/16'),
 IPv4Network('140.182.0.0/16'),
 IPv4Network('149.159.0.0/16'),
 IPv4Network('149.160.0.0/14'),
 IPv4Network('156.56.0.0/16'),
 IPv4Network('172.16.0.0/12'),
 IPv4Network('192.168.0.0/24'),
 IPv6Network('::/128'),
 IPv4Network('10.0.0.0/16'),
 IPv4Network('10.1.0.0/16'),
 IPv4Network('10.2.0.0/16'),
 IPv4Network('10.3.0.0/16'),
 IPv4Network('10.4.0.0/16'),
 IPv4Network('10.5.0.0/16'),
 IPv4Network('10.6.0.0/16'),
 IPv4Network('10.7.0.0/16'),
 IPv4Network('10.8.0.0/16'),
 IPv4Network('10.9.0.0/16'),
 IPv4Network('10.10.0.0/16'),
 IPv4Network('10.11.0.0/16'),
 IPv4Network('10.12.0.0/16'),
 IPv4Network('10.13.0.0/16'),
 IPv4Network('10.14.0.0/16'),
 IPv4Network('10.15.0.0/16'),
 IPv4Network('10.16.0.0/16'),
 IPv4Network('10.17.0.0/16'),
 IPv4Network('10.18.0.0/16'),
 IPv4Network('10.19.0.0/16'),
 IPv4Network('10.20.0.0/16'),
 IPv4Network('10.21.0.0/16'),
 IPv4Network('10.22.0.0/16'),
 IPv4Network('10.23.0.0/16'),
 IPv4Network('10.24.0.0/16'),
 IPv4Network('10.25.0.0/16'),
 IPv4Network('10.26.0.0/16'),
 IPv4Network('10.27.0.0/16'),
 IPv4Network('10.28.0.0/16'),
 IPv4Network('10.29.0.0/16'),
 IPv4Network('10.30.0.0/16'),
 IPv4Network('10.31.0.0/16'),
 IPv4Network('10.32.0.0/16'),
 IPv4Network('10.33.0.0/16'),
 IPv4Network('10.34.0.0/16'),
 IPv4Network('10.35.0.0/16'),
 IPv4Network('10.36.0.0/16'),
 IPv4Network('10.37.0.0/16'),
 IPv4Network('10.38.0.0/16'),
 IPv4Network('10.39.0.0/16'),
 IPv4Network('10.40.0.0/16'),
 IPv4Network('10.41.0.0/16'),
 IPv4Network('10.42.0.0/16'),
 IPv4Network('10.43.0.0/16'),
 IPv4Network('10.44.0.0/16'),
 IPv4Network('10.45.0.0/16'),
 IPv4Network('10.46.0.0/16'),
 IPv4Network('10.47.0.0/16'),
 IPv4Network('10.48.0.0/16'),
 IPv4Network('10.49.0.0/16'),
 IPv4Network('10.50.0.0/16'),
 IPv4Network('10.51.0.0/16'),
 IPv4Network('10.52.0.0/16'),
 IPv4Network('10.53.0.0/16'),
 IPv4Network('10.54.0.0/16'),
 IPv4Network('10.55.0.0/16'),
 IPv4Network('10.56.0.0/16'),
 IPv4Network('10.57.0.0/16'),
 IPv4Network('10.58.0.0/16'),
 IPv4Network('10.59.0.0/16'),
 IPv4Network('10.60.0.0/16'),
 IPv4Network('10.61.0.0/16'),
 IPv4Network('10.62.0.0/16'),
 IPv4Network('10.63.0.0/16'),
 IPv4Network('10.64.0.0/16'),
 IPv4Network('10.65.0.0/16'),
 IPv4Network('10.66.0.0/16'),
 IPv4Network('10.67.0.0/16'),
 IPv4Network('10.68.0.0/16'),
 IPv4Network('10.69.0.0/16'),
 IPv4Network('10.70.0.0/16'),
 IPv4Network('10.71.0.0/16'),
 IPv4Network('10.72.0.0/16'),
 IPv4Network('10.73.0.0/16'),
 IPv4Network('10.74.0.0/16'),
 IPv4Network('10.75.0.0/16'),
 IPv4Network('10.76.0.0/16'),
 IPv4Network('10.77.0.0/16'),
 IPv4Network('10.78.0.0/16'),
 IPv4Network('10.79.0.0/16'),
 IPv4Network('10.80.0.0/16'),
 IPv4Network('10.81.0.0/16'),
 IPv4Network('10.82.0.0/16'),
 IPv4Network('10.83.0.0/16'),
 IPv4Network('10.84.0.0/16'),
 IPv4Network('10.85.0.0/16'),
 IPv4Network('10.86.0.0/16'),
 IPv4Network('10.87.0.0/16')]
[IPv4Network('10.0.0.0/8'),
 IPv4Network('129.79.0.0/16'),
 IPv4Network('134.68.0.0/16'),
 IPv4Network('140.182.0.0/16'),
 IPv4Network('149.159.0.0/16'),
 IPv4Network('149.160.0.0/14'),
 IPv4Network('156.56.0.0/16'),
 IPv4Network('172.16.0.0/12'),
 IPv4Network('192.168.0.0/24'),
 IPv6Network('::/128'),
 IPv4Network('10.0.0.0/16'),
 IPv4Network('10.1.0.0/16'),
 IPv4Network('10.2.0.0/16'),
 IPv4Network('10.3.0.0/16'),
 IPv4Network('10.4.0.0/16'),
 IPv4Network('10.5.0.0/16'),
 IPv4Network('10.6.0.0/16'),
 IPv4Network('10.7.0.0/16'),
 IPv4Network('10.8.0.0/16'),
 IPv4Network('10.9.0.0/16'),
 IPv4Network('10.10.0.0/16'),
 IPv4Network('10.11.0.0/16'),
 IPv4Network('10.12.0.0/16'),
 IPv4Network('10.13.0.0/16'),
 IPv4Network('10.14.0.0/16'),
 IPv4Network('10.15.0.0/16'),
 IPv4Network('10.16.0.0/16'),
 IPv4Network('10.17.0.0/16'),
 IPv4Network('10.18.0.0/16'),
 IPv4Network('10.19.0.0/16'),
 IPv4Network('10.20.0.0/16'),
 IPv4Network('10.21.0.0/16'),
 IPv4Network('10.22.0.0/16'),
 IPv4Network('10.23.0.0/16'),
 IPv4Network('10.24.0.0/16'),
 IPv4Network('10.25.0.0/16'),
 IPv4Network('10.26.0.0/16'),
 IPv4Network('10.27.0.0/16'),
 IPv4Network('10.28.0.0/16'),
 IPv4Network('10.29.0.0/16'),
 IPv4Network('10.30.0.0/16'),
 IPv4Network('10.31.0.0/16'),
 IPv4Network('10.32.0.0/16'),
 IPv4Network('10.33.0.0/16'),
 IPv4Network('10.34.0.0/16'),
 IPv4Network('10.35.0.0/16'),
 IPv4Network('10.36.0.0/16'),
 IPv4Network('10.37.0.0/16'),
 IPv4Network('10.38.0.0/16'),
 IPv4Network('10.39.0.0/16'),
 IPv4Network('10.40.0.0/16'),
 IPv4Network('10.41.0.0/16'),
 IPv4Network('10.42.0.0/16'),
 IPv4Network('10.43.0.0/16'),
 IPv4Network('10.44.0.0/16'),
 IPv4Network('10.45.0.0/16'),
 IPv4Network('10.46.0.0/16'),
 IPv4Network('10.47.0.0/16'),
 IPv4Network('10.48.0.0/16'),
 IPv4Network('10.49.0.0/16'),
 IPv4Network('10.50.0.0/16'),
 IPv4Network('10.51.0.0/16'),
 IPv4Network('10.52.0.0/16'),
 IPv4Network('10.53.0.0/16'),
 IPv4Network('10.54.0.0/16'),
 IPv4Network('10.55.0.0/16'),
 IPv4Network('10.56.0.0/16'),
 IPv4Network('10.57.0.0/16'),
 IPv4Network('10.58.0.0/16'),
 IPv4Network('10.59.0.0/16'),
 IPv4Network('10.60.0.0/16'),
 IPv4Network('10.61.0.0/16'),
 IPv4Network('10.62.0.0/16'),
 IPv4Network('10.63.0.0/16'),
 IPv4Network('10.64.0.0/16'),
 IPv4Network('10.65.0.0/16'),
 IPv4Network('10.66.0.0/16'),
 IPv4Network('10.67.0.0/16'),
 IPv4Network('10.68.0.0/16'),
 IPv4Network('10.69.0.0/16'),
 IPv4Network('10.70.0.0/16'),
 IPv4Network('10.71.0.0/16'),
 IPv4Network('10.72.0.0/16'),
 IPv4Network('10.73.0.0/16'),
 IPv4Network('10.74.0.0/16'),
 IPv4Network('10.75.0.0/16'),
 IPv4Network('10.76.0.0/16'),
 IPv4Network('10.77.0.0/16'),
 IPv4Network('10.78.0.0/16'),
 IPv4Network('10.79.0.0/16'),
 IPv4Network('10.80.0.0/16'),
 IPv4Network('10.81.0.0/16'),
 IPv4Network('10.82.0.0/16'),
 IPv4Network('10.83.0.0/16'),
 IPv4Network('10.84.0.0/16'),
 IPv4Network('10.85.0.0/16'),
 IPv4Network('10.86.0.0/16'),
 IPv4Network('10.87.0.0/16')]
[IPv4Network('10.0.0.0/8'),
 IPv4Network('129.79.0.0/16'),
 IPv4Network('134.68.0.0/16'),
 IPv4Network('140.182.0.0/16'),
 IPv4Network('149.159.0.0/16'),
 IPv4Network('149.160.0.0/14'),
 IPv4Network('156.56.0.0/16'),
 IPv4Network('172.16.0.0/12'),
 IPv4Network('192.168.0.0/24'),
 IPv6Network('::/128'),
 IPv4Network('10.0.0.0/16'),
 IPv4Network('10.1.0.0/16'),
 IPv4Network('10.2.0.0/16'),
 IPv4Network('10.3.0.0/16'),
 IPv4Network('10.4.0.0/16'),
 IPv4Network('10.5.0.0/16'),
 IPv4Network('10.6.0.0/16'),
 IPv4Network('10.7.0.0/16'),
 IPv4Network('10.8.0.0/16'),
 IPv4Network('10.9.0.0/16'),
 IPv4Network('10.10.0.0/16'),
 IPv4Network('10.11.0.0/16'),
 IPv4Network('10.12.0.0/16'),
 IPv4Network('10.13.0.0/16'),
 IPv4Network('10.14.0.0/16'),
 IPv4Network('10.15.0.0/16'),
 IPv4Network('10.16.0.0/16'),
 IPv4Network('10.17.0.0/16'),
 IPv4Network('10.18.0.0/16'),
 IPv4Network('10.19.0.0/16'),
 IPv4Network('10.20.0.0/16'),
 IPv4Network('10.21.0.0/16'),
 IPv4Network('10.22.0.0/16'),
 IPv4Network('10.23.0.0/16'),
 IPv4Network('10.24.0.0/16'),
 IPv4Network('10.25.0.0/16'),
 IPv4Network('10.26.0.0/16'),
 IPv4Network('10.27.0.0/16'),
 IPv4Network('10.28.0.0/16'),
 IPv4Network('10.29.0.0/16'),
 IPv4Network('10.30.0.0/16'),
 IPv4Network('10.31.0.0/16'),
 IPv4Network('10.32.0.0/16'),
 IPv4Network('10.33.0.0/16'),
 IPv4Network('10.34.0.0/16'),
 IPv4Network('10.35.0.0/16'),
 IPv4Network('10.36.0.0/16'),
 IPv4Network('10.37.0.0/16'),
 IPv4Network('10.38.0.0/16'),
 IPv4Network('10.39.0.0/16'),
 IPv4Network('10.40.0.0/16'),
 IPv4Network('10.41.0.0/16'),
 IPv4Network('10.42.0.0/16'),
 IPv4Network('10.43.0.0/16'),
 IPv4Network('10.44.0.0/16'),
 IPv4Network('10.45.0.0/16'),
 IPv4Network('10.46.0.0/16'),
 IPv4Network('10.47.0.0/16'),
 IPv4Network('10.48.0.0/16'),
 IPv4Network('10.49.0.0/16'),
 IPv4Network('10.50.0.0/16'),
 IPv4Network('10.51.0.0/16'),
 IPv4Network('10.52.0.0/16'),
 IPv4Network('10.53.0.0/16'),
 IPv4Network('10.54.0.0/16'),
 IPv4Network('10.55.0.0/16'),
 IPv4Network('10.56.0.0/16'),
 IPv4Network('10.57.0.0/16'),
 IPv4Network('10.58.0.0/16'),
 IPv4Network('10.59.0.0/16'),
 IPv4Network('10.60.0.0/16'),
 IPv4Network('10.61.0.0/16'),
 IPv4Network('10.62.0.0/16'),
 IPv4Network('10.63.0.0/16'),
 IPv4Network('10.64.0.0/16'),
 IPv4Network('10.65.0.0/16'),
 IPv4Network('10.66.0.0/16'),
 IPv4Network('10.67.0.0/16'),
 IPv4Network('10.68.0.0/16'),
 IPv4Network('10.69.0.0/16'),
 IPv4Network('10.70.0.0/16'),
 IPv4Network('10.71.0.0/16'),
 IPv4Network('10.72.0.0/16'),
 IPv4Network('10.73.0.0/16'),
 IPv4Network('10.74.0.0/16'),
 IPv4Network('10.75.0.0/16'),
 IPv4Network('10.76.0.0/16'),
 IPv4Network('10.77.0.0/16'),
 IPv4Network('10.78.0.0/16'),
 IPv4Network('10.79.0.0/16'),
 IPv4Network('10.80.0.0/16'),
 IPv4Network('10.81.0.0/16'),
 IPv4Network('10.82.0.0/16'),
 IPv4Network('10.83.0.0/16'),
 IPv4Network('10.84.0.0/16'),
 IPv4Network('10.85.0.0/16'),
 IPv4Network('10.86.0.0/16'),
 IPv4Network('10.87.0.0/16')]
[IPv4Network('10.0.0.0/8'),
 IPv4Network('129.79.0.0/16'),
 IPv4Network('134.68.0.0/16'),
 IPv4Network('140.182.0.0/16'),
 IPv4Network('149.159.0.0/16'),
 IPv4Network('149.160.0.0/14'),
 IPv4Network('156.56.0.0/16'),
 IPv4Network('172.16.0.0/12'),
 IPv4Network('192.168.0.0/24'),
 IPv6Network('::/128'),
 IPv4Network('10.0.0.0/16'),
 IPv4Network('10.1.0.0/16'),
 IPv4Network('10.2.0.0/16'),
 IPv4Network('10.3.0.0/16'),
 IPv4Network('10.4.0.0/16'),
 IPv4Network('10.5.0.0/16'),
 IPv4Network('10.6.0.0/16'),
 IPv4Network('10.7.0.0/16'),
 IPv4Network('10.8.0.0/16'),
 IPv4Network('10.9.0.0/16'),
 IPv4Network('10.10.0.0/16'),
 IPv4Network('10.11.0.0/16'),
 IPv4Network('10.12.0.0/16'),
 IPv4Network('10.13.0.0/16'),
 IPv4Network('10.14.0.0/16'),
 IPv4Network('10.15.0.0/16'),
 IPv4Network('10.16.0.0/16'),
 IPv4Network('10.17.0.0/16'),
 IPv4Network('10.18.0.0/16'),
 IPv4Network('10.19.0.0/16'),
 IPv4Network('10.20.0.0/16'),
 IPv4Network('10.21.0.0/16'),
 IPv4Network('10.22.0.0/16'),
 IPv4Network('10.23.0.0/16'),
 IPv4Network('10.24.0.0/16'),
 IPv4Network('10.25.0.0/16'),
 IPv4Network('10.26.0.0/16'),
 IPv4Network('10.27.0.0/16'),
 IPv4Network('10.28.0.0/16'),
 IPv4Network('10.29.0.0/16'),
 IPv4Network('10.30.0.0/16'),
 IPv4Network('10.31.0.0/16'),
 IPv4Network('10.32.0.0/16'),
 IPv4Network('10.33.0.0/16'),
 IPv4Network('10.34.0.0/16'),
 IPv4Network('10.35.0.0/16'),
 IPv4Network('10.36.0.0/16'),
 IPv4Network('10.37.0.0/16'),
 IPv4Network('10.38.0.0/16'),
 IPv4Network('10.39.0.0/16'),
 IPv4Network('10.40.0.0/16'),
 IPv4Network('10.41.0.0/16'),
 IPv4Network('10.42.0.0/16'),
 IPv4Network('10.43.0.0/16'),
 IPv4Network('10.44.0.0/16'),
 IPv4Network('10.45.0.0/16'),
 IPv4Network('10.46.0.0/16'),
 IPv4Network('10.47.0.0/16'),
 IPv4Network('10.48.0.0/16'),
 IPv4Network('10.49.0.0/16'),
 IPv4Network('10.50.0.0/16'),
 IPv4Network('10.51.0.0/16'),
 IPv4Network('10.52.0.0/16'),
 IPv4Network('10.53.0.0/16'),
 IPv4Network('10.54.0.0/16'),
 IPv4Network('10.55.0.0/16'),
 IPv4Network('10.56.0.0/16'),
 IPv4Network('10.57.0.0/16'),
 IPv4Network('10.58.0.0/16'),
 IPv4Network('10.59.0.0/16'),
 IPv4Network('10.60.0.0/16'),
 IPv4Network('10.61.0.0/16'),
 IPv4Network('10.62.0.0/16'),
 IPv4Network('10.63.0.0/16'),
 IPv4Network('10.64.0.0/16'),
 IPv4Network('10.65.0.0/16'),
 IPv4Network('10.66.0.0/16'),
 IPv4Network('10.67.0.0/16'),
 IPv4Network('10.68.0.0/16'),
 IPv4Network('10.69.0.0/16'),
 IPv4Network('10.70.0.0/16'),
 IPv4Network('10.71.0.0/16'),
 IPv4Network('10.72.0.0/16'),
 IPv4Network('10.73.0.0/16'),
 IPv4Network('10.74.0.0/16'),
 IPv4Network('10.75.0.0/16'),
 IPv4Network('10.76.0.0/16'),
 IPv4Network('10.77.0.0/16'),
 IPv4Network('10.78.0.0/16'),
 IPv4Network('10.79.0.0/16'),
 IPv4Network('10.80.0.0/16'),
 IPv4Network('10.81.0.0/16'),
 IPv4Network('10.82.0.0/16'),
 IPv4Network('10.83.0.0/16'),
 IPv4Network('10.84.0.0/16'),
 IPv4Network('10.85.0.0/16'),
 IPv4Network('10.86.0.0/16'),
 IPv4Network('10.87.0.0/16'),
 IPv4Network('10.88.0.0/16'),
 IPv4Network('10.89.0.0/16')]
[IPv4Network('10.0.0.0/8'),
 IPv4Network('129.79.0.0/16'),
 IPv4Network('134.68.0.0/16'),
 IPv4Network('140.182.0.0/16'),
 IPv4Network('149.159.0.0/16'),
 IPv4Network('149.160.0.0/14'),
 IPv4Network('156.56.0.0/16'),
 IPv4Network('172.16.0.0/12'),
 IPv4Network('192.168.0.0/24'),
 IPv6Network('::/128'),
 IPv4Network('10.0.0.0/16'),
 IPv4Network('10.1.0.0/16'),
 IPv4Network('10.2.0.0/16'),
 IPv4Network('10.3.0.0/16'),
 IPv4Network('10.4.0.0/16'),
 IPv4Network('10.5.0.0/16'),
 IPv4Network('10.6.0.0/16'),
 IPv4Network('10.7.0.0/16'),
 IPv4Network('10.8.0.0/16'),
 IPv4Network('10.9.0.0/16'),
 IPv4Network('10.10.0.0/16'),
 IPv4Network('10.11.0.0/16'),
 IPv4Network('10.12.0.0/16'),
 IPv4Network('10.13.0.0/16'),
 IPv4Network('10.14.0.0/16'),
 IPv4Network('10.15.0.0/16'),
 IPv4Network('10.16.0.0/16'),
 IPv4Network('10.17.0.0/16'),
 IPv4Network('10.18.0.0/16'),
 IPv4Network('10.19.0.0/16'),
 IPv4Network('10.20.0.0/16'),
 IPv4Network('10.21.0.0/16'),
 IPv4Network('10.22.0.0/16'),
 IPv4Network('10.23.0.0/16'),
 IPv4Network('10.24.0.0/16'),
 IPv4Network('10.25.0.0/16'),
 IPv4Network('10.26.0.0/16'),
 IPv4Network('10.27.0.0/16'),
 IPv4Network('10.28.0.0/16'),
 IPv4Network('10.29.0.0/16'),
 IPv4Network('10.30.0.0/16'),
 IPv4Network('10.31.0.0/16'),
 IPv4Network('10.32.0.0/16'),
 IPv4Network('10.33.0.0/16'),
 IPv4Network('10.34.0.0/16'),
 IPv4Network('10.35.0.0/16'),
 IPv4Network('10.36.0.0/16'),
 IPv4Network('10.37.0.0/16'),
 IPv4Network('10.38.0.0/16'),
 IPv4Network('10.39.0.0/16'),
 IPv4Network('10.40.0.0/16'),
 IPv4Network('10.41.0.0/16'),
 IPv4Network('10.42.0.0/16'),
 IPv4Network('10.43.0.0/16'),
 IPv4Network('10.44.0.0/16'),
 IPv4Network('10.45.0.0/16'),
 IPv4Network('10.46.0.0/16'),
 IPv4Network('10.47.0.0/16'),
 IPv4Network('10.48.0.0/16'),
 IPv4Network('10.49.0.0/16'),
 IPv4Network('10.50.0.0/16'),
 IPv4Network('10.51.0.0/16'),
 IPv4Network('10.52.0.0/16'),
 IPv4Network('10.53.0.0/16'),
 IPv4Network('10.54.0.0/16'),
 IPv4Network('10.55.0.0/16'),
 IPv4Network('10.56.0.0/16'),
 IPv4Network('10.57.0.0/16'),
 IPv4Network('10.58.0.0/16'),
 IPv4Network('10.59.0.0/16'),
 IPv4Network('10.60.0.0/16'),
 IPv4Network('10.61.0.0/16'),
 IPv4Network('10.62.0.0/16'),
 IPv4Network('10.63.0.0/16'),
 IPv4Network('10.64.0.0/16'),
 IPv4Network('10.65.0.0/16'),
 IPv4Network('10.66.0.0/16'),
 IPv4Network('10.67.0.0/16'),
 IPv4Network('10.68.0.0/16'),
 IPv4Network('10.69.0.0/16'),
 IPv4Network('10.70.0.0/16'),
 IPv4Network('10.71.0.0/16'),
 IPv4Network('10.72.0.0/16'),
 IPv4Network('10.73.0.0/16'),
 IPv4Network('10.74.0.0/16'),
 IPv4Network('10.75.0.0/16'),
 IPv4Network('10.76.0.0/16'),
 IPv4Network('10.77.0.0/16'),
 IPv4Network('10.78.0.0/16'),
 IPv4Network('10.79.0.0/16'),
 IPv4Network('10.80.0.0/16'),
 IPv4Network('10.81.0.0/16'),
 IPv4Network('10.82.0.0/16'),
 IPv4Network('10.83.0.0/16'),
 IPv4Network('10.84.0.0/16'),
 IPv4Network('10.85.0.0/16'),
 IPv4Network('10.86.0.0/16'),
 IPv4Network('10.87.0.0/16'),
 IPv4Network('10.88.0.0/16'),
 IPv4Network('10.89.0.0/16'),
 IPv4Network('10.90.0.0/16'),
 IPv4Network('10.91.0.0/16')]
[IPv4Network('10.0.0.0/8'),
 IPv4Network('129.79.0.0/16'),
 IPv4Network('134.68.0.0/16'),
 IPv4Network('140.182.0.0/16'),
 IPv4Network('149.159.0.0/16'),
 IPv4Network('149.160.0.0/14'),
 IPv4Network('156.56.0.0/16'),
 IPv4Network('172.16.0.0/12'),
 IPv4Network('192.168.0.0/24'),
 IPv6Network('::/128'),
 IPv4Network('10.0.0.0/16'),
 IPv4Network('10.1.0.0/16'),
 IPv4Network('10.2.0.0/16'),
 IPv4Network('10.3.0.0/16'),
 IPv4Network('10.4.0.0/16'),
 IPv4Network('10.5.0.0/16'),
 IPv4Network('10.6.0.0/16'),
 IPv4Network('10.7.0.0/16'),
 IPv4Network('10.8.0.0/16'),
 IPv4Network('10.9.0.0/16'),
 IPv4Network('10.10.0.0/16'),
 IPv4Network('10.11.0.0/16'),
 IPv4Network('10.12.0.0/16'),
 IPv4Network('10.13.0.0/16'),
 IPv4Network('10.14.0.0/16'),
 IPv4Network('10.15.0.0/16'),
 IPv4Network('10.16.0.0/16'),
 IPv4Network('10.17.0.0/16'),
 IPv4Network('10.18.0.0/16'),
 IPv4Network('10.19.0.0/16'),
 IPv4Network('10.20.0.0/16'),
 IPv4Network('10.21.0.0/16'),
 IPv4Network('10.22.0.0/16'),
 IPv4Network('10.23.0.0/16'),
 IPv4Network('10.24.0.0/16'),
 IPv4Network('10.25.0.0/16'),
 IPv4Network('10.26.0.0/16'),
 IPv4Network('10.27.0.0/16'),
 IPv4Network('10.28.0.0/16'),
 IPv4Network('10.29.0.0/16'),
 IPv4Network('10.30.0.0/16'),
 IPv4Network('10.31.0.0/16'),
 IPv4Network('10.32.0.0/16'),
 IPv4Network('10.33.0.0/16'),
 IPv4Network('10.34.0.0/16'),
 IPv4Network('10.35.0.0/16'),
 IPv4Network('10.36.0.0/16'),
 IPv4Network('10.37.0.0/16'),
 IPv4Network('10.38.0.0/16'),
 IPv4Network('10.39.0.0/16'),
 IPv4Network('10.40.0.0/16'),
 IPv4Network('10.41.0.0/16'),
 IPv4Network('10.42.0.0/16'),
 IPv4Network('10.43.0.0/16'),
 IPv4Network('10.44.0.0/16'),
 IPv4Network('10.45.0.0/16'),
 IPv4Network('10.46.0.0/16'),
 IPv4Network('10.47.0.0/16'),
 IPv4Network('10.48.0.0/16'),
 IPv4Network('10.49.0.0/16'),
 IPv4Network('10.50.0.0/16'),
 IPv4Network('10.51.0.0/16'),
 IPv4Network('10.52.0.0/16'),
 IPv4Network('10.53.0.0/16'),
 IPv4Network('10.54.0.0/16'),
 IPv4Network('10.55.0.0/16'),
 IPv4Network('10.56.0.0/16'),
 IPv4Network('10.57.0.0/16'),
 IPv4Network('10.58.0.0/16'),
 IPv4Network('10.59.0.0/16'),
 IPv4Network('10.60.0.0/16'),
 IPv4Network('10.61.0.0/16'),
 IPv4Network('10.62.0.0/16'),
 IPv4Network('10.63.0.0/16'),
 IPv4Network('10.64.0.0/16'),
 IPv4Network('10.65.0.0/16'),
 IPv4Network('10.66.0.0/16'),
 IPv4Network('10.67.0.0/16'),
 IPv4Network('10.68.0.0/16'),
 IPv4Network('10.69.0.0/16'),
 IPv4Network('10.70.0.0/16'),
 IPv4Network('10.71.0.0/16'),
 IPv4Network('10.72.0.0/16'),
 IPv4Network('10.73.0.0/16'),
 IPv4Network('10.74.0.0/16'),
 IPv4Network('10.75.0.0/16'),
 IPv4Network('10.76.0.0/16'),
 IPv4Network('10.77.0.0/16'),
 IPv4Network('10.78.0.0/16'),
 IPv4Network('10.79.0.0/16'),
 IPv4Network('10.80.0.0/16'),
 IPv4Network('10.81.0.0/16'),
 IPv4Network('10.82.0.0/16'),
 IPv4Network('10.83.0.0/16'),
 IPv4Network('10.84.0.0/16'),
 IPv4Network('10.85.0.0/16'),
 IPv4Network('10.86.0.0/16'),
 IPv4Network('10.87.0.0/16'),
 IPv4Network('10.88.0.0/16'),
 IPv4Network('10.89.0.0/16'),
 IPv4Network('10.90.0.0/16'),
 IPv4Network('10.91.0.0/16')]
[IPv4Network('10.0.0.0/8'),
 IPv4Network('129.79.0.0/16'),
 IPv4Network('134.68.0.0/16'),
 IPv4Network('140.182.0.0/16'),
 IPv4Network('149.159.0.0/16'),
 IPv4Network('149.160.0.0/14'),
 IPv4Network('156.56.0.0/16'),
 IPv4Network('172.16.0.0/12'),
 IPv4Network('192.168.0.0/24'),
 IPv6Network('::/128'),
 IPv4Network('10.0.0.0/16'),
 IPv4Network('10.1.0.0/16'),
 IPv4Network('10.2.0.0/16'),
 IPv4Network('10.3.0.0/16'),
 IPv4Network('10.4.0.0/16'),
 IPv4Network('10.5.0.0/16'),
 IPv4Network('10.6.0.0/16'),
 IPv4Network('10.7.0.0/16'),
 IPv4Network('10.8.0.0/16'),
 IPv4Network('10.9.0.0/16'),
 IPv4Network('10.10.0.0/16'),
 IPv4Network('10.11.0.0/16'),
 IPv4Network('10.12.0.0/16'),
 IPv4Network('10.13.0.0/16'),
 IPv4Network('10.14.0.0/16'),
 IPv4Network('10.15.0.0/16'),
 IPv4Network('10.16.0.0/16'),
 IPv4Network('10.17.0.0/16'),
 IPv4Network('10.18.0.0/16'),
 IPv4Network('10.19.0.0/16'),
 IPv4Network('10.20.0.0/16'),
 IPv4Network('10.21.0.0/16'),
 IPv4Network('10.22.0.0/16'),
 IPv4Network('10.23.0.0/16'),
 IPv4Network('10.24.0.0/16'),
 IPv4Network('10.25.0.0/16'),
 IPv4Network('10.26.0.0/16'),
 IPv4Network('10.27.0.0/16'),
 IPv4Network('10.28.0.0/16'),
 IPv4Network('10.29.0.0/16'),
 IPv4Network('10.30.0.0/16'),
 IPv4Network('10.31.0.0/16'),
 IPv4Network('10.32.0.0/16'),
 IPv4Network('10.33.0.0/16'),
 IPv4Network('10.34.0.0/16'),
 IPv4Network('10.35.0.0/16'),
 IPv4Network('10.36.0.0/16'),
 IPv4Network('10.37.0.0/16'),
 IPv4Network('10.38.0.0/16'),
 IPv4Network('10.39.0.0/16'),
 IPv4Network('10.40.0.0/16'),
 IPv4Network('10.41.0.0/16'),
 IPv4Network('10.42.0.0/16'),
 IPv4Network('10.43.0.0/16'),
 IPv4Network('10.44.0.0/16'),
 IPv4Network('10.45.0.0/16'),
 IPv4Network('10.46.0.0/16'),
 IPv4Network('10.47.0.0/16'),
 IPv4Network('10.48.0.0/16'),
 IPv4Network('10.49.0.0/16'),
 IPv4Network('10.50.0.0/16'),
 IPv4Network('10.51.0.0/16'),
 IPv4Network('10.52.0.0/16'),
 IPv4Network('10.53.0.0/16'),
 IPv4Network('10.54.0.0/16'),
 IPv4Network('10.55.0.0/16'),
 IPv4Network('10.56.0.0/16'),
 IPv4Network('10.57.0.0/16'),
 IPv4Network('10.58.0.0/16'),
 IPv4Network('10.59.0.0/16'),
 IPv4Network('10.60.0.0/16'),
 IPv4Network('10.61.0.0/16'),
 IPv4Network('10.62.0.0/16'),
 IPv4Network('10.63.0.0/16'),
 IPv4Network('10.64.0.0/16'),
 IPv4Network('10.65.0.0/16'),
 IPv4Network('10.66.0.0/16'),
 IPv4Network('10.67.0.0/16'),
 IPv4Network('10.68.0.0/16'),
 IPv4Network('10.69.0.0/16'),
 IPv4Network('10.70.0.0/16'),
 IPv4Network('10.71.0.0/16'),
 IPv4Network('10.72.0.0/16'),
 IPv4Network('10.73.0.0/16'),
 IPv4Network('10.74.0.0/16'),
 IPv4Network('10.75.0.0/16'),
 IPv4Network('10.76.0.0/16'),
 IPv4Network('10.77.0.0/16'),
 IPv4Network('10.78.0.0/16'),
 IPv4Network('10.79.0.0/16'),
 IPv4Network('10.80.0.0/16'),
 IPv4Network('10.81.0.0/16'),
 IPv4Network('10.82.0.0/16'),
 IPv4Network('10.83.0.0/16'),
 IPv4Network('10.84.0.0/16'),
 IPv4Network('10.85.0.0/16'),
 IPv4Network('10.86.0.0/16'),
 IPv4Network('10.87.0.0/16'),
 IPv4Network('10.88.0.0/16'),
 IPv4Network('10.89.0.0/16'),
 IPv4Network('10.90.0.0/16'),
 IPv4Network('10.91.0.0/16'),
 IPv4Network('10.92.0.0/16'),
 IPv4Network('10.93.0.0/16')]
[IPv4Network('10.0.0.0/8'),
 IPv4Network('129.79.0.0/16'),
 IPv4Network('134.68.0.0/16'),
 IPv4Network('140.182.0.0/16'),
 IPv4Network('149.159.0.0/16'),
 IPv4Network('149.160.0.0/14'),
 IPv4Network('156.56.0.0/16'),
 IPv4Network('172.16.0.0/12'),
 IPv4Network('192.168.0.0/24'),
 IPv6Network('::/128'),
 IPv4Network('10.0.0.0/16'),
 IPv4Network('10.1.0.0/16'),
 IPv4Network('10.2.0.0/16'),
 IPv4Network('10.3.0.0/16'),
 IPv4Network('10.4.0.0/16'),
 IPv4Network('10.5.0.0/16'),
 IPv4Network('10.6.0.0/16'),
 IPv4Network('10.7.0.0/16'),
 IPv4Network('10.8.0.0/16'),
 IPv4Network('10.9.0.0/16'),
 IPv4Network('10.10.0.0/16'),
 IPv4Network('10.11.0.0/16'),
 IPv4Network('10.12.0.0/16'),
 IPv4Network('10.13.0.0/16'),
 IPv4Network('10.14.0.0/16'),
 IPv4Network('10.15.0.0/16'),
 IPv4Network('10.16.0.0/16'),
 IPv4Network('10.17.0.0/16'),
 IPv4Network('10.18.0.0/16'),
 IPv4Network('10.19.0.0/16'),
 IPv4Network('10.20.0.0/16'),
 IPv4Network('10.21.0.0/16'),
 IPv4Network('10.22.0.0/16'),
 IPv4Network('10.23.0.0/16'),
 IPv4Network('10.24.0.0/16'),
 IPv4Network('10.25.0.0/16'),
 IPv4Network('10.26.0.0/16'),
 IPv4Network('10.27.0.0/16'),
 IPv4Network('10.28.0.0/16'),
 IPv4Network('10.29.0.0/16'),
 IPv4Network('10.30.0.0/16'),
 IPv4Network('10.31.0.0/16'),
 IPv4Network('10.32.0.0/16'),
 IPv4Network('10.33.0.0/16'),
 IPv4Network('10.34.0.0/16'),
 IPv4Network('10.35.0.0/16'),
 IPv4Network('10.36.0.0/16'),
 IPv4Network('10.37.0.0/16'),
 IPv4Network('10.38.0.0/16'),
 IPv4Network('10.39.0.0/16'),
 IPv4Network('10.40.0.0/16'),
 IPv4Network('10.41.0.0/16'),
 IPv4Network('10.42.0.0/16'),
 IPv4Network('10.43.0.0/16'),
 IPv4Network('10.44.0.0/16'),
 IPv4Network('10.45.0.0/16'),
 IPv4Network('10.46.0.0/16'),
 IPv4Network('10.47.0.0/16'),
 IPv4Network('10.48.0.0/16'),
 IPv4Network('10.49.0.0/16'),
 IPv4Network('10.50.0.0/16'),
 IPv4Network('10.51.0.0/16'),
 IPv4Network('10.52.0.0/16'),
 IPv4Network('10.53.0.0/16'),
 IPv4Network('10.54.0.0/16'),
 IPv4Network('10.55.0.0/16'),
 IPv4Network('10.56.0.0/16'),
 IPv4Network('10.57.0.0/16'),
 IPv4Network('10.58.0.0/16'),
 IPv4Network('10.59.0.0/16'),
 IPv4Network('10.60.0.0/16'),
 IPv4Network('10.61.0.0/16'),
 IPv4Network('10.62.0.0/16'),
 IPv4Network('10.63.0.0/16'),
 IPv4Network('10.64.0.0/16'),
 IPv4Network('10.65.0.0/16'),
 IPv4Network('10.66.0.0/16'),
 IPv4Network('10.67.0.0/16'),
 IPv4Network('10.68.0.0/16'),
 IPv4Network('10.69.0.0/16'),
 IPv4Network('10.70.0.0/16'),
 IPv4Network('10.71.0.0/16'),
 IPv4Network('10.72.0.0/16'),
 IPv4Network('10.73.0.0/16'),
 IPv4Network('10.74.0.0/16'),
 IPv4Network('10.75.0.0/16'),
 IPv4Network('10.76.0.0/16'),
 IPv4Network('10.77.0.0/16'),
 IPv4Network('10.78.0.0/16'),
 IPv4Network('10.79.0.0/16'),
 IPv4Network('10.80.0.0/16'),
 IPv4Network('10.81.0.0/16'),
 IPv4Network('10.82.0.0/16'),
 IPv4Network('10.83.0.0/16'),
 IPv4Network('10.84.0.0/16'),
 IPv4Network('10.85.0.0/16'),
 IPv4Network('10.86.0.0/16'),
 IPv4Network('10.87.0.0/16'),
 IPv4Network('10.88.0.0/16'),
 IPv4Network('10.89.0.0/16'),
 IPv4Network('10.90.0.0/16'),
 IPv4Network('10.91.0.0/16'),
 IPv4Network('10.92.0.0/16'),
 IPv4Network('10.93.0.0/16'),
 IPv4Network('10.94.0.0/16'),
 IPv4Network('10.95.0.0/16')]
[IPv4Network('10.0.0.0/8'),
 IPv4Network('129.79.0.0/16'),
 IPv4Network('134.68.0.0/16'),
 IPv4Network('140.182.0.0/16'),
 IPv4Network('149.159.0.0/16'),
 IPv4Network('149.160.0.0/14'),
 IPv4Network('156.56.0.0/16'),
 IPv4Network('172.16.0.0/12'),
 IPv4Network('192.168.0.0/24'),
 IPv6Network('::/128'),
 IPv4Network('10.0.0.0/16'),
 IPv4Network('10.1.0.0/16'),
 IPv4Network('10.2.0.0/16'),
 IPv4Network('10.3.0.0/16'),
 IPv4Network('10.4.0.0/16'),
 IPv4Network('10.5.0.0/16'),
 IPv4Network('10.6.0.0/16'),
 IPv4Network('10.7.0.0/16'),
 IPv4Network('10.8.0.0/16'),
 IPv4Network('10.9.0.0/16'),
 IPv4Network('10.10.0.0/16'),
 IPv4Network('10.11.0.0/16'),
 IPv4Network('10.12.0.0/16'),
 IPv4Network('10.13.0.0/16'),
 IPv4Network('10.14.0.0/16'),
 IPv4Network('10.15.0.0/16'),
 IPv4Network('10.16.0.0/16'),
 IPv4Network('10.17.0.0/16'),
 IPv4Network('10.18.0.0/16'),
 IPv4Network('10.19.0.0/16'),
 IPv4Network('10.20.0.0/16'),
 IPv4Network('10.21.0.0/16'),
 IPv4Network('10.22.0.0/16'),
 IPv4Network('10.23.0.0/16'),
 IPv4Network('10.24.0.0/16'),
 IPv4Network('10.25.0.0/16'),
 IPv4Network('10.26.0.0/16'),
 IPv4Network('10.27.0.0/16'),
 IPv4Network('10.28.0.0/16'),
 IPv4Network('10.29.0.0/16'),
 IPv4Network('10.30.0.0/16'),
 IPv4Network('10.31.0.0/16'),
 IPv4Network('10.32.0.0/16'),
 IPv4Network('10.33.0.0/16'),
 IPv4Network('10.34.0.0/16'),
 IPv4Network('10.35.0.0/16'),
 IPv4Network('10.36.0.0/16'),
 IPv4Network('10.37.0.0/16'),
 IPv4Network('10.38.0.0/16'),
 IPv4Network('10.39.0.0/16'),
 IPv4Network('10.40.0.0/16'),
 IPv4Network('10.41.0.0/16'),
 IPv4Network('10.42.0.0/16'),
 IPv4Network('10.43.0.0/16'),
 IPv4Network('10.44.0.0/16'),
 IPv4Network('10.45.0.0/16'),
 IPv4Network('10.46.0.0/16'),
 IPv4Network('10.47.0.0/16'),
 IPv4Network('10.48.0.0/16'),
 IPv4Network('10.49.0.0/16'),
 IPv4Network('10.50.0.0/16'),
 IPv4Network('10.51.0.0/16'),
 IPv4Network('10.52.0.0/16'),
 IPv4Network('10.53.0.0/16'),
 IPv4Network('10.54.0.0/16'),
 IPv4Network('10.55.0.0/16'),
 IPv4Network('10.56.0.0/16'),
 IPv4Network('10.57.0.0/16'),
 IPv4Network('10.58.0.0/16'),
 IPv4Network('10.59.0.0/16'),
 IPv4Network('10.60.0.0/16'),
 IPv4Network('10.61.0.0/16'),
 IPv4Network('10.62.0.0/16'),
 IPv4Network('10.63.0.0/16'),
 IPv4Network('10.64.0.0/16'),
 IPv4Network('10.65.0.0/16'),
 IPv4Network('10.66.0.0/16'),
 IPv4Network('10.67.0.0/16'),
 IPv4Network('10.68.0.0/16'),
 IPv4Network('10.69.0.0/16'),
 IPv4Network('10.70.0.0/16'),
 IPv4Network('10.71.0.0/16'),
 IPv4Network('10.72.0.0/16'),
 IPv4Network('10.73.0.0/16'),
 IPv4Network('10.74.0.0/16'),
 IPv4Network('10.75.0.0/16'),
 IPv4Network('10.76.0.0/16'),
 IPv4Network('10.77.0.0/16'),
 IPv4Network('10.78.0.0/16'),
 IPv4Network('10.79.0.0/16'),
 IPv4Network('10.80.0.0/16'),
 IPv4Network('10.81.0.0/16'),
 IPv4Network('10.82.0.0/16'),
 IPv4Network('10.83.0.0/16'),
 IPv4Network('10.84.0.0/16'),
 IPv4Network('10.85.0.0/16'),
 IPv4Network('10.86.0.0/16'),
 IPv4Network('10.87.0.0/16'),
 IPv4Network('10.88.0.0/16'),
 IPv4Network('10.89.0.0/16'),
 IPv4Network('10.90.0.0/16'),
 IPv4Network('10.91.0.0/16'),
 IPv4Network('10.92.0.0/16'),
 IPv4Network('10.93.0.0/16'),
 IPv4Network('10.94.0.0/16'),
 IPv4Network('10.95.0.0/16')]
[IPv4Network('10.0.0.0/8'),
 IPv4Network('129.79.0.0/16'),
 IPv4Network('134.68.0.0/16'),
 IPv4Network('140.182.0.0/16'),
 IPv4Network('149.159.0.0/16'),
 IPv4Network('149.160.0.0/14'),
 IPv4Network('156.56.0.0/16'),
 IPv4Network('172.16.0.0/12'),
 IPv4Network('192.168.0.0/24'),
 IPv6Network('::/128'),
 IPv4Network('10.0.0.0/16'),
 IPv4Network('10.1.0.0/16'),
 IPv4Network('10.2.0.0/16'),
 IPv4Network('10.3.0.0/16'),
 IPv4Network('10.4.0.0/16'),
 IPv4Network('10.5.0.0/16'),
 IPv4Network('10.6.0.0/16'),
 IPv4Network('10.7.0.0/16'),
 IPv4Network('10.8.0.0/16'),
 IPv4Network('10.9.0.0/16'),
 IPv4Network('10.10.0.0/16'),
 IPv4Network('10.11.0.0/16'),
 IPv4Network('10.12.0.0/16'),
 IPv4Network('10.13.0.0/16'),
 IPv4Network('10.14.0.0/16'),
 IPv4Network('10.15.0.0/16'),
 IPv4Network('10.16.0.0/16'),
 IPv4Network('10.17.0.0/16'),
 IPv4Network('10.18.0.0/16'),
 IPv4Network('10.19.0.0/16'),
 IPv4Network('10.20.0.0/16'),
 IPv4Network('10.21.0.0/16'),
 IPv4Network('10.22.0.0/16'),
 IPv4Network('10.23.0.0/16'),
 IPv4Network('10.24.0.0/16'),
 IPv4Network('10.25.0.0/16'),
 IPv4Network('10.26.0.0/16'),
 IPv4Network('10.27.0.0/16'),
 IPv4Network('10.28.0.0/16'),
 IPv4Network('10.29.0.0/16'),
 IPv4Network('10.30.0.0/16'),
 IPv4Network('10.31.0.0/16'),
 IPv4Network('10.32.0.0/16'),
 IPv4Network('10.33.0.0/16'),
 IPv4Network('10.34.0.0/16'),
 IPv4Network('10.35.0.0/16'),
 IPv4Network('10.36.0.0/16'),
 IPv4Network('10.37.0.0/16'),
 IPv4Network('10.38.0.0/16'),
 IPv4Network('10.39.0.0/16'),
 IPv4Network('10.40.0.0/16'),
 IPv4Network('10.41.0.0/16'),
 IPv4Network('10.42.0.0/16'),
 IPv4Network('10.43.0.0/16'),
 IPv4Network('10.44.0.0/16'),
 IPv4Network('10.45.0.0/16'),
 IPv4Network('10.46.0.0/16'),
 IPv4Network('10.47.0.0/16'),
 IPv4Network('10.48.0.0/16'),
 IPv4Network('10.49.0.0/16'),
 IPv4Network('10.50.0.0/16'),
 IPv4Network('10.51.0.0/16'),
 IPv4Network('10.52.0.0/16'),
 IPv4Network('10.53.0.0/16'),
 IPv4Network('10.54.0.0/16'),
 IPv4Network('10.55.0.0/16'),
 IPv4Network('10.56.0.0/16'),
 IPv4Network('10.57.0.0/16'),
 IPv4Network('10.58.0.0/16'),
 IPv4Network('10.59.0.0/16'),
 IPv4Network('10.60.0.0/16'),
 IPv4Network('10.61.0.0/16'),
 IPv4Network('10.62.0.0/16'),
 IPv4Network('10.63.0.0/16'),
 IPv4Network('10.64.0.0/16'),
 IPv4Network('10.65.0.0/16'),
 IPv4Network('10.66.0.0/16'),
 IPv4Network('10.67.0.0/16'),
 IPv4Network('10.68.0.0/16'),
 IPv4Network('10.69.0.0/16'),
 IPv4Network('10.70.0.0/16'),
 IPv4Network('10.71.0.0/16'),
 IPv4Network('10.72.0.0/16'),
 IPv4Network('10.73.0.0/16'),
 IPv4Network('10.74.0.0/16'),
 IPv4Network('10.75.0.0/16'),
 IPv4Network('10.76.0.0/16'),
 IPv4Network('10.77.0.0/16'),
 IPv4Network('10.78.0.0/16'),
 IPv4Network('10.79.0.0/16'),
 IPv4Network('10.80.0.0/16'),
 IPv4Network('10.81.0.0/16'),
 IPv4Network('10.82.0.0/16'),
 IPv4Network('10.83.0.0/16'),
 IPv4Network('10.84.0.0/16'),
 IPv4Network('10.85.0.0/16'),
 IPv4Network('10.86.0.0/16'),
 IPv4Network('10.87.0.0/16'),
 IPv4Network('10.88.0.0/16'),
 IPv4Network('10.89.0.0/16'),
 IPv4Network('10.90.0.0/16'),
 IPv4Network('10.91.0.0/16'),
 IPv4Network('10.92.0.0/16'),
 IPv4Network('10.93.0.0/16'),
 IPv4Network('10.94.0.0/16'),
 IPv4Network('10.95.0.0/16')]
[IPv4Network('10.0.0.0/8'),
 IPv4Network('129.79.0.0/16'),
 IPv4Network('134.68.0.0/16'),
 IPv4Network('140.182.0.0/16'),
 IPv4Network('149.159.0.0/16'),
 IPv4Network('149.160.0.0/14'),
 IPv4Network('156.56.0.0/16'),
 IPv4Network('172.16.0.0/12'),
 IPv4Network('192.168.0.0/24'),
 IPv6Network('::/128'),
 IPv4Network('10.0.0.0/16'),
 IPv4Network('10.1.0.0/16'),
 IPv4Network('10.2.0.0/16'),
 IPv4Network('10.3.0.0/16'),
 IPv4Network('10.4.0.0/16'),
 IPv4Network('10.5.0.0/16'),
 IPv4Network('10.6.0.0/16'),
 IPv4Network('10.7.0.0/16'),
 IPv4Network('10.8.0.0/16'),
 IPv4Network('10.9.0.0/16'),
 IPv4Network('10.10.0.0/16'),
 IPv4Network('10.11.0.0/16'),
 IPv4Network('10.12.0.0/16'),
 IPv4Network('10.13.0.0/16'),
 IPv4Network('10.14.0.0/16'),
 IPv4Network('10.15.0.0/16'),
 IPv4Network('10.16.0.0/16'),
 IPv4Network('10.17.0.0/16'),
 IPv4Network('10.18.0.0/16'),
 IPv4Network('10.19.0.0/16'),
 IPv4Network('10.20.0.0/16'),
 IPv4Network('10.21.0.0/16'),
 IPv4Network('10.22.0.0/16'),
 IPv4Network('10.23.0.0/16'),
 IPv4Network('10.24.0.0/16'),
 IPv4Network('10.25.0.0/16'),
 IPv4Network('10.26.0.0/16'),
 IPv4Network('10.27.0.0/16'),
 IPv4Network('10.28.0.0/16'),
 IPv4Network('10.29.0.0/16'),
 IPv4Network('10.30.0.0/16'),
 IPv4Network('10.31.0.0/16'),
 IPv4Network('10.32.0.0/16'),
 IPv4Network('10.33.0.0/16'),
 IPv4Network('10.34.0.0/16'),
 IPv4Network('10.35.0.0/16'),
 IPv4Network('10.36.0.0/16'),
 IPv4Network('10.37.0.0/16'),
 IPv4Network('10.38.0.0/16'),
 IPv4Network('10.39.0.0/16'),
 IPv4Network('10.40.0.0/16'),
 IPv4Network('10.41.0.0/16'),
 IPv4Network('10.42.0.0/16'),
 IPv4Network('10.43.0.0/16'),
 IPv4Network('10.44.0.0/16'),
 IPv4Network('10.45.0.0/16'),
 IPv4Network('10.46.0.0/16'),
 IPv4Network('10.47.0.0/16'),
 IPv4Network('10.48.0.0/16'),
 IPv4Network('10.49.0.0/16'),
 IPv4Network('10.50.0.0/16'),
 IPv4Network('10.51.0.0/16'),
 IPv4Network('10.52.0.0/16'),
 IPv4Network('10.53.0.0/16'),
 IPv4Network('10.54.0.0/16'),
 IPv4Network('10.55.0.0/16'),
 IPv4Network('10.56.0.0/16'),
 IPv4Network('10.57.0.0/16'),
 IPv4Network('10.58.0.0/16'),
 IPv4Network('10.59.0.0/16'),
 IPv4Network('10.60.0.0/16'),
 IPv4Network('10.61.0.0/16'),
 IPv4Network('10.62.0.0/16'),
 IPv4Network('10.63.0.0/16'),
 IPv4Network('10.64.0.0/16'),
 IPv4Network('10.65.0.0/16'),
 IPv4Network('10.66.0.0/16'),
 IPv4Network('10.67.0.0/16'),
 IPv4Network('10.68.0.0/16'),
 IPv4Network('10.69.0.0/16'),
 IPv4Network('10.70.0.0/16'),
 IPv4Network('10.71.0.0/16'),
 IPv4Network('10.72.0.0/16'),
 IPv4Network('10.73.0.0/16'),
 IPv4Network('10.74.0.0/16'),
 IPv4Network('10.75.0.0/16'),
 IPv4Network('10.76.0.0/16'),
 IPv4Network('10.77.0.0/16'),
 IPv4Network('10.78.0.0/16'),
 IPv4Network('10.79.0.0/16'),
 IPv4Network('10.80.0.0/16'),
 IPv4Network('10.81.0.0/16'),
 IPv4Network('10.82.0.0/16'),
 IPv4Network('10.83.0.0/16'),
 IPv4Network('10.84.0.0/16'),
 IPv4Network('10.85.0.0/16'),
 IPv4Network('10.86.0.0/16'),
 IPv4Network('10.87.0.0/16'),
 IPv4Network('10.88.0.0/16'),
 IPv4Network('10.89.0.0/16'),
 IPv4Network('10.90.0.0/16'),
 IPv4Network('10.91.0.0/16'),
 IPv4Network('10.92.0.0/16'),
 IPv4Network('10.93.0.0/16'),
 IPv4Network('10.94.0.0/16'),
 IPv4Network('10.95.0.0/16')]
[IPv4Network('10.0.0.0/8'),
 IPv4Network('129.79.0.0/16'),
 IPv4Network('134.68.0.0/16'),
 IPv4Network('140.182.0.0/16'),
 IPv4Network('149.159.0.0/16'),
 IPv4Network('149.160.0.0/14'),
 IPv4Network('156.56.0.0/16'),
 IPv4Network('172.16.0.0/12'),
 IPv4Network('192.168.0.0/24'),
 IPv6Network('::/128'),
 IPv4Network('10.0.0.0/16'),
 IPv4Network('10.1.0.0/16'),
 IPv4Network('10.2.0.0/16'),
 IPv4Network('10.3.0.0/16'),
 IPv4Network('10.4.0.0/16'),
 IPv4Network('10.5.0.0/16'),
 IPv4Network('10.6.0.0/16'),
 IPv4Network('10.7.0.0/16'),
 IPv4Network('10.8.0.0/16'),
 IPv4Network('10.9.0.0/16'),
 IPv4Network('10.10.0.0/16'),
 IPv4Network('10.11.0.0/16'),
 IPv4Network('10.12.0.0/16'),
 IPv4Network('10.13.0.0/16'),
 IPv4Network('10.14.0.0/16'),
 IPv4Network('10.15.0.0/16'),
 IPv4Network('10.16.0.0/16'),
 IPv4Network('10.17.0.0/16'),
 IPv4Network('10.18.0.0/16'),
 IPv4Network('10.19.0.0/16'),
 IPv4Network('10.20.0.0/16'),
 IPv4Network('10.21.0.0/16'),
 IPv4Network('10.22.0.0/16'),
 IPv4Network('10.23.0.0/16'),
 IPv4Network('10.24.0.0/16'),
 IPv4Network('10.25.0.0/16'),
 IPv4Network('10.26.0.0/16'),
 IPv4Network('10.27.0.0/16'),
 IPv4Network('10.28.0.0/16'),
 IPv4Network('10.29.0.0/16'),
 IPv4Network('10.30.0.0/16'),
 IPv4Network('10.31.0.0/16'),
 IPv4Network('10.32.0.0/16'),
 IPv4Network('10.33.0.0/16'),
 IPv4Network('10.34.0.0/16'),
 IPv4Network('10.35.0.0/16'),
 IPv4Network('10.36.0.0/16'),
 IPv4Network('10.37.0.0/16'),
 IPv4Network('10.38.0.0/16'),
 IPv4Network('10.39.0.0/16'),
 IPv4Network('10.40.0.0/16'),
 IPv4Network('10.41.0.0/16'),
 IPv4Network('10.42.0.0/16'),
 IPv4Network('10.43.0.0/16'),
 IPv4Network('10.44.0.0/16'),
 IPv4Network('10.45.0.0/16'),
 IPv4Network('10.46.0.0/16'),
 IPv4Network('10.47.0.0/16'),
 IPv4Network('10.48.0.0/16'),
 IPv4Network('10.49.0.0/16'),
 IPv4Network('10.50.0.0/16'),
 IPv4Network('10.51.0.0/16'),
 IPv4Network('10.52.0.0/16'),
 IPv4Network('10.53.0.0/16'),
 IPv4Network('10.54.0.0/16'),
 IPv4Network('10.55.0.0/16'),
 IPv4Network('10.56.0.0/16'),
 IPv4Network('10.57.0.0/16'),
 IPv4Network('10.58.0.0/16'),
 IPv4Network('10.59.0.0/16'),
 IPv4Network('10.60.0.0/16'),
 IPv4Network('10.61.0.0/16'),
 IPv4Network('10.62.0.0/16'),
 IPv4Network('10.63.0.0/16'),
 IPv4Network('10.64.0.0/16'),
 IPv4Network('10.65.0.0/16'),
 IPv4Network('10.66.0.0/16'),
 IPv4Network('10.67.0.0/16'),
 IPv4Network('10.68.0.0/16'),
 IPv4Network('10.69.0.0/16'),
 IPv4Network('10.70.0.0/16'),
 IPv4Network('10.71.0.0/16'),
 IPv4Network('10.72.0.0/16'),
 IPv4Network('10.73.0.0/16'),
 IPv4Network('10.74.0.0/16'),
 IPv4Network('10.75.0.0/16'),
 IPv4Network('10.76.0.0/16'),
 IPv4Network('10.77.0.0/16'),
 IPv4Network('10.78.0.0/16'),
 IPv4Network('10.79.0.0/16'),
 IPv4Network('10.80.0.0/16'),
 IPv4Network('10.81.0.0/16'),
 IPv4Network('10.82.0.0/16'),
 IPv4Network('10.83.0.0/16'),
 IPv4Network('10.84.0.0/16'),
 IPv4Network('10.85.0.0/16'),
 IPv4Network('10.86.0.0/16'),
 IPv4Network('10.87.0.0/16'),
 IPv4Network('10.88.0.0/16'),
 IPv4Network('10.89.0.0/16'),
 IPv4Network('10.90.0.0/16'),
 IPv4Network('10.91.0.0/16'),
 IPv4Network('10.92.0.0/16'),
 IPv4Network('10.93.0.0/16'),
 IPv4Network('10.94.0.0/16'),
 IPv4Network('10.95.0.0/16')]
[IPv4Network('10.0.0.0/8'),
 IPv4Network('129.79.0.0/16'),
 IPv4Network('134.68.0.0/16'),
 IPv4Network('140.182.0.0/16'),
 IPv4Network('149.159.0.0/16'),
 IPv4Network('149.160.0.0/14'),
 IPv4Network('156.56.0.0/16'),
 IPv4Network('172.16.0.0/12'),
 IPv4Network('192.168.0.0/24'),
 IPv6Network('::/128'),
 IPv4Network('10.0.0.0/16'),
 IPv4Network('10.1.0.0/16'),
 IPv4Network('10.2.0.0/16'),
 IPv4Network('10.3.0.0/16'),
 IPv4Network('10.4.0.0/16'),
 IPv4Network('10.5.0.0/16'),
 IPv4Network('10.6.0.0/16'),
 IPv4Network('10.7.0.0/16'),
 IPv4Network('10.8.0.0/16'),
 IPv4Network('10.9.0.0/16'),
 IPv4Network('10.10.0.0/16'),
 IPv4Network('10.11.0.0/16'),
 IPv4Network('10.12.0.0/16'),
 IPv4Network('10.13.0.0/16'),
 IPv4Network('10.14.0.0/16'),
 IPv4Network('10.15.0.0/16'),
 IPv4Network('10.16.0.0/16'),
 IPv4Network('10.17.0.0/16'),
 IPv4Network('10.18.0.0/16'),
 IPv4Network('10.19.0.0/16'),
 IPv4Network('10.20.0.0/16'),
 IPv4Network('10.21.0.0/16'),
 IPv4Network('10.22.0.0/16'),
 IPv4Network('10.23.0.0/16'),
 IPv4Network('10.24.0.0/16'),
 IPv4Network('10.25.0.0/16'),
 IPv4Network('10.26.0.0/16'),
 IPv4Network('10.27.0.0/16'),
 IPv4Network('10.28.0.0/16'),
 IPv4Network('10.29.0.0/16'),
 IPv4Network('10.30.0.0/16'),
 IPv4Network('10.31.0.0/16'),
 IPv4Network('10.32.0.0/16'),
 IPv4Network('10.33.0.0/16'),
 IPv4Network('10.34.0.0/16'),
 IPv4Network('10.35.0.0/16'),
 IPv4Network('10.36.0.0/16'),
 IPv4Network('10.37.0.0/16'),
 IPv4Network('10.38.0.0/16'),
 IPv4Network('10.39.0.0/16'),
 IPv4Network('10.40.0.0/16'),
 IPv4Network('10.41.0.0/16'),
 IPv4Network('10.42.0.0/16'),
 IPv4Network('10.43.0.0/16'),
 IPv4Network('10.44.0.0/16'),
 IPv4Network('10.45.0.0/16'),
 IPv4Network('10.46.0.0/16'),
 IPv4Network('10.47.0.0/16'),
 IPv4Network('10.48.0.0/16'),
 IPv4Network('10.49.0.0/16'),
 IPv4Network('10.50.0.0/16'),
 IPv4Network('10.51.0.0/16'),
 IPv4Network('10.52.0.0/16'),
 IPv4Network('10.53.0.0/16'),
 IPv4Network('10.54.0.0/16'),
 IPv4Network('10.55.0.0/16'),
 IPv4Network('10.56.0.0/16'),
 IPv4Network('10.57.0.0/16'),
 IPv4Network('10.58.0.0/16'),
 IPv4Network('10.59.0.0/16'),
 IPv4Network('10.60.0.0/16'),
 IPv4Network('10.61.0.0/16'),
 IPv4Network('10.62.0.0/16'),
 IPv4Network('10.63.0.0/16'),
 IPv4Network('10.64.0.0/16'),
 IPv4Network('10.65.0.0/16'),
 IPv4Network('10.66.0.0/16'),
 IPv4Network('10.67.0.0/16'),
 IPv4Network('10.68.0.0/16'),
 IPv4Network('10.69.0.0/16'),
 IPv4Network('10.70.0.0/16'),
 IPv4Network('10.71.0.0/16'),
 IPv4Network('10.72.0.0/16'),
 IPv4Network('10.73.0.0/16'),
 IPv4Network('10.74.0.0/16'),
 IPv4Network('10.75.0.0/16'),
 IPv4Network('10.76.0.0/16'),
 IPv4Network('10.77.0.0/16'),
 IPv4Network('10.78.0.0/16'),
 IPv4Network('10.79.0.0/16'),
 IPv4Network('10.80.0.0/16'),
 IPv4Network('10.81.0.0/16'),
 IPv4Network('10.82.0.0/16'),
 IPv4Network('10.83.0.0/16'),
 IPv4Network('10.84.0.0/16'),
 IPv4Network('10.85.0.0/16'),
 IPv4Network('10.86.0.0/16'),
 IPv4Network('10.87.0.0/16'),
 IPv4Network('10.88.0.0/16'),
 IPv4Network('10.89.0.0/16'),
 IPv4Network('10.90.0.0/16'),
 IPv4Network('10.91.0.0/16'),
 IPv4Network('10.92.0.0/16'),
 IPv4Network('10.93.0.0/16'),
 IPv4Network('10.94.0.0/16'),
 IPv4Network('10.95.0.0/16'),
 IPv4Network('10.96.0.0/16'),
 IPv4Network('10.97.0.0/16')]
[IPv4Network('10.0.0.0/8'),
 IPv4Network('129.79.0.0/16'),
 IPv4Network('134.68.0.0/16'),
 IPv4Network('140.182.0.0/16'),
 IPv4Network('149.159.0.0/16'),
 IPv4Network('149.160.0.0/14'),
 IPv4Network('156.56.0.0/16'),
 IPv4Network('172.16.0.0/12'),
 IPv4Network('192.168.0.0/24'),
 IPv6Network('::/128'),
 IPv4Network('10.0.0.0/16'),
 IPv4Network('10.1.0.0/16'),
 IPv4Network('10.2.0.0/16'),
 IPv4Network('10.3.0.0/16'),
 IPv4Network('10.4.0.0/16'),
 IPv4Network('10.5.0.0/16'),
 IPv4Network('10.6.0.0/16'),
 IPv4Network('10.7.0.0/16'),
 IPv4Network('10.8.0.0/16'),
 IPv4Network('10.9.0.0/16'),
 IPv4Network('10.10.0.0/16'),
 IPv4Network('10.11.0.0/16'),
 IPv4Network('10.12.0.0/16'),
 IPv4Network('10.13.0.0/16'),
 IPv4Network('10.14.0.0/16'),
 IPv4Network('10.15.0.0/16'),
 IPv4Network('10.16.0.0/16'),
 IPv4Network('10.17.0.0/16'),
 IPv4Network('10.18.0.0/16'),
 IPv4Network('10.19.0.0/16'),
 IPv4Network('10.20.0.0/16'),
 IPv4Network('10.21.0.0/16'),
 IPv4Network('10.22.0.0/16'),
 IPv4Network('10.23.0.0/16'),
 IPv4Network('10.24.0.0/16'),
 IPv4Network('10.25.0.0/16'),
 IPv4Network('10.26.0.0/16'),
 IPv4Network('10.27.0.0/16'),
 IPv4Network('10.28.0.0/16'),
 IPv4Network('10.29.0.0/16'),
 IPv4Network('10.30.0.0/16'),
 IPv4Network('10.31.0.0/16'),
 IPv4Network('10.32.0.0/16'),
 IPv4Network('10.33.0.0/16'),
 IPv4Network('10.34.0.0/16'),
 IPv4Network('10.35.0.0/16'),
 IPv4Network('10.36.0.0/16'),
 IPv4Network('10.37.0.0/16'),
 IPv4Network('10.38.0.0/16'),
 IPv4Network('10.39.0.0/16'),
 IPv4Network('10.40.0.0/16'),
 IPv4Network('10.41.0.0/16'),
 IPv4Network('10.42.0.0/16'),
 IPv4Network('10.43.0.0/16'),
 IPv4Network('10.44.0.0/16'),
 IPv4Network('10.45.0.0/16'),
 IPv4Network('10.46.0.0/16'),
 IPv4Network('10.47.0.0/16'),
 IPv4Network('10.48.0.0/16'),
 IPv4Network('10.49.0.0/16'),
 IPv4Network('10.50.0.0/16'),
 IPv4Network('10.51.0.0/16'),
 IPv4Network('10.52.0.0/16'),
 IPv4Network('10.53.0.0/16'),
 IPv4Network('10.54.0.0/16'),
 IPv4Network('10.55.0.0/16'),
 IPv4Network('10.56.0.0/16'),
 IPv4Network('10.57.0.0/16'),
 IPv4Network('10.58.0.0/16'),
 IPv4Network('10.59.0.0/16'),
 IPv4Network('10.60.0.0/16'),
 IPv4Network('10.61.0.0/16'),
 IPv4Network('10.62.0.0/16'),
 IPv4Network('10.63.0.0/16'),
 IPv4Network('10.64.0.0/16'),
 IPv4Network('10.65.0.0/16'),
 IPv4Network('10.66.0.0/16'),
 IPv4Network('10.67.0.0/16'),
 IPv4Network('10.68.0.0/16'),
 IPv4Network('10.69.0.0/16'),
 IPv4Network('10.70.0.0/16'),
 IPv4Network('10.71.0.0/16'),
 IPv4Network('10.72.0.0/16'),
 IPv4Network('10.73.0.0/16'),
 IPv4Network('10.74.0.0/16'),
 IPv4Network('10.75.0.0/16'),
 IPv4Network('10.76.0.0/16'),
 IPv4Network('10.77.0.0/16'),
 IPv4Network('10.78.0.0/16'),
 IPv4Network('10.79.0.0/16'),
 IPv4Network('10.80.0.0/16'),
 IPv4Network('10.81.0.0/16'),
 IPv4Network('10.82.0.0/16'),
 IPv4Network('10.83.0.0/16'),
 IPv4Network('10.84.0.0/16'),
 IPv4Network('10.85.0.0/16'),
 IPv4Network('10.86.0.0/16'),
 IPv4Network('10.87.0.0/16'),
 IPv4Network('10.88.0.0/16'),
 IPv4Network('10.89.0.0/16'),
 IPv4Network('10.90.0.0/16'),
 IPv4Network('10.91.0.0/16'),
 IPv4Network('10.92.0.0/16'),
 IPv4Network('10.93.0.0/16'),
 IPv4Network('10.94.0.0/16'),
 IPv4Network('10.95.0.0/16'),
 IPv4Network('10.96.0.0/16'),
 IPv4Network('10.97.0.0/16'),
 IPv4Network('10.98.0.0/16'),
 IPv4Network('10.99.0.0/16')]
[IPv4Network('10.0.0.0/8'),
 IPv4Network('129.79.0.0/16'),
 IPv4Network('134.68.0.0/16'),
 IPv4Network('140.182.0.0/16'),
 IPv4Network('149.159.0.0/16'),
 IPv4Network('149.160.0.0/14'),
 IPv4Network('156.56.0.0/16'),
 IPv4Network('172.16.0.0/12'),
 IPv4Network('192.168.0.0/24'),
 IPv6Network('::/128'),
 IPv4Network('10.0.0.0/16'),
 IPv4Network('10.1.0.0/16'),
 IPv4Network('10.2.0.0/16'),
 IPv4Network('10.3.0.0/16'),
 IPv4Network('10.4.0.0/16'),
 IPv4Network('10.5.0.0/16'),
 IPv4Network('10.6.0.0/16'),
 IPv4Network('10.7.0.0/16'),
 IPv4Network('10.8.0.0/16'),
 IPv4Network('10.9.0.0/16'),
 IPv4Network('10.10.0.0/16'),
 IPv4Network('10.11.0.0/16'),
 IPv4Network('10.12.0.0/16'),
 IPv4Network('10.13.0.0/16'),
 IPv4Network('10.14.0.0/16'),
 IPv4Network('10.15.0.0/16'),
 IPv4Network('10.16.0.0/16'),
 IPv4Network('10.17.0.0/16'),
 IPv4Network('10.18.0.0/16'),
 IPv4Network('10.19.0.0/16'),
 IPv4Network('10.20.0.0/16'),
 IPv4Network('10.21.0.0/16'),
 IPv4Network('10.22.0.0/16'),
 IPv4Network('10.23.0.0/16'),
 IPv4Network('10.24.0.0/16'),
 IPv4Network('10.25.0.0/16'),
 IPv4Network('10.26.0.0/16'),
 IPv4Network('10.27.0.0/16'),
 IPv4Network('10.28.0.0/16'),
 IPv4Network('10.29.0.0/16'),
 IPv4Network('10.30.0.0/16'),
 IPv4Network('10.31.0.0/16'),
 IPv4Network('10.32.0.0/16'),
 IPv4Network('10.33.0.0/16'),
 IPv4Network('10.34.0.0/16'),
 IPv4Network('10.35.0.0/16'),
 IPv4Network('10.36.0.0/16'),
 IPv4Network('10.37.0.0/16'),
 IPv4Network('10.38.0.0/16'),
 IPv4Network('10.39.0.0/16'),
 IPv4Network('10.40.0.0/16'),
 IPv4Network('10.41.0.0/16'),
 IPv4Network('10.42.0.0/16'),
 IPv4Network('10.43.0.0/16'),
 IPv4Network('10.44.0.0/16'),
 IPv4Network('10.45.0.0/16'),
 IPv4Network('10.46.0.0/16'),
 IPv4Network('10.47.0.0/16'),
 IPv4Network('10.48.0.0/16'),
 IPv4Network('10.49.0.0/16'),
 IPv4Network('10.50.0.0/16'),
 IPv4Network('10.51.0.0/16'),
 IPv4Network('10.52.0.0/16'),
 IPv4Network('10.53.0.0/16'),
 IPv4Network('10.54.0.0/16'),
 IPv4Network('10.55.0.0/16'),
 IPv4Network('10.56.0.0/16'),
 IPv4Network('10.57.0.0/16'),
 IPv4Network('10.58.0.0/16'),
 IPv4Network('10.59.0.0/16'),
 IPv4Network('10.60.0.0/16'),
 IPv4Network('10.61.0.0/16'),
 IPv4Network('10.62.0.0/16'),
 IPv4Network('10.63.0.0/16'),
 IPv4Network('10.64.0.0/16'),
 IPv4Network('10.65.0.0/16'),
 IPv4Network('10.66.0.0/16'),
 IPv4Network('10.67.0.0/16'),
 IPv4Network('10.68.0.0/16'),
 IPv4Network('10.69.0.0/16'),
 IPv4Network('10.70.0.0/16'),
 IPv4Network('10.71.0.0/16'),
 IPv4Network('10.72.0.0/16'),
 IPv4Network('10.73.0.0/16'),
 IPv4Network('10.74.0.0/16'),
 IPv4Network('10.75.0.0/16'),
 IPv4Network('10.76.0.0/16'),
 IPv4Network('10.77.0.0/16'),
 IPv4Network('10.78.0.0/16'),
 IPv4Network('10.79.0.0/16'),
 IPv4Network('10.80.0.0/16'),
 IPv4Network('10.81.0.0/16'),
 IPv4Network('10.82.0.0/16'),
 IPv4Network('10.83.0.0/16'),
 IPv4Network('10.84.0.0/16'),
 IPv4Network('10.85.0.0/16'),
 IPv4Network('10.86.0.0/16'),
 IPv4Network('10.87.0.0/16'),
 IPv4Network('10.88.0.0/16'),
 IPv4Network('10.89.0.0/16'),
 IPv4Network('10.90.0.0/16'),
 IPv4Network('10.91.0.0/16'),
 IPv4Network('10.92.0.0/16'),
 IPv4Network('10.93.0.0/16'),
 IPv4Network('10.94.0.0/16'),
 IPv4Network('10.95.0.0/16'),
 IPv4Network('10.96.0.0/16'),
 IPv4Network('10.97.0.0/16'),
 IPv4Network('10.98.0.0/16'),
 IPv4Network('10.99.0.0/16')]
[IPv4Network('10.0.0.0/8'),
 IPv4Network('129.79.0.0/16'),
 IPv4Network('134.68.0.0/16'),
 IPv4Network('140.182.0.0/16'),
 IPv4Network('149.159.0.0/16'),
 IPv4Network('149.160.0.0/14'),
 IPv4Network('156.56.0.0/16'),
 IPv4Network('172.16.0.0/12'),
 IPv4Network('192.168.0.0/24'),
 IPv6Network('::/128'),
 IPv4Network('10.0.0.0/16'),
 IPv4Network('10.1.0.0/16'),
 IPv4Network('10.2.0.0/16'),
 IPv4Network('10.3.0.0/16'),
 IPv4Network('10.4.0.0/16'),
 IPv4Network('10.5.0.0/16'),
 IPv4Network('10.6.0.0/16'),
 IPv4Network('10.7.0.0/16'),
 IPv4Network('10.8.0.0/16'),
 IPv4Network('10.9.0.0/16'),
 IPv4Network('10.10.0.0/16'),
 IPv4Network('10.11.0.0/16'),
 IPv4Network('10.12.0.0/16'),
 IPv4Network('10.13.0.0/16'),
 IPv4Network('10.14.0.0/16'),
 IPv4Network('10.15.0.0/16'),
 IPv4Network('10.16.0.0/16'),
 IPv4Network('10.17.0.0/16'),
 IPv4Network('10.18.0.0/16'),
 IPv4Network('10.19.0.0/16'),
 IPv4Network('10.20.0.0/16'),
 IPv4Network('10.21.0.0/16'),
 IPv4Network('10.22.0.0/16'),
 IPv4Network('10.23.0.0/16'),
 IPv4Network('10.24.0.0/16'),
 IPv4Network('10.25.0.0/16'),
 IPv4Network('10.26.0.0/16'),
 IPv4Network('10.27.0.0/16'),
 IPv4Network('10.28.0.0/16'),
 IPv4Network('10.29.0.0/16'),
 IPv4Network('10.30.0.0/16'),
 IPv4Network('10.31.0.0/16'),
 IPv4Network('10.32.0.0/16'),
 IPv4Network('10.33.0.0/16'),
 IPv4Network('10.34.0.0/16'),
 IPv4Network('10.35.0.0/16'),
 IPv4Network('10.36.0.0/16'),
 IPv4Network('10.37.0.0/16'),
 IPv4Network('10.38.0.0/16'),
 IPv4Network('10.39.0.0/16'),
 IPv4Network('10.40.0.0/16'),
 IPv4Network('10.41.0.0/16'),
 IPv4Network('10.42.0.0/16'),
 IPv4Network('10.43.0.0/16'),
 IPv4Network('10.44.0.0/16'),
 IPv4Network('10.45.0.0/16'),
 IPv4Network('10.46.0.0/16'),
 IPv4Network('10.47.0.0/16'),
 IPv4Network('10.48.0.0/16'),
 IPv4Network('10.49.0.0/16'),
 IPv4Network('10.50.0.0/16'),
 IPv4Network('10.51.0.0/16'),
 IPv4Network('10.52.0.0/16'),
 IPv4Network('10.53.0.0/16'),
 IPv4Network('10.54.0.0/16'),
 IPv4Network('10.55.0.0/16'),
 IPv4Network('10.56.0.0/16'),
 IPv4Network('10.57.0.0/16'),
 IPv4Network('10.58.0.0/16'),
 IPv4Network('10.59.0.0/16'),
 IPv4Network('10.60.0.0/16'),
 IPv4Network('10.61.0.0/16'),
 IPv4Network('10.62.0.0/16'),
 IPv4Network('10.63.0.0/16'),
 IPv4Network('10.64.0.0/16'),
 IPv4Network('10.65.0.0/16'),
 IPv4Network('10.66.0.0/16'),
 IPv4Network('10.67.0.0/16'),
 IPv4Network('10.68.0.0/16'),
 IPv4Network('10.69.0.0/16'),
 IPv4Network('10.70.0.0/16'),
 IPv4Network('10.71.0.0/16'),
 IPv4Network('10.72.0.0/16'),
 IPv4Network('10.73.0.0/16'),
 IPv4Network('10.74.0.0/16'),
 IPv4Network('10.75.0.0/16'),
 IPv4Network('10.76.0.0/16'),
 IPv4Network('10.77.0.0/16'),
 IPv4Network('10.78.0.0/16'),
 IPv4Network('10.79.0.0/16'),
 IPv4Network('10.80.0.0/16'),
 IPv4Network('10.81.0.0/16'),
 IPv4Network('10.82.0.0/16'),
 IPv4Network('10.83.0.0/16'),
 IPv4Network('10.84.0.0/16'),
 IPv4Network('10.85.0.0/16'),
 IPv4Network('10.86.0.0/16'),
 IPv4Network('10.87.0.0/16'),
 IPv4Network('10.88.0.0/16'),
 IPv4Network('10.89.0.0/16'),
 IPv4Network('10.90.0.0/16'),
 IPv4Network('10.91.0.0/16'),
 IPv4Network('10.92.0.0/16'),
 IPv4Network('10.93.0.0/16'),
 IPv4Network('10.94.0.0/16'),
 IPv4Network('10.95.0.0/16'),
 IPv4Network('10.96.0.0/16'),
 IPv4Network('10.97.0.0/16'),
 IPv4Network('10.98.0.0/16'),
 IPv4Network('10.99.0.0/16'),
 IPv4Network('10.100.0.0/16'),
 IPv4Network('10.101.0.0/16')]
[IPv4Network('10.0.0.0/8'),
 IPv4Network('129.79.0.0/16'),
 IPv4Network('134.68.0.0/16'),
 IPv4Network('140.182.0.0/16'),
 IPv4Network('149.159.0.0/16'),
 IPv4Network('149.160.0.0/14'),
 IPv4Network('156.56.0.0/16'),
 IPv4Network('172.16.0.0/12'),
 IPv4Network('192.168.0.0/24'),
 IPv6Network('::/128'),
 IPv4Network('10.0.0.0/16'),
 IPv4Network('10.1.0.0/16'),
 IPv4Network('10.2.0.0/16'),
 IPv4Network('10.3.0.0/16'),
 IPv4Network('10.4.0.0/16'),
 IPv4Network('10.5.0.0/16'),
 IPv4Network('10.6.0.0/16'),
 IPv4Network('10.7.0.0/16'),
 IPv4Network('10.8.0.0/16'),
 IPv4Network('10.9.0.0/16'),
 IPv4Network('10.10.0.0/16'),
 IPv4Network('10.11.0.0/16'),
 IPv4Network('10.12.0.0/16'),
 IPv4Network('10.13.0.0/16'),
 IPv4Network('10.14.0.0/16'),
 IPv4Network('10.15.0.0/16'),
 IPv4Network('10.16.0.0/16'),
 IPv4Network('10.17.0.0/16'),
 IPv4Network('10.18.0.0/16'),
 IPv4Network('10.19.0.0/16'),
 IPv4Network('10.20.0.0/16'),
 IPv4Network('10.21.0.0/16'),
 IPv4Network('10.22.0.0/16'),
 IPv4Network('10.23.0.0/16'),
 IPv4Network('10.24.0.0/16'),
 IPv4Network('10.25.0.0/16'),
 IPv4Network('10.26.0.0/16'),
 IPv4Network('10.27.0.0/16'),
 IPv4Network('10.28.0.0/16'),
 IPv4Network('10.29.0.0/16'),
 IPv4Network('10.30.0.0/16'),
 IPv4Network('10.31.0.0/16'),
 IPv4Network('10.32.0.0/16'),
 IPv4Network('10.33.0.0/16'),
 IPv4Network('10.34.0.0/16'),
 IPv4Network('10.35.0.0/16'),
 IPv4Network('10.36.0.0/16'),
 IPv4Network('10.37.0.0/16'),
 IPv4Network('10.38.0.0/16'),
 IPv4Network('10.39.0.0/16'),
 IPv4Network('10.40.0.0/16'),
 IPv4Network('10.41.0.0/16'),
 IPv4Network('10.42.0.0/16'),
 IPv4Network('10.43.0.0/16'),
 IPv4Network('10.44.0.0/16'),
 IPv4Network('10.45.0.0/16'),
 IPv4Network('10.46.0.0/16'),
 IPv4Network('10.47.0.0/16'),
 IPv4Network('10.48.0.0/16'),
 IPv4Network('10.49.0.0/16'),
 IPv4Network('10.50.0.0/16'),
 IPv4Network('10.51.0.0/16'),
 IPv4Network('10.52.0.0/16'),
 IPv4Network('10.53.0.0/16'),
 IPv4Network('10.54.0.0/16'),
 IPv4Network('10.55.0.0/16'),
 IPv4Network('10.56.0.0/16'),
 IPv4Network('10.57.0.0/16'),
 IPv4Network('10.58.0.0/16'),
 IPv4Network('10.59.0.0/16'),
 IPv4Network('10.60.0.0/16'),
 IPv4Network('10.61.0.0/16'),
 IPv4Network('10.62.0.0/16'),
 IPv4Network('10.63.0.0/16'),
 IPv4Network('10.64.0.0/16'),
 IPv4Network('10.65.0.0/16'),
 IPv4Network('10.66.0.0/16'),
 IPv4Network('10.67.0.0/16'),
 IPv4Network('10.68.0.0/16'),
 IPv4Network('10.69.0.0/16'),
 IPv4Network('10.70.0.0/16'),
 IPv4Network('10.71.0.0/16'),
 IPv4Network('10.72.0.0/16'),
 IPv4Network('10.73.0.0/16'),
 IPv4Network('10.74.0.0/16'),
 IPv4Network('10.75.0.0/16'),
 IPv4Network('10.76.0.0/16'),
 IPv4Network('10.77.0.0/16'),
 IPv4Network('10.78.0.0/16'),
 IPv4Network('10.79.0.0/16'),
 IPv4Network('10.80.0.0/16'),
 IPv4Network('10.81.0.0/16'),
 IPv4Network('10.82.0.0/16'),
 IPv4Network('10.83.0.0/16'),
 IPv4Network('10.84.0.0/16'),
 IPv4Network('10.85.0.0/16'),
 IPv4Network('10.86.0.0/16'),
 IPv4Network('10.87.0.0/16'),
 IPv4Network('10.88.0.0/16'),
 IPv4Network('10.89.0.0/16'),
 IPv4Network('10.90.0.0/16'),
 IPv4Network('10.91.0.0/16'),
 IPv4Network('10.92.0.0/16'),
 IPv4Network('10.93.0.0/16'),
 IPv4Network('10.94.0.0/16'),
 IPv4Network('10.95.0.0/16'),
 IPv4Network('10.96.0.0/16'),
 IPv4Network('10.97.0.0/16'),
 IPv4Network('10.98.0.0/16'),
 IPv4Network('10.99.0.0/16'),
 IPv4Network('10.100.0.0/16'),
 IPv4Network('10.101.0.0/16'),
 IPv4Network('10.102.0.0/16'),
 IPv4Network('10.103.0.0/16')]
[IPv4Network('10.0.0.0/8'),
 IPv4Network('129.79.0.0/16'),
 IPv4Network('134.68.0.0/16'),
 IPv4Network('140.182.0.0/16'),
 IPv4Network('149.159.0.0/16'),
 IPv4Network('149.160.0.0/14'),
 IPv4Network('156.56.0.0/16'),
 IPv4Network('172.16.0.0/12'),
 IPv4Network('192.168.0.0/24'),
 IPv6Network('::/128'),
 IPv4Network('10.0.0.0/16'),
 IPv4Network('10.1.0.0/16'),
 IPv4Network('10.2.0.0/16'),
 IPv4Network('10.3.0.0/16'),
 IPv4Network('10.4.0.0/16'),
 IPv4Network('10.5.0.0/16'),
 IPv4Network('10.6.0.0/16'),
 IPv4Network('10.7.0.0/16'),
 IPv4Network('10.8.0.0/16'),
 IPv4Network('10.9.0.0/16'),
 IPv4Network('10.10.0.0/16'),
 IPv4Network('10.11.0.0/16'),
 IPv4Network('10.12.0.0/16'),
 IPv4Network('10.13.0.0/16'),
 IPv4Network('10.14.0.0/16'),
 IPv4Network('10.15.0.0/16'),
 IPv4Network('10.16.0.0/16'),
 IPv4Network('10.17.0.0/16'),
 IPv4Network('10.18.0.0/16'),
 IPv4Network('10.19.0.0/16'),
 IPv4Network('10.20.0.0/16'),
 IPv4Network('10.21.0.0/16'),
 IPv4Network('10.22.0.0/16'),
 IPv4Network('10.23.0.0/16'),
 IPv4Network('10.24.0.0/16'),
 IPv4Network('10.25.0.0/16'),
 IPv4Network('10.26.0.0/16'),
 IPv4Network('10.27.0.0/16'),
 IPv4Network('10.28.0.0/16'),
 IPv4Network('10.29.0.0/16'),
 IPv4Network('10.30.0.0/16'),
 IPv4Network('10.31.0.0/16'),
 IPv4Network('10.32.0.0/16'),
 IPv4Network('10.33.0.0/16'),
 IPv4Network('10.34.0.0/16'),
 IPv4Network('10.35.0.0/16'),
 IPv4Network('10.36.0.0/16'),
 IPv4Network('10.37.0.0/16'),
 IPv4Network('10.38.0.0/16'),
 IPv4Network('10.39.0.0/16'),
 IPv4Network('10.40.0.0/16'),
 IPv4Network('10.41.0.0/16'),
 IPv4Network('10.42.0.0/16'),
 IPv4Network('10.43.0.0/16'),
 IPv4Network('10.44.0.0/16'),
 IPv4Network('10.45.0.0/16'),
 IPv4Network('10.46.0.0/16'),
 IPv4Network('10.47.0.0/16'),
 IPv4Network('10.48.0.0/16'),
 IPv4Network('10.49.0.0/16'),
 IPv4Network('10.50.0.0/16'),
 IPv4Network('10.51.0.0/16'),
 IPv4Network('10.52.0.0/16'),
 IPv4Network('10.53.0.0/16'),
 IPv4Network('10.54.0.0/16'),
 IPv4Network('10.55.0.0/16'),
 IPv4Network('10.56.0.0/16'),
 IPv4Network('10.57.0.0/16'),
 IPv4Network('10.58.0.0/16'),
 IPv4Network('10.59.0.0/16'),
 IPv4Network('10.60.0.0/16'),
 IPv4Network('10.61.0.0/16'),
 IPv4Network('10.62.0.0/16'),
 IPv4Network('10.63.0.0/16'),
 IPv4Network('10.64.0.0/16'),
 IPv4Network('10.65.0.0/16'),
 IPv4Network('10.66.0.0/16'),
 IPv4Network('10.67.0.0/16'),
 IPv4Network('10.68.0.0/16'),
 IPv4Network('10.69.0.0/16'),
 IPv4Network('10.70.0.0/16'),
 IPv4Network('10.71.0.0/16'),
 IPv4Network('10.72.0.0/16'),
 IPv4Network('10.73.0.0/16'),
 IPv4Network('10.74.0.0/16'),
 IPv4Network('10.75.0.0/16'),
 IPv4Network('10.76.0.0/16'),
 IPv4Network('10.77.0.0/16'),
 IPv4Network('10.78.0.0/16'),
 IPv4Network('10.79.0.0/16'),
 IPv4Network('10.80.0.0/16'),
 IPv4Network('10.81.0.0/16'),
 IPv4Network('10.82.0.0/16'),
 IPv4Network('10.83.0.0/16'),
 IPv4Network('10.84.0.0/16'),
 IPv4Network('10.85.0.0/16'),
 IPv4Network('10.86.0.0/16'),
 IPv4Network('10.87.0.0/16'),
 IPv4Network('10.88.0.0/16'),
 IPv4Network('10.89.0.0/16'),
 IPv4Network('10.90.0.0/16'),
 IPv4Network('10.91.0.0/16'),
 IPv4Network('10.92.0.0/16'),
 IPv4Network('10.93.0.0/16'),
 IPv4Network('10.94.0.0/16'),
 IPv4Network('10.95.0.0/16'),
 IPv4Network('10.96.0.0/16'),
 IPv4Network('10.97.0.0/16'),
 IPv4Network('10.98.0.0/16'),
 IPv4Network('10.99.0.0/16'),
 IPv4Network('10.100.0.0/16'),
 IPv4Network('10.101.0.0/16'),
 IPv4Network('10.102.0.0/16'),
 IPv4Network('10.103.0.0/16')]
[IPv4Network('10.0.0.0/8'),
 IPv4Network('129.79.0.0/16'),
 IPv4Network('134.68.0.0/16'),
 IPv4Network('140.182.0.0/16'),
 IPv4Network('149.159.0.0/16'),
 IPv4Network('149.160.0.0/14'),
 IPv4Network('156.56.0.0/16'),
 IPv4Network('172.16.0.0/12'),
 IPv4Network('192.168.0.0/24'),
 IPv6Network('::/128'),
 IPv4Network('10.0.0.0/16'),
 IPv4Network('10.1.0.0/16'),
 IPv4Network('10.2.0.0/16'),
 IPv4Network('10.3.0.0/16'),
 IPv4Network('10.4.0.0/16'),
 IPv4Network('10.5.0.0/16'),
 IPv4Network('10.6.0.0/16'),
 IPv4Network('10.7.0.0/16'),
 IPv4Network('10.8.0.0/16'),
 IPv4Network('10.9.0.0/16'),
 IPv4Network('10.10.0.0/16'),
 IPv4Network('10.11.0.0/16'),
 IPv4Network('10.12.0.0/16'),
 IPv4Network('10.13.0.0/16'),
 IPv4Network('10.14.0.0/16'),
 IPv4Network('10.15.0.0/16'),
 IPv4Network('10.16.0.0/16'),
 IPv4Network('10.17.0.0/16'),
 IPv4Network('10.18.0.0/16'),
 IPv4Network('10.19.0.0/16'),
 IPv4Network('10.20.0.0/16'),
 IPv4Network('10.21.0.0/16'),
 IPv4Network('10.22.0.0/16'),
 IPv4Network('10.23.0.0/16'),
 IPv4Network('10.24.0.0/16'),
 IPv4Network('10.25.0.0/16'),
 IPv4Network('10.26.0.0/16'),
 IPv4Network('10.27.0.0/16'),
 IPv4Network('10.28.0.0/16'),
 IPv4Network('10.29.0.0/16'),
 IPv4Network('10.30.0.0/16'),
 IPv4Network('10.31.0.0/16'),
 IPv4Network('10.32.0.0/16'),
 IPv4Network('10.33.0.0/16'),
 IPv4Network('10.34.0.0/16'),
 IPv4Network('10.35.0.0/16'),
 IPv4Network('10.36.0.0/16'),
 IPv4Network('10.37.0.0/16'),
 IPv4Network('10.38.0.0/16'),
 IPv4Network('10.39.0.0/16'),
 IPv4Network('10.40.0.0/16'),
 IPv4Network('10.41.0.0/16'),
 IPv4Network('10.42.0.0/16'),
 IPv4Network('10.43.0.0/16'),
 IPv4Network('10.44.0.0/16'),
 IPv4Network('10.45.0.0/16'),
 IPv4Network('10.46.0.0/16'),
 IPv4Network('10.47.0.0/16'),
 IPv4Network('10.48.0.0/16'),
 IPv4Network('10.49.0.0/16'),
 IPv4Network('10.50.0.0/16'),
 IPv4Network('10.51.0.0/16'),
 IPv4Network('10.52.0.0/16'),
 IPv4Network('10.53.0.0/16'),
 IPv4Network('10.54.0.0/16'),
 IPv4Network('10.55.0.0/16'),
 IPv4Network('10.56.0.0/16'),
 IPv4Network('10.57.0.0/16'),
 IPv4Network('10.58.0.0/16'),
 IPv4Network('10.59.0.0/16'),
 IPv4Network('10.60.0.0/16'),
 IPv4Network('10.61.0.0/16'),
 IPv4Network('10.62.0.0/16'),
 IPv4Network('10.63.0.0/16'),
 IPv4Network('10.64.0.0/16'),
 IPv4Network('10.65.0.0/16'),
 IPv4Network('10.66.0.0/16'),
 IPv4Network('10.67.0.0/16'),
 IPv4Network('10.68.0.0/16'),
 IPv4Network('10.69.0.0/16'),
 IPv4Network('10.70.0.0/16'),
 IPv4Network('10.71.0.0/16'),
 IPv4Network('10.72.0.0/16'),
 IPv4Network('10.73.0.0/16'),
 IPv4Network('10.74.0.0/16'),
 IPv4Network('10.75.0.0/16'),
 IPv4Network('10.76.0.0/16'),
 IPv4Network('10.77.0.0/16'),
 IPv4Network('10.78.0.0/16'),
 IPv4Network('10.79.0.0/16'),
 IPv4Network('10.80.0.0/16'),
 IPv4Network('10.81.0.0/16'),
 IPv4Network('10.82.0.0/16'),
 IPv4Network('10.83.0.0/16'),
 IPv4Network('10.84.0.0/16'),
 IPv4Network('10.85.0.0/16'),
 IPv4Network('10.86.0.0/16'),
 IPv4Network('10.87.0.0/16'),
 IPv4Network('10.88.0.0/16'),
 IPv4Network('10.89.0.0/16'),
 IPv4Network('10.90.0.0/16'),
 IPv4Network('10.91.0.0/16'),
 IPv4Network('10.92.0.0/16'),
 IPv4Network('10.93.0.0/16'),
 IPv4Network('10.94.0.0/16'),
 IPv4Network('10.95.0.0/16'),
 IPv4Network('10.96.0.0/16'),
 IPv4Network('10.97.0.0/16'),
 IPv4Network('10.98.0.0/16'),
 IPv4Network('10.99.0.0/16'),
 IPv4Network('10.100.0.0/16'),
 IPv4Network('10.101.0.0/16'),
 IPv4Network('10.102.0.0/16'),
 IPv4Network('10.103.0.0/16')]
[IPv4Network('10.0.0.0/8'),
 IPv4Network('129.79.0.0/16'),
 IPv4Network('134.68.0.0/16'),
 IPv4Network('140.182.0.0/16'),
 IPv4Network('149.159.0.0/16'),
 IPv4Network('149.160.0.0/14'),
 IPv4Network('156.56.0.0/16'),
 IPv4Network('172.16.0.0/12'),
 IPv4Network('192.168.0.0/24'),
 IPv6Network('::/128'),
 IPv4Network('10.0.0.0/16'),
 IPv4Network('10.1.0.0/16'),
 IPv4Network('10.2.0.0/16'),
 IPv4Network('10.3.0.0/16'),
 IPv4Network('10.4.0.0/16'),
 IPv4Network('10.5.0.0/16'),
 IPv4Network('10.6.0.0/16'),
 IPv4Network('10.7.0.0/16'),
 IPv4Network('10.8.0.0/16'),
 IPv4Network('10.9.0.0/16'),
 IPv4Network('10.10.0.0/16'),
 IPv4Network('10.11.0.0/16'),
 IPv4Network('10.12.0.0/16'),
 IPv4Network('10.13.0.0/16'),
 IPv4Network('10.14.0.0/16'),
 IPv4Network('10.15.0.0/16'),
 IPv4Network('10.16.0.0/16'),
 IPv4Network('10.17.0.0/16'),
 IPv4Network('10.18.0.0/16'),
 IPv4Network('10.19.0.0/16'),
 IPv4Network('10.20.0.0/16'),
 IPv4Network('10.21.0.0/16'),
 IPv4Network('10.22.0.0/16'),
 IPv4Network('10.23.0.0/16'),
 IPv4Network('10.24.0.0/16'),
 IPv4Network('10.25.0.0/16'),
 IPv4Network('10.26.0.0/16'),
 IPv4Network('10.27.0.0/16'),
 IPv4Network('10.28.0.0/16'),
 IPv4Network('10.29.0.0/16'),
 IPv4Network('10.30.0.0/16'),
 IPv4Network('10.31.0.0/16'),
 IPv4Network('10.32.0.0/16'),
 IPv4Network('10.33.0.0/16'),
 IPv4Network('10.34.0.0/16'),
 IPv4Network('10.35.0.0/16'),
 IPv4Network('10.36.0.0/16'),
 IPv4Network('10.37.0.0/16'),
 IPv4Network('10.38.0.0/16'),
 IPv4Network('10.39.0.0/16'),
 IPv4Network('10.40.0.0/16'),
 IPv4Network('10.41.0.0/16'),
 IPv4Network('10.42.0.0/16'),
 IPv4Network('10.43.0.0/16'),
 IPv4Network('10.44.0.0/16'),
 IPv4Network('10.45.0.0/16'),
 IPv4Network('10.46.0.0/16'),
 IPv4Network('10.47.0.0/16'),
 IPv4Network('10.48.0.0/16'),
 IPv4Network('10.49.0.0/16'),
 IPv4Network('10.50.0.0/16'),
 IPv4Network('10.51.0.0/16'),
 IPv4Network('10.52.0.0/16'),
 IPv4Network('10.53.0.0/16'),
 IPv4Network('10.54.0.0/16'),
 IPv4Network('10.55.0.0/16'),
 IPv4Network('10.56.0.0/16'),
 IPv4Network('10.57.0.0/16'),
 IPv4Network('10.58.0.0/16'),
 IPv4Network('10.59.0.0/16'),
 IPv4Network('10.60.0.0/16'),
 IPv4Network('10.61.0.0/16'),
 IPv4Network('10.62.0.0/16'),
 IPv4Network('10.63.0.0/16'),
 IPv4Network('10.64.0.0/16'),
 IPv4Network('10.65.0.0/16'),
 IPv4Network('10.66.0.0/16'),
 IPv4Network('10.67.0.0/16'),
 IPv4Network('10.68.0.0/16'),
 IPv4Network('10.69.0.0/16'),
 IPv4Network('10.70.0.0/16'),
 IPv4Network('10.71.0.0/16'),
 IPv4Network('10.72.0.0/16'),
 IPv4Network('10.73.0.0/16'),
 IPv4Network('10.74.0.0/16'),
 IPv4Network('10.75.0.0/16'),
 IPv4Network('10.76.0.0/16'),
 IPv4Network('10.77.0.0/16'),
 IPv4Network('10.78.0.0/16'),
 IPv4Network('10.79.0.0/16'),
 IPv4Network('10.80.0.0/16'),
 IPv4Network('10.81.0.0/16'),
 IPv4Network('10.82.0.0/16'),
 IPv4Network('10.83.0.0/16'),
 IPv4Network('10.84.0.0/16'),
 IPv4Network('10.85.0.0/16'),
 IPv4Network('10.86.0.0/16'),
 IPv4Network('10.87.0.0/16'),
 IPv4Network('10.88.0.0/16'),
 IPv4Network('10.89.0.0/16'),
 IPv4Network('10.90.0.0/16'),
 IPv4Network('10.91.0.0/16'),
 IPv4Network('10.92.0.0/16'),
 IPv4Network('10.93.0.0/16'),
 IPv4Network('10.94.0.0/16'),
 IPv4Network('10.95.0.0/16'),
 IPv4Network('10.96.0.0/16'),
 IPv4Network('10.97.0.0/16'),
 IPv4Network('10.98.0.0/16'),
 IPv4Network('10.99.0.0/16'),
 IPv4Network('10.100.0.0/16'),
 IPv4Network('10.101.0.0/16'),
 IPv4Network('10.102.0.0/16'),
 IPv4Network('10.103.0.0/16'),
 IPv4Network('10.104.0.0/16'),
 IPv4Network('10.105.0.0/16')]
[IPv4Network('10.0.0.0/8'),
 IPv4Network('129.79.0.0/16'),
 IPv4Network('134.68.0.0/16'),
 IPv4Network('140.182.0.0/16'),
 IPv4Network('149.159.0.0/16'),
 IPv4Network('149.160.0.0/14'),
 IPv4Network('156.56.0.0/16'),
 IPv4Network('172.16.0.0/12'),
 IPv4Network('192.168.0.0/24'),
 IPv6Network('::/128'),
 IPv4Network('10.0.0.0/16'),
 IPv4Network('10.1.0.0/16'),
 IPv4Network('10.2.0.0/16'),
 IPv4Network('10.3.0.0/16'),
 IPv4Network('10.4.0.0/16'),
 IPv4Network('10.5.0.0/16'),
 IPv4Network('10.6.0.0/16'),
 IPv4Network('10.7.0.0/16'),
 IPv4Network('10.8.0.0/16'),
 IPv4Network('10.9.0.0/16'),
 IPv4Network('10.10.0.0/16'),
 IPv4Network('10.11.0.0/16'),
 IPv4Network('10.12.0.0/16'),
 IPv4Network('10.13.0.0/16'),
 IPv4Network('10.14.0.0/16'),
 IPv4Network('10.15.0.0/16'),
 IPv4Network('10.16.0.0/16'),
 IPv4Network('10.17.0.0/16'),
 IPv4Network('10.18.0.0/16'),
 IPv4Network('10.19.0.0/16'),
 IPv4Network('10.20.0.0/16'),
 IPv4Network('10.21.0.0/16'),
 IPv4Network('10.22.0.0/16'),
 IPv4Network('10.23.0.0/16'),
 IPv4Network('10.24.0.0/16'),
 IPv4Network('10.25.0.0/16'),
 IPv4Network('10.26.0.0/16'),
 IPv4Network('10.27.0.0/16'),
 IPv4Network('10.28.0.0/16'),
 IPv4Network('10.29.0.0/16'),
 IPv4Network('10.30.0.0/16'),
 IPv4Network('10.31.0.0/16'),
 IPv4Network('10.32.0.0/16'),
 IPv4Network('10.33.0.0/16'),
 IPv4Network('10.34.0.0/16'),
 IPv4Network('10.35.0.0/16'),
 IPv4Network('10.36.0.0/16'),
 IPv4Network('10.37.0.0/16'),
 IPv4Network('10.38.0.0/16'),
 IPv4Network('10.39.0.0/16'),
 IPv4Network('10.40.0.0/16'),
 IPv4Network('10.41.0.0/16'),
 IPv4Network('10.42.0.0/16'),
 IPv4Network('10.43.0.0/16'),
 IPv4Network('10.44.0.0/16'),
 IPv4Network('10.45.0.0/16'),
 IPv4Network('10.46.0.0/16'),
 IPv4Network('10.47.0.0/16'),
 IPv4Network('10.48.0.0/16'),
 IPv4Network('10.49.0.0/16'),
 IPv4Network('10.50.0.0/16'),
 IPv4Network('10.51.0.0/16'),
 IPv4Network('10.52.0.0/16'),
 IPv4Network('10.53.0.0/16'),
 IPv4Network('10.54.0.0/16'),
 IPv4Network('10.55.0.0/16'),
 IPv4Network('10.56.0.0/16'),
 IPv4Network('10.57.0.0/16'),
 IPv4Network('10.58.0.0/16'),
 IPv4Network('10.59.0.0/16'),
 IPv4Network('10.60.0.0/16'),
 IPv4Network('10.61.0.0/16'),
 IPv4Network('10.62.0.0/16'),
 IPv4Network('10.63.0.0/16'),
 IPv4Network('10.64.0.0/16'),
 IPv4Network('10.65.0.0/16'),
 IPv4Network('10.66.0.0/16'),
 IPv4Network('10.67.0.0/16'),
 IPv4Network('10.68.0.0/16'),
 IPv4Network('10.69.0.0/16'),
 IPv4Network('10.70.0.0/16'),
 IPv4Network('10.71.0.0/16'),
 IPv4Network('10.72.0.0/16'),
 IPv4Network('10.73.0.0/16'),
 IPv4Network('10.74.0.0/16'),
 IPv4Network('10.75.0.0/16'),
 IPv4Network('10.76.0.0/16'),
 IPv4Network('10.77.0.0/16'),
 IPv4Network('10.78.0.0/16'),
 IPv4Network('10.79.0.0/16'),
 IPv4Network('10.80.0.0/16'),
 IPv4Network('10.81.0.0/16'),
 IPv4Network('10.82.0.0/16'),
 IPv4Network('10.83.0.0/16'),
 IPv4Network('10.84.0.0/16'),
 IPv4Network('10.85.0.0/16'),
 IPv4Network('10.86.0.0/16'),
 IPv4Network('10.87.0.0/16'),
 IPv4Network('10.88.0.0/16'),
 IPv4Network('10.89.0.0/16'),
 IPv4Network('10.90.0.0/16'),
 IPv4Network('10.91.0.0/16'),
 IPv4Network('10.92.0.0/16'),
 IPv4Network('10.93.0.0/16'),
 IPv4Network('10.94.0.0/16'),
 IPv4Network('10.95.0.0/16'),
 IPv4Network('10.96.0.0/16'),
 IPv4Network('10.97.0.0/16'),
 IPv4Network('10.98.0.0/16'),
 IPv4Network('10.99.0.0/16'),
 IPv4Network('10.100.0.0/16'),
 IPv4Network('10.101.0.0/16'),
 IPv4Network('10.102.0.0/16'),
 IPv4Network('10.103.0.0/16'),
 IPv4Network('10.104.0.0/16'),
 IPv4Network('10.105.0.0/16'),
 IPv4Network('10.106.0.0/16'),
 IPv4Network('10.107.0.0/16')]
[IPv4Network('10.0.0.0/8'),
 IPv4Network('129.79.0.0/16'),
 IPv4Network('134.68.0.0/16'),
 IPv4Network('140.182.0.0/16'),
 IPv4Network('149.159.0.0/16'),
 IPv4Network('149.160.0.0/14'),
 IPv4Network('156.56.0.0/16'),
 IPv4Network('172.16.0.0/12'),
 IPv4Network('192.168.0.0/24'),
 IPv6Network('::/128'),
 IPv4Network('10.0.0.0/16'),
 IPv4Network('10.1.0.0/16'),
 IPv4Network('10.2.0.0/16'),
 IPv4Network('10.3.0.0/16'),
 IPv4Network('10.4.0.0/16'),
 IPv4Network('10.5.0.0/16'),
 IPv4Network('10.6.0.0/16'),
 IPv4Network('10.7.0.0/16'),
 IPv4Network('10.8.0.0/16'),
 IPv4Network('10.9.0.0/16'),
 IPv4Network('10.10.0.0/16'),
 IPv4Network('10.11.0.0/16'),
 IPv4Network('10.12.0.0/16'),
 IPv4Network('10.13.0.0/16'),
 IPv4Network('10.14.0.0/16'),
 IPv4Network('10.15.0.0/16'),
 IPv4Network('10.16.0.0/16'),
 IPv4Network('10.17.0.0/16'),
 IPv4Network('10.18.0.0/16'),
 IPv4Network('10.19.0.0/16'),
 IPv4Network('10.20.0.0/16'),
 IPv4Network('10.21.0.0/16'),
 IPv4Network('10.22.0.0/16'),
 IPv4Network('10.23.0.0/16'),
 IPv4Network('10.24.0.0/16'),
 IPv4Network('10.25.0.0/16'),
 IPv4Network('10.26.0.0/16'),
 IPv4Network('10.27.0.0/16'),
 IPv4Network('10.28.0.0/16'),
 IPv4Network('10.29.0.0/16'),
 IPv4Network('10.30.0.0/16'),
 IPv4Network('10.31.0.0/16'),
 IPv4Network('10.32.0.0/16'),
 IPv4Network('10.33.0.0/16'),
 IPv4Network('10.34.0.0/16'),
 IPv4Network('10.35.0.0/16'),
 IPv4Network('10.36.0.0/16'),
 IPv4Network('10.37.0.0/16'),
 IPv4Network('10.38.0.0/16'),
 IPv4Network('10.39.0.0/16'),
 IPv4Network('10.40.0.0/16'),
 IPv4Network('10.41.0.0/16'),
 IPv4Network('10.42.0.0/16'),
 IPv4Network('10.43.0.0/16'),
 IPv4Network('10.44.0.0/16'),
 IPv4Network('10.45.0.0/16'),
 IPv4Network('10.46.0.0/16'),
 IPv4Network('10.47.0.0/16'),
 IPv4Network('10.48.0.0/16'),
 IPv4Network('10.49.0.0/16'),
 IPv4Network('10.50.0.0/16'),
 IPv4Network('10.51.0.0/16'),
 IPv4Network('10.52.0.0/16'),
 IPv4Network('10.53.0.0/16'),
 IPv4Network('10.54.0.0/16'),
 IPv4Network('10.55.0.0/16'),
 IPv4Network('10.56.0.0/16'),
 IPv4Network('10.57.0.0/16'),
 IPv4Network('10.58.0.0/16'),
 IPv4Network('10.59.0.0/16'),
 IPv4Network('10.60.0.0/16'),
 IPv4Network('10.61.0.0/16'),
 IPv4Network('10.62.0.0/16'),
 IPv4Network('10.63.0.0/16'),
 IPv4Network('10.64.0.0/16'),
 IPv4Network('10.65.0.0/16'),
 IPv4Network('10.66.0.0/16'),
 IPv4Network('10.67.0.0/16'),
 IPv4Network('10.68.0.0/16'),
 IPv4Network('10.69.0.0/16'),
 IPv4Network('10.70.0.0/16'),
 IPv4Network('10.71.0.0/16'),
 IPv4Network('10.72.0.0/16'),
 IPv4Network('10.73.0.0/16'),
 IPv4Network('10.74.0.0/16'),
 IPv4Network('10.75.0.0/16'),
 IPv4Network('10.76.0.0/16'),
 IPv4Network('10.77.0.0/16'),
 IPv4Network('10.78.0.0/16'),
 IPv4Network('10.79.0.0/16'),
 IPv4Network('10.80.0.0/16'),
 IPv4Network('10.81.0.0/16'),
 IPv4Network('10.82.0.0/16'),
 IPv4Network('10.83.0.0/16'),
 IPv4Network('10.84.0.0/16'),
 IPv4Network('10.85.0.0/16'),
 IPv4Network('10.86.0.0/16'),
 IPv4Network('10.87.0.0/16'),
 IPv4Network('10.88.0.0/16'),
 IPv4Network('10.89.0.0/16'),
 IPv4Network('10.90.0.0/16'),
 IPv4Network('10.91.0.0/16'),
 IPv4Network('10.92.0.0/16'),
 IPv4Network('10.93.0.0/16'),
 IPv4Network('10.94.0.0/16'),
 IPv4Network('10.95.0.0/16'),
 IPv4Network('10.96.0.0/16'),
 IPv4Network('10.97.0.0/16'),
 IPv4Network('10.98.0.0/16'),
 IPv4Network('10.99.0.0/16'),
 IPv4Network('10.100.0.0/16'),
 IPv4Network('10.101.0.0/16'),
 IPv4Network('10.102.0.0/16'),
 IPv4Network('10.103.0.0/16'),
 IPv4Network('10.104.0.0/16'),
 IPv4Network('10.105.0.0/16'),
 IPv4Network('10.106.0.0/16'),
 IPv4Network('10.107.0.0/16')]
[IPv4Network('10.0.0.0/8'),
 IPv4Network('129.79.0.0/16'),
 IPv4Network('134.68.0.0/16'),
 IPv4Network('140.182.0.0/16'),
 IPv4Network('149.159.0.0/16'),
 IPv4Network('149.160.0.0/14'),
 IPv4Network('156.56.0.0/16'),
 IPv4Network('172.16.0.0/12'),
 IPv4Network('192.168.0.0/24'),
 IPv6Network('::/128'),
 IPv4Network('10.0.0.0/16'),
 IPv4Network('10.1.0.0/16'),
 IPv4Network('10.2.0.0/16'),
 IPv4Network('10.3.0.0/16'),
 IPv4Network('10.4.0.0/16'),
 IPv4Network('10.5.0.0/16'),
 IPv4Network('10.6.0.0/16'),
 IPv4Network('10.7.0.0/16'),
 IPv4Network('10.8.0.0/16'),
 IPv4Network('10.9.0.0/16'),
 IPv4Network('10.10.0.0/16'),
 IPv4Network('10.11.0.0/16'),
 IPv4Network('10.12.0.0/16'),
 IPv4Network('10.13.0.0/16'),
 IPv4Network('10.14.0.0/16'),
 IPv4Network('10.15.0.0/16'),
 IPv4Network('10.16.0.0/16'),
 IPv4Network('10.17.0.0/16'),
 IPv4Network('10.18.0.0/16'),
 IPv4Network('10.19.0.0/16'),
 IPv4Network('10.20.0.0/16'),
 IPv4Network('10.21.0.0/16'),
 IPv4Network('10.22.0.0/16'),
 IPv4Network('10.23.0.0/16'),
 IPv4Network('10.24.0.0/16'),
 IPv4Network('10.25.0.0/16'),
 IPv4Network('10.26.0.0/16'),
 IPv4Network('10.27.0.0/16'),
 IPv4Network('10.28.0.0/16'),
 IPv4Network('10.29.0.0/16'),
 IPv4Network('10.30.0.0/16'),
 IPv4Network('10.31.0.0/16'),
 IPv4Network('10.32.0.0/16'),
 IPv4Network('10.33.0.0/16'),
 IPv4Network('10.34.0.0/16'),
 IPv4Network('10.35.0.0/16'),
 IPv4Network('10.36.0.0/16'),
 IPv4Network('10.37.0.0/16'),
 IPv4Network('10.38.0.0/16'),
 IPv4Network('10.39.0.0/16'),
 IPv4Network('10.40.0.0/16'),
 IPv4Network('10.41.0.0/16'),
 IPv4Network('10.42.0.0/16'),
 IPv4Network('10.43.0.0/16'),
 IPv4Network('10.44.0.0/16'),
 IPv4Network('10.45.0.0/16'),
 IPv4Network('10.46.0.0/16'),
 IPv4Network('10.47.0.0/16'),
 IPv4Network('10.48.0.0/16'),
 IPv4Network('10.49.0.0/16'),
 IPv4Network('10.50.0.0/16'),
 IPv4Network('10.51.0.0/16'),
 IPv4Network('10.52.0.0/16'),
 IPv4Network('10.53.0.0/16'),
 IPv4Network('10.54.0.0/16'),
 IPv4Network('10.55.0.0/16'),
 IPv4Network('10.56.0.0/16'),
 IPv4Network('10.57.0.0/16'),
 IPv4Network('10.58.0.0/16'),
 IPv4Network('10.59.0.0/16'),
 IPv4Network('10.60.0.0/16'),
 IPv4Network('10.61.0.0/16'),
 IPv4Network('10.62.0.0/16'),
 IPv4Network('10.63.0.0/16'),
 IPv4Network('10.64.0.0/16'),
 IPv4Network('10.65.0.0/16'),
 IPv4Network('10.66.0.0/16'),
 IPv4Network('10.67.0.0/16'),
 IPv4Network('10.68.0.0/16'),
 IPv4Network('10.69.0.0/16'),
 IPv4Network('10.70.0.0/16'),
 IPv4Network('10.71.0.0/16'),
 IPv4Network('10.72.0.0/16'),
 IPv4Network('10.73.0.0/16'),
 IPv4Network('10.74.0.0/16'),
 IPv4Network('10.75.0.0/16'),
 IPv4Network('10.76.0.0/16'),
 IPv4Network('10.77.0.0/16'),
 IPv4Network('10.78.0.0/16'),
 IPv4Network('10.79.0.0/16'),
 IPv4Network('10.80.0.0/16'),
 IPv4Network('10.81.0.0/16'),
 IPv4Network('10.82.0.0/16'),
 IPv4Network('10.83.0.0/16'),
 IPv4Network('10.84.0.0/16'),
 IPv4Network('10.85.0.0/16'),
 IPv4Network('10.86.0.0/16'),
 IPv4Network('10.87.0.0/16'),
 IPv4Network('10.88.0.0/16'),
 IPv4Network('10.89.0.0/16'),
 IPv4Network('10.90.0.0/16'),
 IPv4Network('10.91.0.0/16'),
 IPv4Network('10.92.0.0/16'),
 IPv4Network('10.93.0.0/16'),
 IPv4Network('10.94.0.0/16'),
 IPv4Network('10.95.0.0/16'),
 IPv4Network('10.96.0.0/16'),
 IPv4Network('10.97.0.0/16'),
 IPv4Network('10.98.0.0/16'),
 IPv4Network('10.99.0.0/16'),
 IPv4Network('10.100.0.0/16'),
 IPv4Network('10.101.0.0/16'),
 IPv4Network('10.102.0.0/16'),
 IPv4Network('10.103.0.0/16'),
 IPv4Network('10.104.0.0/16'),
 IPv4Network('10.105.0.0/16'),
 IPv4Network('10.106.0.0/16'),
 IPv4Network('10.107.0.0/16'),
 IPv4Network('10.108.0.0/16'),
 IPv4Network('10.109.0.0/16')]
[IPv4Network('10.0.0.0/8'),
 IPv4Network('129.79.0.0/16'),
 IPv4Network('134.68.0.0/16'),
 IPv4Network('140.182.0.0/16'),
 IPv4Network('149.159.0.0/16'),
 IPv4Network('149.160.0.0/14'),
 IPv4Network('156.56.0.0/16'),
 IPv4Network('172.16.0.0/12'),
 IPv4Network('192.168.0.0/24'),
 IPv6Network('::/128'),
 IPv4Network('10.0.0.0/16'),
 IPv4Network('10.1.0.0/16'),
 IPv4Network('10.2.0.0/16'),
 IPv4Network('10.3.0.0/16'),
 IPv4Network('10.4.0.0/16'),
 IPv4Network('10.5.0.0/16'),
 IPv4Network('10.6.0.0/16'),
 IPv4Network('10.7.0.0/16'),
 IPv4Network('10.8.0.0/16'),
 IPv4Network('10.9.0.0/16'),
 IPv4Network('10.10.0.0/16'),
 IPv4Network('10.11.0.0/16'),
 IPv4Network('10.12.0.0/16'),
 IPv4Network('10.13.0.0/16'),
 IPv4Network('10.14.0.0/16'),
 IPv4Network('10.15.0.0/16'),
 IPv4Network('10.16.0.0/16'),
 IPv4Network('10.17.0.0/16'),
 IPv4Network('10.18.0.0/16'),
 IPv4Network('10.19.0.0/16'),
 IPv4Network('10.20.0.0/16'),
 IPv4Network('10.21.0.0/16'),
 IPv4Network('10.22.0.0/16'),
 IPv4Network('10.23.0.0/16'),
 IPv4Network('10.24.0.0/16'),
 IPv4Network('10.25.0.0/16'),
 IPv4Network('10.26.0.0/16'),
 IPv4Network('10.27.0.0/16'),
 IPv4Network('10.28.0.0/16'),
 IPv4Network('10.29.0.0/16'),
 IPv4Network('10.30.0.0/16'),
 IPv4Network('10.31.0.0/16'),
 IPv4Network('10.32.0.0/16'),
 IPv4Network('10.33.0.0/16'),
 IPv4Network('10.34.0.0/16'),
 IPv4Network('10.35.0.0/16'),
 IPv4Network('10.36.0.0/16'),
 IPv4Network('10.37.0.0/16'),
 IPv4Network('10.38.0.0/16'),
 IPv4Network('10.39.0.0/16'),
 IPv4Network('10.40.0.0/16'),
 IPv4Network('10.41.0.0/16'),
 IPv4Network('10.42.0.0/16'),
 IPv4Network('10.43.0.0/16'),
 IPv4Network('10.44.0.0/16'),
 IPv4Network('10.45.0.0/16'),
 IPv4Network('10.46.0.0/16'),
 IPv4Network('10.47.0.0/16'),
 IPv4Network('10.48.0.0/16'),
 IPv4Network('10.49.0.0/16'),
 IPv4Network('10.50.0.0/16'),
 IPv4Network('10.51.0.0/16'),
 IPv4Network('10.52.0.0/16'),
 IPv4Network('10.53.0.0/16'),
 IPv4Network('10.54.0.0/16'),
 IPv4Network('10.55.0.0/16'),
 IPv4Network('10.56.0.0/16'),
 IPv4Network('10.57.0.0/16'),
 IPv4Network('10.58.0.0/16'),
 IPv4Network('10.59.0.0/16'),
 IPv4Network('10.60.0.0/16'),
 IPv4Network('10.61.0.0/16'),
 IPv4Network('10.62.0.0/16'),
 IPv4Network('10.63.0.0/16'),
 IPv4Network('10.64.0.0/16'),
 IPv4Network('10.65.0.0/16'),
 IPv4Network('10.66.0.0/16'),
 IPv4Network('10.67.0.0/16'),
 IPv4Network('10.68.0.0/16'),
 IPv4Network('10.69.0.0/16'),
 IPv4Network('10.70.0.0/16'),
 IPv4Network('10.71.0.0/16'),
 IPv4Network('10.72.0.0/16'),
 IPv4Network('10.73.0.0/16'),
 IPv4Network('10.74.0.0/16'),
 IPv4Network('10.75.0.0/16'),
 IPv4Network('10.76.0.0/16'),
 IPv4Network('10.77.0.0/16'),
 IPv4Network('10.78.0.0/16'),
 IPv4Network('10.79.0.0/16'),
 IPv4Network('10.80.0.0/16'),
 IPv4Network('10.81.0.0/16'),
 IPv4Network('10.82.0.0/16'),
 IPv4Network('10.83.0.0/16'),
 IPv4Network('10.84.0.0/16'),
 IPv4Network('10.85.0.0/16'),
 IPv4Network('10.86.0.0/16'),
 IPv4Network('10.87.0.0/16'),
 IPv4Network('10.88.0.0/16'),
 IPv4Network('10.89.0.0/16'),
 IPv4Network('10.90.0.0/16'),
 IPv4Network('10.91.0.0/16'),
 IPv4Network('10.92.0.0/16'),
 IPv4Network('10.93.0.0/16'),
 IPv4Network('10.94.0.0/16'),
 IPv4Network('10.95.0.0/16'),
 IPv4Network('10.96.0.0/16'),
 IPv4Network('10.97.0.0/16'),
 IPv4Network('10.98.0.0/16'),
 IPv4Network('10.99.0.0/16'),
 IPv4Network('10.100.0.0/16'),
 IPv4Network('10.101.0.0/16'),
 IPv4Network('10.102.0.0/16'),
 IPv4Network('10.103.0.0/16'),
 IPv4Network('10.104.0.0/16'),
 IPv4Network('10.105.0.0/16'),
 IPv4Network('10.106.0.0/16'),
 IPv4Network('10.107.0.0/16'),
 IPv4Network('10.108.0.0/16'),
 IPv4Network('10.109.0.0/16'),
 IPv4Network('10.110.0.0/16'),
 IPv4Network('10.111.0.0/16')]
[IPv4Network('10.0.0.0/8'),
 IPv4Network('129.79.0.0/16'),
 IPv4Network('134.68.0.0/16'),
 IPv4Network('140.182.0.0/16'),
 IPv4Network('149.159.0.0/16'),
 IPv4Network('149.160.0.0/14'),
 IPv4Network('156.56.0.0/16'),
 IPv4Network('172.16.0.0/12'),
 IPv4Network('192.168.0.0/24'),
 IPv6Network('::/128'),
 IPv4Network('10.0.0.0/16'),
 IPv4Network('10.1.0.0/16'),
 IPv4Network('10.2.0.0/16'),
 IPv4Network('10.3.0.0/16'),
 IPv4Network('10.4.0.0/16'),
 IPv4Network('10.5.0.0/16'),
 IPv4Network('10.6.0.0/16'),
 IPv4Network('10.7.0.0/16'),
 IPv4Network('10.8.0.0/16'),
 IPv4Network('10.9.0.0/16'),
 IPv4Network('10.10.0.0/16'),
 IPv4Network('10.11.0.0/16'),
 IPv4Network('10.12.0.0/16'),
 IPv4Network('10.13.0.0/16'),
 IPv4Network('10.14.0.0/16'),
 IPv4Network('10.15.0.0/16'),
 IPv4Network('10.16.0.0/16'),
 IPv4Network('10.17.0.0/16'),
 IPv4Network('10.18.0.0/16'),
 IPv4Network('10.19.0.0/16'),
 IPv4Network('10.20.0.0/16'),
 IPv4Network('10.21.0.0/16'),
 IPv4Network('10.22.0.0/16'),
 IPv4Network('10.23.0.0/16'),
 IPv4Network('10.24.0.0/16'),
 IPv4Network('10.25.0.0/16'),
 IPv4Network('10.26.0.0/16'),
 IPv4Network('10.27.0.0/16'),
 IPv4Network('10.28.0.0/16'),
 IPv4Network('10.29.0.0/16'),
 IPv4Network('10.30.0.0/16'),
 IPv4Network('10.31.0.0/16'),
 IPv4Network('10.32.0.0/16'),
 IPv4Network('10.33.0.0/16'),
 IPv4Network('10.34.0.0/16'),
 IPv4Network('10.35.0.0/16'),
 IPv4Network('10.36.0.0/16'),
 IPv4Network('10.37.0.0/16'),
 IPv4Network('10.38.0.0/16'),
 IPv4Network('10.39.0.0/16'),
 IPv4Network('10.40.0.0/16'),
 IPv4Network('10.41.0.0/16'),
 IPv4Network('10.42.0.0/16'),
 IPv4Network('10.43.0.0/16'),
 IPv4Network('10.44.0.0/16'),
 IPv4Network('10.45.0.0/16'),
 IPv4Network('10.46.0.0/16'),
 IPv4Network('10.47.0.0/16'),
 IPv4Network('10.48.0.0/16'),
 IPv4Network('10.49.0.0/16'),
 IPv4Network('10.50.0.0/16'),
 IPv4Network('10.51.0.0/16'),
 IPv4Network('10.52.0.0/16'),
 IPv4Network('10.53.0.0/16'),
 IPv4Network('10.54.0.0/16'),
 IPv4Network('10.55.0.0/16'),
 IPv4Network('10.56.0.0/16'),
 IPv4Network('10.57.0.0/16'),
 IPv4Network('10.58.0.0/16'),
 IPv4Network('10.59.0.0/16'),
 IPv4Network('10.60.0.0/16'),
 IPv4Network('10.61.0.0/16'),
 IPv4Network('10.62.0.0/16'),
 IPv4Network('10.63.0.0/16'),
 IPv4Network('10.64.0.0/16'),
 IPv4Network('10.65.0.0/16'),
 IPv4Network('10.66.0.0/16'),
 IPv4Network('10.67.0.0/16'),
 IPv4Network('10.68.0.0/16'),
 IPv4Network('10.69.0.0/16'),
 IPv4Network('10.70.0.0/16'),
 IPv4Network('10.71.0.0/16'),
 IPv4Network('10.72.0.0/16'),
 IPv4Network('10.73.0.0/16'),
 IPv4Network('10.74.0.0/16'),
 IPv4Network('10.75.0.0/16'),
 IPv4Network('10.76.0.0/16'),
 IPv4Network('10.77.0.0/16'),
 IPv4Network('10.78.0.0/16'),
 IPv4Network('10.79.0.0/16'),
 IPv4Network('10.80.0.0/16'),
 IPv4Network('10.81.0.0/16'),
 IPv4Network('10.82.0.0/16'),
 IPv4Network('10.83.0.0/16'),
 IPv4Network('10.84.0.0/16'),
 IPv4Network('10.85.0.0/16'),
 IPv4Network('10.86.0.0/16'),
 IPv4Network('10.87.0.0/16'),
 IPv4Network('10.88.0.0/16'),
 IPv4Network('10.89.0.0/16'),
 IPv4Network('10.90.0.0/16'),
 IPv4Network('10.91.0.0/16'),
 IPv4Network('10.92.0.0/16'),
 IPv4Network('10.93.0.0/16'),
 IPv4Network('10.94.0.0/16'),
 IPv4Network('10.95.0.0/16'),
 IPv4Network('10.96.0.0/16'),
 IPv4Network('10.97.0.0/16'),
 IPv4Network('10.98.0.0/16'),
 IPv4Network('10.99.0.0/16'),
 IPv4Network('10.100.0.0/16'),
 IPv4Network('10.101.0.0/16'),
 IPv4Network('10.102.0.0/16'),
 IPv4Network('10.103.0.0/16'),
 IPv4Network('10.104.0.0/16'),
 IPv4Network('10.105.0.0/16'),
 IPv4Network('10.106.0.0/16'),
 IPv4Network('10.107.0.0/16'),
 IPv4Network('10.108.0.0/16'),
 IPv4Network('10.109.0.0/16'),
 IPv4Network('10.110.0.0/16'),
 IPv4Network('10.111.0.0/16')]
[IPv4Network('10.0.0.0/8'),
 IPv4Network('129.79.0.0/16'),
 IPv4Network('134.68.0.0/16'),
 IPv4Network('140.182.0.0/16'),
 IPv4Network('149.159.0.0/16'),
 IPv4Network('149.160.0.0/14'),
 IPv4Network('156.56.0.0/16'),
 IPv4Network('172.16.0.0/12'),
 IPv4Network('192.168.0.0/24'),
 IPv6Network('::/128'),
 IPv4Network('10.0.0.0/16'),
 IPv4Network('10.1.0.0/16'),
 IPv4Network('10.2.0.0/16'),
 IPv4Network('10.3.0.0/16'),
 IPv4Network('10.4.0.0/16'),
 IPv4Network('10.5.0.0/16'),
 IPv4Network('10.6.0.0/16'),
 IPv4Network('10.7.0.0/16'),
 IPv4Network('10.8.0.0/16'),
 IPv4Network('10.9.0.0/16'),
 IPv4Network('10.10.0.0/16'),
 IPv4Network('10.11.0.0/16'),
 IPv4Network('10.12.0.0/16'),
 IPv4Network('10.13.0.0/16'),
 IPv4Network('10.14.0.0/16'),
 IPv4Network('10.15.0.0/16'),
 IPv4Network('10.16.0.0/16'),
 IPv4Network('10.17.0.0/16'),
 IPv4Network('10.18.0.0/16'),
 IPv4Network('10.19.0.0/16'),
 IPv4Network('10.20.0.0/16'),
 IPv4Network('10.21.0.0/16'),
 IPv4Network('10.22.0.0/16'),
 IPv4Network('10.23.0.0/16'),
 IPv4Network('10.24.0.0/16'),
 IPv4Network('10.25.0.0/16'),
 IPv4Network('10.26.0.0/16'),
 IPv4Network('10.27.0.0/16'),
 IPv4Network('10.28.0.0/16'),
 IPv4Network('10.29.0.0/16'),
 IPv4Network('10.30.0.0/16'),
 IPv4Network('10.31.0.0/16'),
 IPv4Network('10.32.0.0/16'),
 IPv4Network('10.33.0.0/16'),
 IPv4Network('10.34.0.0/16'),
 IPv4Network('10.35.0.0/16'),
 IPv4Network('10.36.0.0/16'),
 IPv4Network('10.37.0.0/16'),
 IPv4Network('10.38.0.0/16'),
 IPv4Network('10.39.0.0/16'),
 IPv4Network('10.40.0.0/16'),
 IPv4Network('10.41.0.0/16'),
 IPv4Network('10.42.0.0/16'),
 IPv4Network('10.43.0.0/16'),
 IPv4Network('10.44.0.0/16'),
 IPv4Network('10.45.0.0/16'),
 IPv4Network('10.46.0.0/16'),
 IPv4Network('10.47.0.0/16'),
 IPv4Network('10.48.0.0/16'),
 IPv4Network('10.49.0.0/16'),
 IPv4Network('10.50.0.0/16'),
 IPv4Network('10.51.0.0/16'),
 IPv4Network('10.52.0.0/16'),
 IPv4Network('10.53.0.0/16'),
 IPv4Network('10.54.0.0/16'),
 IPv4Network('10.55.0.0/16'),
 IPv4Network('10.56.0.0/16'),
 IPv4Network('10.57.0.0/16'),
 IPv4Network('10.58.0.0/16'),
 IPv4Network('10.59.0.0/16'),
 IPv4Network('10.60.0.0/16'),
 IPv4Network('10.61.0.0/16'),
 IPv4Network('10.62.0.0/16'),
 IPv4Network('10.63.0.0/16'),
 IPv4Network('10.64.0.0/16'),
 IPv4Network('10.65.0.0/16'),
 IPv4Network('10.66.0.0/16'),
 IPv4Network('10.67.0.0/16'),
 IPv4Network('10.68.0.0/16'),
 IPv4Network('10.69.0.0/16'),
 IPv4Network('10.70.0.0/16'),
 IPv4Network('10.71.0.0/16'),
 IPv4Network('10.72.0.0/16'),
 IPv4Network('10.73.0.0/16'),
 IPv4Network('10.74.0.0/16'),
 IPv4Network('10.75.0.0/16'),
 IPv4Network('10.76.0.0/16'),
 IPv4Network('10.77.0.0/16'),
 IPv4Network('10.78.0.0/16'),
 IPv4Network('10.79.0.0/16'),
 IPv4Network('10.80.0.0/16'),
 IPv4Network('10.81.0.0/16'),
 IPv4Network('10.82.0.0/16'),
 IPv4Network('10.83.0.0/16'),
 IPv4Network('10.84.0.0/16'),
 IPv4Network('10.85.0.0/16'),
 IPv4Network('10.86.0.0/16'),
 IPv4Network('10.87.0.0/16'),
 IPv4Network('10.88.0.0/16'),
 IPv4Network('10.89.0.0/16'),
 IPv4Network('10.90.0.0/16'),
 IPv4Network('10.91.0.0/16'),
 IPv4Network('10.92.0.0/16'),
 IPv4Network('10.93.0.0/16'),
 IPv4Network('10.94.0.0/16'),
 IPv4Network('10.95.0.0/16'),
 IPv4Network('10.96.0.0/16'),
 IPv4Network('10.97.0.0/16'),
 IPv4Network('10.98.0.0/16'),
 IPv4Network('10.99.0.0/16'),
 IPv4Network('10.100.0.0/16'),
 IPv4Network('10.101.0.0/16'),
 IPv4Network('10.102.0.0/16'),
 IPv4Network('10.103.0.0/16'),
 IPv4Network('10.104.0.0/16'),
 IPv4Network('10.105.0.0/16'),
 IPv4Network('10.106.0.0/16'),
 IPv4Network('10.107.0.0/16'),
 IPv4Network('10.108.0.0/16'),
 IPv4Network('10.109.0.0/16'),
 IPv4Network('10.110.0.0/16'),
 IPv4Network('10.111.0.0/16')]
[IPv4Network('10.0.0.0/8'),
 IPv4Network('129.79.0.0/16'),
 IPv4Network('134.68.0.0/16'),
 IPv4Network('140.182.0.0/16'),
 IPv4Network('149.159.0.0/16'),
 IPv4Network('149.160.0.0/14'),
 IPv4Network('156.56.0.0/16'),
 IPv4Network('172.16.0.0/12'),
 IPv4Network('192.168.0.0/24'),
 IPv6Network('::/128'),
 IPv4Network('10.0.0.0/16'),
 IPv4Network('10.1.0.0/16'),
 IPv4Network('10.2.0.0/16'),
 IPv4Network('10.3.0.0/16'),
 IPv4Network('10.4.0.0/16'),
 IPv4Network('10.5.0.0/16'),
 IPv4Network('10.6.0.0/16'),
 IPv4Network('10.7.0.0/16'),
 IPv4Network('10.8.0.0/16'),
 IPv4Network('10.9.0.0/16'),
 IPv4Network('10.10.0.0/16'),
 IPv4Network('10.11.0.0/16'),
 IPv4Network('10.12.0.0/16'),
 IPv4Network('10.13.0.0/16'),
 IPv4Network('10.14.0.0/16'),
 IPv4Network('10.15.0.0/16'),
 IPv4Network('10.16.0.0/16'),
 IPv4Network('10.17.0.0/16'),
 IPv4Network('10.18.0.0/16'),
 IPv4Network('10.19.0.0/16'),
 IPv4Network('10.20.0.0/16'),
 IPv4Network('10.21.0.0/16'),
 IPv4Network('10.22.0.0/16'),
 IPv4Network('10.23.0.0/16'),
 IPv4Network('10.24.0.0/16'),
 IPv4Network('10.25.0.0/16'),
 IPv4Network('10.26.0.0/16'),
 IPv4Network('10.27.0.0/16'),
 IPv4Network('10.28.0.0/16'),
 IPv4Network('10.29.0.0/16'),
 IPv4Network('10.30.0.0/16'),
 IPv4Network('10.31.0.0/16'),
 IPv4Network('10.32.0.0/16'),
 IPv4Network('10.33.0.0/16'),
 IPv4Network('10.34.0.0/16'),
 IPv4Network('10.35.0.0/16'),
 IPv4Network('10.36.0.0/16'),
 IPv4Network('10.37.0.0/16'),
 IPv4Network('10.38.0.0/16'),
 IPv4Network('10.39.0.0/16'),
 IPv4Network('10.40.0.0/16'),
 IPv4Network('10.41.0.0/16'),
 IPv4Network('10.42.0.0/16'),
 IPv4Network('10.43.0.0/16'),
 IPv4Network('10.44.0.0/16'),
 IPv4Network('10.45.0.0/16'),
 IPv4Network('10.46.0.0/16'),
 IPv4Network('10.47.0.0/16'),
 IPv4Network('10.48.0.0/16'),
 IPv4Network('10.49.0.0/16'),
 IPv4Network('10.50.0.0/16'),
 IPv4Network('10.51.0.0/16'),
 IPv4Network('10.52.0.0/16'),
 IPv4Network('10.53.0.0/16'),
 IPv4Network('10.54.0.0/16'),
 IPv4Network('10.55.0.0/16'),
 IPv4Network('10.56.0.0/16'),
 IPv4Network('10.57.0.0/16'),
 IPv4Network('10.58.0.0/16'),
 IPv4Network('10.59.0.0/16'),
 IPv4Network('10.60.0.0/16'),
 IPv4Network('10.61.0.0/16'),
 IPv4Network('10.62.0.0/16'),
 IPv4Network('10.63.0.0/16'),
 IPv4Network('10.64.0.0/16'),
 IPv4Network('10.65.0.0/16'),
 IPv4Network('10.66.0.0/16'),
 IPv4Network('10.67.0.0/16'),
 IPv4Network('10.68.0.0/16'),
 IPv4Network('10.69.0.0/16'),
 IPv4Network('10.70.0.0/16'),
 IPv4Network('10.71.0.0/16'),
 IPv4Network('10.72.0.0/16'),
 IPv4Network('10.73.0.0/16'),
 IPv4Network('10.74.0.0/16'),
 IPv4Network('10.75.0.0/16'),
 IPv4Network('10.76.0.0/16'),
 IPv4Network('10.77.0.0/16'),
 IPv4Network('10.78.0.0/16'),
 IPv4Network('10.79.0.0/16'),
 IPv4Network('10.80.0.0/16'),
 IPv4Network('10.81.0.0/16'),
 IPv4Network('10.82.0.0/16'),
 IPv4Network('10.83.0.0/16'),
 IPv4Network('10.84.0.0/16'),
 IPv4Network('10.85.0.0/16'),
 IPv4Network('10.86.0.0/16'),
 IPv4Network('10.87.0.0/16'),
 IPv4Network('10.88.0.0/16'),
 IPv4Network('10.89.0.0/16'),
 IPv4Network('10.90.0.0/16'),
 IPv4Network('10.91.0.0/16'),
 IPv4Network('10.92.0.0/16'),
 IPv4Network('10.93.0.0/16'),
 IPv4Network('10.94.0.0/16'),
 IPv4Network('10.95.0.0/16'),
 IPv4Network('10.96.0.0/16'),
 IPv4Network('10.97.0.0/16'),
 IPv4Network('10.98.0.0/16'),
 IPv4Network('10.99.0.0/16'),
 IPv4Network('10.100.0.0/16'),
 IPv4Network('10.101.0.0/16'),
 IPv4Network('10.102.0.0/16'),
 IPv4Network('10.103.0.0/16'),
 IPv4Network('10.104.0.0/16'),
 IPv4Network('10.105.0.0/16'),
 IPv4Network('10.106.0.0/16'),
 IPv4Network('10.107.0.0/16'),
 IPv4Network('10.108.0.0/16'),
 IPv4Network('10.109.0.0/16'),
 IPv4Network('10.110.0.0/16'),
 IPv4Network('10.111.0.0/16')]
[IPv4Network('10.0.0.0/8'),
 IPv4Network('129.79.0.0/16'),
 IPv4Network('134.68.0.0/16'),
 IPv4Network('140.182.0.0/16'),
 IPv4Network('149.159.0.0/16'),
 IPv4Network('149.160.0.0/14'),
 IPv4Network('156.56.0.0/16'),
 IPv4Network('172.16.0.0/12'),
 IPv4Network('192.168.0.0/24'),
 IPv6Network('::/128'),
 IPv4Network('10.0.0.0/16'),
 IPv4Network('10.1.0.0/16'),
 IPv4Network('10.2.0.0/16'),
 IPv4Network('10.3.0.0/16'),
 IPv4Network('10.4.0.0/16'),
 IPv4Network('10.5.0.0/16'),
 IPv4Network('10.6.0.0/16'),
 IPv4Network('10.7.0.0/16'),
 IPv4Network('10.8.0.0/16'),
 IPv4Network('10.9.0.0/16'),
 IPv4Network('10.10.0.0/16'),
 IPv4Network('10.11.0.0/16'),
 IPv4Network('10.12.0.0/16'),
 IPv4Network('10.13.0.0/16'),
 IPv4Network('10.14.0.0/16'),
 IPv4Network('10.15.0.0/16'),
 IPv4Network('10.16.0.0/16'),
 IPv4Network('10.17.0.0/16'),
 IPv4Network('10.18.0.0/16'),
 IPv4Network('10.19.0.0/16'),
 IPv4Network('10.20.0.0/16'),
 IPv4Network('10.21.0.0/16'),
 IPv4Network('10.22.0.0/16'),
 IPv4Network('10.23.0.0/16'),
 IPv4Network('10.24.0.0/16'),
 IPv4Network('10.25.0.0/16'),
 IPv4Network('10.26.0.0/16'),
 IPv4Network('10.27.0.0/16'),
 IPv4Network('10.28.0.0/16'),
 IPv4Network('10.29.0.0/16'),
 IPv4Network('10.30.0.0/16'),
 IPv4Network('10.31.0.0/16'),
 IPv4Network('10.32.0.0/16'),
 IPv4Network('10.33.0.0/16'),
 IPv4Network('10.34.0.0/16'),
 IPv4Network('10.35.0.0/16'),
 IPv4Network('10.36.0.0/16'),
 IPv4Network('10.37.0.0/16'),
 IPv4Network('10.38.0.0/16'),
 IPv4Network('10.39.0.0/16'),
 IPv4Network('10.40.0.0/16'),
 IPv4Network('10.41.0.0/16'),
 IPv4Network('10.42.0.0/16'),
 IPv4Network('10.43.0.0/16'),
 IPv4Network('10.44.0.0/16'),
 IPv4Network('10.45.0.0/16'),
 IPv4Network('10.46.0.0/16'),
 IPv4Network('10.47.0.0/16'),
 IPv4Network('10.48.0.0/16'),
 IPv4Network('10.49.0.0/16'),
 IPv4Network('10.50.0.0/16'),
 IPv4Network('10.51.0.0/16'),
 IPv4Network('10.52.0.0/16'),
 IPv4Network('10.53.0.0/16'),
 IPv4Network('10.54.0.0/16'),
 IPv4Network('10.55.0.0/16'),
 IPv4Network('10.56.0.0/16'),
 IPv4Network('10.57.0.0/16'),
 IPv4Network('10.58.0.0/16'),
 IPv4Network('10.59.0.0/16'),
 IPv4Network('10.60.0.0/16'),
 IPv4Network('10.61.0.0/16'),
 IPv4Network('10.62.0.0/16'),
 IPv4Network('10.63.0.0/16'),
 IPv4Network('10.64.0.0/16'),
 IPv4Network('10.65.0.0/16'),
 IPv4Network('10.66.0.0/16'),
 IPv4Network('10.67.0.0/16'),
 IPv4Network('10.68.0.0/16'),
 IPv4Network('10.69.0.0/16'),
 IPv4Network('10.70.0.0/16'),
 IPv4Network('10.71.0.0/16'),
 IPv4Network('10.72.0.0/16'),
 IPv4Network('10.73.0.0/16'),
 IPv4Network('10.74.0.0/16'),
 IPv4Network('10.75.0.0/16'),
 IPv4Network('10.76.0.0/16'),
 IPv4Network('10.77.0.0/16'),
 IPv4Network('10.78.0.0/16'),
 IPv4Network('10.79.0.0/16'),
 IPv4Network('10.80.0.0/16'),
 IPv4Network('10.81.0.0/16'),
 IPv4Network('10.82.0.0/16'),
 IPv4Network('10.83.0.0/16'),
 IPv4Network('10.84.0.0/16'),
 IPv4Network('10.85.0.0/16'),
 IPv4Network('10.86.0.0/16'),
 IPv4Network('10.87.0.0/16'),
 IPv4Network('10.88.0.0/16'),
 IPv4Network('10.89.0.0/16'),
 IPv4Network('10.90.0.0/16'),
 IPv4Network('10.91.0.0/16'),
 IPv4Network('10.92.0.0/16'),
 IPv4Network('10.93.0.0/16'),
 IPv4Network('10.94.0.0/16'),
 IPv4Network('10.95.0.0/16'),
 IPv4Network('10.96.0.0/16'),
 IPv4Network('10.97.0.0/16'),
 IPv4Network('10.98.0.0/16'),
 IPv4Network('10.99.0.0/16'),
 IPv4Network('10.100.0.0/16'),
 IPv4Network('10.101.0.0/16'),
 IPv4Network('10.102.0.0/16'),
 IPv4Network('10.103.0.0/16'),
 IPv4Network('10.104.0.0/16'),
 IPv4Network('10.105.0.0/16'),
 IPv4Network('10.106.0.0/16'),
 IPv4Network('10.107.0.0/16'),
 IPv4Network('10.108.0.0/16'),
 IPv4Network('10.109.0.0/16'),
 IPv4Network('10.110.0.0/16'),
 IPv4Network('10.111.0.0/16'),
 IPv4Network('10.112.0.0/16'),
 IPv4Network('10.113.0.0/16')]
[IPv4Network('10.0.0.0/8'),
 IPv4Network('129.79.0.0/16'),
 IPv4Network('134.68.0.0/16'),
 IPv4Network('140.182.0.0/16'),
 IPv4Network('149.159.0.0/16'),
 IPv4Network('149.160.0.0/14'),
 IPv4Network('156.56.0.0/16'),
 IPv4Network('172.16.0.0/12'),
 IPv4Network('192.168.0.0/24'),
 IPv6Network('::/128'),
 IPv4Network('10.0.0.0/16'),
 IPv4Network('10.1.0.0/16'),
 IPv4Network('10.2.0.0/16'),
 IPv4Network('10.3.0.0/16'),
 IPv4Network('10.4.0.0/16'),
 IPv4Network('10.5.0.0/16'),
 IPv4Network('10.6.0.0/16'),
 IPv4Network('10.7.0.0/16'),
 IPv4Network('10.8.0.0/16'),
 IPv4Network('10.9.0.0/16'),
 IPv4Network('10.10.0.0/16'),
 IPv4Network('10.11.0.0/16'),
 IPv4Network('10.12.0.0/16'),
 IPv4Network('10.13.0.0/16'),
 IPv4Network('10.14.0.0/16'),
 IPv4Network('10.15.0.0/16'),
 IPv4Network('10.16.0.0/16'),
 IPv4Network('10.17.0.0/16'),
 IPv4Network('10.18.0.0/16'),
 IPv4Network('10.19.0.0/16'),
 IPv4Network('10.20.0.0/16'),
 IPv4Network('10.21.0.0/16'),
 IPv4Network('10.22.0.0/16'),
 IPv4Network('10.23.0.0/16'),
 IPv4Network('10.24.0.0/16'),
 IPv4Network('10.25.0.0/16'),
 IPv4Network('10.26.0.0/16'),
 IPv4Network('10.27.0.0/16'),
 IPv4Network('10.28.0.0/16'),
 IPv4Network('10.29.0.0/16'),
 IPv4Network('10.30.0.0/16'),
 IPv4Network('10.31.0.0/16'),
 IPv4Network('10.32.0.0/16'),
 IPv4Network('10.33.0.0/16'),
 IPv4Network('10.34.0.0/16'),
 IPv4Network('10.35.0.0/16'),
 IPv4Network('10.36.0.0/16'),
 IPv4Network('10.37.0.0/16'),
 IPv4Network('10.38.0.0/16'),
 IPv4Network('10.39.0.0/16'),
 IPv4Network('10.40.0.0/16'),
 IPv4Network('10.41.0.0/16'),
 IPv4Network('10.42.0.0/16'),
 IPv4Network('10.43.0.0/16'),
 IPv4Network('10.44.0.0/16'),
 IPv4Network('10.45.0.0/16'),
 IPv4Network('10.46.0.0/16'),
 IPv4Network('10.47.0.0/16'),
 IPv4Network('10.48.0.0/16'),
 IPv4Network('10.49.0.0/16'),
 IPv4Network('10.50.0.0/16'),
 IPv4Network('10.51.0.0/16'),
 IPv4Network('10.52.0.0/16'),
 IPv4Network('10.53.0.0/16'),
 IPv4Network('10.54.0.0/16'),
 IPv4Network('10.55.0.0/16'),
 IPv4Network('10.56.0.0/16'),
 IPv4Network('10.57.0.0/16'),
 IPv4Network('10.58.0.0/16'),
 IPv4Network('10.59.0.0/16'),
 IPv4Network('10.60.0.0/16'),
 IPv4Network('10.61.0.0/16'),
 IPv4Network('10.62.0.0/16'),
 IPv4Network('10.63.0.0/16'),
 IPv4Network('10.64.0.0/16'),
 IPv4Network('10.65.0.0/16'),
 IPv4Network('10.66.0.0/16'),
 IPv4Network('10.67.0.0/16'),
 IPv4Network('10.68.0.0/16'),
 IPv4Network('10.69.0.0/16'),
 IPv4Network('10.70.0.0/16'),
 IPv4Network('10.71.0.0/16'),
 IPv4Network('10.72.0.0/16'),
 IPv4Network('10.73.0.0/16'),
 IPv4Network('10.74.0.0/16'),
 IPv4Network('10.75.0.0/16'),
 IPv4Network('10.76.0.0/16'),
 IPv4Network('10.77.0.0/16'),
 IPv4Network('10.78.0.0/16'),
 IPv4Network('10.79.0.0/16'),
 IPv4Network('10.80.0.0/16'),
 IPv4Network('10.81.0.0/16'),
 IPv4Network('10.82.0.0/16'),
 IPv4Network('10.83.0.0/16'),
 IPv4Network('10.84.0.0/16'),
 IPv4Network('10.85.0.0/16'),
 IPv4Network('10.86.0.0/16'),
 IPv4Network('10.87.0.0/16'),
 IPv4Network('10.88.0.0/16'),
 IPv4Network('10.89.0.0/16'),
 IPv4Network('10.90.0.0/16'),
 IPv4Network('10.91.0.0/16'),
 IPv4Network('10.92.0.0/16'),
 IPv4Network('10.93.0.0/16'),
 IPv4Network('10.94.0.0/16'),
 IPv4Network('10.95.0.0/16'),
 IPv4Network('10.96.0.0/16'),
 IPv4Network('10.97.0.0/16'),
 IPv4Network('10.98.0.0/16'),
 IPv4Network('10.99.0.0/16'),
 IPv4Network('10.100.0.0/16'),
 IPv4Network('10.101.0.0/16'),
 IPv4Network('10.102.0.0/16'),
 IPv4Network('10.103.0.0/16'),
 IPv4Network('10.104.0.0/16'),
 IPv4Network('10.105.0.0/16'),
 IPv4Network('10.106.0.0/16'),
 IPv4Network('10.107.0.0/16'),
 IPv4Network('10.108.0.0/16'),
 IPv4Network('10.109.0.0/16'),
 IPv4Network('10.110.0.0/16'),
 IPv4Network('10.111.0.0/16'),
 IPv4Network('10.112.0.0/16'),
 IPv4Network('10.113.0.0/16'),
 IPv4Network('10.114.0.0/16'),
 IPv4Network('10.115.0.0/16')]
[IPv4Network('10.0.0.0/8'),
 IPv4Network('129.79.0.0/16'),
 IPv4Network('134.68.0.0/16'),
 IPv4Network('140.182.0.0/16'),
 IPv4Network('149.159.0.0/16'),
 IPv4Network('149.160.0.0/14'),
 IPv4Network('156.56.0.0/16'),
 IPv4Network('172.16.0.0/12'),
 IPv4Network('192.168.0.0/24'),
 IPv6Network('::/128'),
 IPv4Network('10.0.0.0/16'),
 IPv4Network('10.1.0.0/16'),
 IPv4Network('10.2.0.0/16'),
 IPv4Network('10.3.0.0/16'),
 IPv4Network('10.4.0.0/16'),
 IPv4Network('10.5.0.0/16'),
 IPv4Network('10.6.0.0/16'),
 IPv4Network('10.7.0.0/16'),
 IPv4Network('10.8.0.0/16'),
 IPv4Network('10.9.0.0/16'),
 IPv4Network('10.10.0.0/16'),
 IPv4Network('10.11.0.0/16'),
 IPv4Network('10.12.0.0/16'),
 IPv4Network('10.13.0.0/16'),
 IPv4Network('10.14.0.0/16'),
 IPv4Network('10.15.0.0/16'),
 IPv4Network('10.16.0.0/16'),
 IPv4Network('10.17.0.0/16'),
 IPv4Network('10.18.0.0/16'),
 IPv4Network('10.19.0.0/16'),
 IPv4Network('10.20.0.0/16'),
 IPv4Network('10.21.0.0/16'),
 IPv4Network('10.22.0.0/16'),
 IPv4Network('10.23.0.0/16'),
 IPv4Network('10.24.0.0/16'),
 IPv4Network('10.25.0.0/16'),
 IPv4Network('10.26.0.0/16'),
 IPv4Network('10.27.0.0/16'),
 IPv4Network('10.28.0.0/16'),
 IPv4Network('10.29.0.0/16'),
 IPv4Network('10.30.0.0/16'),
 IPv4Network('10.31.0.0/16'),
 IPv4Network('10.32.0.0/16'),
 IPv4Network('10.33.0.0/16'),
 IPv4Network('10.34.0.0/16'),
 IPv4Network('10.35.0.0/16'),
 IPv4Network('10.36.0.0/16'),
 IPv4Network('10.37.0.0/16'),
 IPv4Network('10.38.0.0/16'),
 IPv4Network('10.39.0.0/16'),
 IPv4Network('10.40.0.0/16'),
 IPv4Network('10.41.0.0/16'),
 IPv4Network('10.42.0.0/16'),
 IPv4Network('10.43.0.0/16'),
 IPv4Network('10.44.0.0/16'),
 IPv4Network('10.45.0.0/16'),
 IPv4Network('10.46.0.0/16'),
 IPv4Network('10.47.0.0/16'),
 IPv4Network('10.48.0.0/16'),
 IPv4Network('10.49.0.0/16'),
 IPv4Network('10.50.0.0/16'),
 IPv4Network('10.51.0.0/16'),
 IPv4Network('10.52.0.0/16'),
 IPv4Network('10.53.0.0/16'),
 IPv4Network('10.54.0.0/16'),
 IPv4Network('10.55.0.0/16'),
 IPv4Network('10.56.0.0/16'),
 IPv4Network('10.57.0.0/16'),
 IPv4Network('10.58.0.0/16'),
 IPv4Network('10.59.0.0/16'),
 IPv4Network('10.60.0.0/16'),
 IPv4Network('10.61.0.0/16'),
 IPv4Network('10.62.0.0/16'),
 IPv4Network('10.63.0.0/16'),
 IPv4Network('10.64.0.0/16'),
 IPv4Network('10.65.0.0/16'),
 IPv4Network('10.66.0.0/16'),
 IPv4Network('10.67.0.0/16'),
 IPv4Network('10.68.0.0/16'),
 IPv4Network('10.69.0.0/16'),
 IPv4Network('10.70.0.0/16'),
 IPv4Network('10.71.0.0/16'),
 IPv4Network('10.72.0.0/16'),
 IPv4Network('10.73.0.0/16'),
 IPv4Network('10.74.0.0/16'),
 IPv4Network('10.75.0.0/16'),
 IPv4Network('10.76.0.0/16'),
 IPv4Network('10.77.0.0/16'),
 IPv4Network('10.78.0.0/16'),
 IPv4Network('10.79.0.0/16'),
 IPv4Network('10.80.0.0/16'),
 IPv4Network('10.81.0.0/16'),
 IPv4Network('10.82.0.0/16'),
 IPv4Network('10.83.0.0/16'),
 IPv4Network('10.84.0.0/16'),
 IPv4Network('10.85.0.0/16'),
 IPv4Network('10.86.0.0/16'),
 IPv4Network('10.87.0.0/16'),
 IPv4Network('10.88.0.0/16'),
 IPv4Network('10.89.0.0/16'),
 IPv4Network('10.90.0.0/16'),
 IPv4Network('10.91.0.0/16'),
 IPv4Network('10.92.0.0/16'),
 IPv4Network('10.93.0.0/16'),
 IPv4Network('10.94.0.0/16'),
 IPv4Network('10.95.0.0/16'),
 IPv4Network('10.96.0.0/16'),
 IPv4Network('10.97.0.0/16'),
 IPv4Network('10.98.0.0/16'),
 IPv4Network('10.99.0.0/16'),
 IPv4Network('10.100.0.0/16'),
 IPv4Network('10.101.0.0/16'),
 IPv4Network('10.102.0.0/16'),
 IPv4Network('10.103.0.0/16'),
 IPv4Network('10.104.0.0/16'),
 IPv4Network('10.105.0.0/16'),
 IPv4Network('10.106.0.0/16'),
 IPv4Network('10.107.0.0/16'),
 IPv4Network('10.108.0.0/16'),
 IPv4Network('10.109.0.0/16'),
 IPv4Network('10.110.0.0/16'),
 IPv4Network('10.111.0.0/16'),
 IPv4Network('10.112.0.0/16'),
 IPv4Network('10.113.0.0/16'),
 IPv4Network('10.114.0.0/16'),
 IPv4Network('10.115.0.0/16')]
[IPv4Network('10.0.0.0/8'),
 IPv4Network('129.79.0.0/16'),
 IPv4Network('134.68.0.0/16'),
 IPv4Network('140.182.0.0/16'),
 IPv4Network('149.159.0.0/16'),
 IPv4Network('149.160.0.0/14'),
 IPv4Network('156.56.0.0/16'),
 IPv4Network('172.16.0.0/12'),
 IPv4Network('192.168.0.0/24'),
 IPv6Network('::/128'),
 IPv4Network('10.0.0.0/16'),
 IPv4Network('10.1.0.0/16'),
 IPv4Network('10.2.0.0/16'),
 IPv4Network('10.3.0.0/16'),
 IPv4Network('10.4.0.0/16'),
 IPv4Network('10.5.0.0/16'),
 IPv4Network('10.6.0.0/16'),
 IPv4Network('10.7.0.0/16'),
 IPv4Network('10.8.0.0/16'),
 IPv4Network('10.9.0.0/16'),
 IPv4Network('10.10.0.0/16'),
 IPv4Network('10.11.0.0/16'),
 IPv4Network('10.12.0.0/16'),
 IPv4Network('10.13.0.0/16'),
 IPv4Network('10.14.0.0/16'),
 IPv4Network('10.15.0.0/16'),
 IPv4Network('10.16.0.0/16'),
 IPv4Network('10.17.0.0/16'),
 IPv4Network('10.18.0.0/16'),
 IPv4Network('10.19.0.0/16'),
 IPv4Network('10.20.0.0/16'),
 IPv4Network('10.21.0.0/16'),
 IPv4Network('10.22.0.0/16'),
 IPv4Network('10.23.0.0/16'),
 IPv4Network('10.24.0.0/16'),
 IPv4Network('10.25.0.0/16'),
 IPv4Network('10.26.0.0/16'),
 IPv4Network('10.27.0.0/16'),
 IPv4Network('10.28.0.0/16'),
 IPv4Network('10.29.0.0/16'),
 IPv4Network('10.30.0.0/16'),
 IPv4Network('10.31.0.0/16'),
 IPv4Network('10.32.0.0/16'),
 IPv4Network('10.33.0.0/16'),
 IPv4Network('10.34.0.0/16'),
 IPv4Network('10.35.0.0/16'),
 IPv4Network('10.36.0.0/16'),
 IPv4Network('10.37.0.0/16'),
 IPv4Network('10.38.0.0/16'),
 IPv4Network('10.39.0.0/16'),
 IPv4Network('10.40.0.0/16'),
 IPv4Network('10.41.0.0/16'),
 IPv4Network('10.42.0.0/16'),
 IPv4Network('10.43.0.0/16'),
 IPv4Network('10.44.0.0/16'),
 IPv4Network('10.45.0.0/16'),
 IPv4Network('10.46.0.0/16'),
 IPv4Network('10.47.0.0/16'),
 IPv4Network('10.48.0.0/16'),
 IPv4Network('10.49.0.0/16'),
 IPv4Network('10.50.0.0/16'),
 IPv4Network('10.51.0.0/16'),
 IPv4Network('10.52.0.0/16'),
 IPv4Network('10.53.0.0/16'),
 IPv4Network('10.54.0.0/16'),
 IPv4Network('10.55.0.0/16'),
 IPv4Network('10.56.0.0/16'),
 IPv4Network('10.57.0.0/16'),
 IPv4Network('10.58.0.0/16'),
 IPv4Network('10.59.0.0/16'),
 IPv4Network('10.60.0.0/16'),
 IPv4Network('10.61.0.0/16'),
 IPv4Network('10.62.0.0/16'),
 IPv4Network('10.63.0.0/16'),
 IPv4Network('10.64.0.0/16'),
 IPv4Network('10.65.0.0/16'),
 IPv4Network('10.66.0.0/16'),
 IPv4Network('10.67.0.0/16'),
 IPv4Network('10.68.0.0/16'),
 IPv4Network('10.69.0.0/16'),
 IPv4Network('10.70.0.0/16'),
 IPv4Network('10.71.0.0/16'),
 IPv4Network('10.72.0.0/16'),
 IPv4Network('10.73.0.0/16'),
 IPv4Network('10.74.0.0/16'),
 IPv4Network('10.75.0.0/16'),
 IPv4Network('10.76.0.0/16'),
 IPv4Network('10.77.0.0/16'),
 IPv4Network('10.78.0.0/16'),
 IPv4Network('10.79.0.0/16'),
 IPv4Network('10.80.0.0/16'),
 IPv4Network('10.81.0.0/16'),
 IPv4Network('10.82.0.0/16'),
 IPv4Network('10.83.0.0/16'),
 IPv4Network('10.84.0.0/16'),
 IPv4Network('10.85.0.0/16'),
 IPv4Network('10.86.0.0/16'),
 IPv4Network('10.87.0.0/16'),
 IPv4Network('10.88.0.0/16'),
 IPv4Network('10.89.0.0/16'),
 IPv4Network('10.90.0.0/16'),
 IPv4Network('10.91.0.0/16'),
 IPv4Network('10.92.0.0/16'),
 IPv4Network('10.93.0.0/16'),
 IPv4Network('10.94.0.0/16'),
 IPv4Network('10.95.0.0/16'),
 IPv4Network('10.96.0.0/16'),
 IPv4Network('10.97.0.0/16'),
 IPv4Network('10.98.0.0/16'),
 IPv4Network('10.99.0.0/16'),
 IPv4Network('10.100.0.0/16'),
 IPv4Network('10.101.0.0/16'),
 IPv4Network('10.102.0.0/16'),
 IPv4Network('10.103.0.0/16'),
 IPv4Network('10.104.0.0/16'),
 IPv4Network('10.105.0.0/16'),
 IPv4Network('10.106.0.0/16'),
 IPv4Network('10.107.0.0/16'),
 IPv4Network('10.108.0.0/16'),
 IPv4Network('10.109.0.0/16'),
 IPv4Network('10.110.0.0/16'),
 IPv4Network('10.111.0.0/16'),
 IPv4Network('10.112.0.0/16'),
 IPv4Network('10.113.0.0/16'),
 IPv4Network('10.114.0.0/16'),
 IPv4Network('10.115.0.0/16'),
 IPv4Network('10.116.0.0/16'),
 IPv4Network('10.117.0.0/16')]
[IPv4Network('10.0.0.0/8'),
 IPv4Network('129.79.0.0/16'),
 IPv4Network('134.68.0.0/16'),
 IPv4Network('140.182.0.0/16'),
 IPv4Network('149.159.0.0/16'),
 IPv4Network('149.160.0.0/14'),
 IPv4Network('156.56.0.0/16'),
 IPv4Network('172.16.0.0/12'),
 IPv4Network('192.168.0.0/24'),
 IPv6Network('::/128'),
 IPv4Network('10.0.0.0/16'),
 IPv4Network('10.1.0.0/16'),
 IPv4Network('10.2.0.0/16'),
 IPv4Network('10.3.0.0/16'),
 IPv4Network('10.4.0.0/16'),
 IPv4Network('10.5.0.0/16'),
 IPv4Network('10.6.0.0/16'),
 IPv4Network('10.7.0.0/16'),
 IPv4Network('10.8.0.0/16'),
 IPv4Network('10.9.0.0/16'),
 IPv4Network('10.10.0.0/16'),
 IPv4Network('10.11.0.0/16'),
 IPv4Network('10.12.0.0/16'),
 IPv4Network('10.13.0.0/16'),
 IPv4Network('10.14.0.0/16'),
 IPv4Network('10.15.0.0/16'),
 IPv4Network('10.16.0.0/16'),
 IPv4Network('10.17.0.0/16'),
 IPv4Network('10.18.0.0/16'),
 IPv4Network('10.19.0.0/16'),
 IPv4Network('10.20.0.0/16'),
 IPv4Network('10.21.0.0/16'),
 IPv4Network('10.22.0.0/16'),
 IPv4Network('10.23.0.0/16'),
 IPv4Network('10.24.0.0/16'),
 IPv4Network('10.25.0.0/16'),
 IPv4Network('10.26.0.0/16'),
 IPv4Network('10.27.0.0/16'),
 IPv4Network('10.28.0.0/16'),
 IPv4Network('10.29.0.0/16'),
 IPv4Network('10.30.0.0/16'),
 IPv4Network('10.31.0.0/16'),
 IPv4Network('10.32.0.0/16'),
 IPv4Network('10.33.0.0/16'),
 IPv4Network('10.34.0.0/16'),
 IPv4Network('10.35.0.0/16'),
 IPv4Network('10.36.0.0/16'),
 IPv4Network('10.37.0.0/16'),
 IPv4Network('10.38.0.0/16'),
 IPv4Network('10.39.0.0/16'),
 IPv4Network('10.40.0.0/16'),
 IPv4Network('10.41.0.0/16'),
 IPv4Network('10.42.0.0/16'),
 IPv4Network('10.43.0.0/16'),
 IPv4Network('10.44.0.0/16'),
 IPv4Network('10.45.0.0/16'),
 IPv4Network('10.46.0.0/16'),
 IPv4Network('10.47.0.0/16'),
 IPv4Network('10.48.0.0/16'),
 IPv4Network('10.49.0.0/16'),
 IPv4Network('10.50.0.0/16'),
 IPv4Network('10.51.0.0/16'),
 IPv4Network('10.52.0.0/16'),
 IPv4Network('10.53.0.0/16'),
 IPv4Network('10.54.0.0/16'),
 IPv4Network('10.55.0.0/16'),
 IPv4Network('10.56.0.0/16'),
 IPv4Network('10.57.0.0/16'),
 IPv4Network('10.58.0.0/16'),
 IPv4Network('10.59.0.0/16'),
 IPv4Network('10.60.0.0/16'),
 IPv4Network('10.61.0.0/16'),
 IPv4Network('10.62.0.0/16'),
 IPv4Network('10.63.0.0/16'),
 IPv4Network('10.64.0.0/16'),
 IPv4Network('10.65.0.0/16'),
 IPv4Network('10.66.0.0/16'),
 IPv4Network('10.67.0.0/16'),
 IPv4Network('10.68.0.0/16'),
 IPv4Network('10.69.0.0/16'),
 IPv4Network('10.70.0.0/16'),
 IPv4Network('10.71.0.0/16'),
 IPv4Network('10.72.0.0/16'),
 IPv4Network('10.73.0.0/16'),
 IPv4Network('10.74.0.0/16'),
 IPv4Network('10.75.0.0/16'),
 IPv4Network('10.76.0.0/16'),
 IPv4Network('10.77.0.0/16'),
 IPv4Network('10.78.0.0/16'),
 IPv4Network('10.79.0.0/16'),
 IPv4Network('10.80.0.0/16'),
 IPv4Network('10.81.0.0/16'),
 IPv4Network('10.82.0.0/16'),
 IPv4Network('10.83.0.0/16'),
 IPv4Network('10.84.0.0/16'),
 IPv4Network('10.85.0.0/16'),
 IPv4Network('10.86.0.0/16'),
 IPv4Network('10.87.0.0/16'),
 IPv4Network('10.88.0.0/16'),
 IPv4Network('10.89.0.0/16'),
 IPv4Network('10.90.0.0/16'),
 IPv4Network('10.91.0.0/16'),
 IPv4Network('10.92.0.0/16'),
 IPv4Network('10.93.0.0/16'),
 IPv4Network('10.94.0.0/16'),
 IPv4Network('10.95.0.0/16'),
 IPv4Network('10.96.0.0/16'),
 IPv4Network('10.97.0.0/16'),
 IPv4Network('10.98.0.0/16'),
 IPv4Network('10.99.0.0/16'),
 IPv4Network('10.100.0.0/16'),
 IPv4Network('10.101.0.0/16'),
 IPv4Network('10.102.0.0/16'),
 IPv4Network('10.103.0.0/16'),
 IPv4Network('10.104.0.0/16'),
 IPv4Network('10.105.0.0/16'),
 IPv4Network('10.106.0.0/16'),
 IPv4Network('10.107.0.0/16'),
 IPv4Network('10.108.0.0/16'),
 IPv4Network('10.109.0.0/16'),
 IPv4Network('10.110.0.0/16'),
 IPv4Network('10.111.0.0/16'),
 IPv4Network('10.112.0.0/16'),
 IPv4Network('10.113.0.0/16'),
 IPv4Network('10.114.0.0/16'),
 IPv4Network('10.115.0.0/16'),
 IPv4Network('10.116.0.0/16'),
 IPv4Network('10.117.0.0/16'),
 IPv4Network('10.118.0.0/16'),
 IPv4Network('10.119.0.0/16')]
[IPv4Network('10.0.0.0/8'),
 IPv4Network('129.79.0.0/16'),
 IPv4Network('134.68.0.0/16'),
 IPv4Network('140.182.0.0/16'),
 IPv4Network('149.159.0.0/16'),
 IPv4Network('149.160.0.0/14'),
 IPv4Network('156.56.0.0/16'),
 IPv4Network('172.16.0.0/12'),
 IPv4Network('192.168.0.0/24'),
 IPv6Network('::/128'),
 IPv4Network('10.0.0.0/16'),
 IPv4Network('10.1.0.0/16'),
 IPv4Network('10.2.0.0/16'),
 IPv4Network('10.3.0.0/16'),
 IPv4Network('10.4.0.0/16'),
 IPv4Network('10.5.0.0/16'),
 IPv4Network('10.6.0.0/16'),
 IPv4Network('10.7.0.0/16'),
 IPv4Network('10.8.0.0/16'),
 IPv4Network('10.9.0.0/16'),
 IPv4Network('10.10.0.0/16'),
 IPv4Network('10.11.0.0/16'),
 IPv4Network('10.12.0.0/16'),
 IPv4Network('10.13.0.0/16'),
 IPv4Network('10.14.0.0/16'),
 IPv4Network('10.15.0.0/16'),
 IPv4Network('10.16.0.0/16'),
 IPv4Network('10.17.0.0/16'),
 IPv4Network('10.18.0.0/16'),
 IPv4Network('10.19.0.0/16'),
 IPv4Network('10.20.0.0/16'),
 IPv4Network('10.21.0.0/16'),
 IPv4Network('10.22.0.0/16'),
 IPv4Network('10.23.0.0/16'),
 IPv4Network('10.24.0.0/16'),
 IPv4Network('10.25.0.0/16'),
 IPv4Network('10.26.0.0/16'),
 IPv4Network('10.27.0.0/16'),
 IPv4Network('10.28.0.0/16'),
 IPv4Network('10.29.0.0/16'),
 IPv4Network('10.30.0.0/16'),
 IPv4Network('10.31.0.0/16'),
 IPv4Network('10.32.0.0/16'),
 IPv4Network('10.33.0.0/16'),
 IPv4Network('10.34.0.0/16'),
 IPv4Network('10.35.0.0/16'),
 IPv4Network('10.36.0.0/16'),
 IPv4Network('10.37.0.0/16'),
 IPv4Network('10.38.0.0/16'),
 IPv4Network('10.39.0.0/16'),
 IPv4Network('10.40.0.0/16'),
 IPv4Network('10.41.0.0/16'),
 IPv4Network('10.42.0.0/16'),
 IPv4Network('10.43.0.0/16'),
 IPv4Network('10.44.0.0/16'),
 IPv4Network('10.45.0.0/16'),
 IPv4Network('10.46.0.0/16'),
 IPv4Network('10.47.0.0/16'),
 IPv4Network('10.48.0.0/16'),
 IPv4Network('10.49.0.0/16'),
 IPv4Network('10.50.0.0/16'),
 IPv4Network('10.51.0.0/16'),
 IPv4Network('10.52.0.0/16'),
 IPv4Network('10.53.0.0/16'),
 IPv4Network('10.54.0.0/16'),
 IPv4Network('10.55.0.0/16'),
 IPv4Network('10.56.0.0/16'),
 IPv4Network('10.57.0.0/16'),
 IPv4Network('10.58.0.0/16'),
 IPv4Network('10.59.0.0/16'),
 IPv4Network('10.60.0.0/16'),
 IPv4Network('10.61.0.0/16'),
 IPv4Network('10.62.0.0/16'),
 IPv4Network('10.63.0.0/16'),
 IPv4Network('10.64.0.0/16'),
 IPv4Network('10.65.0.0/16'),
 IPv4Network('10.66.0.0/16'),
 IPv4Network('10.67.0.0/16'),
 IPv4Network('10.68.0.0/16'),
 IPv4Network('10.69.0.0/16'),
 IPv4Network('10.70.0.0/16'),
 IPv4Network('10.71.0.0/16'),
 IPv4Network('10.72.0.0/16'),
 IPv4Network('10.73.0.0/16'),
 IPv4Network('10.74.0.0/16'),
 IPv4Network('10.75.0.0/16'),
 IPv4Network('10.76.0.0/16'),
 IPv4Network('10.77.0.0/16'),
 IPv4Network('10.78.0.0/16'),
 IPv4Network('10.79.0.0/16'),
 IPv4Network('10.80.0.0/16'),
 IPv4Network('10.81.0.0/16'),
 IPv4Network('10.82.0.0/16'),
 IPv4Network('10.83.0.0/16'),
 IPv4Network('10.84.0.0/16'),
 IPv4Network('10.85.0.0/16'),
 IPv4Network('10.86.0.0/16'),
 IPv4Network('10.87.0.0/16'),
 IPv4Network('10.88.0.0/16'),
 IPv4Network('10.89.0.0/16'),
 IPv4Network('10.90.0.0/16'),
 IPv4Network('10.91.0.0/16'),
 IPv4Network('10.92.0.0/16'),
 IPv4Network('10.93.0.0/16'),
 IPv4Network('10.94.0.0/16'),
 IPv4Network('10.95.0.0/16'),
 IPv4Network('10.96.0.0/16'),
 IPv4Network('10.97.0.0/16'),
 IPv4Network('10.98.0.0/16'),
 IPv4Network('10.99.0.0/16'),
 IPv4Network('10.100.0.0/16'),
 IPv4Network('10.101.0.0/16'),
 IPv4Network('10.102.0.0/16'),
 IPv4Network('10.103.0.0/16'),
 IPv4Network('10.104.0.0/16'),
 IPv4Network('10.105.0.0/16'),
 IPv4Network('10.106.0.0/16'),
 IPv4Network('10.107.0.0/16'),
 IPv4Network('10.108.0.0/16'),
 IPv4Network('10.109.0.0/16'),
 IPv4Network('10.110.0.0/16'),
 IPv4Network('10.111.0.0/16'),
 IPv4Network('10.112.0.0/16'),
 IPv4Network('10.113.0.0/16'),
 IPv4Network('10.114.0.0/16'),
 IPv4Network('10.115.0.0/16'),
 IPv4Network('10.116.0.0/16'),
 IPv4Network('10.117.0.0/16'),
 IPv4Network('10.118.0.0/16'),
 IPv4Network('10.119.0.0/16')]
[IPv4Network('10.0.0.0/8'),
 IPv4Network('129.79.0.0/16'),
 IPv4Network('134.68.0.0/16'),
 IPv4Network('140.182.0.0/16'),
 IPv4Network('149.159.0.0/16'),
 IPv4Network('149.160.0.0/14'),
 IPv4Network('156.56.0.0/16'),
 IPv4Network('172.16.0.0/12'),
 IPv4Network('192.168.0.0/24'),
 IPv6Network('::/128'),
 IPv4Network('10.0.0.0/16'),
 IPv4Network('10.1.0.0/16'),
 IPv4Network('10.2.0.0/16'),
 IPv4Network('10.3.0.0/16'),
 IPv4Network('10.4.0.0/16'),
 IPv4Network('10.5.0.0/16'),
 IPv4Network('10.6.0.0/16'),
 IPv4Network('10.7.0.0/16'),
 IPv4Network('10.8.0.0/16'),
 IPv4Network('10.9.0.0/16'),
 IPv4Network('10.10.0.0/16'),
 IPv4Network('10.11.0.0/16'),
 IPv4Network('10.12.0.0/16'),
 IPv4Network('10.13.0.0/16'),
 IPv4Network('10.14.0.0/16'),
 IPv4Network('10.15.0.0/16'),
 IPv4Network('10.16.0.0/16'),
 IPv4Network('10.17.0.0/16'),
 IPv4Network('10.18.0.0/16'),
 IPv4Network('10.19.0.0/16'),
 IPv4Network('10.20.0.0/16'),
 IPv4Network('10.21.0.0/16'),
 IPv4Network('10.22.0.0/16'),
 IPv4Network('10.23.0.0/16'),
 IPv4Network('10.24.0.0/16'),
 IPv4Network('10.25.0.0/16'),
 IPv4Network('10.26.0.0/16'),
 IPv4Network('10.27.0.0/16'),
 IPv4Network('10.28.0.0/16'),
 IPv4Network('10.29.0.0/16'),
 IPv4Network('10.30.0.0/16'),
 IPv4Network('10.31.0.0/16'),
 IPv4Network('10.32.0.0/16'),
 IPv4Network('10.33.0.0/16'),
 IPv4Network('10.34.0.0/16'),
 IPv4Network('10.35.0.0/16'),
 IPv4Network('10.36.0.0/16'),
 IPv4Network('10.37.0.0/16'),
 IPv4Network('10.38.0.0/16'),
 IPv4Network('10.39.0.0/16'),
 IPv4Network('10.40.0.0/16'),
 IPv4Network('10.41.0.0/16'),
 IPv4Network('10.42.0.0/16'),
 IPv4Network('10.43.0.0/16'),
 IPv4Network('10.44.0.0/16'),
 IPv4Network('10.45.0.0/16'),
 IPv4Network('10.46.0.0/16'),
 IPv4Network('10.47.0.0/16'),
 IPv4Network('10.48.0.0/16'),
 IPv4Network('10.49.0.0/16'),
 IPv4Network('10.50.0.0/16'),
 IPv4Network('10.51.0.0/16'),
 IPv4Network('10.52.0.0/16'),
 IPv4Network('10.53.0.0/16'),
 IPv4Network('10.54.0.0/16'),
 IPv4Network('10.55.0.0/16'),
 IPv4Network('10.56.0.0/16'),
 IPv4Network('10.57.0.0/16'),
 IPv4Network('10.58.0.0/16'),
 IPv4Network('10.59.0.0/16'),
 IPv4Network('10.60.0.0/16'),
 IPv4Network('10.61.0.0/16'),
 IPv4Network('10.62.0.0/16'),
 IPv4Network('10.63.0.0/16'),
 IPv4Network('10.64.0.0/16'),
 IPv4Network('10.65.0.0/16'),
 IPv4Network('10.66.0.0/16'),
 IPv4Network('10.67.0.0/16'),
 IPv4Network('10.68.0.0/16'),
 IPv4Network('10.69.0.0/16'),
 IPv4Network('10.70.0.0/16'),
 IPv4Network('10.71.0.0/16'),
 IPv4Network('10.72.0.0/16'),
 IPv4Network('10.73.0.0/16'),
 IPv4Network('10.74.0.0/16'),
 IPv4Network('10.75.0.0/16'),
 IPv4Network('10.76.0.0/16'),
 IPv4Network('10.77.0.0/16'),
 IPv4Network('10.78.0.0/16'),
 IPv4Network('10.79.0.0/16'),
 IPv4Network('10.80.0.0/16'),
 IPv4Network('10.81.0.0/16'),
 IPv4Network('10.82.0.0/16'),
 IPv4Network('10.83.0.0/16'),
 IPv4Network('10.84.0.0/16'),
 IPv4Network('10.85.0.0/16'),
 IPv4Network('10.86.0.0/16'),
 IPv4Network('10.87.0.0/16'),
 IPv4Network('10.88.0.0/16'),
 IPv4Network('10.89.0.0/16'),
 IPv4Network('10.90.0.0/16'),
 IPv4Network('10.91.0.0/16'),
 IPv4Network('10.92.0.0/16'),
 IPv4Network('10.93.0.0/16'),
 IPv4Network('10.94.0.0/16'),
 IPv4Network('10.95.0.0/16'),
 IPv4Network('10.96.0.0/16'),
 IPv4Network('10.97.0.0/16'),
 IPv4Network('10.98.0.0/16'),
 IPv4Network('10.99.0.0/16'),
 IPv4Network('10.100.0.0/16'),
 IPv4Network('10.101.0.0/16'),
 IPv4Network('10.102.0.0/16'),
 IPv4Network('10.103.0.0/16'),
 IPv4Network('10.104.0.0/16'),
 IPv4Network('10.105.0.0/16'),
 IPv4Network('10.106.0.0/16'),
 IPv4Network('10.107.0.0/16'),
 IPv4Network('10.108.0.0/16'),
 IPv4Network('10.109.0.0/16'),
 IPv4Network('10.110.0.0/16'),
 IPv4Network('10.111.0.0/16'),
 IPv4Network('10.112.0.0/16'),
 IPv4Network('10.113.0.0/16'),
 IPv4Network('10.114.0.0/16'),
 IPv4Network('10.115.0.0/16'),
 IPv4Network('10.116.0.0/16'),
 IPv4Network('10.117.0.0/16'),
 IPv4Network('10.118.0.0/16'),
 IPv4Network('10.119.0.0/16')]
[IPv4Network('10.0.0.0/8'),
 IPv4Network('129.79.0.0/16'),
 IPv4Network('134.68.0.0/16'),
 IPv4Network('140.182.0.0/16'),
 IPv4Network('149.159.0.0/16'),
 IPv4Network('149.160.0.0/14'),
 IPv4Network('156.56.0.0/16'),
 IPv4Network('172.16.0.0/12'),
 IPv4Network('192.168.0.0/24'),
 IPv6Network('::/128'),
 IPv4Network('10.0.0.0/16'),
 IPv4Network('10.1.0.0/16'),
 IPv4Network('10.2.0.0/16'),
 IPv4Network('10.3.0.0/16'),
 IPv4Network('10.4.0.0/16'),
 IPv4Network('10.5.0.0/16'),
 IPv4Network('10.6.0.0/16'),
 IPv4Network('10.7.0.0/16'),
 IPv4Network('10.8.0.0/16'),
 IPv4Network('10.9.0.0/16'),
 IPv4Network('10.10.0.0/16'),
 IPv4Network('10.11.0.0/16'),
 IPv4Network('10.12.0.0/16'),
 IPv4Network('10.13.0.0/16'),
 IPv4Network('10.14.0.0/16'),
 IPv4Network('10.15.0.0/16'),
 IPv4Network('10.16.0.0/16'),
 IPv4Network('10.17.0.0/16'),
 IPv4Network('10.18.0.0/16'),
 IPv4Network('10.19.0.0/16'),
 IPv4Network('10.20.0.0/16'),
 IPv4Network('10.21.0.0/16'),
 IPv4Network('10.22.0.0/16'),
 IPv4Network('10.23.0.0/16'),
 IPv4Network('10.24.0.0/16'),
 IPv4Network('10.25.0.0/16'),
 IPv4Network('10.26.0.0/16'),
 IPv4Network('10.27.0.0/16'),
 IPv4Network('10.28.0.0/16'),
 IPv4Network('10.29.0.0/16'),
 IPv4Network('10.30.0.0/16'),
 IPv4Network('10.31.0.0/16'),
 IPv4Network('10.32.0.0/16'),
 IPv4Network('10.33.0.0/16'),
 IPv4Network('10.34.0.0/16'),
 IPv4Network('10.35.0.0/16'),
 IPv4Network('10.36.0.0/16'),
 IPv4Network('10.37.0.0/16'),
 IPv4Network('10.38.0.0/16'),
 IPv4Network('10.39.0.0/16'),
 IPv4Network('10.40.0.0/16'),
 IPv4Network('10.41.0.0/16'),
 IPv4Network('10.42.0.0/16'),
 IPv4Network('10.43.0.0/16'),
 IPv4Network('10.44.0.0/16'),
 IPv4Network('10.45.0.0/16'),
 IPv4Network('10.46.0.0/16'),
 IPv4Network('10.47.0.0/16'),
 IPv4Network('10.48.0.0/16'),
 IPv4Network('10.49.0.0/16'),
 IPv4Network('10.50.0.0/16'),
 IPv4Network('10.51.0.0/16'),
 IPv4Network('10.52.0.0/16'),
 IPv4Network('10.53.0.0/16'),
 IPv4Network('10.54.0.0/16'),
 IPv4Network('10.55.0.0/16'),
 IPv4Network('10.56.0.0/16'),
 IPv4Network('10.57.0.0/16'),
 IPv4Network('10.58.0.0/16'),
 IPv4Network('10.59.0.0/16'),
 IPv4Network('10.60.0.0/16'),
 IPv4Network('10.61.0.0/16'),
 IPv4Network('10.62.0.0/16'),
 IPv4Network('10.63.0.0/16'),
 IPv4Network('10.64.0.0/16'),
 IPv4Network('10.65.0.0/16'),
 IPv4Network('10.66.0.0/16'),
 IPv4Network('10.67.0.0/16'),
 IPv4Network('10.68.0.0/16'),
 IPv4Network('10.69.0.0/16'),
 IPv4Network('10.70.0.0/16'),
 IPv4Network('10.71.0.0/16'),
 IPv4Network('10.72.0.0/16'),
 IPv4Network('10.73.0.0/16'),
 IPv4Network('10.74.0.0/16'),
 IPv4Network('10.75.0.0/16'),
 IPv4Network('10.76.0.0/16'),
 IPv4Network('10.77.0.0/16'),
 IPv4Network('10.78.0.0/16'),
 IPv4Network('10.79.0.0/16'),
 IPv4Network('10.80.0.0/16'),
 IPv4Network('10.81.0.0/16'),
 IPv4Network('10.82.0.0/16'),
 IPv4Network('10.83.0.0/16'),
 IPv4Network('10.84.0.0/16'),
 IPv4Network('10.85.0.0/16'),
 IPv4Network('10.86.0.0/16'),
 IPv4Network('10.87.0.0/16'),
 IPv4Network('10.88.0.0/16'),
 IPv4Network('10.89.0.0/16'),
 IPv4Network('10.90.0.0/16'),
 IPv4Network('10.91.0.0/16'),
 IPv4Network('10.92.0.0/16'),
 IPv4Network('10.93.0.0/16'),
 IPv4Network('10.94.0.0/16'),
 IPv4Network('10.95.0.0/16'),
 IPv4Network('10.96.0.0/16'),
 IPv4Network('10.97.0.0/16'),
 IPv4Network('10.98.0.0/16'),
 IPv4Network('10.99.0.0/16'),
 IPv4Network('10.100.0.0/16'),
 IPv4Network('10.101.0.0/16'),
 IPv4Network('10.102.0.0/16'),
 IPv4Network('10.103.0.0/16'),
 IPv4Network('10.104.0.0/16'),
 IPv4Network('10.105.0.0/16'),
 IPv4Network('10.106.0.0/16'),
 IPv4Network('10.107.0.0/16'),
 IPv4Network('10.108.0.0/16'),
 IPv4Network('10.109.0.0/16'),
 IPv4Network('10.110.0.0/16'),
 IPv4Network('10.111.0.0/16'),
 IPv4Network('10.112.0.0/16'),
 IPv4Network('10.113.0.0/16'),
 IPv4Network('10.114.0.0/16'),
 IPv4Network('10.115.0.0/16'),
 IPv4Network('10.116.0.0/16'),
 IPv4Network('10.117.0.0/16'),
 IPv4Network('10.118.0.0/16'),
 IPv4Network('10.119.0.0/16'),
 IPv4Network('10.120.0.0/16'),
 IPv4Network('10.121.0.0/16')]
[IPv4Network('10.0.0.0/8'),
 IPv4Network('129.79.0.0/16'),
 IPv4Network('134.68.0.0/16'),
 IPv4Network('140.182.0.0/16'),
 IPv4Network('149.159.0.0/16'),
 IPv4Network('149.160.0.0/14'),
 IPv4Network('156.56.0.0/16'),
 IPv4Network('172.16.0.0/12'),
 IPv4Network('192.168.0.0/24'),
 IPv6Network('::/128'),
 IPv4Network('10.0.0.0/16'),
 IPv4Network('10.1.0.0/16'),
 IPv4Network('10.2.0.0/16'),
 IPv4Network('10.3.0.0/16'),
 IPv4Network('10.4.0.0/16'),
 IPv4Network('10.5.0.0/16'),
 IPv4Network('10.6.0.0/16'),
 IPv4Network('10.7.0.0/16'),
 IPv4Network('10.8.0.0/16'),
 IPv4Network('10.9.0.0/16'),
 IPv4Network('10.10.0.0/16'),
 IPv4Network('10.11.0.0/16'),
 IPv4Network('10.12.0.0/16'),
 IPv4Network('10.13.0.0/16'),
 IPv4Network('10.14.0.0/16'),
 IPv4Network('10.15.0.0/16'),
 IPv4Network('10.16.0.0/16'),
 IPv4Network('10.17.0.0/16'),
 IPv4Network('10.18.0.0/16'),
 IPv4Network('10.19.0.0/16'),
 IPv4Network('10.20.0.0/16'),
 IPv4Network('10.21.0.0/16'),
 IPv4Network('10.22.0.0/16'),
 IPv4Network('10.23.0.0/16'),
 IPv4Network('10.24.0.0/16'),
 IPv4Network('10.25.0.0/16'),
 IPv4Network('10.26.0.0/16'),
 IPv4Network('10.27.0.0/16'),
 IPv4Network('10.28.0.0/16'),
 IPv4Network('10.29.0.0/16'),
 IPv4Network('10.30.0.0/16'),
 IPv4Network('10.31.0.0/16'),
 IPv4Network('10.32.0.0/16'),
 IPv4Network('10.33.0.0/16'),
 IPv4Network('10.34.0.0/16'),
 IPv4Network('10.35.0.0/16'),
 IPv4Network('10.36.0.0/16'),
 IPv4Network('10.37.0.0/16'),
 IPv4Network('10.38.0.0/16'),
 IPv4Network('10.39.0.0/16'),
 IPv4Network('10.40.0.0/16'),
 IPv4Network('10.41.0.0/16'),
 IPv4Network('10.42.0.0/16'),
 IPv4Network('10.43.0.0/16'),
 IPv4Network('10.44.0.0/16'),
 IPv4Network('10.45.0.0/16'),
 IPv4Network('10.46.0.0/16'),
 IPv4Network('10.47.0.0/16'),
 IPv4Network('10.48.0.0/16'),
 IPv4Network('10.49.0.0/16'),
 IPv4Network('10.50.0.0/16'),
 IPv4Network('10.51.0.0/16'),
 IPv4Network('10.52.0.0/16'),
 IPv4Network('10.53.0.0/16'),
 IPv4Network('10.54.0.0/16'),
 IPv4Network('10.55.0.0/16'),
 IPv4Network('10.56.0.0/16'),
 IPv4Network('10.57.0.0/16'),
 IPv4Network('10.58.0.0/16'),
 IPv4Network('10.59.0.0/16'),
 IPv4Network('10.60.0.0/16'),
 IPv4Network('10.61.0.0/16'),
 IPv4Network('10.62.0.0/16'),
 IPv4Network('10.63.0.0/16'),
 IPv4Network('10.64.0.0/16'),
 IPv4Network('10.65.0.0/16'),
 IPv4Network('10.66.0.0/16'),
 IPv4Network('10.67.0.0/16'),
 IPv4Network('10.68.0.0/16'),
 IPv4Network('10.69.0.0/16'),
 IPv4Network('10.70.0.0/16'),
 IPv4Network('10.71.0.0/16'),
 IPv4Network('10.72.0.0/16'),
 IPv4Network('10.73.0.0/16'),
 IPv4Network('10.74.0.0/16'),
 IPv4Network('10.75.0.0/16'),
 IPv4Network('10.76.0.0/16'),
 IPv4Network('10.77.0.0/16'),
 IPv4Network('10.78.0.0/16'),
 IPv4Network('10.79.0.0/16'),
 IPv4Network('10.80.0.0/16'),
 IPv4Network('10.81.0.0/16'),
 IPv4Network('10.82.0.0/16'),
 IPv4Network('10.83.0.0/16'),
 IPv4Network('10.84.0.0/16'),
 IPv4Network('10.85.0.0/16'),
 IPv4Network('10.86.0.0/16'),
 IPv4Network('10.87.0.0/16'),
 IPv4Network('10.88.0.0/16'),
 IPv4Network('10.89.0.0/16'),
 IPv4Network('10.90.0.0/16'),
 IPv4Network('10.91.0.0/16'),
 IPv4Network('10.92.0.0/16'),
 IPv4Network('10.93.0.0/16'),
 IPv4Network('10.94.0.0/16'),
 IPv4Network('10.95.0.0/16'),
 IPv4Network('10.96.0.0/16'),
 IPv4Network('10.97.0.0/16'),
 IPv4Network('10.98.0.0/16'),
 IPv4Network('10.99.0.0/16'),
 IPv4Network('10.100.0.0/16'),
 IPv4Network('10.101.0.0/16'),
 IPv4Network('10.102.0.0/16'),
 IPv4Network('10.103.0.0/16'),
 IPv4Network('10.104.0.0/16'),
 IPv4Network('10.105.0.0/16'),
 IPv4Network('10.106.0.0/16'),
 IPv4Network('10.107.0.0/16'),
 IPv4Network('10.108.0.0/16'),
 IPv4Network('10.109.0.0/16'),
 IPv4Network('10.110.0.0/16'),
 IPv4Network('10.111.0.0/16'),
 IPv4Network('10.112.0.0/16'),
 IPv4Network('10.113.0.0/16'),
 IPv4Network('10.114.0.0/16'),
 IPv4Network('10.115.0.0/16'),
 IPv4Network('10.116.0.0/16'),
 IPv4Network('10.117.0.0/16'),
 IPv4Network('10.118.0.0/16'),
 IPv4Network('10.119.0.0/16'),
 IPv4Network('10.120.0.0/16'),
 IPv4Network('10.121.0.0/16'),
 IPv4Network('10.122.0.0/16'),
 IPv4Network('10.123.0.0/16')]
[IPv4Network('10.0.0.0/8'),
 IPv4Network('129.79.0.0/16'),
 IPv4Network('134.68.0.0/16'),
 IPv4Network('140.182.0.0/16'),
 IPv4Network('149.159.0.0/16'),
 IPv4Network('149.160.0.0/14'),
 IPv4Network('156.56.0.0/16'),
 IPv4Network('172.16.0.0/12'),
 IPv4Network('192.168.0.0/24'),
 IPv6Network('::/128'),
 IPv4Network('10.0.0.0/16'),
 IPv4Network('10.1.0.0/16'),
 IPv4Network('10.2.0.0/16'),
 IPv4Network('10.3.0.0/16'),
 IPv4Network('10.4.0.0/16'),
 IPv4Network('10.5.0.0/16'),
 IPv4Network('10.6.0.0/16'),
 IPv4Network('10.7.0.0/16'),
 IPv4Network('10.8.0.0/16'),
 IPv4Network('10.9.0.0/16'),
 IPv4Network('10.10.0.0/16'),
 IPv4Network('10.11.0.0/16'),
 IPv4Network('10.12.0.0/16'),
 IPv4Network('10.13.0.0/16'),
 IPv4Network('10.14.0.0/16'),
 IPv4Network('10.15.0.0/16'),
 IPv4Network('10.16.0.0/16'),
 IPv4Network('10.17.0.0/16'),
 IPv4Network('10.18.0.0/16'),
 IPv4Network('10.19.0.0/16'),
 IPv4Network('10.20.0.0/16'),
 IPv4Network('10.21.0.0/16'),
 IPv4Network('10.22.0.0/16'),
 IPv4Network('10.23.0.0/16'),
 IPv4Network('10.24.0.0/16'),
 IPv4Network('10.25.0.0/16'),
 IPv4Network('10.26.0.0/16'),
 IPv4Network('10.27.0.0/16'),
 IPv4Network('10.28.0.0/16'),
 IPv4Network('10.29.0.0/16'),
 IPv4Network('10.30.0.0/16'),
 IPv4Network('10.31.0.0/16'),
 IPv4Network('10.32.0.0/16'),
 IPv4Network('10.33.0.0/16'),
 IPv4Network('10.34.0.0/16'),
 IPv4Network('10.35.0.0/16'),
 IPv4Network('10.36.0.0/16'),
 IPv4Network('10.37.0.0/16'),
 IPv4Network('10.38.0.0/16'),
 IPv4Network('10.39.0.0/16'),
 IPv4Network('10.40.0.0/16'),
 IPv4Network('10.41.0.0/16'),
 IPv4Network('10.42.0.0/16'),
 IPv4Network('10.43.0.0/16'),
 IPv4Network('10.44.0.0/16'),
 IPv4Network('10.45.0.0/16'),
 IPv4Network('10.46.0.0/16'),
 IPv4Network('10.47.0.0/16'),
 IPv4Network('10.48.0.0/16'),
 IPv4Network('10.49.0.0/16'),
 IPv4Network('10.50.0.0/16'),
 IPv4Network('10.51.0.0/16'),
 IPv4Network('10.52.0.0/16'),
 IPv4Network('10.53.0.0/16'),
 IPv4Network('10.54.0.0/16'),
 IPv4Network('10.55.0.0/16'),
 IPv4Network('10.56.0.0/16'),
 IPv4Network('10.57.0.0/16'),
 IPv4Network('10.58.0.0/16'),
 IPv4Network('10.59.0.0/16'),
 IPv4Network('10.60.0.0/16'),
 IPv4Network('10.61.0.0/16'),
 IPv4Network('10.62.0.0/16'),
 IPv4Network('10.63.0.0/16'),
 IPv4Network('10.64.0.0/16'),
 IPv4Network('10.65.0.0/16'),
 IPv4Network('10.66.0.0/16'),
 IPv4Network('10.67.0.0/16'),
 IPv4Network('10.68.0.0/16'),
 IPv4Network('10.69.0.0/16'),
 IPv4Network('10.70.0.0/16'),
 IPv4Network('10.71.0.0/16'),
 IPv4Network('10.72.0.0/16'),
 IPv4Network('10.73.0.0/16'),
 IPv4Network('10.74.0.0/16'),
 IPv4Network('10.75.0.0/16'),
 IPv4Network('10.76.0.0/16'),
 IPv4Network('10.77.0.0/16'),
 IPv4Network('10.78.0.0/16'),
 IPv4Network('10.79.0.0/16'),
 IPv4Network('10.80.0.0/16'),
 IPv4Network('10.81.0.0/16'),
 IPv4Network('10.82.0.0/16'),
 IPv4Network('10.83.0.0/16'),
 IPv4Network('10.84.0.0/16'),
 IPv4Network('10.85.0.0/16'),
 IPv4Network('10.86.0.0/16'),
 IPv4Network('10.87.0.0/16'),
 IPv4Network('10.88.0.0/16'),
 IPv4Network('10.89.0.0/16'),
 IPv4Network('10.90.0.0/16'),
 IPv4Network('10.91.0.0/16'),
 IPv4Network('10.92.0.0/16'),
 IPv4Network('10.93.0.0/16'),
 IPv4Network('10.94.0.0/16'),
 IPv4Network('10.95.0.0/16'),
 IPv4Network('10.96.0.0/16'),
 IPv4Network('10.97.0.0/16'),
 IPv4Network('10.98.0.0/16'),
 IPv4Network('10.99.0.0/16'),
 IPv4Network('10.100.0.0/16'),
 IPv4Network('10.101.0.0/16'),
 IPv4Network('10.102.0.0/16'),
 IPv4Network('10.103.0.0/16'),
 IPv4Network('10.104.0.0/16'),
 IPv4Network('10.105.0.0/16'),
 IPv4Network('10.106.0.0/16'),
 IPv4Network('10.107.0.0/16'),
 IPv4Network('10.108.0.0/16'),
 IPv4Network('10.109.0.0/16'),
 IPv4Network('10.110.0.0/16'),
 IPv4Network('10.111.0.0/16'),
 IPv4Network('10.112.0.0/16'),
 IPv4Network('10.113.0.0/16'),
 IPv4Network('10.114.0.0/16'),
 IPv4Network('10.115.0.0/16'),
 IPv4Network('10.116.0.0/16'),
 IPv4Network('10.117.0.0/16'),
 IPv4Network('10.118.0.0/16'),
 IPv4Network('10.119.0.0/16'),
 IPv4Network('10.120.0.0/16'),
 IPv4Network('10.121.0.0/16'),
 IPv4Network('10.122.0.0/16'),
 IPv4Network('10.123.0.0/16')]
[IPv4Network('10.0.0.0/8'),
 IPv4Network('129.79.0.0/16'),
 IPv4Network('134.68.0.0/16'),
 IPv4Network('140.182.0.0/16'),
 IPv4Network('149.159.0.0/16'),
 IPv4Network('149.160.0.0/14'),
 IPv4Network('156.56.0.0/16'),
 IPv4Network('172.16.0.0/12'),
 IPv4Network('192.168.0.0/24'),
 IPv6Network('::/128'),
 IPv4Network('10.0.0.0/16'),
 IPv4Network('10.1.0.0/16'),
 IPv4Network('10.2.0.0/16'),
 IPv4Network('10.3.0.0/16'),
 IPv4Network('10.4.0.0/16'),
 IPv4Network('10.5.0.0/16'),
 IPv4Network('10.6.0.0/16'),
 IPv4Network('10.7.0.0/16'),
 IPv4Network('10.8.0.0/16'),
 IPv4Network('10.9.0.0/16'),
 IPv4Network('10.10.0.0/16'),
 IPv4Network('10.11.0.0/16'),
 IPv4Network('10.12.0.0/16'),
 IPv4Network('10.13.0.0/16'),
 IPv4Network('10.14.0.0/16'),
 IPv4Network('10.15.0.0/16'),
 IPv4Network('10.16.0.0/16'),
 IPv4Network('10.17.0.0/16'),
 IPv4Network('10.18.0.0/16'),
 IPv4Network('10.19.0.0/16'),
 IPv4Network('10.20.0.0/16'),
 IPv4Network('10.21.0.0/16'),
 IPv4Network('10.22.0.0/16'),
 IPv4Network('10.23.0.0/16'),
 IPv4Network('10.24.0.0/16'),
 IPv4Network('10.25.0.0/16'),
 IPv4Network('10.26.0.0/16'),
 IPv4Network('10.27.0.0/16'),
 IPv4Network('10.28.0.0/16'),
 IPv4Network('10.29.0.0/16'),
 IPv4Network('10.30.0.0/16'),
 IPv4Network('10.31.0.0/16'),
 IPv4Network('10.32.0.0/16'),
 IPv4Network('10.33.0.0/16'),
 IPv4Network('10.34.0.0/16'),
 IPv4Network('10.35.0.0/16'),
 IPv4Network('10.36.0.0/16'),
 IPv4Network('10.37.0.0/16'),
 IPv4Network('10.38.0.0/16'),
 IPv4Network('10.39.0.0/16'),
 IPv4Network('10.40.0.0/16'),
 IPv4Network('10.41.0.0/16'),
 IPv4Network('10.42.0.0/16'),
 IPv4Network('10.43.0.0/16'),
 IPv4Network('10.44.0.0/16'),
 IPv4Network('10.45.0.0/16'),
 IPv4Network('10.46.0.0/16'),
 IPv4Network('10.47.0.0/16'),
 IPv4Network('10.48.0.0/16'),
 IPv4Network('10.49.0.0/16'),
 IPv4Network('10.50.0.0/16'),
 IPv4Network('10.51.0.0/16'),
 IPv4Network('10.52.0.0/16'),
 IPv4Network('10.53.0.0/16'),
 IPv4Network('10.54.0.0/16'),
 IPv4Network('10.55.0.0/16'),
 IPv4Network('10.56.0.0/16'),
 IPv4Network('10.57.0.0/16'),
 IPv4Network('10.58.0.0/16'),
 IPv4Network('10.59.0.0/16'),
 IPv4Network('10.60.0.0/16'),
 IPv4Network('10.61.0.0/16'),
 IPv4Network('10.62.0.0/16'),
 IPv4Network('10.63.0.0/16'),
 IPv4Network('10.64.0.0/16'),
 IPv4Network('10.65.0.0/16'),
 IPv4Network('10.66.0.0/16'),
 IPv4Network('10.67.0.0/16'),
 IPv4Network('10.68.0.0/16'),
 IPv4Network('10.69.0.0/16'),
 IPv4Network('10.70.0.0/16'),
 IPv4Network('10.71.0.0/16'),
 IPv4Network('10.72.0.0/16'),
 IPv4Network('10.73.0.0/16'),
 IPv4Network('10.74.0.0/16'),
 IPv4Network('10.75.0.0/16'),
 IPv4Network('10.76.0.0/16'),
 IPv4Network('10.77.0.0/16'),
 IPv4Network('10.78.0.0/16'),
 IPv4Network('10.79.0.0/16'),
 IPv4Network('10.80.0.0/16'),
 IPv4Network('10.81.0.0/16'),
 IPv4Network('10.82.0.0/16'),
 IPv4Network('10.83.0.0/16'),
 IPv4Network('10.84.0.0/16'),
 IPv4Network('10.85.0.0/16'),
 IPv4Network('10.86.0.0/16'),
 IPv4Network('10.87.0.0/16'),
 IPv4Network('10.88.0.0/16'),
 IPv4Network('10.89.0.0/16'),
 IPv4Network('10.90.0.0/16'),
 IPv4Network('10.91.0.0/16'),
 IPv4Network('10.92.0.0/16'),
 IPv4Network('10.93.0.0/16'),
 IPv4Network('10.94.0.0/16'),
 IPv4Network('10.95.0.0/16'),
 IPv4Network('10.96.0.0/16'),
 IPv4Network('10.97.0.0/16'),
 IPv4Network('10.98.0.0/16'),
 IPv4Network('10.99.0.0/16'),
 IPv4Network('10.100.0.0/16'),
 IPv4Network('10.101.0.0/16'),
 IPv4Network('10.102.0.0/16'),
 IPv4Network('10.103.0.0/16'),
 IPv4Network('10.104.0.0/16'),
 IPv4Network('10.105.0.0/16'),
 IPv4Network('10.106.0.0/16'),
 IPv4Network('10.107.0.0/16'),
 IPv4Network('10.108.0.0/16'),
 IPv4Network('10.109.0.0/16'),
 IPv4Network('10.110.0.0/16'),
 IPv4Network('10.111.0.0/16'),
 IPv4Network('10.112.0.0/16'),
 IPv4Network('10.113.0.0/16'),
 IPv4Network('10.114.0.0/16'),
 IPv4Network('10.115.0.0/16'),
 IPv4Network('10.116.0.0/16'),
 IPv4Network('10.117.0.0/16'),
 IPv4Network('10.118.0.0/16'),
 IPv4Network('10.119.0.0/16'),
 IPv4Network('10.120.0.0/16'),
 IPv4Network('10.121.0.0/16'),
 IPv4Network('10.122.0.0/16'),
 IPv4Network('10.123.0.0/16'),
 IPv4Network('10.124.0.0/16'),
 IPv4Network('10.125.0.0/16')]
[IPv4Network('10.0.0.0/8'),
 IPv4Network('129.79.0.0/16'),
 IPv4Network('134.68.0.0/16'),
 IPv4Network('140.182.0.0/16'),
 IPv4Network('149.159.0.0/16'),
 IPv4Network('149.160.0.0/14'),
 IPv4Network('156.56.0.0/16'),
 IPv4Network('172.16.0.0/12'),
 IPv4Network('192.168.0.0/24'),
 IPv6Network('::/128'),
 IPv4Network('10.0.0.0/16'),
 IPv4Network('10.1.0.0/16'),
 IPv4Network('10.2.0.0/16'),
 IPv4Network('10.3.0.0/16'),
 IPv4Network('10.4.0.0/16'),
 IPv4Network('10.5.0.0/16'),
 IPv4Network('10.6.0.0/16'),
 IPv4Network('10.7.0.0/16'),
 IPv4Network('10.8.0.0/16'),
 IPv4Network('10.9.0.0/16'),
 IPv4Network('10.10.0.0/16'),
 IPv4Network('10.11.0.0/16'),
 IPv4Network('10.12.0.0/16'),
 IPv4Network('10.13.0.0/16'),
 IPv4Network('10.14.0.0/16'),
 IPv4Network('10.15.0.0/16'),
 IPv4Network('10.16.0.0/16'),
 IPv4Network('10.17.0.0/16'),
 IPv4Network('10.18.0.0/16'),
 IPv4Network('10.19.0.0/16'),
 IPv4Network('10.20.0.0/16'),
 IPv4Network('10.21.0.0/16'),
 IPv4Network('10.22.0.0/16'),
 IPv4Network('10.23.0.0/16'),
 IPv4Network('10.24.0.0/16'),
 IPv4Network('10.25.0.0/16'),
 IPv4Network('10.26.0.0/16'),
 IPv4Network('10.27.0.0/16'),
 IPv4Network('10.28.0.0/16'),
 IPv4Network('10.29.0.0/16'),
 IPv4Network('10.30.0.0/16'),
 IPv4Network('10.31.0.0/16'),
 IPv4Network('10.32.0.0/16'),
 IPv4Network('10.33.0.0/16'),
 IPv4Network('10.34.0.0/16'),
 IPv4Network('10.35.0.0/16'),
 IPv4Network('10.36.0.0/16'),
 IPv4Network('10.37.0.0/16'),
 IPv4Network('10.38.0.0/16'),
 IPv4Network('10.39.0.0/16'),
 IPv4Network('10.40.0.0/16'),
 IPv4Network('10.41.0.0/16'),
 IPv4Network('10.42.0.0/16'),
 IPv4Network('10.43.0.0/16'),
 IPv4Network('10.44.0.0/16'),
 IPv4Network('10.45.0.0/16'),
 IPv4Network('10.46.0.0/16'),
 IPv4Network('10.47.0.0/16'),
 IPv4Network('10.48.0.0/16'),
 IPv4Network('10.49.0.0/16'),
 IPv4Network('10.50.0.0/16'),
 IPv4Network('10.51.0.0/16'),
 IPv4Network('10.52.0.0/16'),
 IPv4Network('10.53.0.0/16'),
 IPv4Network('10.54.0.0/16'),
 IPv4Network('10.55.0.0/16'),
 IPv4Network('10.56.0.0/16'),
 IPv4Network('10.57.0.0/16'),
 IPv4Network('10.58.0.0/16'),
 IPv4Network('10.59.0.0/16'),
 IPv4Network('10.60.0.0/16'),
 IPv4Network('10.61.0.0/16'),
 IPv4Network('10.62.0.0/16'),
 IPv4Network('10.63.0.0/16'),
 IPv4Network('10.64.0.0/16'),
 IPv4Network('10.65.0.0/16'),
 IPv4Network('10.66.0.0/16'),
 IPv4Network('10.67.0.0/16'),
 IPv4Network('10.68.0.0/16'),
 IPv4Network('10.69.0.0/16'),
 IPv4Network('10.70.0.0/16'),
 IPv4Network('10.71.0.0/16'),
 IPv4Network('10.72.0.0/16'),
 IPv4Network('10.73.0.0/16'),
 IPv4Network('10.74.0.0/16'),
 IPv4Network('10.75.0.0/16'),
 IPv4Network('10.76.0.0/16'),
 IPv4Network('10.77.0.0/16'),
 IPv4Network('10.78.0.0/16'),
 IPv4Network('10.79.0.0/16'),
 IPv4Network('10.80.0.0/16'),
 IPv4Network('10.81.0.0/16'),
 IPv4Network('10.82.0.0/16'),
 IPv4Network('10.83.0.0/16'),
 IPv4Network('10.84.0.0/16'),
 IPv4Network('10.85.0.0/16'),
 IPv4Network('10.86.0.0/16'),
 IPv4Network('10.87.0.0/16'),
 IPv4Network('10.88.0.0/16'),
 IPv4Network('10.89.0.0/16'),
 IPv4Network('10.90.0.0/16'),
 IPv4Network('10.91.0.0/16'),
 IPv4Network('10.92.0.0/16'),
 IPv4Network('10.93.0.0/16'),
 IPv4Network('10.94.0.0/16'),
 IPv4Network('10.95.0.0/16'),
 IPv4Network('10.96.0.0/16'),
 IPv4Network('10.97.0.0/16'),
 IPv4Network('10.98.0.0/16'),
 IPv4Network('10.99.0.0/16'),
 IPv4Network('10.100.0.0/16'),
 IPv4Network('10.101.0.0/16'),
 IPv4Network('10.102.0.0/16'),
 IPv4Network('10.103.0.0/16'),
 IPv4Network('10.104.0.0/16'),
 IPv4Network('10.105.0.0/16'),
 IPv4Network('10.106.0.0/16'),
 IPv4Network('10.107.0.0/16'),
 IPv4Network('10.108.0.0/16'),
 IPv4Network('10.109.0.0/16'),
 IPv4Network('10.110.0.0/16'),
 IPv4Network('10.111.0.0/16'),
 IPv4Network('10.112.0.0/16'),
 IPv4Network('10.113.0.0/16'),
 IPv4Network('10.114.0.0/16'),
 IPv4Network('10.115.0.0/16'),
 IPv4Network('10.116.0.0/16'),
 IPv4Network('10.117.0.0/16'),
 IPv4Network('10.118.0.0/16'),
 IPv4Network('10.119.0.0/16'),
 IPv4Network('10.120.0.0/16'),
 IPv4Network('10.121.0.0/16'),
 IPv4Network('10.122.0.0/16'),
 IPv4Network('10.123.0.0/16'),
 IPv4Network('10.124.0.0/16'),
 IPv4Network('10.125.0.0/16'),
 IPv4Network('10.126.0.0/16'),
 IPv4Network('10.127.0.0/16')]
[IPv4Network('10.0.0.0/8'),
 IPv4Network('129.79.0.0/16'),
 IPv4Network('134.68.0.0/16'),
 IPv4Network('140.182.0.0/16'),
 IPv4Network('149.159.0.0/16'),
 IPv4Network('149.160.0.0/14'),
 IPv4Network('156.56.0.0/16'),
 IPv4Network('172.16.0.0/12'),
 IPv4Network('192.168.0.0/24'),
 IPv6Network('::/128'),
 IPv4Network('10.0.0.0/16'),
 IPv4Network('10.1.0.0/16'),
 IPv4Network('10.2.0.0/16'),
 IPv4Network('10.3.0.0/16'),
 IPv4Network('10.4.0.0/16'),
 IPv4Network('10.5.0.0/16'),
 IPv4Network('10.6.0.0/16'),
 IPv4Network('10.7.0.0/16'),
 IPv4Network('10.8.0.0/16'),
 IPv4Network('10.9.0.0/16'),
 IPv4Network('10.10.0.0/16'),
 IPv4Network('10.11.0.0/16'),
 IPv4Network('10.12.0.0/16'),
 IPv4Network('10.13.0.0/16'),
 IPv4Network('10.14.0.0/16'),
 IPv4Network('10.15.0.0/16'),
 IPv4Network('10.16.0.0/16'),
 IPv4Network('10.17.0.0/16'),
 IPv4Network('10.18.0.0/16'),
 IPv4Network('10.19.0.0/16'),
 IPv4Network('10.20.0.0/16'),
 IPv4Network('10.21.0.0/16'),
 IPv4Network('10.22.0.0/16'),
 IPv4Network('10.23.0.0/16'),
 IPv4Network('10.24.0.0/16'),
 IPv4Network('10.25.0.0/16'),
 IPv4Network('10.26.0.0/16'),
 IPv4Network('10.27.0.0/16'),
 IPv4Network('10.28.0.0/16'),
 IPv4Network('10.29.0.0/16'),
 IPv4Network('10.30.0.0/16'),
 IPv4Network('10.31.0.0/16'),
 IPv4Network('10.32.0.0/16'),
 IPv4Network('10.33.0.0/16'),
 IPv4Network('10.34.0.0/16'),
 IPv4Network('10.35.0.0/16'),
 IPv4Network('10.36.0.0/16'),
 IPv4Network('10.37.0.0/16'),
 IPv4Network('10.38.0.0/16'),
 IPv4Network('10.39.0.0/16'),
 IPv4Network('10.40.0.0/16'),
 IPv4Network('10.41.0.0/16'),
 IPv4Network('10.42.0.0/16'),
 IPv4Network('10.43.0.0/16'),
 IPv4Network('10.44.0.0/16'),
 IPv4Network('10.45.0.0/16'),
 IPv4Network('10.46.0.0/16'),
 IPv4Network('10.47.0.0/16'),
 IPv4Network('10.48.0.0/16'),
 IPv4Network('10.49.0.0/16'),
 IPv4Network('10.50.0.0/16'),
 IPv4Network('10.51.0.0/16'),
 IPv4Network('10.52.0.0/16'),
 IPv4Network('10.53.0.0/16'),
 IPv4Network('10.54.0.0/16'),
 IPv4Network('10.55.0.0/16'),
 IPv4Network('10.56.0.0/16'),
 IPv4Network('10.57.0.0/16'),
 IPv4Network('10.58.0.0/16'),
 IPv4Network('10.59.0.0/16'),
 IPv4Network('10.60.0.0/16'),
 IPv4Network('10.61.0.0/16'),
 IPv4Network('10.62.0.0/16'),
 IPv4Network('10.63.0.0/16'),
 IPv4Network('10.64.0.0/16'),
 IPv4Network('10.65.0.0/16'),
 IPv4Network('10.66.0.0/16'),
 IPv4Network('10.67.0.0/16'),
 IPv4Network('10.68.0.0/16'),
 IPv4Network('10.69.0.0/16'),
 IPv4Network('10.70.0.0/16'),
 IPv4Network('10.71.0.0/16'),
 IPv4Network('10.72.0.0/16'),
 IPv4Network('10.73.0.0/16'),
 IPv4Network('10.74.0.0/16'),
 IPv4Network('10.75.0.0/16'),
 IPv4Network('10.76.0.0/16'),
 IPv4Network('10.77.0.0/16'),
 IPv4Network('10.78.0.0/16'),
 IPv4Network('10.79.0.0/16'),
 IPv4Network('10.80.0.0/16'),
 IPv4Network('10.81.0.0/16'),
 IPv4Network('10.82.0.0/16'),
 IPv4Network('10.83.0.0/16'),
 IPv4Network('10.84.0.0/16'),
 IPv4Network('10.85.0.0/16'),
 IPv4Network('10.86.0.0/16'),
 IPv4Network('10.87.0.0/16'),
 IPv4Network('10.88.0.0/16'),
 IPv4Network('10.89.0.0/16'),
 IPv4Network('10.90.0.0/16'),
 IPv4Network('10.91.0.0/16'),
 IPv4Network('10.92.0.0/16'),
 IPv4Network('10.93.0.0/16'),
 IPv4Network('10.94.0.0/16'),
 IPv4Network('10.95.0.0/16'),
 IPv4Network('10.96.0.0/16'),
 IPv4Network('10.97.0.0/16'),
 IPv4Network('10.98.0.0/16'),
 IPv4Network('10.99.0.0/16'),
 IPv4Network('10.100.0.0/16'),
 IPv4Network('10.101.0.0/16'),
 IPv4Network('10.102.0.0/16'),
 IPv4Network('10.103.0.0/16'),
 IPv4Network('10.104.0.0/16'),
 IPv4Network('10.105.0.0/16'),
 IPv4Network('10.106.0.0/16'),
 IPv4Network('10.107.0.0/16'),
 IPv4Network('10.108.0.0/16'),
 IPv4Network('10.109.0.0/16'),
 IPv4Network('10.110.0.0/16'),
 IPv4Network('10.111.0.0/16'),
 IPv4Network('10.112.0.0/16'),
 IPv4Network('10.113.0.0/16'),
 IPv4Network('10.114.0.0/16'),
 IPv4Network('10.115.0.0/16'),
 IPv4Network('10.116.0.0/16'),
 IPv4Network('10.117.0.0/16'),
 IPv4Network('10.118.0.0/16'),
 IPv4Network('10.119.0.0/16'),
 IPv4Network('10.120.0.0/16'),
 IPv4Network('10.121.0.0/16'),
 IPv4Network('10.122.0.0/16'),
 IPv4Network('10.123.0.0/16'),
 IPv4Network('10.124.0.0/16'),
 IPv4Network('10.125.0.0/16'),
 IPv4Network('10.126.0.0/16'),
 IPv4Network('10.127.0.0/16')]
[IPv4Network('10.0.0.0/8'),
 IPv4Network('129.79.0.0/16'),
 IPv4Network('134.68.0.0/16'),
 IPv4Network('140.182.0.0/16'),
 IPv4Network('149.159.0.0/16'),
 IPv4Network('149.160.0.0/14'),
 IPv4Network('156.56.0.0/16'),
 IPv4Network('172.16.0.0/12'),
 IPv4Network('192.168.0.0/24'),
 IPv6Network('::/128'),
 IPv4Network('10.0.0.0/16'),
 IPv4Network('10.1.0.0/16'),
 IPv4Network('10.2.0.0/16'),
 IPv4Network('10.3.0.0/16'),
 IPv4Network('10.4.0.0/16'),
 IPv4Network('10.5.0.0/16'),
 IPv4Network('10.6.0.0/16'),
 IPv4Network('10.7.0.0/16'),
 IPv4Network('10.8.0.0/16'),
 IPv4Network('10.9.0.0/16'),
 IPv4Network('10.10.0.0/16'),
 IPv4Network('10.11.0.0/16'),
 IPv4Network('10.12.0.0/16'),
 IPv4Network('10.13.0.0/16'),
 IPv4Network('10.14.0.0/16'),
 IPv4Network('10.15.0.0/16'),
 IPv4Network('10.16.0.0/16'),
 IPv4Network('10.17.0.0/16'),
 IPv4Network('10.18.0.0/16'),
 IPv4Network('10.19.0.0/16'),
 IPv4Network('10.20.0.0/16'),
 IPv4Network('10.21.0.0/16'),
 IPv4Network('10.22.0.0/16'),
 IPv4Network('10.23.0.0/16'),
 IPv4Network('10.24.0.0/16'),
 IPv4Network('10.25.0.0/16'),
 IPv4Network('10.26.0.0/16'),
 IPv4Network('10.27.0.0/16'),
 IPv4Network('10.28.0.0/16'),
 IPv4Network('10.29.0.0/16'),
 IPv4Network('10.30.0.0/16'),
 IPv4Network('10.31.0.0/16'),
 IPv4Network('10.32.0.0/16'),
 IPv4Network('10.33.0.0/16'),
 IPv4Network('10.34.0.0/16'),
 IPv4Network('10.35.0.0/16'),
 IPv4Network('10.36.0.0/16'),
 IPv4Network('10.37.0.0/16'),
 IPv4Network('10.38.0.0/16'),
 IPv4Network('10.39.0.0/16'),
 IPv4Network('10.40.0.0/16'),
 IPv4Network('10.41.0.0/16'),
 IPv4Network('10.42.0.0/16'),
 IPv4Network('10.43.0.0/16'),
 IPv4Network('10.44.0.0/16'),
 IPv4Network('10.45.0.0/16'),
 IPv4Network('10.46.0.0/16'),
 IPv4Network('10.47.0.0/16'),
 IPv4Network('10.48.0.0/16'),
 IPv4Network('10.49.0.0/16'),
 IPv4Network('10.50.0.0/16'),
 IPv4Network('10.51.0.0/16'),
 IPv4Network('10.52.0.0/16'),
 IPv4Network('10.53.0.0/16'),
 IPv4Network('10.54.0.0/16'),
 IPv4Network('10.55.0.0/16'),
 IPv4Network('10.56.0.0/16'),
 IPv4Network('10.57.0.0/16'),
 IPv4Network('10.58.0.0/16'),
 IPv4Network('10.59.0.0/16'),
 IPv4Network('10.60.0.0/16'),
 IPv4Network('10.61.0.0/16'),
 IPv4Network('10.62.0.0/16'),
 IPv4Network('10.63.0.0/16'),
 IPv4Network('10.64.0.0/16'),
 IPv4Network('10.65.0.0/16'),
 IPv4Network('10.66.0.0/16'),
 IPv4Network('10.67.0.0/16'),
 IPv4Network('10.68.0.0/16'),
 IPv4Network('10.69.0.0/16'),
 IPv4Network('10.70.0.0/16'),
 IPv4Network('10.71.0.0/16'),
 IPv4Network('10.72.0.0/16'),
 IPv4Network('10.73.0.0/16'),
 IPv4Network('10.74.0.0/16'),
 IPv4Network('10.75.0.0/16'),
 IPv4Network('10.76.0.0/16'),
 IPv4Network('10.77.0.0/16'),
 IPv4Network('10.78.0.0/16'),
 IPv4Network('10.79.0.0/16'),
 IPv4Network('10.80.0.0/16'),
 IPv4Network('10.81.0.0/16'),
 IPv4Network('10.82.0.0/16'),
 IPv4Network('10.83.0.0/16'),
 IPv4Network('10.84.0.0/16'),
 IPv4Network('10.85.0.0/16'),
 IPv4Network('10.86.0.0/16'),
 IPv4Network('10.87.0.0/16'),
 IPv4Network('10.88.0.0/16'),
 IPv4Network('10.89.0.0/16'),
 IPv4Network('10.90.0.0/16'),
 IPv4Network('10.91.0.0/16'),
 IPv4Network('10.92.0.0/16'),
 IPv4Network('10.93.0.0/16'),
 IPv4Network('10.94.0.0/16'),
 IPv4Network('10.95.0.0/16'),
 IPv4Network('10.96.0.0/16'),
 IPv4Network('10.97.0.0/16'),
 IPv4Network('10.98.0.0/16'),
 IPv4Network('10.99.0.0/16'),
 IPv4Network('10.100.0.0/16'),
 IPv4Network('10.101.0.0/16'),
 IPv4Network('10.102.0.0/16'),
 IPv4Network('10.103.0.0/16'),
 IPv4Network('10.104.0.0/16'),
 IPv4Network('10.105.0.0/16'),
 IPv4Network('10.106.0.0/16'),
 IPv4Network('10.107.0.0/16'),
 IPv4Network('10.108.0.0/16'),
 IPv4Network('10.109.0.0/16'),
 IPv4Network('10.110.0.0/16'),
 IPv4Network('10.111.0.0/16'),
 IPv4Network('10.112.0.0/16'),
 IPv4Network('10.113.0.0/16'),
 IPv4Network('10.114.0.0/16'),
 IPv4Network('10.115.0.0/16'),
 IPv4Network('10.116.0.0/16'),
 IPv4Network('10.117.0.0/16'),
 IPv4Network('10.118.0.0/16'),
 IPv4Network('10.119.0.0/16'),
 IPv4Network('10.120.0.0/16'),
 IPv4Network('10.121.0.0/16'),
 IPv4Network('10.122.0.0/16'),
 IPv4Network('10.123.0.0/16'),
 IPv4Network('10.124.0.0/16'),
 IPv4Network('10.125.0.0/16'),
 IPv4Network('10.126.0.0/16'),
 IPv4Network('10.127.0.0/16')]
[IPv4Network('10.0.0.0/8'),
 IPv4Network('129.79.0.0/16'),
 IPv4Network('134.68.0.0/16'),
 IPv4Network('140.182.0.0/16'),
 IPv4Network('149.159.0.0/16'),
 IPv4Network('149.160.0.0/14'),
 IPv4Network('156.56.0.0/16'),
 IPv4Network('172.16.0.0/12'),
 IPv4Network('192.168.0.0/24'),
 IPv6Network('::/128'),
 IPv4Network('10.0.0.0/16'),
 IPv4Network('10.1.0.0/16'),
 IPv4Network('10.2.0.0/16'),
 IPv4Network('10.3.0.0/16'),
 IPv4Network('10.4.0.0/16'),
 IPv4Network('10.5.0.0/16'),
 IPv4Network('10.6.0.0/16'),
 IPv4Network('10.7.0.0/16'),
 IPv4Network('10.8.0.0/16'),
 IPv4Network('10.9.0.0/16'),
 IPv4Network('10.10.0.0/16'),
 IPv4Network('10.11.0.0/16'),
 IPv4Network('10.12.0.0/16'),
 IPv4Network('10.13.0.0/16'),
 IPv4Network('10.14.0.0/16'),
 IPv4Network('10.15.0.0/16'),
 IPv4Network('10.16.0.0/16'),
 IPv4Network('10.17.0.0/16'),
 IPv4Network('10.18.0.0/16'),
 IPv4Network('10.19.0.0/16'),
 IPv4Network('10.20.0.0/16'),
 IPv4Network('10.21.0.0/16'),
 IPv4Network('10.22.0.0/16'),
 IPv4Network('10.23.0.0/16'),
 IPv4Network('10.24.0.0/16'),
 IPv4Network('10.25.0.0/16'),
 IPv4Network('10.26.0.0/16'),
 IPv4Network('10.27.0.0/16'),
 IPv4Network('10.28.0.0/16'),
 IPv4Network('10.29.0.0/16'),
 IPv4Network('10.30.0.0/16'),
 IPv4Network('10.31.0.0/16'),
 IPv4Network('10.32.0.0/16'),
 IPv4Network('10.33.0.0/16'),
 IPv4Network('10.34.0.0/16'),
 IPv4Network('10.35.0.0/16'),
 IPv4Network('10.36.0.0/16'),
 IPv4Network('10.37.0.0/16'),
 IPv4Network('10.38.0.0/16'),
 IPv4Network('10.39.0.0/16'),
 IPv4Network('10.40.0.0/16'),
 IPv4Network('10.41.0.0/16'),
 IPv4Network('10.42.0.0/16'),
 IPv4Network('10.43.0.0/16'),
 IPv4Network('10.44.0.0/16'),
 IPv4Network('10.45.0.0/16'),
 IPv4Network('10.46.0.0/16'),
 IPv4Network('10.47.0.0/16'),
 IPv4Network('10.48.0.0/16'),
 IPv4Network('10.49.0.0/16'),
 IPv4Network('10.50.0.0/16'),
 IPv4Network('10.51.0.0/16'),
 IPv4Network('10.52.0.0/16'),
 IPv4Network('10.53.0.0/16'),
 IPv4Network('10.54.0.0/16'),
 IPv4Network('10.55.0.0/16'),
 IPv4Network('10.56.0.0/16'),
 IPv4Network('10.57.0.0/16'),
 IPv4Network('10.58.0.0/16'),
 IPv4Network('10.59.0.0/16'),
 IPv4Network('10.60.0.0/16'),
 IPv4Network('10.61.0.0/16'),
 IPv4Network('10.62.0.0/16'),
 IPv4Network('10.63.0.0/16'),
 IPv4Network('10.64.0.0/16'),
 IPv4Network('10.65.0.0/16'),
 IPv4Network('10.66.0.0/16'),
 IPv4Network('10.67.0.0/16'),
 IPv4Network('10.68.0.0/16'),
 IPv4Network('10.69.0.0/16'),
 IPv4Network('10.70.0.0/16'),
 IPv4Network('10.71.0.0/16'),
 IPv4Network('10.72.0.0/16'),
 IPv4Network('10.73.0.0/16'),
 IPv4Network('10.74.0.0/16'),
 IPv4Network('10.75.0.0/16'),
 IPv4Network('10.76.0.0/16'),
 IPv4Network('10.77.0.0/16'),
 IPv4Network('10.78.0.0/16'),
 IPv4Network('10.79.0.0/16'),
 IPv4Network('10.80.0.0/16'),
 IPv4Network('10.81.0.0/16'),
 IPv4Network('10.82.0.0/16'),
 IPv4Network('10.83.0.0/16'),
 IPv4Network('10.84.0.0/16'),
 IPv4Network('10.85.0.0/16'),
 IPv4Network('10.86.0.0/16'),
 IPv4Network('10.87.0.0/16'),
 IPv4Network('10.88.0.0/16'),
 IPv4Network('10.89.0.0/16'),
 IPv4Network('10.90.0.0/16'),
 IPv4Network('10.91.0.0/16'),
 IPv4Network('10.92.0.0/16'),
 IPv4Network('10.93.0.0/16'),
 IPv4Network('10.94.0.0/16'),
 IPv4Network('10.95.0.0/16'),
 IPv4Network('10.96.0.0/16'),
 IPv4Network('10.97.0.0/16'),
 IPv4Network('10.98.0.0/16'),
 IPv4Network('10.99.0.0/16'),
 IPv4Network('10.100.0.0/16'),
 IPv4Network('10.101.0.0/16'),
 IPv4Network('10.102.0.0/16'),
 IPv4Network('10.103.0.0/16'),
 IPv4Network('10.104.0.0/16'),
 IPv4Network('10.105.0.0/16'),
 IPv4Network('10.106.0.0/16'),
 IPv4Network('10.107.0.0/16'),
 IPv4Network('10.108.0.0/16'),
 IPv4Network('10.109.0.0/16'),
 IPv4Network('10.110.0.0/16'),
 IPv4Network('10.111.0.0/16'),
 IPv4Network('10.112.0.0/16'),
 IPv4Network('10.113.0.0/16'),
 IPv4Network('10.114.0.0/16'),
 IPv4Network('10.115.0.0/16'),
 IPv4Network('10.116.0.0/16'),
 IPv4Network('10.117.0.0/16'),
 IPv4Network('10.118.0.0/16'),
 IPv4Network('10.119.0.0/16'),
 IPv4Network('10.120.0.0/16'),
 IPv4Network('10.121.0.0/16'),
 IPv4Network('10.122.0.0/16'),
 IPv4Network('10.123.0.0/16'),
 IPv4Network('10.124.0.0/16'),
 IPv4Network('10.125.0.0/16'),
 IPv4Network('10.126.0.0/16'),
 IPv4Network('10.127.0.0/16')]
[IPv4Network('10.0.0.0/8'),
 IPv4Network('129.79.0.0/16'),
 IPv4Network('134.68.0.0/16'),
 IPv4Network('140.182.0.0/16'),
 IPv4Network('149.159.0.0/16'),
 IPv4Network('149.160.0.0/14'),
 IPv4Network('156.56.0.0/16'),
 IPv4Network('172.16.0.0/12'),
 IPv4Network('192.168.0.0/24'),
 IPv6Network('::/128'),
 IPv4Network('10.0.0.0/16'),
 IPv4Network('10.1.0.0/16'),
 IPv4Network('10.2.0.0/16'),
 IPv4Network('10.3.0.0/16'),
 IPv4Network('10.4.0.0/16'),
 IPv4Network('10.5.0.0/16'),
 IPv4Network('10.6.0.0/16'),
 IPv4Network('10.7.0.0/16'),
 IPv4Network('10.8.0.0/16'),
 IPv4Network('10.9.0.0/16'),
 IPv4Network('10.10.0.0/16'),
 IPv4Network('10.11.0.0/16'),
 IPv4Network('10.12.0.0/16'),
 IPv4Network('10.13.0.0/16'),
 IPv4Network('10.14.0.0/16'),
 IPv4Network('10.15.0.0/16'),
 IPv4Network('10.16.0.0/16'),
 IPv4Network('10.17.0.0/16'),
 IPv4Network('10.18.0.0/16'),
 IPv4Network('10.19.0.0/16'),
 IPv4Network('10.20.0.0/16'),
 IPv4Network('10.21.0.0/16'),
 IPv4Network('10.22.0.0/16'),
 IPv4Network('10.23.0.0/16'),
 IPv4Network('10.24.0.0/16'),
 IPv4Network('10.25.0.0/16'),
 IPv4Network('10.26.0.0/16'),
 IPv4Network('10.27.0.0/16'),
 IPv4Network('10.28.0.0/16'),
 IPv4Network('10.29.0.0/16'),
 IPv4Network('10.30.0.0/16'),
 IPv4Network('10.31.0.0/16'),
 IPv4Network('10.32.0.0/16'),
 IPv4Network('10.33.0.0/16'),
 IPv4Network('10.34.0.0/16'),
 IPv4Network('10.35.0.0/16'),
 IPv4Network('10.36.0.0/16'),
 IPv4Network('10.37.0.0/16'),
 IPv4Network('10.38.0.0/16'),
 IPv4Network('10.39.0.0/16'),
 IPv4Network('10.40.0.0/16'),
 IPv4Network('10.41.0.0/16'),
 IPv4Network('10.42.0.0/16'),
 IPv4Network('10.43.0.0/16'),
 IPv4Network('10.44.0.0/16'),
 IPv4Network('10.45.0.0/16'),
 IPv4Network('10.46.0.0/16'),
 IPv4Network('10.47.0.0/16'),
 IPv4Network('10.48.0.0/16'),
 IPv4Network('10.49.0.0/16'),
 IPv4Network('10.50.0.0/16'),
 IPv4Network('10.51.0.0/16'),
 IPv4Network('10.52.0.0/16'),
 IPv4Network('10.53.0.0/16'),
 IPv4Network('10.54.0.0/16'),
 IPv4Network('10.55.0.0/16'),
 IPv4Network('10.56.0.0/16'),
 IPv4Network('10.57.0.0/16'),
 IPv4Network('10.58.0.0/16'),
 IPv4Network('10.59.0.0/16'),
 IPv4Network('10.60.0.0/16'),
 IPv4Network('10.61.0.0/16'),
 IPv4Network('10.62.0.0/16'),
 IPv4Network('10.63.0.0/16'),
 IPv4Network('10.64.0.0/16'),
 IPv4Network('10.65.0.0/16'),
 IPv4Network('10.66.0.0/16'),
 IPv4Network('10.67.0.0/16'),
 IPv4Network('10.68.0.0/16'),
 IPv4Network('10.69.0.0/16'),
 IPv4Network('10.70.0.0/16'),
 IPv4Network('10.71.0.0/16'),
 IPv4Network('10.72.0.0/16'),
 IPv4Network('10.73.0.0/16'),
 IPv4Network('10.74.0.0/16'),
 IPv4Network('10.75.0.0/16'),
 IPv4Network('10.76.0.0/16'),
 IPv4Network('10.77.0.0/16'),
 IPv4Network('10.78.0.0/16'),
 IPv4Network('10.79.0.0/16'),
 IPv4Network('10.80.0.0/16'),
 IPv4Network('10.81.0.0/16'),
 IPv4Network('10.82.0.0/16'),
 IPv4Network('10.83.0.0/16'),
 IPv4Network('10.84.0.0/16'),
 IPv4Network('10.85.0.0/16'),
 IPv4Network('10.86.0.0/16'),
 IPv4Network('10.87.0.0/16'),
 IPv4Network('10.88.0.0/16'),
 IPv4Network('10.89.0.0/16'),
 IPv4Network('10.90.0.0/16'),
 IPv4Network('10.91.0.0/16'),
 IPv4Network('10.92.0.0/16'),
 IPv4Network('10.93.0.0/16'),
 IPv4Network('10.94.0.0/16'),
 IPv4Network('10.95.0.0/16'),
 IPv4Network('10.96.0.0/16'),
 IPv4Network('10.97.0.0/16'),
 IPv4Network('10.98.0.0/16'),
 IPv4Network('10.99.0.0/16'),
 IPv4Network('10.100.0.0/16'),
 IPv4Network('10.101.0.0/16'),
 IPv4Network('10.102.0.0/16'),
 IPv4Network('10.103.0.0/16'),
 IPv4Network('10.104.0.0/16'),
 IPv4Network('10.105.0.0/16'),
 IPv4Network('10.106.0.0/16'),
 IPv4Network('10.107.0.0/16'),
 IPv4Network('10.108.0.0/16'),
 IPv4Network('10.109.0.0/16'),
 IPv4Network('10.110.0.0/16'),
 IPv4Network('10.111.0.0/16'),
 IPv4Network('10.112.0.0/16'),
 IPv4Network('10.113.0.0/16'),
 IPv4Network('10.114.0.0/16'),
 IPv4Network('10.115.0.0/16'),
 IPv4Network('10.116.0.0/16'),
 IPv4Network('10.117.0.0/16'),
 IPv4Network('10.118.0.0/16'),
 IPv4Network('10.119.0.0/16'),
 IPv4Network('10.120.0.0/16'),
 IPv4Network('10.121.0.0/16'),
 IPv4Network('10.122.0.0/16'),
 IPv4Network('10.123.0.0/16'),
 IPv4Network('10.124.0.0/16'),
 IPv4Network('10.125.0.0/16'),
 IPv4Network('10.126.0.0/16'),
 IPv4Network('10.127.0.0/16')]
[IPv4Network('10.0.0.0/8'),
 IPv4Network('129.79.0.0/16'),
 IPv4Network('134.68.0.0/16'),
 IPv4Network('140.182.0.0/16'),
 IPv4Network('149.159.0.0/16'),
 IPv4Network('149.160.0.0/14'),
 IPv4Network('156.56.0.0/16'),
 IPv4Network('172.16.0.0/12'),
 IPv4Network('192.168.0.0/24'),
 IPv6Network('::/128'),
 IPv4Network('10.0.0.0/16'),
 IPv4Network('10.1.0.0/16'),
 IPv4Network('10.2.0.0/16'),
 IPv4Network('10.3.0.0/16'),
 IPv4Network('10.4.0.0/16'),
 IPv4Network('10.5.0.0/16'),
 IPv4Network('10.6.0.0/16'),
 IPv4Network('10.7.0.0/16'),
 IPv4Network('10.8.0.0/16'),
 IPv4Network('10.9.0.0/16'),
 IPv4Network('10.10.0.0/16'),
 IPv4Network('10.11.0.0/16'),
 IPv4Network('10.12.0.0/16'),
 IPv4Network('10.13.0.0/16'),
 IPv4Network('10.14.0.0/16'),
 IPv4Network('10.15.0.0/16'),
 IPv4Network('10.16.0.0/16'),
 IPv4Network('10.17.0.0/16'),
 IPv4Network('10.18.0.0/16'),
 IPv4Network('10.19.0.0/16'),
 IPv4Network('10.20.0.0/16'),
 IPv4Network('10.21.0.0/16'),
 IPv4Network('10.22.0.0/16'),
 IPv4Network('10.23.0.0/16'),
 IPv4Network('10.24.0.0/16'),
 IPv4Network('10.25.0.0/16'),
 IPv4Network('10.26.0.0/16'),
 IPv4Network('10.27.0.0/16'),
 IPv4Network('10.28.0.0/16'),
 IPv4Network('10.29.0.0/16'),
 IPv4Network('10.30.0.0/16'),
 IPv4Network('10.31.0.0/16'),
 IPv4Network('10.32.0.0/16'),
 IPv4Network('10.33.0.0/16'),
 IPv4Network('10.34.0.0/16'),
 IPv4Network('10.35.0.0/16'),
 IPv4Network('10.36.0.0/16'),
 IPv4Network('10.37.0.0/16'),
 IPv4Network('10.38.0.0/16'),
 IPv4Network('10.39.0.0/16'),
 IPv4Network('10.40.0.0/16'),
 IPv4Network('10.41.0.0/16'),
 IPv4Network('10.42.0.0/16'),
 IPv4Network('10.43.0.0/16'),
 IPv4Network('10.44.0.0/16'),
 IPv4Network('10.45.0.0/16'),
 IPv4Network('10.46.0.0/16'),
 IPv4Network('10.47.0.0/16'),
 IPv4Network('10.48.0.0/16'),
 IPv4Network('10.49.0.0/16'),
 IPv4Network('10.50.0.0/16'),
 IPv4Network('10.51.0.0/16'),
 IPv4Network('10.52.0.0/16'),
 IPv4Network('10.53.0.0/16'),
 IPv4Network('10.54.0.0/16'),
 IPv4Network('10.55.0.0/16'),
 IPv4Network('10.56.0.0/16'),
 IPv4Network('10.57.0.0/16'),
 IPv4Network('10.58.0.0/16'),
 IPv4Network('10.59.0.0/16'),
 IPv4Network('10.60.0.0/16'),
 IPv4Network('10.61.0.0/16'),
 IPv4Network('10.62.0.0/16'),
 IPv4Network('10.63.0.0/16'),
 IPv4Network('10.64.0.0/16'),
 IPv4Network('10.65.0.0/16'),
 IPv4Network('10.66.0.0/16'),
 IPv4Network('10.67.0.0/16'),
 IPv4Network('10.68.0.0/16'),
 IPv4Network('10.69.0.0/16'),
 IPv4Network('10.70.0.0/16'),
 IPv4Network('10.71.0.0/16'),
 IPv4Network('10.72.0.0/16'),
 IPv4Network('10.73.0.0/16'),
 IPv4Network('10.74.0.0/16'),
 IPv4Network('10.75.0.0/16'),
 IPv4Network('10.76.0.0/16'),
 IPv4Network('10.77.0.0/16'),
 IPv4Network('10.78.0.0/16'),
 IPv4Network('10.79.0.0/16'),
 IPv4Network('10.80.0.0/16'),
 IPv4Network('10.81.0.0/16'),
 IPv4Network('10.82.0.0/16'),
 IPv4Network('10.83.0.0/16'),
 IPv4Network('10.84.0.0/16'),
 IPv4Network('10.85.0.0/16'),
 IPv4Network('10.86.0.0/16'),
 IPv4Network('10.87.0.0/16'),
 IPv4Network('10.88.0.0/16'),
 IPv4Network('10.89.0.0/16'),
 IPv4Network('10.90.0.0/16'),
 IPv4Network('10.91.0.0/16'),
 IPv4Network('10.92.0.0/16'),
 IPv4Network('10.93.0.0/16'),
 IPv4Network('10.94.0.0/16'),
 IPv4Network('10.95.0.0/16'),
 IPv4Network('10.96.0.0/16'),
 IPv4Network('10.97.0.0/16'),
 IPv4Network('10.98.0.0/16'),
 IPv4Network('10.99.0.0/16'),
 IPv4Network('10.100.0.0/16'),
 IPv4Network('10.101.0.0/16'),
 IPv4Network('10.102.0.0/16'),
 IPv4Network('10.103.0.0/16'),
 IPv4Network('10.104.0.0/16'),
 IPv4Network('10.105.0.0/16'),
 IPv4Network('10.106.0.0/16'),
 IPv4Network('10.107.0.0/16'),
 IPv4Network('10.108.0.0/16'),
 IPv4Network('10.109.0.0/16'),
 IPv4Network('10.110.0.0/16'),
 IPv4Network('10.111.0.0/16'),
 IPv4Network('10.112.0.0/16'),
 IPv4Network('10.113.0.0/16'),
 IPv4Network('10.114.0.0/16'),
 IPv4Network('10.115.0.0/16'),
 IPv4Network('10.116.0.0/16'),
 IPv4Network('10.117.0.0/16'),
 IPv4Network('10.118.0.0/16'),
 IPv4Network('10.119.0.0/16'),
 IPv4Network('10.120.0.0/16'),
 IPv4Network('10.121.0.0/16'),
 IPv4Network('10.122.0.0/16'),
 IPv4Network('10.123.0.0/16'),
 IPv4Network('10.124.0.0/16'),
 IPv4Network('10.125.0.0/16'),
 IPv4Network('10.126.0.0/16'),
 IPv4Network('10.127.0.0/16')]
[IPv4Network('10.0.0.0/8'),
 IPv4Network('129.79.0.0/16'),
 IPv4Network('134.68.0.0/16'),
 IPv4Network('140.182.0.0/16'),
 IPv4Network('149.159.0.0/16'),
 IPv4Network('149.160.0.0/14'),
 IPv4Network('156.56.0.0/16'),
 IPv4Network('172.16.0.0/12'),
 IPv4Network('192.168.0.0/24'),
 IPv6Network('::/128'),
 IPv4Network('10.0.0.0/16'),
 IPv4Network('10.1.0.0/16'),
 IPv4Network('10.2.0.0/16'),
 IPv4Network('10.3.0.0/16'),
 IPv4Network('10.4.0.0/16'),
 IPv4Network('10.5.0.0/16'),
 IPv4Network('10.6.0.0/16'),
 IPv4Network('10.7.0.0/16'),
 IPv4Network('10.8.0.0/16'),
 IPv4Network('10.9.0.0/16'),
 IPv4Network('10.10.0.0/16'),
 IPv4Network('10.11.0.0/16'),
 IPv4Network('10.12.0.0/16'),
 IPv4Network('10.13.0.0/16'),
 IPv4Network('10.14.0.0/16'),
 IPv4Network('10.15.0.0/16'),
 IPv4Network('10.16.0.0/16'),
 IPv4Network('10.17.0.0/16'),
 IPv4Network('10.18.0.0/16'),
 IPv4Network('10.19.0.0/16'),
 IPv4Network('10.20.0.0/16'),
 IPv4Network('10.21.0.0/16'),
 IPv4Network('10.22.0.0/16'),
 IPv4Network('10.23.0.0/16'),
 IPv4Network('10.24.0.0/16'),
 IPv4Network('10.25.0.0/16'),
 IPv4Network('10.26.0.0/16'),
 IPv4Network('10.27.0.0/16'),
 IPv4Network('10.28.0.0/16'),
 IPv4Network('10.29.0.0/16'),
 IPv4Network('10.30.0.0/16'),
 IPv4Network('10.31.0.0/16'),
 IPv4Network('10.32.0.0/16'),
 IPv4Network('10.33.0.0/16'),
 IPv4Network('10.34.0.0/16'),
 IPv4Network('10.35.0.0/16'),
 IPv4Network('10.36.0.0/16'),
 IPv4Network('10.37.0.0/16'),
 IPv4Network('10.38.0.0/16'),
 IPv4Network('10.39.0.0/16'),
 IPv4Network('10.40.0.0/16'),
 IPv4Network('10.41.0.0/16'),
 IPv4Network('10.42.0.0/16'),
 IPv4Network('10.43.0.0/16'),
 IPv4Network('10.44.0.0/16'),
 IPv4Network('10.45.0.0/16'),
 IPv4Network('10.46.0.0/16'),
 IPv4Network('10.47.0.0/16'),
 IPv4Network('10.48.0.0/16'),
 IPv4Network('10.49.0.0/16'),
 IPv4Network('10.50.0.0/16'),
 IPv4Network('10.51.0.0/16'),
 IPv4Network('10.52.0.0/16'),
 IPv4Network('10.53.0.0/16'),
 IPv4Network('10.54.0.0/16'),
 IPv4Network('10.55.0.0/16'),
 IPv4Network('10.56.0.0/16'),
 IPv4Network('10.57.0.0/16'),
 IPv4Network('10.58.0.0/16'),
 IPv4Network('10.59.0.0/16'),
 IPv4Network('10.60.0.0/16'),
 IPv4Network('10.61.0.0/16'),
 IPv4Network('10.62.0.0/16'),
 IPv4Network('10.63.0.0/16'),
 IPv4Network('10.64.0.0/16'),
 IPv4Network('10.65.0.0/16'),
 IPv4Network('10.66.0.0/16'),
 IPv4Network('10.67.0.0/16'),
 IPv4Network('10.68.0.0/16'),
 IPv4Network('10.69.0.0/16'),
 IPv4Network('10.70.0.0/16'),
 IPv4Network('10.71.0.0/16'),
 IPv4Network('10.72.0.0/16'),
 IPv4Network('10.73.0.0/16'),
 IPv4Network('10.74.0.0/16'),
 IPv4Network('10.75.0.0/16'),
 IPv4Network('10.76.0.0/16'),
 IPv4Network('10.77.0.0/16'),
 IPv4Network('10.78.0.0/16'),
 IPv4Network('10.79.0.0/16'),
 IPv4Network('10.80.0.0/16'),
 IPv4Network('10.81.0.0/16'),
 IPv4Network('10.82.0.0/16'),
 IPv4Network('10.83.0.0/16'),
 IPv4Network('10.84.0.0/16'),
 IPv4Network('10.85.0.0/16'),
 IPv4Network('10.86.0.0/16'),
 IPv4Network('10.87.0.0/16'),
 IPv4Network('10.88.0.0/16'),
 IPv4Network('10.89.0.0/16'),
 IPv4Network('10.90.0.0/16'),
 IPv4Network('10.91.0.0/16'),
 IPv4Network('10.92.0.0/16'),
 IPv4Network('10.93.0.0/16'),
 IPv4Network('10.94.0.0/16'),
 IPv4Network('10.95.0.0/16'),
 IPv4Network('10.96.0.0/16'),
 IPv4Network('10.97.0.0/16'),
 IPv4Network('10.98.0.0/16'),
 IPv4Network('10.99.0.0/16'),
 IPv4Network('10.100.0.0/16'),
 IPv4Network('10.101.0.0/16'),
 IPv4Network('10.102.0.0/16'),
 IPv4Network('10.103.0.0/16'),
 IPv4Network('10.104.0.0/16'),
 IPv4Network('10.105.0.0/16'),
 IPv4Network('10.106.0.0/16'),
 IPv4Network('10.107.0.0/16'),
 IPv4Network('10.108.0.0/16'),
 IPv4Network('10.109.0.0/16'),
 IPv4Network('10.110.0.0/16'),
 IPv4Network('10.111.0.0/16'),
 IPv4Network('10.112.0.0/16'),
 IPv4Network('10.113.0.0/16'),
 IPv4Network('10.114.0.0/16'),
 IPv4Network('10.115.0.0/16'),
 IPv4Network('10.116.0.0/16'),
 IPv4Network('10.117.0.0/16'),
 IPv4Network('10.118.0.0/16'),
 IPv4Network('10.119.0.0/16'),
 IPv4Network('10.120.0.0/16'),
 IPv4Network('10.121.0.0/16'),
 IPv4Network('10.122.0.0/16'),
 IPv4Network('10.123.0.0/16'),
 IPv4Network('10.124.0.0/16'),
 IPv4Network('10.125.0.0/16'),
 IPv4Network('10.126.0.0/16'),
 IPv4Network('10.127.0.0/16')]
[IPv4Network('10.0.0.0/8'),
 IPv4Network('129.79.0.0/16'),
 IPv4Network('134.68.0.0/16'),
 IPv4Network('140.182.0.0/16'),
 IPv4Network('149.159.0.0/16'),
 IPv4Network('149.160.0.0/14'),
 IPv4Network('156.56.0.0/16'),
 IPv4Network('172.16.0.0/12'),
 IPv4Network('192.168.0.0/24'),
 IPv6Network('::/128'),
 IPv4Network('10.0.0.0/16'),
 IPv4Network('10.1.0.0/16'),
 IPv4Network('10.2.0.0/16'),
 IPv4Network('10.3.0.0/16'),
 IPv4Network('10.4.0.0/16'),
 IPv4Network('10.5.0.0/16'),
 IPv4Network('10.6.0.0/16'),
 IPv4Network('10.7.0.0/16'),
 IPv4Network('10.8.0.0/16'),
 IPv4Network('10.9.0.0/16'),
 IPv4Network('10.10.0.0/16'),
 IPv4Network('10.11.0.0/16'),
 IPv4Network('10.12.0.0/16'),
 IPv4Network('10.13.0.0/16'),
 IPv4Network('10.14.0.0/16'),
 IPv4Network('10.15.0.0/16'),
 IPv4Network('10.16.0.0/16'),
 IPv4Network('10.17.0.0/16'),
 IPv4Network('10.18.0.0/16'),
 IPv4Network('10.19.0.0/16'),
 IPv4Network('10.20.0.0/16'),
 IPv4Network('10.21.0.0/16'),
 IPv4Network('10.22.0.0/16'),
 IPv4Network('10.23.0.0/16'),
 IPv4Network('10.24.0.0/16'),
 IPv4Network('10.25.0.0/16'),
 IPv4Network('10.26.0.0/16'),
 IPv4Network('10.27.0.0/16'),
 IPv4Network('10.28.0.0/16'),
 IPv4Network('10.29.0.0/16'),
 IPv4Network('10.30.0.0/16'),
 IPv4Network('10.31.0.0/16'),
 IPv4Network('10.32.0.0/16'),
 IPv4Network('10.33.0.0/16'),
 IPv4Network('10.34.0.0/16'),
 IPv4Network('10.35.0.0/16'),
 IPv4Network('10.36.0.0/16'),
 IPv4Network('10.37.0.0/16'),
 IPv4Network('10.38.0.0/16'),
 IPv4Network('10.39.0.0/16'),
 IPv4Network('10.40.0.0/16'),
 IPv4Network('10.41.0.0/16'),
 IPv4Network('10.42.0.0/16'),
 IPv4Network('10.43.0.0/16'),
 IPv4Network('10.44.0.0/16'),
 IPv4Network('10.45.0.0/16'),
 IPv4Network('10.46.0.0/16'),
 IPv4Network('10.47.0.0/16'),
 IPv4Network('10.48.0.0/16'),
 IPv4Network('10.49.0.0/16'),
 IPv4Network('10.50.0.0/16'),
 IPv4Network('10.51.0.0/16'),
 IPv4Network('10.52.0.0/16'),
 IPv4Network('10.53.0.0/16'),
 IPv4Network('10.54.0.0/16'),
 IPv4Network('10.55.0.0/16'),
 IPv4Network('10.56.0.0/16'),
 IPv4Network('10.57.0.0/16'),
 IPv4Network('10.58.0.0/16'),
 IPv4Network('10.59.0.0/16'),
 IPv4Network('10.60.0.0/16'),
 IPv4Network('10.61.0.0/16'),
 IPv4Network('10.62.0.0/16'),
 IPv4Network('10.63.0.0/16'),
 IPv4Network('10.64.0.0/16'),
 IPv4Network('10.65.0.0/16'),
 IPv4Network('10.66.0.0/16'),
 IPv4Network('10.67.0.0/16'),
 IPv4Network('10.68.0.0/16'),
 IPv4Network('10.69.0.0/16'),
 IPv4Network('10.70.0.0/16'),
 IPv4Network('10.71.0.0/16'),
 IPv4Network('10.72.0.0/16'),
 IPv4Network('10.73.0.0/16'),
 IPv4Network('10.74.0.0/16'),
 IPv4Network('10.75.0.0/16'),
 IPv4Network('10.76.0.0/16'),
 IPv4Network('10.77.0.0/16'),
 IPv4Network('10.78.0.0/16'),
 IPv4Network('10.79.0.0/16'),
 IPv4Network('10.80.0.0/16'),
 IPv4Network('10.81.0.0/16'),
 IPv4Network('10.82.0.0/16'),
 IPv4Network('10.83.0.0/16'),
 IPv4Network('10.84.0.0/16'),
 IPv4Network('10.85.0.0/16'),
 IPv4Network('10.86.0.0/16'),
 IPv4Network('10.87.0.0/16'),
 IPv4Network('10.88.0.0/16'),
 IPv4Network('10.89.0.0/16'),
 IPv4Network('10.90.0.0/16'),
 IPv4Network('10.91.0.0/16'),
 IPv4Network('10.92.0.0/16'),
 IPv4Network('10.93.0.0/16'),
 IPv4Network('10.94.0.0/16'),
 IPv4Network('10.95.0.0/16'),
 IPv4Network('10.96.0.0/16'),
 IPv4Network('10.97.0.0/16'),
 IPv4Network('10.98.0.0/16'),
 IPv4Network('10.99.0.0/16'),
 IPv4Network('10.100.0.0/16'),
 IPv4Network('10.101.0.0/16'),
 IPv4Network('10.102.0.0/16'),
 IPv4Network('10.103.0.0/16'),
 IPv4Network('10.104.0.0/16'),
 IPv4Network('10.105.0.0/16'),
 IPv4Network('10.106.0.0/16'),
 IPv4Network('10.107.0.0/16'),
 IPv4Network('10.108.0.0/16'),
 IPv4Network('10.109.0.0/16'),
 IPv4Network('10.110.0.0/16'),
 IPv4Network('10.111.0.0/16'),
 IPv4Network('10.112.0.0/16'),
 IPv4Network('10.113.0.0/16'),
 IPv4Network('10.114.0.0/16'),
 IPv4Network('10.115.0.0/16'),
 IPv4Network('10.116.0.0/16'),
 IPv4Network('10.117.0.0/16'),
 IPv4Network('10.118.0.0/16'),
 IPv4Network('10.119.0.0/16'),
 IPv4Network('10.120.0.0/16'),
 IPv4Network('10.121.0.0/16'),
 IPv4Network('10.122.0.0/16'),
 IPv4Network('10.123.0.0/16'),
 IPv4Network('10.124.0.0/16'),
 IPv4Network('10.125.0.0/16'),
 IPv4Network('10.126.0.0/16'),
 IPv4Network('10.127.0.0/16'),
 IPv4Network('10.128.0.0/16'),
 IPv4Network('10.129.0.0/16')]
[IPv4Network('10.0.0.0/8'),
 IPv4Network('129.79.0.0/16'),
 IPv4Network('134.68.0.0/16'),
 IPv4Network('140.182.0.0/16'),
 IPv4Network('149.159.0.0/16'),
 IPv4Network('149.160.0.0/14'),
 IPv4Network('156.56.0.0/16'),
 IPv4Network('172.16.0.0/12'),
 IPv4Network('192.168.0.0/24'),
 IPv6Network('::/128'),
 IPv4Network('10.0.0.0/16'),
 IPv4Network('10.1.0.0/16'),
 IPv4Network('10.2.0.0/16'),
 IPv4Network('10.3.0.0/16'),
 IPv4Network('10.4.0.0/16'),
 IPv4Network('10.5.0.0/16'),
 IPv4Network('10.6.0.0/16'),
 IPv4Network('10.7.0.0/16'),
 IPv4Network('10.8.0.0/16'),
 IPv4Network('10.9.0.0/16'),
 IPv4Network('10.10.0.0/16'),
 IPv4Network('10.11.0.0/16'),
 IPv4Network('10.12.0.0/16'),
 IPv4Network('10.13.0.0/16'),
 IPv4Network('10.14.0.0/16'),
 IPv4Network('10.15.0.0/16'),
 IPv4Network('10.16.0.0/16'),
 IPv4Network('10.17.0.0/16'),
 IPv4Network('10.18.0.0/16'),
 IPv4Network('10.19.0.0/16'),
 IPv4Network('10.20.0.0/16'),
 IPv4Network('10.21.0.0/16'),
 IPv4Network('10.22.0.0/16'),
 IPv4Network('10.23.0.0/16'),
 IPv4Network('10.24.0.0/16'),
 IPv4Network('10.25.0.0/16'),
 IPv4Network('10.26.0.0/16'),
 IPv4Network('10.27.0.0/16'),
 IPv4Network('10.28.0.0/16'),
 IPv4Network('10.29.0.0/16'),
 IPv4Network('10.30.0.0/16'),
 IPv4Network('10.31.0.0/16'),
 IPv4Network('10.32.0.0/16'),
 IPv4Network('10.33.0.0/16'),
 IPv4Network('10.34.0.0/16'),
 IPv4Network('10.35.0.0/16'),
 IPv4Network('10.36.0.0/16'),
 IPv4Network('10.37.0.0/16'),
 IPv4Network('10.38.0.0/16'),
 IPv4Network('10.39.0.0/16'),
 IPv4Network('10.40.0.0/16'),
 IPv4Network('10.41.0.0/16'),
 IPv4Network('10.42.0.0/16'),
 IPv4Network('10.43.0.0/16'),
 IPv4Network('10.44.0.0/16'),
 IPv4Network('10.45.0.0/16'),
 IPv4Network('10.46.0.0/16'),
 IPv4Network('10.47.0.0/16'),
 IPv4Network('10.48.0.0/16'),
 IPv4Network('10.49.0.0/16'),
 IPv4Network('10.50.0.0/16'),
 IPv4Network('10.51.0.0/16'),
 IPv4Network('10.52.0.0/16'),
 IPv4Network('10.53.0.0/16'),
 IPv4Network('10.54.0.0/16'),
 IPv4Network('10.55.0.0/16'),
 IPv4Network('10.56.0.0/16'),
 IPv4Network('10.57.0.0/16'),
 IPv4Network('10.58.0.0/16'),
 IPv4Network('10.59.0.0/16'),
 IPv4Network('10.60.0.0/16'),
 IPv4Network('10.61.0.0/16'),
 IPv4Network('10.62.0.0/16'),
 IPv4Network('10.63.0.0/16'),
 IPv4Network('10.64.0.0/16'),
 IPv4Network('10.65.0.0/16'),
 IPv4Network('10.66.0.0/16'),
 IPv4Network('10.67.0.0/16'),
 IPv4Network('10.68.0.0/16'),
 IPv4Network('10.69.0.0/16'),
 IPv4Network('10.70.0.0/16'),
 IPv4Network('10.71.0.0/16'),
 IPv4Network('10.72.0.0/16'),
 IPv4Network('10.73.0.0/16'),
 IPv4Network('10.74.0.0/16'),
 IPv4Network('10.75.0.0/16'),
 IPv4Network('10.76.0.0/16'),
 IPv4Network('10.77.0.0/16'),
 IPv4Network('10.78.0.0/16'),
 IPv4Network('10.79.0.0/16'),
 IPv4Network('10.80.0.0/16'),
 IPv4Network('10.81.0.0/16'),
 IPv4Network('10.82.0.0/16'),
 IPv4Network('10.83.0.0/16'),
 IPv4Network('10.84.0.0/16'),
 IPv4Network('10.85.0.0/16'),
 IPv4Network('10.86.0.0/16'),
 IPv4Network('10.87.0.0/16'),
 IPv4Network('10.88.0.0/16'),
 IPv4Network('10.89.0.0/16'),
 IPv4Network('10.90.0.0/16'),
 IPv4Network('10.91.0.0/16'),
 IPv4Network('10.92.0.0/16'),
 IPv4Network('10.93.0.0/16'),
 IPv4Network('10.94.0.0/16'),
 IPv4Network('10.95.0.0/16'),
 IPv4Network('10.96.0.0/16'),
 IPv4Network('10.97.0.0/16'),
 IPv4Network('10.98.0.0/16'),
 IPv4Network('10.99.0.0/16'),
 IPv4Network('10.100.0.0/16'),
 IPv4Network('10.101.0.0/16'),
 IPv4Network('10.102.0.0/16'),
 IPv4Network('10.103.0.0/16'),
 IPv4Network('10.104.0.0/16'),
 IPv4Network('10.105.0.0/16'),
 IPv4Network('10.106.0.0/16'),
 IPv4Network('10.107.0.0/16'),
 IPv4Network('10.108.0.0/16'),
 IPv4Network('10.109.0.0/16'),
 IPv4Network('10.110.0.0/16'),
 IPv4Network('10.111.0.0/16'),
 IPv4Network('10.112.0.0/16'),
 IPv4Network('10.113.0.0/16'),
 IPv4Network('10.114.0.0/16'),
 IPv4Network('10.115.0.0/16'),
 IPv4Network('10.116.0.0/16'),
 IPv4Network('10.117.0.0/16'),
 IPv4Network('10.118.0.0/16'),
 IPv4Network('10.119.0.0/16'),
 IPv4Network('10.120.0.0/16'),
 IPv4Network('10.121.0.0/16'),
 IPv4Network('10.122.0.0/16'),
 IPv4Network('10.123.0.0/16'),
 IPv4Network('10.124.0.0/16'),
 IPv4Network('10.125.0.0/16'),
 IPv4Network('10.126.0.0/16'),
 IPv4Network('10.127.0.0/16'),
 IPv4Network('10.128.0.0/16'),
 IPv4Network('10.129.0.0/16'),
 IPv4Network('10.130.0.0/16'),
 IPv4Network('10.131.0.0/16')]
[IPv4Network('10.0.0.0/8'),
 IPv4Network('129.79.0.0/16'),
 IPv4Network('134.68.0.0/16'),
 IPv4Network('140.182.0.0/16'),
 IPv4Network('149.159.0.0/16'),
 IPv4Network('149.160.0.0/14'),
 IPv4Network('156.56.0.0/16'),
 IPv4Network('172.16.0.0/12'),
 IPv4Network('192.168.0.0/24'),
 IPv6Network('::/128'),
 IPv4Network('10.0.0.0/16'),
 IPv4Network('10.1.0.0/16'),
 IPv4Network('10.2.0.0/16'),
 IPv4Network('10.3.0.0/16'),
 IPv4Network('10.4.0.0/16'),
 IPv4Network('10.5.0.0/16'),
 IPv4Network('10.6.0.0/16'),
 IPv4Network('10.7.0.0/16'),
 IPv4Network('10.8.0.0/16'),
 IPv4Network('10.9.0.0/16'),
 IPv4Network('10.10.0.0/16'),
 IPv4Network('10.11.0.0/16'),
 IPv4Network('10.12.0.0/16'),
 IPv4Network('10.13.0.0/16'),
 IPv4Network('10.14.0.0/16'),
 IPv4Network('10.15.0.0/16'),
 IPv4Network('10.16.0.0/16'),
 IPv4Network('10.17.0.0/16'),
 IPv4Network('10.18.0.0/16'),
 IPv4Network('10.19.0.0/16'),
 IPv4Network('10.20.0.0/16'),
 IPv4Network('10.21.0.0/16'),
 IPv4Network('10.22.0.0/16'),
 IPv4Network('10.23.0.0/16'),
 IPv4Network('10.24.0.0/16'),
 IPv4Network('10.25.0.0/16'),
 IPv4Network('10.26.0.0/16'),
 IPv4Network('10.27.0.0/16'),
 IPv4Network('10.28.0.0/16'),
 IPv4Network('10.29.0.0/16'),
 IPv4Network('10.30.0.0/16'),
 IPv4Network('10.31.0.0/16'),
 IPv4Network('10.32.0.0/16'),
 IPv4Network('10.33.0.0/16'),
 IPv4Network('10.34.0.0/16'),
 IPv4Network('10.35.0.0/16'),
 IPv4Network('10.36.0.0/16'),
 IPv4Network('10.37.0.0/16'),
 IPv4Network('10.38.0.0/16'),
 IPv4Network('10.39.0.0/16'),
 IPv4Network('10.40.0.0/16'),
 IPv4Network('10.41.0.0/16'),
 IPv4Network('10.42.0.0/16'),
 IPv4Network('10.43.0.0/16'),
 IPv4Network('10.44.0.0/16'),
 IPv4Network('10.45.0.0/16'),
 IPv4Network('10.46.0.0/16'),
 IPv4Network('10.47.0.0/16'),
 IPv4Network('10.48.0.0/16'),
 IPv4Network('10.49.0.0/16'),
 IPv4Network('10.50.0.0/16'),
 IPv4Network('10.51.0.0/16'),
 IPv4Network('10.52.0.0/16'),
 IPv4Network('10.53.0.0/16'),
 IPv4Network('10.54.0.0/16'),
 IPv4Network('10.55.0.0/16'),
 IPv4Network('10.56.0.0/16'),
 IPv4Network('10.57.0.0/16'),
 IPv4Network('10.58.0.0/16'),
 IPv4Network('10.59.0.0/16'),
 IPv4Network('10.60.0.0/16'),
 IPv4Network('10.61.0.0/16'),
 IPv4Network('10.62.0.0/16'),
 IPv4Network('10.63.0.0/16'),
 IPv4Network('10.64.0.0/16'),
 IPv4Network('10.65.0.0/16'),
 IPv4Network('10.66.0.0/16'),
 IPv4Network('10.67.0.0/16'),
 IPv4Network('10.68.0.0/16'),
 IPv4Network('10.69.0.0/16'),
 IPv4Network('10.70.0.0/16'),
 IPv4Network('10.71.0.0/16'),
 IPv4Network('10.72.0.0/16'),
 IPv4Network('10.73.0.0/16'),
 IPv4Network('10.74.0.0/16'),
 IPv4Network('10.75.0.0/16'),
 IPv4Network('10.76.0.0/16'),
 IPv4Network('10.77.0.0/16'),
 IPv4Network('10.78.0.0/16'),
 IPv4Network('10.79.0.0/16'),
 IPv4Network('10.80.0.0/16'),
 IPv4Network('10.81.0.0/16'),
 IPv4Network('10.82.0.0/16'),
 IPv4Network('10.83.0.0/16'),
 IPv4Network('10.84.0.0/16'),
 IPv4Network('10.85.0.0/16'),
 IPv4Network('10.86.0.0/16'),
 IPv4Network('10.87.0.0/16'),
 IPv4Network('10.88.0.0/16'),
 IPv4Network('10.89.0.0/16'),
 IPv4Network('10.90.0.0/16'),
 IPv4Network('10.91.0.0/16'),
 IPv4Network('10.92.0.0/16'),
 IPv4Network('10.93.0.0/16'),
 IPv4Network('10.94.0.0/16'),
 IPv4Network('10.95.0.0/16'),
 IPv4Network('10.96.0.0/16'),
 IPv4Network('10.97.0.0/16'),
 IPv4Network('10.98.0.0/16'),
 IPv4Network('10.99.0.0/16'),
 IPv4Network('10.100.0.0/16'),
 IPv4Network('10.101.0.0/16'),
 IPv4Network('10.102.0.0/16'),
 IPv4Network('10.103.0.0/16'),
 IPv4Network('10.104.0.0/16'),
 IPv4Network('10.105.0.0/16'),
 IPv4Network('10.106.0.0/16'),
 IPv4Network('10.107.0.0/16'),
 IPv4Network('10.108.0.0/16'),
 IPv4Network('10.109.0.0/16'),
 IPv4Network('10.110.0.0/16'),
 IPv4Network('10.111.0.0/16'),
 IPv4Network('10.112.0.0/16'),
 IPv4Network('10.113.0.0/16'),
 IPv4Network('10.114.0.0/16'),
 IPv4Network('10.115.0.0/16'),
 IPv4Network('10.116.0.0/16'),
 IPv4Network('10.117.0.0/16'),
 IPv4Network('10.118.0.0/16'),
 IPv4Network('10.119.0.0/16'),
 IPv4Network('10.120.0.0/16'),
 IPv4Network('10.121.0.0/16'),
 IPv4Network('10.122.0.0/16'),
 IPv4Network('10.123.0.0/16'),
 IPv4Network('10.124.0.0/16'),
 IPv4Network('10.125.0.0/16'),
 IPv4Network('10.126.0.0/16'),
 IPv4Network('10.127.0.0/16'),
 IPv4Network('10.128.0.0/16'),
 IPv4Network('10.129.0.0/16'),
 IPv4Network('10.130.0.0/16'),
 IPv4Network('10.131.0.0/16')]
[IPv4Network('10.0.0.0/8'),
 IPv4Network('129.79.0.0/16'),
 IPv4Network('134.68.0.0/16'),
 IPv4Network('140.182.0.0/16'),
 IPv4Network('149.159.0.0/16'),
 IPv4Network('149.160.0.0/14'),
 IPv4Network('156.56.0.0/16'),
 IPv4Network('172.16.0.0/12'),
 IPv4Network('192.168.0.0/24'),
 IPv6Network('::/128'),
 IPv4Network('10.0.0.0/16'),
 IPv4Network('10.1.0.0/16'),
 IPv4Network('10.2.0.0/16'),
 IPv4Network('10.3.0.0/16'),
 IPv4Network('10.4.0.0/16'),
 IPv4Network('10.5.0.0/16'),
 IPv4Network('10.6.0.0/16'),
 IPv4Network('10.7.0.0/16'),
 IPv4Network('10.8.0.0/16'),
 IPv4Network('10.9.0.0/16'),
 IPv4Network('10.10.0.0/16'),
 IPv4Network('10.11.0.0/16'),
 IPv4Network('10.12.0.0/16'),
 IPv4Network('10.13.0.0/16'),
 IPv4Network('10.14.0.0/16'),
 IPv4Network('10.15.0.0/16'),
 IPv4Network('10.16.0.0/16'),
 IPv4Network('10.17.0.0/16'),
 IPv4Network('10.18.0.0/16'),
 IPv4Network('10.19.0.0/16'),
 IPv4Network('10.20.0.0/16'),
 IPv4Network('10.21.0.0/16'),
 IPv4Network('10.22.0.0/16'),
 IPv4Network('10.23.0.0/16'),
 IPv4Network('10.24.0.0/16'),
 IPv4Network('10.25.0.0/16'),
 IPv4Network('10.26.0.0/16'),
 IPv4Network('10.27.0.0/16'),
 IPv4Network('10.28.0.0/16'),
 IPv4Network('10.29.0.0/16'),
 IPv4Network('10.30.0.0/16'),
 IPv4Network('10.31.0.0/16'),
 IPv4Network('10.32.0.0/16'),
 IPv4Network('10.33.0.0/16'),
 IPv4Network('10.34.0.0/16'),
 IPv4Network('10.35.0.0/16'),
 IPv4Network('10.36.0.0/16'),
 IPv4Network('10.37.0.0/16'),
 IPv4Network('10.38.0.0/16'),
 IPv4Network('10.39.0.0/16'),
 IPv4Network('10.40.0.0/16'),
 IPv4Network('10.41.0.0/16'),
 IPv4Network('10.42.0.0/16'),
 IPv4Network('10.43.0.0/16'),
 IPv4Network('10.44.0.0/16'),
 IPv4Network('10.45.0.0/16'),
 IPv4Network('10.46.0.0/16'),
 IPv4Network('10.47.0.0/16'),
 IPv4Network('10.48.0.0/16'),
 IPv4Network('10.49.0.0/16'),
 IPv4Network('10.50.0.0/16'),
 IPv4Network('10.51.0.0/16'),
 IPv4Network('10.52.0.0/16'),
 IPv4Network('10.53.0.0/16'),
 IPv4Network('10.54.0.0/16'),
 IPv4Network('10.55.0.0/16'),
 IPv4Network('10.56.0.0/16'),
 IPv4Network('10.57.0.0/16'),
 IPv4Network('10.58.0.0/16'),
 IPv4Network('10.59.0.0/16'),
 IPv4Network('10.60.0.0/16'),
 IPv4Network('10.61.0.0/16'),
 IPv4Network('10.62.0.0/16'),
 IPv4Network('10.63.0.0/16'),
 IPv4Network('10.64.0.0/16'),
 IPv4Network('10.65.0.0/16'),
 IPv4Network('10.66.0.0/16'),
 IPv4Network('10.67.0.0/16'),
 IPv4Network('10.68.0.0/16'),
 IPv4Network('10.69.0.0/16'),
 IPv4Network('10.70.0.0/16'),
 IPv4Network('10.71.0.0/16'),
 IPv4Network('10.72.0.0/16'),
 IPv4Network('10.73.0.0/16'),
 IPv4Network('10.74.0.0/16'),
 IPv4Network('10.75.0.0/16'),
 IPv4Network('10.76.0.0/16'),
 IPv4Network('10.77.0.0/16'),
 IPv4Network('10.78.0.0/16'),
 IPv4Network('10.79.0.0/16'),
 IPv4Network('10.80.0.0/16'),
 IPv4Network('10.81.0.0/16'),
 IPv4Network('10.82.0.0/16'),
 IPv4Network('10.83.0.0/16'),
 IPv4Network('10.84.0.0/16'),
 IPv4Network('10.85.0.0/16'),
 IPv4Network('10.86.0.0/16'),
 IPv4Network('10.87.0.0/16'),
 IPv4Network('10.88.0.0/16'),
 IPv4Network('10.89.0.0/16'),
 IPv4Network('10.90.0.0/16'),
 IPv4Network('10.91.0.0/16'),
 IPv4Network('10.92.0.0/16'),
 IPv4Network('10.93.0.0/16'),
 IPv4Network('10.94.0.0/16'),
 IPv4Network('10.95.0.0/16'),
 IPv4Network('10.96.0.0/16'),
 IPv4Network('10.97.0.0/16'),
 IPv4Network('10.98.0.0/16'),
 IPv4Network('10.99.0.0/16'),
 IPv4Network('10.100.0.0/16'),
 IPv4Network('10.101.0.0/16'),
 IPv4Network('10.102.0.0/16'),
 IPv4Network('10.103.0.0/16'),
 IPv4Network('10.104.0.0/16'),
 IPv4Network('10.105.0.0/16'),
 IPv4Network('10.106.0.0/16'),
 IPv4Network('10.107.0.0/16'),
 IPv4Network('10.108.0.0/16'),
 IPv4Network('10.109.0.0/16'),
 IPv4Network('10.110.0.0/16'),
 IPv4Network('10.111.0.0/16'),
 IPv4Network('10.112.0.0/16'),
 IPv4Network('10.113.0.0/16'),
 IPv4Network('10.114.0.0/16'),
 IPv4Network('10.115.0.0/16'),
 IPv4Network('10.116.0.0/16'),
 IPv4Network('10.117.0.0/16'),
 IPv4Network('10.118.0.0/16'),
 IPv4Network('10.119.0.0/16'),
 IPv4Network('10.120.0.0/16'),
 IPv4Network('10.121.0.0/16'),
 IPv4Network('10.122.0.0/16'),
 IPv4Network('10.123.0.0/16'),
 IPv4Network('10.124.0.0/16'),
 IPv4Network('10.125.0.0/16'),
 IPv4Network('10.126.0.0/16'),
 IPv4Network('10.127.0.0/16'),
 IPv4Network('10.128.0.0/16'),
 IPv4Network('10.129.0.0/16'),
 IPv4Network('10.130.0.0/16'),
 IPv4Network('10.131.0.0/16'),
 IPv4Network('10.132.0.0/16'),
 IPv4Network('10.133.0.0/16')]
[IPv4Network('10.0.0.0/8'),
 IPv4Network('129.79.0.0/16'),
 IPv4Network('134.68.0.0/16'),
 IPv4Network('140.182.0.0/16'),
 IPv4Network('149.159.0.0/16'),
 IPv4Network('149.160.0.0/14'),
 IPv4Network('156.56.0.0/16'),
 IPv4Network('172.16.0.0/12'),
 IPv4Network('192.168.0.0/24'),
 IPv6Network('::/128'),
 IPv4Network('10.0.0.0/16'),
 IPv4Network('10.1.0.0/16'),
 IPv4Network('10.2.0.0/16'),
 IPv4Network('10.3.0.0/16'),
 IPv4Network('10.4.0.0/16'),
 IPv4Network('10.5.0.0/16'),
 IPv4Network('10.6.0.0/16'),
 IPv4Network('10.7.0.0/16'),
 IPv4Network('10.8.0.0/16'),
 IPv4Network('10.9.0.0/16'),
 IPv4Network('10.10.0.0/16'),
 IPv4Network('10.11.0.0/16'),
 IPv4Network('10.12.0.0/16'),
 IPv4Network('10.13.0.0/16'),
 IPv4Network('10.14.0.0/16'),
 IPv4Network('10.15.0.0/16'),
 IPv4Network('10.16.0.0/16'),
 IPv4Network('10.17.0.0/16'),
 IPv4Network('10.18.0.0/16'),
 IPv4Network('10.19.0.0/16'),
 IPv4Network('10.20.0.0/16'),
 IPv4Network('10.21.0.0/16'),
 IPv4Network('10.22.0.0/16'),
 IPv4Network('10.23.0.0/16'),
 IPv4Network('10.24.0.0/16'),
 IPv4Network('10.25.0.0/16'),
 IPv4Network('10.26.0.0/16'),
 IPv4Network('10.27.0.0/16'),
 IPv4Network('10.28.0.0/16'),
 IPv4Network('10.29.0.0/16'),
 IPv4Network('10.30.0.0/16'),
 IPv4Network('10.31.0.0/16'),
 IPv4Network('10.32.0.0/16'),
 IPv4Network('10.33.0.0/16'),
 IPv4Network('10.34.0.0/16'),
 IPv4Network('10.35.0.0/16'),
 IPv4Network('10.36.0.0/16'),
 IPv4Network('10.37.0.0/16'),
 IPv4Network('10.38.0.0/16'),
 IPv4Network('10.39.0.0/16'),
 IPv4Network('10.40.0.0/16'),
 IPv4Network('10.41.0.0/16'),
 IPv4Network('10.42.0.0/16'),
 IPv4Network('10.43.0.0/16'),
 IPv4Network('10.44.0.0/16'),
 IPv4Network('10.45.0.0/16'),
 IPv4Network('10.46.0.0/16'),
 IPv4Network('10.47.0.0/16'),
 IPv4Network('10.48.0.0/16'),
 IPv4Network('10.49.0.0/16'),
 IPv4Network('10.50.0.0/16'),
 IPv4Network('10.51.0.0/16'),
 IPv4Network('10.52.0.0/16'),
 IPv4Network('10.53.0.0/16'),
 IPv4Network('10.54.0.0/16'),
 IPv4Network('10.55.0.0/16'),
 IPv4Network('10.56.0.0/16'),
 IPv4Network('10.57.0.0/16'),
 IPv4Network('10.58.0.0/16'),
 IPv4Network('10.59.0.0/16'),
 IPv4Network('10.60.0.0/16'),
 IPv4Network('10.61.0.0/16'),
 IPv4Network('10.62.0.0/16'),
 IPv4Network('10.63.0.0/16'),
 IPv4Network('10.64.0.0/16'),
 IPv4Network('10.65.0.0/16'),
 IPv4Network('10.66.0.0/16'),
 IPv4Network('10.67.0.0/16'),
 IPv4Network('10.68.0.0/16'),
 IPv4Network('10.69.0.0/16'),
 IPv4Network('10.70.0.0/16'),
 IPv4Network('10.71.0.0/16'),
 IPv4Network('10.72.0.0/16'),
 IPv4Network('10.73.0.0/16'),
 IPv4Network('10.74.0.0/16'),
 IPv4Network('10.75.0.0/16'),
 IPv4Network('10.76.0.0/16'),
 IPv4Network('10.77.0.0/16'),
 IPv4Network('10.78.0.0/16'),
 IPv4Network('10.79.0.0/16'),
 IPv4Network('10.80.0.0/16'),
 IPv4Network('10.81.0.0/16'),
 IPv4Network('10.82.0.0/16'),
 IPv4Network('10.83.0.0/16'),
 IPv4Network('10.84.0.0/16'),
 IPv4Network('10.85.0.0/16'),
 IPv4Network('10.86.0.0/16'),
 IPv4Network('10.87.0.0/16'),
 IPv4Network('10.88.0.0/16'),
 IPv4Network('10.89.0.0/16'),
 IPv4Network('10.90.0.0/16'),
 IPv4Network('10.91.0.0/16'),
 IPv4Network('10.92.0.0/16'),
 IPv4Network('10.93.0.0/16'),
 IPv4Network('10.94.0.0/16'),
 IPv4Network('10.95.0.0/16'),
 IPv4Network('10.96.0.0/16'),
 IPv4Network('10.97.0.0/16'),
 IPv4Network('10.98.0.0/16'),
 IPv4Network('10.99.0.0/16'),
 IPv4Network('10.100.0.0/16'),
 IPv4Network('10.101.0.0/16'),
 IPv4Network('10.102.0.0/16'),
 IPv4Network('10.103.0.0/16'),
 IPv4Network('10.104.0.0/16'),
 IPv4Network('10.105.0.0/16'),
 IPv4Network('10.106.0.0/16'),
 IPv4Network('10.107.0.0/16'),
 IPv4Network('10.108.0.0/16'),
 IPv4Network('10.109.0.0/16'),
 IPv4Network('10.110.0.0/16'),
 IPv4Network('10.111.0.0/16'),
 IPv4Network('10.112.0.0/16'),
 IPv4Network('10.113.0.0/16'),
 IPv4Network('10.114.0.0/16'),
 IPv4Network('10.115.0.0/16'),
 IPv4Network('10.116.0.0/16'),
 IPv4Network('10.117.0.0/16'),
 IPv4Network('10.118.0.0/16'),
 IPv4Network('10.119.0.0/16'),
 IPv4Network('10.120.0.0/16'),
 IPv4Network('10.121.0.0/16'),
 IPv4Network('10.122.0.0/16'),
 IPv4Network('10.123.0.0/16'),
 IPv4Network('10.124.0.0/16'),
 IPv4Network('10.125.0.0/16'),
 IPv4Network('10.126.0.0/16'),
 IPv4Network('10.127.0.0/16'),
 IPv4Network('10.128.0.0/16'),
 IPv4Network('10.129.0.0/16'),
 IPv4Network('10.130.0.0/16'),
 IPv4Network('10.131.0.0/16'),
 IPv4Network('10.132.0.0/16'),
 IPv4Network('10.133.0.0/16'),
 IPv4Network('10.134.0.0/16'),
 IPv4Network('10.135.0.0/16')]
[IPv4Network('10.0.0.0/8'),
 IPv4Network('129.79.0.0/16'),
 IPv4Network('134.68.0.0/16'),
 IPv4Network('140.182.0.0/16'),
 IPv4Network('149.159.0.0/16'),
 IPv4Network('149.160.0.0/14'),
 IPv4Network('156.56.0.0/16'),
 IPv4Network('172.16.0.0/12'),
 IPv4Network('192.168.0.0/24'),
 IPv6Network('::/128'),
 IPv4Network('10.0.0.0/16'),
 IPv4Network('10.1.0.0/16'),
 IPv4Network('10.2.0.0/16'),
 IPv4Network('10.3.0.0/16'),
 IPv4Network('10.4.0.0/16'),
 IPv4Network('10.5.0.0/16'),
 IPv4Network('10.6.0.0/16'),
 IPv4Network('10.7.0.0/16'),
 IPv4Network('10.8.0.0/16'),
 IPv4Network('10.9.0.0/16'),
 IPv4Network('10.10.0.0/16'),
 IPv4Network('10.11.0.0/16'),
 IPv4Network('10.12.0.0/16'),
 IPv4Network('10.13.0.0/16'),
 IPv4Network('10.14.0.0/16'),
 IPv4Network('10.15.0.0/16'),
 IPv4Network('10.16.0.0/16'),
 IPv4Network('10.17.0.0/16'),
 IPv4Network('10.18.0.0/16'),
 IPv4Network('10.19.0.0/16'),
 IPv4Network('10.20.0.0/16'),
 IPv4Network('10.21.0.0/16'),
 IPv4Network('10.22.0.0/16'),
 IPv4Network('10.23.0.0/16'),
 IPv4Network('10.24.0.0/16'),
 IPv4Network('10.25.0.0/16'),
 IPv4Network('10.26.0.0/16'),
 IPv4Network('10.27.0.0/16'),
 IPv4Network('10.28.0.0/16'),
 IPv4Network('10.29.0.0/16'),
 IPv4Network('10.30.0.0/16'),
 IPv4Network('10.31.0.0/16'),
 IPv4Network('10.32.0.0/16'),
 IPv4Network('10.33.0.0/16'),
 IPv4Network('10.34.0.0/16'),
 IPv4Network('10.35.0.0/16'),
 IPv4Network('10.36.0.0/16'),
 IPv4Network('10.37.0.0/16'),
 IPv4Network('10.38.0.0/16'),
 IPv4Network('10.39.0.0/16'),
 IPv4Network('10.40.0.0/16'),
 IPv4Network('10.41.0.0/16'),
 IPv4Network('10.42.0.0/16'),
 IPv4Network('10.43.0.0/16'),
 IPv4Network('10.44.0.0/16'),
 IPv4Network('10.45.0.0/16'),
 IPv4Network('10.46.0.0/16'),
 IPv4Network('10.47.0.0/16'),
 IPv4Network('10.48.0.0/16'),
 IPv4Network('10.49.0.0/16'),
 IPv4Network('10.50.0.0/16'),
 IPv4Network('10.51.0.0/16'),
 IPv4Network('10.52.0.0/16'),
 IPv4Network('10.53.0.0/16'),
 IPv4Network('10.54.0.0/16'),
 IPv4Network('10.55.0.0/16'),
 IPv4Network('10.56.0.0/16'),
 IPv4Network('10.57.0.0/16'),
 IPv4Network('10.58.0.0/16'),
 IPv4Network('10.59.0.0/16'),
 IPv4Network('10.60.0.0/16'),
 IPv4Network('10.61.0.0/16'),
 IPv4Network('10.62.0.0/16'),
 IPv4Network('10.63.0.0/16'),
 IPv4Network('10.64.0.0/16'),
 IPv4Network('10.65.0.0/16'),
 IPv4Network('10.66.0.0/16'),
 IPv4Network('10.67.0.0/16'),
 IPv4Network('10.68.0.0/16'),
 IPv4Network('10.69.0.0/16'),
 IPv4Network('10.70.0.0/16'),
 IPv4Network('10.71.0.0/16'),
 IPv4Network('10.72.0.0/16'),
 IPv4Network('10.73.0.0/16'),
 IPv4Network('10.74.0.0/16'),
 IPv4Network('10.75.0.0/16'),
 IPv4Network('10.76.0.0/16'),
 IPv4Network('10.77.0.0/16'),
 IPv4Network('10.78.0.0/16'),
 IPv4Network('10.79.0.0/16'),
 IPv4Network('10.80.0.0/16'),
 IPv4Network('10.81.0.0/16'),
 IPv4Network('10.82.0.0/16'),
 IPv4Network('10.83.0.0/16'),
 IPv4Network('10.84.0.0/16'),
 IPv4Network('10.85.0.0/16'),
 IPv4Network('10.86.0.0/16'),
 IPv4Network('10.87.0.0/16'),
 IPv4Network('10.88.0.0/16'),
 IPv4Network('10.89.0.0/16'),
 IPv4Network('10.90.0.0/16'),
 IPv4Network('10.91.0.0/16'),
 IPv4Network('10.92.0.0/16'),
 IPv4Network('10.93.0.0/16'),
 IPv4Network('10.94.0.0/16'),
 IPv4Network('10.95.0.0/16'),
 IPv4Network('10.96.0.0/16'),
 IPv4Network('10.97.0.0/16'),
 IPv4Network('10.98.0.0/16'),
 IPv4Network('10.99.0.0/16'),
 IPv4Network('10.100.0.0/16'),
 IPv4Network('10.101.0.0/16'),
 IPv4Network('10.102.0.0/16'),
 IPv4Network('10.103.0.0/16'),
 IPv4Network('10.104.0.0/16'),
 IPv4Network('10.105.0.0/16'),
 IPv4Network('10.106.0.0/16'),
 IPv4Network('10.107.0.0/16'),
 IPv4Network('10.108.0.0/16'),
 IPv4Network('10.109.0.0/16'),
 IPv4Network('10.110.0.0/16'),
 IPv4Network('10.111.0.0/16'),
 IPv4Network('10.112.0.0/16'),
 IPv4Network('10.113.0.0/16'),
 IPv4Network('10.114.0.0/16'),
 IPv4Network('10.115.0.0/16'),
 IPv4Network('10.116.0.0/16'),
 IPv4Network('10.117.0.0/16'),
 IPv4Network('10.118.0.0/16'),
 IPv4Network('10.119.0.0/16'),
 IPv4Network('10.120.0.0/16'),
 IPv4Network('10.121.0.0/16'),
 IPv4Network('10.122.0.0/16'),
 IPv4Network('10.123.0.0/16'),
 IPv4Network('10.124.0.0/16'),
 IPv4Network('10.125.0.0/16'),
 IPv4Network('10.126.0.0/16'),
 IPv4Network('10.127.0.0/16'),
 IPv4Network('10.128.0.0/16'),
 IPv4Network('10.129.0.0/16'),
 IPv4Network('10.130.0.0/16'),
 IPv4Network('10.131.0.0/16'),
 IPv4Network('10.132.0.0/16'),
 IPv4Network('10.133.0.0/16'),
 IPv4Network('10.134.0.0/16'),
 IPv4Network('10.135.0.0/16')]
[IPv4Network('10.0.0.0/8'),
 IPv4Network('129.79.0.0/16'),
 IPv4Network('134.68.0.0/16'),
 IPv4Network('140.182.0.0/16'),
 IPv4Network('149.159.0.0/16'),
 IPv4Network('149.160.0.0/14'),
 IPv4Network('156.56.0.0/16'),
 IPv4Network('172.16.0.0/12'),
 IPv4Network('192.168.0.0/24'),
 IPv6Network('::/128'),
 IPv4Network('10.0.0.0/16'),
 IPv4Network('10.1.0.0/16'),
 IPv4Network('10.2.0.0/16'),
 IPv4Network('10.3.0.0/16'),
 IPv4Network('10.4.0.0/16'),
 IPv4Network('10.5.0.0/16'),
 IPv4Network('10.6.0.0/16'),
 IPv4Network('10.7.0.0/16'),
 IPv4Network('10.8.0.0/16'),
 IPv4Network('10.9.0.0/16'),
 IPv4Network('10.10.0.0/16'),
 IPv4Network('10.11.0.0/16'),
 IPv4Network('10.12.0.0/16'),
 IPv4Network('10.13.0.0/16'),
 IPv4Network('10.14.0.0/16'),
 IPv4Network('10.15.0.0/16'),
 IPv4Network('10.16.0.0/16'),
 IPv4Network('10.17.0.0/16'),
 IPv4Network('10.18.0.0/16'),
 IPv4Network('10.19.0.0/16'),
 IPv4Network('10.20.0.0/16'),
 IPv4Network('10.21.0.0/16'),
 IPv4Network('10.22.0.0/16'),
 IPv4Network('10.23.0.0/16'),
 IPv4Network('10.24.0.0/16'),
 IPv4Network('10.25.0.0/16'),
 IPv4Network('10.26.0.0/16'),
 IPv4Network('10.27.0.0/16'),
 IPv4Network('10.28.0.0/16'),
 IPv4Network('10.29.0.0/16'),
 IPv4Network('10.30.0.0/16'),
 IPv4Network('10.31.0.0/16'),
 IPv4Network('10.32.0.0/16'),
 IPv4Network('10.33.0.0/16'),
 IPv4Network('10.34.0.0/16'),
 IPv4Network('10.35.0.0/16'),
 IPv4Network('10.36.0.0/16'),
 IPv4Network('10.37.0.0/16'),
 IPv4Network('10.38.0.0/16'),
 IPv4Network('10.39.0.0/16'),
 IPv4Network('10.40.0.0/16'),
 IPv4Network('10.41.0.0/16'),
 IPv4Network('10.42.0.0/16'),
 IPv4Network('10.43.0.0/16'),
 IPv4Network('10.44.0.0/16'),
 IPv4Network('10.45.0.0/16'),
 IPv4Network('10.46.0.0/16'),
 IPv4Network('10.47.0.0/16'),
 IPv4Network('10.48.0.0/16'),
 IPv4Network('10.49.0.0/16'),
 IPv4Network('10.50.0.0/16'),
 IPv4Network('10.51.0.0/16'),
 IPv4Network('10.52.0.0/16'),
 IPv4Network('10.53.0.0/16'),
 IPv4Network('10.54.0.0/16'),
 IPv4Network('10.55.0.0/16'),
 IPv4Network('10.56.0.0/16'),
 IPv4Network('10.57.0.0/16'),
 IPv4Network('10.58.0.0/16'),
 IPv4Network('10.59.0.0/16'),
 IPv4Network('10.60.0.0/16'),
 IPv4Network('10.61.0.0/16'),
 IPv4Network('10.62.0.0/16'),
 IPv4Network('10.63.0.0/16'),
 IPv4Network('10.64.0.0/16'),
 IPv4Network('10.65.0.0/16'),
 IPv4Network('10.66.0.0/16'),
 IPv4Network('10.67.0.0/16'),
 IPv4Network('10.68.0.0/16'),
 IPv4Network('10.69.0.0/16'),
 IPv4Network('10.70.0.0/16'),
 IPv4Network('10.71.0.0/16'),
 IPv4Network('10.72.0.0/16'),
 IPv4Network('10.73.0.0/16'),
 IPv4Network('10.74.0.0/16'),
 IPv4Network('10.75.0.0/16'),
 IPv4Network('10.76.0.0/16'),
 IPv4Network('10.77.0.0/16'),
 IPv4Network('10.78.0.0/16'),
 IPv4Network('10.79.0.0/16'),
 IPv4Network('10.80.0.0/16'),
 IPv4Network('10.81.0.0/16'),
 IPv4Network('10.82.0.0/16'),
 IPv4Network('10.83.0.0/16'),
 IPv4Network('10.84.0.0/16'),
 IPv4Network('10.85.0.0/16'),
 IPv4Network('10.86.0.0/16'),
 IPv4Network('10.87.0.0/16'),
 IPv4Network('10.88.0.0/16'),
 IPv4Network('10.89.0.0/16'),
 IPv4Network('10.90.0.0/16'),
 IPv4Network('10.91.0.0/16'),
 IPv4Network('10.92.0.0/16'),
 IPv4Network('10.93.0.0/16'),
 IPv4Network('10.94.0.0/16'),
 IPv4Network('10.95.0.0/16'),
 IPv4Network('10.96.0.0/16'),
 IPv4Network('10.97.0.0/16'),
 IPv4Network('10.98.0.0/16'),
 IPv4Network('10.99.0.0/16'),
 IPv4Network('10.100.0.0/16'),
 IPv4Network('10.101.0.0/16'),
 IPv4Network('10.102.0.0/16'),
 IPv4Network('10.103.0.0/16'),
 IPv4Network('10.104.0.0/16'),
 IPv4Network('10.105.0.0/16'),
 IPv4Network('10.106.0.0/16'),
 IPv4Network('10.107.0.0/16'),
 IPv4Network('10.108.0.0/16'),
 IPv4Network('10.109.0.0/16'),
 IPv4Network('10.110.0.0/16'),
 IPv4Network('10.111.0.0/16'),
 IPv4Network('10.112.0.0/16'),
 IPv4Network('10.113.0.0/16'),
 IPv4Network('10.114.0.0/16'),
 IPv4Network('10.115.0.0/16'),
 IPv4Network('10.116.0.0/16'),
 IPv4Network('10.117.0.0/16'),
 IPv4Network('10.118.0.0/16'),
 IPv4Network('10.119.0.0/16'),
 IPv4Network('10.120.0.0/16'),
 IPv4Network('10.121.0.0/16'),
 IPv4Network('10.122.0.0/16'),
 IPv4Network('10.123.0.0/16'),
 IPv4Network('10.124.0.0/16'),
 IPv4Network('10.125.0.0/16'),
 IPv4Network('10.126.0.0/16'),
 IPv4Network('10.127.0.0/16'),
 IPv4Network('10.128.0.0/16'),
 IPv4Network('10.129.0.0/16'),
 IPv4Network('10.130.0.0/16'),
 IPv4Network('10.131.0.0/16'),
 IPv4Network('10.132.0.0/16'),
 IPv4Network('10.133.0.0/16'),
 IPv4Network('10.134.0.0/16'),
 IPv4Network('10.135.0.0/16')]
[IPv4Network('10.0.0.0/8'),
 IPv4Network('129.79.0.0/16'),
 IPv4Network('134.68.0.0/16'),
 IPv4Network('140.182.0.0/16'),
 IPv4Network('149.159.0.0/16'),
 IPv4Network('149.160.0.0/14'),
 IPv4Network('156.56.0.0/16'),
 IPv4Network('172.16.0.0/12'),
 IPv4Network('192.168.0.0/24'),
 IPv6Network('::/128'),
 IPv4Network('10.0.0.0/16'),
 IPv4Network('10.1.0.0/16'),
 IPv4Network('10.2.0.0/16'),
 IPv4Network('10.3.0.0/16'),
 IPv4Network('10.4.0.0/16'),
 IPv4Network('10.5.0.0/16'),
 IPv4Network('10.6.0.0/16'),
 IPv4Network('10.7.0.0/16'),
 IPv4Network('10.8.0.0/16'),
 IPv4Network('10.9.0.0/16'),
 IPv4Network('10.10.0.0/16'),
 IPv4Network('10.11.0.0/16'),
 IPv4Network('10.12.0.0/16'),
 IPv4Network('10.13.0.0/16'),
 IPv4Network('10.14.0.0/16'),
 IPv4Network('10.15.0.0/16'),
 IPv4Network('10.16.0.0/16'),
 IPv4Network('10.17.0.0/16'),
 IPv4Network('10.18.0.0/16'),
 IPv4Network('10.19.0.0/16'),
 IPv4Network('10.20.0.0/16'),
 IPv4Network('10.21.0.0/16'),
 IPv4Network('10.22.0.0/16'),
 IPv4Network('10.23.0.0/16'),
 IPv4Network('10.24.0.0/16'),
 IPv4Network('10.25.0.0/16'),
 IPv4Network('10.26.0.0/16'),
 IPv4Network('10.27.0.0/16'),
 IPv4Network('10.28.0.0/16'),
 IPv4Network('10.29.0.0/16'),
 IPv4Network('10.30.0.0/16'),
 IPv4Network('10.31.0.0/16'),
 IPv4Network('10.32.0.0/16'),
 IPv4Network('10.33.0.0/16'),
 IPv4Network('10.34.0.0/16'),
 IPv4Network('10.35.0.0/16'),
 IPv4Network('10.36.0.0/16'),
 IPv4Network('10.37.0.0/16'),
 IPv4Network('10.38.0.0/16'),
 IPv4Network('10.39.0.0/16'),
 IPv4Network('10.40.0.0/16'),
 IPv4Network('10.41.0.0/16'),
 IPv4Network('10.42.0.0/16'),
 IPv4Network('10.43.0.0/16'),
 IPv4Network('10.44.0.0/16'),
 IPv4Network('10.45.0.0/16'),
 IPv4Network('10.46.0.0/16'),
 IPv4Network('10.47.0.0/16'),
 IPv4Network('10.48.0.0/16'),
 IPv4Network('10.49.0.0/16'),
 IPv4Network('10.50.0.0/16'),
 IPv4Network('10.51.0.0/16'),
 IPv4Network('10.52.0.0/16'),
 IPv4Network('10.53.0.0/16'),
 IPv4Network('10.54.0.0/16'),
 IPv4Network('10.55.0.0/16'),
 IPv4Network('10.56.0.0/16'),
 IPv4Network('10.57.0.0/16'),
 IPv4Network('10.58.0.0/16'),
 IPv4Network('10.59.0.0/16'),
 IPv4Network('10.60.0.0/16'),
 IPv4Network('10.61.0.0/16'),
 IPv4Network('10.62.0.0/16'),
 IPv4Network('10.63.0.0/16'),
 IPv4Network('10.64.0.0/16'),
 IPv4Network('10.65.0.0/16'),
 IPv4Network('10.66.0.0/16'),
 IPv4Network('10.67.0.0/16'),
 IPv4Network('10.68.0.0/16'),
 IPv4Network('10.69.0.0/16'),
 IPv4Network('10.70.0.0/16'),
 IPv4Network('10.71.0.0/16'),
 IPv4Network('10.72.0.0/16'),
 IPv4Network('10.73.0.0/16'),
 IPv4Network('10.74.0.0/16'),
 IPv4Network('10.75.0.0/16'),
 IPv4Network('10.76.0.0/16'),
 IPv4Network('10.77.0.0/16'),
 IPv4Network('10.78.0.0/16'),
 IPv4Network('10.79.0.0/16'),
 IPv4Network('10.80.0.0/16'),
 IPv4Network('10.81.0.0/16'),
 IPv4Network('10.82.0.0/16'),
 IPv4Network('10.83.0.0/16'),
 IPv4Network('10.84.0.0/16'),
 IPv4Network('10.85.0.0/16'),
 IPv4Network('10.86.0.0/16'),
 IPv4Network('10.87.0.0/16'),
 IPv4Network('10.88.0.0/16'),
 IPv4Network('10.89.0.0/16'),
 IPv4Network('10.90.0.0/16'),
 IPv4Network('10.91.0.0/16'),
 IPv4Network('10.92.0.0/16'),
 IPv4Network('10.93.0.0/16'),
 IPv4Network('10.94.0.0/16'),
 IPv4Network('10.95.0.0/16'),
 IPv4Network('10.96.0.0/16'),
 IPv4Network('10.97.0.0/16'),
 IPv4Network('10.98.0.0/16'),
 IPv4Network('10.99.0.0/16'),
 IPv4Network('10.100.0.0/16'),
 IPv4Network('10.101.0.0/16'),
 IPv4Network('10.102.0.0/16'),
 IPv4Network('10.103.0.0/16'),
 IPv4Network('10.104.0.0/16'),
 IPv4Network('10.105.0.0/16'),
 IPv4Network('10.106.0.0/16'),
 IPv4Network('10.107.0.0/16'),
 IPv4Network('10.108.0.0/16'),
 IPv4Network('10.109.0.0/16'),
 IPv4Network('10.110.0.0/16'),
 IPv4Network('10.111.0.0/16'),
 IPv4Network('10.112.0.0/16'),
 IPv4Network('10.113.0.0/16'),
 IPv4Network('10.114.0.0/16'),
 IPv4Network('10.115.0.0/16'),
 IPv4Network('10.116.0.0/16'),
 IPv4Network('10.117.0.0/16'),
 IPv4Network('10.118.0.0/16'),
 IPv4Network('10.119.0.0/16'),
 IPv4Network('10.120.0.0/16'),
 IPv4Network('10.121.0.0/16'),
 IPv4Network('10.122.0.0/16'),
 IPv4Network('10.123.0.0/16'),
 IPv4Network('10.124.0.0/16'),
 IPv4Network('10.125.0.0/16'),
 IPv4Network('10.126.0.0/16'),
 IPv4Network('10.127.0.0/16'),
 IPv4Network('10.128.0.0/16'),
 IPv4Network('10.129.0.0/16'),
 IPv4Network('10.130.0.0/16'),
 IPv4Network('10.131.0.0/16'),
 IPv4Network('10.132.0.0/16'),
 IPv4Network('10.133.0.0/16'),
 IPv4Network('10.134.0.0/16'),
 IPv4Network('10.135.0.0/16'),
 IPv4Network('10.136.0.0/16'),
 IPv4Network('10.137.0.0/16')]
[IPv4Network('10.0.0.0/8'),
 IPv4Network('129.79.0.0/16'),
 IPv4Network('134.68.0.0/16'),
 IPv4Network('140.182.0.0/16'),
 IPv4Network('149.159.0.0/16'),
 IPv4Network('149.160.0.0/14'),
 IPv4Network('156.56.0.0/16'),
 IPv4Network('172.16.0.0/12'),
 IPv4Network('192.168.0.0/24'),
 IPv6Network('::/128'),
 IPv4Network('10.0.0.0/16'),
 IPv4Network('10.1.0.0/16'),
 IPv4Network('10.2.0.0/16'),
 IPv4Network('10.3.0.0/16'),
 IPv4Network('10.4.0.0/16'),
 IPv4Network('10.5.0.0/16'),
 IPv4Network('10.6.0.0/16'),
 IPv4Network('10.7.0.0/16'),
 IPv4Network('10.8.0.0/16'),
 IPv4Network('10.9.0.0/16'),
 IPv4Network('10.10.0.0/16'),
 IPv4Network('10.11.0.0/16'),
 IPv4Network('10.12.0.0/16'),
 IPv4Network('10.13.0.0/16'),
 IPv4Network('10.14.0.0/16'),
 IPv4Network('10.15.0.0/16'),
 IPv4Network('10.16.0.0/16'),
 IPv4Network('10.17.0.0/16'),
 IPv4Network('10.18.0.0/16'),
 IPv4Network('10.19.0.0/16'),
 IPv4Network('10.20.0.0/16'),
 IPv4Network('10.21.0.0/16'),
 IPv4Network('10.22.0.0/16'),
 IPv4Network('10.23.0.0/16'),
 IPv4Network('10.24.0.0/16'),
 IPv4Network('10.25.0.0/16'),
 IPv4Network('10.26.0.0/16'),
 IPv4Network('10.27.0.0/16'),
 IPv4Network('10.28.0.0/16'),
 IPv4Network('10.29.0.0/16'),
 IPv4Network('10.30.0.0/16'),
 IPv4Network('10.31.0.0/16'),
 IPv4Network('10.32.0.0/16'),
 IPv4Network('10.33.0.0/16'),
 IPv4Network('10.34.0.0/16'),
 IPv4Network('10.35.0.0/16'),
 IPv4Network('10.36.0.0/16'),
 IPv4Network('10.37.0.0/16'),
 IPv4Network('10.38.0.0/16'),
 IPv4Network('10.39.0.0/16'),
 IPv4Network('10.40.0.0/16'),
 IPv4Network('10.41.0.0/16'),
 IPv4Network('10.42.0.0/16'),
 IPv4Network('10.43.0.0/16'),
 IPv4Network('10.44.0.0/16'),
 IPv4Network('10.45.0.0/16'),
 IPv4Network('10.46.0.0/16'),
 IPv4Network('10.47.0.0/16'),
 IPv4Network('10.48.0.0/16'),
 IPv4Network('10.49.0.0/16'),
 IPv4Network('10.50.0.0/16'),
 IPv4Network('10.51.0.0/16'),
 IPv4Network('10.52.0.0/16'),
 IPv4Network('10.53.0.0/16'),
 IPv4Network('10.54.0.0/16'),
 IPv4Network('10.55.0.0/16'),
 IPv4Network('10.56.0.0/16'),
 IPv4Network('10.57.0.0/16'),
 IPv4Network('10.58.0.0/16'),
 IPv4Network('10.59.0.0/16'),
 IPv4Network('10.60.0.0/16'),
 IPv4Network('10.61.0.0/16'),
 IPv4Network('10.62.0.0/16'),
 IPv4Network('10.63.0.0/16'),
 IPv4Network('10.64.0.0/16'),
 IPv4Network('10.65.0.0/16'),
 IPv4Network('10.66.0.0/16'),
 IPv4Network('10.67.0.0/16'),
 IPv4Network('10.68.0.0/16'),
 IPv4Network('10.69.0.0/16'),
 IPv4Network('10.70.0.0/16'),
 IPv4Network('10.71.0.0/16'),
 IPv4Network('10.72.0.0/16'),
 IPv4Network('10.73.0.0/16'),
 IPv4Network('10.74.0.0/16'),
 IPv4Network('10.75.0.0/16'),
 IPv4Network('10.76.0.0/16'),
 IPv4Network('10.77.0.0/16'),
 IPv4Network('10.78.0.0/16'),
 IPv4Network('10.79.0.0/16'),
 IPv4Network('10.80.0.0/16'),
 IPv4Network('10.81.0.0/16'),
 IPv4Network('10.82.0.0/16'),
 IPv4Network('10.83.0.0/16'),
 IPv4Network('10.84.0.0/16'),
 IPv4Network('10.85.0.0/16'),
 IPv4Network('10.86.0.0/16'),
 IPv4Network('10.87.0.0/16'),
 IPv4Network('10.88.0.0/16'),
 IPv4Network('10.89.0.0/16'),
 IPv4Network('10.90.0.0/16'),
 IPv4Network('10.91.0.0/16'),
 IPv4Network('10.92.0.0/16'),
 IPv4Network('10.93.0.0/16'),
 IPv4Network('10.94.0.0/16'),
 IPv4Network('10.95.0.0/16'),
 IPv4Network('10.96.0.0/16'),
 IPv4Network('10.97.0.0/16'),
 IPv4Network('10.98.0.0/16'),
 IPv4Network('10.99.0.0/16'),
 IPv4Network('10.100.0.0/16'),
 IPv4Network('10.101.0.0/16'),
 IPv4Network('10.102.0.0/16'),
 IPv4Network('10.103.0.0/16'),
 IPv4Network('10.104.0.0/16'),
 IPv4Network('10.105.0.0/16'),
 IPv4Network('10.106.0.0/16'),
 IPv4Network('10.107.0.0/16'),
 IPv4Network('10.108.0.0/16'),
 IPv4Network('10.109.0.0/16'),
 IPv4Network('10.110.0.0/16'),
 IPv4Network('10.111.0.0/16'),
 IPv4Network('10.112.0.0/16'),
 IPv4Network('10.113.0.0/16'),
 IPv4Network('10.114.0.0/16'),
 IPv4Network('10.115.0.0/16'),
 IPv4Network('10.116.0.0/16'),
 IPv4Network('10.117.0.0/16'),
 IPv4Network('10.118.0.0/16'),
 IPv4Network('10.119.0.0/16'),
 IPv4Network('10.120.0.0/16'),
 IPv4Network('10.121.0.0/16'),
 IPv4Network('10.122.0.0/16'),
 IPv4Network('10.123.0.0/16'),
 IPv4Network('10.124.0.0/16'),
 IPv4Network('10.125.0.0/16'),
 IPv4Network('10.126.0.0/16'),
 IPv4Network('10.127.0.0/16'),
 IPv4Network('10.128.0.0/16'),
 IPv4Network('10.129.0.0/16'),
 IPv4Network('10.130.0.0/16'),
 IPv4Network('10.131.0.0/16'),
 IPv4Network('10.132.0.0/16'),
 IPv4Network('10.133.0.0/16'),
 IPv4Network('10.134.0.0/16'),
 IPv4Network('10.135.0.0/16'),
 IPv4Network('10.136.0.0/16'),
 IPv4Network('10.137.0.0/16'),
 IPv4Network('10.138.0.0/16'),
 IPv4Network('10.139.0.0/16')]
[IPv4Network('10.0.0.0/8'),
 IPv4Network('129.79.0.0/16'),
 IPv4Network('134.68.0.0/16'),
 IPv4Network('140.182.0.0/16'),
 IPv4Network('149.159.0.0/16'),
 IPv4Network('149.160.0.0/14'),
 IPv4Network('156.56.0.0/16'),
 IPv4Network('172.16.0.0/12'),
 IPv4Network('192.168.0.0/24'),
 IPv6Network('::/128'),
 IPv4Network('10.0.0.0/16'),
 IPv4Network('10.1.0.0/16'),
 IPv4Network('10.2.0.0/16'),
 IPv4Network('10.3.0.0/16'),
 IPv4Network('10.4.0.0/16'),
 IPv4Network('10.5.0.0/16'),
 IPv4Network('10.6.0.0/16'),
 IPv4Network('10.7.0.0/16'),
 IPv4Network('10.8.0.0/16'),
 IPv4Network('10.9.0.0/16'),
 IPv4Network('10.10.0.0/16'),
 IPv4Network('10.11.0.0/16'),
 IPv4Network('10.12.0.0/16'),
 IPv4Network('10.13.0.0/16'),
 IPv4Network('10.14.0.0/16'),
 IPv4Network('10.15.0.0/16'),
 IPv4Network('10.16.0.0/16'),
 IPv4Network('10.17.0.0/16'),
 IPv4Network('10.18.0.0/16'),
 IPv4Network('10.19.0.0/16'),
 IPv4Network('10.20.0.0/16'),
 IPv4Network('10.21.0.0/16'),
 IPv4Network('10.22.0.0/16'),
 IPv4Network('10.23.0.0/16'),
 IPv4Network('10.24.0.0/16'),
 IPv4Network('10.25.0.0/16'),
 IPv4Network('10.26.0.0/16'),
 IPv4Network('10.27.0.0/16'),
 IPv4Network('10.28.0.0/16'),
 IPv4Network('10.29.0.0/16'),
 IPv4Network('10.30.0.0/16'),
 IPv4Network('10.31.0.0/16'),
 IPv4Network('10.32.0.0/16'),
 IPv4Network('10.33.0.0/16'),
 IPv4Network('10.34.0.0/16'),
 IPv4Network('10.35.0.0/16'),
 IPv4Network('10.36.0.0/16'),
 IPv4Network('10.37.0.0/16'),
 IPv4Network('10.38.0.0/16'),
 IPv4Network('10.39.0.0/16'),
 IPv4Network('10.40.0.0/16'),
 IPv4Network('10.41.0.0/16'),
 IPv4Network('10.42.0.0/16'),
 IPv4Network('10.43.0.0/16'),
 IPv4Network('10.44.0.0/16'),
 IPv4Network('10.45.0.0/16'),
 IPv4Network('10.46.0.0/16'),
 IPv4Network('10.47.0.0/16'),
 IPv4Network('10.48.0.0/16'),
 IPv4Network('10.49.0.0/16'),
 IPv4Network('10.50.0.0/16'),
 IPv4Network('10.51.0.0/16'),
 IPv4Network('10.52.0.0/16'),
 IPv4Network('10.53.0.0/16'),
 IPv4Network('10.54.0.0/16'),
 IPv4Network('10.55.0.0/16'),
 IPv4Network('10.56.0.0/16'),
 IPv4Network('10.57.0.0/16'),
 IPv4Network('10.58.0.0/16'),
 IPv4Network('10.59.0.0/16'),
 IPv4Network('10.60.0.0/16'),
 IPv4Network('10.61.0.0/16'),
 IPv4Network('10.62.0.0/16'),
 IPv4Network('10.63.0.0/16'),
 IPv4Network('10.64.0.0/16'),
 IPv4Network('10.65.0.0/16'),
 IPv4Network('10.66.0.0/16'),
 IPv4Network('10.67.0.0/16'),
 IPv4Network('10.68.0.0/16'),
 IPv4Network('10.69.0.0/16'),
 IPv4Network('10.70.0.0/16'),
 IPv4Network('10.71.0.0/16'),
 IPv4Network('10.72.0.0/16'),
 IPv4Network('10.73.0.0/16'),
 IPv4Network('10.74.0.0/16'),
 IPv4Network('10.75.0.0/16'),
 IPv4Network('10.76.0.0/16'),
 IPv4Network('10.77.0.0/16'),
 IPv4Network('10.78.0.0/16'),
 IPv4Network('10.79.0.0/16'),
 IPv4Network('10.80.0.0/16'),
 IPv4Network('10.81.0.0/16'),
 IPv4Network('10.82.0.0/16'),
 IPv4Network('10.83.0.0/16'),
 IPv4Network('10.84.0.0/16'),
 IPv4Network('10.85.0.0/16'),
 IPv4Network('10.86.0.0/16'),
 IPv4Network('10.87.0.0/16'),
 IPv4Network('10.88.0.0/16'),
 IPv4Network('10.89.0.0/16'),
 IPv4Network('10.90.0.0/16'),
 IPv4Network('10.91.0.0/16'),
 IPv4Network('10.92.0.0/16'),
 IPv4Network('10.93.0.0/16'),
 IPv4Network('10.94.0.0/16'),
 IPv4Network('10.95.0.0/16'),
 IPv4Network('10.96.0.0/16'),
 IPv4Network('10.97.0.0/16'),
 IPv4Network('10.98.0.0/16'),
 IPv4Network('10.99.0.0/16'),
 IPv4Network('10.100.0.0/16'),
 IPv4Network('10.101.0.0/16'),
 IPv4Network('10.102.0.0/16'),
 IPv4Network('10.103.0.0/16'),
 IPv4Network('10.104.0.0/16'),
 IPv4Network('10.105.0.0/16'),
 IPv4Network('10.106.0.0/16'),
 IPv4Network('10.107.0.0/16'),
 IPv4Network('10.108.0.0/16'),
 IPv4Network('10.109.0.0/16'),
 IPv4Network('10.110.0.0/16'),
 IPv4Network('10.111.0.0/16'),
 IPv4Network('10.112.0.0/16'),
 IPv4Network('10.113.0.0/16'),
 IPv4Network('10.114.0.0/16'),
 IPv4Network('10.115.0.0/16'),
 IPv4Network('10.116.0.0/16'),
 IPv4Network('10.117.0.0/16'),
 IPv4Network('10.118.0.0/16'),
 IPv4Network('10.119.0.0/16'),
 IPv4Network('10.120.0.0/16'),
 IPv4Network('10.121.0.0/16'),
 IPv4Network('10.122.0.0/16'),
 IPv4Network('10.123.0.0/16'),
 IPv4Network('10.124.0.0/16'),
 IPv4Network('10.125.0.0/16'),
 IPv4Network('10.126.0.0/16'),
 IPv4Network('10.127.0.0/16'),
 IPv4Network('10.128.0.0/16'),
 IPv4Network('10.129.0.0/16'),
 IPv4Network('10.130.0.0/16'),
 IPv4Network('10.131.0.0/16'),
 IPv4Network('10.132.0.0/16'),
 IPv4Network('10.133.0.0/16'),
 IPv4Network('10.134.0.0/16'),
 IPv4Network('10.135.0.0/16'),
 IPv4Network('10.136.0.0/16'),
 IPv4Network('10.137.0.0/16'),
 IPv4Network('10.138.0.0/16'),
 IPv4Network('10.139.0.0/16')]
[IPv4Network('10.0.0.0/8'),
 IPv4Network('129.79.0.0/16'),
 IPv4Network('134.68.0.0/16'),
 IPv4Network('140.182.0.0/16'),
 IPv4Network('149.159.0.0/16'),
 IPv4Network('149.160.0.0/14'),
 IPv4Network('156.56.0.0/16'),
 IPv4Network('172.16.0.0/12'),
 IPv4Network('192.168.0.0/24'),
 IPv6Network('::/128'),
 IPv4Network('10.0.0.0/16'),
 IPv4Network('10.1.0.0/16'),
 IPv4Network('10.2.0.0/16'),
 IPv4Network('10.3.0.0/16'),
 IPv4Network('10.4.0.0/16'),
 IPv4Network('10.5.0.0/16'),
 IPv4Network('10.6.0.0/16'),
 IPv4Network('10.7.0.0/16'),
 IPv4Network('10.8.0.0/16'),
 IPv4Network('10.9.0.0/16'),
 IPv4Network('10.10.0.0/16'),
 IPv4Network('10.11.0.0/16'),
 IPv4Network('10.12.0.0/16'),
 IPv4Network('10.13.0.0/16'),
 IPv4Network('10.14.0.0/16'),
 IPv4Network('10.15.0.0/16'),
 IPv4Network('10.16.0.0/16'),
 IPv4Network('10.17.0.0/16'),
 IPv4Network('10.18.0.0/16'),
 IPv4Network('10.19.0.0/16'),
 IPv4Network('10.20.0.0/16'),
 IPv4Network('10.21.0.0/16'),
 IPv4Network('10.22.0.0/16'),
 IPv4Network('10.23.0.0/16'),
 IPv4Network('10.24.0.0/16'),
 IPv4Network('10.25.0.0/16'),
 IPv4Network('10.26.0.0/16'),
 IPv4Network('10.27.0.0/16'),
 IPv4Network('10.28.0.0/16'),
 IPv4Network('10.29.0.0/16'),
 IPv4Network('10.30.0.0/16'),
 IPv4Network('10.31.0.0/16'),
 IPv4Network('10.32.0.0/16'),
 IPv4Network('10.33.0.0/16'),
 IPv4Network('10.34.0.0/16'),
 IPv4Network('10.35.0.0/16'),
 IPv4Network('10.36.0.0/16'),
 IPv4Network('10.37.0.0/16'),
 IPv4Network('10.38.0.0/16'),
 IPv4Network('10.39.0.0/16'),
 IPv4Network('10.40.0.0/16'),
 IPv4Network('10.41.0.0/16'),
 IPv4Network('10.42.0.0/16'),
 IPv4Network('10.43.0.0/16'),
 IPv4Network('10.44.0.0/16'),
 IPv4Network('10.45.0.0/16'),
 IPv4Network('10.46.0.0/16'),
 IPv4Network('10.47.0.0/16'),
 IPv4Network('10.48.0.0/16'),
 IPv4Network('10.49.0.0/16'),
 IPv4Network('10.50.0.0/16'),
 IPv4Network('10.51.0.0/16'),
 IPv4Network('10.52.0.0/16'),
 IPv4Network('10.53.0.0/16'),
 IPv4Network('10.54.0.0/16'),
 IPv4Network('10.55.0.0/16'),
 IPv4Network('10.56.0.0/16'),
 IPv4Network('10.57.0.0/16'),
 IPv4Network('10.58.0.0/16'),
 IPv4Network('10.59.0.0/16'),
 IPv4Network('10.60.0.0/16'),
 IPv4Network('10.61.0.0/16'),
 IPv4Network('10.62.0.0/16'),
 IPv4Network('10.63.0.0/16'),
 IPv4Network('10.64.0.0/16'),
 IPv4Network('10.65.0.0/16'),
 IPv4Network('10.66.0.0/16'),
 IPv4Network('10.67.0.0/16'),
 IPv4Network('10.68.0.0/16'),
 IPv4Network('10.69.0.0/16'),
 IPv4Network('10.70.0.0/16'),
 IPv4Network('10.71.0.0/16'),
 IPv4Network('10.72.0.0/16'),
 IPv4Network('10.73.0.0/16'),
 IPv4Network('10.74.0.0/16'),
 IPv4Network('10.75.0.0/16'),
 IPv4Network('10.76.0.0/16'),
 IPv4Network('10.77.0.0/16'),
 IPv4Network('10.78.0.0/16'),
 IPv4Network('10.79.0.0/16'),
 IPv4Network('10.80.0.0/16'),
 IPv4Network('10.81.0.0/16'),
 IPv4Network('10.82.0.0/16'),
 IPv4Network('10.83.0.0/16'),
 IPv4Network('10.84.0.0/16'),
 IPv4Network('10.85.0.0/16'),
 IPv4Network('10.86.0.0/16'),
 IPv4Network('10.87.0.0/16'),
 IPv4Network('10.88.0.0/16'),
 IPv4Network('10.89.0.0/16'),
 IPv4Network('10.90.0.0/16'),
 IPv4Network('10.91.0.0/16'),
 IPv4Network('10.92.0.0/16'),
 IPv4Network('10.93.0.0/16'),
 IPv4Network('10.94.0.0/16'),
 IPv4Network('10.95.0.0/16'),
 IPv4Network('10.96.0.0/16'),
 IPv4Network('10.97.0.0/16'),
 IPv4Network('10.98.0.0/16'),
 IPv4Network('10.99.0.0/16'),
 IPv4Network('10.100.0.0/16'),
 IPv4Network('10.101.0.0/16'),
 IPv4Network('10.102.0.0/16'),
 IPv4Network('10.103.0.0/16'),
 IPv4Network('10.104.0.0/16'),
 IPv4Network('10.105.0.0/16'),
 IPv4Network('10.106.0.0/16'),
 IPv4Network('10.107.0.0/16'),
 IPv4Network('10.108.0.0/16'),
 IPv4Network('10.109.0.0/16'),
 IPv4Network('10.110.0.0/16'),
 IPv4Network('10.111.0.0/16'),
 IPv4Network('10.112.0.0/16'),
 IPv4Network('10.113.0.0/16'),
 IPv4Network('10.114.0.0/16'),
 IPv4Network('10.115.0.0/16'),
 IPv4Network('10.116.0.0/16'),
 IPv4Network('10.117.0.0/16'),
 IPv4Network('10.118.0.0/16'),
 IPv4Network('10.119.0.0/16'),
 IPv4Network('10.120.0.0/16'),
 IPv4Network('10.121.0.0/16'),
 IPv4Network('10.122.0.0/16'),
 IPv4Network('10.123.0.0/16'),
 IPv4Network('10.124.0.0/16'),
 IPv4Network('10.125.0.0/16'),
 IPv4Network('10.126.0.0/16'),
 IPv4Network('10.127.0.0/16'),
 IPv4Network('10.128.0.0/16'),
 IPv4Network('10.129.0.0/16'),
 IPv4Network('10.130.0.0/16'),
 IPv4Network('10.131.0.0/16'),
 IPv4Network('10.132.0.0/16'),
 IPv4Network('10.133.0.0/16'),
 IPv4Network('10.134.0.0/16'),
 IPv4Network('10.135.0.0/16'),
 IPv4Network('10.136.0.0/16'),
 IPv4Network('10.137.0.0/16'),
 IPv4Network('10.138.0.0/16'),
 IPv4Network('10.139.0.0/16'),
 IPv4Network('10.140.0.0/16'),
 IPv4Network('10.141.0.0/16')]
[IPv4Network('10.0.0.0/8'),
 IPv4Network('129.79.0.0/16'),
 IPv4Network('134.68.0.0/16'),
 IPv4Network('140.182.0.0/16'),
 IPv4Network('149.159.0.0/16'),
 IPv4Network('149.160.0.0/14'),
 IPv4Network('156.56.0.0/16'),
 IPv4Network('172.16.0.0/12'),
 IPv4Network('192.168.0.0/24'),
 IPv6Network('::/128'),
 IPv4Network('10.0.0.0/16'),
 IPv4Network('10.1.0.0/16'),
 IPv4Network('10.2.0.0/16'),
 IPv4Network('10.3.0.0/16'),
 IPv4Network('10.4.0.0/16'),
 IPv4Network('10.5.0.0/16'),
 IPv4Network('10.6.0.0/16'),
 IPv4Network('10.7.0.0/16'),
 IPv4Network('10.8.0.0/16'),
 IPv4Network('10.9.0.0/16'),
 IPv4Network('10.10.0.0/16'),
 IPv4Network('10.11.0.0/16'),
 IPv4Network('10.12.0.0/16'),
 IPv4Network('10.13.0.0/16'),
 IPv4Network('10.14.0.0/16'),
 IPv4Network('10.15.0.0/16'),
 IPv4Network('10.16.0.0/16'),
 IPv4Network('10.17.0.0/16'),
 IPv4Network('10.18.0.0/16'),
 IPv4Network('10.19.0.0/16'),
 IPv4Network('10.20.0.0/16'),
 IPv4Network('10.21.0.0/16'),
 IPv4Network('10.22.0.0/16'),
 IPv4Network('10.23.0.0/16'),
 IPv4Network('10.24.0.0/16'),
 IPv4Network('10.25.0.0/16'),
 IPv4Network('10.26.0.0/16'),
 IPv4Network('10.27.0.0/16'),
 IPv4Network('10.28.0.0/16'),
 IPv4Network('10.29.0.0/16'),
 IPv4Network('10.30.0.0/16'),
 IPv4Network('10.31.0.0/16'),
 IPv4Network('10.32.0.0/16'),
 IPv4Network('10.33.0.0/16'),
 IPv4Network('10.34.0.0/16'),
 IPv4Network('10.35.0.0/16'),
 IPv4Network('10.36.0.0/16'),
 IPv4Network('10.37.0.0/16'),
 IPv4Network('10.38.0.0/16'),
 IPv4Network('10.39.0.0/16'),
 IPv4Network('10.40.0.0/16'),
 IPv4Network('10.41.0.0/16'),
 IPv4Network('10.42.0.0/16'),
 IPv4Network('10.43.0.0/16'),
 IPv4Network('10.44.0.0/16'),
 IPv4Network('10.45.0.0/16'),
 IPv4Network('10.46.0.0/16'),
 IPv4Network('10.47.0.0/16'),
 IPv4Network('10.48.0.0/16'),
 IPv4Network('10.49.0.0/16'),
 IPv4Network('10.50.0.0/16'),
 IPv4Network('10.51.0.0/16'),
 IPv4Network('10.52.0.0/16'),
 IPv4Network('10.53.0.0/16'),
 IPv4Network('10.54.0.0/16'),
 IPv4Network('10.55.0.0/16'),
 IPv4Network('10.56.0.0/16'),
 IPv4Network('10.57.0.0/16'),
 IPv4Network('10.58.0.0/16'),
 IPv4Network('10.59.0.0/16'),
 IPv4Network('10.60.0.0/16'),
 IPv4Network('10.61.0.0/16'),
 IPv4Network('10.62.0.0/16'),
 IPv4Network('10.63.0.0/16'),
 IPv4Network('10.64.0.0/16'),
 IPv4Network('10.65.0.0/16'),
 IPv4Network('10.66.0.0/16'),
 IPv4Network('10.67.0.0/16'),
 IPv4Network('10.68.0.0/16'),
 IPv4Network('10.69.0.0/16'),
 IPv4Network('10.70.0.0/16'),
 IPv4Network('10.71.0.0/16'),
 IPv4Network('10.72.0.0/16'),
 IPv4Network('10.73.0.0/16'),
 IPv4Network('10.74.0.0/16'),
 IPv4Network('10.75.0.0/16'),
 IPv4Network('10.76.0.0/16'),
 IPv4Network('10.77.0.0/16'),
 IPv4Network('10.78.0.0/16'),
 IPv4Network('10.79.0.0/16'),
 IPv4Network('10.80.0.0/16'),
 IPv4Network('10.81.0.0/16'),
 IPv4Network('10.82.0.0/16'),
 IPv4Network('10.83.0.0/16'),
 IPv4Network('10.84.0.0/16'),
 IPv4Network('10.85.0.0/16'),
 IPv4Network('10.86.0.0/16'),
 IPv4Network('10.87.0.0/16'),
 IPv4Network('10.88.0.0/16'),
 IPv4Network('10.89.0.0/16'),
 IPv4Network('10.90.0.0/16'),
 IPv4Network('10.91.0.0/16'),
 IPv4Network('10.92.0.0/16'),
 IPv4Network('10.93.0.0/16'),
 IPv4Network('10.94.0.0/16'),
 IPv4Network('10.95.0.0/16'),
 IPv4Network('10.96.0.0/16'),
 IPv4Network('10.97.0.0/16'),
 IPv4Network('10.98.0.0/16'),
 IPv4Network('10.99.0.0/16'),
 IPv4Network('10.100.0.0/16'),
 IPv4Network('10.101.0.0/16'),
 IPv4Network('10.102.0.0/16'),
 IPv4Network('10.103.0.0/16'),
 IPv4Network('10.104.0.0/16'),
 IPv4Network('10.105.0.0/16'),
 IPv4Network('10.106.0.0/16'),
 IPv4Network('10.107.0.0/16'),
 IPv4Network('10.108.0.0/16'),
 IPv4Network('10.109.0.0/16'),
 IPv4Network('10.110.0.0/16'),
 IPv4Network('10.111.0.0/16'),
 IPv4Network('10.112.0.0/16'),
 IPv4Network('10.113.0.0/16'),
 IPv4Network('10.114.0.0/16'),
 IPv4Network('10.115.0.0/16'),
 IPv4Network('10.116.0.0/16'),
 IPv4Network('10.117.0.0/16'),
 IPv4Network('10.118.0.0/16'),
 IPv4Network('10.119.0.0/16'),
 IPv4Network('10.120.0.0/16'),
 IPv4Network('10.121.0.0/16'),
 IPv4Network('10.122.0.0/16'),
 IPv4Network('10.123.0.0/16'),
 IPv4Network('10.124.0.0/16'),
 IPv4Network('10.125.0.0/16'),
 IPv4Network('10.126.0.0/16'),
 IPv4Network('10.127.0.0/16'),
 IPv4Network('10.128.0.0/16'),
 IPv4Network('10.129.0.0/16'),
 IPv4Network('10.130.0.0/16'),
 IPv4Network('10.131.0.0/16'),
 IPv4Network('10.132.0.0/16'),
 IPv4Network('10.133.0.0/16'),
 IPv4Network('10.134.0.0/16'),
 IPv4Network('10.135.0.0/16'),
 IPv4Network('10.136.0.0/16'),
 IPv4Network('10.137.0.0/16'),
 IPv4Network('10.138.0.0/16'),
 IPv4Network('10.139.0.0/16'),
 IPv4Network('10.140.0.0/16'),
 IPv4Network('10.141.0.0/16'),
 IPv4Network('10.142.0.0/16'),
 IPv4Network('10.143.0.0/16')]
[IPv4Network('10.0.0.0/8'),
 IPv4Network('129.79.0.0/16'),
 IPv4Network('134.68.0.0/16'),
 IPv4Network('140.182.0.0/16'),
 IPv4Network('149.159.0.0/16'),
 IPv4Network('149.160.0.0/14'),
 IPv4Network('156.56.0.0/16'),
 IPv4Network('172.16.0.0/12'),
 IPv4Network('192.168.0.0/24'),
 IPv6Network('::/128'),
 IPv4Network('10.0.0.0/16'),
 IPv4Network('10.1.0.0/16'),
 IPv4Network('10.2.0.0/16'),
 IPv4Network('10.3.0.0/16'),
 IPv4Network('10.4.0.0/16'),
 IPv4Network('10.5.0.0/16'),
 IPv4Network('10.6.0.0/16'),
 IPv4Network('10.7.0.0/16'),
 IPv4Network('10.8.0.0/16'),
 IPv4Network('10.9.0.0/16'),
 IPv4Network('10.10.0.0/16'),
 IPv4Network('10.11.0.0/16'),
 IPv4Network('10.12.0.0/16'),
 IPv4Network('10.13.0.0/16'),
 IPv4Network('10.14.0.0/16'),
 IPv4Network('10.15.0.0/16'),
 IPv4Network('10.16.0.0/16'),
 IPv4Network('10.17.0.0/16'),
 IPv4Network('10.18.0.0/16'),
 IPv4Network('10.19.0.0/16'),
 IPv4Network('10.20.0.0/16'),
 IPv4Network('10.21.0.0/16'),
 IPv4Network('10.22.0.0/16'),
 IPv4Network('10.23.0.0/16'),
 IPv4Network('10.24.0.0/16'),
 IPv4Network('10.25.0.0/16'),
 IPv4Network('10.26.0.0/16'),
 IPv4Network('10.27.0.0/16'),
 IPv4Network('10.28.0.0/16'),
 IPv4Network('10.29.0.0/16'),
 IPv4Network('10.30.0.0/16'),
 IPv4Network('10.31.0.0/16'),
 IPv4Network('10.32.0.0/16'),
 IPv4Network('10.33.0.0/16'),
 IPv4Network('10.34.0.0/16'),
 IPv4Network('10.35.0.0/16'),
 IPv4Network('10.36.0.0/16'),
 IPv4Network('10.37.0.0/16'),
 IPv4Network('10.38.0.0/16'),
 IPv4Network('10.39.0.0/16'),
 IPv4Network('10.40.0.0/16'),
 IPv4Network('10.41.0.0/16'),
 IPv4Network('10.42.0.0/16'),
 IPv4Network('10.43.0.0/16'),
 IPv4Network('10.44.0.0/16'),
 IPv4Network('10.45.0.0/16'),
 IPv4Network('10.46.0.0/16'),
 IPv4Network('10.47.0.0/16'),
 IPv4Network('10.48.0.0/16'),
 IPv4Network('10.49.0.0/16'),
 IPv4Network('10.50.0.0/16'),
 IPv4Network('10.51.0.0/16'),
 IPv4Network('10.52.0.0/16'),
 IPv4Network('10.53.0.0/16'),
 IPv4Network('10.54.0.0/16'),
 IPv4Network('10.55.0.0/16'),
 IPv4Network('10.56.0.0/16'),
 IPv4Network('10.57.0.0/16'),
 IPv4Network('10.58.0.0/16'),
 IPv4Network('10.59.0.0/16'),
 IPv4Network('10.60.0.0/16'),
 IPv4Network('10.61.0.0/16'),
 IPv4Network('10.62.0.0/16'),
 IPv4Network('10.63.0.0/16'),
 IPv4Network('10.64.0.0/16'),
 IPv4Network('10.65.0.0/16'),
 IPv4Network('10.66.0.0/16'),
 IPv4Network('10.67.0.0/16'),
 IPv4Network('10.68.0.0/16'),
 IPv4Network('10.69.0.0/16'),
 IPv4Network('10.70.0.0/16'),
 IPv4Network('10.71.0.0/16'),
 IPv4Network('10.72.0.0/16'),
 IPv4Network('10.73.0.0/16'),
 IPv4Network('10.74.0.0/16'),
 IPv4Network('10.75.0.0/16'),
 IPv4Network('10.76.0.0/16'),
 IPv4Network('10.77.0.0/16'),
 IPv4Network('10.78.0.0/16'),
 IPv4Network('10.79.0.0/16'),
 IPv4Network('10.80.0.0/16'),
 IPv4Network('10.81.0.0/16'),
 IPv4Network('10.82.0.0/16'),
 IPv4Network('10.83.0.0/16'),
 IPv4Network('10.84.0.0/16'),
 IPv4Network('10.85.0.0/16'),
 IPv4Network('10.86.0.0/16'),
 IPv4Network('10.87.0.0/16'),
 IPv4Network('10.88.0.0/16'),
 IPv4Network('10.89.0.0/16'),
 IPv4Network('10.90.0.0/16'),
 IPv4Network('10.91.0.0/16'),
 IPv4Network('10.92.0.0/16'),
 IPv4Network('10.93.0.0/16'),
 IPv4Network('10.94.0.0/16'),
 IPv4Network('10.95.0.0/16'),
 IPv4Network('10.96.0.0/16'),
 IPv4Network('10.97.0.0/16'),
 IPv4Network('10.98.0.0/16'),
 IPv4Network('10.99.0.0/16'),
 IPv4Network('10.100.0.0/16'),
 IPv4Network('10.101.0.0/16'),
 IPv4Network('10.102.0.0/16'),
 IPv4Network('10.103.0.0/16'),
 IPv4Network('10.104.0.0/16'),
 IPv4Network('10.105.0.0/16'),
 IPv4Network('10.106.0.0/16'),
 IPv4Network('10.107.0.0/16'),
 IPv4Network('10.108.0.0/16'),
 IPv4Network('10.109.0.0/16'),
 IPv4Network('10.110.0.0/16'),
 IPv4Network('10.111.0.0/16'),
 IPv4Network('10.112.0.0/16'),
 IPv4Network('10.113.0.0/16'),
 IPv4Network('10.114.0.0/16'),
 IPv4Network('10.115.0.0/16'),
 IPv4Network('10.116.0.0/16'),
 IPv4Network('10.117.0.0/16'),
 IPv4Network('10.118.0.0/16'),
 IPv4Network('10.119.0.0/16'),
 IPv4Network('10.120.0.0/16'),
 IPv4Network('10.121.0.0/16'),
 IPv4Network('10.122.0.0/16'),
 IPv4Network('10.123.0.0/16'),
 IPv4Network('10.124.0.0/16'),
 IPv4Network('10.125.0.0/16'),
 IPv4Network('10.126.0.0/16'),
 IPv4Network('10.127.0.0/16'),
 IPv4Network('10.128.0.0/16'),
 IPv4Network('10.129.0.0/16'),
 IPv4Network('10.130.0.0/16'),
 IPv4Network('10.131.0.0/16'),
 IPv4Network('10.132.0.0/16'),
 IPv4Network('10.133.0.0/16'),
 IPv4Network('10.134.0.0/16'),
 IPv4Network('10.135.0.0/16'),
 IPv4Network('10.136.0.0/16'),
 IPv4Network('10.137.0.0/16'),
 IPv4Network('10.138.0.0/16'),
 IPv4Network('10.139.0.0/16'),
 IPv4Network('10.140.0.0/16'),
 IPv4Network('10.141.0.0/16'),
 IPv4Network('10.142.0.0/16'),
 IPv4Network('10.143.0.0/16')]
[IPv4Network('10.0.0.0/8'),
 IPv4Network('129.79.0.0/16'),
 IPv4Network('134.68.0.0/16'),
 IPv4Network('140.182.0.0/16'),
 IPv4Network('149.159.0.0/16'),
 IPv4Network('149.160.0.0/14'),
 IPv4Network('156.56.0.0/16'),
 IPv4Network('172.16.0.0/12'),
 IPv4Network('192.168.0.0/24'),
 IPv6Network('::/128'),
 IPv4Network('10.0.0.0/16'),
 IPv4Network('10.1.0.0/16'),
 IPv4Network('10.2.0.0/16'),
 IPv4Network('10.3.0.0/16'),
 IPv4Network('10.4.0.0/16'),
 IPv4Network('10.5.0.0/16'),
 IPv4Network('10.6.0.0/16'),
 IPv4Network('10.7.0.0/16'),
 IPv4Network('10.8.0.0/16'),
 IPv4Network('10.9.0.0/16'),
 IPv4Network('10.10.0.0/16'),
 IPv4Network('10.11.0.0/16'),
 IPv4Network('10.12.0.0/16'),
 IPv4Network('10.13.0.0/16'),
 IPv4Network('10.14.0.0/16'),
 IPv4Network('10.15.0.0/16'),
 IPv4Network('10.16.0.0/16'),
 IPv4Network('10.17.0.0/16'),
 IPv4Network('10.18.0.0/16'),
 IPv4Network('10.19.0.0/16'),
 IPv4Network('10.20.0.0/16'),
 IPv4Network('10.21.0.0/16'),
 IPv4Network('10.22.0.0/16'),
 IPv4Network('10.23.0.0/16'),
 IPv4Network('10.24.0.0/16'),
 IPv4Network('10.25.0.0/16'),
 IPv4Network('10.26.0.0/16'),
 IPv4Network('10.27.0.0/16'),
 IPv4Network('10.28.0.0/16'),
 IPv4Network('10.29.0.0/16'),
 IPv4Network('10.30.0.0/16'),
 IPv4Network('10.31.0.0/16'),
 IPv4Network('10.32.0.0/16'),
 IPv4Network('10.33.0.0/16'),
 IPv4Network('10.34.0.0/16'),
 IPv4Network('10.35.0.0/16'),
 IPv4Network('10.36.0.0/16'),
 IPv4Network('10.37.0.0/16'),
 IPv4Network('10.38.0.0/16'),
 IPv4Network('10.39.0.0/16'),
 IPv4Network('10.40.0.0/16'),
 IPv4Network('10.41.0.0/16'),
 IPv4Network('10.42.0.0/16'),
 IPv4Network('10.43.0.0/16'),
 IPv4Network('10.44.0.0/16'),
 IPv4Network('10.45.0.0/16'),
 IPv4Network('10.46.0.0/16'),
 IPv4Network('10.47.0.0/16'),
 IPv4Network('10.48.0.0/16'),
 IPv4Network('10.49.0.0/16'),
 IPv4Network('10.50.0.0/16'),
 IPv4Network('10.51.0.0/16'),
 IPv4Network('10.52.0.0/16'),
 IPv4Network('10.53.0.0/16'),
 IPv4Network('10.54.0.0/16'),
 IPv4Network('10.55.0.0/16'),
 IPv4Network('10.56.0.0/16'),
 IPv4Network('10.57.0.0/16'),
 IPv4Network('10.58.0.0/16'),
 IPv4Network('10.59.0.0/16'),
 IPv4Network('10.60.0.0/16'),
 IPv4Network('10.61.0.0/16'),
 IPv4Network('10.62.0.0/16'),
 IPv4Network('10.63.0.0/16'),
 IPv4Network('10.64.0.0/16'),
 IPv4Network('10.65.0.0/16'),
 IPv4Network('10.66.0.0/16'),
 IPv4Network('10.67.0.0/16'),
 IPv4Network('10.68.0.0/16'),
 IPv4Network('10.69.0.0/16'),
 IPv4Network('10.70.0.0/16'),
 IPv4Network('10.71.0.0/16'),
 IPv4Network('10.72.0.0/16'),
 IPv4Network('10.73.0.0/16'),
 IPv4Network('10.74.0.0/16'),
 IPv4Network('10.75.0.0/16'),
 IPv4Network('10.76.0.0/16'),
 IPv4Network('10.77.0.0/16'),
 IPv4Network('10.78.0.0/16'),
 IPv4Network('10.79.0.0/16'),
 IPv4Network('10.80.0.0/16'),
 IPv4Network('10.81.0.0/16'),
 IPv4Network('10.82.0.0/16'),
 IPv4Network('10.83.0.0/16'),
 IPv4Network('10.84.0.0/16'),
 IPv4Network('10.85.0.0/16'),
 IPv4Network('10.86.0.0/16'),
 IPv4Network('10.87.0.0/16'),
 IPv4Network('10.88.0.0/16'),
 IPv4Network('10.89.0.0/16'),
 IPv4Network('10.90.0.0/16'),
 IPv4Network('10.91.0.0/16'),
 IPv4Network('10.92.0.0/16'),
 IPv4Network('10.93.0.0/16'),
 IPv4Network('10.94.0.0/16'),
 IPv4Network('10.95.0.0/16'),
 IPv4Network('10.96.0.0/16'),
 IPv4Network('10.97.0.0/16'),
 IPv4Network('10.98.0.0/16'),
 IPv4Network('10.99.0.0/16'),
 IPv4Network('10.100.0.0/16'),
 IPv4Network('10.101.0.0/16'),
 IPv4Network('10.102.0.0/16'),
 IPv4Network('10.103.0.0/16'),
 IPv4Network('10.104.0.0/16'),
 IPv4Network('10.105.0.0/16'),
 IPv4Network('10.106.0.0/16'),
 IPv4Network('10.107.0.0/16'),
 IPv4Network('10.108.0.0/16'),
 IPv4Network('10.109.0.0/16'),
 IPv4Network('10.110.0.0/16'),
 IPv4Network('10.111.0.0/16'),
 IPv4Network('10.112.0.0/16'),
 IPv4Network('10.113.0.0/16'),
 IPv4Network('10.114.0.0/16'),
 IPv4Network('10.115.0.0/16'),
 IPv4Network('10.116.0.0/16'),
 IPv4Network('10.117.0.0/16'),
 IPv4Network('10.118.0.0/16'),
 IPv4Network('10.119.0.0/16'),
 IPv4Network('10.120.0.0/16'),
 IPv4Network('10.121.0.0/16'),
 IPv4Network('10.122.0.0/16'),
 IPv4Network('10.123.0.0/16'),
 IPv4Network('10.124.0.0/16'),
 IPv4Network('10.125.0.0/16'),
 IPv4Network('10.126.0.0/16'),
 IPv4Network('10.127.0.0/16'),
 IPv4Network('10.128.0.0/16'),
 IPv4Network('10.129.0.0/16'),
 IPv4Network('10.130.0.0/16'),
 IPv4Network('10.131.0.0/16'),
 IPv4Network('10.132.0.0/16'),
 IPv4Network('10.133.0.0/16'),
 IPv4Network('10.134.0.0/16'),
 IPv4Network('10.135.0.0/16'),
 IPv4Network('10.136.0.0/16'),
 IPv4Network('10.137.0.0/16'),
 IPv4Network('10.138.0.0/16'),
 IPv4Network('10.139.0.0/16'),
 IPv4Network('10.140.0.0/16'),
 IPv4Network('10.141.0.0/16'),
 IPv4Network('10.142.0.0/16'),
 IPv4Network('10.143.0.0/16')]
[IPv4Network('10.0.0.0/8'),
 IPv4Network('129.79.0.0/16'),
 IPv4Network('134.68.0.0/16'),
 IPv4Network('140.182.0.0/16'),
 IPv4Network('149.159.0.0/16'),
 IPv4Network('149.160.0.0/14'),
 IPv4Network('156.56.0.0/16'),
 IPv4Network('172.16.0.0/12'),
 IPv4Network('192.168.0.0/24'),
 IPv6Network('::/128'),
 IPv4Network('10.0.0.0/16'),
 IPv4Network('10.1.0.0/16'),
 IPv4Network('10.2.0.0/16'),
 IPv4Network('10.3.0.0/16'),
 IPv4Network('10.4.0.0/16'),
 IPv4Network('10.5.0.0/16'),
 IPv4Network('10.6.0.0/16'),
 IPv4Network('10.7.0.0/16'),
 IPv4Network('10.8.0.0/16'),
 IPv4Network('10.9.0.0/16'),
 IPv4Network('10.10.0.0/16'),
 IPv4Network('10.11.0.0/16'),
 IPv4Network('10.12.0.0/16'),
 IPv4Network('10.13.0.0/16'),
 IPv4Network('10.14.0.0/16'),
 IPv4Network('10.15.0.0/16'),
 IPv4Network('10.16.0.0/16'),
 IPv4Network('10.17.0.0/16'),
 IPv4Network('10.18.0.0/16'),
 IPv4Network('10.19.0.0/16'),
 IPv4Network('10.20.0.0/16'),
 IPv4Network('10.21.0.0/16'),
 IPv4Network('10.22.0.0/16'),
 IPv4Network('10.23.0.0/16'),
 IPv4Network('10.24.0.0/16'),
 IPv4Network('10.25.0.0/16'),
 IPv4Network('10.26.0.0/16'),
 IPv4Network('10.27.0.0/16'),
 IPv4Network('10.28.0.0/16'),
 IPv4Network('10.29.0.0/16'),
 IPv4Network('10.30.0.0/16'),
 IPv4Network('10.31.0.0/16'),
 IPv4Network('10.32.0.0/16'),
 IPv4Network('10.33.0.0/16'),
 IPv4Network('10.34.0.0/16'),
 IPv4Network('10.35.0.0/16'),
 IPv4Network('10.36.0.0/16'),
 IPv4Network('10.37.0.0/16'),
 IPv4Network('10.38.0.0/16'),
 IPv4Network('10.39.0.0/16'),
 IPv4Network('10.40.0.0/16'),
 IPv4Network('10.41.0.0/16'),
 IPv4Network('10.42.0.0/16'),
 IPv4Network('10.43.0.0/16'),
 IPv4Network('10.44.0.0/16'),
 IPv4Network('10.45.0.0/16'),
 IPv4Network('10.46.0.0/16'),
 IPv4Network('10.47.0.0/16'),
 IPv4Network('10.48.0.0/16'),
 IPv4Network('10.49.0.0/16'),
 IPv4Network('10.50.0.0/16'),
 IPv4Network('10.51.0.0/16'),
 IPv4Network('10.52.0.0/16'),
 IPv4Network('10.53.0.0/16'),
 IPv4Network('10.54.0.0/16'),
 IPv4Network('10.55.0.0/16'),
 IPv4Network('10.56.0.0/16'),
 IPv4Network('10.57.0.0/16'),
 IPv4Network('10.58.0.0/16'),
 IPv4Network('10.59.0.0/16'),
 IPv4Network('10.60.0.0/16'),
 IPv4Network('10.61.0.0/16'),
 IPv4Network('10.62.0.0/16'),
 IPv4Network('10.63.0.0/16'),
 IPv4Network('10.64.0.0/16'),
 IPv4Network('10.65.0.0/16'),
 IPv4Network('10.66.0.0/16'),
 IPv4Network('10.67.0.0/16'),
 IPv4Network('10.68.0.0/16'),
 IPv4Network('10.69.0.0/16'),
 IPv4Network('10.70.0.0/16'),
 IPv4Network('10.71.0.0/16'),
 IPv4Network('10.72.0.0/16'),
 IPv4Network('10.73.0.0/16'),
 IPv4Network('10.74.0.0/16'),
 IPv4Network('10.75.0.0/16'),
 IPv4Network('10.76.0.0/16'),
 IPv4Network('10.77.0.0/16'),
 IPv4Network('10.78.0.0/16'),
 IPv4Network('10.79.0.0/16'),
 IPv4Network('10.80.0.0/16'),
 IPv4Network('10.81.0.0/16'),
 IPv4Network('10.82.0.0/16'),
 IPv4Network('10.83.0.0/16'),
 IPv4Network('10.84.0.0/16'),
 IPv4Network('10.85.0.0/16'),
 IPv4Network('10.86.0.0/16'),
 IPv4Network('10.87.0.0/16'),
 IPv4Network('10.88.0.0/16'),
 IPv4Network('10.89.0.0/16'),
 IPv4Network('10.90.0.0/16'),
 IPv4Network('10.91.0.0/16'),
 IPv4Network('10.92.0.0/16'),
 IPv4Network('10.93.0.0/16'),
 IPv4Network('10.94.0.0/16'),
 IPv4Network('10.95.0.0/16'),
 IPv4Network('10.96.0.0/16'),
 IPv4Network('10.97.0.0/16'),
 IPv4Network('10.98.0.0/16'),
 IPv4Network('10.99.0.0/16'),
 IPv4Network('10.100.0.0/16'),
 IPv4Network('10.101.0.0/16'),
 IPv4Network('10.102.0.0/16'),
 IPv4Network('10.103.0.0/16'),
 IPv4Network('10.104.0.0/16'),
 IPv4Network('10.105.0.0/16'),
 IPv4Network('10.106.0.0/16'),
 IPv4Network('10.107.0.0/16'),
 IPv4Network('10.108.0.0/16'),
 IPv4Network('10.109.0.0/16'),
 IPv4Network('10.110.0.0/16'),
 IPv4Network('10.111.0.0/16'),
 IPv4Network('10.112.0.0/16'),
 IPv4Network('10.113.0.0/16'),
 IPv4Network('10.114.0.0/16'),
 IPv4Network('10.115.0.0/16'),
 IPv4Network('10.116.0.0/16'),
 IPv4Network('10.117.0.0/16'),
 IPv4Network('10.118.0.0/16'),
 IPv4Network('10.119.0.0/16'),
 IPv4Network('10.120.0.0/16'),
 IPv4Network('10.121.0.0/16'),
 IPv4Network('10.122.0.0/16'),
 IPv4Network('10.123.0.0/16'),
 IPv4Network('10.124.0.0/16'),
 IPv4Network('10.125.0.0/16'),
 IPv4Network('10.126.0.0/16'),
 IPv4Network('10.127.0.0/16'),
 IPv4Network('10.128.0.0/16'),
 IPv4Network('10.129.0.0/16'),
 IPv4Network('10.130.0.0/16'),
 IPv4Network('10.131.0.0/16'),
 IPv4Network('10.132.0.0/16'),
 IPv4Network('10.133.0.0/16'),
 IPv4Network('10.134.0.0/16'),
 IPv4Network('10.135.0.0/16'),
 IPv4Network('10.136.0.0/16'),
 IPv4Network('10.137.0.0/16'),
 IPv4Network('10.138.0.0/16'),
 IPv4Network('10.139.0.0/16'),
 IPv4Network('10.140.0.0/16'),
 IPv4Network('10.141.0.0/16'),
 IPv4Network('10.142.0.0/16'),
 IPv4Network('10.143.0.0/16')]
[IPv4Network('10.0.0.0/8'),
 IPv4Network('129.79.0.0/16'),
 IPv4Network('134.68.0.0/16'),
 IPv4Network('140.182.0.0/16'),
 IPv4Network('149.159.0.0/16'),
 IPv4Network('149.160.0.0/14'),
 IPv4Network('156.56.0.0/16'),
 IPv4Network('172.16.0.0/12'),
 IPv4Network('192.168.0.0/24'),
 IPv6Network('::/128'),
 IPv4Network('10.0.0.0/16'),
 IPv4Network('10.1.0.0/16'),
 IPv4Network('10.2.0.0/16'),
 IPv4Network('10.3.0.0/16'),
 IPv4Network('10.4.0.0/16'),
 IPv4Network('10.5.0.0/16'),
 IPv4Network('10.6.0.0/16'),
 IPv4Network('10.7.0.0/16'),
 IPv4Network('10.8.0.0/16'),
 IPv4Network('10.9.0.0/16'),
 IPv4Network('10.10.0.0/16'),
 IPv4Network('10.11.0.0/16'),
 IPv4Network('10.12.0.0/16'),
 IPv4Network('10.13.0.0/16'),
 IPv4Network('10.14.0.0/16'),
 IPv4Network('10.15.0.0/16'),
 IPv4Network('10.16.0.0/16'),
 IPv4Network('10.17.0.0/16'),
 IPv4Network('10.18.0.0/16'),
 IPv4Network('10.19.0.0/16'),
 IPv4Network('10.20.0.0/16'),
 IPv4Network('10.21.0.0/16'),
 IPv4Network('10.22.0.0/16'),
 IPv4Network('10.23.0.0/16'),
 IPv4Network('10.24.0.0/16'),
 IPv4Network('10.25.0.0/16'),
 IPv4Network('10.26.0.0/16'),
 IPv4Network('10.27.0.0/16'),
 IPv4Network('10.28.0.0/16'),
 IPv4Network('10.29.0.0/16'),
 IPv4Network('10.30.0.0/16'),
 IPv4Network('10.31.0.0/16'),
 IPv4Network('10.32.0.0/16'),
 IPv4Network('10.33.0.0/16'),
 IPv4Network('10.34.0.0/16'),
 IPv4Network('10.35.0.0/16'),
 IPv4Network('10.36.0.0/16'),
 IPv4Network('10.37.0.0/16'),
 IPv4Network('10.38.0.0/16'),
 IPv4Network('10.39.0.0/16'),
 IPv4Network('10.40.0.0/16'),
 IPv4Network('10.41.0.0/16'),
 IPv4Network('10.42.0.0/16'),
 IPv4Network('10.43.0.0/16'),
 IPv4Network('10.44.0.0/16'),
 IPv4Network('10.45.0.0/16'),
 IPv4Network('10.46.0.0/16'),
 IPv4Network('10.47.0.0/16'),
 IPv4Network('10.48.0.0/16'),
 IPv4Network('10.49.0.0/16'),
 IPv4Network('10.50.0.0/16'),
 IPv4Network('10.51.0.0/16'),
 IPv4Network('10.52.0.0/16'),
 IPv4Network('10.53.0.0/16'),
 IPv4Network('10.54.0.0/16'),
 IPv4Network('10.55.0.0/16'),
 IPv4Network('10.56.0.0/16'),
 IPv4Network('10.57.0.0/16'),
 IPv4Network('10.58.0.0/16'),
 IPv4Network('10.59.0.0/16'),
 IPv4Network('10.60.0.0/16'),
 IPv4Network('10.61.0.0/16'),
 IPv4Network('10.62.0.0/16'),
 IPv4Network('10.63.0.0/16'),
 IPv4Network('10.64.0.0/16'),
 IPv4Network('10.65.0.0/16'),
 IPv4Network('10.66.0.0/16'),
 IPv4Network('10.67.0.0/16'),
 IPv4Network('10.68.0.0/16'),
 IPv4Network('10.69.0.0/16'),
 IPv4Network('10.70.0.0/16'),
 IPv4Network('10.71.0.0/16'),
 IPv4Network('10.72.0.0/16'),
 IPv4Network('10.73.0.0/16'),
 IPv4Network('10.74.0.0/16'),
 IPv4Network('10.75.0.0/16'),
 IPv4Network('10.76.0.0/16'),
 IPv4Network('10.77.0.0/16'),
 IPv4Network('10.78.0.0/16'),
 IPv4Network('10.79.0.0/16'),
 IPv4Network('10.80.0.0/16'),
 IPv4Network('10.81.0.0/16'),
 IPv4Network('10.82.0.0/16'),
 IPv4Network('10.83.0.0/16'),
 IPv4Network('10.84.0.0/16'),
 IPv4Network('10.85.0.0/16'),
 IPv4Network('10.86.0.0/16'),
 IPv4Network('10.87.0.0/16'),
 IPv4Network('10.88.0.0/16'),
 IPv4Network('10.89.0.0/16'),
 IPv4Network('10.90.0.0/16'),
 IPv4Network('10.91.0.0/16'),
 IPv4Network('10.92.0.0/16'),
 IPv4Network('10.93.0.0/16'),
 IPv4Network('10.94.0.0/16'),
 IPv4Network('10.95.0.0/16'),
 IPv4Network('10.96.0.0/16'),
 IPv4Network('10.97.0.0/16'),
 IPv4Network('10.98.0.0/16'),
 IPv4Network('10.99.0.0/16'),
 IPv4Network('10.100.0.0/16'),
 IPv4Network('10.101.0.0/16'),
 IPv4Network('10.102.0.0/16'),
 IPv4Network('10.103.0.0/16'),
 IPv4Network('10.104.0.0/16'),
 IPv4Network('10.105.0.0/16'),
 IPv4Network('10.106.0.0/16'),
 IPv4Network('10.107.0.0/16'),
 IPv4Network('10.108.0.0/16'),
 IPv4Network('10.109.0.0/16'),
 IPv4Network('10.110.0.0/16'),
 IPv4Network('10.111.0.0/16'),
 IPv4Network('10.112.0.0/16'),
 IPv4Network('10.113.0.0/16'),
 IPv4Network('10.114.0.0/16'),
 IPv4Network('10.115.0.0/16'),
 IPv4Network('10.116.0.0/16'),
 IPv4Network('10.117.0.0/16'),
 IPv4Network('10.118.0.0/16'),
 IPv4Network('10.119.0.0/16'),
 IPv4Network('10.120.0.0/16'),
 IPv4Network('10.121.0.0/16'),
 IPv4Network('10.122.0.0/16'),
 IPv4Network('10.123.0.0/16'),
 IPv4Network('10.124.0.0/16'),
 IPv4Network('10.125.0.0/16'),
 IPv4Network('10.126.0.0/16'),
 IPv4Network('10.127.0.0/16'),
 IPv4Network('10.128.0.0/16'),
 IPv4Network('10.129.0.0/16'),
 IPv4Network('10.130.0.0/16'),
 IPv4Network('10.131.0.0/16'),
 IPv4Network('10.132.0.0/16'),
 IPv4Network('10.133.0.0/16'),
 IPv4Network('10.134.0.0/16'),
 IPv4Network('10.135.0.0/16'),
 IPv4Network('10.136.0.0/16'),
 IPv4Network('10.137.0.0/16'),
 IPv4Network('10.138.0.0/16'),
 IPv4Network('10.139.0.0/16'),
 IPv4Network('10.140.0.0/16'),
 IPv4Network('10.141.0.0/16'),
 IPv4Network('10.142.0.0/16'),
 IPv4Network('10.143.0.0/16'),
 IPv4Network('10.144.0.0/16'),
 IPv4Network('10.145.0.0/16')]
[IPv4Network('10.0.0.0/8'),
 IPv4Network('129.79.0.0/16'),
 IPv4Network('134.68.0.0/16'),
 IPv4Network('140.182.0.0/16'),
 IPv4Network('149.159.0.0/16'),
 IPv4Network('149.160.0.0/14'),
 IPv4Network('156.56.0.0/16'),
 IPv4Network('172.16.0.0/12'),
 IPv4Network('192.168.0.0/24'),
 IPv6Network('::/128'),
 IPv4Network('10.0.0.0/16'),
 IPv4Network('10.1.0.0/16'),
 IPv4Network('10.2.0.0/16'),
 IPv4Network('10.3.0.0/16'),
 IPv4Network('10.4.0.0/16'),
 IPv4Network('10.5.0.0/16'),
 IPv4Network('10.6.0.0/16'),
 IPv4Network('10.7.0.0/16'),
 IPv4Network('10.8.0.0/16'),
 IPv4Network('10.9.0.0/16'),
 IPv4Network('10.10.0.0/16'),
 IPv4Network('10.11.0.0/16'),
 IPv4Network('10.12.0.0/16'),
 IPv4Network('10.13.0.0/16'),
 IPv4Network('10.14.0.0/16'),
 IPv4Network('10.15.0.0/16'),
 IPv4Network('10.16.0.0/16'),
 IPv4Network('10.17.0.0/16'),
 IPv4Network('10.18.0.0/16'),
 IPv4Network('10.19.0.0/16'),
 IPv4Network('10.20.0.0/16'),
 IPv4Network('10.21.0.0/16'),
 IPv4Network('10.22.0.0/16'),
 IPv4Network('10.23.0.0/16'),
 IPv4Network('10.24.0.0/16'),
 IPv4Network('10.25.0.0/16'),
 IPv4Network('10.26.0.0/16'),
 IPv4Network('10.27.0.0/16'),
 IPv4Network('10.28.0.0/16'),
 IPv4Network('10.29.0.0/16'),
 IPv4Network('10.30.0.0/16'),
 IPv4Network('10.31.0.0/16'),
 IPv4Network('10.32.0.0/16'),
 IPv4Network('10.33.0.0/16'),
 IPv4Network('10.34.0.0/16'),
 IPv4Network('10.35.0.0/16'),
 IPv4Network('10.36.0.0/16'),
 IPv4Network('10.37.0.0/16'),
 IPv4Network('10.38.0.0/16'),
 IPv4Network('10.39.0.0/16'),
 IPv4Network('10.40.0.0/16'),
 IPv4Network('10.41.0.0/16'),
 IPv4Network('10.42.0.0/16'),
 IPv4Network('10.43.0.0/16'),
 IPv4Network('10.44.0.0/16'),
 IPv4Network('10.45.0.0/16'),
 IPv4Network('10.46.0.0/16'),
 IPv4Network('10.47.0.0/16'),
 IPv4Network('10.48.0.0/16'),
 IPv4Network('10.49.0.0/16'),
 IPv4Network('10.50.0.0/16'),
 IPv4Network('10.51.0.0/16'),
 IPv4Network('10.52.0.0/16'),
 IPv4Network('10.53.0.0/16'),
 IPv4Network('10.54.0.0/16'),
 IPv4Network('10.55.0.0/16'),
 IPv4Network('10.56.0.0/16'),
 IPv4Network('10.57.0.0/16'),
 IPv4Network('10.58.0.0/16'),
 IPv4Network('10.59.0.0/16'),
 IPv4Network('10.60.0.0/16'),
 IPv4Network('10.61.0.0/16'),
 IPv4Network('10.62.0.0/16'),
 IPv4Network('10.63.0.0/16'),
 IPv4Network('10.64.0.0/16'),
 IPv4Network('10.65.0.0/16'),
 IPv4Network('10.66.0.0/16'),
 IPv4Network('10.67.0.0/16'),
 IPv4Network('10.68.0.0/16'),
 IPv4Network('10.69.0.0/16'),
 IPv4Network('10.70.0.0/16'),
 IPv4Network('10.71.0.0/16'),
 IPv4Network('10.72.0.0/16'),
 IPv4Network('10.73.0.0/16'),
 IPv4Network('10.74.0.0/16'),
 IPv4Network('10.75.0.0/16'),
 IPv4Network('10.76.0.0/16'),
 IPv4Network('10.77.0.0/16'),
 IPv4Network('10.78.0.0/16'),
 IPv4Network('10.79.0.0/16'),
 IPv4Network('10.80.0.0/16'),
 IPv4Network('10.81.0.0/16'),
 IPv4Network('10.82.0.0/16'),
 IPv4Network('10.83.0.0/16'),
 IPv4Network('10.84.0.0/16'),
 IPv4Network('10.85.0.0/16'),
 IPv4Network('10.86.0.0/16'),
 IPv4Network('10.87.0.0/16'),
 IPv4Network('10.88.0.0/16'),
 IPv4Network('10.89.0.0/16'),
 IPv4Network('10.90.0.0/16'),
 IPv4Network('10.91.0.0/16'),
 IPv4Network('10.92.0.0/16'),
 IPv4Network('10.93.0.0/16'),
 IPv4Network('10.94.0.0/16'),
 IPv4Network('10.95.0.0/16'),
 IPv4Network('10.96.0.0/16'),
 IPv4Network('10.97.0.0/16'),
 IPv4Network('10.98.0.0/16'),
 IPv4Network('10.99.0.0/16'),
 IPv4Network('10.100.0.0/16'),
 IPv4Network('10.101.0.0/16'),
 IPv4Network('10.102.0.0/16'),
 IPv4Network('10.103.0.0/16'),
 IPv4Network('10.104.0.0/16'),
 IPv4Network('10.105.0.0/16'),
 IPv4Network('10.106.0.0/16'),
 IPv4Network('10.107.0.0/16'),
 IPv4Network('10.108.0.0/16'),
 IPv4Network('10.109.0.0/16'),
 IPv4Network('10.110.0.0/16'),
 IPv4Network('10.111.0.0/16'),
 IPv4Network('10.112.0.0/16'),
 IPv4Network('10.113.0.0/16'),
 IPv4Network('10.114.0.0/16'),
 IPv4Network('10.115.0.0/16'),
 IPv4Network('10.116.0.0/16'),
 IPv4Network('10.117.0.0/16'),
 IPv4Network('10.118.0.0/16'),
 IPv4Network('10.119.0.0/16'),
 IPv4Network('10.120.0.0/16'),
 IPv4Network('10.121.0.0/16'),
 IPv4Network('10.122.0.0/16'),
 IPv4Network('10.123.0.0/16'),
 IPv4Network('10.124.0.0/16'),
 IPv4Network('10.125.0.0/16'),
 IPv4Network('10.126.0.0/16'),
 IPv4Network('10.127.0.0/16'),
 IPv4Network('10.128.0.0/16'),
 IPv4Network('10.129.0.0/16'),
 IPv4Network('10.130.0.0/16'),
 IPv4Network('10.131.0.0/16'),
 IPv4Network('10.132.0.0/16'),
 IPv4Network('10.133.0.0/16'),
 IPv4Network('10.134.0.0/16'),
 IPv4Network('10.135.0.0/16'),
 IPv4Network('10.136.0.0/16'),
 IPv4Network('10.137.0.0/16'),
 IPv4Network('10.138.0.0/16'),
 IPv4Network('10.139.0.0/16'),
 IPv4Network('10.140.0.0/16'),
 IPv4Network('10.141.0.0/16'),
 IPv4Network('10.142.0.0/16'),
 IPv4Network('10.143.0.0/16'),
 IPv4Network('10.144.0.0/16'),
 IPv4Network('10.145.0.0/16'),
 IPv4Network('10.146.0.0/16'),
 IPv4Network('10.147.0.0/16')]
[IPv4Network('10.0.0.0/8'),
 IPv4Network('129.79.0.0/16'),
 IPv4Network('134.68.0.0/16'),
 IPv4Network('140.182.0.0/16'),
 IPv4Network('149.159.0.0/16'),
 IPv4Network('149.160.0.0/14'),
 IPv4Network('156.56.0.0/16'),
 IPv4Network('172.16.0.0/12'),
 IPv4Network('192.168.0.0/24'),
 IPv6Network('::/128'),
 IPv4Network('10.0.0.0/16'),
 IPv4Network('10.1.0.0/16'),
 IPv4Network('10.2.0.0/16'),
 IPv4Network('10.3.0.0/16'),
 IPv4Network('10.4.0.0/16'),
 IPv4Network('10.5.0.0/16'),
 IPv4Network('10.6.0.0/16'),
 IPv4Network('10.7.0.0/16'),
 IPv4Network('10.8.0.0/16'),
 IPv4Network('10.9.0.0/16'),
 IPv4Network('10.10.0.0/16'),
 IPv4Network('10.11.0.0/16'),
 IPv4Network('10.12.0.0/16'),
 IPv4Network('10.13.0.0/16'),
 IPv4Network('10.14.0.0/16'),
 IPv4Network('10.15.0.0/16'),
 IPv4Network('10.16.0.0/16'),
 IPv4Network('10.17.0.0/16'),
 IPv4Network('10.18.0.0/16'),
 IPv4Network('10.19.0.0/16'),
 IPv4Network('10.20.0.0/16'),
 IPv4Network('10.21.0.0/16'),
 IPv4Network('10.22.0.0/16'),
 IPv4Network('10.23.0.0/16'),
 IPv4Network('10.24.0.0/16'),
 IPv4Network('10.25.0.0/16'),
 IPv4Network('10.26.0.0/16'),
 IPv4Network('10.27.0.0/16'),
 IPv4Network('10.28.0.0/16'),
 IPv4Network('10.29.0.0/16'),
 IPv4Network('10.30.0.0/16'),
 IPv4Network('10.31.0.0/16'),
 IPv4Network('10.32.0.0/16'),
 IPv4Network('10.33.0.0/16'),
 IPv4Network('10.34.0.0/16'),
 IPv4Network('10.35.0.0/16'),
 IPv4Network('10.36.0.0/16'),
 IPv4Network('10.37.0.0/16'),
 IPv4Network('10.38.0.0/16'),
 IPv4Network('10.39.0.0/16'),
 IPv4Network('10.40.0.0/16'),
 IPv4Network('10.41.0.0/16'),
 IPv4Network('10.42.0.0/16'),
 IPv4Network('10.43.0.0/16'),
 IPv4Network('10.44.0.0/16'),
 IPv4Network('10.45.0.0/16'),
 IPv4Network('10.46.0.0/16'),
 IPv4Network('10.47.0.0/16'),
 IPv4Network('10.48.0.0/16'),
 IPv4Network('10.49.0.0/16'),
 IPv4Network('10.50.0.0/16'),
 IPv4Network('10.51.0.0/16'),
 IPv4Network('10.52.0.0/16'),
 IPv4Network('10.53.0.0/16'),
 IPv4Network('10.54.0.0/16'),
 IPv4Network('10.55.0.0/16'),
 IPv4Network('10.56.0.0/16'),
 IPv4Network('10.57.0.0/16'),
 IPv4Network('10.58.0.0/16'),
 IPv4Network('10.59.0.0/16'),
 IPv4Network('10.60.0.0/16'),
 IPv4Network('10.61.0.0/16'),
 IPv4Network('10.62.0.0/16'),
 IPv4Network('10.63.0.0/16'),
 IPv4Network('10.64.0.0/16'),
 IPv4Network('10.65.0.0/16'),
 IPv4Network('10.66.0.0/16'),
 IPv4Network('10.67.0.0/16'),
 IPv4Network('10.68.0.0/16'),
 IPv4Network('10.69.0.0/16'),
 IPv4Network('10.70.0.0/16'),
 IPv4Network('10.71.0.0/16'),
 IPv4Network('10.72.0.0/16'),
 IPv4Network('10.73.0.0/16'),
 IPv4Network('10.74.0.0/16'),
 IPv4Network('10.75.0.0/16'),
 IPv4Network('10.76.0.0/16'),
 IPv4Network('10.77.0.0/16'),
 IPv4Network('10.78.0.0/16'),
 IPv4Network('10.79.0.0/16'),
 IPv4Network('10.80.0.0/16'),
 IPv4Network('10.81.0.0/16'),
 IPv4Network('10.82.0.0/16'),
 IPv4Network('10.83.0.0/16'),
 IPv4Network('10.84.0.0/16'),
 IPv4Network('10.85.0.0/16'),
 IPv4Network('10.86.0.0/16'),
 IPv4Network('10.87.0.0/16'),
 IPv4Network('10.88.0.0/16'),
 IPv4Network('10.89.0.0/16'),
 IPv4Network('10.90.0.0/16'),
 IPv4Network('10.91.0.0/16'),
 IPv4Network('10.92.0.0/16'),
 IPv4Network('10.93.0.0/16'),
 IPv4Network('10.94.0.0/16'),
 IPv4Network('10.95.0.0/16'),
 IPv4Network('10.96.0.0/16'),
 IPv4Network('10.97.0.0/16'),
 IPv4Network('10.98.0.0/16'),
 IPv4Network('10.99.0.0/16'),
 IPv4Network('10.100.0.0/16'),
 IPv4Network('10.101.0.0/16'),
 IPv4Network('10.102.0.0/16'),
 IPv4Network('10.103.0.0/16'),
 IPv4Network('10.104.0.0/16'),
 IPv4Network('10.105.0.0/16'),
 IPv4Network('10.106.0.0/16'),
 IPv4Network('10.107.0.0/16'),
 IPv4Network('10.108.0.0/16'),
 IPv4Network('10.109.0.0/16'),
 IPv4Network('10.110.0.0/16'),
 IPv4Network('10.111.0.0/16'),
 IPv4Network('10.112.0.0/16'),
 IPv4Network('10.113.0.0/16'),
 IPv4Network('10.114.0.0/16'),
 IPv4Network('10.115.0.0/16'),
 IPv4Network('10.116.0.0/16'),
 IPv4Network('10.117.0.0/16'),
 IPv4Network('10.118.0.0/16'),
 IPv4Network('10.119.0.0/16'),
 IPv4Network('10.120.0.0/16'),
 IPv4Network('10.121.0.0/16'),
 IPv4Network('10.122.0.0/16'),
 IPv4Network('10.123.0.0/16'),
 IPv4Network('10.124.0.0/16'),
 IPv4Network('10.125.0.0/16'),
 IPv4Network('10.126.0.0/16'),
 IPv4Network('10.127.0.0/16'),
 IPv4Network('10.128.0.0/16'),
 IPv4Network('10.129.0.0/16'),
 IPv4Network('10.130.0.0/16'),
 IPv4Network('10.131.0.0/16'),
 IPv4Network('10.132.0.0/16'),
 IPv4Network('10.133.0.0/16'),
 IPv4Network('10.134.0.0/16'),
 IPv4Network('10.135.0.0/16'),
 IPv4Network('10.136.0.0/16'),
 IPv4Network('10.137.0.0/16'),
 IPv4Network('10.138.0.0/16'),
 IPv4Network('10.139.0.0/16'),
 IPv4Network('10.140.0.0/16'),
 IPv4Network('10.141.0.0/16'),
 IPv4Network('10.142.0.0/16'),
 IPv4Network('10.143.0.0/16'),
 IPv4Network('10.144.0.0/16'),
 IPv4Network('10.145.0.0/16'),
 IPv4Network('10.146.0.0/16'),
 IPv4Network('10.147.0.0/16')]
[IPv4Network('10.0.0.0/8'),
 IPv4Network('129.79.0.0/16'),
 IPv4Network('134.68.0.0/16'),
 IPv4Network('140.182.0.0/16'),
 IPv4Network('149.159.0.0/16'),
 IPv4Network('149.160.0.0/14'),
 IPv4Network('156.56.0.0/16'),
 IPv4Network('172.16.0.0/12'),
 IPv4Network('192.168.0.0/24'),
 IPv6Network('::/128'),
 IPv4Network('10.0.0.0/16'),
 IPv4Network('10.1.0.0/16'),
 IPv4Network('10.2.0.0/16'),
 IPv4Network('10.3.0.0/16'),
 IPv4Network('10.4.0.0/16'),
 IPv4Network('10.5.0.0/16'),
 IPv4Network('10.6.0.0/16'),
 IPv4Network('10.7.0.0/16'),
 IPv4Network('10.8.0.0/16'),
 IPv4Network('10.9.0.0/16'),
 IPv4Network('10.10.0.0/16'),
 IPv4Network('10.11.0.0/16'),
 IPv4Network('10.12.0.0/16'),
 IPv4Network('10.13.0.0/16'),
 IPv4Network('10.14.0.0/16'),
 IPv4Network('10.15.0.0/16'),
 IPv4Network('10.16.0.0/16'),
 IPv4Network('10.17.0.0/16'),
 IPv4Network('10.18.0.0/16'),
 IPv4Network('10.19.0.0/16'),
 IPv4Network('10.20.0.0/16'),
 IPv4Network('10.21.0.0/16'),
 IPv4Network('10.22.0.0/16'),
 IPv4Network('10.23.0.0/16'),
 IPv4Network('10.24.0.0/16'),
 IPv4Network('10.25.0.0/16'),
 IPv4Network('10.26.0.0/16'),
 IPv4Network('10.27.0.0/16'),
 IPv4Network('10.28.0.0/16'),
 IPv4Network('10.29.0.0/16'),
 IPv4Network('10.30.0.0/16'),
 IPv4Network('10.31.0.0/16'),
 IPv4Network('10.32.0.0/16'),
 IPv4Network('10.33.0.0/16'),
 IPv4Network('10.34.0.0/16'),
 IPv4Network('10.35.0.0/16'),
 IPv4Network('10.36.0.0/16'),
 IPv4Network('10.37.0.0/16'),
 IPv4Network('10.38.0.0/16'),
 IPv4Network('10.39.0.0/16'),
 IPv4Network('10.40.0.0/16'),
 IPv4Network('10.41.0.0/16'),
 IPv4Network('10.42.0.0/16'),
 IPv4Network('10.43.0.0/16'),
 IPv4Network('10.44.0.0/16'),
 IPv4Network('10.45.0.0/16'),
 IPv4Network('10.46.0.0/16'),
 IPv4Network('10.47.0.0/16'),
 IPv4Network('10.48.0.0/16'),
 IPv4Network('10.49.0.0/16'),
 IPv4Network('10.50.0.0/16'),
 IPv4Network('10.51.0.0/16'),
 IPv4Network('10.52.0.0/16'),
 IPv4Network('10.53.0.0/16'),
 IPv4Network('10.54.0.0/16'),
 IPv4Network('10.55.0.0/16'),
 IPv4Network('10.56.0.0/16'),
 IPv4Network('10.57.0.0/16'),
 IPv4Network('10.58.0.0/16'),
 IPv4Network('10.59.0.0/16'),
 IPv4Network('10.60.0.0/16'),
 IPv4Network('10.61.0.0/16'),
 IPv4Network('10.62.0.0/16'),
 IPv4Network('10.63.0.0/16'),
 IPv4Network('10.64.0.0/16'),
 IPv4Network('10.65.0.0/16'),
 IPv4Network('10.66.0.0/16'),
 IPv4Network('10.67.0.0/16'),
 IPv4Network('10.68.0.0/16'),
 IPv4Network('10.69.0.0/16'),
 IPv4Network('10.70.0.0/16'),
 IPv4Network('10.71.0.0/16'),
 IPv4Network('10.72.0.0/16'),
 IPv4Network('10.73.0.0/16'),
 IPv4Network('10.74.0.0/16'),
 IPv4Network('10.75.0.0/16'),
 IPv4Network('10.76.0.0/16'),
 IPv4Network('10.77.0.0/16'),
 IPv4Network('10.78.0.0/16'),
 IPv4Network('10.79.0.0/16'),
 IPv4Network('10.80.0.0/16'),
 IPv4Network('10.81.0.0/16'),
 IPv4Network('10.82.0.0/16'),
 IPv4Network('10.83.0.0/16'),
 IPv4Network('10.84.0.0/16'),
 IPv4Network('10.85.0.0/16'),
 IPv4Network('10.86.0.0/16'),
 IPv4Network('10.87.0.0/16'),
 IPv4Network('10.88.0.0/16'),
 IPv4Network('10.89.0.0/16'),
 IPv4Network('10.90.0.0/16'),
 IPv4Network('10.91.0.0/16'),
 IPv4Network('10.92.0.0/16'),
 IPv4Network('10.93.0.0/16'),
 IPv4Network('10.94.0.0/16'),
 IPv4Network('10.95.0.0/16'),
 IPv4Network('10.96.0.0/16'),
 IPv4Network('10.97.0.0/16'),
 IPv4Network('10.98.0.0/16'),
 IPv4Network('10.99.0.0/16'),
 IPv4Network('10.100.0.0/16'),
 IPv4Network('10.101.0.0/16'),
 IPv4Network('10.102.0.0/16'),
 IPv4Network('10.103.0.0/16'),
 IPv4Network('10.104.0.0/16'),
 IPv4Network('10.105.0.0/16'),
 IPv4Network('10.106.0.0/16'),
 IPv4Network('10.107.0.0/16'),
 IPv4Network('10.108.0.0/16'),
 IPv4Network('10.109.0.0/16'),
 IPv4Network('10.110.0.0/16'),
 IPv4Network('10.111.0.0/16'),
 IPv4Network('10.112.0.0/16'),
 IPv4Network('10.113.0.0/16'),
 IPv4Network('10.114.0.0/16'),
 IPv4Network('10.115.0.0/16'),
 IPv4Network('10.116.0.0/16'),
 IPv4Network('10.117.0.0/16'),
 IPv4Network('10.118.0.0/16'),
 IPv4Network('10.119.0.0/16'),
 IPv4Network('10.120.0.0/16'),
 IPv4Network('10.121.0.0/16'),
 IPv4Network('10.122.0.0/16'),
 IPv4Network('10.123.0.0/16'),
 IPv4Network('10.124.0.0/16'),
 IPv4Network('10.125.0.0/16'),
 IPv4Network('10.126.0.0/16'),
 IPv4Network('10.127.0.0/16'),
 IPv4Network('10.128.0.0/16'),
 IPv4Network('10.129.0.0/16'),
 IPv4Network('10.130.0.0/16'),
 IPv4Network('10.131.0.0/16'),
 IPv4Network('10.132.0.0/16'),
 IPv4Network('10.133.0.0/16'),
 IPv4Network('10.134.0.0/16'),
 IPv4Network('10.135.0.0/16'),
 IPv4Network('10.136.0.0/16'),
 IPv4Network('10.137.0.0/16'),
 IPv4Network('10.138.0.0/16'),
 IPv4Network('10.139.0.0/16'),
 IPv4Network('10.140.0.0/16'),
 IPv4Network('10.141.0.0/16'),
 IPv4Network('10.142.0.0/16'),
 IPv4Network('10.143.0.0/16'),
 IPv4Network('10.144.0.0/16'),
 IPv4Network('10.145.0.0/16'),
 IPv4Network('10.146.0.0/16'),
 IPv4Network('10.147.0.0/16'),
 IPv4Network('10.148.0.0/16'),
 IPv4Network('10.149.0.0/16')]
[IPv4Network('10.0.0.0/8'),
 IPv4Network('129.79.0.0/16'),
 IPv4Network('134.68.0.0/16'),
 IPv4Network('140.182.0.0/16'),
 IPv4Network('149.159.0.0/16'),
 IPv4Network('149.160.0.0/14'),
 IPv4Network('156.56.0.0/16'),
 IPv4Network('172.16.0.0/12'),
 IPv4Network('192.168.0.0/24'),
 IPv6Network('::/128'),
 IPv4Network('10.0.0.0/16'),
 IPv4Network('10.1.0.0/16'),
 IPv4Network('10.2.0.0/16'),
 IPv4Network('10.3.0.0/16'),
 IPv4Network('10.4.0.0/16'),
 IPv4Network('10.5.0.0/16'),
 IPv4Network('10.6.0.0/16'),
 IPv4Network('10.7.0.0/16'),
 IPv4Network('10.8.0.0/16'),
 IPv4Network('10.9.0.0/16'),
 IPv4Network('10.10.0.0/16'),
 IPv4Network('10.11.0.0/16'),
 IPv4Network('10.12.0.0/16'),
 IPv4Network('10.13.0.0/16'),
 IPv4Network('10.14.0.0/16'),
 IPv4Network('10.15.0.0/16'),
 IPv4Network('10.16.0.0/16'),
 IPv4Network('10.17.0.0/16'),
 IPv4Network('10.18.0.0/16'),
 IPv4Network('10.19.0.0/16'),
 IPv4Network('10.20.0.0/16'),
 IPv4Network('10.21.0.0/16'),
 IPv4Network('10.22.0.0/16'),
 IPv4Network('10.23.0.0/16'),
 IPv4Network('10.24.0.0/16'),
 IPv4Network('10.25.0.0/16'),
 IPv4Network('10.26.0.0/16'),
 IPv4Network('10.27.0.0/16'),
 IPv4Network('10.28.0.0/16'),
 IPv4Network('10.29.0.0/16'),
 IPv4Network('10.30.0.0/16'),
 IPv4Network('10.31.0.0/16'),
 IPv4Network('10.32.0.0/16'),
 IPv4Network('10.33.0.0/16'),
 IPv4Network('10.34.0.0/16'),
 IPv4Network('10.35.0.0/16'),
 IPv4Network('10.36.0.0/16'),
 IPv4Network('10.37.0.0/16'),
 IPv4Network('10.38.0.0/16'),
 IPv4Network('10.39.0.0/16'),
 IPv4Network('10.40.0.0/16'),
 IPv4Network('10.41.0.0/16'),
 IPv4Network('10.42.0.0/16'),
 IPv4Network('10.43.0.0/16'),
 IPv4Network('10.44.0.0/16'),
 IPv4Network('10.45.0.0/16'),
 IPv4Network('10.46.0.0/16'),
 IPv4Network('10.47.0.0/16'),
 IPv4Network('10.48.0.0/16'),
 IPv4Network('10.49.0.0/16'),
 IPv4Network('10.50.0.0/16'),
 IPv4Network('10.51.0.0/16'),
 IPv4Network('10.52.0.0/16'),
 IPv4Network('10.53.0.0/16'),
 IPv4Network('10.54.0.0/16'),
 IPv4Network('10.55.0.0/16'),
 IPv4Network('10.56.0.0/16'),
 IPv4Network('10.57.0.0/16'),
 IPv4Network('10.58.0.0/16'),
 IPv4Network('10.59.0.0/16'),
 IPv4Network('10.60.0.0/16'),
 IPv4Network('10.61.0.0/16'),
 IPv4Network('10.62.0.0/16'),
 IPv4Network('10.63.0.0/16'),
 IPv4Network('10.64.0.0/16'),
 IPv4Network('10.65.0.0/16'),
 IPv4Network('10.66.0.0/16'),
 IPv4Network('10.67.0.0/16'),
 IPv4Network('10.68.0.0/16'),
 IPv4Network('10.69.0.0/16'),
 IPv4Network('10.70.0.0/16'),
 IPv4Network('10.71.0.0/16'),
 IPv4Network('10.72.0.0/16'),
 IPv4Network('10.73.0.0/16'),
 IPv4Network('10.74.0.0/16'),
 IPv4Network('10.75.0.0/16'),
 IPv4Network('10.76.0.0/16'),
 IPv4Network('10.77.0.0/16'),
 IPv4Network('10.78.0.0/16'),
 IPv4Network('10.79.0.0/16'),
 IPv4Network('10.80.0.0/16'),
 IPv4Network('10.81.0.0/16'),
 IPv4Network('10.82.0.0/16'),
 IPv4Network('10.83.0.0/16'),
 IPv4Network('10.84.0.0/16'),
 IPv4Network('10.85.0.0/16'),
 IPv4Network('10.86.0.0/16'),
 IPv4Network('10.87.0.0/16'),
 IPv4Network('10.88.0.0/16'),
 IPv4Network('10.89.0.0/16'),
 IPv4Network('10.90.0.0/16'),
 IPv4Network('10.91.0.0/16'),
 IPv4Network('10.92.0.0/16'),
 IPv4Network('10.93.0.0/16'),
 IPv4Network('10.94.0.0/16'),
 IPv4Network('10.95.0.0/16'),
 IPv4Network('10.96.0.0/16'),
 IPv4Network('10.97.0.0/16'),
 IPv4Network('10.98.0.0/16'),
 IPv4Network('10.99.0.0/16'),
 IPv4Network('10.100.0.0/16'),
 IPv4Network('10.101.0.0/16'),
 IPv4Network('10.102.0.0/16'),
 IPv4Network('10.103.0.0/16'),
 IPv4Network('10.104.0.0/16'),
 IPv4Network('10.105.0.0/16'),
 IPv4Network('10.106.0.0/16'),
 IPv4Network('10.107.0.0/16'),
 IPv4Network('10.108.0.0/16'),
 IPv4Network('10.109.0.0/16'),
 IPv4Network('10.110.0.0/16'),
 IPv4Network('10.111.0.0/16'),
 IPv4Network('10.112.0.0/16'),
 IPv4Network('10.113.0.0/16'),
 IPv4Network('10.114.0.0/16'),
 IPv4Network('10.115.0.0/16'),
 IPv4Network('10.116.0.0/16'),
 IPv4Network('10.117.0.0/16'),
 IPv4Network('10.118.0.0/16'),
 IPv4Network('10.119.0.0/16'),
 IPv4Network('10.120.0.0/16'),
 IPv4Network('10.121.0.0/16'),
 IPv4Network('10.122.0.0/16'),
 IPv4Network('10.123.0.0/16'),
 IPv4Network('10.124.0.0/16'),
 IPv4Network('10.125.0.0/16'),
 IPv4Network('10.126.0.0/16'),
 IPv4Network('10.127.0.0/16'),
 IPv4Network('10.128.0.0/16'),
 IPv4Network('10.129.0.0/16'),
 IPv4Network('10.130.0.0/16'),
 IPv4Network('10.131.0.0/16'),
 IPv4Network('10.132.0.0/16'),
 IPv4Network('10.133.0.0/16'),
 IPv4Network('10.134.0.0/16'),
 IPv4Network('10.135.0.0/16'),
 IPv4Network('10.136.0.0/16'),
 IPv4Network('10.137.0.0/16'),
 IPv4Network('10.138.0.0/16'),
 IPv4Network('10.139.0.0/16'),
 IPv4Network('10.140.0.0/16'),
 IPv4Network('10.141.0.0/16'),
 IPv4Network('10.142.0.0/16'),
 IPv4Network('10.143.0.0/16'),
 IPv4Network('10.144.0.0/16'),
 IPv4Network('10.145.0.0/16'),
 IPv4Network('10.146.0.0/16'),
 IPv4Network('10.147.0.0/16'),
 IPv4Network('10.148.0.0/16'),
 IPv4Network('10.149.0.0/16'),
 IPv4Network('10.150.0.0/16'),
 IPv4Network('10.151.0.0/16')]
[IPv4Network('10.0.0.0/8'),
 IPv4Network('129.79.0.0/16'),
 IPv4Network('134.68.0.0/16'),
 IPv4Network('140.182.0.0/16'),
 IPv4Network('149.159.0.0/16'),
 IPv4Network('149.160.0.0/14'),
 IPv4Network('156.56.0.0/16'),
 IPv4Network('172.16.0.0/12'),
 IPv4Network('192.168.0.0/24'),
 IPv6Network('::/128'),
 IPv4Network('10.0.0.0/16'),
 IPv4Network('10.1.0.0/16'),
 IPv4Network('10.2.0.0/16'),
 IPv4Network('10.3.0.0/16'),
 IPv4Network('10.4.0.0/16'),
 IPv4Network('10.5.0.0/16'),
 IPv4Network('10.6.0.0/16'),
 IPv4Network('10.7.0.0/16'),
 IPv4Network('10.8.0.0/16'),
 IPv4Network('10.9.0.0/16'),
 IPv4Network('10.10.0.0/16'),
 IPv4Network('10.11.0.0/16'),
 IPv4Network('10.12.0.0/16'),
 IPv4Network('10.13.0.0/16'),
 IPv4Network('10.14.0.0/16'),
 IPv4Network('10.15.0.0/16'),
 IPv4Network('10.16.0.0/16'),
 IPv4Network('10.17.0.0/16'),
 IPv4Network('10.18.0.0/16'),
 IPv4Network('10.19.0.0/16'),
 IPv4Network('10.20.0.0/16'),
 IPv4Network('10.21.0.0/16'),
 IPv4Network('10.22.0.0/16'),
 IPv4Network('10.23.0.0/16'),
 IPv4Network('10.24.0.0/16'),
 IPv4Network('10.25.0.0/16'),
 IPv4Network('10.26.0.0/16'),
 IPv4Network('10.27.0.0/16'),
 IPv4Network('10.28.0.0/16'),
 IPv4Network('10.29.0.0/16'),
 IPv4Network('10.30.0.0/16'),
 IPv4Network('10.31.0.0/16'),
 IPv4Network('10.32.0.0/16'),
 IPv4Network('10.33.0.0/16'),
 IPv4Network('10.34.0.0/16'),
 IPv4Network('10.35.0.0/16'),
 IPv4Network('10.36.0.0/16'),
 IPv4Network('10.37.0.0/16'),
 IPv4Network('10.38.0.0/16'),
 IPv4Network('10.39.0.0/16'),
 IPv4Network('10.40.0.0/16'),
 IPv4Network('10.41.0.0/16'),
 IPv4Network('10.42.0.0/16'),
 IPv4Network('10.43.0.0/16'),
 IPv4Network('10.44.0.0/16'),
 IPv4Network('10.45.0.0/16'),
 IPv4Network('10.46.0.0/16'),
 IPv4Network('10.47.0.0/16'),
 IPv4Network('10.48.0.0/16'),
 IPv4Network('10.49.0.0/16'),
 IPv4Network('10.50.0.0/16'),
 IPv4Network('10.51.0.0/16'),
 IPv4Network('10.52.0.0/16'),
 IPv4Network('10.53.0.0/16'),
 IPv4Network('10.54.0.0/16'),
 IPv4Network('10.55.0.0/16'),
 IPv4Network('10.56.0.0/16'),
 IPv4Network('10.57.0.0/16'),
 IPv4Network('10.58.0.0/16'),
 IPv4Network('10.59.0.0/16'),
 IPv4Network('10.60.0.0/16'),
 IPv4Network('10.61.0.0/16'),
 IPv4Network('10.62.0.0/16'),
 IPv4Network('10.63.0.0/16'),
 IPv4Network('10.64.0.0/16'),
 IPv4Network('10.65.0.0/16'),
 IPv4Network('10.66.0.0/16'),
 IPv4Network('10.67.0.0/16'),
 IPv4Network('10.68.0.0/16'),
 IPv4Network('10.69.0.0/16'),
 IPv4Network('10.70.0.0/16'),
 IPv4Network('10.71.0.0/16'),
 IPv4Network('10.72.0.0/16'),
 IPv4Network('10.73.0.0/16'),
 IPv4Network('10.74.0.0/16'),
 IPv4Network('10.75.0.0/16'),
 IPv4Network('10.76.0.0/16'),
 IPv4Network('10.77.0.0/16'),
 IPv4Network('10.78.0.0/16'),
 IPv4Network('10.79.0.0/16'),
 IPv4Network('10.80.0.0/16'),
 IPv4Network('10.81.0.0/16'),
 IPv4Network('10.82.0.0/16'),
 IPv4Network('10.83.0.0/16'),
 IPv4Network('10.84.0.0/16'),
 IPv4Network('10.85.0.0/16'),
 IPv4Network('10.86.0.0/16'),
 IPv4Network('10.87.0.0/16'),
 IPv4Network('10.88.0.0/16'),
 IPv4Network('10.89.0.0/16'),
 IPv4Network('10.90.0.0/16'),
 IPv4Network('10.91.0.0/16'),
 IPv4Network('10.92.0.0/16'),
 IPv4Network('10.93.0.0/16'),
 IPv4Network('10.94.0.0/16'),
 IPv4Network('10.95.0.0/16'),
 IPv4Network('10.96.0.0/16'),
 IPv4Network('10.97.0.0/16'),
 IPv4Network('10.98.0.0/16'),
 IPv4Network('10.99.0.0/16'),
 IPv4Network('10.100.0.0/16'),
 IPv4Network('10.101.0.0/16'),
 IPv4Network('10.102.0.0/16'),
 IPv4Network('10.103.0.0/16'),
 IPv4Network('10.104.0.0/16'),
 IPv4Network('10.105.0.0/16'),
 IPv4Network('10.106.0.0/16'),
 IPv4Network('10.107.0.0/16'),
 IPv4Network('10.108.0.0/16'),
 IPv4Network('10.109.0.0/16'),
 IPv4Network('10.110.0.0/16'),
 IPv4Network('10.111.0.0/16'),
 IPv4Network('10.112.0.0/16'),
 IPv4Network('10.113.0.0/16'),
 IPv4Network('10.114.0.0/16'),
 IPv4Network('10.115.0.0/16'),
 IPv4Network('10.116.0.0/16'),
 IPv4Network('10.117.0.0/16'),
 IPv4Network('10.118.0.0/16'),
 IPv4Network('10.119.0.0/16'),
 IPv4Network('10.120.0.0/16'),
 IPv4Network('10.121.0.0/16'),
 IPv4Network('10.122.0.0/16'),
 IPv4Network('10.123.0.0/16'),
 IPv4Network('10.124.0.0/16'),
 IPv4Network('10.125.0.0/16'),
 IPv4Network('10.126.0.0/16'),
 IPv4Network('10.127.0.0/16'),
 IPv4Network('10.128.0.0/16'),
 IPv4Network('10.129.0.0/16'),
 IPv4Network('10.130.0.0/16'),
 IPv4Network('10.131.0.0/16'),
 IPv4Network('10.132.0.0/16'),
 IPv4Network('10.133.0.0/16'),
 IPv4Network('10.134.0.0/16'),
 IPv4Network('10.135.0.0/16'),
 IPv4Network('10.136.0.0/16'),
 IPv4Network('10.137.0.0/16'),
 IPv4Network('10.138.0.0/16'),
 IPv4Network('10.139.0.0/16'),
 IPv4Network('10.140.0.0/16'),
 IPv4Network('10.141.0.0/16'),
 IPv4Network('10.142.0.0/16'),
 IPv4Network('10.143.0.0/16'),
 IPv4Network('10.144.0.0/16'),
 IPv4Network('10.145.0.0/16'),
 IPv4Network('10.146.0.0/16'),
 IPv4Network('10.147.0.0/16'),
 IPv4Network('10.148.0.0/16'),
 IPv4Network('10.149.0.0/16'),
 IPv4Network('10.150.0.0/16'),
 IPv4Network('10.151.0.0/16')]
[IPv4Network('10.0.0.0/8'),
 IPv4Network('129.79.0.0/16'),
 IPv4Network('134.68.0.0/16'),
 IPv4Network('140.182.0.0/16'),
 IPv4Network('149.159.0.0/16'),
 IPv4Network('149.160.0.0/14'),
 IPv4Network('156.56.0.0/16'),
 IPv4Network('172.16.0.0/12'),
 IPv4Network('192.168.0.0/24'),
 IPv6Network('::/128'),
 IPv4Network('10.0.0.0/16'),
 IPv4Network('10.1.0.0/16'),
 IPv4Network('10.2.0.0/16'),
 IPv4Network('10.3.0.0/16'),
 IPv4Network('10.4.0.0/16'),
 IPv4Network('10.5.0.0/16'),
 IPv4Network('10.6.0.0/16'),
 IPv4Network('10.7.0.0/16'),
 IPv4Network('10.8.0.0/16'),
 IPv4Network('10.9.0.0/16'),
 IPv4Network('10.10.0.0/16'),
 IPv4Network('10.11.0.0/16'),
 IPv4Network('10.12.0.0/16'),
 IPv4Network('10.13.0.0/16'),
 IPv4Network('10.14.0.0/16'),
 IPv4Network('10.15.0.0/16'),
 IPv4Network('10.16.0.0/16'),
 IPv4Network('10.17.0.0/16'),
 IPv4Network('10.18.0.0/16'),
 IPv4Network('10.19.0.0/16'),
 IPv4Network('10.20.0.0/16'),
 IPv4Network('10.21.0.0/16'),
 IPv4Network('10.22.0.0/16'),
 IPv4Network('10.23.0.0/16'),
 IPv4Network('10.24.0.0/16'),
 IPv4Network('10.25.0.0/16'),
 IPv4Network('10.26.0.0/16'),
 IPv4Network('10.27.0.0/16'),
 IPv4Network('10.28.0.0/16'),
 IPv4Network('10.29.0.0/16'),
 IPv4Network('10.30.0.0/16'),
 IPv4Network('10.31.0.0/16'),
 IPv4Network('10.32.0.0/16'),
 IPv4Network('10.33.0.0/16'),
 IPv4Network('10.34.0.0/16'),
 IPv4Network('10.35.0.0/16'),
 IPv4Network('10.36.0.0/16'),
 IPv4Network('10.37.0.0/16'),
 IPv4Network('10.38.0.0/16'),
 IPv4Network('10.39.0.0/16'),
 IPv4Network('10.40.0.0/16'),
 IPv4Network('10.41.0.0/16'),
 IPv4Network('10.42.0.0/16'),
 IPv4Network('10.43.0.0/16'),
 IPv4Network('10.44.0.0/16'),
 IPv4Network('10.45.0.0/16'),
 IPv4Network('10.46.0.0/16'),
 IPv4Network('10.47.0.0/16'),
 IPv4Network('10.48.0.0/16'),
 IPv4Network('10.49.0.0/16'),
 IPv4Network('10.50.0.0/16'),
 IPv4Network('10.51.0.0/16'),
 IPv4Network('10.52.0.0/16'),
 IPv4Network('10.53.0.0/16'),
 IPv4Network('10.54.0.0/16'),
 IPv4Network('10.55.0.0/16'),
 IPv4Network('10.56.0.0/16'),
 IPv4Network('10.57.0.0/16'),
 IPv4Network('10.58.0.0/16'),
 IPv4Network('10.59.0.0/16'),
 IPv4Network('10.60.0.0/16'),
 IPv4Network('10.61.0.0/16'),
 IPv4Network('10.62.0.0/16'),
 IPv4Network('10.63.0.0/16'),
 IPv4Network('10.64.0.0/16'),
 IPv4Network('10.65.0.0/16'),
 IPv4Network('10.66.0.0/16'),
 IPv4Network('10.67.0.0/16'),
 IPv4Network('10.68.0.0/16'),
 IPv4Network('10.69.0.0/16'),
 IPv4Network('10.70.0.0/16'),
 IPv4Network('10.71.0.0/16'),
 IPv4Network('10.72.0.0/16'),
 IPv4Network('10.73.0.0/16'),
 IPv4Network('10.74.0.0/16'),
 IPv4Network('10.75.0.0/16'),
 IPv4Network('10.76.0.0/16'),
 IPv4Network('10.77.0.0/16'),
 IPv4Network('10.78.0.0/16'),
 IPv4Network('10.79.0.0/16'),
 IPv4Network('10.80.0.0/16'),
 IPv4Network('10.81.0.0/16'),
 IPv4Network('10.82.0.0/16'),
 IPv4Network('10.83.0.0/16'),
 IPv4Network('10.84.0.0/16'),
 IPv4Network('10.85.0.0/16'),
 IPv4Network('10.86.0.0/16'),
 IPv4Network('10.87.0.0/16'),
 IPv4Network('10.88.0.0/16'),
 IPv4Network('10.89.0.0/16'),
 IPv4Network('10.90.0.0/16'),
 IPv4Network('10.91.0.0/16'),
 IPv4Network('10.92.0.0/16'),
 IPv4Network('10.93.0.0/16'),
 IPv4Network('10.94.0.0/16'),
 IPv4Network('10.95.0.0/16'),
 IPv4Network('10.96.0.0/16'),
 IPv4Network('10.97.0.0/16'),
 IPv4Network('10.98.0.0/16'),
 IPv4Network('10.99.0.0/16'),
 IPv4Network('10.100.0.0/16'),
 IPv4Network('10.101.0.0/16'),
 IPv4Network('10.102.0.0/16'),
 IPv4Network('10.103.0.0/16'),
 IPv4Network('10.104.0.0/16'),
 IPv4Network('10.105.0.0/16'),
 IPv4Network('10.106.0.0/16'),
 IPv4Network('10.107.0.0/16'),
 IPv4Network('10.108.0.0/16'),
 IPv4Network('10.109.0.0/16'),
 IPv4Network('10.110.0.0/16'),
 IPv4Network('10.111.0.0/16'),
 IPv4Network('10.112.0.0/16'),
 IPv4Network('10.113.0.0/16'),
 IPv4Network('10.114.0.0/16'),
 IPv4Network('10.115.0.0/16'),
 IPv4Network('10.116.0.0/16'),
 IPv4Network('10.117.0.0/16'),
 IPv4Network('10.118.0.0/16'),
 IPv4Network('10.119.0.0/16'),
 IPv4Network('10.120.0.0/16'),
 IPv4Network('10.121.0.0/16'),
 IPv4Network('10.122.0.0/16'),
 IPv4Network('10.123.0.0/16'),
 IPv4Network('10.124.0.0/16'),
 IPv4Network('10.125.0.0/16'),
 IPv4Network('10.126.0.0/16'),
 IPv4Network('10.127.0.0/16'),
 IPv4Network('10.128.0.0/16'),
 IPv4Network('10.129.0.0/16'),
 IPv4Network('10.130.0.0/16'),
 IPv4Network('10.131.0.0/16'),
 IPv4Network('10.132.0.0/16'),
 IPv4Network('10.133.0.0/16'),
 IPv4Network('10.134.0.0/16'),
 IPv4Network('10.135.0.0/16'),
 IPv4Network('10.136.0.0/16'),
 IPv4Network('10.137.0.0/16'),
 IPv4Network('10.138.0.0/16'),
 IPv4Network('10.139.0.0/16'),
 IPv4Network('10.140.0.0/16'),
 IPv4Network('10.141.0.0/16'),
 IPv4Network('10.142.0.0/16'),
 IPv4Network('10.143.0.0/16'),
 IPv4Network('10.144.0.0/16'),
 IPv4Network('10.145.0.0/16'),
 IPv4Network('10.146.0.0/16'),
 IPv4Network('10.147.0.0/16'),
 IPv4Network('10.148.0.0/16'),
 IPv4Network('10.149.0.0/16'),
 IPv4Network('10.150.0.0/16'),
 IPv4Network('10.151.0.0/16')]
[IPv4Network('10.0.0.0/8'),
 IPv4Network('129.79.0.0/16'),
 IPv4Network('134.68.0.0/16'),
 IPv4Network('140.182.0.0/16'),
 IPv4Network('149.159.0.0/16'),
 IPv4Network('149.160.0.0/14'),
 IPv4Network('156.56.0.0/16'),
 IPv4Network('172.16.0.0/12'),
 IPv4Network('192.168.0.0/24'),
 IPv6Network('::/128'),
 IPv4Network('10.0.0.0/16'),
 IPv4Network('10.1.0.0/16'),
 IPv4Network('10.2.0.0/16'),
 IPv4Network('10.3.0.0/16'),
 IPv4Network('10.4.0.0/16'),
 IPv4Network('10.5.0.0/16'),
 IPv4Network('10.6.0.0/16'),
 IPv4Network('10.7.0.0/16'),
 IPv4Network('10.8.0.0/16'),
 IPv4Network('10.9.0.0/16'),
 IPv4Network('10.10.0.0/16'),
 IPv4Network('10.11.0.0/16'),
 IPv4Network('10.12.0.0/16'),
 IPv4Network('10.13.0.0/16'),
 IPv4Network('10.14.0.0/16'),
 IPv4Network('10.15.0.0/16'),
 IPv4Network('10.16.0.0/16'),
 IPv4Network('10.17.0.0/16'),
 IPv4Network('10.18.0.0/16'),
 IPv4Network('10.19.0.0/16'),
 IPv4Network('10.20.0.0/16'),
 IPv4Network('10.21.0.0/16'),
 IPv4Network('10.22.0.0/16'),
 IPv4Network('10.23.0.0/16'),
 IPv4Network('10.24.0.0/16'),
 IPv4Network('10.25.0.0/16'),
 IPv4Network('10.26.0.0/16'),
 IPv4Network('10.27.0.0/16'),
 IPv4Network('10.28.0.0/16'),
 IPv4Network('10.29.0.0/16'),
 IPv4Network('10.30.0.0/16'),
 IPv4Network('10.31.0.0/16'),
 IPv4Network('10.32.0.0/16'),
 IPv4Network('10.33.0.0/16'),
 IPv4Network('10.34.0.0/16'),
 IPv4Network('10.35.0.0/16'),
 IPv4Network('10.36.0.0/16'),
 IPv4Network('10.37.0.0/16'),
 IPv4Network('10.38.0.0/16'),
 IPv4Network('10.39.0.0/16'),
 IPv4Network('10.40.0.0/16'),
 IPv4Network('10.41.0.0/16'),
 IPv4Network('10.42.0.0/16'),
 IPv4Network('10.43.0.0/16'),
 IPv4Network('10.44.0.0/16'),
 IPv4Network('10.45.0.0/16'),
 IPv4Network('10.46.0.0/16'),
 IPv4Network('10.47.0.0/16'),
 IPv4Network('10.48.0.0/16'),
 IPv4Network('10.49.0.0/16'),
 IPv4Network('10.50.0.0/16'),
 IPv4Network('10.51.0.0/16'),
 IPv4Network('10.52.0.0/16'),
 IPv4Network('10.53.0.0/16'),
 IPv4Network('10.54.0.0/16'),
 IPv4Network('10.55.0.0/16'),
 IPv4Network('10.56.0.0/16'),
 IPv4Network('10.57.0.0/16'),
 IPv4Network('10.58.0.0/16'),
 IPv4Network('10.59.0.0/16'),
 IPv4Network('10.60.0.0/16'),
 IPv4Network('10.61.0.0/16'),
 IPv4Network('10.62.0.0/16'),
 IPv4Network('10.63.0.0/16'),
 IPv4Network('10.64.0.0/16'),
 IPv4Network('10.65.0.0/16'),
 IPv4Network('10.66.0.0/16'),
 IPv4Network('10.67.0.0/16'),
 IPv4Network('10.68.0.0/16'),
 IPv4Network('10.69.0.0/16'),
 IPv4Network('10.70.0.0/16'),
 IPv4Network('10.71.0.0/16'),
 IPv4Network('10.72.0.0/16'),
 IPv4Network('10.73.0.0/16'),
 IPv4Network('10.74.0.0/16'),
 IPv4Network('10.75.0.0/16'),
 IPv4Network('10.76.0.0/16'),
 IPv4Network('10.77.0.0/16'),
 IPv4Network('10.78.0.0/16'),
 IPv4Network('10.79.0.0/16'),
 IPv4Network('10.80.0.0/16'),
 IPv4Network('10.81.0.0/16'),
 IPv4Network('10.82.0.0/16'),
 IPv4Network('10.83.0.0/16'),
 IPv4Network('10.84.0.0/16'),
 IPv4Network('10.85.0.0/16'),
 IPv4Network('10.86.0.0/16'),
 IPv4Network('10.87.0.0/16'),
 IPv4Network('10.88.0.0/16'),
 IPv4Network('10.89.0.0/16'),
 IPv4Network('10.90.0.0/16'),
 IPv4Network('10.91.0.0/16'),
 IPv4Network('10.92.0.0/16'),
 IPv4Network('10.93.0.0/16'),
 IPv4Network('10.94.0.0/16'),
 IPv4Network('10.95.0.0/16'),
 IPv4Network('10.96.0.0/16'),
 IPv4Network('10.97.0.0/16'),
 IPv4Network('10.98.0.0/16'),
 IPv4Network('10.99.0.0/16'),
 IPv4Network('10.100.0.0/16'),
 IPv4Network('10.101.0.0/16'),
 IPv4Network('10.102.0.0/16'),
 IPv4Network('10.103.0.0/16'),
 IPv4Network('10.104.0.0/16'),
 IPv4Network('10.105.0.0/16'),
 IPv4Network('10.106.0.0/16'),
 IPv4Network('10.107.0.0/16'),
 IPv4Network('10.108.0.0/16'),
 IPv4Network('10.109.0.0/16'),
 IPv4Network('10.110.0.0/16'),
 IPv4Network('10.111.0.0/16'),
 IPv4Network('10.112.0.0/16'),
 IPv4Network('10.113.0.0/16'),
 IPv4Network('10.114.0.0/16'),
 IPv4Network('10.115.0.0/16'),
 IPv4Network('10.116.0.0/16'),
 IPv4Network('10.117.0.0/16'),
 IPv4Network('10.118.0.0/16'),
 IPv4Network('10.119.0.0/16'),
 IPv4Network('10.120.0.0/16'),
 IPv4Network('10.121.0.0/16'),
 IPv4Network('10.122.0.0/16'),
 IPv4Network('10.123.0.0/16'),
 IPv4Network('10.124.0.0/16'),
 IPv4Network('10.125.0.0/16'),
 IPv4Network('10.126.0.0/16'),
 IPv4Network('10.127.0.0/16'),
 IPv4Network('10.128.0.0/16'),
 IPv4Network('10.129.0.0/16'),
 IPv4Network('10.130.0.0/16'),
 IPv4Network('10.131.0.0/16'),
 IPv4Network('10.132.0.0/16'),
 IPv4Network('10.133.0.0/16'),
 IPv4Network('10.134.0.0/16'),
 IPv4Network('10.135.0.0/16'),
 IPv4Network('10.136.0.0/16'),
 IPv4Network('10.137.0.0/16'),
 IPv4Network('10.138.0.0/16'),
 IPv4Network('10.139.0.0/16'),
 IPv4Network('10.140.0.0/16'),
 IPv4Network('10.141.0.0/16'),
 IPv4Network('10.142.0.0/16'),
 IPv4Network('10.143.0.0/16'),
 IPv4Network('10.144.0.0/16'),
 IPv4Network('10.145.0.0/16'),
 IPv4Network('10.146.0.0/16'),
 IPv4Network('10.147.0.0/16'),
 IPv4Network('10.148.0.0/16'),
 IPv4Network('10.149.0.0/16'),
 IPv4Network('10.150.0.0/16'),
 IPv4Network('10.151.0.0/16'),
 IPv4Network('10.152.0.0/16'),
 IPv4Network('10.153.0.0/16')]
[IPv4Network('10.0.0.0/8'),
 IPv4Network('129.79.0.0/16'),
 IPv4Network('134.68.0.0/16'),
 IPv4Network('140.182.0.0/16'),
 IPv4Network('149.159.0.0/16'),
 IPv4Network('149.160.0.0/14'),
 IPv4Network('156.56.0.0/16'),
 IPv4Network('172.16.0.0/12'),
 IPv4Network('192.168.0.0/24'),
 IPv6Network('::/128'),
 IPv4Network('10.0.0.0/16'),
 IPv4Network('10.1.0.0/16'),
 IPv4Network('10.2.0.0/16'),
 IPv4Network('10.3.0.0/16'),
 IPv4Network('10.4.0.0/16'),
 IPv4Network('10.5.0.0/16'),
 IPv4Network('10.6.0.0/16'),
 IPv4Network('10.7.0.0/16'),
 IPv4Network('10.8.0.0/16'),
 IPv4Network('10.9.0.0/16'),
 IPv4Network('10.10.0.0/16'),
 IPv4Network('10.11.0.0/16'),
 IPv4Network('10.12.0.0/16'),
 IPv4Network('10.13.0.0/16'),
 IPv4Network('10.14.0.0/16'),
 IPv4Network('10.15.0.0/16'),
 IPv4Network('10.16.0.0/16'),
 IPv4Network('10.17.0.0/16'),
 IPv4Network('10.18.0.0/16'),
 IPv4Network('10.19.0.0/16'),
 IPv4Network('10.20.0.0/16'),
 IPv4Network('10.21.0.0/16'),
 IPv4Network('10.22.0.0/16'),
 IPv4Network('10.23.0.0/16'),
 IPv4Network('10.24.0.0/16'),
 IPv4Network('10.25.0.0/16'),
 IPv4Network('10.26.0.0/16'),
 IPv4Network('10.27.0.0/16'),
 IPv4Network('10.28.0.0/16'),
 IPv4Network('10.29.0.0/16'),
 IPv4Network('10.30.0.0/16'),
 IPv4Network('10.31.0.0/16'),
 IPv4Network('10.32.0.0/16'),
 IPv4Network('10.33.0.0/16'),
 IPv4Network('10.34.0.0/16'),
 IPv4Network('10.35.0.0/16'),
 IPv4Network('10.36.0.0/16'),
 IPv4Network('10.37.0.0/16'),
 IPv4Network('10.38.0.0/16'),
 IPv4Network('10.39.0.0/16'),
 IPv4Network('10.40.0.0/16'),
 IPv4Network('10.41.0.0/16'),
 IPv4Network('10.42.0.0/16'),
 IPv4Network('10.43.0.0/16'),
 IPv4Network('10.44.0.0/16'),
 IPv4Network('10.45.0.0/16'),
 IPv4Network('10.46.0.0/16'),
 IPv4Network('10.47.0.0/16'),
 IPv4Network('10.48.0.0/16'),
 IPv4Network('10.49.0.0/16'),
 IPv4Network('10.50.0.0/16'),
 IPv4Network('10.51.0.0/16'),
 IPv4Network('10.52.0.0/16'),
 IPv4Network('10.53.0.0/16'),
 IPv4Network('10.54.0.0/16'),
 IPv4Network('10.55.0.0/16'),
 IPv4Network('10.56.0.0/16'),
 IPv4Network('10.57.0.0/16'),
 IPv4Network('10.58.0.0/16'),
 IPv4Network('10.59.0.0/16'),
 IPv4Network('10.60.0.0/16'),
 IPv4Network('10.61.0.0/16'),
 IPv4Network('10.62.0.0/16'),
 IPv4Network('10.63.0.0/16'),
 IPv4Network('10.64.0.0/16'),
 IPv4Network('10.65.0.0/16'),
 IPv4Network('10.66.0.0/16'),
 IPv4Network('10.67.0.0/16'),
 IPv4Network('10.68.0.0/16'),
 IPv4Network('10.69.0.0/16'),
 IPv4Network('10.70.0.0/16'),
 IPv4Network('10.71.0.0/16'),
 IPv4Network('10.72.0.0/16'),
 IPv4Network('10.73.0.0/16'),
 IPv4Network('10.74.0.0/16'),
 IPv4Network('10.75.0.0/16'),
 IPv4Network('10.76.0.0/16'),
 IPv4Network('10.77.0.0/16'),
 IPv4Network('10.78.0.0/16'),
 IPv4Network('10.79.0.0/16'),
 IPv4Network('10.80.0.0/16'),
 IPv4Network('10.81.0.0/16'),
 IPv4Network('10.82.0.0/16'),
 IPv4Network('10.83.0.0/16'),
 IPv4Network('10.84.0.0/16'),
 IPv4Network('10.85.0.0/16'),
 IPv4Network('10.86.0.0/16'),
 IPv4Network('10.87.0.0/16'),
 IPv4Network('10.88.0.0/16'),
 IPv4Network('10.89.0.0/16'),
 IPv4Network('10.90.0.0/16'),
 IPv4Network('10.91.0.0/16'),
 IPv4Network('10.92.0.0/16'),
 IPv4Network('10.93.0.0/16'),
 IPv4Network('10.94.0.0/16'),
 IPv4Network('10.95.0.0/16'),
 IPv4Network('10.96.0.0/16'),
 IPv4Network('10.97.0.0/16'),
 IPv4Network('10.98.0.0/16'),
 IPv4Network('10.99.0.0/16'),
 IPv4Network('10.100.0.0/16'),
 IPv4Network('10.101.0.0/16'),
 IPv4Network('10.102.0.0/16'),
 IPv4Network('10.103.0.0/16'),
 IPv4Network('10.104.0.0/16'),
 IPv4Network('10.105.0.0/16'),
 IPv4Network('10.106.0.0/16'),
 IPv4Network('10.107.0.0/16'),
 IPv4Network('10.108.0.0/16'),
 IPv4Network('10.109.0.0/16'),
 IPv4Network('10.110.0.0/16'),
 IPv4Network('10.111.0.0/16'),
 IPv4Network('10.112.0.0/16'),
 IPv4Network('10.113.0.0/16'),
 IPv4Network('10.114.0.0/16'),
 IPv4Network('10.115.0.0/16'),
 IPv4Network('10.116.0.0/16'),
 IPv4Network('10.117.0.0/16'),
 IPv4Network('10.118.0.0/16'),
 IPv4Network('10.119.0.0/16'),
 IPv4Network('10.120.0.0/16'),
 IPv4Network('10.121.0.0/16'),
 IPv4Network('10.122.0.0/16'),
 IPv4Network('10.123.0.0/16'),
 IPv4Network('10.124.0.0/16'),
 IPv4Network('10.125.0.0/16'),
 IPv4Network('10.126.0.0/16'),
 IPv4Network('10.127.0.0/16'),
 IPv4Network('10.128.0.0/16'),
 IPv4Network('10.129.0.0/16'),
 IPv4Network('10.130.0.0/16'),
 IPv4Network('10.131.0.0/16'),
 IPv4Network('10.132.0.0/16'),
 IPv4Network('10.133.0.0/16'),
 IPv4Network('10.134.0.0/16'),
 IPv4Network('10.135.0.0/16'),
 IPv4Network('10.136.0.0/16'),
 IPv4Network('10.137.0.0/16'),
 IPv4Network('10.138.0.0/16'),
 IPv4Network('10.139.0.0/16'),
 IPv4Network('10.140.0.0/16'),
 IPv4Network('10.141.0.0/16'),
 IPv4Network('10.142.0.0/16'),
 IPv4Network('10.143.0.0/16'),
 IPv4Network('10.144.0.0/16'),
 IPv4Network('10.145.0.0/16'),
 IPv4Network('10.146.0.0/16'),
 IPv4Network('10.147.0.0/16'),
 IPv4Network('10.148.0.0/16'),
 IPv4Network('10.149.0.0/16'),
 IPv4Network('10.150.0.0/16'),
 IPv4Network('10.151.0.0/16'),
 IPv4Network('10.152.0.0/16'),
 IPv4Network('10.153.0.0/16'),
 IPv4Network('10.154.0.0/16'),
 IPv4Network('10.155.0.0/16')]
[IPv4Network('10.0.0.0/8'),
 IPv4Network('129.79.0.0/16'),
 IPv4Network('134.68.0.0/16'),
 IPv4Network('140.182.0.0/16'),
 IPv4Network('149.159.0.0/16'),
 IPv4Network('149.160.0.0/14'),
 IPv4Network('156.56.0.0/16'),
 IPv4Network('172.16.0.0/12'),
 IPv4Network('192.168.0.0/24'),
 IPv6Network('::/128'),
 IPv4Network('10.0.0.0/16'),
 IPv4Network('10.1.0.0/16'),
 IPv4Network('10.2.0.0/16'),
 IPv4Network('10.3.0.0/16'),
 IPv4Network('10.4.0.0/16'),
 IPv4Network('10.5.0.0/16'),
 IPv4Network('10.6.0.0/16'),
 IPv4Network('10.7.0.0/16'),
 IPv4Network('10.8.0.0/16'),
 IPv4Network('10.9.0.0/16'),
 IPv4Network('10.10.0.0/16'),
 IPv4Network('10.11.0.0/16'),
 IPv4Network('10.12.0.0/16'),
 IPv4Network('10.13.0.0/16'),
 IPv4Network('10.14.0.0/16'),
 IPv4Network('10.15.0.0/16'),
 IPv4Network('10.16.0.0/16'),
 IPv4Network('10.17.0.0/16'),
 IPv4Network('10.18.0.0/16'),
 IPv4Network('10.19.0.0/16'),
 IPv4Network('10.20.0.0/16'),
 IPv4Network('10.21.0.0/16'),
 IPv4Network('10.22.0.0/16'),
 IPv4Network('10.23.0.0/16'),
 IPv4Network('10.24.0.0/16'),
 IPv4Network('10.25.0.0/16'),
 IPv4Network('10.26.0.0/16'),
 IPv4Network('10.27.0.0/16'),
 IPv4Network('10.28.0.0/16'),
 IPv4Network('10.29.0.0/16'),
 IPv4Network('10.30.0.0/16'),
 IPv4Network('10.31.0.0/16'),
 IPv4Network('10.32.0.0/16'),
 IPv4Network('10.33.0.0/16'),
 IPv4Network('10.34.0.0/16'),
 IPv4Network('10.35.0.0/16'),
 IPv4Network('10.36.0.0/16'),
 IPv4Network('10.37.0.0/16'),
 IPv4Network('10.38.0.0/16'),
 IPv4Network('10.39.0.0/16'),
 IPv4Network('10.40.0.0/16'),
 IPv4Network('10.41.0.0/16'),
 IPv4Network('10.42.0.0/16'),
 IPv4Network('10.43.0.0/16'),
 IPv4Network('10.44.0.0/16'),
 IPv4Network('10.45.0.0/16'),
 IPv4Network('10.46.0.0/16'),
 IPv4Network('10.47.0.0/16'),
 IPv4Network('10.48.0.0/16'),
 IPv4Network('10.49.0.0/16'),
 IPv4Network('10.50.0.0/16'),
 IPv4Network('10.51.0.0/16'),
 IPv4Network('10.52.0.0/16'),
 IPv4Network('10.53.0.0/16'),
 IPv4Network('10.54.0.0/16'),
 IPv4Network('10.55.0.0/16'),
 IPv4Network('10.56.0.0/16'),
 IPv4Network('10.57.0.0/16'),
 IPv4Network('10.58.0.0/16'),
 IPv4Network('10.59.0.0/16'),
 IPv4Network('10.60.0.0/16'),
 IPv4Network('10.61.0.0/16'),
 IPv4Network('10.62.0.0/16'),
 IPv4Network('10.63.0.0/16'),
 IPv4Network('10.64.0.0/16'),
 IPv4Network('10.65.0.0/16'),
 IPv4Network('10.66.0.0/16'),
 IPv4Network('10.67.0.0/16'),
 IPv4Network('10.68.0.0/16'),
 IPv4Network('10.69.0.0/16'),
 IPv4Network('10.70.0.0/16'),
 IPv4Network('10.71.0.0/16'),
 IPv4Network('10.72.0.0/16'),
 IPv4Network('10.73.0.0/16'),
 IPv4Network('10.74.0.0/16'),
 IPv4Network('10.75.0.0/16'),
 IPv4Network('10.76.0.0/16'),
 IPv4Network('10.77.0.0/16'),
 IPv4Network('10.78.0.0/16'),
 IPv4Network('10.79.0.0/16'),
 IPv4Network('10.80.0.0/16'),
 IPv4Network('10.81.0.0/16'),
 IPv4Network('10.82.0.0/16'),
 IPv4Network('10.83.0.0/16'),
 IPv4Network('10.84.0.0/16'),
 IPv4Network('10.85.0.0/16'),
 IPv4Network('10.86.0.0/16'),
 IPv4Network('10.87.0.0/16'),
 IPv4Network('10.88.0.0/16'),
 IPv4Network('10.89.0.0/16'),
 IPv4Network('10.90.0.0/16'),
 IPv4Network('10.91.0.0/16'),
 IPv4Network('10.92.0.0/16'),
 IPv4Network('10.93.0.0/16'),
 IPv4Network('10.94.0.0/16'),
 IPv4Network('10.95.0.0/16'),
 IPv4Network('10.96.0.0/16'),
 IPv4Network('10.97.0.0/16'),
 IPv4Network('10.98.0.0/16'),
 IPv4Network('10.99.0.0/16'),
 IPv4Network('10.100.0.0/16'),
 IPv4Network('10.101.0.0/16'),
 IPv4Network('10.102.0.0/16'),
 IPv4Network('10.103.0.0/16'),
 IPv4Network('10.104.0.0/16'),
 IPv4Network('10.105.0.0/16'),
 IPv4Network('10.106.0.0/16'),
 IPv4Network('10.107.0.0/16'),
 IPv4Network('10.108.0.0/16'),
 IPv4Network('10.109.0.0/16'),
 IPv4Network('10.110.0.0/16'),
 IPv4Network('10.111.0.0/16'),
 IPv4Network('10.112.0.0/16'),
 IPv4Network('10.113.0.0/16'),
 IPv4Network('10.114.0.0/16'),
 IPv4Network('10.115.0.0/16'),
 IPv4Network('10.116.0.0/16'),
 IPv4Network('10.117.0.0/16'),
 IPv4Network('10.118.0.0/16'),
 IPv4Network('10.119.0.0/16'),
 IPv4Network('10.120.0.0/16'),
 IPv4Network('10.121.0.0/16'),
 IPv4Network('10.122.0.0/16'),
 IPv4Network('10.123.0.0/16'),
 IPv4Network('10.124.0.0/16'),
 IPv4Network('10.125.0.0/16'),
 IPv4Network('10.126.0.0/16'),
 IPv4Network('10.127.0.0/16'),
 IPv4Network('10.128.0.0/16'),
 IPv4Network('10.129.0.0/16'),
 IPv4Network('10.130.0.0/16'),
 IPv4Network('10.131.0.0/16'),
 IPv4Network('10.132.0.0/16'),
 IPv4Network('10.133.0.0/16'),
 IPv4Network('10.134.0.0/16'),
 IPv4Network('10.135.0.0/16'),
 IPv4Network('10.136.0.0/16'),
 IPv4Network('10.137.0.0/16'),
 IPv4Network('10.138.0.0/16'),
 IPv4Network('10.139.0.0/16'),
 IPv4Network('10.140.0.0/16'),
 IPv4Network('10.141.0.0/16'),
 IPv4Network('10.142.0.0/16'),
 IPv4Network('10.143.0.0/16'),
 IPv4Network('10.144.0.0/16'),
 IPv4Network('10.145.0.0/16'),
 IPv4Network('10.146.0.0/16'),
 IPv4Network('10.147.0.0/16'),
 IPv4Network('10.148.0.0/16'),
 IPv4Network('10.149.0.0/16'),
 IPv4Network('10.150.0.0/16'),
 IPv4Network('10.151.0.0/16'),
 IPv4Network('10.152.0.0/16'),
 IPv4Network('10.153.0.0/16'),
 IPv4Network('10.154.0.0/16'),
 IPv4Network('10.155.0.0/16')]
[IPv4Network('10.0.0.0/8'),
 IPv4Network('129.79.0.0/16'),
 IPv4Network('134.68.0.0/16'),
 IPv4Network('140.182.0.0/16'),
 IPv4Network('149.159.0.0/16'),
 IPv4Network('149.160.0.0/14'),
 IPv4Network('156.56.0.0/16'),
 IPv4Network('172.16.0.0/12'),
 IPv4Network('192.168.0.0/24'),
 IPv6Network('::/128'),
 IPv4Network('10.0.0.0/16'),
 IPv4Network('10.1.0.0/16'),
 IPv4Network('10.2.0.0/16'),
 IPv4Network('10.3.0.0/16'),
 IPv4Network('10.4.0.0/16'),
 IPv4Network('10.5.0.0/16'),
 IPv4Network('10.6.0.0/16'),
 IPv4Network('10.7.0.0/16'),
 IPv4Network('10.8.0.0/16'),
 IPv4Network('10.9.0.0/16'),
 IPv4Network('10.10.0.0/16'),
 IPv4Network('10.11.0.0/16'),
 IPv4Network('10.12.0.0/16'),
 IPv4Network('10.13.0.0/16'),
 IPv4Network('10.14.0.0/16'),
 IPv4Network('10.15.0.0/16'),
 IPv4Network('10.16.0.0/16'),
 IPv4Network('10.17.0.0/16'),
 IPv4Network('10.18.0.0/16'),
 IPv4Network('10.19.0.0/16'),
 IPv4Network('10.20.0.0/16'),
 IPv4Network('10.21.0.0/16'),
 IPv4Network('10.22.0.0/16'),
 IPv4Network('10.23.0.0/16'),
 IPv4Network('10.24.0.0/16'),
 IPv4Network('10.25.0.0/16'),
 IPv4Network('10.26.0.0/16'),
 IPv4Network('10.27.0.0/16'),
 IPv4Network('10.28.0.0/16'),
 IPv4Network('10.29.0.0/16'),
 IPv4Network('10.30.0.0/16'),
 IPv4Network('10.31.0.0/16'),
 IPv4Network('10.32.0.0/16'),
 IPv4Network('10.33.0.0/16'),
 IPv4Network('10.34.0.0/16'),
 IPv4Network('10.35.0.0/16'),
 IPv4Network('10.36.0.0/16'),
 IPv4Network('10.37.0.0/16'),
 IPv4Network('10.38.0.0/16'),
 IPv4Network('10.39.0.0/16'),
 IPv4Network('10.40.0.0/16'),
 IPv4Network('10.41.0.0/16'),
 IPv4Network('10.42.0.0/16'),
 IPv4Network('10.43.0.0/16'),
 IPv4Network('10.44.0.0/16'),
 IPv4Network('10.45.0.0/16'),
 IPv4Network('10.46.0.0/16'),
 IPv4Network('10.47.0.0/16'),
 IPv4Network('10.48.0.0/16'),
 IPv4Network('10.49.0.0/16'),
 IPv4Network('10.50.0.0/16'),
 IPv4Network('10.51.0.0/16'),
 IPv4Network('10.52.0.0/16'),
 IPv4Network('10.53.0.0/16'),
 IPv4Network('10.54.0.0/16'),
 IPv4Network('10.55.0.0/16'),
 IPv4Network('10.56.0.0/16'),
 IPv4Network('10.57.0.0/16'),
 IPv4Network('10.58.0.0/16'),
 IPv4Network('10.59.0.0/16'),
 IPv4Network('10.60.0.0/16'),
 IPv4Network('10.61.0.0/16'),
 IPv4Network('10.62.0.0/16'),
 IPv4Network('10.63.0.0/16'),
 IPv4Network('10.64.0.0/16'),
 IPv4Network('10.65.0.0/16'),
 IPv4Network('10.66.0.0/16'),
 IPv4Network('10.67.0.0/16'),
 IPv4Network('10.68.0.0/16'),
 IPv4Network('10.69.0.0/16'),
 IPv4Network('10.70.0.0/16'),
 IPv4Network('10.71.0.0/16'),
 IPv4Network('10.72.0.0/16'),
 IPv4Network('10.73.0.0/16'),
 IPv4Network('10.74.0.0/16'),
 IPv4Network('10.75.0.0/16'),
 IPv4Network('10.76.0.0/16'),
 IPv4Network('10.77.0.0/16'),
 IPv4Network('10.78.0.0/16'),
 IPv4Network('10.79.0.0/16'),
 IPv4Network('10.80.0.0/16'),
 IPv4Network('10.81.0.0/16'),
 IPv4Network('10.82.0.0/16'),
 IPv4Network('10.83.0.0/16'),
 IPv4Network('10.84.0.0/16'),
 IPv4Network('10.85.0.0/16'),
 IPv4Network('10.86.0.0/16'),
 IPv4Network('10.87.0.0/16'),
 IPv4Network('10.88.0.0/16'),
 IPv4Network('10.89.0.0/16'),
 IPv4Network('10.90.0.0/16'),
 IPv4Network('10.91.0.0/16'),
 IPv4Network('10.92.0.0/16'),
 IPv4Network('10.93.0.0/16'),
 IPv4Network('10.94.0.0/16'),
 IPv4Network('10.95.0.0/16'),
 IPv4Network('10.96.0.0/16'),
 IPv4Network('10.97.0.0/16'),
 IPv4Network('10.98.0.0/16'),
 IPv4Network('10.99.0.0/16'),
 IPv4Network('10.100.0.0/16'),
 IPv4Network('10.101.0.0/16'),
 IPv4Network('10.102.0.0/16'),
 IPv4Network('10.103.0.0/16'),
 IPv4Network('10.104.0.0/16'),
 IPv4Network('10.105.0.0/16'),
 IPv4Network('10.106.0.0/16'),
 IPv4Network('10.107.0.0/16'),
 IPv4Network('10.108.0.0/16'),
 IPv4Network('10.109.0.0/16'),
 IPv4Network('10.110.0.0/16'),
 IPv4Network('10.111.0.0/16'),
 IPv4Network('10.112.0.0/16'),
 IPv4Network('10.113.0.0/16'),
 IPv4Network('10.114.0.0/16'),
 IPv4Network('10.115.0.0/16'),
 IPv4Network('10.116.0.0/16'),
 IPv4Network('10.117.0.0/16'),
 IPv4Network('10.118.0.0/16'),
 IPv4Network('10.119.0.0/16'),
 IPv4Network('10.120.0.0/16'),
 IPv4Network('10.121.0.0/16'),
 IPv4Network('10.122.0.0/16'),
 IPv4Network('10.123.0.0/16'),
 IPv4Network('10.124.0.0/16'),
 IPv4Network('10.125.0.0/16'),
 IPv4Network('10.126.0.0/16'),
 IPv4Network('10.127.0.0/16'),
 IPv4Network('10.128.0.0/16'),
 IPv4Network('10.129.0.0/16'),
 IPv4Network('10.130.0.0/16'),
 IPv4Network('10.131.0.0/16'),
 IPv4Network('10.132.0.0/16'),
 IPv4Network('10.133.0.0/16'),
 IPv4Network('10.134.0.0/16'),
 IPv4Network('10.135.0.0/16'),
 IPv4Network('10.136.0.0/16'),
 IPv4Network('10.137.0.0/16'),
 IPv4Network('10.138.0.0/16'),
 IPv4Network('10.139.0.0/16'),
 IPv4Network('10.140.0.0/16'),
 IPv4Network('10.141.0.0/16'),
 IPv4Network('10.142.0.0/16'),
 IPv4Network('10.143.0.0/16'),
 IPv4Network('10.144.0.0/16'),
 IPv4Network('10.145.0.0/16'),
 IPv4Network('10.146.0.0/16'),
 IPv4Network('10.147.0.0/16'),
 IPv4Network('10.148.0.0/16'),
 IPv4Network('10.149.0.0/16'),
 IPv4Network('10.150.0.0/16'),
 IPv4Network('10.151.0.0/16'),
 IPv4Network('10.152.0.0/16'),
 IPv4Network('10.153.0.0/16'),
 IPv4Network('10.154.0.0/16'),
 IPv4Network('10.155.0.0/16'),
 IPv4Network('10.156.0.0/16'),
 IPv4Network('10.157.0.0/16')]
[IPv4Network('10.0.0.0/8'),
 IPv4Network('129.79.0.0/16'),
 IPv4Network('134.68.0.0/16'),
 IPv4Network('140.182.0.0/16'),
 IPv4Network('149.159.0.0/16'),
 IPv4Network('149.160.0.0/14'),
 IPv4Network('156.56.0.0/16'),
 IPv4Network('172.16.0.0/12'),
 IPv4Network('192.168.0.0/24'),
 IPv6Network('::/128'),
 IPv4Network('10.0.0.0/16'),
 IPv4Network('10.1.0.0/16'),
 IPv4Network('10.2.0.0/16'),
 IPv4Network('10.3.0.0/16'),
 IPv4Network('10.4.0.0/16'),
 IPv4Network('10.5.0.0/16'),
 IPv4Network('10.6.0.0/16'),
 IPv4Network('10.7.0.0/16'),
 IPv4Network('10.8.0.0/16'),
 IPv4Network('10.9.0.0/16'),
 IPv4Network('10.10.0.0/16'),
 IPv4Network('10.11.0.0/16'),
 IPv4Network('10.12.0.0/16'),
 IPv4Network('10.13.0.0/16'),
 IPv4Network('10.14.0.0/16'),
 IPv4Network('10.15.0.0/16'),
 IPv4Network('10.16.0.0/16'),
 IPv4Network('10.17.0.0/16'),
 IPv4Network('10.18.0.0/16'),
 IPv4Network('10.19.0.0/16'),
 IPv4Network('10.20.0.0/16'),
 IPv4Network('10.21.0.0/16'),
 IPv4Network('10.22.0.0/16'),
 IPv4Network('10.23.0.0/16'),
 IPv4Network('10.24.0.0/16'),
 IPv4Network('10.25.0.0/16'),
 IPv4Network('10.26.0.0/16'),
 IPv4Network('10.27.0.0/16'),
 IPv4Network('10.28.0.0/16'),
 IPv4Network('10.29.0.0/16'),
 IPv4Network('10.30.0.0/16'),
 IPv4Network('10.31.0.0/16'),
 IPv4Network('10.32.0.0/16'),
 IPv4Network('10.33.0.0/16'),
 IPv4Network('10.34.0.0/16'),
 IPv4Network('10.35.0.0/16'),
 IPv4Network('10.36.0.0/16'),
 IPv4Network('10.37.0.0/16'),
 IPv4Network('10.38.0.0/16'),
 IPv4Network('10.39.0.0/16'),
 IPv4Network('10.40.0.0/16'),
 IPv4Network('10.41.0.0/16'),
 IPv4Network('10.42.0.0/16'),
 IPv4Network('10.43.0.0/16'),
 IPv4Network('10.44.0.0/16'),
 IPv4Network('10.45.0.0/16'),
 IPv4Network('10.46.0.0/16'),
 IPv4Network('10.47.0.0/16'),
 IPv4Network('10.48.0.0/16'),
 IPv4Network('10.49.0.0/16'),
 IPv4Network('10.50.0.0/16'),
 IPv4Network('10.51.0.0/16'),
 IPv4Network('10.52.0.0/16'),
 IPv4Network('10.53.0.0/16'),
 IPv4Network('10.54.0.0/16'),
 IPv4Network('10.55.0.0/16'),
 IPv4Network('10.56.0.0/16'),
 IPv4Network('10.57.0.0/16'),
 IPv4Network('10.58.0.0/16'),
 IPv4Network('10.59.0.0/16'),
 IPv4Network('10.60.0.0/16'),
 IPv4Network('10.61.0.0/16'),
 IPv4Network('10.62.0.0/16'),
 IPv4Network('10.63.0.0/16'),
 IPv4Network('10.64.0.0/16'),
 IPv4Network('10.65.0.0/16'),
 IPv4Network('10.66.0.0/16'),
 IPv4Network('10.67.0.0/16'),
 IPv4Network('10.68.0.0/16'),
 IPv4Network('10.69.0.0/16'),
 IPv4Network('10.70.0.0/16'),
 IPv4Network('10.71.0.0/16'),
 IPv4Network('10.72.0.0/16'),
 IPv4Network('10.73.0.0/16'),
 IPv4Network('10.74.0.0/16'),
 IPv4Network('10.75.0.0/16'),
 IPv4Network('10.76.0.0/16'),
 IPv4Network('10.77.0.0/16'),
 IPv4Network('10.78.0.0/16'),
 IPv4Network('10.79.0.0/16'),
 IPv4Network('10.80.0.0/16'),
 IPv4Network('10.81.0.0/16'),
 IPv4Network('10.82.0.0/16'),
 IPv4Network('10.83.0.0/16'),
 IPv4Network('10.84.0.0/16'),
 IPv4Network('10.85.0.0/16'),
 IPv4Network('10.86.0.0/16'),
 IPv4Network('10.87.0.0/16'),
 IPv4Network('10.88.0.0/16'),
 IPv4Network('10.89.0.0/16'),
 IPv4Network('10.90.0.0/16'),
 IPv4Network('10.91.0.0/16'),
 IPv4Network('10.92.0.0/16'),
 IPv4Network('10.93.0.0/16'),
 IPv4Network('10.94.0.0/16'),
 IPv4Network('10.95.0.0/16'),
 IPv4Network('10.96.0.0/16'),
 IPv4Network('10.97.0.0/16'),
 IPv4Network('10.98.0.0/16'),
 IPv4Network('10.99.0.0/16'),
 IPv4Network('10.100.0.0/16'),
 IPv4Network('10.101.0.0/16'),
 IPv4Network('10.102.0.0/16'),
 IPv4Network('10.103.0.0/16'),
 IPv4Network('10.104.0.0/16'),
 IPv4Network('10.105.0.0/16'),
 IPv4Network('10.106.0.0/16'),
 IPv4Network('10.107.0.0/16'),
 IPv4Network('10.108.0.0/16'),
 IPv4Network('10.109.0.0/16'),
 IPv4Network('10.110.0.0/16'),
 IPv4Network('10.111.0.0/16'),
 IPv4Network('10.112.0.0/16'),
 IPv4Network('10.113.0.0/16'),
 IPv4Network('10.114.0.0/16'),
 IPv4Network('10.115.0.0/16'),
 IPv4Network('10.116.0.0/16'),
 IPv4Network('10.117.0.0/16'),
 IPv4Network('10.118.0.0/16'),
 IPv4Network('10.119.0.0/16'),
 IPv4Network('10.120.0.0/16'),
 IPv4Network('10.121.0.0/16'),
 IPv4Network('10.122.0.0/16'),
 IPv4Network('10.123.0.0/16'),
 IPv4Network('10.124.0.0/16'),
 IPv4Network('10.125.0.0/16'),
 IPv4Network('10.126.0.0/16'),
 IPv4Network('10.127.0.0/16'),
 IPv4Network('10.128.0.0/16'),
 IPv4Network('10.129.0.0/16'),
 IPv4Network('10.130.0.0/16'),
 IPv4Network('10.131.0.0/16'),
 IPv4Network('10.132.0.0/16'),
 IPv4Network('10.133.0.0/16'),
 IPv4Network('10.134.0.0/16'),
 IPv4Network('10.135.0.0/16'),
 IPv4Network('10.136.0.0/16'),
 IPv4Network('10.137.0.0/16'),
 IPv4Network('10.138.0.0/16'),
 IPv4Network('10.139.0.0/16'),
 IPv4Network('10.140.0.0/16'),
 IPv4Network('10.141.0.0/16'),
 IPv4Network('10.142.0.0/16'),
 IPv4Network('10.143.0.0/16'),
 IPv4Network('10.144.0.0/16'),
 IPv4Network('10.145.0.0/16'),
 IPv4Network('10.146.0.0/16'),
 IPv4Network('10.147.0.0/16'),
 IPv4Network('10.148.0.0/16'),
 IPv4Network('10.149.0.0/16'),
 IPv4Network('10.150.0.0/16'),
 IPv4Network('10.151.0.0/16'),
 IPv4Network('10.152.0.0/16'),
 IPv4Network('10.153.0.0/16'),
 IPv4Network('10.154.0.0/16'),
 IPv4Network('10.155.0.0/16'),
 IPv4Network('10.156.0.0/16'),
 IPv4Network('10.157.0.0/16'),
 IPv4Network('10.158.0.0/16'),
 IPv4Network('10.159.0.0/16')]
[IPv4Network('10.0.0.0/8'),
 IPv4Network('129.79.0.0/16'),
 IPv4Network('134.68.0.0/16'),
 IPv4Network('140.182.0.0/16'),
 IPv4Network('149.159.0.0/16'),
 IPv4Network('149.160.0.0/14'),
 IPv4Network('156.56.0.0/16'),
 IPv4Network('172.16.0.0/12'),
 IPv4Network('192.168.0.0/24'),
 IPv6Network('::/128'),
 IPv4Network('10.0.0.0/16'),
 IPv4Network('10.1.0.0/16'),
 IPv4Network('10.2.0.0/16'),
 IPv4Network('10.3.0.0/16'),
 IPv4Network('10.4.0.0/16'),
 IPv4Network('10.5.0.0/16'),
 IPv4Network('10.6.0.0/16'),
 IPv4Network('10.7.0.0/16'),
 IPv4Network('10.8.0.0/16'),
 IPv4Network('10.9.0.0/16'),
 IPv4Network('10.10.0.0/16'),
 IPv4Network('10.11.0.0/16'),
 IPv4Network('10.12.0.0/16'),
 IPv4Network('10.13.0.0/16'),
 IPv4Network('10.14.0.0/16'),
 IPv4Network('10.15.0.0/16'),
 IPv4Network('10.16.0.0/16'),
 IPv4Network('10.17.0.0/16'),
 IPv4Network('10.18.0.0/16'),
 IPv4Network('10.19.0.0/16'),
 IPv4Network('10.20.0.0/16'),
 IPv4Network('10.21.0.0/16'),
 IPv4Network('10.22.0.0/16'),
 IPv4Network('10.23.0.0/16'),
 IPv4Network('10.24.0.0/16'),
 IPv4Network('10.25.0.0/16'),
 IPv4Network('10.26.0.0/16'),
 IPv4Network('10.27.0.0/16'),
 IPv4Network('10.28.0.0/16'),
 IPv4Network('10.29.0.0/16'),
 IPv4Network('10.30.0.0/16'),
 IPv4Network('10.31.0.0/16'),
 IPv4Network('10.32.0.0/16'),
 IPv4Network('10.33.0.0/16'),
 IPv4Network('10.34.0.0/16'),
 IPv4Network('10.35.0.0/16'),
 IPv4Network('10.36.0.0/16'),
 IPv4Network('10.37.0.0/16'),
 IPv4Network('10.38.0.0/16'),
 IPv4Network('10.39.0.0/16'),
 IPv4Network('10.40.0.0/16'),
 IPv4Network('10.41.0.0/16'),
 IPv4Network('10.42.0.0/16'),
 IPv4Network('10.43.0.0/16'),
 IPv4Network('10.44.0.0/16'),
 IPv4Network('10.45.0.0/16'),
 IPv4Network('10.46.0.0/16'),
 IPv4Network('10.47.0.0/16'),
 IPv4Network('10.48.0.0/16'),
 IPv4Network('10.49.0.0/16'),
 IPv4Network('10.50.0.0/16'),
 IPv4Network('10.51.0.0/16'),
 IPv4Network('10.52.0.0/16'),
 IPv4Network('10.53.0.0/16'),
 IPv4Network('10.54.0.0/16'),
 IPv4Network('10.55.0.0/16'),
 IPv4Network('10.56.0.0/16'),
 IPv4Network('10.57.0.0/16'),
 IPv4Network('10.58.0.0/16'),
 IPv4Network('10.59.0.0/16'),
 IPv4Network('10.60.0.0/16'),
 IPv4Network('10.61.0.0/16'),
 IPv4Network('10.62.0.0/16'),
 IPv4Network('10.63.0.0/16'),
 IPv4Network('10.64.0.0/16'),
 IPv4Network('10.65.0.0/16'),
 IPv4Network('10.66.0.0/16'),
 IPv4Network('10.67.0.0/16'),
 IPv4Network('10.68.0.0/16'),
 IPv4Network('10.69.0.0/16'),
 IPv4Network('10.70.0.0/16'),
 IPv4Network('10.71.0.0/16'),
 IPv4Network('10.72.0.0/16'),
 IPv4Network('10.73.0.0/16'),
 IPv4Network('10.74.0.0/16'),
 IPv4Network('10.75.0.0/16'),
 IPv4Network('10.76.0.0/16'),
 IPv4Network('10.77.0.0/16'),
 IPv4Network('10.78.0.0/16'),
 IPv4Network('10.79.0.0/16'),
 IPv4Network('10.80.0.0/16'),
 IPv4Network('10.81.0.0/16'),
 IPv4Network('10.82.0.0/16'),
 IPv4Network('10.83.0.0/16'),
 IPv4Network('10.84.0.0/16'),
 IPv4Network('10.85.0.0/16'),
 IPv4Network('10.86.0.0/16'),
 IPv4Network('10.87.0.0/16'),
 IPv4Network('10.88.0.0/16'),
 IPv4Network('10.89.0.0/16'),
 IPv4Network('10.90.0.0/16'),
 IPv4Network('10.91.0.0/16'),
 IPv4Network('10.92.0.0/16'),
 IPv4Network('10.93.0.0/16'),
 IPv4Network('10.94.0.0/16'),
 IPv4Network('10.95.0.0/16'),
 IPv4Network('10.96.0.0/16'),
 IPv4Network('10.97.0.0/16'),
 IPv4Network('10.98.0.0/16'),
 IPv4Network('10.99.0.0/16'),
 IPv4Network('10.100.0.0/16'),
 IPv4Network('10.101.0.0/16'),
 IPv4Network('10.102.0.0/16'),
 IPv4Network('10.103.0.0/16'),
 IPv4Network('10.104.0.0/16'),
 IPv4Network('10.105.0.0/16'),
 IPv4Network('10.106.0.0/16'),
 IPv4Network('10.107.0.0/16'),
 IPv4Network('10.108.0.0/16'),
 IPv4Network('10.109.0.0/16'),
 IPv4Network('10.110.0.0/16'),
 IPv4Network('10.111.0.0/16'),
 IPv4Network('10.112.0.0/16'),
 IPv4Network('10.113.0.0/16'),
 IPv4Network('10.114.0.0/16'),
 IPv4Network('10.115.0.0/16'),
 IPv4Network('10.116.0.0/16'),
 IPv4Network('10.117.0.0/16'),
 IPv4Network('10.118.0.0/16'),
 IPv4Network('10.119.0.0/16'),
 IPv4Network('10.120.0.0/16'),
 IPv4Network('10.121.0.0/16'),
 IPv4Network('10.122.0.0/16'),
 IPv4Network('10.123.0.0/16'),
 IPv4Network('10.124.0.0/16'),
 IPv4Network('10.125.0.0/16'),
 IPv4Network('10.126.0.0/16'),
 IPv4Network('10.127.0.0/16'),
 IPv4Network('10.128.0.0/16'),
 IPv4Network('10.129.0.0/16'),
 IPv4Network('10.130.0.0/16'),
 IPv4Network('10.131.0.0/16'),
 IPv4Network('10.132.0.0/16'),
 IPv4Network('10.133.0.0/16'),
 IPv4Network('10.134.0.0/16'),
 IPv4Network('10.135.0.0/16'),
 IPv4Network('10.136.0.0/16'),
 IPv4Network('10.137.0.0/16'),
 IPv4Network('10.138.0.0/16'),
 IPv4Network('10.139.0.0/16'),
 IPv4Network('10.140.0.0/16'),
 IPv4Network('10.141.0.0/16'),
 IPv4Network('10.142.0.0/16'),
 IPv4Network('10.143.0.0/16'),
 IPv4Network('10.144.0.0/16'),
 IPv4Network('10.145.0.0/16'),
 IPv4Network('10.146.0.0/16'),
 IPv4Network('10.147.0.0/16'),
 IPv4Network('10.148.0.0/16'),
 IPv4Network('10.149.0.0/16'),
 IPv4Network('10.150.0.0/16'),
 IPv4Network('10.151.0.0/16'),
 IPv4Network('10.152.0.0/16'),
 IPv4Network('10.153.0.0/16'),
 IPv4Network('10.154.0.0/16'),
 IPv4Network('10.155.0.0/16'),
 IPv4Network('10.156.0.0/16'),
 IPv4Network('10.157.0.0/16'),
 IPv4Network('10.158.0.0/16'),
 IPv4Network('10.159.0.0/16')]
[IPv4Network('10.0.0.0/8'),
 IPv4Network('129.79.0.0/16'),
 IPv4Network('134.68.0.0/16'),
 IPv4Network('140.182.0.0/16'),
 IPv4Network('149.159.0.0/16'),
 IPv4Network('149.160.0.0/14'),
 IPv4Network('156.56.0.0/16'),
 IPv4Network('172.16.0.0/12'),
 IPv4Network('192.168.0.0/24'),
 IPv6Network('::/128'),
 IPv4Network('10.0.0.0/16'),
 IPv4Network('10.1.0.0/16'),
 IPv4Network('10.2.0.0/16'),
 IPv4Network('10.3.0.0/16'),
 IPv4Network('10.4.0.0/16'),
 IPv4Network('10.5.0.0/16'),
 IPv4Network('10.6.0.0/16'),
 IPv4Network('10.7.0.0/16'),
 IPv4Network('10.8.0.0/16'),
 IPv4Network('10.9.0.0/16'),
 IPv4Network('10.10.0.0/16'),
 IPv4Network('10.11.0.0/16'),
 IPv4Network('10.12.0.0/16'),
 IPv4Network('10.13.0.0/16'),
 IPv4Network('10.14.0.0/16'),
 IPv4Network('10.15.0.0/16'),
 IPv4Network('10.16.0.0/16'),
 IPv4Network('10.17.0.0/16'),
 IPv4Network('10.18.0.0/16'),
 IPv4Network('10.19.0.0/16'),
 IPv4Network('10.20.0.0/16'),
 IPv4Network('10.21.0.0/16'),
 IPv4Network('10.22.0.0/16'),
 IPv4Network('10.23.0.0/16'),
 IPv4Network('10.24.0.0/16'),
 IPv4Network('10.25.0.0/16'),
 IPv4Network('10.26.0.0/16'),
 IPv4Network('10.27.0.0/16'),
 IPv4Network('10.28.0.0/16'),
 IPv4Network('10.29.0.0/16'),
 IPv4Network('10.30.0.0/16'),
 IPv4Network('10.31.0.0/16'),
 IPv4Network('10.32.0.0/16'),
 IPv4Network('10.33.0.0/16'),
 IPv4Network('10.34.0.0/16'),
 IPv4Network('10.35.0.0/16'),
 IPv4Network('10.36.0.0/16'),
 IPv4Network('10.37.0.0/16'),
 IPv4Network('10.38.0.0/16'),
 IPv4Network('10.39.0.0/16'),
 IPv4Network('10.40.0.0/16'),
 IPv4Network('10.41.0.0/16'),
 IPv4Network('10.42.0.0/16'),
 IPv4Network('10.43.0.0/16'),
 IPv4Network('10.44.0.0/16'),
 IPv4Network('10.45.0.0/16'),
 IPv4Network('10.46.0.0/16'),
 IPv4Network('10.47.0.0/16'),
 IPv4Network('10.48.0.0/16'),
 IPv4Network('10.49.0.0/16'),
 IPv4Network('10.50.0.0/16'),
 IPv4Network('10.51.0.0/16'),
 IPv4Network('10.52.0.0/16'),
 IPv4Network('10.53.0.0/16'),
 IPv4Network('10.54.0.0/16'),
 IPv4Network('10.55.0.0/16'),
 IPv4Network('10.56.0.0/16'),
 IPv4Network('10.57.0.0/16'),
 IPv4Network('10.58.0.0/16'),
 IPv4Network('10.59.0.0/16'),
 IPv4Network('10.60.0.0/16'),
 IPv4Network('10.61.0.0/16'),
 IPv4Network('10.62.0.0/16'),
 IPv4Network('10.63.0.0/16'),
 IPv4Network('10.64.0.0/16'),
 IPv4Network('10.65.0.0/16'),
 IPv4Network('10.66.0.0/16'),
 IPv4Network('10.67.0.0/16'),
 IPv4Network('10.68.0.0/16'),
 IPv4Network('10.69.0.0/16'),
 IPv4Network('10.70.0.0/16'),
 IPv4Network('10.71.0.0/16'),
 IPv4Network('10.72.0.0/16'),
 IPv4Network('10.73.0.0/16'),
 IPv4Network('10.74.0.0/16'),
 IPv4Network('10.75.0.0/16'),
 IPv4Network('10.76.0.0/16'),
 IPv4Network('10.77.0.0/16'),
 IPv4Network('10.78.0.0/16'),
 IPv4Network('10.79.0.0/16'),
 IPv4Network('10.80.0.0/16'),
 IPv4Network('10.81.0.0/16'),
 IPv4Network('10.82.0.0/16'),
 IPv4Network('10.83.0.0/16'),
 IPv4Network('10.84.0.0/16'),
 IPv4Network('10.85.0.0/16'),
 IPv4Network('10.86.0.0/16'),
 IPv4Network('10.87.0.0/16'),
 IPv4Network('10.88.0.0/16'),
 IPv4Network('10.89.0.0/16'),
 IPv4Network('10.90.0.0/16'),
 IPv4Network('10.91.0.0/16'),
 IPv4Network('10.92.0.0/16'),
 IPv4Network('10.93.0.0/16'),
 IPv4Network('10.94.0.0/16'),
 IPv4Network('10.95.0.0/16'),
 IPv4Network('10.96.0.0/16'),
 IPv4Network('10.97.0.0/16'),
 IPv4Network('10.98.0.0/16'),
 IPv4Network('10.99.0.0/16'),
 IPv4Network('10.100.0.0/16'),
 IPv4Network('10.101.0.0/16'),
 IPv4Network('10.102.0.0/16'),
 IPv4Network('10.103.0.0/16'),
 IPv4Network('10.104.0.0/16'),
 IPv4Network('10.105.0.0/16'),
 IPv4Network('10.106.0.0/16'),
 IPv4Network('10.107.0.0/16'),
 IPv4Network('10.108.0.0/16'),
 IPv4Network('10.109.0.0/16'),
 IPv4Network('10.110.0.0/16'),
 IPv4Network('10.111.0.0/16'),
 IPv4Network('10.112.0.0/16'),
 IPv4Network('10.113.0.0/16'),
 IPv4Network('10.114.0.0/16'),
 IPv4Network('10.115.0.0/16'),
 IPv4Network('10.116.0.0/16'),
 IPv4Network('10.117.0.0/16'),
 IPv4Network('10.118.0.0/16'),
 IPv4Network('10.119.0.0/16'),
 IPv4Network('10.120.0.0/16'),
 IPv4Network('10.121.0.0/16'),
 IPv4Network('10.122.0.0/16'),
 IPv4Network('10.123.0.0/16'),
 IPv4Network('10.124.0.0/16'),
 IPv4Network('10.125.0.0/16'),
 IPv4Network('10.126.0.0/16'),
 IPv4Network('10.127.0.0/16'),
 IPv4Network('10.128.0.0/16'),
 IPv4Network('10.129.0.0/16'),
 IPv4Network('10.130.0.0/16'),
 IPv4Network('10.131.0.0/16'),
 IPv4Network('10.132.0.0/16'),
 IPv4Network('10.133.0.0/16'),
 IPv4Network('10.134.0.0/16'),
 IPv4Network('10.135.0.0/16'),
 IPv4Network('10.136.0.0/16'),
 IPv4Network('10.137.0.0/16'),
 IPv4Network('10.138.0.0/16'),
 IPv4Network('10.139.0.0/16'),
 IPv4Network('10.140.0.0/16'),
 IPv4Network('10.141.0.0/16'),
 IPv4Network('10.142.0.0/16'),
 IPv4Network('10.143.0.0/16'),
 IPv4Network('10.144.0.0/16'),
 IPv4Network('10.145.0.0/16'),
 IPv4Network('10.146.0.0/16'),
 IPv4Network('10.147.0.0/16'),
 IPv4Network('10.148.0.0/16'),
 IPv4Network('10.149.0.0/16'),
 IPv4Network('10.150.0.0/16'),
 IPv4Network('10.151.0.0/16'),
 IPv4Network('10.152.0.0/16'),
 IPv4Network('10.153.0.0/16'),
 IPv4Network('10.154.0.0/16'),
 IPv4Network('10.155.0.0/16'),
 IPv4Network('10.156.0.0/16'),
 IPv4Network('10.157.0.0/16'),
 IPv4Network('10.158.0.0/16'),
 IPv4Network('10.159.0.0/16')]
[IPv4Network('10.0.0.0/8'),
 IPv4Network('129.79.0.0/16'),
 IPv4Network('134.68.0.0/16'),
 IPv4Network('140.182.0.0/16'),
 IPv4Network('149.159.0.0/16'),
 IPv4Network('149.160.0.0/14'),
 IPv4Network('156.56.0.0/16'),
 IPv4Network('172.16.0.0/12'),
 IPv4Network('192.168.0.0/24'),
 IPv6Network('::/128'),
 IPv4Network('10.0.0.0/16'),
 IPv4Network('10.1.0.0/16'),
 IPv4Network('10.2.0.0/16'),
 IPv4Network('10.3.0.0/16'),
 IPv4Network('10.4.0.0/16'),
 IPv4Network('10.5.0.0/16'),
 IPv4Network('10.6.0.0/16'),
 IPv4Network('10.7.0.0/16'),
 IPv4Network('10.8.0.0/16'),
 IPv4Network('10.9.0.0/16'),
 IPv4Network('10.10.0.0/16'),
 IPv4Network('10.11.0.0/16'),
 IPv4Network('10.12.0.0/16'),
 IPv4Network('10.13.0.0/16'),
 IPv4Network('10.14.0.0/16'),
 IPv4Network('10.15.0.0/16'),
 IPv4Network('10.16.0.0/16'),
 IPv4Network('10.17.0.0/16'),
 IPv4Network('10.18.0.0/16'),
 IPv4Network('10.19.0.0/16'),
 IPv4Network('10.20.0.0/16'),
 IPv4Network('10.21.0.0/16'),
 IPv4Network('10.22.0.0/16'),
 IPv4Network('10.23.0.0/16'),
 IPv4Network('10.24.0.0/16'),
 IPv4Network('10.25.0.0/16'),
 IPv4Network('10.26.0.0/16'),
 IPv4Network('10.27.0.0/16'),
 IPv4Network('10.28.0.0/16'),
 IPv4Network('10.29.0.0/16'),
 IPv4Network('10.30.0.0/16'),
 IPv4Network('10.31.0.0/16'),
 IPv4Network('10.32.0.0/16'),
 IPv4Network('10.33.0.0/16'),
 IPv4Network('10.34.0.0/16'),
 IPv4Network('10.35.0.0/16'),
 IPv4Network('10.36.0.0/16'),
 IPv4Network('10.37.0.0/16'),
 IPv4Network('10.38.0.0/16'),
 IPv4Network('10.39.0.0/16'),
 IPv4Network('10.40.0.0/16'),
 IPv4Network('10.41.0.0/16'),
 IPv4Network('10.42.0.0/16'),
 IPv4Network('10.43.0.0/16'),
 IPv4Network('10.44.0.0/16'),
 IPv4Network('10.45.0.0/16'),
 IPv4Network('10.46.0.0/16'),
 IPv4Network('10.47.0.0/16'),
 IPv4Network('10.48.0.0/16'),
 IPv4Network('10.49.0.0/16'),
 IPv4Network('10.50.0.0/16'),
 IPv4Network('10.51.0.0/16'),
 IPv4Network('10.52.0.0/16'),
 IPv4Network('10.53.0.0/16'),
 IPv4Network('10.54.0.0/16'),
 IPv4Network('10.55.0.0/16'),
 IPv4Network('10.56.0.0/16'),
 IPv4Network('10.57.0.0/16'),
 IPv4Network('10.58.0.0/16'),
 IPv4Network('10.59.0.0/16'),
 IPv4Network('10.60.0.0/16'),
 IPv4Network('10.61.0.0/16'),
 IPv4Network('10.62.0.0/16'),
 IPv4Network('10.63.0.0/16'),
 IPv4Network('10.64.0.0/16'),
 IPv4Network('10.65.0.0/16'),
 IPv4Network('10.66.0.0/16'),
 IPv4Network('10.67.0.0/16'),
 IPv4Network('10.68.0.0/16'),
 IPv4Network('10.69.0.0/16'),
 IPv4Network('10.70.0.0/16'),
 IPv4Network('10.71.0.0/16'),
 IPv4Network('10.72.0.0/16'),
 IPv4Network('10.73.0.0/16'),
 IPv4Network('10.74.0.0/16'),
 IPv4Network('10.75.0.0/16'),
 IPv4Network('10.76.0.0/16'),
 IPv4Network('10.77.0.0/16'),
 IPv4Network('10.78.0.0/16'),
 IPv4Network('10.79.0.0/16'),
 IPv4Network('10.80.0.0/16'),
 IPv4Network('10.81.0.0/16'),
 IPv4Network('10.82.0.0/16'),
 IPv4Network('10.83.0.0/16'),
 IPv4Network('10.84.0.0/16'),
 IPv4Network('10.85.0.0/16'),
 IPv4Network('10.86.0.0/16'),
 IPv4Network('10.87.0.0/16'),
 IPv4Network('10.88.0.0/16'),
 IPv4Network('10.89.0.0/16'),
 IPv4Network('10.90.0.0/16'),
 IPv4Network('10.91.0.0/16'),
 IPv4Network('10.92.0.0/16'),
 IPv4Network('10.93.0.0/16'),
 IPv4Network('10.94.0.0/16'),
 IPv4Network('10.95.0.0/16'),
 IPv4Network('10.96.0.0/16'),
 IPv4Network('10.97.0.0/16'),
 IPv4Network('10.98.0.0/16'),
 IPv4Network('10.99.0.0/16'),
 IPv4Network('10.100.0.0/16'),
 IPv4Network('10.101.0.0/16'),
 IPv4Network('10.102.0.0/16'),
 IPv4Network('10.103.0.0/16'),
 IPv4Network('10.104.0.0/16'),
 IPv4Network('10.105.0.0/16'),
 IPv4Network('10.106.0.0/16'),
 IPv4Network('10.107.0.0/16'),
 IPv4Network('10.108.0.0/16'),
 IPv4Network('10.109.0.0/16'),
 IPv4Network('10.110.0.0/16'),
 IPv4Network('10.111.0.0/16'),
 IPv4Network('10.112.0.0/16'),
 IPv4Network('10.113.0.0/16'),
 IPv4Network('10.114.0.0/16'),
 IPv4Network('10.115.0.0/16'),
 IPv4Network('10.116.0.0/16'),
 IPv4Network('10.117.0.0/16'),
 IPv4Network('10.118.0.0/16'),
 IPv4Network('10.119.0.0/16'),
 IPv4Network('10.120.0.0/16'),
 IPv4Network('10.121.0.0/16'),
 IPv4Network('10.122.0.0/16'),
 IPv4Network('10.123.0.0/16'),
 IPv4Network('10.124.0.0/16'),
 IPv4Network('10.125.0.0/16'),
 IPv4Network('10.126.0.0/16'),
 IPv4Network('10.127.0.0/16'),
 IPv4Network('10.128.0.0/16'),
 IPv4Network('10.129.0.0/16'),
 IPv4Network('10.130.0.0/16'),
 IPv4Network('10.131.0.0/16'),
 IPv4Network('10.132.0.0/16'),
 IPv4Network('10.133.0.0/16'),
 IPv4Network('10.134.0.0/16'),
 IPv4Network('10.135.0.0/16'),
 IPv4Network('10.136.0.0/16'),
 IPv4Network('10.137.0.0/16'),
 IPv4Network('10.138.0.0/16'),
 IPv4Network('10.139.0.0/16'),
 IPv4Network('10.140.0.0/16'),
 IPv4Network('10.141.0.0/16'),
 IPv4Network('10.142.0.0/16'),
 IPv4Network('10.143.0.0/16'),
 IPv4Network('10.144.0.0/16'),
 IPv4Network('10.145.0.0/16'),
 IPv4Network('10.146.0.0/16'),
 IPv4Network('10.147.0.0/16'),
 IPv4Network('10.148.0.0/16'),
 IPv4Network('10.149.0.0/16'),
 IPv4Network('10.150.0.0/16'),
 IPv4Network('10.151.0.0/16'),
 IPv4Network('10.152.0.0/16'),
 IPv4Network('10.153.0.0/16'),
 IPv4Network('10.154.0.0/16'),
 IPv4Network('10.155.0.0/16'),
 IPv4Network('10.156.0.0/16'),
 IPv4Network('10.157.0.0/16'),
 IPv4Network('10.158.0.0/16'),
 IPv4Network('10.159.0.0/16')]
[IPv4Network('10.0.0.0/8'),
 IPv4Network('129.79.0.0/16'),
 IPv4Network('134.68.0.0/16'),
 IPv4Network('140.182.0.0/16'),
 IPv4Network('149.159.0.0/16'),
 IPv4Network('149.160.0.0/14'),
 IPv4Network('156.56.0.0/16'),
 IPv4Network('172.16.0.0/12'),
 IPv4Network('192.168.0.0/24'),
 IPv6Network('::/128'),
 IPv4Network('10.0.0.0/16'),
 IPv4Network('10.1.0.0/16'),
 IPv4Network('10.2.0.0/16'),
 IPv4Network('10.3.0.0/16'),
 IPv4Network('10.4.0.0/16'),
 IPv4Network('10.5.0.0/16'),
 IPv4Network('10.6.0.0/16'),
 IPv4Network('10.7.0.0/16'),
 IPv4Network('10.8.0.0/16'),
 IPv4Network('10.9.0.0/16'),
 IPv4Network('10.10.0.0/16'),
 IPv4Network('10.11.0.0/16'),
 IPv4Network('10.12.0.0/16'),
 IPv4Network('10.13.0.0/16'),
 IPv4Network('10.14.0.0/16'),
 IPv4Network('10.15.0.0/16'),
 IPv4Network('10.16.0.0/16'),
 IPv4Network('10.17.0.0/16'),
 IPv4Network('10.18.0.0/16'),
 IPv4Network('10.19.0.0/16'),
 IPv4Network('10.20.0.0/16'),
 IPv4Network('10.21.0.0/16'),
 IPv4Network('10.22.0.0/16'),
 IPv4Network('10.23.0.0/16'),
 IPv4Network('10.24.0.0/16'),
 IPv4Network('10.25.0.0/16'),
 IPv4Network('10.26.0.0/16'),
 IPv4Network('10.27.0.0/16'),
 IPv4Network('10.28.0.0/16'),
 IPv4Network('10.29.0.0/16'),
 IPv4Network('10.30.0.0/16'),
 IPv4Network('10.31.0.0/16'),
 IPv4Network('10.32.0.0/16'),
 IPv4Network('10.33.0.0/16'),
 IPv4Network('10.34.0.0/16'),
 IPv4Network('10.35.0.0/16'),
 IPv4Network('10.36.0.0/16'),
 IPv4Network('10.37.0.0/16'),
 IPv4Network('10.38.0.0/16'),
 IPv4Network('10.39.0.0/16'),
 IPv4Network('10.40.0.0/16'),
 IPv4Network('10.41.0.0/16'),
 IPv4Network('10.42.0.0/16'),
 IPv4Network('10.43.0.0/16'),
 IPv4Network('10.44.0.0/16'),
 IPv4Network('10.45.0.0/16'),
 IPv4Network('10.46.0.0/16'),
 IPv4Network('10.47.0.0/16'),
 IPv4Network('10.48.0.0/16'),
 IPv4Network('10.49.0.0/16'),
 IPv4Network('10.50.0.0/16'),
 IPv4Network('10.51.0.0/16'),
 IPv4Network('10.52.0.0/16'),
 IPv4Network('10.53.0.0/16'),
 IPv4Network('10.54.0.0/16'),
 IPv4Network('10.55.0.0/16'),
 IPv4Network('10.56.0.0/16'),
 IPv4Network('10.57.0.0/16'),
 IPv4Network('10.58.0.0/16'),
 IPv4Network('10.59.0.0/16'),
 IPv4Network('10.60.0.0/16'),
 IPv4Network('10.61.0.0/16'),
 IPv4Network('10.62.0.0/16'),
 IPv4Network('10.63.0.0/16'),
 IPv4Network('10.64.0.0/16'),
 IPv4Network('10.65.0.0/16'),
 IPv4Network('10.66.0.0/16'),
 IPv4Network('10.67.0.0/16'),
 IPv4Network('10.68.0.0/16'),
 IPv4Network('10.69.0.0/16'),
 IPv4Network('10.70.0.0/16'),
 IPv4Network('10.71.0.0/16'),
 IPv4Network('10.72.0.0/16'),
 IPv4Network('10.73.0.0/16'),
 IPv4Network('10.74.0.0/16'),
 IPv4Network('10.75.0.0/16'),
 IPv4Network('10.76.0.0/16'),
 IPv4Network('10.77.0.0/16'),
 IPv4Network('10.78.0.0/16'),
 IPv4Network('10.79.0.0/16'),
 IPv4Network('10.80.0.0/16'),
 IPv4Network('10.81.0.0/16'),
 IPv4Network('10.82.0.0/16'),
 IPv4Network('10.83.0.0/16'),
 IPv4Network('10.84.0.0/16'),
 IPv4Network('10.85.0.0/16'),
 IPv4Network('10.86.0.0/16'),
 IPv4Network('10.87.0.0/16'),
 IPv4Network('10.88.0.0/16'),
 IPv4Network('10.89.0.0/16'),
 IPv4Network('10.90.0.0/16'),
 IPv4Network('10.91.0.0/16'),
 IPv4Network('10.92.0.0/16'),
 IPv4Network('10.93.0.0/16'),
 IPv4Network('10.94.0.0/16'),
 IPv4Network('10.95.0.0/16'),
 IPv4Network('10.96.0.0/16'),
 IPv4Network('10.97.0.0/16'),
 IPv4Network('10.98.0.0/16'),
 IPv4Network('10.99.0.0/16'),
 IPv4Network('10.100.0.0/16'),
 IPv4Network('10.101.0.0/16'),
 IPv4Network('10.102.0.0/16'),
 IPv4Network('10.103.0.0/16'),
 IPv4Network('10.104.0.0/16'),
 IPv4Network('10.105.0.0/16'),
 IPv4Network('10.106.0.0/16'),
 IPv4Network('10.107.0.0/16'),
 IPv4Network('10.108.0.0/16'),
 IPv4Network('10.109.0.0/16'),
 IPv4Network('10.110.0.0/16'),
 IPv4Network('10.111.0.0/16'),
 IPv4Network('10.112.0.0/16'),
 IPv4Network('10.113.0.0/16'),
 IPv4Network('10.114.0.0/16'),
 IPv4Network('10.115.0.0/16'),
 IPv4Network('10.116.0.0/16'),
 IPv4Network('10.117.0.0/16'),
 IPv4Network('10.118.0.0/16'),
 IPv4Network('10.119.0.0/16'),
 IPv4Network('10.120.0.0/16'),
 IPv4Network('10.121.0.0/16'),
 IPv4Network('10.122.0.0/16'),
 IPv4Network('10.123.0.0/16'),
 IPv4Network('10.124.0.0/16'),
 IPv4Network('10.125.0.0/16'),
 IPv4Network('10.126.0.0/16'),
 IPv4Network('10.127.0.0/16'),
 IPv4Network('10.128.0.0/16'),
 IPv4Network('10.129.0.0/16'),
 IPv4Network('10.130.0.0/16'),
 IPv4Network('10.131.0.0/16'),
 IPv4Network('10.132.0.0/16'),
 IPv4Network('10.133.0.0/16'),
 IPv4Network('10.134.0.0/16'),
 IPv4Network('10.135.0.0/16'),
 IPv4Network('10.136.0.0/16'),
 IPv4Network('10.137.0.0/16'),
 IPv4Network('10.138.0.0/16'),
 IPv4Network('10.139.0.0/16'),
 IPv4Network('10.140.0.0/16'),
 IPv4Network('10.141.0.0/16'),
 IPv4Network('10.142.0.0/16'),
 IPv4Network('10.143.0.0/16'),
 IPv4Network('10.144.0.0/16'),
 IPv4Network('10.145.0.0/16'),
 IPv4Network('10.146.0.0/16'),
 IPv4Network('10.147.0.0/16'),
 IPv4Network('10.148.0.0/16'),
 IPv4Network('10.149.0.0/16'),
 IPv4Network('10.150.0.0/16'),
 IPv4Network('10.151.0.0/16'),
 IPv4Network('10.152.0.0/16'),
 IPv4Network('10.153.0.0/16'),
 IPv4Network('10.154.0.0/16'),
 IPv4Network('10.155.0.0/16'),
 IPv4Network('10.156.0.0/16'),
 IPv4Network('10.157.0.0/16'),
 IPv4Network('10.158.0.0/16'),
 IPv4Network('10.159.0.0/16')]
[IPv4Network('10.0.0.0/8'),
 IPv4Network('129.79.0.0/16'),
 IPv4Network('134.68.0.0/16'),
 IPv4Network('140.182.0.0/16'),
 IPv4Network('149.159.0.0/16'),
 IPv4Network('149.160.0.0/14'),
 IPv4Network('156.56.0.0/16'),
 IPv4Network('172.16.0.0/12'),
 IPv4Network('192.168.0.0/24'),
 IPv6Network('::/128'),
 IPv4Network('10.0.0.0/16'),
 IPv4Network('10.1.0.0/16'),
 IPv4Network('10.2.0.0/16'),
 IPv4Network('10.3.0.0/16'),
 IPv4Network('10.4.0.0/16'),
 IPv4Network('10.5.0.0/16'),
 IPv4Network('10.6.0.0/16'),
 IPv4Network('10.7.0.0/16'),
 IPv4Network('10.8.0.0/16'),
 IPv4Network('10.9.0.0/16'),
 IPv4Network('10.10.0.0/16'),
 IPv4Network('10.11.0.0/16'),
 IPv4Network('10.12.0.0/16'),
 IPv4Network('10.13.0.0/16'),
 IPv4Network('10.14.0.0/16'),
 IPv4Network('10.15.0.0/16'),
 IPv4Network('10.16.0.0/16'),
 IPv4Network('10.17.0.0/16'),
 IPv4Network('10.18.0.0/16'),
 IPv4Network('10.19.0.0/16'),
 IPv4Network('10.20.0.0/16'),
 IPv4Network('10.21.0.0/16'),
 IPv4Network('10.22.0.0/16'),
 IPv4Network('10.23.0.0/16'),
 IPv4Network('10.24.0.0/16'),
 IPv4Network('10.25.0.0/16'),
 IPv4Network('10.26.0.0/16'),
 IPv4Network('10.27.0.0/16'),
 IPv4Network('10.28.0.0/16'),
 IPv4Network('10.29.0.0/16'),
 IPv4Network('10.30.0.0/16'),
 IPv4Network('10.31.0.0/16'),
 IPv4Network('10.32.0.0/16'),
 IPv4Network('10.33.0.0/16'),
 IPv4Network('10.34.0.0/16'),
 IPv4Network('10.35.0.0/16'),
 IPv4Network('10.36.0.0/16'),
 IPv4Network('10.37.0.0/16'),
 IPv4Network('10.38.0.0/16'),
 IPv4Network('10.39.0.0/16'),
 IPv4Network('10.40.0.0/16'),
 IPv4Network('10.41.0.0/16'),
 IPv4Network('10.42.0.0/16'),
 IPv4Network('10.43.0.0/16'),
 IPv4Network('10.44.0.0/16'),
 IPv4Network('10.45.0.0/16'),
 IPv4Network('10.46.0.0/16'),
 IPv4Network('10.47.0.0/16'),
 IPv4Network('10.48.0.0/16'),
 IPv4Network('10.49.0.0/16'),
 IPv4Network('10.50.0.0/16'),
 IPv4Network('10.51.0.0/16'),
 IPv4Network('10.52.0.0/16'),
 IPv4Network('10.53.0.0/16'),
 IPv4Network('10.54.0.0/16'),
 IPv4Network('10.55.0.0/16'),
 IPv4Network('10.56.0.0/16'),
 IPv4Network('10.57.0.0/16'),
 IPv4Network('10.58.0.0/16'),
 IPv4Network('10.59.0.0/16'),
 IPv4Network('10.60.0.0/16'),
 IPv4Network('10.61.0.0/16'),
 IPv4Network('10.62.0.0/16'),
 IPv4Network('10.63.0.0/16'),
 IPv4Network('10.64.0.0/16'),
 IPv4Network('10.65.0.0/16'),
 IPv4Network('10.66.0.0/16'),
 IPv4Network('10.67.0.0/16'),
 IPv4Network('10.68.0.0/16'),
 IPv4Network('10.69.0.0/16'),
 IPv4Network('10.70.0.0/16'),
 IPv4Network('10.71.0.0/16'),
 IPv4Network('10.72.0.0/16'),
 IPv4Network('10.73.0.0/16'),
 IPv4Network('10.74.0.0/16'),
 IPv4Network('10.75.0.0/16'),
 IPv4Network('10.76.0.0/16'),
 IPv4Network('10.77.0.0/16'),
 IPv4Network('10.78.0.0/16'),
 IPv4Network('10.79.0.0/16'),
 IPv4Network('10.80.0.0/16'),
 IPv4Network('10.81.0.0/16'),
 IPv4Network('10.82.0.0/16'),
 IPv4Network('10.83.0.0/16'),
 IPv4Network('10.84.0.0/16'),
 IPv4Network('10.85.0.0/16'),
 IPv4Network('10.86.0.0/16'),
 IPv4Network('10.87.0.0/16'),
 IPv4Network('10.88.0.0/16'),
 IPv4Network('10.89.0.0/16'),
 IPv4Network('10.90.0.0/16'),
 IPv4Network('10.91.0.0/16'),
 IPv4Network('10.92.0.0/16'),
 IPv4Network('10.93.0.0/16'),
 IPv4Network('10.94.0.0/16'),
 IPv4Network('10.95.0.0/16'),
 IPv4Network('10.96.0.0/16'),
 IPv4Network('10.97.0.0/16'),
 IPv4Network('10.98.0.0/16'),
 IPv4Network('10.99.0.0/16'),
 IPv4Network('10.100.0.0/16'),
 IPv4Network('10.101.0.0/16'),
 IPv4Network('10.102.0.0/16'),
 IPv4Network('10.103.0.0/16'),
 IPv4Network('10.104.0.0/16'),
 IPv4Network('10.105.0.0/16'),
 IPv4Network('10.106.0.0/16'),
 IPv4Network('10.107.0.0/16'),
 IPv4Network('10.108.0.0/16'),
 IPv4Network('10.109.0.0/16'),
 IPv4Network('10.110.0.0/16'),
 IPv4Network('10.111.0.0/16'),
 IPv4Network('10.112.0.0/16'),
 IPv4Network('10.113.0.0/16'),
 IPv4Network('10.114.0.0/16'),
 IPv4Network('10.115.0.0/16'),
 IPv4Network('10.116.0.0/16'),
 IPv4Network('10.117.0.0/16'),
 IPv4Network('10.118.0.0/16'),
 IPv4Network('10.119.0.0/16'),
 IPv4Network('10.120.0.0/16'),
 IPv4Network('10.121.0.0/16'),
 IPv4Network('10.122.0.0/16'),
 IPv4Network('10.123.0.0/16'),
 IPv4Network('10.124.0.0/16'),
 IPv4Network('10.125.0.0/16'),
 IPv4Network('10.126.0.0/16'),
 IPv4Network('10.127.0.0/16'),
 IPv4Network('10.128.0.0/16'),
 IPv4Network('10.129.0.0/16'),
 IPv4Network('10.130.0.0/16'),
 IPv4Network('10.131.0.0/16'),
 IPv4Network('10.132.0.0/16'),
 IPv4Network('10.133.0.0/16'),
 IPv4Network('10.134.0.0/16'),
 IPv4Network('10.135.0.0/16'),
 IPv4Network('10.136.0.0/16'),
 IPv4Network('10.137.0.0/16'),
 IPv4Network('10.138.0.0/16'),
 IPv4Network('10.139.0.0/16'),
 IPv4Network('10.140.0.0/16'),
 IPv4Network('10.141.0.0/16'),
 IPv4Network('10.142.0.0/16'),
 IPv4Network('10.143.0.0/16'),
 IPv4Network('10.144.0.0/16'),
 IPv4Network('10.145.0.0/16'),
 IPv4Network('10.146.0.0/16'),
 IPv4Network('10.147.0.0/16'),
 IPv4Network('10.148.0.0/16'),
 IPv4Network('10.149.0.0/16'),
 IPv4Network('10.150.0.0/16'),
 IPv4Network('10.151.0.0/16'),
 IPv4Network('10.152.0.0/16'),
 IPv4Network('10.153.0.0/16'),
 IPv4Network('10.154.0.0/16'),
 IPv4Network('10.155.0.0/16'),
 IPv4Network('10.156.0.0/16'),
 IPv4Network('10.157.0.0/16'),
 IPv4Network('10.158.0.0/16'),
 IPv4Network('10.159.0.0/16'),
 IPv4Network('10.160.0.0/16'),
 IPv4Network('10.161.0.0/16')]
[IPv4Network('10.0.0.0/8'),
 IPv4Network('129.79.0.0/16'),
 IPv4Network('134.68.0.0/16'),
 IPv4Network('140.182.0.0/16'),
 IPv4Network('149.159.0.0/16'),
 IPv4Network('149.160.0.0/14'),
 IPv4Network('156.56.0.0/16'),
 IPv4Network('172.16.0.0/12'),
 IPv4Network('192.168.0.0/24'),
 IPv6Network('::/128'),
 IPv4Network('10.0.0.0/16'),
 IPv4Network('10.1.0.0/16'),
 IPv4Network('10.2.0.0/16'),
 IPv4Network('10.3.0.0/16'),
 IPv4Network('10.4.0.0/16'),
 IPv4Network('10.5.0.0/16'),
 IPv4Network('10.6.0.0/16'),
 IPv4Network('10.7.0.0/16'),
 IPv4Network('10.8.0.0/16'),
 IPv4Network('10.9.0.0/16'),
 IPv4Network('10.10.0.0/16'),
 IPv4Network('10.11.0.0/16'),
 IPv4Network('10.12.0.0/16'),
 IPv4Network('10.13.0.0/16'),
 IPv4Network('10.14.0.0/16'),
 IPv4Network('10.15.0.0/16'),
 IPv4Network('10.16.0.0/16'),
 IPv4Network('10.17.0.0/16'),
 IPv4Network('10.18.0.0/16'),
 IPv4Network('10.19.0.0/16'),
 IPv4Network('10.20.0.0/16'),
 IPv4Network('10.21.0.0/16'),
 IPv4Network('10.22.0.0/16'),
 IPv4Network('10.23.0.0/16'),
 IPv4Network('10.24.0.0/16'),
 IPv4Network('10.25.0.0/16'),
 IPv4Network('10.26.0.0/16'),
 IPv4Network('10.27.0.0/16'),
 IPv4Network('10.28.0.0/16'),
 IPv4Network('10.29.0.0/16'),
 IPv4Network('10.30.0.0/16'),
 IPv4Network('10.31.0.0/16'),
 IPv4Network('10.32.0.0/16'),
 IPv4Network('10.33.0.0/16'),
 IPv4Network('10.34.0.0/16'),
 IPv4Network('10.35.0.0/16'),
 IPv4Network('10.36.0.0/16'),
 IPv4Network('10.37.0.0/16'),
 IPv4Network('10.38.0.0/16'),
 IPv4Network('10.39.0.0/16'),
 IPv4Network('10.40.0.0/16'),
 IPv4Network('10.41.0.0/16'),
 IPv4Network('10.42.0.0/16'),
 IPv4Network('10.43.0.0/16'),
 IPv4Network('10.44.0.0/16'),
 IPv4Network('10.45.0.0/16'),
 IPv4Network('10.46.0.0/16'),
 IPv4Network('10.47.0.0/16'),
 IPv4Network('10.48.0.0/16'),
 IPv4Network('10.49.0.0/16'),
 IPv4Network('10.50.0.0/16'),
 IPv4Network('10.51.0.0/16'),
 IPv4Network('10.52.0.0/16'),
 IPv4Network('10.53.0.0/16'),
 IPv4Network('10.54.0.0/16'),
 IPv4Network('10.55.0.0/16'),
 IPv4Network('10.56.0.0/16'),
 IPv4Network('10.57.0.0/16'),
 IPv4Network('10.58.0.0/16'),
 IPv4Network('10.59.0.0/16'),
 IPv4Network('10.60.0.0/16'),
 IPv4Network('10.61.0.0/16'),
 IPv4Network('10.62.0.0/16'),
 IPv4Network('10.63.0.0/16'),
 IPv4Network('10.64.0.0/16'),
 IPv4Network('10.65.0.0/16'),
 IPv4Network('10.66.0.0/16'),
 IPv4Network('10.67.0.0/16'),
 IPv4Network('10.68.0.0/16'),
 IPv4Network('10.69.0.0/16'),
 IPv4Network('10.70.0.0/16'),
 IPv4Network('10.71.0.0/16'),
 IPv4Network('10.72.0.0/16'),
 IPv4Network('10.73.0.0/16'),
 IPv4Network('10.74.0.0/16'),
 IPv4Network('10.75.0.0/16'),
 IPv4Network('10.76.0.0/16'),
 IPv4Network('10.77.0.0/16'),
 IPv4Network('10.78.0.0/16'),
 IPv4Network('10.79.0.0/16'),
 IPv4Network('10.80.0.0/16'),
 IPv4Network('10.81.0.0/16'),
 IPv4Network('10.82.0.0/16'),
 IPv4Network('10.83.0.0/16'),
 IPv4Network('10.84.0.0/16'),
 IPv4Network('10.85.0.0/16'),
 IPv4Network('10.86.0.0/16'),
 IPv4Network('10.87.0.0/16'),
 IPv4Network('10.88.0.0/16'),
 IPv4Network('10.89.0.0/16'),
 IPv4Network('10.90.0.0/16'),
 IPv4Network('10.91.0.0/16'),
 IPv4Network('10.92.0.0/16'),
 IPv4Network('10.93.0.0/16'),
 IPv4Network('10.94.0.0/16'),
 IPv4Network('10.95.0.0/16'),
 IPv4Network('10.96.0.0/16'),
 IPv4Network('10.97.0.0/16'),
 IPv4Network('10.98.0.0/16'),
 IPv4Network('10.99.0.0/16'),
 IPv4Network('10.100.0.0/16'),
 IPv4Network('10.101.0.0/16'),
 IPv4Network('10.102.0.0/16'),
 IPv4Network('10.103.0.0/16'),
 IPv4Network('10.104.0.0/16'),
 IPv4Network('10.105.0.0/16'),
 IPv4Network('10.106.0.0/16'),
 IPv4Network('10.107.0.0/16'),
 IPv4Network('10.108.0.0/16'),
 IPv4Network('10.109.0.0/16'),
 IPv4Network('10.110.0.0/16'),
 IPv4Network('10.111.0.0/16'),
 IPv4Network('10.112.0.0/16'),
 IPv4Network('10.113.0.0/16'),
 IPv4Network('10.114.0.0/16'),
 IPv4Network('10.115.0.0/16'),
 IPv4Network('10.116.0.0/16'),
 IPv4Network('10.117.0.0/16'),
 IPv4Network('10.118.0.0/16'),
 IPv4Network('10.119.0.0/16'),
 IPv4Network('10.120.0.0/16'),
 IPv4Network('10.121.0.0/16'),
 IPv4Network('10.122.0.0/16'),
 IPv4Network('10.123.0.0/16'),
 IPv4Network('10.124.0.0/16'),
 IPv4Network('10.125.0.0/16'),
 IPv4Network('10.126.0.0/16'),
 IPv4Network('10.127.0.0/16'),
 IPv4Network('10.128.0.0/16'),
 IPv4Network('10.129.0.0/16'),
 IPv4Network('10.130.0.0/16'),
 IPv4Network('10.131.0.0/16'),
 IPv4Network('10.132.0.0/16'),
 IPv4Network('10.133.0.0/16'),
 IPv4Network('10.134.0.0/16'),
 IPv4Network('10.135.0.0/16'),
 IPv4Network('10.136.0.0/16'),
 IPv4Network('10.137.0.0/16'),
 IPv4Network('10.138.0.0/16'),
 IPv4Network('10.139.0.0/16'),
 IPv4Network('10.140.0.0/16'),
 IPv4Network('10.141.0.0/16'),
 IPv4Network('10.142.0.0/16'),
 IPv4Network('10.143.0.0/16'),
 IPv4Network('10.144.0.0/16'),
 IPv4Network('10.145.0.0/16'),
 IPv4Network('10.146.0.0/16'),
 IPv4Network('10.147.0.0/16'),
 IPv4Network('10.148.0.0/16'),
 IPv4Network('10.149.0.0/16'),
 IPv4Network('10.150.0.0/16'),
 IPv4Network('10.151.0.0/16'),
 IPv4Network('10.152.0.0/16'),
 IPv4Network('10.153.0.0/16'),
 IPv4Network('10.154.0.0/16'),
 IPv4Network('10.155.0.0/16'),
 IPv4Network('10.156.0.0/16'),
 IPv4Network('10.157.0.0/16'),
 IPv4Network('10.158.0.0/16'),
 IPv4Network('10.159.0.0/16'),
 IPv4Network('10.160.0.0/16'),
 IPv4Network('10.161.0.0/16'),
 IPv4Network('10.162.0.0/16'),
 IPv4Network('10.163.0.0/16')]
[IPv4Network('10.0.0.0/8'),
 IPv4Network('129.79.0.0/16'),
 IPv4Network('134.68.0.0/16'),
 IPv4Network('140.182.0.0/16'),
 IPv4Network('149.159.0.0/16'),
 IPv4Network('149.160.0.0/14'),
 IPv4Network('156.56.0.0/16'),
 IPv4Network('172.16.0.0/12'),
 IPv4Network('192.168.0.0/24'),
 IPv6Network('::/128'),
 IPv4Network('10.0.0.0/16'),
 IPv4Network('10.1.0.0/16'),
 IPv4Network('10.2.0.0/16'),
 IPv4Network('10.3.0.0/16'),
 IPv4Network('10.4.0.0/16'),
 IPv4Network('10.5.0.0/16'),
 IPv4Network('10.6.0.0/16'),
 IPv4Network('10.7.0.0/16'),
 IPv4Network('10.8.0.0/16'),
 IPv4Network('10.9.0.0/16'),
 IPv4Network('10.10.0.0/16'),
 IPv4Network('10.11.0.0/16'),
 IPv4Network('10.12.0.0/16'),
 IPv4Network('10.13.0.0/16'),
 IPv4Network('10.14.0.0/16'),
 IPv4Network('10.15.0.0/16'),
 IPv4Network('10.16.0.0/16'),
 IPv4Network('10.17.0.0/16'),
 IPv4Network('10.18.0.0/16'),
 IPv4Network('10.19.0.0/16'),
 IPv4Network('10.20.0.0/16'),
 IPv4Network('10.21.0.0/16'),
 IPv4Network('10.22.0.0/16'),
 IPv4Network('10.23.0.0/16'),
 IPv4Network('10.24.0.0/16'),
 IPv4Network('10.25.0.0/16'),
 IPv4Network('10.26.0.0/16'),
 IPv4Network('10.27.0.0/16'),
 IPv4Network('10.28.0.0/16'),
 IPv4Network('10.29.0.0/16'),
 IPv4Network('10.30.0.0/16'),
 IPv4Network('10.31.0.0/16'),
 IPv4Network('10.32.0.0/16'),
 IPv4Network('10.33.0.0/16'),
 IPv4Network('10.34.0.0/16'),
 IPv4Network('10.35.0.0/16'),
 IPv4Network('10.36.0.0/16'),
 IPv4Network('10.37.0.0/16'),
 IPv4Network('10.38.0.0/16'),
 IPv4Network('10.39.0.0/16'),
 IPv4Network('10.40.0.0/16'),
 IPv4Network('10.41.0.0/16'),
 IPv4Network('10.42.0.0/16'),
 IPv4Network('10.43.0.0/16'),
 IPv4Network('10.44.0.0/16'),
 IPv4Network('10.45.0.0/16'),
 IPv4Network('10.46.0.0/16'),
 IPv4Network('10.47.0.0/16'),
 IPv4Network('10.48.0.0/16'),
 IPv4Network('10.49.0.0/16'),
 IPv4Network('10.50.0.0/16'),
 IPv4Network('10.51.0.0/16'),
 IPv4Network('10.52.0.0/16'),
 IPv4Network('10.53.0.0/16'),
 IPv4Network('10.54.0.0/16'),
 IPv4Network('10.55.0.0/16'),
 IPv4Network('10.56.0.0/16'),
 IPv4Network('10.57.0.0/16'),
 IPv4Network('10.58.0.0/16'),
 IPv4Network('10.59.0.0/16'),
 IPv4Network('10.60.0.0/16'),
 IPv4Network('10.61.0.0/16'),
 IPv4Network('10.62.0.0/16'),
 IPv4Network('10.63.0.0/16'),
 IPv4Network('10.64.0.0/16'),
 IPv4Network('10.65.0.0/16'),
 IPv4Network('10.66.0.0/16'),
 IPv4Network('10.67.0.0/16'),
 IPv4Network('10.68.0.0/16'),
 IPv4Network('10.69.0.0/16'),
 IPv4Network('10.70.0.0/16'),
 IPv4Network('10.71.0.0/16'),
 IPv4Network('10.72.0.0/16'),
 IPv4Network('10.73.0.0/16'),
 IPv4Network('10.74.0.0/16'),
 IPv4Network('10.75.0.0/16'),
 IPv4Network('10.76.0.0/16'),
 IPv4Network('10.77.0.0/16'),
 IPv4Network('10.78.0.0/16'),
 IPv4Network('10.79.0.0/16'),
 IPv4Network('10.80.0.0/16'),
 IPv4Network('10.81.0.0/16'),
 IPv4Network('10.82.0.0/16'),
 IPv4Network('10.83.0.0/16'),
 IPv4Network('10.84.0.0/16'),
 IPv4Network('10.85.0.0/16'),
 IPv4Network('10.86.0.0/16'),
 IPv4Network('10.87.0.0/16'),
 IPv4Network('10.88.0.0/16'),
 IPv4Network('10.89.0.0/16'),
 IPv4Network('10.90.0.0/16'),
 IPv4Network('10.91.0.0/16'),
 IPv4Network('10.92.0.0/16'),
 IPv4Network('10.93.0.0/16'),
 IPv4Network('10.94.0.0/16'),
 IPv4Network('10.95.0.0/16'),
 IPv4Network('10.96.0.0/16'),
 IPv4Network('10.97.0.0/16'),
 IPv4Network('10.98.0.0/16'),
 IPv4Network('10.99.0.0/16'),
 IPv4Network('10.100.0.0/16'),
 IPv4Network('10.101.0.0/16'),
 IPv4Network('10.102.0.0/16'),
 IPv4Network('10.103.0.0/16'),
 IPv4Network('10.104.0.0/16'),
 IPv4Network('10.105.0.0/16'),
 IPv4Network('10.106.0.0/16'),
 IPv4Network('10.107.0.0/16'),
 IPv4Network('10.108.0.0/16'),
 IPv4Network('10.109.0.0/16'),
 IPv4Network('10.110.0.0/16'),
 IPv4Network('10.111.0.0/16'),
 IPv4Network('10.112.0.0/16'),
 IPv4Network('10.113.0.0/16'),
 IPv4Network('10.114.0.0/16'),
 IPv4Network('10.115.0.0/16'),
 IPv4Network('10.116.0.0/16'),
 IPv4Network('10.117.0.0/16'),
 IPv4Network('10.118.0.0/16'),
 IPv4Network('10.119.0.0/16'),
 IPv4Network('10.120.0.0/16'),
 IPv4Network('10.121.0.0/16'),
 IPv4Network('10.122.0.0/16'),
 IPv4Network('10.123.0.0/16'),
 IPv4Network('10.124.0.0/16'),
 IPv4Network('10.125.0.0/16'),
 IPv4Network('10.126.0.0/16'),
 IPv4Network('10.127.0.0/16'),
 IPv4Network('10.128.0.0/16'),
 IPv4Network('10.129.0.0/16'),
 IPv4Network('10.130.0.0/16'),
 IPv4Network('10.131.0.0/16'),
 IPv4Network('10.132.0.0/16'),
 IPv4Network('10.133.0.0/16'),
 IPv4Network('10.134.0.0/16'),
 IPv4Network('10.135.0.0/16'),
 IPv4Network('10.136.0.0/16'),
 IPv4Network('10.137.0.0/16'),
 IPv4Network('10.138.0.0/16'),
 IPv4Network('10.139.0.0/16'),
 IPv4Network('10.140.0.0/16'),
 IPv4Network('10.141.0.0/16'),
 IPv4Network('10.142.0.0/16'),
 IPv4Network('10.143.0.0/16'),
 IPv4Network('10.144.0.0/16'),
 IPv4Network('10.145.0.0/16'),
 IPv4Network('10.146.0.0/16'),
 IPv4Network('10.147.0.0/16'),
 IPv4Network('10.148.0.0/16'),
 IPv4Network('10.149.0.0/16'),
 IPv4Network('10.150.0.0/16'),
 IPv4Network('10.151.0.0/16'),
 IPv4Network('10.152.0.0/16'),
 IPv4Network('10.153.0.0/16'),
 IPv4Network('10.154.0.0/16'),
 IPv4Network('10.155.0.0/16'),
 IPv4Network('10.156.0.0/16'),
 IPv4Network('10.157.0.0/16'),
 IPv4Network('10.158.0.0/16'),
 IPv4Network('10.159.0.0/16'),
 IPv4Network('10.160.0.0/16'),
 IPv4Network('10.161.0.0/16'),
 IPv4Network('10.162.0.0/16'),
 IPv4Network('10.163.0.0/16')]
[IPv4Network('10.0.0.0/8'),
 IPv4Network('129.79.0.0/16'),
 IPv4Network('134.68.0.0/16'),
 IPv4Network('140.182.0.0/16'),
 IPv4Network('149.159.0.0/16'),
 IPv4Network('149.160.0.0/14'),
 IPv4Network('156.56.0.0/16'),
 IPv4Network('172.16.0.0/12'),
 IPv4Network('192.168.0.0/24'),
 IPv6Network('::/128'),
 IPv4Network('10.0.0.0/16'),
 IPv4Network('10.1.0.0/16'),
 IPv4Network('10.2.0.0/16'),
 IPv4Network('10.3.0.0/16'),
 IPv4Network('10.4.0.0/16'),
 IPv4Network('10.5.0.0/16'),
 IPv4Network('10.6.0.0/16'),
 IPv4Network('10.7.0.0/16'),
 IPv4Network('10.8.0.0/16'),
 IPv4Network('10.9.0.0/16'),
 IPv4Network('10.10.0.0/16'),
 IPv4Network('10.11.0.0/16'),
 IPv4Network('10.12.0.0/16'),
 IPv4Network('10.13.0.0/16'),
 IPv4Network('10.14.0.0/16'),
 IPv4Network('10.15.0.0/16'),
 IPv4Network('10.16.0.0/16'),
 IPv4Network('10.17.0.0/16'),
 IPv4Network('10.18.0.0/16'),
 IPv4Network('10.19.0.0/16'),
 IPv4Network('10.20.0.0/16'),
 IPv4Network('10.21.0.0/16'),
 IPv4Network('10.22.0.0/16'),
 IPv4Network('10.23.0.0/16'),
 IPv4Network('10.24.0.0/16'),
 IPv4Network('10.25.0.0/16'),
 IPv4Network('10.26.0.0/16'),
 IPv4Network('10.27.0.0/16'),
 IPv4Network('10.28.0.0/16'),
 IPv4Network('10.29.0.0/16'),
 IPv4Network('10.30.0.0/16'),
 IPv4Network('10.31.0.0/16'),
 IPv4Network('10.32.0.0/16'),
 IPv4Network('10.33.0.0/16'),
 IPv4Network('10.34.0.0/16'),
 IPv4Network('10.35.0.0/16'),
 IPv4Network('10.36.0.0/16'),
 IPv4Network('10.37.0.0/16'),
 IPv4Network('10.38.0.0/16'),
 IPv4Network('10.39.0.0/16'),
 IPv4Network('10.40.0.0/16'),
 IPv4Network('10.41.0.0/16'),
 IPv4Network('10.42.0.0/16'),
 IPv4Network('10.43.0.0/16'),
 IPv4Network('10.44.0.0/16'),
 IPv4Network('10.45.0.0/16'),
 IPv4Network('10.46.0.0/16'),
 IPv4Network('10.47.0.0/16'),
 IPv4Network('10.48.0.0/16'),
 IPv4Network('10.49.0.0/16'),
 IPv4Network('10.50.0.0/16'),
 IPv4Network('10.51.0.0/16'),
 IPv4Network('10.52.0.0/16'),
 IPv4Network('10.53.0.0/16'),
 IPv4Network('10.54.0.0/16'),
 IPv4Network('10.55.0.0/16'),
 IPv4Network('10.56.0.0/16'),
 IPv4Network('10.57.0.0/16'),
 IPv4Network('10.58.0.0/16'),
 IPv4Network('10.59.0.0/16'),
 IPv4Network('10.60.0.0/16'),
 IPv4Network('10.61.0.0/16'),
 IPv4Network('10.62.0.0/16'),
 IPv4Network('10.63.0.0/16'),
 IPv4Network('10.64.0.0/16'),
 IPv4Network('10.65.0.0/16'),
 IPv4Network('10.66.0.0/16'),
 IPv4Network('10.67.0.0/16'),
 IPv4Network('10.68.0.0/16'),
 IPv4Network('10.69.0.0/16'),
 IPv4Network('10.70.0.0/16'),
 IPv4Network('10.71.0.0/16'),
 IPv4Network('10.72.0.0/16'),
 IPv4Network('10.73.0.0/16'),
 IPv4Network('10.74.0.0/16'),
 IPv4Network('10.75.0.0/16'),
 IPv4Network('10.76.0.0/16'),
 IPv4Network('10.77.0.0/16'),
 IPv4Network('10.78.0.0/16'),
 IPv4Network('10.79.0.0/16'),
 IPv4Network('10.80.0.0/16'),
 IPv4Network('10.81.0.0/16'),
 IPv4Network('10.82.0.0/16'),
 IPv4Network('10.83.0.0/16'),
 IPv4Network('10.84.0.0/16'),
 IPv4Network('10.85.0.0/16'),
 IPv4Network('10.86.0.0/16'),
 IPv4Network('10.87.0.0/16'),
 IPv4Network('10.88.0.0/16'),
 IPv4Network('10.89.0.0/16'),
 IPv4Network('10.90.0.0/16'),
 IPv4Network('10.91.0.0/16'),
 IPv4Network('10.92.0.0/16'),
 IPv4Network('10.93.0.0/16'),
 IPv4Network('10.94.0.0/16'),
 IPv4Network('10.95.0.0/16'),
 IPv4Network('10.96.0.0/16'),
 IPv4Network('10.97.0.0/16'),
 IPv4Network('10.98.0.0/16'),
 IPv4Network('10.99.0.0/16'),
 IPv4Network('10.100.0.0/16'),
 IPv4Network('10.101.0.0/16'),
 IPv4Network('10.102.0.0/16'),
 IPv4Network('10.103.0.0/16'),
 IPv4Network('10.104.0.0/16'),
 IPv4Network('10.105.0.0/16'),
 IPv4Network('10.106.0.0/16'),
 IPv4Network('10.107.0.0/16'),
 IPv4Network('10.108.0.0/16'),
 IPv4Network('10.109.0.0/16'),
 IPv4Network('10.110.0.0/16'),
 IPv4Network('10.111.0.0/16'),
 IPv4Network('10.112.0.0/16'),
 IPv4Network('10.113.0.0/16'),
 IPv4Network('10.114.0.0/16'),
 IPv4Network('10.115.0.0/16'),
 IPv4Network('10.116.0.0/16'),
 IPv4Network('10.117.0.0/16'),
 IPv4Network('10.118.0.0/16'),
 IPv4Network('10.119.0.0/16'),
 IPv4Network('10.120.0.0/16'),
 IPv4Network('10.121.0.0/16'),
 IPv4Network('10.122.0.0/16'),
 IPv4Network('10.123.0.0/16'),
 IPv4Network('10.124.0.0/16'),
 IPv4Network('10.125.0.0/16'),
 IPv4Network('10.126.0.0/16'),
 IPv4Network('10.127.0.0/16'),
 IPv4Network('10.128.0.0/16'),
 IPv4Network('10.129.0.0/16'),
 IPv4Network('10.130.0.0/16'),
 IPv4Network('10.131.0.0/16'),
 IPv4Network('10.132.0.0/16'),
 IPv4Network('10.133.0.0/16'),
 IPv4Network('10.134.0.0/16'),
 IPv4Network('10.135.0.0/16'),
 IPv4Network('10.136.0.0/16'),
 IPv4Network('10.137.0.0/16'),
 IPv4Network('10.138.0.0/16'),
 IPv4Network('10.139.0.0/16'),
 IPv4Network('10.140.0.0/16'),
 IPv4Network('10.141.0.0/16'),
 IPv4Network('10.142.0.0/16'),
 IPv4Network('10.143.0.0/16'),
 IPv4Network('10.144.0.0/16'),
 IPv4Network('10.145.0.0/16'),
 IPv4Network('10.146.0.0/16'),
 IPv4Network('10.147.0.0/16'),
 IPv4Network('10.148.0.0/16'),
 IPv4Network('10.149.0.0/16'),
 IPv4Network('10.150.0.0/16'),
 IPv4Network('10.151.0.0/16'),
 IPv4Network('10.152.0.0/16'),
 IPv4Network('10.153.0.0/16'),
 IPv4Network('10.154.0.0/16'),
 IPv4Network('10.155.0.0/16'),
 IPv4Network('10.156.0.0/16'),
 IPv4Network('10.157.0.0/16'),
 IPv4Network('10.158.0.0/16'),
 IPv4Network('10.159.0.0/16'),
 IPv4Network('10.160.0.0/16'),
 IPv4Network('10.161.0.0/16'),
 IPv4Network('10.162.0.0/16'),
 IPv4Network('10.163.0.0/16'),
 IPv4Network('10.164.0.0/16'),
 IPv4Network('10.165.0.0/16')]
[IPv4Network('10.0.0.0/8'),
 IPv4Network('129.79.0.0/16'),
 IPv4Network('134.68.0.0/16'),
 IPv4Network('140.182.0.0/16'),
 IPv4Network('149.159.0.0/16'),
 IPv4Network('149.160.0.0/14'),
 IPv4Network('156.56.0.0/16'),
 IPv4Network('172.16.0.0/12'),
 IPv4Network('192.168.0.0/24'),
 IPv6Network('::/128'),
 IPv4Network('10.0.0.0/16'),
 IPv4Network('10.1.0.0/16'),
 IPv4Network('10.2.0.0/16'),
 IPv4Network('10.3.0.0/16'),
 IPv4Network('10.4.0.0/16'),
 IPv4Network('10.5.0.0/16'),
 IPv4Network('10.6.0.0/16'),
 IPv4Network('10.7.0.0/16'),
 IPv4Network('10.8.0.0/16'),
 IPv4Network('10.9.0.0/16'),
 IPv4Network('10.10.0.0/16'),
 IPv4Network('10.11.0.0/16'),
 IPv4Network('10.12.0.0/16'),
 IPv4Network('10.13.0.0/16'),
 IPv4Network('10.14.0.0/16'),
 IPv4Network('10.15.0.0/16'),
 IPv4Network('10.16.0.0/16'),
 IPv4Network('10.17.0.0/16'),
 IPv4Network('10.18.0.0/16'),
 IPv4Network('10.19.0.0/16'),
 IPv4Network('10.20.0.0/16'),
 IPv4Network('10.21.0.0/16'),
 IPv4Network('10.22.0.0/16'),
 IPv4Network('10.23.0.0/16'),
 IPv4Network('10.24.0.0/16'),
 IPv4Network('10.25.0.0/16'),
 IPv4Network('10.26.0.0/16'),
 IPv4Network('10.27.0.0/16'),
 IPv4Network('10.28.0.0/16'),
 IPv4Network('10.29.0.0/16'),
 IPv4Network('10.30.0.0/16'),
 IPv4Network('10.31.0.0/16'),
 IPv4Network('10.32.0.0/16'),
 IPv4Network('10.33.0.0/16'),
 IPv4Network('10.34.0.0/16'),
 IPv4Network('10.35.0.0/16'),
 IPv4Network('10.36.0.0/16'),
 IPv4Network('10.37.0.0/16'),
 IPv4Network('10.38.0.0/16'),
 IPv4Network('10.39.0.0/16'),
 IPv4Network('10.40.0.0/16'),
 IPv4Network('10.41.0.0/16'),
 IPv4Network('10.42.0.0/16'),
 IPv4Network('10.43.0.0/16'),
 IPv4Network('10.44.0.0/16'),
 IPv4Network('10.45.0.0/16'),
 IPv4Network('10.46.0.0/16'),
 IPv4Network('10.47.0.0/16'),
 IPv4Network('10.48.0.0/16'),
 IPv4Network('10.49.0.0/16'),
 IPv4Network('10.50.0.0/16'),
 IPv4Network('10.51.0.0/16'),
 IPv4Network('10.52.0.0/16'),
 IPv4Network('10.53.0.0/16'),
 IPv4Network('10.54.0.0/16'),
 IPv4Network('10.55.0.0/16'),
 IPv4Network('10.56.0.0/16'),
 IPv4Network('10.57.0.0/16'),
 IPv4Network('10.58.0.0/16'),
 IPv4Network('10.59.0.0/16'),
 IPv4Network('10.60.0.0/16'),
 IPv4Network('10.61.0.0/16'),
 IPv4Network('10.62.0.0/16'),
 IPv4Network('10.63.0.0/16'),
 IPv4Network('10.64.0.0/16'),
 IPv4Network('10.65.0.0/16'),
 IPv4Network('10.66.0.0/16'),
 IPv4Network('10.67.0.0/16'),
 IPv4Network('10.68.0.0/16'),
 IPv4Network('10.69.0.0/16'),
 IPv4Network('10.70.0.0/16'),
 IPv4Network('10.71.0.0/16'),
 IPv4Network('10.72.0.0/16'),
 IPv4Network('10.73.0.0/16'),
 IPv4Network('10.74.0.0/16'),
 IPv4Network('10.75.0.0/16'),
 IPv4Network('10.76.0.0/16'),
 IPv4Network('10.77.0.0/16'),
 IPv4Network('10.78.0.0/16'),
 IPv4Network('10.79.0.0/16'),
 IPv4Network('10.80.0.0/16'),
 IPv4Network('10.81.0.0/16'),
 IPv4Network('10.82.0.0/16'),
 IPv4Network('10.83.0.0/16'),
 IPv4Network('10.84.0.0/16'),
 IPv4Network('10.85.0.0/16'),
 IPv4Network('10.86.0.0/16'),
 IPv4Network('10.87.0.0/16'),
 IPv4Network('10.88.0.0/16'),
 IPv4Network('10.89.0.0/16'),
 IPv4Network('10.90.0.0/16'),
 IPv4Network('10.91.0.0/16'),
 IPv4Network('10.92.0.0/16'),
 IPv4Network('10.93.0.0/16'),
 IPv4Network('10.94.0.0/16'),
 IPv4Network('10.95.0.0/16'),
 IPv4Network('10.96.0.0/16'),
 IPv4Network('10.97.0.0/16'),
 IPv4Network('10.98.0.0/16'),
 IPv4Network('10.99.0.0/16'),
 IPv4Network('10.100.0.0/16'),
 IPv4Network('10.101.0.0/16'),
 IPv4Network('10.102.0.0/16'),
 IPv4Network('10.103.0.0/16'),
 IPv4Network('10.104.0.0/16'),
 IPv4Network('10.105.0.0/16'),
 IPv4Network('10.106.0.0/16'),
 IPv4Network('10.107.0.0/16'),
 IPv4Network('10.108.0.0/16'),
 IPv4Network('10.109.0.0/16'),
 IPv4Network('10.110.0.0/16'),
 IPv4Network('10.111.0.0/16'),
 IPv4Network('10.112.0.0/16'),
 IPv4Network('10.113.0.0/16'),
 IPv4Network('10.114.0.0/16'),
 IPv4Network('10.115.0.0/16'),
 IPv4Network('10.116.0.0/16'),
 IPv4Network('10.117.0.0/16'),
 IPv4Network('10.118.0.0/16'),
 IPv4Network('10.119.0.0/16'),
 IPv4Network('10.120.0.0/16'),
 IPv4Network('10.121.0.0/16'),
 IPv4Network('10.122.0.0/16'),
 IPv4Network('10.123.0.0/16'),
 IPv4Network('10.124.0.0/16'),
 IPv4Network('10.125.0.0/16'),
 IPv4Network('10.126.0.0/16'),
 IPv4Network('10.127.0.0/16'),
 IPv4Network('10.128.0.0/16'),
 IPv4Network('10.129.0.0/16'),
 IPv4Network('10.130.0.0/16'),
 IPv4Network('10.131.0.0/16'),
 IPv4Network('10.132.0.0/16'),
 IPv4Network('10.133.0.0/16'),
 IPv4Network('10.134.0.0/16'),
 IPv4Network('10.135.0.0/16'),
 IPv4Network('10.136.0.0/16'),
 IPv4Network('10.137.0.0/16'),
 IPv4Network('10.138.0.0/16'),
 IPv4Network('10.139.0.0/16'),
 IPv4Network('10.140.0.0/16'),
 IPv4Network('10.141.0.0/16'),
 IPv4Network('10.142.0.0/16'),
 IPv4Network('10.143.0.0/16'),
 IPv4Network('10.144.0.0/16'),
 IPv4Network('10.145.0.0/16'),
 IPv4Network('10.146.0.0/16'),
 IPv4Network('10.147.0.0/16'),
 IPv4Network('10.148.0.0/16'),
 IPv4Network('10.149.0.0/16'),
 IPv4Network('10.150.0.0/16'),
 IPv4Network('10.151.0.0/16'),
 IPv4Network('10.152.0.0/16'),
 IPv4Network('10.153.0.0/16'),
 IPv4Network('10.154.0.0/16'),
 IPv4Network('10.155.0.0/16'),
 IPv4Network('10.156.0.0/16'),
 IPv4Network('10.157.0.0/16'),
 IPv4Network('10.158.0.0/16'),
 IPv4Network('10.159.0.0/16'),
 IPv4Network('10.160.0.0/16'),
 IPv4Network('10.161.0.0/16'),
 IPv4Network('10.162.0.0/16'),
 IPv4Network('10.163.0.0/16'),
 IPv4Network('10.164.0.0/16'),
 IPv4Network('10.165.0.0/16'),
 IPv4Network('10.166.0.0/16'),
 IPv4Network('10.167.0.0/16')]
[IPv4Network('10.0.0.0/8'),
 IPv4Network('129.79.0.0/16'),
 IPv4Network('134.68.0.0/16'),
 IPv4Network('140.182.0.0/16'),
 IPv4Network('149.159.0.0/16'),
 IPv4Network('149.160.0.0/14'),
 IPv4Network('156.56.0.0/16'),
 IPv4Network('172.16.0.0/12'),
 IPv4Network('192.168.0.0/24'),
 IPv6Network('::/128'),
 IPv4Network('10.0.0.0/16'),
 IPv4Network('10.1.0.0/16'),
 IPv4Network('10.2.0.0/16'),
 IPv4Network('10.3.0.0/16'),
 IPv4Network('10.4.0.0/16'),
 IPv4Network('10.5.0.0/16'),
 IPv4Network('10.6.0.0/16'),
 IPv4Network('10.7.0.0/16'),
 IPv4Network('10.8.0.0/16'),
 IPv4Network('10.9.0.0/16'),
 IPv4Network('10.10.0.0/16'),
 IPv4Network('10.11.0.0/16'),
 IPv4Network('10.12.0.0/16'),
 IPv4Network('10.13.0.0/16'),
 IPv4Network('10.14.0.0/16'),
 IPv4Network('10.15.0.0/16'),
 IPv4Network('10.16.0.0/16'),
 IPv4Network('10.17.0.0/16'),
 IPv4Network('10.18.0.0/16'),
 IPv4Network('10.19.0.0/16'),
 IPv4Network('10.20.0.0/16'),
 IPv4Network('10.21.0.0/16'),
 IPv4Network('10.22.0.0/16'),
 IPv4Network('10.23.0.0/16'),
 IPv4Network('10.24.0.0/16'),
 IPv4Network('10.25.0.0/16'),
 IPv4Network('10.26.0.0/16'),
 IPv4Network('10.27.0.0/16'),
 IPv4Network('10.28.0.0/16'),
 IPv4Network('10.29.0.0/16'),
 IPv4Network('10.30.0.0/16'),
 IPv4Network('10.31.0.0/16'),
 IPv4Network('10.32.0.0/16'),
 IPv4Network('10.33.0.0/16'),
 IPv4Network('10.34.0.0/16'),
 IPv4Network('10.35.0.0/16'),
 IPv4Network('10.36.0.0/16'),
 IPv4Network('10.37.0.0/16'),
 IPv4Network('10.38.0.0/16'),
 IPv4Network('10.39.0.0/16'),
 IPv4Network('10.40.0.0/16'),
 IPv4Network('10.41.0.0/16'),
 IPv4Network('10.42.0.0/16'),
 IPv4Network('10.43.0.0/16'),
 IPv4Network('10.44.0.0/16'),
 IPv4Network('10.45.0.0/16'),
 IPv4Network('10.46.0.0/16'),
 IPv4Network('10.47.0.0/16'),
 IPv4Network('10.48.0.0/16'),
 IPv4Network('10.49.0.0/16'),
 IPv4Network('10.50.0.0/16'),
 IPv4Network('10.51.0.0/16'),
 IPv4Network('10.52.0.0/16'),
 IPv4Network('10.53.0.0/16'),
 IPv4Network('10.54.0.0/16'),
 IPv4Network('10.55.0.0/16'),
 IPv4Network('10.56.0.0/16'),
 IPv4Network('10.57.0.0/16'),
 IPv4Network('10.58.0.0/16'),
 IPv4Network('10.59.0.0/16'),
 IPv4Network('10.60.0.0/16'),
 IPv4Network('10.61.0.0/16'),
 IPv4Network('10.62.0.0/16'),
 IPv4Network('10.63.0.0/16'),
 IPv4Network('10.64.0.0/16'),
 IPv4Network('10.65.0.0/16'),
 IPv4Network('10.66.0.0/16'),
 IPv4Network('10.67.0.0/16'),
 IPv4Network('10.68.0.0/16'),
 IPv4Network('10.69.0.0/16'),
 IPv4Network('10.70.0.0/16'),
 IPv4Network('10.71.0.0/16'),
 IPv4Network('10.72.0.0/16'),
 IPv4Network('10.73.0.0/16'),
 IPv4Network('10.74.0.0/16'),
 IPv4Network('10.75.0.0/16'),
 IPv4Network('10.76.0.0/16'),
 IPv4Network('10.77.0.0/16'),
 IPv4Network('10.78.0.0/16'),
 IPv4Network('10.79.0.0/16'),
 IPv4Network('10.80.0.0/16'),
 IPv4Network('10.81.0.0/16'),
 IPv4Network('10.82.0.0/16'),
 IPv4Network('10.83.0.0/16'),
 IPv4Network('10.84.0.0/16'),
 IPv4Network('10.85.0.0/16'),
 IPv4Network('10.86.0.0/16'),
 IPv4Network('10.87.0.0/16'),
 IPv4Network('10.88.0.0/16'),
 IPv4Network('10.89.0.0/16'),
 IPv4Network('10.90.0.0/16'),
 IPv4Network('10.91.0.0/16'),
 IPv4Network('10.92.0.0/16'),
 IPv4Network('10.93.0.0/16'),
 IPv4Network('10.94.0.0/16'),
 IPv4Network('10.95.0.0/16'),
 IPv4Network('10.96.0.0/16'),
 IPv4Network('10.97.0.0/16'),
 IPv4Network('10.98.0.0/16'),
 IPv4Network('10.99.0.0/16'),
 IPv4Network('10.100.0.0/16'),
 IPv4Network('10.101.0.0/16'),
 IPv4Network('10.102.0.0/16'),
 IPv4Network('10.103.0.0/16'),
 IPv4Network('10.104.0.0/16'),
 IPv4Network('10.105.0.0/16'),
 IPv4Network('10.106.0.0/16'),
 IPv4Network('10.107.0.0/16'),
 IPv4Network('10.108.0.0/16'),
 IPv4Network('10.109.0.0/16'),
 IPv4Network('10.110.0.0/16'),
 IPv4Network('10.111.0.0/16'),
 IPv4Network('10.112.0.0/16'),
 IPv4Network('10.113.0.0/16'),
 IPv4Network('10.114.0.0/16'),
 IPv4Network('10.115.0.0/16'),
 IPv4Network('10.116.0.0/16'),
 IPv4Network('10.117.0.0/16'),
 IPv4Network('10.118.0.0/16'),
 IPv4Network('10.119.0.0/16'),
 IPv4Network('10.120.0.0/16'),
 IPv4Network('10.121.0.0/16'),
 IPv4Network('10.122.0.0/16'),
 IPv4Network('10.123.0.0/16'),
 IPv4Network('10.124.0.0/16'),
 IPv4Network('10.125.0.0/16'),
 IPv4Network('10.126.0.0/16'),
 IPv4Network('10.127.0.0/16'),
 IPv4Network('10.128.0.0/16'),
 IPv4Network('10.129.0.0/16'),
 IPv4Network('10.130.0.0/16'),
 IPv4Network('10.131.0.0/16'),
 IPv4Network('10.132.0.0/16'),
 IPv4Network('10.133.0.0/16'),
 IPv4Network('10.134.0.0/16'),
 IPv4Network('10.135.0.0/16'),
 IPv4Network('10.136.0.0/16'),
 IPv4Network('10.137.0.0/16'),
 IPv4Network('10.138.0.0/16'),
 IPv4Network('10.139.0.0/16'),
 IPv4Network('10.140.0.0/16'),
 IPv4Network('10.141.0.0/16'),
 IPv4Network('10.142.0.0/16'),
 IPv4Network('10.143.0.0/16'),
 IPv4Network('10.144.0.0/16'),
 IPv4Network('10.145.0.0/16'),
 IPv4Network('10.146.0.0/16'),
 IPv4Network('10.147.0.0/16'),
 IPv4Network('10.148.0.0/16'),
 IPv4Network('10.149.0.0/16'),
 IPv4Network('10.150.0.0/16'),
 IPv4Network('10.151.0.0/16'),
 IPv4Network('10.152.0.0/16'),
 IPv4Network('10.153.0.0/16'),
 IPv4Network('10.154.0.0/16'),
 IPv4Network('10.155.0.0/16'),
 IPv4Network('10.156.0.0/16'),
 IPv4Network('10.157.0.0/16'),
 IPv4Network('10.158.0.0/16'),
 IPv4Network('10.159.0.0/16'),
 IPv4Network('10.160.0.0/16'),
 IPv4Network('10.161.0.0/16'),
 IPv4Network('10.162.0.0/16'),
 IPv4Network('10.163.0.0/16'),
 IPv4Network('10.164.0.0/16'),
 IPv4Network('10.165.0.0/16'),
 IPv4Network('10.166.0.0/16'),
 IPv4Network('10.167.0.0/16')]
[IPv4Network('10.0.0.0/8'),
 IPv4Network('129.79.0.0/16'),
 IPv4Network('134.68.0.0/16'),
 IPv4Network('140.182.0.0/16'),
 IPv4Network('149.159.0.0/16'),
 IPv4Network('149.160.0.0/14'),
 IPv4Network('156.56.0.0/16'),
 IPv4Network('172.16.0.0/12'),
 IPv4Network('192.168.0.0/24'),
 IPv6Network('::/128'),
 IPv4Network('10.0.0.0/16'),
 IPv4Network('10.1.0.0/16'),
 IPv4Network('10.2.0.0/16'),
 IPv4Network('10.3.0.0/16'),
 IPv4Network('10.4.0.0/16'),
 IPv4Network('10.5.0.0/16'),
 IPv4Network('10.6.0.0/16'),
 IPv4Network('10.7.0.0/16'),
 IPv4Network('10.8.0.0/16'),
 IPv4Network('10.9.0.0/16'),
 IPv4Network('10.10.0.0/16'),
 IPv4Network('10.11.0.0/16'),
 IPv4Network('10.12.0.0/16'),
 IPv4Network('10.13.0.0/16'),
 IPv4Network('10.14.0.0/16'),
 IPv4Network('10.15.0.0/16'),
 IPv4Network('10.16.0.0/16'),
 IPv4Network('10.17.0.0/16'),
 IPv4Network('10.18.0.0/16'),
 IPv4Network('10.19.0.0/16'),
 IPv4Network('10.20.0.0/16'),
 IPv4Network('10.21.0.0/16'),
 IPv4Network('10.22.0.0/16'),
 IPv4Network('10.23.0.0/16'),
 IPv4Network('10.24.0.0/16'),
 IPv4Network('10.25.0.0/16'),
 IPv4Network('10.26.0.0/16'),
 IPv4Network('10.27.0.0/16'),
 IPv4Network('10.28.0.0/16'),
 IPv4Network('10.29.0.0/16'),
 IPv4Network('10.30.0.0/16'),
 IPv4Network('10.31.0.0/16'),
 IPv4Network('10.32.0.0/16'),
 IPv4Network('10.33.0.0/16'),
 IPv4Network('10.34.0.0/16'),
 IPv4Network('10.35.0.0/16'),
 IPv4Network('10.36.0.0/16'),
 IPv4Network('10.37.0.0/16'),
 IPv4Network('10.38.0.0/16'),
 IPv4Network('10.39.0.0/16'),
 IPv4Network('10.40.0.0/16'),
 IPv4Network('10.41.0.0/16'),
 IPv4Network('10.42.0.0/16'),
 IPv4Network('10.43.0.0/16'),
 IPv4Network('10.44.0.0/16'),
 IPv4Network('10.45.0.0/16'),
 IPv4Network('10.46.0.0/16'),
 IPv4Network('10.47.0.0/16'),
 IPv4Network('10.48.0.0/16'),
 IPv4Network('10.49.0.0/16'),
 IPv4Network('10.50.0.0/16'),
 IPv4Network('10.51.0.0/16'),
 IPv4Network('10.52.0.0/16'),
 IPv4Network('10.53.0.0/16'),
 IPv4Network('10.54.0.0/16'),
 IPv4Network('10.55.0.0/16'),
 IPv4Network('10.56.0.0/16'),
 IPv4Network('10.57.0.0/16'),
 IPv4Network('10.58.0.0/16'),
 IPv4Network('10.59.0.0/16'),
 IPv4Network('10.60.0.0/16'),
 IPv4Network('10.61.0.0/16'),
 IPv4Network('10.62.0.0/16'),
 IPv4Network('10.63.0.0/16'),
 IPv4Network('10.64.0.0/16'),
 IPv4Network('10.65.0.0/16'),
 IPv4Network('10.66.0.0/16'),
 IPv4Network('10.67.0.0/16'),
 IPv4Network('10.68.0.0/16'),
 IPv4Network('10.69.0.0/16'),
 IPv4Network('10.70.0.0/16'),
 IPv4Network('10.71.0.0/16'),
 IPv4Network('10.72.0.0/16'),
 IPv4Network('10.73.0.0/16'),
 IPv4Network('10.74.0.0/16'),
 IPv4Network('10.75.0.0/16'),
 IPv4Network('10.76.0.0/16'),
 IPv4Network('10.77.0.0/16'),
 IPv4Network('10.78.0.0/16'),
 IPv4Network('10.79.0.0/16'),
 IPv4Network('10.80.0.0/16'),
 IPv4Network('10.81.0.0/16'),
 IPv4Network('10.82.0.0/16'),
 IPv4Network('10.83.0.0/16'),
 IPv4Network('10.84.0.0/16'),
 IPv4Network('10.85.0.0/16'),
 IPv4Network('10.86.0.0/16'),
 IPv4Network('10.87.0.0/16'),
 IPv4Network('10.88.0.0/16'),
 IPv4Network('10.89.0.0/16'),
 IPv4Network('10.90.0.0/16'),
 IPv4Network('10.91.0.0/16'),
 IPv4Network('10.92.0.0/16'),
 IPv4Network('10.93.0.0/16'),
 IPv4Network('10.94.0.0/16'),
 IPv4Network('10.95.0.0/16'),
 IPv4Network('10.96.0.0/16'),
 IPv4Network('10.97.0.0/16'),
 IPv4Network('10.98.0.0/16'),
 IPv4Network('10.99.0.0/16'),
 IPv4Network('10.100.0.0/16'),
 IPv4Network('10.101.0.0/16'),
 IPv4Network('10.102.0.0/16'),
 IPv4Network('10.103.0.0/16'),
 IPv4Network('10.104.0.0/16'),
 IPv4Network('10.105.0.0/16'),
 IPv4Network('10.106.0.0/16'),
 IPv4Network('10.107.0.0/16'),
 IPv4Network('10.108.0.0/16'),
 IPv4Network('10.109.0.0/16'),
 IPv4Network('10.110.0.0/16'),
 IPv4Network('10.111.0.0/16'),
 IPv4Network('10.112.0.0/16'),
 IPv4Network('10.113.0.0/16'),
 IPv4Network('10.114.0.0/16'),
 IPv4Network('10.115.0.0/16'),
 IPv4Network('10.116.0.0/16'),
 IPv4Network('10.117.0.0/16'),
 IPv4Network('10.118.0.0/16'),
 IPv4Network('10.119.0.0/16'),
 IPv4Network('10.120.0.0/16'),
 IPv4Network('10.121.0.0/16'),
 IPv4Network('10.122.0.0/16'),
 IPv4Network('10.123.0.0/16'),
 IPv4Network('10.124.0.0/16'),
 IPv4Network('10.125.0.0/16'),
 IPv4Network('10.126.0.0/16'),
 IPv4Network('10.127.0.0/16'),
 IPv4Network('10.128.0.0/16'),
 IPv4Network('10.129.0.0/16'),
 IPv4Network('10.130.0.0/16'),
 IPv4Network('10.131.0.0/16'),
 IPv4Network('10.132.0.0/16'),
 IPv4Network('10.133.0.0/16'),
 IPv4Network('10.134.0.0/16'),
 IPv4Network('10.135.0.0/16'),
 IPv4Network('10.136.0.0/16'),
 IPv4Network('10.137.0.0/16'),
 IPv4Network('10.138.0.0/16'),
 IPv4Network('10.139.0.0/16'),
 IPv4Network('10.140.0.0/16'),
 IPv4Network('10.141.0.0/16'),
 IPv4Network('10.142.0.0/16'),
 IPv4Network('10.143.0.0/16'),
 IPv4Network('10.144.0.0/16'),
 IPv4Network('10.145.0.0/16'),
 IPv4Network('10.146.0.0/16'),
 IPv4Network('10.147.0.0/16'),
 IPv4Network('10.148.0.0/16'),
 IPv4Network('10.149.0.0/16'),
 IPv4Network('10.150.0.0/16'),
 IPv4Network('10.151.0.0/16'),
 IPv4Network('10.152.0.0/16'),
 IPv4Network('10.153.0.0/16'),
 IPv4Network('10.154.0.0/16'),
 IPv4Network('10.155.0.0/16'),
 IPv4Network('10.156.0.0/16'),
 IPv4Network('10.157.0.0/16'),
 IPv4Network('10.158.0.0/16'),
 IPv4Network('10.159.0.0/16'),
 IPv4Network('10.160.0.0/16'),
 IPv4Network('10.161.0.0/16'),
 IPv4Network('10.162.0.0/16'),
 IPv4Network('10.163.0.0/16'),
 IPv4Network('10.164.0.0/16'),
 IPv4Network('10.165.0.0/16'),
 IPv4Network('10.166.0.0/16'),
 IPv4Network('10.167.0.0/16')]
[IPv4Network('10.0.0.0/8'),
 IPv4Network('129.79.0.0/16'),
 IPv4Network('134.68.0.0/16'),
 IPv4Network('140.182.0.0/16'),
 IPv4Network('149.159.0.0/16'),
 IPv4Network('149.160.0.0/14'),
 IPv4Network('156.56.0.0/16'),
 IPv4Network('172.16.0.0/12'),
 IPv4Network('192.168.0.0/24'),
 IPv6Network('::/128'),
 IPv4Network('10.0.0.0/16'),
 IPv4Network('10.1.0.0/16'),
 IPv4Network('10.2.0.0/16'),
 IPv4Network('10.3.0.0/16'),
 IPv4Network('10.4.0.0/16'),
 IPv4Network('10.5.0.0/16'),
 IPv4Network('10.6.0.0/16'),
 IPv4Network('10.7.0.0/16'),
 IPv4Network('10.8.0.0/16'),
 IPv4Network('10.9.0.0/16'),
 IPv4Network('10.10.0.0/16'),
 IPv4Network('10.11.0.0/16'),
 IPv4Network('10.12.0.0/16'),
 IPv4Network('10.13.0.0/16'),
 IPv4Network('10.14.0.0/16'),
 IPv4Network('10.15.0.0/16'),
 IPv4Network('10.16.0.0/16'),
 IPv4Network('10.17.0.0/16'),
 IPv4Network('10.18.0.0/16'),
 IPv4Network('10.19.0.0/16'),
 IPv4Network('10.20.0.0/16'),
 IPv4Network('10.21.0.0/16'),
 IPv4Network('10.22.0.0/16'),
 IPv4Network('10.23.0.0/16'),
 IPv4Network('10.24.0.0/16'),
 IPv4Network('10.25.0.0/16'),
 IPv4Network('10.26.0.0/16'),
 IPv4Network('10.27.0.0/16'),
 IPv4Network('10.28.0.0/16'),
 IPv4Network('10.29.0.0/16'),
 IPv4Network('10.30.0.0/16'),
 IPv4Network('10.31.0.0/16'),
 IPv4Network('10.32.0.0/16'),
 IPv4Network('10.33.0.0/16'),
 IPv4Network('10.34.0.0/16'),
 IPv4Network('10.35.0.0/16'),
 IPv4Network('10.36.0.0/16'),
 IPv4Network('10.37.0.0/16'),
 IPv4Network('10.38.0.0/16'),
 IPv4Network('10.39.0.0/16'),
 IPv4Network('10.40.0.0/16'),
 IPv4Network('10.41.0.0/16'),
 IPv4Network('10.42.0.0/16'),
 IPv4Network('10.43.0.0/16'),
 IPv4Network('10.44.0.0/16'),
 IPv4Network('10.45.0.0/16'),
 IPv4Network('10.46.0.0/16'),
 IPv4Network('10.47.0.0/16'),
 IPv4Network('10.48.0.0/16'),
 IPv4Network('10.49.0.0/16'),
 IPv4Network('10.50.0.0/16'),
 IPv4Network('10.51.0.0/16'),
 IPv4Network('10.52.0.0/16'),
 IPv4Network('10.53.0.0/16'),
 IPv4Network('10.54.0.0/16'),
 IPv4Network('10.55.0.0/16'),
 IPv4Network('10.56.0.0/16'),
 IPv4Network('10.57.0.0/16'),
 IPv4Network('10.58.0.0/16'),
 IPv4Network('10.59.0.0/16'),
 IPv4Network('10.60.0.0/16'),
 IPv4Network('10.61.0.0/16'),
 IPv4Network('10.62.0.0/16'),
 IPv4Network('10.63.0.0/16'),
 IPv4Network('10.64.0.0/16'),
 IPv4Network('10.65.0.0/16'),
 IPv4Network('10.66.0.0/16'),
 IPv4Network('10.67.0.0/16'),
 IPv4Network('10.68.0.0/16'),
 IPv4Network('10.69.0.0/16'),
 IPv4Network('10.70.0.0/16'),
 IPv4Network('10.71.0.0/16'),
 IPv4Network('10.72.0.0/16'),
 IPv4Network('10.73.0.0/16'),
 IPv4Network('10.74.0.0/16'),
 IPv4Network('10.75.0.0/16'),
 IPv4Network('10.76.0.0/16'),
 IPv4Network('10.77.0.0/16'),
 IPv4Network('10.78.0.0/16'),
 IPv4Network('10.79.0.0/16'),
 IPv4Network('10.80.0.0/16'),
 IPv4Network('10.81.0.0/16'),
 IPv4Network('10.82.0.0/16'),
 IPv4Network('10.83.0.0/16'),
 IPv4Network('10.84.0.0/16'),
 IPv4Network('10.85.0.0/16'),
 IPv4Network('10.86.0.0/16'),
 IPv4Network('10.87.0.0/16'),
 IPv4Network('10.88.0.0/16'),
 IPv4Network('10.89.0.0/16'),
 IPv4Network('10.90.0.0/16'),
 IPv4Network('10.91.0.0/16'),
 IPv4Network('10.92.0.0/16'),
 IPv4Network('10.93.0.0/16'),
 IPv4Network('10.94.0.0/16'),
 IPv4Network('10.95.0.0/16'),
 IPv4Network('10.96.0.0/16'),
 IPv4Network('10.97.0.0/16'),
 IPv4Network('10.98.0.0/16'),
 IPv4Network('10.99.0.0/16'),
 IPv4Network('10.100.0.0/16'),
 IPv4Network('10.101.0.0/16'),
 IPv4Network('10.102.0.0/16'),
 IPv4Network('10.103.0.0/16'),
 IPv4Network('10.104.0.0/16'),
 IPv4Network('10.105.0.0/16'),
 IPv4Network('10.106.0.0/16'),
 IPv4Network('10.107.0.0/16'),
 IPv4Network('10.108.0.0/16'),
 IPv4Network('10.109.0.0/16'),
 IPv4Network('10.110.0.0/16'),
 IPv4Network('10.111.0.0/16'),
 IPv4Network('10.112.0.0/16'),
 IPv4Network('10.113.0.0/16'),
 IPv4Network('10.114.0.0/16'),
 IPv4Network('10.115.0.0/16'),
 IPv4Network('10.116.0.0/16'),
 IPv4Network('10.117.0.0/16'),
 IPv4Network('10.118.0.0/16'),
 IPv4Network('10.119.0.0/16'),
 IPv4Network('10.120.0.0/16'),
 IPv4Network('10.121.0.0/16'),
 IPv4Network('10.122.0.0/16'),
 IPv4Network('10.123.0.0/16'),
 IPv4Network('10.124.0.0/16'),
 IPv4Network('10.125.0.0/16'),
 IPv4Network('10.126.0.0/16'),
 IPv4Network('10.127.0.0/16'),
 IPv4Network('10.128.0.0/16'),
 IPv4Network('10.129.0.0/16'),
 IPv4Network('10.130.0.0/16'),
 IPv4Network('10.131.0.0/16'),
 IPv4Network('10.132.0.0/16'),
 IPv4Network('10.133.0.0/16'),
 IPv4Network('10.134.0.0/16'),
 IPv4Network('10.135.0.0/16'),
 IPv4Network('10.136.0.0/16'),
 IPv4Network('10.137.0.0/16'),
 IPv4Network('10.138.0.0/16'),
 IPv4Network('10.139.0.0/16'),
 IPv4Network('10.140.0.0/16'),
 IPv4Network('10.141.0.0/16'),
 IPv4Network('10.142.0.0/16'),
 IPv4Network('10.143.0.0/16'),
 IPv4Network('10.144.0.0/16'),
 IPv4Network('10.145.0.0/16'),
 IPv4Network('10.146.0.0/16'),
 IPv4Network('10.147.0.0/16'),
 IPv4Network('10.148.0.0/16'),
 IPv4Network('10.149.0.0/16'),
 IPv4Network('10.150.0.0/16'),
 IPv4Network('10.151.0.0/16'),
 IPv4Network('10.152.0.0/16'),
 IPv4Network('10.153.0.0/16'),
 IPv4Network('10.154.0.0/16'),
 IPv4Network('10.155.0.0/16'),
 IPv4Network('10.156.0.0/16'),
 IPv4Network('10.157.0.0/16'),
 IPv4Network('10.158.0.0/16'),
 IPv4Network('10.159.0.0/16'),
 IPv4Network('10.160.0.0/16'),
 IPv4Network('10.161.0.0/16'),
 IPv4Network('10.162.0.0/16'),
 IPv4Network('10.163.0.0/16'),
 IPv4Network('10.164.0.0/16'),
 IPv4Network('10.165.0.0/16'),
 IPv4Network('10.166.0.0/16'),
 IPv4Network('10.167.0.0/16'),
 IPv4Network('10.168.0.0/16'),
 IPv4Network('10.169.0.0/16')]
[IPv4Network('10.0.0.0/8'),
 IPv4Network('129.79.0.0/16'),
 IPv4Network('134.68.0.0/16'),
 IPv4Network('140.182.0.0/16'),
 IPv4Network('149.159.0.0/16'),
 IPv4Network('149.160.0.0/14'),
 IPv4Network('156.56.0.0/16'),
 IPv4Network('172.16.0.0/12'),
 IPv4Network('192.168.0.0/24'),
 IPv6Network('::/128'),
 IPv4Network('10.0.0.0/16'),
 IPv4Network('10.1.0.0/16'),
 IPv4Network('10.2.0.0/16'),
 IPv4Network('10.3.0.0/16'),
 IPv4Network('10.4.0.0/16'),
 IPv4Network('10.5.0.0/16'),
 IPv4Network('10.6.0.0/16'),
 IPv4Network('10.7.0.0/16'),
 IPv4Network('10.8.0.0/16'),
 IPv4Network('10.9.0.0/16'),
 IPv4Network('10.10.0.0/16'),
 IPv4Network('10.11.0.0/16'),
 IPv4Network('10.12.0.0/16'),
 IPv4Network('10.13.0.0/16'),
 IPv4Network('10.14.0.0/16'),
 IPv4Network('10.15.0.0/16'),
 IPv4Network('10.16.0.0/16'),
 IPv4Network('10.17.0.0/16'),
 IPv4Network('10.18.0.0/16'),
 IPv4Network('10.19.0.0/16'),
 IPv4Network('10.20.0.0/16'),
 IPv4Network('10.21.0.0/16'),
 IPv4Network('10.22.0.0/16'),
 IPv4Network('10.23.0.0/16'),
 IPv4Network('10.24.0.0/16'),
 IPv4Network('10.25.0.0/16'),
 IPv4Network('10.26.0.0/16'),
 IPv4Network('10.27.0.0/16'),
 IPv4Network('10.28.0.0/16'),
 IPv4Network('10.29.0.0/16'),
 IPv4Network('10.30.0.0/16'),
 IPv4Network('10.31.0.0/16'),
 IPv4Network('10.32.0.0/16'),
 IPv4Network('10.33.0.0/16'),
 IPv4Network('10.34.0.0/16'),
 IPv4Network('10.35.0.0/16'),
 IPv4Network('10.36.0.0/16'),
 IPv4Network('10.37.0.0/16'),
 IPv4Network('10.38.0.0/16'),
 IPv4Network('10.39.0.0/16'),
 IPv4Network('10.40.0.0/16'),
 IPv4Network('10.41.0.0/16'),
 IPv4Network('10.42.0.0/16'),
 IPv4Network('10.43.0.0/16'),
 IPv4Network('10.44.0.0/16'),
 IPv4Network('10.45.0.0/16'),
 IPv4Network('10.46.0.0/16'),
 IPv4Network('10.47.0.0/16'),
 IPv4Network('10.48.0.0/16'),
 IPv4Network('10.49.0.0/16'),
 IPv4Network('10.50.0.0/16'),
 IPv4Network('10.51.0.0/16'),
 IPv4Network('10.52.0.0/16'),
 IPv4Network('10.53.0.0/16'),
 IPv4Network('10.54.0.0/16'),
 IPv4Network('10.55.0.0/16'),
 IPv4Network('10.56.0.0/16'),
 IPv4Network('10.57.0.0/16'),
 IPv4Network('10.58.0.0/16'),
 IPv4Network('10.59.0.0/16'),
 IPv4Network('10.60.0.0/16'),
 IPv4Network('10.61.0.0/16'),
 IPv4Network('10.62.0.0/16'),
 IPv4Network('10.63.0.0/16'),
 IPv4Network('10.64.0.0/16'),
 IPv4Network('10.65.0.0/16'),
 IPv4Network('10.66.0.0/16'),
 IPv4Network('10.67.0.0/16'),
 IPv4Network('10.68.0.0/16'),
 IPv4Network('10.69.0.0/16'),
 IPv4Network('10.70.0.0/16'),
 IPv4Network('10.71.0.0/16'),
 IPv4Network('10.72.0.0/16'),
 IPv4Network('10.73.0.0/16'),
 IPv4Network('10.74.0.0/16'),
 IPv4Network('10.75.0.0/16'),
 IPv4Network('10.76.0.0/16'),
 IPv4Network('10.77.0.0/16'),
 IPv4Network('10.78.0.0/16'),
 IPv4Network('10.79.0.0/16'),
 IPv4Network('10.80.0.0/16'),
 IPv4Network('10.81.0.0/16'),
 IPv4Network('10.82.0.0/16'),
 IPv4Network('10.83.0.0/16'),
 IPv4Network('10.84.0.0/16'),
 IPv4Network('10.85.0.0/16'),
 IPv4Network('10.86.0.0/16'),
 IPv4Network('10.87.0.0/16'),
 IPv4Network('10.88.0.0/16'),
 IPv4Network('10.89.0.0/16'),
 IPv4Network('10.90.0.0/16'),
 IPv4Network('10.91.0.0/16'),
 IPv4Network('10.92.0.0/16'),
 IPv4Network('10.93.0.0/16'),
 IPv4Network('10.94.0.0/16'),
 IPv4Network('10.95.0.0/16'),
 IPv4Network('10.96.0.0/16'),
 IPv4Network('10.97.0.0/16'),
 IPv4Network('10.98.0.0/16'),
 IPv4Network('10.99.0.0/16'),
 IPv4Network('10.100.0.0/16'),
 IPv4Network('10.101.0.0/16'),
 IPv4Network('10.102.0.0/16'),
 IPv4Network('10.103.0.0/16'),
 IPv4Network('10.104.0.0/16'),
 IPv4Network('10.105.0.0/16'),
 IPv4Network('10.106.0.0/16'),
 IPv4Network('10.107.0.0/16'),
 IPv4Network('10.108.0.0/16'),
 IPv4Network('10.109.0.0/16'),
 IPv4Network('10.110.0.0/16'),
 IPv4Network('10.111.0.0/16'),
 IPv4Network('10.112.0.0/16'),
 IPv4Network('10.113.0.0/16'),
 IPv4Network('10.114.0.0/16'),
 IPv4Network('10.115.0.0/16'),
 IPv4Network('10.116.0.0/16'),
 IPv4Network('10.117.0.0/16'),
 IPv4Network('10.118.0.0/16'),
 IPv4Network('10.119.0.0/16'),
 IPv4Network('10.120.0.0/16'),
 IPv4Network('10.121.0.0/16'),
 IPv4Network('10.122.0.0/16'),
 IPv4Network('10.123.0.0/16'),
 IPv4Network('10.124.0.0/16'),
 IPv4Network('10.125.0.0/16'),
 IPv4Network('10.126.0.0/16'),
 IPv4Network('10.127.0.0/16'),
 IPv4Network('10.128.0.0/16'),
 IPv4Network('10.129.0.0/16'),
 IPv4Network('10.130.0.0/16'),
 IPv4Network('10.131.0.0/16'),
 IPv4Network('10.132.0.0/16'),
 IPv4Network('10.133.0.0/16'),
 IPv4Network('10.134.0.0/16'),
 IPv4Network('10.135.0.0/16'),
 IPv4Network('10.136.0.0/16'),
 IPv4Network('10.137.0.0/16'),
 IPv4Network('10.138.0.0/16'),
 IPv4Network('10.139.0.0/16'),
 IPv4Network('10.140.0.0/16'),
 IPv4Network('10.141.0.0/16'),
 IPv4Network('10.142.0.0/16'),
 IPv4Network('10.143.0.0/16'),
 IPv4Network('10.144.0.0/16'),
 IPv4Network('10.145.0.0/16'),
 IPv4Network('10.146.0.0/16'),
 IPv4Network('10.147.0.0/16'),
 IPv4Network('10.148.0.0/16'),
 IPv4Network('10.149.0.0/16'),
 IPv4Network('10.150.0.0/16'),
 IPv4Network('10.151.0.0/16'),
 IPv4Network('10.152.0.0/16'),
 IPv4Network('10.153.0.0/16'),
 IPv4Network('10.154.0.0/16'),
 IPv4Network('10.155.0.0/16'),
 IPv4Network('10.156.0.0/16'),
 IPv4Network('10.157.0.0/16'),
 IPv4Network('10.158.0.0/16'),
 IPv4Network('10.159.0.0/16'),
 IPv4Network('10.160.0.0/16'),
 IPv4Network('10.161.0.0/16'),
 IPv4Network('10.162.0.0/16'),
 IPv4Network('10.163.0.0/16'),
 IPv4Network('10.164.0.0/16'),
 IPv4Network('10.165.0.0/16'),
 IPv4Network('10.166.0.0/16'),
 IPv4Network('10.167.0.0/16'),
 IPv4Network('10.168.0.0/16'),
 IPv4Network('10.169.0.0/16'),
 IPv4Network('10.170.0.0/16'),
 IPv4Network('10.171.0.0/16')]
[IPv4Network('10.0.0.0/8'),
 IPv4Network('129.79.0.0/16'),
 IPv4Network('134.68.0.0/16'),
 IPv4Network('140.182.0.0/16'),
 IPv4Network('149.159.0.0/16'),
 IPv4Network('149.160.0.0/14'),
 IPv4Network('156.56.0.0/16'),
 IPv4Network('172.16.0.0/12'),
 IPv4Network('192.168.0.0/24'),
 IPv6Network('::/128'),
 IPv4Network('10.0.0.0/16'),
 IPv4Network('10.1.0.0/16'),
 IPv4Network('10.2.0.0/16'),
 IPv4Network('10.3.0.0/16'),
 IPv4Network('10.4.0.0/16'),
 IPv4Network('10.5.0.0/16'),
 IPv4Network('10.6.0.0/16'),
 IPv4Network('10.7.0.0/16'),
 IPv4Network('10.8.0.0/16'),
 IPv4Network('10.9.0.0/16'),
 IPv4Network('10.10.0.0/16'),
 IPv4Network('10.11.0.0/16'),
 IPv4Network('10.12.0.0/16'),
 IPv4Network('10.13.0.0/16'),
 IPv4Network('10.14.0.0/16'),
 IPv4Network('10.15.0.0/16'),
 IPv4Network('10.16.0.0/16'),
 IPv4Network('10.17.0.0/16'),
 IPv4Network('10.18.0.0/16'),
 IPv4Network('10.19.0.0/16'),
 IPv4Network('10.20.0.0/16'),
 IPv4Network('10.21.0.0/16'),
 IPv4Network('10.22.0.0/16'),
 IPv4Network('10.23.0.0/16'),
 IPv4Network('10.24.0.0/16'),
 IPv4Network('10.25.0.0/16'),
 IPv4Network('10.26.0.0/16'),
 IPv4Network('10.27.0.0/16'),
 IPv4Network('10.28.0.0/16'),
 IPv4Network('10.29.0.0/16'),
 IPv4Network('10.30.0.0/16'),
 IPv4Network('10.31.0.0/16'),
 IPv4Network('10.32.0.0/16'),
 IPv4Network('10.33.0.0/16'),
 IPv4Network('10.34.0.0/16'),
 IPv4Network('10.35.0.0/16'),
 IPv4Network('10.36.0.0/16'),
 IPv4Network('10.37.0.0/16'),
 IPv4Network('10.38.0.0/16'),
 IPv4Network('10.39.0.0/16'),
 IPv4Network('10.40.0.0/16'),
 IPv4Network('10.41.0.0/16'),
 IPv4Network('10.42.0.0/16'),
 IPv4Network('10.43.0.0/16'),
 IPv4Network('10.44.0.0/16'),
 IPv4Network('10.45.0.0/16'),
 IPv4Network('10.46.0.0/16'),
 IPv4Network('10.47.0.0/16'),
 IPv4Network('10.48.0.0/16'),
 IPv4Network('10.49.0.0/16'),
 IPv4Network('10.50.0.0/16'),
 IPv4Network('10.51.0.0/16'),
 IPv4Network('10.52.0.0/16'),
 IPv4Network('10.53.0.0/16'),
 IPv4Network('10.54.0.0/16'),
 IPv4Network('10.55.0.0/16'),
 IPv4Network('10.56.0.0/16'),
 IPv4Network('10.57.0.0/16'),
 IPv4Network('10.58.0.0/16'),
 IPv4Network('10.59.0.0/16'),
 IPv4Network('10.60.0.0/16'),
 IPv4Network('10.61.0.0/16'),
 IPv4Network('10.62.0.0/16'),
 IPv4Network('10.63.0.0/16'),
 IPv4Network('10.64.0.0/16'),
 IPv4Network('10.65.0.0/16'),
 IPv4Network('10.66.0.0/16'),
 IPv4Network('10.67.0.0/16'),
 IPv4Network('10.68.0.0/16'),
 IPv4Network('10.69.0.0/16'),
 IPv4Network('10.70.0.0/16'),
 IPv4Network('10.71.0.0/16'),
 IPv4Network('10.72.0.0/16'),
 IPv4Network('10.73.0.0/16'),
 IPv4Network('10.74.0.0/16'),
 IPv4Network('10.75.0.0/16'),
 IPv4Network('10.76.0.0/16'),
 IPv4Network('10.77.0.0/16'),
 IPv4Network('10.78.0.0/16'),
 IPv4Network('10.79.0.0/16'),
 IPv4Network('10.80.0.0/16'),
 IPv4Network('10.81.0.0/16'),
 IPv4Network('10.82.0.0/16'),
 IPv4Network('10.83.0.0/16'),
 IPv4Network('10.84.0.0/16'),
 IPv4Network('10.85.0.0/16'),
 IPv4Network('10.86.0.0/16'),
 IPv4Network('10.87.0.0/16'),
 IPv4Network('10.88.0.0/16'),
 IPv4Network('10.89.0.0/16'),
 IPv4Network('10.90.0.0/16'),
 IPv4Network('10.91.0.0/16'),
 IPv4Network('10.92.0.0/16'),
 IPv4Network('10.93.0.0/16'),
 IPv4Network('10.94.0.0/16'),
 IPv4Network('10.95.0.0/16'),
 IPv4Network('10.96.0.0/16'),
 IPv4Network('10.97.0.0/16'),
 IPv4Network('10.98.0.0/16'),
 IPv4Network('10.99.0.0/16'),
 IPv4Network('10.100.0.0/16'),
 IPv4Network('10.101.0.0/16'),
 IPv4Network('10.102.0.0/16'),
 IPv4Network('10.103.0.0/16'),
 IPv4Network('10.104.0.0/16'),
 IPv4Network('10.105.0.0/16'),
 IPv4Network('10.106.0.0/16'),
 IPv4Network('10.107.0.0/16'),
 IPv4Network('10.108.0.0/16'),
 IPv4Network('10.109.0.0/16'),
 IPv4Network('10.110.0.0/16'),
 IPv4Network('10.111.0.0/16'),
 IPv4Network('10.112.0.0/16'),
 IPv4Network('10.113.0.0/16'),
 IPv4Network('10.114.0.0/16'),
 IPv4Network('10.115.0.0/16'),
 IPv4Network('10.116.0.0/16'),
 IPv4Network('10.117.0.0/16'),
 IPv4Network('10.118.0.0/16'),
 IPv4Network('10.119.0.0/16'),
 IPv4Network('10.120.0.0/16'),
 IPv4Network('10.121.0.0/16'),
 IPv4Network('10.122.0.0/16'),
 IPv4Network('10.123.0.0/16'),
 IPv4Network('10.124.0.0/16'),
 IPv4Network('10.125.0.0/16'),
 IPv4Network('10.126.0.0/16'),
 IPv4Network('10.127.0.0/16'),
 IPv4Network('10.128.0.0/16'),
 IPv4Network('10.129.0.0/16'),
 IPv4Network('10.130.0.0/16'),
 IPv4Network('10.131.0.0/16'),
 IPv4Network('10.132.0.0/16'),
 IPv4Network('10.133.0.0/16'),
 IPv4Network('10.134.0.0/16'),
 IPv4Network('10.135.0.0/16'),
 IPv4Network('10.136.0.0/16'),
 IPv4Network('10.137.0.0/16'),
 IPv4Network('10.138.0.0/16'),
 IPv4Network('10.139.0.0/16'),
 IPv4Network('10.140.0.0/16'),
 IPv4Network('10.141.0.0/16'),
 IPv4Network('10.142.0.0/16'),
 IPv4Network('10.143.0.0/16'),
 IPv4Network('10.144.0.0/16'),
 IPv4Network('10.145.0.0/16'),
 IPv4Network('10.146.0.0/16'),
 IPv4Network('10.147.0.0/16'),
 IPv4Network('10.148.0.0/16'),
 IPv4Network('10.149.0.0/16'),
 IPv4Network('10.150.0.0/16'),
 IPv4Network('10.151.0.0/16'),
 IPv4Network('10.152.0.0/16'),
 IPv4Network('10.153.0.0/16'),
 IPv4Network('10.154.0.0/16'),
 IPv4Network('10.155.0.0/16'),
 IPv4Network('10.156.0.0/16'),
 IPv4Network('10.157.0.0/16'),
 IPv4Network('10.158.0.0/16'),
 IPv4Network('10.159.0.0/16'),
 IPv4Network('10.160.0.0/16'),
 IPv4Network('10.161.0.0/16'),
 IPv4Network('10.162.0.0/16'),
 IPv4Network('10.163.0.0/16'),
 IPv4Network('10.164.0.0/16'),
 IPv4Network('10.165.0.0/16'),
 IPv4Network('10.166.0.0/16'),
 IPv4Network('10.167.0.0/16'),
 IPv4Network('10.168.0.0/16'),
 IPv4Network('10.169.0.0/16'),
 IPv4Network('10.170.0.0/16'),
 IPv4Network('10.171.0.0/16')]
[IPv4Network('10.0.0.0/8'),
 IPv4Network('129.79.0.0/16'),
 IPv4Network('134.68.0.0/16'),
 IPv4Network('140.182.0.0/16'),
 IPv4Network('149.159.0.0/16'),
 IPv4Network('149.160.0.0/14'),
 IPv4Network('156.56.0.0/16'),
 IPv4Network('172.16.0.0/12'),
 IPv4Network('192.168.0.0/24'),
 IPv6Network('::/128'),
 IPv4Network('10.0.0.0/16'),
 IPv4Network('10.1.0.0/16'),
 IPv4Network('10.2.0.0/16'),
 IPv4Network('10.3.0.0/16'),
 IPv4Network('10.4.0.0/16'),
 IPv4Network('10.5.0.0/16'),
 IPv4Network('10.6.0.0/16'),
 IPv4Network('10.7.0.0/16'),
 IPv4Network('10.8.0.0/16'),
 IPv4Network('10.9.0.0/16'),
 IPv4Network('10.10.0.0/16'),
 IPv4Network('10.11.0.0/16'),
 IPv4Network('10.12.0.0/16'),
 IPv4Network('10.13.0.0/16'),
 IPv4Network('10.14.0.0/16'),
 IPv4Network('10.15.0.0/16'),
 IPv4Network('10.16.0.0/16'),
 IPv4Network('10.17.0.0/16'),
 IPv4Network('10.18.0.0/16'),
 IPv4Network('10.19.0.0/16'),
 IPv4Network('10.20.0.0/16'),
 IPv4Network('10.21.0.0/16'),
 IPv4Network('10.22.0.0/16'),
 IPv4Network('10.23.0.0/16'),
 IPv4Network('10.24.0.0/16'),
 IPv4Network('10.25.0.0/16'),
 IPv4Network('10.26.0.0/16'),
 IPv4Network('10.27.0.0/16'),
 IPv4Network('10.28.0.0/16'),
 IPv4Network('10.29.0.0/16'),
 IPv4Network('10.30.0.0/16'),
 IPv4Network('10.31.0.0/16'),
 IPv4Network('10.32.0.0/16'),
 IPv4Network('10.33.0.0/16'),
 IPv4Network('10.34.0.0/16'),
 IPv4Network('10.35.0.0/16'),
 IPv4Network('10.36.0.0/16'),
 IPv4Network('10.37.0.0/16'),
 IPv4Network('10.38.0.0/16'),
 IPv4Network('10.39.0.0/16'),
 IPv4Network('10.40.0.0/16'),
 IPv4Network('10.41.0.0/16'),
 IPv4Network('10.42.0.0/16'),
 IPv4Network('10.43.0.0/16'),
 IPv4Network('10.44.0.0/16'),
 IPv4Network('10.45.0.0/16'),
 IPv4Network('10.46.0.0/16'),
 IPv4Network('10.47.0.0/16'),
 IPv4Network('10.48.0.0/16'),
 IPv4Network('10.49.0.0/16'),
 IPv4Network('10.50.0.0/16'),
 IPv4Network('10.51.0.0/16'),
 IPv4Network('10.52.0.0/16'),
 IPv4Network('10.53.0.0/16'),
 IPv4Network('10.54.0.0/16'),
 IPv4Network('10.55.0.0/16'),
 IPv4Network('10.56.0.0/16'),
 IPv4Network('10.57.0.0/16'),
 IPv4Network('10.58.0.0/16'),
 IPv4Network('10.59.0.0/16'),
 IPv4Network('10.60.0.0/16'),
 IPv4Network('10.61.0.0/16'),
 IPv4Network('10.62.0.0/16'),
 IPv4Network('10.63.0.0/16'),
 IPv4Network('10.64.0.0/16'),
 IPv4Network('10.65.0.0/16'),
 IPv4Network('10.66.0.0/16'),
 IPv4Network('10.67.0.0/16'),
 IPv4Network('10.68.0.0/16'),
 IPv4Network('10.69.0.0/16'),
 IPv4Network('10.70.0.0/16'),
 IPv4Network('10.71.0.0/16'),
 IPv4Network('10.72.0.0/16'),
 IPv4Network('10.73.0.0/16'),
 IPv4Network('10.74.0.0/16'),
 IPv4Network('10.75.0.0/16'),
 IPv4Network('10.76.0.0/16'),
 IPv4Network('10.77.0.0/16'),
 IPv4Network('10.78.0.0/16'),
 IPv4Network('10.79.0.0/16'),
 IPv4Network('10.80.0.0/16'),
 IPv4Network('10.81.0.0/16'),
 IPv4Network('10.82.0.0/16'),
 IPv4Network('10.83.0.0/16'),
 IPv4Network('10.84.0.0/16'),
 IPv4Network('10.85.0.0/16'),
 IPv4Network('10.86.0.0/16'),
 IPv4Network('10.87.0.0/16'),
 IPv4Network('10.88.0.0/16'),
 IPv4Network('10.89.0.0/16'),
 IPv4Network('10.90.0.0/16'),
 IPv4Network('10.91.0.0/16'),
 IPv4Network('10.92.0.0/16'),
 IPv4Network('10.93.0.0/16'),
 IPv4Network('10.94.0.0/16'),
 IPv4Network('10.95.0.0/16'),
 IPv4Network('10.96.0.0/16'),
 IPv4Network('10.97.0.0/16'),
 IPv4Network('10.98.0.0/16'),
 IPv4Network('10.99.0.0/16'),
 IPv4Network('10.100.0.0/16'),
 IPv4Network('10.101.0.0/16'),
 IPv4Network('10.102.0.0/16'),
 IPv4Network('10.103.0.0/16'),
 IPv4Network('10.104.0.0/16'),
 IPv4Network('10.105.0.0/16'),
 IPv4Network('10.106.0.0/16'),
 IPv4Network('10.107.0.0/16'),
 IPv4Network('10.108.0.0/16'),
 IPv4Network('10.109.0.0/16'),
 IPv4Network('10.110.0.0/16'),
 IPv4Network('10.111.0.0/16'),
 IPv4Network('10.112.0.0/16'),
 IPv4Network('10.113.0.0/16'),
 IPv4Network('10.114.0.0/16'),
 IPv4Network('10.115.0.0/16'),
 IPv4Network('10.116.0.0/16'),
 IPv4Network('10.117.0.0/16'),
 IPv4Network('10.118.0.0/16'),
 IPv4Network('10.119.0.0/16'),
 IPv4Network('10.120.0.0/16'),
 IPv4Network('10.121.0.0/16'),
 IPv4Network('10.122.0.0/16'),
 IPv4Network('10.123.0.0/16'),
 IPv4Network('10.124.0.0/16'),
 IPv4Network('10.125.0.0/16'),
 IPv4Network('10.126.0.0/16'),
 IPv4Network('10.127.0.0/16'),
 IPv4Network('10.128.0.0/16'),
 IPv4Network('10.129.0.0/16'),
 IPv4Network('10.130.0.0/16'),
 IPv4Network('10.131.0.0/16'),
 IPv4Network('10.132.0.0/16'),
 IPv4Network('10.133.0.0/16'),
 IPv4Network('10.134.0.0/16'),
 IPv4Network('10.135.0.0/16'),
 IPv4Network('10.136.0.0/16'),
 IPv4Network('10.137.0.0/16'),
 IPv4Network('10.138.0.0/16'),
 IPv4Network('10.139.0.0/16'),
 IPv4Network('10.140.0.0/16'),
 IPv4Network('10.141.0.0/16'),
 IPv4Network('10.142.0.0/16'),
 IPv4Network('10.143.0.0/16'),
 IPv4Network('10.144.0.0/16'),
 IPv4Network('10.145.0.0/16'),
 IPv4Network('10.146.0.0/16'),
 IPv4Network('10.147.0.0/16'),
 IPv4Network('10.148.0.0/16'),
 IPv4Network('10.149.0.0/16'),
 IPv4Network('10.150.0.0/16'),
 IPv4Network('10.151.0.0/16'),
 IPv4Network('10.152.0.0/16'),
 IPv4Network('10.153.0.0/16'),
 IPv4Network('10.154.0.0/16'),
 IPv4Network('10.155.0.0/16'),
 IPv4Network('10.156.0.0/16'),
 IPv4Network('10.157.0.0/16'),
 IPv4Network('10.158.0.0/16'),
 IPv4Network('10.159.0.0/16'),
 IPv4Network('10.160.0.0/16'),
 IPv4Network('10.161.0.0/16'),
 IPv4Network('10.162.0.0/16'),
 IPv4Network('10.163.0.0/16'),
 IPv4Network('10.164.0.0/16'),
 IPv4Network('10.165.0.0/16'),
 IPv4Network('10.166.0.0/16'),
 IPv4Network('10.167.0.0/16'),
 IPv4Network('10.168.0.0/16'),
 IPv4Network('10.169.0.0/16'),
 IPv4Network('10.170.0.0/16'),
 IPv4Network('10.171.0.0/16'),
 IPv4Network('10.172.0.0/16'),
 IPv4Network('10.173.0.0/16')]
[IPv4Network('10.0.0.0/8'),
 IPv4Network('129.79.0.0/16'),
 IPv4Network('134.68.0.0/16'),
 IPv4Network('140.182.0.0/16'),
 IPv4Network('149.159.0.0/16'),
 IPv4Network('149.160.0.0/14'),
 IPv4Network('156.56.0.0/16'),
 IPv4Network('172.16.0.0/12'),
 IPv4Network('192.168.0.0/24'),
 IPv6Network('::/128'),
 IPv4Network('10.0.0.0/16'),
 IPv4Network('10.1.0.0/16'),
 IPv4Network('10.2.0.0/16'),
 IPv4Network('10.3.0.0/16'),
 IPv4Network('10.4.0.0/16'),
 IPv4Network('10.5.0.0/16'),
 IPv4Network('10.6.0.0/16'),
 IPv4Network('10.7.0.0/16'),
 IPv4Network('10.8.0.0/16'),
 IPv4Network('10.9.0.0/16'),
 IPv4Network('10.10.0.0/16'),
 IPv4Network('10.11.0.0/16'),
 IPv4Network('10.12.0.0/16'),
 IPv4Network('10.13.0.0/16'),
 IPv4Network('10.14.0.0/16'),
 IPv4Network('10.15.0.0/16'),
 IPv4Network('10.16.0.0/16'),
 IPv4Network('10.17.0.0/16'),
 IPv4Network('10.18.0.0/16'),
 IPv4Network('10.19.0.0/16'),
 IPv4Network('10.20.0.0/16'),
 IPv4Network('10.21.0.0/16'),
 IPv4Network('10.22.0.0/16'),
 IPv4Network('10.23.0.0/16'),
 IPv4Network('10.24.0.0/16'),
 IPv4Network('10.25.0.0/16'),
 IPv4Network('10.26.0.0/16'),
 IPv4Network('10.27.0.0/16'),
 IPv4Network('10.28.0.0/16'),
 IPv4Network('10.29.0.0/16'),
 IPv4Network('10.30.0.0/16'),
 IPv4Network('10.31.0.0/16'),
 IPv4Network('10.32.0.0/16'),
 IPv4Network('10.33.0.0/16'),
 IPv4Network('10.34.0.0/16'),
 IPv4Network('10.35.0.0/16'),
 IPv4Network('10.36.0.0/16'),
 IPv4Network('10.37.0.0/16'),
 IPv4Network('10.38.0.0/16'),
 IPv4Network('10.39.0.0/16'),
 IPv4Network('10.40.0.0/16'),
 IPv4Network('10.41.0.0/16'),
 IPv4Network('10.42.0.0/16'),
 IPv4Network('10.43.0.0/16'),
 IPv4Network('10.44.0.0/16'),
 IPv4Network('10.45.0.0/16'),
 IPv4Network('10.46.0.0/16'),
 IPv4Network('10.47.0.0/16'),
 IPv4Network('10.48.0.0/16'),
 IPv4Network('10.49.0.0/16'),
 IPv4Network('10.50.0.0/16'),
 IPv4Network('10.51.0.0/16'),
 IPv4Network('10.52.0.0/16'),
 IPv4Network('10.53.0.0/16'),
 IPv4Network('10.54.0.0/16'),
 IPv4Network('10.55.0.0/16'),
 IPv4Network('10.56.0.0/16'),
 IPv4Network('10.57.0.0/16'),
 IPv4Network('10.58.0.0/16'),
 IPv4Network('10.59.0.0/16'),
 IPv4Network('10.60.0.0/16'),
 IPv4Network('10.61.0.0/16'),
 IPv4Network('10.62.0.0/16'),
 IPv4Network('10.63.0.0/16'),
 IPv4Network('10.64.0.0/16'),
 IPv4Network('10.65.0.0/16'),
 IPv4Network('10.66.0.0/16'),
 IPv4Network('10.67.0.0/16'),
 IPv4Network('10.68.0.0/16'),
 IPv4Network('10.69.0.0/16'),
 IPv4Network('10.70.0.0/16'),
 IPv4Network('10.71.0.0/16'),
 IPv4Network('10.72.0.0/16'),
 IPv4Network('10.73.0.0/16'),
 IPv4Network('10.74.0.0/16'),
 IPv4Network('10.75.0.0/16'),
 IPv4Network('10.76.0.0/16'),
 IPv4Network('10.77.0.0/16'),
 IPv4Network('10.78.0.0/16'),
 IPv4Network('10.79.0.0/16'),
 IPv4Network('10.80.0.0/16'),
 IPv4Network('10.81.0.0/16'),
 IPv4Network('10.82.0.0/16'),
 IPv4Network('10.83.0.0/16'),
 IPv4Network('10.84.0.0/16'),
 IPv4Network('10.85.0.0/16'),
 IPv4Network('10.86.0.0/16'),
 IPv4Network('10.87.0.0/16'),
 IPv4Network('10.88.0.0/16'),
 IPv4Network('10.89.0.0/16'),
 IPv4Network('10.90.0.0/16'),
 IPv4Network('10.91.0.0/16'),
 IPv4Network('10.92.0.0/16'),
 IPv4Network('10.93.0.0/16'),
 IPv4Network('10.94.0.0/16'),
 IPv4Network('10.95.0.0/16'),
 IPv4Network('10.96.0.0/16'),
 IPv4Network('10.97.0.0/16'),
 IPv4Network('10.98.0.0/16'),
 IPv4Network('10.99.0.0/16'),
 IPv4Network('10.100.0.0/16'),
 IPv4Network('10.101.0.0/16'),
 IPv4Network('10.102.0.0/16'),
 IPv4Network('10.103.0.0/16'),
 IPv4Network('10.104.0.0/16'),
 IPv4Network('10.105.0.0/16'),
 IPv4Network('10.106.0.0/16'),
 IPv4Network('10.107.0.0/16'),
 IPv4Network('10.108.0.0/16'),
 IPv4Network('10.109.0.0/16'),
 IPv4Network('10.110.0.0/16'),
 IPv4Network('10.111.0.0/16'),
 IPv4Network('10.112.0.0/16'),
 IPv4Network('10.113.0.0/16'),
 IPv4Network('10.114.0.0/16'),
 IPv4Network('10.115.0.0/16'),
 IPv4Network('10.116.0.0/16'),
 IPv4Network('10.117.0.0/16'),
 IPv4Network('10.118.0.0/16'),
 IPv4Network('10.119.0.0/16'),
 IPv4Network('10.120.0.0/16'),
 IPv4Network('10.121.0.0/16'),
 IPv4Network('10.122.0.0/16'),
 IPv4Network('10.123.0.0/16'),
 IPv4Network('10.124.0.0/16'),
 IPv4Network('10.125.0.0/16'),
 IPv4Network('10.126.0.0/16'),
 IPv4Network('10.127.0.0/16'),
 IPv4Network('10.128.0.0/16'),
 IPv4Network('10.129.0.0/16'),
 IPv4Network('10.130.0.0/16'),
 IPv4Network('10.131.0.0/16'),
 IPv4Network('10.132.0.0/16'),
 IPv4Network('10.133.0.0/16'),
 IPv4Network('10.134.0.0/16'),
 IPv4Network('10.135.0.0/16'),
 IPv4Network('10.136.0.0/16'),
 IPv4Network('10.137.0.0/16'),
 IPv4Network('10.138.0.0/16'),
 IPv4Network('10.139.0.0/16'),
 IPv4Network('10.140.0.0/16'),
 IPv4Network('10.141.0.0/16'),
 IPv4Network('10.142.0.0/16'),
 IPv4Network('10.143.0.0/16'),
 IPv4Network('10.144.0.0/16'),
 IPv4Network('10.145.0.0/16'),
 IPv4Network('10.146.0.0/16'),
 IPv4Network('10.147.0.0/16'),
 IPv4Network('10.148.0.0/16'),
 IPv4Network('10.149.0.0/16'),
 IPv4Network('10.150.0.0/16'),
 IPv4Network('10.151.0.0/16'),
 IPv4Network('10.152.0.0/16'),
 IPv4Network('10.153.0.0/16'),
 IPv4Network('10.154.0.0/16'),
 IPv4Network('10.155.0.0/16'),
 IPv4Network('10.156.0.0/16'),
 IPv4Network('10.157.0.0/16'),
 IPv4Network('10.158.0.0/16'),
 IPv4Network('10.159.0.0/16'),
 IPv4Network('10.160.0.0/16'),
 IPv4Network('10.161.0.0/16'),
 IPv4Network('10.162.0.0/16'),
 IPv4Network('10.163.0.0/16'),
 IPv4Network('10.164.0.0/16'),
 IPv4Network('10.165.0.0/16'),
 IPv4Network('10.166.0.0/16'),
 IPv4Network('10.167.0.0/16'),
 IPv4Network('10.168.0.0/16'),
 IPv4Network('10.169.0.0/16'),
 IPv4Network('10.170.0.0/16'),
 IPv4Network('10.171.0.0/16'),
 IPv4Network('10.172.0.0/16'),
 IPv4Network('10.173.0.0/16'),
 IPv4Network('10.174.0.0/16'),
 IPv4Network('10.175.0.0/16')]
[IPv4Network('10.0.0.0/8'),
 IPv4Network('129.79.0.0/16'),
 IPv4Network('134.68.0.0/16'),
 IPv4Network('140.182.0.0/16'),
 IPv4Network('149.159.0.0/16'),
 IPv4Network('149.160.0.0/14'),
 IPv4Network('156.56.0.0/16'),
 IPv4Network('172.16.0.0/12'),
 IPv4Network('192.168.0.0/24'),
 IPv6Network('::/128'),
 IPv4Network('10.0.0.0/16'),
 IPv4Network('10.1.0.0/16'),
 IPv4Network('10.2.0.0/16'),
 IPv4Network('10.3.0.0/16'),
 IPv4Network('10.4.0.0/16'),
 IPv4Network('10.5.0.0/16'),
 IPv4Network('10.6.0.0/16'),
 IPv4Network('10.7.0.0/16'),
 IPv4Network('10.8.0.0/16'),
 IPv4Network('10.9.0.0/16'),
 IPv4Network('10.10.0.0/16'),
 IPv4Network('10.11.0.0/16'),
 IPv4Network('10.12.0.0/16'),
 IPv4Network('10.13.0.0/16'),
 IPv4Network('10.14.0.0/16'),
 IPv4Network('10.15.0.0/16'),
 IPv4Network('10.16.0.0/16'),
 IPv4Network('10.17.0.0/16'),
 IPv4Network('10.18.0.0/16'),
 IPv4Network('10.19.0.0/16'),
 IPv4Network('10.20.0.0/16'),
 IPv4Network('10.21.0.0/16'),
 IPv4Network('10.22.0.0/16'),
 IPv4Network('10.23.0.0/16'),
 IPv4Network('10.24.0.0/16'),
 IPv4Network('10.25.0.0/16'),
 IPv4Network('10.26.0.0/16'),
 IPv4Network('10.27.0.0/16'),
 IPv4Network('10.28.0.0/16'),
 IPv4Network('10.29.0.0/16'),
 IPv4Network('10.30.0.0/16'),
 IPv4Network('10.31.0.0/16'),
 IPv4Network('10.32.0.0/16'),
 IPv4Network('10.33.0.0/16'),
 IPv4Network('10.34.0.0/16'),
 IPv4Network('10.35.0.0/16'),
 IPv4Network('10.36.0.0/16'),
 IPv4Network('10.37.0.0/16'),
 IPv4Network('10.38.0.0/16'),
 IPv4Network('10.39.0.0/16'),
 IPv4Network('10.40.0.0/16'),
 IPv4Network('10.41.0.0/16'),
 IPv4Network('10.42.0.0/16'),
 IPv4Network('10.43.0.0/16'),
 IPv4Network('10.44.0.0/16'),
 IPv4Network('10.45.0.0/16'),
 IPv4Network('10.46.0.0/16'),
 IPv4Network('10.47.0.0/16'),
 IPv4Network('10.48.0.0/16'),
 IPv4Network('10.49.0.0/16'),
 IPv4Network('10.50.0.0/16'),
 IPv4Network('10.51.0.0/16'),
 IPv4Network('10.52.0.0/16'),
 IPv4Network('10.53.0.0/16'),
 IPv4Network('10.54.0.0/16'),
 IPv4Network('10.55.0.0/16'),
 IPv4Network('10.56.0.0/16'),
 IPv4Network('10.57.0.0/16'),
 IPv4Network('10.58.0.0/16'),
 IPv4Network('10.59.0.0/16'),
 IPv4Network('10.60.0.0/16'),
 IPv4Network('10.61.0.0/16'),
 IPv4Network('10.62.0.0/16'),
 IPv4Network('10.63.0.0/16'),
 IPv4Network('10.64.0.0/16'),
 IPv4Network('10.65.0.0/16'),
 IPv4Network('10.66.0.0/16'),
 IPv4Network('10.67.0.0/16'),
 IPv4Network('10.68.0.0/16'),
 IPv4Network('10.69.0.0/16'),
 IPv4Network('10.70.0.0/16'),
 IPv4Network('10.71.0.0/16'),
 IPv4Network('10.72.0.0/16'),
 IPv4Network('10.73.0.0/16'),
 IPv4Network('10.74.0.0/16'),
 IPv4Network('10.75.0.0/16'),
 IPv4Network('10.76.0.0/16'),
 IPv4Network('10.77.0.0/16'),
 IPv4Network('10.78.0.0/16'),
 IPv4Network('10.79.0.0/16'),
 IPv4Network('10.80.0.0/16'),
 IPv4Network('10.81.0.0/16'),
 IPv4Network('10.82.0.0/16'),
 IPv4Network('10.83.0.0/16'),
 IPv4Network('10.84.0.0/16'),
 IPv4Network('10.85.0.0/16'),
 IPv4Network('10.86.0.0/16'),
 IPv4Network('10.87.0.0/16'),
 IPv4Network('10.88.0.0/16'),
 IPv4Network('10.89.0.0/16'),
 IPv4Network('10.90.0.0/16'),
 IPv4Network('10.91.0.0/16'),
 IPv4Network('10.92.0.0/16'),
 IPv4Network('10.93.0.0/16'),
 IPv4Network('10.94.0.0/16'),
 IPv4Network('10.95.0.0/16'),
 IPv4Network('10.96.0.0/16'),
 IPv4Network('10.97.0.0/16'),
 IPv4Network('10.98.0.0/16'),
 IPv4Network('10.99.0.0/16'),
 IPv4Network('10.100.0.0/16'),
 IPv4Network('10.101.0.0/16'),
 IPv4Network('10.102.0.0/16'),
 IPv4Network('10.103.0.0/16'),
 IPv4Network('10.104.0.0/16'),
 IPv4Network('10.105.0.0/16'),
 IPv4Network('10.106.0.0/16'),
 IPv4Network('10.107.0.0/16'),
 IPv4Network('10.108.0.0/16'),
 IPv4Network('10.109.0.0/16'),
 IPv4Network('10.110.0.0/16'),
 IPv4Network('10.111.0.0/16'),
 IPv4Network('10.112.0.0/16'),
 IPv4Network('10.113.0.0/16'),
 IPv4Network('10.114.0.0/16'),
 IPv4Network('10.115.0.0/16'),
 IPv4Network('10.116.0.0/16'),
 IPv4Network('10.117.0.0/16'),
 IPv4Network('10.118.0.0/16'),
 IPv4Network('10.119.0.0/16'),
 IPv4Network('10.120.0.0/16'),
 IPv4Network('10.121.0.0/16'),
 IPv4Network('10.122.0.0/16'),
 IPv4Network('10.123.0.0/16'),
 IPv4Network('10.124.0.0/16'),
 IPv4Network('10.125.0.0/16'),
 IPv4Network('10.126.0.0/16'),
 IPv4Network('10.127.0.0/16'),
 IPv4Network('10.128.0.0/16'),
 IPv4Network('10.129.0.0/16'),
 IPv4Network('10.130.0.0/16'),
 IPv4Network('10.131.0.0/16'),
 IPv4Network('10.132.0.0/16'),
 IPv4Network('10.133.0.0/16'),
 IPv4Network('10.134.0.0/16'),
 IPv4Network('10.135.0.0/16'),
 IPv4Network('10.136.0.0/16'),
 IPv4Network('10.137.0.0/16'),
 IPv4Network('10.138.0.0/16'),
 IPv4Network('10.139.0.0/16'),
 IPv4Network('10.140.0.0/16'),
 IPv4Network('10.141.0.0/16'),
 IPv4Network('10.142.0.0/16'),
 IPv4Network('10.143.0.0/16'),
 IPv4Network('10.144.0.0/16'),
 IPv4Network('10.145.0.0/16'),
 IPv4Network('10.146.0.0/16'),
 IPv4Network('10.147.0.0/16'),
 IPv4Network('10.148.0.0/16'),
 IPv4Network('10.149.0.0/16'),
 IPv4Network('10.150.0.0/16'),
 IPv4Network('10.151.0.0/16'),
 IPv4Network('10.152.0.0/16'),
 IPv4Network('10.153.0.0/16'),
 IPv4Network('10.154.0.0/16'),
 IPv4Network('10.155.0.0/16'),
 IPv4Network('10.156.0.0/16'),
 IPv4Network('10.157.0.0/16'),
 IPv4Network('10.158.0.0/16'),
 IPv4Network('10.159.0.0/16'),
 IPv4Network('10.160.0.0/16'),
 IPv4Network('10.161.0.0/16'),
 IPv4Network('10.162.0.0/16'),
 IPv4Network('10.163.0.0/16'),
 IPv4Network('10.164.0.0/16'),
 IPv4Network('10.165.0.0/16'),
 IPv4Network('10.166.0.0/16'),
 IPv4Network('10.167.0.0/16'),
 IPv4Network('10.168.0.0/16'),
 IPv4Network('10.169.0.0/16'),
 IPv4Network('10.170.0.0/16'),
 IPv4Network('10.171.0.0/16'),
 IPv4Network('10.172.0.0/16'),
 IPv4Network('10.173.0.0/16'),
 IPv4Network('10.174.0.0/16'),
 IPv4Network('10.175.0.0/16')]
[IPv4Network('10.0.0.0/8'),
 IPv4Network('129.79.0.0/16'),
 IPv4Network('134.68.0.0/16'),
 IPv4Network('140.182.0.0/16'),
 IPv4Network('149.159.0.0/16'),
 IPv4Network('149.160.0.0/14'),
 IPv4Network('156.56.0.0/16'),
 IPv4Network('172.16.0.0/12'),
 IPv4Network('192.168.0.0/24'),
 IPv6Network('::/128'),
 IPv4Network('10.0.0.0/16'),
 IPv4Network('10.1.0.0/16'),
 IPv4Network('10.2.0.0/16'),
 IPv4Network('10.3.0.0/16'),
 IPv4Network('10.4.0.0/16'),
 IPv4Network('10.5.0.0/16'),
 IPv4Network('10.6.0.0/16'),
 IPv4Network('10.7.0.0/16'),
 IPv4Network('10.8.0.0/16'),
 IPv4Network('10.9.0.0/16'),
 IPv4Network('10.10.0.0/16'),
 IPv4Network('10.11.0.0/16'),
 IPv4Network('10.12.0.0/16'),
 IPv4Network('10.13.0.0/16'),
 IPv4Network('10.14.0.0/16'),
 IPv4Network('10.15.0.0/16'),
 IPv4Network('10.16.0.0/16'),
 IPv4Network('10.17.0.0/16'),
 IPv4Network('10.18.0.0/16'),
 IPv4Network('10.19.0.0/16'),
 IPv4Network('10.20.0.0/16'),
 IPv4Network('10.21.0.0/16'),
 IPv4Network('10.22.0.0/16'),
 IPv4Network('10.23.0.0/16'),
 IPv4Network('10.24.0.0/16'),
 IPv4Network('10.25.0.0/16'),
 IPv4Network('10.26.0.0/16'),
 IPv4Network('10.27.0.0/16'),
 IPv4Network('10.28.0.0/16'),
 IPv4Network('10.29.0.0/16'),
 IPv4Network('10.30.0.0/16'),
 IPv4Network('10.31.0.0/16'),
 IPv4Network('10.32.0.0/16'),
 IPv4Network('10.33.0.0/16'),
 IPv4Network('10.34.0.0/16'),
 IPv4Network('10.35.0.0/16'),
 IPv4Network('10.36.0.0/16'),
 IPv4Network('10.37.0.0/16'),
 IPv4Network('10.38.0.0/16'),
 IPv4Network('10.39.0.0/16'),
 IPv4Network('10.40.0.0/16'),
 IPv4Network('10.41.0.0/16'),
 IPv4Network('10.42.0.0/16'),
 IPv4Network('10.43.0.0/16'),
 IPv4Network('10.44.0.0/16'),
 IPv4Network('10.45.0.0/16'),
 IPv4Network('10.46.0.0/16'),
 IPv4Network('10.47.0.0/16'),
 IPv4Network('10.48.0.0/16'),
 IPv4Network('10.49.0.0/16'),
 IPv4Network('10.50.0.0/16'),
 IPv4Network('10.51.0.0/16'),
 IPv4Network('10.52.0.0/16'),
 IPv4Network('10.53.0.0/16'),
 IPv4Network('10.54.0.0/16'),
 IPv4Network('10.55.0.0/16'),
 IPv4Network('10.56.0.0/16'),
 IPv4Network('10.57.0.0/16'),
 IPv4Network('10.58.0.0/16'),
 IPv4Network('10.59.0.0/16'),
 IPv4Network('10.60.0.0/16'),
 IPv4Network('10.61.0.0/16'),
 IPv4Network('10.62.0.0/16'),
 IPv4Network('10.63.0.0/16'),
 IPv4Network('10.64.0.0/16'),
 IPv4Network('10.65.0.0/16'),
 IPv4Network('10.66.0.0/16'),
 IPv4Network('10.67.0.0/16'),
 IPv4Network('10.68.0.0/16'),
 IPv4Network('10.69.0.0/16'),
 IPv4Network('10.70.0.0/16'),
 IPv4Network('10.71.0.0/16'),
 IPv4Network('10.72.0.0/16'),
 IPv4Network('10.73.0.0/16'),
 IPv4Network('10.74.0.0/16'),
 IPv4Network('10.75.0.0/16'),
 IPv4Network('10.76.0.0/16'),
 IPv4Network('10.77.0.0/16'),
 IPv4Network('10.78.0.0/16'),
 IPv4Network('10.79.0.0/16'),
 IPv4Network('10.80.0.0/16'),
 IPv4Network('10.81.0.0/16'),
 IPv4Network('10.82.0.0/16'),
 IPv4Network('10.83.0.0/16'),
 IPv4Network('10.84.0.0/16'),
 IPv4Network('10.85.0.0/16'),
 IPv4Network('10.86.0.0/16'),
 IPv4Network('10.87.0.0/16'),
 IPv4Network('10.88.0.0/16'),
 IPv4Network('10.89.0.0/16'),
 IPv4Network('10.90.0.0/16'),
 IPv4Network('10.91.0.0/16'),
 IPv4Network('10.92.0.0/16'),
 IPv4Network('10.93.0.0/16'),
 IPv4Network('10.94.0.0/16'),
 IPv4Network('10.95.0.0/16'),
 IPv4Network('10.96.0.0/16'),
 IPv4Network('10.97.0.0/16'),
 IPv4Network('10.98.0.0/16'),
 IPv4Network('10.99.0.0/16'),
 IPv4Network('10.100.0.0/16'),
 IPv4Network('10.101.0.0/16'),
 IPv4Network('10.102.0.0/16'),
 IPv4Network('10.103.0.0/16'),
 IPv4Network('10.104.0.0/16'),
 IPv4Network('10.105.0.0/16'),
 IPv4Network('10.106.0.0/16'),
 IPv4Network('10.107.0.0/16'),
 IPv4Network('10.108.0.0/16'),
 IPv4Network('10.109.0.0/16'),
 IPv4Network('10.110.0.0/16'),
 IPv4Network('10.111.0.0/16'),
 IPv4Network('10.112.0.0/16'),
 IPv4Network('10.113.0.0/16'),
 IPv4Network('10.114.0.0/16'),
 IPv4Network('10.115.0.0/16'),
 IPv4Network('10.116.0.0/16'),
 IPv4Network('10.117.0.0/16'),
 IPv4Network('10.118.0.0/16'),
 IPv4Network('10.119.0.0/16'),
 IPv4Network('10.120.0.0/16'),
 IPv4Network('10.121.0.0/16'),
 IPv4Network('10.122.0.0/16'),
 IPv4Network('10.123.0.0/16'),
 IPv4Network('10.124.0.0/16'),
 IPv4Network('10.125.0.0/16'),
 IPv4Network('10.126.0.0/16'),
 IPv4Network('10.127.0.0/16'),
 IPv4Network('10.128.0.0/16'),
 IPv4Network('10.129.0.0/16'),
 IPv4Network('10.130.0.0/16'),
 IPv4Network('10.131.0.0/16'),
 IPv4Network('10.132.0.0/16'),
 IPv4Network('10.133.0.0/16'),
 IPv4Network('10.134.0.0/16'),
 IPv4Network('10.135.0.0/16'),
 IPv4Network('10.136.0.0/16'),
 IPv4Network('10.137.0.0/16'),
 IPv4Network('10.138.0.0/16'),
 IPv4Network('10.139.0.0/16'),
 IPv4Network('10.140.0.0/16'),
 IPv4Network('10.141.0.0/16'),
 IPv4Network('10.142.0.0/16'),
 IPv4Network('10.143.0.0/16'),
 IPv4Network('10.144.0.0/16'),
 IPv4Network('10.145.0.0/16'),
 IPv4Network('10.146.0.0/16'),
 IPv4Network('10.147.0.0/16'),
 IPv4Network('10.148.0.0/16'),
 IPv4Network('10.149.0.0/16'),
 IPv4Network('10.150.0.0/16'),
 IPv4Network('10.151.0.0/16'),
 IPv4Network('10.152.0.0/16'),
 IPv4Network('10.153.0.0/16'),
 IPv4Network('10.154.0.0/16'),
 IPv4Network('10.155.0.0/16'),
 IPv4Network('10.156.0.0/16'),
 IPv4Network('10.157.0.0/16'),
 IPv4Network('10.158.0.0/16'),
 IPv4Network('10.159.0.0/16'),
 IPv4Network('10.160.0.0/16'),
 IPv4Network('10.161.0.0/16'),
 IPv4Network('10.162.0.0/16'),
 IPv4Network('10.163.0.0/16'),
 IPv4Network('10.164.0.0/16'),
 IPv4Network('10.165.0.0/16'),
 IPv4Network('10.166.0.0/16'),
 IPv4Network('10.167.0.0/16'),
 IPv4Network('10.168.0.0/16'),
 IPv4Network('10.169.0.0/16'),
 IPv4Network('10.170.0.0/16'),
 IPv4Network('10.171.0.0/16'),
 IPv4Network('10.172.0.0/16'),
 IPv4Network('10.173.0.0/16'),
 IPv4Network('10.174.0.0/16'),
 IPv4Network('10.175.0.0/16')]
[IPv4Network('10.0.0.0/8'),
 IPv4Network('129.79.0.0/16'),
 IPv4Network('134.68.0.0/16'),
 IPv4Network('140.182.0.0/16'),
 IPv4Network('149.159.0.0/16'),
 IPv4Network('149.160.0.0/14'),
 IPv4Network('156.56.0.0/16'),
 IPv4Network('172.16.0.0/12'),
 IPv4Network('192.168.0.0/24'),
 IPv6Network('::/128'),
 IPv4Network('10.0.0.0/16'),
 IPv4Network('10.1.0.0/16'),
 IPv4Network('10.2.0.0/16'),
 IPv4Network('10.3.0.0/16'),
 IPv4Network('10.4.0.0/16'),
 IPv4Network('10.5.0.0/16'),
 IPv4Network('10.6.0.0/16'),
 IPv4Network('10.7.0.0/16'),
 IPv4Network('10.8.0.0/16'),
 IPv4Network('10.9.0.0/16'),
 IPv4Network('10.10.0.0/16'),
 IPv4Network('10.11.0.0/16'),
 IPv4Network('10.12.0.0/16'),
 IPv4Network('10.13.0.0/16'),
 IPv4Network('10.14.0.0/16'),
 IPv4Network('10.15.0.0/16'),
 IPv4Network('10.16.0.0/16'),
 IPv4Network('10.17.0.0/16'),
 IPv4Network('10.18.0.0/16'),
 IPv4Network('10.19.0.0/16'),
 IPv4Network('10.20.0.0/16'),
 IPv4Network('10.21.0.0/16'),
 IPv4Network('10.22.0.0/16'),
 IPv4Network('10.23.0.0/16'),
 IPv4Network('10.24.0.0/16'),
 IPv4Network('10.25.0.0/16'),
 IPv4Network('10.26.0.0/16'),
 IPv4Network('10.27.0.0/16'),
 IPv4Network('10.28.0.0/16'),
 IPv4Network('10.29.0.0/16'),
 IPv4Network('10.30.0.0/16'),
 IPv4Network('10.31.0.0/16'),
 IPv4Network('10.32.0.0/16'),
 IPv4Network('10.33.0.0/16'),
 IPv4Network('10.34.0.0/16'),
 IPv4Network('10.35.0.0/16'),
 IPv4Network('10.36.0.0/16'),
 IPv4Network('10.37.0.0/16'),
 IPv4Network('10.38.0.0/16'),
 IPv4Network('10.39.0.0/16'),
 IPv4Network('10.40.0.0/16'),
 IPv4Network('10.41.0.0/16'),
 IPv4Network('10.42.0.0/16'),
 IPv4Network('10.43.0.0/16'),
 IPv4Network('10.44.0.0/16'),
 IPv4Network('10.45.0.0/16'),
 IPv4Network('10.46.0.0/16'),
 IPv4Network('10.47.0.0/16'),
 IPv4Network('10.48.0.0/16'),
 IPv4Network('10.49.0.0/16'),
 IPv4Network('10.50.0.0/16'),
 IPv4Network('10.51.0.0/16'),
 IPv4Network('10.52.0.0/16'),
 IPv4Network('10.53.0.0/16'),
 IPv4Network('10.54.0.0/16'),
 IPv4Network('10.55.0.0/16'),
 IPv4Network('10.56.0.0/16'),
 IPv4Network('10.57.0.0/16'),
 IPv4Network('10.58.0.0/16'),
 IPv4Network('10.59.0.0/16'),
 IPv4Network('10.60.0.0/16'),
 IPv4Network('10.61.0.0/16'),
 IPv4Network('10.62.0.0/16'),
 IPv4Network('10.63.0.0/16'),
 IPv4Network('10.64.0.0/16'),
 IPv4Network('10.65.0.0/16'),
 IPv4Network('10.66.0.0/16'),
 IPv4Network('10.67.0.0/16'),
 IPv4Network('10.68.0.0/16'),
 IPv4Network('10.69.0.0/16'),
 IPv4Network('10.70.0.0/16'),
 IPv4Network('10.71.0.0/16'),
 IPv4Network('10.72.0.0/16'),
 IPv4Network('10.73.0.0/16'),
 IPv4Network('10.74.0.0/16'),
 IPv4Network('10.75.0.0/16'),
 IPv4Network('10.76.0.0/16'),
 IPv4Network('10.77.0.0/16'),
 IPv4Network('10.78.0.0/16'),
 IPv4Network('10.79.0.0/16'),
 IPv4Network('10.80.0.0/16'),
 IPv4Network('10.81.0.0/16'),
 IPv4Network('10.82.0.0/16'),
 IPv4Network('10.83.0.0/16'),
 IPv4Network('10.84.0.0/16'),
 IPv4Network('10.85.0.0/16'),
 IPv4Network('10.86.0.0/16'),
 IPv4Network('10.87.0.0/16'),
 IPv4Network('10.88.0.0/16'),
 IPv4Network('10.89.0.0/16'),
 IPv4Network('10.90.0.0/16'),
 IPv4Network('10.91.0.0/16'),
 IPv4Network('10.92.0.0/16'),
 IPv4Network('10.93.0.0/16'),
 IPv4Network('10.94.0.0/16'),
 IPv4Network('10.95.0.0/16'),
 IPv4Network('10.96.0.0/16'),
 IPv4Network('10.97.0.0/16'),
 IPv4Network('10.98.0.0/16'),
 IPv4Network('10.99.0.0/16'),
 IPv4Network('10.100.0.0/16'),
 IPv4Network('10.101.0.0/16'),
 IPv4Network('10.102.0.0/16'),
 IPv4Network('10.103.0.0/16'),
 IPv4Network('10.104.0.0/16'),
 IPv4Network('10.105.0.0/16'),
 IPv4Network('10.106.0.0/16'),
 IPv4Network('10.107.0.0/16'),
 IPv4Network('10.108.0.0/16'),
 IPv4Network('10.109.0.0/16'),
 IPv4Network('10.110.0.0/16'),
 IPv4Network('10.111.0.0/16'),
 IPv4Network('10.112.0.0/16'),
 IPv4Network('10.113.0.0/16'),
 IPv4Network('10.114.0.0/16'),
 IPv4Network('10.115.0.0/16'),
 IPv4Network('10.116.0.0/16'),
 IPv4Network('10.117.0.0/16'),
 IPv4Network('10.118.0.0/16'),
 IPv4Network('10.119.0.0/16'),
 IPv4Network('10.120.0.0/16'),
 IPv4Network('10.121.0.0/16'),
 IPv4Network('10.122.0.0/16'),
 IPv4Network('10.123.0.0/16'),
 IPv4Network('10.124.0.0/16'),
 IPv4Network('10.125.0.0/16'),
 IPv4Network('10.126.0.0/16'),
 IPv4Network('10.127.0.0/16'),
 IPv4Network('10.128.0.0/16'),
 IPv4Network('10.129.0.0/16'),
 IPv4Network('10.130.0.0/16'),
 IPv4Network('10.131.0.0/16'),
 IPv4Network('10.132.0.0/16'),
 IPv4Network('10.133.0.0/16'),
 IPv4Network('10.134.0.0/16'),
 IPv4Network('10.135.0.0/16'),
 IPv4Network('10.136.0.0/16'),
 IPv4Network('10.137.0.0/16'),
 IPv4Network('10.138.0.0/16'),
 IPv4Network('10.139.0.0/16'),
 IPv4Network('10.140.0.0/16'),
 IPv4Network('10.141.0.0/16'),
 IPv4Network('10.142.0.0/16'),
 IPv4Network('10.143.0.0/16'),
 IPv4Network('10.144.0.0/16'),
 IPv4Network('10.145.0.0/16'),
 IPv4Network('10.146.0.0/16'),
 IPv4Network('10.147.0.0/16'),
 IPv4Network('10.148.0.0/16'),
 IPv4Network('10.149.0.0/16'),
 IPv4Network('10.150.0.0/16'),
 IPv4Network('10.151.0.0/16'),
 IPv4Network('10.152.0.0/16'),
 IPv4Network('10.153.0.0/16'),
 IPv4Network('10.154.0.0/16'),
 IPv4Network('10.155.0.0/16'),
 IPv4Network('10.156.0.0/16'),
 IPv4Network('10.157.0.0/16'),
 IPv4Network('10.158.0.0/16'),
 IPv4Network('10.159.0.0/16'),
 IPv4Network('10.160.0.0/16'),
 IPv4Network('10.161.0.0/16'),
 IPv4Network('10.162.0.0/16'),
 IPv4Network('10.163.0.0/16'),
 IPv4Network('10.164.0.0/16'),
 IPv4Network('10.165.0.0/16'),
 IPv4Network('10.166.0.0/16'),
 IPv4Network('10.167.0.0/16'),
 IPv4Network('10.168.0.0/16'),
 IPv4Network('10.169.0.0/16'),
 IPv4Network('10.170.0.0/16'),
 IPv4Network('10.171.0.0/16'),
 IPv4Network('10.172.0.0/16'),
 IPv4Network('10.173.0.0/16'),
 IPv4Network('10.174.0.0/16'),
 IPv4Network('10.175.0.0/16')]
[IPv4Network('10.0.0.0/8'),
 IPv4Network('129.79.0.0/16'),
 IPv4Network('134.68.0.0/16'),
 IPv4Network('140.182.0.0/16'),
 IPv4Network('149.159.0.0/16'),
 IPv4Network('149.160.0.0/14'),
 IPv4Network('156.56.0.0/16'),
 IPv4Network('172.16.0.0/12'),
 IPv4Network('192.168.0.0/24'),
 IPv6Network('::/128'),
 IPv4Network('10.0.0.0/16'),
 IPv4Network('10.1.0.0/16'),
 IPv4Network('10.2.0.0/16'),
 IPv4Network('10.3.0.0/16'),
 IPv4Network('10.4.0.0/16'),
 IPv4Network('10.5.0.0/16'),
 IPv4Network('10.6.0.0/16'),
 IPv4Network('10.7.0.0/16'),
 IPv4Network('10.8.0.0/16'),
 IPv4Network('10.9.0.0/16'),
 IPv4Network('10.10.0.0/16'),
 IPv4Network('10.11.0.0/16'),
 IPv4Network('10.12.0.0/16'),
 IPv4Network('10.13.0.0/16'),
 IPv4Network('10.14.0.0/16'),
 IPv4Network('10.15.0.0/16'),
 IPv4Network('10.16.0.0/16'),
 IPv4Network('10.17.0.0/16'),
 IPv4Network('10.18.0.0/16'),
 IPv4Network('10.19.0.0/16'),
 IPv4Network('10.20.0.0/16'),
 IPv4Network('10.21.0.0/16'),
 IPv4Network('10.22.0.0/16'),
 IPv4Network('10.23.0.0/16'),
 IPv4Network('10.24.0.0/16'),
 IPv4Network('10.25.0.0/16'),
 IPv4Network('10.26.0.0/16'),
 IPv4Network('10.27.0.0/16'),
 IPv4Network('10.28.0.0/16'),
 IPv4Network('10.29.0.0/16'),
 IPv4Network('10.30.0.0/16'),
 IPv4Network('10.31.0.0/16'),
 IPv4Network('10.32.0.0/16'),
 IPv4Network('10.33.0.0/16'),
 IPv4Network('10.34.0.0/16'),
 IPv4Network('10.35.0.0/16'),
 IPv4Network('10.36.0.0/16'),
 IPv4Network('10.37.0.0/16'),
 IPv4Network('10.38.0.0/16'),
 IPv4Network('10.39.0.0/16'),
 IPv4Network('10.40.0.0/16'),
 IPv4Network('10.41.0.0/16'),
 IPv4Network('10.42.0.0/16'),
 IPv4Network('10.43.0.0/16'),
 IPv4Network('10.44.0.0/16'),
 IPv4Network('10.45.0.0/16'),
 IPv4Network('10.46.0.0/16'),
 IPv4Network('10.47.0.0/16'),
 IPv4Network('10.48.0.0/16'),
 IPv4Network('10.49.0.0/16'),
 IPv4Network('10.50.0.0/16'),
 IPv4Network('10.51.0.0/16'),
 IPv4Network('10.52.0.0/16'),
 IPv4Network('10.53.0.0/16'),
 IPv4Network('10.54.0.0/16'),
 IPv4Network('10.55.0.0/16'),
 IPv4Network('10.56.0.0/16'),
 IPv4Network('10.57.0.0/16'),
 IPv4Network('10.58.0.0/16'),
 IPv4Network('10.59.0.0/16'),
 IPv4Network('10.60.0.0/16'),
 IPv4Network('10.61.0.0/16'),
 IPv4Network('10.62.0.0/16'),
 IPv4Network('10.63.0.0/16'),
 IPv4Network('10.64.0.0/16'),
 IPv4Network('10.65.0.0/16'),
 IPv4Network('10.66.0.0/16'),
 IPv4Network('10.67.0.0/16'),
 IPv4Network('10.68.0.0/16'),
 IPv4Network('10.69.0.0/16'),
 IPv4Network('10.70.0.0/16'),
 IPv4Network('10.71.0.0/16'),
 IPv4Network('10.72.0.0/16'),
 IPv4Network('10.73.0.0/16'),
 IPv4Network('10.74.0.0/16'),
 IPv4Network('10.75.0.0/16'),
 IPv4Network('10.76.0.0/16'),
 IPv4Network('10.77.0.0/16'),
 IPv4Network('10.78.0.0/16'),
 IPv4Network('10.79.0.0/16'),
 IPv4Network('10.80.0.0/16'),
 IPv4Network('10.81.0.0/16'),
 IPv4Network('10.82.0.0/16'),
 IPv4Network('10.83.0.0/16'),
 IPv4Network('10.84.0.0/16'),
 IPv4Network('10.85.0.0/16'),
 IPv4Network('10.86.0.0/16'),
 IPv4Network('10.87.0.0/16'),
 IPv4Network('10.88.0.0/16'),
 IPv4Network('10.89.0.0/16'),
 IPv4Network('10.90.0.0/16'),
 IPv4Network('10.91.0.0/16'),
 IPv4Network('10.92.0.0/16'),
 IPv4Network('10.93.0.0/16'),
 IPv4Network('10.94.0.0/16'),
 IPv4Network('10.95.0.0/16'),
 IPv4Network('10.96.0.0/16'),
 IPv4Network('10.97.0.0/16'),
 IPv4Network('10.98.0.0/16'),
 IPv4Network('10.99.0.0/16'),
 IPv4Network('10.100.0.0/16'),
 IPv4Network('10.101.0.0/16'),
 IPv4Network('10.102.0.0/16'),
 IPv4Network('10.103.0.0/16'),
 IPv4Network('10.104.0.0/16'),
 IPv4Network('10.105.0.0/16'),
 IPv4Network('10.106.0.0/16'),
 IPv4Network('10.107.0.0/16'),
 IPv4Network('10.108.0.0/16'),
 IPv4Network('10.109.0.0/16'),
 IPv4Network('10.110.0.0/16'),
 IPv4Network('10.111.0.0/16'),
 IPv4Network('10.112.0.0/16'),
 IPv4Network('10.113.0.0/16'),
 IPv4Network('10.114.0.0/16'),
 IPv4Network('10.115.0.0/16'),
 IPv4Network('10.116.0.0/16'),
 IPv4Network('10.117.0.0/16'),
 IPv4Network('10.118.0.0/16'),
 IPv4Network('10.119.0.0/16'),
 IPv4Network('10.120.0.0/16'),
 IPv4Network('10.121.0.0/16'),
 IPv4Network('10.122.0.0/16'),
 IPv4Network('10.123.0.0/16'),
 IPv4Network('10.124.0.0/16'),
 IPv4Network('10.125.0.0/16'),
 IPv4Network('10.126.0.0/16'),
 IPv4Network('10.127.0.0/16'),
 IPv4Network('10.128.0.0/16'),
 IPv4Network('10.129.0.0/16'),
 IPv4Network('10.130.0.0/16'),
 IPv4Network('10.131.0.0/16'),
 IPv4Network('10.132.0.0/16'),
 IPv4Network('10.133.0.0/16'),
 IPv4Network('10.134.0.0/16'),
 IPv4Network('10.135.0.0/16'),
 IPv4Network('10.136.0.0/16'),
 IPv4Network('10.137.0.0/16'),
 IPv4Network('10.138.0.0/16'),
 IPv4Network('10.139.0.0/16'),
 IPv4Network('10.140.0.0/16'),
 IPv4Network('10.141.0.0/16'),
 IPv4Network('10.142.0.0/16'),
 IPv4Network('10.143.0.0/16'),
 IPv4Network('10.144.0.0/16'),
 IPv4Network('10.145.0.0/16'),
 IPv4Network('10.146.0.0/16'),
 IPv4Network('10.147.0.0/16'),
 IPv4Network('10.148.0.0/16'),
 IPv4Network('10.149.0.0/16'),
 IPv4Network('10.150.0.0/16'),
 IPv4Network('10.151.0.0/16'),
 IPv4Network('10.152.0.0/16'),
 IPv4Network('10.153.0.0/16'),
 IPv4Network('10.154.0.0/16'),
 IPv4Network('10.155.0.0/16'),
 IPv4Network('10.156.0.0/16'),
 IPv4Network('10.157.0.0/16'),
 IPv4Network('10.158.0.0/16'),
 IPv4Network('10.159.0.0/16'),
 IPv4Network('10.160.0.0/16'),
 IPv4Network('10.161.0.0/16'),
 IPv4Network('10.162.0.0/16'),
 IPv4Network('10.163.0.0/16'),
 IPv4Network('10.164.0.0/16'),
 IPv4Network('10.165.0.0/16'),
 IPv4Network('10.166.0.0/16'),
 IPv4Network('10.167.0.0/16'),
 IPv4Network('10.168.0.0/16'),
 IPv4Network('10.169.0.0/16'),
 IPv4Network('10.170.0.0/16'),
 IPv4Network('10.171.0.0/16'),
 IPv4Network('10.172.0.0/16'),
 IPv4Network('10.173.0.0/16'),
 IPv4Network('10.174.0.0/16'),
 IPv4Network('10.175.0.0/16'),
 IPv4Network('10.176.0.0/16'),
 IPv4Network('10.177.0.0/16')]
[IPv4Network('10.0.0.0/8'),
 IPv4Network('129.79.0.0/16'),
 IPv4Network('134.68.0.0/16'),
 IPv4Network('140.182.0.0/16'),
 IPv4Network('149.159.0.0/16'),
 IPv4Network('149.160.0.0/14'),
 IPv4Network('156.56.0.0/16'),
 IPv4Network('172.16.0.0/12'),
 IPv4Network('192.168.0.0/24'),
 IPv6Network('::/128'),
 IPv4Network('10.0.0.0/16'),
 IPv4Network('10.1.0.0/16'),
 IPv4Network('10.2.0.0/16'),
 IPv4Network('10.3.0.0/16'),
 IPv4Network('10.4.0.0/16'),
 IPv4Network('10.5.0.0/16'),
 IPv4Network('10.6.0.0/16'),
 IPv4Network('10.7.0.0/16'),
 IPv4Network('10.8.0.0/16'),
 IPv4Network('10.9.0.0/16'),
 IPv4Network('10.10.0.0/16'),
 IPv4Network('10.11.0.0/16'),
 IPv4Network('10.12.0.0/16'),
 IPv4Network('10.13.0.0/16'),
 IPv4Network('10.14.0.0/16'),
 IPv4Network('10.15.0.0/16'),
 IPv4Network('10.16.0.0/16'),
 IPv4Network('10.17.0.0/16'),
 IPv4Network('10.18.0.0/16'),
 IPv4Network('10.19.0.0/16'),
 IPv4Network('10.20.0.0/16'),
 IPv4Network('10.21.0.0/16'),
 IPv4Network('10.22.0.0/16'),
 IPv4Network('10.23.0.0/16'),
 IPv4Network('10.24.0.0/16'),
 IPv4Network('10.25.0.0/16'),
 IPv4Network('10.26.0.0/16'),
 IPv4Network('10.27.0.0/16'),
 IPv4Network('10.28.0.0/16'),
 IPv4Network('10.29.0.0/16'),
 IPv4Network('10.30.0.0/16'),
 IPv4Network('10.31.0.0/16'),
 IPv4Network('10.32.0.0/16'),
 IPv4Network('10.33.0.0/16'),
 IPv4Network('10.34.0.0/16'),
 IPv4Network('10.35.0.0/16'),
 IPv4Network('10.36.0.0/16'),
 IPv4Network('10.37.0.0/16'),
 IPv4Network('10.38.0.0/16'),
 IPv4Network('10.39.0.0/16'),
 IPv4Network('10.40.0.0/16'),
 IPv4Network('10.41.0.0/16'),
 IPv4Network('10.42.0.0/16'),
 IPv4Network('10.43.0.0/16'),
 IPv4Network('10.44.0.0/16'),
 IPv4Network('10.45.0.0/16'),
 IPv4Network('10.46.0.0/16'),
 IPv4Network('10.47.0.0/16'),
 IPv4Network('10.48.0.0/16'),
 IPv4Network('10.49.0.0/16'),
 IPv4Network('10.50.0.0/16'),
 IPv4Network('10.51.0.0/16'),
 IPv4Network('10.52.0.0/16'),
 IPv4Network('10.53.0.0/16'),
 IPv4Network('10.54.0.0/16'),
 IPv4Network('10.55.0.0/16'),
 IPv4Network('10.56.0.0/16'),
 IPv4Network('10.57.0.0/16'),
 IPv4Network('10.58.0.0/16'),
 IPv4Network('10.59.0.0/16'),
 IPv4Network('10.60.0.0/16'),
 IPv4Network('10.61.0.0/16'),
 IPv4Network('10.62.0.0/16'),
 IPv4Network('10.63.0.0/16'),
 IPv4Network('10.64.0.0/16'),
 IPv4Network('10.65.0.0/16'),
 IPv4Network('10.66.0.0/16'),
 IPv4Network('10.67.0.0/16'),
 IPv4Network('10.68.0.0/16'),
 IPv4Network('10.69.0.0/16'),
 IPv4Network('10.70.0.0/16'),
 IPv4Network('10.71.0.0/16'),
 IPv4Network('10.72.0.0/16'),
 IPv4Network('10.73.0.0/16'),
 IPv4Network('10.74.0.0/16'),
 IPv4Network('10.75.0.0/16'),
 IPv4Network('10.76.0.0/16'),
 IPv4Network('10.77.0.0/16'),
 IPv4Network('10.78.0.0/16'),
 IPv4Network('10.79.0.0/16'),
 IPv4Network('10.80.0.0/16'),
 IPv4Network('10.81.0.0/16'),
 IPv4Network('10.82.0.0/16'),
 IPv4Network('10.83.0.0/16'),
 IPv4Network('10.84.0.0/16'),
 IPv4Network('10.85.0.0/16'),
 IPv4Network('10.86.0.0/16'),
 IPv4Network('10.87.0.0/16'),
 IPv4Network('10.88.0.0/16'),
 IPv4Network('10.89.0.0/16'),
 IPv4Network('10.90.0.0/16'),
 IPv4Network('10.91.0.0/16'),
 IPv4Network('10.92.0.0/16'),
 IPv4Network('10.93.0.0/16'),
 IPv4Network('10.94.0.0/16'),
 IPv4Network('10.95.0.0/16'),
 IPv4Network('10.96.0.0/16'),
 IPv4Network('10.97.0.0/16'),
 IPv4Network('10.98.0.0/16'),
 IPv4Network('10.99.0.0/16'),
 IPv4Network('10.100.0.0/16'),
 IPv4Network('10.101.0.0/16'),
 IPv4Network('10.102.0.0/16'),
 IPv4Network('10.103.0.0/16'),
 IPv4Network('10.104.0.0/16'),
 IPv4Network('10.105.0.0/16'),
 IPv4Network('10.106.0.0/16'),
 IPv4Network('10.107.0.0/16'),
 IPv4Network('10.108.0.0/16'),
 IPv4Network('10.109.0.0/16'),
 IPv4Network('10.110.0.0/16'),
 IPv4Network('10.111.0.0/16'),
 IPv4Network('10.112.0.0/16'),
 IPv4Network('10.113.0.0/16'),
 IPv4Network('10.114.0.0/16'),
 IPv4Network('10.115.0.0/16'),
 IPv4Network('10.116.0.0/16'),
 IPv4Network('10.117.0.0/16'),
 IPv4Network('10.118.0.0/16'),
 IPv4Network('10.119.0.0/16'),
 IPv4Network('10.120.0.0/16'),
 IPv4Network('10.121.0.0/16'),
 IPv4Network('10.122.0.0/16'),
 IPv4Network('10.123.0.0/16'),
 IPv4Network('10.124.0.0/16'),
 IPv4Network('10.125.0.0/16'),
 IPv4Network('10.126.0.0/16'),
 IPv4Network('10.127.0.0/16'),
 IPv4Network('10.128.0.0/16'),
 IPv4Network('10.129.0.0/16'),
 IPv4Network('10.130.0.0/16'),
 IPv4Network('10.131.0.0/16'),
 IPv4Network('10.132.0.0/16'),
 IPv4Network('10.133.0.0/16'),
 IPv4Network('10.134.0.0/16'),
 IPv4Network('10.135.0.0/16'),
 IPv4Network('10.136.0.0/16'),
 IPv4Network('10.137.0.0/16'),
 IPv4Network('10.138.0.0/16'),
 IPv4Network('10.139.0.0/16'),
 IPv4Network('10.140.0.0/16'),
 IPv4Network('10.141.0.0/16'),
 IPv4Network('10.142.0.0/16'),
 IPv4Network('10.143.0.0/16'),
 IPv4Network('10.144.0.0/16'),
 IPv4Network('10.145.0.0/16'),
 IPv4Network('10.146.0.0/16'),
 IPv4Network('10.147.0.0/16'),
 IPv4Network('10.148.0.0/16'),
 IPv4Network('10.149.0.0/16'),
 IPv4Network('10.150.0.0/16'),
 IPv4Network('10.151.0.0/16'),
 IPv4Network('10.152.0.0/16'),
 IPv4Network('10.153.0.0/16'),
 IPv4Network('10.154.0.0/16'),
 IPv4Network('10.155.0.0/16'),
 IPv4Network('10.156.0.0/16'),
 IPv4Network('10.157.0.0/16'),
 IPv4Network('10.158.0.0/16'),
 IPv4Network('10.159.0.0/16'),
 IPv4Network('10.160.0.0/16'),
 IPv4Network('10.161.0.0/16'),
 IPv4Network('10.162.0.0/16'),
 IPv4Network('10.163.0.0/16'),
 IPv4Network('10.164.0.0/16'),
 IPv4Network('10.165.0.0/16'),
 IPv4Network('10.166.0.0/16'),
 IPv4Network('10.167.0.0/16'),
 IPv4Network('10.168.0.0/16'),
 IPv4Network('10.169.0.0/16'),
 IPv4Network('10.170.0.0/16'),
 IPv4Network('10.171.0.0/16'),
 IPv4Network('10.172.0.0/16'),
 IPv4Network('10.173.0.0/16'),
 IPv4Network('10.174.0.0/16'),
 IPv4Network('10.175.0.0/16'),
 IPv4Network('10.176.0.0/16'),
 IPv4Network('10.177.0.0/16'),
 IPv4Network('10.178.0.0/16'),
 IPv4Network('10.179.0.0/16')]
[IPv4Network('10.0.0.0/8'),
 IPv4Network('129.79.0.0/16'),
 IPv4Network('134.68.0.0/16'),
 IPv4Network('140.182.0.0/16'),
 IPv4Network('149.159.0.0/16'),
 IPv4Network('149.160.0.0/14'),
 IPv4Network('156.56.0.0/16'),
 IPv4Network('172.16.0.0/12'),
 IPv4Network('192.168.0.0/24'),
 IPv6Network('::/128'),
 IPv4Network('10.0.0.0/16'),
 IPv4Network('10.1.0.0/16'),
 IPv4Network('10.2.0.0/16'),
 IPv4Network('10.3.0.0/16'),
 IPv4Network('10.4.0.0/16'),
 IPv4Network('10.5.0.0/16'),
 IPv4Network('10.6.0.0/16'),
 IPv4Network('10.7.0.0/16'),
 IPv4Network('10.8.0.0/16'),
 IPv4Network('10.9.0.0/16'),
 IPv4Network('10.10.0.0/16'),
 IPv4Network('10.11.0.0/16'),
 IPv4Network('10.12.0.0/16'),
 IPv4Network('10.13.0.0/16'),
 IPv4Network('10.14.0.0/16'),
 IPv4Network('10.15.0.0/16'),
 IPv4Network('10.16.0.0/16'),
 IPv4Network('10.17.0.0/16'),
 IPv4Network('10.18.0.0/16'),
 IPv4Network('10.19.0.0/16'),
 IPv4Network('10.20.0.0/16'),
 IPv4Network('10.21.0.0/16'),
 IPv4Network('10.22.0.0/16'),
 IPv4Network('10.23.0.0/16'),
 IPv4Network('10.24.0.0/16'),
 IPv4Network('10.25.0.0/16'),
 IPv4Network('10.26.0.0/16'),
 IPv4Network('10.27.0.0/16'),
 IPv4Network('10.28.0.0/16'),
 IPv4Network('10.29.0.0/16'),
 IPv4Network('10.30.0.0/16'),
 IPv4Network('10.31.0.0/16'),
 IPv4Network('10.32.0.0/16'),
 IPv4Network('10.33.0.0/16'),
 IPv4Network('10.34.0.0/16'),
 IPv4Network('10.35.0.0/16'),
 IPv4Network('10.36.0.0/16'),
 IPv4Network('10.37.0.0/16'),
 IPv4Network('10.38.0.0/16'),
 IPv4Network('10.39.0.0/16'),
 IPv4Network('10.40.0.0/16'),
 IPv4Network('10.41.0.0/16'),
 IPv4Network('10.42.0.0/16'),
 IPv4Network('10.43.0.0/16'),
 IPv4Network('10.44.0.0/16'),
 IPv4Network('10.45.0.0/16'),
 IPv4Network('10.46.0.0/16'),
 IPv4Network('10.47.0.0/16'),
 IPv4Network('10.48.0.0/16'),
 IPv4Network('10.49.0.0/16'),
 IPv4Network('10.50.0.0/16'),
 IPv4Network('10.51.0.0/16'),
 IPv4Network('10.52.0.0/16'),
 IPv4Network('10.53.0.0/16'),
 IPv4Network('10.54.0.0/16'),
 IPv4Network('10.55.0.0/16'),
 IPv4Network('10.56.0.0/16'),
 IPv4Network('10.57.0.0/16'),
 IPv4Network('10.58.0.0/16'),
 IPv4Network('10.59.0.0/16'),
 IPv4Network('10.60.0.0/16'),
 IPv4Network('10.61.0.0/16'),
 IPv4Network('10.62.0.0/16'),
 IPv4Network('10.63.0.0/16'),
 IPv4Network('10.64.0.0/16'),
 IPv4Network('10.65.0.0/16'),
 IPv4Network('10.66.0.0/16'),
 IPv4Network('10.67.0.0/16'),
 IPv4Network('10.68.0.0/16'),
 IPv4Network('10.69.0.0/16'),
 IPv4Network('10.70.0.0/16'),
 IPv4Network('10.71.0.0/16'),
 IPv4Network('10.72.0.0/16'),
 IPv4Network('10.73.0.0/16'),
 IPv4Network('10.74.0.0/16'),
 IPv4Network('10.75.0.0/16'),
 IPv4Network('10.76.0.0/16'),
 IPv4Network('10.77.0.0/16'),
 IPv4Network('10.78.0.0/16'),
 IPv4Network('10.79.0.0/16'),
 IPv4Network('10.80.0.0/16'),
 IPv4Network('10.81.0.0/16'),
 IPv4Network('10.82.0.0/16'),
 IPv4Network('10.83.0.0/16'),
 IPv4Network('10.84.0.0/16'),
 IPv4Network('10.85.0.0/16'),
 IPv4Network('10.86.0.0/16'),
 IPv4Network('10.87.0.0/16'),
 IPv4Network('10.88.0.0/16'),
 IPv4Network('10.89.0.0/16'),
 IPv4Network('10.90.0.0/16'),
 IPv4Network('10.91.0.0/16'),
 IPv4Network('10.92.0.0/16'),
 IPv4Network('10.93.0.0/16'),
 IPv4Network('10.94.0.0/16'),
 IPv4Network('10.95.0.0/16'),
 IPv4Network('10.96.0.0/16'),
 IPv4Network('10.97.0.0/16'),
 IPv4Network('10.98.0.0/16'),
 IPv4Network('10.99.0.0/16'),
 IPv4Network('10.100.0.0/16'),
 IPv4Network('10.101.0.0/16'),
 IPv4Network('10.102.0.0/16'),
 IPv4Network('10.103.0.0/16'),
 IPv4Network('10.104.0.0/16'),
 IPv4Network('10.105.0.0/16'),
 IPv4Network('10.106.0.0/16'),
 IPv4Network('10.107.0.0/16'),
 IPv4Network('10.108.0.0/16'),
 IPv4Network('10.109.0.0/16'),
 IPv4Network('10.110.0.0/16'),
 IPv4Network('10.111.0.0/16'),
 IPv4Network('10.112.0.0/16'),
 IPv4Network('10.113.0.0/16'),
 IPv4Network('10.114.0.0/16'),
 IPv4Network('10.115.0.0/16'),
 IPv4Network('10.116.0.0/16'),
 IPv4Network('10.117.0.0/16'),
 IPv4Network('10.118.0.0/16'),
 IPv4Network('10.119.0.0/16'),
 IPv4Network('10.120.0.0/16'),
 IPv4Network('10.121.0.0/16'),
 IPv4Network('10.122.0.0/16'),
 IPv4Network('10.123.0.0/16'),
 IPv4Network('10.124.0.0/16'),
 IPv4Network('10.125.0.0/16'),
 IPv4Network('10.126.0.0/16'),
 IPv4Network('10.127.0.0/16'),
 IPv4Network('10.128.0.0/16'),
 IPv4Network('10.129.0.0/16'),
 IPv4Network('10.130.0.0/16'),
 IPv4Network('10.131.0.0/16'),
 IPv4Network('10.132.0.0/16'),
 IPv4Network('10.133.0.0/16'),
 IPv4Network('10.134.0.0/16'),
 IPv4Network('10.135.0.0/16'),
 IPv4Network('10.136.0.0/16'),
 IPv4Network('10.137.0.0/16'),
 IPv4Network('10.138.0.0/16'),
 IPv4Network('10.139.0.0/16'),
 IPv4Network('10.140.0.0/16'),
 IPv4Network('10.141.0.0/16'),
 IPv4Network('10.142.0.0/16'),
 IPv4Network('10.143.0.0/16'),
 IPv4Network('10.144.0.0/16'),
 IPv4Network('10.145.0.0/16'),
 IPv4Network('10.146.0.0/16'),
 IPv4Network('10.147.0.0/16'),
 IPv4Network('10.148.0.0/16'),
 IPv4Network('10.149.0.0/16'),
 IPv4Network('10.150.0.0/16'),
 IPv4Network('10.151.0.0/16'),
 IPv4Network('10.152.0.0/16'),
 IPv4Network('10.153.0.0/16'),
 IPv4Network('10.154.0.0/16'),
 IPv4Network('10.155.0.0/16'),
 IPv4Network('10.156.0.0/16'),
 IPv4Network('10.157.0.0/16'),
 IPv4Network('10.158.0.0/16'),
 IPv4Network('10.159.0.0/16'),
 IPv4Network('10.160.0.0/16'),
 IPv4Network('10.161.0.0/16'),
 IPv4Network('10.162.0.0/16'),
 IPv4Network('10.163.0.0/16'),
 IPv4Network('10.164.0.0/16'),
 IPv4Network('10.165.0.0/16'),
 IPv4Network('10.166.0.0/16'),
 IPv4Network('10.167.0.0/16'),
 IPv4Network('10.168.0.0/16'),
 IPv4Network('10.169.0.0/16'),
 IPv4Network('10.170.0.0/16'),
 IPv4Network('10.171.0.0/16'),
 IPv4Network('10.172.0.0/16'),
 IPv4Network('10.173.0.0/16'),
 IPv4Network('10.174.0.0/16'),
 IPv4Network('10.175.0.0/16'),
 IPv4Network('10.176.0.0/16'),
 IPv4Network('10.177.0.0/16'),
 IPv4Network('10.178.0.0/16'),
 IPv4Network('10.179.0.0/16')]
[IPv4Network('10.0.0.0/8'),
 IPv4Network('129.79.0.0/16'),
 IPv4Network('134.68.0.0/16'),
 IPv4Network('140.182.0.0/16'),
 IPv4Network('149.159.0.0/16'),
 IPv4Network('149.160.0.0/14'),
 IPv4Network('156.56.0.0/16'),
 IPv4Network('172.16.0.0/12'),
 IPv4Network('192.168.0.0/24'),
 IPv6Network('::/128'),
 IPv4Network('10.0.0.0/16'),
 IPv4Network('10.1.0.0/16'),
 IPv4Network('10.2.0.0/16'),
 IPv4Network('10.3.0.0/16'),
 IPv4Network('10.4.0.0/16'),
 IPv4Network('10.5.0.0/16'),
 IPv4Network('10.6.0.0/16'),
 IPv4Network('10.7.0.0/16'),
 IPv4Network('10.8.0.0/16'),
 IPv4Network('10.9.0.0/16'),
 IPv4Network('10.10.0.0/16'),
 IPv4Network('10.11.0.0/16'),
 IPv4Network('10.12.0.0/16'),
 IPv4Network('10.13.0.0/16'),
 IPv4Network('10.14.0.0/16'),
 IPv4Network('10.15.0.0/16'),
 IPv4Network('10.16.0.0/16'),
 IPv4Network('10.17.0.0/16'),
 IPv4Network('10.18.0.0/16'),
 IPv4Network('10.19.0.0/16'),
 IPv4Network('10.20.0.0/16'),
 IPv4Network('10.21.0.0/16'),
 IPv4Network('10.22.0.0/16'),
 IPv4Network('10.23.0.0/16'),
 IPv4Network('10.24.0.0/16'),
 IPv4Network('10.25.0.0/16'),
 IPv4Network('10.26.0.0/16'),
 IPv4Network('10.27.0.0/16'),
 IPv4Network('10.28.0.0/16'),
 IPv4Network('10.29.0.0/16'),
 IPv4Network('10.30.0.0/16'),
 IPv4Network('10.31.0.0/16'),
 IPv4Network('10.32.0.0/16'),
 IPv4Network('10.33.0.0/16'),
 IPv4Network('10.34.0.0/16'),
 IPv4Network('10.35.0.0/16'),
 IPv4Network('10.36.0.0/16'),
 IPv4Network('10.37.0.0/16'),
 IPv4Network('10.38.0.0/16'),
 IPv4Network('10.39.0.0/16'),
 IPv4Network('10.40.0.0/16'),
 IPv4Network('10.41.0.0/16'),
 IPv4Network('10.42.0.0/16'),
 IPv4Network('10.43.0.0/16'),
 IPv4Network('10.44.0.0/16'),
 IPv4Network('10.45.0.0/16'),
 IPv4Network('10.46.0.0/16'),
 IPv4Network('10.47.0.0/16'),
 IPv4Network('10.48.0.0/16'),
 IPv4Network('10.49.0.0/16'),
 IPv4Network('10.50.0.0/16'),
 IPv4Network('10.51.0.0/16'),
 IPv4Network('10.52.0.0/16'),
 IPv4Network('10.53.0.0/16'),
 IPv4Network('10.54.0.0/16'),
 IPv4Network('10.55.0.0/16'),
 IPv4Network('10.56.0.0/16'),
 IPv4Network('10.57.0.0/16'),
 IPv4Network('10.58.0.0/16'),
 IPv4Network('10.59.0.0/16'),
 IPv4Network('10.60.0.0/16'),
 IPv4Network('10.61.0.0/16'),
 IPv4Network('10.62.0.0/16'),
 IPv4Network('10.63.0.0/16'),
 IPv4Network('10.64.0.0/16'),
 IPv4Network('10.65.0.0/16'),
 IPv4Network('10.66.0.0/16'),
 IPv4Network('10.67.0.0/16'),
 IPv4Network('10.68.0.0/16'),
 IPv4Network('10.69.0.0/16'),
 IPv4Network('10.70.0.0/16'),
 IPv4Network('10.71.0.0/16'),
 IPv4Network('10.72.0.0/16'),
 IPv4Network('10.73.0.0/16'),
 IPv4Network('10.74.0.0/16'),
 IPv4Network('10.75.0.0/16'),
 IPv4Network('10.76.0.0/16'),
 IPv4Network('10.77.0.0/16'),
 IPv4Network('10.78.0.0/16'),
 IPv4Network('10.79.0.0/16'),
 IPv4Network('10.80.0.0/16'),
 IPv4Network('10.81.0.0/16'),
 IPv4Network('10.82.0.0/16'),
 IPv4Network('10.83.0.0/16'),
 IPv4Network('10.84.0.0/16'),
 IPv4Network('10.85.0.0/16'),
 IPv4Network('10.86.0.0/16'),
 IPv4Network('10.87.0.0/16'),
 IPv4Network('10.88.0.0/16'),
 IPv4Network('10.89.0.0/16'),
 IPv4Network('10.90.0.0/16'),
 IPv4Network('10.91.0.0/16'),
 IPv4Network('10.92.0.0/16'),
 IPv4Network('10.93.0.0/16'),
 IPv4Network('10.94.0.0/16'),
 IPv4Network('10.95.0.0/16'),
 IPv4Network('10.96.0.0/16'),
 IPv4Network('10.97.0.0/16'),
 IPv4Network('10.98.0.0/16'),
 IPv4Network('10.99.0.0/16'),
 IPv4Network('10.100.0.0/16'),
 IPv4Network('10.101.0.0/16'),
 IPv4Network('10.102.0.0/16'),
 IPv4Network('10.103.0.0/16'),
 IPv4Network('10.104.0.0/16'),
 IPv4Network('10.105.0.0/16'),
 IPv4Network('10.106.0.0/16'),
 IPv4Network('10.107.0.0/16'),
 IPv4Network('10.108.0.0/16'),
 IPv4Network('10.109.0.0/16'),
 IPv4Network('10.110.0.0/16'),
 IPv4Network('10.111.0.0/16'),
 IPv4Network('10.112.0.0/16'),
 IPv4Network('10.113.0.0/16'),
 IPv4Network('10.114.0.0/16'),
 IPv4Network('10.115.0.0/16'),
 IPv4Network('10.116.0.0/16'),
 IPv4Network('10.117.0.0/16'),
 IPv4Network('10.118.0.0/16'),
 IPv4Network('10.119.0.0/16'),
 IPv4Network('10.120.0.0/16'),
 IPv4Network('10.121.0.0/16'),
 IPv4Network('10.122.0.0/16'),
 IPv4Network('10.123.0.0/16'),
 IPv4Network('10.124.0.0/16'),
 IPv4Network('10.125.0.0/16'),
 IPv4Network('10.126.0.0/16'),
 IPv4Network('10.127.0.0/16'),
 IPv4Network('10.128.0.0/16'),
 IPv4Network('10.129.0.0/16'),
 IPv4Network('10.130.0.0/16'),
 IPv4Network('10.131.0.0/16'),
 IPv4Network('10.132.0.0/16'),
 IPv4Network('10.133.0.0/16'),
 IPv4Network('10.134.0.0/16'),
 IPv4Network('10.135.0.0/16'),
 IPv4Network('10.136.0.0/16'),
 IPv4Network('10.137.0.0/16'),
 IPv4Network('10.138.0.0/16'),
 IPv4Network('10.139.0.0/16'),
 IPv4Network('10.140.0.0/16'),
 IPv4Network('10.141.0.0/16'),
 IPv4Network('10.142.0.0/16'),
 IPv4Network('10.143.0.0/16'),
 IPv4Network('10.144.0.0/16'),
 IPv4Network('10.145.0.0/16'),
 IPv4Network('10.146.0.0/16'),
 IPv4Network('10.147.0.0/16'),
 IPv4Network('10.148.0.0/16'),
 IPv4Network('10.149.0.0/16'),
 IPv4Network('10.150.0.0/16'),
 IPv4Network('10.151.0.0/16'),
 IPv4Network('10.152.0.0/16'),
 IPv4Network('10.153.0.0/16'),
 IPv4Network('10.154.0.0/16'),
 IPv4Network('10.155.0.0/16'),
 IPv4Network('10.156.0.0/16'),
 IPv4Network('10.157.0.0/16'),
 IPv4Network('10.158.0.0/16'),
 IPv4Network('10.159.0.0/16'),
 IPv4Network('10.160.0.0/16'),
 IPv4Network('10.161.0.0/16'),
 IPv4Network('10.162.0.0/16'),
 IPv4Network('10.163.0.0/16'),
 IPv4Network('10.164.0.0/16'),
 IPv4Network('10.165.0.0/16'),
 IPv4Network('10.166.0.0/16'),
 IPv4Network('10.167.0.0/16'),
 IPv4Network('10.168.0.0/16'),
 IPv4Network('10.169.0.0/16'),
 IPv4Network('10.170.0.0/16'),
 IPv4Network('10.171.0.0/16'),
 IPv4Network('10.172.0.0/16'),
 IPv4Network('10.173.0.0/16'),
 IPv4Network('10.174.0.0/16'),
 IPv4Network('10.175.0.0/16'),
 IPv4Network('10.176.0.0/16'),
 IPv4Network('10.177.0.0/16'),
 IPv4Network('10.178.0.0/16'),
 IPv4Network('10.179.0.0/16'),
 IPv4Network('10.180.0.0/16'),
 IPv4Network('10.181.0.0/16')]
[IPv4Network('10.0.0.0/8'),
 IPv4Network('129.79.0.0/16'),
 IPv4Network('134.68.0.0/16'),
 IPv4Network('140.182.0.0/16'),
 IPv4Network('149.159.0.0/16'),
 IPv4Network('149.160.0.0/14'),
 IPv4Network('156.56.0.0/16'),
 IPv4Network('172.16.0.0/12'),
 IPv4Network('192.168.0.0/24'),
 IPv6Network('::/128'),
 IPv4Network('10.0.0.0/16'),
 IPv4Network('10.1.0.0/16'),
 IPv4Network('10.2.0.0/16'),
 IPv4Network('10.3.0.0/16'),
 IPv4Network('10.4.0.0/16'),
 IPv4Network('10.5.0.0/16'),
 IPv4Network('10.6.0.0/16'),
 IPv4Network('10.7.0.0/16'),
 IPv4Network('10.8.0.0/16'),
 IPv4Network('10.9.0.0/16'),
 IPv4Network('10.10.0.0/16'),
 IPv4Network('10.11.0.0/16'),
 IPv4Network('10.12.0.0/16'),
 IPv4Network('10.13.0.0/16'),
 IPv4Network('10.14.0.0/16'),
 IPv4Network('10.15.0.0/16'),
 IPv4Network('10.16.0.0/16'),
 IPv4Network('10.17.0.0/16'),
 IPv4Network('10.18.0.0/16'),
 IPv4Network('10.19.0.0/16'),
 IPv4Network('10.20.0.0/16'),
 IPv4Network('10.21.0.0/16'),
 IPv4Network('10.22.0.0/16'),
 IPv4Network('10.23.0.0/16'),
 IPv4Network('10.24.0.0/16'),
 IPv4Network('10.25.0.0/16'),
 IPv4Network('10.26.0.0/16'),
 IPv4Network('10.27.0.0/16'),
 IPv4Network('10.28.0.0/16'),
 IPv4Network('10.29.0.0/16'),
 IPv4Network('10.30.0.0/16'),
 IPv4Network('10.31.0.0/16'),
 IPv4Network('10.32.0.0/16'),
 IPv4Network('10.33.0.0/16'),
 IPv4Network('10.34.0.0/16'),
 IPv4Network('10.35.0.0/16'),
 IPv4Network('10.36.0.0/16'),
 IPv4Network('10.37.0.0/16'),
 IPv4Network('10.38.0.0/16'),
 IPv4Network('10.39.0.0/16'),
 IPv4Network('10.40.0.0/16'),
 IPv4Network('10.41.0.0/16'),
 IPv4Network('10.42.0.0/16'),
 IPv4Network('10.43.0.0/16'),
 IPv4Network('10.44.0.0/16'),
 IPv4Network('10.45.0.0/16'),
 IPv4Network('10.46.0.0/16'),
 IPv4Network('10.47.0.0/16'),
 IPv4Network('10.48.0.0/16'),
 IPv4Network('10.49.0.0/16'),
 IPv4Network('10.50.0.0/16'),
 IPv4Network('10.51.0.0/16'),
 IPv4Network('10.52.0.0/16'),
 IPv4Network('10.53.0.0/16'),
 IPv4Network('10.54.0.0/16'),
 IPv4Network('10.55.0.0/16'),
 IPv4Network('10.56.0.0/16'),
 IPv4Network('10.57.0.0/16'),
 IPv4Network('10.58.0.0/16'),
 IPv4Network('10.59.0.0/16'),
 IPv4Network('10.60.0.0/16'),
 IPv4Network('10.61.0.0/16'),
 IPv4Network('10.62.0.0/16'),
 IPv4Network('10.63.0.0/16'),
 IPv4Network('10.64.0.0/16'),
 IPv4Network('10.65.0.0/16'),
 IPv4Network('10.66.0.0/16'),
 IPv4Network('10.67.0.0/16'),
 IPv4Network('10.68.0.0/16'),
 IPv4Network('10.69.0.0/16'),
 IPv4Network('10.70.0.0/16'),
 IPv4Network('10.71.0.0/16'),
 IPv4Network('10.72.0.0/16'),
 IPv4Network('10.73.0.0/16'),
 IPv4Network('10.74.0.0/16'),
 IPv4Network('10.75.0.0/16'),
 IPv4Network('10.76.0.0/16'),
 IPv4Network('10.77.0.0/16'),
 IPv4Network('10.78.0.0/16'),
 IPv4Network('10.79.0.0/16'),
 IPv4Network('10.80.0.0/16'),
 IPv4Network('10.81.0.0/16'),
 IPv4Network('10.82.0.0/16'),
 IPv4Network('10.83.0.0/16'),
 IPv4Network('10.84.0.0/16'),
 IPv4Network('10.85.0.0/16'),
 IPv4Network('10.86.0.0/16'),
 IPv4Network('10.87.0.0/16'),
 IPv4Network('10.88.0.0/16'),
 IPv4Network('10.89.0.0/16'),
 IPv4Network('10.90.0.0/16'),
 IPv4Network('10.91.0.0/16'),
 IPv4Network('10.92.0.0/16'),
 IPv4Network('10.93.0.0/16'),
 IPv4Network('10.94.0.0/16'),
 IPv4Network('10.95.0.0/16'),
 IPv4Network('10.96.0.0/16'),
 IPv4Network('10.97.0.0/16'),
 IPv4Network('10.98.0.0/16'),
 IPv4Network('10.99.0.0/16'),
 IPv4Network('10.100.0.0/16'),
 IPv4Network('10.101.0.0/16'),
 IPv4Network('10.102.0.0/16'),
 IPv4Network('10.103.0.0/16'),
 IPv4Network('10.104.0.0/16'),
 IPv4Network('10.105.0.0/16'),
 IPv4Network('10.106.0.0/16'),
 IPv4Network('10.107.0.0/16'),
 IPv4Network('10.108.0.0/16'),
 IPv4Network('10.109.0.0/16'),
 IPv4Network('10.110.0.0/16'),
 IPv4Network('10.111.0.0/16'),
 IPv4Network('10.112.0.0/16'),
 IPv4Network('10.113.0.0/16'),
 IPv4Network('10.114.0.0/16'),
 IPv4Network('10.115.0.0/16'),
 IPv4Network('10.116.0.0/16'),
 IPv4Network('10.117.0.0/16'),
 IPv4Network('10.118.0.0/16'),
 IPv4Network('10.119.0.0/16'),
 IPv4Network('10.120.0.0/16'),
 IPv4Network('10.121.0.0/16'),
 IPv4Network('10.122.0.0/16'),
 IPv4Network('10.123.0.0/16'),
 IPv4Network('10.124.0.0/16'),
 IPv4Network('10.125.0.0/16'),
 IPv4Network('10.126.0.0/16'),
 IPv4Network('10.127.0.0/16'),
 IPv4Network('10.128.0.0/16'),
 IPv4Network('10.129.0.0/16'),
 IPv4Network('10.130.0.0/16'),
 IPv4Network('10.131.0.0/16'),
 IPv4Network('10.132.0.0/16'),
 IPv4Network('10.133.0.0/16'),
 IPv4Network('10.134.0.0/16'),
 IPv4Network('10.135.0.0/16'),
 IPv4Network('10.136.0.0/16'),
 IPv4Network('10.137.0.0/16'),
 IPv4Network('10.138.0.0/16'),
 IPv4Network('10.139.0.0/16'),
 IPv4Network('10.140.0.0/16'),
 IPv4Network('10.141.0.0/16'),
 IPv4Network('10.142.0.0/16'),
 IPv4Network('10.143.0.0/16'),
 IPv4Network('10.144.0.0/16'),
 IPv4Network('10.145.0.0/16'),
 IPv4Network('10.146.0.0/16'),
 IPv4Network('10.147.0.0/16'),
 IPv4Network('10.148.0.0/16'),
 IPv4Network('10.149.0.0/16'),
 IPv4Network('10.150.0.0/16'),
 IPv4Network('10.151.0.0/16'),
 IPv4Network('10.152.0.0/16'),
 IPv4Network('10.153.0.0/16'),
 IPv4Network('10.154.0.0/16'),
 IPv4Network('10.155.0.0/16'),
 IPv4Network('10.156.0.0/16'),
 IPv4Network('10.157.0.0/16'),
 IPv4Network('10.158.0.0/16'),
 IPv4Network('10.159.0.0/16'),
 IPv4Network('10.160.0.0/16'),
 IPv4Network('10.161.0.0/16'),
 IPv4Network('10.162.0.0/16'),
 IPv4Network('10.163.0.0/16'),
 IPv4Network('10.164.0.0/16'),
 IPv4Network('10.165.0.0/16'),
 IPv4Network('10.166.0.0/16'),
 IPv4Network('10.167.0.0/16'),
 IPv4Network('10.168.0.0/16'),
 IPv4Network('10.169.0.0/16'),
 IPv4Network('10.170.0.0/16'),
 IPv4Network('10.171.0.0/16'),
 IPv4Network('10.172.0.0/16'),
 IPv4Network('10.173.0.0/16'),
 IPv4Network('10.174.0.0/16'),
 IPv4Network('10.175.0.0/16'),
 IPv4Network('10.176.0.0/16'),
 IPv4Network('10.177.0.0/16'),
 IPv4Network('10.178.0.0/16'),
 IPv4Network('10.179.0.0/16'),
 IPv4Network('10.180.0.0/16'),
 IPv4Network('10.181.0.0/16'),
 IPv4Network('10.182.0.0/16'),
 IPv4Network('10.183.0.0/16')]
[IPv4Network('10.0.0.0/8'),
 IPv4Network('129.79.0.0/16'),
 IPv4Network('134.68.0.0/16'),
 IPv4Network('140.182.0.0/16'),
 IPv4Network('149.159.0.0/16'),
 IPv4Network('149.160.0.0/14'),
 IPv4Network('156.56.0.0/16'),
 IPv4Network('172.16.0.0/12'),
 IPv4Network('192.168.0.0/24'),
 IPv6Network('::/128'),
 IPv4Network('10.0.0.0/16'),
 IPv4Network('10.1.0.0/16'),
 IPv4Network('10.2.0.0/16'),
 IPv4Network('10.3.0.0/16'),
 IPv4Network('10.4.0.0/16'),
 IPv4Network('10.5.0.0/16'),
 IPv4Network('10.6.0.0/16'),
 IPv4Network('10.7.0.0/16'),
 IPv4Network('10.8.0.0/16'),
 IPv4Network('10.9.0.0/16'),
 IPv4Network('10.10.0.0/16'),
 IPv4Network('10.11.0.0/16'),
 IPv4Network('10.12.0.0/16'),
 IPv4Network('10.13.0.0/16'),
 IPv4Network('10.14.0.0/16'),
 IPv4Network('10.15.0.0/16'),
 IPv4Network('10.16.0.0/16'),
 IPv4Network('10.17.0.0/16'),
 IPv4Network('10.18.0.0/16'),
 IPv4Network('10.19.0.0/16'),
 IPv4Network('10.20.0.0/16'),
 IPv4Network('10.21.0.0/16'),
 IPv4Network('10.22.0.0/16'),
 IPv4Network('10.23.0.0/16'),
 IPv4Network('10.24.0.0/16'),
 IPv4Network('10.25.0.0/16'),
 IPv4Network('10.26.0.0/16'),
 IPv4Network('10.27.0.0/16'),
 IPv4Network('10.28.0.0/16'),
 IPv4Network('10.29.0.0/16'),
 IPv4Network('10.30.0.0/16'),
 IPv4Network('10.31.0.0/16'),
 IPv4Network('10.32.0.0/16'),
 IPv4Network('10.33.0.0/16'),
 IPv4Network('10.34.0.0/16'),
 IPv4Network('10.35.0.0/16'),
 IPv4Network('10.36.0.0/16'),
 IPv4Network('10.37.0.0/16'),
 IPv4Network('10.38.0.0/16'),
 IPv4Network('10.39.0.0/16'),
 IPv4Network('10.40.0.0/16'),
 IPv4Network('10.41.0.0/16'),
 IPv4Network('10.42.0.0/16'),
 IPv4Network('10.43.0.0/16'),
 IPv4Network('10.44.0.0/16'),
 IPv4Network('10.45.0.0/16'),
 IPv4Network('10.46.0.0/16'),
 IPv4Network('10.47.0.0/16'),
 IPv4Network('10.48.0.0/16'),
 IPv4Network('10.49.0.0/16'),
 IPv4Network('10.50.0.0/16'),
 IPv4Network('10.51.0.0/16'),
 IPv4Network('10.52.0.0/16'),
 IPv4Network('10.53.0.0/16'),
 IPv4Network('10.54.0.0/16'),
 IPv4Network('10.55.0.0/16'),
 IPv4Network('10.56.0.0/16'),
 IPv4Network('10.57.0.0/16'),
 IPv4Network('10.58.0.0/16'),
 IPv4Network('10.59.0.0/16'),
 IPv4Network('10.60.0.0/16'),
 IPv4Network('10.61.0.0/16'),
 IPv4Network('10.62.0.0/16'),
 IPv4Network('10.63.0.0/16'),
 IPv4Network('10.64.0.0/16'),
 IPv4Network('10.65.0.0/16'),
 IPv4Network('10.66.0.0/16'),
 IPv4Network('10.67.0.0/16'),
 IPv4Network('10.68.0.0/16'),
 IPv4Network('10.69.0.0/16'),
 IPv4Network('10.70.0.0/16'),
 IPv4Network('10.71.0.0/16'),
 IPv4Network('10.72.0.0/16'),
 IPv4Network('10.73.0.0/16'),
 IPv4Network('10.74.0.0/16'),
 IPv4Network('10.75.0.0/16'),
 IPv4Network('10.76.0.0/16'),
 IPv4Network('10.77.0.0/16'),
 IPv4Network('10.78.0.0/16'),
 IPv4Network('10.79.0.0/16'),
 IPv4Network('10.80.0.0/16'),
 IPv4Network('10.81.0.0/16'),
 IPv4Network('10.82.0.0/16'),
 IPv4Network('10.83.0.0/16'),
 IPv4Network('10.84.0.0/16'),
 IPv4Network('10.85.0.0/16'),
 IPv4Network('10.86.0.0/16'),
 IPv4Network('10.87.0.0/16'),
 IPv4Network('10.88.0.0/16'),
 IPv4Network('10.89.0.0/16'),
 IPv4Network('10.90.0.0/16'),
 IPv4Network('10.91.0.0/16'),
 IPv4Network('10.92.0.0/16'),
 IPv4Network('10.93.0.0/16'),
 IPv4Network('10.94.0.0/16'),
 IPv4Network('10.95.0.0/16'),
 IPv4Network('10.96.0.0/16'),
 IPv4Network('10.97.0.0/16'),
 IPv4Network('10.98.0.0/16'),
 IPv4Network('10.99.0.0/16'),
 IPv4Network('10.100.0.0/16'),
 IPv4Network('10.101.0.0/16'),
 IPv4Network('10.102.0.0/16'),
 IPv4Network('10.103.0.0/16'),
 IPv4Network('10.104.0.0/16'),
 IPv4Network('10.105.0.0/16'),
 IPv4Network('10.106.0.0/16'),
 IPv4Network('10.107.0.0/16'),
 IPv4Network('10.108.0.0/16'),
 IPv4Network('10.109.0.0/16'),
 IPv4Network('10.110.0.0/16'),
 IPv4Network('10.111.0.0/16'),
 IPv4Network('10.112.0.0/16'),
 IPv4Network('10.113.0.0/16'),
 IPv4Network('10.114.0.0/16'),
 IPv4Network('10.115.0.0/16'),
 IPv4Network('10.116.0.0/16'),
 IPv4Network('10.117.0.0/16'),
 IPv4Network('10.118.0.0/16'),
 IPv4Network('10.119.0.0/16'),
 IPv4Network('10.120.0.0/16'),
 IPv4Network('10.121.0.0/16'),
 IPv4Network('10.122.0.0/16'),
 IPv4Network('10.123.0.0/16'),
 IPv4Network('10.124.0.0/16'),
 IPv4Network('10.125.0.0/16'),
 IPv4Network('10.126.0.0/16'),
 IPv4Network('10.127.0.0/16'),
 IPv4Network('10.128.0.0/16'),
 IPv4Network('10.129.0.0/16'),
 IPv4Network('10.130.0.0/16'),
 IPv4Network('10.131.0.0/16'),
 IPv4Network('10.132.0.0/16'),
 IPv4Network('10.133.0.0/16'),
 IPv4Network('10.134.0.0/16'),
 IPv4Network('10.135.0.0/16'),
 IPv4Network('10.136.0.0/16'),
 IPv4Network('10.137.0.0/16'),
 IPv4Network('10.138.0.0/16'),
 IPv4Network('10.139.0.0/16'),
 IPv4Network('10.140.0.0/16'),
 IPv4Network('10.141.0.0/16'),
 IPv4Network('10.142.0.0/16'),
 IPv4Network('10.143.0.0/16'),
 IPv4Network('10.144.0.0/16'),
 IPv4Network('10.145.0.0/16'),
 IPv4Network('10.146.0.0/16'),
 IPv4Network('10.147.0.0/16'),
 IPv4Network('10.148.0.0/16'),
 IPv4Network('10.149.0.0/16'),
 IPv4Network('10.150.0.0/16'),
 IPv4Network('10.151.0.0/16'),
 IPv4Network('10.152.0.0/16'),
 IPv4Network('10.153.0.0/16'),
 IPv4Network('10.154.0.0/16'),
 IPv4Network('10.155.0.0/16'),
 IPv4Network('10.156.0.0/16'),
 IPv4Network('10.157.0.0/16'),
 IPv4Network('10.158.0.0/16'),
 IPv4Network('10.159.0.0/16'),
 IPv4Network('10.160.0.0/16'),
 IPv4Network('10.161.0.0/16'),
 IPv4Network('10.162.0.0/16'),
 IPv4Network('10.163.0.0/16'),
 IPv4Network('10.164.0.0/16'),
 IPv4Network('10.165.0.0/16'),
 IPv4Network('10.166.0.0/16'),
 IPv4Network('10.167.0.0/16'),
 IPv4Network('10.168.0.0/16'),
 IPv4Network('10.169.0.0/16'),
 IPv4Network('10.170.0.0/16'),
 IPv4Network('10.171.0.0/16'),
 IPv4Network('10.172.0.0/16'),
 IPv4Network('10.173.0.0/16'),
 IPv4Network('10.174.0.0/16'),
 IPv4Network('10.175.0.0/16'),
 IPv4Network('10.176.0.0/16'),
 IPv4Network('10.177.0.0/16'),
 IPv4Network('10.178.0.0/16'),
 IPv4Network('10.179.0.0/16'),
 IPv4Network('10.180.0.0/16'),
 IPv4Network('10.181.0.0/16'),
 IPv4Network('10.182.0.0/16'),
 IPv4Network('10.183.0.0/16')]
[IPv4Network('10.0.0.0/8'),
 IPv4Network('129.79.0.0/16'),
 IPv4Network('134.68.0.0/16'),
 IPv4Network('140.182.0.0/16'),
 IPv4Network('149.159.0.0/16'),
 IPv4Network('149.160.0.0/14'),
 IPv4Network('156.56.0.0/16'),
 IPv4Network('172.16.0.0/12'),
 IPv4Network('192.168.0.0/24'),
 IPv6Network('::/128'),
 IPv4Network('10.0.0.0/16'),
 IPv4Network('10.1.0.0/16'),
 IPv4Network('10.2.0.0/16'),
 IPv4Network('10.3.0.0/16'),
 IPv4Network('10.4.0.0/16'),
 IPv4Network('10.5.0.0/16'),
 IPv4Network('10.6.0.0/16'),
 IPv4Network('10.7.0.0/16'),
 IPv4Network('10.8.0.0/16'),
 IPv4Network('10.9.0.0/16'),
 IPv4Network('10.10.0.0/16'),
 IPv4Network('10.11.0.0/16'),
 IPv4Network('10.12.0.0/16'),
 IPv4Network('10.13.0.0/16'),
 IPv4Network('10.14.0.0/16'),
 IPv4Network('10.15.0.0/16'),
 IPv4Network('10.16.0.0/16'),
 IPv4Network('10.17.0.0/16'),
 IPv4Network('10.18.0.0/16'),
 IPv4Network('10.19.0.0/16'),
 IPv4Network('10.20.0.0/16'),
 IPv4Network('10.21.0.0/16'),
 IPv4Network('10.22.0.0/16'),
 IPv4Network('10.23.0.0/16'),
 IPv4Network('10.24.0.0/16'),
 IPv4Network('10.25.0.0/16'),
 IPv4Network('10.26.0.0/16'),
 IPv4Network('10.27.0.0/16'),
 IPv4Network('10.28.0.0/16'),
 IPv4Network('10.29.0.0/16'),
 IPv4Network('10.30.0.0/16'),
 IPv4Network('10.31.0.0/16'),
 IPv4Network('10.32.0.0/16'),
 IPv4Network('10.33.0.0/16'),
 IPv4Network('10.34.0.0/16'),
 IPv4Network('10.35.0.0/16'),
 IPv4Network('10.36.0.0/16'),
 IPv4Network('10.37.0.0/16'),
 IPv4Network('10.38.0.0/16'),
 IPv4Network('10.39.0.0/16'),
 IPv4Network('10.40.0.0/16'),
 IPv4Network('10.41.0.0/16'),
 IPv4Network('10.42.0.0/16'),
 IPv4Network('10.43.0.0/16'),
 IPv4Network('10.44.0.0/16'),
 IPv4Network('10.45.0.0/16'),
 IPv4Network('10.46.0.0/16'),
 IPv4Network('10.47.0.0/16'),
 IPv4Network('10.48.0.0/16'),
 IPv4Network('10.49.0.0/16'),
 IPv4Network('10.50.0.0/16'),
 IPv4Network('10.51.0.0/16'),
 IPv4Network('10.52.0.0/16'),
 IPv4Network('10.53.0.0/16'),
 IPv4Network('10.54.0.0/16'),
 IPv4Network('10.55.0.0/16'),
 IPv4Network('10.56.0.0/16'),
 IPv4Network('10.57.0.0/16'),
 IPv4Network('10.58.0.0/16'),
 IPv4Network('10.59.0.0/16'),
 IPv4Network('10.60.0.0/16'),
 IPv4Network('10.61.0.0/16'),
 IPv4Network('10.62.0.0/16'),
 IPv4Network('10.63.0.0/16'),
 IPv4Network('10.64.0.0/16'),
 IPv4Network('10.65.0.0/16'),
 IPv4Network('10.66.0.0/16'),
 IPv4Network('10.67.0.0/16'),
 IPv4Network('10.68.0.0/16'),
 IPv4Network('10.69.0.0/16'),
 IPv4Network('10.70.0.0/16'),
 IPv4Network('10.71.0.0/16'),
 IPv4Network('10.72.0.0/16'),
 IPv4Network('10.73.0.0/16'),
 IPv4Network('10.74.0.0/16'),
 IPv4Network('10.75.0.0/16'),
 IPv4Network('10.76.0.0/16'),
 IPv4Network('10.77.0.0/16'),
 IPv4Network('10.78.0.0/16'),
 IPv4Network('10.79.0.0/16'),
 IPv4Network('10.80.0.0/16'),
 IPv4Network('10.81.0.0/16'),
 IPv4Network('10.82.0.0/16'),
 IPv4Network('10.83.0.0/16'),
 IPv4Network('10.84.0.0/16'),
 IPv4Network('10.85.0.0/16'),
 IPv4Network('10.86.0.0/16'),
 IPv4Network('10.87.0.0/16'),
 IPv4Network('10.88.0.0/16'),
 IPv4Network('10.89.0.0/16'),
 IPv4Network('10.90.0.0/16'),
 IPv4Network('10.91.0.0/16'),
 IPv4Network('10.92.0.0/16'),
 IPv4Network('10.93.0.0/16'),
 IPv4Network('10.94.0.0/16'),
 IPv4Network('10.95.0.0/16'),
 IPv4Network('10.96.0.0/16'),
 IPv4Network('10.97.0.0/16'),
 IPv4Network('10.98.0.0/16'),
 IPv4Network('10.99.0.0/16'),
 IPv4Network('10.100.0.0/16'),
 IPv4Network('10.101.0.0/16'),
 IPv4Network('10.102.0.0/16'),
 IPv4Network('10.103.0.0/16'),
 IPv4Network('10.104.0.0/16'),
 IPv4Network('10.105.0.0/16'),
 IPv4Network('10.106.0.0/16'),
 IPv4Network('10.107.0.0/16'),
 IPv4Network('10.108.0.0/16'),
 IPv4Network('10.109.0.0/16'),
 IPv4Network('10.110.0.0/16'),
 IPv4Network('10.111.0.0/16'),
 IPv4Network('10.112.0.0/16'),
 IPv4Network('10.113.0.0/16'),
 IPv4Network('10.114.0.0/16'),
 IPv4Network('10.115.0.0/16'),
 IPv4Network('10.116.0.0/16'),
 IPv4Network('10.117.0.0/16'),
 IPv4Network('10.118.0.0/16'),
 IPv4Network('10.119.0.0/16'),
 IPv4Network('10.120.0.0/16'),
 IPv4Network('10.121.0.0/16'),
 IPv4Network('10.122.0.0/16'),
 IPv4Network('10.123.0.0/16'),
 IPv4Network('10.124.0.0/16'),
 IPv4Network('10.125.0.0/16'),
 IPv4Network('10.126.0.0/16'),
 IPv4Network('10.127.0.0/16'),
 IPv4Network('10.128.0.0/16'),
 IPv4Network('10.129.0.0/16'),
 IPv4Network('10.130.0.0/16'),
 IPv4Network('10.131.0.0/16'),
 IPv4Network('10.132.0.0/16'),
 IPv4Network('10.133.0.0/16'),
 IPv4Network('10.134.0.0/16'),
 IPv4Network('10.135.0.0/16'),
 IPv4Network('10.136.0.0/16'),
 IPv4Network('10.137.0.0/16'),
 IPv4Network('10.138.0.0/16'),
 IPv4Network('10.139.0.0/16'),
 IPv4Network('10.140.0.0/16'),
 IPv4Network('10.141.0.0/16'),
 IPv4Network('10.142.0.0/16'),
 IPv4Network('10.143.0.0/16'),
 IPv4Network('10.144.0.0/16'),
 IPv4Network('10.145.0.0/16'),
 IPv4Network('10.146.0.0/16'),
 IPv4Network('10.147.0.0/16'),
 IPv4Network('10.148.0.0/16'),
 IPv4Network('10.149.0.0/16'),
 IPv4Network('10.150.0.0/16'),
 IPv4Network('10.151.0.0/16'),
 IPv4Network('10.152.0.0/16'),
 IPv4Network('10.153.0.0/16'),
 IPv4Network('10.154.0.0/16'),
 IPv4Network('10.155.0.0/16'),
 IPv4Network('10.156.0.0/16'),
 IPv4Network('10.157.0.0/16'),
 IPv4Network('10.158.0.0/16'),
 IPv4Network('10.159.0.0/16'),
 IPv4Network('10.160.0.0/16'),
 IPv4Network('10.161.0.0/16'),
 IPv4Network('10.162.0.0/16'),
 IPv4Network('10.163.0.0/16'),
 IPv4Network('10.164.0.0/16'),
 IPv4Network('10.165.0.0/16'),
 IPv4Network('10.166.0.0/16'),
 IPv4Network('10.167.0.0/16'),
 IPv4Network('10.168.0.0/16'),
 IPv4Network('10.169.0.0/16'),
 IPv4Network('10.170.0.0/16'),
 IPv4Network('10.171.0.0/16'),
 IPv4Network('10.172.0.0/16'),
 IPv4Network('10.173.0.0/16'),
 IPv4Network('10.174.0.0/16'),
 IPv4Network('10.175.0.0/16'),
 IPv4Network('10.176.0.0/16'),
 IPv4Network('10.177.0.0/16'),
 IPv4Network('10.178.0.0/16'),
 IPv4Network('10.179.0.0/16'),
 IPv4Network('10.180.0.0/16'),
 IPv4Network('10.181.0.0/16'),
 IPv4Network('10.182.0.0/16'),
 IPv4Network('10.183.0.0/16')]
[IPv4Network('10.0.0.0/8'),
 IPv4Network('129.79.0.0/16'),
 IPv4Network('134.68.0.0/16'),
 IPv4Network('140.182.0.0/16'),
 IPv4Network('149.159.0.0/16'),
 IPv4Network('149.160.0.0/14'),
 IPv4Network('156.56.0.0/16'),
 IPv4Network('172.16.0.0/12'),
 IPv4Network('192.168.0.0/24'),
 IPv6Network('::/128'),
 IPv4Network('10.0.0.0/16'),
 IPv4Network('10.1.0.0/16'),
 IPv4Network('10.2.0.0/16'),
 IPv4Network('10.3.0.0/16'),
 IPv4Network('10.4.0.0/16'),
 IPv4Network('10.5.0.0/16'),
 IPv4Network('10.6.0.0/16'),
 IPv4Network('10.7.0.0/16'),
 IPv4Network('10.8.0.0/16'),
 IPv4Network('10.9.0.0/16'),
 IPv4Network('10.10.0.0/16'),
 IPv4Network('10.11.0.0/16'),
 IPv4Network('10.12.0.0/16'),
 IPv4Network('10.13.0.0/16'),
 IPv4Network('10.14.0.0/16'),
 IPv4Network('10.15.0.0/16'),
 IPv4Network('10.16.0.0/16'),
 IPv4Network('10.17.0.0/16'),
 IPv4Network('10.18.0.0/16'),
 IPv4Network('10.19.0.0/16'),
 IPv4Network('10.20.0.0/16'),
 IPv4Network('10.21.0.0/16'),
 IPv4Network('10.22.0.0/16'),
 IPv4Network('10.23.0.0/16'),
 IPv4Network('10.24.0.0/16'),
 IPv4Network('10.25.0.0/16'),
 IPv4Network('10.26.0.0/16'),
 IPv4Network('10.27.0.0/16'),
 IPv4Network('10.28.0.0/16'),
 IPv4Network('10.29.0.0/16'),
 IPv4Network('10.30.0.0/16'),
 IPv4Network('10.31.0.0/16'),
 IPv4Network('10.32.0.0/16'),
 IPv4Network('10.33.0.0/16'),
 IPv4Network('10.34.0.0/16'),
 IPv4Network('10.35.0.0/16'),
 IPv4Network('10.36.0.0/16'),
 IPv4Network('10.37.0.0/16'),
 IPv4Network('10.38.0.0/16'),
 IPv4Network('10.39.0.0/16'),
 IPv4Network('10.40.0.0/16'),
 IPv4Network('10.41.0.0/16'),
 IPv4Network('10.42.0.0/16'),
 IPv4Network('10.43.0.0/16'),
 IPv4Network('10.44.0.0/16'),
 IPv4Network('10.45.0.0/16'),
 IPv4Network('10.46.0.0/16'),
 IPv4Network('10.47.0.0/16'),
 IPv4Network('10.48.0.0/16'),
 IPv4Network('10.49.0.0/16'),
 IPv4Network('10.50.0.0/16'),
 IPv4Network('10.51.0.0/16'),
 IPv4Network('10.52.0.0/16'),
 IPv4Network('10.53.0.0/16'),
 IPv4Network('10.54.0.0/16'),
 IPv4Network('10.55.0.0/16'),
 IPv4Network('10.56.0.0/16'),
 IPv4Network('10.57.0.0/16'),
 IPv4Network('10.58.0.0/16'),
 IPv4Network('10.59.0.0/16'),
 IPv4Network('10.60.0.0/16'),
 IPv4Network('10.61.0.0/16'),
 IPv4Network('10.62.0.0/16'),
 IPv4Network('10.63.0.0/16'),
 IPv4Network('10.64.0.0/16'),
 IPv4Network('10.65.0.0/16'),
 IPv4Network('10.66.0.0/16'),
 IPv4Network('10.67.0.0/16'),
 IPv4Network('10.68.0.0/16'),
 IPv4Network('10.69.0.0/16'),
 IPv4Network('10.70.0.0/16'),
 IPv4Network('10.71.0.0/16'),
 IPv4Network('10.72.0.0/16'),
 IPv4Network('10.73.0.0/16'),
 IPv4Network('10.74.0.0/16'),
 IPv4Network('10.75.0.0/16'),
 IPv4Network('10.76.0.0/16'),
 IPv4Network('10.77.0.0/16'),
 IPv4Network('10.78.0.0/16'),
 IPv4Network('10.79.0.0/16'),
 IPv4Network('10.80.0.0/16'),
 IPv4Network('10.81.0.0/16'),
 IPv4Network('10.82.0.0/16'),
 IPv4Network('10.83.0.0/16'),
 IPv4Network('10.84.0.0/16'),
 IPv4Network('10.85.0.0/16'),
 IPv4Network('10.86.0.0/16'),
 IPv4Network('10.87.0.0/16'),
 IPv4Network('10.88.0.0/16'),
 IPv4Network('10.89.0.0/16'),
 IPv4Network('10.90.0.0/16'),
 IPv4Network('10.91.0.0/16'),
 IPv4Network('10.92.0.0/16'),
 IPv4Network('10.93.0.0/16'),
 IPv4Network('10.94.0.0/16'),
 IPv4Network('10.95.0.0/16'),
 IPv4Network('10.96.0.0/16'),
 IPv4Network('10.97.0.0/16'),
 IPv4Network('10.98.0.0/16'),
 IPv4Network('10.99.0.0/16'),
 IPv4Network('10.100.0.0/16'),
 IPv4Network('10.101.0.0/16'),
 IPv4Network('10.102.0.0/16'),
 IPv4Network('10.103.0.0/16'),
 IPv4Network('10.104.0.0/16'),
 IPv4Network('10.105.0.0/16'),
 IPv4Network('10.106.0.0/16'),
 IPv4Network('10.107.0.0/16'),
 IPv4Network('10.108.0.0/16'),
 IPv4Network('10.109.0.0/16'),
 IPv4Network('10.110.0.0/16'),
 IPv4Network('10.111.0.0/16'),
 IPv4Network('10.112.0.0/16'),
 IPv4Network('10.113.0.0/16'),
 IPv4Network('10.114.0.0/16'),
 IPv4Network('10.115.0.0/16'),
 IPv4Network('10.116.0.0/16'),
 IPv4Network('10.117.0.0/16'),
 IPv4Network('10.118.0.0/16'),
 IPv4Network('10.119.0.0/16'),
 IPv4Network('10.120.0.0/16'),
 IPv4Network('10.121.0.0/16'),
 IPv4Network('10.122.0.0/16'),
 IPv4Network('10.123.0.0/16'),
 IPv4Network('10.124.0.0/16'),
 IPv4Network('10.125.0.0/16'),
 IPv4Network('10.126.0.0/16'),
 IPv4Network('10.127.0.0/16'),
 IPv4Network('10.128.0.0/16'),
 IPv4Network('10.129.0.0/16'),
 IPv4Network('10.130.0.0/16'),
 IPv4Network('10.131.0.0/16'),
 IPv4Network('10.132.0.0/16'),
 IPv4Network('10.133.0.0/16'),
 IPv4Network('10.134.0.0/16'),
 IPv4Network('10.135.0.0/16'),
 IPv4Network('10.136.0.0/16'),
 IPv4Network('10.137.0.0/16'),
 IPv4Network('10.138.0.0/16'),
 IPv4Network('10.139.0.0/16'),
 IPv4Network('10.140.0.0/16'),
 IPv4Network('10.141.0.0/16'),
 IPv4Network('10.142.0.0/16'),
 IPv4Network('10.143.0.0/16'),
 IPv4Network('10.144.0.0/16'),
 IPv4Network('10.145.0.0/16'),
 IPv4Network('10.146.0.0/16'),
 IPv4Network('10.147.0.0/16'),
 IPv4Network('10.148.0.0/16'),
 IPv4Network('10.149.0.0/16'),
 IPv4Network('10.150.0.0/16'),
 IPv4Network('10.151.0.0/16'),
 IPv4Network('10.152.0.0/16'),
 IPv4Network('10.153.0.0/16'),
 IPv4Network('10.154.0.0/16'),
 IPv4Network('10.155.0.0/16'),
 IPv4Network('10.156.0.0/16'),
 IPv4Network('10.157.0.0/16'),
 IPv4Network('10.158.0.0/16'),
 IPv4Network('10.159.0.0/16'),
 IPv4Network('10.160.0.0/16'),
 IPv4Network('10.161.0.0/16'),
 IPv4Network('10.162.0.0/16'),
 IPv4Network('10.163.0.0/16'),
 IPv4Network('10.164.0.0/16'),
 IPv4Network('10.165.0.0/16'),
 IPv4Network('10.166.0.0/16'),
 IPv4Network('10.167.0.0/16'),
 IPv4Network('10.168.0.0/16'),
 IPv4Network('10.169.0.0/16'),
 IPv4Network('10.170.0.0/16'),
 IPv4Network('10.171.0.0/16'),
 IPv4Network('10.172.0.0/16'),
 IPv4Network('10.173.0.0/16'),
 IPv4Network('10.174.0.0/16'),
 IPv4Network('10.175.0.0/16'),
 IPv4Network('10.176.0.0/16'),
 IPv4Network('10.177.0.0/16'),
 IPv4Network('10.178.0.0/16'),
 IPv4Network('10.179.0.0/16'),
 IPv4Network('10.180.0.0/16'),
 IPv4Network('10.181.0.0/16'),
 IPv4Network('10.182.0.0/16'),
 IPv4Network('10.183.0.0/16'),
 IPv4Network('10.184.0.0/16'),
 IPv4Network('10.185.0.0/16')]
[IPv4Network('10.0.0.0/8'),
 IPv4Network('129.79.0.0/16'),
 IPv4Network('134.68.0.0/16'),
 IPv4Network('140.182.0.0/16'),
 IPv4Network('149.159.0.0/16'),
 IPv4Network('149.160.0.0/14'),
 IPv4Network('156.56.0.0/16'),
 IPv4Network('172.16.0.0/12'),
 IPv4Network('192.168.0.0/24'),
 IPv6Network('::/128'),
 IPv4Network('10.0.0.0/16'),
 IPv4Network('10.1.0.0/16'),
 IPv4Network('10.2.0.0/16'),
 IPv4Network('10.3.0.0/16'),
 IPv4Network('10.4.0.0/16'),
 IPv4Network('10.5.0.0/16'),
 IPv4Network('10.6.0.0/16'),
 IPv4Network('10.7.0.0/16'),
 IPv4Network('10.8.0.0/16'),
 IPv4Network('10.9.0.0/16'),
 IPv4Network('10.10.0.0/16'),
 IPv4Network('10.11.0.0/16'),
 IPv4Network('10.12.0.0/16'),
 IPv4Network('10.13.0.0/16'),
 IPv4Network('10.14.0.0/16'),
 IPv4Network('10.15.0.0/16'),
 IPv4Network('10.16.0.0/16'),
 IPv4Network('10.17.0.0/16'),
 IPv4Network('10.18.0.0/16'),
 IPv4Network('10.19.0.0/16'),
 IPv4Network('10.20.0.0/16'),
 IPv4Network('10.21.0.0/16'),
 IPv4Network('10.22.0.0/16'),
 IPv4Network('10.23.0.0/16'),
 IPv4Network('10.24.0.0/16'),
 IPv4Network('10.25.0.0/16'),
 IPv4Network('10.26.0.0/16'),
 IPv4Network('10.27.0.0/16'),
 IPv4Network('10.28.0.0/16'),
 IPv4Network('10.29.0.0/16'),
 IPv4Network('10.30.0.0/16'),
 IPv4Network('10.31.0.0/16'),
 IPv4Network('10.32.0.0/16'),
 IPv4Network('10.33.0.0/16'),
 IPv4Network('10.34.0.0/16'),
 IPv4Network('10.35.0.0/16'),
 IPv4Network('10.36.0.0/16'),
 IPv4Network('10.37.0.0/16'),
 IPv4Network('10.38.0.0/16'),
 IPv4Network('10.39.0.0/16'),
 IPv4Network('10.40.0.0/16'),
 IPv4Network('10.41.0.0/16'),
 IPv4Network('10.42.0.0/16'),
 IPv4Network('10.43.0.0/16'),
 IPv4Network('10.44.0.0/16'),
 IPv4Network('10.45.0.0/16'),
 IPv4Network('10.46.0.0/16'),
 IPv4Network('10.47.0.0/16'),
 IPv4Network('10.48.0.0/16'),
 IPv4Network('10.49.0.0/16'),
 IPv4Network('10.50.0.0/16'),
 IPv4Network('10.51.0.0/16'),
 IPv4Network('10.52.0.0/16'),
 IPv4Network('10.53.0.0/16'),
 IPv4Network('10.54.0.0/16'),
 IPv4Network('10.55.0.0/16'),
 IPv4Network('10.56.0.0/16'),
 IPv4Network('10.57.0.0/16'),
 IPv4Network('10.58.0.0/16'),
 IPv4Network('10.59.0.0/16'),
 IPv4Network('10.60.0.0/16'),
 IPv4Network('10.61.0.0/16'),
 IPv4Network('10.62.0.0/16'),
 IPv4Network('10.63.0.0/16'),
 IPv4Network('10.64.0.0/16'),
 IPv4Network('10.65.0.0/16'),
 IPv4Network('10.66.0.0/16'),
 IPv4Network('10.67.0.0/16'),
 IPv4Network('10.68.0.0/16'),
 IPv4Network('10.69.0.0/16'),
 IPv4Network('10.70.0.0/16'),
 IPv4Network('10.71.0.0/16'),
 IPv4Network('10.72.0.0/16'),
 IPv4Network('10.73.0.0/16'),
 IPv4Network('10.74.0.0/16'),
 IPv4Network('10.75.0.0/16'),
 IPv4Network('10.76.0.0/16'),
 IPv4Network('10.77.0.0/16'),
 IPv4Network('10.78.0.0/16'),
 IPv4Network('10.79.0.0/16'),
 IPv4Network('10.80.0.0/16'),
 IPv4Network('10.81.0.0/16'),
 IPv4Network('10.82.0.0/16'),
 IPv4Network('10.83.0.0/16'),
 IPv4Network('10.84.0.0/16'),
 IPv4Network('10.85.0.0/16'),
 IPv4Network('10.86.0.0/16'),
 IPv4Network('10.87.0.0/16'),
 IPv4Network('10.88.0.0/16'),
 IPv4Network('10.89.0.0/16'),
 IPv4Network('10.90.0.0/16'),
 IPv4Network('10.91.0.0/16'),
 IPv4Network('10.92.0.0/16'),
 IPv4Network('10.93.0.0/16'),
 IPv4Network('10.94.0.0/16'),
 IPv4Network('10.95.0.0/16'),
 IPv4Network('10.96.0.0/16'),
 IPv4Network('10.97.0.0/16'),
 IPv4Network('10.98.0.0/16'),
 IPv4Network('10.99.0.0/16'),
 IPv4Network('10.100.0.0/16'),
 IPv4Network('10.101.0.0/16'),
 IPv4Network('10.102.0.0/16'),
 IPv4Network('10.103.0.0/16'),
 IPv4Network('10.104.0.0/16'),
 IPv4Network('10.105.0.0/16'),
 IPv4Network('10.106.0.0/16'),
 IPv4Network('10.107.0.0/16'),
 IPv4Network('10.108.0.0/16'),
 IPv4Network('10.109.0.0/16'),
 IPv4Network('10.110.0.0/16'),
 IPv4Network('10.111.0.0/16'),
 IPv4Network('10.112.0.0/16'),
 IPv4Network('10.113.0.0/16'),
 IPv4Network('10.114.0.0/16'),
 IPv4Network('10.115.0.0/16'),
 IPv4Network('10.116.0.0/16'),
 IPv4Network('10.117.0.0/16'),
 IPv4Network('10.118.0.0/16'),
 IPv4Network('10.119.0.0/16'),
 IPv4Network('10.120.0.0/16'),
 IPv4Network('10.121.0.0/16'),
 IPv4Network('10.122.0.0/16'),
 IPv4Network('10.123.0.0/16'),
 IPv4Network('10.124.0.0/16'),
 IPv4Network('10.125.0.0/16'),
 IPv4Network('10.126.0.0/16'),
 IPv4Network('10.127.0.0/16'),
 IPv4Network('10.128.0.0/16'),
 IPv4Network('10.129.0.0/16'),
 IPv4Network('10.130.0.0/16'),
 IPv4Network('10.131.0.0/16'),
 IPv4Network('10.132.0.0/16'),
 IPv4Network('10.133.0.0/16'),
 IPv4Network('10.134.0.0/16'),
 IPv4Network('10.135.0.0/16'),
 IPv4Network('10.136.0.0/16'),
 IPv4Network('10.137.0.0/16'),
 IPv4Network('10.138.0.0/16'),
 IPv4Network('10.139.0.0/16'),
 IPv4Network('10.140.0.0/16'),
 IPv4Network('10.141.0.0/16'),
 IPv4Network('10.142.0.0/16'),
 IPv4Network('10.143.0.0/16'),
 IPv4Network('10.144.0.0/16'),
 IPv4Network('10.145.0.0/16'),
 IPv4Network('10.146.0.0/16'),
 IPv4Network('10.147.0.0/16'),
 IPv4Network('10.148.0.0/16'),
 IPv4Network('10.149.0.0/16'),
 IPv4Network('10.150.0.0/16'),
 IPv4Network('10.151.0.0/16'),
 IPv4Network('10.152.0.0/16'),
 IPv4Network('10.153.0.0/16'),
 IPv4Network('10.154.0.0/16'),
 IPv4Network('10.155.0.0/16'),
 IPv4Network('10.156.0.0/16'),
 IPv4Network('10.157.0.0/16'),
 IPv4Network('10.158.0.0/16'),
 IPv4Network('10.159.0.0/16'),
 IPv4Network('10.160.0.0/16'),
 IPv4Network('10.161.0.0/16'),
 IPv4Network('10.162.0.0/16'),
 IPv4Network('10.163.0.0/16'),
 IPv4Network('10.164.0.0/16'),
 IPv4Network('10.165.0.0/16'),
 IPv4Network('10.166.0.0/16'),
 IPv4Network('10.167.0.0/16'),
 IPv4Network('10.168.0.0/16'),
 IPv4Network('10.169.0.0/16'),
 IPv4Network('10.170.0.0/16'),
 IPv4Network('10.171.0.0/16'),
 IPv4Network('10.172.0.0/16'),
 IPv4Network('10.173.0.0/16'),
 IPv4Network('10.174.0.0/16'),
 IPv4Network('10.175.0.0/16'),
 IPv4Network('10.176.0.0/16'),
 IPv4Network('10.177.0.0/16'),
 IPv4Network('10.178.0.0/16'),
 IPv4Network('10.179.0.0/16'),
 IPv4Network('10.180.0.0/16'),
 IPv4Network('10.181.0.0/16'),
 IPv4Network('10.182.0.0/16'),
 IPv4Network('10.183.0.0/16'),
 IPv4Network('10.184.0.0/16'),
 IPv4Network('10.185.0.0/16'),
 IPv4Network('10.186.0.0/16'),
 IPv4Network('10.187.0.0/16')]
[IPv4Network('10.0.0.0/8'),
 IPv4Network('129.79.0.0/16'),
 IPv4Network('134.68.0.0/16'),
 IPv4Network('140.182.0.0/16'),
 IPv4Network('149.159.0.0/16'),
 IPv4Network('149.160.0.0/14'),
 IPv4Network('156.56.0.0/16'),
 IPv4Network('172.16.0.0/12'),
 IPv4Network('192.168.0.0/24'),
 IPv6Network('::/128'),
 IPv4Network('10.0.0.0/16'),
 IPv4Network('10.1.0.0/16'),
 IPv4Network('10.2.0.0/16'),
 IPv4Network('10.3.0.0/16'),
 IPv4Network('10.4.0.0/16'),
 IPv4Network('10.5.0.0/16'),
 IPv4Network('10.6.0.0/16'),
 IPv4Network('10.7.0.0/16'),
 IPv4Network('10.8.0.0/16'),
 IPv4Network('10.9.0.0/16'),
 IPv4Network('10.10.0.0/16'),
 IPv4Network('10.11.0.0/16'),
 IPv4Network('10.12.0.0/16'),
 IPv4Network('10.13.0.0/16'),
 IPv4Network('10.14.0.0/16'),
 IPv4Network('10.15.0.0/16'),
 IPv4Network('10.16.0.0/16'),
 IPv4Network('10.17.0.0/16'),
 IPv4Network('10.18.0.0/16'),
 IPv4Network('10.19.0.0/16'),
 IPv4Network('10.20.0.0/16'),
 IPv4Network('10.21.0.0/16'),
 IPv4Network('10.22.0.0/16'),
 IPv4Network('10.23.0.0/16'),
 IPv4Network('10.24.0.0/16'),
 IPv4Network('10.25.0.0/16'),
 IPv4Network('10.26.0.0/16'),
 IPv4Network('10.27.0.0/16'),
 IPv4Network('10.28.0.0/16'),
 IPv4Network('10.29.0.0/16'),
 IPv4Network('10.30.0.0/16'),
 IPv4Network('10.31.0.0/16'),
 IPv4Network('10.32.0.0/16'),
 IPv4Network('10.33.0.0/16'),
 IPv4Network('10.34.0.0/16'),
 IPv4Network('10.35.0.0/16'),
 IPv4Network('10.36.0.0/16'),
 IPv4Network('10.37.0.0/16'),
 IPv4Network('10.38.0.0/16'),
 IPv4Network('10.39.0.0/16'),
 IPv4Network('10.40.0.0/16'),
 IPv4Network('10.41.0.0/16'),
 IPv4Network('10.42.0.0/16'),
 IPv4Network('10.43.0.0/16'),
 IPv4Network('10.44.0.0/16'),
 IPv4Network('10.45.0.0/16'),
 IPv4Network('10.46.0.0/16'),
 IPv4Network('10.47.0.0/16'),
 IPv4Network('10.48.0.0/16'),
 IPv4Network('10.49.0.0/16'),
 IPv4Network('10.50.0.0/16'),
 IPv4Network('10.51.0.0/16'),
 IPv4Network('10.52.0.0/16'),
 IPv4Network('10.53.0.0/16'),
 IPv4Network('10.54.0.0/16'),
 IPv4Network('10.55.0.0/16'),
 IPv4Network('10.56.0.0/16'),
 IPv4Network('10.57.0.0/16'),
 IPv4Network('10.58.0.0/16'),
 IPv4Network('10.59.0.0/16'),
 IPv4Network('10.60.0.0/16'),
 IPv4Network('10.61.0.0/16'),
 IPv4Network('10.62.0.0/16'),
 IPv4Network('10.63.0.0/16'),
 IPv4Network('10.64.0.0/16'),
 IPv4Network('10.65.0.0/16'),
 IPv4Network('10.66.0.0/16'),
 IPv4Network('10.67.0.0/16'),
 IPv4Network('10.68.0.0/16'),
 IPv4Network('10.69.0.0/16'),
 IPv4Network('10.70.0.0/16'),
 IPv4Network('10.71.0.0/16'),
 IPv4Network('10.72.0.0/16'),
 IPv4Network('10.73.0.0/16'),
 IPv4Network('10.74.0.0/16'),
 IPv4Network('10.75.0.0/16'),
 IPv4Network('10.76.0.0/16'),
 IPv4Network('10.77.0.0/16'),
 IPv4Network('10.78.0.0/16'),
 IPv4Network('10.79.0.0/16'),
 IPv4Network('10.80.0.0/16'),
 IPv4Network('10.81.0.0/16'),
 IPv4Network('10.82.0.0/16'),
 IPv4Network('10.83.0.0/16'),
 IPv4Network('10.84.0.0/16'),
 IPv4Network('10.85.0.0/16'),
 IPv4Network('10.86.0.0/16'),
 IPv4Network('10.87.0.0/16'),
 IPv4Network('10.88.0.0/16'),
 IPv4Network('10.89.0.0/16'),
 IPv4Network('10.90.0.0/16'),
 IPv4Network('10.91.0.0/16'),
 IPv4Network('10.92.0.0/16'),
 IPv4Network('10.93.0.0/16'),
 IPv4Network('10.94.0.0/16'),
 IPv4Network('10.95.0.0/16'),
 IPv4Network('10.96.0.0/16'),
 IPv4Network('10.97.0.0/16'),
 IPv4Network('10.98.0.0/16'),
 IPv4Network('10.99.0.0/16'),
 IPv4Network('10.100.0.0/16'),
 IPv4Network('10.101.0.0/16'),
 IPv4Network('10.102.0.0/16'),
 IPv4Network('10.103.0.0/16'),
 IPv4Network('10.104.0.0/16'),
 IPv4Network('10.105.0.0/16'),
 IPv4Network('10.106.0.0/16'),
 IPv4Network('10.107.0.0/16'),
 IPv4Network('10.108.0.0/16'),
 IPv4Network('10.109.0.0/16'),
 IPv4Network('10.110.0.0/16'),
 IPv4Network('10.111.0.0/16'),
 IPv4Network('10.112.0.0/16'),
 IPv4Network('10.113.0.0/16'),
 IPv4Network('10.114.0.0/16'),
 IPv4Network('10.115.0.0/16'),
 IPv4Network('10.116.0.0/16'),
 IPv4Network('10.117.0.0/16'),
 IPv4Network('10.118.0.0/16'),
 IPv4Network('10.119.0.0/16'),
 IPv4Network('10.120.0.0/16'),
 IPv4Network('10.121.0.0/16'),
 IPv4Network('10.122.0.0/16'),
 IPv4Network('10.123.0.0/16'),
 IPv4Network('10.124.0.0/16'),
 IPv4Network('10.125.0.0/16'),
 IPv4Network('10.126.0.0/16'),
 IPv4Network('10.127.0.0/16'),
 IPv4Network('10.128.0.0/16'),
 IPv4Network('10.129.0.0/16'),
 IPv4Network('10.130.0.0/16'),
 IPv4Network('10.131.0.0/16'),
 IPv4Network('10.132.0.0/16'),
 IPv4Network('10.133.0.0/16'),
 IPv4Network('10.134.0.0/16'),
 IPv4Network('10.135.0.0/16'),
 IPv4Network('10.136.0.0/16'),
 IPv4Network('10.137.0.0/16'),
 IPv4Network('10.138.0.0/16'),
 IPv4Network('10.139.0.0/16'),
 IPv4Network('10.140.0.0/16'),
 IPv4Network('10.141.0.0/16'),
 IPv4Network('10.142.0.0/16'),
 IPv4Network('10.143.0.0/16'),
 IPv4Network('10.144.0.0/16'),
 IPv4Network('10.145.0.0/16'),
 IPv4Network('10.146.0.0/16'),
 IPv4Network('10.147.0.0/16'),
 IPv4Network('10.148.0.0/16'),
 IPv4Network('10.149.0.0/16'),
 IPv4Network('10.150.0.0/16'),
 IPv4Network('10.151.0.0/16'),
 IPv4Network('10.152.0.0/16'),
 IPv4Network('10.153.0.0/16'),
 IPv4Network('10.154.0.0/16'),
 IPv4Network('10.155.0.0/16'),
 IPv4Network('10.156.0.0/16'),
 IPv4Network('10.157.0.0/16'),
 IPv4Network('10.158.0.0/16'),
 IPv4Network('10.159.0.0/16'),
 IPv4Network('10.160.0.0/16'),
 IPv4Network('10.161.0.0/16'),
 IPv4Network('10.162.0.0/16'),
 IPv4Network('10.163.0.0/16'),
 IPv4Network('10.164.0.0/16'),
 IPv4Network('10.165.0.0/16'),
 IPv4Network('10.166.0.0/16'),
 IPv4Network('10.167.0.0/16'),
 IPv4Network('10.168.0.0/16'),
 IPv4Network('10.169.0.0/16'),
 IPv4Network('10.170.0.0/16'),
 IPv4Network('10.171.0.0/16'),
 IPv4Network('10.172.0.0/16'),
 IPv4Network('10.173.0.0/16'),
 IPv4Network('10.174.0.0/16'),
 IPv4Network('10.175.0.0/16'),
 IPv4Network('10.176.0.0/16'),
 IPv4Network('10.177.0.0/16'),
 IPv4Network('10.178.0.0/16'),
 IPv4Network('10.179.0.0/16'),
 IPv4Network('10.180.0.0/16'),
 IPv4Network('10.181.0.0/16'),
 IPv4Network('10.182.0.0/16'),
 IPv4Network('10.183.0.0/16'),
 IPv4Network('10.184.0.0/16'),
 IPv4Network('10.185.0.0/16'),
 IPv4Network('10.186.0.0/16'),
 IPv4Network('10.187.0.0/16')]
[IPv4Network('10.0.0.0/8'),
 IPv4Network('129.79.0.0/16'),
 IPv4Network('134.68.0.0/16'),
 IPv4Network('140.182.0.0/16'),
 IPv4Network('149.159.0.0/16'),
 IPv4Network('149.160.0.0/14'),
 IPv4Network('156.56.0.0/16'),
 IPv4Network('172.16.0.0/12'),
 IPv4Network('192.168.0.0/24'),
 IPv6Network('::/128'),
 IPv4Network('10.0.0.0/16'),
 IPv4Network('10.1.0.0/16'),
 IPv4Network('10.2.0.0/16'),
 IPv4Network('10.3.0.0/16'),
 IPv4Network('10.4.0.0/16'),
 IPv4Network('10.5.0.0/16'),
 IPv4Network('10.6.0.0/16'),
 IPv4Network('10.7.0.0/16'),
 IPv4Network('10.8.0.0/16'),
 IPv4Network('10.9.0.0/16'),
 IPv4Network('10.10.0.0/16'),
 IPv4Network('10.11.0.0/16'),
 IPv4Network('10.12.0.0/16'),
 IPv4Network('10.13.0.0/16'),
 IPv4Network('10.14.0.0/16'),
 IPv4Network('10.15.0.0/16'),
 IPv4Network('10.16.0.0/16'),
 IPv4Network('10.17.0.0/16'),
 IPv4Network('10.18.0.0/16'),
 IPv4Network('10.19.0.0/16'),
 IPv4Network('10.20.0.0/16'),
 IPv4Network('10.21.0.0/16'),
 IPv4Network('10.22.0.0/16'),
 IPv4Network('10.23.0.0/16'),
 IPv4Network('10.24.0.0/16'),
 IPv4Network('10.25.0.0/16'),
 IPv4Network('10.26.0.0/16'),
 IPv4Network('10.27.0.0/16'),
 IPv4Network('10.28.0.0/16'),
 IPv4Network('10.29.0.0/16'),
 IPv4Network('10.30.0.0/16'),
 IPv4Network('10.31.0.0/16'),
 IPv4Network('10.32.0.0/16'),
 IPv4Network('10.33.0.0/16'),
 IPv4Network('10.34.0.0/16'),
 IPv4Network('10.35.0.0/16'),
 IPv4Network('10.36.0.0/16'),
 IPv4Network('10.37.0.0/16'),
 IPv4Network('10.38.0.0/16'),
 IPv4Network('10.39.0.0/16'),
 IPv4Network('10.40.0.0/16'),
 IPv4Network('10.41.0.0/16'),
 IPv4Network('10.42.0.0/16'),
 IPv4Network('10.43.0.0/16'),
 IPv4Network('10.44.0.0/16'),
 IPv4Network('10.45.0.0/16'),
 IPv4Network('10.46.0.0/16'),
 IPv4Network('10.47.0.0/16'),
 IPv4Network('10.48.0.0/16'),
 IPv4Network('10.49.0.0/16'),
 IPv4Network('10.50.0.0/16'),
 IPv4Network('10.51.0.0/16'),
 IPv4Network('10.52.0.0/16'),
 IPv4Network('10.53.0.0/16'),
 IPv4Network('10.54.0.0/16'),
 IPv4Network('10.55.0.0/16'),
 IPv4Network('10.56.0.0/16'),
 IPv4Network('10.57.0.0/16'),
 IPv4Network('10.58.0.0/16'),
 IPv4Network('10.59.0.0/16'),
 IPv4Network('10.60.0.0/16'),
 IPv4Network('10.61.0.0/16'),
 IPv4Network('10.62.0.0/16'),
 IPv4Network('10.63.0.0/16'),
 IPv4Network('10.64.0.0/16'),
 IPv4Network('10.65.0.0/16'),
 IPv4Network('10.66.0.0/16'),
 IPv4Network('10.67.0.0/16'),
 IPv4Network('10.68.0.0/16'),
 IPv4Network('10.69.0.0/16'),
 IPv4Network('10.70.0.0/16'),
 IPv4Network('10.71.0.0/16'),
 IPv4Network('10.72.0.0/16'),
 IPv4Network('10.73.0.0/16'),
 IPv4Network('10.74.0.0/16'),
 IPv4Network('10.75.0.0/16'),
 IPv4Network('10.76.0.0/16'),
 IPv4Network('10.77.0.0/16'),
 IPv4Network('10.78.0.0/16'),
 IPv4Network('10.79.0.0/16'),
 IPv4Network('10.80.0.0/16'),
 IPv4Network('10.81.0.0/16'),
 IPv4Network('10.82.0.0/16'),
 IPv4Network('10.83.0.0/16'),
 IPv4Network('10.84.0.0/16'),
 IPv4Network('10.85.0.0/16'),
 IPv4Network('10.86.0.0/16'),
 IPv4Network('10.87.0.0/16'),
 IPv4Network('10.88.0.0/16'),
 IPv4Network('10.89.0.0/16'),
 IPv4Network('10.90.0.0/16'),
 IPv4Network('10.91.0.0/16'),
 IPv4Network('10.92.0.0/16'),
 IPv4Network('10.93.0.0/16'),
 IPv4Network('10.94.0.0/16'),
 IPv4Network('10.95.0.0/16'),
 IPv4Network('10.96.0.0/16'),
 IPv4Network('10.97.0.0/16'),
 IPv4Network('10.98.0.0/16'),
 IPv4Network('10.99.0.0/16'),
 IPv4Network('10.100.0.0/16'),
 IPv4Network('10.101.0.0/16'),
 IPv4Network('10.102.0.0/16'),
 IPv4Network('10.103.0.0/16'),
 IPv4Network('10.104.0.0/16'),
 IPv4Network('10.105.0.0/16'),
 IPv4Network('10.106.0.0/16'),
 IPv4Network('10.107.0.0/16'),
 IPv4Network('10.108.0.0/16'),
 IPv4Network('10.109.0.0/16'),
 IPv4Network('10.110.0.0/16'),
 IPv4Network('10.111.0.0/16'),
 IPv4Network('10.112.0.0/16'),
 IPv4Network('10.113.0.0/16'),
 IPv4Network('10.114.0.0/16'),
 IPv4Network('10.115.0.0/16'),
 IPv4Network('10.116.0.0/16'),
 IPv4Network('10.117.0.0/16'),
 IPv4Network('10.118.0.0/16'),
 IPv4Network('10.119.0.0/16'),
 IPv4Network('10.120.0.0/16'),
 IPv4Network('10.121.0.0/16'),
 IPv4Network('10.122.0.0/16'),
 IPv4Network('10.123.0.0/16'),
 IPv4Network('10.124.0.0/16'),
 IPv4Network('10.125.0.0/16'),
 IPv4Network('10.126.0.0/16'),
 IPv4Network('10.127.0.0/16'),
 IPv4Network('10.128.0.0/16'),
 IPv4Network('10.129.0.0/16'),
 IPv4Network('10.130.0.0/16'),
 IPv4Network('10.131.0.0/16'),
 IPv4Network('10.132.0.0/16'),
 IPv4Network('10.133.0.0/16'),
 IPv4Network('10.134.0.0/16'),
 IPv4Network('10.135.0.0/16'),
 IPv4Network('10.136.0.0/16'),
 IPv4Network('10.137.0.0/16'),
 IPv4Network('10.138.0.0/16'),
 IPv4Network('10.139.0.0/16'),
 IPv4Network('10.140.0.0/16'),
 IPv4Network('10.141.0.0/16'),
 IPv4Network('10.142.0.0/16'),
 IPv4Network('10.143.0.0/16'),
 IPv4Network('10.144.0.0/16'),
 IPv4Network('10.145.0.0/16'),
 IPv4Network('10.146.0.0/16'),
 IPv4Network('10.147.0.0/16'),
 IPv4Network('10.148.0.0/16'),
 IPv4Network('10.149.0.0/16'),
 IPv4Network('10.150.0.0/16'),
 IPv4Network('10.151.0.0/16'),
 IPv4Network('10.152.0.0/16'),
 IPv4Network('10.153.0.0/16'),
 IPv4Network('10.154.0.0/16'),
 IPv4Network('10.155.0.0/16'),
 IPv4Network('10.156.0.0/16'),
 IPv4Network('10.157.0.0/16'),
 IPv4Network('10.158.0.0/16'),
 IPv4Network('10.159.0.0/16'),
 IPv4Network('10.160.0.0/16'),
 IPv4Network('10.161.0.0/16'),
 IPv4Network('10.162.0.0/16'),
 IPv4Network('10.163.0.0/16'),
 IPv4Network('10.164.0.0/16'),
 IPv4Network('10.165.0.0/16'),
 IPv4Network('10.166.0.0/16'),
 IPv4Network('10.167.0.0/16'),
 IPv4Network('10.168.0.0/16'),
 IPv4Network('10.169.0.0/16'),
 IPv4Network('10.170.0.0/16'),
 IPv4Network('10.171.0.0/16'),
 IPv4Network('10.172.0.0/16'),
 IPv4Network('10.173.0.0/16'),
 IPv4Network('10.174.0.0/16'),
 IPv4Network('10.175.0.0/16'),
 IPv4Network('10.176.0.0/16'),
 IPv4Network('10.177.0.0/16'),
 IPv4Network('10.178.0.0/16'),
 IPv4Network('10.179.0.0/16'),
 IPv4Network('10.180.0.0/16'),
 IPv4Network('10.181.0.0/16'),
 IPv4Network('10.182.0.0/16'),
 IPv4Network('10.183.0.0/16'),
 IPv4Network('10.184.0.0/16'),
 IPv4Network('10.185.0.0/16'),
 IPv4Network('10.186.0.0/16'),
 IPv4Network('10.187.0.0/16'),
 IPv4Network('10.188.0.0/16'),
 IPv4Network('10.189.0.0/16')]
[IPv4Network('10.0.0.0/8'),
 IPv4Network('129.79.0.0/16'),
 IPv4Network('134.68.0.0/16'),
 IPv4Network('140.182.0.0/16'),
 IPv4Network('149.159.0.0/16'),
 IPv4Network('149.160.0.0/14'),
 IPv4Network('156.56.0.0/16'),
 IPv4Network('172.16.0.0/12'),
 IPv4Network('192.168.0.0/24'),
 IPv6Network('::/128'),
 IPv4Network('10.0.0.0/16'),
 IPv4Network('10.1.0.0/16'),
 IPv4Network('10.2.0.0/16'),
 IPv4Network('10.3.0.0/16'),
 IPv4Network('10.4.0.0/16'),
 IPv4Network('10.5.0.0/16'),
 IPv4Network('10.6.0.0/16'),
 IPv4Network('10.7.0.0/16'),
 IPv4Network('10.8.0.0/16'),
 IPv4Network('10.9.0.0/16'),
 IPv4Network('10.10.0.0/16'),
 IPv4Network('10.11.0.0/16'),
 IPv4Network('10.12.0.0/16'),
 IPv4Network('10.13.0.0/16'),
 IPv4Network('10.14.0.0/16'),
 IPv4Network('10.15.0.0/16'),
 IPv4Network('10.16.0.0/16'),
 IPv4Network('10.17.0.0/16'),
 IPv4Network('10.18.0.0/16'),
 IPv4Network('10.19.0.0/16'),
 IPv4Network('10.20.0.0/16'),
 IPv4Network('10.21.0.0/16'),
 IPv4Network('10.22.0.0/16'),
 IPv4Network('10.23.0.0/16'),
 IPv4Network('10.24.0.0/16'),
 IPv4Network('10.25.0.0/16'),
 IPv4Network('10.26.0.0/16'),
 IPv4Network('10.27.0.0/16'),
 IPv4Network('10.28.0.0/16'),
 IPv4Network('10.29.0.0/16'),
 IPv4Network('10.30.0.0/16'),
 IPv4Network('10.31.0.0/16'),
 IPv4Network('10.32.0.0/16'),
 IPv4Network('10.33.0.0/16'),
 IPv4Network('10.34.0.0/16'),
 IPv4Network('10.35.0.0/16'),
 IPv4Network('10.36.0.0/16'),
 IPv4Network('10.37.0.0/16'),
 IPv4Network('10.38.0.0/16'),
 IPv4Network('10.39.0.0/16'),
 IPv4Network('10.40.0.0/16'),
 IPv4Network('10.41.0.0/16'),
 IPv4Network('10.42.0.0/16'),
 IPv4Network('10.43.0.0/16'),
 IPv4Network('10.44.0.0/16'),
 IPv4Network('10.45.0.0/16'),
 IPv4Network('10.46.0.0/16'),
 IPv4Network('10.47.0.0/16'),
 IPv4Network('10.48.0.0/16'),
 IPv4Network('10.49.0.0/16'),
 IPv4Network('10.50.0.0/16'),
 IPv4Network('10.51.0.0/16'),
 IPv4Network('10.52.0.0/16'),
 IPv4Network('10.53.0.0/16'),
 IPv4Network('10.54.0.0/16'),
 IPv4Network('10.55.0.0/16'),
 IPv4Network('10.56.0.0/16'),
 IPv4Network('10.57.0.0/16'),
 IPv4Network('10.58.0.0/16'),
 IPv4Network('10.59.0.0/16'),
 IPv4Network('10.60.0.0/16'),
 IPv4Network('10.61.0.0/16'),
 IPv4Network('10.62.0.0/16'),
 IPv4Network('10.63.0.0/16'),
 IPv4Network('10.64.0.0/16'),
 IPv4Network('10.65.0.0/16'),
 IPv4Network('10.66.0.0/16'),
 IPv4Network('10.67.0.0/16'),
 IPv4Network('10.68.0.0/16'),
 IPv4Network('10.69.0.0/16'),
 IPv4Network('10.70.0.0/16'),
 IPv4Network('10.71.0.0/16'),
 IPv4Network('10.72.0.0/16'),
 IPv4Network('10.73.0.0/16'),
 IPv4Network('10.74.0.0/16'),
 IPv4Network('10.75.0.0/16'),
 IPv4Network('10.76.0.0/16'),
 IPv4Network('10.77.0.0/16'),
 IPv4Network('10.78.0.0/16'),
 IPv4Network('10.79.0.0/16'),
 IPv4Network('10.80.0.0/16'),
 IPv4Network('10.81.0.0/16'),
 IPv4Network('10.82.0.0/16'),
 IPv4Network('10.83.0.0/16'),
 IPv4Network('10.84.0.0/16'),
 IPv4Network('10.85.0.0/16'),
 IPv4Network('10.86.0.0/16'),
 IPv4Network('10.87.0.0/16'),
 IPv4Network('10.88.0.0/16'),
 IPv4Network('10.89.0.0/16'),
 IPv4Network('10.90.0.0/16'),
 IPv4Network('10.91.0.0/16'),
 IPv4Network('10.92.0.0/16'),
 IPv4Network('10.93.0.0/16'),
 IPv4Network('10.94.0.0/16'),
 IPv4Network('10.95.0.0/16'),
 IPv4Network('10.96.0.0/16'),
 IPv4Network('10.97.0.0/16'),
 IPv4Network('10.98.0.0/16'),
 IPv4Network('10.99.0.0/16'),
 IPv4Network('10.100.0.0/16'),
 IPv4Network('10.101.0.0/16'),
 IPv4Network('10.102.0.0/16'),
 IPv4Network('10.103.0.0/16'),
 IPv4Network('10.104.0.0/16'),
 IPv4Network('10.105.0.0/16'),
 IPv4Network('10.106.0.0/16'),
 IPv4Network('10.107.0.0/16'),
 IPv4Network('10.108.0.0/16'),
 IPv4Network('10.109.0.0/16'),
 IPv4Network('10.110.0.0/16'),
 IPv4Network('10.111.0.0/16'),
 IPv4Network('10.112.0.0/16'),
 IPv4Network('10.113.0.0/16'),
 IPv4Network('10.114.0.0/16'),
 IPv4Network('10.115.0.0/16'),
 IPv4Network('10.116.0.0/16'),
 IPv4Network('10.117.0.0/16'),
 IPv4Network('10.118.0.0/16'),
 IPv4Network('10.119.0.0/16'),
 IPv4Network('10.120.0.0/16'),
 IPv4Network('10.121.0.0/16'),
 IPv4Network('10.122.0.0/16'),
 IPv4Network('10.123.0.0/16'),
 IPv4Network('10.124.0.0/16'),
 IPv4Network('10.125.0.0/16'),
 IPv4Network('10.126.0.0/16'),
 IPv4Network('10.127.0.0/16'),
 IPv4Network('10.128.0.0/16'),
 IPv4Network('10.129.0.0/16'),
 IPv4Network('10.130.0.0/16'),
 IPv4Network('10.131.0.0/16'),
 IPv4Network('10.132.0.0/16'),
 IPv4Network('10.133.0.0/16'),
 IPv4Network('10.134.0.0/16'),
 IPv4Network('10.135.0.0/16'),
 IPv4Network('10.136.0.0/16'),
 IPv4Network('10.137.0.0/16'),
 IPv4Network('10.138.0.0/16'),
 IPv4Network('10.139.0.0/16'),
 IPv4Network('10.140.0.0/16'),
 IPv4Network('10.141.0.0/16'),
 IPv4Network('10.142.0.0/16'),
 IPv4Network('10.143.0.0/16'),
 IPv4Network('10.144.0.0/16'),
 IPv4Network('10.145.0.0/16'),
 IPv4Network('10.146.0.0/16'),
 IPv4Network('10.147.0.0/16'),
 IPv4Network('10.148.0.0/16'),
 IPv4Network('10.149.0.0/16'),
 IPv4Network('10.150.0.0/16'),
 IPv4Network('10.151.0.0/16'),
 IPv4Network('10.152.0.0/16'),
 IPv4Network('10.153.0.0/16'),
 IPv4Network('10.154.0.0/16'),
 IPv4Network('10.155.0.0/16'),
 IPv4Network('10.156.0.0/16'),
 IPv4Network('10.157.0.0/16'),
 IPv4Network('10.158.0.0/16'),
 IPv4Network('10.159.0.0/16'),
 IPv4Network('10.160.0.0/16'),
 IPv4Network('10.161.0.0/16'),
 IPv4Network('10.162.0.0/16'),
 IPv4Network('10.163.0.0/16'),
 IPv4Network('10.164.0.0/16'),
 IPv4Network('10.165.0.0/16'),
 IPv4Network('10.166.0.0/16'),
 IPv4Network('10.167.0.0/16'),
 IPv4Network('10.168.0.0/16'),
 IPv4Network('10.169.0.0/16'),
 IPv4Network('10.170.0.0/16'),
 IPv4Network('10.171.0.0/16'),
 IPv4Network('10.172.0.0/16'),
 IPv4Network('10.173.0.0/16'),
 IPv4Network('10.174.0.0/16'),
 IPv4Network('10.175.0.0/16'),
 IPv4Network('10.176.0.0/16'),
 IPv4Network('10.177.0.0/16'),
 IPv4Network('10.178.0.0/16'),
 IPv4Network('10.179.0.0/16'),
 IPv4Network('10.180.0.0/16'),
 IPv4Network('10.181.0.0/16'),
 IPv4Network('10.182.0.0/16'),
 IPv4Network('10.183.0.0/16'),
 IPv4Network('10.184.0.0/16'),
 IPv4Network('10.185.0.0/16'),
 IPv4Network('10.186.0.0/16'),
 IPv4Network('10.187.0.0/16'),
 IPv4Network('10.188.0.0/16'),
 IPv4Network('10.189.0.0/16'),
 IPv4Network('10.190.0.0/16'),
 IPv4Network('10.191.0.0/16')]
[IPv4Network('10.0.0.0/8'),
 IPv4Network('129.79.0.0/16'),
 IPv4Network('134.68.0.0/16'),
 IPv4Network('140.182.0.0/16'),
 IPv4Network('149.159.0.0/16'),
 IPv4Network('149.160.0.0/14'),
 IPv4Network('156.56.0.0/16'),
 IPv4Network('172.16.0.0/12'),
 IPv4Network('192.168.0.0/24'),
 IPv6Network('::/128'),
 IPv4Network('10.0.0.0/16'),
 IPv4Network('10.1.0.0/16'),
 IPv4Network('10.2.0.0/16'),
 IPv4Network('10.3.0.0/16'),
 IPv4Network('10.4.0.0/16'),
 IPv4Network('10.5.0.0/16'),
 IPv4Network('10.6.0.0/16'),
 IPv4Network('10.7.0.0/16'),
 IPv4Network('10.8.0.0/16'),
 IPv4Network('10.9.0.0/16'),
 IPv4Network('10.10.0.0/16'),
 IPv4Network('10.11.0.0/16'),
 IPv4Network('10.12.0.0/16'),
 IPv4Network('10.13.0.0/16'),
 IPv4Network('10.14.0.0/16'),
 IPv4Network('10.15.0.0/16'),
 IPv4Network('10.16.0.0/16'),
 IPv4Network('10.17.0.0/16'),
 IPv4Network('10.18.0.0/16'),
 IPv4Network('10.19.0.0/16'),
 IPv4Network('10.20.0.0/16'),
 IPv4Network('10.21.0.0/16'),
 IPv4Network('10.22.0.0/16'),
 IPv4Network('10.23.0.0/16'),
 IPv4Network('10.24.0.0/16'),
 IPv4Network('10.25.0.0/16'),
 IPv4Network('10.26.0.0/16'),
 IPv4Network('10.27.0.0/16'),
 IPv4Network('10.28.0.0/16'),
 IPv4Network('10.29.0.0/16'),
 IPv4Network('10.30.0.0/16'),
 IPv4Network('10.31.0.0/16'),
 IPv4Network('10.32.0.0/16'),
 IPv4Network('10.33.0.0/16'),
 IPv4Network('10.34.0.0/16'),
 IPv4Network('10.35.0.0/16'),
 IPv4Network('10.36.0.0/16'),
 IPv4Network('10.37.0.0/16'),
 IPv4Network('10.38.0.0/16'),
 IPv4Network('10.39.0.0/16'),
 IPv4Network('10.40.0.0/16'),
 IPv4Network('10.41.0.0/16'),
 IPv4Network('10.42.0.0/16'),
 IPv4Network('10.43.0.0/16'),
 IPv4Network('10.44.0.0/16'),
 IPv4Network('10.45.0.0/16'),
 IPv4Network('10.46.0.0/16'),
 IPv4Network('10.47.0.0/16'),
 IPv4Network('10.48.0.0/16'),
 IPv4Network('10.49.0.0/16'),
 IPv4Network('10.50.0.0/16'),
 IPv4Network('10.51.0.0/16'),
 IPv4Network('10.52.0.0/16'),
 IPv4Network('10.53.0.0/16'),
 IPv4Network('10.54.0.0/16'),
 IPv4Network('10.55.0.0/16'),
 IPv4Network('10.56.0.0/16'),
 IPv4Network('10.57.0.0/16'),
 IPv4Network('10.58.0.0/16'),
 IPv4Network('10.59.0.0/16'),
 IPv4Network('10.60.0.0/16'),
 IPv4Network('10.61.0.0/16'),
 IPv4Network('10.62.0.0/16'),
 IPv4Network('10.63.0.0/16'),
 IPv4Network('10.64.0.0/16'),
 IPv4Network('10.65.0.0/16'),
 IPv4Network('10.66.0.0/16'),
 IPv4Network('10.67.0.0/16'),
 IPv4Network('10.68.0.0/16'),
 IPv4Network('10.69.0.0/16'),
 IPv4Network('10.70.0.0/16'),
 IPv4Network('10.71.0.0/16'),
 IPv4Network('10.72.0.0/16'),
 IPv4Network('10.73.0.0/16'),
 IPv4Network('10.74.0.0/16'),
 IPv4Network('10.75.0.0/16'),
 IPv4Network('10.76.0.0/16'),
 IPv4Network('10.77.0.0/16'),
 IPv4Network('10.78.0.0/16'),
 IPv4Network('10.79.0.0/16'),
 IPv4Network('10.80.0.0/16'),
 IPv4Network('10.81.0.0/16'),
 IPv4Network('10.82.0.0/16'),
 IPv4Network('10.83.0.0/16'),
 IPv4Network('10.84.0.0/16'),
 IPv4Network('10.85.0.0/16'),
 IPv4Network('10.86.0.0/16'),
 IPv4Network('10.87.0.0/16'),
 IPv4Network('10.88.0.0/16'),
 IPv4Network('10.89.0.0/16'),
 IPv4Network('10.90.0.0/16'),
 IPv4Network('10.91.0.0/16'),
 IPv4Network('10.92.0.0/16'),
 IPv4Network('10.93.0.0/16'),
 IPv4Network('10.94.0.0/16'),
 IPv4Network('10.95.0.0/16'),
 IPv4Network('10.96.0.0/16'),
 IPv4Network('10.97.0.0/16'),
 IPv4Network('10.98.0.0/16'),
 IPv4Network('10.99.0.0/16'),
 IPv4Network('10.100.0.0/16'),
 IPv4Network('10.101.0.0/16'),
 IPv4Network('10.102.0.0/16'),
 IPv4Network('10.103.0.0/16'),
 IPv4Network('10.104.0.0/16'),
 IPv4Network('10.105.0.0/16'),
 IPv4Network('10.106.0.0/16'),
 IPv4Network('10.107.0.0/16'),
 IPv4Network('10.108.0.0/16'),
 IPv4Network('10.109.0.0/16'),
 IPv4Network('10.110.0.0/16'),
 IPv4Network('10.111.0.0/16'),
 IPv4Network('10.112.0.0/16'),
 IPv4Network('10.113.0.0/16'),
 IPv4Network('10.114.0.0/16'),
 IPv4Network('10.115.0.0/16'),
 IPv4Network('10.116.0.0/16'),
 IPv4Network('10.117.0.0/16'),
 IPv4Network('10.118.0.0/16'),
 IPv4Network('10.119.0.0/16'),
 IPv4Network('10.120.0.0/16'),
 IPv4Network('10.121.0.0/16'),
 IPv4Network('10.122.0.0/16'),
 IPv4Network('10.123.0.0/16'),
 IPv4Network('10.124.0.0/16'),
 IPv4Network('10.125.0.0/16'),
 IPv4Network('10.126.0.0/16'),
 IPv4Network('10.127.0.0/16'),
 IPv4Network('10.128.0.0/16'),
 IPv4Network('10.129.0.0/16'),
 IPv4Network('10.130.0.0/16'),
 IPv4Network('10.131.0.0/16'),
 IPv4Network('10.132.0.0/16'),
 IPv4Network('10.133.0.0/16'),
 IPv4Network('10.134.0.0/16'),
 IPv4Network('10.135.0.0/16'),
 IPv4Network('10.136.0.0/16'),
 IPv4Network('10.137.0.0/16'),
 IPv4Network('10.138.0.0/16'),
 IPv4Network('10.139.0.0/16'),
 IPv4Network('10.140.0.0/16'),
 IPv4Network('10.141.0.0/16'),
 IPv4Network('10.142.0.0/16'),
 IPv4Network('10.143.0.0/16'),
 IPv4Network('10.144.0.0/16'),
 IPv4Network('10.145.0.0/16'),
 IPv4Network('10.146.0.0/16'),
 IPv4Network('10.147.0.0/16'),
 IPv4Network('10.148.0.0/16'),
 IPv4Network('10.149.0.0/16'),
 IPv4Network('10.150.0.0/16'),
 IPv4Network('10.151.0.0/16'),
 IPv4Network('10.152.0.0/16'),
 IPv4Network('10.153.0.0/16'),
 IPv4Network('10.154.0.0/16'),
 IPv4Network('10.155.0.0/16'),
 IPv4Network('10.156.0.0/16'),
 IPv4Network('10.157.0.0/16'),
 IPv4Network('10.158.0.0/16'),
 IPv4Network('10.159.0.0/16'),
 IPv4Network('10.160.0.0/16'),
 IPv4Network('10.161.0.0/16'),
 IPv4Network('10.162.0.0/16'),
 IPv4Network('10.163.0.0/16'),
 IPv4Network('10.164.0.0/16'),
 IPv4Network('10.165.0.0/16'),
 IPv4Network('10.166.0.0/16'),
 IPv4Network('10.167.0.0/16'),
 IPv4Network('10.168.0.0/16'),
 IPv4Network('10.169.0.0/16'),
 IPv4Network('10.170.0.0/16'),
 IPv4Network('10.171.0.0/16'),
 IPv4Network('10.172.0.0/16'),
 IPv4Network('10.173.0.0/16'),
 IPv4Network('10.174.0.0/16'),
 IPv4Network('10.175.0.0/16'),
 IPv4Network('10.176.0.0/16'),
 IPv4Network('10.177.0.0/16'),
 IPv4Network('10.178.0.0/16'),
 IPv4Network('10.179.0.0/16'),
 IPv4Network('10.180.0.0/16'),
 IPv4Network('10.181.0.0/16'),
 IPv4Network('10.182.0.0/16'),
 IPv4Network('10.183.0.0/16'),
 IPv4Network('10.184.0.0/16'),
 IPv4Network('10.185.0.0/16'),
 IPv4Network('10.186.0.0/16'),
 IPv4Network('10.187.0.0/16'),
 IPv4Network('10.188.0.0/16'),
 IPv4Network('10.189.0.0/16'),
 IPv4Network('10.190.0.0/16'),
 IPv4Network('10.191.0.0/16')]
[IPv4Network('10.0.0.0/8'),
 IPv4Network('129.79.0.0/16'),
 IPv4Network('134.68.0.0/16'),
 IPv4Network('140.182.0.0/16'),
 IPv4Network('149.159.0.0/16'),
 IPv4Network('149.160.0.0/14'),
 IPv4Network('156.56.0.0/16'),
 IPv4Network('172.16.0.0/12'),
 IPv4Network('192.168.0.0/24'),
 IPv6Network('::/128'),
 IPv4Network('10.0.0.0/16'),
 IPv4Network('10.1.0.0/16'),
 IPv4Network('10.2.0.0/16'),
 IPv4Network('10.3.0.0/16'),
 IPv4Network('10.4.0.0/16'),
 IPv4Network('10.5.0.0/16'),
 IPv4Network('10.6.0.0/16'),
 IPv4Network('10.7.0.0/16'),
 IPv4Network('10.8.0.0/16'),
 IPv4Network('10.9.0.0/16'),
 IPv4Network('10.10.0.0/16'),
 IPv4Network('10.11.0.0/16'),
 IPv4Network('10.12.0.0/16'),
 IPv4Network('10.13.0.0/16'),
 IPv4Network('10.14.0.0/16'),
 IPv4Network('10.15.0.0/16'),
 IPv4Network('10.16.0.0/16'),
 IPv4Network('10.17.0.0/16'),
 IPv4Network('10.18.0.0/16'),
 IPv4Network('10.19.0.0/16'),
 IPv4Network('10.20.0.0/16'),
 IPv4Network('10.21.0.0/16'),
 IPv4Network('10.22.0.0/16'),
 IPv4Network('10.23.0.0/16'),
 IPv4Network('10.24.0.0/16'),
 IPv4Network('10.25.0.0/16'),
 IPv4Network('10.26.0.0/16'),
 IPv4Network('10.27.0.0/16'),
 IPv4Network('10.28.0.0/16'),
 IPv4Network('10.29.0.0/16'),
 IPv4Network('10.30.0.0/16'),
 IPv4Network('10.31.0.0/16'),
 IPv4Network('10.32.0.0/16'),
 IPv4Network('10.33.0.0/16'),
 IPv4Network('10.34.0.0/16'),
 IPv4Network('10.35.0.0/16'),
 IPv4Network('10.36.0.0/16'),
 IPv4Network('10.37.0.0/16'),
 IPv4Network('10.38.0.0/16'),
 IPv4Network('10.39.0.0/16'),
 IPv4Network('10.40.0.0/16'),
 IPv4Network('10.41.0.0/16'),
 IPv4Network('10.42.0.0/16'),
 IPv4Network('10.43.0.0/16'),
 IPv4Network('10.44.0.0/16'),
 IPv4Network('10.45.0.0/16'),
 IPv4Network('10.46.0.0/16'),
 IPv4Network('10.47.0.0/16'),
 IPv4Network('10.48.0.0/16'),
 IPv4Network('10.49.0.0/16'),
 IPv4Network('10.50.0.0/16'),
 IPv4Network('10.51.0.0/16'),
 IPv4Network('10.52.0.0/16'),
 IPv4Network('10.53.0.0/16'),
 IPv4Network('10.54.0.0/16'),
 IPv4Network('10.55.0.0/16'),
 IPv4Network('10.56.0.0/16'),
 IPv4Network('10.57.0.0/16'),
 IPv4Network('10.58.0.0/16'),
 IPv4Network('10.59.0.0/16'),
 IPv4Network('10.60.0.0/16'),
 IPv4Network('10.61.0.0/16'),
 IPv4Network('10.62.0.0/16'),
 IPv4Network('10.63.0.0/16'),
 IPv4Network('10.64.0.0/16'),
 IPv4Network('10.65.0.0/16'),
 IPv4Network('10.66.0.0/16'),
 IPv4Network('10.67.0.0/16'),
 IPv4Network('10.68.0.0/16'),
 IPv4Network('10.69.0.0/16'),
 IPv4Network('10.70.0.0/16'),
 IPv4Network('10.71.0.0/16'),
 IPv4Network('10.72.0.0/16'),
 IPv4Network('10.73.0.0/16'),
 IPv4Network('10.74.0.0/16'),
 IPv4Network('10.75.0.0/16'),
 IPv4Network('10.76.0.0/16'),
 IPv4Network('10.77.0.0/16'),
 IPv4Network('10.78.0.0/16'),
 IPv4Network('10.79.0.0/16'),
 IPv4Network('10.80.0.0/16'),
 IPv4Network('10.81.0.0/16'),
 IPv4Network('10.82.0.0/16'),
 IPv4Network('10.83.0.0/16'),
 IPv4Network('10.84.0.0/16'),
 IPv4Network('10.85.0.0/16'),
 IPv4Network('10.86.0.0/16'),
 IPv4Network('10.87.0.0/16'),
 IPv4Network('10.88.0.0/16'),
 IPv4Network('10.89.0.0/16'),
 IPv4Network('10.90.0.0/16'),
 IPv4Network('10.91.0.0/16'),
 IPv4Network('10.92.0.0/16'),
 IPv4Network('10.93.0.0/16'),
 IPv4Network('10.94.0.0/16'),
 IPv4Network('10.95.0.0/16'),
 IPv4Network('10.96.0.0/16'),
 IPv4Network('10.97.0.0/16'),
 IPv4Network('10.98.0.0/16'),
 IPv4Network('10.99.0.0/16'),
 IPv4Network('10.100.0.0/16'),
 IPv4Network('10.101.0.0/16'),
 IPv4Network('10.102.0.0/16'),
 IPv4Network('10.103.0.0/16'),
 IPv4Network('10.104.0.0/16'),
 IPv4Network('10.105.0.0/16'),
 IPv4Network('10.106.0.0/16'),
 IPv4Network('10.107.0.0/16'),
 IPv4Network('10.108.0.0/16'),
 IPv4Network('10.109.0.0/16'),
 IPv4Network('10.110.0.0/16'),
 IPv4Network('10.111.0.0/16'),
 IPv4Network('10.112.0.0/16'),
 IPv4Network('10.113.0.0/16'),
 IPv4Network('10.114.0.0/16'),
 IPv4Network('10.115.0.0/16'),
 IPv4Network('10.116.0.0/16'),
 IPv4Network('10.117.0.0/16'),
 IPv4Network('10.118.0.0/16'),
 IPv4Network('10.119.0.0/16'),
 IPv4Network('10.120.0.0/16'),
 IPv4Network('10.121.0.0/16'),
 IPv4Network('10.122.0.0/16'),
 IPv4Network('10.123.0.0/16'),
 IPv4Network('10.124.0.0/16'),
 IPv4Network('10.125.0.0/16'),
 IPv4Network('10.126.0.0/16'),
 IPv4Network('10.127.0.0/16'),
 IPv4Network('10.128.0.0/16'),
 IPv4Network('10.129.0.0/16'),
 IPv4Network('10.130.0.0/16'),
 IPv4Network('10.131.0.0/16'),
 IPv4Network('10.132.0.0/16'),
 IPv4Network('10.133.0.0/16'),
 IPv4Network('10.134.0.0/16'),
 IPv4Network('10.135.0.0/16'),
 IPv4Network('10.136.0.0/16'),
 IPv4Network('10.137.0.0/16'),
 IPv4Network('10.138.0.0/16'),
 IPv4Network('10.139.0.0/16'),
 IPv4Network('10.140.0.0/16'),
 IPv4Network('10.141.0.0/16'),
 IPv4Network('10.142.0.0/16'),
 IPv4Network('10.143.0.0/16'),
 IPv4Network('10.144.0.0/16'),
 IPv4Network('10.145.0.0/16'),
 IPv4Network('10.146.0.0/16'),
 IPv4Network('10.147.0.0/16'),
 IPv4Network('10.148.0.0/16'),
 IPv4Network('10.149.0.0/16'),
 IPv4Network('10.150.0.0/16'),
 IPv4Network('10.151.0.0/16'),
 IPv4Network('10.152.0.0/16'),
 IPv4Network('10.153.0.0/16'),
 IPv4Network('10.154.0.0/16'),
 IPv4Network('10.155.0.0/16'),
 IPv4Network('10.156.0.0/16'),
 IPv4Network('10.157.0.0/16'),
 IPv4Network('10.158.0.0/16'),
 IPv4Network('10.159.0.0/16'),
 IPv4Network('10.160.0.0/16'),
 IPv4Network('10.161.0.0/16'),
 IPv4Network('10.162.0.0/16'),
 IPv4Network('10.163.0.0/16'),
 IPv4Network('10.164.0.0/16'),
 IPv4Network('10.165.0.0/16'),
 IPv4Network('10.166.0.0/16'),
 IPv4Network('10.167.0.0/16'),
 IPv4Network('10.168.0.0/16'),
 IPv4Network('10.169.0.0/16'),
 IPv4Network('10.170.0.0/16'),
 IPv4Network('10.171.0.0/16'),
 IPv4Network('10.172.0.0/16'),
 IPv4Network('10.173.0.0/16'),
 IPv4Network('10.174.0.0/16'),
 IPv4Network('10.175.0.0/16'),
 IPv4Network('10.176.0.0/16'),
 IPv4Network('10.177.0.0/16'),
 IPv4Network('10.178.0.0/16'),
 IPv4Network('10.179.0.0/16'),
 IPv4Network('10.180.0.0/16'),
 IPv4Network('10.181.0.0/16'),
 IPv4Network('10.182.0.0/16'),
 IPv4Network('10.183.0.0/16'),
 IPv4Network('10.184.0.0/16'),
 IPv4Network('10.185.0.0/16'),
 IPv4Network('10.186.0.0/16'),
 IPv4Network('10.187.0.0/16'),
 IPv4Network('10.188.0.0/16'),
 IPv4Network('10.189.0.0/16'),
 IPv4Network('10.190.0.0/16'),
 IPv4Network('10.191.0.0/16')]
[IPv4Network('10.0.0.0/8'),
 IPv4Network('129.79.0.0/16'),
 IPv4Network('134.68.0.0/16'),
 IPv4Network('140.182.0.0/16'),
 IPv4Network('149.159.0.0/16'),
 IPv4Network('149.160.0.0/14'),
 IPv4Network('156.56.0.0/16'),
 IPv4Network('172.16.0.0/12'),
 IPv4Network('192.168.0.0/24'),
 IPv6Network('::/128'),
 IPv4Network('10.0.0.0/16'),
 IPv4Network('10.1.0.0/16'),
 IPv4Network('10.2.0.0/16'),
 IPv4Network('10.3.0.0/16'),
 IPv4Network('10.4.0.0/16'),
 IPv4Network('10.5.0.0/16'),
 IPv4Network('10.6.0.0/16'),
 IPv4Network('10.7.0.0/16'),
 IPv4Network('10.8.0.0/16'),
 IPv4Network('10.9.0.0/16'),
 IPv4Network('10.10.0.0/16'),
 IPv4Network('10.11.0.0/16'),
 IPv4Network('10.12.0.0/16'),
 IPv4Network('10.13.0.0/16'),
 IPv4Network('10.14.0.0/16'),
 IPv4Network('10.15.0.0/16'),
 IPv4Network('10.16.0.0/16'),
 IPv4Network('10.17.0.0/16'),
 IPv4Network('10.18.0.0/16'),
 IPv4Network('10.19.0.0/16'),
 IPv4Network('10.20.0.0/16'),
 IPv4Network('10.21.0.0/16'),
 IPv4Network('10.22.0.0/16'),
 IPv4Network('10.23.0.0/16'),
 IPv4Network('10.24.0.0/16'),
 IPv4Network('10.25.0.0/16'),
 IPv4Network('10.26.0.0/16'),
 IPv4Network('10.27.0.0/16'),
 IPv4Network('10.28.0.0/16'),
 IPv4Network('10.29.0.0/16'),
 IPv4Network('10.30.0.0/16'),
 IPv4Network('10.31.0.0/16'),
 IPv4Network('10.32.0.0/16'),
 IPv4Network('10.33.0.0/16'),
 IPv4Network('10.34.0.0/16'),
 IPv4Network('10.35.0.0/16'),
 IPv4Network('10.36.0.0/16'),
 IPv4Network('10.37.0.0/16'),
 IPv4Network('10.38.0.0/16'),
 IPv4Network('10.39.0.0/16'),
 IPv4Network('10.40.0.0/16'),
 IPv4Network('10.41.0.0/16'),
 IPv4Network('10.42.0.0/16'),
 IPv4Network('10.43.0.0/16'),
 IPv4Network('10.44.0.0/16'),
 IPv4Network('10.45.0.0/16'),
 IPv4Network('10.46.0.0/16'),
 IPv4Network('10.47.0.0/16'),
 IPv4Network('10.48.0.0/16'),
 IPv4Network('10.49.0.0/16'),
 IPv4Network('10.50.0.0/16'),
 IPv4Network('10.51.0.0/16'),
 IPv4Network('10.52.0.0/16'),
 IPv4Network('10.53.0.0/16'),
 IPv4Network('10.54.0.0/16'),
 IPv4Network('10.55.0.0/16'),
 IPv4Network('10.56.0.0/16'),
 IPv4Network('10.57.0.0/16'),
 IPv4Network('10.58.0.0/16'),
 IPv4Network('10.59.0.0/16'),
 IPv4Network('10.60.0.0/16'),
 IPv4Network('10.61.0.0/16'),
 IPv4Network('10.62.0.0/16'),
 IPv4Network('10.63.0.0/16'),
 IPv4Network('10.64.0.0/16'),
 IPv4Network('10.65.0.0/16'),
 IPv4Network('10.66.0.0/16'),
 IPv4Network('10.67.0.0/16'),
 IPv4Network('10.68.0.0/16'),
 IPv4Network('10.69.0.0/16'),
 IPv4Network('10.70.0.0/16'),
 IPv4Network('10.71.0.0/16'),
 IPv4Network('10.72.0.0/16'),
 IPv4Network('10.73.0.0/16'),
 IPv4Network('10.74.0.0/16'),
 IPv4Network('10.75.0.0/16'),
 IPv4Network('10.76.0.0/16'),
 IPv4Network('10.77.0.0/16'),
 IPv4Network('10.78.0.0/16'),
 IPv4Network('10.79.0.0/16'),
 IPv4Network('10.80.0.0/16'),
 IPv4Network('10.81.0.0/16'),
 IPv4Network('10.82.0.0/16'),
 IPv4Network('10.83.0.0/16'),
 IPv4Network('10.84.0.0/16'),
 IPv4Network('10.85.0.0/16'),
 IPv4Network('10.86.0.0/16'),
 IPv4Network('10.87.0.0/16'),
 IPv4Network('10.88.0.0/16'),
 IPv4Network('10.89.0.0/16'),
 IPv4Network('10.90.0.0/16'),
 IPv4Network('10.91.0.0/16'),
 IPv4Network('10.92.0.0/16'),
 IPv4Network('10.93.0.0/16'),
 IPv4Network('10.94.0.0/16'),
 IPv4Network('10.95.0.0/16'),
 IPv4Network('10.96.0.0/16'),
 IPv4Network('10.97.0.0/16'),
 IPv4Network('10.98.0.0/16'),
 IPv4Network('10.99.0.0/16'),
 IPv4Network('10.100.0.0/16'),
 IPv4Network('10.101.0.0/16'),
 IPv4Network('10.102.0.0/16'),
 IPv4Network('10.103.0.0/16'),
 IPv4Network('10.104.0.0/16'),
 IPv4Network('10.105.0.0/16'),
 IPv4Network('10.106.0.0/16'),
 IPv4Network('10.107.0.0/16'),
 IPv4Network('10.108.0.0/16'),
 IPv4Network('10.109.0.0/16'),
 IPv4Network('10.110.0.0/16'),
 IPv4Network('10.111.0.0/16'),
 IPv4Network('10.112.0.0/16'),
 IPv4Network('10.113.0.0/16'),
 IPv4Network('10.114.0.0/16'),
 IPv4Network('10.115.0.0/16'),
 IPv4Network('10.116.0.0/16'),
 IPv4Network('10.117.0.0/16'),
 IPv4Network('10.118.0.0/16'),
 IPv4Network('10.119.0.0/16'),
 IPv4Network('10.120.0.0/16'),
 IPv4Network('10.121.0.0/16'),
 IPv4Network('10.122.0.0/16'),
 IPv4Network('10.123.0.0/16'),
 IPv4Network('10.124.0.0/16'),
 IPv4Network('10.125.0.0/16'),
 IPv4Network('10.126.0.0/16'),
 IPv4Network('10.127.0.0/16'),
 IPv4Network('10.128.0.0/16'),
 IPv4Network('10.129.0.0/16'),
 IPv4Network('10.130.0.0/16'),
 IPv4Network('10.131.0.0/16'),
 IPv4Network('10.132.0.0/16'),
 IPv4Network('10.133.0.0/16'),
 IPv4Network('10.134.0.0/16'),
 IPv4Network('10.135.0.0/16'),
 IPv4Network('10.136.0.0/16'),
 IPv4Network('10.137.0.0/16'),
 IPv4Network('10.138.0.0/16'),
 IPv4Network('10.139.0.0/16'),
 IPv4Network('10.140.0.0/16'),
 IPv4Network('10.141.0.0/16'),
 IPv4Network('10.142.0.0/16'),
 IPv4Network('10.143.0.0/16'),
 IPv4Network('10.144.0.0/16'),
 IPv4Network('10.145.0.0/16'),
 IPv4Network('10.146.0.0/16'),
 IPv4Network('10.147.0.0/16'),
 IPv4Network('10.148.0.0/16'),
 IPv4Network('10.149.0.0/16'),
 IPv4Network('10.150.0.0/16'),
 IPv4Network('10.151.0.0/16'),
 IPv4Network('10.152.0.0/16'),
 IPv4Network('10.153.0.0/16'),
 IPv4Network('10.154.0.0/16'),
 IPv4Network('10.155.0.0/16'),
 IPv4Network('10.156.0.0/16'),
 IPv4Network('10.157.0.0/16'),
 IPv4Network('10.158.0.0/16'),
 IPv4Network('10.159.0.0/16'),
 IPv4Network('10.160.0.0/16'),
 IPv4Network('10.161.0.0/16'),
 IPv4Network('10.162.0.0/16'),
 IPv4Network('10.163.0.0/16'),
 IPv4Network('10.164.0.0/16'),
 IPv4Network('10.165.0.0/16'),
 IPv4Network('10.166.0.0/16'),
 IPv4Network('10.167.0.0/16'),
 IPv4Network('10.168.0.0/16'),
 IPv4Network('10.169.0.0/16'),
 IPv4Network('10.170.0.0/16'),
 IPv4Network('10.171.0.0/16'),
 IPv4Network('10.172.0.0/16'),
 IPv4Network('10.173.0.0/16'),
 IPv4Network('10.174.0.0/16'),
 IPv4Network('10.175.0.0/16'),
 IPv4Network('10.176.0.0/16'),
 IPv4Network('10.177.0.0/16'),
 IPv4Network('10.178.0.0/16'),
 IPv4Network('10.179.0.0/16'),
 IPv4Network('10.180.0.0/16'),
 IPv4Network('10.181.0.0/16'),
 IPv4Network('10.182.0.0/16'),
 IPv4Network('10.183.0.0/16'),
 IPv4Network('10.184.0.0/16'),
 IPv4Network('10.185.0.0/16'),
 IPv4Network('10.186.0.0/16'),
 IPv4Network('10.187.0.0/16'),
 IPv4Network('10.188.0.0/16'),
 IPv4Network('10.189.0.0/16'),
 IPv4Network('10.190.0.0/16'),
 IPv4Network('10.191.0.0/16')]
[IPv4Network('10.0.0.0/8'),
 IPv4Network('129.79.0.0/16'),
 IPv4Network('134.68.0.0/16'),
 IPv4Network('140.182.0.0/16'),
 IPv4Network('149.159.0.0/16'),
 IPv4Network('149.160.0.0/14'),
 IPv4Network('156.56.0.0/16'),
 IPv4Network('172.16.0.0/12'),
 IPv4Network('192.168.0.0/24'),
 IPv6Network('::/128'),
 IPv4Network('10.0.0.0/16'),
 IPv4Network('10.1.0.0/16'),
 IPv4Network('10.2.0.0/16'),
 IPv4Network('10.3.0.0/16'),
 IPv4Network('10.4.0.0/16'),
 IPv4Network('10.5.0.0/16'),
 IPv4Network('10.6.0.0/16'),
 IPv4Network('10.7.0.0/16'),
 IPv4Network('10.8.0.0/16'),
 IPv4Network('10.9.0.0/16'),
 IPv4Network('10.10.0.0/16'),
 IPv4Network('10.11.0.0/16'),
 IPv4Network('10.12.0.0/16'),
 IPv4Network('10.13.0.0/16'),
 IPv4Network('10.14.0.0/16'),
 IPv4Network('10.15.0.0/16'),
 IPv4Network('10.16.0.0/16'),
 IPv4Network('10.17.0.0/16'),
 IPv4Network('10.18.0.0/16'),
 IPv4Network('10.19.0.0/16'),
 IPv4Network('10.20.0.0/16'),
 IPv4Network('10.21.0.0/16'),
 IPv4Network('10.22.0.0/16'),
 IPv4Network('10.23.0.0/16'),
 IPv4Network('10.24.0.0/16'),
 IPv4Network('10.25.0.0/16'),
 IPv4Network('10.26.0.0/16'),
 IPv4Network('10.27.0.0/16'),
 IPv4Network('10.28.0.0/16'),
 IPv4Network('10.29.0.0/16'),
 IPv4Network('10.30.0.0/16'),
 IPv4Network('10.31.0.0/16'),
 IPv4Network('10.32.0.0/16'),
 IPv4Network('10.33.0.0/16'),
 IPv4Network('10.34.0.0/16'),
 IPv4Network('10.35.0.0/16'),
 IPv4Network('10.36.0.0/16'),
 IPv4Network('10.37.0.0/16'),
 IPv4Network('10.38.0.0/16'),
 IPv4Network('10.39.0.0/16'),
 IPv4Network('10.40.0.0/16'),
 IPv4Network('10.41.0.0/16'),
 IPv4Network('10.42.0.0/16'),
 IPv4Network('10.43.0.0/16'),
 IPv4Network('10.44.0.0/16'),
 IPv4Network('10.45.0.0/16'),
 IPv4Network('10.46.0.0/16'),
 IPv4Network('10.47.0.0/16'),
 IPv4Network('10.48.0.0/16'),
 IPv4Network('10.49.0.0/16'),
 IPv4Network('10.50.0.0/16'),
 IPv4Network('10.51.0.0/16'),
 IPv4Network('10.52.0.0/16'),
 IPv4Network('10.53.0.0/16'),
 IPv4Network('10.54.0.0/16'),
 IPv4Network('10.55.0.0/16'),
 IPv4Network('10.56.0.0/16'),
 IPv4Network('10.57.0.0/16'),
 IPv4Network('10.58.0.0/16'),
 IPv4Network('10.59.0.0/16'),
 IPv4Network('10.60.0.0/16'),
 IPv4Network('10.61.0.0/16'),
 IPv4Network('10.62.0.0/16'),
 IPv4Network('10.63.0.0/16'),
 IPv4Network('10.64.0.0/16'),
 IPv4Network('10.65.0.0/16'),
 IPv4Network('10.66.0.0/16'),
 IPv4Network('10.67.0.0/16'),
 IPv4Network('10.68.0.0/16'),
 IPv4Network('10.69.0.0/16'),
 IPv4Network('10.70.0.0/16'),
 IPv4Network('10.71.0.0/16'),
 IPv4Network('10.72.0.0/16'),
 IPv4Network('10.73.0.0/16'),
 IPv4Network('10.74.0.0/16'),
 IPv4Network('10.75.0.0/16'),
 IPv4Network('10.76.0.0/16'),
 IPv4Network('10.77.0.0/16'),
 IPv4Network('10.78.0.0/16'),
 IPv4Network('10.79.0.0/16'),
 IPv4Network('10.80.0.0/16'),
 IPv4Network('10.81.0.0/16'),
 IPv4Network('10.82.0.0/16'),
 IPv4Network('10.83.0.0/16'),
 IPv4Network('10.84.0.0/16'),
 IPv4Network('10.85.0.0/16'),
 IPv4Network('10.86.0.0/16'),
 IPv4Network('10.87.0.0/16'),
 IPv4Network('10.88.0.0/16'),
 IPv4Network('10.89.0.0/16'),
 IPv4Network('10.90.0.0/16'),
 IPv4Network('10.91.0.0/16'),
 IPv4Network('10.92.0.0/16'),
 IPv4Network('10.93.0.0/16'),
 IPv4Network('10.94.0.0/16'),
 IPv4Network('10.95.0.0/16'),
 IPv4Network('10.96.0.0/16'),
 IPv4Network('10.97.0.0/16'),
 IPv4Network('10.98.0.0/16'),
 IPv4Network('10.99.0.0/16'),
 IPv4Network('10.100.0.0/16'),
 IPv4Network('10.101.0.0/16'),
 IPv4Network('10.102.0.0/16'),
 IPv4Network('10.103.0.0/16'),
 IPv4Network('10.104.0.0/16'),
 IPv4Network('10.105.0.0/16'),
 IPv4Network('10.106.0.0/16'),
 IPv4Network('10.107.0.0/16'),
 IPv4Network('10.108.0.0/16'),
 IPv4Network('10.109.0.0/16'),
 IPv4Network('10.110.0.0/16'),
 IPv4Network('10.111.0.0/16'),
 IPv4Network('10.112.0.0/16'),
 IPv4Network('10.113.0.0/16'),
 IPv4Network('10.114.0.0/16'),
 IPv4Network('10.115.0.0/16'),
 IPv4Network('10.116.0.0/16'),
 IPv4Network('10.117.0.0/16'),
 IPv4Network('10.118.0.0/16'),
 IPv4Network('10.119.0.0/16'),
 IPv4Network('10.120.0.0/16'),
 IPv4Network('10.121.0.0/16'),
 IPv4Network('10.122.0.0/16'),
 IPv4Network('10.123.0.0/16'),
 IPv4Network('10.124.0.0/16'),
 IPv4Network('10.125.0.0/16'),
 IPv4Network('10.126.0.0/16'),
 IPv4Network('10.127.0.0/16'),
 IPv4Network('10.128.0.0/16'),
 IPv4Network('10.129.0.0/16'),
 IPv4Network('10.130.0.0/16'),
 IPv4Network('10.131.0.0/16'),
 IPv4Network('10.132.0.0/16'),
 IPv4Network('10.133.0.0/16'),
 IPv4Network('10.134.0.0/16'),
 IPv4Network('10.135.0.0/16'),
 IPv4Network('10.136.0.0/16'),
 IPv4Network('10.137.0.0/16'),
 IPv4Network('10.138.0.0/16'),
 IPv4Network('10.139.0.0/16'),
 IPv4Network('10.140.0.0/16'),
 IPv4Network('10.141.0.0/16'),
 IPv4Network('10.142.0.0/16'),
 IPv4Network('10.143.0.0/16'),
 IPv4Network('10.144.0.0/16'),
 IPv4Network('10.145.0.0/16'),
 IPv4Network('10.146.0.0/16'),
 IPv4Network('10.147.0.0/16'),
 IPv4Network('10.148.0.0/16'),
 IPv4Network('10.149.0.0/16'),
 IPv4Network('10.150.0.0/16'),
 IPv4Network('10.151.0.0/16'),
 IPv4Network('10.152.0.0/16'),
 IPv4Network('10.153.0.0/16'),
 IPv4Network('10.154.0.0/16'),
 IPv4Network('10.155.0.0/16'),
 IPv4Network('10.156.0.0/16'),
 IPv4Network('10.157.0.0/16'),
 IPv4Network('10.158.0.0/16'),
 IPv4Network('10.159.0.0/16'),
 IPv4Network('10.160.0.0/16'),
 IPv4Network('10.161.0.0/16'),
 IPv4Network('10.162.0.0/16'),
 IPv4Network('10.163.0.0/16'),
 IPv4Network('10.164.0.0/16'),
 IPv4Network('10.165.0.0/16'),
 IPv4Network('10.166.0.0/16'),
 IPv4Network('10.167.0.0/16'),
 IPv4Network('10.168.0.0/16'),
 IPv4Network('10.169.0.0/16'),
 IPv4Network('10.170.0.0/16'),
 IPv4Network('10.171.0.0/16'),
 IPv4Network('10.172.0.0/16'),
 IPv4Network('10.173.0.0/16'),
 IPv4Network('10.174.0.0/16'),
 IPv4Network('10.175.0.0/16'),
 IPv4Network('10.176.0.0/16'),
 IPv4Network('10.177.0.0/16'),
 IPv4Network('10.178.0.0/16'),
 IPv4Network('10.179.0.0/16'),
 IPv4Network('10.180.0.0/16'),
 IPv4Network('10.181.0.0/16'),
 IPv4Network('10.182.0.0/16'),
 IPv4Network('10.183.0.0/16'),
 IPv4Network('10.184.0.0/16'),
 IPv4Network('10.185.0.0/16'),
 IPv4Network('10.186.0.0/16'),
 IPv4Network('10.187.0.0/16'),
 IPv4Network('10.188.0.0/16'),
 IPv4Network('10.189.0.0/16'),
 IPv4Network('10.190.0.0/16'),
 IPv4Network('10.191.0.0/16')]
[IPv4Network('10.0.0.0/8'),
 IPv4Network('129.79.0.0/16'),
 IPv4Network('134.68.0.0/16'),
 IPv4Network('140.182.0.0/16'),
 IPv4Network('149.159.0.0/16'),
 IPv4Network('149.160.0.0/14'),
 IPv4Network('156.56.0.0/16'),
 IPv4Network('172.16.0.0/12'),
 IPv4Network('192.168.0.0/24'),
 IPv6Network('::/128'),
 IPv4Network('10.0.0.0/16'),
 IPv4Network('10.1.0.0/16'),
 IPv4Network('10.2.0.0/16'),
 IPv4Network('10.3.0.0/16'),
 IPv4Network('10.4.0.0/16'),
 IPv4Network('10.5.0.0/16'),
 IPv4Network('10.6.0.0/16'),
 IPv4Network('10.7.0.0/16'),
 IPv4Network('10.8.0.0/16'),
 IPv4Network('10.9.0.0/16'),
 IPv4Network('10.10.0.0/16'),
 IPv4Network('10.11.0.0/16'),
 IPv4Network('10.12.0.0/16'),
 IPv4Network('10.13.0.0/16'),
 IPv4Network('10.14.0.0/16'),
 IPv4Network('10.15.0.0/16'),
 IPv4Network('10.16.0.0/16'),
 IPv4Network('10.17.0.0/16'),
 IPv4Network('10.18.0.0/16'),
 IPv4Network('10.19.0.0/16'),
 IPv4Network('10.20.0.0/16'),
 IPv4Network('10.21.0.0/16'),
 IPv4Network('10.22.0.0/16'),
 IPv4Network('10.23.0.0/16'),
 IPv4Network('10.24.0.0/16'),
 IPv4Network('10.25.0.0/16'),
 IPv4Network('10.26.0.0/16'),
 IPv4Network('10.27.0.0/16'),
 IPv4Network('10.28.0.0/16'),
 IPv4Network('10.29.0.0/16'),
 IPv4Network('10.30.0.0/16'),
 IPv4Network('10.31.0.0/16'),
 IPv4Network('10.32.0.0/16'),
 IPv4Network('10.33.0.0/16'),
 IPv4Network('10.34.0.0/16'),
 IPv4Network('10.35.0.0/16'),
 IPv4Network('10.36.0.0/16'),
 IPv4Network('10.37.0.0/16'),
 IPv4Network('10.38.0.0/16'),
 IPv4Network('10.39.0.0/16'),
 IPv4Network('10.40.0.0/16'),
 IPv4Network('10.41.0.0/16'),
 IPv4Network('10.42.0.0/16'),
 IPv4Network('10.43.0.0/16'),
 IPv4Network('10.44.0.0/16'),
 IPv4Network('10.45.0.0/16'),
 IPv4Network('10.46.0.0/16'),
 IPv4Network('10.47.0.0/16'),
 IPv4Network('10.48.0.0/16'),
 IPv4Network('10.49.0.0/16'),
 IPv4Network('10.50.0.0/16'),
 IPv4Network('10.51.0.0/16'),
 IPv4Network('10.52.0.0/16'),
 IPv4Network('10.53.0.0/16'),
 IPv4Network('10.54.0.0/16'),
 IPv4Network('10.55.0.0/16'),
 IPv4Network('10.56.0.0/16'),
 IPv4Network('10.57.0.0/16'),
 IPv4Network('10.58.0.0/16'),
 IPv4Network('10.59.0.0/16'),
 IPv4Network('10.60.0.0/16'),
 IPv4Network('10.61.0.0/16'),
 IPv4Network('10.62.0.0/16'),
 IPv4Network('10.63.0.0/16'),
 IPv4Network('10.64.0.0/16'),
 IPv4Network('10.65.0.0/16'),
 IPv4Network('10.66.0.0/16'),
 IPv4Network('10.67.0.0/16'),
 IPv4Network('10.68.0.0/16'),
 IPv4Network('10.69.0.0/16'),
 IPv4Network('10.70.0.0/16'),
 IPv4Network('10.71.0.0/16'),
 IPv4Network('10.72.0.0/16'),
 IPv4Network('10.73.0.0/16'),
 IPv4Network('10.74.0.0/16'),
 IPv4Network('10.75.0.0/16'),
 IPv4Network('10.76.0.0/16'),
 IPv4Network('10.77.0.0/16'),
 IPv4Network('10.78.0.0/16'),
 IPv4Network('10.79.0.0/16'),
 IPv4Network('10.80.0.0/16'),
 IPv4Network('10.81.0.0/16'),
 IPv4Network('10.82.0.0/16'),
 IPv4Network('10.83.0.0/16'),
 IPv4Network('10.84.0.0/16'),
 IPv4Network('10.85.0.0/16'),
 IPv4Network('10.86.0.0/16'),
 IPv4Network('10.87.0.0/16'),
 IPv4Network('10.88.0.0/16'),
 IPv4Network('10.89.0.0/16'),
 IPv4Network('10.90.0.0/16'),
 IPv4Network('10.91.0.0/16'),
 IPv4Network('10.92.0.0/16'),
 IPv4Network('10.93.0.0/16'),
 IPv4Network('10.94.0.0/16'),
 IPv4Network('10.95.0.0/16'),
 IPv4Network('10.96.0.0/16'),
 IPv4Network('10.97.0.0/16'),
 IPv4Network('10.98.0.0/16'),
 IPv4Network('10.99.0.0/16'),
 IPv4Network('10.100.0.0/16'),
 IPv4Network('10.101.0.0/16'),
 IPv4Network('10.102.0.0/16'),
 IPv4Network('10.103.0.0/16'),
 IPv4Network('10.104.0.0/16'),
 IPv4Network('10.105.0.0/16'),
 IPv4Network('10.106.0.0/16'),
 IPv4Network('10.107.0.0/16'),
 IPv4Network('10.108.0.0/16'),
 IPv4Network('10.109.0.0/16'),
 IPv4Network('10.110.0.0/16'),
 IPv4Network('10.111.0.0/16'),
 IPv4Network('10.112.0.0/16'),
 IPv4Network('10.113.0.0/16'),
 IPv4Network('10.114.0.0/16'),
 IPv4Network('10.115.0.0/16'),
 IPv4Network('10.116.0.0/16'),
 IPv4Network('10.117.0.0/16'),
 IPv4Network('10.118.0.0/16'),
 IPv4Network('10.119.0.0/16'),
 IPv4Network('10.120.0.0/16'),
 IPv4Network('10.121.0.0/16'),
 IPv4Network('10.122.0.0/16'),
 IPv4Network('10.123.0.0/16'),
 IPv4Network('10.124.0.0/16'),
 IPv4Network('10.125.0.0/16'),
 IPv4Network('10.126.0.0/16'),
 IPv4Network('10.127.0.0/16'),
 IPv4Network('10.128.0.0/16'),
 IPv4Network('10.129.0.0/16'),
 IPv4Network('10.130.0.0/16'),
 IPv4Network('10.131.0.0/16'),
 IPv4Network('10.132.0.0/16'),
 IPv4Network('10.133.0.0/16'),
 IPv4Network('10.134.0.0/16'),
 IPv4Network('10.135.0.0/16'),
 IPv4Network('10.136.0.0/16'),
 IPv4Network('10.137.0.0/16'),
 IPv4Network('10.138.0.0/16'),
 IPv4Network('10.139.0.0/16'),
 IPv4Network('10.140.0.0/16'),
 IPv4Network('10.141.0.0/16'),
 IPv4Network('10.142.0.0/16'),
 IPv4Network('10.143.0.0/16'),
 IPv4Network('10.144.0.0/16'),
 IPv4Network('10.145.0.0/16'),
 IPv4Network('10.146.0.0/16'),
 IPv4Network('10.147.0.0/16'),
 IPv4Network('10.148.0.0/16'),
 IPv4Network('10.149.0.0/16'),
 IPv4Network('10.150.0.0/16'),
 IPv4Network('10.151.0.0/16'),
 IPv4Network('10.152.0.0/16'),
 IPv4Network('10.153.0.0/16'),
 IPv4Network('10.154.0.0/16'),
 IPv4Network('10.155.0.0/16'),
 IPv4Network('10.156.0.0/16'),
 IPv4Network('10.157.0.0/16'),
 IPv4Network('10.158.0.0/16'),
 IPv4Network('10.159.0.0/16'),
 IPv4Network('10.160.0.0/16'),
 IPv4Network('10.161.0.0/16'),
 IPv4Network('10.162.0.0/16'),
 IPv4Network('10.163.0.0/16'),
 IPv4Network('10.164.0.0/16'),
 IPv4Network('10.165.0.0/16'),
 IPv4Network('10.166.0.0/16'),
 IPv4Network('10.167.0.0/16'),
 IPv4Network('10.168.0.0/16'),
 IPv4Network('10.169.0.0/16'),
 IPv4Network('10.170.0.0/16'),
 IPv4Network('10.171.0.0/16'),
 IPv4Network('10.172.0.0/16'),
 IPv4Network('10.173.0.0/16'),
 IPv4Network('10.174.0.0/16'),
 IPv4Network('10.175.0.0/16'),
 IPv4Network('10.176.0.0/16'),
 IPv4Network('10.177.0.0/16'),
 IPv4Network('10.178.0.0/16'),
 IPv4Network('10.179.0.0/16'),
 IPv4Network('10.180.0.0/16'),
 IPv4Network('10.181.0.0/16'),
 IPv4Network('10.182.0.0/16'),
 IPv4Network('10.183.0.0/16'),
 IPv4Network('10.184.0.0/16'),
 IPv4Network('10.185.0.0/16'),
 IPv4Network('10.186.0.0/16'),
 IPv4Network('10.187.0.0/16'),
 IPv4Network('10.188.0.0/16'),
 IPv4Network('10.189.0.0/16'),
 IPv4Network('10.190.0.0/16'),
 IPv4Network('10.191.0.0/16')]
[IPv4Network('10.0.0.0/8'),
 IPv4Network('129.79.0.0/16'),
 IPv4Network('134.68.0.0/16'),
 IPv4Network('140.182.0.0/16'),
 IPv4Network('149.159.0.0/16'),
 IPv4Network('149.160.0.0/14'),
 IPv4Network('156.56.0.0/16'),
 IPv4Network('172.16.0.0/12'),
 IPv4Network('192.168.0.0/24'),
 IPv6Network('::/128'),
 IPv4Network('10.0.0.0/16'),
 IPv4Network('10.1.0.0/16'),
 IPv4Network('10.2.0.0/16'),
 IPv4Network('10.3.0.0/16'),
 IPv4Network('10.4.0.0/16'),
 IPv4Network('10.5.0.0/16'),
 IPv4Network('10.6.0.0/16'),
 IPv4Network('10.7.0.0/16'),
 IPv4Network('10.8.0.0/16'),
 IPv4Network('10.9.0.0/16'),
 IPv4Network('10.10.0.0/16'),
 IPv4Network('10.11.0.0/16'),
 IPv4Network('10.12.0.0/16'),
 IPv4Network('10.13.0.0/16'),
 IPv4Network('10.14.0.0/16'),
 IPv4Network('10.15.0.0/16'),
 IPv4Network('10.16.0.0/16'),
 IPv4Network('10.17.0.0/16'),
 IPv4Network('10.18.0.0/16'),
 IPv4Network('10.19.0.0/16'),
 IPv4Network('10.20.0.0/16'),
 IPv4Network('10.21.0.0/16'),
 IPv4Network('10.22.0.0/16'),
 IPv4Network('10.23.0.0/16'),
 IPv4Network('10.24.0.0/16'),
 IPv4Network('10.25.0.0/16'),
 IPv4Network('10.26.0.0/16'),
 IPv4Network('10.27.0.0/16'),
 IPv4Network('10.28.0.0/16'),
 IPv4Network('10.29.0.0/16'),
 IPv4Network('10.30.0.0/16'),
 IPv4Network('10.31.0.0/16'),
 IPv4Network('10.32.0.0/16'),
 IPv4Network('10.33.0.0/16'),
 IPv4Network('10.34.0.0/16'),
 IPv4Network('10.35.0.0/16'),
 IPv4Network('10.36.0.0/16'),
 IPv4Network('10.37.0.0/16'),
 IPv4Network('10.38.0.0/16'),
 IPv4Network('10.39.0.0/16'),
 IPv4Network('10.40.0.0/16'),
 IPv4Network('10.41.0.0/16'),
 IPv4Network('10.42.0.0/16'),
 IPv4Network('10.43.0.0/16'),
 IPv4Network('10.44.0.0/16'),
 IPv4Network('10.45.0.0/16'),
 IPv4Network('10.46.0.0/16'),
 IPv4Network('10.47.0.0/16'),
 IPv4Network('10.48.0.0/16'),
 IPv4Network('10.49.0.0/16'),
 IPv4Network('10.50.0.0/16'),
 IPv4Network('10.51.0.0/16'),
 IPv4Network('10.52.0.0/16'),
 IPv4Network('10.53.0.0/16'),
 IPv4Network('10.54.0.0/16'),
 IPv4Network('10.55.0.0/16'),
 IPv4Network('10.56.0.0/16'),
 IPv4Network('10.57.0.0/16'),
 IPv4Network('10.58.0.0/16'),
 IPv4Network('10.59.0.0/16'),
 IPv4Network('10.60.0.0/16'),
 IPv4Network('10.61.0.0/16'),
 IPv4Network('10.62.0.0/16'),
 IPv4Network('10.63.0.0/16'),
 IPv4Network('10.64.0.0/16'),
 IPv4Network('10.65.0.0/16'),
 IPv4Network('10.66.0.0/16'),
 IPv4Network('10.67.0.0/16'),
 IPv4Network('10.68.0.0/16'),
 IPv4Network('10.69.0.0/16'),
 IPv4Network('10.70.0.0/16'),
 IPv4Network('10.71.0.0/16'),
 IPv4Network('10.72.0.0/16'),
 IPv4Network('10.73.0.0/16'),
 IPv4Network('10.74.0.0/16'),
 IPv4Network('10.75.0.0/16'),
 IPv4Network('10.76.0.0/16'),
 IPv4Network('10.77.0.0/16'),
 IPv4Network('10.78.0.0/16'),
 IPv4Network('10.79.0.0/16'),
 IPv4Network('10.80.0.0/16'),
 IPv4Network('10.81.0.0/16'),
 IPv4Network('10.82.0.0/16'),
 IPv4Network('10.83.0.0/16'),
 IPv4Network('10.84.0.0/16'),
 IPv4Network('10.85.0.0/16'),
 IPv4Network('10.86.0.0/16'),
 IPv4Network('10.87.0.0/16'),
 IPv4Network('10.88.0.0/16'),
 IPv4Network('10.89.0.0/16'),
 IPv4Network('10.90.0.0/16'),
 IPv4Network('10.91.0.0/16'),
 IPv4Network('10.92.0.0/16'),
 IPv4Network('10.93.0.0/16'),
 IPv4Network('10.94.0.0/16'),
 IPv4Network('10.95.0.0/16'),
 IPv4Network('10.96.0.0/16'),
 IPv4Network('10.97.0.0/16'),
 IPv4Network('10.98.0.0/16'),
 IPv4Network('10.99.0.0/16'),
 IPv4Network('10.100.0.0/16'),
 IPv4Network('10.101.0.0/16'),
 IPv4Network('10.102.0.0/16'),
 IPv4Network('10.103.0.0/16'),
 IPv4Network('10.104.0.0/16'),
 IPv4Network('10.105.0.0/16'),
 IPv4Network('10.106.0.0/16'),
 IPv4Network('10.107.0.0/16'),
 IPv4Network('10.108.0.0/16'),
 IPv4Network('10.109.0.0/16'),
 IPv4Network('10.110.0.0/16'),
 IPv4Network('10.111.0.0/16'),
 IPv4Network('10.112.0.0/16'),
 IPv4Network('10.113.0.0/16'),
 IPv4Network('10.114.0.0/16'),
 IPv4Network('10.115.0.0/16'),
 IPv4Network('10.116.0.0/16'),
 IPv4Network('10.117.0.0/16'),
 IPv4Network('10.118.0.0/16'),
 IPv4Network('10.119.0.0/16'),
 IPv4Network('10.120.0.0/16'),
 IPv4Network('10.121.0.0/16'),
 IPv4Network('10.122.0.0/16'),
 IPv4Network('10.123.0.0/16'),
 IPv4Network('10.124.0.0/16'),
 IPv4Network('10.125.0.0/16'),
 IPv4Network('10.126.0.0/16'),
 IPv4Network('10.127.0.0/16'),
 IPv4Network('10.128.0.0/16'),
 IPv4Network('10.129.0.0/16'),
 IPv4Network('10.130.0.0/16'),
 IPv4Network('10.131.0.0/16'),
 IPv4Network('10.132.0.0/16'),
 IPv4Network('10.133.0.0/16'),
 IPv4Network('10.134.0.0/16'),
 IPv4Network('10.135.0.0/16'),
 IPv4Network('10.136.0.0/16'),
 IPv4Network('10.137.0.0/16'),
 IPv4Network('10.138.0.0/16'),
 IPv4Network('10.139.0.0/16'),
 IPv4Network('10.140.0.0/16'),
 IPv4Network('10.141.0.0/16'),
 IPv4Network('10.142.0.0/16'),
 IPv4Network('10.143.0.0/16'),
 IPv4Network('10.144.0.0/16'),
 IPv4Network('10.145.0.0/16'),
 IPv4Network('10.146.0.0/16'),
 IPv4Network('10.147.0.0/16'),
 IPv4Network('10.148.0.0/16'),
 IPv4Network('10.149.0.0/16'),
 IPv4Network('10.150.0.0/16'),
 IPv4Network('10.151.0.0/16'),
 IPv4Network('10.152.0.0/16'),
 IPv4Network('10.153.0.0/16'),
 IPv4Network('10.154.0.0/16'),
 IPv4Network('10.155.0.0/16'),
 IPv4Network('10.156.0.0/16'),
 IPv4Network('10.157.0.0/16'),
 IPv4Network('10.158.0.0/16'),
 IPv4Network('10.159.0.0/16'),
 IPv4Network('10.160.0.0/16'),
 IPv4Network('10.161.0.0/16'),
 IPv4Network('10.162.0.0/16'),
 IPv4Network('10.163.0.0/16'),
 IPv4Network('10.164.0.0/16'),
 IPv4Network('10.165.0.0/16'),
 IPv4Network('10.166.0.0/16'),
 IPv4Network('10.167.0.0/16'),
 IPv4Network('10.168.0.0/16'),
 IPv4Network('10.169.0.0/16'),
 IPv4Network('10.170.0.0/16'),
 IPv4Network('10.171.0.0/16'),
 IPv4Network('10.172.0.0/16'),
 IPv4Network('10.173.0.0/16'),
 IPv4Network('10.174.0.0/16'),
 IPv4Network('10.175.0.0/16'),
 IPv4Network('10.176.0.0/16'),
 IPv4Network('10.177.0.0/16'),
 IPv4Network('10.178.0.0/16'),
 IPv4Network('10.179.0.0/16'),
 IPv4Network('10.180.0.0/16'),
 IPv4Network('10.181.0.0/16'),
 IPv4Network('10.182.0.0/16'),
 IPv4Network('10.183.0.0/16'),
 IPv4Network('10.184.0.0/16'),
 IPv4Network('10.185.0.0/16'),
 IPv4Network('10.186.0.0/16'),
 IPv4Network('10.187.0.0/16'),
 IPv4Network('10.188.0.0/16'),
 IPv4Network('10.189.0.0/16'),
 IPv4Network('10.190.0.0/16'),
 IPv4Network('10.191.0.0/16'),
 IPv4Network('10.192.0.0/16'),
 IPv4Network('10.193.0.0/16')]
[IPv4Network('10.0.0.0/8'),
 IPv4Network('129.79.0.0/16'),
 IPv4Network('134.68.0.0/16'),
 IPv4Network('140.182.0.0/16'),
 IPv4Network('149.159.0.0/16'),
 IPv4Network('149.160.0.0/14'),
 IPv4Network('156.56.0.0/16'),
 IPv4Network('172.16.0.0/12'),
 IPv4Network('192.168.0.0/24'),
 IPv6Network('::/128'),
 IPv4Network('10.0.0.0/16'),
 IPv4Network('10.1.0.0/16'),
 IPv4Network('10.2.0.0/16'),
 IPv4Network('10.3.0.0/16'),
 IPv4Network('10.4.0.0/16'),
 IPv4Network('10.5.0.0/16'),
 IPv4Network('10.6.0.0/16'),
 IPv4Network('10.7.0.0/16'),
 IPv4Network('10.8.0.0/16'),
 IPv4Network('10.9.0.0/16'),
 IPv4Network('10.10.0.0/16'),
 IPv4Network('10.11.0.0/16'),
 IPv4Network('10.12.0.0/16'),
 IPv4Network('10.13.0.0/16'),
 IPv4Network('10.14.0.0/16'),
 IPv4Network('10.15.0.0/16'),
 IPv4Network('10.16.0.0/16'),
 IPv4Network('10.17.0.0/16'),
 IPv4Network('10.18.0.0/16'),
 IPv4Network('10.19.0.0/16'),
 IPv4Network('10.20.0.0/16'),
 IPv4Network('10.21.0.0/16'),
 IPv4Network('10.22.0.0/16'),
 IPv4Network('10.23.0.0/16'),
 IPv4Network('10.24.0.0/16'),
 IPv4Network('10.25.0.0/16'),
 IPv4Network('10.26.0.0/16'),
 IPv4Network('10.27.0.0/16'),
 IPv4Network('10.28.0.0/16'),
 IPv4Network('10.29.0.0/16'),
 IPv4Network('10.30.0.0/16'),
 IPv4Network('10.31.0.0/16'),
 IPv4Network('10.32.0.0/16'),
 IPv4Network('10.33.0.0/16'),
 IPv4Network('10.34.0.0/16'),
 IPv4Network('10.35.0.0/16'),
 IPv4Network('10.36.0.0/16'),
 IPv4Network('10.37.0.0/16'),
 IPv4Network('10.38.0.0/16'),
 IPv4Network('10.39.0.0/16'),
 IPv4Network('10.40.0.0/16'),
 IPv4Network('10.41.0.0/16'),
 IPv4Network('10.42.0.0/16'),
 IPv4Network('10.43.0.0/16'),
 IPv4Network('10.44.0.0/16'),
 IPv4Network('10.45.0.0/16'),
 IPv4Network('10.46.0.0/16'),
 IPv4Network('10.47.0.0/16'),
 IPv4Network('10.48.0.0/16'),
 IPv4Network('10.49.0.0/16'),
 IPv4Network('10.50.0.0/16'),
 IPv4Network('10.51.0.0/16'),
 IPv4Network('10.52.0.0/16'),
 IPv4Network('10.53.0.0/16'),
 IPv4Network('10.54.0.0/16'),
 IPv4Network('10.55.0.0/16'),
 IPv4Network('10.56.0.0/16'),
 IPv4Network('10.57.0.0/16'),
 IPv4Network('10.58.0.0/16'),
 IPv4Network('10.59.0.0/16'),
 IPv4Network('10.60.0.0/16'),
 IPv4Network('10.61.0.0/16'),
 IPv4Network('10.62.0.0/16'),
 IPv4Network('10.63.0.0/16'),
 IPv4Network('10.64.0.0/16'),
 IPv4Network('10.65.0.0/16'),
 IPv4Network('10.66.0.0/16'),
 IPv4Network('10.67.0.0/16'),
 IPv4Network('10.68.0.0/16'),
 IPv4Network('10.69.0.0/16'),
 IPv4Network('10.70.0.0/16'),
 IPv4Network('10.71.0.0/16'),
 IPv4Network('10.72.0.0/16'),
 IPv4Network('10.73.0.0/16'),
 IPv4Network('10.74.0.0/16'),
 IPv4Network('10.75.0.0/16'),
 IPv4Network('10.76.0.0/16'),
 IPv4Network('10.77.0.0/16'),
 IPv4Network('10.78.0.0/16'),
 IPv4Network('10.79.0.0/16'),
 IPv4Network('10.80.0.0/16'),
 IPv4Network('10.81.0.0/16'),
 IPv4Network('10.82.0.0/16'),
 IPv4Network('10.83.0.0/16'),
 IPv4Network('10.84.0.0/16'),
 IPv4Network('10.85.0.0/16'),
 IPv4Network('10.86.0.0/16'),
 IPv4Network('10.87.0.0/16'),
 IPv4Network('10.88.0.0/16'),
 IPv4Network('10.89.0.0/16'),
 IPv4Network('10.90.0.0/16'),
 IPv4Network('10.91.0.0/16'),
 IPv4Network('10.92.0.0/16'),
 IPv4Network('10.93.0.0/16'),
 IPv4Network('10.94.0.0/16'),
 IPv4Network('10.95.0.0/16'),
 IPv4Network('10.96.0.0/16'),
 IPv4Network('10.97.0.0/16'),
 IPv4Network('10.98.0.0/16'),
 IPv4Network('10.99.0.0/16'),
 IPv4Network('10.100.0.0/16'),
 IPv4Network('10.101.0.0/16'),
 IPv4Network('10.102.0.0/16'),
 IPv4Network('10.103.0.0/16'),
 IPv4Network('10.104.0.0/16'),
 IPv4Network('10.105.0.0/16'),
 IPv4Network('10.106.0.0/16'),
 IPv4Network('10.107.0.0/16'),
 IPv4Network('10.108.0.0/16'),
 IPv4Network('10.109.0.0/16'),
 IPv4Network('10.110.0.0/16'),
 IPv4Network('10.111.0.0/16'),
 IPv4Network('10.112.0.0/16'),
 IPv4Network('10.113.0.0/16'),
 IPv4Network('10.114.0.0/16'),
 IPv4Network('10.115.0.0/16'),
 IPv4Network('10.116.0.0/16'),
 IPv4Network('10.117.0.0/16'),
 IPv4Network('10.118.0.0/16'),
 IPv4Network('10.119.0.0/16'),
 IPv4Network('10.120.0.0/16'),
 IPv4Network('10.121.0.0/16'),
 IPv4Network('10.122.0.0/16'),
 IPv4Network('10.123.0.0/16'),
 IPv4Network('10.124.0.0/16'),
 IPv4Network('10.125.0.0/16'),
 IPv4Network('10.126.0.0/16'),
 IPv4Network('10.127.0.0/16'),
 IPv4Network('10.128.0.0/16'),
 IPv4Network('10.129.0.0/16'),
 IPv4Network('10.130.0.0/16'),
 IPv4Network('10.131.0.0/16'),
 IPv4Network('10.132.0.0/16'),
 IPv4Network('10.133.0.0/16'),
 IPv4Network('10.134.0.0/16'),
 IPv4Network('10.135.0.0/16'),
 IPv4Network('10.136.0.0/16'),
 IPv4Network('10.137.0.0/16'),
 IPv4Network('10.138.0.0/16'),
 IPv4Network('10.139.0.0/16'),
 IPv4Network('10.140.0.0/16'),
 IPv4Network('10.141.0.0/16'),
 IPv4Network('10.142.0.0/16'),
 IPv4Network('10.143.0.0/16'),
 IPv4Network('10.144.0.0/16'),
 IPv4Network('10.145.0.0/16'),
 IPv4Network('10.146.0.0/16'),
 IPv4Network('10.147.0.0/16'),
 IPv4Network('10.148.0.0/16'),
 IPv4Network('10.149.0.0/16'),
 IPv4Network('10.150.0.0/16'),
 IPv4Network('10.151.0.0/16'),
 IPv4Network('10.152.0.0/16'),
 IPv4Network('10.153.0.0/16'),
 IPv4Network('10.154.0.0/16'),
 IPv4Network('10.155.0.0/16'),
 IPv4Network('10.156.0.0/16'),
 IPv4Network('10.157.0.0/16'),
 IPv4Network('10.158.0.0/16'),
 IPv4Network('10.159.0.0/16'),
 IPv4Network('10.160.0.0/16'),
 IPv4Network('10.161.0.0/16'),
 IPv4Network('10.162.0.0/16'),
 IPv4Network('10.163.0.0/16'),
 IPv4Network('10.164.0.0/16'),
 IPv4Network('10.165.0.0/16'),
 IPv4Network('10.166.0.0/16'),
 IPv4Network('10.167.0.0/16'),
 IPv4Network('10.168.0.0/16'),
 IPv4Network('10.169.0.0/16'),
 IPv4Network('10.170.0.0/16'),
 IPv4Network('10.171.0.0/16'),
 IPv4Network('10.172.0.0/16'),
 IPv4Network('10.173.0.0/16'),
 IPv4Network('10.174.0.0/16'),
 IPv4Network('10.175.0.0/16'),
 IPv4Network('10.176.0.0/16'),
 IPv4Network('10.177.0.0/16'),
 IPv4Network('10.178.0.0/16'),
 IPv4Network('10.179.0.0/16'),
 IPv4Network('10.180.0.0/16'),
 IPv4Network('10.181.0.0/16'),
 IPv4Network('10.182.0.0/16'),
 IPv4Network('10.183.0.0/16'),
 IPv4Network('10.184.0.0/16'),
 IPv4Network('10.185.0.0/16'),
 IPv4Network('10.186.0.0/16'),
 IPv4Network('10.187.0.0/16'),
 IPv4Network('10.188.0.0/16'),
 IPv4Network('10.189.0.0/16'),
 IPv4Network('10.190.0.0/16'),
 IPv4Network('10.191.0.0/16'),
 IPv4Network('10.192.0.0/16'),
 IPv4Network('10.193.0.0/16'),
 IPv4Network('10.194.0.0/16'),
 IPv4Network('10.195.0.0/16')]
[IPv4Network('10.0.0.0/8'),
 IPv4Network('129.79.0.0/16'),
 IPv4Network('134.68.0.0/16'),
 IPv4Network('140.182.0.0/16'),
 IPv4Network('149.159.0.0/16'),
 IPv4Network('149.160.0.0/14'),
 IPv4Network('156.56.0.0/16'),
 IPv4Network('172.16.0.0/12'),
 IPv4Network('192.168.0.0/24'),
 IPv6Network('::/128'),
 IPv4Network('10.0.0.0/16'),
 IPv4Network('10.1.0.0/16'),
 IPv4Network('10.2.0.0/16'),
 IPv4Network('10.3.0.0/16'),
 IPv4Network('10.4.0.0/16'),
 IPv4Network('10.5.0.0/16'),
 IPv4Network('10.6.0.0/16'),
 IPv4Network('10.7.0.0/16'),
 IPv4Network('10.8.0.0/16'),
 IPv4Network('10.9.0.0/16'),
 IPv4Network('10.10.0.0/16'),
 IPv4Network('10.11.0.0/16'),
 IPv4Network('10.12.0.0/16'),
 IPv4Network('10.13.0.0/16'),
 IPv4Network('10.14.0.0/16'),
 IPv4Network('10.15.0.0/16'),
 IPv4Network('10.16.0.0/16'),
 IPv4Network('10.17.0.0/16'),
 IPv4Network('10.18.0.0/16'),
 IPv4Network('10.19.0.0/16'),
 IPv4Network('10.20.0.0/16'),
 IPv4Network('10.21.0.0/16'),
 IPv4Network('10.22.0.0/16'),
 IPv4Network('10.23.0.0/16'),
 IPv4Network('10.24.0.0/16'),
 IPv4Network('10.25.0.0/16'),
 IPv4Network('10.26.0.0/16'),
 IPv4Network('10.27.0.0/16'),
 IPv4Network('10.28.0.0/16'),
 IPv4Network('10.29.0.0/16'),
 IPv4Network('10.30.0.0/16'),
 IPv4Network('10.31.0.0/16'),
 IPv4Network('10.32.0.0/16'),
 IPv4Network('10.33.0.0/16'),
 IPv4Network('10.34.0.0/16'),
 IPv4Network('10.35.0.0/16'),
 IPv4Network('10.36.0.0/16'),
 IPv4Network('10.37.0.0/16'),
 IPv4Network('10.38.0.0/16'),
 IPv4Network('10.39.0.0/16'),
 IPv4Network('10.40.0.0/16'),
 IPv4Network('10.41.0.0/16'),
 IPv4Network('10.42.0.0/16'),
 IPv4Network('10.43.0.0/16'),
 IPv4Network('10.44.0.0/16'),
 IPv4Network('10.45.0.0/16'),
 IPv4Network('10.46.0.0/16'),
 IPv4Network('10.47.0.0/16'),
 IPv4Network('10.48.0.0/16'),
 IPv4Network('10.49.0.0/16'),
 IPv4Network('10.50.0.0/16'),
 IPv4Network('10.51.0.0/16'),
 IPv4Network('10.52.0.0/16'),
 IPv4Network('10.53.0.0/16'),
 IPv4Network('10.54.0.0/16'),
 IPv4Network('10.55.0.0/16'),
 IPv4Network('10.56.0.0/16'),
 IPv4Network('10.57.0.0/16'),
 IPv4Network('10.58.0.0/16'),
 IPv4Network('10.59.0.0/16'),
 IPv4Network('10.60.0.0/16'),
 IPv4Network('10.61.0.0/16'),
 IPv4Network('10.62.0.0/16'),
 IPv4Network('10.63.0.0/16'),
 IPv4Network('10.64.0.0/16'),
 IPv4Network('10.65.0.0/16'),
 IPv4Network('10.66.0.0/16'),
 IPv4Network('10.67.0.0/16'),
 IPv4Network('10.68.0.0/16'),
 IPv4Network('10.69.0.0/16'),
 IPv4Network('10.70.0.0/16'),
 IPv4Network('10.71.0.0/16'),
 IPv4Network('10.72.0.0/16'),
 IPv4Network('10.73.0.0/16'),
 IPv4Network('10.74.0.0/16'),
 IPv4Network('10.75.0.0/16'),
 IPv4Network('10.76.0.0/16'),
 IPv4Network('10.77.0.0/16'),
 IPv4Network('10.78.0.0/16'),
 IPv4Network('10.79.0.0/16'),
 IPv4Network('10.80.0.0/16'),
 IPv4Network('10.81.0.0/16'),
 IPv4Network('10.82.0.0/16'),
 IPv4Network('10.83.0.0/16'),
 IPv4Network('10.84.0.0/16'),
 IPv4Network('10.85.0.0/16'),
 IPv4Network('10.86.0.0/16'),
 IPv4Network('10.87.0.0/16'),
 IPv4Network('10.88.0.0/16'),
 IPv4Network('10.89.0.0/16'),
 IPv4Network('10.90.0.0/16'),
 IPv4Network('10.91.0.0/16'),
 IPv4Network('10.92.0.0/16'),
 IPv4Network('10.93.0.0/16'),
 IPv4Network('10.94.0.0/16'),
 IPv4Network('10.95.0.0/16'),
 IPv4Network('10.96.0.0/16'),
 IPv4Network('10.97.0.0/16'),
 IPv4Network('10.98.0.0/16'),
 IPv4Network('10.99.0.0/16'),
 IPv4Network('10.100.0.0/16'),
 IPv4Network('10.101.0.0/16'),
 IPv4Network('10.102.0.0/16'),
 IPv4Network('10.103.0.0/16'),
 IPv4Network('10.104.0.0/16'),
 IPv4Network('10.105.0.0/16'),
 IPv4Network('10.106.0.0/16'),
 IPv4Network('10.107.0.0/16'),
 IPv4Network('10.108.0.0/16'),
 IPv4Network('10.109.0.0/16'),
 IPv4Network('10.110.0.0/16'),
 IPv4Network('10.111.0.0/16'),
 IPv4Network('10.112.0.0/16'),
 IPv4Network('10.113.0.0/16'),
 IPv4Network('10.114.0.0/16'),
 IPv4Network('10.115.0.0/16'),
 IPv4Network('10.116.0.0/16'),
 IPv4Network('10.117.0.0/16'),
 IPv4Network('10.118.0.0/16'),
 IPv4Network('10.119.0.0/16'),
 IPv4Network('10.120.0.0/16'),
 IPv4Network('10.121.0.0/16'),
 IPv4Network('10.122.0.0/16'),
 IPv4Network('10.123.0.0/16'),
 IPv4Network('10.124.0.0/16'),
 IPv4Network('10.125.0.0/16'),
 IPv4Network('10.126.0.0/16'),
 IPv4Network('10.127.0.0/16'),
 IPv4Network('10.128.0.0/16'),
 IPv4Network('10.129.0.0/16'),
 IPv4Network('10.130.0.0/16'),
 IPv4Network('10.131.0.0/16'),
 IPv4Network('10.132.0.0/16'),
 IPv4Network('10.133.0.0/16'),
 IPv4Network('10.134.0.0/16'),
 IPv4Network('10.135.0.0/16'),
 IPv4Network('10.136.0.0/16'),
 IPv4Network('10.137.0.0/16'),
 IPv4Network('10.138.0.0/16'),
 IPv4Network('10.139.0.0/16'),
 IPv4Network('10.140.0.0/16'),
 IPv4Network('10.141.0.0/16'),
 IPv4Network('10.142.0.0/16'),
 IPv4Network('10.143.0.0/16'),
 IPv4Network('10.144.0.0/16'),
 IPv4Network('10.145.0.0/16'),
 IPv4Network('10.146.0.0/16'),
 IPv4Network('10.147.0.0/16'),
 IPv4Network('10.148.0.0/16'),
 IPv4Network('10.149.0.0/16'),
 IPv4Network('10.150.0.0/16'),
 IPv4Network('10.151.0.0/16'),
 IPv4Network('10.152.0.0/16'),
 IPv4Network('10.153.0.0/16'),
 IPv4Network('10.154.0.0/16'),
 IPv4Network('10.155.0.0/16'),
 IPv4Network('10.156.0.0/16'),
 IPv4Network('10.157.0.0/16'),
 IPv4Network('10.158.0.0/16'),
 IPv4Network('10.159.0.0/16'),
 IPv4Network('10.160.0.0/16'),
 IPv4Network('10.161.0.0/16'),
 IPv4Network('10.162.0.0/16'),
 IPv4Network('10.163.0.0/16'),
 IPv4Network('10.164.0.0/16'),
 IPv4Network('10.165.0.0/16'),
 IPv4Network('10.166.0.0/16'),
 IPv4Network('10.167.0.0/16'),
 IPv4Network('10.168.0.0/16'),
 IPv4Network('10.169.0.0/16'),
 IPv4Network('10.170.0.0/16'),
 IPv4Network('10.171.0.0/16'),
 IPv4Network('10.172.0.0/16'),
 IPv4Network('10.173.0.0/16'),
 IPv4Network('10.174.0.0/16'),
 IPv4Network('10.175.0.0/16'),
 IPv4Network('10.176.0.0/16'),
 IPv4Network('10.177.0.0/16'),
 IPv4Network('10.178.0.0/16'),
 IPv4Network('10.179.0.0/16'),
 IPv4Network('10.180.0.0/16'),
 IPv4Network('10.181.0.0/16'),
 IPv4Network('10.182.0.0/16'),
 IPv4Network('10.183.0.0/16'),
 IPv4Network('10.184.0.0/16'),
 IPv4Network('10.185.0.0/16'),
 IPv4Network('10.186.0.0/16'),
 IPv4Network('10.187.0.0/16'),
 IPv4Network('10.188.0.0/16'),
 IPv4Network('10.189.0.0/16'),
 IPv4Network('10.190.0.0/16'),
 IPv4Network('10.191.0.0/16'),
 IPv4Network('10.192.0.0/16'),
 IPv4Network('10.193.0.0/16'),
 IPv4Network('10.194.0.0/16'),
 IPv4Network('10.195.0.0/16')]
[IPv4Network('10.0.0.0/8'),
 IPv4Network('129.79.0.0/16'),
 IPv4Network('134.68.0.0/16'),
 IPv4Network('140.182.0.0/16'),
 IPv4Network('149.159.0.0/16'),
 IPv4Network('149.160.0.0/14'),
 IPv4Network('156.56.0.0/16'),
 IPv4Network('172.16.0.0/12'),
 IPv4Network('192.168.0.0/24'),
 IPv6Network('::/128'),
 IPv4Network('10.0.0.0/16'),
 IPv4Network('10.1.0.0/16'),
 IPv4Network('10.2.0.0/16'),
 IPv4Network('10.3.0.0/16'),
 IPv4Network('10.4.0.0/16'),
 IPv4Network('10.5.0.0/16'),
 IPv4Network('10.6.0.0/16'),
 IPv4Network('10.7.0.0/16'),
 IPv4Network('10.8.0.0/16'),
 IPv4Network('10.9.0.0/16'),
 IPv4Network('10.10.0.0/16'),
 IPv4Network('10.11.0.0/16'),
 IPv4Network('10.12.0.0/16'),
 IPv4Network('10.13.0.0/16'),
 IPv4Network('10.14.0.0/16'),
 IPv4Network('10.15.0.0/16'),
 IPv4Network('10.16.0.0/16'),
 IPv4Network('10.17.0.0/16'),
 IPv4Network('10.18.0.0/16'),
 IPv4Network('10.19.0.0/16'),
 IPv4Network('10.20.0.0/16'),
 IPv4Network('10.21.0.0/16'),
 IPv4Network('10.22.0.0/16'),
 IPv4Network('10.23.0.0/16'),
 IPv4Network('10.24.0.0/16'),
 IPv4Network('10.25.0.0/16'),
 IPv4Network('10.26.0.0/16'),
 IPv4Network('10.27.0.0/16'),
 IPv4Network('10.28.0.0/16'),
 IPv4Network('10.29.0.0/16'),
 IPv4Network('10.30.0.0/16'),
 IPv4Network('10.31.0.0/16'),
 IPv4Network('10.32.0.0/16'),
 IPv4Network('10.33.0.0/16'),
 IPv4Network('10.34.0.0/16'),
 IPv4Network('10.35.0.0/16'),
 IPv4Network('10.36.0.0/16'),
 IPv4Network('10.37.0.0/16'),
 IPv4Network('10.38.0.0/16'),
 IPv4Network('10.39.0.0/16'),
 IPv4Network('10.40.0.0/16'),
 IPv4Network('10.41.0.0/16'),
 IPv4Network('10.42.0.0/16'),
 IPv4Network('10.43.0.0/16'),
 IPv4Network('10.44.0.0/16'),
 IPv4Network('10.45.0.0/16'),
 IPv4Network('10.46.0.0/16'),
 IPv4Network('10.47.0.0/16'),
 IPv4Network('10.48.0.0/16'),
 IPv4Network('10.49.0.0/16'),
 IPv4Network('10.50.0.0/16'),
 IPv4Network('10.51.0.0/16'),
 IPv4Network('10.52.0.0/16'),
 IPv4Network('10.53.0.0/16'),
 IPv4Network('10.54.0.0/16'),
 IPv4Network('10.55.0.0/16'),
 IPv4Network('10.56.0.0/16'),
 IPv4Network('10.57.0.0/16'),
 IPv4Network('10.58.0.0/16'),
 IPv4Network('10.59.0.0/16'),
 IPv4Network('10.60.0.0/16'),
 IPv4Network('10.61.0.0/16'),
 IPv4Network('10.62.0.0/16'),
 IPv4Network('10.63.0.0/16'),
 IPv4Network('10.64.0.0/16'),
 IPv4Network('10.65.0.0/16'),
 IPv4Network('10.66.0.0/16'),
 IPv4Network('10.67.0.0/16'),
 IPv4Network('10.68.0.0/16'),
 IPv4Network('10.69.0.0/16'),
 IPv4Network('10.70.0.0/16'),
 IPv4Network('10.71.0.0/16'),
 IPv4Network('10.72.0.0/16'),
 IPv4Network('10.73.0.0/16'),
 IPv4Network('10.74.0.0/16'),
 IPv4Network('10.75.0.0/16'),
 IPv4Network('10.76.0.0/16'),
 IPv4Network('10.77.0.0/16'),
 IPv4Network('10.78.0.0/16'),
 IPv4Network('10.79.0.0/16'),
 IPv4Network('10.80.0.0/16'),
 IPv4Network('10.81.0.0/16'),
 IPv4Network('10.82.0.0/16'),
 IPv4Network('10.83.0.0/16'),
 IPv4Network('10.84.0.0/16'),
 IPv4Network('10.85.0.0/16'),
 IPv4Network('10.86.0.0/16'),
 IPv4Network('10.87.0.0/16'),
 IPv4Network('10.88.0.0/16'),
 IPv4Network('10.89.0.0/16'),
 IPv4Network('10.90.0.0/16'),
 IPv4Network('10.91.0.0/16'),
 IPv4Network('10.92.0.0/16'),
 IPv4Network('10.93.0.0/16'),
 IPv4Network('10.94.0.0/16'),
 IPv4Network('10.95.0.0/16'),
 IPv4Network('10.96.0.0/16'),
 IPv4Network('10.97.0.0/16'),
 IPv4Network('10.98.0.0/16'),
 IPv4Network('10.99.0.0/16'),
 IPv4Network('10.100.0.0/16'),
 IPv4Network('10.101.0.0/16'),
 IPv4Network('10.102.0.0/16'),
 IPv4Network('10.103.0.0/16'),
 IPv4Network('10.104.0.0/16'),
 IPv4Network('10.105.0.0/16'),
 IPv4Network('10.106.0.0/16'),
 IPv4Network('10.107.0.0/16'),
 IPv4Network('10.108.0.0/16'),
 IPv4Network('10.109.0.0/16'),
 IPv4Network('10.110.0.0/16'),
 IPv4Network('10.111.0.0/16'),
 IPv4Network('10.112.0.0/16'),
 IPv4Network('10.113.0.0/16'),
 IPv4Network('10.114.0.0/16'),
 IPv4Network('10.115.0.0/16'),
 IPv4Network('10.116.0.0/16'),
 IPv4Network('10.117.0.0/16'),
 IPv4Network('10.118.0.0/16'),
 IPv4Network('10.119.0.0/16'),
 IPv4Network('10.120.0.0/16'),
 IPv4Network('10.121.0.0/16'),
 IPv4Network('10.122.0.0/16'),
 IPv4Network('10.123.0.0/16'),
 IPv4Network('10.124.0.0/16'),
 IPv4Network('10.125.0.0/16'),
 IPv4Network('10.126.0.0/16'),
 IPv4Network('10.127.0.0/16'),
 IPv4Network('10.128.0.0/16'),
 IPv4Network('10.129.0.0/16'),
 IPv4Network('10.130.0.0/16'),
 IPv4Network('10.131.0.0/16'),
 IPv4Network('10.132.0.0/16'),
 IPv4Network('10.133.0.0/16'),
 IPv4Network('10.134.0.0/16'),
 IPv4Network('10.135.0.0/16'),
 IPv4Network('10.136.0.0/16'),
 IPv4Network('10.137.0.0/16'),
 IPv4Network('10.138.0.0/16'),
 IPv4Network('10.139.0.0/16'),
 IPv4Network('10.140.0.0/16'),
 IPv4Network('10.141.0.0/16'),
 IPv4Network('10.142.0.0/16'),
 IPv4Network('10.143.0.0/16'),
 IPv4Network('10.144.0.0/16'),
 IPv4Network('10.145.0.0/16'),
 IPv4Network('10.146.0.0/16'),
 IPv4Network('10.147.0.0/16'),
 IPv4Network('10.148.0.0/16'),
 IPv4Network('10.149.0.0/16'),
 IPv4Network('10.150.0.0/16'),
 IPv4Network('10.151.0.0/16'),
 IPv4Network('10.152.0.0/16'),
 IPv4Network('10.153.0.0/16'),
 IPv4Network('10.154.0.0/16'),
 IPv4Network('10.155.0.0/16'),
 IPv4Network('10.156.0.0/16'),
 IPv4Network('10.157.0.0/16'),
 IPv4Network('10.158.0.0/16'),
 IPv4Network('10.159.0.0/16'),
 IPv4Network('10.160.0.0/16'),
 IPv4Network('10.161.0.0/16'),
 IPv4Network('10.162.0.0/16'),
 IPv4Network('10.163.0.0/16'),
 IPv4Network('10.164.0.0/16'),
 IPv4Network('10.165.0.0/16'),
 IPv4Network('10.166.0.0/16'),
 IPv4Network('10.167.0.0/16'),
 IPv4Network('10.168.0.0/16'),
 IPv4Network('10.169.0.0/16'),
 IPv4Network('10.170.0.0/16'),
 IPv4Network('10.171.0.0/16'),
 IPv4Network('10.172.0.0/16'),
 IPv4Network('10.173.0.0/16'),
 IPv4Network('10.174.0.0/16'),
 IPv4Network('10.175.0.0/16'),
 IPv4Network('10.176.0.0/16'),
 IPv4Network('10.177.0.0/16'),
 IPv4Network('10.178.0.0/16'),
 IPv4Network('10.179.0.0/16'),
 IPv4Network('10.180.0.0/16'),
 IPv4Network('10.181.0.0/16'),
 IPv4Network('10.182.0.0/16'),
 IPv4Network('10.183.0.0/16'),
 IPv4Network('10.184.0.0/16'),
 IPv4Network('10.185.0.0/16'),
 IPv4Network('10.186.0.0/16'),
 IPv4Network('10.187.0.0/16'),
 IPv4Network('10.188.0.0/16'),
 IPv4Network('10.189.0.0/16'),
 IPv4Network('10.190.0.0/16'),
 IPv4Network('10.191.0.0/16'),
 IPv4Network('10.192.0.0/16'),
 IPv4Network('10.193.0.0/16'),
 IPv4Network('10.194.0.0/16'),
 IPv4Network('10.195.0.0/16'),
 IPv4Network('10.196.0.0/16'),
 IPv4Network('10.197.0.0/16')]
[IPv4Network('10.0.0.0/8'),
 IPv4Network('129.79.0.0/16'),
 IPv4Network('134.68.0.0/16'),
 IPv4Network('140.182.0.0/16'),
 IPv4Network('149.159.0.0/16'),
 IPv4Network('149.160.0.0/14'),
 IPv4Network('156.56.0.0/16'),
 IPv4Network('172.16.0.0/12'),
 IPv4Network('192.168.0.0/24'),
 IPv6Network('::/128'),
 IPv4Network('10.0.0.0/16'),
 IPv4Network('10.1.0.0/16'),
 IPv4Network('10.2.0.0/16'),
 IPv4Network('10.3.0.0/16'),
 IPv4Network('10.4.0.0/16'),
 IPv4Network('10.5.0.0/16'),
 IPv4Network('10.6.0.0/16'),
 IPv4Network('10.7.0.0/16'),
 IPv4Network('10.8.0.0/16'),
 IPv4Network('10.9.0.0/16'),
 IPv4Network('10.10.0.0/16'),
 IPv4Network('10.11.0.0/16'),
 IPv4Network('10.12.0.0/16'),
 IPv4Network('10.13.0.0/16'),
 IPv4Network('10.14.0.0/16'),
 IPv4Network('10.15.0.0/16'),
 IPv4Network('10.16.0.0/16'),
 IPv4Network('10.17.0.0/16'),
 IPv4Network('10.18.0.0/16'),
 IPv4Network('10.19.0.0/16'),
 IPv4Network('10.20.0.0/16'),
 IPv4Network('10.21.0.0/16'),
 IPv4Network('10.22.0.0/16'),
 IPv4Network('10.23.0.0/16'),
 IPv4Network('10.24.0.0/16'),
 IPv4Network('10.25.0.0/16'),
 IPv4Network('10.26.0.0/16'),
 IPv4Network('10.27.0.0/16'),
 IPv4Network('10.28.0.0/16'),
 IPv4Network('10.29.0.0/16'),
 IPv4Network('10.30.0.0/16'),
 IPv4Network('10.31.0.0/16'),
 IPv4Network('10.32.0.0/16'),
 IPv4Network('10.33.0.0/16'),
 IPv4Network('10.34.0.0/16'),
 IPv4Network('10.35.0.0/16'),
 IPv4Network('10.36.0.0/16'),
 IPv4Network('10.37.0.0/16'),
 IPv4Network('10.38.0.0/16'),
 IPv4Network('10.39.0.0/16'),
 IPv4Network('10.40.0.0/16'),
 IPv4Network('10.41.0.0/16'),
 IPv4Network('10.42.0.0/16'),
 IPv4Network('10.43.0.0/16'),
 IPv4Network('10.44.0.0/16'),
 IPv4Network('10.45.0.0/16'),
 IPv4Network('10.46.0.0/16'),
 IPv4Network('10.47.0.0/16'),
 IPv4Network('10.48.0.0/16'),
 IPv4Network('10.49.0.0/16'),
 IPv4Network('10.50.0.0/16'),
 IPv4Network('10.51.0.0/16'),
 IPv4Network('10.52.0.0/16'),
 IPv4Network('10.53.0.0/16'),
 IPv4Network('10.54.0.0/16'),
 IPv4Network('10.55.0.0/16'),
 IPv4Network('10.56.0.0/16'),
 IPv4Network('10.57.0.0/16'),
 IPv4Network('10.58.0.0/16'),
 IPv4Network('10.59.0.0/16'),
 IPv4Network('10.60.0.0/16'),
 IPv4Network('10.61.0.0/16'),
 IPv4Network('10.62.0.0/16'),
 IPv4Network('10.63.0.0/16'),
 IPv4Network('10.64.0.0/16'),
 IPv4Network('10.65.0.0/16'),
 IPv4Network('10.66.0.0/16'),
 IPv4Network('10.67.0.0/16'),
 IPv4Network('10.68.0.0/16'),
 IPv4Network('10.69.0.0/16'),
 IPv4Network('10.70.0.0/16'),
 IPv4Network('10.71.0.0/16'),
 IPv4Network('10.72.0.0/16'),
 IPv4Network('10.73.0.0/16'),
 IPv4Network('10.74.0.0/16'),
 IPv4Network('10.75.0.0/16'),
 IPv4Network('10.76.0.0/16'),
 IPv4Network('10.77.0.0/16'),
 IPv4Network('10.78.0.0/16'),
 IPv4Network('10.79.0.0/16'),
 IPv4Network('10.80.0.0/16'),
 IPv4Network('10.81.0.0/16'),
 IPv4Network('10.82.0.0/16'),
 IPv4Network('10.83.0.0/16'),
 IPv4Network('10.84.0.0/16'),
 IPv4Network('10.85.0.0/16'),
 IPv4Network('10.86.0.0/16'),
 IPv4Network('10.87.0.0/16'),
 IPv4Network('10.88.0.0/16'),
 IPv4Network('10.89.0.0/16'),
 IPv4Network('10.90.0.0/16'),
 IPv4Network('10.91.0.0/16'),
 IPv4Network('10.92.0.0/16'),
 IPv4Network('10.93.0.0/16'),
 IPv4Network('10.94.0.0/16'),
 IPv4Network('10.95.0.0/16'),
 IPv4Network('10.96.0.0/16'),
 IPv4Network('10.97.0.0/16'),
 IPv4Network('10.98.0.0/16'),
 IPv4Network('10.99.0.0/16'),
 IPv4Network('10.100.0.0/16'),
 IPv4Network('10.101.0.0/16'),
 IPv4Network('10.102.0.0/16'),
 IPv4Network('10.103.0.0/16'),
 IPv4Network('10.104.0.0/16'),
 IPv4Network('10.105.0.0/16'),
 IPv4Network('10.106.0.0/16'),
 IPv4Network('10.107.0.0/16'),
 IPv4Network('10.108.0.0/16'),
 IPv4Network('10.109.0.0/16'),
 IPv4Network('10.110.0.0/16'),
 IPv4Network('10.111.0.0/16'),
 IPv4Network('10.112.0.0/16'),
 IPv4Network('10.113.0.0/16'),
 IPv4Network('10.114.0.0/16'),
 IPv4Network('10.115.0.0/16'),
 IPv4Network('10.116.0.0/16'),
 IPv4Network('10.117.0.0/16'),
 IPv4Network('10.118.0.0/16'),
 IPv4Network('10.119.0.0/16'),
 IPv4Network('10.120.0.0/16'),
 IPv4Network('10.121.0.0/16'),
 IPv4Network('10.122.0.0/16'),
 IPv4Network('10.123.0.0/16'),
 IPv4Network('10.124.0.0/16'),
 IPv4Network('10.125.0.0/16'),
 IPv4Network('10.126.0.0/16'),
 IPv4Network('10.127.0.0/16'),
 IPv4Network('10.128.0.0/16'),
 IPv4Network('10.129.0.0/16'),
 IPv4Network('10.130.0.0/16'),
 IPv4Network('10.131.0.0/16'),
 IPv4Network('10.132.0.0/16'),
 IPv4Network('10.133.0.0/16'),
 IPv4Network('10.134.0.0/16'),
 IPv4Network('10.135.0.0/16'),
 IPv4Network('10.136.0.0/16'),
 IPv4Network('10.137.0.0/16'),
 IPv4Network('10.138.0.0/16'),
 IPv4Network('10.139.0.0/16'),
 IPv4Network('10.140.0.0/16'),
 IPv4Network('10.141.0.0/16'),
 IPv4Network('10.142.0.0/16'),
 IPv4Network('10.143.0.0/16'),
 IPv4Network('10.144.0.0/16'),
 IPv4Network('10.145.0.0/16'),
 IPv4Network('10.146.0.0/16'),
 IPv4Network('10.147.0.0/16'),
 IPv4Network('10.148.0.0/16'),
 IPv4Network('10.149.0.0/16'),
 IPv4Network('10.150.0.0/16'),
 IPv4Network('10.151.0.0/16'),
 IPv4Network('10.152.0.0/16'),
 IPv4Network('10.153.0.0/16'),
 IPv4Network('10.154.0.0/16'),
 IPv4Network('10.155.0.0/16'),
 IPv4Network('10.156.0.0/16'),
 IPv4Network('10.157.0.0/16'),
 IPv4Network('10.158.0.0/16'),
 IPv4Network('10.159.0.0/16'),
 IPv4Network('10.160.0.0/16'),
 IPv4Network('10.161.0.0/16'),
 IPv4Network('10.162.0.0/16'),
 IPv4Network('10.163.0.0/16'),
 IPv4Network('10.164.0.0/16'),
 IPv4Network('10.165.0.0/16'),
 IPv4Network('10.166.0.0/16'),
 IPv4Network('10.167.0.0/16'),
 IPv4Network('10.168.0.0/16'),
 IPv4Network('10.169.0.0/16'),
 IPv4Network('10.170.0.0/16'),
 IPv4Network('10.171.0.0/16'),
 IPv4Network('10.172.0.0/16'),
 IPv4Network('10.173.0.0/16'),
 IPv4Network('10.174.0.0/16'),
 IPv4Network('10.175.0.0/16'),
 IPv4Network('10.176.0.0/16'),
 IPv4Network('10.177.0.0/16'),
 IPv4Network('10.178.0.0/16'),
 IPv4Network('10.179.0.0/16'),
 IPv4Network('10.180.0.0/16'),
 IPv4Network('10.181.0.0/16'),
 IPv4Network('10.182.0.0/16'),
 IPv4Network('10.183.0.0/16'),
 IPv4Network('10.184.0.0/16'),
 IPv4Network('10.185.0.0/16'),
 IPv4Network('10.186.0.0/16'),
 IPv4Network('10.187.0.0/16'),
 IPv4Network('10.188.0.0/16'),
 IPv4Network('10.189.0.0/16'),
 IPv4Network('10.190.0.0/16'),
 IPv4Network('10.191.0.0/16'),
 IPv4Network('10.192.0.0/16'),
 IPv4Network('10.193.0.0/16'),
 IPv4Network('10.194.0.0/16'),
 IPv4Network('10.195.0.0/16'),
 IPv4Network('10.196.0.0/16'),
 IPv4Network('10.197.0.0/16'),
 IPv4Network('10.198.0.0/16'),
 IPv4Network('10.199.0.0/16')]
[IPv4Network('10.0.0.0/8'),
 IPv4Network('129.79.0.0/16'),
 IPv4Network('134.68.0.0/16'),
 IPv4Network('140.182.0.0/16'),
 IPv4Network('149.159.0.0/16'),
 IPv4Network('149.160.0.0/14'),
 IPv4Network('156.56.0.0/16'),
 IPv4Network('172.16.0.0/12'),
 IPv4Network('192.168.0.0/24'),
 IPv6Network('::/128'),
 IPv4Network('10.0.0.0/16'),
 IPv4Network('10.1.0.0/16'),
 IPv4Network('10.2.0.0/16'),
 IPv4Network('10.3.0.0/16'),
 IPv4Network('10.4.0.0/16'),
 IPv4Network('10.5.0.0/16'),
 IPv4Network('10.6.0.0/16'),
 IPv4Network('10.7.0.0/16'),
 IPv4Network('10.8.0.0/16'),
 IPv4Network('10.9.0.0/16'),
 IPv4Network('10.10.0.0/16'),
 IPv4Network('10.11.0.0/16'),
 IPv4Network('10.12.0.0/16'),
 IPv4Network('10.13.0.0/16'),
 IPv4Network('10.14.0.0/16'),
 IPv4Network('10.15.0.0/16'),
 IPv4Network('10.16.0.0/16'),
 IPv4Network('10.17.0.0/16'),
 IPv4Network('10.18.0.0/16'),
 IPv4Network('10.19.0.0/16'),
 IPv4Network('10.20.0.0/16'),
 IPv4Network('10.21.0.0/16'),
 IPv4Network('10.22.0.0/16'),
 IPv4Network('10.23.0.0/16'),
 IPv4Network('10.24.0.0/16'),
 IPv4Network('10.25.0.0/16'),
 IPv4Network('10.26.0.0/16'),
 IPv4Network('10.27.0.0/16'),
 IPv4Network('10.28.0.0/16'),
 IPv4Network('10.29.0.0/16'),
 IPv4Network('10.30.0.0/16'),
 IPv4Network('10.31.0.0/16'),
 IPv4Network('10.32.0.0/16'),
 IPv4Network('10.33.0.0/16'),
 IPv4Network('10.34.0.0/16'),
 IPv4Network('10.35.0.0/16'),
 IPv4Network('10.36.0.0/16'),
 IPv4Network('10.37.0.0/16'),
 IPv4Network('10.38.0.0/16'),
 IPv4Network('10.39.0.0/16'),
 IPv4Network('10.40.0.0/16'),
 IPv4Network('10.41.0.0/16'),
 IPv4Network('10.42.0.0/16'),
 IPv4Network('10.43.0.0/16'),
 IPv4Network('10.44.0.0/16'),
 IPv4Network('10.45.0.0/16'),
 IPv4Network('10.46.0.0/16'),
 IPv4Network('10.47.0.0/16'),
 IPv4Network('10.48.0.0/16'),
 IPv4Network('10.49.0.0/16'),
 IPv4Network('10.50.0.0/16'),
 IPv4Network('10.51.0.0/16'),
 IPv4Network('10.52.0.0/16'),
 IPv4Network('10.53.0.0/16'),
 IPv4Network('10.54.0.0/16'),
 IPv4Network('10.55.0.0/16'),
 IPv4Network('10.56.0.0/16'),
 IPv4Network('10.57.0.0/16'),
 IPv4Network('10.58.0.0/16'),
 IPv4Network('10.59.0.0/16'),
 IPv4Network('10.60.0.0/16'),
 IPv4Network('10.61.0.0/16'),
 IPv4Network('10.62.0.0/16'),
 IPv4Network('10.63.0.0/16'),
 IPv4Network('10.64.0.0/16'),
 IPv4Network('10.65.0.0/16'),
 IPv4Network('10.66.0.0/16'),
 IPv4Network('10.67.0.0/16'),
 IPv4Network('10.68.0.0/16'),
 IPv4Network('10.69.0.0/16'),
 IPv4Network('10.70.0.0/16'),
 IPv4Network('10.71.0.0/16'),
 IPv4Network('10.72.0.0/16'),
 IPv4Network('10.73.0.0/16'),
 IPv4Network('10.74.0.0/16'),
 IPv4Network('10.75.0.0/16'),
 IPv4Network('10.76.0.0/16'),
 IPv4Network('10.77.0.0/16'),
 IPv4Network('10.78.0.0/16'),
 IPv4Network('10.79.0.0/16'),
 IPv4Network('10.80.0.0/16'),
 IPv4Network('10.81.0.0/16'),
 IPv4Network('10.82.0.0/16'),
 IPv4Network('10.83.0.0/16'),
 IPv4Network('10.84.0.0/16'),
 IPv4Network('10.85.0.0/16'),
 IPv4Network('10.86.0.0/16'),
 IPv4Network('10.87.0.0/16'),
 IPv4Network('10.88.0.0/16'),
 IPv4Network('10.89.0.0/16'),
 IPv4Network('10.90.0.0/16'),
 IPv4Network('10.91.0.0/16'),
 IPv4Network('10.92.0.0/16'),
 IPv4Network('10.93.0.0/16'),
 IPv4Network('10.94.0.0/16'),
 IPv4Network('10.95.0.0/16'),
 IPv4Network('10.96.0.0/16'),
 IPv4Network('10.97.0.0/16'),
 IPv4Network('10.98.0.0/16'),
 IPv4Network('10.99.0.0/16'),
 IPv4Network('10.100.0.0/16'),
 IPv4Network('10.101.0.0/16'),
 IPv4Network('10.102.0.0/16'),
 IPv4Network('10.103.0.0/16'),
 IPv4Network('10.104.0.0/16'),
 IPv4Network('10.105.0.0/16'),
 IPv4Network('10.106.0.0/16'),
 IPv4Network('10.107.0.0/16'),
 IPv4Network('10.108.0.0/16'),
 IPv4Network('10.109.0.0/16'),
 IPv4Network('10.110.0.0/16'),
 IPv4Network('10.111.0.0/16'),
 IPv4Network('10.112.0.0/16'),
 IPv4Network('10.113.0.0/16'),
 IPv4Network('10.114.0.0/16'),
 IPv4Network('10.115.0.0/16'),
 IPv4Network('10.116.0.0/16'),
 IPv4Network('10.117.0.0/16'),
 IPv4Network('10.118.0.0/16'),
 IPv4Network('10.119.0.0/16'),
 IPv4Network('10.120.0.0/16'),
 IPv4Network('10.121.0.0/16'),
 IPv4Network('10.122.0.0/16'),
 IPv4Network('10.123.0.0/16'),
 IPv4Network('10.124.0.0/16'),
 IPv4Network('10.125.0.0/16'),
 IPv4Network('10.126.0.0/16'),
 IPv4Network('10.127.0.0/16'),
 IPv4Network('10.128.0.0/16'),
 IPv4Network('10.129.0.0/16'),
 IPv4Network('10.130.0.0/16'),
 IPv4Network('10.131.0.0/16'),
 IPv4Network('10.132.0.0/16'),
 IPv4Network('10.133.0.0/16'),
 IPv4Network('10.134.0.0/16'),
 IPv4Network('10.135.0.0/16'),
 IPv4Network('10.136.0.0/16'),
 IPv4Network('10.137.0.0/16'),
 IPv4Network('10.138.0.0/16'),
 IPv4Network('10.139.0.0/16'),
 IPv4Network('10.140.0.0/16'),
 IPv4Network('10.141.0.0/16'),
 IPv4Network('10.142.0.0/16'),
 IPv4Network('10.143.0.0/16'),
 IPv4Network('10.144.0.0/16'),
 IPv4Network('10.145.0.0/16'),
 IPv4Network('10.146.0.0/16'),
 IPv4Network('10.147.0.0/16'),
 IPv4Network('10.148.0.0/16'),
 IPv4Network('10.149.0.0/16'),
 IPv4Network('10.150.0.0/16'),
 IPv4Network('10.151.0.0/16'),
 IPv4Network('10.152.0.0/16'),
 IPv4Network('10.153.0.0/16'),
 IPv4Network('10.154.0.0/16'),
 IPv4Network('10.155.0.0/16'),
 IPv4Network('10.156.0.0/16'),
 IPv4Network('10.157.0.0/16'),
 IPv4Network('10.158.0.0/16'),
 IPv4Network('10.159.0.0/16'),
 IPv4Network('10.160.0.0/16'),
 IPv4Network('10.161.0.0/16'),
 IPv4Network('10.162.0.0/16'),
 IPv4Network('10.163.0.0/16'),
 IPv4Network('10.164.0.0/16'),
 IPv4Network('10.165.0.0/16'),
 IPv4Network('10.166.0.0/16'),
 IPv4Network('10.167.0.0/16'),
 IPv4Network('10.168.0.0/16'),
 IPv4Network('10.169.0.0/16'),
 IPv4Network('10.170.0.0/16'),
 IPv4Network('10.171.0.0/16'),
 IPv4Network('10.172.0.0/16'),
 IPv4Network('10.173.0.0/16'),
 IPv4Network('10.174.0.0/16'),
 IPv4Network('10.175.0.0/16'),
 IPv4Network('10.176.0.0/16'),
 IPv4Network('10.177.0.0/16'),
 IPv4Network('10.178.0.0/16'),
 IPv4Network('10.179.0.0/16'),
 IPv4Network('10.180.0.0/16'),
 IPv4Network('10.181.0.0/16'),
 IPv4Network('10.182.0.0/16'),
 IPv4Network('10.183.0.0/16'),
 IPv4Network('10.184.0.0/16'),
 IPv4Network('10.185.0.0/16'),
 IPv4Network('10.186.0.0/16'),
 IPv4Network('10.187.0.0/16'),
 IPv4Network('10.188.0.0/16'),
 IPv4Network('10.189.0.0/16'),
 IPv4Network('10.190.0.0/16'),
 IPv4Network('10.191.0.0/16'),
 IPv4Network('10.192.0.0/16'),
 IPv4Network('10.193.0.0/16'),
 IPv4Network('10.194.0.0/16'),
 IPv4Network('10.195.0.0/16'),
 IPv4Network('10.196.0.0/16'),
 IPv4Network('10.197.0.0/16'),
 IPv4Network('10.198.0.0/16'),
 IPv4Network('10.199.0.0/16')]
[IPv4Network('10.0.0.0/8'),
 IPv4Network('129.79.0.0/16'),
 IPv4Network('134.68.0.0/16'),
 IPv4Network('140.182.0.0/16'),
 IPv4Network('149.159.0.0/16'),
 IPv4Network('149.160.0.0/14'),
 IPv4Network('156.56.0.0/16'),
 IPv4Network('172.16.0.0/12'),
 IPv4Network('192.168.0.0/24'),
 IPv6Network('::/128'),
 IPv4Network('10.0.0.0/16'),
 IPv4Network('10.1.0.0/16'),
 IPv4Network('10.2.0.0/16'),
 IPv4Network('10.3.0.0/16'),
 IPv4Network('10.4.0.0/16'),
 IPv4Network('10.5.0.0/16'),
 IPv4Network('10.6.0.0/16'),
 IPv4Network('10.7.0.0/16'),
 IPv4Network('10.8.0.0/16'),
 IPv4Network('10.9.0.0/16'),
 IPv4Network('10.10.0.0/16'),
 IPv4Network('10.11.0.0/16'),
 IPv4Network('10.12.0.0/16'),
 IPv4Network('10.13.0.0/16'),
 IPv4Network('10.14.0.0/16'),
 IPv4Network('10.15.0.0/16'),
 IPv4Network('10.16.0.0/16'),
 IPv4Network('10.17.0.0/16'),
 IPv4Network('10.18.0.0/16'),
 IPv4Network('10.19.0.0/16'),
 IPv4Network('10.20.0.0/16'),
 IPv4Network('10.21.0.0/16'),
 IPv4Network('10.22.0.0/16'),
 IPv4Network('10.23.0.0/16'),
 IPv4Network('10.24.0.0/16'),
 IPv4Network('10.25.0.0/16'),
 IPv4Network('10.26.0.0/16'),
 IPv4Network('10.27.0.0/16'),
 IPv4Network('10.28.0.0/16'),
 IPv4Network('10.29.0.0/16'),
 IPv4Network('10.30.0.0/16'),
 IPv4Network('10.31.0.0/16'),
 IPv4Network('10.32.0.0/16'),
 IPv4Network('10.33.0.0/16'),
 IPv4Network('10.34.0.0/16'),
 IPv4Network('10.35.0.0/16'),
 IPv4Network('10.36.0.0/16'),
 IPv4Network('10.37.0.0/16'),
 IPv4Network('10.38.0.0/16'),
 IPv4Network('10.39.0.0/16'),
 IPv4Network('10.40.0.0/16'),
 IPv4Network('10.41.0.0/16'),
 IPv4Network('10.42.0.0/16'),
 IPv4Network('10.43.0.0/16'),
 IPv4Network('10.44.0.0/16'),
 IPv4Network('10.45.0.0/16'),
 IPv4Network('10.46.0.0/16'),
 IPv4Network('10.47.0.0/16'),
 IPv4Network('10.48.0.0/16'),
 IPv4Network('10.49.0.0/16'),
 IPv4Network('10.50.0.0/16'),
 IPv4Network('10.51.0.0/16'),
 IPv4Network('10.52.0.0/16'),
 IPv4Network('10.53.0.0/16'),
 IPv4Network('10.54.0.0/16'),
 IPv4Network('10.55.0.0/16'),
 IPv4Network('10.56.0.0/16'),
 IPv4Network('10.57.0.0/16'),
 IPv4Network('10.58.0.0/16'),
 IPv4Network('10.59.0.0/16'),
 IPv4Network('10.60.0.0/16'),
 IPv4Network('10.61.0.0/16'),
 IPv4Network('10.62.0.0/16'),
 IPv4Network('10.63.0.0/16'),
 IPv4Network('10.64.0.0/16'),
 IPv4Network('10.65.0.0/16'),
 IPv4Network('10.66.0.0/16'),
 IPv4Network('10.67.0.0/16'),
 IPv4Network('10.68.0.0/16'),
 IPv4Network('10.69.0.0/16'),
 IPv4Network('10.70.0.0/16'),
 IPv4Network('10.71.0.0/16'),
 IPv4Network('10.72.0.0/16'),
 IPv4Network('10.73.0.0/16'),
 IPv4Network('10.74.0.0/16'),
 IPv4Network('10.75.0.0/16'),
 IPv4Network('10.76.0.0/16'),
 IPv4Network('10.77.0.0/16'),
 IPv4Network('10.78.0.0/16'),
 IPv4Network('10.79.0.0/16'),
 IPv4Network('10.80.0.0/16'),
 IPv4Network('10.81.0.0/16'),
 IPv4Network('10.82.0.0/16'),
 IPv4Network('10.83.0.0/16'),
 IPv4Network('10.84.0.0/16'),
 IPv4Network('10.85.0.0/16'),
 IPv4Network('10.86.0.0/16'),
 IPv4Network('10.87.0.0/16'),
 IPv4Network('10.88.0.0/16'),
 IPv4Network('10.89.0.0/16'),
 IPv4Network('10.90.0.0/16'),
 IPv4Network('10.91.0.0/16'),
 IPv4Network('10.92.0.0/16'),
 IPv4Network('10.93.0.0/16'),
 IPv4Network('10.94.0.0/16'),
 IPv4Network('10.95.0.0/16'),
 IPv4Network('10.96.0.0/16'),
 IPv4Network('10.97.0.0/16'),
 IPv4Network('10.98.0.0/16'),
 IPv4Network('10.99.0.0/16'),
 IPv4Network('10.100.0.0/16'),
 IPv4Network('10.101.0.0/16'),
 IPv4Network('10.102.0.0/16'),
 IPv4Network('10.103.0.0/16'),
 IPv4Network('10.104.0.0/16'),
 IPv4Network('10.105.0.0/16'),
 IPv4Network('10.106.0.0/16'),
 IPv4Network('10.107.0.0/16'),
 IPv4Network('10.108.0.0/16'),
 IPv4Network('10.109.0.0/16'),
 IPv4Network('10.110.0.0/16'),
 IPv4Network('10.111.0.0/16'),
 IPv4Network('10.112.0.0/16'),
 IPv4Network('10.113.0.0/16'),
 IPv4Network('10.114.0.0/16'),
 IPv4Network('10.115.0.0/16'),
 IPv4Network('10.116.0.0/16'),
 IPv4Network('10.117.0.0/16'),
 IPv4Network('10.118.0.0/16'),
 IPv4Network('10.119.0.0/16'),
 IPv4Network('10.120.0.0/16'),
 IPv4Network('10.121.0.0/16'),
 IPv4Network('10.122.0.0/16'),
 IPv4Network('10.123.0.0/16'),
 IPv4Network('10.124.0.0/16'),
 IPv4Network('10.125.0.0/16'),
 IPv4Network('10.126.0.0/16'),
 IPv4Network('10.127.0.0/16'),
 IPv4Network('10.128.0.0/16'),
 IPv4Network('10.129.0.0/16'),
 IPv4Network('10.130.0.0/16'),
 IPv4Network('10.131.0.0/16'),
 IPv4Network('10.132.0.0/16'),
 IPv4Network('10.133.0.0/16'),
 IPv4Network('10.134.0.0/16'),
 IPv4Network('10.135.0.0/16'),
 IPv4Network('10.136.0.0/16'),
 IPv4Network('10.137.0.0/16'),
 IPv4Network('10.138.0.0/16'),
 IPv4Network('10.139.0.0/16'),
 IPv4Network('10.140.0.0/16'),
 IPv4Network('10.141.0.0/16'),
 IPv4Network('10.142.0.0/16'),
 IPv4Network('10.143.0.0/16'),
 IPv4Network('10.144.0.0/16'),
 IPv4Network('10.145.0.0/16'),
 IPv4Network('10.146.0.0/16'),
 IPv4Network('10.147.0.0/16'),
 IPv4Network('10.148.0.0/16'),
 IPv4Network('10.149.0.0/16'),
 IPv4Network('10.150.0.0/16'),
 IPv4Network('10.151.0.0/16'),
 IPv4Network('10.152.0.0/16'),
 IPv4Network('10.153.0.0/16'),
 IPv4Network('10.154.0.0/16'),
 IPv4Network('10.155.0.0/16'),
 IPv4Network('10.156.0.0/16'),
 IPv4Network('10.157.0.0/16'),
 IPv4Network('10.158.0.0/16'),
 IPv4Network('10.159.0.0/16'),
 IPv4Network('10.160.0.0/16'),
 IPv4Network('10.161.0.0/16'),
 IPv4Network('10.162.0.0/16'),
 IPv4Network('10.163.0.0/16'),
 IPv4Network('10.164.0.0/16'),
 IPv4Network('10.165.0.0/16'),
 IPv4Network('10.166.0.0/16'),
 IPv4Network('10.167.0.0/16'),
 IPv4Network('10.168.0.0/16'),
 IPv4Network('10.169.0.0/16'),
 IPv4Network('10.170.0.0/16'),
 IPv4Network('10.171.0.0/16'),
 IPv4Network('10.172.0.0/16'),
 IPv4Network('10.173.0.0/16'),
 IPv4Network('10.174.0.0/16'),
 IPv4Network('10.175.0.0/16'),
 IPv4Network('10.176.0.0/16'),
 IPv4Network('10.177.0.0/16'),
 IPv4Network('10.178.0.0/16'),
 IPv4Network('10.179.0.0/16'),
 IPv4Network('10.180.0.0/16'),
 IPv4Network('10.181.0.0/16'),
 IPv4Network('10.182.0.0/16'),
 IPv4Network('10.183.0.0/16'),
 IPv4Network('10.184.0.0/16'),
 IPv4Network('10.185.0.0/16'),
 IPv4Network('10.186.0.0/16'),
 IPv4Network('10.187.0.0/16'),
 IPv4Network('10.188.0.0/16'),
 IPv4Network('10.189.0.0/16'),
 IPv4Network('10.190.0.0/16'),
 IPv4Network('10.191.0.0/16'),
 IPv4Network('10.192.0.0/16'),
 IPv4Network('10.193.0.0/16'),
 IPv4Network('10.194.0.0/16'),
 IPv4Network('10.195.0.0/16'),
 IPv4Network('10.196.0.0/16'),
 IPv4Network('10.197.0.0/16'),
 IPv4Network('10.198.0.0/16'),
 IPv4Network('10.199.0.0/16')]
[IPv4Network('10.0.0.0/8'),
 IPv4Network('129.79.0.0/16'),
 IPv4Network('134.68.0.0/16'),
 IPv4Network('140.182.0.0/16'),
 IPv4Network('149.159.0.0/16'),
 IPv4Network('149.160.0.0/14'),
 IPv4Network('156.56.0.0/16'),
 IPv4Network('172.16.0.0/12'),
 IPv4Network('192.168.0.0/24'),
 IPv6Network('::/128'),
 IPv4Network('10.0.0.0/16'),
 IPv4Network('10.1.0.0/16'),
 IPv4Network('10.2.0.0/16'),
 IPv4Network('10.3.0.0/16'),
 IPv4Network('10.4.0.0/16'),
 IPv4Network('10.5.0.0/16'),
 IPv4Network('10.6.0.0/16'),
 IPv4Network('10.7.0.0/16'),
 IPv4Network('10.8.0.0/16'),
 IPv4Network('10.9.0.0/16'),
 IPv4Network('10.10.0.0/16'),
 IPv4Network('10.11.0.0/16'),
 IPv4Network('10.12.0.0/16'),
 IPv4Network('10.13.0.0/16'),
 IPv4Network('10.14.0.0/16'),
 IPv4Network('10.15.0.0/16'),
 IPv4Network('10.16.0.0/16'),
 IPv4Network('10.17.0.0/16'),
 IPv4Network('10.18.0.0/16'),
 IPv4Network('10.19.0.0/16'),
 IPv4Network('10.20.0.0/16'),
 IPv4Network('10.21.0.0/16'),
 IPv4Network('10.22.0.0/16'),
 IPv4Network('10.23.0.0/16'),
 IPv4Network('10.24.0.0/16'),
 IPv4Network('10.25.0.0/16'),
 IPv4Network('10.26.0.0/16'),
 IPv4Network('10.27.0.0/16'),
 IPv4Network('10.28.0.0/16'),
 IPv4Network('10.29.0.0/16'),
 IPv4Network('10.30.0.0/16'),
 IPv4Network('10.31.0.0/16'),
 IPv4Network('10.32.0.0/16'),
 IPv4Network('10.33.0.0/16'),
 IPv4Network('10.34.0.0/16'),
 IPv4Network('10.35.0.0/16'),
 IPv4Network('10.36.0.0/16'),
 IPv4Network('10.37.0.0/16'),
 IPv4Network('10.38.0.0/16'),
 IPv4Network('10.39.0.0/16'),
 IPv4Network('10.40.0.0/16'),
 IPv4Network('10.41.0.0/16'),
 IPv4Network('10.42.0.0/16'),
 IPv4Network('10.43.0.0/16'),
 IPv4Network('10.44.0.0/16'),
 IPv4Network('10.45.0.0/16'),
 IPv4Network('10.46.0.0/16'),
 IPv4Network('10.47.0.0/16'),
 IPv4Network('10.48.0.0/16'),
 IPv4Network('10.49.0.0/16'),
 IPv4Network('10.50.0.0/16'),
 IPv4Network('10.51.0.0/16'),
 IPv4Network('10.52.0.0/16'),
 IPv4Network('10.53.0.0/16'),
 IPv4Network('10.54.0.0/16'),
 IPv4Network('10.55.0.0/16'),
 IPv4Network('10.56.0.0/16'),
 IPv4Network('10.57.0.0/16'),
 IPv4Network('10.58.0.0/16'),
 IPv4Network('10.59.0.0/16'),
 IPv4Network('10.60.0.0/16'),
 IPv4Network('10.61.0.0/16'),
 IPv4Network('10.62.0.0/16'),
 IPv4Network('10.63.0.0/16'),
 IPv4Network('10.64.0.0/16'),
 IPv4Network('10.65.0.0/16'),
 IPv4Network('10.66.0.0/16'),
 IPv4Network('10.67.0.0/16'),
 IPv4Network('10.68.0.0/16'),
 IPv4Network('10.69.0.0/16'),
 IPv4Network('10.70.0.0/16'),
 IPv4Network('10.71.0.0/16'),
 IPv4Network('10.72.0.0/16'),
 IPv4Network('10.73.0.0/16'),
 IPv4Network('10.74.0.0/16'),
 IPv4Network('10.75.0.0/16'),
 IPv4Network('10.76.0.0/16'),
 IPv4Network('10.77.0.0/16'),
 IPv4Network('10.78.0.0/16'),
 IPv4Network('10.79.0.0/16'),
 IPv4Network('10.80.0.0/16'),
 IPv4Network('10.81.0.0/16'),
 IPv4Network('10.82.0.0/16'),
 IPv4Network('10.83.0.0/16'),
 IPv4Network('10.84.0.0/16'),
 IPv4Network('10.85.0.0/16'),
 IPv4Network('10.86.0.0/16'),
 IPv4Network('10.87.0.0/16'),
 IPv4Network('10.88.0.0/16'),
 IPv4Network('10.89.0.0/16'),
 IPv4Network('10.90.0.0/16'),
 IPv4Network('10.91.0.0/16'),
 IPv4Network('10.92.0.0/16'),
 IPv4Network('10.93.0.0/16'),
 IPv4Network('10.94.0.0/16'),
 IPv4Network('10.95.0.0/16'),
 IPv4Network('10.96.0.0/16'),
 IPv4Network('10.97.0.0/16'),
 IPv4Network('10.98.0.0/16'),
 IPv4Network('10.99.0.0/16'),
 IPv4Network('10.100.0.0/16'),
 IPv4Network('10.101.0.0/16'),
 IPv4Network('10.102.0.0/16'),
 IPv4Network('10.103.0.0/16'),
 IPv4Network('10.104.0.0/16'),
 IPv4Network('10.105.0.0/16'),
 IPv4Network('10.106.0.0/16'),
 IPv4Network('10.107.0.0/16'),
 IPv4Network('10.108.0.0/16'),
 IPv4Network('10.109.0.0/16'),
 IPv4Network('10.110.0.0/16'),
 IPv4Network('10.111.0.0/16'),
 IPv4Network('10.112.0.0/16'),
 IPv4Network('10.113.0.0/16'),
 IPv4Network('10.114.0.0/16'),
 IPv4Network('10.115.0.0/16'),
 IPv4Network('10.116.0.0/16'),
 IPv4Network('10.117.0.0/16'),
 IPv4Network('10.118.0.0/16'),
 IPv4Network('10.119.0.0/16'),
 IPv4Network('10.120.0.0/16'),
 IPv4Network('10.121.0.0/16'),
 IPv4Network('10.122.0.0/16'),
 IPv4Network('10.123.0.0/16'),
 IPv4Network('10.124.0.0/16'),
 IPv4Network('10.125.0.0/16'),
 IPv4Network('10.126.0.0/16'),
 IPv4Network('10.127.0.0/16'),
 IPv4Network('10.128.0.0/16'),
 IPv4Network('10.129.0.0/16'),
 IPv4Network('10.130.0.0/16'),
 IPv4Network('10.131.0.0/16'),
 IPv4Network('10.132.0.0/16'),
 IPv4Network('10.133.0.0/16'),
 IPv4Network('10.134.0.0/16'),
 IPv4Network('10.135.0.0/16'),
 IPv4Network('10.136.0.0/16'),
 IPv4Network('10.137.0.0/16'),
 IPv4Network('10.138.0.0/16'),
 IPv4Network('10.139.0.0/16'),
 IPv4Network('10.140.0.0/16'),
 IPv4Network('10.141.0.0/16'),
 IPv4Network('10.142.0.0/16'),
 IPv4Network('10.143.0.0/16'),
 IPv4Network('10.144.0.0/16'),
 IPv4Network('10.145.0.0/16'),
 IPv4Network('10.146.0.0/16'),
 IPv4Network('10.147.0.0/16'),
 IPv4Network('10.148.0.0/16'),
 IPv4Network('10.149.0.0/16'),
 IPv4Network('10.150.0.0/16'),
 IPv4Network('10.151.0.0/16'),
 IPv4Network('10.152.0.0/16'),
 IPv4Network('10.153.0.0/16'),
 IPv4Network('10.154.0.0/16'),
 IPv4Network('10.155.0.0/16'),
 IPv4Network('10.156.0.0/16'),
 IPv4Network('10.157.0.0/16'),
 IPv4Network('10.158.0.0/16'),
 IPv4Network('10.159.0.0/16'),
 IPv4Network('10.160.0.0/16'),
 IPv4Network('10.161.0.0/16'),
 IPv4Network('10.162.0.0/16'),
 IPv4Network('10.163.0.0/16'),
 IPv4Network('10.164.0.0/16'),
 IPv4Network('10.165.0.0/16'),
 IPv4Network('10.166.0.0/16'),
 IPv4Network('10.167.0.0/16'),
 IPv4Network('10.168.0.0/16'),
 IPv4Network('10.169.0.0/16'),
 IPv4Network('10.170.0.0/16'),
 IPv4Network('10.171.0.0/16'),
 IPv4Network('10.172.0.0/16'),
 IPv4Network('10.173.0.0/16'),
 IPv4Network('10.174.0.0/16'),
 IPv4Network('10.175.0.0/16'),
 IPv4Network('10.176.0.0/16'),
 IPv4Network('10.177.0.0/16'),
 IPv4Network('10.178.0.0/16'),
 IPv4Network('10.179.0.0/16'),
 IPv4Network('10.180.0.0/16'),
 IPv4Network('10.181.0.0/16'),
 IPv4Network('10.182.0.0/16'),
 IPv4Network('10.183.0.0/16'),
 IPv4Network('10.184.0.0/16'),
 IPv4Network('10.185.0.0/16'),
 IPv4Network('10.186.0.0/16'),
 IPv4Network('10.187.0.0/16'),
 IPv4Network('10.188.0.0/16'),
 IPv4Network('10.189.0.0/16'),
 IPv4Network('10.190.0.0/16'),
 IPv4Network('10.191.0.0/16'),
 IPv4Network('10.192.0.0/16'),
 IPv4Network('10.193.0.0/16'),
 IPv4Network('10.194.0.0/16'),
 IPv4Network('10.195.0.0/16'),
 IPv4Network('10.196.0.0/16'),
 IPv4Network('10.197.0.0/16'),
 IPv4Network('10.198.0.0/16'),
 IPv4Network('10.199.0.0/16'),
 IPv4Network('10.200.0.0/16'),
 IPv4Network('10.201.0.0/16')]
[IPv4Network('10.0.0.0/8'),
 IPv4Network('129.79.0.0/16'),
 IPv4Network('134.68.0.0/16'),
 IPv4Network('140.182.0.0/16'),
 IPv4Network('149.159.0.0/16'),
 IPv4Network('149.160.0.0/14'),
 IPv4Network('156.56.0.0/16'),
 IPv4Network('172.16.0.0/12'),
 IPv4Network('192.168.0.0/24'),
 IPv6Network('::/128'),
 IPv4Network('10.0.0.0/16'),
 IPv4Network('10.1.0.0/16'),
 IPv4Network('10.2.0.0/16'),
 IPv4Network('10.3.0.0/16'),
 IPv4Network('10.4.0.0/16'),
 IPv4Network('10.5.0.0/16'),
 IPv4Network('10.6.0.0/16'),
 IPv4Network('10.7.0.0/16'),
 IPv4Network('10.8.0.0/16'),
 IPv4Network('10.9.0.0/16'),
 IPv4Network('10.10.0.0/16'),
 IPv4Network('10.11.0.0/16'),
 IPv4Network('10.12.0.0/16'),
 IPv4Network('10.13.0.0/16'),
 IPv4Network('10.14.0.0/16'),
 IPv4Network('10.15.0.0/16'),
 IPv4Network('10.16.0.0/16'),
 IPv4Network('10.17.0.0/16'),
 IPv4Network('10.18.0.0/16'),
 IPv4Network('10.19.0.0/16'),
 IPv4Network('10.20.0.0/16'),
 IPv4Network('10.21.0.0/16'),
 IPv4Network('10.22.0.0/16'),
 IPv4Network('10.23.0.0/16'),
 IPv4Network('10.24.0.0/16'),
 IPv4Network('10.25.0.0/16'),
 IPv4Network('10.26.0.0/16'),
 IPv4Network('10.27.0.0/16'),
 IPv4Network('10.28.0.0/16'),
 IPv4Network('10.29.0.0/16'),
 IPv4Network('10.30.0.0/16'),
 IPv4Network('10.31.0.0/16'),
 IPv4Network('10.32.0.0/16'),
 IPv4Network('10.33.0.0/16'),
 IPv4Network('10.34.0.0/16'),
 IPv4Network('10.35.0.0/16'),
 IPv4Network('10.36.0.0/16'),
 IPv4Network('10.37.0.0/16'),
 IPv4Network('10.38.0.0/16'),
 IPv4Network('10.39.0.0/16'),
 IPv4Network('10.40.0.0/16'),
 IPv4Network('10.41.0.0/16'),
 IPv4Network('10.42.0.0/16'),
 IPv4Network('10.43.0.0/16'),
 IPv4Network('10.44.0.0/16'),
 IPv4Network('10.45.0.0/16'),
 IPv4Network('10.46.0.0/16'),
 IPv4Network('10.47.0.0/16'),
 IPv4Network('10.48.0.0/16'),
 IPv4Network('10.49.0.0/16'),
 IPv4Network('10.50.0.0/16'),
 IPv4Network('10.51.0.0/16'),
 IPv4Network('10.52.0.0/16'),
 IPv4Network('10.53.0.0/16'),
 IPv4Network('10.54.0.0/16'),
 IPv4Network('10.55.0.0/16'),
 IPv4Network('10.56.0.0/16'),
 IPv4Network('10.57.0.0/16'),
 IPv4Network('10.58.0.0/16'),
 IPv4Network('10.59.0.0/16'),
 IPv4Network('10.60.0.0/16'),
 IPv4Network('10.61.0.0/16'),
 IPv4Network('10.62.0.0/16'),
 IPv4Network('10.63.0.0/16'),
 IPv4Network('10.64.0.0/16'),
 IPv4Network('10.65.0.0/16'),
 IPv4Network('10.66.0.0/16'),
 IPv4Network('10.67.0.0/16'),
 IPv4Network('10.68.0.0/16'),
 IPv4Network('10.69.0.0/16'),
 IPv4Network('10.70.0.0/16'),
 IPv4Network('10.71.0.0/16'),
 IPv4Network('10.72.0.0/16'),
 IPv4Network('10.73.0.0/16'),
 IPv4Network('10.74.0.0/16'),
 IPv4Network('10.75.0.0/16'),
 IPv4Network('10.76.0.0/16'),
 IPv4Network('10.77.0.0/16'),
 IPv4Network('10.78.0.0/16'),
 IPv4Network('10.79.0.0/16'),
 IPv4Network('10.80.0.0/16'),
 IPv4Network('10.81.0.0/16'),
 IPv4Network('10.82.0.0/16'),
 IPv4Network('10.83.0.0/16'),
 IPv4Network('10.84.0.0/16'),
 IPv4Network('10.85.0.0/16'),
 IPv4Network('10.86.0.0/16'),
 IPv4Network('10.87.0.0/16'),
 IPv4Network('10.88.0.0/16'),
 IPv4Network('10.89.0.0/16'),
 IPv4Network('10.90.0.0/16'),
 IPv4Network('10.91.0.0/16'),
 IPv4Network('10.92.0.0/16'),
 IPv4Network('10.93.0.0/16'),
 IPv4Network('10.94.0.0/16'),
 IPv4Network('10.95.0.0/16'),
 IPv4Network('10.96.0.0/16'),
 IPv4Network('10.97.0.0/16'),
 IPv4Network('10.98.0.0/16'),
 IPv4Network('10.99.0.0/16'),
 IPv4Network('10.100.0.0/16'),
 IPv4Network('10.101.0.0/16'),
 IPv4Network('10.102.0.0/16'),
 IPv4Network('10.103.0.0/16'),
 IPv4Network('10.104.0.0/16'),
 IPv4Network('10.105.0.0/16'),
 IPv4Network('10.106.0.0/16'),
 IPv4Network('10.107.0.0/16'),
 IPv4Network('10.108.0.0/16'),
 IPv4Network('10.109.0.0/16'),
 IPv4Network('10.110.0.0/16'),
 IPv4Network('10.111.0.0/16'),
 IPv4Network('10.112.0.0/16'),
 IPv4Network('10.113.0.0/16'),
 IPv4Network('10.114.0.0/16'),
 IPv4Network('10.115.0.0/16'),
 IPv4Network('10.116.0.0/16'),
 IPv4Network('10.117.0.0/16'),
 IPv4Network('10.118.0.0/16'),
 IPv4Network('10.119.0.0/16'),
 IPv4Network('10.120.0.0/16'),
 IPv4Network('10.121.0.0/16'),
 IPv4Network('10.122.0.0/16'),
 IPv4Network('10.123.0.0/16'),
 IPv4Network('10.124.0.0/16'),
 IPv4Network('10.125.0.0/16'),
 IPv4Network('10.126.0.0/16'),
 IPv4Network('10.127.0.0/16'),
 IPv4Network('10.128.0.0/16'),
 IPv4Network('10.129.0.0/16'),
 IPv4Network('10.130.0.0/16'),
 IPv4Network('10.131.0.0/16'),
 IPv4Network('10.132.0.0/16'),
 IPv4Network('10.133.0.0/16'),
 IPv4Network('10.134.0.0/16'),
 IPv4Network('10.135.0.0/16'),
 IPv4Network('10.136.0.0/16'),
 IPv4Network('10.137.0.0/16'),
 IPv4Network('10.138.0.0/16'),
 IPv4Network('10.139.0.0/16'),
 IPv4Network('10.140.0.0/16'),
 IPv4Network('10.141.0.0/16'),
 IPv4Network('10.142.0.0/16'),
 IPv4Network('10.143.0.0/16'),
 IPv4Network('10.144.0.0/16'),
 IPv4Network('10.145.0.0/16'),
 IPv4Network('10.146.0.0/16'),
 IPv4Network('10.147.0.0/16'),
 IPv4Network('10.148.0.0/16'),
 IPv4Network('10.149.0.0/16'),
 IPv4Network('10.150.0.0/16'),
 IPv4Network('10.151.0.0/16'),
 IPv4Network('10.152.0.0/16'),
 IPv4Network('10.153.0.0/16'),
 IPv4Network('10.154.0.0/16'),
 IPv4Network('10.155.0.0/16'),
 IPv4Network('10.156.0.0/16'),
 IPv4Network('10.157.0.0/16'),
 IPv4Network('10.158.0.0/16'),
 IPv4Network('10.159.0.0/16'),
 IPv4Network('10.160.0.0/16'),
 IPv4Network('10.161.0.0/16'),
 IPv4Network('10.162.0.0/16'),
 IPv4Network('10.163.0.0/16'),
 IPv4Network('10.164.0.0/16'),
 IPv4Network('10.165.0.0/16'),
 IPv4Network('10.166.0.0/16'),
 IPv4Network('10.167.0.0/16'),
 IPv4Network('10.168.0.0/16'),
 IPv4Network('10.169.0.0/16'),
 IPv4Network('10.170.0.0/16'),
 IPv4Network('10.171.0.0/16'),
 IPv4Network('10.172.0.0/16'),
 IPv4Network('10.173.0.0/16'),
 IPv4Network('10.174.0.0/16'),
 IPv4Network('10.175.0.0/16'),
 IPv4Network('10.176.0.0/16'),
 IPv4Network('10.177.0.0/16'),
 IPv4Network('10.178.0.0/16'),
 IPv4Network('10.179.0.0/16'),
 IPv4Network('10.180.0.0/16'),
 IPv4Network('10.181.0.0/16'),
 IPv4Network('10.182.0.0/16'),
 IPv4Network('10.183.0.0/16'),
 IPv4Network('10.184.0.0/16'),
 IPv4Network('10.185.0.0/16'),
 IPv4Network('10.186.0.0/16'),
 IPv4Network('10.187.0.0/16'),
 IPv4Network('10.188.0.0/16'),
 IPv4Network('10.189.0.0/16'),
 IPv4Network('10.190.0.0/16'),
 IPv4Network('10.191.0.0/16'),
 IPv4Network('10.192.0.0/16'),
 IPv4Network('10.193.0.0/16'),
 IPv4Network('10.194.0.0/16'),
 IPv4Network('10.195.0.0/16'),
 IPv4Network('10.196.0.0/16'),
 IPv4Network('10.197.0.0/16'),
 IPv4Network('10.198.0.0/16'),
 IPv4Network('10.199.0.0/16'),
 IPv4Network('10.200.0.0/16'),
 IPv4Network('10.201.0.0/16'),
 IPv4Network('10.202.0.0/16'),
 IPv4Network('10.203.0.0/16')]
[IPv4Network('10.0.0.0/8'),
 IPv4Network('129.79.0.0/16'),
 IPv4Network('134.68.0.0/16'),
 IPv4Network('140.182.0.0/16'),
 IPv4Network('149.159.0.0/16'),
 IPv4Network('149.160.0.0/14'),
 IPv4Network('156.56.0.0/16'),
 IPv4Network('172.16.0.0/12'),
 IPv4Network('192.168.0.0/24'),
 IPv6Network('::/128'),
 IPv4Network('10.0.0.0/16'),
 IPv4Network('10.1.0.0/16'),
 IPv4Network('10.2.0.0/16'),
 IPv4Network('10.3.0.0/16'),
 IPv4Network('10.4.0.0/16'),
 IPv4Network('10.5.0.0/16'),
 IPv4Network('10.6.0.0/16'),
 IPv4Network('10.7.0.0/16'),
 IPv4Network('10.8.0.0/16'),
 IPv4Network('10.9.0.0/16'),
 IPv4Network('10.10.0.0/16'),
 IPv4Network('10.11.0.0/16'),
 IPv4Network('10.12.0.0/16'),
 IPv4Network('10.13.0.0/16'),
 IPv4Network('10.14.0.0/16'),
 IPv4Network('10.15.0.0/16'),
 IPv4Network('10.16.0.0/16'),
 IPv4Network('10.17.0.0/16'),
 IPv4Network('10.18.0.0/16'),
 IPv4Network('10.19.0.0/16'),
 IPv4Network('10.20.0.0/16'),
 IPv4Network('10.21.0.0/16'),
 IPv4Network('10.22.0.0/16'),
 IPv4Network('10.23.0.0/16'),
 IPv4Network('10.24.0.0/16'),
 IPv4Network('10.25.0.0/16'),
 IPv4Network('10.26.0.0/16'),
 IPv4Network('10.27.0.0/16'),
 IPv4Network('10.28.0.0/16'),
 IPv4Network('10.29.0.0/16'),
 IPv4Network('10.30.0.0/16'),
 IPv4Network('10.31.0.0/16'),
 IPv4Network('10.32.0.0/16'),
 IPv4Network('10.33.0.0/16'),
 IPv4Network('10.34.0.0/16'),
 IPv4Network('10.35.0.0/16'),
 IPv4Network('10.36.0.0/16'),
 IPv4Network('10.37.0.0/16'),
 IPv4Network('10.38.0.0/16'),
 IPv4Network('10.39.0.0/16'),
 IPv4Network('10.40.0.0/16'),
 IPv4Network('10.41.0.0/16'),
 IPv4Network('10.42.0.0/16'),
 IPv4Network('10.43.0.0/16'),
 IPv4Network('10.44.0.0/16'),
 IPv4Network('10.45.0.0/16'),
 IPv4Network('10.46.0.0/16'),
 IPv4Network('10.47.0.0/16'),
 IPv4Network('10.48.0.0/16'),
 IPv4Network('10.49.0.0/16'),
 IPv4Network('10.50.0.0/16'),
 IPv4Network('10.51.0.0/16'),
 IPv4Network('10.52.0.0/16'),
 IPv4Network('10.53.0.0/16'),
 IPv4Network('10.54.0.0/16'),
 IPv4Network('10.55.0.0/16'),
 IPv4Network('10.56.0.0/16'),
 IPv4Network('10.57.0.0/16'),
 IPv4Network('10.58.0.0/16'),
 IPv4Network('10.59.0.0/16'),
 IPv4Network('10.60.0.0/16'),
 IPv4Network('10.61.0.0/16'),
 IPv4Network('10.62.0.0/16'),
 IPv4Network('10.63.0.0/16'),
 IPv4Network('10.64.0.0/16'),
 IPv4Network('10.65.0.0/16'),
 IPv4Network('10.66.0.0/16'),
 IPv4Network('10.67.0.0/16'),
 IPv4Network('10.68.0.0/16'),
 IPv4Network('10.69.0.0/16'),
 IPv4Network('10.70.0.0/16'),
 IPv4Network('10.71.0.0/16'),
 IPv4Network('10.72.0.0/16'),
 IPv4Network('10.73.0.0/16'),
 IPv4Network('10.74.0.0/16'),
 IPv4Network('10.75.0.0/16'),
 IPv4Network('10.76.0.0/16'),
 IPv4Network('10.77.0.0/16'),
 IPv4Network('10.78.0.0/16'),
 IPv4Network('10.79.0.0/16'),
 IPv4Network('10.80.0.0/16'),
 IPv4Network('10.81.0.0/16'),
 IPv4Network('10.82.0.0/16'),
 IPv4Network('10.83.0.0/16'),
 IPv4Network('10.84.0.0/16'),
 IPv4Network('10.85.0.0/16'),
 IPv4Network('10.86.0.0/16'),
 IPv4Network('10.87.0.0/16'),
 IPv4Network('10.88.0.0/16'),
 IPv4Network('10.89.0.0/16'),
 IPv4Network('10.90.0.0/16'),
 IPv4Network('10.91.0.0/16'),
 IPv4Network('10.92.0.0/16'),
 IPv4Network('10.93.0.0/16'),
 IPv4Network('10.94.0.0/16'),
 IPv4Network('10.95.0.0/16'),
 IPv4Network('10.96.0.0/16'),
 IPv4Network('10.97.0.0/16'),
 IPv4Network('10.98.0.0/16'),
 IPv4Network('10.99.0.0/16'),
 IPv4Network('10.100.0.0/16'),
 IPv4Network('10.101.0.0/16'),
 IPv4Network('10.102.0.0/16'),
 IPv4Network('10.103.0.0/16'),
 IPv4Network('10.104.0.0/16'),
 IPv4Network('10.105.0.0/16'),
 IPv4Network('10.106.0.0/16'),
 IPv4Network('10.107.0.0/16'),
 IPv4Network('10.108.0.0/16'),
 IPv4Network('10.109.0.0/16'),
 IPv4Network('10.110.0.0/16'),
 IPv4Network('10.111.0.0/16'),
 IPv4Network('10.112.0.0/16'),
 IPv4Network('10.113.0.0/16'),
 IPv4Network('10.114.0.0/16'),
 IPv4Network('10.115.0.0/16'),
 IPv4Network('10.116.0.0/16'),
 IPv4Network('10.117.0.0/16'),
 IPv4Network('10.118.0.0/16'),
 IPv4Network('10.119.0.0/16'),
 IPv4Network('10.120.0.0/16'),
 IPv4Network('10.121.0.0/16'),
 IPv4Network('10.122.0.0/16'),
 IPv4Network('10.123.0.0/16'),
 IPv4Network('10.124.0.0/16'),
 IPv4Network('10.125.0.0/16'),
 IPv4Network('10.126.0.0/16'),
 IPv4Network('10.127.0.0/16'),
 IPv4Network('10.128.0.0/16'),
 IPv4Network('10.129.0.0/16'),
 IPv4Network('10.130.0.0/16'),
 IPv4Network('10.131.0.0/16'),
 IPv4Network('10.132.0.0/16'),
 IPv4Network('10.133.0.0/16'),
 IPv4Network('10.134.0.0/16'),
 IPv4Network('10.135.0.0/16'),
 IPv4Network('10.136.0.0/16'),
 IPv4Network('10.137.0.0/16'),
 IPv4Network('10.138.0.0/16'),
 IPv4Network('10.139.0.0/16'),
 IPv4Network('10.140.0.0/16'),
 IPv4Network('10.141.0.0/16'),
 IPv4Network('10.142.0.0/16'),
 IPv4Network('10.143.0.0/16'),
 IPv4Network('10.144.0.0/16'),
 IPv4Network('10.145.0.0/16'),
 IPv4Network('10.146.0.0/16'),
 IPv4Network('10.147.0.0/16'),
 IPv4Network('10.148.0.0/16'),
 IPv4Network('10.149.0.0/16'),
 IPv4Network('10.150.0.0/16'),
 IPv4Network('10.151.0.0/16'),
 IPv4Network('10.152.0.0/16'),
 IPv4Network('10.153.0.0/16'),
 IPv4Network('10.154.0.0/16'),
 IPv4Network('10.155.0.0/16'),
 IPv4Network('10.156.0.0/16'),
 IPv4Network('10.157.0.0/16'),
 IPv4Network('10.158.0.0/16'),
 IPv4Network('10.159.0.0/16'),
 IPv4Network('10.160.0.0/16'),
 IPv4Network('10.161.0.0/16'),
 IPv4Network('10.162.0.0/16'),
 IPv4Network('10.163.0.0/16'),
 IPv4Network('10.164.0.0/16'),
 IPv4Network('10.165.0.0/16'),
 IPv4Network('10.166.0.0/16'),
 IPv4Network('10.167.0.0/16'),
 IPv4Network('10.168.0.0/16'),
 IPv4Network('10.169.0.0/16'),
 IPv4Network('10.170.0.0/16'),
 IPv4Network('10.171.0.0/16'),
 IPv4Network('10.172.0.0/16'),
 IPv4Network('10.173.0.0/16'),
 IPv4Network('10.174.0.0/16'),
 IPv4Network('10.175.0.0/16'),
 IPv4Network('10.176.0.0/16'),
 IPv4Network('10.177.0.0/16'),
 IPv4Network('10.178.0.0/16'),
 IPv4Network('10.179.0.0/16'),
 IPv4Network('10.180.0.0/16'),
 IPv4Network('10.181.0.0/16'),
 IPv4Network('10.182.0.0/16'),
 IPv4Network('10.183.0.0/16'),
 IPv4Network('10.184.0.0/16'),
 IPv4Network('10.185.0.0/16'),
 IPv4Network('10.186.0.0/16'),
 IPv4Network('10.187.0.0/16'),
 IPv4Network('10.188.0.0/16'),
 IPv4Network('10.189.0.0/16'),
 IPv4Network('10.190.0.0/16'),
 IPv4Network('10.191.0.0/16'),
 IPv4Network('10.192.0.0/16'),
 IPv4Network('10.193.0.0/16'),
 IPv4Network('10.194.0.0/16'),
 IPv4Network('10.195.0.0/16'),
 IPv4Network('10.196.0.0/16'),
 IPv4Network('10.197.0.0/16'),
 IPv4Network('10.198.0.0/16'),
 IPv4Network('10.199.0.0/16'),
 IPv4Network('10.200.0.0/16'),
 IPv4Network('10.201.0.0/16'),
 IPv4Network('10.202.0.0/16'),
 IPv4Network('10.203.0.0/16')]
[IPv4Network('10.0.0.0/8'),
 IPv4Network('129.79.0.0/16'),
 IPv4Network('134.68.0.0/16'),
 IPv4Network('140.182.0.0/16'),
 IPv4Network('149.159.0.0/16'),
 IPv4Network('149.160.0.0/14'),
 IPv4Network('156.56.0.0/16'),
 IPv4Network('172.16.0.0/12'),
 IPv4Network('192.168.0.0/24'),
 IPv6Network('::/128'),
 IPv4Network('10.0.0.0/16'),
 IPv4Network('10.1.0.0/16'),
 IPv4Network('10.2.0.0/16'),
 IPv4Network('10.3.0.0/16'),
 IPv4Network('10.4.0.0/16'),
 IPv4Network('10.5.0.0/16'),
 IPv4Network('10.6.0.0/16'),
 IPv4Network('10.7.0.0/16'),
 IPv4Network('10.8.0.0/16'),
 IPv4Network('10.9.0.0/16'),
 IPv4Network('10.10.0.0/16'),
 IPv4Network('10.11.0.0/16'),
 IPv4Network('10.12.0.0/16'),
 IPv4Network('10.13.0.0/16'),
 IPv4Network('10.14.0.0/16'),
 IPv4Network('10.15.0.0/16'),
 IPv4Network('10.16.0.0/16'),
 IPv4Network('10.17.0.0/16'),
 IPv4Network('10.18.0.0/16'),
 IPv4Network('10.19.0.0/16'),
 IPv4Network('10.20.0.0/16'),
 IPv4Network('10.21.0.0/16'),
 IPv4Network('10.22.0.0/16'),
 IPv4Network('10.23.0.0/16'),
 IPv4Network('10.24.0.0/16'),
 IPv4Network('10.25.0.0/16'),
 IPv4Network('10.26.0.0/16'),
 IPv4Network('10.27.0.0/16'),
 IPv4Network('10.28.0.0/16'),
 IPv4Network('10.29.0.0/16'),
 IPv4Network('10.30.0.0/16'),
 IPv4Network('10.31.0.0/16'),
 IPv4Network('10.32.0.0/16'),
 IPv4Network('10.33.0.0/16'),
 IPv4Network('10.34.0.0/16'),
 IPv4Network('10.35.0.0/16'),
 IPv4Network('10.36.0.0/16'),
 IPv4Network('10.37.0.0/16'),
 IPv4Network('10.38.0.0/16'),
 IPv4Network('10.39.0.0/16'),
 IPv4Network('10.40.0.0/16'),
 IPv4Network('10.41.0.0/16'),
 IPv4Network('10.42.0.0/16'),
 IPv4Network('10.43.0.0/16'),
 IPv4Network('10.44.0.0/16'),
 IPv4Network('10.45.0.0/16'),
 IPv4Network('10.46.0.0/16'),
 IPv4Network('10.47.0.0/16'),
 IPv4Network('10.48.0.0/16'),
 IPv4Network('10.49.0.0/16'),
 IPv4Network('10.50.0.0/16'),
 IPv4Network('10.51.0.0/16'),
 IPv4Network('10.52.0.0/16'),
 IPv4Network('10.53.0.0/16'),
 IPv4Network('10.54.0.0/16'),
 IPv4Network('10.55.0.0/16'),
 IPv4Network('10.56.0.0/16'),
 IPv4Network('10.57.0.0/16'),
 IPv4Network('10.58.0.0/16'),
 IPv4Network('10.59.0.0/16'),
 IPv4Network('10.60.0.0/16'),
 IPv4Network('10.61.0.0/16'),
 IPv4Network('10.62.0.0/16'),
 IPv4Network('10.63.0.0/16'),
 IPv4Network('10.64.0.0/16'),
 IPv4Network('10.65.0.0/16'),
 IPv4Network('10.66.0.0/16'),
 IPv4Network('10.67.0.0/16'),
 IPv4Network('10.68.0.0/16'),
 IPv4Network('10.69.0.0/16'),
 IPv4Network('10.70.0.0/16'),
 IPv4Network('10.71.0.0/16'),
 IPv4Network('10.72.0.0/16'),
 IPv4Network('10.73.0.0/16'),
 IPv4Network('10.74.0.0/16'),
 IPv4Network('10.75.0.0/16'),
 IPv4Network('10.76.0.0/16'),
 IPv4Network('10.77.0.0/16'),
 IPv4Network('10.78.0.0/16'),
 IPv4Network('10.79.0.0/16'),
 IPv4Network('10.80.0.0/16'),
 IPv4Network('10.81.0.0/16'),
 IPv4Network('10.82.0.0/16'),
 IPv4Network('10.83.0.0/16'),
 IPv4Network('10.84.0.0/16'),
 IPv4Network('10.85.0.0/16'),
 IPv4Network('10.86.0.0/16'),
 IPv4Network('10.87.0.0/16'),
 IPv4Network('10.88.0.0/16'),
 IPv4Network('10.89.0.0/16'),
 IPv4Network('10.90.0.0/16'),
 IPv4Network('10.91.0.0/16'),
 IPv4Network('10.92.0.0/16'),
 IPv4Network('10.93.0.0/16'),
 IPv4Network('10.94.0.0/16'),
 IPv4Network('10.95.0.0/16'),
 IPv4Network('10.96.0.0/16'),
 IPv4Network('10.97.0.0/16'),
 IPv4Network('10.98.0.0/16'),
 IPv4Network('10.99.0.0/16'),
 IPv4Network('10.100.0.0/16'),
 IPv4Network('10.101.0.0/16'),
 IPv4Network('10.102.0.0/16'),
 IPv4Network('10.103.0.0/16'),
 IPv4Network('10.104.0.0/16'),
 IPv4Network('10.105.0.0/16'),
 IPv4Network('10.106.0.0/16'),
 IPv4Network('10.107.0.0/16'),
 IPv4Network('10.108.0.0/16'),
 IPv4Network('10.109.0.0/16'),
 IPv4Network('10.110.0.0/16'),
 IPv4Network('10.111.0.0/16'),
 IPv4Network('10.112.0.0/16'),
 IPv4Network('10.113.0.0/16'),
 IPv4Network('10.114.0.0/16'),
 IPv4Network('10.115.0.0/16'),
 IPv4Network('10.116.0.0/16'),
 IPv4Network('10.117.0.0/16'),
 IPv4Network('10.118.0.0/16'),
 IPv4Network('10.119.0.0/16'),
 IPv4Network('10.120.0.0/16'),
 IPv4Network('10.121.0.0/16'),
 IPv4Network('10.122.0.0/16'),
 IPv4Network('10.123.0.0/16'),
 IPv4Network('10.124.0.0/16'),
 IPv4Network('10.125.0.0/16'),
 IPv4Network('10.126.0.0/16'),
 IPv4Network('10.127.0.0/16'),
 IPv4Network('10.128.0.0/16'),
 IPv4Network('10.129.0.0/16'),
 IPv4Network('10.130.0.0/16'),
 IPv4Network('10.131.0.0/16'),
 IPv4Network('10.132.0.0/16'),
 IPv4Network('10.133.0.0/16'),
 IPv4Network('10.134.0.0/16'),
 IPv4Network('10.135.0.0/16'),
 IPv4Network('10.136.0.0/16'),
 IPv4Network('10.137.0.0/16'),
 IPv4Network('10.138.0.0/16'),
 IPv4Network('10.139.0.0/16'),
 IPv4Network('10.140.0.0/16'),
 IPv4Network('10.141.0.0/16'),
 IPv4Network('10.142.0.0/16'),
 IPv4Network('10.143.0.0/16'),
 IPv4Network('10.144.0.0/16'),
 IPv4Network('10.145.0.0/16'),
 IPv4Network('10.146.0.0/16'),
 IPv4Network('10.147.0.0/16'),
 IPv4Network('10.148.0.0/16'),
 IPv4Network('10.149.0.0/16'),
 IPv4Network('10.150.0.0/16'),
 IPv4Network('10.151.0.0/16'),
 IPv4Network('10.152.0.0/16'),
 IPv4Network('10.153.0.0/16'),
 IPv4Network('10.154.0.0/16'),
 IPv4Network('10.155.0.0/16'),
 IPv4Network('10.156.0.0/16'),
 IPv4Network('10.157.0.0/16'),
 IPv4Network('10.158.0.0/16'),
 IPv4Network('10.159.0.0/16'),
 IPv4Network('10.160.0.0/16'),
 IPv4Network('10.161.0.0/16'),
 IPv4Network('10.162.0.0/16'),
 IPv4Network('10.163.0.0/16'),
 IPv4Network('10.164.0.0/16'),
 IPv4Network('10.165.0.0/16'),
 IPv4Network('10.166.0.0/16'),
 IPv4Network('10.167.0.0/16'),
 IPv4Network('10.168.0.0/16'),
 IPv4Network('10.169.0.0/16'),
 IPv4Network('10.170.0.0/16'),
 IPv4Network('10.171.0.0/16'),
 IPv4Network('10.172.0.0/16'),
 IPv4Network('10.173.0.0/16'),
 IPv4Network('10.174.0.0/16'),
 IPv4Network('10.175.0.0/16'),
 IPv4Network('10.176.0.0/16'),
 IPv4Network('10.177.0.0/16'),
 IPv4Network('10.178.0.0/16'),
 IPv4Network('10.179.0.0/16'),
 IPv4Network('10.180.0.0/16'),
 IPv4Network('10.181.0.0/16'),
 IPv4Network('10.182.0.0/16'),
 IPv4Network('10.183.0.0/16'),
 IPv4Network('10.184.0.0/16'),
 IPv4Network('10.185.0.0/16'),
 IPv4Network('10.186.0.0/16'),
 IPv4Network('10.187.0.0/16'),
 IPv4Network('10.188.0.0/16'),
 IPv4Network('10.189.0.0/16'),
 IPv4Network('10.190.0.0/16'),
 IPv4Network('10.191.0.0/16'),
 IPv4Network('10.192.0.0/16'),
 IPv4Network('10.193.0.0/16'),
 IPv4Network('10.194.0.0/16'),
 IPv4Network('10.195.0.0/16'),
 IPv4Network('10.196.0.0/16'),
 IPv4Network('10.197.0.0/16'),
 IPv4Network('10.198.0.0/16'),
 IPv4Network('10.199.0.0/16'),
 IPv4Network('10.200.0.0/16'),
 IPv4Network('10.201.0.0/16'),
 IPv4Network('10.202.0.0/16'),
 IPv4Network('10.203.0.0/16'),
 IPv4Network('10.204.0.0/16'),
 IPv4Network('10.205.0.0/16')]
[IPv4Network('10.0.0.0/8'),
 IPv4Network('129.79.0.0/16'),
 IPv4Network('134.68.0.0/16'),
 IPv4Network('140.182.0.0/16'),
 IPv4Network('149.159.0.0/16'),
 IPv4Network('149.160.0.0/14'),
 IPv4Network('156.56.0.0/16'),
 IPv4Network('172.16.0.0/12'),
 IPv4Network('192.168.0.0/24'),
 IPv6Network('::/128'),
 IPv4Network('10.0.0.0/16'),
 IPv4Network('10.1.0.0/16'),
 IPv4Network('10.2.0.0/16'),
 IPv4Network('10.3.0.0/16'),
 IPv4Network('10.4.0.0/16'),
 IPv4Network('10.5.0.0/16'),
 IPv4Network('10.6.0.0/16'),
 IPv4Network('10.7.0.0/16'),
 IPv4Network('10.8.0.0/16'),
 IPv4Network('10.9.0.0/16'),
 IPv4Network('10.10.0.0/16'),
 IPv4Network('10.11.0.0/16'),
 IPv4Network('10.12.0.0/16'),
 IPv4Network('10.13.0.0/16'),
 IPv4Network('10.14.0.0/16'),
 IPv4Network('10.15.0.0/16'),
 IPv4Network('10.16.0.0/16'),
 IPv4Network('10.17.0.0/16'),
 IPv4Network('10.18.0.0/16'),
 IPv4Network('10.19.0.0/16'),
 IPv4Network('10.20.0.0/16'),
 IPv4Network('10.21.0.0/16'),
 IPv4Network('10.22.0.0/16'),
 IPv4Network('10.23.0.0/16'),
 IPv4Network('10.24.0.0/16'),
 IPv4Network('10.25.0.0/16'),
 IPv4Network('10.26.0.0/16'),
 IPv4Network('10.27.0.0/16'),
 IPv4Network('10.28.0.0/16'),
 IPv4Network('10.29.0.0/16'),
 IPv4Network('10.30.0.0/16'),
 IPv4Network('10.31.0.0/16'),
 IPv4Network('10.32.0.0/16'),
 IPv4Network('10.33.0.0/16'),
 IPv4Network('10.34.0.0/16'),
 IPv4Network('10.35.0.0/16'),
 IPv4Network('10.36.0.0/16'),
 IPv4Network('10.37.0.0/16'),
 IPv4Network('10.38.0.0/16'),
 IPv4Network('10.39.0.0/16'),
 IPv4Network('10.40.0.0/16'),
 IPv4Network('10.41.0.0/16'),
 IPv4Network('10.42.0.0/16'),
 IPv4Network('10.43.0.0/16'),
 IPv4Network('10.44.0.0/16'),
 IPv4Network('10.45.0.0/16'),
 IPv4Network('10.46.0.0/16'),
 IPv4Network('10.47.0.0/16'),
 IPv4Network('10.48.0.0/16'),
 IPv4Network('10.49.0.0/16'),
 IPv4Network('10.50.0.0/16'),
 IPv4Network('10.51.0.0/16'),
 IPv4Network('10.52.0.0/16'),
 IPv4Network('10.53.0.0/16'),
 IPv4Network('10.54.0.0/16'),
 IPv4Network('10.55.0.0/16'),
 IPv4Network('10.56.0.0/16'),
 IPv4Network('10.57.0.0/16'),
 IPv4Network('10.58.0.0/16'),
 IPv4Network('10.59.0.0/16'),
 IPv4Network('10.60.0.0/16'),
 IPv4Network('10.61.0.0/16'),
 IPv4Network('10.62.0.0/16'),
 IPv4Network('10.63.0.0/16'),
 IPv4Network('10.64.0.0/16'),
 IPv4Network('10.65.0.0/16'),
 IPv4Network('10.66.0.0/16'),
 IPv4Network('10.67.0.0/16'),
 IPv4Network('10.68.0.0/16'),
 IPv4Network('10.69.0.0/16'),
 IPv4Network('10.70.0.0/16'),
 IPv4Network('10.71.0.0/16'),
 IPv4Network('10.72.0.0/16'),
 IPv4Network('10.73.0.0/16'),
 IPv4Network('10.74.0.0/16'),
 IPv4Network('10.75.0.0/16'),
 IPv4Network('10.76.0.0/16'),
 IPv4Network('10.77.0.0/16'),
 IPv4Network('10.78.0.0/16'),
 IPv4Network('10.79.0.0/16'),
 IPv4Network('10.80.0.0/16'),
 IPv4Network('10.81.0.0/16'),
 IPv4Network('10.82.0.0/16'),
 IPv4Network('10.83.0.0/16'),
 IPv4Network('10.84.0.0/16'),
 IPv4Network('10.85.0.0/16'),
 IPv4Network('10.86.0.0/16'),
 IPv4Network('10.87.0.0/16'),
 IPv4Network('10.88.0.0/16'),
 IPv4Network('10.89.0.0/16'),
 IPv4Network('10.90.0.0/16'),
 IPv4Network('10.91.0.0/16'),
 IPv4Network('10.92.0.0/16'),
 IPv4Network('10.93.0.0/16'),
 IPv4Network('10.94.0.0/16'),
 IPv4Network('10.95.0.0/16'),
 IPv4Network('10.96.0.0/16'),
 IPv4Network('10.97.0.0/16'),
 IPv4Network('10.98.0.0/16'),
 IPv4Network('10.99.0.0/16'),
 IPv4Network('10.100.0.0/16'),
 IPv4Network('10.101.0.0/16'),
 IPv4Network('10.102.0.0/16'),
 IPv4Network('10.103.0.0/16'),
 IPv4Network('10.104.0.0/16'),
 IPv4Network('10.105.0.0/16'),
 IPv4Network('10.106.0.0/16'),
 IPv4Network('10.107.0.0/16'),
 IPv4Network('10.108.0.0/16'),
 IPv4Network('10.109.0.0/16'),
 IPv4Network('10.110.0.0/16'),
 IPv4Network('10.111.0.0/16'),
 IPv4Network('10.112.0.0/16'),
 IPv4Network('10.113.0.0/16'),
 IPv4Network('10.114.0.0/16'),
 IPv4Network('10.115.0.0/16'),
 IPv4Network('10.116.0.0/16'),
 IPv4Network('10.117.0.0/16'),
 IPv4Network('10.118.0.0/16'),
 IPv4Network('10.119.0.0/16'),
 IPv4Network('10.120.0.0/16'),
 IPv4Network('10.121.0.0/16'),
 IPv4Network('10.122.0.0/16'),
 IPv4Network('10.123.0.0/16'),
 IPv4Network('10.124.0.0/16'),
 IPv4Network('10.125.0.0/16'),
 IPv4Network('10.126.0.0/16'),
 IPv4Network('10.127.0.0/16'),
 IPv4Network('10.128.0.0/16'),
 IPv4Network('10.129.0.0/16'),
 IPv4Network('10.130.0.0/16'),
 IPv4Network('10.131.0.0/16'),
 IPv4Network('10.132.0.0/16'),
 IPv4Network('10.133.0.0/16'),
 IPv4Network('10.134.0.0/16'),
 IPv4Network('10.135.0.0/16'),
 IPv4Network('10.136.0.0/16'),
 IPv4Network('10.137.0.0/16'),
 IPv4Network('10.138.0.0/16'),
 IPv4Network('10.139.0.0/16'),
 IPv4Network('10.140.0.0/16'),
 IPv4Network('10.141.0.0/16'),
 IPv4Network('10.142.0.0/16'),
 IPv4Network('10.143.0.0/16'),
 IPv4Network('10.144.0.0/16'),
 IPv4Network('10.145.0.0/16'),
 IPv4Network('10.146.0.0/16'),
 IPv4Network('10.147.0.0/16'),
 IPv4Network('10.148.0.0/16'),
 IPv4Network('10.149.0.0/16'),
 IPv4Network('10.150.0.0/16'),
 IPv4Network('10.151.0.0/16'),
 IPv4Network('10.152.0.0/16'),
 IPv4Network('10.153.0.0/16'),
 IPv4Network('10.154.0.0/16'),
 IPv4Network('10.155.0.0/16'),
 IPv4Network('10.156.0.0/16'),
 IPv4Network('10.157.0.0/16'),
 IPv4Network('10.158.0.0/16'),
 IPv4Network('10.159.0.0/16'),
 IPv4Network('10.160.0.0/16'),
 IPv4Network('10.161.0.0/16'),
 IPv4Network('10.162.0.0/16'),
 IPv4Network('10.163.0.0/16'),
 IPv4Network('10.164.0.0/16'),
 IPv4Network('10.165.0.0/16'),
 IPv4Network('10.166.0.0/16'),
 IPv4Network('10.167.0.0/16'),
 IPv4Network('10.168.0.0/16'),
 IPv4Network('10.169.0.0/16'),
 IPv4Network('10.170.0.0/16'),
 IPv4Network('10.171.0.0/16'),
 IPv4Network('10.172.0.0/16'),
 IPv4Network('10.173.0.0/16'),
 IPv4Network('10.174.0.0/16'),
 IPv4Network('10.175.0.0/16'),
 IPv4Network('10.176.0.0/16'),
 IPv4Network('10.177.0.0/16'),
 IPv4Network('10.178.0.0/16'),
 IPv4Network('10.179.0.0/16'),
 IPv4Network('10.180.0.0/16'),
 IPv4Network('10.181.0.0/16'),
 IPv4Network('10.182.0.0/16'),
 IPv4Network('10.183.0.0/16'),
 IPv4Network('10.184.0.0/16'),
 IPv4Network('10.185.0.0/16'),
 IPv4Network('10.186.0.0/16'),
 IPv4Network('10.187.0.0/16'),
 IPv4Network('10.188.0.0/16'),
 IPv4Network('10.189.0.0/16'),
 IPv4Network('10.190.0.0/16'),
 IPv4Network('10.191.0.0/16'),
 IPv4Network('10.192.0.0/16'),
 IPv4Network('10.193.0.0/16'),
 IPv4Network('10.194.0.0/16'),
 IPv4Network('10.195.0.0/16'),
 IPv4Network('10.196.0.0/16'),
 IPv4Network('10.197.0.0/16'),
 IPv4Network('10.198.0.0/16'),
 IPv4Network('10.199.0.0/16'),
 IPv4Network('10.200.0.0/16'),
 IPv4Network('10.201.0.0/16'),
 IPv4Network('10.202.0.0/16'),
 IPv4Network('10.203.0.0/16'),
 IPv4Network('10.204.0.0/16'),
 IPv4Network('10.205.0.0/16'),
 IPv4Network('10.206.0.0/16'),
 IPv4Network('10.207.0.0/16')]
[IPv4Network('10.0.0.0/8'),
 IPv4Network('129.79.0.0/16'),
 IPv4Network('134.68.0.0/16'),
 IPv4Network('140.182.0.0/16'),
 IPv4Network('149.159.0.0/16'),
 IPv4Network('149.160.0.0/14'),
 IPv4Network('156.56.0.0/16'),
 IPv4Network('172.16.0.0/12'),
 IPv4Network('192.168.0.0/24'),
 IPv6Network('::/128'),
 IPv4Network('10.0.0.0/16'),
 IPv4Network('10.1.0.0/16'),
 IPv4Network('10.2.0.0/16'),
 IPv4Network('10.3.0.0/16'),
 IPv4Network('10.4.0.0/16'),
 IPv4Network('10.5.0.0/16'),
 IPv4Network('10.6.0.0/16'),
 IPv4Network('10.7.0.0/16'),
 IPv4Network('10.8.0.0/16'),
 IPv4Network('10.9.0.0/16'),
 IPv4Network('10.10.0.0/16'),
 IPv4Network('10.11.0.0/16'),
 IPv4Network('10.12.0.0/16'),
 IPv4Network('10.13.0.0/16'),
 IPv4Network('10.14.0.0/16'),
 IPv4Network('10.15.0.0/16'),
 IPv4Network('10.16.0.0/16'),
 IPv4Network('10.17.0.0/16'),
 IPv4Network('10.18.0.0/16'),
 IPv4Network('10.19.0.0/16'),
 IPv4Network('10.20.0.0/16'),
 IPv4Network('10.21.0.0/16'),
 IPv4Network('10.22.0.0/16'),
 IPv4Network('10.23.0.0/16'),
 IPv4Network('10.24.0.0/16'),
 IPv4Network('10.25.0.0/16'),
 IPv4Network('10.26.0.0/16'),
 IPv4Network('10.27.0.0/16'),
 IPv4Network('10.28.0.0/16'),
 IPv4Network('10.29.0.0/16'),
 IPv4Network('10.30.0.0/16'),
 IPv4Network('10.31.0.0/16'),
 IPv4Network('10.32.0.0/16'),
 IPv4Network('10.33.0.0/16'),
 IPv4Network('10.34.0.0/16'),
 IPv4Network('10.35.0.0/16'),
 IPv4Network('10.36.0.0/16'),
 IPv4Network('10.37.0.0/16'),
 IPv4Network('10.38.0.0/16'),
 IPv4Network('10.39.0.0/16'),
 IPv4Network('10.40.0.0/16'),
 IPv4Network('10.41.0.0/16'),
 IPv4Network('10.42.0.0/16'),
 IPv4Network('10.43.0.0/16'),
 IPv4Network('10.44.0.0/16'),
 IPv4Network('10.45.0.0/16'),
 IPv4Network('10.46.0.0/16'),
 IPv4Network('10.47.0.0/16'),
 IPv4Network('10.48.0.0/16'),
 IPv4Network('10.49.0.0/16'),
 IPv4Network('10.50.0.0/16'),
 IPv4Network('10.51.0.0/16'),
 IPv4Network('10.52.0.0/16'),
 IPv4Network('10.53.0.0/16'),
 IPv4Network('10.54.0.0/16'),
 IPv4Network('10.55.0.0/16'),
 IPv4Network('10.56.0.0/16'),
 IPv4Network('10.57.0.0/16'),
 IPv4Network('10.58.0.0/16'),
 IPv4Network('10.59.0.0/16'),
 IPv4Network('10.60.0.0/16'),
 IPv4Network('10.61.0.0/16'),
 IPv4Network('10.62.0.0/16'),
 IPv4Network('10.63.0.0/16'),
 IPv4Network('10.64.0.0/16'),
 IPv4Network('10.65.0.0/16'),
 IPv4Network('10.66.0.0/16'),
 IPv4Network('10.67.0.0/16'),
 IPv4Network('10.68.0.0/16'),
 IPv4Network('10.69.0.0/16'),
 IPv4Network('10.70.0.0/16'),
 IPv4Network('10.71.0.0/16'),
 IPv4Network('10.72.0.0/16'),
 IPv4Network('10.73.0.0/16'),
 IPv4Network('10.74.0.0/16'),
 IPv4Network('10.75.0.0/16'),
 IPv4Network('10.76.0.0/16'),
 IPv4Network('10.77.0.0/16'),
 IPv4Network('10.78.0.0/16'),
 IPv4Network('10.79.0.0/16'),
 IPv4Network('10.80.0.0/16'),
 IPv4Network('10.81.0.0/16'),
 IPv4Network('10.82.0.0/16'),
 IPv4Network('10.83.0.0/16'),
 IPv4Network('10.84.0.0/16'),
 IPv4Network('10.85.0.0/16'),
 IPv4Network('10.86.0.0/16'),
 IPv4Network('10.87.0.0/16'),
 IPv4Network('10.88.0.0/16'),
 IPv4Network('10.89.0.0/16'),
 IPv4Network('10.90.0.0/16'),
 IPv4Network('10.91.0.0/16'),
 IPv4Network('10.92.0.0/16'),
 IPv4Network('10.93.0.0/16'),
 IPv4Network('10.94.0.0/16'),
 IPv4Network('10.95.0.0/16'),
 IPv4Network('10.96.0.0/16'),
 IPv4Network('10.97.0.0/16'),
 IPv4Network('10.98.0.0/16'),
 IPv4Network('10.99.0.0/16'),
 IPv4Network('10.100.0.0/16'),
 IPv4Network('10.101.0.0/16'),
 IPv4Network('10.102.0.0/16'),
 IPv4Network('10.103.0.0/16'),
 IPv4Network('10.104.0.0/16'),
 IPv4Network('10.105.0.0/16'),
 IPv4Network('10.106.0.0/16'),
 IPv4Network('10.107.0.0/16'),
 IPv4Network('10.108.0.0/16'),
 IPv4Network('10.109.0.0/16'),
 IPv4Network('10.110.0.0/16'),
 IPv4Network('10.111.0.0/16'),
 IPv4Network('10.112.0.0/16'),
 IPv4Network('10.113.0.0/16'),
 IPv4Network('10.114.0.0/16'),
 IPv4Network('10.115.0.0/16'),
 IPv4Network('10.116.0.0/16'),
 IPv4Network('10.117.0.0/16'),
 IPv4Network('10.118.0.0/16'),
 IPv4Network('10.119.0.0/16'),
 IPv4Network('10.120.0.0/16'),
 IPv4Network('10.121.0.0/16'),
 IPv4Network('10.122.0.0/16'),
 IPv4Network('10.123.0.0/16'),
 IPv4Network('10.124.0.0/16'),
 IPv4Network('10.125.0.0/16'),
 IPv4Network('10.126.0.0/16'),
 IPv4Network('10.127.0.0/16'),
 IPv4Network('10.128.0.0/16'),
 IPv4Network('10.129.0.0/16'),
 IPv4Network('10.130.0.0/16'),
 IPv4Network('10.131.0.0/16'),
 IPv4Network('10.132.0.0/16'),
 IPv4Network('10.133.0.0/16'),
 IPv4Network('10.134.0.0/16'),
 IPv4Network('10.135.0.0/16'),
 IPv4Network('10.136.0.0/16'),
 IPv4Network('10.137.0.0/16'),
 IPv4Network('10.138.0.0/16'),
 IPv4Network('10.139.0.0/16'),
 IPv4Network('10.140.0.0/16'),
 IPv4Network('10.141.0.0/16'),
 IPv4Network('10.142.0.0/16'),
 IPv4Network('10.143.0.0/16'),
 IPv4Network('10.144.0.0/16'),
 IPv4Network('10.145.0.0/16'),
 IPv4Network('10.146.0.0/16'),
 IPv4Network('10.147.0.0/16'),
 IPv4Network('10.148.0.0/16'),
 IPv4Network('10.149.0.0/16'),
 IPv4Network('10.150.0.0/16'),
 IPv4Network('10.151.0.0/16'),
 IPv4Network('10.152.0.0/16'),
 IPv4Network('10.153.0.0/16'),
 IPv4Network('10.154.0.0/16'),
 IPv4Network('10.155.0.0/16'),
 IPv4Network('10.156.0.0/16'),
 IPv4Network('10.157.0.0/16'),
 IPv4Network('10.158.0.0/16'),
 IPv4Network('10.159.0.0/16'),
 IPv4Network('10.160.0.0/16'),
 IPv4Network('10.161.0.0/16'),
 IPv4Network('10.162.0.0/16'),
 IPv4Network('10.163.0.0/16'),
 IPv4Network('10.164.0.0/16'),
 IPv4Network('10.165.0.0/16'),
 IPv4Network('10.166.0.0/16'),
 IPv4Network('10.167.0.0/16'),
 IPv4Network('10.168.0.0/16'),
 IPv4Network('10.169.0.0/16'),
 IPv4Network('10.170.0.0/16'),
 IPv4Network('10.171.0.0/16'),
 IPv4Network('10.172.0.0/16'),
 IPv4Network('10.173.0.0/16'),
 IPv4Network('10.174.0.0/16'),
 IPv4Network('10.175.0.0/16'),
 IPv4Network('10.176.0.0/16'),
 IPv4Network('10.177.0.0/16'),
 IPv4Network('10.178.0.0/16'),
 IPv4Network('10.179.0.0/16'),
 IPv4Network('10.180.0.0/16'),
 IPv4Network('10.181.0.0/16'),
 IPv4Network('10.182.0.0/16'),
 IPv4Network('10.183.0.0/16'),
 IPv4Network('10.184.0.0/16'),
 IPv4Network('10.185.0.0/16'),
 IPv4Network('10.186.0.0/16'),
 IPv4Network('10.187.0.0/16'),
 IPv4Network('10.188.0.0/16'),
 IPv4Network('10.189.0.0/16'),
 IPv4Network('10.190.0.0/16'),
 IPv4Network('10.191.0.0/16'),
 IPv4Network('10.192.0.0/16'),
 IPv4Network('10.193.0.0/16'),
 IPv4Network('10.194.0.0/16'),
 IPv4Network('10.195.0.0/16'),
 IPv4Network('10.196.0.0/16'),
 IPv4Network('10.197.0.0/16'),
 IPv4Network('10.198.0.0/16'),
 IPv4Network('10.199.0.0/16'),
 IPv4Network('10.200.0.0/16'),
 IPv4Network('10.201.0.0/16'),
 IPv4Network('10.202.0.0/16'),
 IPv4Network('10.203.0.0/16'),
 IPv4Network('10.204.0.0/16'),
 IPv4Network('10.205.0.0/16'),
 IPv4Network('10.206.0.0/16'),
 IPv4Network('10.207.0.0/16')]
[IPv4Network('10.0.0.0/8'),
 IPv4Network('129.79.0.0/16'),
 IPv4Network('134.68.0.0/16'),
 IPv4Network('140.182.0.0/16'),
 IPv4Network('149.159.0.0/16'),
 IPv4Network('149.160.0.0/14'),
 IPv4Network('156.56.0.0/16'),
 IPv4Network('172.16.0.0/12'),
 IPv4Network('192.168.0.0/24'),
 IPv6Network('::/128'),
 IPv4Network('10.0.0.0/16'),
 IPv4Network('10.1.0.0/16'),
 IPv4Network('10.2.0.0/16'),
 IPv4Network('10.3.0.0/16'),
 IPv4Network('10.4.0.0/16'),
 IPv4Network('10.5.0.0/16'),
 IPv4Network('10.6.0.0/16'),
 IPv4Network('10.7.0.0/16'),
 IPv4Network('10.8.0.0/16'),
 IPv4Network('10.9.0.0/16'),
 IPv4Network('10.10.0.0/16'),
 IPv4Network('10.11.0.0/16'),
 IPv4Network('10.12.0.0/16'),
 IPv4Network('10.13.0.0/16'),
 IPv4Network('10.14.0.0/16'),
 IPv4Network('10.15.0.0/16'),
 IPv4Network('10.16.0.0/16'),
 IPv4Network('10.17.0.0/16'),
 IPv4Network('10.18.0.0/16'),
 IPv4Network('10.19.0.0/16'),
 IPv4Network('10.20.0.0/16'),
 IPv4Network('10.21.0.0/16'),
 IPv4Network('10.22.0.0/16'),
 IPv4Network('10.23.0.0/16'),
 IPv4Network('10.24.0.0/16'),
 IPv4Network('10.25.0.0/16'),
 IPv4Network('10.26.0.0/16'),
 IPv4Network('10.27.0.0/16'),
 IPv4Network('10.28.0.0/16'),
 IPv4Network('10.29.0.0/16'),
 IPv4Network('10.30.0.0/16'),
 IPv4Network('10.31.0.0/16'),
 IPv4Network('10.32.0.0/16'),
 IPv4Network('10.33.0.0/16'),
 IPv4Network('10.34.0.0/16'),
 IPv4Network('10.35.0.0/16'),
 IPv4Network('10.36.0.0/16'),
 IPv4Network('10.37.0.0/16'),
 IPv4Network('10.38.0.0/16'),
 IPv4Network('10.39.0.0/16'),
 IPv4Network('10.40.0.0/16'),
 IPv4Network('10.41.0.0/16'),
 IPv4Network('10.42.0.0/16'),
 IPv4Network('10.43.0.0/16'),
 IPv4Network('10.44.0.0/16'),
 IPv4Network('10.45.0.0/16'),
 IPv4Network('10.46.0.0/16'),
 IPv4Network('10.47.0.0/16'),
 IPv4Network('10.48.0.0/16'),
 IPv4Network('10.49.0.0/16'),
 IPv4Network('10.50.0.0/16'),
 IPv4Network('10.51.0.0/16'),
 IPv4Network('10.52.0.0/16'),
 IPv4Network('10.53.0.0/16'),
 IPv4Network('10.54.0.0/16'),
 IPv4Network('10.55.0.0/16'),
 IPv4Network('10.56.0.0/16'),
 IPv4Network('10.57.0.0/16'),
 IPv4Network('10.58.0.0/16'),
 IPv4Network('10.59.0.0/16'),
 IPv4Network('10.60.0.0/16'),
 IPv4Network('10.61.0.0/16'),
 IPv4Network('10.62.0.0/16'),
 IPv4Network('10.63.0.0/16'),
 IPv4Network('10.64.0.0/16'),
 IPv4Network('10.65.0.0/16'),
 IPv4Network('10.66.0.0/16'),
 IPv4Network('10.67.0.0/16'),
 IPv4Network('10.68.0.0/16'),
 IPv4Network('10.69.0.0/16'),
 IPv4Network('10.70.0.0/16'),
 IPv4Network('10.71.0.0/16'),
 IPv4Network('10.72.0.0/16'),
 IPv4Network('10.73.0.0/16'),
 IPv4Network('10.74.0.0/16'),
 IPv4Network('10.75.0.0/16'),
 IPv4Network('10.76.0.0/16'),
 IPv4Network('10.77.0.0/16'),
 IPv4Network('10.78.0.0/16'),
 IPv4Network('10.79.0.0/16'),
 IPv4Network('10.80.0.0/16'),
 IPv4Network('10.81.0.0/16'),
 IPv4Network('10.82.0.0/16'),
 IPv4Network('10.83.0.0/16'),
 IPv4Network('10.84.0.0/16'),
 IPv4Network('10.85.0.0/16'),
 IPv4Network('10.86.0.0/16'),
 IPv4Network('10.87.0.0/16'),
 IPv4Network('10.88.0.0/16'),
 IPv4Network('10.89.0.0/16'),
 IPv4Network('10.90.0.0/16'),
 IPv4Network('10.91.0.0/16'),
 IPv4Network('10.92.0.0/16'),
 IPv4Network('10.93.0.0/16'),
 IPv4Network('10.94.0.0/16'),
 IPv4Network('10.95.0.0/16'),
 IPv4Network('10.96.0.0/16'),
 IPv4Network('10.97.0.0/16'),
 IPv4Network('10.98.0.0/16'),
 IPv4Network('10.99.0.0/16'),
 IPv4Network('10.100.0.0/16'),
 IPv4Network('10.101.0.0/16'),
 IPv4Network('10.102.0.0/16'),
 IPv4Network('10.103.0.0/16'),
 IPv4Network('10.104.0.0/16'),
 IPv4Network('10.105.0.0/16'),
 IPv4Network('10.106.0.0/16'),
 IPv4Network('10.107.0.0/16'),
 IPv4Network('10.108.0.0/16'),
 IPv4Network('10.109.0.0/16'),
 IPv4Network('10.110.0.0/16'),
 IPv4Network('10.111.0.0/16'),
 IPv4Network('10.112.0.0/16'),
 IPv4Network('10.113.0.0/16'),
 IPv4Network('10.114.0.0/16'),
 IPv4Network('10.115.0.0/16'),
 IPv4Network('10.116.0.0/16'),
 IPv4Network('10.117.0.0/16'),
 IPv4Network('10.118.0.0/16'),
 IPv4Network('10.119.0.0/16'),
 IPv4Network('10.120.0.0/16'),
 IPv4Network('10.121.0.0/16'),
 IPv4Network('10.122.0.0/16'),
 IPv4Network('10.123.0.0/16'),
 IPv4Network('10.124.0.0/16'),
 IPv4Network('10.125.0.0/16'),
 IPv4Network('10.126.0.0/16'),
 IPv4Network('10.127.0.0/16'),
 IPv4Network('10.128.0.0/16'),
 IPv4Network('10.129.0.0/16'),
 IPv4Network('10.130.0.0/16'),
 IPv4Network('10.131.0.0/16'),
 IPv4Network('10.132.0.0/16'),
 IPv4Network('10.133.0.0/16'),
 IPv4Network('10.134.0.0/16'),
 IPv4Network('10.135.0.0/16'),
 IPv4Network('10.136.0.0/16'),
 IPv4Network('10.137.0.0/16'),
 IPv4Network('10.138.0.0/16'),
 IPv4Network('10.139.0.0/16'),
 IPv4Network('10.140.0.0/16'),
 IPv4Network('10.141.0.0/16'),
 IPv4Network('10.142.0.0/16'),
 IPv4Network('10.143.0.0/16'),
 IPv4Network('10.144.0.0/16'),
 IPv4Network('10.145.0.0/16'),
 IPv4Network('10.146.0.0/16'),
 IPv4Network('10.147.0.0/16'),
 IPv4Network('10.148.0.0/16'),
 IPv4Network('10.149.0.0/16'),
 IPv4Network('10.150.0.0/16'),
 IPv4Network('10.151.0.0/16'),
 IPv4Network('10.152.0.0/16'),
 IPv4Network('10.153.0.0/16'),
 IPv4Network('10.154.0.0/16'),
 IPv4Network('10.155.0.0/16'),
 IPv4Network('10.156.0.0/16'),
 IPv4Network('10.157.0.0/16'),
 IPv4Network('10.158.0.0/16'),
 IPv4Network('10.159.0.0/16'),
 IPv4Network('10.160.0.0/16'),
 IPv4Network('10.161.0.0/16'),
 IPv4Network('10.162.0.0/16'),
 IPv4Network('10.163.0.0/16'),
 IPv4Network('10.164.0.0/16'),
 IPv4Network('10.165.0.0/16'),
 IPv4Network('10.166.0.0/16'),
 IPv4Network('10.167.0.0/16'),
 IPv4Network('10.168.0.0/16'),
 IPv4Network('10.169.0.0/16'),
 IPv4Network('10.170.0.0/16'),
 IPv4Network('10.171.0.0/16'),
 IPv4Network('10.172.0.0/16'),
 IPv4Network('10.173.0.0/16'),
 IPv4Network('10.174.0.0/16'),
 IPv4Network('10.175.0.0/16'),
 IPv4Network('10.176.0.0/16'),
 IPv4Network('10.177.0.0/16'),
 IPv4Network('10.178.0.0/16'),
 IPv4Network('10.179.0.0/16'),
 IPv4Network('10.180.0.0/16'),
 IPv4Network('10.181.0.0/16'),
 IPv4Network('10.182.0.0/16'),
 IPv4Network('10.183.0.0/16'),
 IPv4Network('10.184.0.0/16'),
 IPv4Network('10.185.0.0/16'),
 IPv4Network('10.186.0.0/16'),
 IPv4Network('10.187.0.0/16'),
 IPv4Network('10.188.0.0/16'),
 IPv4Network('10.189.0.0/16'),
 IPv4Network('10.190.0.0/16'),
 IPv4Network('10.191.0.0/16'),
 IPv4Network('10.192.0.0/16'),
 IPv4Network('10.193.0.0/16'),
 IPv4Network('10.194.0.0/16'),
 IPv4Network('10.195.0.0/16'),
 IPv4Network('10.196.0.0/16'),
 IPv4Network('10.197.0.0/16'),
 IPv4Network('10.198.0.0/16'),
 IPv4Network('10.199.0.0/16'),
 IPv4Network('10.200.0.0/16'),
 IPv4Network('10.201.0.0/16'),
 IPv4Network('10.202.0.0/16'),
 IPv4Network('10.203.0.0/16'),
 IPv4Network('10.204.0.0/16'),
 IPv4Network('10.205.0.0/16'),
 IPv4Network('10.206.0.0/16'),
 IPv4Network('10.207.0.0/16')]
[IPv4Network('10.0.0.0/8'),
 IPv4Network('129.79.0.0/16'),
 IPv4Network('134.68.0.0/16'),
 IPv4Network('140.182.0.0/16'),
 IPv4Network('149.159.0.0/16'),
 IPv4Network('149.160.0.0/14'),
 IPv4Network('156.56.0.0/16'),
 IPv4Network('172.16.0.0/12'),
 IPv4Network('192.168.0.0/24'),
 IPv6Network('::/128'),
 IPv4Network('10.0.0.0/16'),
 IPv4Network('10.1.0.0/16'),
 IPv4Network('10.2.0.0/16'),
 IPv4Network('10.3.0.0/16'),
 IPv4Network('10.4.0.0/16'),
 IPv4Network('10.5.0.0/16'),
 IPv4Network('10.6.0.0/16'),
 IPv4Network('10.7.0.0/16'),
 IPv4Network('10.8.0.0/16'),
 IPv4Network('10.9.0.0/16'),
 IPv4Network('10.10.0.0/16'),
 IPv4Network('10.11.0.0/16'),
 IPv4Network('10.12.0.0/16'),
 IPv4Network('10.13.0.0/16'),
 IPv4Network('10.14.0.0/16'),
 IPv4Network('10.15.0.0/16'),
 IPv4Network('10.16.0.0/16'),
 IPv4Network('10.17.0.0/16'),
 IPv4Network('10.18.0.0/16'),
 IPv4Network('10.19.0.0/16'),
 IPv4Network('10.20.0.0/16'),
 IPv4Network('10.21.0.0/16'),
 IPv4Network('10.22.0.0/16'),
 IPv4Network('10.23.0.0/16'),
 IPv4Network('10.24.0.0/16'),
 IPv4Network('10.25.0.0/16'),
 IPv4Network('10.26.0.0/16'),
 IPv4Network('10.27.0.0/16'),
 IPv4Network('10.28.0.0/16'),
 IPv4Network('10.29.0.0/16'),
 IPv4Network('10.30.0.0/16'),
 IPv4Network('10.31.0.0/16'),
 IPv4Network('10.32.0.0/16'),
 IPv4Network('10.33.0.0/16'),
 IPv4Network('10.34.0.0/16'),
 IPv4Network('10.35.0.0/16'),
 IPv4Network('10.36.0.0/16'),
 IPv4Network('10.37.0.0/16'),
 IPv4Network('10.38.0.0/16'),
 IPv4Network('10.39.0.0/16'),
 IPv4Network('10.40.0.0/16'),
 IPv4Network('10.41.0.0/16'),
 IPv4Network('10.42.0.0/16'),
 IPv4Network('10.43.0.0/16'),
 IPv4Network('10.44.0.0/16'),
 IPv4Network('10.45.0.0/16'),
 IPv4Network('10.46.0.0/16'),
 IPv4Network('10.47.0.0/16'),
 IPv4Network('10.48.0.0/16'),
 IPv4Network('10.49.0.0/16'),
 IPv4Network('10.50.0.0/16'),
 IPv4Network('10.51.0.0/16'),
 IPv4Network('10.52.0.0/16'),
 IPv4Network('10.53.0.0/16'),
 IPv4Network('10.54.0.0/16'),
 IPv4Network('10.55.0.0/16'),
 IPv4Network('10.56.0.0/16'),
 IPv4Network('10.57.0.0/16'),
 IPv4Network('10.58.0.0/16'),
 IPv4Network('10.59.0.0/16'),
 IPv4Network('10.60.0.0/16'),
 IPv4Network('10.61.0.0/16'),
 IPv4Network('10.62.0.0/16'),
 IPv4Network('10.63.0.0/16'),
 IPv4Network('10.64.0.0/16'),
 IPv4Network('10.65.0.0/16'),
 IPv4Network('10.66.0.0/16'),
 IPv4Network('10.67.0.0/16'),
 IPv4Network('10.68.0.0/16'),
 IPv4Network('10.69.0.0/16'),
 IPv4Network('10.70.0.0/16'),
 IPv4Network('10.71.0.0/16'),
 IPv4Network('10.72.0.0/16'),
 IPv4Network('10.73.0.0/16'),
 IPv4Network('10.74.0.0/16'),
 IPv4Network('10.75.0.0/16'),
 IPv4Network('10.76.0.0/16'),
 IPv4Network('10.77.0.0/16'),
 IPv4Network('10.78.0.0/16'),
 IPv4Network('10.79.0.0/16'),
 IPv4Network('10.80.0.0/16'),
 IPv4Network('10.81.0.0/16'),
 IPv4Network('10.82.0.0/16'),
 IPv4Network('10.83.0.0/16'),
 IPv4Network('10.84.0.0/16'),
 IPv4Network('10.85.0.0/16'),
 IPv4Network('10.86.0.0/16'),
 IPv4Network('10.87.0.0/16'),
 IPv4Network('10.88.0.0/16'),
 IPv4Network('10.89.0.0/16'),
 IPv4Network('10.90.0.0/16'),
 IPv4Network('10.91.0.0/16'),
 IPv4Network('10.92.0.0/16'),
 IPv4Network('10.93.0.0/16'),
 IPv4Network('10.94.0.0/16'),
 IPv4Network('10.95.0.0/16'),
 IPv4Network('10.96.0.0/16'),
 IPv4Network('10.97.0.0/16'),
 IPv4Network('10.98.0.0/16'),
 IPv4Network('10.99.0.0/16'),
 IPv4Network('10.100.0.0/16'),
 IPv4Network('10.101.0.0/16'),
 IPv4Network('10.102.0.0/16'),
 IPv4Network('10.103.0.0/16'),
 IPv4Network('10.104.0.0/16'),
 IPv4Network('10.105.0.0/16'),
 IPv4Network('10.106.0.0/16'),
 IPv4Network('10.107.0.0/16'),
 IPv4Network('10.108.0.0/16'),
 IPv4Network('10.109.0.0/16'),
 IPv4Network('10.110.0.0/16'),
 IPv4Network('10.111.0.0/16'),
 IPv4Network('10.112.0.0/16'),
 IPv4Network('10.113.0.0/16'),
 IPv4Network('10.114.0.0/16'),
 IPv4Network('10.115.0.0/16'),
 IPv4Network('10.116.0.0/16'),
 IPv4Network('10.117.0.0/16'),
 IPv4Network('10.118.0.0/16'),
 IPv4Network('10.119.0.0/16'),
 IPv4Network('10.120.0.0/16'),
 IPv4Network('10.121.0.0/16'),
 IPv4Network('10.122.0.0/16'),
 IPv4Network('10.123.0.0/16'),
 IPv4Network('10.124.0.0/16'),
 IPv4Network('10.125.0.0/16'),
 IPv4Network('10.126.0.0/16'),
 IPv4Network('10.127.0.0/16'),
 IPv4Network('10.128.0.0/16'),
 IPv4Network('10.129.0.0/16'),
 IPv4Network('10.130.0.0/16'),
 IPv4Network('10.131.0.0/16'),
 IPv4Network('10.132.0.0/16'),
 IPv4Network('10.133.0.0/16'),
 IPv4Network('10.134.0.0/16'),
 IPv4Network('10.135.0.0/16'),
 IPv4Network('10.136.0.0/16'),
 IPv4Network('10.137.0.0/16'),
 IPv4Network('10.138.0.0/16'),
 IPv4Network('10.139.0.0/16'),
 IPv4Network('10.140.0.0/16'),
 IPv4Network('10.141.0.0/16'),
 IPv4Network('10.142.0.0/16'),
 IPv4Network('10.143.0.0/16'),
 IPv4Network('10.144.0.0/16'),
 IPv4Network('10.145.0.0/16'),
 IPv4Network('10.146.0.0/16'),
 IPv4Network('10.147.0.0/16'),
 IPv4Network('10.148.0.0/16'),
 IPv4Network('10.149.0.0/16'),
 IPv4Network('10.150.0.0/16'),
 IPv4Network('10.151.0.0/16'),
 IPv4Network('10.152.0.0/16'),
 IPv4Network('10.153.0.0/16'),
 IPv4Network('10.154.0.0/16'),
 IPv4Network('10.155.0.0/16'),
 IPv4Network('10.156.0.0/16'),
 IPv4Network('10.157.0.0/16'),
 IPv4Network('10.158.0.0/16'),
 IPv4Network('10.159.0.0/16'),
 IPv4Network('10.160.0.0/16'),
 IPv4Network('10.161.0.0/16'),
 IPv4Network('10.162.0.0/16'),
 IPv4Network('10.163.0.0/16'),
 IPv4Network('10.164.0.0/16'),
 IPv4Network('10.165.0.0/16'),
 IPv4Network('10.166.0.0/16'),
 IPv4Network('10.167.0.0/16'),
 IPv4Network('10.168.0.0/16'),
 IPv4Network('10.169.0.0/16'),
 IPv4Network('10.170.0.0/16'),
 IPv4Network('10.171.0.0/16'),
 IPv4Network('10.172.0.0/16'),
 IPv4Network('10.173.0.0/16'),
 IPv4Network('10.174.0.0/16'),
 IPv4Network('10.175.0.0/16'),
 IPv4Network('10.176.0.0/16'),
 IPv4Network('10.177.0.0/16'),
 IPv4Network('10.178.0.0/16'),
 IPv4Network('10.179.0.0/16'),
 IPv4Network('10.180.0.0/16'),
 IPv4Network('10.181.0.0/16'),
 IPv4Network('10.182.0.0/16'),
 IPv4Network('10.183.0.0/16'),
 IPv4Network('10.184.0.0/16'),
 IPv4Network('10.185.0.0/16'),
 IPv4Network('10.186.0.0/16'),
 IPv4Network('10.187.0.0/16'),
 IPv4Network('10.188.0.0/16'),
 IPv4Network('10.189.0.0/16'),
 IPv4Network('10.190.0.0/16'),
 IPv4Network('10.191.0.0/16'),
 IPv4Network('10.192.0.0/16'),
 IPv4Network('10.193.0.0/16'),
 IPv4Network('10.194.0.0/16'),
 IPv4Network('10.195.0.0/16'),
 IPv4Network('10.196.0.0/16'),
 IPv4Network('10.197.0.0/16'),
 IPv4Network('10.198.0.0/16'),
 IPv4Network('10.199.0.0/16'),
 IPv4Network('10.200.0.0/16'),
 IPv4Network('10.201.0.0/16'),
 IPv4Network('10.202.0.0/16'),
 IPv4Network('10.203.0.0/16'),
 IPv4Network('10.204.0.0/16'),
 IPv4Network('10.205.0.0/16'),
 IPv4Network('10.206.0.0/16'),
 IPv4Network('10.207.0.0/16')]
[IPv4Network('10.0.0.0/8'),
 IPv4Network('129.79.0.0/16'),
 IPv4Network('134.68.0.0/16'),
 IPv4Network('140.182.0.0/16'),
 IPv4Network('149.159.0.0/16'),
 IPv4Network('149.160.0.0/14'),
 IPv4Network('156.56.0.0/16'),
 IPv4Network('172.16.0.0/12'),
 IPv4Network('192.168.0.0/24'),
 IPv6Network('::/128'),
 IPv4Network('10.0.0.0/16'),
 IPv4Network('10.1.0.0/16'),
 IPv4Network('10.2.0.0/16'),
 IPv4Network('10.3.0.0/16'),
 IPv4Network('10.4.0.0/16'),
 IPv4Network('10.5.0.0/16'),
 IPv4Network('10.6.0.0/16'),
 IPv4Network('10.7.0.0/16'),
 IPv4Network('10.8.0.0/16'),
 IPv4Network('10.9.0.0/16'),
 IPv4Network('10.10.0.0/16'),
 IPv4Network('10.11.0.0/16'),
 IPv4Network('10.12.0.0/16'),
 IPv4Network('10.13.0.0/16'),
 IPv4Network('10.14.0.0/16'),
 IPv4Network('10.15.0.0/16'),
 IPv4Network('10.16.0.0/16'),
 IPv4Network('10.17.0.0/16'),
 IPv4Network('10.18.0.0/16'),
 IPv4Network('10.19.0.0/16'),
 IPv4Network('10.20.0.0/16'),
 IPv4Network('10.21.0.0/16'),
 IPv4Network('10.22.0.0/16'),
 IPv4Network('10.23.0.0/16'),
 IPv4Network('10.24.0.0/16'),
 IPv4Network('10.25.0.0/16'),
 IPv4Network('10.26.0.0/16'),
 IPv4Network('10.27.0.0/16'),
 IPv4Network('10.28.0.0/16'),
 IPv4Network('10.29.0.0/16'),
 IPv4Network('10.30.0.0/16'),
 IPv4Network('10.31.0.0/16'),
 IPv4Network('10.32.0.0/16'),
 IPv4Network('10.33.0.0/16'),
 IPv4Network('10.34.0.0/16'),
 IPv4Network('10.35.0.0/16'),
 IPv4Network('10.36.0.0/16'),
 IPv4Network('10.37.0.0/16'),
 IPv4Network('10.38.0.0/16'),
 IPv4Network('10.39.0.0/16'),
 IPv4Network('10.40.0.0/16'),
 IPv4Network('10.41.0.0/16'),
 IPv4Network('10.42.0.0/16'),
 IPv4Network('10.43.0.0/16'),
 IPv4Network('10.44.0.0/16'),
 IPv4Network('10.45.0.0/16'),
 IPv4Network('10.46.0.0/16'),
 IPv4Network('10.47.0.0/16'),
 IPv4Network('10.48.0.0/16'),
 IPv4Network('10.49.0.0/16'),
 IPv4Network('10.50.0.0/16'),
 IPv4Network('10.51.0.0/16'),
 IPv4Network('10.52.0.0/16'),
 IPv4Network('10.53.0.0/16'),
 IPv4Network('10.54.0.0/16'),
 IPv4Network('10.55.0.0/16'),
 IPv4Network('10.56.0.0/16'),
 IPv4Network('10.57.0.0/16'),
 IPv4Network('10.58.0.0/16'),
 IPv4Network('10.59.0.0/16'),
 IPv4Network('10.60.0.0/16'),
 IPv4Network('10.61.0.0/16'),
 IPv4Network('10.62.0.0/16'),
 IPv4Network('10.63.0.0/16'),
 IPv4Network('10.64.0.0/16'),
 IPv4Network('10.65.0.0/16'),
 IPv4Network('10.66.0.0/16'),
 IPv4Network('10.67.0.0/16'),
 IPv4Network('10.68.0.0/16'),
 IPv4Network('10.69.0.0/16'),
 IPv4Network('10.70.0.0/16'),
 IPv4Network('10.71.0.0/16'),
 IPv4Network('10.72.0.0/16'),
 IPv4Network('10.73.0.0/16'),
 IPv4Network('10.74.0.0/16'),
 IPv4Network('10.75.0.0/16'),
 IPv4Network('10.76.0.0/16'),
 IPv4Network('10.77.0.0/16'),
 IPv4Network('10.78.0.0/16'),
 IPv4Network('10.79.0.0/16'),
 IPv4Network('10.80.0.0/16'),
 IPv4Network('10.81.0.0/16'),
 IPv4Network('10.82.0.0/16'),
 IPv4Network('10.83.0.0/16'),
 IPv4Network('10.84.0.0/16'),
 IPv4Network('10.85.0.0/16'),
 IPv4Network('10.86.0.0/16'),
 IPv4Network('10.87.0.0/16'),
 IPv4Network('10.88.0.0/16'),
 IPv4Network('10.89.0.0/16'),
 IPv4Network('10.90.0.0/16'),
 IPv4Network('10.91.0.0/16'),
 IPv4Network('10.92.0.0/16'),
 IPv4Network('10.93.0.0/16'),
 IPv4Network('10.94.0.0/16'),
 IPv4Network('10.95.0.0/16'),
 IPv4Network('10.96.0.0/16'),
 IPv4Network('10.97.0.0/16'),
 IPv4Network('10.98.0.0/16'),
 IPv4Network('10.99.0.0/16'),
 IPv4Network('10.100.0.0/16'),
 IPv4Network('10.101.0.0/16'),
 IPv4Network('10.102.0.0/16'),
 IPv4Network('10.103.0.0/16'),
 IPv4Network('10.104.0.0/16'),
 IPv4Network('10.105.0.0/16'),
 IPv4Network('10.106.0.0/16'),
 IPv4Network('10.107.0.0/16'),
 IPv4Network('10.108.0.0/16'),
 IPv4Network('10.109.0.0/16'),
 IPv4Network('10.110.0.0/16'),
 IPv4Network('10.111.0.0/16'),
 IPv4Network('10.112.0.0/16'),
 IPv4Network('10.113.0.0/16'),
 IPv4Network('10.114.0.0/16'),
 IPv4Network('10.115.0.0/16'),
 IPv4Network('10.116.0.0/16'),
 IPv4Network('10.117.0.0/16'),
 IPv4Network('10.118.0.0/16'),
 IPv4Network('10.119.0.0/16'),
 IPv4Network('10.120.0.0/16'),
 IPv4Network('10.121.0.0/16'),
 IPv4Network('10.122.0.0/16'),
 IPv4Network('10.123.0.0/16'),
 IPv4Network('10.124.0.0/16'),
 IPv4Network('10.125.0.0/16'),
 IPv4Network('10.126.0.0/16'),
 IPv4Network('10.127.0.0/16'),
 IPv4Network('10.128.0.0/16'),
 IPv4Network('10.129.0.0/16'),
 IPv4Network('10.130.0.0/16'),
 IPv4Network('10.131.0.0/16'),
 IPv4Network('10.132.0.0/16'),
 IPv4Network('10.133.0.0/16'),
 IPv4Network('10.134.0.0/16'),
 IPv4Network('10.135.0.0/16'),
 IPv4Network('10.136.0.0/16'),
 IPv4Network('10.137.0.0/16'),
 IPv4Network('10.138.0.0/16'),
 IPv4Network('10.139.0.0/16'),
 IPv4Network('10.140.0.0/16'),
 IPv4Network('10.141.0.0/16'),
 IPv4Network('10.142.0.0/16'),
 IPv4Network('10.143.0.0/16'),
 IPv4Network('10.144.0.0/16'),
 IPv4Network('10.145.0.0/16'),
 IPv4Network('10.146.0.0/16'),
 IPv4Network('10.147.0.0/16'),
 IPv4Network('10.148.0.0/16'),
 IPv4Network('10.149.0.0/16'),
 IPv4Network('10.150.0.0/16'),
 IPv4Network('10.151.0.0/16'),
 IPv4Network('10.152.0.0/16'),
 IPv4Network('10.153.0.0/16'),
 IPv4Network('10.154.0.0/16'),
 IPv4Network('10.155.0.0/16'),
 IPv4Network('10.156.0.0/16'),
 IPv4Network('10.157.0.0/16'),
 IPv4Network('10.158.0.0/16'),
 IPv4Network('10.159.0.0/16'),
 IPv4Network('10.160.0.0/16'),
 IPv4Network('10.161.0.0/16'),
 IPv4Network('10.162.0.0/16'),
 IPv4Network('10.163.0.0/16'),
 IPv4Network('10.164.0.0/16'),
 IPv4Network('10.165.0.0/16'),
 IPv4Network('10.166.0.0/16'),
 IPv4Network('10.167.0.0/16'),
 IPv4Network('10.168.0.0/16'),
 IPv4Network('10.169.0.0/16'),
 IPv4Network('10.170.0.0/16'),
 IPv4Network('10.171.0.0/16'),
 IPv4Network('10.172.0.0/16'),
 IPv4Network('10.173.0.0/16'),
 IPv4Network('10.174.0.0/16'),
 IPv4Network('10.175.0.0/16'),
 IPv4Network('10.176.0.0/16'),
 IPv4Network('10.177.0.0/16'),
 IPv4Network('10.178.0.0/16'),
 IPv4Network('10.179.0.0/16'),
 IPv4Network('10.180.0.0/16'),
 IPv4Network('10.181.0.0/16'),
 IPv4Network('10.182.0.0/16'),
 IPv4Network('10.183.0.0/16'),
 IPv4Network('10.184.0.0/16'),
 IPv4Network('10.185.0.0/16'),
 IPv4Network('10.186.0.0/16'),
 IPv4Network('10.187.0.0/16'),
 IPv4Network('10.188.0.0/16'),
 IPv4Network('10.189.0.0/16'),
 IPv4Network('10.190.0.0/16'),
 IPv4Network('10.191.0.0/16'),
 IPv4Network('10.192.0.0/16'),
 IPv4Network('10.193.0.0/16'),
 IPv4Network('10.194.0.0/16'),
 IPv4Network('10.195.0.0/16'),
 IPv4Network('10.196.0.0/16'),
 IPv4Network('10.197.0.0/16'),
 IPv4Network('10.198.0.0/16'),
 IPv4Network('10.199.0.0/16'),
 IPv4Network('10.200.0.0/16'),
 IPv4Network('10.201.0.0/16'),
 IPv4Network('10.202.0.0/16'),
 IPv4Network('10.203.0.0/16'),
 IPv4Network('10.204.0.0/16'),
 IPv4Network('10.205.0.0/16'),
 IPv4Network('10.206.0.0/16'),
 IPv4Network('10.207.0.0/16'),
 IPv4Network('10.208.0.0/16'),
 IPv4Network('10.209.0.0/16')]
[IPv4Network('10.0.0.0/8'),
 IPv4Network('129.79.0.0/16'),
 IPv4Network('134.68.0.0/16'),
 IPv4Network('140.182.0.0/16'),
 IPv4Network('149.159.0.0/16'),
 IPv4Network('149.160.0.0/14'),
 IPv4Network('156.56.0.0/16'),
 IPv4Network('172.16.0.0/12'),
 IPv4Network('192.168.0.0/24'),
 IPv6Network('::/128'),
 IPv4Network('10.0.0.0/16'),
 IPv4Network('10.1.0.0/16'),
 IPv4Network('10.2.0.0/16'),
 IPv4Network('10.3.0.0/16'),
 IPv4Network('10.4.0.0/16'),
 IPv4Network('10.5.0.0/16'),
 IPv4Network('10.6.0.0/16'),
 IPv4Network('10.7.0.0/16'),
 IPv4Network('10.8.0.0/16'),
 IPv4Network('10.9.0.0/16'),
 IPv4Network('10.10.0.0/16'),
 IPv4Network('10.11.0.0/16'),
 IPv4Network('10.12.0.0/16'),
 IPv4Network('10.13.0.0/16'),
 IPv4Network('10.14.0.0/16'),
 IPv4Network('10.15.0.0/16'),
 IPv4Network('10.16.0.0/16'),
 IPv4Network('10.17.0.0/16'),
 IPv4Network('10.18.0.0/16'),
 IPv4Network('10.19.0.0/16'),
 IPv4Network('10.20.0.0/16'),
 IPv4Network('10.21.0.0/16'),
 IPv4Network('10.22.0.0/16'),
 IPv4Network('10.23.0.0/16'),
 IPv4Network('10.24.0.0/16'),
 IPv4Network('10.25.0.0/16'),
 IPv4Network('10.26.0.0/16'),
 IPv4Network('10.27.0.0/16'),
 IPv4Network('10.28.0.0/16'),
 IPv4Network('10.29.0.0/16'),
 IPv4Network('10.30.0.0/16'),
 IPv4Network('10.31.0.0/16'),
 IPv4Network('10.32.0.0/16'),
 IPv4Network('10.33.0.0/16'),
 IPv4Network('10.34.0.0/16'),
 IPv4Network('10.35.0.0/16'),
 IPv4Network('10.36.0.0/16'),
 IPv4Network('10.37.0.0/16'),
 IPv4Network('10.38.0.0/16'),
 IPv4Network('10.39.0.0/16'),
 IPv4Network('10.40.0.0/16'),
 IPv4Network('10.41.0.0/16'),
 IPv4Network('10.42.0.0/16'),
 IPv4Network('10.43.0.0/16'),
 IPv4Network('10.44.0.0/16'),
 IPv4Network('10.45.0.0/16'),
 IPv4Network('10.46.0.0/16'),
 IPv4Network('10.47.0.0/16'),
 IPv4Network('10.48.0.0/16'),
 IPv4Network('10.49.0.0/16'),
 IPv4Network('10.50.0.0/16'),
 IPv4Network('10.51.0.0/16'),
 IPv4Network('10.52.0.0/16'),
 IPv4Network('10.53.0.0/16'),
 IPv4Network('10.54.0.0/16'),
 IPv4Network('10.55.0.0/16'),
 IPv4Network('10.56.0.0/16'),
 IPv4Network('10.57.0.0/16'),
 IPv4Network('10.58.0.0/16'),
 IPv4Network('10.59.0.0/16'),
 IPv4Network('10.60.0.0/16'),
 IPv4Network('10.61.0.0/16'),
 IPv4Network('10.62.0.0/16'),
 IPv4Network('10.63.0.0/16'),
 IPv4Network('10.64.0.0/16'),
 IPv4Network('10.65.0.0/16'),
 IPv4Network('10.66.0.0/16'),
 IPv4Network('10.67.0.0/16'),
 IPv4Network('10.68.0.0/16'),
 IPv4Network('10.69.0.0/16'),
 IPv4Network('10.70.0.0/16'),
 IPv4Network('10.71.0.0/16'),
 IPv4Network('10.72.0.0/16'),
 IPv4Network('10.73.0.0/16'),
 IPv4Network('10.74.0.0/16'),
 IPv4Network('10.75.0.0/16'),
 IPv4Network('10.76.0.0/16'),
 IPv4Network('10.77.0.0/16'),
 IPv4Network('10.78.0.0/16'),
 IPv4Network('10.79.0.0/16'),
 IPv4Network('10.80.0.0/16'),
 IPv4Network('10.81.0.0/16'),
 IPv4Network('10.82.0.0/16'),
 IPv4Network('10.83.0.0/16'),
 IPv4Network('10.84.0.0/16'),
 IPv4Network('10.85.0.0/16'),
 IPv4Network('10.86.0.0/16'),
 IPv4Network('10.87.0.0/16'),
 IPv4Network('10.88.0.0/16'),
 IPv4Network('10.89.0.0/16'),
 IPv4Network('10.90.0.0/16'),
 IPv4Network('10.91.0.0/16'),
 IPv4Network('10.92.0.0/16'),
 IPv4Network('10.93.0.0/16'),
 IPv4Network('10.94.0.0/16'),
 IPv4Network('10.95.0.0/16'),
 IPv4Network('10.96.0.0/16'),
 IPv4Network('10.97.0.0/16'),
 IPv4Network('10.98.0.0/16'),
 IPv4Network('10.99.0.0/16'),
 IPv4Network('10.100.0.0/16'),
 IPv4Network('10.101.0.0/16'),
 IPv4Network('10.102.0.0/16'),
 IPv4Network('10.103.0.0/16'),
 IPv4Network('10.104.0.0/16'),
 IPv4Network('10.105.0.0/16'),
 IPv4Network('10.106.0.0/16'),
 IPv4Network('10.107.0.0/16'),
 IPv4Network('10.108.0.0/16'),
 IPv4Network('10.109.0.0/16'),
 IPv4Network('10.110.0.0/16'),
 IPv4Network('10.111.0.0/16'),
 IPv4Network('10.112.0.0/16'),
 IPv4Network('10.113.0.0/16'),
 IPv4Network('10.114.0.0/16'),
 IPv4Network('10.115.0.0/16'),
 IPv4Network('10.116.0.0/16'),
 IPv4Network('10.117.0.0/16'),
 IPv4Network('10.118.0.0/16'),
 IPv4Network('10.119.0.0/16'),
 IPv4Network('10.120.0.0/16'),
 IPv4Network('10.121.0.0/16'),
 IPv4Network('10.122.0.0/16'),
 IPv4Network('10.123.0.0/16'),
 IPv4Network('10.124.0.0/16'),
 IPv4Network('10.125.0.0/16'),
 IPv4Network('10.126.0.0/16'),
 IPv4Network('10.127.0.0/16'),
 IPv4Network('10.128.0.0/16'),
 IPv4Network('10.129.0.0/16'),
 IPv4Network('10.130.0.0/16'),
 IPv4Network('10.131.0.0/16'),
 IPv4Network('10.132.0.0/16'),
 IPv4Network('10.133.0.0/16'),
 IPv4Network('10.134.0.0/16'),
 IPv4Network('10.135.0.0/16'),
 IPv4Network('10.136.0.0/16'),
 IPv4Network('10.137.0.0/16'),
 IPv4Network('10.138.0.0/16'),
 IPv4Network('10.139.0.0/16'),
 IPv4Network('10.140.0.0/16'),
 IPv4Network('10.141.0.0/16'),
 IPv4Network('10.142.0.0/16'),
 IPv4Network('10.143.0.0/16'),
 IPv4Network('10.144.0.0/16'),
 IPv4Network('10.145.0.0/16'),
 IPv4Network('10.146.0.0/16'),
 IPv4Network('10.147.0.0/16'),
 IPv4Network('10.148.0.0/16'),
 IPv4Network('10.149.0.0/16'),
 IPv4Network('10.150.0.0/16'),
 IPv4Network('10.151.0.0/16'),
 IPv4Network('10.152.0.0/16'),
 IPv4Network('10.153.0.0/16'),
 IPv4Network('10.154.0.0/16'),
 IPv4Network('10.155.0.0/16'),
 IPv4Network('10.156.0.0/16'),
 IPv4Network('10.157.0.0/16'),
 IPv4Network('10.158.0.0/16'),
 IPv4Network('10.159.0.0/16'),
 IPv4Network('10.160.0.0/16'),
 IPv4Network('10.161.0.0/16'),
 IPv4Network('10.162.0.0/16'),
 IPv4Network('10.163.0.0/16'),
 IPv4Network('10.164.0.0/16'),
 IPv4Network('10.165.0.0/16'),
 IPv4Network('10.166.0.0/16'),
 IPv4Network('10.167.0.0/16'),
 IPv4Network('10.168.0.0/16'),
 IPv4Network('10.169.0.0/16'),
 IPv4Network('10.170.0.0/16'),
 IPv4Network('10.171.0.0/16'),
 IPv4Network('10.172.0.0/16'),
 IPv4Network('10.173.0.0/16'),
 IPv4Network('10.174.0.0/16'),
 IPv4Network('10.175.0.0/16'),
 IPv4Network('10.176.0.0/16'),
 IPv4Network('10.177.0.0/16'),
 IPv4Network('10.178.0.0/16'),
 IPv4Network('10.179.0.0/16'),
 IPv4Network('10.180.0.0/16'),
 IPv4Network('10.181.0.0/16'),
 IPv4Network('10.182.0.0/16'),
 IPv4Network('10.183.0.0/16'),
 IPv4Network('10.184.0.0/16'),
 IPv4Network('10.185.0.0/16'),
 IPv4Network('10.186.0.0/16'),
 IPv4Network('10.187.0.0/16'),
 IPv4Network('10.188.0.0/16'),
 IPv4Network('10.189.0.0/16'),
 IPv4Network('10.190.0.0/16'),
 IPv4Network('10.191.0.0/16'),
 IPv4Network('10.192.0.0/16'),
 IPv4Network('10.193.0.0/16'),
 IPv4Network('10.194.0.0/16'),
 IPv4Network('10.195.0.0/16'),
 IPv4Network('10.196.0.0/16'),
 IPv4Network('10.197.0.0/16'),
 IPv4Network('10.198.0.0/16'),
 IPv4Network('10.199.0.0/16'),
 IPv4Network('10.200.0.0/16'),
 IPv4Network('10.201.0.0/16'),
 IPv4Network('10.202.0.0/16'),
 IPv4Network('10.203.0.0/16'),
 IPv4Network('10.204.0.0/16'),
 IPv4Network('10.205.0.0/16'),
 IPv4Network('10.206.0.0/16'),
 IPv4Network('10.207.0.0/16'),
 IPv4Network('10.208.0.0/16'),
 IPv4Network('10.209.0.0/16'),
 IPv4Network('10.210.0.0/16'),
 IPv4Network('10.211.0.0/16')]
[IPv4Network('10.0.0.0/8'),
 IPv4Network('129.79.0.0/16'),
 IPv4Network('134.68.0.0/16'),
 IPv4Network('140.182.0.0/16'),
 IPv4Network('149.159.0.0/16'),
 IPv4Network('149.160.0.0/14'),
 IPv4Network('156.56.0.0/16'),
 IPv4Network('172.16.0.0/12'),
 IPv4Network('192.168.0.0/24'),
 IPv6Network('::/128'),
 IPv4Network('10.0.0.0/16'),
 IPv4Network('10.1.0.0/16'),
 IPv4Network('10.2.0.0/16'),
 IPv4Network('10.3.0.0/16'),
 IPv4Network('10.4.0.0/16'),
 IPv4Network('10.5.0.0/16'),
 IPv4Network('10.6.0.0/16'),
 IPv4Network('10.7.0.0/16'),
 IPv4Network('10.8.0.0/16'),
 IPv4Network('10.9.0.0/16'),
 IPv4Network('10.10.0.0/16'),
 IPv4Network('10.11.0.0/16'),
 IPv4Network('10.12.0.0/16'),
 IPv4Network('10.13.0.0/16'),
 IPv4Network('10.14.0.0/16'),
 IPv4Network('10.15.0.0/16'),
 IPv4Network('10.16.0.0/16'),
 IPv4Network('10.17.0.0/16'),
 IPv4Network('10.18.0.0/16'),
 IPv4Network('10.19.0.0/16'),
 IPv4Network('10.20.0.0/16'),
 IPv4Network('10.21.0.0/16'),
 IPv4Network('10.22.0.0/16'),
 IPv4Network('10.23.0.0/16'),
 IPv4Network('10.24.0.0/16'),
 IPv4Network('10.25.0.0/16'),
 IPv4Network('10.26.0.0/16'),
 IPv4Network('10.27.0.0/16'),
 IPv4Network('10.28.0.0/16'),
 IPv4Network('10.29.0.0/16'),
 IPv4Network('10.30.0.0/16'),
 IPv4Network('10.31.0.0/16'),
 IPv4Network('10.32.0.0/16'),
 IPv4Network('10.33.0.0/16'),
 IPv4Network('10.34.0.0/16'),
 IPv4Network('10.35.0.0/16'),
 IPv4Network('10.36.0.0/16'),
 IPv4Network('10.37.0.0/16'),
 IPv4Network('10.38.0.0/16'),
 IPv4Network('10.39.0.0/16'),
 IPv4Network('10.40.0.0/16'),
 IPv4Network('10.41.0.0/16'),
 IPv4Network('10.42.0.0/16'),
 IPv4Network('10.43.0.0/16'),
 IPv4Network('10.44.0.0/16'),
 IPv4Network('10.45.0.0/16'),
 IPv4Network('10.46.0.0/16'),
 IPv4Network('10.47.0.0/16'),
 IPv4Network('10.48.0.0/16'),
 IPv4Network('10.49.0.0/16'),
 IPv4Network('10.50.0.0/16'),
 IPv4Network('10.51.0.0/16'),
 IPv4Network('10.52.0.0/16'),
 IPv4Network('10.53.0.0/16'),
 IPv4Network('10.54.0.0/16'),
 IPv4Network('10.55.0.0/16'),
 IPv4Network('10.56.0.0/16'),
 IPv4Network('10.57.0.0/16'),
 IPv4Network('10.58.0.0/16'),
 IPv4Network('10.59.0.0/16'),
 IPv4Network('10.60.0.0/16'),
 IPv4Network('10.61.0.0/16'),
 IPv4Network('10.62.0.0/16'),
 IPv4Network('10.63.0.0/16'),
 IPv4Network('10.64.0.0/16'),
 IPv4Network('10.65.0.0/16'),
 IPv4Network('10.66.0.0/16'),
 IPv4Network('10.67.0.0/16'),
 IPv4Network('10.68.0.0/16'),
 IPv4Network('10.69.0.0/16'),
 IPv4Network('10.70.0.0/16'),
 IPv4Network('10.71.0.0/16'),
 IPv4Network('10.72.0.0/16'),
 IPv4Network('10.73.0.0/16'),
 IPv4Network('10.74.0.0/16'),
 IPv4Network('10.75.0.0/16'),
 IPv4Network('10.76.0.0/16'),
 IPv4Network('10.77.0.0/16'),
 IPv4Network('10.78.0.0/16'),
 IPv4Network('10.79.0.0/16'),
 IPv4Network('10.80.0.0/16'),
 IPv4Network('10.81.0.0/16'),
 IPv4Network('10.82.0.0/16'),
 IPv4Network('10.83.0.0/16'),
 IPv4Network('10.84.0.0/16'),
 IPv4Network('10.85.0.0/16'),
 IPv4Network('10.86.0.0/16'),
 IPv4Network('10.87.0.0/16'),
 IPv4Network('10.88.0.0/16'),
 IPv4Network('10.89.0.0/16'),
 IPv4Network('10.90.0.0/16'),
 IPv4Network('10.91.0.0/16'),
 IPv4Network('10.92.0.0/16'),
 IPv4Network('10.93.0.0/16'),
 IPv4Network('10.94.0.0/16'),
 IPv4Network('10.95.0.0/16'),
 IPv4Network('10.96.0.0/16'),
 IPv4Network('10.97.0.0/16'),
 IPv4Network('10.98.0.0/16'),
 IPv4Network('10.99.0.0/16'),
 IPv4Network('10.100.0.0/16'),
 IPv4Network('10.101.0.0/16'),
 IPv4Network('10.102.0.0/16'),
 IPv4Network('10.103.0.0/16'),
 IPv4Network('10.104.0.0/16'),
 IPv4Network('10.105.0.0/16'),
 IPv4Network('10.106.0.0/16'),
 IPv4Network('10.107.0.0/16'),
 IPv4Network('10.108.0.0/16'),
 IPv4Network('10.109.0.0/16'),
 IPv4Network('10.110.0.0/16'),
 IPv4Network('10.111.0.0/16'),
 IPv4Network('10.112.0.0/16'),
 IPv4Network('10.113.0.0/16'),
 IPv4Network('10.114.0.0/16'),
 IPv4Network('10.115.0.0/16'),
 IPv4Network('10.116.0.0/16'),
 IPv4Network('10.117.0.0/16'),
 IPv4Network('10.118.0.0/16'),
 IPv4Network('10.119.0.0/16'),
 IPv4Network('10.120.0.0/16'),
 IPv4Network('10.121.0.0/16'),
 IPv4Network('10.122.0.0/16'),
 IPv4Network('10.123.0.0/16'),
 IPv4Network('10.124.0.0/16'),
 IPv4Network('10.125.0.0/16'),
 IPv4Network('10.126.0.0/16'),
 IPv4Network('10.127.0.0/16'),
 IPv4Network('10.128.0.0/16'),
 IPv4Network('10.129.0.0/16'),
 IPv4Network('10.130.0.0/16'),
 IPv4Network('10.131.0.0/16'),
 IPv4Network('10.132.0.0/16'),
 IPv4Network('10.133.0.0/16'),
 IPv4Network('10.134.0.0/16'),
 IPv4Network('10.135.0.0/16'),
 IPv4Network('10.136.0.0/16'),
 IPv4Network('10.137.0.0/16'),
 IPv4Network('10.138.0.0/16'),
 IPv4Network('10.139.0.0/16'),
 IPv4Network('10.140.0.0/16'),
 IPv4Network('10.141.0.0/16'),
 IPv4Network('10.142.0.0/16'),
 IPv4Network('10.143.0.0/16'),
 IPv4Network('10.144.0.0/16'),
 IPv4Network('10.145.0.0/16'),
 IPv4Network('10.146.0.0/16'),
 IPv4Network('10.147.0.0/16'),
 IPv4Network('10.148.0.0/16'),
 IPv4Network('10.149.0.0/16'),
 IPv4Network('10.150.0.0/16'),
 IPv4Network('10.151.0.0/16'),
 IPv4Network('10.152.0.0/16'),
 IPv4Network('10.153.0.0/16'),
 IPv4Network('10.154.0.0/16'),
 IPv4Network('10.155.0.0/16'),
 IPv4Network('10.156.0.0/16'),
 IPv4Network('10.157.0.0/16'),
 IPv4Network('10.158.0.0/16'),
 IPv4Network('10.159.0.0/16'),
 IPv4Network('10.160.0.0/16'),
 IPv4Network('10.161.0.0/16'),
 IPv4Network('10.162.0.0/16'),
 IPv4Network('10.163.0.0/16'),
 IPv4Network('10.164.0.0/16'),
 IPv4Network('10.165.0.0/16'),
 IPv4Network('10.166.0.0/16'),
 IPv4Network('10.167.0.0/16'),
 IPv4Network('10.168.0.0/16'),
 IPv4Network('10.169.0.0/16'),
 IPv4Network('10.170.0.0/16'),
 IPv4Network('10.171.0.0/16'),
 IPv4Network('10.172.0.0/16'),
 IPv4Network('10.173.0.0/16'),
 IPv4Network('10.174.0.0/16'),
 IPv4Network('10.175.0.0/16'),
 IPv4Network('10.176.0.0/16'),
 IPv4Network('10.177.0.0/16'),
 IPv4Network('10.178.0.0/16'),
 IPv4Network('10.179.0.0/16'),
 IPv4Network('10.180.0.0/16'),
 IPv4Network('10.181.0.0/16'),
 IPv4Network('10.182.0.0/16'),
 IPv4Network('10.183.0.0/16'),
 IPv4Network('10.184.0.0/16'),
 IPv4Network('10.185.0.0/16'),
 IPv4Network('10.186.0.0/16'),
 IPv4Network('10.187.0.0/16'),
 IPv4Network('10.188.0.0/16'),
 IPv4Network('10.189.0.0/16'),
 IPv4Network('10.190.0.0/16'),
 IPv4Network('10.191.0.0/16'),
 IPv4Network('10.192.0.0/16'),
 IPv4Network('10.193.0.0/16'),
 IPv4Network('10.194.0.0/16'),
 IPv4Network('10.195.0.0/16'),
 IPv4Network('10.196.0.0/16'),
 IPv4Network('10.197.0.0/16'),
 IPv4Network('10.198.0.0/16'),
 IPv4Network('10.199.0.0/16'),
 IPv4Network('10.200.0.0/16'),
 IPv4Network('10.201.0.0/16'),
 IPv4Network('10.202.0.0/16'),
 IPv4Network('10.203.0.0/16'),
 IPv4Network('10.204.0.0/16'),
 IPv4Network('10.205.0.0/16'),
 IPv4Network('10.206.0.0/16'),
 IPv4Network('10.207.0.0/16'),
 IPv4Network('10.208.0.0/16'),
 IPv4Network('10.209.0.0/16'),
 IPv4Network('10.210.0.0/16'),
 IPv4Network('10.211.0.0/16')]
[IPv4Network('10.0.0.0/8'),
 IPv4Network('129.79.0.0/16'),
 IPv4Network('134.68.0.0/16'),
 IPv4Network('140.182.0.0/16'),
 IPv4Network('149.159.0.0/16'),
 IPv4Network('149.160.0.0/14'),
 IPv4Network('156.56.0.0/16'),
 IPv4Network('172.16.0.0/12'),
 IPv4Network('192.168.0.0/24'),
 IPv6Network('::/128'),
 IPv4Network('10.0.0.0/16'),
 IPv4Network('10.1.0.0/16'),
 IPv4Network('10.2.0.0/16'),
 IPv4Network('10.3.0.0/16'),
 IPv4Network('10.4.0.0/16'),
 IPv4Network('10.5.0.0/16'),
 IPv4Network('10.6.0.0/16'),
 IPv4Network('10.7.0.0/16'),
 IPv4Network('10.8.0.0/16'),
 IPv4Network('10.9.0.0/16'),
 IPv4Network('10.10.0.0/16'),
 IPv4Network('10.11.0.0/16'),
 IPv4Network('10.12.0.0/16'),
 IPv4Network('10.13.0.0/16'),
 IPv4Network('10.14.0.0/16'),
 IPv4Network('10.15.0.0/16'),
 IPv4Network('10.16.0.0/16'),
 IPv4Network('10.17.0.0/16'),
 IPv4Network('10.18.0.0/16'),
 IPv4Network('10.19.0.0/16'),
 IPv4Network('10.20.0.0/16'),
 IPv4Network('10.21.0.0/16'),
 IPv4Network('10.22.0.0/16'),
 IPv4Network('10.23.0.0/16'),
 IPv4Network('10.24.0.0/16'),
 IPv4Network('10.25.0.0/16'),
 IPv4Network('10.26.0.0/16'),
 IPv4Network('10.27.0.0/16'),
 IPv4Network('10.28.0.0/16'),
 IPv4Network('10.29.0.0/16'),
 IPv4Network('10.30.0.0/16'),
 IPv4Network('10.31.0.0/16'),
 IPv4Network('10.32.0.0/16'),
 IPv4Network('10.33.0.0/16'),
 IPv4Network('10.34.0.0/16'),
 IPv4Network('10.35.0.0/16'),
 IPv4Network('10.36.0.0/16'),
 IPv4Network('10.37.0.0/16'),
 IPv4Network('10.38.0.0/16'),
 IPv4Network('10.39.0.0/16'),
 IPv4Network('10.40.0.0/16'),
 IPv4Network('10.41.0.0/16'),
 IPv4Network('10.42.0.0/16'),
 IPv4Network('10.43.0.0/16'),
 IPv4Network('10.44.0.0/16'),
 IPv4Network('10.45.0.0/16'),
 IPv4Network('10.46.0.0/16'),
 IPv4Network('10.47.0.0/16'),
 IPv4Network('10.48.0.0/16'),
 IPv4Network('10.49.0.0/16'),
 IPv4Network('10.50.0.0/16'),
 IPv4Network('10.51.0.0/16'),
 IPv4Network('10.52.0.0/16'),
 IPv4Network('10.53.0.0/16'),
 IPv4Network('10.54.0.0/16'),
 IPv4Network('10.55.0.0/16'),
 IPv4Network('10.56.0.0/16'),
 IPv4Network('10.57.0.0/16'),
 IPv4Network('10.58.0.0/16'),
 IPv4Network('10.59.0.0/16'),
 IPv4Network('10.60.0.0/16'),
 IPv4Network('10.61.0.0/16'),
 IPv4Network('10.62.0.0/16'),
 IPv4Network('10.63.0.0/16'),
 IPv4Network('10.64.0.0/16'),
 IPv4Network('10.65.0.0/16'),
 IPv4Network('10.66.0.0/16'),
 IPv4Network('10.67.0.0/16'),
 IPv4Network('10.68.0.0/16'),
 IPv4Network('10.69.0.0/16'),
 IPv4Network('10.70.0.0/16'),
 IPv4Network('10.71.0.0/16'),
 IPv4Network('10.72.0.0/16'),
 IPv4Network('10.73.0.0/16'),
 IPv4Network('10.74.0.0/16'),
 IPv4Network('10.75.0.0/16'),
 IPv4Network('10.76.0.0/16'),
 IPv4Network('10.77.0.0/16'),
 IPv4Network('10.78.0.0/16'),
 IPv4Network('10.79.0.0/16'),
 IPv4Network('10.80.0.0/16'),
 IPv4Network('10.81.0.0/16'),
 IPv4Network('10.82.0.0/16'),
 IPv4Network('10.83.0.0/16'),
 IPv4Network('10.84.0.0/16'),
 IPv4Network('10.85.0.0/16'),
 IPv4Network('10.86.0.0/16'),
 IPv4Network('10.87.0.0/16'),
 IPv4Network('10.88.0.0/16'),
 IPv4Network('10.89.0.0/16'),
 IPv4Network('10.90.0.0/16'),
 IPv4Network('10.91.0.0/16'),
 IPv4Network('10.92.0.0/16'),
 IPv4Network('10.93.0.0/16'),
 IPv4Network('10.94.0.0/16'),
 IPv4Network('10.95.0.0/16'),
 IPv4Network('10.96.0.0/16'),
 IPv4Network('10.97.0.0/16'),
 IPv4Network('10.98.0.0/16'),
 IPv4Network('10.99.0.0/16'),
 IPv4Network('10.100.0.0/16'),
 IPv4Network('10.101.0.0/16'),
 IPv4Network('10.102.0.0/16'),
 IPv4Network('10.103.0.0/16'),
 IPv4Network('10.104.0.0/16'),
 IPv4Network('10.105.0.0/16'),
 IPv4Network('10.106.0.0/16'),
 IPv4Network('10.107.0.0/16'),
 IPv4Network('10.108.0.0/16'),
 IPv4Network('10.109.0.0/16'),
 IPv4Network('10.110.0.0/16'),
 IPv4Network('10.111.0.0/16'),
 IPv4Network('10.112.0.0/16'),
 IPv4Network('10.113.0.0/16'),
 IPv4Network('10.114.0.0/16'),
 IPv4Network('10.115.0.0/16'),
 IPv4Network('10.116.0.0/16'),
 IPv4Network('10.117.0.0/16'),
 IPv4Network('10.118.0.0/16'),
 IPv4Network('10.119.0.0/16'),
 IPv4Network('10.120.0.0/16'),
 IPv4Network('10.121.0.0/16'),
 IPv4Network('10.122.0.0/16'),
 IPv4Network('10.123.0.0/16'),
 IPv4Network('10.124.0.0/16'),
 IPv4Network('10.125.0.0/16'),
 IPv4Network('10.126.0.0/16'),
 IPv4Network('10.127.0.0/16'),
 IPv4Network('10.128.0.0/16'),
 IPv4Network('10.129.0.0/16'),
 IPv4Network('10.130.0.0/16'),
 IPv4Network('10.131.0.0/16'),
 IPv4Network('10.132.0.0/16'),
 IPv4Network('10.133.0.0/16'),
 IPv4Network('10.134.0.0/16'),
 IPv4Network('10.135.0.0/16'),
 IPv4Network('10.136.0.0/16'),
 IPv4Network('10.137.0.0/16'),
 IPv4Network('10.138.0.0/16'),
 IPv4Network('10.139.0.0/16'),
 IPv4Network('10.140.0.0/16'),
 IPv4Network('10.141.0.0/16'),
 IPv4Network('10.142.0.0/16'),
 IPv4Network('10.143.0.0/16'),
 IPv4Network('10.144.0.0/16'),
 IPv4Network('10.145.0.0/16'),
 IPv4Network('10.146.0.0/16'),
 IPv4Network('10.147.0.0/16'),
 IPv4Network('10.148.0.0/16'),
 IPv4Network('10.149.0.0/16'),
 IPv4Network('10.150.0.0/16'),
 IPv4Network('10.151.0.0/16'),
 IPv4Network('10.152.0.0/16'),
 IPv4Network('10.153.0.0/16'),
 IPv4Network('10.154.0.0/16'),
 IPv4Network('10.155.0.0/16'),
 IPv4Network('10.156.0.0/16'),
 IPv4Network('10.157.0.0/16'),
 IPv4Network('10.158.0.0/16'),
 IPv4Network('10.159.0.0/16'),
 IPv4Network('10.160.0.0/16'),
 IPv4Network('10.161.0.0/16'),
 IPv4Network('10.162.0.0/16'),
 IPv4Network('10.163.0.0/16'),
 IPv4Network('10.164.0.0/16'),
 IPv4Network('10.165.0.0/16'),
 IPv4Network('10.166.0.0/16'),
 IPv4Network('10.167.0.0/16'),
 IPv4Network('10.168.0.0/16'),
 IPv4Network('10.169.0.0/16'),
 IPv4Network('10.170.0.0/16'),
 IPv4Network('10.171.0.0/16'),
 IPv4Network('10.172.0.0/16'),
 IPv4Network('10.173.0.0/16'),
 IPv4Network('10.174.0.0/16'),
 IPv4Network('10.175.0.0/16'),
 IPv4Network('10.176.0.0/16'),
 IPv4Network('10.177.0.0/16'),
 IPv4Network('10.178.0.0/16'),
 IPv4Network('10.179.0.0/16'),
 IPv4Network('10.180.0.0/16'),
 IPv4Network('10.181.0.0/16'),
 IPv4Network('10.182.0.0/16'),
 IPv4Network('10.183.0.0/16'),
 IPv4Network('10.184.0.0/16'),
 IPv4Network('10.185.0.0/16'),
 IPv4Network('10.186.0.0/16'),
 IPv4Network('10.187.0.0/16'),
 IPv4Network('10.188.0.0/16'),
 IPv4Network('10.189.0.0/16'),
 IPv4Network('10.190.0.0/16'),
 IPv4Network('10.191.0.0/16'),
 IPv4Network('10.192.0.0/16'),
 IPv4Network('10.193.0.0/16'),
 IPv4Network('10.194.0.0/16'),
 IPv4Network('10.195.0.0/16'),
 IPv4Network('10.196.0.0/16'),
 IPv4Network('10.197.0.0/16'),
 IPv4Network('10.198.0.0/16'),
 IPv4Network('10.199.0.0/16'),
 IPv4Network('10.200.0.0/16'),
 IPv4Network('10.201.0.0/16'),
 IPv4Network('10.202.0.0/16'),
 IPv4Network('10.203.0.0/16'),
 IPv4Network('10.204.0.0/16'),
 IPv4Network('10.205.0.0/16'),
 IPv4Network('10.206.0.0/16'),
 IPv4Network('10.207.0.0/16'),
 IPv4Network('10.208.0.0/16'),
 IPv4Network('10.209.0.0/16'),
 IPv4Network('10.210.0.0/16'),
 IPv4Network('10.211.0.0/16'),
 IPv4Network('10.212.0.0/16'),
 IPv4Network('10.213.0.0/16')]
[IPv4Network('10.0.0.0/8'),
 IPv4Network('129.79.0.0/16'),
 IPv4Network('134.68.0.0/16'),
 IPv4Network('140.182.0.0/16'),
 IPv4Network('149.159.0.0/16'),
 IPv4Network('149.160.0.0/14'),
 IPv4Network('156.56.0.0/16'),
 IPv4Network('172.16.0.0/12'),
 IPv4Network('192.168.0.0/24'),
 IPv6Network('::/128'),
 IPv4Network('10.0.0.0/16'),
 IPv4Network('10.1.0.0/16'),
 IPv4Network('10.2.0.0/16'),
 IPv4Network('10.3.0.0/16'),
 IPv4Network('10.4.0.0/16'),
 IPv4Network('10.5.0.0/16'),
 IPv4Network('10.6.0.0/16'),
 IPv4Network('10.7.0.0/16'),
 IPv4Network('10.8.0.0/16'),
 IPv4Network('10.9.0.0/16'),
 IPv4Network('10.10.0.0/16'),
 IPv4Network('10.11.0.0/16'),
 IPv4Network('10.12.0.0/16'),
 IPv4Network('10.13.0.0/16'),
 IPv4Network('10.14.0.0/16'),
 IPv4Network('10.15.0.0/16'),
 IPv4Network('10.16.0.0/16'),
 IPv4Network('10.17.0.0/16'),
 IPv4Network('10.18.0.0/16'),
 IPv4Network('10.19.0.0/16'),
 IPv4Network('10.20.0.0/16'),
 IPv4Network('10.21.0.0/16'),
 IPv4Network('10.22.0.0/16'),
 IPv4Network('10.23.0.0/16'),
 IPv4Network('10.24.0.0/16'),
 IPv4Network('10.25.0.0/16'),
 IPv4Network('10.26.0.0/16'),
 IPv4Network('10.27.0.0/16'),
 IPv4Network('10.28.0.0/16'),
 IPv4Network('10.29.0.0/16'),
 IPv4Network('10.30.0.0/16'),
 IPv4Network('10.31.0.0/16'),
 IPv4Network('10.32.0.0/16'),
 IPv4Network('10.33.0.0/16'),
 IPv4Network('10.34.0.0/16'),
 IPv4Network('10.35.0.0/16'),
 IPv4Network('10.36.0.0/16'),
 IPv4Network('10.37.0.0/16'),
 IPv4Network('10.38.0.0/16'),
 IPv4Network('10.39.0.0/16'),
 IPv4Network('10.40.0.0/16'),
 IPv4Network('10.41.0.0/16'),
 IPv4Network('10.42.0.0/16'),
 IPv4Network('10.43.0.0/16'),
 IPv4Network('10.44.0.0/16'),
 IPv4Network('10.45.0.0/16'),
 IPv4Network('10.46.0.0/16'),
 IPv4Network('10.47.0.0/16'),
 IPv4Network('10.48.0.0/16'),
 IPv4Network('10.49.0.0/16'),
 IPv4Network('10.50.0.0/16'),
 IPv4Network('10.51.0.0/16'),
 IPv4Network('10.52.0.0/16'),
 IPv4Network('10.53.0.0/16'),
 IPv4Network('10.54.0.0/16'),
 IPv4Network('10.55.0.0/16'),
 IPv4Network('10.56.0.0/16'),
 IPv4Network('10.57.0.0/16'),
 IPv4Network('10.58.0.0/16'),
 IPv4Network('10.59.0.0/16'),
 IPv4Network('10.60.0.0/16'),
 IPv4Network('10.61.0.0/16'),
 IPv4Network('10.62.0.0/16'),
 IPv4Network('10.63.0.0/16'),
 IPv4Network('10.64.0.0/16'),
 IPv4Network('10.65.0.0/16'),
 IPv4Network('10.66.0.0/16'),
 IPv4Network('10.67.0.0/16'),
 IPv4Network('10.68.0.0/16'),
 IPv4Network('10.69.0.0/16'),
 IPv4Network('10.70.0.0/16'),
 IPv4Network('10.71.0.0/16'),
 IPv4Network('10.72.0.0/16'),
 IPv4Network('10.73.0.0/16'),
 IPv4Network('10.74.0.0/16'),
 IPv4Network('10.75.0.0/16'),
 IPv4Network('10.76.0.0/16'),
 IPv4Network('10.77.0.0/16'),
 IPv4Network('10.78.0.0/16'),
 IPv4Network('10.79.0.0/16'),
 IPv4Network('10.80.0.0/16'),
 IPv4Network('10.81.0.0/16'),
 IPv4Network('10.82.0.0/16'),
 IPv4Network('10.83.0.0/16'),
 IPv4Network('10.84.0.0/16'),
 IPv4Network('10.85.0.0/16'),
 IPv4Network('10.86.0.0/16'),
 IPv4Network('10.87.0.0/16'),
 IPv4Network('10.88.0.0/16'),
 IPv4Network('10.89.0.0/16'),
 IPv4Network('10.90.0.0/16'),
 IPv4Network('10.91.0.0/16'),
 IPv4Network('10.92.0.0/16'),
 IPv4Network('10.93.0.0/16'),
 IPv4Network('10.94.0.0/16'),
 IPv4Network('10.95.0.0/16'),
 IPv4Network('10.96.0.0/16'),
 IPv4Network('10.97.0.0/16'),
 IPv4Network('10.98.0.0/16'),
 IPv4Network('10.99.0.0/16'),
 IPv4Network('10.100.0.0/16'),
 IPv4Network('10.101.0.0/16'),
 IPv4Network('10.102.0.0/16'),
 IPv4Network('10.103.0.0/16'),
 IPv4Network('10.104.0.0/16'),
 IPv4Network('10.105.0.0/16'),
 IPv4Network('10.106.0.0/16'),
 IPv4Network('10.107.0.0/16'),
 IPv4Network('10.108.0.0/16'),
 IPv4Network('10.109.0.0/16'),
 IPv4Network('10.110.0.0/16'),
 IPv4Network('10.111.0.0/16'),
 IPv4Network('10.112.0.0/16'),
 IPv4Network('10.113.0.0/16'),
 IPv4Network('10.114.0.0/16'),
 IPv4Network('10.115.0.0/16'),
 IPv4Network('10.116.0.0/16'),
 IPv4Network('10.117.0.0/16'),
 IPv4Network('10.118.0.0/16'),
 IPv4Network('10.119.0.0/16'),
 IPv4Network('10.120.0.0/16'),
 IPv4Network('10.121.0.0/16'),
 IPv4Network('10.122.0.0/16'),
 IPv4Network('10.123.0.0/16'),
 IPv4Network('10.124.0.0/16'),
 IPv4Network('10.125.0.0/16'),
 IPv4Network('10.126.0.0/16'),
 IPv4Network('10.127.0.0/16'),
 IPv4Network('10.128.0.0/16'),
 IPv4Network('10.129.0.0/16'),
 IPv4Network('10.130.0.0/16'),
 IPv4Network('10.131.0.0/16'),
 IPv4Network('10.132.0.0/16'),
 IPv4Network('10.133.0.0/16'),
 IPv4Network('10.134.0.0/16'),
 IPv4Network('10.135.0.0/16'),
 IPv4Network('10.136.0.0/16'),
 IPv4Network('10.137.0.0/16'),
 IPv4Network('10.138.0.0/16'),
 IPv4Network('10.139.0.0/16'),
 IPv4Network('10.140.0.0/16'),
 IPv4Network('10.141.0.0/16'),
 IPv4Network('10.142.0.0/16'),
 IPv4Network('10.143.0.0/16'),
 IPv4Network('10.144.0.0/16'),
 IPv4Network('10.145.0.0/16'),
 IPv4Network('10.146.0.0/16'),
 IPv4Network('10.147.0.0/16'),
 IPv4Network('10.148.0.0/16'),
 IPv4Network('10.149.0.0/16'),
 IPv4Network('10.150.0.0/16'),
 IPv4Network('10.151.0.0/16'),
 IPv4Network('10.152.0.0/16'),
 IPv4Network('10.153.0.0/16'),
 IPv4Network('10.154.0.0/16'),
 IPv4Network('10.155.0.0/16'),
 IPv4Network('10.156.0.0/16'),
 IPv4Network('10.157.0.0/16'),
 IPv4Network('10.158.0.0/16'),
 IPv4Network('10.159.0.0/16'),
 IPv4Network('10.160.0.0/16'),
 IPv4Network('10.161.0.0/16'),
 IPv4Network('10.162.0.0/16'),
 IPv4Network('10.163.0.0/16'),
 IPv4Network('10.164.0.0/16'),
 IPv4Network('10.165.0.0/16'),
 IPv4Network('10.166.0.0/16'),
 IPv4Network('10.167.0.0/16'),
 IPv4Network('10.168.0.0/16'),
 IPv4Network('10.169.0.0/16'),
 IPv4Network('10.170.0.0/16'),
 IPv4Network('10.171.0.0/16'),
 IPv4Network('10.172.0.0/16'),
 IPv4Network('10.173.0.0/16'),
 IPv4Network('10.174.0.0/16'),
 IPv4Network('10.175.0.0/16'),
 IPv4Network('10.176.0.0/16'),
 IPv4Network('10.177.0.0/16'),
 IPv4Network('10.178.0.0/16'),
 IPv4Network('10.179.0.0/16'),
 IPv4Network('10.180.0.0/16'),
 IPv4Network('10.181.0.0/16'),
 IPv4Network('10.182.0.0/16'),
 IPv4Network('10.183.0.0/16'),
 IPv4Network('10.184.0.0/16'),
 IPv4Network('10.185.0.0/16'),
 IPv4Network('10.186.0.0/16'),
 IPv4Network('10.187.0.0/16'),
 IPv4Network('10.188.0.0/16'),
 IPv4Network('10.189.0.0/16'),
 IPv4Network('10.190.0.0/16'),
 IPv4Network('10.191.0.0/16'),
 IPv4Network('10.192.0.0/16'),
 IPv4Network('10.193.0.0/16'),
 IPv4Network('10.194.0.0/16'),
 IPv4Network('10.195.0.0/16'),
 IPv4Network('10.196.0.0/16'),
 IPv4Network('10.197.0.0/16'),
 IPv4Network('10.198.0.0/16'),
 IPv4Network('10.199.0.0/16'),
 IPv4Network('10.200.0.0/16'),
 IPv4Network('10.201.0.0/16'),
 IPv4Network('10.202.0.0/16'),
 IPv4Network('10.203.0.0/16'),
 IPv4Network('10.204.0.0/16'),
 IPv4Network('10.205.0.0/16'),
 IPv4Network('10.206.0.0/16'),
 IPv4Network('10.207.0.0/16'),
 IPv4Network('10.208.0.0/16'),
 IPv4Network('10.209.0.0/16'),
 IPv4Network('10.210.0.0/16'),
 IPv4Network('10.211.0.0/16'),
 IPv4Network('10.212.0.0/16'),
 IPv4Network('10.213.0.0/16'),
 IPv4Network('10.214.0.0/16'),
 IPv4Network('10.215.0.0/16')]
[IPv4Network('10.0.0.0/8'),
 IPv4Network('129.79.0.0/16'),
 IPv4Network('134.68.0.0/16'),
 IPv4Network('140.182.0.0/16'),
 IPv4Network('149.159.0.0/16'),
 IPv4Network('149.160.0.0/14'),
 IPv4Network('156.56.0.0/16'),
 IPv4Network('172.16.0.0/12'),
 IPv4Network('192.168.0.0/24'),
 IPv6Network('::/128'),
 IPv4Network('10.0.0.0/16'),
 IPv4Network('10.1.0.0/16'),
 IPv4Network('10.2.0.0/16'),
 IPv4Network('10.3.0.0/16'),
 IPv4Network('10.4.0.0/16'),
 IPv4Network('10.5.0.0/16'),
 IPv4Network('10.6.0.0/16'),
 IPv4Network('10.7.0.0/16'),
 IPv4Network('10.8.0.0/16'),
 IPv4Network('10.9.0.0/16'),
 IPv4Network('10.10.0.0/16'),
 IPv4Network('10.11.0.0/16'),
 IPv4Network('10.12.0.0/16'),
 IPv4Network('10.13.0.0/16'),
 IPv4Network('10.14.0.0/16'),
 IPv4Network('10.15.0.0/16'),
 IPv4Network('10.16.0.0/16'),
 IPv4Network('10.17.0.0/16'),
 IPv4Network('10.18.0.0/16'),
 IPv4Network('10.19.0.0/16'),
 IPv4Network('10.20.0.0/16'),
 IPv4Network('10.21.0.0/16'),
 IPv4Network('10.22.0.0/16'),
 IPv4Network('10.23.0.0/16'),
 IPv4Network('10.24.0.0/16'),
 IPv4Network('10.25.0.0/16'),
 IPv4Network('10.26.0.0/16'),
 IPv4Network('10.27.0.0/16'),
 IPv4Network('10.28.0.0/16'),
 IPv4Network('10.29.0.0/16'),
 IPv4Network('10.30.0.0/16'),
 IPv4Network('10.31.0.0/16'),
 IPv4Network('10.32.0.0/16'),
 IPv4Network('10.33.0.0/16'),
 IPv4Network('10.34.0.0/16'),
 IPv4Network('10.35.0.0/16'),
 IPv4Network('10.36.0.0/16'),
 IPv4Network('10.37.0.0/16'),
 IPv4Network('10.38.0.0/16'),
 IPv4Network('10.39.0.0/16'),
 IPv4Network('10.40.0.0/16'),
 IPv4Network('10.41.0.0/16'),
 IPv4Network('10.42.0.0/16'),
 IPv4Network('10.43.0.0/16'),
 IPv4Network('10.44.0.0/16'),
 IPv4Network('10.45.0.0/16'),
 IPv4Network('10.46.0.0/16'),
 IPv4Network('10.47.0.0/16'),
 IPv4Network('10.48.0.0/16'),
 IPv4Network('10.49.0.0/16'),
 IPv4Network('10.50.0.0/16'),
 IPv4Network('10.51.0.0/16'),
 IPv4Network('10.52.0.0/16'),
 IPv4Network('10.53.0.0/16'),
 IPv4Network('10.54.0.0/16'),
 IPv4Network('10.55.0.0/16'),
 IPv4Network('10.56.0.0/16'),
 IPv4Network('10.57.0.0/16'),
 IPv4Network('10.58.0.0/16'),
 IPv4Network('10.59.0.0/16'),
 IPv4Network('10.60.0.0/16'),
 IPv4Network('10.61.0.0/16'),
 IPv4Network('10.62.0.0/16'),
 IPv4Network('10.63.0.0/16'),
 IPv4Network('10.64.0.0/16'),
 IPv4Network('10.65.0.0/16'),
 IPv4Network('10.66.0.0/16'),
 IPv4Network('10.67.0.0/16'),
 IPv4Network('10.68.0.0/16'),
 IPv4Network('10.69.0.0/16'),
 IPv4Network('10.70.0.0/16'),
 IPv4Network('10.71.0.0/16'),
 IPv4Network('10.72.0.0/16'),
 IPv4Network('10.73.0.0/16'),
 IPv4Network('10.74.0.0/16'),
 IPv4Network('10.75.0.0/16'),
 IPv4Network('10.76.0.0/16'),
 IPv4Network('10.77.0.0/16'),
 IPv4Network('10.78.0.0/16'),
 IPv4Network('10.79.0.0/16'),
 IPv4Network('10.80.0.0/16'),
 IPv4Network('10.81.0.0/16'),
 IPv4Network('10.82.0.0/16'),
 IPv4Network('10.83.0.0/16'),
 IPv4Network('10.84.0.0/16'),
 IPv4Network('10.85.0.0/16'),
 IPv4Network('10.86.0.0/16'),
 IPv4Network('10.87.0.0/16'),
 IPv4Network('10.88.0.0/16'),
 IPv4Network('10.89.0.0/16'),
 IPv4Network('10.90.0.0/16'),
 IPv4Network('10.91.0.0/16'),
 IPv4Network('10.92.0.0/16'),
 IPv4Network('10.93.0.0/16'),
 IPv4Network('10.94.0.0/16'),
 IPv4Network('10.95.0.0/16'),
 IPv4Network('10.96.0.0/16'),
 IPv4Network('10.97.0.0/16'),
 IPv4Network('10.98.0.0/16'),
 IPv4Network('10.99.0.0/16'),
 IPv4Network('10.100.0.0/16'),
 IPv4Network('10.101.0.0/16'),
 IPv4Network('10.102.0.0/16'),
 IPv4Network('10.103.0.0/16'),
 IPv4Network('10.104.0.0/16'),
 IPv4Network('10.105.0.0/16'),
 IPv4Network('10.106.0.0/16'),
 IPv4Network('10.107.0.0/16'),
 IPv4Network('10.108.0.0/16'),
 IPv4Network('10.109.0.0/16'),
 IPv4Network('10.110.0.0/16'),
 IPv4Network('10.111.0.0/16'),
 IPv4Network('10.112.0.0/16'),
 IPv4Network('10.113.0.0/16'),
 IPv4Network('10.114.0.0/16'),
 IPv4Network('10.115.0.0/16'),
 IPv4Network('10.116.0.0/16'),
 IPv4Network('10.117.0.0/16'),
 IPv4Network('10.118.0.0/16'),
 IPv4Network('10.119.0.0/16'),
 IPv4Network('10.120.0.0/16'),
 IPv4Network('10.121.0.0/16'),
 IPv4Network('10.122.0.0/16'),
 IPv4Network('10.123.0.0/16'),
 IPv4Network('10.124.0.0/16'),
 IPv4Network('10.125.0.0/16'),
 IPv4Network('10.126.0.0/16'),
 IPv4Network('10.127.0.0/16'),
 IPv4Network('10.128.0.0/16'),
 IPv4Network('10.129.0.0/16'),
 IPv4Network('10.130.0.0/16'),
 IPv4Network('10.131.0.0/16'),
 IPv4Network('10.132.0.0/16'),
 IPv4Network('10.133.0.0/16'),
 IPv4Network('10.134.0.0/16'),
 IPv4Network('10.135.0.0/16'),
 IPv4Network('10.136.0.0/16'),
 IPv4Network('10.137.0.0/16'),
 IPv4Network('10.138.0.0/16'),
 IPv4Network('10.139.0.0/16'),
 IPv4Network('10.140.0.0/16'),
 IPv4Network('10.141.0.0/16'),
 IPv4Network('10.142.0.0/16'),
 IPv4Network('10.143.0.0/16'),
 IPv4Network('10.144.0.0/16'),
 IPv4Network('10.145.0.0/16'),
 IPv4Network('10.146.0.0/16'),
 IPv4Network('10.147.0.0/16'),
 IPv4Network('10.148.0.0/16'),
 IPv4Network('10.149.0.0/16'),
 IPv4Network('10.150.0.0/16'),
 IPv4Network('10.151.0.0/16'),
 IPv4Network('10.152.0.0/16'),
 IPv4Network('10.153.0.0/16'),
 IPv4Network('10.154.0.0/16'),
 IPv4Network('10.155.0.0/16'),
 IPv4Network('10.156.0.0/16'),
 IPv4Network('10.157.0.0/16'),
 IPv4Network('10.158.0.0/16'),
 IPv4Network('10.159.0.0/16'),
 IPv4Network('10.160.0.0/16'),
 IPv4Network('10.161.0.0/16'),
 IPv4Network('10.162.0.0/16'),
 IPv4Network('10.163.0.0/16'),
 IPv4Network('10.164.0.0/16'),
 IPv4Network('10.165.0.0/16'),
 IPv4Network('10.166.0.0/16'),
 IPv4Network('10.167.0.0/16'),
 IPv4Network('10.168.0.0/16'),
 IPv4Network('10.169.0.0/16'),
 IPv4Network('10.170.0.0/16'),
 IPv4Network('10.171.0.0/16'),
 IPv4Network('10.172.0.0/16'),
 IPv4Network('10.173.0.0/16'),
 IPv4Network('10.174.0.0/16'),
 IPv4Network('10.175.0.0/16'),
 IPv4Network('10.176.0.0/16'),
 IPv4Network('10.177.0.0/16'),
 IPv4Network('10.178.0.0/16'),
 IPv4Network('10.179.0.0/16'),
 IPv4Network('10.180.0.0/16'),
 IPv4Network('10.181.0.0/16'),
 IPv4Network('10.182.0.0/16'),
 IPv4Network('10.183.0.0/16'),
 IPv4Network('10.184.0.0/16'),
 IPv4Network('10.185.0.0/16'),
 IPv4Network('10.186.0.0/16'),
 IPv4Network('10.187.0.0/16'),
 IPv4Network('10.188.0.0/16'),
 IPv4Network('10.189.0.0/16'),
 IPv4Network('10.190.0.0/16'),
 IPv4Network('10.191.0.0/16'),
 IPv4Network('10.192.0.0/16'),
 IPv4Network('10.193.0.0/16'),
 IPv4Network('10.194.0.0/16'),
 IPv4Network('10.195.0.0/16'),
 IPv4Network('10.196.0.0/16'),
 IPv4Network('10.197.0.0/16'),
 IPv4Network('10.198.0.0/16'),
 IPv4Network('10.199.0.0/16'),
 IPv4Network('10.200.0.0/16'),
 IPv4Network('10.201.0.0/16'),
 IPv4Network('10.202.0.0/16'),
 IPv4Network('10.203.0.0/16'),
 IPv4Network('10.204.0.0/16'),
 IPv4Network('10.205.0.0/16'),
 IPv4Network('10.206.0.0/16'),
 IPv4Network('10.207.0.0/16'),
 IPv4Network('10.208.0.0/16'),
 IPv4Network('10.209.0.0/16'),
 IPv4Network('10.210.0.0/16'),
 IPv4Network('10.211.0.0/16'),
 IPv4Network('10.212.0.0/16'),
 IPv4Network('10.213.0.0/16'),
 IPv4Network('10.214.0.0/16'),
 IPv4Network('10.215.0.0/16')]
[IPv4Network('10.0.0.0/8'),
 IPv4Network('129.79.0.0/16'),
 IPv4Network('134.68.0.0/16'),
 IPv4Network('140.182.0.0/16'),
 IPv4Network('149.159.0.0/16'),
 IPv4Network('149.160.0.0/14'),
 IPv4Network('156.56.0.0/16'),
 IPv4Network('172.16.0.0/12'),
 IPv4Network('192.168.0.0/24'),
 IPv6Network('::/128'),
 IPv4Network('10.0.0.0/16'),
 IPv4Network('10.1.0.0/16'),
 IPv4Network('10.2.0.0/16'),
 IPv4Network('10.3.0.0/16'),
 IPv4Network('10.4.0.0/16'),
 IPv4Network('10.5.0.0/16'),
 IPv4Network('10.6.0.0/16'),
 IPv4Network('10.7.0.0/16'),
 IPv4Network('10.8.0.0/16'),
 IPv4Network('10.9.0.0/16'),
 IPv4Network('10.10.0.0/16'),
 IPv4Network('10.11.0.0/16'),
 IPv4Network('10.12.0.0/16'),
 IPv4Network('10.13.0.0/16'),
 IPv4Network('10.14.0.0/16'),
 IPv4Network('10.15.0.0/16'),
 IPv4Network('10.16.0.0/16'),
 IPv4Network('10.17.0.0/16'),
 IPv4Network('10.18.0.0/16'),
 IPv4Network('10.19.0.0/16'),
 IPv4Network('10.20.0.0/16'),
 IPv4Network('10.21.0.0/16'),
 IPv4Network('10.22.0.0/16'),
 IPv4Network('10.23.0.0/16'),
 IPv4Network('10.24.0.0/16'),
 IPv4Network('10.25.0.0/16'),
 IPv4Network('10.26.0.0/16'),
 IPv4Network('10.27.0.0/16'),
 IPv4Network('10.28.0.0/16'),
 IPv4Network('10.29.0.0/16'),
 IPv4Network('10.30.0.0/16'),
 IPv4Network('10.31.0.0/16'),
 IPv4Network('10.32.0.0/16'),
 IPv4Network('10.33.0.0/16'),
 IPv4Network('10.34.0.0/16'),
 IPv4Network('10.35.0.0/16'),
 IPv4Network('10.36.0.0/16'),
 IPv4Network('10.37.0.0/16'),
 IPv4Network('10.38.0.0/16'),
 IPv4Network('10.39.0.0/16'),
 IPv4Network('10.40.0.0/16'),
 IPv4Network('10.41.0.0/16'),
 IPv4Network('10.42.0.0/16'),
 IPv4Network('10.43.0.0/16'),
 IPv4Network('10.44.0.0/16'),
 IPv4Network('10.45.0.0/16'),
 IPv4Network('10.46.0.0/16'),
 IPv4Network('10.47.0.0/16'),
 IPv4Network('10.48.0.0/16'),
 IPv4Network('10.49.0.0/16'),
 IPv4Network('10.50.0.0/16'),
 IPv4Network('10.51.0.0/16'),
 IPv4Network('10.52.0.0/16'),
 IPv4Network('10.53.0.0/16'),
 IPv4Network('10.54.0.0/16'),
 IPv4Network('10.55.0.0/16'),
 IPv4Network('10.56.0.0/16'),
 IPv4Network('10.57.0.0/16'),
 IPv4Network('10.58.0.0/16'),
 IPv4Network('10.59.0.0/16'),
 IPv4Network('10.60.0.0/16'),
 IPv4Network('10.61.0.0/16'),
 IPv4Network('10.62.0.0/16'),
 IPv4Network('10.63.0.0/16'),
 IPv4Network('10.64.0.0/16'),
 IPv4Network('10.65.0.0/16'),
 IPv4Network('10.66.0.0/16'),
 IPv4Network('10.67.0.0/16'),
 IPv4Network('10.68.0.0/16'),
 IPv4Network('10.69.0.0/16'),
 IPv4Network('10.70.0.0/16'),
 IPv4Network('10.71.0.0/16'),
 IPv4Network('10.72.0.0/16'),
 IPv4Network('10.73.0.0/16'),
 IPv4Network('10.74.0.0/16'),
 IPv4Network('10.75.0.0/16'),
 IPv4Network('10.76.0.0/16'),
 IPv4Network('10.77.0.0/16'),
 IPv4Network('10.78.0.0/16'),
 IPv4Network('10.79.0.0/16'),
 IPv4Network('10.80.0.0/16'),
 IPv4Network('10.81.0.0/16'),
 IPv4Network('10.82.0.0/16'),
 IPv4Network('10.83.0.0/16'),
 IPv4Network('10.84.0.0/16'),
 IPv4Network('10.85.0.0/16'),
 IPv4Network('10.86.0.0/16'),
 IPv4Network('10.87.0.0/16'),
 IPv4Network('10.88.0.0/16'),
 IPv4Network('10.89.0.0/16'),
 IPv4Network('10.90.0.0/16'),
 IPv4Network('10.91.0.0/16'),
 IPv4Network('10.92.0.0/16'),
 IPv4Network('10.93.0.0/16'),
 IPv4Network('10.94.0.0/16'),
 IPv4Network('10.95.0.0/16'),
 IPv4Network('10.96.0.0/16'),
 IPv4Network('10.97.0.0/16'),
 IPv4Network('10.98.0.0/16'),
 IPv4Network('10.99.0.0/16'),
 IPv4Network('10.100.0.0/16'),
 IPv4Network('10.101.0.0/16'),
 IPv4Network('10.102.0.0/16'),
 IPv4Network('10.103.0.0/16'),
 IPv4Network('10.104.0.0/16'),
 IPv4Network('10.105.0.0/16'),
 IPv4Network('10.106.0.0/16'),
 IPv4Network('10.107.0.0/16'),
 IPv4Network('10.108.0.0/16'),
 IPv4Network('10.109.0.0/16'),
 IPv4Network('10.110.0.0/16'),
 IPv4Network('10.111.0.0/16'),
 IPv4Network('10.112.0.0/16'),
 IPv4Network('10.113.0.0/16'),
 IPv4Network('10.114.0.0/16'),
 IPv4Network('10.115.0.0/16'),
 IPv4Network('10.116.0.0/16'),
 IPv4Network('10.117.0.0/16'),
 IPv4Network('10.118.0.0/16'),
 IPv4Network('10.119.0.0/16'),
 IPv4Network('10.120.0.0/16'),
 IPv4Network('10.121.0.0/16'),
 IPv4Network('10.122.0.0/16'),
 IPv4Network('10.123.0.0/16'),
 IPv4Network('10.124.0.0/16'),
 IPv4Network('10.125.0.0/16'),
 IPv4Network('10.126.0.0/16'),
 IPv4Network('10.127.0.0/16'),
 IPv4Network('10.128.0.0/16'),
 IPv4Network('10.129.0.0/16'),
 IPv4Network('10.130.0.0/16'),
 IPv4Network('10.131.0.0/16'),
 IPv4Network('10.132.0.0/16'),
 IPv4Network('10.133.0.0/16'),
 IPv4Network('10.134.0.0/16'),
 IPv4Network('10.135.0.0/16'),
 IPv4Network('10.136.0.0/16'),
 IPv4Network('10.137.0.0/16'),
 IPv4Network('10.138.0.0/16'),
 IPv4Network('10.139.0.0/16'),
 IPv4Network('10.140.0.0/16'),
 IPv4Network('10.141.0.0/16'),
 IPv4Network('10.142.0.0/16'),
 IPv4Network('10.143.0.0/16'),
 IPv4Network('10.144.0.0/16'),
 IPv4Network('10.145.0.0/16'),
 IPv4Network('10.146.0.0/16'),
 IPv4Network('10.147.0.0/16'),
 IPv4Network('10.148.0.0/16'),
 IPv4Network('10.149.0.0/16'),
 IPv4Network('10.150.0.0/16'),
 IPv4Network('10.151.0.0/16'),
 IPv4Network('10.152.0.0/16'),
 IPv4Network('10.153.0.0/16'),
 IPv4Network('10.154.0.0/16'),
 IPv4Network('10.155.0.0/16'),
 IPv4Network('10.156.0.0/16'),
 IPv4Network('10.157.0.0/16'),
 IPv4Network('10.158.0.0/16'),
 IPv4Network('10.159.0.0/16'),
 IPv4Network('10.160.0.0/16'),
 IPv4Network('10.161.0.0/16'),
 IPv4Network('10.162.0.0/16'),
 IPv4Network('10.163.0.0/16'),
 IPv4Network('10.164.0.0/16'),
 IPv4Network('10.165.0.0/16'),
 IPv4Network('10.166.0.0/16'),
 IPv4Network('10.167.0.0/16'),
 IPv4Network('10.168.0.0/16'),
 IPv4Network('10.169.0.0/16'),
 IPv4Network('10.170.0.0/16'),
 IPv4Network('10.171.0.0/16'),
 IPv4Network('10.172.0.0/16'),
 IPv4Network('10.173.0.0/16'),
 IPv4Network('10.174.0.0/16'),
 IPv4Network('10.175.0.0/16'),
 IPv4Network('10.176.0.0/16'),
 IPv4Network('10.177.0.0/16'),
 IPv4Network('10.178.0.0/16'),
 IPv4Network('10.179.0.0/16'),
 IPv4Network('10.180.0.0/16'),
 IPv4Network('10.181.0.0/16'),
 IPv4Network('10.182.0.0/16'),
 IPv4Network('10.183.0.0/16'),
 IPv4Network('10.184.0.0/16'),
 IPv4Network('10.185.0.0/16'),
 IPv4Network('10.186.0.0/16'),
 IPv4Network('10.187.0.0/16'),
 IPv4Network('10.188.0.0/16'),
 IPv4Network('10.189.0.0/16'),
 IPv4Network('10.190.0.0/16'),
 IPv4Network('10.191.0.0/16'),
 IPv4Network('10.192.0.0/16'),
 IPv4Network('10.193.0.0/16'),
 IPv4Network('10.194.0.0/16'),
 IPv4Network('10.195.0.0/16'),
 IPv4Network('10.196.0.0/16'),
 IPv4Network('10.197.0.0/16'),
 IPv4Network('10.198.0.0/16'),
 IPv4Network('10.199.0.0/16'),
 IPv4Network('10.200.0.0/16'),
 IPv4Network('10.201.0.0/16'),
 IPv4Network('10.202.0.0/16'),
 IPv4Network('10.203.0.0/16'),
 IPv4Network('10.204.0.0/16'),
 IPv4Network('10.205.0.0/16'),
 IPv4Network('10.206.0.0/16'),
 IPv4Network('10.207.0.0/16'),
 IPv4Network('10.208.0.0/16'),
 IPv4Network('10.209.0.0/16'),
 IPv4Network('10.210.0.0/16'),
 IPv4Network('10.211.0.0/16'),
 IPv4Network('10.212.0.0/16'),
 IPv4Network('10.213.0.0/16'),
 IPv4Network('10.214.0.0/16'),
 IPv4Network('10.215.0.0/16')]
[IPv4Network('10.0.0.0/8'),
 IPv4Network('129.79.0.0/16'),
 IPv4Network('134.68.0.0/16'),
 IPv4Network('140.182.0.0/16'),
 IPv4Network('149.159.0.0/16'),
 IPv4Network('149.160.0.0/14'),
 IPv4Network('156.56.0.0/16'),
 IPv4Network('172.16.0.0/12'),
 IPv4Network('192.168.0.0/24'),
 IPv6Network('::/128'),
 IPv4Network('10.0.0.0/16'),
 IPv4Network('10.1.0.0/16'),
 IPv4Network('10.2.0.0/16'),
 IPv4Network('10.3.0.0/16'),
 IPv4Network('10.4.0.0/16'),
 IPv4Network('10.5.0.0/16'),
 IPv4Network('10.6.0.0/16'),
 IPv4Network('10.7.0.0/16'),
 IPv4Network('10.8.0.0/16'),
 IPv4Network('10.9.0.0/16'),
 IPv4Network('10.10.0.0/16'),
 IPv4Network('10.11.0.0/16'),
 IPv4Network('10.12.0.0/16'),
 IPv4Network('10.13.0.0/16'),
 IPv4Network('10.14.0.0/16'),
 IPv4Network('10.15.0.0/16'),
 IPv4Network('10.16.0.0/16'),
 IPv4Network('10.17.0.0/16'),
 IPv4Network('10.18.0.0/16'),
 IPv4Network('10.19.0.0/16'),
 IPv4Network('10.20.0.0/16'),
 IPv4Network('10.21.0.0/16'),
 IPv4Network('10.22.0.0/16'),
 IPv4Network('10.23.0.0/16'),
 IPv4Network('10.24.0.0/16'),
 IPv4Network('10.25.0.0/16'),
 IPv4Network('10.26.0.0/16'),
 IPv4Network('10.27.0.0/16'),
 IPv4Network('10.28.0.0/16'),
 IPv4Network('10.29.0.0/16'),
 IPv4Network('10.30.0.0/16'),
 IPv4Network('10.31.0.0/16'),
 IPv4Network('10.32.0.0/16'),
 IPv4Network('10.33.0.0/16'),
 IPv4Network('10.34.0.0/16'),
 IPv4Network('10.35.0.0/16'),
 IPv4Network('10.36.0.0/16'),
 IPv4Network('10.37.0.0/16'),
 IPv4Network('10.38.0.0/16'),
 IPv4Network('10.39.0.0/16'),
 IPv4Network('10.40.0.0/16'),
 IPv4Network('10.41.0.0/16'),
 IPv4Network('10.42.0.0/16'),
 IPv4Network('10.43.0.0/16'),
 IPv4Network('10.44.0.0/16'),
 IPv4Network('10.45.0.0/16'),
 IPv4Network('10.46.0.0/16'),
 IPv4Network('10.47.0.0/16'),
 IPv4Network('10.48.0.0/16'),
 IPv4Network('10.49.0.0/16'),
 IPv4Network('10.50.0.0/16'),
 IPv4Network('10.51.0.0/16'),
 IPv4Network('10.52.0.0/16'),
 IPv4Network('10.53.0.0/16'),
 IPv4Network('10.54.0.0/16'),
 IPv4Network('10.55.0.0/16'),
 IPv4Network('10.56.0.0/16'),
 IPv4Network('10.57.0.0/16'),
 IPv4Network('10.58.0.0/16'),
 IPv4Network('10.59.0.0/16'),
 IPv4Network('10.60.0.0/16'),
 IPv4Network('10.61.0.0/16'),
 IPv4Network('10.62.0.0/16'),
 IPv4Network('10.63.0.0/16'),
 IPv4Network('10.64.0.0/16'),
 IPv4Network('10.65.0.0/16'),
 IPv4Network('10.66.0.0/16'),
 IPv4Network('10.67.0.0/16'),
 IPv4Network('10.68.0.0/16'),
 IPv4Network('10.69.0.0/16'),
 IPv4Network('10.70.0.0/16'),
 IPv4Network('10.71.0.0/16'),
 IPv4Network('10.72.0.0/16'),
 IPv4Network('10.73.0.0/16'),
 IPv4Network('10.74.0.0/16'),
 IPv4Network('10.75.0.0/16'),
 IPv4Network('10.76.0.0/16'),
 IPv4Network('10.77.0.0/16'),
 IPv4Network('10.78.0.0/16'),
 IPv4Network('10.79.0.0/16'),
 IPv4Network('10.80.0.0/16'),
 IPv4Network('10.81.0.0/16'),
 IPv4Network('10.82.0.0/16'),
 IPv4Network('10.83.0.0/16'),
 IPv4Network('10.84.0.0/16'),
 IPv4Network('10.85.0.0/16'),
 IPv4Network('10.86.0.0/16'),
 IPv4Network('10.87.0.0/16'),
 IPv4Network('10.88.0.0/16'),
 IPv4Network('10.89.0.0/16'),
 IPv4Network('10.90.0.0/16'),
 IPv4Network('10.91.0.0/16'),
 IPv4Network('10.92.0.0/16'),
 IPv4Network('10.93.0.0/16'),
 IPv4Network('10.94.0.0/16'),
 IPv4Network('10.95.0.0/16'),
 IPv4Network('10.96.0.0/16'),
 IPv4Network('10.97.0.0/16'),
 IPv4Network('10.98.0.0/16'),
 IPv4Network('10.99.0.0/16'),
 IPv4Network('10.100.0.0/16'),
 IPv4Network('10.101.0.0/16'),
 IPv4Network('10.102.0.0/16'),
 IPv4Network('10.103.0.0/16'),
 IPv4Network('10.104.0.0/16'),
 IPv4Network('10.105.0.0/16'),
 IPv4Network('10.106.0.0/16'),
 IPv4Network('10.107.0.0/16'),
 IPv4Network('10.108.0.0/16'),
 IPv4Network('10.109.0.0/16'),
 IPv4Network('10.110.0.0/16'),
 IPv4Network('10.111.0.0/16'),
 IPv4Network('10.112.0.0/16'),
 IPv4Network('10.113.0.0/16'),
 IPv4Network('10.114.0.0/16'),
 IPv4Network('10.115.0.0/16'),
 IPv4Network('10.116.0.0/16'),
 IPv4Network('10.117.0.0/16'),
 IPv4Network('10.118.0.0/16'),
 IPv4Network('10.119.0.0/16'),
 IPv4Network('10.120.0.0/16'),
 IPv4Network('10.121.0.0/16'),
 IPv4Network('10.122.0.0/16'),
 IPv4Network('10.123.0.0/16'),
 IPv4Network('10.124.0.0/16'),
 IPv4Network('10.125.0.0/16'),
 IPv4Network('10.126.0.0/16'),
 IPv4Network('10.127.0.0/16'),
 IPv4Network('10.128.0.0/16'),
 IPv4Network('10.129.0.0/16'),
 IPv4Network('10.130.0.0/16'),
 IPv4Network('10.131.0.0/16'),
 IPv4Network('10.132.0.0/16'),
 IPv4Network('10.133.0.0/16'),
 IPv4Network('10.134.0.0/16'),
 IPv4Network('10.135.0.0/16'),
 IPv4Network('10.136.0.0/16'),
 IPv4Network('10.137.0.0/16'),
 IPv4Network('10.138.0.0/16'),
 IPv4Network('10.139.0.0/16'),
 IPv4Network('10.140.0.0/16'),
 IPv4Network('10.141.0.0/16'),
 IPv4Network('10.142.0.0/16'),
 IPv4Network('10.143.0.0/16'),
 IPv4Network('10.144.0.0/16'),
 IPv4Network('10.145.0.0/16'),
 IPv4Network('10.146.0.0/16'),
 IPv4Network('10.147.0.0/16'),
 IPv4Network('10.148.0.0/16'),
 IPv4Network('10.149.0.0/16'),
 IPv4Network('10.150.0.0/16'),
 IPv4Network('10.151.0.0/16'),
 IPv4Network('10.152.0.0/16'),
 IPv4Network('10.153.0.0/16'),
 IPv4Network('10.154.0.0/16'),
 IPv4Network('10.155.0.0/16'),
 IPv4Network('10.156.0.0/16'),
 IPv4Network('10.157.0.0/16'),
 IPv4Network('10.158.0.0/16'),
 IPv4Network('10.159.0.0/16'),
 IPv4Network('10.160.0.0/16'),
 IPv4Network('10.161.0.0/16'),
 IPv4Network('10.162.0.0/16'),
 IPv4Network('10.163.0.0/16'),
 IPv4Network('10.164.0.0/16'),
 IPv4Network('10.165.0.0/16'),
 IPv4Network('10.166.0.0/16'),
 IPv4Network('10.167.0.0/16'),
 IPv4Network('10.168.0.0/16'),
 IPv4Network('10.169.0.0/16'),
 IPv4Network('10.170.0.0/16'),
 IPv4Network('10.171.0.0/16'),
 IPv4Network('10.172.0.0/16'),
 IPv4Network('10.173.0.0/16'),
 IPv4Network('10.174.0.0/16'),
 IPv4Network('10.175.0.0/16'),
 IPv4Network('10.176.0.0/16'),
 IPv4Network('10.177.0.0/16'),
 IPv4Network('10.178.0.0/16'),
 IPv4Network('10.179.0.0/16'),
 IPv4Network('10.180.0.0/16'),
 IPv4Network('10.181.0.0/16'),
 IPv4Network('10.182.0.0/16'),
 IPv4Network('10.183.0.0/16'),
 IPv4Network('10.184.0.0/16'),
 IPv4Network('10.185.0.0/16'),
 IPv4Network('10.186.0.0/16'),
 IPv4Network('10.187.0.0/16'),
 IPv4Network('10.188.0.0/16'),
 IPv4Network('10.189.0.0/16'),
 IPv4Network('10.190.0.0/16'),
 IPv4Network('10.191.0.0/16'),
 IPv4Network('10.192.0.0/16'),
 IPv4Network('10.193.0.0/16'),
 IPv4Network('10.194.0.0/16'),
 IPv4Network('10.195.0.0/16'),
 IPv4Network('10.196.0.0/16'),
 IPv4Network('10.197.0.0/16'),
 IPv4Network('10.198.0.0/16'),
 IPv4Network('10.199.0.0/16'),
 IPv4Network('10.200.0.0/16'),
 IPv4Network('10.201.0.0/16'),
 IPv4Network('10.202.0.0/16'),
 IPv4Network('10.203.0.0/16'),
 IPv4Network('10.204.0.0/16'),
 IPv4Network('10.205.0.0/16'),
 IPv4Network('10.206.0.0/16'),
 IPv4Network('10.207.0.0/16'),
 IPv4Network('10.208.0.0/16'),
 IPv4Network('10.209.0.0/16'),
 IPv4Network('10.210.0.0/16'),
 IPv4Network('10.211.0.0/16'),
 IPv4Network('10.212.0.0/16'),
 IPv4Network('10.213.0.0/16'),
 IPv4Network('10.214.0.0/16'),
 IPv4Network('10.215.0.0/16'),
 IPv4Network('10.216.0.0/16'),
 IPv4Network('10.217.0.0/16')]
[IPv4Network('10.0.0.0/8'),
 IPv4Network('129.79.0.0/16'),
 IPv4Network('134.68.0.0/16'),
 IPv4Network('140.182.0.0/16'),
 IPv4Network('149.159.0.0/16'),
 IPv4Network('149.160.0.0/14'),
 IPv4Network('156.56.0.0/16'),
 IPv4Network('172.16.0.0/12'),
 IPv4Network('192.168.0.0/24'),
 IPv6Network('::/128'),
 IPv4Network('10.0.0.0/16'),
 IPv4Network('10.1.0.0/16'),
 IPv4Network('10.2.0.0/16'),
 IPv4Network('10.3.0.0/16'),
 IPv4Network('10.4.0.0/16'),
 IPv4Network('10.5.0.0/16'),
 IPv4Network('10.6.0.0/16'),
 IPv4Network('10.7.0.0/16'),
 IPv4Network('10.8.0.0/16'),
 IPv4Network('10.9.0.0/16'),
 IPv4Network('10.10.0.0/16'),
 IPv4Network('10.11.0.0/16'),
 IPv4Network('10.12.0.0/16'),
 IPv4Network('10.13.0.0/16'),
 IPv4Network('10.14.0.0/16'),
 IPv4Network('10.15.0.0/16'),
 IPv4Network('10.16.0.0/16'),
 IPv4Network('10.17.0.0/16'),
 IPv4Network('10.18.0.0/16'),
 IPv4Network('10.19.0.0/16'),
 IPv4Network('10.20.0.0/16'),
 IPv4Network('10.21.0.0/16'),
 IPv4Network('10.22.0.0/16'),
 IPv4Network('10.23.0.0/16'),
 IPv4Network('10.24.0.0/16'),
 IPv4Network('10.25.0.0/16'),
 IPv4Network('10.26.0.0/16'),
 IPv4Network('10.27.0.0/16'),
 IPv4Network('10.28.0.0/16'),
 IPv4Network('10.29.0.0/16'),
 IPv4Network('10.30.0.0/16'),
 IPv4Network('10.31.0.0/16'),
 IPv4Network('10.32.0.0/16'),
 IPv4Network('10.33.0.0/16'),
 IPv4Network('10.34.0.0/16'),
 IPv4Network('10.35.0.0/16'),
 IPv4Network('10.36.0.0/16'),
 IPv4Network('10.37.0.0/16'),
 IPv4Network('10.38.0.0/16'),
 IPv4Network('10.39.0.0/16'),
 IPv4Network('10.40.0.0/16'),
 IPv4Network('10.41.0.0/16'),
 IPv4Network('10.42.0.0/16'),
 IPv4Network('10.43.0.0/16'),
 IPv4Network('10.44.0.0/16'),
 IPv4Network('10.45.0.0/16'),
 IPv4Network('10.46.0.0/16'),
 IPv4Network('10.47.0.0/16'),
 IPv4Network('10.48.0.0/16'),
 IPv4Network('10.49.0.0/16'),
 IPv4Network('10.50.0.0/16'),
 IPv4Network('10.51.0.0/16'),
 IPv4Network('10.52.0.0/16'),
 IPv4Network('10.53.0.0/16'),
 IPv4Network('10.54.0.0/16'),
 IPv4Network('10.55.0.0/16'),
 IPv4Network('10.56.0.0/16'),
 IPv4Network('10.57.0.0/16'),
 IPv4Network('10.58.0.0/16'),
 IPv4Network('10.59.0.0/16'),
 IPv4Network('10.60.0.0/16'),
 IPv4Network('10.61.0.0/16'),
 IPv4Network('10.62.0.0/16'),
 IPv4Network('10.63.0.0/16'),
 IPv4Network('10.64.0.0/16'),
 IPv4Network('10.65.0.0/16'),
 IPv4Network('10.66.0.0/16'),
 IPv4Network('10.67.0.0/16'),
 IPv4Network('10.68.0.0/16'),
 IPv4Network('10.69.0.0/16'),
 IPv4Network('10.70.0.0/16'),
 IPv4Network('10.71.0.0/16'),
 IPv4Network('10.72.0.0/16'),
 IPv4Network('10.73.0.0/16'),
 IPv4Network('10.74.0.0/16'),
 IPv4Network('10.75.0.0/16'),
 IPv4Network('10.76.0.0/16'),
 IPv4Network('10.77.0.0/16'),
 IPv4Network('10.78.0.0/16'),
 IPv4Network('10.79.0.0/16'),
 IPv4Network('10.80.0.0/16'),
 IPv4Network('10.81.0.0/16'),
 IPv4Network('10.82.0.0/16'),
 IPv4Network('10.83.0.0/16'),
 IPv4Network('10.84.0.0/16'),
 IPv4Network('10.85.0.0/16'),
 IPv4Network('10.86.0.0/16'),
 IPv4Network('10.87.0.0/16'),
 IPv4Network('10.88.0.0/16'),
 IPv4Network('10.89.0.0/16'),
 IPv4Network('10.90.0.0/16'),
 IPv4Network('10.91.0.0/16'),
 IPv4Network('10.92.0.0/16'),
 IPv4Network('10.93.0.0/16'),
 IPv4Network('10.94.0.0/16'),
 IPv4Network('10.95.0.0/16'),
 IPv4Network('10.96.0.0/16'),
 IPv4Network('10.97.0.0/16'),
 IPv4Network('10.98.0.0/16'),
 IPv4Network('10.99.0.0/16'),
 IPv4Network('10.100.0.0/16'),
 IPv4Network('10.101.0.0/16'),
 IPv4Network('10.102.0.0/16'),
 IPv4Network('10.103.0.0/16'),
 IPv4Network('10.104.0.0/16'),
 IPv4Network('10.105.0.0/16'),
 IPv4Network('10.106.0.0/16'),
 IPv4Network('10.107.0.0/16'),
 IPv4Network('10.108.0.0/16'),
 IPv4Network('10.109.0.0/16'),
 IPv4Network('10.110.0.0/16'),
 IPv4Network('10.111.0.0/16'),
 IPv4Network('10.112.0.0/16'),
 IPv4Network('10.113.0.0/16'),
 IPv4Network('10.114.0.0/16'),
 IPv4Network('10.115.0.0/16'),
 IPv4Network('10.116.0.0/16'),
 IPv4Network('10.117.0.0/16'),
 IPv4Network('10.118.0.0/16'),
 IPv4Network('10.119.0.0/16'),
 IPv4Network('10.120.0.0/16'),
 IPv4Network('10.121.0.0/16'),
 IPv4Network('10.122.0.0/16'),
 IPv4Network('10.123.0.0/16'),
 IPv4Network('10.124.0.0/16'),
 IPv4Network('10.125.0.0/16'),
 IPv4Network('10.126.0.0/16'),
 IPv4Network('10.127.0.0/16'),
 IPv4Network('10.128.0.0/16'),
 IPv4Network('10.129.0.0/16'),
 IPv4Network('10.130.0.0/16'),
 IPv4Network('10.131.0.0/16'),
 IPv4Network('10.132.0.0/16'),
 IPv4Network('10.133.0.0/16'),
 IPv4Network('10.134.0.0/16'),
 IPv4Network('10.135.0.0/16'),
 IPv4Network('10.136.0.0/16'),
 IPv4Network('10.137.0.0/16'),
 IPv4Network('10.138.0.0/16'),
 IPv4Network('10.139.0.0/16'),
 IPv4Network('10.140.0.0/16'),
 IPv4Network('10.141.0.0/16'),
 IPv4Network('10.142.0.0/16'),
 IPv4Network('10.143.0.0/16'),
 IPv4Network('10.144.0.0/16'),
 IPv4Network('10.145.0.0/16'),
 IPv4Network('10.146.0.0/16'),
 IPv4Network('10.147.0.0/16'),
 IPv4Network('10.148.0.0/16'),
 IPv4Network('10.149.0.0/16'),
 IPv4Network('10.150.0.0/16'),
 IPv4Network('10.151.0.0/16'),
 IPv4Network('10.152.0.0/16'),
 IPv4Network('10.153.0.0/16'),
 IPv4Network('10.154.0.0/16'),
 IPv4Network('10.155.0.0/16'),
 IPv4Network('10.156.0.0/16'),
 IPv4Network('10.157.0.0/16'),
 IPv4Network('10.158.0.0/16'),
 IPv4Network('10.159.0.0/16'),
 IPv4Network('10.160.0.0/16'),
 IPv4Network('10.161.0.0/16'),
 IPv4Network('10.162.0.0/16'),
 IPv4Network('10.163.0.0/16'),
 IPv4Network('10.164.0.0/16'),
 IPv4Network('10.165.0.0/16'),
 IPv4Network('10.166.0.0/16'),
 IPv4Network('10.167.0.0/16'),
 IPv4Network('10.168.0.0/16'),
 IPv4Network('10.169.0.0/16'),
 IPv4Network('10.170.0.0/16'),
 IPv4Network('10.171.0.0/16'),
 IPv4Network('10.172.0.0/16'),
 IPv4Network('10.173.0.0/16'),
 IPv4Network('10.174.0.0/16'),
 IPv4Network('10.175.0.0/16'),
 IPv4Network('10.176.0.0/16'),
 IPv4Network('10.177.0.0/16'),
 IPv4Network('10.178.0.0/16'),
 IPv4Network('10.179.0.0/16'),
 IPv4Network('10.180.0.0/16'),
 IPv4Network('10.181.0.0/16'),
 IPv4Network('10.182.0.0/16'),
 IPv4Network('10.183.0.0/16'),
 IPv4Network('10.184.0.0/16'),
 IPv4Network('10.185.0.0/16'),
 IPv4Network('10.186.0.0/16'),
 IPv4Network('10.187.0.0/16'),
 IPv4Network('10.188.0.0/16'),
 IPv4Network('10.189.0.0/16'),
 IPv4Network('10.190.0.0/16'),
 IPv4Network('10.191.0.0/16'),
 IPv4Network('10.192.0.0/16'),
 IPv4Network('10.193.0.0/16'),
 IPv4Network('10.194.0.0/16'),
 IPv4Network('10.195.0.0/16'),
 IPv4Network('10.196.0.0/16'),
 IPv4Network('10.197.0.0/16'),
 IPv4Network('10.198.0.0/16'),
 IPv4Network('10.199.0.0/16'),
 IPv4Network('10.200.0.0/16'),
 IPv4Network('10.201.0.0/16'),
 IPv4Network('10.202.0.0/16'),
 IPv4Network('10.203.0.0/16'),
 IPv4Network('10.204.0.0/16'),
 IPv4Network('10.205.0.0/16'),
 IPv4Network('10.206.0.0/16'),
 IPv4Network('10.207.0.0/16'),
 IPv4Network('10.208.0.0/16'),
 IPv4Network('10.209.0.0/16'),
 IPv4Network('10.210.0.0/16'),
 IPv4Network('10.211.0.0/16'),
 IPv4Network('10.212.0.0/16'),
 IPv4Network('10.213.0.0/16'),
 IPv4Network('10.214.0.0/16'),
 IPv4Network('10.215.0.0/16'),
 IPv4Network('10.216.0.0/16'),
 IPv4Network('10.217.0.0/16'),
 IPv4Network('10.218.0.0/16'),
 IPv4Network('10.219.0.0/16')]
[IPv4Network('10.0.0.0/8'),
 IPv4Network('129.79.0.0/16'),
 IPv4Network('134.68.0.0/16'),
 IPv4Network('140.182.0.0/16'),
 IPv4Network('149.159.0.0/16'),
 IPv4Network('149.160.0.0/14'),
 IPv4Network('156.56.0.0/16'),
 IPv4Network('172.16.0.0/12'),
 IPv4Network('192.168.0.0/24'),
 IPv6Network('::/128'),
 IPv4Network('10.0.0.0/16'),
 IPv4Network('10.1.0.0/16'),
 IPv4Network('10.2.0.0/16'),
 IPv4Network('10.3.0.0/16'),
 IPv4Network('10.4.0.0/16'),
 IPv4Network('10.5.0.0/16'),
 IPv4Network('10.6.0.0/16'),
 IPv4Network('10.7.0.0/16'),
 IPv4Network('10.8.0.0/16'),
 IPv4Network('10.9.0.0/16'),
 IPv4Network('10.10.0.0/16'),
 IPv4Network('10.11.0.0/16'),
 IPv4Network('10.12.0.0/16'),
 IPv4Network('10.13.0.0/16'),
 IPv4Network('10.14.0.0/16'),
 IPv4Network('10.15.0.0/16'),
 IPv4Network('10.16.0.0/16'),
 IPv4Network('10.17.0.0/16'),
 IPv4Network('10.18.0.0/16'),
 IPv4Network('10.19.0.0/16'),
 IPv4Network('10.20.0.0/16'),
 IPv4Network('10.21.0.0/16'),
 IPv4Network('10.22.0.0/16'),
 IPv4Network('10.23.0.0/16'),
 IPv4Network('10.24.0.0/16'),
 IPv4Network('10.25.0.0/16'),
 IPv4Network('10.26.0.0/16'),
 IPv4Network('10.27.0.0/16'),
 IPv4Network('10.28.0.0/16'),
 IPv4Network('10.29.0.0/16'),
 IPv4Network('10.30.0.0/16'),
 IPv4Network('10.31.0.0/16'),
 IPv4Network('10.32.0.0/16'),
 IPv4Network('10.33.0.0/16'),
 IPv4Network('10.34.0.0/16'),
 IPv4Network('10.35.0.0/16'),
 IPv4Network('10.36.0.0/16'),
 IPv4Network('10.37.0.0/16'),
 IPv4Network('10.38.0.0/16'),
 IPv4Network('10.39.0.0/16'),
 IPv4Network('10.40.0.0/16'),
 IPv4Network('10.41.0.0/16'),
 IPv4Network('10.42.0.0/16'),
 IPv4Network('10.43.0.0/16'),
 IPv4Network('10.44.0.0/16'),
 IPv4Network('10.45.0.0/16'),
 IPv4Network('10.46.0.0/16'),
 IPv4Network('10.47.0.0/16'),
 IPv4Network('10.48.0.0/16'),
 IPv4Network('10.49.0.0/16'),
 IPv4Network('10.50.0.0/16'),
 IPv4Network('10.51.0.0/16'),
 IPv4Network('10.52.0.0/16'),
 IPv4Network('10.53.0.0/16'),
 IPv4Network('10.54.0.0/16'),
 IPv4Network('10.55.0.0/16'),
 IPv4Network('10.56.0.0/16'),
 IPv4Network('10.57.0.0/16'),
 IPv4Network('10.58.0.0/16'),
 IPv4Network('10.59.0.0/16'),
 IPv4Network('10.60.0.0/16'),
 IPv4Network('10.61.0.0/16'),
 IPv4Network('10.62.0.0/16'),
 IPv4Network('10.63.0.0/16'),
 IPv4Network('10.64.0.0/16'),
 IPv4Network('10.65.0.0/16'),
 IPv4Network('10.66.0.0/16'),
 IPv4Network('10.67.0.0/16'),
 IPv4Network('10.68.0.0/16'),
 IPv4Network('10.69.0.0/16'),
 IPv4Network('10.70.0.0/16'),
 IPv4Network('10.71.0.0/16'),
 IPv4Network('10.72.0.0/16'),
 IPv4Network('10.73.0.0/16'),
 IPv4Network('10.74.0.0/16'),
 IPv4Network('10.75.0.0/16'),
 IPv4Network('10.76.0.0/16'),
 IPv4Network('10.77.0.0/16'),
 IPv4Network('10.78.0.0/16'),
 IPv4Network('10.79.0.0/16'),
 IPv4Network('10.80.0.0/16'),
 IPv4Network('10.81.0.0/16'),
 IPv4Network('10.82.0.0/16'),
 IPv4Network('10.83.0.0/16'),
 IPv4Network('10.84.0.0/16'),
 IPv4Network('10.85.0.0/16'),
 IPv4Network('10.86.0.0/16'),
 IPv4Network('10.87.0.0/16'),
 IPv4Network('10.88.0.0/16'),
 IPv4Network('10.89.0.0/16'),
 IPv4Network('10.90.0.0/16'),
 IPv4Network('10.91.0.0/16'),
 IPv4Network('10.92.0.0/16'),
 IPv4Network('10.93.0.0/16'),
 IPv4Network('10.94.0.0/16'),
 IPv4Network('10.95.0.0/16'),
 IPv4Network('10.96.0.0/16'),
 IPv4Network('10.97.0.0/16'),
 IPv4Network('10.98.0.0/16'),
 IPv4Network('10.99.0.0/16'),
 IPv4Network('10.100.0.0/16'),
 IPv4Network('10.101.0.0/16'),
 IPv4Network('10.102.0.0/16'),
 IPv4Network('10.103.0.0/16'),
 IPv4Network('10.104.0.0/16'),
 IPv4Network('10.105.0.0/16'),
 IPv4Network('10.106.0.0/16'),
 IPv4Network('10.107.0.0/16'),
 IPv4Network('10.108.0.0/16'),
 IPv4Network('10.109.0.0/16'),
 IPv4Network('10.110.0.0/16'),
 IPv4Network('10.111.0.0/16'),
 IPv4Network('10.112.0.0/16'),
 IPv4Network('10.113.0.0/16'),
 IPv4Network('10.114.0.0/16'),
 IPv4Network('10.115.0.0/16'),
 IPv4Network('10.116.0.0/16'),
 IPv4Network('10.117.0.0/16'),
 IPv4Network('10.118.0.0/16'),
 IPv4Network('10.119.0.0/16'),
 IPv4Network('10.120.0.0/16'),
 IPv4Network('10.121.0.0/16'),
 IPv4Network('10.122.0.0/16'),
 IPv4Network('10.123.0.0/16'),
 IPv4Network('10.124.0.0/16'),
 IPv4Network('10.125.0.0/16'),
 IPv4Network('10.126.0.0/16'),
 IPv4Network('10.127.0.0/16'),
 IPv4Network('10.128.0.0/16'),
 IPv4Network('10.129.0.0/16'),
 IPv4Network('10.130.0.0/16'),
 IPv4Network('10.131.0.0/16'),
 IPv4Network('10.132.0.0/16'),
 IPv4Network('10.133.0.0/16'),
 IPv4Network('10.134.0.0/16'),
 IPv4Network('10.135.0.0/16'),
 IPv4Network('10.136.0.0/16'),
 IPv4Network('10.137.0.0/16'),
 IPv4Network('10.138.0.0/16'),
 IPv4Network('10.139.0.0/16'),
 IPv4Network('10.140.0.0/16'),
 IPv4Network('10.141.0.0/16'),
 IPv4Network('10.142.0.0/16'),
 IPv4Network('10.143.0.0/16'),
 IPv4Network('10.144.0.0/16'),
 IPv4Network('10.145.0.0/16'),
 IPv4Network('10.146.0.0/16'),
 IPv4Network('10.147.0.0/16'),
 IPv4Network('10.148.0.0/16'),
 IPv4Network('10.149.0.0/16'),
 IPv4Network('10.150.0.0/16'),
 IPv4Network('10.151.0.0/16'),
 IPv4Network('10.152.0.0/16'),
 IPv4Network('10.153.0.0/16'),
 IPv4Network('10.154.0.0/16'),
 IPv4Network('10.155.0.0/16'),
 IPv4Network('10.156.0.0/16'),
 IPv4Network('10.157.0.0/16'),
 IPv4Network('10.158.0.0/16'),
 IPv4Network('10.159.0.0/16'),
 IPv4Network('10.160.0.0/16'),
 IPv4Network('10.161.0.0/16'),
 IPv4Network('10.162.0.0/16'),
 IPv4Network('10.163.0.0/16'),
 IPv4Network('10.164.0.0/16'),
 IPv4Network('10.165.0.0/16'),
 IPv4Network('10.166.0.0/16'),
 IPv4Network('10.167.0.0/16'),
 IPv4Network('10.168.0.0/16'),
 IPv4Network('10.169.0.0/16'),
 IPv4Network('10.170.0.0/16'),
 IPv4Network('10.171.0.0/16'),
 IPv4Network('10.172.0.0/16'),
 IPv4Network('10.173.0.0/16'),
 IPv4Network('10.174.0.0/16'),
 IPv4Network('10.175.0.0/16'),
 IPv4Network('10.176.0.0/16'),
 IPv4Network('10.177.0.0/16'),
 IPv4Network('10.178.0.0/16'),
 IPv4Network('10.179.0.0/16'),
 IPv4Network('10.180.0.0/16'),
 IPv4Network('10.181.0.0/16'),
 IPv4Network('10.182.0.0/16'),
 IPv4Network('10.183.0.0/16'),
 IPv4Network('10.184.0.0/16'),
 IPv4Network('10.185.0.0/16'),
 IPv4Network('10.186.0.0/16'),
 IPv4Network('10.187.0.0/16'),
 IPv4Network('10.188.0.0/16'),
 IPv4Network('10.189.0.0/16'),
 IPv4Network('10.190.0.0/16'),
 IPv4Network('10.191.0.0/16'),
 IPv4Network('10.192.0.0/16'),
 IPv4Network('10.193.0.0/16'),
 IPv4Network('10.194.0.0/16'),
 IPv4Network('10.195.0.0/16'),
 IPv4Network('10.196.0.0/16'),
 IPv4Network('10.197.0.0/16'),
 IPv4Network('10.198.0.0/16'),
 IPv4Network('10.199.0.0/16'),
 IPv4Network('10.200.0.0/16'),
 IPv4Network('10.201.0.0/16'),
 IPv4Network('10.202.0.0/16'),
 IPv4Network('10.203.0.0/16'),
 IPv4Network('10.204.0.0/16'),
 IPv4Network('10.205.0.0/16'),
 IPv4Network('10.206.0.0/16'),
 IPv4Network('10.207.0.0/16'),
 IPv4Network('10.208.0.0/16'),
 IPv4Network('10.209.0.0/16'),
 IPv4Network('10.210.0.0/16'),
 IPv4Network('10.211.0.0/16'),
 IPv4Network('10.212.0.0/16'),
 IPv4Network('10.213.0.0/16'),
 IPv4Network('10.214.0.0/16'),
 IPv4Network('10.215.0.0/16'),
 IPv4Network('10.216.0.0/16'),
 IPv4Network('10.217.0.0/16'),
 IPv4Network('10.218.0.0/16'),
 IPv4Network('10.219.0.0/16')]
[IPv4Network('10.0.0.0/8'),
 IPv4Network('129.79.0.0/16'),
 IPv4Network('134.68.0.0/16'),
 IPv4Network('140.182.0.0/16'),
 IPv4Network('149.159.0.0/16'),
 IPv4Network('149.160.0.0/14'),
 IPv4Network('156.56.0.0/16'),
 IPv4Network('172.16.0.0/12'),
 IPv4Network('192.168.0.0/24'),
 IPv6Network('::/128'),
 IPv4Network('10.0.0.0/16'),
 IPv4Network('10.1.0.0/16'),
 IPv4Network('10.2.0.0/16'),
 IPv4Network('10.3.0.0/16'),
 IPv4Network('10.4.0.0/16'),
 IPv4Network('10.5.0.0/16'),
 IPv4Network('10.6.0.0/16'),
 IPv4Network('10.7.0.0/16'),
 IPv4Network('10.8.0.0/16'),
 IPv4Network('10.9.0.0/16'),
 IPv4Network('10.10.0.0/16'),
 IPv4Network('10.11.0.0/16'),
 IPv4Network('10.12.0.0/16'),
 IPv4Network('10.13.0.0/16'),
 IPv4Network('10.14.0.0/16'),
 IPv4Network('10.15.0.0/16'),
 IPv4Network('10.16.0.0/16'),
 IPv4Network('10.17.0.0/16'),
 IPv4Network('10.18.0.0/16'),
 IPv4Network('10.19.0.0/16'),
 IPv4Network('10.20.0.0/16'),
 IPv4Network('10.21.0.0/16'),
 IPv4Network('10.22.0.0/16'),
 IPv4Network('10.23.0.0/16'),
 IPv4Network('10.24.0.0/16'),
 IPv4Network('10.25.0.0/16'),
 IPv4Network('10.26.0.0/16'),
 IPv4Network('10.27.0.0/16'),
 IPv4Network('10.28.0.0/16'),
 IPv4Network('10.29.0.0/16'),
 IPv4Network('10.30.0.0/16'),
 IPv4Network('10.31.0.0/16'),
 IPv4Network('10.32.0.0/16'),
 IPv4Network('10.33.0.0/16'),
 IPv4Network('10.34.0.0/16'),
 IPv4Network('10.35.0.0/16'),
 IPv4Network('10.36.0.0/16'),
 IPv4Network('10.37.0.0/16'),
 IPv4Network('10.38.0.0/16'),
 IPv4Network('10.39.0.0/16'),
 IPv4Network('10.40.0.0/16'),
 IPv4Network('10.41.0.0/16'),
 IPv4Network('10.42.0.0/16'),
 IPv4Network('10.43.0.0/16'),
 IPv4Network('10.44.0.0/16'),
 IPv4Network('10.45.0.0/16'),
 IPv4Network('10.46.0.0/16'),
 IPv4Network('10.47.0.0/16'),
 IPv4Network('10.48.0.0/16'),
 IPv4Network('10.49.0.0/16'),
 IPv4Network('10.50.0.0/16'),
 IPv4Network('10.51.0.0/16'),
 IPv4Network('10.52.0.0/16'),
 IPv4Network('10.53.0.0/16'),
 IPv4Network('10.54.0.0/16'),
 IPv4Network('10.55.0.0/16'),
 IPv4Network('10.56.0.0/16'),
 IPv4Network('10.57.0.0/16'),
 IPv4Network('10.58.0.0/16'),
 IPv4Network('10.59.0.0/16'),
 IPv4Network('10.60.0.0/16'),
 IPv4Network('10.61.0.0/16'),
 IPv4Network('10.62.0.0/16'),
 IPv4Network('10.63.0.0/16'),
 IPv4Network('10.64.0.0/16'),
 IPv4Network('10.65.0.0/16'),
 IPv4Network('10.66.0.0/16'),
 IPv4Network('10.67.0.0/16'),
 IPv4Network('10.68.0.0/16'),
 IPv4Network('10.69.0.0/16'),
 IPv4Network('10.70.0.0/16'),
 IPv4Network('10.71.0.0/16'),
 IPv4Network('10.72.0.0/16'),
 IPv4Network('10.73.0.0/16'),
 IPv4Network('10.74.0.0/16'),
 IPv4Network('10.75.0.0/16'),
 IPv4Network('10.76.0.0/16'),
 IPv4Network('10.77.0.0/16'),
 IPv4Network('10.78.0.0/16'),
 IPv4Network('10.79.0.0/16'),
 IPv4Network('10.80.0.0/16'),
 IPv4Network('10.81.0.0/16'),
 IPv4Network('10.82.0.0/16'),
 IPv4Network('10.83.0.0/16'),
 IPv4Network('10.84.0.0/16'),
 IPv4Network('10.85.0.0/16'),
 IPv4Network('10.86.0.0/16'),
 IPv4Network('10.87.0.0/16'),
 IPv4Network('10.88.0.0/16'),
 IPv4Network('10.89.0.0/16'),
 IPv4Network('10.90.0.0/16'),
 IPv4Network('10.91.0.0/16'),
 IPv4Network('10.92.0.0/16'),
 IPv4Network('10.93.0.0/16'),
 IPv4Network('10.94.0.0/16'),
 IPv4Network('10.95.0.0/16'),
 IPv4Network('10.96.0.0/16'),
 IPv4Network('10.97.0.0/16'),
 IPv4Network('10.98.0.0/16'),
 IPv4Network('10.99.0.0/16'),
 IPv4Network('10.100.0.0/16'),
 IPv4Network('10.101.0.0/16'),
 IPv4Network('10.102.0.0/16'),
 IPv4Network('10.103.0.0/16'),
 IPv4Network('10.104.0.0/16'),
 IPv4Network('10.105.0.0/16'),
 IPv4Network('10.106.0.0/16'),
 IPv4Network('10.107.0.0/16'),
 IPv4Network('10.108.0.0/16'),
 IPv4Network('10.109.0.0/16'),
 IPv4Network('10.110.0.0/16'),
 IPv4Network('10.111.0.0/16'),
 IPv4Network('10.112.0.0/16'),
 IPv4Network('10.113.0.0/16'),
 IPv4Network('10.114.0.0/16'),
 IPv4Network('10.115.0.0/16'),
 IPv4Network('10.116.0.0/16'),
 IPv4Network('10.117.0.0/16'),
 IPv4Network('10.118.0.0/16'),
 IPv4Network('10.119.0.0/16'),
 IPv4Network('10.120.0.0/16'),
 IPv4Network('10.121.0.0/16'),
 IPv4Network('10.122.0.0/16'),
 IPv4Network('10.123.0.0/16'),
 IPv4Network('10.124.0.0/16'),
 IPv4Network('10.125.0.0/16'),
 IPv4Network('10.126.0.0/16'),
 IPv4Network('10.127.0.0/16'),
 IPv4Network('10.128.0.0/16'),
 IPv4Network('10.129.0.0/16'),
 IPv4Network('10.130.0.0/16'),
 IPv4Network('10.131.0.0/16'),
 IPv4Network('10.132.0.0/16'),
 IPv4Network('10.133.0.0/16'),
 IPv4Network('10.134.0.0/16'),
 IPv4Network('10.135.0.0/16'),
 IPv4Network('10.136.0.0/16'),
 IPv4Network('10.137.0.0/16'),
 IPv4Network('10.138.0.0/16'),
 IPv4Network('10.139.0.0/16'),
 IPv4Network('10.140.0.0/16'),
 IPv4Network('10.141.0.0/16'),
 IPv4Network('10.142.0.0/16'),
 IPv4Network('10.143.0.0/16'),
 IPv4Network('10.144.0.0/16'),
 IPv4Network('10.145.0.0/16'),
 IPv4Network('10.146.0.0/16'),
 IPv4Network('10.147.0.0/16'),
 IPv4Network('10.148.0.0/16'),
 IPv4Network('10.149.0.0/16'),
 IPv4Network('10.150.0.0/16'),
 IPv4Network('10.151.0.0/16'),
 IPv4Network('10.152.0.0/16'),
 IPv4Network('10.153.0.0/16'),
 IPv4Network('10.154.0.0/16'),
 IPv4Network('10.155.0.0/16'),
 IPv4Network('10.156.0.0/16'),
 IPv4Network('10.157.0.0/16'),
 IPv4Network('10.158.0.0/16'),
 IPv4Network('10.159.0.0/16'),
 IPv4Network('10.160.0.0/16'),
 IPv4Network('10.161.0.0/16'),
 IPv4Network('10.162.0.0/16'),
 IPv4Network('10.163.0.0/16'),
 IPv4Network('10.164.0.0/16'),
 IPv4Network('10.165.0.0/16'),
 IPv4Network('10.166.0.0/16'),
 IPv4Network('10.167.0.0/16'),
 IPv4Network('10.168.0.0/16'),
 IPv4Network('10.169.0.0/16'),
 IPv4Network('10.170.0.0/16'),
 IPv4Network('10.171.0.0/16'),
 IPv4Network('10.172.0.0/16'),
 IPv4Network('10.173.0.0/16'),
 IPv4Network('10.174.0.0/16'),
 IPv4Network('10.175.0.0/16'),
 IPv4Network('10.176.0.0/16'),
 IPv4Network('10.177.0.0/16'),
 IPv4Network('10.178.0.0/16'),
 IPv4Network('10.179.0.0/16'),
 IPv4Network('10.180.0.0/16'),
 IPv4Network('10.181.0.0/16'),
 IPv4Network('10.182.0.0/16'),
 IPv4Network('10.183.0.0/16'),
 IPv4Network('10.184.0.0/16'),
 IPv4Network('10.185.0.0/16'),
 IPv4Network('10.186.0.0/16'),
 IPv4Network('10.187.0.0/16'),
 IPv4Network('10.188.0.0/16'),
 IPv4Network('10.189.0.0/16'),
 IPv4Network('10.190.0.0/16'),
 IPv4Network('10.191.0.0/16'),
 IPv4Network('10.192.0.0/16'),
 IPv4Network('10.193.0.0/16'),
 IPv4Network('10.194.0.0/16'),
 IPv4Network('10.195.0.0/16'),
 IPv4Network('10.196.0.0/16'),
 IPv4Network('10.197.0.0/16'),
 IPv4Network('10.198.0.0/16'),
 IPv4Network('10.199.0.0/16'),
 IPv4Network('10.200.0.0/16'),
 IPv4Network('10.201.0.0/16'),
 IPv4Network('10.202.0.0/16'),
 IPv4Network('10.203.0.0/16'),
 IPv4Network('10.204.0.0/16'),
 IPv4Network('10.205.0.0/16'),
 IPv4Network('10.206.0.0/16'),
 IPv4Network('10.207.0.0/16'),
 IPv4Network('10.208.0.0/16'),
 IPv4Network('10.209.0.0/16'),
 IPv4Network('10.210.0.0/16'),
 IPv4Network('10.211.0.0/16'),
 IPv4Network('10.212.0.0/16'),
 IPv4Network('10.213.0.0/16'),
 IPv4Network('10.214.0.0/16'),
 IPv4Network('10.215.0.0/16'),
 IPv4Network('10.216.0.0/16'),
 IPv4Network('10.217.0.0/16'),
 IPv4Network('10.218.0.0/16'),
 IPv4Network('10.219.0.0/16'),
 IPv4Network('10.220.0.0/16'),
 IPv4Network('10.221.0.0/16')]
[IPv4Network('10.0.0.0/8'),
 IPv4Network('129.79.0.0/16'),
 IPv4Network('134.68.0.0/16'),
 IPv4Network('140.182.0.0/16'),
 IPv4Network('149.159.0.0/16'),
 IPv4Network('149.160.0.0/14'),
 IPv4Network('156.56.0.0/16'),
 IPv4Network('172.16.0.0/12'),
 IPv4Network('192.168.0.0/24'),
 IPv6Network('::/128'),
 IPv4Network('10.0.0.0/16'),
 IPv4Network('10.1.0.0/16'),
 IPv4Network('10.2.0.0/16'),
 IPv4Network('10.3.0.0/16'),
 IPv4Network('10.4.0.0/16'),
 IPv4Network('10.5.0.0/16'),
 IPv4Network('10.6.0.0/16'),
 IPv4Network('10.7.0.0/16'),
 IPv4Network('10.8.0.0/16'),
 IPv4Network('10.9.0.0/16'),
 IPv4Network('10.10.0.0/16'),
 IPv4Network('10.11.0.0/16'),
 IPv4Network('10.12.0.0/16'),
 IPv4Network('10.13.0.0/16'),
 IPv4Network('10.14.0.0/16'),
 IPv4Network('10.15.0.0/16'),
 IPv4Network('10.16.0.0/16'),
 IPv4Network('10.17.0.0/16'),
 IPv4Network('10.18.0.0/16'),
 IPv4Network('10.19.0.0/16'),
 IPv4Network('10.20.0.0/16'),
 IPv4Network('10.21.0.0/16'),
 IPv4Network('10.22.0.0/16'),
 IPv4Network('10.23.0.0/16'),
 IPv4Network('10.24.0.0/16'),
 IPv4Network('10.25.0.0/16'),
 IPv4Network('10.26.0.0/16'),
 IPv4Network('10.27.0.0/16'),
 IPv4Network('10.28.0.0/16'),
 IPv4Network('10.29.0.0/16'),
 IPv4Network('10.30.0.0/16'),
 IPv4Network('10.31.0.0/16'),
 IPv4Network('10.32.0.0/16'),
 IPv4Network('10.33.0.0/16'),
 IPv4Network('10.34.0.0/16'),
 IPv4Network('10.35.0.0/16'),
 IPv4Network('10.36.0.0/16'),
 IPv4Network('10.37.0.0/16'),
 IPv4Network('10.38.0.0/16'),
 IPv4Network('10.39.0.0/16'),
 IPv4Network('10.40.0.0/16'),
 IPv4Network('10.41.0.0/16'),
 IPv4Network('10.42.0.0/16'),
 IPv4Network('10.43.0.0/16'),
 IPv4Network('10.44.0.0/16'),
 IPv4Network('10.45.0.0/16'),
 IPv4Network('10.46.0.0/16'),
 IPv4Network('10.47.0.0/16'),
 IPv4Network('10.48.0.0/16'),
 IPv4Network('10.49.0.0/16'),
 IPv4Network('10.50.0.0/16'),
 IPv4Network('10.51.0.0/16'),
 IPv4Network('10.52.0.0/16'),
 IPv4Network('10.53.0.0/16'),
 IPv4Network('10.54.0.0/16'),
 IPv4Network('10.55.0.0/16'),
 IPv4Network('10.56.0.0/16'),
 IPv4Network('10.57.0.0/16'),
 IPv4Network('10.58.0.0/16'),
 IPv4Network('10.59.0.0/16'),
 IPv4Network('10.60.0.0/16'),
 IPv4Network('10.61.0.0/16'),
 IPv4Network('10.62.0.0/16'),
 IPv4Network('10.63.0.0/16'),
 IPv4Network('10.64.0.0/16'),
 IPv4Network('10.65.0.0/16'),
 IPv4Network('10.66.0.0/16'),
 IPv4Network('10.67.0.0/16'),
 IPv4Network('10.68.0.0/16'),
 IPv4Network('10.69.0.0/16'),
 IPv4Network('10.70.0.0/16'),
 IPv4Network('10.71.0.0/16'),
 IPv4Network('10.72.0.0/16'),
 IPv4Network('10.73.0.0/16'),
 IPv4Network('10.74.0.0/16'),
 IPv4Network('10.75.0.0/16'),
 IPv4Network('10.76.0.0/16'),
 IPv4Network('10.77.0.0/16'),
 IPv4Network('10.78.0.0/16'),
 IPv4Network('10.79.0.0/16'),
 IPv4Network('10.80.0.0/16'),
 IPv4Network('10.81.0.0/16'),
 IPv4Network('10.82.0.0/16'),
 IPv4Network('10.83.0.0/16'),
 IPv4Network('10.84.0.0/16'),
 IPv4Network('10.85.0.0/16'),
 IPv4Network('10.86.0.0/16'),
 IPv4Network('10.87.0.0/16'),
 IPv4Network('10.88.0.0/16'),
 IPv4Network('10.89.0.0/16'),
 IPv4Network('10.90.0.0/16'),
 IPv4Network('10.91.0.0/16'),
 IPv4Network('10.92.0.0/16'),
 IPv4Network('10.93.0.0/16'),
 IPv4Network('10.94.0.0/16'),
 IPv4Network('10.95.0.0/16'),
 IPv4Network('10.96.0.0/16'),
 IPv4Network('10.97.0.0/16'),
 IPv4Network('10.98.0.0/16'),
 IPv4Network('10.99.0.0/16'),
 IPv4Network('10.100.0.0/16'),
 IPv4Network('10.101.0.0/16'),
 IPv4Network('10.102.0.0/16'),
 IPv4Network('10.103.0.0/16'),
 IPv4Network('10.104.0.0/16'),
 IPv4Network('10.105.0.0/16'),
 IPv4Network('10.106.0.0/16'),
 IPv4Network('10.107.0.0/16'),
 IPv4Network('10.108.0.0/16'),
 IPv4Network('10.109.0.0/16'),
 IPv4Network('10.110.0.0/16'),
 IPv4Network('10.111.0.0/16'),
 IPv4Network('10.112.0.0/16'),
 IPv4Network('10.113.0.0/16'),
 IPv4Network('10.114.0.0/16'),
 IPv4Network('10.115.0.0/16'),
 IPv4Network('10.116.0.0/16'),
 IPv4Network('10.117.0.0/16'),
 IPv4Network('10.118.0.0/16'),
 IPv4Network('10.119.0.0/16'),
 IPv4Network('10.120.0.0/16'),
 IPv4Network('10.121.0.0/16'),
 IPv4Network('10.122.0.0/16'),
 IPv4Network('10.123.0.0/16'),
 IPv4Network('10.124.0.0/16'),
 IPv4Network('10.125.0.0/16'),
 IPv4Network('10.126.0.0/16'),
 IPv4Network('10.127.0.0/16'),
 IPv4Network('10.128.0.0/16'),
 IPv4Network('10.129.0.0/16'),
 IPv4Network('10.130.0.0/16'),
 IPv4Network('10.131.0.0/16'),
 IPv4Network('10.132.0.0/16'),
 IPv4Network('10.133.0.0/16'),
 IPv4Network('10.134.0.0/16'),
 IPv4Network('10.135.0.0/16'),
 IPv4Network('10.136.0.0/16'),
 IPv4Network('10.137.0.0/16'),
 IPv4Network('10.138.0.0/16'),
 IPv4Network('10.139.0.0/16'),
 IPv4Network('10.140.0.0/16'),
 IPv4Network('10.141.0.0/16'),
 IPv4Network('10.142.0.0/16'),
 IPv4Network('10.143.0.0/16'),
 IPv4Network('10.144.0.0/16'),
 IPv4Network('10.145.0.0/16'),
 IPv4Network('10.146.0.0/16'),
 IPv4Network('10.147.0.0/16'),
 IPv4Network('10.148.0.0/16'),
 IPv4Network('10.149.0.0/16'),
 IPv4Network('10.150.0.0/16'),
 IPv4Network('10.151.0.0/16'),
 IPv4Network('10.152.0.0/16'),
 IPv4Network('10.153.0.0/16'),
 IPv4Network('10.154.0.0/16'),
 IPv4Network('10.155.0.0/16'),
 IPv4Network('10.156.0.0/16'),
 IPv4Network('10.157.0.0/16'),
 IPv4Network('10.158.0.0/16'),
 IPv4Network('10.159.0.0/16'),
 IPv4Network('10.160.0.0/16'),
 IPv4Network('10.161.0.0/16'),
 IPv4Network('10.162.0.0/16'),
 IPv4Network('10.163.0.0/16'),
 IPv4Network('10.164.0.0/16'),
 IPv4Network('10.165.0.0/16'),
 IPv4Network('10.166.0.0/16'),
 IPv4Network('10.167.0.0/16'),
 IPv4Network('10.168.0.0/16'),
 IPv4Network('10.169.0.0/16'),
 IPv4Network('10.170.0.0/16'),
 IPv4Network('10.171.0.0/16'),
 IPv4Network('10.172.0.0/16'),
 IPv4Network('10.173.0.0/16'),
 IPv4Network('10.174.0.0/16'),
 IPv4Network('10.175.0.0/16'),
 IPv4Network('10.176.0.0/16'),
 IPv4Network('10.177.0.0/16'),
 IPv4Network('10.178.0.0/16'),
 IPv4Network('10.179.0.0/16'),
 IPv4Network('10.180.0.0/16'),
 IPv4Network('10.181.0.0/16'),
 IPv4Network('10.182.0.0/16'),
 IPv4Network('10.183.0.0/16'),
 IPv4Network('10.184.0.0/16'),
 IPv4Network('10.185.0.0/16'),
 IPv4Network('10.186.0.0/16'),
 IPv4Network('10.187.0.0/16'),
 IPv4Network('10.188.0.0/16'),
 IPv4Network('10.189.0.0/16'),
 IPv4Network('10.190.0.0/16'),
 IPv4Network('10.191.0.0/16'),
 IPv4Network('10.192.0.0/16'),
 IPv4Network('10.193.0.0/16'),
 IPv4Network('10.194.0.0/16'),
 IPv4Network('10.195.0.0/16'),
 IPv4Network('10.196.0.0/16'),
 IPv4Network('10.197.0.0/16'),
 IPv4Network('10.198.0.0/16'),
 IPv4Network('10.199.0.0/16'),
 IPv4Network('10.200.0.0/16'),
 IPv4Network('10.201.0.0/16'),
 IPv4Network('10.202.0.0/16'),
 IPv4Network('10.203.0.0/16'),
 IPv4Network('10.204.0.0/16'),
 IPv4Network('10.205.0.0/16'),
 IPv4Network('10.206.0.0/16'),
 IPv4Network('10.207.0.0/16'),
 IPv4Network('10.208.0.0/16'),
 IPv4Network('10.209.0.0/16'),
 IPv4Network('10.210.0.0/16'),
 IPv4Network('10.211.0.0/16'),
 IPv4Network('10.212.0.0/16'),
 IPv4Network('10.213.0.0/16'),
 IPv4Network('10.214.0.0/16'),
 IPv4Network('10.215.0.0/16'),
 IPv4Network('10.216.0.0/16'),
 IPv4Network('10.217.0.0/16'),
 IPv4Network('10.218.0.0/16'),
 IPv4Network('10.219.0.0/16'),
 IPv4Network('10.220.0.0/16'),
 IPv4Network('10.221.0.0/16'),
 IPv4Network('10.222.0.0/16'),
 IPv4Network('10.223.0.0/16')]
[IPv4Network('10.0.0.0/8'),
 IPv4Network('129.79.0.0/16'),
 IPv4Network('134.68.0.0/16'),
 IPv4Network('140.182.0.0/16'),
 IPv4Network('149.159.0.0/16'),
 IPv4Network('149.160.0.0/14'),
 IPv4Network('156.56.0.0/16'),
 IPv4Network('172.16.0.0/12'),
 IPv4Network('192.168.0.0/24'),
 IPv6Network('::/128'),
 IPv4Network('10.0.0.0/16'),
 IPv4Network('10.1.0.0/16'),
 IPv4Network('10.2.0.0/16'),
 IPv4Network('10.3.0.0/16'),
 IPv4Network('10.4.0.0/16'),
 IPv4Network('10.5.0.0/16'),
 IPv4Network('10.6.0.0/16'),
 IPv4Network('10.7.0.0/16'),
 IPv4Network('10.8.0.0/16'),
 IPv4Network('10.9.0.0/16'),
 IPv4Network('10.10.0.0/16'),
 IPv4Network('10.11.0.0/16'),
 IPv4Network('10.12.0.0/16'),
 IPv4Network('10.13.0.0/16'),
 IPv4Network('10.14.0.0/16'),
 IPv4Network('10.15.0.0/16'),
 IPv4Network('10.16.0.0/16'),
 IPv4Network('10.17.0.0/16'),
 IPv4Network('10.18.0.0/16'),
 IPv4Network('10.19.0.0/16'),
 IPv4Network('10.20.0.0/16'),
 IPv4Network('10.21.0.0/16'),
 IPv4Network('10.22.0.0/16'),
 IPv4Network('10.23.0.0/16'),
 IPv4Network('10.24.0.0/16'),
 IPv4Network('10.25.0.0/16'),
 IPv4Network('10.26.0.0/16'),
 IPv4Network('10.27.0.0/16'),
 IPv4Network('10.28.0.0/16'),
 IPv4Network('10.29.0.0/16'),
 IPv4Network('10.30.0.0/16'),
 IPv4Network('10.31.0.0/16'),
 IPv4Network('10.32.0.0/16'),
 IPv4Network('10.33.0.0/16'),
 IPv4Network('10.34.0.0/16'),
 IPv4Network('10.35.0.0/16'),
 IPv4Network('10.36.0.0/16'),
 IPv4Network('10.37.0.0/16'),
 IPv4Network('10.38.0.0/16'),
 IPv4Network('10.39.0.0/16'),
 IPv4Network('10.40.0.0/16'),
 IPv4Network('10.41.0.0/16'),
 IPv4Network('10.42.0.0/16'),
 IPv4Network('10.43.0.0/16'),
 IPv4Network('10.44.0.0/16'),
 IPv4Network('10.45.0.0/16'),
 IPv4Network('10.46.0.0/16'),
 IPv4Network('10.47.0.0/16'),
 IPv4Network('10.48.0.0/16'),
 IPv4Network('10.49.0.0/16'),
 IPv4Network('10.50.0.0/16'),
 IPv4Network('10.51.0.0/16'),
 IPv4Network('10.52.0.0/16'),
 IPv4Network('10.53.0.0/16'),
 IPv4Network('10.54.0.0/16'),
 IPv4Network('10.55.0.0/16'),
 IPv4Network('10.56.0.0/16'),
 IPv4Network('10.57.0.0/16'),
 IPv4Network('10.58.0.0/16'),
 IPv4Network('10.59.0.0/16'),
 IPv4Network('10.60.0.0/16'),
 IPv4Network('10.61.0.0/16'),
 IPv4Network('10.62.0.0/16'),
 IPv4Network('10.63.0.0/16'),
 IPv4Network('10.64.0.0/16'),
 IPv4Network('10.65.0.0/16'),
 IPv4Network('10.66.0.0/16'),
 IPv4Network('10.67.0.0/16'),
 IPv4Network('10.68.0.0/16'),
 IPv4Network('10.69.0.0/16'),
 IPv4Network('10.70.0.0/16'),
 IPv4Network('10.71.0.0/16'),
 IPv4Network('10.72.0.0/16'),
 IPv4Network('10.73.0.0/16'),
 IPv4Network('10.74.0.0/16'),
 IPv4Network('10.75.0.0/16'),
 IPv4Network('10.76.0.0/16'),
 IPv4Network('10.77.0.0/16'),
 IPv4Network('10.78.0.0/16'),
 IPv4Network('10.79.0.0/16'),
 IPv4Network('10.80.0.0/16'),
 IPv4Network('10.81.0.0/16'),
 IPv4Network('10.82.0.0/16'),
 IPv4Network('10.83.0.0/16'),
 IPv4Network('10.84.0.0/16'),
 IPv4Network('10.85.0.0/16'),
 IPv4Network('10.86.0.0/16'),
 IPv4Network('10.87.0.0/16'),
 IPv4Network('10.88.0.0/16'),
 IPv4Network('10.89.0.0/16'),
 IPv4Network('10.90.0.0/16'),
 IPv4Network('10.91.0.0/16'),
 IPv4Network('10.92.0.0/16'),
 IPv4Network('10.93.0.0/16'),
 IPv4Network('10.94.0.0/16'),
 IPv4Network('10.95.0.0/16'),
 IPv4Network('10.96.0.0/16'),
 IPv4Network('10.97.0.0/16'),
 IPv4Network('10.98.0.0/16'),
 IPv4Network('10.99.0.0/16'),
 IPv4Network('10.100.0.0/16'),
 IPv4Network('10.101.0.0/16'),
 IPv4Network('10.102.0.0/16'),
 IPv4Network('10.103.0.0/16'),
 IPv4Network('10.104.0.0/16'),
 IPv4Network('10.105.0.0/16'),
 IPv4Network('10.106.0.0/16'),
 IPv4Network('10.107.0.0/16'),
 IPv4Network('10.108.0.0/16'),
 IPv4Network('10.109.0.0/16'),
 IPv4Network('10.110.0.0/16'),
 IPv4Network('10.111.0.0/16'),
 IPv4Network('10.112.0.0/16'),
 IPv4Network('10.113.0.0/16'),
 IPv4Network('10.114.0.0/16'),
 IPv4Network('10.115.0.0/16'),
 IPv4Network('10.116.0.0/16'),
 IPv4Network('10.117.0.0/16'),
 IPv4Network('10.118.0.0/16'),
 IPv4Network('10.119.0.0/16'),
 IPv4Network('10.120.0.0/16'),
 IPv4Network('10.121.0.0/16'),
 IPv4Network('10.122.0.0/16'),
 IPv4Network('10.123.0.0/16'),
 IPv4Network('10.124.0.0/16'),
 IPv4Network('10.125.0.0/16'),
 IPv4Network('10.126.0.0/16'),
 IPv4Network('10.127.0.0/16'),
 IPv4Network('10.128.0.0/16'),
 IPv4Network('10.129.0.0/16'),
 IPv4Network('10.130.0.0/16'),
 IPv4Network('10.131.0.0/16'),
 IPv4Network('10.132.0.0/16'),
 IPv4Network('10.133.0.0/16'),
 IPv4Network('10.134.0.0/16'),
 IPv4Network('10.135.0.0/16'),
 IPv4Network('10.136.0.0/16'),
 IPv4Network('10.137.0.0/16'),
 IPv4Network('10.138.0.0/16'),
 IPv4Network('10.139.0.0/16'),
 IPv4Network('10.140.0.0/16'),
 IPv4Network('10.141.0.0/16'),
 IPv4Network('10.142.0.0/16'),
 IPv4Network('10.143.0.0/16'),
 IPv4Network('10.144.0.0/16'),
 IPv4Network('10.145.0.0/16'),
 IPv4Network('10.146.0.0/16'),
 IPv4Network('10.147.0.0/16'),
 IPv4Network('10.148.0.0/16'),
 IPv4Network('10.149.0.0/16'),
 IPv4Network('10.150.0.0/16'),
 IPv4Network('10.151.0.0/16'),
 IPv4Network('10.152.0.0/16'),
 IPv4Network('10.153.0.0/16'),
 IPv4Network('10.154.0.0/16'),
 IPv4Network('10.155.0.0/16'),
 IPv4Network('10.156.0.0/16'),
 IPv4Network('10.157.0.0/16'),
 IPv4Network('10.158.0.0/16'),
 IPv4Network('10.159.0.0/16'),
 IPv4Network('10.160.0.0/16'),
 IPv4Network('10.161.0.0/16'),
 IPv4Network('10.162.0.0/16'),
 IPv4Network('10.163.0.0/16'),
 IPv4Network('10.164.0.0/16'),
 IPv4Network('10.165.0.0/16'),
 IPv4Network('10.166.0.0/16'),
 IPv4Network('10.167.0.0/16'),
 IPv4Network('10.168.0.0/16'),
 IPv4Network('10.169.0.0/16'),
 IPv4Network('10.170.0.0/16'),
 IPv4Network('10.171.0.0/16'),
 IPv4Network('10.172.0.0/16'),
 IPv4Network('10.173.0.0/16'),
 IPv4Network('10.174.0.0/16'),
 IPv4Network('10.175.0.0/16'),
 IPv4Network('10.176.0.0/16'),
 IPv4Network('10.177.0.0/16'),
 IPv4Network('10.178.0.0/16'),
 IPv4Network('10.179.0.0/16'),
 IPv4Network('10.180.0.0/16'),
 IPv4Network('10.181.0.0/16'),
 IPv4Network('10.182.0.0/16'),
 IPv4Network('10.183.0.0/16'),
 IPv4Network('10.184.0.0/16'),
 IPv4Network('10.185.0.0/16'),
 IPv4Network('10.186.0.0/16'),
 IPv4Network('10.187.0.0/16'),
 IPv4Network('10.188.0.0/16'),
 IPv4Network('10.189.0.0/16'),
 IPv4Network('10.190.0.0/16'),
 IPv4Network('10.191.0.0/16'),
 IPv4Network('10.192.0.0/16'),
 IPv4Network('10.193.0.0/16'),
 IPv4Network('10.194.0.0/16'),
 IPv4Network('10.195.0.0/16'),
 IPv4Network('10.196.0.0/16'),
 IPv4Network('10.197.0.0/16'),
 IPv4Network('10.198.0.0/16'),
 IPv4Network('10.199.0.0/16'),
 IPv4Network('10.200.0.0/16'),
 IPv4Network('10.201.0.0/16'),
 IPv4Network('10.202.0.0/16'),
 IPv4Network('10.203.0.0/16'),
 IPv4Network('10.204.0.0/16'),
 IPv4Network('10.205.0.0/16'),
 IPv4Network('10.206.0.0/16'),
 IPv4Network('10.207.0.0/16'),
 IPv4Network('10.208.0.0/16'),
 IPv4Network('10.209.0.0/16'),
 IPv4Network('10.210.0.0/16'),
 IPv4Network('10.211.0.0/16'),
 IPv4Network('10.212.0.0/16'),
 IPv4Network('10.213.0.0/16'),
 IPv4Network('10.214.0.0/16'),
 IPv4Network('10.215.0.0/16'),
 IPv4Network('10.216.0.0/16'),
 IPv4Network('10.217.0.0/16'),
 IPv4Network('10.218.0.0/16'),
 IPv4Network('10.219.0.0/16'),
 IPv4Network('10.220.0.0/16'),
 IPv4Network('10.221.0.0/16'),
 IPv4Network('10.222.0.0/16'),
 IPv4Network('10.223.0.0/16')]
[IPv4Network('10.0.0.0/8'),
 IPv4Network('129.79.0.0/16'),
 IPv4Network('134.68.0.0/16'),
 IPv4Network('140.182.0.0/16'),
 IPv4Network('149.159.0.0/16'),
 IPv4Network('149.160.0.0/14'),
 IPv4Network('156.56.0.0/16'),
 IPv4Network('172.16.0.0/12'),
 IPv4Network('192.168.0.0/24'),
 IPv6Network('::/128'),
 IPv4Network('10.0.0.0/16'),
 IPv4Network('10.1.0.0/16'),
 IPv4Network('10.2.0.0/16'),
 IPv4Network('10.3.0.0/16'),
 IPv4Network('10.4.0.0/16'),
 IPv4Network('10.5.0.0/16'),
 IPv4Network('10.6.0.0/16'),
 IPv4Network('10.7.0.0/16'),
 IPv4Network('10.8.0.0/16'),
 IPv4Network('10.9.0.0/16'),
 IPv4Network('10.10.0.0/16'),
 IPv4Network('10.11.0.0/16'),
 IPv4Network('10.12.0.0/16'),
 IPv4Network('10.13.0.0/16'),
 IPv4Network('10.14.0.0/16'),
 IPv4Network('10.15.0.0/16'),
 IPv4Network('10.16.0.0/16'),
 IPv4Network('10.17.0.0/16'),
 IPv4Network('10.18.0.0/16'),
 IPv4Network('10.19.0.0/16'),
 IPv4Network('10.20.0.0/16'),
 IPv4Network('10.21.0.0/16'),
 IPv4Network('10.22.0.0/16'),
 IPv4Network('10.23.0.0/16'),
 IPv4Network('10.24.0.0/16'),
 IPv4Network('10.25.0.0/16'),
 IPv4Network('10.26.0.0/16'),
 IPv4Network('10.27.0.0/16'),
 IPv4Network('10.28.0.0/16'),
 IPv4Network('10.29.0.0/16'),
 IPv4Network('10.30.0.0/16'),
 IPv4Network('10.31.0.0/16'),
 IPv4Network('10.32.0.0/16'),
 IPv4Network('10.33.0.0/16'),
 IPv4Network('10.34.0.0/16'),
 IPv4Network('10.35.0.0/16'),
 IPv4Network('10.36.0.0/16'),
 IPv4Network('10.37.0.0/16'),
 IPv4Network('10.38.0.0/16'),
 IPv4Network('10.39.0.0/16'),
 IPv4Network('10.40.0.0/16'),
 IPv4Network('10.41.0.0/16'),
 IPv4Network('10.42.0.0/16'),
 IPv4Network('10.43.0.0/16'),
 IPv4Network('10.44.0.0/16'),
 IPv4Network('10.45.0.0/16'),
 IPv4Network('10.46.0.0/16'),
 IPv4Network('10.47.0.0/16'),
 IPv4Network('10.48.0.0/16'),
 IPv4Network('10.49.0.0/16'),
 IPv4Network('10.50.0.0/16'),
 IPv4Network('10.51.0.0/16'),
 IPv4Network('10.52.0.0/16'),
 IPv4Network('10.53.0.0/16'),
 IPv4Network('10.54.0.0/16'),
 IPv4Network('10.55.0.0/16'),
 IPv4Network('10.56.0.0/16'),
 IPv4Network('10.57.0.0/16'),
 IPv4Network('10.58.0.0/16'),
 IPv4Network('10.59.0.0/16'),
 IPv4Network('10.60.0.0/16'),
 IPv4Network('10.61.0.0/16'),
 IPv4Network('10.62.0.0/16'),
 IPv4Network('10.63.0.0/16'),
 IPv4Network('10.64.0.0/16'),
 IPv4Network('10.65.0.0/16'),
 IPv4Network('10.66.0.0/16'),
 IPv4Network('10.67.0.0/16'),
 IPv4Network('10.68.0.0/16'),
 IPv4Network('10.69.0.0/16'),
 IPv4Network('10.70.0.0/16'),
 IPv4Network('10.71.0.0/16'),
 IPv4Network('10.72.0.0/16'),
 IPv4Network('10.73.0.0/16'),
 IPv4Network('10.74.0.0/16'),
 IPv4Network('10.75.0.0/16'),
 IPv4Network('10.76.0.0/16'),
 IPv4Network('10.77.0.0/16'),
 IPv4Network('10.78.0.0/16'),
 IPv4Network('10.79.0.0/16'),
 IPv4Network('10.80.0.0/16'),
 IPv4Network('10.81.0.0/16'),
 IPv4Network('10.82.0.0/16'),
 IPv4Network('10.83.0.0/16'),
 IPv4Network('10.84.0.0/16'),
 IPv4Network('10.85.0.0/16'),
 IPv4Network('10.86.0.0/16'),
 IPv4Network('10.87.0.0/16'),
 IPv4Network('10.88.0.0/16'),
 IPv4Network('10.89.0.0/16'),
 IPv4Network('10.90.0.0/16'),
 IPv4Network('10.91.0.0/16'),
 IPv4Network('10.92.0.0/16'),
 IPv4Network('10.93.0.0/16'),
 IPv4Network('10.94.0.0/16'),
 IPv4Network('10.95.0.0/16'),
 IPv4Network('10.96.0.0/16'),
 IPv4Network('10.97.0.0/16'),
 IPv4Network('10.98.0.0/16'),
 IPv4Network('10.99.0.0/16'),
 IPv4Network('10.100.0.0/16'),
 IPv4Network('10.101.0.0/16'),
 IPv4Network('10.102.0.0/16'),
 IPv4Network('10.103.0.0/16'),
 IPv4Network('10.104.0.0/16'),
 IPv4Network('10.105.0.0/16'),
 IPv4Network('10.106.0.0/16'),
 IPv4Network('10.107.0.0/16'),
 IPv4Network('10.108.0.0/16'),
 IPv4Network('10.109.0.0/16'),
 IPv4Network('10.110.0.0/16'),
 IPv4Network('10.111.0.0/16'),
 IPv4Network('10.112.0.0/16'),
 IPv4Network('10.113.0.0/16'),
 IPv4Network('10.114.0.0/16'),
 IPv4Network('10.115.0.0/16'),
 IPv4Network('10.116.0.0/16'),
 IPv4Network('10.117.0.0/16'),
 IPv4Network('10.118.0.0/16'),
 IPv4Network('10.119.0.0/16'),
 IPv4Network('10.120.0.0/16'),
 IPv4Network('10.121.0.0/16'),
 IPv4Network('10.122.0.0/16'),
 IPv4Network('10.123.0.0/16'),
 IPv4Network('10.124.0.0/16'),
 IPv4Network('10.125.0.0/16'),
 IPv4Network('10.126.0.0/16'),
 IPv4Network('10.127.0.0/16'),
 IPv4Network('10.128.0.0/16'),
 IPv4Network('10.129.0.0/16'),
 IPv4Network('10.130.0.0/16'),
 IPv4Network('10.131.0.0/16'),
 IPv4Network('10.132.0.0/16'),
 IPv4Network('10.133.0.0/16'),
 IPv4Network('10.134.0.0/16'),
 IPv4Network('10.135.0.0/16'),
 IPv4Network('10.136.0.0/16'),
 IPv4Network('10.137.0.0/16'),
 IPv4Network('10.138.0.0/16'),
 IPv4Network('10.139.0.0/16'),
 IPv4Network('10.140.0.0/16'),
 IPv4Network('10.141.0.0/16'),
 IPv4Network('10.142.0.0/16'),
 IPv4Network('10.143.0.0/16'),
 IPv4Network('10.144.0.0/16'),
 IPv4Network('10.145.0.0/16'),
 IPv4Network('10.146.0.0/16'),
 IPv4Network('10.147.0.0/16'),
 IPv4Network('10.148.0.0/16'),
 IPv4Network('10.149.0.0/16'),
 IPv4Network('10.150.0.0/16'),
 IPv4Network('10.151.0.0/16'),
 IPv4Network('10.152.0.0/16'),
 IPv4Network('10.153.0.0/16'),
 IPv4Network('10.154.0.0/16'),
 IPv4Network('10.155.0.0/16'),
 IPv4Network('10.156.0.0/16'),
 IPv4Network('10.157.0.0/16'),
 IPv4Network('10.158.0.0/16'),
 IPv4Network('10.159.0.0/16'),
 IPv4Network('10.160.0.0/16'),
 IPv4Network('10.161.0.0/16'),
 IPv4Network('10.162.0.0/16'),
 IPv4Network('10.163.0.0/16'),
 IPv4Network('10.164.0.0/16'),
 IPv4Network('10.165.0.0/16'),
 IPv4Network('10.166.0.0/16'),
 IPv4Network('10.167.0.0/16'),
 IPv4Network('10.168.0.0/16'),
 IPv4Network('10.169.0.0/16'),
 IPv4Network('10.170.0.0/16'),
 IPv4Network('10.171.0.0/16'),
 IPv4Network('10.172.0.0/16'),
 IPv4Network('10.173.0.0/16'),
 IPv4Network('10.174.0.0/16'),
 IPv4Network('10.175.0.0/16'),
 IPv4Network('10.176.0.0/16'),
 IPv4Network('10.177.0.0/16'),
 IPv4Network('10.178.0.0/16'),
 IPv4Network('10.179.0.0/16'),
 IPv4Network('10.180.0.0/16'),
 IPv4Network('10.181.0.0/16'),
 IPv4Network('10.182.0.0/16'),
 IPv4Network('10.183.0.0/16'),
 IPv4Network('10.184.0.0/16'),
 IPv4Network('10.185.0.0/16'),
 IPv4Network('10.186.0.0/16'),
 IPv4Network('10.187.0.0/16'),
 IPv4Network('10.188.0.0/16'),
 IPv4Network('10.189.0.0/16'),
 IPv4Network('10.190.0.0/16'),
 IPv4Network('10.191.0.0/16'),
 IPv4Network('10.192.0.0/16'),
 IPv4Network('10.193.0.0/16'),
 IPv4Network('10.194.0.0/16'),
 IPv4Network('10.195.0.0/16'),
 IPv4Network('10.196.0.0/16'),
 IPv4Network('10.197.0.0/16'),
 IPv4Network('10.198.0.0/16'),
 IPv4Network('10.199.0.0/16'),
 IPv4Network('10.200.0.0/16'),
 IPv4Network('10.201.0.0/16'),
 IPv4Network('10.202.0.0/16'),
 IPv4Network('10.203.0.0/16'),
 IPv4Network('10.204.0.0/16'),
 IPv4Network('10.205.0.0/16'),
 IPv4Network('10.206.0.0/16'),
 IPv4Network('10.207.0.0/16'),
 IPv4Network('10.208.0.0/16'),
 IPv4Network('10.209.0.0/16'),
 IPv4Network('10.210.0.0/16'),
 IPv4Network('10.211.0.0/16'),
 IPv4Network('10.212.0.0/16'),
 IPv4Network('10.213.0.0/16'),
 IPv4Network('10.214.0.0/16'),
 IPv4Network('10.215.0.0/16'),
 IPv4Network('10.216.0.0/16'),
 IPv4Network('10.217.0.0/16'),
 IPv4Network('10.218.0.0/16'),
 IPv4Network('10.219.0.0/16'),
 IPv4Network('10.220.0.0/16'),
 IPv4Network('10.221.0.0/16'),
 IPv4Network('10.222.0.0/16'),
 IPv4Network('10.223.0.0/16')]
[IPv4Network('10.0.0.0/8'),
 IPv4Network('129.79.0.0/16'),
 IPv4Network('134.68.0.0/16'),
 IPv4Network('140.182.0.0/16'),
 IPv4Network('149.159.0.0/16'),
 IPv4Network('149.160.0.0/14'),
 IPv4Network('156.56.0.0/16'),
 IPv4Network('172.16.0.0/12'),
 IPv4Network('192.168.0.0/24'),
 IPv6Network('::/128'),
 IPv4Network('10.0.0.0/16'),
 IPv4Network('10.1.0.0/16'),
 IPv4Network('10.2.0.0/16'),
 IPv4Network('10.3.0.0/16'),
 IPv4Network('10.4.0.0/16'),
 IPv4Network('10.5.0.0/16'),
 IPv4Network('10.6.0.0/16'),
 IPv4Network('10.7.0.0/16'),
 IPv4Network('10.8.0.0/16'),
 IPv4Network('10.9.0.0/16'),
 IPv4Network('10.10.0.0/16'),
 IPv4Network('10.11.0.0/16'),
 IPv4Network('10.12.0.0/16'),
 IPv4Network('10.13.0.0/16'),
 IPv4Network('10.14.0.0/16'),
 IPv4Network('10.15.0.0/16'),
 IPv4Network('10.16.0.0/16'),
 IPv4Network('10.17.0.0/16'),
 IPv4Network('10.18.0.0/16'),
 IPv4Network('10.19.0.0/16'),
 IPv4Network('10.20.0.0/16'),
 IPv4Network('10.21.0.0/16'),
 IPv4Network('10.22.0.0/16'),
 IPv4Network('10.23.0.0/16'),
 IPv4Network('10.24.0.0/16'),
 IPv4Network('10.25.0.0/16'),
 IPv4Network('10.26.0.0/16'),
 IPv4Network('10.27.0.0/16'),
 IPv4Network('10.28.0.0/16'),
 IPv4Network('10.29.0.0/16'),
 IPv4Network('10.30.0.0/16'),
 IPv4Network('10.31.0.0/16'),
 IPv4Network('10.32.0.0/16'),
 IPv4Network('10.33.0.0/16'),
 IPv4Network('10.34.0.0/16'),
 IPv4Network('10.35.0.0/16'),
 IPv4Network('10.36.0.0/16'),
 IPv4Network('10.37.0.0/16'),
 IPv4Network('10.38.0.0/16'),
 IPv4Network('10.39.0.0/16'),
 IPv4Network('10.40.0.0/16'),
 IPv4Network('10.41.0.0/16'),
 IPv4Network('10.42.0.0/16'),
 IPv4Network('10.43.0.0/16'),
 IPv4Network('10.44.0.0/16'),
 IPv4Network('10.45.0.0/16'),
 IPv4Network('10.46.0.0/16'),
 IPv4Network('10.47.0.0/16'),
 IPv4Network('10.48.0.0/16'),
 IPv4Network('10.49.0.0/16'),
 IPv4Network('10.50.0.0/16'),
 IPv4Network('10.51.0.0/16'),
 IPv4Network('10.52.0.0/16'),
 IPv4Network('10.53.0.0/16'),
 IPv4Network('10.54.0.0/16'),
 IPv4Network('10.55.0.0/16'),
 IPv4Network('10.56.0.0/16'),
 IPv4Network('10.57.0.0/16'),
 IPv4Network('10.58.0.0/16'),
 IPv4Network('10.59.0.0/16'),
 IPv4Network('10.60.0.0/16'),
 IPv4Network('10.61.0.0/16'),
 IPv4Network('10.62.0.0/16'),
 IPv4Network('10.63.0.0/16'),
 IPv4Network('10.64.0.0/16'),
 IPv4Network('10.65.0.0/16'),
 IPv4Network('10.66.0.0/16'),
 IPv4Network('10.67.0.0/16'),
 IPv4Network('10.68.0.0/16'),
 IPv4Network('10.69.0.0/16'),
 IPv4Network('10.70.0.0/16'),
 IPv4Network('10.71.0.0/16'),
 IPv4Network('10.72.0.0/16'),
 IPv4Network('10.73.0.0/16'),
 IPv4Network('10.74.0.0/16'),
 IPv4Network('10.75.0.0/16'),
 IPv4Network('10.76.0.0/16'),
 IPv4Network('10.77.0.0/16'),
 IPv4Network('10.78.0.0/16'),
 IPv4Network('10.79.0.0/16'),
 IPv4Network('10.80.0.0/16'),
 IPv4Network('10.81.0.0/16'),
 IPv4Network('10.82.0.0/16'),
 IPv4Network('10.83.0.0/16'),
 IPv4Network('10.84.0.0/16'),
 IPv4Network('10.85.0.0/16'),
 IPv4Network('10.86.0.0/16'),
 IPv4Network('10.87.0.0/16'),
 IPv4Network('10.88.0.0/16'),
 IPv4Network('10.89.0.0/16'),
 IPv4Network('10.90.0.0/16'),
 IPv4Network('10.91.0.0/16'),
 IPv4Network('10.92.0.0/16'),
 IPv4Network('10.93.0.0/16'),
 IPv4Network('10.94.0.0/16'),
 IPv4Network('10.95.0.0/16'),
 IPv4Network('10.96.0.0/16'),
 IPv4Network('10.97.0.0/16'),
 IPv4Network('10.98.0.0/16'),
 IPv4Network('10.99.0.0/16'),
 IPv4Network('10.100.0.0/16'),
 IPv4Network('10.101.0.0/16'),
 IPv4Network('10.102.0.0/16'),
 IPv4Network('10.103.0.0/16'),
 IPv4Network('10.104.0.0/16'),
 IPv4Network('10.105.0.0/16'),
 IPv4Network('10.106.0.0/16'),
 IPv4Network('10.107.0.0/16'),
 IPv4Network('10.108.0.0/16'),
 IPv4Network('10.109.0.0/16'),
 IPv4Network('10.110.0.0/16'),
 IPv4Network('10.111.0.0/16'),
 IPv4Network('10.112.0.0/16'),
 IPv4Network('10.113.0.0/16'),
 IPv4Network('10.114.0.0/16'),
 IPv4Network('10.115.0.0/16'),
 IPv4Network('10.116.0.0/16'),
 IPv4Network('10.117.0.0/16'),
 IPv4Network('10.118.0.0/16'),
 IPv4Network('10.119.0.0/16'),
 IPv4Network('10.120.0.0/16'),
 IPv4Network('10.121.0.0/16'),
 IPv4Network('10.122.0.0/16'),
 IPv4Network('10.123.0.0/16'),
 IPv4Network('10.124.0.0/16'),
 IPv4Network('10.125.0.0/16'),
 IPv4Network('10.126.0.0/16'),
 IPv4Network('10.127.0.0/16'),
 IPv4Network('10.128.0.0/16'),
 IPv4Network('10.129.0.0/16'),
 IPv4Network('10.130.0.0/16'),
 IPv4Network('10.131.0.0/16'),
 IPv4Network('10.132.0.0/16'),
 IPv4Network('10.133.0.0/16'),
 IPv4Network('10.134.0.0/16'),
 IPv4Network('10.135.0.0/16'),
 IPv4Network('10.136.0.0/16'),
 IPv4Network('10.137.0.0/16'),
 IPv4Network('10.138.0.0/16'),
 IPv4Network('10.139.0.0/16'),
 IPv4Network('10.140.0.0/16'),
 IPv4Network('10.141.0.0/16'),
 IPv4Network('10.142.0.0/16'),
 IPv4Network('10.143.0.0/16'),
 IPv4Network('10.144.0.0/16'),
 IPv4Network('10.145.0.0/16'),
 IPv4Network('10.146.0.0/16'),
 IPv4Network('10.147.0.0/16'),
 IPv4Network('10.148.0.0/16'),
 IPv4Network('10.149.0.0/16'),
 IPv4Network('10.150.0.0/16'),
 IPv4Network('10.151.0.0/16'),
 IPv4Network('10.152.0.0/16'),
 IPv4Network('10.153.0.0/16'),
 IPv4Network('10.154.0.0/16'),
 IPv4Network('10.155.0.0/16'),
 IPv4Network('10.156.0.0/16'),
 IPv4Network('10.157.0.0/16'),
 IPv4Network('10.158.0.0/16'),
 IPv4Network('10.159.0.0/16'),
 IPv4Network('10.160.0.0/16'),
 IPv4Network('10.161.0.0/16'),
 IPv4Network('10.162.0.0/16'),
 IPv4Network('10.163.0.0/16'),
 IPv4Network('10.164.0.0/16'),
 IPv4Network('10.165.0.0/16'),
 IPv4Network('10.166.0.0/16'),
 IPv4Network('10.167.0.0/16'),
 IPv4Network('10.168.0.0/16'),
 IPv4Network('10.169.0.0/16'),
 IPv4Network('10.170.0.0/16'),
 IPv4Network('10.171.0.0/16'),
 IPv4Network('10.172.0.0/16'),
 IPv4Network('10.173.0.0/16'),
 IPv4Network('10.174.0.0/16'),
 IPv4Network('10.175.0.0/16'),
 IPv4Network('10.176.0.0/16'),
 IPv4Network('10.177.0.0/16'),
 IPv4Network('10.178.0.0/16'),
 IPv4Network('10.179.0.0/16'),
 IPv4Network('10.180.0.0/16'),
 IPv4Network('10.181.0.0/16'),
 IPv4Network('10.182.0.0/16'),
 IPv4Network('10.183.0.0/16'),
 IPv4Network('10.184.0.0/16'),
 IPv4Network('10.185.0.0/16'),
 IPv4Network('10.186.0.0/16'),
 IPv4Network('10.187.0.0/16'),
 IPv4Network('10.188.0.0/16'),
 IPv4Network('10.189.0.0/16'),
 IPv4Network('10.190.0.0/16'),
 IPv4Network('10.191.0.0/16'),
 IPv4Network('10.192.0.0/16'),
 IPv4Network('10.193.0.0/16'),
 IPv4Network('10.194.0.0/16'),
 IPv4Network('10.195.0.0/16'),
 IPv4Network('10.196.0.0/16'),
 IPv4Network('10.197.0.0/16'),
 IPv4Network('10.198.0.0/16'),
 IPv4Network('10.199.0.0/16'),
 IPv4Network('10.200.0.0/16'),
 IPv4Network('10.201.0.0/16'),
 IPv4Network('10.202.0.0/16'),
 IPv4Network('10.203.0.0/16'),
 IPv4Network('10.204.0.0/16'),
 IPv4Network('10.205.0.0/16'),
 IPv4Network('10.206.0.0/16'),
 IPv4Network('10.207.0.0/16'),
 IPv4Network('10.208.0.0/16'),
 IPv4Network('10.209.0.0/16'),
 IPv4Network('10.210.0.0/16'),
 IPv4Network('10.211.0.0/16'),
 IPv4Network('10.212.0.0/16'),
 IPv4Network('10.213.0.0/16'),
 IPv4Network('10.214.0.0/16'),
 IPv4Network('10.215.0.0/16'),
 IPv4Network('10.216.0.0/16'),
 IPv4Network('10.217.0.0/16'),
 IPv4Network('10.218.0.0/16'),
 IPv4Network('10.219.0.0/16'),
 IPv4Network('10.220.0.0/16'),
 IPv4Network('10.221.0.0/16'),
 IPv4Network('10.222.0.0/16'),
 IPv4Network('10.223.0.0/16')]
[IPv4Network('10.0.0.0/8'),
 IPv4Network('129.79.0.0/16'),
 IPv4Network('134.68.0.0/16'),
 IPv4Network('140.182.0.0/16'),
 IPv4Network('149.159.0.0/16'),
 IPv4Network('149.160.0.0/14'),
 IPv4Network('156.56.0.0/16'),
 IPv4Network('172.16.0.0/12'),
 IPv4Network('192.168.0.0/24'),
 IPv6Network('::/128'),
 IPv4Network('10.0.0.0/16'),
 IPv4Network('10.1.0.0/16'),
 IPv4Network('10.2.0.0/16'),
 IPv4Network('10.3.0.0/16'),
 IPv4Network('10.4.0.0/16'),
 IPv4Network('10.5.0.0/16'),
 IPv4Network('10.6.0.0/16'),
 IPv4Network('10.7.0.0/16'),
 IPv4Network('10.8.0.0/16'),
 IPv4Network('10.9.0.0/16'),
 IPv4Network('10.10.0.0/16'),
 IPv4Network('10.11.0.0/16'),
 IPv4Network('10.12.0.0/16'),
 IPv4Network('10.13.0.0/16'),
 IPv4Network('10.14.0.0/16'),
 IPv4Network('10.15.0.0/16'),
 IPv4Network('10.16.0.0/16'),
 IPv4Network('10.17.0.0/16'),
 IPv4Network('10.18.0.0/16'),
 IPv4Network('10.19.0.0/16'),
 IPv4Network('10.20.0.0/16'),
 IPv4Network('10.21.0.0/16'),
 IPv4Network('10.22.0.0/16'),
 IPv4Network('10.23.0.0/16'),
 IPv4Network('10.24.0.0/16'),
 IPv4Network('10.25.0.0/16'),
 IPv4Network('10.26.0.0/16'),
 IPv4Network('10.27.0.0/16'),
 IPv4Network('10.28.0.0/16'),
 IPv4Network('10.29.0.0/16'),
 IPv4Network('10.30.0.0/16'),
 IPv4Network('10.31.0.0/16'),
 IPv4Network('10.32.0.0/16'),
 IPv4Network('10.33.0.0/16'),
 IPv4Network('10.34.0.0/16'),
 IPv4Network('10.35.0.0/16'),
 IPv4Network('10.36.0.0/16'),
 IPv4Network('10.37.0.0/16'),
 IPv4Network('10.38.0.0/16'),
 IPv4Network('10.39.0.0/16'),
 IPv4Network('10.40.0.0/16'),
 IPv4Network('10.41.0.0/16'),
 IPv4Network('10.42.0.0/16'),
 IPv4Network('10.43.0.0/16'),
 IPv4Network('10.44.0.0/16'),
 IPv4Network('10.45.0.0/16'),
 IPv4Network('10.46.0.0/16'),
 IPv4Network('10.47.0.0/16'),
 IPv4Network('10.48.0.0/16'),
 IPv4Network('10.49.0.0/16'),
 IPv4Network('10.50.0.0/16'),
 IPv4Network('10.51.0.0/16'),
 IPv4Network('10.52.0.0/16'),
 IPv4Network('10.53.0.0/16'),
 IPv4Network('10.54.0.0/16'),
 IPv4Network('10.55.0.0/16'),
 IPv4Network('10.56.0.0/16'),
 IPv4Network('10.57.0.0/16'),
 IPv4Network('10.58.0.0/16'),
 IPv4Network('10.59.0.0/16'),
 IPv4Network('10.60.0.0/16'),
 IPv4Network('10.61.0.0/16'),
 IPv4Network('10.62.0.0/16'),
 IPv4Network('10.63.0.0/16'),
 IPv4Network('10.64.0.0/16'),
 IPv4Network('10.65.0.0/16'),
 IPv4Network('10.66.0.0/16'),
 IPv4Network('10.67.0.0/16'),
 IPv4Network('10.68.0.0/16'),
 IPv4Network('10.69.0.0/16'),
 IPv4Network('10.70.0.0/16'),
 IPv4Network('10.71.0.0/16'),
 IPv4Network('10.72.0.0/16'),
 IPv4Network('10.73.0.0/16'),
 IPv4Network('10.74.0.0/16'),
 IPv4Network('10.75.0.0/16'),
 IPv4Network('10.76.0.0/16'),
 IPv4Network('10.77.0.0/16'),
 IPv4Network('10.78.0.0/16'),
 IPv4Network('10.79.0.0/16'),
 IPv4Network('10.80.0.0/16'),
 IPv4Network('10.81.0.0/16'),
 IPv4Network('10.82.0.0/16'),
 IPv4Network('10.83.0.0/16'),
 IPv4Network('10.84.0.0/16'),
 IPv4Network('10.85.0.0/16'),
 IPv4Network('10.86.0.0/16'),
 IPv4Network('10.87.0.0/16'),
 IPv4Network('10.88.0.0/16'),
 IPv4Network('10.89.0.0/16'),
 IPv4Network('10.90.0.0/16'),
 IPv4Network('10.91.0.0/16'),
 IPv4Network('10.92.0.0/16'),
 IPv4Network('10.93.0.0/16'),
 IPv4Network('10.94.0.0/16'),
 IPv4Network('10.95.0.0/16'),
 IPv4Network('10.96.0.0/16'),
 IPv4Network('10.97.0.0/16'),
 IPv4Network('10.98.0.0/16'),
 IPv4Network('10.99.0.0/16'),
 IPv4Network('10.100.0.0/16'),
 IPv4Network('10.101.0.0/16'),
 IPv4Network('10.102.0.0/16'),
 IPv4Network('10.103.0.0/16'),
 IPv4Network('10.104.0.0/16'),
 IPv4Network('10.105.0.0/16'),
 IPv4Network('10.106.0.0/16'),
 IPv4Network('10.107.0.0/16'),
 IPv4Network('10.108.0.0/16'),
 IPv4Network('10.109.0.0/16'),
 IPv4Network('10.110.0.0/16'),
 IPv4Network('10.111.0.0/16'),
 IPv4Network('10.112.0.0/16'),
 IPv4Network('10.113.0.0/16'),
 IPv4Network('10.114.0.0/16'),
 IPv4Network('10.115.0.0/16'),
 IPv4Network('10.116.0.0/16'),
 IPv4Network('10.117.0.0/16'),
 IPv4Network('10.118.0.0/16'),
 IPv4Network('10.119.0.0/16'),
 IPv4Network('10.120.0.0/16'),
 IPv4Network('10.121.0.0/16'),
 IPv4Network('10.122.0.0/16'),
 IPv4Network('10.123.0.0/16'),
 IPv4Network('10.124.0.0/16'),
 IPv4Network('10.125.0.0/16'),
 IPv4Network('10.126.0.0/16'),
 IPv4Network('10.127.0.0/16'),
 IPv4Network('10.128.0.0/16'),
 IPv4Network('10.129.0.0/16'),
 IPv4Network('10.130.0.0/16'),
 IPv4Network('10.131.0.0/16'),
 IPv4Network('10.132.0.0/16'),
 IPv4Network('10.133.0.0/16'),
 IPv4Network('10.134.0.0/16'),
 IPv4Network('10.135.0.0/16'),
 IPv4Network('10.136.0.0/16'),
 IPv4Network('10.137.0.0/16'),
 IPv4Network('10.138.0.0/16'),
 IPv4Network('10.139.0.0/16'),
 IPv4Network('10.140.0.0/16'),
 IPv4Network('10.141.0.0/16'),
 IPv4Network('10.142.0.0/16'),
 IPv4Network('10.143.0.0/16'),
 IPv4Network('10.144.0.0/16'),
 IPv4Network('10.145.0.0/16'),
 IPv4Network('10.146.0.0/16'),
 IPv4Network('10.147.0.0/16'),
 IPv4Network('10.148.0.0/16'),
 IPv4Network('10.149.0.0/16'),
 IPv4Network('10.150.0.0/16'),
 IPv4Network('10.151.0.0/16'),
 IPv4Network('10.152.0.0/16'),
 IPv4Network('10.153.0.0/16'),
 IPv4Network('10.154.0.0/16'),
 IPv4Network('10.155.0.0/16'),
 IPv4Network('10.156.0.0/16'),
 IPv4Network('10.157.0.0/16'),
 IPv4Network('10.158.0.0/16'),
 IPv4Network('10.159.0.0/16'),
 IPv4Network('10.160.0.0/16'),
 IPv4Network('10.161.0.0/16'),
 IPv4Network('10.162.0.0/16'),
 IPv4Network('10.163.0.0/16'),
 IPv4Network('10.164.0.0/16'),
 IPv4Network('10.165.0.0/16'),
 IPv4Network('10.166.0.0/16'),
 IPv4Network('10.167.0.0/16'),
 IPv4Network('10.168.0.0/16'),
 IPv4Network('10.169.0.0/16'),
 IPv4Network('10.170.0.0/16'),
 IPv4Network('10.171.0.0/16'),
 IPv4Network('10.172.0.0/16'),
 IPv4Network('10.173.0.0/16'),
 IPv4Network('10.174.0.0/16'),
 IPv4Network('10.175.0.0/16'),
 IPv4Network('10.176.0.0/16'),
 IPv4Network('10.177.0.0/16'),
 IPv4Network('10.178.0.0/16'),
 IPv4Network('10.179.0.0/16'),
 IPv4Network('10.180.0.0/16'),
 IPv4Network('10.181.0.0/16'),
 IPv4Network('10.182.0.0/16'),
 IPv4Network('10.183.0.0/16'),
 IPv4Network('10.184.0.0/16'),
 IPv4Network('10.185.0.0/16'),
 IPv4Network('10.186.0.0/16'),
 IPv4Network('10.187.0.0/16'),
 IPv4Network('10.188.0.0/16'),
 IPv4Network('10.189.0.0/16'),
 IPv4Network('10.190.0.0/16'),
 IPv4Network('10.191.0.0/16'),
 IPv4Network('10.192.0.0/16'),
 IPv4Network('10.193.0.0/16'),
 IPv4Network('10.194.0.0/16'),
 IPv4Network('10.195.0.0/16'),
 IPv4Network('10.196.0.0/16'),
 IPv4Network('10.197.0.0/16'),
 IPv4Network('10.198.0.0/16'),
 IPv4Network('10.199.0.0/16'),
 IPv4Network('10.200.0.0/16'),
 IPv4Network('10.201.0.0/16'),
 IPv4Network('10.202.0.0/16'),
 IPv4Network('10.203.0.0/16'),
 IPv4Network('10.204.0.0/16'),
 IPv4Network('10.205.0.0/16'),
 IPv4Network('10.206.0.0/16'),
 IPv4Network('10.207.0.0/16'),
 IPv4Network('10.208.0.0/16'),
 IPv4Network('10.209.0.0/16'),
 IPv4Network('10.210.0.0/16'),
 IPv4Network('10.211.0.0/16'),
 IPv4Network('10.212.0.0/16'),
 IPv4Network('10.213.0.0/16'),
 IPv4Network('10.214.0.0/16'),
 IPv4Network('10.215.0.0/16'),
 IPv4Network('10.216.0.0/16'),
 IPv4Network('10.217.0.0/16'),
 IPv4Network('10.218.0.0/16'),
 IPv4Network('10.219.0.0/16'),
 IPv4Network('10.220.0.0/16'),
 IPv4Network('10.221.0.0/16'),
 IPv4Network('10.222.0.0/16'),
 IPv4Network('10.223.0.0/16')]
[IPv4Network('10.0.0.0/8'),
 IPv4Network('129.79.0.0/16'),
 IPv4Network('134.68.0.0/16'),
 IPv4Network('140.182.0.0/16'),
 IPv4Network('149.159.0.0/16'),
 IPv4Network('149.160.0.0/14'),
 IPv4Network('156.56.0.0/16'),
 IPv4Network('172.16.0.0/12'),
 IPv4Network('192.168.0.0/24'),
 IPv6Network('::/128'),
 IPv4Network('10.0.0.0/16'),
 IPv4Network('10.1.0.0/16'),
 IPv4Network('10.2.0.0/16'),
 IPv4Network('10.3.0.0/16'),
 IPv4Network('10.4.0.0/16'),
 IPv4Network('10.5.0.0/16'),
 IPv4Network('10.6.0.0/16'),
 IPv4Network('10.7.0.0/16'),
 IPv4Network('10.8.0.0/16'),
 IPv4Network('10.9.0.0/16'),
 IPv4Network('10.10.0.0/16'),
 IPv4Network('10.11.0.0/16'),
 IPv4Network('10.12.0.0/16'),
 IPv4Network('10.13.0.0/16'),
 IPv4Network('10.14.0.0/16'),
 IPv4Network('10.15.0.0/16'),
 IPv4Network('10.16.0.0/16'),
 IPv4Network('10.17.0.0/16'),
 IPv4Network('10.18.0.0/16'),
 IPv4Network('10.19.0.0/16'),
 IPv4Network('10.20.0.0/16'),
 IPv4Network('10.21.0.0/16'),
 IPv4Network('10.22.0.0/16'),
 IPv4Network('10.23.0.0/16'),
 IPv4Network('10.24.0.0/16'),
 IPv4Network('10.25.0.0/16'),
 IPv4Network('10.26.0.0/16'),
 IPv4Network('10.27.0.0/16'),
 IPv4Network('10.28.0.0/16'),
 IPv4Network('10.29.0.0/16'),
 IPv4Network('10.30.0.0/16'),
 IPv4Network('10.31.0.0/16'),
 IPv4Network('10.32.0.0/16'),
 IPv4Network('10.33.0.0/16'),
 IPv4Network('10.34.0.0/16'),
 IPv4Network('10.35.0.0/16'),
 IPv4Network('10.36.0.0/16'),
 IPv4Network('10.37.0.0/16'),
 IPv4Network('10.38.0.0/16'),
 IPv4Network('10.39.0.0/16'),
 IPv4Network('10.40.0.0/16'),
 IPv4Network('10.41.0.0/16'),
 IPv4Network('10.42.0.0/16'),
 IPv4Network('10.43.0.0/16'),
 IPv4Network('10.44.0.0/16'),
 IPv4Network('10.45.0.0/16'),
 IPv4Network('10.46.0.0/16'),
 IPv4Network('10.47.0.0/16'),
 IPv4Network('10.48.0.0/16'),
 IPv4Network('10.49.0.0/16'),
 IPv4Network('10.50.0.0/16'),
 IPv4Network('10.51.0.0/16'),
 IPv4Network('10.52.0.0/16'),
 IPv4Network('10.53.0.0/16'),
 IPv4Network('10.54.0.0/16'),
 IPv4Network('10.55.0.0/16'),
 IPv4Network('10.56.0.0/16'),
 IPv4Network('10.57.0.0/16'),
 IPv4Network('10.58.0.0/16'),
 IPv4Network('10.59.0.0/16'),
 IPv4Network('10.60.0.0/16'),
 IPv4Network('10.61.0.0/16'),
 IPv4Network('10.62.0.0/16'),
 IPv4Network('10.63.0.0/16'),
 IPv4Network('10.64.0.0/16'),
 IPv4Network('10.65.0.0/16'),
 IPv4Network('10.66.0.0/16'),
 IPv4Network('10.67.0.0/16'),
 IPv4Network('10.68.0.0/16'),
 IPv4Network('10.69.0.0/16'),
 IPv4Network('10.70.0.0/16'),
 IPv4Network('10.71.0.0/16'),
 IPv4Network('10.72.0.0/16'),
 IPv4Network('10.73.0.0/16'),
 IPv4Network('10.74.0.0/16'),
 IPv4Network('10.75.0.0/16'),
 IPv4Network('10.76.0.0/16'),
 IPv4Network('10.77.0.0/16'),
 IPv4Network('10.78.0.0/16'),
 IPv4Network('10.79.0.0/16'),
 IPv4Network('10.80.0.0/16'),
 IPv4Network('10.81.0.0/16'),
 IPv4Network('10.82.0.0/16'),
 IPv4Network('10.83.0.0/16'),
 IPv4Network('10.84.0.0/16'),
 IPv4Network('10.85.0.0/16'),
 IPv4Network('10.86.0.0/16'),
 IPv4Network('10.87.0.0/16'),
 IPv4Network('10.88.0.0/16'),
 IPv4Network('10.89.0.0/16'),
 IPv4Network('10.90.0.0/16'),
 IPv4Network('10.91.0.0/16'),
 IPv4Network('10.92.0.0/16'),
 IPv4Network('10.93.0.0/16'),
 IPv4Network('10.94.0.0/16'),
 IPv4Network('10.95.0.0/16'),
 IPv4Network('10.96.0.0/16'),
 IPv4Network('10.97.0.0/16'),
 IPv4Network('10.98.0.0/16'),
 IPv4Network('10.99.0.0/16'),
 IPv4Network('10.100.0.0/16'),
 IPv4Network('10.101.0.0/16'),
 IPv4Network('10.102.0.0/16'),
 IPv4Network('10.103.0.0/16'),
 IPv4Network('10.104.0.0/16'),
 IPv4Network('10.105.0.0/16'),
 IPv4Network('10.106.0.0/16'),
 IPv4Network('10.107.0.0/16'),
 IPv4Network('10.108.0.0/16'),
 IPv4Network('10.109.0.0/16'),
 IPv4Network('10.110.0.0/16'),
 IPv4Network('10.111.0.0/16'),
 IPv4Network('10.112.0.0/16'),
 IPv4Network('10.113.0.0/16'),
 IPv4Network('10.114.0.0/16'),
 IPv4Network('10.115.0.0/16'),
 IPv4Network('10.116.0.0/16'),
 IPv4Network('10.117.0.0/16'),
 IPv4Network('10.118.0.0/16'),
 IPv4Network('10.119.0.0/16'),
 IPv4Network('10.120.0.0/16'),
 IPv4Network('10.121.0.0/16'),
 IPv4Network('10.122.0.0/16'),
 IPv4Network('10.123.0.0/16'),
 IPv4Network('10.124.0.0/16'),
 IPv4Network('10.125.0.0/16'),
 IPv4Network('10.126.0.0/16'),
 IPv4Network('10.127.0.0/16'),
 IPv4Network('10.128.0.0/16'),
 IPv4Network('10.129.0.0/16'),
 IPv4Network('10.130.0.0/16'),
 IPv4Network('10.131.0.0/16'),
 IPv4Network('10.132.0.0/16'),
 IPv4Network('10.133.0.0/16'),
 IPv4Network('10.134.0.0/16'),
 IPv4Network('10.135.0.0/16'),
 IPv4Network('10.136.0.0/16'),
 IPv4Network('10.137.0.0/16'),
 IPv4Network('10.138.0.0/16'),
 IPv4Network('10.139.0.0/16'),
 IPv4Network('10.140.0.0/16'),
 IPv4Network('10.141.0.0/16'),
 IPv4Network('10.142.0.0/16'),
 IPv4Network('10.143.0.0/16'),
 IPv4Network('10.144.0.0/16'),
 IPv4Network('10.145.0.0/16'),
 IPv4Network('10.146.0.0/16'),
 IPv4Network('10.147.0.0/16'),
 IPv4Network('10.148.0.0/16'),
 IPv4Network('10.149.0.0/16'),
 IPv4Network('10.150.0.0/16'),
 IPv4Network('10.151.0.0/16'),
 IPv4Network('10.152.0.0/16'),
 IPv4Network('10.153.0.0/16'),
 IPv4Network('10.154.0.0/16'),
 IPv4Network('10.155.0.0/16'),
 IPv4Network('10.156.0.0/16'),
 IPv4Network('10.157.0.0/16'),
 IPv4Network('10.158.0.0/16'),
 IPv4Network('10.159.0.0/16'),
 IPv4Network('10.160.0.0/16'),
 IPv4Network('10.161.0.0/16'),
 IPv4Network('10.162.0.0/16'),
 IPv4Network('10.163.0.0/16'),
 IPv4Network('10.164.0.0/16'),
 IPv4Network('10.165.0.0/16'),
 IPv4Network('10.166.0.0/16'),
 IPv4Network('10.167.0.0/16'),
 IPv4Network('10.168.0.0/16'),
 IPv4Network('10.169.0.0/16'),
 IPv4Network('10.170.0.0/16'),
 IPv4Network('10.171.0.0/16'),
 IPv4Network('10.172.0.0/16'),
 IPv4Network('10.173.0.0/16'),
 IPv4Network('10.174.0.0/16'),
 IPv4Network('10.175.0.0/16'),
 IPv4Network('10.176.0.0/16'),
 IPv4Network('10.177.0.0/16'),
 IPv4Network('10.178.0.0/16'),
 IPv4Network('10.179.0.0/16'),
 IPv4Network('10.180.0.0/16'),
 IPv4Network('10.181.0.0/16'),
 IPv4Network('10.182.0.0/16'),
 IPv4Network('10.183.0.0/16'),
 IPv4Network('10.184.0.0/16'),
 IPv4Network('10.185.0.0/16'),
 IPv4Network('10.186.0.0/16'),
 IPv4Network('10.187.0.0/16'),
 IPv4Network('10.188.0.0/16'),
 IPv4Network('10.189.0.0/16'),
 IPv4Network('10.190.0.0/16'),
 IPv4Network('10.191.0.0/16'),
 IPv4Network('10.192.0.0/16'),
 IPv4Network('10.193.0.0/16'),
 IPv4Network('10.194.0.0/16'),
 IPv4Network('10.195.0.0/16'),
 IPv4Network('10.196.0.0/16'),
 IPv4Network('10.197.0.0/16'),
 IPv4Network('10.198.0.0/16'),
 IPv4Network('10.199.0.0/16'),
 IPv4Network('10.200.0.0/16'),
 IPv4Network('10.201.0.0/16'),
 IPv4Network('10.202.0.0/16'),
 IPv4Network('10.203.0.0/16'),
 IPv4Network('10.204.0.0/16'),
 IPv4Network('10.205.0.0/16'),
 IPv4Network('10.206.0.0/16'),
 IPv4Network('10.207.0.0/16'),
 IPv4Network('10.208.0.0/16'),
 IPv4Network('10.209.0.0/16'),
 IPv4Network('10.210.0.0/16'),
 IPv4Network('10.211.0.0/16'),
 IPv4Network('10.212.0.0/16'),
 IPv4Network('10.213.0.0/16'),
 IPv4Network('10.214.0.0/16'),
 IPv4Network('10.215.0.0/16'),
 IPv4Network('10.216.0.0/16'),
 IPv4Network('10.217.0.0/16'),
 IPv4Network('10.218.0.0/16'),
 IPv4Network('10.219.0.0/16'),
 IPv4Network('10.220.0.0/16'),
 IPv4Network('10.221.0.0/16'),
 IPv4Network('10.222.0.0/16'),
 IPv4Network('10.223.0.0/16'),
 IPv4Network('10.224.0.0/16'),
 IPv4Network('10.225.0.0/16')]
[IPv4Network('10.0.0.0/8'),
 IPv4Network('129.79.0.0/16'),
 IPv4Network('134.68.0.0/16'),
 IPv4Network('140.182.0.0/16'),
 IPv4Network('149.159.0.0/16'),
 IPv4Network('149.160.0.0/14'),
 IPv4Network('156.56.0.0/16'),
 IPv4Network('172.16.0.0/12'),
 IPv4Network('192.168.0.0/24'),
 IPv6Network('::/128'),
 IPv4Network('10.0.0.0/16'),
 IPv4Network('10.1.0.0/16'),
 IPv4Network('10.2.0.0/16'),
 IPv4Network('10.3.0.0/16'),
 IPv4Network('10.4.0.0/16'),
 IPv4Network('10.5.0.0/16'),
 IPv4Network('10.6.0.0/16'),
 IPv4Network('10.7.0.0/16'),
 IPv4Network('10.8.0.0/16'),
 IPv4Network('10.9.0.0/16'),
 IPv4Network('10.10.0.0/16'),
 IPv4Network('10.11.0.0/16'),
 IPv4Network('10.12.0.0/16'),
 IPv4Network('10.13.0.0/16'),
 IPv4Network('10.14.0.0/16'),
 IPv4Network('10.15.0.0/16'),
 IPv4Network('10.16.0.0/16'),
 IPv4Network('10.17.0.0/16'),
 IPv4Network('10.18.0.0/16'),
 IPv4Network('10.19.0.0/16'),
 IPv4Network('10.20.0.0/16'),
 IPv4Network('10.21.0.0/16'),
 IPv4Network('10.22.0.0/16'),
 IPv4Network('10.23.0.0/16'),
 IPv4Network('10.24.0.0/16'),
 IPv4Network('10.25.0.0/16'),
 IPv4Network('10.26.0.0/16'),
 IPv4Network('10.27.0.0/16'),
 IPv4Network('10.28.0.0/16'),
 IPv4Network('10.29.0.0/16'),
 IPv4Network('10.30.0.0/16'),
 IPv4Network('10.31.0.0/16'),
 IPv4Network('10.32.0.0/16'),
 IPv4Network('10.33.0.0/16'),
 IPv4Network('10.34.0.0/16'),
 IPv4Network('10.35.0.0/16'),
 IPv4Network('10.36.0.0/16'),
 IPv4Network('10.37.0.0/16'),
 IPv4Network('10.38.0.0/16'),
 IPv4Network('10.39.0.0/16'),
 IPv4Network('10.40.0.0/16'),
 IPv4Network('10.41.0.0/16'),
 IPv4Network('10.42.0.0/16'),
 IPv4Network('10.43.0.0/16'),
 IPv4Network('10.44.0.0/16'),
 IPv4Network('10.45.0.0/16'),
 IPv4Network('10.46.0.0/16'),
 IPv4Network('10.47.0.0/16'),
 IPv4Network('10.48.0.0/16'),
 IPv4Network('10.49.0.0/16'),
 IPv4Network('10.50.0.0/16'),
 IPv4Network('10.51.0.0/16'),
 IPv4Network('10.52.0.0/16'),
 IPv4Network('10.53.0.0/16'),
 IPv4Network('10.54.0.0/16'),
 IPv4Network('10.55.0.0/16'),
 IPv4Network('10.56.0.0/16'),
 IPv4Network('10.57.0.0/16'),
 IPv4Network('10.58.0.0/16'),
 IPv4Network('10.59.0.0/16'),
 IPv4Network('10.60.0.0/16'),
 IPv4Network('10.61.0.0/16'),
 IPv4Network('10.62.0.0/16'),
 IPv4Network('10.63.0.0/16'),
 IPv4Network('10.64.0.0/16'),
 IPv4Network('10.65.0.0/16'),
 IPv4Network('10.66.0.0/16'),
 IPv4Network('10.67.0.0/16'),
 IPv4Network('10.68.0.0/16'),
 IPv4Network('10.69.0.0/16'),
 IPv4Network('10.70.0.0/16'),
 IPv4Network('10.71.0.0/16'),
 IPv4Network('10.72.0.0/16'),
 IPv4Network('10.73.0.0/16'),
 IPv4Network('10.74.0.0/16'),
 IPv4Network('10.75.0.0/16'),
 IPv4Network('10.76.0.0/16'),
 IPv4Network('10.77.0.0/16'),
 IPv4Network('10.78.0.0/16'),
 IPv4Network('10.79.0.0/16'),
 IPv4Network('10.80.0.0/16'),
 IPv4Network('10.81.0.0/16'),
 IPv4Network('10.82.0.0/16'),
 IPv4Network('10.83.0.0/16'),
 IPv4Network('10.84.0.0/16'),
 IPv4Network('10.85.0.0/16'),
 IPv4Network('10.86.0.0/16'),
 IPv4Network('10.87.0.0/16'),
 IPv4Network('10.88.0.0/16'),
 IPv4Network('10.89.0.0/16'),
 IPv4Network('10.90.0.0/16'),
 IPv4Network('10.91.0.0/16'),
 IPv4Network('10.92.0.0/16'),
 IPv4Network('10.93.0.0/16'),
 IPv4Network('10.94.0.0/16'),
 IPv4Network('10.95.0.0/16'),
 IPv4Network('10.96.0.0/16'),
 IPv4Network('10.97.0.0/16'),
 IPv4Network('10.98.0.0/16'),
 IPv4Network('10.99.0.0/16'),
 IPv4Network('10.100.0.0/16'),
 IPv4Network('10.101.0.0/16'),
 IPv4Network('10.102.0.0/16'),
 IPv4Network('10.103.0.0/16'),
 IPv4Network('10.104.0.0/16'),
 IPv4Network('10.105.0.0/16'),
 IPv4Network('10.106.0.0/16'),
 IPv4Network('10.107.0.0/16'),
 IPv4Network('10.108.0.0/16'),
 IPv4Network('10.109.0.0/16'),
 IPv4Network('10.110.0.0/16'),
 IPv4Network('10.111.0.0/16'),
 IPv4Network('10.112.0.0/16'),
 IPv4Network('10.113.0.0/16'),
 IPv4Network('10.114.0.0/16'),
 IPv4Network('10.115.0.0/16'),
 IPv4Network('10.116.0.0/16'),
 IPv4Network('10.117.0.0/16'),
 IPv4Network('10.118.0.0/16'),
 IPv4Network('10.119.0.0/16'),
 IPv4Network('10.120.0.0/16'),
 IPv4Network('10.121.0.0/16'),
 IPv4Network('10.122.0.0/16'),
 IPv4Network('10.123.0.0/16'),
 IPv4Network('10.124.0.0/16'),
 IPv4Network('10.125.0.0/16'),
 IPv4Network('10.126.0.0/16'),
 IPv4Network('10.127.0.0/16'),
 IPv4Network('10.128.0.0/16'),
 IPv4Network('10.129.0.0/16'),
 IPv4Network('10.130.0.0/16'),
 IPv4Network('10.131.0.0/16'),
 IPv4Network('10.132.0.0/16'),
 IPv4Network('10.133.0.0/16'),
 IPv4Network('10.134.0.0/16'),
 IPv4Network('10.135.0.0/16'),
 IPv4Network('10.136.0.0/16'),
 IPv4Network('10.137.0.0/16'),
 IPv4Network('10.138.0.0/16'),
 IPv4Network('10.139.0.0/16'),
 IPv4Network('10.140.0.0/16'),
 IPv4Network('10.141.0.0/16'),
 IPv4Network('10.142.0.0/16'),
 IPv4Network('10.143.0.0/16'),
 IPv4Network('10.144.0.0/16'),
 IPv4Network('10.145.0.0/16'),
 IPv4Network('10.146.0.0/16'),
 IPv4Network('10.147.0.0/16'),
 IPv4Network('10.148.0.0/16'),
 IPv4Network('10.149.0.0/16'),
 IPv4Network('10.150.0.0/16'),
 IPv4Network('10.151.0.0/16'),
 IPv4Network('10.152.0.0/16'),
 IPv4Network('10.153.0.0/16'),
 IPv4Network('10.154.0.0/16'),
 IPv4Network('10.155.0.0/16'),
 IPv4Network('10.156.0.0/16'),
 IPv4Network('10.157.0.0/16'),
 IPv4Network('10.158.0.0/16'),
 IPv4Network('10.159.0.0/16'),
 IPv4Network('10.160.0.0/16'),
 IPv4Network('10.161.0.0/16'),
 IPv4Network('10.162.0.0/16'),
 IPv4Network('10.163.0.0/16'),
 IPv4Network('10.164.0.0/16'),
 IPv4Network('10.165.0.0/16'),
 IPv4Network('10.166.0.0/16'),
 IPv4Network('10.167.0.0/16'),
 IPv4Network('10.168.0.0/16'),
 IPv4Network('10.169.0.0/16'),
 IPv4Network('10.170.0.0/16'),
 IPv4Network('10.171.0.0/16'),
 IPv4Network('10.172.0.0/16'),
 IPv4Network('10.173.0.0/16'),
 IPv4Network('10.174.0.0/16'),
 IPv4Network('10.175.0.0/16'),
 IPv4Network('10.176.0.0/16'),
 IPv4Network('10.177.0.0/16'),
 IPv4Network('10.178.0.0/16'),
 IPv4Network('10.179.0.0/16'),
 IPv4Network('10.180.0.0/16'),
 IPv4Network('10.181.0.0/16'),
 IPv4Network('10.182.0.0/16'),
 IPv4Network('10.183.0.0/16'),
 IPv4Network('10.184.0.0/16'),
 IPv4Network('10.185.0.0/16'),
 IPv4Network('10.186.0.0/16'),
 IPv4Network('10.187.0.0/16'),
 IPv4Network('10.188.0.0/16'),
 IPv4Network('10.189.0.0/16'),
 IPv4Network('10.190.0.0/16'),
 IPv4Network('10.191.0.0/16'),
 IPv4Network('10.192.0.0/16'),
 IPv4Network('10.193.0.0/16'),
 IPv4Network('10.194.0.0/16'),
 IPv4Network('10.195.0.0/16'),
 IPv4Network('10.196.0.0/16'),
 IPv4Network('10.197.0.0/16'),
 IPv4Network('10.198.0.0/16'),
 IPv4Network('10.199.0.0/16'),
 IPv4Network('10.200.0.0/16'),
 IPv4Network('10.201.0.0/16'),
 IPv4Network('10.202.0.0/16'),
 IPv4Network('10.203.0.0/16'),
 IPv4Network('10.204.0.0/16'),
 IPv4Network('10.205.0.0/16'),
 IPv4Network('10.206.0.0/16'),
 IPv4Network('10.207.0.0/16'),
 IPv4Network('10.208.0.0/16'),
 IPv4Network('10.209.0.0/16'),
 IPv4Network('10.210.0.0/16'),
 IPv4Network('10.211.0.0/16'),
 IPv4Network('10.212.0.0/16'),
 IPv4Network('10.213.0.0/16'),
 IPv4Network('10.214.0.0/16'),
 IPv4Network('10.215.0.0/16'),
 IPv4Network('10.216.0.0/16'),
 IPv4Network('10.217.0.0/16'),
 IPv4Network('10.218.0.0/16'),
 IPv4Network('10.219.0.0/16'),
 IPv4Network('10.220.0.0/16'),
 IPv4Network('10.221.0.0/16'),
 IPv4Network('10.222.0.0/16'),
 IPv4Network('10.223.0.0/16'),
 IPv4Network('10.224.0.0/16'),
 IPv4Network('10.225.0.0/16'),
 IPv4Network('10.226.0.0/16'),
 IPv4Network('10.227.0.0/16')]
[IPv4Network('10.0.0.0/8'),
 IPv4Network('129.79.0.0/16'),
 IPv4Network('134.68.0.0/16'),
 IPv4Network('140.182.0.0/16'),
 IPv4Network('149.159.0.0/16'),
 IPv4Network('149.160.0.0/14'),
 IPv4Network('156.56.0.0/16'),
 IPv4Network('172.16.0.0/12'),
 IPv4Network('192.168.0.0/24'),
 IPv6Network('::/128'),
 IPv4Network('10.0.0.0/16'),
 IPv4Network('10.1.0.0/16'),
 IPv4Network('10.2.0.0/16'),
 IPv4Network('10.3.0.0/16'),
 IPv4Network('10.4.0.0/16'),
 IPv4Network('10.5.0.0/16'),
 IPv4Network('10.6.0.0/16'),
 IPv4Network('10.7.0.0/16'),
 IPv4Network('10.8.0.0/16'),
 IPv4Network('10.9.0.0/16'),
 IPv4Network('10.10.0.0/16'),
 IPv4Network('10.11.0.0/16'),
 IPv4Network('10.12.0.0/16'),
 IPv4Network('10.13.0.0/16'),
 IPv4Network('10.14.0.0/16'),
 IPv4Network('10.15.0.0/16'),
 IPv4Network('10.16.0.0/16'),
 IPv4Network('10.17.0.0/16'),
 IPv4Network('10.18.0.0/16'),
 IPv4Network('10.19.0.0/16'),
 IPv4Network('10.20.0.0/16'),
 IPv4Network('10.21.0.0/16'),
 IPv4Network('10.22.0.0/16'),
 IPv4Network('10.23.0.0/16'),
 IPv4Network('10.24.0.0/16'),
 IPv4Network('10.25.0.0/16'),
 IPv4Network('10.26.0.0/16'),
 IPv4Network('10.27.0.0/16'),
 IPv4Network('10.28.0.0/16'),
 IPv4Network('10.29.0.0/16'),
 IPv4Network('10.30.0.0/16'),
 IPv4Network('10.31.0.0/16'),
 IPv4Network('10.32.0.0/16'),
 IPv4Network('10.33.0.0/16'),
 IPv4Network('10.34.0.0/16'),
 IPv4Network('10.35.0.0/16'),
 IPv4Network('10.36.0.0/16'),
 IPv4Network('10.37.0.0/16'),
 IPv4Network('10.38.0.0/16'),
 IPv4Network('10.39.0.0/16'),
 IPv4Network('10.40.0.0/16'),
 IPv4Network('10.41.0.0/16'),
 IPv4Network('10.42.0.0/16'),
 IPv4Network('10.43.0.0/16'),
 IPv4Network('10.44.0.0/16'),
 IPv4Network('10.45.0.0/16'),
 IPv4Network('10.46.0.0/16'),
 IPv4Network('10.47.0.0/16'),
 IPv4Network('10.48.0.0/16'),
 IPv4Network('10.49.0.0/16'),
 IPv4Network('10.50.0.0/16'),
 IPv4Network('10.51.0.0/16'),
 IPv4Network('10.52.0.0/16'),
 IPv4Network('10.53.0.0/16'),
 IPv4Network('10.54.0.0/16'),
 IPv4Network('10.55.0.0/16'),
 IPv4Network('10.56.0.0/16'),
 IPv4Network('10.57.0.0/16'),
 IPv4Network('10.58.0.0/16'),
 IPv4Network('10.59.0.0/16'),
 IPv4Network('10.60.0.0/16'),
 IPv4Network('10.61.0.0/16'),
 IPv4Network('10.62.0.0/16'),
 IPv4Network('10.63.0.0/16'),
 IPv4Network('10.64.0.0/16'),
 IPv4Network('10.65.0.0/16'),
 IPv4Network('10.66.0.0/16'),
 IPv4Network('10.67.0.0/16'),
 IPv4Network('10.68.0.0/16'),
 IPv4Network('10.69.0.0/16'),
 IPv4Network('10.70.0.0/16'),
 IPv4Network('10.71.0.0/16'),
 IPv4Network('10.72.0.0/16'),
 IPv4Network('10.73.0.0/16'),
 IPv4Network('10.74.0.0/16'),
 IPv4Network('10.75.0.0/16'),
 IPv4Network('10.76.0.0/16'),
 IPv4Network('10.77.0.0/16'),
 IPv4Network('10.78.0.0/16'),
 IPv4Network('10.79.0.0/16'),
 IPv4Network('10.80.0.0/16'),
 IPv4Network('10.81.0.0/16'),
 IPv4Network('10.82.0.0/16'),
 IPv4Network('10.83.0.0/16'),
 IPv4Network('10.84.0.0/16'),
 IPv4Network('10.85.0.0/16'),
 IPv4Network('10.86.0.0/16'),
 IPv4Network('10.87.0.0/16'),
 IPv4Network('10.88.0.0/16'),
 IPv4Network('10.89.0.0/16'),
 IPv4Network('10.90.0.0/16'),
 IPv4Network('10.91.0.0/16'),
 IPv4Network('10.92.0.0/16'),
 IPv4Network('10.93.0.0/16'),
 IPv4Network('10.94.0.0/16'),
 IPv4Network('10.95.0.0/16'),
 IPv4Network('10.96.0.0/16'),
 IPv4Network('10.97.0.0/16'),
 IPv4Network('10.98.0.0/16'),
 IPv4Network('10.99.0.0/16'),
 IPv4Network('10.100.0.0/16'),
 IPv4Network('10.101.0.0/16'),
 IPv4Network('10.102.0.0/16'),
 IPv4Network('10.103.0.0/16'),
 IPv4Network('10.104.0.0/16'),
 IPv4Network('10.105.0.0/16'),
 IPv4Network('10.106.0.0/16'),
 IPv4Network('10.107.0.0/16'),
 IPv4Network('10.108.0.0/16'),
 IPv4Network('10.109.0.0/16'),
 IPv4Network('10.110.0.0/16'),
 IPv4Network('10.111.0.0/16'),
 IPv4Network('10.112.0.0/16'),
 IPv4Network('10.113.0.0/16'),
 IPv4Network('10.114.0.0/16'),
 IPv4Network('10.115.0.0/16'),
 IPv4Network('10.116.0.0/16'),
 IPv4Network('10.117.0.0/16'),
 IPv4Network('10.118.0.0/16'),
 IPv4Network('10.119.0.0/16'),
 IPv4Network('10.120.0.0/16'),
 IPv4Network('10.121.0.0/16'),
 IPv4Network('10.122.0.0/16'),
 IPv4Network('10.123.0.0/16'),
 IPv4Network('10.124.0.0/16'),
 IPv4Network('10.125.0.0/16'),
 IPv4Network('10.126.0.0/16'),
 IPv4Network('10.127.0.0/16'),
 IPv4Network('10.128.0.0/16'),
 IPv4Network('10.129.0.0/16'),
 IPv4Network('10.130.0.0/16'),
 IPv4Network('10.131.0.0/16'),
 IPv4Network('10.132.0.0/16'),
 IPv4Network('10.133.0.0/16'),
 IPv4Network('10.134.0.0/16'),
 IPv4Network('10.135.0.0/16'),
 IPv4Network('10.136.0.0/16'),
 IPv4Network('10.137.0.0/16'),
 IPv4Network('10.138.0.0/16'),
 IPv4Network('10.139.0.0/16'),
 IPv4Network('10.140.0.0/16'),
 IPv4Network('10.141.0.0/16'),
 IPv4Network('10.142.0.0/16'),
 IPv4Network('10.143.0.0/16'),
 IPv4Network('10.144.0.0/16'),
 IPv4Network('10.145.0.0/16'),
 IPv4Network('10.146.0.0/16'),
 IPv4Network('10.147.0.0/16'),
 IPv4Network('10.148.0.0/16'),
 IPv4Network('10.149.0.0/16'),
 IPv4Network('10.150.0.0/16'),
 IPv4Network('10.151.0.0/16'),
 IPv4Network('10.152.0.0/16'),
 IPv4Network('10.153.0.0/16'),
 IPv4Network('10.154.0.0/16'),
 IPv4Network('10.155.0.0/16'),
 IPv4Network('10.156.0.0/16'),
 IPv4Network('10.157.0.0/16'),
 IPv4Network('10.158.0.0/16'),
 IPv4Network('10.159.0.0/16'),
 IPv4Network('10.160.0.0/16'),
 IPv4Network('10.161.0.0/16'),
 IPv4Network('10.162.0.0/16'),
 IPv4Network('10.163.0.0/16'),
 IPv4Network('10.164.0.0/16'),
 IPv4Network('10.165.0.0/16'),
 IPv4Network('10.166.0.0/16'),
 IPv4Network('10.167.0.0/16'),
 IPv4Network('10.168.0.0/16'),
 IPv4Network('10.169.0.0/16'),
 IPv4Network('10.170.0.0/16'),
 IPv4Network('10.171.0.0/16'),
 IPv4Network('10.172.0.0/16'),
 IPv4Network('10.173.0.0/16'),
 IPv4Network('10.174.0.0/16'),
 IPv4Network('10.175.0.0/16'),
 IPv4Network('10.176.0.0/16'),
 IPv4Network('10.177.0.0/16'),
 IPv4Network('10.178.0.0/16'),
 IPv4Network('10.179.0.0/16'),
 IPv4Network('10.180.0.0/16'),
 IPv4Network('10.181.0.0/16'),
 IPv4Network('10.182.0.0/16'),
 IPv4Network('10.183.0.0/16'),
 IPv4Network('10.184.0.0/16'),
 IPv4Network('10.185.0.0/16'),
 IPv4Network('10.186.0.0/16'),
 IPv4Network('10.187.0.0/16'),
 IPv4Network('10.188.0.0/16'),
 IPv4Network('10.189.0.0/16'),
 IPv4Network('10.190.0.0/16'),
 IPv4Network('10.191.0.0/16'),
 IPv4Network('10.192.0.0/16'),
 IPv4Network('10.193.0.0/16'),
 IPv4Network('10.194.0.0/16'),
 IPv4Network('10.195.0.0/16'),
 IPv4Network('10.196.0.0/16'),
 IPv4Network('10.197.0.0/16'),
 IPv4Network('10.198.0.0/16'),
 IPv4Network('10.199.0.0/16'),
 IPv4Network('10.200.0.0/16'),
 IPv4Network('10.201.0.0/16'),
 IPv4Network('10.202.0.0/16'),
 IPv4Network('10.203.0.0/16'),
 IPv4Network('10.204.0.0/16'),
 IPv4Network('10.205.0.0/16'),
 IPv4Network('10.206.0.0/16'),
 IPv4Network('10.207.0.0/16'),
 IPv4Network('10.208.0.0/16'),
 IPv4Network('10.209.0.0/16'),
 IPv4Network('10.210.0.0/16'),
 IPv4Network('10.211.0.0/16'),
 IPv4Network('10.212.0.0/16'),
 IPv4Network('10.213.0.0/16'),
 IPv4Network('10.214.0.0/16'),
 IPv4Network('10.215.0.0/16'),
 IPv4Network('10.216.0.0/16'),
 IPv4Network('10.217.0.0/16'),
 IPv4Network('10.218.0.0/16'),
 IPv4Network('10.219.0.0/16'),
 IPv4Network('10.220.0.0/16'),
 IPv4Network('10.221.0.0/16'),
 IPv4Network('10.222.0.0/16'),
 IPv4Network('10.223.0.0/16'),
 IPv4Network('10.224.0.0/16'),
 IPv4Network('10.225.0.0/16'),
 IPv4Network('10.226.0.0/16'),
 IPv4Network('10.227.0.0/16')]
[IPv4Network('10.0.0.0/8'),
 IPv4Network('129.79.0.0/16'),
 IPv4Network('134.68.0.0/16'),
 IPv4Network('140.182.0.0/16'),
 IPv4Network('149.159.0.0/16'),
 IPv4Network('149.160.0.0/14'),
 IPv4Network('156.56.0.0/16'),
 IPv4Network('172.16.0.0/12'),
 IPv4Network('192.168.0.0/24'),
 IPv6Network('::/128'),
 IPv4Network('10.0.0.0/16'),
 IPv4Network('10.1.0.0/16'),
 IPv4Network('10.2.0.0/16'),
 IPv4Network('10.3.0.0/16'),
 IPv4Network('10.4.0.0/16'),
 IPv4Network('10.5.0.0/16'),
 IPv4Network('10.6.0.0/16'),
 IPv4Network('10.7.0.0/16'),
 IPv4Network('10.8.0.0/16'),
 IPv4Network('10.9.0.0/16'),
 IPv4Network('10.10.0.0/16'),
 IPv4Network('10.11.0.0/16'),
 IPv4Network('10.12.0.0/16'),
 IPv4Network('10.13.0.0/16'),
 IPv4Network('10.14.0.0/16'),
 IPv4Network('10.15.0.0/16'),
 IPv4Network('10.16.0.0/16'),
 IPv4Network('10.17.0.0/16'),
 IPv4Network('10.18.0.0/16'),
 IPv4Network('10.19.0.0/16'),
 IPv4Network('10.20.0.0/16'),
 IPv4Network('10.21.0.0/16'),
 IPv4Network('10.22.0.0/16'),
 IPv4Network('10.23.0.0/16'),
 IPv4Network('10.24.0.0/16'),
 IPv4Network('10.25.0.0/16'),
 IPv4Network('10.26.0.0/16'),
 IPv4Network('10.27.0.0/16'),
 IPv4Network('10.28.0.0/16'),
 IPv4Network('10.29.0.0/16'),
 IPv4Network('10.30.0.0/16'),
 IPv4Network('10.31.0.0/16'),
 IPv4Network('10.32.0.0/16'),
 IPv4Network('10.33.0.0/16'),
 IPv4Network('10.34.0.0/16'),
 IPv4Network('10.35.0.0/16'),
 IPv4Network('10.36.0.0/16'),
 IPv4Network('10.37.0.0/16'),
 IPv4Network('10.38.0.0/16'),
 IPv4Network('10.39.0.0/16'),
 IPv4Network('10.40.0.0/16'),
 IPv4Network('10.41.0.0/16'),
 IPv4Network('10.42.0.0/16'),
 IPv4Network('10.43.0.0/16'),
 IPv4Network('10.44.0.0/16'),
 IPv4Network('10.45.0.0/16'),
 IPv4Network('10.46.0.0/16'),
 IPv4Network('10.47.0.0/16'),
 IPv4Network('10.48.0.0/16'),
 IPv4Network('10.49.0.0/16'),
 IPv4Network('10.50.0.0/16'),
 IPv4Network('10.51.0.0/16'),
 IPv4Network('10.52.0.0/16'),
 IPv4Network('10.53.0.0/16'),
 IPv4Network('10.54.0.0/16'),
 IPv4Network('10.55.0.0/16'),
 IPv4Network('10.56.0.0/16'),
 IPv4Network('10.57.0.0/16'),
 IPv4Network('10.58.0.0/16'),
 IPv4Network('10.59.0.0/16'),
 IPv4Network('10.60.0.0/16'),
 IPv4Network('10.61.0.0/16'),
 IPv4Network('10.62.0.0/16'),
 IPv4Network('10.63.0.0/16'),
 IPv4Network('10.64.0.0/16'),
 IPv4Network('10.65.0.0/16'),
 IPv4Network('10.66.0.0/16'),
 IPv4Network('10.67.0.0/16'),
 IPv4Network('10.68.0.0/16'),
 IPv4Network('10.69.0.0/16'),
 IPv4Network('10.70.0.0/16'),
 IPv4Network('10.71.0.0/16'),
 IPv4Network('10.72.0.0/16'),
 IPv4Network('10.73.0.0/16'),
 IPv4Network('10.74.0.0/16'),
 IPv4Network('10.75.0.0/16'),
 IPv4Network('10.76.0.0/16'),
 IPv4Network('10.77.0.0/16'),
 IPv4Network('10.78.0.0/16'),
 IPv4Network('10.79.0.0/16'),
 IPv4Network('10.80.0.0/16'),
 IPv4Network('10.81.0.0/16'),
 IPv4Network('10.82.0.0/16'),
 IPv4Network('10.83.0.0/16'),
 IPv4Network('10.84.0.0/16'),
 IPv4Network('10.85.0.0/16'),
 IPv4Network('10.86.0.0/16'),
 IPv4Network('10.87.0.0/16'),
 IPv4Network('10.88.0.0/16'),
 IPv4Network('10.89.0.0/16'),
 IPv4Network('10.90.0.0/16'),
 IPv4Network('10.91.0.0/16'),
 IPv4Network('10.92.0.0/16'),
 IPv4Network('10.93.0.0/16'),
 IPv4Network('10.94.0.0/16'),
 IPv4Network('10.95.0.0/16'),
 IPv4Network('10.96.0.0/16'),
 IPv4Network('10.97.0.0/16'),
 IPv4Network('10.98.0.0/16'),
 IPv4Network('10.99.0.0/16'),
 IPv4Network('10.100.0.0/16'),
 IPv4Network('10.101.0.0/16'),
 IPv4Network('10.102.0.0/16'),
 IPv4Network('10.103.0.0/16'),
 IPv4Network('10.104.0.0/16'),
 IPv4Network('10.105.0.0/16'),
 IPv4Network('10.106.0.0/16'),
 IPv4Network('10.107.0.0/16'),
 IPv4Network('10.108.0.0/16'),
 IPv4Network('10.109.0.0/16'),
 IPv4Network('10.110.0.0/16'),
 IPv4Network('10.111.0.0/16'),
 IPv4Network('10.112.0.0/16'),
 IPv4Network('10.113.0.0/16'),
 IPv4Network('10.114.0.0/16'),
 IPv4Network('10.115.0.0/16'),
 IPv4Network('10.116.0.0/16'),
 IPv4Network('10.117.0.0/16'),
 IPv4Network('10.118.0.0/16'),
 IPv4Network('10.119.0.0/16'),
 IPv4Network('10.120.0.0/16'),
 IPv4Network('10.121.0.0/16'),
 IPv4Network('10.122.0.0/16'),
 IPv4Network('10.123.0.0/16'),
 IPv4Network('10.124.0.0/16'),
 IPv4Network('10.125.0.0/16'),
 IPv4Network('10.126.0.0/16'),
 IPv4Network('10.127.0.0/16'),
 IPv4Network('10.128.0.0/16'),
 IPv4Network('10.129.0.0/16'),
 IPv4Network('10.130.0.0/16'),
 IPv4Network('10.131.0.0/16'),
 IPv4Network('10.132.0.0/16'),
 IPv4Network('10.133.0.0/16'),
 IPv4Network('10.134.0.0/16'),
 IPv4Network('10.135.0.0/16'),
 IPv4Network('10.136.0.0/16'),
 IPv4Network('10.137.0.0/16'),
 IPv4Network('10.138.0.0/16'),
 IPv4Network('10.139.0.0/16'),
 IPv4Network('10.140.0.0/16'),
 IPv4Network('10.141.0.0/16'),
 IPv4Network('10.142.0.0/16'),
 IPv4Network('10.143.0.0/16'),
 IPv4Network('10.144.0.0/16'),
 IPv4Network('10.145.0.0/16'),
 IPv4Network('10.146.0.0/16'),
 IPv4Network('10.147.0.0/16'),
 IPv4Network('10.148.0.0/16'),
 IPv4Network('10.149.0.0/16'),
 IPv4Network('10.150.0.0/16'),
 IPv4Network('10.151.0.0/16'),
 IPv4Network('10.152.0.0/16'),
 IPv4Network('10.153.0.0/16'),
 IPv4Network('10.154.0.0/16'),
 IPv4Network('10.155.0.0/16'),
 IPv4Network('10.156.0.0/16'),
 IPv4Network('10.157.0.0/16'),
 IPv4Network('10.158.0.0/16'),
 IPv4Network('10.159.0.0/16'),
 IPv4Network('10.160.0.0/16'),
 IPv4Network('10.161.0.0/16'),
 IPv4Network('10.162.0.0/16'),
 IPv4Network('10.163.0.0/16'),
 IPv4Network('10.164.0.0/16'),
 IPv4Network('10.165.0.0/16'),
 IPv4Network('10.166.0.0/16'),
 IPv4Network('10.167.0.0/16'),
 IPv4Network('10.168.0.0/16'),
 IPv4Network('10.169.0.0/16'),
 IPv4Network('10.170.0.0/16'),
 IPv4Network('10.171.0.0/16'),
 IPv4Network('10.172.0.0/16'),
 IPv4Network('10.173.0.0/16'),
 IPv4Network('10.174.0.0/16'),
 IPv4Network('10.175.0.0/16'),
 IPv4Network('10.176.0.0/16'),
 IPv4Network('10.177.0.0/16'),
 IPv4Network('10.178.0.0/16'),
 IPv4Network('10.179.0.0/16'),
 IPv4Network('10.180.0.0/16'),
 IPv4Network('10.181.0.0/16'),
 IPv4Network('10.182.0.0/16'),
 IPv4Network('10.183.0.0/16'),
 IPv4Network('10.184.0.0/16'),
 IPv4Network('10.185.0.0/16'),
 IPv4Network('10.186.0.0/16'),
 IPv4Network('10.187.0.0/16'),
 IPv4Network('10.188.0.0/16'),
 IPv4Network('10.189.0.0/16'),
 IPv4Network('10.190.0.0/16'),
 IPv4Network('10.191.0.0/16'),
 IPv4Network('10.192.0.0/16'),
 IPv4Network('10.193.0.0/16'),
 IPv4Network('10.194.0.0/16'),
 IPv4Network('10.195.0.0/16'),
 IPv4Network('10.196.0.0/16'),
 IPv4Network('10.197.0.0/16'),
 IPv4Network('10.198.0.0/16'),
 IPv4Network('10.199.0.0/16'),
 IPv4Network('10.200.0.0/16'),
 IPv4Network('10.201.0.0/16'),
 IPv4Network('10.202.0.0/16'),
 IPv4Network('10.203.0.0/16'),
 IPv4Network('10.204.0.0/16'),
 IPv4Network('10.205.0.0/16'),
 IPv4Network('10.206.0.0/16'),
 IPv4Network('10.207.0.0/16'),
 IPv4Network('10.208.0.0/16'),
 IPv4Network('10.209.0.0/16'),
 IPv4Network('10.210.0.0/16'),
 IPv4Network('10.211.0.0/16'),
 IPv4Network('10.212.0.0/16'),
 IPv4Network('10.213.0.0/16'),
 IPv4Network('10.214.0.0/16'),
 IPv4Network('10.215.0.0/16'),
 IPv4Network('10.216.0.0/16'),
 IPv4Network('10.217.0.0/16'),
 IPv4Network('10.218.0.0/16'),
 IPv4Network('10.219.0.0/16'),
 IPv4Network('10.220.0.0/16'),
 IPv4Network('10.221.0.0/16'),
 IPv4Network('10.222.0.0/16'),
 IPv4Network('10.223.0.0/16'),
 IPv4Network('10.224.0.0/16'),
 IPv4Network('10.225.0.0/16'),
 IPv4Network('10.226.0.0/16'),
 IPv4Network('10.227.0.0/16'),
 IPv4Network('10.228.0.0/16'),
 IPv4Network('10.229.0.0/16')]
[IPv4Network('10.0.0.0/8'),
 IPv4Network('129.79.0.0/16'),
 IPv4Network('134.68.0.0/16'),
 IPv4Network('140.182.0.0/16'),
 IPv4Network('149.159.0.0/16'),
 IPv4Network('149.160.0.0/14'),
 IPv4Network('156.56.0.0/16'),
 IPv4Network('172.16.0.0/12'),
 IPv4Network('192.168.0.0/24'),
 IPv6Network('::/128'),
 IPv4Network('10.0.0.0/16'),
 IPv4Network('10.1.0.0/16'),
 IPv4Network('10.2.0.0/16'),
 IPv4Network('10.3.0.0/16'),
 IPv4Network('10.4.0.0/16'),
 IPv4Network('10.5.0.0/16'),
 IPv4Network('10.6.0.0/16'),
 IPv4Network('10.7.0.0/16'),
 IPv4Network('10.8.0.0/16'),
 IPv4Network('10.9.0.0/16'),
 IPv4Network('10.10.0.0/16'),
 IPv4Network('10.11.0.0/16'),
 IPv4Network('10.12.0.0/16'),
 IPv4Network('10.13.0.0/16'),
 IPv4Network('10.14.0.0/16'),
 IPv4Network('10.15.0.0/16'),
 IPv4Network('10.16.0.0/16'),
 IPv4Network('10.17.0.0/16'),
 IPv4Network('10.18.0.0/16'),
 IPv4Network('10.19.0.0/16'),
 IPv4Network('10.20.0.0/16'),
 IPv4Network('10.21.0.0/16'),
 IPv4Network('10.22.0.0/16'),
 IPv4Network('10.23.0.0/16'),
 IPv4Network('10.24.0.0/16'),
 IPv4Network('10.25.0.0/16'),
 IPv4Network('10.26.0.0/16'),
 IPv4Network('10.27.0.0/16'),
 IPv4Network('10.28.0.0/16'),
 IPv4Network('10.29.0.0/16'),
 IPv4Network('10.30.0.0/16'),
 IPv4Network('10.31.0.0/16'),
 IPv4Network('10.32.0.0/16'),
 IPv4Network('10.33.0.0/16'),
 IPv4Network('10.34.0.0/16'),
 IPv4Network('10.35.0.0/16'),
 IPv4Network('10.36.0.0/16'),
 IPv4Network('10.37.0.0/16'),
 IPv4Network('10.38.0.0/16'),
 IPv4Network('10.39.0.0/16'),
 IPv4Network('10.40.0.0/16'),
 IPv4Network('10.41.0.0/16'),
 IPv4Network('10.42.0.0/16'),
 IPv4Network('10.43.0.0/16'),
 IPv4Network('10.44.0.0/16'),
 IPv4Network('10.45.0.0/16'),
 IPv4Network('10.46.0.0/16'),
 IPv4Network('10.47.0.0/16'),
 IPv4Network('10.48.0.0/16'),
 IPv4Network('10.49.0.0/16'),
 IPv4Network('10.50.0.0/16'),
 IPv4Network('10.51.0.0/16'),
 IPv4Network('10.52.0.0/16'),
 IPv4Network('10.53.0.0/16'),
 IPv4Network('10.54.0.0/16'),
 IPv4Network('10.55.0.0/16'),
 IPv4Network('10.56.0.0/16'),
 IPv4Network('10.57.0.0/16'),
 IPv4Network('10.58.0.0/16'),
 IPv4Network('10.59.0.0/16'),
 IPv4Network('10.60.0.0/16'),
 IPv4Network('10.61.0.0/16'),
 IPv4Network('10.62.0.0/16'),
 IPv4Network('10.63.0.0/16'),
 IPv4Network('10.64.0.0/16'),
 IPv4Network('10.65.0.0/16'),
 IPv4Network('10.66.0.0/16'),
 IPv4Network('10.67.0.0/16'),
 IPv4Network('10.68.0.0/16'),
 IPv4Network('10.69.0.0/16'),
 IPv4Network('10.70.0.0/16'),
 IPv4Network('10.71.0.0/16'),
 IPv4Network('10.72.0.0/16'),
 IPv4Network('10.73.0.0/16'),
 IPv4Network('10.74.0.0/16'),
 IPv4Network('10.75.0.0/16'),
 IPv4Network('10.76.0.0/16'),
 IPv4Network('10.77.0.0/16'),
 IPv4Network('10.78.0.0/16'),
 IPv4Network('10.79.0.0/16'),
 IPv4Network('10.80.0.0/16'),
 IPv4Network('10.81.0.0/16'),
 IPv4Network('10.82.0.0/16'),
 IPv4Network('10.83.0.0/16'),
 IPv4Network('10.84.0.0/16'),
 IPv4Network('10.85.0.0/16'),
 IPv4Network('10.86.0.0/16'),
 IPv4Network('10.87.0.0/16'),
 IPv4Network('10.88.0.0/16'),
 IPv4Network('10.89.0.0/16'),
 IPv4Network('10.90.0.0/16'),
 IPv4Network('10.91.0.0/16'),
 IPv4Network('10.92.0.0/16'),
 IPv4Network('10.93.0.0/16'),
 IPv4Network('10.94.0.0/16'),
 IPv4Network('10.95.0.0/16'),
 IPv4Network('10.96.0.0/16'),
 IPv4Network('10.97.0.0/16'),
 IPv4Network('10.98.0.0/16'),
 IPv4Network('10.99.0.0/16'),
 IPv4Network('10.100.0.0/16'),
 IPv4Network('10.101.0.0/16'),
 IPv4Network('10.102.0.0/16'),
 IPv4Network('10.103.0.0/16'),
 IPv4Network('10.104.0.0/16'),
 IPv4Network('10.105.0.0/16'),
 IPv4Network('10.106.0.0/16'),
 IPv4Network('10.107.0.0/16'),
 IPv4Network('10.108.0.0/16'),
 IPv4Network('10.109.0.0/16'),
 IPv4Network('10.110.0.0/16'),
 IPv4Network('10.111.0.0/16'),
 IPv4Network('10.112.0.0/16'),
 IPv4Network('10.113.0.0/16'),
 IPv4Network('10.114.0.0/16'),
 IPv4Network('10.115.0.0/16'),
 IPv4Network('10.116.0.0/16'),
 IPv4Network('10.117.0.0/16'),
 IPv4Network('10.118.0.0/16'),
 IPv4Network('10.119.0.0/16'),
 IPv4Network('10.120.0.0/16'),
 IPv4Network('10.121.0.0/16'),
 IPv4Network('10.122.0.0/16'),
 IPv4Network('10.123.0.0/16'),
 IPv4Network('10.124.0.0/16'),
 IPv4Network('10.125.0.0/16'),
 IPv4Network('10.126.0.0/16'),
 IPv4Network('10.127.0.0/16'),
 IPv4Network('10.128.0.0/16'),
 IPv4Network('10.129.0.0/16'),
 IPv4Network('10.130.0.0/16'),
 IPv4Network('10.131.0.0/16'),
 IPv4Network('10.132.0.0/16'),
 IPv4Network('10.133.0.0/16'),
 IPv4Network('10.134.0.0/16'),
 IPv4Network('10.135.0.0/16'),
 IPv4Network('10.136.0.0/16'),
 IPv4Network('10.137.0.0/16'),
 IPv4Network('10.138.0.0/16'),
 IPv4Network('10.139.0.0/16'),
 IPv4Network('10.140.0.0/16'),
 IPv4Network('10.141.0.0/16'),
 IPv4Network('10.142.0.0/16'),
 IPv4Network('10.143.0.0/16'),
 IPv4Network('10.144.0.0/16'),
 IPv4Network('10.145.0.0/16'),
 IPv4Network('10.146.0.0/16'),
 IPv4Network('10.147.0.0/16'),
 IPv4Network('10.148.0.0/16'),
 IPv4Network('10.149.0.0/16'),
 IPv4Network('10.150.0.0/16'),
 IPv4Network('10.151.0.0/16'),
 IPv4Network('10.152.0.0/16'),
 IPv4Network('10.153.0.0/16'),
 IPv4Network('10.154.0.0/16'),
 IPv4Network('10.155.0.0/16'),
 IPv4Network('10.156.0.0/16'),
 IPv4Network('10.157.0.0/16'),
 IPv4Network('10.158.0.0/16'),
 IPv4Network('10.159.0.0/16'),
 IPv4Network('10.160.0.0/16'),
 IPv4Network('10.161.0.0/16'),
 IPv4Network('10.162.0.0/16'),
 IPv4Network('10.163.0.0/16'),
 IPv4Network('10.164.0.0/16'),
 IPv4Network('10.165.0.0/16'),
 IPv4Network('10.166.0.0/16'),
 IPv4Network('10.167.0.0/16'),
 IPv4Network('10.168.0.0/16'),
 IPv4Network('10.169.0.0/16'),
 IPv4Network('10.170.0.0/16'),
 IPv4Network('10.171.0.0/16'),
 IPv4Network('10.172.0.0/16'),
 IPv4Network('10.173.0.0/16'),
 IPv4Network('10.174.0.0/16'),
 IPv4Network('10.175.0.0/16'),
 IPv4Network('10.176.0.0/16'),
 IPv4Network('10.177.0.0/16'),
 IPv4Network('10.178.0.0/16'),
 IPv4Network('10.179.0.0/16'),
 IPv4Network('10.180.0.0/16'),
 IPv4Network('10.181.0.0/16'),
 IPv4Network('10.182.0.0/16'),
 IPv4Network('10.183.0.0/16'),
 IPv4Network('10.184.0.0/16'),
 IPv4Network('10.185.0.0/16'),
 IPv4Network('10.186.0.0/16'),
 IPv4Network('10.187.0.0/16'),
 IPv4Network('10.188.0.0/16'),
 IPv4Network('10.189.0.0/16'),
 IPv4Network('10.190.0.0/16'),
 IPv4Network('10.191.0.0/16'),
 IPv4Network('10.192.0.0/16'),
 IPv4Network('10.193.0.0/16'),
 IPv4Network('10.194.0.0/16'),
 IPv4Network('10.195.0.0/16'),
 IPv4Network('10.196.0.0/16'),
 IPv4Network('10.197.0.0/16'),
 IPv4Network('10.198.0.0/16'),
 IPv4Network('10.199.0.0/16'),
 IPv4Network('10.200.0.0/16'),
 IPv4Network('10.201.0.0/16'),
 IPv4Network('10.202.0.0/16'),
 IPv4Network('10.203.0.0/16'),
 IPv4Network('10.204.0.0/16'),
 IPv4Network('10.205.0.0/16'),
 IPv4Network('10.206.0.0/16'),
 IPv4Network('10.207.0.0/16'),
 IPv4Network('10.208.0.0/16'),
 IPv4Network('10.209.0.0/16'),
 IPv4Network('10.210.0.0/16'),
 IPv4Network('10.211.0.0/16'),
 IPv4Network('10.212.0.0/16'),
 IPv4Network('10.213.0.0/16'),
 IPv4Network('10.214.0.0/16'),
 IPv4Network('10.215.0.0/16'),
 IPv4Network('10.216.0.0/16'),
 IPv4Network('10.217.0.0/16'),
 IPv4Network('10.218.0.0/16'),
 IPv4Network('10.219.0.0/16'),
 IPv4Network('10.220.0.0/16'),
 IPv4Network('10.221.0.0/16'),
 IPv4Network('10.222.0.0/16'),
 IPv4Network('10.223.0.0/16'),
 IPv4Network('10.224.0.0/16'),
 IPv4Network('10.225.0.0/16'),
 IPv4Network('10.226.0.0/16'),
 IPv4Network('10.227.0.0/16'),
 IPv4Network('10.228.0.0/16'),
 IPv4Network('10.229.0.0/16'),
 IPv4Network('10.230.0.0/16'),
 IPv4Network('10.231.0.0/16')]
[IPv4Network('10.0.0.0/8'),
 IPv4Network('129.79.0.0/16'),
 IPv4Network('134.68.0.0/16'),
 IPv4Network('140.182.0.0/16'),
 IPv4Network('149.159.0.0/16'),
 IPv4Network('149.160.0.0/14'),
 IPv4Network('156.56.0.0/16'),
 IPv4Network('172.16.0.0/12'),
 IPv4Network('192.168.0.0/24'),
 IPv6Network('::/128'),
 IPv4Network('10.0.0.0/16'),
 IPv4Network('10.1.0.0/16'),
 IPv4Network('10.2.0.0/16'),
 IPv4Network('10.3.0.0/16'),
 IPv4Network('10.4.0.0/16'),
 IPv4Network('10.5.0.0/16'),
 IPv4Network('10.6.0.0/16'),
 IPv4Network('10.7.0.0/16'),
 IPv4Network('10.8.0.0/16'),
 IPv4Network('10.9.0.0/16'),
 IPv4Network('10.10.0.0/16'),
 IPv4Network('10.11.0.0/16'),
 IPv4Network('10.12.0.0/16'),
 IPv4Network('10.13.0.0/16'),
 IPv4Network('10.14.0.0/16'),
 IPv4Network('10.15.0.0/16'),
 IPv4Network('10.16.0.0/16'),
 IPv4Network('10.17.0.0/16'),
 IPv4Network('10.18.0.0/16'),
 IPv4Network('10.19.0.0/16'),
 IPv4Network('10.20.0.0/16'),
 IPv4Network('10.21.0.0/16'),
 IPv4Network('10.22.0.0/16'),
 IPv4Network('10.23.0.0/16'),
 IPv4Network('10.24.0.0/16'),
 IPv4Network('10.25.0.0/16'),
 IPv4Network('10.26.0.0/16'),
 IPv4Network('10.27.0.0/16'),
 IPv4Network('10.28.0.0/16'),
 IPv4Network('10.29.0.0/16'),
 IPv4Network('10.30.0.0/16'),
 IPv4Network('10.31.0.0/16'),
 IPv4Network('10.32.0.0/16'),
 IPv4Network('10.33.0.0/16'),
 IPv4Network('10.34.0.0/16'),
 IPv4Network('10.35.0.0/16'),
 IPv4Network('10.36.0.0/16'),
 IPv4Network('10.37.0.0/16'),
 IPv4Network('10.38.0.0/16'),
 IPv4Network('10.39.0.0/16'),
 IPv4Network('10.40.0.0/16'),
 IPv4Network('10.41.0.0/16'),
 IPv4Network('10.42.0.0/16'),
 IPv4Network('10.43.0.0/16'),
 IPv4Network('10.44.0.0/16'),
 IPv4Network('10.45.0.0/16'),
 IPv4Network('10.46.0.0/16'),
 IPv4Network('10.47.0.0/16'),
 IPv4Network('10.48.0.0/16'),
 IPv4Network('10.49.0.0/16'),
 IPv4Network('10.50.0.0/16'),
 IPv4Network('10.51.0.0/16'),
 IPv4Network('10.52.0.0/16'),
 IPv4Network('10.53.0.0/16'),
 IPv4Network('10.54.0.0/16'),
 IPv4Network('10.55.0.0/16'),
 IPv4Network('10.56.0.0/16'),
 IPv4Network('10.57.0.0/16'),
 IPv4Network('10.58.0.0/16'),
 IPv4Network('10.59.0.0/16'),
 IPv4Network('10.60.0.0/16'),
 IPv4Network('10.61.0.0/16'),
 IPv4Network('10.62.0.0/16'),
 IPv4Network('10.63.0.0/16'),
 IPv4Network('10.64.0.0/16'),
 IPv4Network('10.65.0.0/16'),
 IPv4Network('10.66.0.0/16'),
 IPv4Network('10.67.0.0/16'),
 IPv4Network('10.68.0.0/16'),
 IPv4Network('10.69.0.0/16'),
 IPv4Network('10.70.0.0/16'),
 IPv4Network('10.71.0.0/16'),
 IPv4Network('10.72.0.0/16'),
 IPv4Network('10.73.0.0/16'),
 IPv4Network('10.74.0.0/16'),
 IPv4Network('10.75.0.0/16'),
 IPv4Network('10.76.0.0/16'),
 IPv4Network('10.77.0.0/16'),
 IPv4Network('10.78.0.0/16'),
 IPv4Network('10.79.0.0/16'),
 IPv4Network('10.80.0.0/16'),
 IPv4Network('10.81.0.0/16'),
 IPv4Network('10.82.0.0/16'),
 IPv4Network('10.83.0.0/16'),
 IPv4Network('10.84.0.0/16'),
 IPv4Network('10.85.0.0/16'),
 IPv4Network('10.86.0.0/16'),
 IPv4Network('10.87.0.0/16'),
 IPv4Network('10.88.0.0/16'),
 IPv4Network('10.89.0.0/16'),
 IPv4Network('10.90.0.0/16'),
 IPv4Network('10.91.0.0/16'),
 IPv4Network('10.92.0.0/16'),
 IPv4Network('10.93.0.0/16'),
 IPv4Network('10.94.0.0/16'),
 IPv4Network('10.95.0.0/16'),
 IPv4Network('10.96.0.0/16'),
 IPv4Network('10.97.0.0/16'),
 IPv4Network('10.98.0.0/16'),
 IPv4Network('10.99.0.0/16'),
 IPv4Network('10.100.0.0/16'),
 IPv4Network('10.101.0.0/16'),
 IPv4Network('10.102.0.0/16'),
 IPv4Network('10.103.0.0/16'),
 IPv4Network('10.104.0.0/16'),
 IPv4Network('10.105.0.0/16'),
 IPv4Network('10.106.0.0/16'),
 IPv4Network('10.107.0.0/16'),
 IPv4Network('10.108.0.0/16'),
 IPv4Network('10.109.0.0/16'),
 IPv4Network('10.110.0.0/16'),
 IPv4Network('10.111.0.0/16'),
 IPv4Network('10.112.0.0/16'),
 IPv4Network('10.113.0.0/16'),
 IPv4Network('10.114.0.0/16'),
 IPv4Network('10.115.0.0/16'),
 IPv4Network('10.116.0.0/16'),
 IPv4Network('10.117.0.0/16'),
 IPv4Network('10.118.0.0/16'),
 IPv4Network('10.119.0.0/16'),
 IPv4Network('10.120.0.0/16'),
 IPv4Network('10.121.0.0/16'),
 IPv4Network('10.122.0.0/16'),
 IPv4Network('10.123.0.0/16'),
 IPv4Network('10.124.0.0/16'),
 IPv4Network('10.125.0.0/16'),
 IPv4Network('10.126.0.0/16'),
 IPv4Network('10.127.0.0/16'),
 IPv4Network('10.128.0.0/16'),
 IPv4Network('10.129.0.0/16'),
 IPv4Network('10.130.0.0/16'),
 IPv4Network('10.131.0.0/16'),
 IPv4Network('10.132.0.0/16'),
 IPv4Network('10.133.0.0/16'),
 IPv4Network('10.134.0.0/16'),
 IPv4Network('10.135.0.0/16'),
 IPv4Network('10.136.0.0/16'),
 IPv4Network('10.137.0.0/16'),
 IPv4Network('10.138.0.0/16'),
 IPv4Network('10.139.0.0/16'),
 IPv4Network('10.140.0.0/16'),
 IPv4Network('10.141.0.0/16'),
 IPv4Network('10.142.0.0/16'),
 IPv4Network('10.143.0.0/16'),
 IPv4Network('10.144.0.0/16'),
 IPv4Network('10.145.0.0/16'),
 IPv4Network('10.146.0.0/16'),
 IPv4Network('10.147.0.0/16'),
 IPv4Network('10.148.0.0/16'),
 IPv4Network('10.149.0.0/16'),
 IPv4Network('10.150.0.0/16'),
 IPv4Network('10.151.0.0/16'),
 IPv4Network('10.152.0.0/16'),
 IPv4Network('10.153.0.0/16'),
 IPv4Network('10.154.0.0/16'),
 IPv4Network('10.155.0.0/16'),
 IPv4Network('10.156.0.0/16'),
 IPv4Network('10.157.0.0/16'),
 IPv4Network('10.158.0.0/16'),
 IPv4Network('10.159.0.0/16'),
 IPv4Network('10.160.0.0/16'),
 IPv4Network('10.161.0.0/16'),
 IPv4Network('10.162.0.0/16'),
 IPv4Network('10.163.0.0/16'),
 IPv4Network('10.164.0.0/16'),
 IPv4Network('10.165.0.0/16'),
 IPv4Network('10.166.0.0/16'),
 IPv4Network('10.167.0.0/16'),
 IPv4Network('10.168.0.0/16'),
 IPv4Network('10.169.0.0/16'),
 IPv4Network('10.170.0.0/16'),
 IPv4Network('10.171.0.0/16'),
 IPv4Network('10.172.0.0/16'),
 IPv4Network('10.173.0.0/16'),
 IPv4Network('10.174.0.0/16'),
 IPv4Network('10.175.0.0/16'),
 IPv4Network('10.176.0.0/16'),
 IPv4Network('10.177.0.0/16'),
 IPv4Network('10.178.0.0/16'),
 IPv4Network('10.179.0.0/16'),
 IPv4Network('10.180.0.0/16'),
 IPv4Network('10.181.0.0/16'),
 IPv4Network('10.182.0.0/16'),
 IPv4Network('10.183.0.0/16'),
 IPv4Network('10.184.0.0/16'),
 IPv4Network('10.185.0.0/16'),
 IPv4Network('10.186.0.0/16'),
 IPv4Network('10.187.0.0/16'),
 IPv4Network('10.188.0.0/16'),
 IPv4Network('10.189.0.0/16'),
 IPv4Network('10.190.0.0/16'),
 IPv4Network('10.191.0.0/16'),
 IPv4Network('10.192.0.0/16'),
 IPv4Network('10.193.0.0/16'),
 IPv4Network('10.194.0.0/16'),
 IPv4Network('10.195.0.0/16'),
 IPv4Network('10.196.0.0/16'),
 IPv4Network('10.197.0.0/16'),
 IPv4Network('10.198.0.0/16'),
 IPv4Network('10.199.0.0/16'),
 IPv4Network('10.200.0.0/16'),
 IPv4Network('10.201.0.0/16'),
 IPv4Network('10.202.0.0/16'),
 IPv4Network('10.203.0.0/16'),
 IPv4Network('10.204.0.0/16'),
 IPv4Network('10.205.0.0/16'),
 IPv4Network('10.206.0.0/16'),
 IPv4Network('10.207.0.0/16'),
 IPv4Network('10.208.0.0/16'),
 IPv4Network('10.209.0.0/16'),
 IPv4Network('10.210.0.0/16'),
 IPv4Network('10.211.0.0/16'),
 IPv4Network('10.212.0.0/16'),
 IPv4Network('10.213.0.0/16'),
 IPv4Network('10.214.0.0/16'),
 IPv4Network('10.215.0.0/16'),
 IPv4Network('10.216.0.0/16'),
 IPv4Network('10.217.0.0/16'),
 IPv4Network('10.218.0.0/16'),
 IPv4Network('10.219.0.0/16'),
 IPv4Network('10.220.0.0/16'),
 IPv4Network('10.221.0.0/16'),
 IPv4Network('10.222.0.0/16'),
 IPv4Network('10.223.0.0/16'),
 IPv4Network('10.224.0.0/16'),
 IPv4Network('10.225.0.0/16'),
 IPv4Network('10.226.0.0/16'),
 IPv4Network('10.227.0.0/16'),
 IPv4Network('10.228.0.0/16'),
 IPv4Network('10.229.0.0/16'),
 IPv4Network('10.230.0.0/16'),
 IPv4Network('10.231.0.0/16')]
[IPv4Network('10.0.0.0/8'),
 IPv4Network('129.79.0.0/16'),
 IPv4Network('134.68.0.0/16'),
 IPv4Network('140.182.0.0/16'),
 IPv4Network('149.159.0.0/16'),
 IPv4Network('149.160.0.0/14'),
 IPv4Network('156.56.0.0/16'),
 IPv4Network('172.16.0.0/12'),
 IPv4Network('192.168.0.0/24'),
 IPv6Network('::/128'),
 IPv4Network('10.0.0.0/16'),
 IPv4Network('10.1.0.0/16'),
 IPv4Network('10.2.0.0/16'),
 IPv4Network('10.3.0.0/16'),
 IPv4Network('10.4.0.0/16'),
 IPv4Network('10.5.0.0/16'),
 IPv4Network('10.6.0.0/16'),
 IPv4Network('10.7.0.0/16'),
 IPv4Network('10.8.0.0/16'),
 IPv4Network('10.9.0.0/16'),
 IPv4Network('10.10.0.0/16'),
 IPv4Network('10.11.0.0/16'),
 IPv4Network('10.12.0.0/16'),
 IPv4Network('10.13.0.0/16'),
 IPv4Network('10.14.0.0/16'),
 IPv4Network('10.15.0.0/16'),
 IPv4Network('10.16.0.0/16'),
 IPv4Network('10.17.0.0/16'),
 IPv4Network('10.18.0.0/16'),
 IPv4Network('10.19.0.0/16'),
 IPv4Network('10.20.0.0/16'),
 IPv4Network('10.21.0.0/16'),
 IPv4Network('10.22.0.0/16'),
 IPv4Network('10.23.0.0/16'),
 IPv4Network('10.24.0.0/16'),
 IPv4Network('10.25.0.0/16'),
 IPv4Network('10.26.0.0/16'),
 IPv4Network('10.27.0.0/16'),
 IPv4Network('10.28.0.0/16'),
 IPv4Network('10.29.0.0/16'),
 IPv4Network('10.30.0.0/16'),
 IPv4Network('10.31.0.0/16'),
 IPv4Network('10.32.0.0/16'),
 IPv4Network('10.33.0.0/16'),
 IPv4Network('10.34.0.0/16'),
 IPv4Network('10.35.0.0/16'),
 IPv4Network('10.36.0.0/16'),
 IPv4Network('10.37.0.0/16'),
 IPv4Network('10.38.0.0/16'),
 IPv4Network('10.39.0.0/16'),
 IPv4Network('10.40.0.0/16'),
 IPv4Network('10.41.0.0/16'),
 IPv4Network('10.42.0.0/16'),
 IPv4Network('10.43.0.0/16'),
 IPv4Network('10.44.0.0/16'),
 IPv4Network('10.45.0.0/16'),
 IPv4Network('10.46.0.0/16'),
 IPv4Network('10.47.0.0/16'),
 IPv4Network('10.48.0.0/16'),
 IPv4Network('10.49.0.0/16'),
 IPv4Network('10.50.0.0/16'),
 IPv4Network('10.51.0.0/16'),
 IPv4Network('10.52.0.0/16'),
 IPv4Network('10.53.0.0/16'),
 IPv4Network('10.54.0.0/16'),
 IPv4Network('10.55.0.0/16'),
 IPv4Network('10.56.0.0/16'),
 IPv4Network('10.57.0.0/16'),
 IPv4Network('10.58.0.0/16'),
 IPv4Network('10.59.0.0/16'),
 IPv4Network('10.60.0.0/16'),
 IPv4Network('10.61.0.0/16'),
 IPv4Network('10.62.0.0/16'),
 IPv4Network('10.63.0.0/16'),
 IPv4Network('10.64.0.0/16'),
 IPv4Network('10.65.0.0/16'),
 IPv4Network('10.66.0.0/16'),
 IPv4Network('10.67.0.0/16'),
 IPv4Network('10.68.0.0/16'),
 IPv4Network('10.69.0.0/16'),
 IPv4Network('10.70.0.0/16'),
 IPv4Network('10.71.0.0/16'),
 IPv4Network('10.72.0.0/16'),
 IPv4Network('10.73.0.0/16'),
 IPv4Network('10.74.0.0/16'),
 IPv4Network('10.75.0.0/16'),
 IPv4Network('10.76.0.0/16'),
 IPv4Network('10.77.0.0/16'),
 IPv4Network('10.78.0.0/16'),
 IPv4Network('10.79.0.0/16'),
 IPv4Network('10.80.0.0/16'),
 IPv4Network('10.81.0.0/16'),
 IPv4Network('10.82.0.0/16'),
 IPv4Network('10.83.0.0/16'),
 IPv4Network('10.84.0.0/16'),
 IPv4Network('10.85.0.0/16'),
 IPv4Network('10.86.0.0/16'),
 IPv4Network('10.87.0.0/16'),
 IPv4Network('10.88.0.0/16'),
 IPv4Network('10.89.0.0/16'),
 IPv4Network('10.90.0.0/16'),
 IPv4Network('10.91.0.0/16'),
 IPv4Network('10.92.0.0/16'),
 IPv4Network('10.93.0.0/16'),
 IPv4Network('10.94.0.0/16'),
 IPv4Network('10.95.0.0/16'),
 IPv4Network('10.96.0.0/16'),
 IPv4Network('10.97.0.0/16'),
 IPv4Network('10.98.0.0/16'),
 IPv4Network('10.99.0.0/16'),
 IPv4Network('10.100.0.0/16'),
 IPv4Network('10.101.0.0/16'),
 IPv4Network('10.102.0.0/16'),
 IPv4Network('10.103.0.0/16'),
 IPv4Network('10.104.0.0/16'),
 IPv4Network('10.105.0.0/16'),
 IPv4Network('10.106.0.0/16'),
 IPv4Network('10.107.0.0/16'),
 IPv4Network('10.108.0.0/16'),
 IPv4Network('10.109.0.0/16'),
 IPv4Network('10.110.0.0/16'),
 IPv4Network('10.111.0.0/16'),
 IPv4Network('10.112.0.0/16'),
 IPv4Network('10.113.0.0/16'),
 IPv4Network('10.114.0.0/16'),
 IPv4Network('10.115.0.0/16'),
 IPv4Network('10.116.0.0/16'),
 IPv4Network('10.117.0.0/16'),
 IPv4Network('10.118.0.0/16'),
 IPv4Network('10.119.0.0/16'),
 IPv4Network('10.120.0.0/16'),
 IPv4Network('10.121.0.0/16'),
 IPv4Network('10.122.0.0/16'),
 IPv4Network('10.123.0.0/16'),
 IPv4Network('10.124.0.0/16'),
 IPv4Network('10.125.0.0/16'),
 IPv4Network('10.126.0.0/16'),
 IPv4Network('10.127.0.0/16'),
 IPv4Network('10.128.0.0/16'),
 IPv4Network('10.129.0.0/16'),
 IPv4Network('10.130.0.0/16'),
 IPv4Network('10.131.0.0/16'),
 IPv4Network('10.132.0.0/16'),
 IPv4Network('10.133.0.0/16'),
 IPv4Network('10.134.0.0/16'),
 IPv4Network('10.135.0.0/16'),
 IPv4Network('10.136.0.0/16'),
 IPv4Network('10.137.0.0/16'),
 IPv4Network('10.138.0.0/16'),
 IPv4Network('10.139.0.0/16'),
 IPv4Network('10.140.0.0/16'),
 IPv4Network('10.141.0.0/16'),
 IPv4Network('10.142.0.0/16'),
 IPv4Network('10.143.0.0/16'),
 IPv4Network('10.144.0.0/16'),
 IPv4Network('10.145.0.0/16'),
 IPv4Network('10.146.0.0/16'),
 IPv4Network('10.147.0.0/16'),
 IPv4Network('10.148.0.0/16'),
 IPv4Network('10.149.0.0/16'),
 IPv4Network('10.150.0.0/16'),
 IPv4Network('10.151.0.0/16'),
 IPv4Network('10.152.0.0/16'),
 IPv4Network('10.153.0.0/16'),
 IPv4Network('10.154.0.0/16'),
 IPv4Network('10.155.0.0/16'),
 IPv4Network('10.156.0.0/16'),
 IPv4Network('10.157.0.0/16'),
 IPv4Network('10.158.0.0/16'),
 IPv4Network('10.159.0.0/16'),
 IPv4Network('10.160.0.0/16'),
 IPv4Network('10.161.0.0/16'),
 IPv4Network('10.162.0.0/16'),
 IPv4Network('10.163.0.0/16'),
 IPv4Network('10.164.0.0/16'),
 IPv4Network('10.165.0.0/16'),
 IPv4Network('10.166.0.0/16'),
 IPv4Network('10.167.0.0/16'),
 IPv4Network('10.168.0.0/16'),
 IPv4Network('10.169.0.0/16'),
 IPv4Network('10.170.0.0/16'),
 IPv4Network('10.171.0.0/16'),
 IPv4Network('10.172.0.0/16'),
 IPv4Network('10.173.0.0/16'),
 IPv4Network('10.174.0.0/16'),
 IPv4Network('10.175.0.0/16'),
 IPv4Network('10.176.0.0/16'),
 IPv4Network('10.177.0.0/16'),
 IPv4Network('10.178.0.0/16'),
 IPv4Network('10.179.0.0/16'),
 IPv4Network('10.180.0.0/16'),
 IPv4Network('10.181.0.0/16'),
 IPv4Network('10.182.0.0/16'),
 IPv4Network('10.183.0.0/16'),
 IPv4Network('10.184.0.0/16'),
 IPv4Network('10.185.0.0/16'),
 IPv4Network('10.186.0.0/16'),
 IPv4Network('10.187.0.0/16'),
 IPv4Network('10.188.0.0/16'),
 IPv4Network('10.189.0.0/16'),
 IPv4Network('10.190.0.0/16'),
 IPv4Network('10.191.0.0/16'),
 IPv4Network('10.192.0.0/16'),
 IPv4Network('10.193.0.0/16'),
 IPv4Network('10.194.0.0/16'),
 IPv4Network('10.195.0.0/16'),
 IPv4Network('10.196.0.0/16'),
 IPv4Network('10.197.0.0/16'),
 IPv4Network('10.198.0.0/16'),
 IPv4Network('10.199.0.0/16'),
 IPv4Network('10.200.0.0/16'),
 IPv4Network('10.201.0.0/16'),
 IPv4Network('10.202.0.0/16'),
 IPv4Network('10.203.0.0/16'),
 IPv4Network('10.204.0.0/16'),
 IPv4Network('10.205.0.0/16'),
 IPv4Network('10.206.0.0/16'),
 IPv4Network('10.207.0.0/16'),
 IPv4Network('10.208.0.0/16'),
 IPv4Network('10.209.0.0/16'),
 IPv4Network('10.210.0.0/16'),
 IPv4Network('10.211.0.0/16'),
 IPv4Network('10.212.0.0/16'),
 IPv4Network('10.213.0.0/16'),
 IPv4Network('10.214.0.0/16'),
 IPv4Network('10.215.0.0/16'),
 IPv4Network('10.216.0.0/16'),
 IPv4Network('10.217.0.0/16'),
 IPv4Network('10.218.0.0/16'),
 IPv4Network('10.219.0.0/16'),
 IPv4Network('10.220.0.0/16'),
 IPv4Network('10.221.0.0/16'),
 IPv4Network('10.222.0.0/16'),
 IPv4Network('10.223.0.0/16'),
 IPv4Network('10.224.0.0/16'),
 IPv4Network('10.225.0.0/16'),
 IPv4Network('10.226.0.0/16'),
 IPv4Network('10.227.0.0/16'),
 IPv4Network('10.228.0.0/16'),
 IPv4Network('10.229.0.0/16'),
 IPv4Network('10.230.0.0/16'),
 IPv4Network('10.231.0.0/16')]
[IPv4Network('10.0.0.0/8'),
 IPv4Network('129.79.0.0/16'),
 IPv4Network('134.68.0.0/16'),
 IPv4Network('140.182.0.0/16'),
 IPv4Network('149.159.0.0/16'),
 IPv4Network('149.160.0.0/14'),
 IPv4Network('156.56.0.0/16'),
 IPv4Network('172.16.0.0/12'),
 IPv4Network('192.168.0.0/24'),
 IPv6Network('::/128'),
 IPv4Network('10.0.0.0/16'),
 IPv4Network('10.1.0.0/16'),
 IPv4Network('10.2.0.0/16'),
 IPv4Network('10.3.0.0/16'),
 IPv4Network('10.4.0.0/16'),
 IPv4Network('10.5.0.0/16'),
 IPv4Network('10.6.0.0/16'),
 IPv4Network('10.7.0.0/16'),
 IPv4Network('10.8.0.0/16'),
 IPv4Network('10.9.0.0/16'),
 IPv4Network('10.10.0.0/16'),
 IPv4Network('10.11.0.0/16'),
 IPv4Network('10.12.0.0/16'),
 IPv4Network('10.13.0.0/16'),
 IPv4Network('10.14.0.0/16'),
 IPv4Network('10.15.0.0/16'),
 IPv4Network('10.16.0.0/16'),
 IPv4Network('10.17.0.0/16'),
 IPv4Network('10.18.0.0/16'),
 IPv4Network('10.19.0.0/16'),
 IPv4Network('10.20.0.0/16'),
 IPv4Network('10.21.0.0/16'),
 IPv4Network('10.22.0.0/16'),
 IPv4Network('10.23.0.0/16'),
 IPv4Network('10.24.0.0/16'),
 IPv4Network('10.25.0.0/16'),
 IPv4Network('10.26.0.0/16'),
 IPv4Network('10.27.0.0/16'),
 IPv4Network('10.28.0.0/16'),
 IPv4Network('10.29.0.0/16'),
 IPv4Network('10.30.0.0/16'),
 IPv4Network('10.31.0.0/16'),
 IPv4Network('10.32.0.0/16'),
 IPv4Network('10.33.0.0/16'),
 IPv4Network('10.34.0.0/16'),
 IPv4Network('10.35.0.0/16'),
 IPv4Network('10.36.0.0/16'),
 IPv4Network('10.37.0.0/16'),
 IPv4Network('10.38.0.0/16'),
 IPv4Network('10.39.0.0/16'),
 IPv4Network('10.40.0.0/16'),
 IPv4Network('10.41.0.0/16'),
 IPv4Network('10.42.0.0/16'),
 IPv4Network('10.43.0.0/16'),
 IPv4Network('10.44.0.0/16'),
 IPv4Network('10.45.0.0/16'),
 IPv4Network('10.46.0.0/16'),
 IPv4Network('10.47.0.0/16'),
 IPv4Network('10.48.0.0/16'),
 IPv4Network('10.49.0.0/16'),
 IPv4Network('10.50.0.0/16'),
 IPv4Network('10.51.0.0/16'),
 IPv4Network('10.52.0.0/16'),
 IPv4Network('10.53.0.0/16'),
 IPv4Network('10.54.0.0/16'),
 IPv4Network('10.55.0.0/16'),
 IPv4Network('10.56.0.0/16'),
 IPv4Network('10.57.0.0/16'),
 IPv4Network('10.58.0.0/16'),
 IPv4Network('10.59.0.0/16'),
 IPv4Network('10.60.0.0/16'),
 IPv4Network('10.61.0.0/16'),
 IPv4Network('10.62.0.0/16'),
 IPv4Network('10.63.0.0/16'),
 IPv4Network('10.64.0.0/16'),
 IPv4Network('10.65.0.0/16'),
 IPv4Network('10.66.0.0/16'),
 IPv4Network('10.67.0.0/16'),
 IPv4Network('10.68.0.0/16'),
 IPv4Network('10.69.0.0/16'),
 IPv4Network('10.70.0.0/16'),
 IPv4Network('10.71.0.0/16'),
 IPv4Network('10.72.0.0/16'),
 IPv4Network('10.73.0.0/16'),
 IPv4Network('10.74.0.0/16'),
 IPv4Network('10.75.0.0/16'),
 IPv4Network('10.76.0.0/16'),
 IPv4Network('10.77.0.0/16'),
 IPv4Network('10.78.0.0/16'),
 IPv4Network('10.79.0.0/16'),
 IPv4Network('10.80.0.0/16'),
 IPv4Network('10.81.0.0/16'),
 IPv4Network('10.82.0.0/16'),
 IPv4Network('10.83.0.0/16'),
 IPv4Network('10.84.0.0/16'),
 IPv4Network('10.85.0.0/16'),
 IPv4Network('10.86.0.0/16'),
 IPv4Network('10.87.0.0/16'),
 IPv4Network('10.88.0.0/16'),
 IPv4Network('10.89.0.0/16'),
 IPv4Network('10.90.0.0/16'),
 IPv4Network('10.91.0.0/16'),
 IPv4Network('10.92.0.0/16'),
 IPv4Network('10.93.0.0/16'),
 IPv4Network('10.94.0.0/16'),
 IPv4Network('10.95.0.0/16'),
 IPv4Network('10.96.0.0/16'),
 IPv4Network('10.97.0.0/16'),
 IPv4Network('10.98.0.0/16'),
 IPv4Network('10.99.0.0/16'),
 IPv4Network('10.100.0.0/16'),
 IPv4Network('10.101.0.0/16'),
 IPv4Network('10.102.0.0/16'),
 IPv4Network('10.103.0.0/16'),
 IPv4Network('10.104.0.0/16'),
 IPv4Network('10.105.0.0/16'),
 IPv4Network('10.106.0.0/16'),
 IPv4Network('10.107.0.0/16'),
 IPv4Network('10.108.0.0/16'),
 IPv4Network('10.109.0.0/16'),
 IPv4Network('10.110.0.0/16'),
 IPv4Network('10.111.0.0/16'),
 IPv4Network('10.112.0.0/16'),
 IPv4Network('10.113.0.0/16'),
 IPv4Network('10.114.0.0/16'),
 IPv4Network('10.115.0.0/16'),
 IPv4Network('10.116.0.0/16'),
 IPv4Network('10.117.0.0/16'),
 IPv4Network('10.118.0.0/16'),
 IPv4Network('10.119.0.0/16'),
 IPv4Network('10.120.0.0/16'),
 IPv4Network('10.121.0.0/16'),
 IPv4Network('10.122.0.0/16'),
 IPv4Network('10.123.0.0/16'),
 IPv4Network('10.124.0.0/16'),
 IPv4Network('10.125.0.0/16'),
 IPv4Network('10.126.0.0/16'),
 IPv4Network('10.127.0.0/16'),
 IPv4Network('10.128.0.0/16'),
 IPv4Network('10.129.0.0/16'),
 IPv4Network('10.130.0.0/16'),
 IPv4Network('10.131.0.0/16'),
 IPv4Network('10.132.0.0/16'),
 IPv4Network('10.133.0.0/16'),
 IPv4Network('10.134.0.0/16'),
 IPv4Network('10.135.0.0/16'),
 IPv4Network('10.136.0.0/16'),
 IPv4Network('10.137.0.0/16'),
 IPv4Network('10.138.0.0/16'),
 IPv4Network('10.139.0.0/16'),
 IPv4Network('10.140.0.0/16'),
 IPv4Network('10.141.0.0/16'),
 IPv4Network('10.142.0.0/16'),
 IPv4Network('10.143.0.0/16'),
 IPv4Network('10.144.0.0/16'),
 IPv4Network('10.145.0.0/16'),
 IPv4Network('10.146.0.0/16'),
 IPv4Network('10.147.0.0/16'),
 IPv4Network('10.148.0.0/16'),
 IPv4Network('10.149.0.0/16'),
 IPv4Network('10.150.0.0/16'),
 IPv4Network('10.151.0.0/16'),
 IPv4Network('10.152.0.0/16'),
 IPv4Network('10.153.0.0/16'),
 IPv4Network('10.154.0.0/16'),
 IPv4Network('10.155.0.0/16'),
 IPv4Network('10.156.0.0/16'),
 IPv4Network('10.157.0.0/16'),
 IPv4Network('10.158.0.0/16'),
 IPv4Network('10.159.0.0/16'),
 IPv4Network('10.160.0.0/16'),
 IPv4Network('10.161.0.0/16'),
 IPv4Network('10.162.0.0/16'),
 IPv4Network('10.163.0.0/16'),
 IPv4Network('10.164.0.0/16'),
 IPv4Network('10.165.0.0/16'),
 IPv4Network('10.166.0.0/16'),
 IPv4Network('10.167.0.0/16'),
 IPv4Network('10.168.0.0/16'),
 IPv4Network('10.169.0.0/16'),
 IPv4Network('10.170.0.0/16'),
 IPv4Network('10.171.0.0/16'),
 IPv4Network('10.172.0.0/16'),
 IPv4Network('10.173.0.0/16'),
 IPv4Network('10.174.0.0/16'),
 IPv4Network('10.175.0.0/16'),
 IPv4Network('10.176.0.0/16'),
 IPv4Network('10.177.0.0/16'),
 IPv4Network('10.178.0.0/16'),
 IPv4Network('10.179.0.0/16'),
 IPv4Network('10.180.0.0/16'),
 IPv4Network('10.181.0.0/16'),
 IPv4Network('10.182.0.0/16'),
 IPv4Network('10.183.0.0/16'),
 IPv4Network('10.184.0.0/16'),
 IPv4Network('10.185.0.0/16'),
 IPv4Network('10.186.0.0/16'),
 IPv4Network('10.187.0.0/16'),
 IPv4Network('10.188.0.0/16'),
 IPv4Network('10.189.0.0/16'),
 IPv4Network('10.190.0.0/16'),
 IPv4Network('10.191.0.0/16'),
 IPv4Network('10.192.0.0/16'),
 IPv4Network('10.193.0.0/16'),
 IPv4Network('10.194.0.0/16'),
 IPv4Network('10.195.0.0/16'),
 IPv4Network('10.196.0.0/16'),
 IPv4Network('10.197.0.0/16'),
 IPv4Network('10.198.0.0/16'),
 IPv4Network('10.199.0.0/16'),
 IPv4Network('10.200.0.0/16'),
 IPv4Network('10.201.0.0/16'),
 IPv4Network('10.202.0.0/16'),
 IPv4Network('10.203.0.0/16'),
 IPv4Network('10.204.0.0/16'),
 IPv4Network('10.205.0.0/16'),
 IPv4Network('10.206.0.0/16'),
 IPv4Network('10.207.0.0/16'),
 IPv4Network('10.208.0.0/16'),
 IPv4Network('10.209.0.0/16'),
 IPv4Network('10.210.0.0/16'),
 IPv4Network('10.211.0.0/16'),
 IPv4Network('10.212.0.0/16'),
 IPv4Network('10.213.0.0/16'),
 IPv4Network('10.214.0.0/16'),
 IPv4Network('10.215.0.0/16'),
 IPv4Network('10.216.0.0/16'),
 IPv4Network('10.217.0.0/16'),
 IPv4Network('10.218.0.0/16'),
 IPv4Network('10.219.0.0/16'),
 IPv4Network('10.220.0.0/16'),
 IPv4Network('10.221.0.0/16'),
 IPv4Network('10.222.0.0/16'),
 IPv4Network('10.223.0.0/16'),
 IPv4Network('10.224.0.0/16'),
 IPv4Network('10.225.0.0/16'),
 IPv4Network('10.226.0.0/16'),
 IPv4Network('10.227.0.0/16'),
 IPv4Network('10.228.0.0/16'),
 IPv4Network('10.229.0.0/16'),
 IPv4Network('10.230.0.0/16'),
 IPv4Network('10.231.0.0/16'),
 IPv4Network('10.232.0.0/16'),
 IPv4Network('10.233.0.0/16')]
[IPv4Network('10.0.0.0/8'),
 IPv4Network('129.79.0.0/16'),
 IPv4Network('134.68.0.0/16'),
 IPv4Network('140.182.0.0/16'),
 IPv4Network('149.159.0.0/16'),
 IPv4Network('149.160.0.0/14'),
 IPv4Network('156.56.0.0/16'),
 IPv4Network('172.16.0.0/12'),
 IPv4Network('192.168.0.0/24'),
 IPv6Network('::/128'),
 IPv4Network('10.0.0.0/16'),
 IPv4Network('10.1.0.0/16'),
 IPv4Network('10.2.0.0/16'),
 IPv4Network('10.3.0.0/16'),
 IPv4Network('10.4.0.0/16'),
 IPv4Network('10.5.0.0/16'),
 IPv4Network('10.6.0.0/16'),
 IPv4Network('10.7.0.0/16'),
 IPv4Network('10.8.0.0/16'),
 IPv4Network('10.9.0.0/16'),
 IPv4Network('10.10.0.0/16'),
 IPv4Network('10.11.0.0/16'),
 IPv4Network('10.12.0.0/16'),
 IPv4Network('10.13.0.0/16'),
 IPv4Network('10.14.0.0/16'),
 IPv4Network('10.15.0.0/16'),
 IPv4Network('10.16.0.0/16'),
 IPv4Network('10.17.0.0/16'),
 IPv4Network('10.18.0.0/16'),
 IPv4Network('10.19.0.0/16'),
 IPv4Network('10.20.0.0/16'),
 IPv4Network('10.21.0.0/16'),
 IPv4Network('10.22.0.0/16'),
 IPv4Network('10.23.0.0/16'),
 IPv4Network('10.24.0.0/16'),
 IPv4Network('10.25.0.0/16'),
 IPv4Network('10.26.0.0/16'),
 IPv4Network('10.27.0.0/16'),
 IPv4Network('10.28.0.0/16'),
 IPv4Network('10.29.0.0/16'),
 IPv4Network('10.30.0.0/16'),
 IPv4Network('10.31.0.0/16'),
 IPv4Network('10.32.0.0/16'),
 IPv4Network('10.33.0.0/16'),
 IPv4Network('10.34.0.0/16'),
 IPv4Network('10.35.0.0/16'),
 IPv4Network('10.36.0.0/16'),
 IPv4Network('10.37.0.0/16'),
 IPv4Network('10.38.0.0/16'),
 IPv4Network('10.39.0.0/16'),
 IPv4Network('10.40.0.0/16'),
 IPv4Network('10.41.0.0/16'),
 IPv4Network('10.42.0.0/16'),
 IPv4Network('10.43.0.0/16'),
 IPv4Network('10.44.0.0/16'),
 IPv4Network('10.45.0.0/16'),
 IPv4Network('10.46.0.0/16'),
 IPv4Network('10.47.0.0/16'),
 IPv4Network('10.48.0.0/16'),
 IPv4Network('10.49.0.0/16'),
 IPv4Network('10.50.0.0/16'),
 IPv4Network('10.51.0.0/16'),
 IPv4Network('10.52.0.0/16'),
 IPv4Network('10.53.0.0/16'),
 IPv4Network('10.54.0.0/16'),
 IPv4Network('10.55.0.0/16'),
 IPv4Network('10.56.0.0/16'),
 IPv4Network('10.57.0.0/16'),
 IPv4Network('10.58.0.0/16'),
 IPv4Network('10.59.0.0/16'),
 IPv4Network('10.60.0.0/16'),
 IPv4Network('10.61.0.0/16'),
 IPv4Network('10.62.0.0/16'),
 IPv4Network('10.63.0.0/16'),
 IPv4Network('10.64.0.0/16'),
 IPv4Network('10.65.0.0/16'),
 IPv4Network('10.66.0.0/16'),
 IPv4Network('10.67.0.0/16'),
 IPv4Network('10.68.0.0/16'),
 IPv4Network('10.69.0.0/16'),
 IPv4Network('10.70.0.0/16'),
 IPv4Network('10.71.0.0/16'),
 IPv4Network('10.72.0.0/16'),
 IPv4Network('10.73.0.0/16'),
 IPv4Network('10.74.0.0/16'),
 IPv4Network('10.75.0.0/16'),
 IPv4Network('10.76.0.0/16'),
 IPv4Network('10.77.0.0/16'),
 IPv4Network('10.78.0.0/16'),
 IPv4Network('10.79.0.0/16'),
 IPv4Network('10.80.0.0/16'),
 IPv4Network('10.81.0.0/16'),
 IPv4Network('10.82.0.0/16'),
 IPv4Network('10.83.0.0/16'),
 IPv4Network('10.84.0.0/16'),
 IPv4Network('10.85.0.0/16'),
 IPv4Network('10.86.0.0/16'),
 IPv4Network('10.87.0.0/16'),
 IPv4Network('10.88.0.0/16'),
 IPv4Network('10.89.0.0/16'),
 IPv4Network('10.90.0.0/16'),
 IPv4Network('10.91.0.0/16'),
 IPv4Network('10.92.0.0/16'),
 IPv4Network('10.93.0.0/16'),
 IPv4Network('10.94.0.0/16'),
 IPv4Network('10.95.0.0/16'),
 IPv4Network('10.96.0.0/16'),
 IPv4Network('10.97.0.0/16'),
 IPv4Network('10.98.0.0/16'),
 IPv4Network('10.99.0.0/16'),
 IPv4Network('10.100.0.0/16'),
 IPv4Network('10.101.0.0/16'),
 IPv4Network('10.102.0.0/16'),
 IPv4Network('10.103.0.0/16'),
 IPv4Network('10.104.0.0/16'),
 IPv4Network('10.105.0.0/16'),
 IPv4Network('10.106.0.0/16'),
 IPv4Network('10.107.0.0/16'),
 IPv4Network('10.108.0.0/16'),
 IPv4Network('10.109.0.0/16'),
 IPv4Network('10.110.0.0/16'),
 IPv4Network('10.111.0.0/16'),
 IPv4Network('10.112.0.0/16'),
 IPv4Network('10.113.0.0/16'),
 IPv4Network('10.114.0.0/16'),
 IPv4Network('10.115.0.0/16'),
 IPv4Network('10.116.0.0/16'),
 IPv4Network('10.117.0.0/16'),
 IPv4Network('10.118.0.0/16'),
 IPv4Network('10.119.0.0/16'),
 IPv4Network('10.120.0.0/16'),
 IPv4Network('10.121.0.0/16'),
 IPv4Network('10.122.0.0/16'),
 IPv4Network('10.123.0.0/16'),
 IPv4Network('10.124.0.0/16'),
 IPv4Network('10.125.0.0/16'),
 IPv4Network('10.126.0.0/16'),
 IPv4Network('10.127.0.0/16'),
 IPv4Network('10.128.0.0/16'),
 IPv4Network('10.129.0.0/16'),
 IPv4Network('10.130.0.0/16'),
 IPv4Network('10.131.0.0/16'),
 IPv4Network('10.132.0.0/16'),
 IPv4Network('10.133.0.0/16'),
 IPv4Network('10.134.0.0/16'),
 IPv4Network('10.135.0.0/16'),
 IPv4Network('10.136.0.0/16'),
 IPv4Network('10.137.0.0/16'),
 IPv4Network('10.138.0.0/16'),
 IPv4Network('10.139.0.0/16'),
 IPv4Network('10.140.0.0/16'),
 IPv4Network('10.141.0.0/16'),
 IPv4Network('10.142.0.0/16'),
 IPv4Network('10.143.0.0/16'),
 IPv4Network('10.144.0.0/16'),
 IPv4Network('10.145.0.0/16'),
 IPv4Network('10.146.0.0/16'),
 IPv4Network('10.147.0.0/16'),
 IPv4Network('10.148.0.0/16'),
 IPv4Network('10.149.0.0/16'),
 IPv4Network('10.150.0.0/16'),
 IPv4Network('10.151.0.0/16'),
 IPv4Network('10.152.0.0/16'),
 IPv4Network('10.153.0.0/16'),
 IPv4Network('10.154.0.0/16'),
 IPv4Network('10.155.0.0/16'),
 IPv4Network('10.156.0.0/16'),
 IPv4Network('10.157.0.0/16'),
 IPv4Network('10.158.0.0/16'),
 IPv4Network('10.159.0.0/16'),
 IPv4Network('10.160.0.0/16'),
 IPv4Network('10.161.0.0/16'),
 IPv4Network('10.162.0.0/16'),
 IPv4Network('10.163.0.0/16'),
 IPv4Network('10.164.0.0/16'),
 IPv4Network('10.165.0.0/16'),
 IPv4Network('10.166.0.0/16'),
 IPv4Network('10.167.0.0/16'),
 IPv4Network('10.168.0.0/16'),
 IPv4Network('10.169.0.0/16'),
 IPv4Network('10.170.0.0/16'),
 IPv4Network('10.171.0.0/16'),
 IPv4Network('10.172.0.0/16'),
 IPv4Network('10.173.0.0/16'),
 IPv4Network('10.174.0.0/16'),
 IPv4Network('10.175.0.0/16'),
 IPv4Network('10.176.0.0/16'),
 IPv4Network('10.177.0.0/16'),
 IPv4Network('10.178.0.0/16'),
 IPv4Network('10.179.0.0/16'),
 IPv4Network('10.180.0.0/16'),
 IPv4Network('10.181.0.0/16'),
 IPv4Network('10.182.0.0/16'),
 IPv4Network('10.183.0.0/16'),
 IPv4Network('10.184.0.0/16'),
 IPv4Network('10.185.0.0/16'),
 IPv4Network('10.186.0.0/16'),
 IPv4Network('10.187.0.0/16'),
 IPv4Network('10.188.0.0/16'),
 IPv4Network('10.189.0.0/16'),
 IPv4Network('10.190.0.0/16'),
 IPv4Network('10.191.0.0/16'),
 IPv4Network('10.192.0.0/16'),
 IPv4Network('10.193.0.0/16'),
 IPv4Network('10.194.0.0/16'),
 IPv4Network('10.195.0.0/16'),
 IPv4Network('10.196.0.0/16'),
 IPv4Network('10.197.0.0/16'),
 IPv4Network('10.198.0.0/16'),
 IPv4Network('10.199.0.0/16'),
 IPv4Network('10.200.0.0/16'),
 IPv4Network('10.201.0.0/16'),
 IPv4Network('10.202.0.0/16'),
 IPv4Network('10.203.0.0/16'),
 IPv4Network('10.204.0.0/16'),
 IPv4Network('10.205.0.0/16'),
 IPv4Network('10.206.0.0/16'),
 IPv4Network('10.207.0.0/16'),
 IPv4Network('10.208.0.0/16'),
 IPv4Network('10.209.0.0/16'),
 IPv4Network('10.210.0.0/16'),
 IPv4Network('10.211.0.0/16'),
 IPv4Network('10.212.0.0/16'),
 IPv4Network('10.213.0.0/16'),
 IPv4Network('10.214.0.0/16'),
 IPv4Network('10.215.0.0/16'),
 IPv4Network('10.216.0.0/16'),
 IPv4Network('10.217.0.0/16'),
 IPv4Network('10.218.0.0/16'),
 IPv4Network('10.219.0.0/16'),
 IPv4Network('10.220.0.0/16'),
 IPv4Network('10.221.0.0/16'),
 IPv4Network('10.222.0.0/16'),
 IPv4Network('10.223.0.0/16'),
 IPv4Network('10.224.0.0/16'),
 IPv4Network('10.225.0.0/16'),
 IPv4Network('10.226.0.0/16'),
 IPv4Network('10.227.0.0/16'),
 IPv4Network('10.228.0.0/16'),
 IPv4Network('10.229.0.0/16'),
 IPv4Network('10.230.0.0/16'),
 IPv4Network('10.231.0.0/16'),
 IPv4Network('10.232.0.0/16'),
 IPv4Network('10.233.0.0/16'),
 IPv4Network('10.234.0.0/16'),
 IPv4Network('10.235.0.0/16')]
[IPv4Network('10.0.0.0/8'),
 IPv4Network('129.79.0.0/16'),
 IPv4Network('134.68.0.0/16'),
 IPv4Network('140.182.0.0/16'),
 IPv4Network('149.159.0.0/16'),
 IPv4Network('149.160.0.0/14'),
 IPv4Network('156.56.0.0/16'),
 IPv4Network('172.16.0.0/12'),
 IPv4Network('192.168.0.0/24'),
 IPv6Network('::/128'),
 IPv4Network('10.0.0.0/16'),
 IPv4Network('10.1.0.0/16'),
 IPv4Network('10.2.0.0/16'),
 IPv4Network('10.3.0.0/16'),
 IPv4Network('10.4.0.0/16'),
 IPv4Network('10.5.0.0/16'),
 IPv4Network('10.6.0.0/16'),
 IPv4Network('10.7.0.0/16'),
 IPv4Network('10.8.0.0/16'),
 IPv4Network('10.9.0.0/16'),
 IPv4Network('10.10.0.0/16'),
 IPv4Network('10.11.0.0/16'),
 IPv4Network('10.12.0.0/16'),
 IPv4Network('10.13.0.0/16'),
 IPv4Network('10.14.0.0/16'),
 IPv4Network('10.15.0.0/16'),
 IPv4Network('10.16.0.0/16'),
 IPv4Network('10.17.0.0/16'),
 IPv4Network('10.18.0.0/16'),
 IPv4Network('10.19.0.0/16'),
 IPv4Network('10.20.0.0/16'),
 IPv4Network('10.21.0.0/16'),
 IPv4Network('10.22.0.0/16'),
 IPv4Network('10.23.0.0/16'),
 IPv4Network('10.24.0.0/16'),
 IPv4Network('10.25.0.0/16'),
 IPv4Network('10.26.0.0/16'),
 IPv4Network('10.27.0.0/16'),
 IPv4Network('10.28.0.0/16'),
 IPv4Network('10.29.0.0/16'),
 IPv4Network('10.30.0.0/16'),
 IPv4Network('10.31.0.0/16'),
 IPv4Network('10.32.0.0/16'),
 IPv4Network('10.33.0.0/16'),
 IPv4Network('10.34.0.0/16'),
 IPv4Network('10.35.0.0/16'),
 IPv4Network('10.36.0.0/16'),
 IPv4Network('10.37.0.0/16'),
 IPv4Network('10.38.0.0/16'),
 IPv4Network('10.39.0.0/16'),
 IPv4Network('10.40.0.0/16'),
 IPv4Network('10.41.0.0/16'),
 IPv4Network('10.42.0.0/16'),
 IPv4Network('10.43.0.0/16'),
 IPv4Network('10.44.0.0/16'),
 IPv4Network('10.45.0.0/16'),
 IPv4Network('10.46.0.0/16'),
 IPv4Network('10.47.0.0/16'),
 IPv4Network('10.48.0.0/16'),
 IPv4Network('10.49.0.0/16'),
 IPv4Network('10.50.0.0/16'),
 IPv4Network('10.51.0.0/16'),
 IPv4Network('10.52.0.0/16'),
 IPv4Network('10.53.0.0/16'),
 IPv4Network('10.54.0.0/16'),
 IPv4Network('10.55.0.0/16'),
 IPv4Network('10.56.0.0/16'),
 IPv4Network('10.57.0.0/16'),
 IPv4Network('10.58.0.0/16'),
 IPv4Network('10.59.0.0/16'),
 IPv4Network('10.60.0.0/16'),
 IPv4Network('10.61.0.0/16'),
 IPv4Network('10.62.0.0/16'),
 IPv4Network('10.63.0.0/16'),
 IPv4Network('10.64.0.0/16'),
 IPv4Network('10.65.0.0/16'),
 IPv4Network('10.66.0.0/16'),
 IPv4Network('10.67.0.0/16'),
 IPv4Network('10.68.0.0/16'),
 IPv4Network('10.69.0.0/16'),
 IPv4Network('10.70.0.0/16'),
 IPv4Network('10.71.0.0/16'),
 IPv4Network('10.72.0.0/16'),
 IPv4Network('10.73.0.0/16'),
 IPv4Network('10.74.0.0/16'),
 IPv4Network('10.75.0.0/16'),
 IPv4Network('10.76.0.0/16'),
 IPv4Network('10.77.0.0/16'),
 IPv4Network('10.78.0.0/16'),
 IPv4Network('10.79.0.0/16'),
 IPv4Network('10.80.0.0/16'),
 IPv4Network('10.81.0.0/16'),
 IPv4Network('10.82.0.0/16'),
 IPv4Network('10.83.0.0/16'),
 IPv4Network('10.84.0.0/16'),
 IPv4Network('10.85.0.0/16'),
 IPv4Network('10.86.0.0/16'),
 IPv4Network('10.87.0.0/16'),
 IPv4Network('10.88.0.0/16'),
 IPv4Network('10.89.0.0/16'),
 IPv4Network('10.90.0.0/16'),
 IPv4Network('10.91.0.0/16'),
 IPv4Network('10.92.0.0/16'),
 IPv4Network('10.93.0.0/16'),
 IPv4Network('10.94.0.0/16'),
 IPv4Network('10.95.0.0/16'),
 IPv4Network('10.96.0.0/16'),
 IPv4Network('10.97.0.0/16'),
 IPv4Network('10.98.0.0/16'),
 IPv4Network('10.99.0.0/16'),
 IPv4Network('10.100.0.0/16'),
 IPv4Network('10.101.0.0/16'),
 IPv4Network('10.102.0.0/16'),
 IPv4Network('10.103.0.0/16'),
 IPv4Network('10.104.0.0/16'),
 IPv4Network('10.105.0.0/16'),
 IPv4Network('10.106.0.0/16'),
 IPv4Network('10.107.0.0/16'),
 IPv4Network('10.108.0.0/16'),
 IPv4Network('10.109.0.0/16'),
 IPv4Network('10.110.0.0/16'),
 IPv4Network('10.111.0.0/16'),
 IPv4Network('10.112.0.0/16'),
 IPv4Network('10.113.0.0/16'),
 IPv4Network('10.114.0.0/16'),
 IPv4Network('10.115.0.0/16'),
 IPv4Network('10.116.0.0/16'),
 IPv4Network('10.117.0.0/16'),
 IPv4Network('10.118.0.0/16'),
 IPv4Network('10.119.0.0/16'),
 IPv4Network('10.120.0.0/16'),
 IPv4Network('10.121.0.0/16'),
 IPv4Network('10.122.0.0/16'),
 IPv4Network('10.123.0.0/16'),
 IPv4Network('10.124.0.0/16'),
 IPv4Network('10.125.0.0/16'),
 IPv4Network('10.126.0.0/16'),
 IPv4Network('10.127.0.0/16'),
 IPv4Network('10.128.0.0/16'),
 IPv4Network('10.129.0.0/16'),
 IPv4Network('10.130.0.0/16'),
 IPv4Network('10.131.0.0/16'),
 IPv4Network('10.132.0.0/16'),
 IPv4Network('10.133.0.0/16'),
 IPv4Network('10.134.0.0/16'),
 IPv4Network('10.135.0.0/16'),
 IPv4Network('10.136.0.0/16'),
 IPv4Network('10.137.0.0/16'),
 IPv4Network('10.138.0.0/16'),
 IPv4Network('10.139.0.0/16'),
 IPv4Network('10.140.0.0/16'),
 IPv4Network('10.141.0.0/16'),
 IPv4Network('10.142.0.0/16'),
 IPv4Network('10.143.0.0/16'),
 IPv4Network('10.144.0.0/16'),
 IPv4Network('10.145.0.0/16'),
 IPv4Network('10.146.0.0/16'),
 IPv4Network('10.147.0.0/16'),
 IPv4Network('10.148.0.0/16'),
 IPv4Network('10.149.0.0/16'),
 IPv4Network('10.150.0.0/16'),
 IPv4Network('10.151.0.0/16'),
 IPv4Network('10.152.0.0/16'),
 IPv4Network('10.153.0.0/16'),
 IPv4Network('10.154.0.0/16'),
 IPv4Network('10.155.0.0/16'),
 IPv4Network('10.156.0.0/16'),
 IPv4Network('10.157.0.0/16'),
 IPv4Network('10.158.0.0/16'),
 IPv4Network('10.159.0.0/16'),
 IPv4Network('10.160.0.0/16'),
 IPv4Network('10.161.0.0/16'),
 IPv4Network('10.162.0.0/16'),
 IPv4Network('10.163.0.0/16'),
 IPv4Network('10.164.0.0/16'),
 IPv4Network('10.165.0.0/16'),
 IPv4Network('10.166.0.0/16'),
 IPv4Network('10.167.0.0/16'),
 IPv4Network('10.168.0.0/16'),
 IPv4Network('10.169.0.0/16'),
 IPv4Network('10.170.0.0/16'),
 IPv4Network('10.171.0.0/16'),
 IPv4Network('10.172.0.0/16'),
 IPv4Network('10.173.0.0/16'),
 IPv4Network('10.174.0.0/16'),
 IPv4Network('10.175.0.0/16'),
 IPv4Network('10.176.0.0/16'),
 IPv4Network('10.177.0.0/16'),
 IPv4Network('10.178.0.0/16'),
 IPv4Network('10.179.0.0/16'),
 IPv4Network('10.180.0.0/16'),
 IPv4Network('10.181.0.0/16'),
 IPv4Network('10.182.0.0/16'),
 IPv4Network('10.183.0.0/16'),
 IPv4Network('10.184.0.0/16'),
 IPv4Network('10.185.0.0/16'),
 IPv4Network('10.186.0.0/16'),
 IPv4Network('10.187.0.0/16'),
 IPv4Network('10.188.0.0/16'),
 IPv4Network('10.189.0.0/16'),
 IPv4Network('10.190.0.0/16'),
 IPv4Network('10.191.0.0/16'),
 IPv4Network('10.192.0.0/16'),
 IPv4Network('10.193.0.0/16'),
 IPv4Network('10.194.0.0/16'),
 IPv4Network('10.195.0.0/16'),
 IPv4Network('10.196.0.0/16'),
 IPv4Network('10.197.0.0/16'),
 IPv4Network('10.198.0.0/16'),
 IPv4Network('10.199.0.0/16'),
 IPv4Network('10.200.0.0/16'),
 IPv4Network('10.201.0.0/16'),
 IPv4Network('10.202.0.0/16'),
 IPv4Network('10.203.0.0/16'),
 IPv4Network('10.204.0.0/16'),
 IPv4Network('10.205.0.0/16'),
 IPv4Network('10.206.0.0/16'),
 IPv4Network('10.207.0.0/16'),
 IPv4Network('10.208.0.0/16'),
 IPv4Network('10.209.0.0/16'),
 IPv4Network('10.210.0.0/16'),
 IPv4Network('10.211.0.0/16'),
 IPv4Network('10.212.0.0/16'),
 IPv4Network('10.213.0.0/16'),
 IPv4Network('10.214.0.0/16'),
 IPv4Network('10.215.0.0/16'),
 IPv4Network('10.216.0.0/16'),
 IPv4Network('10.217.0.0/16'),
 IPv4Network('10.218.0.0/16'),
 IPv4Network('10.219.0.0/16'),
 IPv4Network('10.220.0.0/16'),
 IPv4Network('10.221.0.0/16'),
 IPv4Network('10.222.0.0/16'),
 IPv4Network('10.223.0.0/16'),
 IPv4Network('10.224.0.0/16'),
 IPv4Network('10.225.0.0/16'),
 IPv4Network('10.226.0.0/16'),
 IPv4Network('10.227.0.0/16'),
 IPv4Network('10.228.0.0/16'),
 IPv4Network('10.229.0.0/16'),
 IPv4Network('10.230.0.0/16'),
 IPv4Network('10.231.0.0/16'),
 IPv4Network('10.232.0.0/16'),
 IPv4Network('10.233.0.0/16'),
 IPv4Network('10.234.0.0/16'),
 IPv4Network('10.235.0.0/16')]
[IPv4Network('10.0.0.0/8'),
 IPv4Network('129.79.0.0/16'),
 IPv4Network('134.68.0.0/16'),
 IPv4Network('140.182.0.0/16'),
 IPv4Network('149.159.0.0/16'),
 IPv4Network('149.160.0.0/14'),
 IPv4Network('156.56.0.0/16'),
 IPv4Network('172.16.0.0/12'),
 IPv4Network('192.168.0.0/24'),
 IPv6Network('::/128'),
 IPv4Network('10.0.0.0/16'),
 IPv4Network('10.1.0.0/16'),
 IPv4Network('10.2.0.0/16'),
 IPv4Network('10.3.0.0/16'),
 IPv4Network('10.4.0.0/16'),
 IPv4Network('10.5.0.0/16'),
 IPv4Network('10.6.0.0/16'),
 IPv4Network('10.7.0.0/16'),
 IPv4Network('10.8.0.0/16'),
 IPv4Network('10.9.0.0/16'),
 IPv4Network('10.10.0.0/16'),
 IPv4Network('10.11.0.0/16'),
 IPv4Network('10.12.0.0/16'),
 IPv4Network('10.13.0.0/16'),
 IPv4Network('10.14.0.0/16'),
 IPv4Network('10.15.0.0/16'),
 IPv4Network('10.16.0.0/16'),
 IPv4Network('10.17.0.0/16'),
 IPv4Network('10.18.0.0/16'),
 IPv4Network('10.19.0.0/16'),
 IPv4Network('10.20.0.0/16'),
 IPv4Network('10.21.0.0/16'),
 IPv4Network('10.22.0.0/16'),
 IPv4Network('10.23.0.0/16'),
 IPv4Network('10.24.0.0/16'),
 IPv4Network('10.25.0.0/16'),
 IPv4Network('10.26.0.0/16'),
 IPv4Network('10.27.0.0/16'),
 IPv4Network('10.28.0.0/16'),
 IPv4Network('10.29.0.0/16'),
 IPv4Network('10.30.0.0/16'),
 IPv4Network('10.31.0.0/16'),
 IPv4Network('10.32.0.0/16'),
 IPv4Network('10.33.0.0/16'),
 IPv4Network('10.34.0.0/16'),
 IPv4Network('10.35.0.0/16'),
 IPv4Network('10.36.0.0/16'),
 IPv4Network('10.37.0.0/16'),
 IPv4Network('10.38.0.0/16'),
 IPv4Network('10.39.0.0/16'),
 IPv4Network('10.40.0.0/16'),
 IPv4Network('10.41.0.0/16'),
 IPv4Network('10.42.0.0/16'),
 IPv4Network('10.43.0.0/16'),
 IPv4Network('10.44.0.0/16'),
 IPv4Network('10.45.0.0/16'),
 IPv4Network('10.46.0.0/16'),
 IPv4Network('10.47.0.0/16'),
 IPv4Network('10.48.0.0/16'),
 IPv4Network('10.49.0.0/16'),
 IPv4Network('10.50.0.0/16'),
 IPv4Network('10.51.0.0/16'),
 IPv4Network('10.52.0.0/16'),
 IPv4Network('10.53.0.0/16'),
 IPv4Network('10.54.0.0/16'),
 IPv4Network('10.55.0.0/16'),
 IPv4Network('10.56.0.0/16'),
 IPv4Network('10.57.0.0/16'),
 IPv4Network('10.58.0.0/16'),
 IPv4Network('10.59.0.0/16'),
 IPv4Network('10.60.0.0/16'),
 IPv4Network('10.61.0.0/16'),
 IPv4Network('10.62.0.0/16'),
 IPv4Network('10.63.0.0/16'),
 IPv4Network('10.64.0.0/16'),
 IPv4Network('10.65.0.0/16'),
 IPv4Network('10.66.0.0/16'),
 IPv4Network('10.67.0.0/16'),
 IPv4Network('10.68.0.0/16'),
 IPv4Network('10.69.0.0/16'),
 IPv4Network('10.70.0.0/16'),
 IPv4Network('10.71.0.0/16'),
 IPv4Network('10.72.0.0/16'),
 IPv4Network('10.73.0.0/16'),
 IPv4Network('10.74.0.0/16'),
 IPv4Network('10.75.0.0/16'),
 IPv4Network('10.76.0.0/16'),
 IPv4Network('10.77.0.0/16'),
 IPv4Network('10.78.0.0/16'),
 IPv4Network('10.79.0.0/16'),
 IPv4Network('10.80.0.0/16'),
 IPv4Network('10.81.0.0/16'),
 IPv4Network('10.82.0.0/16'),
 IPv4Network('10.83.0.0/16'),
 IPv4Network('10.84.0.0/16'),
 IPv4Network('10.85.0.0/16'),
 IPv4Network('10.86.0.0/16'),
 IPv4Network('10.87.0.0/16'),
 IPv4Network('10.88.0.0/16'),
 IPv4Network('10.89.0.0/16'),
 IPv4Network('10.90.0.0/16'),
 IPv4Network('10.91.0.0/16'),
 IPv4Network('10.92.0.0/16'),
 IPv4Network('10.93.0.0/16'),
 IPv4Network('10.94.0.0/16'),
 IPv4Network('10.95.0.0/16'),
 IPv4Network('10.96.0.0/16'),
 IPv4Network('10.97.0.0/16'),
 IPv4Network('10.98.0.0/16'),
 IPv4Network('10.99.0.0/16'),
 IPv4Network('10.100.0.0/16'),
 IPv4Network('10.101.0.0/16'),
 IPv4Network('10.102.0.0/16'),
 IPv4Network('10.103.0.0/16'),
 IPv4Network('10.104.0.0/16'),
 IPv4Network('10.105.0.0/16'),
 IPv4Network('10.106.0.0/16'),
 IPv4Network('10.107.0.0/16'),
 IPv4Network('10.108.0.0/16'),
 IPv4Network('10.109.0.0/16'),
 IPv4Network('10.110.0.0/16'),
 IPv4Network('10.111.0.0/16'),
 IPv4Network('10.112.0.0/16'),
 IPv4Network('10.113.0.0/16'),
 IPv4Network('10.114.0.0/16'),
 IPv4Network('10.115.0.0/16'),
 IPv4Network('10.116.0.0/16'),
 IPv4Network('10.117.0.0/16'),
 IPv4Network('10.118.0.0/16'),
 IPv4Network('10.119.0.0/16'),
 IPv4Network('10.120.0.0/16'),
 IPv4Network('10.121.0.0/16'),
 IPv4Network('10.122.0.0/16'),
 IPv4Network('10.123.0.0/16'),
 IPv4Network('10.124.0.0/16'),
 IPv4Network('10.125.0.0/16'),
 IPv4Network('10.126.0.0/16'),
 IPv4Network('10.127.0.0/16'),
 IPv4Network('10.128.0.0/16'),
 IPv4Network('10.129.0.0/16'),
 IPv4Network('10.130.0.0/16'),
 IPv4Network('10.131.0.0/16'),
 IPv4Network('10.132.0.0/16'),
 IPv4Network('10.133.0.0/16'),
 IPv4Network('10.134.0.0/16'),
 IPv4Network('10.135.0.0/16'),
 IPv4Network('10.136.0.0/16'),
 IPv4Network('10.137.0.0/16'),
 IPv4Network('10.138.0.0/16'),
 IPv4Network('10.139.0.0/16'),
 IPv4Network('10.140.0.0/16'),
 IPv4Network('10.141.0.0/16'),
 IPv4Network('10.142.0.0/16'),
 IPv4Network('10.143.0.0/16'),
 IPv4Network('10.144.0.0/16'),
 IPv4Network('10.145.0.0/16'),
 IPv4Network('10.146.0.0/16'),
 IPv4Network('10.147.0.0/16'),
 IPv4Network('10.148.0.0/16'),
 IPv4Network('10.149.0.0/16'),
 IPv4Network('10.150.0.0/16'),
 IPv4Network('10.151.0.0/16'),
 IPv4Network('10.152.0.0/16'),
 IPv4Network('10.153.0.0/16'),
 IPv4Network('10.154.0.0/16'),
 IPv4Network('10.155.0.0/16'),
 IPv4Network('10.156.0.0/16'),
 IPv4Network('10.157.0.0/16'),
 IPv4Network('10.158.0.0/16'),
 IPv4Network('10.159.0.0/16'),
 IPv4Network('10.160.0.0/16'),
 IPv4Network('10.161.0.0/16'),
 IPv4Network('10.162.0.0/16'),
 IPv4Network('10.163.0.0/16'),
 IPv4Network('10.164.0.0/16'),
 IPv4Network('10.165.0.0/16'),
 IPv4Network('10.166.0.0/16'),
 IPv4Network('10.167.0.0/16'),
 IPv4Network('10.168.0.0/16'),
 IPv4Network('10.169.0.0/16'),
 IPv4Network('10.170.0.0/16'),
 IPv4Network('10.171.0.0/16'),
 IPv4Network('10.172.0.0/16'),
 IPv4Network('10.173.0.0/16'),
 IPv4Network('10.174.0.0/16'),
 IPv4Network('10.175.0.0/16'),
 IPv4Network('10.176.0.0/16'),
 IPv4Network('10.177.0.0/16'),
 IPv4Network('10.178.0.0/16'),
 IPv4Network('10.179.0.0/16'),
 IPv4Network('10.180.0.0/16'),
 IPv4Network('10.181.0.0/16'),
 IPv4Network('10.182.0.0/16'),
 IPv4Network('10.183.0.0/16'),
 IPv4Network('10.184.0.0/16'),
 IPv4Network('10.185.0.0/16'),
 IPv4Network('10.186.0.0/16'),
 IPv4Network('10.187.0.0/16'),
 IPv4Network('10.188.0.0/16'),
 IPv4Network('10.189.0.0/16'),
 IPv4Network('10.190.0.0/16'),
 IPv4Network('10.191.0.0/16'),
 IPv4Network('10.192.0.0/16'),
 IPv4Network('10.193.0.0/16'),
 IPv4Network('10.194.0.0/16'),
 IPv4Network('10.195.0.0/16'),
 IPv4Network('10.196.0.0/16'),
 IPv4Network('10.197.0.0/16'),
 IPv4Network('10.198.0.0/16'),
 IPv4Network('10.199.0.0/16'),
 IPv4Network('10.200.0.0/16'),
 IPv4Network('10.201.0.0/16'),
 IPv4Network('10.202.0.0/16'),
 IPv4Network('10.203.0.0/16'),
 IPv4Network('10.204.0.0/16'),
 IPv4Network('10.205.0.0/16'),
 IPv4Network('10.206.0.0/16'),
 IPv4Network('10.207.0.0/16'),
 IPv4Network('10.208.0.0/16'),
 IPv4Network('10.209.0.0/16'),
 IPv4Network('10.210.0.0/16'),
 IPv4Network('10.211.0.0/16'),
 IPv4Network('10.212.0.0/16'),
 IPv4Network('10.213.0.0/16'),
 IPv4Network('10.214.0.0/16'),
 IPv4Network('10.215.0.0/16'),
 IPv4Network('10.216.0.0/16'),
 IPv4Network('10.217.0.0/16'),
 IPv4Network('10.218.0.0/16'),
 IPv4Network('10.219.0.0/16'),
 IPv4Network('10.220.0.0/16'),
 IPv4Network('10.221.0.0/16'),
 IPv4Network('10.222.0.0/16'),
 IPv4Network('10.223.0.0/16'),
 IPv4Network('10.224.0.0/16'),
 IPv4Network('10.225.0.0/16'),
 IPv4Network('10.226.0.0/16'),
 IPv4Network('10.227.0.0/16'),
 IPv4Network('10.228.0.0/16'),
 IPv4Network('10.229.0.0/16'),
 IPv4Network('10.230.0.0/16'),
 IPv4Network('10.231.0.0/16'),
 IPv4Network('10.232.0.0/16'),
 IPv4Network('10.233.0.0/16'),
 IPv4Network('10.234.0.0/16'),
 IPv4Network('10.235.0.0/16'),
 IPv4Network('10.236.0.0/16'),
 IPv4Network('10.237.0.0/16')]
[IPv4Network('10.0.0.0/8'),
 IPv4Network('129.79.0.0/16'),
 IPv4Network('134.68.0.0/16'),
 IPv4Network('140.182.0.0/16'),
 IPv4Network('149.159.0.0/16'),
 IPv4Network('149.160.0.0/14'),
 IPv4Network('156.56.0.0/16'),
 IPv4Network('172.16.0.0/12'),
 IPv4Network('192.168.0.0/24'),
 IPv6Network('::/128'),
 IPv4Network('10.0.0.0/16'),
 IPv4Network('10.1.0.0/16'),
 IPv4Network('10.2.0.0/16'),
 IPv4Network('10.3.0.0/16'),
 IPv4Network('10.4.0.0/16'),
 IPv4Network('10.5.0.0/16'),
 IPv4Network('10.6.0.0/16'),
 IPv4Network('10.7.0.0/16'),
 IPv4Network('10.8.0.0/16'),
 IPv4Network('10.9.0.0/16'),
 IPv4Network('10.10.0.0/16'),
 IPv4Network('10.11.0.0/16'),
 IPv4Network('10.12.0.0/16'),
 IPv4Network('10.13.0.0/16'),
 IPv4Network('10.14.0.0/16'),
 IPv4Network('10.15.0.0/16'),
 IPv4Network('10.16.0.0/16'),
 IPv4Network('10.17.0.0/16'),
 IPv4Network('10.18.0.0/16'),
 IPv4Network('10.19.0.0/16'),
 IPv4Network('10.20.0.0/16'),
 IPv4Network('10.21.0.0/16'),
 IPv4Network('10.22.0.0/16'),
 IPv4Network('10.23.0.0/16'),
 IPv4Network('10.24.0.0/16'),
 IPv4Network('10.25.0.0/16'),
 IPv4Network('10.26.0.0/16'),
 IPv4Network('10.27.0.0/16'),
 IPv4Network('10.28.0.0/16'),
 IPv4Network('10.29.0.0/16'),
 IPv4Network('10.30.0.0/16'),
 IPv4Network('10.31.0.0/16'),
 IPv4Network('10.32.0.0/16'),
 IPv4Network('10.33.0.0/16'),
 IPv4Network('10.34.0.0/16'),
 IPv4Network('10.35.0.0/16'),
 IPv4Network('10.36.0.0/16'),
 IPv4Network('10.37.0.0/16'),
 IPv4Network('10.38.0.0/16'),
 IPv4Network('10.39.0.0/16'),
 IPv4Network('10.40.0.0/16'),
 IPv4Network('10.41.0.0/16'),
 IPv4Network('10.42.0.0/16'),
 IPv4Network('10.43.0.0/16'),
 IPv4Network('10.44.0.0/16'),
 IPv4Network('10.45.0.0/16'),
 IPv4Network('10.46.0.0/16'),
 IPv4Network('10.47.0.0/16'),
 IPv4Network('10.48.0.0/16'),
 IPv4Network('10.49.0.0/16'),
 IPv4Network('10.50.0.0/16'),
 IPv4Network('10.51.0.0/16'),
 IPv4Network('10.52.0.0/16'),
 IPv4Network('10.53.0.0/16'),
 IPv4Network('10.54.0.0/16'),
 IPv4Network('10.55.0.0/16'),
 IPv4Network('10.56.0.0/16'),
 IPv4Network('10.57.0.0/16'),
 IPv4Network('10.58.0.0/16'),
 IPv4Network('10.59.0.0/16'),
 IPv4Network('10.60.0.0/16'),
 IPv4Network('10.61.0.0/16'),
 IPv4Network('10.62.0.0/16'),
 IPv4Network('10.63.0.0/16'),
 IPv4Network('10.64.0.0/16'),
 IPv4Network('10.65.0.0/16'),
 IPv4Network('10.66.0.0/16'),
 IPv4Network('10.67.0.0/16'),
 IPv4Network('10.68.0.0/16'),
 IPv4Network('10.69.0.0/16'),
 IPv4Network('10.70.0.0/16'),
 IPv4Network('10.71.0.0/16'),
 IPv4Network('10.72.0.0/16'),
 IPv4Network('10.73.0.0/16'),
 IPv4Network('10.74.0.0/16'),
 IPv4Network('10.75.0.0/16'),
 IPv4Network('10.76.0.0/16'),
 IPv4Network('10.77.0.0/16'),
 IPv4Network('10.78.0.0/16'),
 IPv4Network('10.79.0.0/16'),
 IPv4Network('10.80.0.0/16'),
 IPv4Network('10.81.0.0/16'),
 IPv4Network('10.82.0.0/16'),
 IPv4Network('10.83.0.0/16'),
 IPv4Network('10.84.0.0/16'),
 IPv4Network('10.85.0.0/16'),
 IPv4Network('10.86.0.0/16'),
 IPv4Network('10.87.0.0/16'),
 IPv4Network('10.88.0.0/16'),
 IPv4Network('10.89.0.0/16'),
 IPv4Network('10.90.0.0/16'),
 IPv4Network('10.91.0.0/16'),
 IPv4Network('10.92.0.0/16'),
 IPv4Network('10.93.0.0/16'),
 IPv4Network('10.94.0.0/16'),
 IPv4Network('10.95.0.0/16'),
 IPv4Network('10.96.0.0/16'),
 IPv4Network('10.97.0.0/16'),
 IPv4Network('10.98.0.0/16'),
 IPv4Network('10.99.0.0/16'),
 IPv4Network('10.100.0.0/16'),
 IPv4Network('10.101.0.0/16'),
 IPv4Network('10.102.0.0/16'),
 IPv4Network('10.103.0.0/16'),
 IPv4Network('10.104.0.0/16'),
 IPv4Network('10.105.0.0/16'),
 IPv4Network('10.106.0.0/16'),
 IPv4Network('10.107.0.0/16'),
 IPv4Network('10.108.0.0/16'),
 IPv4Network('10.109.0.0/16'),
 IPv4Network('10.110.0.0/16'),
 IPv4Network('10.111.0.0/16'),
 IPv4Network('10.112.0.0/16'),
 IPv4Network('10.113.0.0/16'),
 IPv4Network('10.114.0.0/16'),
 IPv4Network('10.115.0.0/16'),
 IPv4Network('10.116.0.0/16'),
 IPv4Network('10.117.0.0/16'),
 IPv4Network('10.118.0.0/16'),
 IPv4Network('10.119.0.0/16'),
 IPv4Network('10.120.0.0/16'),
 IPv4Network('10.121.0.0/16'),
 IPv4Network('10.122.0.0/16'),
 IPv4Network('10.123.0.0/16'),
 IPv4Network('10.124.0.0/16'),
 IPv4Network('10.125.0.0/16'),
 IPv4Network('10.126.0.0/16'),
 IPv4Network('10.127.0.0/16'),
 IPv4Network('10.128.0.0/16'),
 IPv4Network('10.129.0.0/16'),
 IPv4Network('10.130.0.0/16'),
 IPv4Network('10.131.0.0/16'),
 IPv4Network('10.132.0.0/16'),
 IPv4Network('10.133.0.0/16'),
 IPv4Network('10.134.0.0/16'),
 IPv4Network('10.135.0.0/16'),
 IPv4Network('10.136.0.0/16'),
 IPv4Network('10.137.0.0/16'),
 IPv4Network('10.138.0.0/16'),
 IPv4Network('10.139.0.0/16'),
 IPv4Network('10.140.0.0/16'),
 IPv4Network('10.141.0.0/16'),
 IPv4Network('10.142.0.0/16'),
 IPv4Network('10.143.0.0/16'),
 IPv4Network('10.144.0.0/16'),
 IPv4Network('10.145.0.0/16'),
 IPv4Network('10.146.0.0/16'),
 IPv4Network('10.147.0.0/16'),
 IPv4Network('10.148.0.0/16'),
 IPv4Network('10.149.0.0/16'),
 IPv4Network('10.150.0.0/16'),
 IPv4Network('10.151.0.0/16'),
 IPv4Network('10.152.0.0/16'),
 IPv4Network('10.153.0.0/16'),
 IPv4Network('10.154.0.0/16'),
 IPv4Network('10.155.0.0/16'),
 IPv4Network('10.156.0.0/16'),
 IPv4Network('10.157.0.0/16'),
 IPv4Network('10.158.0.0/16'),
 IPv4Network('10.159.0.0/16'),
 IPv4Network('10.160.0.0/16'),
 IPv4Network('10.161.0.0/16'),
 IPv4Network('10.162.0.0/16'),
 IPv4Network('10.163.0.0/16'),
 IPv4Network('10.164.0.0/16'),
 IPv4Network('10.165.0.0/16'),
 IPv4Network('10.166.0.0/16'),
 IPv4Network('10.167.0.0/16'),
 IPv4Network('10.168.0.0/16'),
 IPv4Network('10.169.0.0/16'),
 IPv4Network('10.170.0.0/16'),
 IPv4Network('10.171.0.0/16'),
 IPv4Network('10.172.0.0/16'),
 IPv4Network('10.173.0.0/16'),
 IPv4Network('10.174.0.0/16'),
 IPv4Network('10.175.0.0/16'),
 IPv4Network('10.176.0.0/16'),
 IPv4Network('10.177.0.0/16'),
 IPv4Network('10.178.0.0/16'),
 IPv4Network('10.179.0.0/16'),
 IPv4Network('10.180.0.0/16'),
 IPv4Network('10.181.0.0/16'),
 IPv4Network('10.182.0.0/16'),
 IPv4Network('10.183.0.0/16'),
 IPv4Network('10.184.0.0/16'),
 IPv4Network('10.185.0.0/16'),
 IPv4Network('10.186.0.0/16'),
 IPv4Network('10.187.0.0/16'),
 IPv4Network('10.188.0.0/16'),
 IPv4Network('10.189.0.0/16'),
 IPv4Network('10.190.0.0/16'),
 IPv4Network('10.191.0.0/16'),
 IPv4Network('10.192.0.0/16'),
 IPv4Network('10.193.0.0/16'),
 IPv4Network('10.194.0.0/16'),
 IPv4Network('10.195.0.0/16'),
 IPv4Network('10.196.0.0/16'),
 IPv4Network('10.197.0.0/16'),
 IPv4Network('10.198.0.0/16'),
 IPv4Network('10.199.0.0/16'),
 IPv4Network('10.200.0.0/16'),
 IPv4Network('10.201.0.0/16'),
 IPv4Network('10.202.0.0/16'),
 IPv4Network('10.203.0.0/16'),
 IPv4Network('10.204.0.0/16'),
 IPv4Network('10.205.0.0/16'),
 IPv4Network('10.206.0.0/16'),
 IPv4Network('10.207.0.0/16'),
 IPv4Network('10.208.0.0/16'),
 IPv4Network('10.209.0.0/16'),
 IPv4Network('10.210.0.0/16'),
 IPv4Network('10.211.0.0/16'),
 IPv4Network('10.212.0.0/16'),
 IPv4Network('10.213.0.0/16'),
 IPv4Network('10.214.0.0/16'),
 IPv4Network('10.215.0.0/16'),
 IPv4Network('10.216.0.0/16'),
 IPv4Network('10.217.0.0/16'),
 IPv4Network('10.218.0.0/16'),
 IPv4Network('10.219.0.0/16'),
 IPv4Network('10.220.0.0/16'),
 IPv4Network('10.221.0.0/16'),
 IPv4Network('10.222.0.0/16'),
 IPv4Network('10.223.0.0/16'),
 IPv4Network('10.224.0.0/16'),
 IPv4Network('10.225.0.0/16'),
 IPv4Network('10.226.0.0/16'),
 IPv4Network('10.227.0.0/16'),
 IPv4Network('10.228.0.0/16'),
 IPv4Network('10.229.0.0/16'),
 IPv4Network('10.230.0.0/16'),
 IPv4Network('10.231.0.0/16'),
 IPv4Network('10.232.0.0/16'),
 IPv4Network('10.233.0.0/16'),
 IPv4Network('10.234.0.0/16'),
 IPv4Network('10.235.0.0/16'),
 IPv4Network('10.236.0.0/16'),
 IPv4Network('10.237.0.0/16'),
 IPv4Network('10.238.0.0/16'),
 IPv4Network('10.239.0.0/16')]
[IPv4Network('10.0.0.0/8'),
 IPv4Network('129.79.0.0/16'),
 IPv4Network('134.68.0.0/16'),
 IPv4Network('140.182.0.0/16'),
 IPv4Network('149.159.0.0/16'),
 IPv4Network('149.160.0.0/14'),
 IPv4Network('156.56.0.0/16'),
 IPv4Network('172.16.0.0/12'),
 IPv4Network('192.168.0.0/24'),
 IPv6Network('::/128'),
 IPv4Network('10.0.0.0/16'),
 IPv4Network('10.1.0.0/16'),
 IPv4Network('10.2.0.0/16'),
 IPv4Network('10.3.0.0/16'),
 IPv4Network('10.4.0.0/16'),
 IPv4Network('10.5.0.0/16'),
 IPv4Network('10.6.0.0/16'),
 IPv4Network('10.7.0.0/16'),
 IPv4Network('10.8.0.0/16'),
 IPv4Network('10.9.0.0/16'),
 IPv4Network('10.10.0.0/16'),
 IPv4Network('10.11.0.0/16'),
 IPv4Network('10.12.0.0/16'),
 IPv4Network('10.13.0.0/16'),
 IPv4Network('10.14.0.0/16'),
 IPv4Network('10.15.0.0/16'),
 IPv4Network('10.16.0.0/16'),
 IPv4Network('10.17.0.0/16'),
 IPv4Network('10.18.0.0/16'),
 IPv4Network('10.19.0.0/16'),
 IPv4Network('10.20.0.0/16'),
 IPv4Network('10.21.0.0/16'),
 IPv4Network('10.22.0.0/16'),
 IPv4Network('10.23.0.0/16'),
 IPv4Network('10.24.0.0/16'),
 IPv4Network('10.25.0.0/16'),
 IPv4Network('10.26.0.0/16'),
 IPv4Network('10.27.0.0/16'),
 IPv4Network('10.28.0.0/16'),
 IPv4Network('10.29.0.0/16'),
 IPv4Network('10.30.0.0/16'),
 IPv4Network('10.31.0.0/16'),
 IPv4Network('10.32.0.0/16'),
 IPv4Network('10.33.0.0/16'),
 IPv4Network('10.34.0.0/16'),
 IPv4Network('10.35.0.0/16'),
 IPv4Network('10.36.0.0/16'),
 IPv4Network('10.37.0.0/16'),
 IPv4Network('10.38.0.0/16'),
 IPv4Network('10.39.0.0/16'),
 IPv4Network('10.40.0.0/16'),
 IPv4Network('10.41.0.0/16'),
 IPv4Network('10.42.0.0/16'),
 IPv4Network('10.43.0.0/16'),
 IPv4Network('10.44.0.0/16'),
 IPv4Network('10.45.0.0/16'),
 IPv4Network('10.46.0.0/16'),
 IPv4Network('10.47.0.0/16'),
 IPv4Network('10.48.0.0/16'),
 IPv4Network('10.49.0.0/16'),
 IPv4Network('10.50.0.0/16'),
 IPv4Network('10.51.0.0/16'),
 IPv4Network('10.52.0.0/16'),
 IPv4Network('10.53.0.0/16'),
 IPv4Network('10.54.0.0/16'),
 IPv4Network('10.55.0.0/16'),
 IPv4Network('10.56.0.0/16'),
 IPv4Network('10.57.0.0/16'),
 IPv4Network('10.58.0.0/16'),
 IPv4Network('10.59.0.0/16'),
 IPv4Network('10.60.0.0/16'),
 IPv4Network('10.61.0.0/16'),
 IPv4Network('10.62.0.0/16'),
 IPv4Network('10.63.0.0/16'),
 IPv4Network('10.64.0.0/16'),
 IPv4Network('10.65.0.0/16'),
 IPv4Network('10.66.0.0/16'),
 IPv4Network('10.67.0.0/16'),
 IPv4Network('10.68.0.0/16'),
 IPv4Network('10.69.0.0/16'),
 IPv4Network('10.70.0.0/16'),
 IPv4Network('10.71.0.0/16'),
 IPv4Network('10.72.0.0/16'),
 IPv4Network('10.73.0.0/16'),
 IPv4Network('10.74.0.0/16'),
 IPv4Network('10.75.0.0/16'),
 IPv4Network('10.76.0.0/16'),
 IPv4Network('10.77.0.0/16'),
 IPv4Network('10.78.0.0/16'),
 IPv4Network('10.79.0.0/16'),
 IPv4Network('10.80.0.0/16'),
 IPv4Network('10.81.0.0/16'),
 IPv4Network('10.82.0.0/16'),
 IPv4Network('10.83.0.0/16'),
 IPv4Network('10.84.0.0/16'),
 IPv4Network('10.85.0.0/16'),
 IPv4Network('10.86.0.0/16'),
 IPv4Network('10.87.0.0/16'),
 IPv4Network('10.88.0.0/16'),
 IPv4Network('10.89.0.0/16'),
 IPv4Network('10.90.0.0/16'),
 IPv4Network('10.91.0.0/16'),
 IPv4Network('10.92.0.0/16'),
 IPv4Network('10.93.0.0/16'),
 IPv4Network('10.94.0.0/16'),
 IPv4Network('10.95.0.0/16'),
 IPv4Network('10.96.0.0/16'),
 IPv4Network('10.97.0.0/16'),
 IPv4Network('10.98.0.0/16'),
 IPv4Network('10.99.0.0/16'),
 IPv4Network('10.100.0.0/16'),
 IPv4Network('10.101.0.0/16'),
 IPv4Network('10.102.0.0/16'),
 IPv4Network('10.103.0.0/16'),
 IPv4Network('10.104.0.0/16'),
 IPv4Network('10.105.0.0/16'),
 IPv4Network('10.106.0.0/16'),
 IPv4Network('10.107.0.0/16'),
 IPv4Network('10.108.0.0/16'),
 IPv4Network('10.109.0.0/16'),
 IPv4Network('10.110.0.0/16'),
 IPv4Network('10.111.0.0/16'),
 IPv4Network('10.112.0.0/16'),
 IPv4Network('10.113.0.0/16'),
 IPv4Network('10.114.0.0/16'),
 IPv4Network('10.115.0.0/16'),
 IPv4Network('10.116.0.0/16'),
 IPv4Network('10.117.0.0/16'),
 IPv4Network('10.118.0.0/16'),
 IPv4Network('10.119.0.0/16'),
 IPv4Network('10.120.0.0/16'),
 IPv4Network('10.121.0.0/16'),
 IPv4Network('10.122.0.0/16'),
 IPv4Network('10.123.0.0/16'),
 IPv4Network('10.124.0.0/16'),
 IPv4Network('10.125.0.0/16'),
 IPv4Network('10.126.0.0/16'),
 IPv4Network('10.127.0.0/16'),
 IPv4Network('10.128.0.0/16'),
 IPv4Network('10.129.0.0/16'),
 IPv4Network('10.130.0.0/16'),
 IPv4Network('10.131.0.0/16'),
 IPv4Network('10.132.0.0/16'),
 IPv4Network('10.133.0.0/16'),
 IPv4Network('10.134.0.0/16'),
 IPv4Network('10.135.0.0/16'),
 IPv4Network('10.136.0.0/16'),
 IPv4Network('10.137.0.0/16'),
 IPv4Network('10.138.0.0/16'),
 IPv4Network('10.139.0.0/16'),
 IPv4Network('10.140.0.0/16'),
 IPv4Network('10.141.0.0/16'),
 IPv4Network('10.142.0.0/16'),
 IPv4Network('10.143.0.0/16'),
 IPv4Network('10.144.0.0/16'),
 IPv4Network('10.145.0.0/16'),
 IPv4Network('10.146.0.0/16'),
 IPv4Network('10.147.0.0/16'),
 IPv4Network('10.148.0.0/16'),
 IPv4Network('10.149.0.0/16'),
 IPv4Network('10.150.0.0/16'),
 IPv4Network('10.151.0.0/16'),
 IPv4Network('10.152.0.0/16'),
 IPv4Network('10.153.0.0/16'),
 IPv4Network('10.154.0.0/16'),
 IPv4Network('10.155.0.0/16'),
 IPv4Network('10.156.0.0/16'),
 IPv4Network('10.157.0.0/16'),
 IPv4Network('10.158.0.0/16'),
 IPv4Network('10.159.0.0/16'),
 IPv4Network('10.160.0.0/16'),
 IPv4Network('10.161.0.0/16'),
 IPv4Network('10.162.0.0/16'),
 IPv4Network('10.163.0.0/16'),
 IPv4Network('10.164.0.0/16'),
 IPv4Network('10.165.0.0/16'),
 IPv4Network('10.166.0.0/16'),
 IPv4Network('10.167.0.0/16'),
 IPv4Network('10.168.0.0/16'),
 IPv4Network('10.169.0.0/16'),
 IPv4Network('10.170.0.0/16'),
 IPv4Network('10.171.0.0/16'),
 IPv4Network('10.172.0.0/16'),
 IPv4Network('10.173.0.0/16'),
 IPv4Network('10.174.0.0/16'),
 IPv4Network('10.175.0.0/16'),
 IPv4Network('10.176.0.0/16'),
 IPv4Network('10.177.0.0/16'),
 IPv4Network('10.178.0.0/16'),
 IPv4Network('10.179.0.0/16'),
 IPv4Network('10.180.0.0/16'),
 IPv4Network('10.181.0.0/16'),
 IPv4Network('10.182.0.0/16'),
 IPv4Network('10.183.0.0/16'),
 IPv4Network('10.184.0.0/16'),
 IPv4Network('10.185.0.0/16'),
 IPv4Network('10.186.0.0/16'),
 IPv4Network('10.187.0.0/16'),
 IPv4Network('10.188.0.0/16'),
 IPv4Network('10.189.0.0/16'),
 IPv4Network('10.190.0.0/16'),
 IPv4Network('10.191.0.0/16'),
 IPv4Network('10.192.0.0/16'),
 IPv4Network('10.193.0.0/16'),
 IPv4Network('10.194.0.0/16'),
 IPv4Network('10.195.0.0/16'),
 IPv4Network('10.196.0.0/16'),
 IPv4Network('10.197.0.0/16'),
 IPv4Network('10.198.0.0/16'),
 IPv4Network('10.199.0.0/16'),
 IPv4Network('10.200.0.0/16'),
 IPv4Network('10.201.0.0/16'),
 IPv4Network('10.202.0.0/16'),
 IPv4Network('10.203.0.0/16'),
 IPv4Network('10.204.0.0/16'),
 IPv4Network('10.205.0.0/16'),
 IPv4Network('10.206.0.0/16'),
 IPv4Network('10.207.0.0/16'),
 IPv4Network('10.208.0.0/16'),
 IPv4Network('10.209.0.0/16'),
 IPv4Network('10.210.0.0/16'),
 IPv4Network('10.211.0.0/16'),
 IPv4Network('10.212.0.0/16'),
 IPv4Network('10.213.0.0/16'),
 IPv4Network('10.214.0.0/16'),
 IPv4Network('10.215.0.0/16'),
 IPv4Network('10.216.0.0/16'),
 IPv4Network('10.217.0.0/16'),
 IPv4Network('10.218.0.0/16'),
 IPv4Network('10.219.0.0/16'),
 IPv4Network('10.220.0.0/16'),
 IPv4Network('10.221.0.0/16'),
 IPv4Network('10.222.0.0/16'),
 IPv4Network('10.223.0.0/16'),
 IPv4Network('10.224.0.0/16'),
 IPv4Network('10.225.0.0/16'),
 IPv4Network('10.226.0.0/16'),
 IPv4Network('10.227.0.0/16'),
 IPv4Network('10.228.0.0/16'),
 IPv4Network('10.229.0.0/16'),
 IPv4Network('10.230.0.0/16'),
 IPv4Network('10.231.0.0/16'),
 IPv4Network('10.232.0.0/16'),
 IPv4Network('10.233.0.0/16'),
 IPv4Network('10.234.0.0/16'),
 IPv4Network('10.235.0.0/16'),
 IPv4Network('10.236.0.0/16'),
 IPv4Network('10.237.0.0/16'),
 IPv4Network('10.238.0.0/16'),
 IPv4Network('10.239.0.0/16')]
[IPv4Network('10.0.0.0/8'),
 IPv4Network('129.79.0.0/16'),
 IPv4Network('134.68.0.0/16'),
 IPv4Network('140.182.0.0/16'),
 IPv4Network('149.159.0.0/16'),
 IPv4Network('149.160.0.0/14'),
 IPv4Network('156.56.0.0/16'),
 IPv4Network('172.16.0.0/12'),
 IPv4Network('192.168.0.0/24'),
 IPv6Network('::/128'),
 IPv4Network('10.0.0.0/16'),
 IPv4Network('10.1.0.0/16'),
 IPv4Network('10.2.0.0/16'),
 IPv4Network('10.3.0.0/16'),
 IPv4Network('10.4.0.0/16'),
 IPv4Network('10.5.0.0/16'),
 IPv4Network('10.6.0.0/16'),
 IPv4Network('10.7.0.0/16'),
 IPv4Network('10.8.0.0/16'),
 IPv4Network('10.9.0.0/16'),
 IPv4Network('10.10.0.0/16'),
 IPv4Network('10.11.0.0/16'),
 IPv4Network('10.12.0.0/16'),
 IPv4Network('10.13.0.0/16'),
 IPv4Network('10.14.0.0/16'),
 IPv4Network('10.15.0.0/16'),
 IPv4Network('10.16.0.0/16'),
 IPv4Network('10.17.0.0/16'),
 IPv4Network('10.18.0.0/16'),
 IPv4Network('10.19.0.0/16'),
 IPv4Network('10.20.0.0/16'),
 IPv4Network('10.21.0.0/16'),
 IPv4Network('10.22.0.0/16'),
 IPv4Network('10.23.0.0/16'),
 IPv4Network('10.24.0.0/16'),
 IPv4Network('10.25.0.0/16'),
 IPv4Network('10.26.0.0/16'),
 IPv4Network('10.27.0.0/16'),
 IPv4Network('10.28.0.0/16'),
 IPv4Network('10.29.0.0/16'),
 IPv4Network('10.30.0.0/16'),
 IPv4Network('10.31.0.0/16'),
 IPv4Network('10.32.0.0/16'),
 IPv4Network('10.33.0.0/16'),
 IPv4Network('10.34.0.0/16'),
 IPv4Network('10.35.0.0/16'),
 IPv4Network('10.36.0.0/16'),
 IPv4Network('10.37.0.0/16'),
 IPv4Network('10.38.0.0/16'),
 IPv4Network('10.39.0.0/16'),
 IPv4Network('10.40.0.0/16'),
 IPv4Network('10.41.0.0/16'),
 IPv4Network('10.42.0.0/16'),
 IPv4Network('10.43.0.0/16'),
 IPv4Network('10.44.0.0/16'),
 IPv4Network('10.45.0.0/16'),
 IPv4Network('10.46.0.0/16'),
 IPv4Network('10.47.0.0/16'),
 IPv4Network('10.48.0.0/16'),
 IPv4Network('10.49.0.0/16'),
 IPv4Network('10.50.0.0/16'),
 IPv4Network('10.51.0.0/16'),
 IPv4Network('10.52.0.0/16'),
 IPv4Network('10.53.0.0/16'),
 IPv4Network('10.54.0.0/16'),
 IPv4Network('10.55.0.0/16'),
 IPv4Network('10.56.0.0/16'),
 IPv4Network('10.57.0.0/16'),
 IPv4Network('10.58.0.0/16'),
 IPv4Network('10.59.0.0/16'),
 IPv4Network('10.60.0.0/16'),
 IPv4Network('10.61.0.0/16'),
 IPv4Network('10.62.0.0/16'),
 IPv4Network('10.63.0.0/16'),
 IPv4Network('10.64.0.0/16'),
 IPv4Network('10.65.0.0/16'),
 IPv4Network('10.66.0.0/16'),
 IPv4Network('10.67.0.0/16'),
 IPv4Network('10.68.0.0/16'),
 IPv4Network('10.69.0.0/16'),
 IPv4Network('10.70.0.0/16'),
 IPv4Network('10.71.0.0/16'),
 IPv4Network('10.72.0.0/16'),
 IPv4Network('10.73.0.0/16'),
 IPv4Network('10.74.0.0/16'),
 IPv4Network('10.75.0.0/16'),
 IPv4Network('10.76.0.0/16'),
 IPv4Network('10.77.0.0/16'),
 IPv4Network('10.78.0.0/16'),
 IPv4Network('10.79.0.0/16'),
 IPv4Network('10.80.0.0/16'),
 IPv4Network('10.81.0.0/16'),
 IPv4Network('10.82.0.0/16'),
 IPv4Network('10.83.0.0/16'),
 IPv4Network('10.84.0.0/16'),
 IPv4Network('10.85.0.0/16'),
 IPv4Network('10.86.0.0/16'),
 IPv4Network('10.87.0.0/16'),
 IPv4Network('10.88.0.0/16'),
 IPv4Network('10.89.0.0/16'),
 IPv4Network('10.90.0.0/16'),
 IPv4Network('10.91.0.0/16'),
 IPv4Network('10.92.0.0/16'),
 IPv4Network('10.93.0.0/16'),
 IPv4Network('10.94.0.0/16'),
 IPv4Network('10.95.0.0/16'),
 IPv4Network('10.96.0.0/16'),
 IPv4Network('10.97.0.0/16'),
 IPv4Network('10.98.0.0/16'),
 IPv4Network('10.99.0.0/16'),
 IPv4Network('10.100.0.0/16'),
 IPv4Network('10.101.0.0/16'),
 IPv4Network('10.102.0.0/16'),
 IPv4Network('10.103.0.0/16'),
 IPv4Network('10.104.0.0/16'),
 IPv4Network('10.105.0.0/16'),
 IPv4Network('10.106.0.0/16'),
 IPv4Network('10.107.0.0/16'),
 IPv4Network('10.108.0.0/16'),
 IPv4Network('10.109.0.0/16'),
 IPv4Network('10.110.0.0/16'),
 IPv4Network('10.111.0.0/16'),
 IPv4Network('10.112.0.0/16'),
 IPv4Network('10.113.0.0/16'),
 IPv4Network('10.114.0.0/16'),
 IPv4Network('10.115.0.0/16'),
 IPv4Network('10.116.0.0/16'),
 IPv4Network('10.117.0.0/16'),
 IPv4Network('10.118.0.0/16'),
 IPv4Network('10.119.0.0/16'),
 IPv4Network('10.120.0.0/16'),
 IPv4Network('10.121.0.0/16'),
 IPv4Network('10.122.0.0/16'),
 IPv4Network('10.123.0.0/16'),
 IPv4Network('10.124.0.0/16'),
 IPv4Network('10.125.0.0/16'),
 IPv4Network('10.126.0.0/16'),
 IPv4Network('10.127.0.0/16'),
 IPv4Network('10.128.0.0/16'),
 IPv4Network('10.129.0.0/16'),
 IPv4Network('10.130.0.0/16'),
 IPv4Network('10.131.0.0/16'),
 IPv4Network('10.132.0.0/16'),
 IPv4Network('10.133.0.0/16'),
 IPv4Network('10.134.0.0/16'),
 IPv4Network('10.135.0.0/16'),
 IPv4Network('10.136.0.0/16'),
 IPv4Network('10.137.0.0/16'),
 IPv4Network('10.138.0.0/16'),
 IPv4Network('10.139.0.0/16'),
 IPv4Network('10.140.0.0/16'),
 IPv4Network('10.141.0.0/16'),
 IPv4Network('10.142.0.0/16'),
 IPv4Network('10.143.0.0/16'),
 IPv4Network('10.144.0.0/16'),
 IPv4Network('10.145.0.0/16'),
 IPv4Network('10.146.0.0/16'),
 IPv4Network('10.147.0.0/16'),
 IPv4Network('10.148.0.0/16'),
 IPv4Network('10.149.0.0/16'),
 IPv4Network('10.150.0.0/16'),
 IPv4Network('10.151.0.0/16'),
 IPv4Network('10.152.0.0/16'),
 IPv4Network('10.153.0.0/16'),
 IPv4Network('10.154.0.0/16'),
 IPv4Network('10.155.0.0/16'),
 IPv4Network('10.156.0.0/16'),
 IPv4Network('10.157.0.0/16'),
 IPv4Network('10.158.0.0/16'),
 IPv4Network('10.159.0.0/16'),
 IPv4Network('10.160.0.0/16'),
 IPv4Network('10.161.0.0/16'),
 IPv4Network('10.162.0.0/16'),
 IPv4Network('10.163.0.0/16'),
 IPv4Network('10.164.0.0/16'),
 IPv4Network('10.165.0.0/16'),
 IPv4Network('10.166.0.0/16'),
 IPv4Network('10.167.0.0/16'),
 IPv4Network('10.168.0.0/16'),
 IPv4Network('10.169.0.0/16'),
 IPv4Network('10.170.0.0/16'),
 IPv4Network('10.171.0.0/16'),
 IPv4Network('10.172.0.0/16'),
 IPv4Network('10.173.0.0/16'),
 IPv4Network('10.174.0.0/16'),
 IPv4Network('10.175.0.0/16'),
 IPv4Network('10.176.0.0/16'),
 IPv4Network('10.177.0.0/16'),
 IPv4Network('10.178.0.0/16'),
 IPv4Network('10.179.0.0/16'),
 IPv4Network('10.180.0.0/16'),
 IPv4Network('10.181.0.0/16'),
 IPv4Network('10.182.0.0/16'),
 IPv4Network('10.183.0.0/16'),
 IPv4Network('10.184.0.0/16'),
 IPv4Network('10.185.0.0/16'),
 IPv4Network('10.186.0.0/16'),
 IPv4Network('10.187.0.0/16'),
 IPv4Network('10.188.0.0/16'),
 IPv4Network('10.189.0.0/16'),
 IPv4Network('10.190.0.0/16'),
 IPv4Network('10.191.0.0/16'),
 IPv4Network('10.192.0.0/16'),
 IPv4Network('10.193.0.0/16'),
 IPv4Network('10.194.0.0/16'),
 IPv4Network('10.195.0.0/16'),
 IPv4Network('10.196.0.0/16'),
 IPv4Network('10.197.0.0/16'),
 IPv4Network('10.198.0.0/16'),
 IPv4Network('10.199.0.0/16'),
 IPv4Network('10.200.0.0/16'),
 IPv4Network('10.201.0.0/16'),
 IPv4Network('10.202.0.0/16'),
 IPv4Network('10.203.0.0/16'),
 IPv4Network('10.204.0.0/16'),
 IPv4Network('10.205.0.0/16'),
 IPv4Network('10.206.0.0/16'),
 IPv4Network('10.207.0.0/16'),
 IPv4Network('10.208.0.0/16'),
 IPv4Network('10.209.0.0/16'),
 IPv4Network('10.210.0.0/16'),
 IPv4Network('10.211.0.0/16'),
 IPv4Network('10.212.0.0/16'),
 IPv4Network('10.213.0.0/16'),
 IPv4Network('10.214.0.0/16'),
 IPv4Network('10.215.0.0/16'),
 IPv4Network('10.216.0.0/16'),
 IPv4Network('10.217.0.0/16'),
 IPv4Network('10.218.0.0/16'),
 IPv4Network('10.219.0.0/16'),
 IPv4Network('10.220.0.0/16'),
 IPv4Network('10.221.0.0/16'),
 IPv4Network('10.222.0.0/16'),
 IPv4Network('10.223.0.0/16'),
 IPv4Network('10.224.0.0/16'),
 IPv4Network('10.225.0.0/16'),
 IPv4Network('10.226.0.0/16'),
 IPv4Network('10.227.0.0/16'),
 IPv4Network('10.228.0.0/16'),
 IPv4Network('10.229.0.0/16'),
 IPv4Network('10.230.0.0/16'),
 IPv4Network('10.231.0.0/16'),
 IPv4Network('10.232.0.0/16'),
 IPv4Network('10.233.0.0/16'),
 IPv4Network('10.234.0.0/16'),
 IPv4Network('10.235.0.0/16'),
 IPv4Network('10.236.0.0/16'),
 IPv4Network('10.237.0.0/16'),
 IPv4Network('10.238.0.0/16'),
 IPv4Network('10.239.0.0/16')]
[IPv4Network('10.0.0.0/8'),
 IPv4Network('129.79.0.0/16'),
 IPv4Network('134.68.0.0/16'),
 IPv4Network('140.182.0.0/16'),
 IPv4Network('149.159.0.0/16'),
 IPv4Network('149.160.0.0/14'),
 IPv4Network('156.56.0.0/16'),
 IPv4Network('172.16.0.0/12'),
 IPv4Network('192.168.0.0/24'),
 IPv6Network('::/128'),
 IPv4Network('10.0.0.0/16'),
 IPv4Network('10.1.0.0/16'),
 IPv4Network('10.2.0.0/16'),
 IPv4Network('10.3.0.0/16'),
 IPv4Network('10.4.0.0/16'),
 IPv4Network('10.5.0.0/16'),
 IPv4Network('10.6.0.0/16'),
 IPv4Network('10.7.0.0/16'),
 IPv4Network('10.8.0.0/16'),
 IPv4Network('10.9.0.0/16'),
 IPv4Network('10.10.0.0/16'),
 IPv4Network('10.11.0.0/16'),
 IPv4Network('10.12.0.0/16'),
 IPv4Network('10.13.0.0/16'),
 IPv4Network('10.14.0.0/16'),
 IPv4Network('10.15.0.0/16'),
 IPv4Network('10.16.0.0/16'),
 IPv4Network('10.17.0.0/16'),
 IPv4Network('10.18.0.0/16'),
 IPv4Network('10.19.0.0/16'),
 IPv4Network('10.20.0.0/16'),
 IPv4Network('10.21.0.0/16'),
 IPv4Network('10.22.0.0/16'),
 IPv4Network('10.23.0.0/16'),
 IPv4Network('10.24.0.0/16'),
 IPv4Network('10.25.0.0/16'),
 IPv4Network('10.26.0.0/16'),
 IPv4Network('10.27.0.0/16'),
 IPv4Network('10.28.0.0/16'),
 IPv4Network('10.29.0.0/16'),
 IPv4Network('10.30.0.0/16'),
 IPv4Network('10.31.0.0/16'),
 IPv4Network('10.32.0.0/16'),
 IPv4Network('10.33.0.0/16'),
 IPv4Network('10.34.0.0/16'),
 IPv4Network('10.35.0.0/16'),
 IPv4Network('10.36.0.0/16'),
 IPv4Network('10.37.0.0/16'),
 IPv4Network('10.38.0.0/16'),
 IPv4Network('10.39.0.0/16'),
 IPv4Network('10.40.0.0/16'),
 IPv4Network('10.41.0.0/16'),
 IPv4Network('10.42.0.0/16'),
 IPv4Network('10.43.0.0/16'),
 IPv4Network('10.44.0.0/16'),
 IPv4Network('10.45.0.0/16'),
 IPv4Network('10.46.0.0/16'),
 IPv4Network('10.47.0.0/16'),
 IPv4Network('10.48.0.0/16'),
 IPv4Network('10.49.0.0/16'),
 IPv4Network('10.50.0.0/16'),
 IPv4Network('10.51.0.0/16'),
 IPv4Network('10.52.0.0/16'),
 IPv4Network('10.53.0.0/16'),
 IPv4Network('10.54.0.0/16'),
 IPv4Network('10.55.0.0/16'),
 IPv4Network('10.56.0.0/16'),
 IPv4Network('10.57.0.0/16'),
 IPv4Network('10.58.0.0/16'),
 IPv4Network('10.59.0.0/16'),
 IPv4Network('10.60.0.0/16'),
 IPv4Network('10.61.0.0/16'),
 IPv4Network('10.62.0.0/16'),
 IPv4Network('10.63.0.0/16'),
 IPv4Network('10.64.0.0/16'),
 IPv4Network('10.65.0.0/16'),
 IPv4Network('10.66.0.0/16'),
 IPv4Network('10.67.0.0/16'),
 IPv4Network('10.68.0.0/16'),
 IPv4Network('10.69.0.0/16'),
 IPv4Network('10.70.0.0/16'),
 IPv4Network('10.71.0.0/16'),
 IPv4Network('10.72.0.0/16'),
 IPv4Network('10.73.0.0/16'),
 IPv4Network('10.74.0.0/16'),
 IPv4Network('10.75.0.0/16'),
 IPv4Network('10.76.0.0/16'),
 IPv4Network('10.77.0.0/16'),
 IPv4Network('10.78.0.0/16'),
 IPv4Network('10.79.0.0/16'),
 IPv4Network('10.80.0.0/16'),
 IPv4Network('10.81.0.0/16'),
 IPv4Network('10.82.0.0/16'),
 IPv4Network('10.83.0.0/16'),
 IPv4Network('10.84.0.0/16'),
 IPv4Network('10.85.0.0/16'),
 IPv4Network('10.86.0.0/16'),
 IPv4Network('10.87.0.0/16'),
 IPv4Network('10.88.0.0/16'),
 IPv4Network('10.89.0.0/16'),
 IPv4Network('10.90.0.0/16'),
 IPv4Network('10.91.0.0/16'),
 IPv4Network('10.92.0.0/16'),
 IPv4Network('10.93.0.0/16'),
 IPv4Network('10.94.0.0/16'),
 IPv4Network('10.95.0.0/16'),
 IPv4Network('10.96.0.0/16'),
 IPv4Network('10.97.0.0/16'),
 IPv4Network('10.98.0.0/16'),
 IPv4Network('10.99.0.0/16'),
 IPv4Network('10.100.0.0/16'),
 IPv4Network('10.101.0.0/16'),
 IPv4Network('10.102.0.0/16'),
 IPv4Network('10.103.0.0/16'),
 IPv4Network('10.104.0.0/16'),
 IPv4Network('10.105.0.0/16'),
 IPv4Network('10.106.0.0/16'),
 IPv4Network('10.107.0.0/16'),
 IPv4Network('10.108.0.0/16'),
 IPv4Network('10.109.0.0/16'),
 IPv4Network('10.110.0.0/16'),
 IPv4Network('10.111.0.0/16'),
 IPv4Network('10.112.0.0/16'),
 IPv4Network('10.113.0.0/16'),
 IPv4Network('10.114.0.0/16'),
 IPv4Network('10.115.0.0/16'),
 IPv4Network('10.116.0.0/16'),
 IPv4Network('10.117.0.0/16'),
 IPv4Network('10.118.0.0/16'),
 IPv4Network('10.119.0.0/16'),
 IPv4Network('10.120.0.0/16'),
 IPv4Network('10.121.0.0/16'),
 IPv4Network('10.122.0.0/16'),
 IPv4Network('10.123.0.0/16'),
 IPv4Network('10.124.0.0/16'),
 IPv4Network('10.125.0.0/16'),
 IPv4Network('10.126.0.0/16'),
 IPv4Network('10.127.0.0/16'),
 IPv4Network('10.128.0.0/16'),
 IPv4Network('10.129.0.0/16'),
 IPv4Network('10.130.0.0/16'),
 IPv4Network('10.131.0.0/16'),
 IPv4Network('10.132.0.0/16'),
 IPv4Network('10.133.0.0/16'),
 IPv4Network('10.134.0.0/16'),
 IPv4Network('10.135.0.0/16'),
 IPv4Network('10.136.0.0/16'),
 IPv4Network('10.137.0.0/16'),
 IPv4Network('10.138.0.0/16'),
 IPv4Network('10.139.0.0/16'),
 IPv4Network('10.140.0.0/16'),
 IPv4Network('10.141.0.0/16'),
 IPv4Network('10.142.0.0/16'),
 IPv4Network('10.143.0.0/16'),
 IPv4Network('10.144.0.0/16'),
 IPv4Network('10.145.0.0/16'),
 IPv4Network('10.146.0.0/16'),
 IPv4Network('10.147.0.0/16'),
 IPv4Network('10.148.0.0/16'),
 IPv4Network('10.149.0.0/16'),
 IPv4Network('10.150.0.0/16'),
 IPv4Network('10.151.0.0/16'),
 IPv4Network('10.152.0.0/16'),
 IPv4Network('10.153.0.0/16'),
 IPv4Network('10.154.0.0/16'),
 IPv4Network('10.155.0.0/16'),
 IPv4Network('10.156.0.0/16'),
 IPv4Network('10.157.0.0/16'),
 IPv4Network('10.158.0.0/16'),
 IPv4Network('10.159.0.0/16'),
 IPv4Network('10.160.0.0/16'),
 IPv4Network('10.161.0.0/16'),
 IPv4Network('10.162.0.0/16'),
 IPv4Network('10.163.0.0/16'),
 IPv4Network('10.164.0.0/16'),
 IPv4Network('10.165.0.0/16'),
 IPv4Network('10.166.0.0/16'),
 IPv4Network('10.167.0.0/16'),
 IPv4Network('10.168.0.0/16'),
 IPv4Network('10.169.0.0/16'),
 IPv4Network('10.170.0.0/16'),
 IPv4Network('10.171.0.0/16'),
 IPv4Network('10.172.0.0/16'),
 IPv4Network('10.173.0.0/16'),
 IPv4Network('10.174.0.0/16'),
 IPv4Network('10.175.0.0/16'),
 IPv4Network('10.176.0.0/16'),
 IPv4Network('10.177.0.0/16'),
 IPv4Network('10.178.0.0/16'),
 IPv4Network('10.179.0.0/16'),
 IPv4Network('10.180.0.0/16'),
 IPv4Network('10.181.0.0/16'),
 IPv4Network('10.182.0.0/16'),
 IPv4Network('10.183.0.0/16'),
 IPv4Network('10.184.0.0/16'),
 IPv4Network('10.185.0.0/16'),
 IPv4Network('10.186.0.0/16'),
 IPv4Network('10.187.0.0/16'),
 IPv4Network('10.188.0.0/16'),
 IPv4Network('10.189.0.0/16'),
 IPv4Network('10.190.0.0/16'),
 IPv4Network('10.191.0.0/16'),
 IPv4Network('10.192.0.0/16'),
 IPv4Network('10.193.0.0/16'),
 IPv4Network('10.194.0.0/16'),
 IPv4Network('10.195.0.0/16'),
 IPv4Network('10.196.0.0/16'),
 IPv4Network('10.197.0.0/16'),
 IPv4Network('10.198.0.0/16'),
 IPv4Network('10.199.0.0/16'),
 IPv4Network('10.200.0.0/16'),
 IPv4Network('10.201.0.0/16'),
 IPv4Network('10.202.0.0/16'),
 IPv4Network('10.203.0.0/16'),
 IPv4Network('10.204.0.0/16'),
 IPv4Network('10.205.0.0/16'),
 IPv4Network('10.206.0.0/16'),
 IPv4Network('10.207.0.0/16'),
 IPv4Network('10.208.0.0/16'),
 IPv4Network('10.209.0.0/16'),
 IPv4Network('10.210.0.0/16'),
 IPv4Network('10.211.0.0/16'),
 IPv4Network('10.212.0.0/16'),
 IPv4Network('10.213.0.0/16'),
 IPv4Network('10.214.0.0/16'),
 IPv4Network('10.215.0.0/16'),
 IPv4Network('10.216.0.0/16'),
 IPv4Network('10.217.0.0/16'),
 IPv4Network('10.218.0.0/16'),
 IPv4Network('10.219.0.0/16'),
 IPv4Network('10.220.0.0/16'),
 IPv4Network('10.221.0.0/16'),
 IPv4Network('10.222.0.0/16'),
 IPv4Network('10.223.0.0/16'),
 IPv4Network('10.224.0.0/16'),
 IPv4Network('10.225.0.0/16'),
 IPv4Network('10.226.0.0/16'),
 IPv4Network('10.227.0.0/16'),
 IPv4Network('10.228.0.0/16'),
 IPv4Network('10.229.0.0/16'),
 IPv4Network('10.230.0.0/16'),
 IPv4Network('10.231.0.0/16'),
 IPv4Network('10.232.0.0/16'),
 IPv4Network('10.233.0.0/16'),
 IPv4Network('10.234.0.0/16'),
 IPv4Network('10.235.0.0/16'),
 IPv4Network('10.236.0.0/16'),
 IPv4Network('10.237.0.0/16'),
 IPv4Network('10.238.0.0/16'),
 IPv4Network('10.239.0.0/16')]
[IPv4Network('10.0.0.0/8'),
 IPv4Network('129.79.0.0/16'),
 IPv4Network('134.68.0.0/16'),
 IPv4Network('140.182.0.0/16'),
 IPv4Network('149.159.0.0/16'),
 IPv4Network('149.160.0.0/14'),
 IPv4Network('156.56.0.0/16'),
 IPv4Network('172.16.0.0/12'),
 IPv4Network('192.168.0.0/24'),
 IPv6Network('::/128'),
 IPv4Network('10.0.0.0/16'),
 IPv4Network('10.1.0.0/16'),
 IPv4Network('10.2.0.0/16'),
 IPv4Network('10.3.0.0/16'),
 IPv4Network('10.4.0.0/16'),
 IPv4Network('10.5.0.0/16'),
 IPv4Network('10.6.0.0/16'),
 IPv4Network('10.7.0.0/16'),
 IPv4Network('10.8.0.0/16'),
 IPv4Network('10.9.0.0/16'),
 IPv4Network('10.10.0.0/16'),
 IPv4Network('10.11.0.0/16'),
 IPv4Network('10.12.0.0/16'),
 IPv4Network('10.13.0.0/16'),
 IPv4Network('10.14.0.0/16'),
 IPv4Network('10.15.0.0/16'),
 IPv4Network('10.16.0.0/16'),
 IPv4Network('10.17.0.0/16'),
 IPv4Network('10.18.0.0/16'),
 IPv4Network('10.19.0.0/16'),
 IPv4Network('10.20.0.0/16'),
 IPv4Network('10.21.0.0/16'),
 IPv4Network('10.22.0.0/16'),
 IPv4Network('10.23.0.0/16'),
 IPv4Network('10.24.0.0/16'),
 IPv4Network('10.25.0.0/16'),
 IPv4Network('10.26.0.0/16'),
 IPv4Network('10.27.0.0/16'),
 IPv4Network('10.28.0.0/16'),
 IPv4Network('10.29.0.0/16'),
 IPv4Network('10.30.0.0/16'),
 IPv4Network('10.31.0.0/16'),
 IPv4Network('10.32.0.0/16'),
 IPv4Network('10.33.0.0/16'),
 IPv4Network('10.34.0.0/16'),
 IPv4Network('10.35.0.0/16'),
 IPv4Network('10.36.0.0/16'),
 IPv4Network('10.37.0.0/16'),
 IPv4Network('10.38.0.0/16'),
 IPv4Network('10.39.0.0/16'),
 IPv4Network('10.40.0.0/16'),
 IPv4Network('10.41.0.0/16'),
 IPv4Network('10.42.0.0/16'),
 IPv4Network('10.43.0.0/16'),
 IPv4Network('10.44.0.0/16'),
 IPv4Network('10.45.0.0/16'),
 IPv4Network('10.46.0.0/16'),
 IPv4Network('10.47.0.0/16'),
 IPv4Network('10.48.0.0/16'),
 IPv4Network('10.49.0.0/16'),
 IPv4Network('10.50.0.0/16'),
 IPv4Network('10.51.0.0/16'),
 IPv4Network('10.52.0.0/16'),
 IPv4Network('10.53.0.0/16'),
 IPv4Network('10.54.0.0/16'),
 IPv4Network('10.55.0.0/16'),
 IPv4Network('10.56.0.0/16'),
 IPv4Network('10.57.0.0/16'),
 IPv4Network('10.58.0.0/16'),
 IPv4Network('10.59.0.0/16'),
 IPv4Network('10.60.0.0/16'),
 IPv4Network('10.61.0.0/16'),
 IPv4Network('10.62.0.0/16'),
 IPv4Network('10.63.0.0/16'),
 IPv4Network('10.64.0.0/16'),
 IPv4Network('10.65.0.0/16'),
 IPv4Network('10.66.0.0/16'),
 IPv4Network('10.67.0.0/16'),
 IPv4Network('10.68.0.0/16'),
 IPv4Network('10.69.0.0/16'),
 IPv4Network('10.70.0.0/16'),
 IPv4Network('10.71.0.0/16'),
 IPv4Network('10.72.0.0/16'),
 IPv4Network('10.73.0.0/16'),
 IPv4Network('10.74.0.0/16'),
 IPv4Network('10.75.0.0/16'),
 IPv4Network('10.76.0.0/16'),
 IPv4Network('10.77.0.0/16'),
 IPv4Network('10.78.0.0/16'),
 IPv4Network('10.79.0.0/16'),
 IPv4Network('10.80.0.0/16'),
 IPv4Network('10.81.0.0/16'),
 IPv4Network('10.82.0.0/16'),
 IPv4Network('10.83.0.0/16'),
 IPv4Network('10.84.0.0/16'),
 IPv4Network('10.85.0.0/16'),
 IPv4Network('10.86.0.0/16'),
 IPv4Network('10.87.0.0/16'),
 IPv4Network('10.88.0.0/16'),
 IPv4Network('10.89.0.0/16'),
 IPv4Network('10.90.0.0/16'),
 IPv4Network('10.91.0.0/16'),
 IPv4Network('10.92.0.0/16'),
 IPv4Network('10.93.0.0/16'),
 IPv4Network('10.94.0.0/16'),
 IPv4Network('10.95.0.0/16'),
 IPv4Network('10.96.0.0/16'),
 IPv4Network('10.97.0.0/16'),
 IPv4Network('10.98.0.0/16'),
 IPv4Network('10.99.0.0/16'),
 IPv4Network('10.100.0.0/16'),
 IPv4Network('10.101.0.0/16'),
 IPv4Network('10.102.0.0/16'),
 IPv4Network('10.103.0.0/16'),
 IPv4Network('10.104.0.0/16'),
 IPv4Network('10.105.0.0/16'),
 IPv4Network('10.106.0.0/16'),
 IPv4Network('10.107.0.0/16'),
 IPv4Network('10.108.0.0/16'),
 IPv4Network('10.109.0.0/16'),
 IPv4Network('10.110.0.0/16'),
 IPv4Network('10.111.0.0/16'),
 IPv4Network('10.112.0.0/16'),
 IPv4Network('10.113.0.0/16'),
 IPv4Network('10.114.0.0/16'),
 IPv4Network('10.115.0.0/16'),
 IPv4Network('10.116.0.0/16'),
 IPv4Network('10.117.0.0/16'),
 IPv4Network('10.118.0.0/16'),
 IPv4Network('10.119.0.0/16'),
 IPv4Network('10.120.0.0/16'),
 IPv4Network('10.121.0.0/16'),
 IPv4Network('10.122.0.0/16'),
 IPv4Network('10.123.0.0/16'),
 IPv4Network('10.124.0.0/16'),
 IPv4Network('10.125.0.0/16'),
 IPv4Network('10.126.0.0/16'),
 IPv4Network('10.127.0.0/16'),
 IPv4Network('10.128.0.0/16'),
 IPv4Network('10.129.0.0/16'),
 IPv4Network('10.130.0.0/16'),
 IPv4Network('10.131.0.0/16'),
 IPv4Network('10.132.0.0/16'),
 IPv4Network('10.133.0.0/16'),
 IPv4Network('10.134.0.0/16'),
 IPv4Network('10.135.0.0/16'),
 IPv4Network('10.136.0.0/16'),
 IPv4Network('10.137.0.0/16'),
 IPv4Network('10.138.0.0/16'),
 IPv4Network('10.139.0.0/16'),
 IPv4Network('10.140.0.0/16'),
 IPv4Network('10.141.0.0/16'),
 IPv4Network('10.142.0.0/16'),
 IPv4Network('10.143.0.0/16'),
 IPv4Network('10.144.0.0/16'),
 IPv4Network('10.145.0.0/16'),
 IPv4Network('10.146.0.0/16'),
 IPv4Network('10.147.0.0/16'),
 IPv4Network('10.148.0.0/16'),
 IPv4Network('10.149.0.0/16'),
 IPv4Network('10.150.0.0/16'),
 IPv4Network('10.151.0.0/16'),
 IPv4Network('10.152.0.0/16'),
 IPv4Network('10.153.0.0/16'),
 IPv4Network('10.154.0.0/16'),
 IPv4Network('10.155.0.0/16'),
 IPv4Network('10.156.0.0/16'),
 IPv4Network('10.157.0.0/16'),
 IPv4Network('10.158.0.0/16'),
 IPv4Network('10.159.0.0/16'),
 IPv4Network('10.160.0.0/16'),
 IPv4Network('10.161.0.0/16'),
 IPv4Network('10.162.0.0/16'),
 IPv4Network('10.163.0.0/16'),
 IPv4Network('10.164.0.0/16'),
 IPv4Network('10.165.0.0/16'),
 IPv4Network('10.166.0.0/16'),
 IPv4Network('10.167.0.0/16'),
 IPv4Network('10.168.0.0/16'),
 IPv4Network('10.169.0.0/16'),
 IPv4Network('10.170.0.0/16'),
 IPv4Network('10.171.0.0/16'),
 IPv4Network('10.172.0.0/16'),
 IPv4Network('10.173.0.0/16'),
 IPv4Network('10.174.0.0/16'),
 IPv4Network('10.175.0.0/16'),
 IPv4Network('10.176.0.0/16'),
 IPv4Network('10.177.0.0/16'),
 IPv4Network('10.178.0.0/16'),
 IPv4Network('10.179.0.0/16'),
 IPv4Network('10.180.0.0/16'),
 IPv4Network('10.181.0.0/16'),
 IPv4Network('10.182.0.0/16'),
 IPv4Network('10.183.0.0/16'),
 IPv4Network('10.184.0.0/16'),
 IPv4Network('10.185.0.0/16'),
 IPv4Network('10.186.0.0/16'),
 IPv4Network('10.187.0.0/16'),
 IPv4Network('10.188.0.0/16'),
 IPv4Network('10.189.0.0/16'),
 IPv4Network('10.190.0.0/16'),
 IPv4Network('10.191.0.0/16'),
 IPv4Network('10.192.0.0/16'),
 IPv4Network('10.193.0.0/16'),
 IPv4Network('10.194.0.0/16'),
 IPv4Network('10.195.0.0/16'),
 IPv4Network('10.196.0.0/16'),
 IPv4Network('10.197.0.0/16'),
 IPv4Network('10.198.0.0/16'),
 IPv4Network('10.199.0.0/16'),
 IPv4Network('10.200.0.0/16'),
 IPv4Network('10.201.0.0/16'),
 IPv4Network('10.202.0.0/16'),
 IPv4Network('10.203.0.0/16'),
 IPv4Network('10.204.0.0/16'),
 IPv4Network('10.205.0.0/16'),
 IPv4Network('10.206.0.0/16'),
 IPv4Network('10.207.0.0/16'),
 IPv4Network('10.208.0.0/16'),
 IPv4Network('10.209.0.0/16'),
 IPv4Network('10.210.0.0/16'),
 IPv4Network('10.211.0.0/16'),
 IPv4Network('10.212.0.0/16'),
 IPv4Network('10.213.0.0/16'),
 IPv4Network('10.214.0.0/16'),
 IPv4Network('10.215.0.0/16'),
 IPv4Network('10.216.0.0/16'),
 IPv4Network('10.217.0.0/16'),
 IPv4Network('10.218.0.0/16'),
 IPv4Network('10.219.0.0/16'),
 IPv4Network('10.220.0.0/16'),
 IPv4Network('10.221.0.0/16'),
 IPv4Network('10.222.0.0/16'),
 IPv4Network('10.223.0.0/16'),
 IPv4Network('10.224.0.0/16'),
 IPv4Network('10.225.0.0/16'),
 IPv4Network('10.226.0.0/16'),
 IPv4Network('10.227.0.0/16'),
 IPv4Network('10.228.0.0/16'),
 IPv4Network('10.229.0.0/16'),
 IPv4Network('10.230.0.0/16'),
 IPv4Network('10.231.0.0/16'),
 IPv4Network('10.232.0.0/16'),
 IPv4Network('10.233.0.0/16'),
 IPv4Network('10.234.0.0/16'),
 IPv4Network('10.235.0.0/16'),
 IPv4Network('10.236.0.0/16'),
 IPv4Network('10.237.0.0/16'),
 IPv4Network('10.238.0.0/16'),
 IPv4Network('10.239.0.0/16'),
 IPv4Network('10.240.0.0/16'),
 IPv4Network('10.241.0.0/16')]
[IPv4Network('10.0.0.0/8'),
 IPv4Network('129.79.0.0/16'),
 IPv4Network('134.68.0.0/16'),
 IPv4Network('140.182.0.0/16'),
 IPv4Network('149.159.0.0/16'),
 IPv4Network('149.160.0.0/14'),
 IPv4Network('156.56.0.0/16'),
 IPv4Network('172.16.0.0/12'),
 IPv4Network('192.168.0.0/24'),
 IPv6Network('::/128'),
 IPv4Network('10.0.0.0/16'),
 IPv4Network('10.1.0.0/16'),
 IPv4Network('10.2.0.0/16'),
 IPv4Network('10.3.0.0/16'),
 IPv4Network('10.4.0.0/16'),
 IPv4Network('10.5.0.0/16'),
 IPv4Network('10.6.0.0/16'),
 IPv4Network('10.7.0.0/16'),
 IPv4Network('10.8.0.0/16'),
 IPv4Network('10.9.0.0/16'),
 IPv4Network('10.10.0.0/16'),
 IPv4Network('10.11.0.0/16'),
 IPv4Network('10.12.0.0/16'),
 IPv4Network('10.13.0.0/16'),
 IPv4Network('10.14.0.0/16'),
 IPv4Network('10.15.0.0/16'),
 IPv4Network('10.16.0.0/16'),
 IPv4Network('10.17.0.0/16'),
 IPv4Network('10.18.0.0/16'),
 IPv4Network('10.19.0.0/16'),
 IPv4Network('10.20.0.0/16'),
 IPv4Network('10.21.0.0/16'),
 IPv4Network('10.22.0.0/16'),
 IPv4Network('10.23.0.0/16'),
 IPv4Network('10.24.0.0/16'),
 IPv4Network('10.25.0.0/16'),
 IPv4Network('10.26.0.0/16'),
 IPv4Network('10.27.0.0/16'),
 IPv4Network('10.28.0.0/16'),
 IPv4Network('10.29.0.0/16'),
 IPv4Network('10.30.0.0/16'),
 IPv4Network('10.31.0.0/16'),
 IPv4Network('10.32.0.0/16'),
 IPv4Network('10.33.0.0/16'),
 IPv4Network('10.34.0.0/16'),
 IPv4Network('10.35.0.0/16'),
 IPv4Network('10.36.0.0/16'),
 IPv4Network('10.37.0.0/16'),
 IPv4Network('10.38.0.0/16'),
 IPv4Network('10.39.0.0/16'),
 IPv4Network('10.40.0.0/16'),
 IPv4Network('10.41.0.0/16'),
 IPv4Network('10.42.0.0/16'),
 IPv4Network('10.43.0.0/16'),
 IPv4Network('10.44.0.0/16'),
 IPv4Network('10.45.0.0/16'),
 IPv4Network('10.46.0.0/16'),
 IPv4Network('10.47.0.0/16'),
 IPv4Network('10.48.0.0/16'),
 IPv4Network('10.49.0.0/16'),
 IPv4Network('10.50.0.0/16'),
 IPv4Network('10.51.0.0/16'),
 IPv4Network('10.52.0.0/16'),
 IPv4Network('10.53.0.0/16'),
 IPv4Network('10.54.0.0/16'),
 IPv4Network('10.55.0.0/16'),
 IPv4Network('10.56.0.0/16'),
 IPv4Network('10.57.0.0/16'),
 IPv4Network('10.58.0.0/16'),
 IPv4Network('10.59.0.0/16'),
 IPv4Network('10.60.0.0/16'),
 IPv4Network('10.61.0.0/16'),
 IPv4Network('10.62.0.0/16'),
 IPv4Network('10.63.0.0/16'),
 IPv4Network('10.64.0.0/16'),
 IPv4Network('10.65.0.0/16'),
 IPv4Network('10.66.0.0/16'),
 IPv4Network('10.67.0.0/16'),
 IPv4Network('10.68.0.0/16'),
 IPv4Network('10.69.0.0/16'),
 IPv4Network('10.70.0.0/16'),
 IPv4Network('10.71.0.0/16'),
 IPv4Network('10.72.0.0/16'),
 IPv4Network('10.73.0.0/16'),
 IPv4Network('10.74.0.0/16'),
 IPv4Network('10.75.0.0/16'),
 IPv4Network('10.76.0.0/16'),
 IPv4Network('10.77.0.0/16'),
 IPv4Network('10.78.0.0/16'),
 IPv4Network('10.79.0.0/16'),
 IPv4Network('10.80.0.0/16'),
 IPv4Network('10.81.0.0/16'),
 IPv4Network('10.82.0.0/16'),
 IPv4Network('10.83.0.0/16'),
 IPv4Network('10.84.0.0/16'),
 IPv4Network('10.85.0.0/16'),
 IPv4Network('10.86.0.0/16'),
 IPv4Network('10.87.0.0/16'),
 IPv4Network('10.88.0.0/16'),
 IPv4Network('10.89.0.0/16'),
 IPv4Network('10.90.0.0/16'),
 IPv4Network('10.91.0.0/16'),
 IPv4Network('10.92.0.0/16'),
 IPv4Network('10.93.0.0/16'),
 IPv4Network('10.94.0.0/16'),
 IPv4Network('10.95.0.0/16'),
 IPv4Network('10.96.0.0/16'),
 IPv4Network('10.97.0.0/16'),
 IPv4Network('10.98.0.0/16'),
 IPv4Network('10.99.0.0/16'),
 IPv4Network('10.100.0.0/16'),
 IPv4Network('10.101.0.0/16'),
 IPv4Network('10.102.0.0/16'),
 IPv4Network('10.103.0.0/16'),
 IPv4Network('10.104.0.0/16'),
 IPv4Network('10.105.0.0/16'),
 IPv4Network('10.106.0.0/16'),
 IPv4Network('10.107.0.0/16'),
 IPv4Network('10.108.0.0/16'),
 IPv4Network('10.109.0.0/16'),
 IPv4Network('10.110.0.0/16'),
 IPv4Network('10.111.0.0/16'),
 IPv4Network('10.112.0.0/16'),
 IPv4Network('10.113.0.0/16'),
 IPv4Network('10.114.0.0/16'),
 IPv4Network('10.115.0.0/16'),
 IPv4Network('10.116.0.0/16'),
 IPv4Network('10.117.0.0/16'),
 IPv4Network('10.118.0.0/16'),
 IPv4Network('10.119.0.0/16'),
 IPv4Network('10.120.0.0/16'),
 IPv4Network('10.121.0.0/16'),
 IPv4Network('10.122.0.0/16'),
 IPv4Network('10.123.0.0/16'),
 IPv4Network('10.124.0.0/16'),
 IPv4Network('10.125.0.0/16'),
 IPv4Network('10.126.0.0/16'),
 IPv4Network('10.127.0.0/16'),
 IPv4Network('10.128.0.0/16'),
 IPv4Network('10.129.0.0/16'),
 IPv4Network('10.130.0.0/16'),
 IPv4Network('10.131.0.0/16'),
 IPv4Network('10.132.0.0/16'),
 IPv4Network('10.133.0.0/16'),
 IPv4Network('10.134.0.0/16'),
 IPv4Network('10.135.0.0/16'),
 IPv4Network('10.136.0.0/16'),
 IPv4Network('10.137.0.0/16'),
 IPv4Network('10.138.0.0/16'),
 IPv4Network('10.139.0.0/16'),
 IPv4Network('10.140.0.0/16'),
 IPv4Network('10.141.0.0/16'),
 IPv4Network('10.142.0.0/16'),
 IPv4Network('10.143.0.0/16'),
 IPv4Network('10.144.0.0/16'),
 IPv4Network('10.145.0.0/16'),
 IPv4Network('10.146.0.0/16'),
 IPv4Network('10.147.0.0/16'),
 IPv4Network('10.148.0.0/16'),
 IPv4Network('10.149.0.0/16'),
 IPv4Network('10.150.0.0/16'),
 IPv4Network('10.151.0.0/16'),
 IPv4Network('10.152.0.0/16'),
 IPv4Network('10.153.0.0/16'),
 IPv4Network('10.154.0.0/16'),
 IPv4Network('10.155.0.0/16'),
 IPv4Network('10.156.0.0/16'),
 IPv4Network('10.157.0.0/16'),
 IPv4Network('10.158.0.0/16'),
 IPv4Network('10.159.0.0/16'),
 IPv4Network('10.160.0.0/16'),
 IPv4Network('10.161.0.0/16'),
 IPv4Network('10.162.0.0/16'),
 IPv4Network('10.163.0.0/16'),
 IPv4Network('10.164.0.0/16'),
 IPv4Network('10.165.0.0/16'),
 IPv4Network('10.166.0.0/16'),
 IPv4Network('10.167.0.0/16'),
 IPv4Network('10.168.0.0/16'),
 IPv4Network('10.169.0.0/16'),
 IPv4Network('10.170.0.0/16'),
 IPv4Network('10.171.0.0/16'),
 IPv4Network('10.172.0.0/16'),
 IPv4Network('10.173.0.0/16'),
 IPv4Network('10.174.0.0/16'),
 IPv4Network('10.175.0.0/16'),
 IPv4Network('10.176.0.0/16'),
 IPv4Network('10.177.0.0/16'),
 IPv4Network('10.178.0.0/16'),
 IPv4Network('10.179.0.0/16'),
 IPv4Network('10.180.0.0/16'),
 IPv4Network('10.181.0.0/16'),
 IPv4Network('10.182.0.0/16'),
 IPv4Network('10.183.0.0/16'),
 IPv4Network('10.184.0.0/16'),
 IPv4Network('10.185.0.0/16'),
 IPv4Network('10.186.0.0/16'),
 IPv4Network('10.187.0.0/16'),
 IPv4Network('10.188.0.0/16'),
 IPv4Network('10.189.0.0/16'),
 IPv4Network('10.190.0.0/16'),
 IPv4Network('10.191.0.0/16'),
 IPv4Network('10.192.0.0/16'),
 IPv4Network('10.193.0.0/16'),
 IPv4Network('10.194.0.0/16'),
 IPv4Network('10.195.0.0/16'),
 IPv4Network('10.196.0.0/16'),
 IPv4Network('10.197.0.0/16'),
 IPv4Network('10.198.0.0/16'),
 IPv4Network('10.199.0.0/16'),
 IPv4Network('10.200.0.0/16'),
 IPv4Network('10.201.0.0/16'),
 IPv4Network('10.202.0.0/16'),
 IPv4Network('10.203.0.0/16'),
 IPv4Network('10.204.0.0/16'),
 IPv4Network('10.205.0.0/16'),
 IPv4Network('10.206.0.0/16'),
 IPv4Network('10.207.0.0/16'),
 IPv4Network('10.208.0.0/16'),
 IPv4Network('10.209.0.0/16'),
 IPv4Network('10.210.0.0/16'),
 IPv4Network('10.211.0.0/16'),
 IPv4Network('10.212.0.0/16'),
 IPv4Network('10.213.0.0/16'),
 IPv4Network('10.214.0.0/16'),
 IPv4Network('10.215.0.0/16'),
 IPv4Network('10.216.0.0/16'),
 IPv4Network('10.217.0.0/16'),
 IPv4Network('10.218.0.0/16'),
 IPv4Network('10.219.0.0/16'),
 IPv4Network('10.220.0.0/16'),
 IPv4Network('10.221.0.0/16'),
 IPv4Network('10.222.0.0/16'),
 IPv4Network('10.223.0.0/16'),
 IPv4Network('10.224.0.0/16'),
 IPv4Network('10.225.0.0/16'),
 IPv4Network('10.226.0.0/16'),
 IPv4Network('10.227.0.0/16'),
 IPv4Network('10.228.0.0/16'),
 IPv4Network('10.229.0.0/16'),
 IPv4Network('10.230.0.0/16'),
 IPv4Network('10.231.0.0/16'),
 IPv4Network('10.232.0.0/16'),
 IPv4Network('10.233.0.0/16'),
 IPv4Network('10.234.0.0/16'),
 IPv4Network('10.235.0.0/16'),
 IPv4Network('10.236.0.0/16'),
 IPv4Network('10.237.0.0/16'),
 IPv4Network('10.238.0.0/16'),
 IPv4Network('10.239.0.0/16'),
 IPv4Network('10.240.0.0/16'),
 IPv4Network('10.241.0.0/16'),
 IPv4Network('10.242.0.0/16'),
 IPv4Network('10.243.0.0/16')]
[IPv4Network('10.0.0.0/8'),
 IPv4Network('129.79.0.0/16'),
 IPv4Network('134.68.0.0/16'),
 IPv4Network('140.182.0.0/16'),
 IPv4Network('149.159.0.0/16'),
 IPv4Network('149.160.0.0/14'),
 IPv4Network('156.56.0.0/16'),
 IPv4Network('172.16.0.0/12'),
 IPv4Network('192.168.0.0/24'),
 IPv6Network('::/128'),
 IPv4Network('10.0.0.0/16'),
 IPv4Network('10.1.0.0/16'),
 IPv4Network('10.2.0.0/16'),
 IPv4Network('10.3.0.0/16'),
 IPv4Network('10.4.0.0/16'),
 IPv4Network('10.5.0.0/16'),
 IPv4Network('10.6.0.0/16'),
 IPv4Network('10.7.0.0/16'),
 IPv4Network('10.8.0.0/16'),
 IPv4Network('10.9.0.0/16'),
 IPv4Network('10.10.0.0/16'),
 IPv4Network('10.11.0.0/16'),
 IPv4Network('10.12.0.0/16'),
 IPv4Network('10.13.0.0/16'),
 IPv4Network('10.14.0.0/16'),
 IPv4Network('10.15.0.0/16'),
 IPv4Network('10.16.0.0/16'),
 IPv4Network('10.17.0.0/16'),
 IPv4Network('10.18.0.0/16'),
 IPv4Network('10.19.0.0/16'),
 IPv4Network('10.20.0.0/16'),
 IPv4Network('10.21.0.0/16'),
 IPv4Network('10.22.0.0/16'),
 IPv4Network('10.23.0.0/16'),
 IPv4Network('10.24.0.0/16'),
 IPv4Network('10.25.0.0/16'),
 IPv4Network('10.26.0.0/16'),
 IPv4Network('10.27.0.0/16'),
 IPv4Network('10.28.0.0/16'),
 IPv4Network('10.29.0.0/16'),
 IPv4Network('10.30.0.0/16'),
 IPv4Network('10.31.0.0/16'),
 IPv4Network('10.32.0.0/16'),
 IPv4Network('10.33.0.0/16'),
 IPv4Network('10.34.0.0/16'),
 IPv4Network('10.35.0.0/16'),
 IPv4Network('10.36.0.0/16'),
 IPv4Network('10.37.0.0/16'),
 IPv4Network('10.38.0.0/16'),
 IPv4Network('10.39.0.0/16'),
 IPv4Network('10.40.0.0/16'),
 IPv4Network('10.41.0.0/16'),
 IPv4Network('10.42.0.0/16'),
 IPv4Network('10.43.0.0/16'),
 IPv4Network('10.44.0.0/16'),
 IPv4Network('10.45.0.0/16'),
 IPv4Network('10.46.0.0/16'),
 IPv4Network('10.47.0.0/16'),
 IPv4Network('10.48.0.0/16'),
 IPv4Network('10.49.0.0/16'),
 IPv4Network('10.50.0.0/16'),
 IPv4Network('10.51.0.0/16'),
 IPv4Network('10.52.0.0/16'),
 IPv4Network('10.53.0.0/16'),
 IPv4Network('10.54.0.0/16'),
 IPv4Network('10.55.0.0/16'),
 IPv4Network('10.56.0.0/16'),
 IPv4Network('10.57.0.0/16'),
 IPv4Network('10.58.0.0/16'),
 IPv4Network('10.59.0.0/16'),
 IPv4Network('10.60.0.0/16'),
 IPv4Network('10.61.0.0/16'),
 IPv4Network('10.62.0.0/16'),
 IPv4Network('10.63.0.0/16'),
 IPv4Network('10.64.0.0/16'),
 IPv4Network('10.65.0.0/16'),
 IPv4Network('10.66.0.0/16'),
 IPv4Network('10.67.0.0/16'),
 IPv4Network('10.68.0.0/16'),
 IPv4Network('10.69.0.0/16'),
 IPv4Network('10.70.0.0/16'),
 IPv4Network('10.71.0.0/16'),
 IPv4Network('10.72.0.0/16'),
 IPv4Network('10.73.0.0/16'),
 IPv4Network('10.74.0.0/16'),
 IPv4Network('10.75.0.0/16'),
 IPv4Network('10.76.0.0/16'),
 IPv4Network('10.77.0.0/16'),
 IPv4Network('10.78.0.0/16'),
 IPv4Network('10.79.0.0/16'),
 IPv4Network('10.80.0.0/16'),
 IPv4Network('10.81.0.0/16'),
 IPv4Network('10.82.0.0/16'),
 IPv4Network('10.83.0.0/16'),
 IPv4Network('10.84.0.0/16'),
 IPv4Network('10.85.0.0/16'),
 IPv4Network('10.86.0.0/16'),
 IPv4Network('10.87.0.0/16'),
 IPv4Network('10.88.0.0/16'),
 IPv4Network('10.89.0.0/16'),
 IPv4Network('10.90.0.0/16'),
 IPv4Network('10.91.0.0/16'),
 IPv4Network('10.92.0.0/16'),
 IPv4Network('10.93.0.0/16'),
 IPv4Network('10.94.0.0/16'),
 IPv4Network('10.95.0.0/16'),
 IPv4Network('10.96.0.0/16'),
 IPv4Network('10.97.0.0/16'),
 IPv4Network('10.98.0.0/16'),
 IPv4Network('10.99.0.0/16'),
 IPv4Network('10.100.0.0/16'),
 IPv4Network('10.101.0.0/16'),
 IPv4Network('10.102.0.0/16'),
 IPv4Network('10.103.0.0/16'),
 IPv4Network('10.104.0.0/16'),
 IPv4Network('10.105.0.0/16'),
 IPv4Network('10.106.0.0/16'),
 IPv4Network('10.107.0.0/16'),
 IPv4Network('10.108.0.0/16'),
 IPv4Network('10.109.0.0/16'),
 IPv4Network('10.110.0.0/16'),
 IPv4Network('10.111.0.0/16'),
 IPv4Network('10.112.0.0/16'),
 IPv4Network('10.113.0.0/16'),
 IPv4Network('10.114.0.0/16'),
 IPv4Network('10.115.0.0/16'),
 IPv4Network('10.116.0.0/16'),
 IPv4Network('10.117.0.0/16'),
 IPv4Network('10.118.0.0/16'),
 IPv4Network('10.119.0.0/16'),
 IPv4Network('10.120.0.0/16'),
 IPv4Network('10.121.0.0/16'),
 IPv4Network('10.122.0.0/16'),
 IPv4Network('10.123.0.0/16'),
 IPv4Network('10.124.0.0/16'),
 IPv4Network('10.125.0.0/16'),
 IPv4Network('10.126.0.0/16'),
 IPv4Network('10.127.0.0/16'),
 IPv4Network('10.128.0.0/16'),
 IPv4Network('10.129.0.0/16'),
 IPv4Network('10.130.0.0/16'),
 IPv4Network('10.131.0.0/16'),
 IPv4Network('10.132.0.0/16'),
 IPv4Network('10.133.0.0/16'),
 IPv4Network('10.134.0.0/16'),
 IPv4Network('10.135.0.0/16'),
 IPv4Network('10.136.0.0/16'),
 IPv4Network('10.137.0.0/16'),
 IPv4Network('10.138.0.0/16'),
 IPv4Network('10.139.0.0/16'),
 IPv4Network('10.140.0.0/16'),
 IPv4Network('10.141.0.0/16'),
 IPv4Network('10.142.0.0/16'),
 IPv4Network('10.143.0.0/16'),
 IPv4Network('10.144.0.0/16'),
 IPv4Network('10.145.0.0/16'),
 IPv4Network('10.146.0.0/16'),
 IPv4Network('10.147.0.0/16'),
 IPv4Network('10.148.0.0/16'),
 IPv4Network('10.149.0.0/16'),
 IPv4Network('10.150.0.0/16'),
 IPv4Network('10.151.0.0/16'),
 IPv4Network('10.152.0.0/16'),
 IPv4Network('10.153.0.0/16'),
 IPv4Network('10.154.0.0/16'),
 IPv4Network('10.155.0.0/16'),
 IPv4Network('10.156.0.0/16'),
 IPv4Network('10.157.0.0/16'),
 IPv4Network('10.158.0.0/16'),
 IPv4Network('10.159.0.0/16'),
 IPv4Network('10.160.0.0/16'),
 IPv4Network('10.161.0.0/16'),
 IPv4Network('10.162.0.0/16'),
 IPv4Network('10.163.0.0/16'),
 IPv4Network('10.164.0.0/16'),
 IPv4Network('10.165.0.0/16'),
 IPv4Network('10.166.0.0/16'),
 IPv4Network('10.167.0.0/16'),
 IPv4Network('10.168.0.0/16'),
 IPv4Network('10.169.0.0/16'),
 IPv4Network('10.170.0.0/16'),
 IPv4Network('10.171.0.0/16'),
 IPv4Network('10.172.0.0/16'),
 IPv4Network('10.173.0.0/16'),
 IPv4Network('10.174.0.0/16'),
 IPv4Network('10.175.0.0/16'),
 IPv4Network('10.176.0.0/16'),
 IPv4Network('10.177.0.0/16'),
 IPv4Network('10.178.0.0/16'),
 IPv4Network('10.179.0.0/16'),
 IPv4Network('10.180.0.0/16'),
 IPv4Network('10.181.0.0/16'),
 IPv4Network('10.182.0.0/16'),
 IPv4Network('10.183.0.0/16'),
 IPv4Network('10.184.0.0/16'),
 IPv4Network('10.185.0.0/16'),
 IPv4Network('10.186.0.0/16'),
 IPv4Network('10.187.0.0/16'),
 IPv4Network('10.188.0.0/16'),
 IPv4Network('10.189.0.0/16'),
 IPv4Network('10.190.0.0/16'),
 IPv4Network('10.191.0.0/16'),
 IPv4Network('10.192.0.0/16'),
 IPv4Network('10.193.0.0/16'),
 IPv4Network('10.194.0.0/16'),
 IPv4Network('10.195.0.0/16'),
 IPv4Network('10.196.0.0/16'),
 IPv4Network('10.197.0.0/16'),
 IPv4Network('10.198.0.0/16'),
 IPv4Network('10.199.0.0/16'),
 IPv4Network('10.200.0.0/16'),
 IPv4Network('10.201.0.0/16'),
 IPv4Network('10.202.0.0/16'),
 IPv4Network('10.203.0.0/16'),
 IPv4Network('10.204.0.0/16'),
 IPv4Network('10.205.0.0/16'),
 IPv4Network('10.206.0.0/16'),
 IPv4Network('10.207.0.0/16'),
 IPv4Network('10.208.0.0/16'),
 IPv4Network('10.209.0.0/16'),
 IPv4Network('10.210.0.0/16'),
 IPv4Network('10.211.0.0/16'),
 IPv4Network('10.212.0.0/16'),
 IPv4Network('10.213.0.0/16'),
 IPv4Network('10.214.0.0/16'),
 IPv4Network('10.215.0.0/16'),
 IPv4Network('10.216.0.0/16'),
 IPv4Network('10.217.0.0/16'),
 IPv4Network('10.218.0.0/16'),
 IPv4Network('10.219.0.0/16'),
 IPv4Network('10.220.0.0/16'),
 IPv4Network('10.221.0.0/16'),
 IPv4Network('10.222.0.0/16'),
 IPv4Network('10.223.0.0/16'),
 IPv4Network('10.224.0.0/16'),
 IPv4Network('10.225.0.0/16'),
 IPv4Network('10.226.0.0/16'),
 IPv4Network('10.227.0.0/16'),
 IPv4Network('10.228.0.0/16'),
 IPv4Network('10.229.0.0/16'),
 IPv4Network('10.230.0.0/16'),
 IPv4Network('10.231.0.0/16'),
 IPv4Network('10.232.0.0/16'),
 IPv4Network('10.233.0.0/16'),
 IPv4Network('10.234.0.0/16'),
 IPv4Network('10.235.0.0/16'),
 IPv4Network('10.236.0.0/16'),
 IPv4Network('10.237.0.0/16'),
 IPv4Network('10.238.0.0/16'),
 IPv4Network('10.239.0.0/16'),
 IPv4Network('10.240.0.0/16'),
 IPv4Network('10.241.0.0/16'),
 IPv4Network('10.242.0.0/16'),
 IPv4Network('10.243.0.0/16')]
[IPv4Network('10.0.0.0/8'),
 IPv4Network('129.79.0.0/16'),
 IPv4Network('134.68.0.0/16'),
 IPv4Network('140.182.0.0/16'),
 IPv4Network('149.159.0.0/16'),
 IPv4Network('149.160.0.0/14'),
 IPv4Network('156.56.0.0/16'),
 IPv4Network('172.16.0.0/12'),
 IPv4Network('192.168.0.0/24'),
 IPv6Network('::/128'),
 IPv4Network('10.0.0.0/16'),
 IPv4Network('10.1.0.0/16'),
 IPv4Network('10.2.0.0/16'),
 IPv4Network('10.3.0.0/16'),
 IPv4Network('10.4.0.0/16'),
 IPv4Network('10.5.0.0/16'),
 IPv4Network('10.6.0.0/16'),
 IPv4Network('10.7.0.0/16'),
 IPv4Network('10.8.0.0/16'),
 IPv4Network('10.9.0.0/16'),
 IPv4Network('10.10.0.0/16'),
 IPv4Network('10.11.0.0/16'),
 IPv4Network('10.12.0.0/16'),
 IPv4Network('10.13.0.0/16'),
 IPv4Network('10.14.0.0/16'),
 IPv4Network('10.15.0.0/16'),
 IPv4Network('10.16.0.0/16'),
 IPv4Network('10.17.0.0/16'),
 IPv4Network('10.18.0.0/16'),
 IPv4Network('10.19.0.0/16'),
 IPv4Network('10.20.0.0/16'),
 IPv4Network('10.21.0.0/16'),
 IPv4Network('10.22.0.0/16'),
 IPv4Network('10.23.0.0/16'),
 IPv4Network('10.24.0.0/16'),
 IPv4Network('10.25.0.0/16'),
 IPv4Network('10.26.0.0/16'),
 IPv4Network('10.27.0.0/16'),
 IPv4Network('10.28.0.0/16'),
 IPv4Network('10.29.0.0/16'),
 IPv4Network('10.30.0.0/16'),
 IPv4Network('10.31.0.0/16'),
 IPv4Network('10.32.0.0/16'),
 IPv4Network('10.33.0.0/16'),
 IPv4Network('10.34.0.0/16'),
 IPv4Network('10.35.0.0/16'),
 IPv4Network('10.36.0.0/16'),
 IPv4Network('10.37.0.0/16'),
 IPv4Network('10.38.0.0/16'),
 IPv4Network('10.39.0.0/16'),
 IPv4Network('10.40.0.0/16'),
 IPv4Network('10.41.0.0/16'),
 IPv4Network('10.42.0.0/16'),
 IPv4Network('10.43.0.0/16'),
 IPv4Network('10.44.0.0/16'),
 IPv4Network('10.45.0.0/16'),
 IPv4Network('10.46.0.0/16'),
 IPv4Network('10.47.0.0/16'),
 IPv4Network('10.48.0.0/16'),
 IPv4Network('10.49.0.0/16'),
 IPv4Network('10.50.0.0/16'),
 IPv4Network('10.51.0.0/16'),
 IPv4Network('10.52.0.0/16'),
 IPv4Network('10.53.0.0/16'),
 IPv4Network('10.54.0.0/16'),
 IPv4Network('10.55.0.0/16'),
 IPv4Network('10.56.0.0/16'),
 IPv4Network('10.57.0.0/16'),
 IPv4Network('10.58.0.0/16'),
 IPv4Network('10.59.0.0/16'),
 IPv4Network('10.60.0.0/16'),
 IPv4Network('10.61.0.0/16'),
 IPv4Network('10.62.0.0/16'),
 IPv4Network('10.63.0.0/16'),
 IPv4Network('10.64.0.0/16'),
 IPv4Network('10.65.0.0/16'),
 IPv4Network('10.66.0.0/16'),
 IPv4Network('10.67.0.0/16'),
 IPv4Network('10.68.0.0/16'),
 IPv4Network('10.69.0.0/16'),
 IPv4Network('10.70.0.0/16'),
 IPv4Network('10.71.0.0/16'),
 IPv4Network('10.72.0.0/16'),
 IPv4Network('10.73.0.0/16'),
 IPv4Network('10.74.0.0/16'),
 IPv4Network('10.75.0.0/16'),
 IPv4Network('10.76.0.0/16'),
 IPv4Network('10.77.0.0/16'),
 IPv4Network('10.78.0.0/16'),
 IPv4Network('10.79.0.0/16'),
 IPv4Network('10.80.0.0/16'),
 IPv4Network('10.81.0.0/16'),
 IPv4Network('10.82.0.0/16'),
 IPv4Network('10.83.0.0/16'),
 IPv4Network('10.84.0.0/16'),
 IPv4Network('10.85.0.0/16'),
 IPv4Network('10.86.0.0/16'),
 IPv4Network('10.87.0.0/16'),
 IPv4Network('10.88.0.0/16'),
 IPv4Network('10.89.0.0/16'),
 IPv4Network('10.90.0.0/16'),
 IPv4Network('10.91.0.0/16'),
 IPv4Network('10.92.0.0/16'),
 IPv4Network('10.93.0.0/16'),
 IPv4Network('10.94.0.0/16'),
 IPv4Network('10.95.0.0/16'),
 IPv4Network('10.96.0.0/16'),
 IPv4Network('10.97.0.0/16'),
 IPv4Network('10.98.0.0/16'),
 IPv4Network('10.99.0.0/16'),
 IPv4Network('10.100.0.0/16'),
 IPv4Network('10.101.0.0/16'),
 IPv4Network('10.102.0.0/16'),
 IPv4Network('10.103.0.0/16'),
 IPv4Network('10.104.0.0/16'),
 IPv4Network('10.105.0.0/16'),
 IPv4Network('10.106.0.0/16'),
 IPv4Network('10.107.0.0/16'),
 IPv4Network('10.108.0.0/16'),
 IPv4Network('10.109.0.0/16'),
 IPv4Network('10.110.0.0/16'),
 IPv4Network('10.111.0.0/16'),
 IPv4Network('10.112.0.0/16'),
 IPv4Network('10.113.0.0/16'),
 IPv4Network('10.114.0.0/16'),
 IPv4Network('10.115.0.0/16'),
 IPv4Network('10.116.0.0/16'),
 IPv4Network('10.117.0.0/16'),
 IPv4Network('10.118.0.0/16'),
 IPv4Network('10.119.0.0/16'),
 IPv4Network('10.120.0.0/16'),
 IPv4Network('10.121.0.0/16'),
 IPv4Network('10.122.0.0/16'),
 IPv4Network('10.123.0.0/16'),
 IPv4Network('10.124.0.0/16'),
 IPv4Network('10.125.0.0/16'),
 IPv4Network('10.126.0.0/16'),
 IPv4Network('10.127.0.0/16'),
 IPv4Network('10.128.0.0/16'),
 IPv4Network('10.129.0.0/16'),
 IPv4Network('10.130.0.0/16'),
 IPv4Network('10.131.0.0/16'),
 IPv4Network('10.132.0.0/16'),
 IPv4Network('10.133.0.0/16'),
 IPv4Network('10.134.0.0/16'),
 IPv4Network('10.135.0.0/16'),
 IPv4Network('10.136.0.0/16'),
 IPv4Network('10.137.0.0/16'),
 IPv4Network('10.138.0.0/16'),
 IPv4Network('10.139.0.0/16'),
 IPv4Network('10.140.0.0/16'),
 IPv4Network('10.141.0.0/16'),
 IPv4Network('10.142.0.0/16'),
 IPv4Network('10.143.0.0/16'),
 IPv4Network('10.144.0.0/16'),
 IPv4Network('10.145.0.0/16'),
 IPv4Network('10.146.0.0/16'),
 IPv4Network('10.147.0.0/16'),
 IPv4Network('10.148.0.0/16'),
 IPv4Network('10.149.0.0/16'),
 IPv4Network('10.150.0.0/16'),
 IPv4Network('10.151.0.0/16'),
 IPv4Network('10.152.0.0/16'),
 IPv4Network('10.153.0.0/16'),
 IPv4Network('10.154.0.0/16'),
 IPv4Network('10.155.0.0/16'),
 IPv4Network('10.156.0.0/16'),
 IPv4Network('10.157.0.0/16'),
 IPv4Network('10.158.0.0/16'),
 IPv4Network('10.159.0.0/16'),
 IPv4Network('10.160.0.0/16'),
 IPv4Network('10.161.0.0/16'),
 IPv4Network('10.162.0.0/16'),
 IPv4Network('10.163.0.0/16'),
 IPv4Network('10.164.0.0/16'),
 IPv4Network('10.165.0.0/16'),
 IPv4Network('10.166.0.0/16'),
 IPv4Network('10.167.0.0/16'),
 IPv4Network('10.168.0.0/16'),
 IPv4Network('10.169.0.0/16'),
 IPv4Network('10.170.0.0/16'),
 IPv4Network('10.171.0.0/16'),
 IPv4Network('10.172.0.0/16'),
 IPv4Network('10.173.0.0/16'),
 IPv4Network('10.174.0.0/16'),
 IPv4Network('10.175.0.0/16'),
 IPv4Network('10.176.0.0/16'),
 IPv4Network('10.177.0.0/16'),
 IPv4Network('10.178.0.0/16'),
 IPv4Network('10.179.0.0/16'),
 IPv4Network('10.180.0.0/16'),
 IPv4Network('10.181.0.0/16'),
 IPv4Network('10.182.0.0/16'),
 IPv4Network('10.183.0.0/16'),
 IPv4Network('10.184.0.0/16'),
 IPv4Network('10.185.0.0/16'),
 IPv4Network('10.186.0.0/16'),
 IPv4Network('10.187.0.0/16'),
 IPv4Network('10.188.0.0/16'),
 IPv4Network('10.189.0.0/16'),
 IPv4Network('10.190.0.0/16'),
 IPv4Network('10.191.0.0/16'),
 IPv4Network('10.192.0.0/16'),
 IPv4Network('10.193.0.0/16'),
 IPv4Network('10.194.0.0/16'),
 IPv4Network('10.195.0.0/16'),
 IPv4Network('10.196.0.0/16'),
 IPv4Network('10.197.0.0/16'),
 IPv4Network('10.198.0.0/16'),
 IPv4Network('10.199.0.0/16'),
 IPv4Network('10.200.0.0/16'),
 IPv4Network('10.201.0.0/16'),
 IPv4Network('10.202.0.0/16'),
 IPv4Network('10.203.0.0/16'),
 IPv4Network('10.204.0.0/16'),
 IPv4Network('10.205.0.0/16'),
 IPv4Network('10.206.0.0/16'),
 IPv4Network('10.207.0.0/16'),
 IPv4Network('10.208.0.0/16'),
 IPv4Network('10.209.0.0/16'),
 IPv4Network('10.210.0.0/16'),
 IPv4Network('10.211.0.0/16'),
 IPv4Network('10.212.0.0/16'),
 IPv4Network('10.213.0.0/16'),
 IPv4Network('10.214.0.0/16'),
 IPv4Network('10.215.0.0/16'),
 IPv4Network('10.216.0.0/16'),
 IPv4Network('10.217.0.0/16'),
 IPv4Network('10.218.0.0/16'),
 IPv4Network('10.219.0.0/16'),
 IPv4Network('10.220.0.0/16'),
 IPv4Network('10.221.0.0/16'),
 IPv4Network('10.222.0.0/16'),
 IPv4Network('10.223.0.0/16'),
 IPv4Network('10.224.0.0/16'),
 IPv4Network('10.225.0.0/16'),
 IPv4Network('10.226.0.0/16'),
 IPv4Network('10.227.0.0/16'),
 IPv4Network('10.228.0.0/16'),
 IPv4Network('10.229.0.0/16'),
 IPv4Network('10.230.0.0/16'),
 IPv4Network('10.231.0.0/16'),
 IPv4Network('10.232.0.0/16'),
 IPv4Network('10.233.0.0/16'),
 IPv4Network('10.234.0.0/16'),
 IPv4Network('10.235.0.0/16'),
 IPv4Network('10.236.0.0/16'),
 IPv4Network('10.237.0.0/16'),
 IPv4Network('10.238.0.0/16'),
 IPv4Network('10.239.0.0/16'),
 IPv4Network('10.240.0.0/16'),
 IPv4Network('10.241.0.0/16'),
 IPv4Network('10.242.0.0/16'),
 IPv4Network('10.243.0.0/16'),
 IPv4Network('10.244.0.0/16'),
 IPv4Network('10.245.0.0/16')]
[IPv4Network('10.0.0.0/8'),
 IPv4Network('129.79.0.0/16'),
 IPv4Network('134.68.0.0/16'),
 IPv4Network('140.182.0.0/16'),
 IPv4Network('149.159.0.0/16'),
 IPv4Network('149.160.0.0/14'),
 IPv4Network('156.56.0.0/16'),
 IPv4Network('172.16.0.0/12'),
 IPv4Network('192.168.0.0/24'),
 IPv6Network('::/128'),
 IPv4Network('10.0.0.0/16'),
 IPv4Network('10.1.0.0/16'),
 IPv4Network('10.2.0.0/16'),
 IPv4Network('10.3.0.0/16'),
 IPv4Network('10.4.0.0/16'),
 IPv4Network('10.5.0.0/16'),
 IPv4Network('10.6.0.0/16'),
 IPv4Network('10.7.0.0/16'),
 IPv4Network('10.8.0.0/16'),
 IPv4Network('10.9.0.0/16'),
 IPv4Network('10.10.0.0/16'),
 IPv4Network('10.11.0.0/16'),
 IPv4Network('10.12.0.0/16'),
 IPv4Network('10.13.0.0/16'),
 IPv4Network('10.14.0.0/16'),
 IPv4Network('10.15.0.0/16'),
 IPv4Network('10.16.0.0/16'),
 IPv4Network('10.17.0.0/16'),
 IPv4Network('10.18.0.0/16'),
 IPv4Network('10.19.0.0/16'),
 IPv4Network('10.20.0.0/16'),
 IPv4Network('10.21.0.0/16'),
 IPv4Network('10.22.0.0/16'),
 IPv4Network('10.23.0.0/16'),
 IPv4Network('10.24.0.0/16'),
 IPv4Network('10.25.0.0/16'),
 IPv4Network('10.26.0.0/16'),
 IPv4Network('10.27.0.0/16'),
 IPv4Network('10.28.0.0/16'),
 IPv4Network('10.29.0.0/16'),
 IPv4Network('10.30.0.0/16'),
 IPv4Network('10.31.0.0/16'),
 IPv4Network('10.32.0.0/16'),
 IPv4Network('10.33.0.0/16'),
 IPv4Network('10.34.0.0/16'),
 IPv4Network('10.35.0.0/16'),
 IPv4Network('10.36.0.0/16'),
 IPv4Network('10.37.0.0/16'),
 IPv4Network('10.38.0.0/16'),
 IPv4Network('10.39.0.0/16'),
 IPv4Network('10.40.0.0/16'),
 IPv4Network('10.41.0.0/16'),
 IPv4Network('10.42.0.0/16'),
 IPv4Network('10.43.0.0/16'),
 IPv4Network('10.44.0.0/16'),
 IPv4Network('10.45.0.0/16'),
 IPv4Network('10.46.0.0/16'),
 IPv4Network('10.47.0.0/16'),
 IPv4Network('10.48.0.0/16'),
 IPv4Network('10.49.0.0/16'),
 IPv4Network('10.50.0.0/16'),
 IPv4Network('10.51.0.0/16'),
 IPv4Network('10.52.0.0/16'),
 IPv4Network('10.53.0.0/16'),
 IPv4Network('10.54.0.0/16'),
 IPv4Network('10.55.0.0/16'),
 IPv4Network('10.56.0.0/16'),
 IPv4Network('10.57.0.0/16'),
 IPv4Network('10.58.0.0/16'),
 IPv4Network('10.59.0.0/16'),
 IPv4Network('10.60.0.0/16'),
 IPv4Network('10.61.0.0/16'),
 IPv4Network('10.62.0.0/16'),
 IPv4Network('10.63.0.0/16'),
 IPv4Network('10.64.0.0/16'),
 IPv4Network('10.65.0.0/16'),
 IPv4Network('10.66.0.0/16'),
 IPv4Network('10.67.0.0/16'),
 IPv4Network('10.68.0.0/16'),
 IPv4Network('10.69.0.0/16'),
 IPv4Network('10.70.0.0/16'),
 IPv4Network('10.71.0.0/16'),
 IPv4Network('10.72.0.0/16'),
 IPv4Network('10.73.0.0/16'),
 IPv4Network('10.74.0.0/16'),
 IPv4Network('10.75.0.0/16'),
 IPv4Network('10.76.0.0/16'),
 IPv4Network('10.77.0.0/16'),
 IPv4Network('10.78.0.0/16'),
 IPv4Network('10.79.0.0/16'),
 IPv4Network('10.80.0.0/16'),
 IPv4Network('10.81.0.0/16'),
 IPv4Network('10.82.0.0/16'),
 IPv4Network('10.83.0.0/16'),
 IPv4Network('10.84.0.0/16'),
 IPv4Network('10.85.0.0/16'),
 IPv4Network('10.86.0.0/16'),
 IPv4Network('10.87.0.0/16'),
 IPv4Network('10.88.0.0/16'),
 IPv4Network('10.89.0.0/16'),
 IPv4Network('10.90.0.0/16'),
 IPv4Network('10.91.0.0/16'),
 IPv4Network('10.92.0.0/16'),
 IPv4Network('10.93.0.0/16'),
 IPv4Network('10.94.0.0/16'),
 IPv4Network('10.95.0.0/16'),
 IPv4Network('10.96.0.0/16'),
 IPv4Network('10.97.0.0/16'),
 IPv4Network('10.98.0.0/16'),
 IPv4Network('10.99.0.0/16'),
 IPv4Network('10.100.0.0/16'),
 IPv4Network('10.101.0.0/16'),
 IPv4Network('10.102.0.0/16'),
 IPv4Network('10.103.0.0/16'),
 IPv4Network('10.104.0.0/16'),
 IPv4Network('10.105.0.0/16'),
 IPv4Network('10.106.0.0/16'),
 IPv4Network('10.107.0.0/16'),
 IPv4Network('10.108.0.0/16'),
 IPv4Network('10.109.0.0/16'),
 IPv4Network('10.110.0.0/16'),
 IPv4Network('10.111.0.0/16'),
 IPv4Network('10.112.0.0/16'),
 IPv4Network('10.113.0.0/16'),
 IPv4Network('10.114.0.0/16'),
 IPv4Network('10.115.0.0/16'),
 IPv4Network('10.116.0.0/16'),
 IPv4Network('10.117.0.0/16'),
 IPv4Network('10.118.0.0/16'),
 IPv4Network('10.119.0.0/16'),
 IPv4Network('10.120.0.0/16'),
 IPv4Network('10.121.0.0/16'),
 IPv4Network('10.122.0.0/16'),
 IPv4Network('10.123.0.0/16'),
 IPv4Network('10.124.0.0/16'),
 IPv4Network('10.125.0.0/16'),
 IPv4Network('10.126.0.0/16'),
 IPv4Network('10.127.0.0/16'),
 IPv4Network('10.128.0.0/16'),
 IPv4Network('10.129.0.0/16'),
 IPv4Network('10.130.0.0/16'),
 IPv4Network('10.131.0.0/16'),
 IPv4Network('10.132.0.0/16'),
 IPv4Network('10.133.0.0/16'),
 IPv4Network('10.134.0.0/16'),
 IPv4Network('10.135.0.0/16'),
 IPv4Network('10.136.0.0/16'),
 IPv4Network('10.137.0.0/16'),
 IPv4Network('10.138.0.0/16'),
 IPv4Network('10.139.0.0/16'),
 IPv4Network('10.140.0.0/16'),
 IPv4Network('10.141.0.0/16'),
 IPv4Network('10.142.0.0/16'),
 IPv4Network('10.143.0.0/16'),
 IPv4Network('10.144.0.0/16'),
 IPv4Network('10.145.0.0/16'),
 IPv4Network('10.146.0.0/16'),
 IPv4Network('10.147.0.0/16'),
 IPv4Network('10.148.0.0/16'),
 IPv4Network('10.149.0.0/16'),
 IPv4Network('10.150.0.0/16'),
 IPv4Network('10.151.0.0/16'),
 IPv4Network('10.152.0.0/16'),
 IPv4Network('10.153.0.0/16'),
 IPv4Network('10.154.0.0/16'),
 IPv4Network('10.155.0.0/16'),
 IPv4Network('10.156.0.0/16'),
 IPv4Network('10.157.0.0/16'),
 IPv4Network('10.158.0.0/16'),
 IPv4Network('10.159.0.0/16'),
 IPv4Network('10.160.0.0/16'),
 IPv4Network('10.161.0.0/16'),
 IPv4Network('10.162.0.0/16'),
 IPv4Network('10.163.0.0/16'),
 IPv4Network('10.164.0.0/16'),
 IPv4Network('10.165.0.0/16'),
 IPv4Network('10.166.0.0/16'),
 IPv4Network('10.167.0.0/16'),
 IPv4Network('10.168.0.0/16'),
 IPv4Network('10.169.0.0/16'),
 IPv4Network('10.170.0.0/16'),
 IPv4Network('10.171.0.0/16'),
 IPv4Network('10.172.0.0/16'),
 IPv4Network('10.173.0.0/16'),
 IPv4Network('10.174.0.0/16'),
 IPv4Network('10.175.0.0/16'),
 IPv4Network('10.176.0.0/16'),
 IPv4Network('10.177.0.0/16'),
 IPv4Network('10.178.0.0/16'),
 IPv4Network('10.179.0.0/16'),
 IPv4Network('10.180.0.0/16'),
 IPv4Network('10.181.0.0/16'),
 IPv4Network('10.182.0.0/16'),
 IPv4Network('10.183.0.0/16'),
 IPv4Network('10.184.0.0/16'),
 IPv4Network('10.185.0.0/16'),
 IPv4Network('10.186.0.0/16'),
 IPv4Network('10.187.0.0/16'),
 IPv4Network('10.188.0.0/16'),
 IPv4Network('10.189.0.0/16'),
 IPv4Network('10.190.0.0/16'),
 IPv4Network('10.191.0.0/16'),
 IPv4Network('10.192.0.0/16'),
 IPv4Network('10.193.0.0/16'),
 IPv4Network('10.194.0.0/16'),
 IPv4Network('10.195.0.0/16'),
 IPv4Network('10.196.0.0/16'),
 IPv4Network('10.197.0.0/16'),
 IPv4Network('10.198.0.0/16'),
 IPv4Network('10.199.0.0/16'),
 IPv4Network('10.200.0.0/16'),
 IPv4Network('10.201.0.0/16'),
 IPv4Network('10.202.0.0/16'),
 IPv4Network('10.203.0.0/16'),
 IPv4Network('10.204.0.0/16'),
 IPv4Network('10.205.0.0/16'),
 IPv4Network('10.206.0.0/16'),
 IPv4Network('10.207.0.0/16'),
 IPv4Network('10.208.0.0/16'),
 IPv4Network('10.209.0.0/16'),
 IPv4Network('10.210.0.0/16'),
 IPv4Network('10.211.0.0/16'),
 IPv4Network('10.212.0.0/16'),
 IPv4Network('10.213.0.0/16'),
 IPv4Network('10.214.0.0/16'),
 IPv4Network('10.215.0.0/16'),
 IPv4Network('10.216.0.0/16'),
 IPv4Network('10.217.0.0/16'),
 IPv4Network('10.218.0.0/16'),
 IPv4Network('10.219.0.0/16'),
 IPv4Network('10.220.0.0/16'),
 IPv4Network('10.221.0.0/16'),
 IPv4Network('10.222.0.0/16'),
 IPv4Network('10.223.0.0/16'),
 IPv4Network('10.224.0.0/16'),
 IPv4Network('10.225.0.0/16'),
 IPv4Network('10.226.0.0/16'),
 IPv4Network('10.227.0.0/16'),
 IPv4Network('10.228.0.0/16'),
 IPv4Network('10.229.0.0/16'),
 IPv4Network('10.230.0.0/16'),
 IPv4Network('10.231.0.0/16'),
 IPv4Network('10.232.0.0/16'),
 IPv4Network('10.233.0.0/16'),
 IPv4Network('10.234.0.0/16'),
 IPv4Network('10.235.0.0/16'),
 IPv4Network('10.236.0.0/16'),
 IPv4Network('10.237.0.0/16'),
 IPv4Network('10.238.0.0/16'),
 IPv4Network('10.239.0.0/16'),
 IPv4Network('10.240.0.0/16'),
 IPv4Network('10.241.0.0/16'),
 IPv4Network('10.242.0.0/16'),
 IPv4Network('10.243.0.0/16'),
 IPv4Network('10.244.0.0/16'),
 IPv4Network('10.245.0.0/16'),
 IPv4Network('10.246.0.0/16'),
 IPv4Network('10.247.0.0/16')]
[IPv4Network('10.0.0.0/8'),
 IPv4Network('129.79.0.0/16'),
 IPv4Network('134.68.0.0/16'),
 IPv4Network('140.182.0.0/16'),
 IPv4Network('149.159.0.0/16'),
 IPv4Network('149.160.0.0/14'),
 IPv4Network('156.56.0.0/16'),
 IPv4Network('172.16.0.0/12'),
 IPv4Network('192.168.0.0/24'),
 IPv6Network('::/128'),
 IPv4Network('10.0.0.0/16'),
 IPv4Network('10.1.0.0/16'),
 IPv4Network('10.2.0.0/16'),
 IPv4Network('10.3.0.0/16'),
 IPv4Network('10.4.0.0/16'),
 IPv4Network('10.5.0.0/16'),
 IPv4Network('10.6.0.0/16'),
 IPv4Network('10.7.0.0/16'),
 IPv4Network('10.8.0.0/16'),
 IPv4Network('10.9.0.0/16'),
 IPv4Network('10.10.0.0/16'),
 IPv4Network('10.11.0.0/16'),
 IPv4Network('10.12.0.0/16'),
 IPv4Network('10.13.0.0/16'),
 IPv4Network('10.14.0.0/16'),
 IPv4Network('10.15.0.0/16'),
 IPv4Network('10.16.0.0/16'),
 IPv4Network('10.17.0.0/16'),
 IPv4Network('10.18.0.0/16'),
 IPv4Network('10.19.0.0/16'),
 IPv4Network('10.20.0.0/16'),
 IPv4Network('10.21.0.0/16'),
 IPv4Network('10.22.0.0/16'),
 IPv4Network('10.23.0.0/16'),
 IPv4Network('10.24.0.0/16'),
 IPv4Network('10.25.0.0/16'),
 IPv4Network('10.26.0.0/16'),
 IPv4Network('10.27.0.0/16'),
 IPv4Network('10.28.0.0/16'),
 IPv4Network('10.29.0.0/16'),
 IPv4Network('10.30.0.0/16'),
 IPv4Network('10.31.0.0/16'),
 IPv4Network('10.32.0.0/16'),
 IPv4Network('10.33.0.0/16'),
 IPv4Network('10.34.0.0/16'),
 IPv4Network('10.35.0.0/16'),
 IPv4Network('10.36.0.0/16'),
 IPv4Network('10.37.0.0/16'),
 IPv4Network('10.38.0.0/16'),
 IPv4Network('10.39.0.0/16'),
 IPv4Network('10.40.0.0/16'),
 IPv4Network('10.41.0.0/16'),
 IPv4Network('10.42.0.0/16'),
 IPv4Network('10.43.0.0/16'),
 IPv4Network('10.44.0.0/16'),
 IPv4Network('10.45.0.0/16'),
 IPv4Network('10.46.0.0/16'),
 IPv4Network('10.47.0.0/16'),
 IPv4Network('10.48.0.0/16'),
 IPv4Network('10.49.0.0/16'),
 IPv4Network('10.50.0.0/16'),
 IPv4Network('10.51.0.0/16'),
 IPv4Network('10.52.0.0/16'),
 IPv4Network('10.53.0.0/16'),
 IPv4Network('10.54.0.0/16'),
 IPv4Network('10.55.0.0/16'),
 IPv4Network('10.56.0.0/16'),
 IPv4Network('10.57.0.0/16'),
 IPv4Network('10.58.0.0/16'),
 IPv4Network('10.59.0.0/16'),
 IPv4Network('10.60.0.0/16'),
 IPv4Network('10.61.0.0/16'),
 IPv4Network('10.62.0.0/16'),
 IPv4Network('10.63.0.0/16'),
 IPv4Network('10.64.0.0/16'),
 IPv4Network('10.65.0.0/16'),
 IPv4Network('10.66.0.0/16'),
 IPv4Network('10.67.0.0/16'),
 IPv4Network('10.68.0.0/16'),
 IPv4Network('10.69.0.0/16'),
 IPv4Network('10.70.0.0/16'),
 IPv4Network('10.71.0.0/16'),
 IPv4Network('10.72.0.0/16'),
 IPv4Network('10.73.0.0/16'),
 IPv4Network('10.74.0.0/16'),
 IPv4Network('10.75.0.0/16'),
 IPv4Network('10.76.0.0/16'),
 IPv4Network('10.77.0.0/16'),
 IPv4Network('10.78.0.0/16'),
 IPv4Network('10.79.0.0/16'),
 IPv4Network('10.80.0.0/16'),
 IPv4Network('10.81.0.0/16'),
 IPv4Network('10.82.0.0/16'),
 IPv4Network('10.83.0.0/16'),
 IPv4Network('10.84.0.0/16'),
 IPv4Network('10.85.0.0/16'),
 IPv4Network('10.86.0.0/16'),
 IPv4Network('10.87.0.0/16'),
 IPv4Network('10.88.0.0/16'),
 IPv4Network('10.89.0.0/16'),
 IPv4Network('10.90.0.0/16'),
 IPv4Network('10.91.0.0/16'),
 IPv4Network('10.92.0.0/16'),
 IPv4Network('10.93.0.0/16'),
 IPv4Network('10.94.0.0/16'),
 IPv4Network('10.95.0.0/16'),
 IPv4Network('10.96.0.0/16'),
 IPv4Network('10.97.0.0/16'),
 IPv4Network('10.98.0.0/16'),
 IPv4Network('10.99.0.0/16'),
 IPv4Network('10.100.0.0/16'),
 IPv4Network('10.101.0.0/16'),
 IPv4Network('10.102.0.0/16'),
 IPv4Network('10.103.0.0/16'),
 IPv4Network('10.104.0.0/16'),
 IPv4Network('10.105.0.0/16'),
 IPv4Network('10.106.0.0/16'),
 IPv4Network('10.107.0.0/16'),
 IPv4Network('10.108.0.0/16'),
 IPv4Network('10.109.0.0/16'),
 IPv4Network('10.110.0.0/16'),
 IPv4Network('10.111.0.0/16'),
 IPv4Network('10.112.0.0/16'),
 IPv4Network('10.113.0.0/16'),
 IPv4Network('10.114.0.0/16'),
 IPv4Network('10.115.0.0/16'),
 IPv4Network('10.116.0.0/16'),
 IPv4Network('10.117.0.0/16'),
 IPv4Network('10.118.0.0/16'),
 IPv4Network('10.119.0.0/16'),
 IPv4Network('10.120.0.0/16'),
 IPv4Network('10.121.0.0/16'),
 IPv4Network('10.122.0.0/16'),
 IPv4Network('10.123.0.0/16'),
 IPv4Network('10.124.0.0/16'),
 IPv4Network('10.125.0.0/16'),
 IPv4Network('10.126.0.0/16'),
 IPv4Network('10.127.0.0/16'),
 IPv4Network('10.128.0.0/16'),
 IPv4Network('10.129.0.0/16'),
 IPv4Network('10.130.0.0/16'),
 IPv4Network('10.131.0.0/16'),
 IPv4Network('10.132.0.0/16'),
 IPv4Network('10.133.0.0/16'),
 IPv4Network('10.134.0.0/16'),
 IPv4Network('10.135.0.0/16'),
 IPv4Network('10.136.0.0/16'),
 IPv4Network('10.137.0.0/16'),
 IPv4Network('10.138.0.0/16'),
 IPv4Network('10.139.0.0/16'),
 IPv4Network('10.140.0.0/16'),
 IPv4Network('10.141.0.0/16'),
 IPv4Network('10.142.0.0/16'),
 IPv4Network('10.143.0.0/16'),
 IPv4Network('10.144.0.0/16'),
 IPv4Network('10.145.0.0/16'),
 IPv4Network('10.146.0.0/16'),
 IPv4Network('10.147.0.0/16'),
 IPv4Network('10.148.0.0/16'),
 IPv4Network('10.149.0.0/16'),
 IPv4Network('10.150.0.0/16'),
 IPv4Network('10.151.0.0/16'),
 IPv4Network('10.152.0.0/16'),
 IPv4Network('10.153.0.0/16'),
 IPv4Network('10.154.0.0/16'),
 IPv4Network('10.155.0.0/16'),
 IPv4Network('10.156.0.0/16'),
 IPv4Network('10.157.0.0/16'),
 IPv4Network('10.158.0.0/16'),
 IPv4Network('10.159.0.0/16'),
 IPv4Network('10.160.0.0/16'),
 IPv4Network('10.161.0.0/16'),
 IPv4Network('10.162.0.0/16'),
 IPv4Network('10.163.0.0/16'),
 IPv4Network('10.164.0.0/16'),
 IPv4Network('10.165.0.0/16'),
 IPv4Network('10.166.0.0/16'),
 IPv4Network('10.167.0.0/16'),
 IPv4Network('10.168.0.0/16'),
 IPv4Network('10.169.0.0/16'),
 IPv4Network('10.170.0.0/16'),
 IPv4Network('10.171.0.0/16'),
 IPv4Network('10.172.0.0/16'),
 IPv4Network('10.173.0.0/16'),
 IPv4Network('10.174.0.0/16'),
 IPv4Network('10.175.0.0/16'),
 IPv4Network('10.176.0.0/16'),
 IPv4Network('10.177.0.0/16'),
 IPv4Network('10.178.0.0/16'),
 IPv4Network('10.179.0.0/16'),
 IPv4Network('10.180.0.0/16'),
 IPv4Network('10.181.0.0/16'),
 IPv4Network('10.182.0.0/16'),
 IPv4Network('10.183.0.0/16'),
 IPv4Network('10.184.0.0/16'),
 IPv4Network('10.185.0.0/16'),
 IPv4Network('10.186.0.0/16'),
 IPv4Network('10.187.0.0/16'),
 IPv4Network('10.188.0.0/16'),
 IPv4Network('10.189.0.0/16'),
 IPv4Network('10.190.0.0/16'),
 IPv4Network('10.191.0.0/16'),
 IPv4Network('10.192.0.0/16'),
 IPv4Network('10.193.0.0/16'),
 IPv4Network('10.194.0.0/16'),
 IPv4Network('10.195.0.0/16'),
 IPv4Network('10.196.0.0/16'),
 IPv4Network('10.197.0.0/16'),
 IPv4Network('10.198.0.0/16'),
 IPv4Network('10.199.0.0/16'),
 IPv4Network('10.200.0.0/16'),
 IPv4Network('10.201.0.0/16'),
 IPv4Network('10.202.0.0/16'),
 IPv4Network('10.203.0.0/16'),
 IPv4Network('10.204.0.0/16'),
 IPv4Network('10.205.0.0/16'),
 IPv4Network('10.206.0.0/16'),
 IPv4Network('10.207.0.0/16'),
 IPv4Network('10.208.0.0/16'),
 IPv4Network('10.209.0.0/16'),
 IPv4Network('10.210.0.0/16'),
 IPv4Network('10.211.0.0/16'),
 IPv4Network('10.212.0.0/16'),
 IPv4Network('10.213.0.0/16'),
 IPv4Network('10.214.0.0/16'),
 IPv4Network('10.215.0.0/16'),
 IPv4Network('10.216.0.0/16'),
 IPv4Network('10.217.0.0/16'),
 IPv4Network('10.218.0.0/16'),
 IPv4Network('10.219.0.0/16'),
 IPv4Network('10.220.0.0/16'),
 IPv4Network('10.221.0.0/16'),
 IPv4Network('10.222.0.0/16'),
 IPv4Network('10.223.0.0/16'),
 IPv4Network('10.224.0.0/16'),
 IPv4Network('10.225.0.0/16'),
 IPv4Network('10.226.0.0/16'),
 IPv4Network('10.227.0.0/16'),
 IPv4Network('10.228.0.0/16'),
 IPv4Network('10.229.0.0/16'),
 IPv4Network('10.230.0.0/16'),
 IPv4Network('10.231.0.0/16'),
 IPv4Network('10.232.0.0/16'),
 IPv4Network('10.233.0.0/16'),
 IPv4Network('10.234.0.0/16'),
 IPv4Network('10.235.0.0/16'),
 IPv4Network('10.236.0.0/16'),
 IPv4Network('10.237.0.0/16'),
 IPv4Network('10.238.0.0/16'),
 IPv4Network('10.239.0.0/16'),
 IPv4Network('10.240.0.0/16'),
 IPv4Network('10.241.0.0/16'),
 IPv4Network('10.242.0.0/16'),
 IPv4Network('10.243.0.0/16'),
 IPv4Network('10.244.0.0/16'),
 IPv4Network('10.245.0.0/16'),
 IPv4Network('10.246.0.0/16'),
 IPv4Network('10.247.0.0/16')]
[IPv4Network('10.0.0.0/8'),
 IPv4Network('129.79.0.0/16'),
 IPv4Network('134.68.0.0/16'),
 IPv4Network('140.182.0.0/16'),
 IPv4Network('149.159.0.0/16'),
 IPv4Network('149.160.0.0/14'),
 IPv4Network('156.56.0.0/16'),
 IPv4Network('172.16.0.0/12'),
 IPv4Network('192.168.0.0/24'),
 IPv6Network('::/128'),
 IPv4Network('10.0.0.0/16'),
 IPv4Network('10.1.0.0/16'),
 IPv4Network('10.2.0.0/16'),
 IPv4Network('10.3.0.0/16'),
 IPv4Network('10.4.0.0/16'),
 IPv4Network('10.5.0.0/16'),
 IPv4Network('10.6.0.0/16'),
 IPv4Network('10.7.0.0/16'),
 IPv4Network('10.8.0.0/16'),
 IPv4Network('10.9.0.0/16'),
 IPv4Network('10.10.0.0/16'),
 IPv4Network('10.11.0.0/16'),
 IPv4Network('10.12.0.0/16'),
 IPv4Network('10.13.0.0/16'),
 IPv4Network('10.14.0.0/16'),
 IPv4Network('10.15.0.0/16'),
 IPv4Network('10.16.0.0/16'),
 IPv4Network('10.17.0.0/16'),
 IPv4Network('10.18.0.0/16'),
 IPv4Network('10.19.0.0/16'),
 IPv4Network('10.20.0.0/16'),
 IPv4Network('10.21.0.0/16'),
 IPv4Network('10.22.0.0/16'),
 IPv4Network('10.23.0.0/16'),
 IPv4Network('10.24.0.0/16'),
 IPv4Network('10.25.0.0/16'),
 IPv4Network('10.26.0.0/16'),
 IPv4Network('10.27.0.0/16'),
 IPv4Network('10.28.0.0/16'),
 IPv4Network('10.29.0.0/16'),
 IPv4Network('10.30.0.0/16'),
 IPv4Network('10.31.0.0/16'),
 IPv4Network('10.32.0.0/16'),
 IPv4Network('10.33.0.0/16'),
 IPv4Network('10.34.0.0/16'),
 IPv4Network('10.35.0.0/16'),
 IPv4Network('10.36.0.0/16'),
 IPv4Network('10.37.0.0/16'),
 IPv4Network('10.38.0.0/16'),
 IPv4Network('10.39.0.0/16'),
 IPv4Network('10.40.0.0/16'),
 IPv4Network('10.41.0.0/16'),
 IPv4Network('10.42.0.0/16'),
 IPv4Network('10.43.0.0/16'),
 IPv4Network('10.44.0.0/16'),
 IPv4Network('10.45.0.0/16'),
 IPv4Network('10.46.0.0/16'),
 IPv4Network('10.47.0.0/16'),
 IPv4Network('10.48.0.0/16'),
 IPv4Network('10.49.0.0/16'),
 IPv4Network('10.50.0.0/16'),
 IPv4Network('10.51.0.0/16'),
 IPv4Network('10.52.0.0/16'),
 IPv4Network('10.53.0.0/16'),
 IPv4Network('10.54.0.0/16'),
 IPv4Network('10.55.0.0/16'),
 IPv4Network('10.56.0.0/16'),
 IPv4Network('10.57.0.0/16'),
 IPv4Network('10.58.0.0/16'),
 IPv4Network('10.59.0.0/16'),
 IPv4Network('10.60.0.0/16'),
 IPv4Network('10.61.0.0/16'),
 IPv4Network('10.62.0.0/16'),
 IPv4Network('10.63.0.0/16'),
 IPv4Network('10.64.0.0/16'),
 IPv4Network('10.65.0.0/16'),
 IPv4Network('10.66.0.0/16'),
 IPv4Network('10.67.0.0/16'),
 IPv4Network('10.68.0.0/16'),
 IPv4Network('10.69.0.0/16'),
 IPv4Network('10.70.0.0/16'),
 IPv4Network('10.71.0.0/16'),
 IPv4Network('10.72.0.0/16'),
 IPv4Network('10.73.0.0/16'),
 IPv4Network('10.74.0.0/16'),
 IPv4Network('10.75.0.0/16'),
 IPv4Network('10.76.0.0/16'),
 IPv4Network('10.77.0.0/16'),
 IPv4Network('10.78.0.0/16'),
 IPv4Network('10.79.0.0/16'),
 IPv4Network('10.80.0.0/16'),
 IPv4Network('10.81.0.0/16'),
 IPv4Network('10.82.0.0/16'),
 IPv4Network('10.83.0.0/16'),
 IPv4Network('10.84.0.0/16'),
 IPv4Network('10.85.0.0/16'),
 IPv4Network('10.86.0.0/16'),
 IPv4Network('10.87.0.0/16'),
 IPv4Network('10.88.0.0/16'),
 IPv4Network('10.89.0.0/16'),
 IPv4Network('10.90.0.0/16'),
 IPv4Network('10.91.0.0/16'),
 IPv4Network('10.92.0.0/16'),
 IPv4Network('10.93.0.0/16'),
 IPv4Network('10.94.0.0/16'),
 IPv4Network('10.95.0.0/16'),
 IPv4Network('10.96.0.0/16'),
 IPv4Network('10.97.0.0/16'),
 IPv4Network('10.98.0.0/16'),
 IPv4Network('10.99.0.0/16'),
 IPv4Network('10.100.0.0/16'),
 IPv4Network('10.101.0.0/16'),
 IPv4Network('10.102.0.0/16'),
 IPv4Network('10.103.0.0/16'),
 IPv4Network('10.104.0.0/16'),
 IPv4Network('10.105.0.0/16'),
 IPv4Network('10.106.0.0/16'),
 IPv4Network('10.107.0.0/16'),
 IPv4Network('10.108.0.0/16'),
 IPv4Network('10.109.0.0/16'),
 IPv4Network('10.110.0.0/16'),
 IPv4Network('10.111.0.0/16'),
 IPv4Network('10.112.0.0/16'),
 IPv4Network('10.113.0.0/16'),
 IPv4Network('10.114.0.0/16'),
 IPv4Network('10.115.0.0/16'),
 IPv4Network('10.116.0.0/16'),
 IPv4Network('10.117.0.0/16'),
 IPv4Network('10.118.0.0/16'),
 IPv4Network('10.119.0.0/16'),
 IPv4Network('10.120.0.0/16'),
 IPv4Network('10.121.0.0/16'),
 IPv4Network('10.122.0.0/16'),
 IPv4Network('10.123.0.0/16'),
 IPv4Network('10.124.0.0/16'),
 IPv4Network('10.125.0.0/16'),
 IPv4Network('10.126.0.0/16'),
 IPv4Network('10.127.0.0/16'),
 IPv4Network('10.128.0.0/16'),
 IPv4Network('10.129.0.0/16'),
 IPv4Network('10.130.0.0/16'),
 IPv4Network('10.131.0.0/16'),
 IPv4Network('10.132.0.0/16'),
 IPv4Network('10.133.0.0/16'),
 IPv4Network('10.134.0.0/16'),
 IPv4Network('10.135.0.0/16'),
 IPv4Network('10.136.0.0/16'),
 IPv4Network('10.137.0.0/16'),
 IPv4Network('10.138.0.0/16'),
 IPv4Network('10.139.0.0/16'),
 IPv4Network('10.140.0.0/16'),
 IPv4Network('10.141.0.0/16'),
 IPv4Network('10.142.0.0/16'),
 IPv4Network('10.143.0.0/16'),
 IPv4Network('10.144.0.0/16'),
 IPv4Network('10.145.0.0/16'),
 IPv4Network('10.146.0.0/16'),
 IPv4Network('10.147.0.0/16'),
 IPv4Network('10.148.0.0/16'),
 IPv4Network('10.149.0.0/16'),
 IPv4Network('10.150.0.0/16'),
 IPv4Network('10.151.0.0/16'),
 IPv4Network('10.152.0.0/16'),
 IPv4Network('10.153.0.0/16'),
 IPv4Network('10.154.0.0/16'),
 IPv4Network('10.155.0.0/16'),
 IPv4Network('10.156.0.0/16'),
 IPv4Network('10.157.0.0/16'),
 IPv4Network('10.158.0.0/16'),
 IPv4Network('10.159.0.0/16'),
 IPv4Network('10.160.0.0/16'),
 IPv4Network('10.161.0.0/16'),
 IPv4Network('10.162.0.0/16'),
 IPv4Network('10.163.0.0/16'),
 IPv4Network('10.164.0.0/16'),
 IPv4Network('10.165.0.0/16'),
 IPv4Network('10.166.0.0/16'),
 IPv4Network('10.167.0.0/16'),
 IPv4Network('10.168.0.0/16'),
 IPv4Network('10.169.0.0/16'),
 IPv4Network('10.170.0.0/16'),
 IPv4Network('10.171.0.0/16'),
 IPv4Network('10.172.0.0/16'),
 IPv4Network('10.173.0.0/16'),
 IPv4Network('10.174.0.0/16'),
 IPv4Network('10.175.0.0/16'),
 IPv4Network('10.176.0.0/16'),
 IPv4Network('10.177.0.0/16'),
 IPv4Network('10.178.0.0/16'),
 IPv4Network('10.179.0.0/16'),
 IPv4Network('10.180.0.0/16'),
 IPv4Network('10.181.0.0/16'),
 IPv4Network('10.182.0.0/16'),
 IPv4Network('10.183.0.0/16'),
 IPv4Network('10.184.0.0/16'),
 IPv4Network('10.185.0.0/16'),
 IPv4Network('10.186.0.0/16'),
 IPv4Network('10.187.0.0/16'),
 IPv4Network('10.188.0.0/16'),
 IPv4Network('10.189.0.0/16'),
 IPv4Network('10.190.0.0/16'),
 IPv4Network('10.191.0.0/16'),
 IPv4Network('10.192.0.0/16'),
 IPv4Network('10.193.0.0/16'),
 IPv4Network('10.194.0.0/16'),
 IPv4Network('10.195.0.0/16'),
 IPv4Network('10.196.0.0/16'),
 IPv4Network('10.197.0.0/16'),
 IPv4Network('10.198.0.0/16'),
 IPv4Network('10.199.0.0/16'),
 IPv4Network('10.200.0.0/16'),
 IPv4Network('10.201.0.0/16'),
 IPv4Network('10.202.0.0/16'),
 IPv4Network('10.203.0.0/16'),
 IPv4Network('10.204.0.0/16'),
 IPv4Network('10.205.0.0/16'),
 IPv4Network('10.206.0.0/16'),
 IPv4Network('10.207.0.0/16'),
 IPv4Network('10.208.0.0/16'),
 IPv4Network('10.209.0.0/16'),
 IPv4Network('10.210.0.0/16'),
 IPv4Network('10.211.0.0/16'),
 IPv4Network('10.212.0.0/16'),
 IPv4Network('10.213.0.0/16'),
 IPv4Network('10.214.0.0/16'),
 IPv4Network('10.215.0.0/16'),
 IPv4Network('10.216.0.0/16'),
 IPv4Network('10.217.0.0/16'),
 IPv4Network('10.218.0.0/16'),
 IPv4Network('10.219.0.0/16'),
 IPv4Network('10.220.0.0/16'),
 IPv4Network('10.221.0.0/16'),
 IPv4Network('10.222.0.0/16'),
 IPv4Network('10.223.0.0/16'),
 IPv4Network('10.224.0.0/16'),
 IPv4Network('10.225.0.0/16'),
 IPv4Network('10.226.0.0/16'),
 IPv4Network('10.227.0.0/16'),
 IPv4Network('10.228.0.0/16'),
 IPv4Network('10.229.0.0/16'),
 IPv4Network('10.230.0.0/16'),
 IPv4Network('10.231.0.0/16'),
 IPv4Network('10.232.0.0/16'),
 IPv4Network('10.233.0.0/16'),
 IPv4Network('10.234.0.0/16'),
 IPv4Network('10.235.0.0/16'),
 IPv4Network('10.236.0.0/16'),
 IPv4Network('10.237.0.0/16'),
 IPv4Network('10.238.0.0/16'),
 IPv4Network('10.239.0.0/16'),
 IPv4Network('10.240.0.0/16'),
 IPv4Network('10.241.0.0/16'),
 IPv4Network('10.242.0.0/16'),
 IPv4Network('10.243.0.0/16'),
 IPv4Network('10.244.0.0/16'),
 IPv4Network('10.245.0.0/16'),
 IPv4Network('10.246.0.0/16'),
 IPv4Network('10.247.0.0/16')]
[IPv4Network('10.0.0.0/8'),
 IPv4Network('129.79.0.0/16'),
 IPv4Network('134.68.0.0/16'),
 IPv4Network('140.182.0.0/16'),
 IPv4Network('149.159.0.0/16'),
 IPv4Network('149.160.0.0/14'),
 IPv4Network('156.56.0.0/16'),
 IPv4Network('172.16.0.0/12'),
 IPv4Network('192.168.0.0/24'),
 IPv6Network('::/128'),
 IPv4Network('10.0.0.0/16'),
 IPv4Network('10.1.0.0/16'),
 IPv4Network('10.2.0.0/16'),
 IPv4Network('10.3.0.0/16'),
 IPv4Network('10.4.0.0/16'),
 IPv4Network('10.5.0.0/16'),
 IPv4Network('10.6.0.0/16'),
 IPv4Network('10.7.0.0/16'),
 IPv4Network('10.8.0.0/16'),
 IPv4Network('10.9.0.0/16'),
 IPv4Network('10.10.0.0/16'),
 IPv4Network('10.11.0.0/16'),
 IPv4Network('10.12.0.0/16'),
 IPv4Network('10.13.0.0/16'),
 IPv4Network('10.14.0.0/16'),
 IPv4Network('10.15.0.0/16'),
 IPv4Network('10.16.0.0/16'),
 IPv4Network('10.17.0.0/16'),
 IPv4Network('10.18.0.0/16'),
 IPv4Network('10.19.0.0/16'),
 IPv4Network('10.20.0.0/16'),
 IPv4Network('10.21.0.0/16'),
 IPv4Network('10.22.0.0/16'),
 IPv4Network('10.23.0.0/16'),
 IPv4Network('10.24.0.0/16'),
 IPv4Network('10.25.0.0/16'),
 IPv4Network('10.26.0.0/16'),
 IPv4Network('10.27.0.0/16'),
 IPv4Network('10.28.0.0/16'),
 IPv4Network('10.29.0.0/16'),
 IPv4Network('10.30.0.0/16'),
 IPv4Network('10.31.0.0/16'),
 IPv4Network('10.32.0.0/16'),
 IPv4Network('10.33.0.0/16'),
 IPv4Network('10.34.0.0/16'),
 IPv4Network('10.35.0.0/16'),
 IPv4Network('10.36.0.0/16'),
 IPv4Network('10.37.0.0/16'),
 IPv4Network('10.38.0.0/16'),
 IPv4Network('10.39.0.0/16'),
 IPv4Network('10.40.0.0/16'),
 IPv4Network('10.41.0.0/16'),
 IPv4Network('10.42.0.0/16'),
 IPv4Network('10.43.0.0/16'),
 IPv4Network('10.44.0.0/16'),
 IPv4Network('10.45.0.0/16'),
 IPv4Network('10.46.0.0/16'),
 IPv4Network('10.47.0.0/16'),
 IPv4Network('10.48.0.0/16'),
 IPv4Network('10.49.0.0/16'),
 IPv4Network('10.50.0.0/16'),
 IPv4Network('10.51.0.0/16'),
 IPv4Network('10.52.0.0/16'),
 IPv4Network('10.53.0.0/16'),
 IPv4Network('10.54.0.0/16'),
 IPv4Network('10.55.0.0/16'),
 IPv4Network('10.56.0.0/16'),
 IPv4Network('10.57.0.0/16'),
 IPv4Network('10.58.0.0/16'),
 IPv4Network('10.59.0.0/16'),
 IPv4Network('10.60.0.0/16'),
 IPv4Network('10.61.0.0/16'),
 IPv4Network('10.62.0.0/16'),
 IPv4Network('10.63.0.0/16'),
 IPv4Network('10.64.0.0/16'),
 IPv4Network('10.65.0.0/16'),
 IPv4Network('10.66.0.0/16'),
 IPv4Network('10.67.0.0/16'),
 IPv4Network('10.68.0.0/16'),
 IPv4Network('10.69.0.0/16'),
 IPv4Network('10.70.0.0/16'),
 IPv4Network('10.71.0.0/16'),
 IPv4Network('10.72.0.0/16'),
 IPv4Network('10.73.0.0/16'),
 IPv4Network('10.74.0.0/16'),
 IPv4Network('10.75.0.0/16'),
 IPv4Network('10.76.0.0/16'),
 IPv4Network('10.77.0.0/16'),
 IPv4Network('10.78.0.0/16'),
 IPv4Network('10.79.0.0/16'),
 IPv4Network('10.80.0.0/16'),
 IPv4Network('10.81.0.0/16'),
 IPv4Network('10.82.0.0/16'),
 IPv4Network('10.83.0.0/16'),
 IPv4Network('10.84.0.0/16'),
 IPv4Network('10.85.0.0/16'),
 IPv4Network('10.86.0.0/16'),
 IPv4Network('10.87.0.0/16'),
 IPv4Network('10.88.0.0/16'),
 IPv4Network('10.89.0.0/16'),
 IPv4Network('10.90.0.0/16'),
 IPv4Network('10.91.0.0/16'),
 IPv4Network('10.92.0.0/16'),
 IPv4Network('10.93.0.0/16'),
 IPv4Network('10.94.0.0/16'),
 IPv4Network('10.95.0.0/16'),
 IPv4Network('10.96.0.0/16'),
 IPv4Network('10.97.0.0/16'),
 IPv4Network('10.98.0.0/16'),
 IPv4Network('10.99.0.0/16'),
 IPv4Network('10.100.0.0/16'),
 IPv4Network('10.101.0.0/16'),
 IPv4Network('10.102.0.0/16'),
 IPv4Network('10.103.0.0/16'),
 IPv4Network('10.104.0.0/16'),
 IPv4Network('10.105.0.0/16'),
 IPv4Network('10.106.0.0/16'),
 IPv4Network('10.107.0.0/16'),
 IPv4Network('10.108.0.0/16'),
 IPv4Network('10.109.0.0/16'),
 IPv4Network('10.110.0.0/16'),
 IPv4Network('10.111.0.0/16'),
 IPv4Network('10.112.0.0/16'),
 IPv4Network('10.113.0.0/16'),
 IPv4Network('10.114.0.0/16'),
 IPv4Network('10.115.0.0/16'),
 IPv4Network('10.116.0.0/16'),
 IPv4Network('10.117.0.0/16'),
 IPv4Network('10.118.0.0/16'),
 IPv4Network('10.119.0.0/16'),
 IPv4Network('10.120.0.0/16'),
 IPv4Network('10.121.0.0/16'),
 IPv4Network('10.122.0.0/16'),
 IPv4Network('10.123.0.0/16'),
 IPv4Network('10.124.0.0/16'),
 IPv4Network('10.125.0.0/16'),
 IPv4Network('10.126.0.0/16'),
 IPv4Network('10.127.0.0/16'),
 IPv4Network('10.128.0.0/16'),
 IPv4Network('10.129.0.0/16'),
 IPv4Network('10.130.0.0/16'),
 IPv4Network('10.131.0.0/16'),
 IPv4Network('10.132.0.0/16'),
 IPv4Network('10.133.0.0/16'),
 IPv4Network('10.134.0.0/16'),
 IPv4Network('10.135.0.0/16'),
 IPv4Network('10.136.0.0/16'),
 IPv4Network('10.137.0.0/16'),
 IPv4Network('10.138.0.0/16'),
 IPv4Network('10.139.0.0/16'),
 IPv4Network('10.140.0.0/16'),
 IPv4Network('10.141.0.0/16'),
 IPv4Network('10.142.0.0/16'),
 IPv4Network('10.143.0.0/16'),
 IPv4Network('10.144.0.0/16'),
 IPv4Network('10.145.0.0/16'),
 IPv4Network('10.146.0.0/16'),
 IPv4Network('10.147.0.0/16'),
 IPv4Network('10.148.0.0/16'),
 IPv4Network('10.149.0.0/16'),
 IPv4Network('10.150.0.0/16'),
 IPv4Network('10.151.0.0/16'),
 IPv4Network('10.152.0.0/16'),
 IPv4Network('10.153.0.0/16'),
 IPv4Network('10.154.0.0/16'),
 IPv4Network('10.155.0.0/16'),
 IPv4Network('10.156.0.0/16'),
 IPv4Network('10.157.0.0/16'),
 IPv4Network('10.158.0.0/16'),
 IPv4Network('10.159.0.0/16'),
 IPv4Network('10.160.0.0/16'),
 IPv4Network('10.161.0.0/16'),
 IPv4Network('10.162.0.0/16'),
 IPv4Network('10.163.0.0/16'),
 IPv4Network('10.164.0.0/16'),
 IPv4Network('10.165.0.0/16'),
 IPv4Network('10.166.0.0/16'),
 IPv4Network('10.167.0.0/16'),
 IPv4Network('10.168.0.0/16'),
 IPv4Network('10.169.0.0/16'),
 IPv4Network('10.170.0.0/16'),
 IPv4Network('10.171.0.0/16'),
 IPv4Network('10.172.0.0/16'),
 IPv4Network('10.173.0.0/16'),
 IPv4Network('10.174.0.0/16'),
 IPv4Network('10.175.0.0/16'),
 IPv4Network('10.176.0.0/16'),
 IPv4Network('10.177.0.0/16'),
 IPv4Network('10.178.0.0/16'),
 IPv4Network('10.179.0.0/16'),
 IPv4Network('10.180.0.0/16'),
 IPv4Network('10.181.0.0/16'),
 IPv4Network('10.182.0.0/16'),
 IPv4Network('10.183.0.0/16'),
 IPv4Network('10.184.0.0/16'),
 IPv4Network('10.185.0.0/16'),
 IPv4Network('10.186.0.0/16'),
 IPv4Network('10.187.0.0/16'),
 IPv4Network('10.188.0.0/16'),
 IPv4Network('10.189.0.0/16'),
 IPv4Network('10.190.0.0/16'),
 IPv4Network('10.191.0.0/16'),
 IPv4Network('10.192.0.0/16'),
 IPv4Network('10.193.0.0/16'),
 IPv4Network('10.194.0.0/16'),
 IPv4Network('10.195.0.0/16'),
 IPv4Network('10.196.0.0/16'),
 IPv4Network('10.197.0.0/16'),
 IPv4Network('10.198.0.0/16'),
 IPv4Network('10.199.0.0/16'),
 IPv4Network('10.200.0.0/16'),
 IPv4Network('10.201.0.0/16'),
 IPv4Network('10.202.0.0/16'),
 IPv4Network('10.203.0.0/16'),
 IPv4Network('10.204.0.0/16'),
 IPv4Network('10.205.0.0/16'),
 IPv4Network('10.206.0.0/16'),
 IPv4Network('10.207.0.0/16'),
 IPv4Network('10.208.0.0/16'),
 IPv4Network('10.209.0.0/16'),
 IPv4Network('10.210.0.0/16'),
 IPv4Network('10.211.0.0/16'),
 IPv4Network('10.212.0.0/16'),
 IPv4Network('10.213.0.0/16'),
 IPv4Network('10.214.0.0/16'),
 IPv4Network('10.215.0.0/16'),
 IPv4Network('10.216.0.0/16'),
 IPv4Network('10.217.0.0/16'),
 IPv4Network('10.218.0.0/16'),
 IPv4Network('10.219.0.0/16'),
 IPv4Network('10.220.0.0/16'),
 IPv4Network('10.221.0.0/16'),
 IPv4Network('10.222.0.0/16'),
 IPv4Network('10.223.0.0/16'),
 IPv4Network('10.224.0.0/16'),
 IPv4Network('10.225.0.0/16'),
 IPv4Network('10.226.0.0/16'),
 IPv4Network('10.227.0.0/16'),
 IPv4Network('10.228.0.0/16'),
 IPv4Network('10.229.0.0/16'),
 IPv4Network('10.230.0.0/16'),
 IPv4Network('10.231.0.0/16'),
 IPv4Network('10.232.0.0/16'),
 IPv4Network('10.233.0.0/16'),
 IPv4Network('10.234.0.0/16'),
 IPv4Network('10.235.0.0/16'),
 IPv4Network('10.236.0.0/16'),
 IPv4Network('10.237.0.0/16'),
 IPv4Network('10.238.0.0/16'),
 IPv4Network('10.239.0.0/16'),
 IPv4Network('10.240.0.0/16'),
 IPv4Network('10.241.0.0/16'),
 IPv4Network('10.242.0.0/16'),
 IPv4Network('10.243.0.0/16'),
 IPv4Network('10.244.0.0/16'),
 IPv4Network('10.245.0.0/16'),
 IPv4Network('10.246.0.0/16'),
 IPv4Network('10.247.0.0/16'),
 IPv4Network('10.248.0.0/16'),
 IPv4Network('10.249.0.0/16')]
[IPv4Network('10.0.0.0/8'),
 IPv4Network('129.79.0.0/16'),
 IPv4Network('134.68.0.0/16'),
 IPv4Network('140.182.0.0/16'),
 IPv4Network('149.159.0.0/16'),
 IPv4Network('149.160.0.0/14'),
 IPv4Network('156.56.0.0/16'),
 IPv4Network('172.16.0.0/12'),
 IPv4Network('192.168.0.0/24'),
 IPv6Network('::/128'),
 IPv4Network('10.0.0.0/16'),
 IPv4Network('10.1.0.0/16'),
 IPv4Network('10.2.0.0/16'),
 IPv4Network('10.3.0.0/16'),
 IPv4Network('10.4.0.0/16'),
 IPv4Network('10.5.0.0/16'),
 IPv4Network('10.6.0.0/16'),
 IPv4Network('10.7.0.0/16'),
 IPv4Network('10.8.0.0/16'),
 IPv4Network('10.9.0.0/16'),
 IPv4Network('10.10.0.0/16'),
 IPv4Network('10.11.0.0/16'),
 IPv4Network('10.12.0.0/16'),
 IPv4Network('10.13.0.0/16'),
 IPv4Network('10.14.0.0/16'),
 IPv4Network('10.15.0.0/16'),
 IPv4Network('10.16.0.0/16'),
 IPv4Network('10.17.0.0/16'),
 IPv4Network('10.18.0.0/16'),
 IPv4Network('10.19.0.0/16'),
 IPv4Network('10.20.0.0/16'),
 IPv4Network('10.21.0.0/16'),
 IPv4Network('10.22.0.0/16'),
 IPv4Network('10.23.0.0/16'),
 IPv4Network('10.24.0.0/16'),
 IPv4Network('10.25.0.0/16'),
 IPv4Network('10.26.0.0/16'),
 IPv4Network('10.27.0.0/16'),
 IPv4Network('10.28.0.0/16'),
 IPv4Network('10.29.0.0/16'),
 IPv4Network('10.30.0.0/16'),
 IPv4Network('10.31.0.0/16'),
 IPv4Network('10.32.0.0/16'),
 IPv4Network('10.33.0.0/16'),
 IPv4Network('10.34.0.0/16'),
 IPv4Network('10.35.0.0/16'),
 IPv4Network('10.36.0.0/16'),
 IPv4Network('10.37.0.0/16'),
 IPv4Network('10.38.0.0/16'),
 IPv4Network('10.39.0.0/16'),
 IPv4Network('10.40.0.0/16'),
 IPv4Network('10.41.0.0/16'),
 IPv4Network('10.42.0.0/16'),
 IPv4Network('10.43.0.0/16'),
 IPv4Network('10.44.0.0/16'),
 IPv4Network('10.45.0.0/16'),
 IPv4Network('10.46.0.0/16'),
 IPv4Network('10.47.0.0/16'),
 IPv4Network('10.48.0.0/16'),
 IPv4Network('10.49.0.0/16'),
 IPv4Network('10.50.0.0/16'),
 IPv4Network('10.51.0.0/16'),
 IPv4Network('10.52.0.0/16'),
 IPv4Network('10.53.0.0/16'),
 IPv4Network('10.54.0.0/16'),
 IPv4Network('10.55.0.0/16'),
 IPv4Network('10.56.0.0/16'),
 IPv4Network('10.57.0.0/16'),
 IPv4Network('10.58.0.0/16'),
 IPv4Network('10.59.0.0/16'),
 IPv4Network('10.60.0.0/16'),
 IPv4Network('10.61.0.0/16'),
 IPv4Network('10.62.0.0/16'),
 IPv4Network('10.63.0.0/16'),
 IPv4Network('10.64.0.0/16'),
 IPv4Network('10.65.0.0/16'),
 IPv4Network('10.66.0.0/16'),
 IPv4Network('10.67.0.0/16'),
 IPv4Network('10.68.0.0/16'),
 IPv4Network('10.69.0.0/16'),
 IPv4Network('10.70.0.0/16'),
 IPv4Network('10.71.0.0/16'),
 IPv4Network('10.72.0.0/16'),
 IPv4Network('10.73.0.0/16'),
 IPv4Network('10.74.0.0/16'),
 IPv4Network('10.75.0.0/16'),
 IPv4Network('10.76.0.0/16'),
 IPv4Network('10.77.0.0/16'),
 IPv4Network('10.78.0.0/16'),
 IPv4Network('10.79.0.0/16'),
 IPv4Network('10.80.0.0/16'),
 IPv4Network('10.81.0.0/16'),
 IPv4Network('10.82.0.0/16'),
 IPv4Network('10.83.0.0/16'),
 IPv4Network('10.84.0.0/16'),
 IPv4Network('10.85.0.0/16'),
 IPv4Network('10.86.0.0/16'),
 IPv4Network('10.87.0.0/16'),
 IPv4Network('10.88.0.0/16'),
 IPv4Network('10.89.0.0/16'),
 IPv4Network('10.90.0.0/16'),
 IPv4Network('10.91.0.0/16'),
 IPv4Network('10.92.0.0/16'),
 IPv4Network('10.93.0.0/16'),
 IPv4Network('10.94.0.0/16'),
 IPv4Network('10.95.0.0/16'),
 IPv4Network('10.96.0.0/16'),
 IPv4Network('10.97.0.0/16'),
 IPv4Network('10.98.0.0/16'),
 IPv4Network('10.99.0.0/16'),
 IPv4Network('10.100.0.0/16'),
 IPv4Network('10.101.0.0/16'),
 IPv4Network('10.102.0.0/16'),
 IPv4Network('10.103.0.0/16'),
 IPv4Network('10.104.0.0/16'),
 IPv4Network('10.105.0.0/16'),
 IPv4Network('10.106.0.0/16'),
 IPv4Network('10.107.0.0/16'),
 IPv4Network('10.108.0.0/16'),
 IPv4Network('10.109.0.0/16'),
 IPv4Network('10.110.0.0/16'),
 IPv4Network('10.111.0.0/16'),
 IPv4Network('10.112.0.0/16'),
 IPv4Network('10.113.0.0/16'),
 IPv4Network('10.114.0.0/16'),
 IPv4Network('10.115.0.0/16'),
 IPv4Network('10.116.0.0/16'),
 IPv4Network('10.117.0.0/16'),
 IPv4Network('10.118.0.0/16'),
 IPv4Network('10.119.0.0/16'),
 IPv4Network('10.120.0.0/16'),
 IPv4Network('10.121.0.0/16'),
 IPv4Network('10.122.0.0/16'),
 IPv4Network('10.123.0.0/16'),
 IPv4Network('10.124.0.0/16'),
 IPv4Network('10.125.0.0/16'),
 IPv4Network('10.126.0.0/16'),
 IPv4Network('10.127.0.0/16'),
 IPv4Network('10.128.0.0/16'),
 IPv4Network('10.129.0.0/16'),
 IPv4Network('10.130.0.0/16'),
 IPv4Network('10.131.0.0/16'),
 IPv4Network('10.132.0.0/16'),
 IPv4Network('10.133.0.0/16'),
 IPv4Network('10.134.0.0/16'),
 IPv4Network('10.135.0.0/16'),
 IPv4Network('10.136.0.0/16'),
 IPv4Network('10.137.0.0/16'),
 IPv4Network('10.138.0.0/16'),
 IPv4Network('10.139.0.0/16'),
 IPv4Network('10.140.0.0/16'),
 IPv4Network('10.141.0.0/16'),
 IPv4Network('10.142.0.0/16'),
 IPv4Network('10.143.0.0/16'),
 IPv4Network('10.144.0.0/16'),
 IPv4Network('10.145.0.0/16'),
 IPv4Network('10.146.0.0/16'),
 IPv4Network('10.147.0.0/16'),
 IPv4Network('10.148.0.0/16'),
 IPv4Network('10.149.0.0/16'),
 IPv4Network('10.150.0.0/16'),
 IPv4Network('10.151.0.0/16'),
 IPv4Network('10.152.0.0/16'),
 IPv4Network('10.153.0.0/16'),
 IPv4Network('10.154.0.0/16'),
 IPv4Network('10.155.0.0/16'),
 IPv4Network('10.156.0.0/16'),
 IPv4Network('10.157.0.0/16'),
 IPv4Network('10.158.0.0/16'),
 IPv4Network('10.159.0.0/16'),
 IPv4Network('10.160.0.0/16'),
 IPv4Network('10.161.0.0/16'),
 IPv4Network('10.162.0.0/16'),
 IPv4Network('10.163.0.0/16'),
 IPv4Network('10.164.0.0/16'),
 IPv4Network('10.165.0.0/16'),
 IPv4Network('10.166.0.0/16'),
 IPv4Network('10.167.0.0/16'),
 IPv4Network('10.168.0.0/16'),
 IPv4Network('10.169.0.0/16'),
 IPv4Network('10.170.0.0/16'),
 IPv4Network('10.171.0.0/16'),
 IPv4Network('10.172.0.0/16'),
 IPv4Network('10.173.0.0/16'),
 IPv4Network('10.174.0.0/16'),
 IPv4Network('10.175.0.0/16'),
 IPv4Network('10.176.0.0/16'),
 IPv4Network('10.177.0.0/16'),
 IPv4Network('10.178.0.0/16'),
 IPv4Network('10.179.0.0/16'),
 IPv4Network('10.180.0.0/16'),
 IPv4Network('10.181.0.0/16'),
 IPv4Network('10.182.0.0/16'),
 IPv4Network('10.183.0.0/16'),
 IPv4Network('10.184.0.0/16'),
 IPv4Network('10.185.0.0/16'),
 IPv4Network('10.186.0.0/16'),
 IPv4Network('10.187.0.0/16'),
 IPv4Network('10.188.0.0/16'),
 IPv4Network('10.189.0.0/16'),
 IPv4Network('10.190.0.0/16'),
 IPv4Network('10.191.0.0/16'),
 IPv4Network('10.192.0.0/16'),
 IPv4Network('10.193.0.0/16'),
 IPv4Network('10.194.0.0/16'),
 IPv4Network('10.195.0.0/16'),
 IPv4Network('10.196.0.0/16'),
 IPv4Network('10.197.0.0/16'),
 IPv4Network('10.198.0.0/16'),
 IPv4Network('10.199.0.0/16'),
 IPv4Network('10.200.0.0/16'),
 IPv4Network('10.201.0.0/16'),
 IPv4Network('10.202.0.0/16'),
 IPv4Network('10.203.0.0/16'),
 IPv4Network('10.204.0.0/16'),
 IPv4Network('10.205.0.0/16'),
 IPv4Network('10.206.0.0/16'),
 IPv4Network('10.207.0.0/16'),
 IPv4Network('10.208.0.0/16'),
 IPv4Network('10.209.0.0/16'),
 IPv4Network('10.210.0.0/16'),
 IPv4Network('10.211.0.0/16'),
 IPv4Network('10.212.0.0/16'),
 IPv4Network('10.213.0.0/16'),
 IPv4Network('10.214.0.0/16'),
 IPv4Network('10.215.0.0/16'),
 IPv4Network('10.216.0.0/16'),
 IPv4Network('10.217.0.0/16'),
 IPv4Network('10.218.0.0/16'),
 IPv4Network('10.219.0.0/16'),
 IPv4Network('10.220.0.0/16'),
 IPv4Network('10.221.0.0/16'),
 IPv4Network('10.222.0.0/16'),
 IPv4Network('10.223.0.0/16'),
 IPv4Network('10.224.0.0/16'),
 IPv4Network('10.225.0.0/16'),
 IPv4Network('10.226.0.0/16'),
 IPv4Network('10.227.0.0/16'),
 IPv4Network('10.228.0.0/16'),
 IPv4Network('10.229.0.0/16'),
 IPv4Network('10.230.0.0/16'),
 IPv4Network('10.231.0.0/16'),
 IPv4Network('10.232.0.0/16'),
 IPv4Network('10.233.0.0/16'),
 IPv4Network('10.234.0.0/16'),
 IPv4Network('10.235.0.0/16'),
 IPv4Network('10.236.0.0/16'),
 IPv4Network('10.237.0.0/16'),
 IPv4Network('10.238.0.0/16'),
 IPv4Network('10.239.0.0/16'),
 IPv4Network('10.240.0.0/16'),
 IPv4Network('10.241.0.0/16'),
 IPv4Network('10.242.0.0/16'),
 IPv4Network('10.243.0.0/16'),
 IPv4Network('10.244.0.0/16'),
 IPv4Network('10.245.0.0/16'),
 IPv4Network('10.246.0.0/16'),
 IPv4Network('10.247.0.0/16'),
 IPv4Network('10.248.0.0/16'),
 IPv4Network('10.249.0.0/16'),
 IPv4Network('10.250.0.0/16'),
 IPv4Network('10.251.0.0/16')]
[IPv4Network('10.0.0.0/8'),
 IPv4Network('129.79.0.0/16'),
 IPv4Network('134.68.0.0/16'),
 IPv4Network('140.182.0.0/16'),
 IPv4Network('149.159.0.0/16'),
 IPv4Network('149.160.0.0/14'),
 IPv4Network('156.56.0.0/16'),
 IPv4Network('172.16.0.0/12'),
 IPv4Network('192.168.0.0/24'),
 IPv6Network('::/128'),
 IPv4Network('10.0.0.0/16'),
 IPv4Network('10.1.0.0/16'),
 IPv4Network('10.2.0.0/16'),
 IPv4Network('10.3.0.0/16'),
 IPv4Network('10.4.0.0/16'),
 IPv4Network('10.5.0.0/16'),
 IPv4Network('10.6.0.0/16'),
 IPv4Network('10.7.0.0/16'),
 IPv4Network('10.8.0.0/16'),
 IPv4Network('10.9.0.0/16'),
 IPv4Network('10.10.0.0/16'),
 IPv4Network('10.11.0.0/16'),
 IPv4Network('10.12.0.0/16'),
 IPv4Network('10.13.0.0/16'),
 IPv4Network('10.14.0.0/16'),
 IPv4Network('10.15.0.0/16'),
 IPv4Network('10.16.0.0/16'),
 IPv4Network('10.17.0.0/16'),
 IPv4Network('10.18.0.0/16'),
 IPv4Network('10.19.0.0/16'),
 IPv4Network('10.20.0.0/16'),
 IPv4Network('10.21.0.0/16'),
 IPv4Network('10.22.0.0/16'),
 IPv4Network('10.23.0.0/16'),
 IPv4Network('10.24.0.0/16'),
 IPv4Network('10.25.0.0/16'),
 IPv4Network('10.26.0.0/16'),
 IPv4Network('10.27.0.0/16'),
 IPv4Network('10.28.0.0/16'),
 IPv4Network('10.29.0.0/16'),
 IPv4Network('10.30.0.0/16'),
 IPv4Network('10.31.0.0/16'),
 IPv4Network('10.32.0.0/16'),
 IPv4Network('10.33.0.0/16'),
 IPv4Network('10.34.0.0/16'),
 IPv4Network('10.35.0.0/16'),
 IPv4Network('10.36.0.0/16'),
 IPv4Network('10.37.0.0/16'),
 IPv4Network('10.38.0.0/16'),
 IPv4Network('10.39.0.0/16'),
 IPv4Network('10.40.0.0/16'),
 IPv4Network('10.41.0.0/16'),
 IPv4Network('10.42.0.0/16'),
 IPv4Network('10.43.0.0/16'),
 IPv4Network('10.44.0.0/16'),
 IPv4Network('10.45.0.0/16'),
 IPv4Network('10.46.0.0/16'),
 IPv4Network('10.47.0.0/16'),
 IPv4Network('10.48.0.0/16'),
 IPv4Network('10.49.0.0/16'),
 IPv4Network('10.50.0.0/16'),
 IPv4Network('10.51.0.0/16'),
 IPv4Network('10.52.0.0/16'),
 IPv4Network('10.53.0.0/16'),
 IPv4Network('10.54.0.0/16'),
 IPv4Network('10.55.0.0/16'),
 IPv4Network('10.56.0.0/16'),
 IPv4Network('10.57.0.0/16'),
 IPv4Network('10.58.0.0/16'),
 IPv4Network('10.59.0.0/16'),
 IPv4Network('10.60.0.0/16'),
 IPv4Network('10.61.0.0/16'),
 IPv4Network('10.62.0.0/16'),
 IPv4Network('10.63.0.0/16'),
 IPv4Network('10.64.0.0/16'),
 IPv4Network('10.65.0.0/16'),
 IPv4Network('10.66.0.0/16'),
 IPv4Network('10.67.0.0/16'),
 IPv4Network('10.68.0.0/16'),
 IPv4Network('10.69.0.0/16'),
 IPv4Network('10.70.0.0/16'),
 IPv4Network('10.71.0.0/16'),
 IPv4Network('10.72.0.0/16'),
 IPv4Network('10.73.0.0/16'),
 IPv4Network('10.74.0.0/16'),
 IPv4Network('10.75.0.0/16'),
 IPv4Network('10.76.0.0/16'),
 IPv4Network('10.77.0.0/16'),
 IPv4Network('10.78.0.0/16'),
 IPv4Network('10.79.0.0/16'),
 IPv4Network('10.80.0.0/16'),
 IPv4Network('10.81.0.0/16'),
 IPv4Network('10.82.0.0/16'),
 IPv4Network('10.83.0.0/16'),
 IPv4Network('10.84.0.0/16'),
 IPv4Network('10.85.0.0/16'),
 IPv4Network('10.86.0.0/16'),
 IPv4Network('10.87.0.0/16'),
 IPv4Network('10.88.0.0/16'),
 IPv4Network('10.89.0.0/16'),
 IPv4Network('10.90.0.0/16'),
 IPv4Network('10.91.0.0/16'),
 IPv4Network('10.92.0.0/16'),
 IPv4Network('10.93.0.0/16'),
 IPv4Network('10.94.0.0/16'),
 IPv4Network('10.95.0.0/16'),
 IPv4Network('10.96.0.0/16'),
 IPv4Network('10.97.0.0/16'),
 IPv4Network('10.98.0.0/16'),
 IPv4Network('10.99.0.0/16'),
 IPv4Network('10.100.0.0/16'),
 IPv4Network('10.101.0.0/16'),
 IPv4Network('10.102.0.0/16'),
 IPv4Network('10.103.0.0/16'),
 IPv4Network('10.104.0.0/16'),
 IPv4Network('10.105.0.0/16'),
 IPv4Network('10.106.0.0/16'),
 IPv4Network('10.107.0.0/16'),
 IPv4Network('10.108.0.0/16'),
 IPv4Network('10.109.0.0/16'),
 IPv4Network('10.110.0.0/16'),
 IPv4Network('10.111.0.0/16'),
 IPv4Network('10.112.0.0/16'),
 IPv4Network('10.113.0.0/16'),
 IPv4Network('10.114.0.0/16'),
 IPv4Network('10.115.0.0/16'),
 IPv4Network('10.116.0.0/16'),
 IPv4Network('10.117.0.0/16'),
 IPv4Network('10.118.0.0/16'),
 IPv4Network('10.119.0.0/16'),
 IPv4Network('10.120.0.0/16'),
 IPv4Network('10.121.0.0/16'),
 IPv4Network('10.122.0.0/16'),
 IPv4Network('10.123.0.0/16'),
 IPv4Network('10.124.0.0/16'),
 IPv4Network('10.125.0.0/16'),
 IPv4Network('10.126.0.0/16'),
 IPv4Network('10.127.0.0/16'),
 IPv4Network('10.128.0.0/16'),
 IPv4Network('10.129.0.0/16'),
 IPv4Network('10.130.0.0/16'),
 IPv4Network('10.131.0.0/16'),
 IPv4Network('10.132.0.0/16'),
 IPv4Network('10.133.0.0/16'),
 IPv4Network('10.134.0.0/16'),
 IPv4Network('10.135.0.0/16'),
 IPv4Network('10.136.0.0/16'),
 IPv4Network('10.137.0.0/16'),
 IPv4Network('10.138.0.0/16'),
 IPv4Network('10.139.0.0/16'),
 IPv4Network('10.140.0.0/16'),
 IPv4Network('10.141.0.0/16'),
 IPv4Network('10.142.0.0/16'),
 IPv4Network('10.143.0.0/16'),
 IPv4Network('10.144.0.0/16'),
 IPv4Network('10.145.0.0/16'),
 IPv4Network('10.146.0.0/16'),
 IPv4Network('10.147.0.0/16'),
 IPv4Network('10.148.0.0/16'),
 IPv4Network('10.149.0.0/16'),
 IPv4Network('10.150.0.0/16'),
 IPv4Network('10.151.0.0/16'),
 IPv4Network('10.152.0.0/16'),
 IPv4Network('10.153.0.0/16'),
 IPv4Network('10.154.0.0/16'),
 IPv4Network('10.155.0.0/16'),
 IPv4Network('10.156.0.0/16'),
 IPv4Network('10.157.0.0/16'),
 IPv4Network('10.158.0.0/16'),
 IPv4Network('10.159.0.0/16'),
 IPv4Network('10.160.0.0/16'),
 IPv4Network('10.161.0.0/16'),
 IPv4Network('10.162.0.0/16'),
 IPv4Network('10.163.0.0/16'),
 IPv4Network('10.164.0.0/16'),
 IPv4Network('10.165.0.0/16'),
 IPv4Network('10.166.0.0/16'),
 IPv4Network('10.167.0.0/16'),
 IPv4Network('10.168.0.0/16'),
 IPv4Network('10.169.0.0/16'),
 IPv4Network('10.170.0.0/16'),
 IPv4Network('10.171.0.0/16'),
 IPv4Network('10.172.0.0/16'),
 IPv4Network('10.173.0.0/16'),
 IPv4Network('10.174.0.0/16'),
 IPv4Network('10.175.0.0/16'),
 IPv4Network('10.176.0.0/16'),
 IPv4Network('10.177.0.0/16'),
 IPv4Network('10.178.0.0/16'),
 IPv4Network('10.179.0.0/16'),
 IPv4Network('10.180.0.0/16'),
 IPv4Network('10.181.0.0/16'),
 IPv4Network('10.182.0.0/16'),
 IPv4Network('10.183.0.0/16'),
 IPv4Network('10.184.0.0/16'),
 IPv4Network('10.185.0.0/16'),
 IPv4Network('10.186.0.0/16'),
 IPv4Network('10.187.0.0/16'),
 IPv4Network('10.188.0.0/16'),
 IPv4Network('10.189.0.0/16'),
 IPv4Network('10.190.0.0/16'),
 IPv4Network('10.191.0.0/16'),
 IPv4Network('10.192.0.0/16'),
 IPv4Network('10.193.0.0/16'),
 IPv4Network('10.194.0.0/16'),
 IPv4Network('10.195.0.0/16'),
 IPv4Network('10.196.0.0/16'),
 IPv4Network('10.197.0.0/16'),
 IPv4Network('10.198.0.0/16'),
 IPv4Network('10.199.0.0/16'),
 IPv4Network('10.200.0.0/16'),
 IPv4Network('10.201.0.0/16'),
 IPv4Network('10.202.0.0/16'),
 IPv4Network('10.203.0.0/16'),
 IPv4Network('10.204.0.0/16'),
 IPv4Network('10.205.0.0/16'),
 IPv4Network('10.206.0.0/16'),
 IPv4Network('10.207.0.0/16'),
 IPv4Network('10.208.0.0/16'),
 IPv4Network('10.209.0.0/16'),
 IPv4Network('10.210.0.0/16'),
 IPv4Network('10.211.0.0/16'),
 IPv4Network('10.212.0.0/16'),
 IPv4Network('10.213.0.0/16'),
 IPv4Network('10.214.0.0/16'),
 IPv4Network('10.215.0.0/16'),
 IPv4Network('10.216.0.0/16'),
 IPv4Network('10.217.0.0/16'),
 IPv4Network('10.218.0.0/16'),
 IPv4Network('10.219.0.0/16'),
 IPv4Network('10.220.0.0/16'),
 IPv4Network('10.221.0.0/16'),
 IPv4Network('10.222.0.0/16'),
 IPv4Network('10.223.0.0/16'),
 IPv4Network('10.224.0.0/16'),
 IPv4Network('10.225.0.0/16'),
 IPv4Network('10.226.0.0/16'),
 IPv4Network('10.227.0.0/16'),
 IPv4Network('10.228.0.0/16'),
 IPv4Network('10.229.0.0/16'),
 IPv4Network('10.230.0.0/16'),
 IPv4Network('10.231.0.0/16'),
 IPv4Network('10.232.0.0/16'),
 IPv4Network('10.233.0.0/16'),
 IPv4Network('10.234.0.0/16'),
 IPv4Network('10.235.0.0/16'),
 IPv4Network('10.236.0.0/16'),
 IPv4Network('10.237.0.0/16'),
 IPv4Network('10.238.0.0/16'),
 IPv4Network('10.239.0.0/16'),
 IPv4Network('10.240.0.0/16'),
 IPv4Network('10.241.0.0/16'),
 IPv4Network('10.242.0.0/16'),
 IPv4Network('10.243.0.0/16'),
 IPv4Network('10.244.0.0/16'),
 IPv4Network('10.245.0.0/16'),
 IPv4Network('10.246.0.0/16'),
 IPv4Network('10.247.0.0/16'),
 IPv4Network('10.248.0.0/16'),
 IPv4Network('10.249.0.0/16'),
 IPv4Network('10.250.0.0/16'),
 IPv4Network('10.251.0.0/16')]
[IPv4Network('10.0.0.0/8'),
 IPv4Network('129.79.0.0/16'),
 IPv4Network('134.68.0.0/16'),
 IPv4Network('140.182.0.0/16'),
 IPv4Network('149.159.0.0/16'),
 IPv4Network('149.160.0.0/14'),
 IPv4Network('156.56.0.0/16'),
 IPv4Network('172.16.0.0/12'),
 IPv4Network('192.168.0.0/24'),
 IPv6Network('::/128'),
 IPv4Network('10.0.0.0/16'),
 IPv4Network('10.1.0.0/16'),
 IPv4Network('10.2.0.0/16'),
 IPv4Network('10.3.0.0/16'),
 IPv4Network('10.4.0.0/16'),
 IPv4Network('10.5.0.0/16'),
 IPv4Network('10.6.0.0/16'),
 IPv4Network('10.7.0.0/16'),
 IPv4Network('10.8.0.0/16'),
 IPv4Network('10.9.0.0/16'),
 IPv4Network('10.10.0.0/16'),
 IPv4Network('10.11.0.0/16'),
 IPv4Network('10.12.0.0/16'),
 IPv4Network('10.13.0.0/16'),
 IPv4Network('10.14.0.0/16'),
 IPv4Network('10.15.0.0/16'),
 IPv4Network('10.16.0.0/16'),
 IPv4Network('10.17.0.0/16'),
 IPv4Network('10.18.0.0/16'),
 IPv4Network('10.19.0.0/16'),
 IPv4Network('10.20.0.0/16'),
 IPv4Network('10.21.0.0/16'),
 IPv4Network('10.22.0.0/16'),
 IPv4Network('10.23.0.0/16'),
 IPv4Network('10.24.0.0/16'),
 IPv4Network('10.25.0.0/16'),
 IPv4Network('10.26.0.0/16'),
 IPv4Network('10.27.0.0/16'),
 IPv4Network('10.28.0.0/16'),
 IPv4Network('10.29.0.0/16'),
 IPv4Network('10.30.0.0/16'),
 IPv4Network('10.31.0.0/16'),
 IPv4Network('10.32.0.0/16'),
 IPv4Network('10.33.0.0/16'),
 IPv4Network('10.34.0.0/16'),
 IPv4Network('10.35.0.0/16'),
 IPv4Network('10.36.0.0/16'),
 IPv4Network('10.37.0.0/16'),
 IPv4Network('10.38.0.0/16'),
 IPv4Network('10.39.0.0/16'),
 IPv4Network('10.40.0.0/16'),
 IPv4Network('10.41.0.0/16'),
 IPv4Network('10.42.0.0/16'),
 IPv4Network('10.43.0.0/16'),
 IPv4Network('10.44.0.0/16'),
 IPv4Network('10.45.0.0/16'),
 IPv4Network('10.46.0.0/16'),
 IPv4Network('10.47.0.0/16'),
 IPv4Network('10.48.0.0/16'),
 IPv4Network('10.49.0.0/16'),
 IPv4Network('10.50.0.0/16'),
 IPv4Network('10.51.0.0/16'),
 IPv4Network('10.52.0.0/16'),
 IPv4Network('10.53.0.0/16'),
 IPv4Network('10.54.0.0/16'),
 IPv4Network('10.55.0.0/16'),
 IPv4Network('10.56.0.0/16'),
 IPv4Network('10.57.0.0/16'),
 IPv4Network('10.58.0.0/16'),
 IPv4Network('10.59.0.0/16'),
 IPv4Network('10.60.0.0/16'),
 IPv4Network('10.61.0.0/16'),
 IPv4Network('10.62.0.0/16'),
 IPv4Network('10.63.0.0/16'),
 IPv4Network('10.64.0.0/16'),
 IPv4Network('10.65.0.0/16'),
 IPv4Network('10.66.0.0/16'),
 IPv4Network('10.67.0.0/16'),
 IPv4Network('10.68.0.0/16'),
 IPv4Network('10.69.0.0/16'),
 IPv4Network('10.70.0.0/16'),
 IPv4Network('10.71.0.0/16'),
 IPv4Network('10.72.0.0/16'),
 IPv4Network('10.73.0.0/16'),
 IPv4Network('10.74.0.0/16'),
 IPv4Network('10.75.0.0/16'),
 IPv4Network('10.76.0.0/16'),
 IPv4Network('10.77.0.0/16'),
 IPv4Network('10.78.0.0/16'),
 IPv4Network('10.79.0.0/16'),
 IPv4Network('10.80.0.0/16'),
 IPv4Network('10.81.0.0/16'),
 IPv4Network('10.82.0.0/16'),
 IPv4Network('10.83.0.0/16'),
 IPv4Network('10.84.0.0/16'),
 IPv4Network('10.85.0.0/16'),
 IPv4Network('10.86.0.0/16'),
 IPv4Network('10.87.0.0/16'),
 IPv4Network('10.88.0.0/16'),
 IPv4Network('10.89.0.0/16'),
 IPv4Network('10.90.0.0/16'),
 IPv4Network('10.91.0.0/16'),
 IPv4Network('10.92.0.0/16'),
 IPv4Network('10.93.0.0/16'),
 IPv4Network('10.94.0.0/16'),
 IPv4Network('10.95.0.0/16'),
 IPv4Network('10.96.0.0/16'),
 IPv4Network('10.97.0.0/16'),
 IPv4Network('10.98.0.0/16'),
 IPv4Network('10.99.0.0/16'),
 IPv4Network('10.100.0.0/16'),
 IPv4Network('10.101.0.0/16'),
 IPv4Network('10.102.0.0/16'),
 IPv4Network('10.103.0.0/16'),
 IPv4Network('10.104.0.0/16'),
 IPv4Network('10.105.0.0/16'),
 IPv4Network('10.106.0.0/16'),
 IPv4Network('10.107.0.0/16'),
 IPv4Network('10.108.0.0/16'),
 IPv4Network('10.109.0.0/16'),
 IPv4Network('10.110.0.0/16'),
 IPv4Network('10.111.0.0/16'),
 IPv4Network('10.112.0.0/16'),
 IPv4Network('10.113.0.0/16'),
 IPv4Network('10.114.0.0/16'),
 IPv4Network('10.115.0.0/16'),
 IPv4Network('10.116.0.0/16'),
 IPv4Network('10.117.0.0/16'),
 IPv4Network('10.118.0.0/16'),
 IPv4Network('10.119.0.0/16'),
 IPv4Network('10.120.0.0/16'),
 IPv4Network('10.121.0.0/16'),
 IPv4Network('10.122.0.0/16'),
 IPv4Network('10.123.0.0/16'),
 IPv4Network('10.124.0.0/16'),
 IPv4Network('10.125.0.0/16'),
 IPv4Network('10.126.0.0/16'),
 IPv4Network('10.127.0.0/16'),
 IPv4Network('10.128.0.0/16'),
 IPv4Network('10.129.0.0/16'),
 IPv4Network('10.130.0.0/16'),
 IPv4Network('10.131.0.0/16'),
 IPv4Network('10.132.0.0/16'),
 IPv4Network('10.133.0.0/16'),
 IPv4Network('10.134.0.0/16'),
 IPv4Network('10.135.0.0/16'),
 IPv4Network('10.136.0.0/16'),
 IPv4Network('10.137.0.0/16'),
 IPv4Network('10.138.0.0/16'),
 IPv4Network('10.139.0.0/16'),
 IPv4Network('10.140.0.0/16'),
 IPv4Network('10.141.0.0/16'),
 IPv4Network('10.142.0.0/16'),
 IPv4Network('10.143.0.0/16'),
 IPv4Network('10.144.0.0/16'),
 IPv4Network('10.145.0.0/16'),
 IPv4Network('10.146.0.0/16'),
 IPv4Network('10.147.0.0/16'),
 IPv4Network('10.148.0.0/16'),
 IPv4Network('10.149.0.0/16'),
 IPv4Network('10.150.0.0/16'),
 IPv4Network('10.151.0.0/16'),
 IPv4Network('10.152.0.0/16'),
 IPv4Network('10.153.0.0/16'),
 IPv4Network('10.154.0.0/16'),
 IPv4Network('10.155.0.0/16'),
 IPv4Network('10.156.0.0/16'),
 IPv4Network('10.157.0.0/16'),
 IPv4Network('10.158.0.0/16'),
 IPv4Network('10.159.0.0/16'),
 IPv4Network('10.160.0.0/16'),
 IPv4Network('10.161.0.0/16'),
 IPv4Network('10.162.0.0/16'),
 IPv4Network('10.163.0.0/16'),
 IPv4Network('10.164.0.0/16'),
 IPv4Network('10.165.0.0/16'),
 IPv4Network('10.166.0.0/16'),
 IPv4Network('10.167.0.0/16'),
 IPv4Network('10.168.0.0/16'),
 IPv4Network('10.169.0.0/16'),
 IPv4Network('10.170.0.0/16'),
 IPv4Network('10.171.0.0/16'),
 IPv4Network('10.172.0.0/16'),
 IPv4Network('10.173.0.0/16'),
 IPv4Network('10.174.0.0/16'),
 IPv4Network('10.175.0.0/16'),
 IPv4Network('10.176.0.0/16'),
 IPv4Network('10.177.0.0/16'),
 IPv4Network('10.178.0.0/16'),
 IPv4Network('10.179.0.0/16'),
 IPv4Network('10.180.0.0/16'),
 IPv4Network('10.181.0.0/16'),
 IPv4Network('10.182.0.0/16'),
 IPv4Network('10.183.0.0/16'),
 IPv4Network('10.184.0.0/16'),
 IPv4Network('10.185.0.0/16'),
 IPv4Network('10.186.0.0/16'),
 IPv4Network('10.187.0.0/16'),
 IPv4Network('10.188.0.0/16'),
 IPv4Network('10.189.0.0/16'),
 IPv4Network('10.190.0.0/16'),
 IPv4Network('10.191.0.0/16'),
 IPv4Network('10.192.0.0/16'),
 IPv4Network('10.193.0.0/16'),
 IPv4Network('10.194.0.0/16'),
 IPv4Network('10.195.0.0/16'),
 IPv4Network('10.196.0.0/16'),
 IPv4Network('10.197.0.0/16'),
 IPv4Network('10.198.0.0/16'),
 IPv4Network('10.199.0.0/16'),
 IPv4Network('10.200.0.0/16'),
 IPv4Network('10.201.0.0/16'),
 IPv4Network('10.202.0.0/16'),
 IPv4Network('10.203.0.0/16'),
 IPv4Network('10.204.0.0/16'),
 IPv4Network('10.205.0.0/16'),
 IPv4Network('10.206.0.0/16'),
 IPv4Network('10.207.0.0/16'),
 IPv4Network('10.208.0.0/16'),
 IPv4Network('10.209.0.0/16'),
 IPv4Network('10.210.0.0/16'),
 IPv4Network('10.211.0.0/16'),
 IPv4Network('10.212.0.0/16'),
 IPv4Network('10.213.0.0/16'),
 IPv4Network('10.214.0.0/16'),
 IPv4Network('10.215.0.0/16'),
 IPv4Network('10.216.0.0/16'),
 IPv4Network('10.217.0.0/16'),
 IPv4Network('10.218.0.0/16'),
 IPv4Network('10.219.0.0/16'),
 IPv4Network('10.220.0.0/16'),
 IPv4Network('10.221.0.0/16'),
 IPv4Network('10.222.0.0/16'),
 IPv4Network('10.223.0.0/16'),
 IPv4Network('10.224.0.0/16'),
 IPv4Network('10.225.0.0/16'),
 IPv4Network('10.226.0.0/16'),
 IPv4Network('10.227.0.0/16'),
 IPv4Network('10.228.0.0/16'),
 IPv4Network('10.229.0.0/16'),
 IPv4Network('10.230.0.0/16'),
 IPv4Network('10.231.0.0/16'),
 IPv4Network('10.232.0.0/16'),
 IPv4Network('10.233.0.0/16'),
 IPv4Network('10.234.0.0/16'),
 IPv4Network('10.235.0.0/16'),
 IPv4Network('10.236.0.0/16'),
 IPv4Network('10.237.0.0/16'),
 IPv4Network('10.238.0.0/16'),
 IPv4Network('10.239.0.0/16'),
 IPv4Network('10.240.0.0/16'),
 IPv4Network('10.241.0.0/16'),
 IPv4Network('10.242.0.0/16'),
 IPv4Network('10.243.0.0/16'),
 IPv4Network('10.244.0.0/16'),
 IPv4Network('10.245.0.0/16'),
 IPv4Network('10.246.0.0/16'),
 IPv4Network('10.247.0.0/16'),
 IPv4Network('10.248.0.0/16'),
 IPv4Network('10.249.0.0/16'),
 IPv4Network('10.250.0.0/16'),
 IPv4Network('10.251.0.0/16'),
 IPv4Network('10.252.0.0/16'),
 IPv4Network('10.253.0.0/16')]
[IPv4Network('129.79.0.0/16'),
 IPv4Network('134.68.0.0/16'),
 IPv4Network('140.182.0.0/16'),
 IPv4Network('149.159.0.0/16'),
 IPv4Network('149.160.0.0/14'),
 IPv4Network('156.56.0.0/16'),
 IPv4Network('172.16.0.0/12'),
 IPv4Network('192.168.0.0/24'),
 IPv6Network('::/128'),
 IPv4Network('10.0.0.0/16'),
 IPv4Network('10.1.0.0/16'),
 IPv4Network('10.2.0.0/16'),
 IPv4Network('10.3.0.0/16'),
 IPv4Network('10.4.0.0/16'),
 IPv4Network('10.5.0.0/16'),
 IPv4Network('10.6.0.0/16'),
 IPv4Network('10.7.0.0/16'),
 IPv4Network('10.8.0.0/16'),
 IPv4Network('10.9.0.0/16'),
 IPv4Network('10.10.0.0/16'),
 IPv4Network('10.11.0.0/16'),
 IPv4Network('10.12.0.0/16'),
 IPv4Network('10.13.0.0/16'),
 IPv4Network('10.14.0.0/16'),
 IPv4Network('10.15.0.0/16'),
 IPv4Network('10.16.0.0/16'),
 IPv4Network('10.17.0.0/16'),
 IPv4Network('10.18.0.0/16'),
 IPv4Network('10.19.0.0/16'),
 IPv4Network('10.20.0.0/16'),
 IPv4Network('10.21.0.0/16'),
 IPv4Network('10.22.0.0/16'),
 IPv4Network('10.23.0.0/16'),
 IPv4Network('10.24.0.0/16'),
 IPv4Network('10.25.0.0/16'),
 IPv4Network('10.26.0.0/16'),
 IPv4Network('10.27.0.0/16'),
 IPv4Network('10.28.0.0/16'),
 IPv4Network('10.29.0.0/16'),
 IPv4Network('10.30.0.0/16'),
 IPv4Network('10.31.0.0/16'),
 IPv4Network('10.32.0.0/16'),
 IPv4Network('10.33.0.0/16'),
 IPv4Network('10.34.0.0/16'),
 IPv4Network('10.35.0.0/16'),
 IPv4Network('10.36.0.0/16'),
 IPv4Network('10.37.0.0/16'),
 IPv4Network('10.38.0.0/16'),
 IPv4Network('10.39.0.0/16'),
 IPv4Network('10.40.0.0/16'),
 IPv4Network('10.41.0.0/16'),
 IPv4Network('10.42.0.0/16'),
 IPv4Network('10.43.0.0/16'),
 IPv4Network('10.44.0.0/16'),
 IPv4Network('10.45.0.0/16'),
 IPv4Network('10.46.0.0/16'),
 IPv4Network('10.47.0.0/16'),
 IPv4Network('10.48.0.0/16'),
 IPv4Network('10.49.0.0/16'),
 IPv4Network('10.50.0.0/16'),
 IPv4Network('10.51.0.0/16'),
 IPv4Network('10.52.0.0/16'),
 IPv4Network('10.53.0.0/16'),
 IPv4Network('10.54.0.0/16'),
 IPv4Network('10.55.0.0/16'),
 IPv4Network('10.56.0.0/16'),
 IPv4Network('10.57.0.0/16'),
 IPv4Network('10.58.0.0/16'),
 IPv4Network('10.59.0.0/16'),
 IPv4Network('10.60.0.0/16'),
 IPv4Network('10.61.0.0/16'),
 IPv4Network('10.62.0.0/16'),
 IPv4Network('10.63.0.0/16'),
 IPv4Network('10.64.0.0/16'),
 IPv4Network('10.65.0.0/16'),
 IPv4Network('10.66.0.0/16'),
 IPv4Network('10.67.0.0/16'),
 IPv4Network('10.68.0.0/16'),
 IPv4Network('10.69.0.0/16'),
 IPv4Network('10.70.0.0/16'),
 IPv4Network('10.71.0.0/16'),
 IPv4Network('10.72.0.0/16'),
 IPv4Network('10.73.0.0/16'),
 IPv4Network('10.74.0.0/16'),
 IPv4Network('10.75.0.0/16'),
 IPv4Network('10.76.0.0/16'),
 IPv4Network('10.77.0.0/16'),
 IPv4Network('10.78.0.0/16'),
 IPv4Network('10.79.0.0/16'),
 IPv4Network('10.80.0.0/16'),
 IPv4Network('10.81.0.0/16'),
 IPv4Network('10.82.0.0/16'),
 IPv4Network('10.83.0.0/16'),
 IPv4Network('10.84.0.0/16'),
 IPv4Network('10.85.0.0/16'),
 IPv4Network('10.86.0.0/16'),
 IPv4Network('10.87.0.0/16'),
 IPv4Network('10.88.0.0/16'),
 IPv4Network('10.89.0.0/16'),
 IPv4Network('10.90.0.0/16'),
 IPv4Network('10.91.0.0/16'),
 IPv4Network('10.92.0.0/16'),
 IPv4Network('10.93.0.0/16'),
 IPv4Network('10.94.0.0/16'),
 IPv4Network('10.95.0.0/16'),
 IPv4Network('10.96.0.0/16'),
 IPv4Network('10.97.0.0/16'),
 IPv4Network('10.98.0.0/16'),
 IPv4Network('10.99.0.0/16'),
 IPv4Network('10.100.0.0/16'),
 IPv4Network('10.101.0.0/16'),
 IPv4Network('10.102.0.0/16'),
 IPv4Network('10.103.0.0/16'),
 IPv4Network('10.104.0.0/16'),
 IPv4Network('10.105.0.0/16'),
 IPv4Network('10.106.0.0/16'),
 IPv4Network('10.107.0.0/16'),
 IPv4Network('10.108.0.0/16'),
 IPv4Network('10.109.0.0/16'),
 IPv4Network('10.110.0.0/16'),
 IPv4Network('10.111.0.0/16'),
 IPv4Network('10.112.0.0/16'),
 IPv4Network('10.113.0.0/16'),
 IPv4Network('10.114.0.0/16'),
 IPv4Network('10.115.0.0/16'),
 IPv4Network('10.116.0.0/16'),
 IPv4Network('10.117.0.0/16'),
 IPv4Network('10.118.0.0/16'),
 IPv4Network('10.119.0.0/16'),
 IPv4Network('10.120.0.0/16'),
 IPv4Network('10.121.0.0/16'),
 IPv4Network('10.122.0.0/16'),
 IPv4Network('10.123.0.0/16'),
 IPv4Network('10.124.0.0/16'),
 IPv4Network('10.125.0.0/16'),
 IPv4Network('10.126.0.0/16'),
 IPv4Network('10.127.0.0/16'),
 IPv4Network('10.128.0.0/16'),
 IPv4Network('10.129.0.0/16'),
 IPv4Network('10.130.0.0/16'),
 IPv4Network('10.131.0.0/16'),
 IPv4Network('10.132.0.0/16'),
 IPv4Network('10.133.0.0/16'),
 IPv4Network('10.134.0.0/16'),
 IPv4Network('10.135.0.0/16'),
 IPv4Network('10.136.0.0/16'),
 IPv4Network('10.137.0.0/16'),
 IPv4Network('10.138.0.0/16'),
 IPv4Network('10.139.0.0/16'),
 IPv4Network('10.140.0.0/16'),
 IPv4Network('10.141.0.0/16'),
 IPv4Network('10.142.0.0/16'),
 IPv4Network('10.143.0.0/16'),
 IPv4Network('10.144.0.0/16'),
 IPv4Network('10.145.0.0/16'),
 IPv4Network('10.146.0.0/16'),
 IPv4Network('10.147.0.0/16'),
 IPv4Network('10.148.0.0/16'),
 IPv4Network('10.149.0.0/16'),
 IPv4Network('10.150.0.0/16'),
 IPv4Network('10.151.0.0/16'),
 IPv4Network('10.152.0.0/16'),
 IPv4Network('10.153.0.0/16'),
 IPv4Network('10.154.0.0/16'),
 IPv4Network('10.155.0.0/16'),
 IPv4Network('10.156.0.0/16'),
 IPv4Network('10.157.0.0/16'),
 IPv4Network('10.158.0.0/16'),
 IPv4Network('10.159.0.0/16'),
 IPv4Network('10.160.0.0/16'),
 IPv4Network('10.161.0.0/16'),
 IPv4Network('10.162.0.0/16'),
 IPv4Network('10.163.0.0/16'),
 IPv4Network('10.164.0.0/16'),
 IPv4Network('10.165.0.0/16'),
 IPv4Network('10.166.0.0/16'),
 IPv4Network('10.167.0.0/16'),
 IPv4Network('10.168.0.0/16'),
 IPv4Network('10.169.0.0/16'),
 IPv4Network('10.170.0.0/16'),
 IPv4Network('10.171.0.0/16'),
 IPv4Network('10.172.0.0/16'),
 IPv4Network('10.173.0.0/16'),
 IPv4Network('10.174.0.0/16'),
 IPv4Network('10.175.0.0/16'),
 IPv4Network('10.176.0.0/16'),
 IPv4Network('10.177.0.0/16'),
 IPv4Network('10.178.0.0/16'),
 IPv4Network('10.179.0.0/16'),
 IPv4Network('10.180.0.0/16'),
 IPv4Network('10.181.0.0/16'),
 IPv4Network('10.182.0.0/16'),
 IPv4Network('10.183.0.0/16'),
 IPv4Network('10.184.0.0/16'),
 IPv4Network('10.185.0.0/16'),
 IPv4Network('10.186.0.0/16'),
 IPv4Network('10.187.0.0/16'),
 IPv4Network('10.188.0.0/16'),
 IPv4Network('10.189.0.0/16'),
 IPv4Network('10.190.0.0/16'),
 IPv4Network('10.191.0.0/16'),
 IPv4Network('10.192.0.0/16'),
 IPv4Network('10.193.0.0/16'),
 IPv4Network('10.194.0.0/16'),
 IPv4Network('10.195.0.0/16'),
 IPv4Network('10.196.0.0/16'),
 IPv4Network('10.197.0.0/16'),
 IPv4Network('10.198.0.0/16'),
 IPv4Network('10.199.0.0/16'),
 IPv4Network('10.200.0.0/16'),
 IPv4Network('10.201.0.0/16'),
 IPv4Network('10.202.0.0/16'),
 IPv4Network('10.203.0.0/16'),
 IPv4Network('10.204.0.0/16'),
 IPv4Network('10.205.0.0/16'),
 IPv4Network('10.206.0.0/16'),
 IPv4Network('10.207.0.0/16'),
 IPv4Network('10.208.0.0/16'),
 IPv4Network('10.209.0.0/16'),
 IPv4Network('10.210.0.0/16'),
 IPv4Network('10.211.0.0/16'),
 IPv4Network('10.212.0.0/16'),
 IPv4Network('10.213.0.0/16'),
 IPv4Network('10.214.0.0/16'),
 IPv4Network('10.215.0.0/16'),
 IPv4Network('10.216.0.0/16'),
 IPv4Network('10.217.0.0/16'),
 IPv4Network('10.218.0.0/16'),
 IPv4Network('10.219.0.0/16'),
 IPv4Network('10.220.0.0/16'),
 IPv4Network('10.221.0.0/16'),
 IPv4Network('10.222.0.0/16'),
 IPv4Network('10.223.0.0/16'),
 IPv4Network('10.224.0.0/16'),
 IPv4Network('10.225.0.0/16'),
 IPv4Network('10.226.0.0/16'),
 IPv4Network('10.227.0.0/16'),
 IPv4Network('10.228.0.0/16'),
 IPv4Network('10.229.0.0/16'),
 IPv4Network('10.230.0.0/16'),
 IPv4Network('10.231.0.0/16'),
 IPv4Network('10.232.0.0/16'),
 IPv4Network('10.233.0.0/16'),
 IPv4Network('10.234.0.0/16'),
 IPv4Network('10.235.0.0/16'),
 IPv4Network('10.236.0.0/16'),
 IPv4Network('10.237.0.0/16'),
 IPv4Network('10.238.0.0/16'),
 IPv4Network('10.239.0.0/16'),
 IPv4Network('10.240.0.0/16'),
 IPv4Network('10.241.0.0/16'),
 IPv4Network('10.242.0.0/16'),
 IPv4Network('10.243.0.0/16'),
 IPv4Network('10.244.0.0/16'),
 IPv4Network('10.245.0.0/16'),
 IPv4Network('10.246.0.0/16'),
 IPv4Network('10.247.0.0/16'),
 IPv4Network('10.248.0.0/16'),
 IPv4Network('10.249.0.0/16'),
 IPv4Network('10.250.0.0/16'),
 IPv4Network('10.251.0.0/16'),
 IPv4Network('10.252.0.0/16'),
 IPv4Network('10.253.0.0/16'),
 IPv4Network('10.254.0.0/16'),
 IPv4Network('10.255.0.0/16')]
[IPv4Network('129.79.0.0/16'),
 IPv4Network('134.68.0.0/16'),
 IPv4Network('140.182.0.0/16'),
 IPv4Network('149.159.0.0/16'),
 IPv4Network('149.160.0.0/14'),
 IPv4Network('156.56.0.0/16'),
 IPv4Network('172.16.0.0/12'),
 IPv4Network('192.168.0.0/24'),
 IPv6Network('::/128'),
 IPv4Network('10.0.0.0/16'),
 IPv4Network('10.1.0.0/16'),
 IPv4Network('10.2.0.0/16'),
 IPv4Network('10.3.0.0/16'),
 IPv4Network('10.4.0.0/16'),
 IPv4Network('10.5.0.0/16'),
 IPv4Network('10.6.0.0/16'),
 IPv4Network('10.7.0.0/16'),
 IPv4Network('10.8.0.0/16'),
 IPv4Network('10.9.0.0/16'),
 IPv4Network('10.10.0.0/16'),
 IPv4Network('10.11.0.0/16'),
 IPv4Network('10.12.0.0/16'),
 IPv4Network('10.13.0.0/16'),
 IPv4Network('10.14.0.0/16'),
 IPv4Network('10.15.0.0/16'),
 IPv4Network('10.16.0.0/16'),
 IPv4Network('10.17.0.0/16'),
 IPv4Network('10.18.0.0/16'),
 IPv4Network('10.19.0.0/16'),
 IPv4Network('10.20.0.0/16'),
 IPv4Network('10.21.0.0/16'),
 IPv4Network('10.22.0.0/16'),
 IPv4Network('10.23.0.0/16'),
 IPv4Network('10.24.0.0/16'),
 IPv4Network('10.25.0.0/16'),
 IPv4Network('10.26.0.0/16'),
 IPv4Network('10.27.0.0/16'),
 IPv4Network('10.28.0.0/16'),
 IPv4Network('10.29.0.0/16'),
 IPv4Network('10.30.0.0/16'),
 IPv4Network('10.31.0.0/16'),
 IPv4Network('10.32.0.0/16'),
 IPv4Network('10.33.0.0/16'),
 IPv4Network('10.34.0.0/16'),
 IPv4Network('10.35.0.0/16'),
 IPv4Network('10.36.0.0/16'),
 IPv4Network('10.37.0.0/16'),
 IPv4Network('10.38.0.0/16'),
 IPv4Network('10.39.0.0/16'),
 IPv4Network('10.40.0.0/16'),
 IPv4Network('10.41.0.0/16'),
 IPv4Network('10.42.0.0/16'),
 IPv4Network('10.43.0.0/16'),
 IPv4Network('10.44.0.0/16'),
 IPv4Network('10.45.0.0/16'),
 IPv4Network('10.46.0.0/16'),
 IPv4Network('10.47.0.0/16'),
 IPv4Network('10.48.0.0/16'),
 IPv4Network('10.49.0.0/16'),
 IPv4Network('10.50.0.0/16'),
 IPv4Network('10.51.0.0/16'),
 IPv4Network('10.52.0.0/16'),
 IPv4Network('10.53.0.0/16'),
 IPv4Network('10.54.0.0/16'),
 IPv4Network('10.55.0.0/16'),
 IPv4Network('10.56.0.0/16'),
 IPv4Network('10.57.0.0/16'),
 IPv4Network('10.58.0.0/16'),
 IPv4Network('10.59.0.0/16'),
 IPv4Network('10.60.0.0/16'),
 IPv4Network('10.61.0.0/16'),
 IPv4Network('10.62.0.0/16'),
 IPv4Network('10.63.0.0/16'),
 IPv4Network('10.64.0.0/16'),
 IPv4Network('10.65.0.0/16'),
 IPv4Network('10.66.0.0/16'),
 IPv4Network('10.67.0.0/16'),
 IPv4Network('10.68.0.0/16'),
 IPv4Network('10.69.0.0/16'),
 IPv4Network('10.70.0.0/16'),
 IPv4Network('10.71.0.0/16'),
 IPv4Network('10.72.0.0/16'),
 IPv4Network('10.73.0.0/16'),
 IPv4Network('10.74.0.0/16'),
 IPv4Network('10.75.0.0/16'),
 IPv4Network('10.76.0.0/16'),
 IPv4Network('10.77.0.0/16'),
 IPv4Network('10.78.0.0/16'),
 IPv4Network('10.79.0.0/16'),
 IPv4Network('10.80.0.0/16'),
 IPv4Network('10.81.0.0/16'),
 IPv4Network('10.82.0.0/16'),
 IPv4Network('10.83.0.0/16'),
 IPv4Network('10.84.0.0/16'),
 IPv4Network('10.85.0.0/16'),
 IPv4Network('10.86.0.0/16'),
 IPv4Network('10.87.0.0/16'),
 IPv4Network('10.88.0.0/16'),
 IPv4Network('10.89.0.0/16'),
 IPv4Network('10.90.0.0/16'),
 IPv4Network('10.91.0.0/16'),
 IPv4Network('10.92.0.0/16'),
 IPv4Network('10.93.0.0/16'),
 IPv4Network('10.94.0.0/16'),
 IPv4Network('10.95.0.0/16'),
 IPv4Network('10.96.0.0/16'),
 IPv4Network('10.97.0.0/16'),
 IPv4Network('10.98.0.0/16'),
 IPv4Network('10.99.0.0/16'),
 IPv4Network('10.100.0.0/16'),
 IPv4Network('10.101.0.0/16'),
 IPv4Network('10.102.0.0/16'),
 IPv4Network('10.103.0.0/16'),
 IPv4Network('10.104.0.0/16'),
 IPv4Network('10.105.0.0/16'),
 IPv4Network('10.106.0.0/16'),
 IPv4Network('10.107.0.0/16'),
 IPv4Network('10.108.0.0/16'),
 IPv4Network('10.109.0.0/16'),
 IPv4Network('10.110.0.0/16'),
 IPv4Network('10.111.0.0/16'),
 IPv4Network('10.112.0.0/16'),
 IPv4Network('10.113.0.0/16'),
 IPv4Network('10.114.0.0/16'),
 IPv4Network('10.115.0.0/16'),
 IPv4Network('10.116.0.0/16'),
 IPv4Network('10.117.0.0/16'),
 IPv4Network('10.118.0.0/16'),
 IPv4Network('10.119.0.0/16'),
 IPv4Network('10.120.0.0/16'),
 IPv4Network('10.121.0.0/16'),
 IPv4Network('10.122.0.0/16'),
 IPv4Network('10.123.0.0/16'),
 IPv4Network('10.124.0.0/16'),
 IPv4Network('10.125.0.0/16'),
 IPv4Network('10.126.0.0/16'),
 IPv4Network('10.127.0.0/16'),
 IPv4Network('10.128.0.0/16'),
 IPv4Network('10.129.0.0/16'),
 IPv4Network('10.130.0.0/16'),
 IPv4Network('10.131.0.0/16'),
 IPv4Network('10.132.0.0/16'),
 IPv4Network('10.133.0.0/16'),
 IPv4Network('10.134.0.0/16'),
 IPv4Network('10.135.0.0/16'),
 IPv4Network('10.136.0.0/16'),
 IPv4Network('10.137.0.0/16'),
 IPv4Network('10.138.0.0/16'),
 IPv4Network('10.139.0.0/16'),
 IPv4Network('10.140.0.0/16'),
 IPv4Network('10.141.0.0/16'),
 IPv4Network('10.142.0.0/16'),
 IPv4Network('10.143.0.0/16'),
 IPv4Network('10.144.0.0/16'),
 IPv4Network('10.145.0.0/16'),
 IPv4Network('10.146.0.0/16'),
 IPv4Network('10.147.0.0/16'),
 IPv4Network('10.148.0.0/16'),
 IPv4Network('10.149.0.0/16'),
 IPv4Network('10.150.0.0/16'),
 IPv4Network('10.151.0.0/16'),
 IPv4Network('10.152.0.0/16'),
 IPv4Network('10.153.0.0/16'),
 IPv4Network('10.154.0.0/16'),
 IPv4Network('10.155.0.0/16'),
 IPv4Network('10.156.0.0/16'),
 IPv4Network('10.157.0.0/16'),
 IPv4Network('10.158.0.0/16'),
 IPv4Network('10.159.0.0/16'),
 IPv4Network('10.160.0.0/16'),
 IPv4Network('10.161.0.0/16'),
 IPv4Network('10.162.0.0/16'),
 IPv4Network('10.163.0.0/16'),
 IPv4Network('10.164.0.0/16'),
 IPv4Network('10.165.0.0/16'),
 IPv4Network('10.166.0.0/16'),
 IPv4Network('10.167.0.0/16'),
 IPv4Network('10.168.0.0/16'),
 IPv4Network('10.169.0.0/16'),
 IPv4Network('10.170.0.0/16'),
 IPv4Network('10.171.0.0/16'),
 IPv4Network('10.172.0.0/16'),
 IPv4Network('10.173.0.0/16'),
 IPv4Network('10.174.0.0/16'),
 IPv4Network('10.175.0.0/16'),
 IPv4Network('10.176.0.0/16'),
 IPv4Network('10.177.0.0/16'),
 IPv4Network('10.178.0.0/16'),
 IPv4Network('10.179.0.0/16'),
 IPv4Network('10.180.0.0/16'),
 IPv4Network('10.181.0.0/16'),
 IPv4Network('10.182.0.0/16'),
 IPv4Network('10.183.0.0/16'),
 IPv4Network('10.184.0.0/16'),
 IPv4Network('10.185.0.0/16'),
 IPv4Network('10.186.0.0/16'),
 IPv4Network('10.187.0.0/16'),
 IPv4Network('10.188.0.0/16'),
 IPv4Network('10.189.0.0/16'),
 IPv4Network('10.190.0.0/16'),
 IPv4Network('10.191.0.0/16'),
 IPv4Network('10.192.0.0/16'),
 IPv4Network('10.193.0.0/16'),
 IPv4Network('10.194.0.0/16'),
 IPv4Network('10.195.0.0/16'),
 IPv4Network('10.196.0.0/16'),
 IPv4Network('10.197.0.0/16'),
 IPv4Network('10.198.0.0/16'),
 IPv4Network('10.199.0.0/16'),
 IPv4Network('10.200.0.0/16'),
 IPv4Network('10.201.0.0/16'),
 IPv4Network('10.202.0.0/16'),
 IPv4Network('10.203.0.0/16'),
 IPv4Network('10.204.0.0/16'),
 IPv4Network('10.205.0.0/16'),
 IPv4Network('10.206.0.0/16'),
 IPv4Network('10.207.0.0/16'),
 IPv4Network('10.208.0.0/16'),
 IPv4Network('10.209.0.0/16'),
 IPv4Network('10.210.0.0/16'),
 IPv4Network('10.211.0.0/16'),
 IPv4Network('10.212.0.0/16'),
 IPv4Network('10.213.0.0/16'),
 IPv4Network('10.214.0.0/16'),
 IPv4Network('10.215.0.0/16'),
 IPv4Network('10.216.0.0/16'),
 IPv4Network('10.217.0.0/16'),
 IPv4Network('10.218.0.0/16'),
 IPv4Network('10.219.0.0/16'),
 IPv4Network('10.220.0.0/16'),
 IPv4Network('10.221.0.0/16'),
 IPv4Network('10.222.0.0/16'),
 IPv4Network('10.223.0.0/16'),
 IPv4Network('10.224.0.0/16'),
 IPv4Network('10.225.0.0/16'),
 IPv4Network('10.226.0.0/16'),
 IPv4Network('10.227.0.0/16'),
 IPv4Network('10.228.0.0/16'),
 IPv4Network('10.229.0.0/16'),
 IPv4Network('10.230.0.0/16'),
 IPv4Network('10.231.0.0/16'),
 IPv4Network('10.232.0.0/16'),
 IPv4Network('10.233.0.0/16'),
 IPv4Network('10.234.0.0/16'),
 IPv4Network('10.235.0.0/16'),
 IPv4Network('10.236.0.0/16'),
 IPv4Network('10.237.0.0/16'),
 IPv4Network('10.238.0.0/16'),
 IPv4Network('10.239.0.0/16'),
 IPv4Network('10.240.0.0/16'),
 IPv4Network('10.241.0.0/16'),
 IPv4Network('10.242.0.0/16'),
 IPv4Network('10.243.0.0/16'),
 IPv4Network('10.244.0.0/16'),
 IPv4Network('10.245.0.0/16'),
 IPv4Network('10.246.0.0/16'),
 IPv4Network('10.247.0.0/16'),
 IPv4Network('10.248.0.0/16'),
 IPv4Network('10.249.0.0/16'),
 IPv4Network('10.250.0.0/16'),
 IPv4Network('10.251.0.0/16'),
 IPv4Network('10.252.0.0/16'),
 IPv4Network('10.253.0.0/16'),
 IPv4Network('10.254.0.0/16'),
 IPv4Network('10.255.0.0/16')]
[IPv4Network('129.79.0.0/16'),
 IPv4Network('134.68.0.0/16'),
 IPv4Network('140.182.0.0/16'),
 IPv4Network('149.159.0.0/16'),
 IPv4Network('149.160.0.0/14'),
 IPv4Network('156.56.0.0/16'),
 IPv4Network('172.16.0.0/12'),
 IPv4Network('192.168.0.0/24'),
 IPv6Network('::/128'),
 IPv4Network('10.0.0.0/16'),
 IPv4Network('10.1.0.0/16'),
 IPv4Network('10.2.0.0/16'),
 IPv4Network('10.3.0.0/16'),
 IPv4Network('10.4.0.0/16'),
 IPv4Network('10.5.0.0/16'),
 IPv4Network('10.6.0.0/16'),
 IPv4Network('10.7.0.0/16'),
 IPv4Network('10.8.0.0/16'),
 IPv4Network('10.9.0.0/16'),
 IPv4Network('10.10.0.0/16'),
 IPv4Network('10.11.0.0/16'),
 IPv4Network('10.12.0.0/16'),
 IPv4Network('10.13.0.0/16'),
 IPv4Network('10.14.0.0/16'),
 IPv4Network('10.15.0.0/16'),
 IPv4Network('10.16.0.0/16'),
 IPv4Network('10.17.0.0/16'),
 IPv4Network('10.18.0.0/16'),
 IPv4Network('10.19.0.0/16'),
 IPv4Network('10.20.0.0/16'),
 IPv4Network('10.21.0.0/16'),
 IPv4Network('10.22.0.0/16'),
 IPv4Network('10.23.0.0/16'),
 IPv4Network('10.24.0.0/16'),
 IPv4Network('10.25.0.0/16'),
 IPv4Network('10.26.0.0/16'),
 IPv4Network('10.27.0.0/16'),
 IPv4Network('10.28.0.0/16'),
 IPv4Network('10.29.0.0/16'),
 IPv4Network('10.30.0.0/16'),
 IPv4Network('10.31.0.0/16'),
 IPv4Network('10.32.0.0/16'),
 IPv4Network('10.33.0.0/16'),
 IPv4Network('10.34.0.0/16'),
 IPv4Network('10.35.0.0/16'),
 IPv4Network('10.36.0.0/16'),
 IPv4Network('10.37.0.0/16'),
 IPv4Network('10.38.0.0/16'),
 IPv4Network('10.39.0.0/16'),
 IPv4Network('10.40.0.0/16'),
 IPv4Network('10.41.0.0/16'),
 IPv4Network('10.42.0.0/16'),
 IPv4Network('10.43.0.0/16'),
 IPv4Network('10.44.0.0/16'),
 IPv4Network('10.45.0.0/16'),
 IPv4Network('10.46.0.0/16'),
 IPv4Network('10.47.0.0/16'),
 IPv4Network('10.48.0.0/16'),
 IPv4Network('10.49.0.0/16'),
 IPv4Network('10.50.0.0/16'),
 IPv4Network('10.51.0.0/16'),
 IPv4Network('10.52.0.0/16'),
 IPv4Network('10.53.0.0/16'),
 IPv4Network('10.54.0.0/16'),
 IPv4Network('10.55.0.0/16'),
 IPv4Network('10.56.0.0/16'),
 IPv4Network('10.57.0.0/16'),
 IPv4Network('10.58.0.0/16'),
 IPv4Network('10.59.0.0/16'),
 IPv4Network('10.60.0.0/16'),
 IPv4Network('10.61.0.0/16'),
 IPv4Network('10.62.0.0/16'),
 IPv4Network('10.63.0.0/16'),
 IPv4Network('10.64.0.0/16'),
 IPv4Network('10.65.0.0/16'),
 IPv4Network('10.66.0.0/16'),
 IPv4Network('10.67.0.0/16'),
 IPv4Network('10.68.0.0/16'),
 IPv4Network('10.69.0.0/16'),
 IPv4Network('10.70.0.0/16'),
 IPv4Network('10.71.0.0/16'),
 IPv4Network('10.72.0.0/16'),
 IPv4Network('10.73.0.0/16'),
 IPv4Network('10.74.0.0/16'),
 IPv4Network('10.75.0.0/16'),
 IPv4Network('10.76.0.0/16'),
 IPv4Network('10.77.0.0/16'),
 IPv4Network('10.78.0.0/16'),
 IPv4Network('10.79.0.0/16'),
 IPv4Network('10.80.0.0/16'),
 IPv4Network('10.81.0.0/16'),
 IPv4Network('10.82.0.0/16'),
 IPv4Network('10.83.0.0/16'),
 IPv4Network('10.84.0.0/16'),
 IPv4Network('10.85.0.0/16'),
 IPv4Network('10.86.0.0/16'),
 IPv4Network('10.87.0.0/16'),
 IPv4Network('10.88.0.0/16'),
 IPv4Network('10.89.0.0/16'),
 IPv4Network('10.90.0.0/16'),
 IPv4Network('10.91.0.0/16'),
 IPv4Network('10.92.0.0/16'),
 IPv4Network('10.93.0.0/16'),
 IPv4Network('10.94.0.0/16'),
 IPv4Network('10.95.0.0/16'),
 IPv4Network('10.96.0.0/16'),
 IPv4Network('10.97.0.0/16'),
 IPv4Network('10.98.0.0/16'),
 IPv4Network('10.99.0.0/16'),
 IPv4Network('10.100.0.0/16'),
 IPv4Network('10.101.0.0/16'),
 IPv4Network('10.102.0.0/16'),
 IPv4Network('10.103.0.0/16'),
 IPv4Network('10.104.0.0/16'),
 IPv4Network('10.105.0.0/16'),
 IPv4Network('10.106.0.0/16'),
 IPv4Network('10.107.0.0/16'),
 IPv4Network('10.108.0.0/16'),
 IPv4Network('10.109.0.0/16'),
 IPv4Network('10.110.0.0/16'),
 IPv4Network('10.111.0.0/16'),
 IPv4Network('10.112.0.0/16'),
 IPv4Network('10.113.0.0/16'),
 IPv4Network('10.114.0.0/16'),
 IPv4Network('10.115.0.0/16'),
 IPv4Network('10.116.0.0/16'),
 IPv4Network('10.117.0.0/16'),
 IPv4Network('10.118.0.0/16'),
 IPv4Network('10.119.0.0/16'),
 IPv4Network('10.120.0.0/16'),
 IPv4Network('10.121.0.0/16'),
 IPv4Network('10.122.0.0/16'),
 IPv4Network('10.123.0.0/16'),
 IPv4Network('10.124.0.0/16'),
 IPv4Network('10.125.0.0/16'),
 IPv4Network('10.126.0.0/16'),
 IPv4Network('10.127.0.0/16'),
 IPv4Network('10.128.0.0/16'),
 IPv4Network('10.129.0.0/16'),
 IPv4Network('10.130.0.0/16'),
 IPv4Network('10.131.0.0/16'),
 IPv4Network('10.132.0.0/16'),
 IPv4Network('10.133.0.0/16'),
 IPv4Network('10.134.0.0/16'),
 IPv4Network('10.135.0.0/16'),
 IPv4Network('10.136.0.0/16'),
 IPv4Network('10.137.0.0/16'),
 IPv4Network('10.138.0.0/16'),
 IPv4Network('10.139.0.0/16'),
 IPv4Network('10.140.0.0/16'),
 IPv4Network('10.141.0.0/16'),
 IPv4Network('10.142.0.0/16'),
 IPv4Network('10.143.0.0/16'),
 IPv4Network('10.144.0.0/16'),
 IPv4Network('10.145.0.0/16'),
 IPv4Network('10.146.0.0/16'),
 IPv4Network('10.147.0.0/16'),
 IPv4Network('10.148.0.0/16'),
 IPv4Network('10.149.0.0/16'),
 IPv4Network('10.150.0.0/16'),
 IPv4Network('10.151.0.0/16'),
 IPv4Network('10.152.0.0/16'),
 IPv4Network('10.153.0.0/16'),
 IPv4Network('10.154.0.0/16'),
 IPv4Network('10.155.0.0/16'),
 IPv4Network('10.156.0.0/16'),
 IPv4Network('10.157.0.0/16'),
 IPv4Network('10.158.0.0/16'),
 IPv4Network('10.159.0.0/16'),
 IPv4Network('10.160.0.0/16'),
 IPv4Network('10.161.0.0/16'),
 IPv4Network('10.162.0.0/16'),
 IPv4Network('10.163.0.0/16'),
 IPv4Network('10.164.0.0/16'),
 IPv4Network('10.165.0.0/16'),
 IPv4Network('10.166.0.0/16'),
 IPv4Network('10.167.0.0/16'),
 IPv4Network('10.168.0.0/16'),
 IPv4Network('10.169.0.0/16'),
 IPv4Network('10.170.0.0/16'),
 IPv4Network('10.171.0.0/16'),
 IPv4Network('10.172.0.0/16'),
 IPv4Network('10.173.0.0/16'),
 IPv4Network('10.174.0.0/16'),
 IPv4Network('10.175.0.0/16'),
 IPv4Network('10.176.0.0/16'),
 IPv4Network('10.177.0.0/16'),
 IPv4Network('10.178.0.0/16'),
 IPv4Network('10.179.0.0/16'),
 IPv4Network('10.180.0.0/16'),
 IPv4Network('10.181.0.0/16'),
 IPv4Network('10.182.0.0/16'),
 IPv4Network('10.183.0.0/16'),
 IPv4Network('10.184.0.0/16'),
 IPv4Network('10.185.0.0/16'),
 IPv4Network('10.186.0.0/16'),
 IPv4Network('10.187.0.0/16'),
 IPv4Network('10.188.0.0/16'),
 IPv4Network('10.189.0.0/16'),
 IPv4Network('10.190.0.0/16'),
 IPv4Network('10.191.0.0/16'),
 IPv4Network('10.192.0.0/16'),
 IPv4Network('10.193.0.0/16'),
 IPv4Network('10.194.0.0/16'),
 IPv4Network('10.195.0.0/16'),
 IPv4Network('10.196.0.0/16'),
 IPv4Network('10.197.0.0/16'),
 IPv4Network('10.198.0.0/16'),
 IPv4Network('10.199.0.0/16'),
 IPv4Network('10.200.0.0/16'),
 IPv4Network('10.201.0.0/16'),
 IPv4Network('10.202.0.0/16'),
 IPv4Network('10.203.0.0/16'),
 IPv4Network('10.204.0.0/16'),
 IPv4Network('10.205.0.0/16'),
 IPv4Network('10.206.0.0/16'),
 IPv4Network('10.207.0.0/16'),
 IPv4Network('10.208.0.0/16'),
 IPv4Network('10.209.0.0/16'),
 IPv4Network('10.210.0.0/16'),
 IPv4Network('10.211.0.0/16'),
 IPv4Network('10.212.0.0/16'),
 IPv4Network('10.213.0.0/16'),
 IPv4Network('10.214.0.0/16'),
 IPv4Network('10.215.0.0/16'),
 IPv4Network('10.216.0.0/16'),
 IPv4Network('10.217.0.0/16'),
 IPv4Network('10.218.0.0/16'),
 IPv4Network('10.219.0.0/16'),
 IPv4Network('10.220.0.0/16'),
 IPv4Network('10.221.0.0/16'),
 IPv4Network('10.222.0.0/16'),
 IPv4Network('10.223.0.0/16'),
 IPv4Network('10.224.0.0/16'),
 IPv4Network('10.225.0.0/16'),
 IPv4Network('10.226.0.0/16'),
 IPv4Network('10.227.0.0/16'),
 IPv4Network('10.228.0.0/16'),
 IPv4Network('10.229.0.0/16'),
 IPv4Network('10.230.0.0/16'),
 IPv4Network('10.231.0.0/16'),
 IPv4Network('10.232.0.0/16'),
 IPv4Network('10.233.0.0/16'),
 IPv4Network('10.234.0.0/16'),
 IPv4Network('10.235.0.0/16'),
 IPv4Network('10.236.0.0/16'),
 IPv4Network('10.237.0.0/16'),
 IPv4Network('10.238.0.0/16'),
 IPv4Network('10.239.0.0/16'),
 IPv4Network('10.240.0.0/16'),
 IPv4Network('10.241.0.0/16'),
 IPv4Network('10.242.0.0/16'),
 IPv4Network('10.243.0.0/16'),
 IPv4Network('10.244.0.0/16'),
 IPv4Network('10.245.0.0/16'),
 IPv4Network('10.246.0.0/16'),
 IPv4Network('10.247.0.0/16'),
 IPv4Network('10.248.0.0/16'),
 IPv4Network('10.249.0.0/16'),
 IPv4Network('10.250.0.0/16'),
 IPv4Network('10.251.0.0/16'),
 IPv4Network('10.252.0.0/16'),
 IPv4Network('10.253.0.0/16'),
 IPv4Network('10.254.0.0/16'),
 IPv4Network('10.255.0.0/16'),
 IPv4Network('149.160.0.0/16'),
 IPv4Network('149.161.0.0/16')]
[IPv4Network('129.79.0.0/16'),
 IPv4Network('134.68.0.0/16'),
 IPv4Network('140.182.0.0/16'),
 IPv4Network('149.159.0.0/16'),
 IPv4Network('156.56.0.0/16'),
 IPv4Network('172.16.0.0/12'),
 IPv4Network('192.168.0.0/24'),
 IPv6Network('::/128'),
 IPv4Network('10.0.0.0/16'),
 IPv4Network('10.1.0.0/16'),
 IPv4Network('10.2.0.0/16'),
 IPv4Network('10.3.0.0/16'),
 IPv4Network('10.4.0.0/16'),
 IPv4Network('10.5.0.0/16'),
 IPv4Network('10.6.0.0/16'),
 IPv4Network('10.7.0.0/16'),
 IPv4Network('10.8.0.0/16'),
 IPv4Network('10.9.0.0/16'),
 IPv4Network('10.10.0.0/16'),
 IPv4Network('10.11.0.0/16'),
 IPv4Network('10.12.0.0/16'),
 IPv4Network('10.13.0.0/16'),
 IPv4Network('10.14.0.0/16'),
 IPv4Network('10.15.0.0/16'),
 IPv4Network('10.16.0.0/16'),
 IPv4Network('10.17.0.0/16'),
 IPv4Network('10.18.0.0/16'),
 IPv4Network('10.19.0.0/16'),
 IPv4Network('10.20.0.0/16'),
 IPv4Network('10.21.0.0/16'),
 IPv4Network('10.22.0.0/16'),
 IPv4Network('10.23.0.0/16'),
 IPv4Network('10.24.0.0/16'),
 IPv4Network('10.25.0.0/16'),
 IPv4Network('10.26.0.0/16'),
 IPv4Network('10.27.0.0/16'),
 IPv4Network('10.28.0.0/16'),
 IPv4Network('10.29.0.0/16'),
 IPv4Network('10.30.0.0/16'),
 IPv4Network('10.31.0.0/16'),
 IPv4Network('10.32.0.0/16'),
 IPv4Network('10.33.0.0/16'),
 IPv4Network('10.34.0.0/16'),
 IPv4Network('10.35.0.0/16'),
 IPv4Network('10.36.0.0/16'),
 IPv4Network('10.37.0.0/16'),
 IPv4Network('10.38.0.0/16'),
 IPv4Network('10.39.0.0/16'),
 IPv4Network('10.40.0.0/16'),
 IPv4Network('10.41.0.0/16'),
 IPv4Network('10.42.0.0/16'),
 IPv4Network('10.43.0.0/16'),
 IPv4Network('10.44.0.0/16'),
 IPv4Network('10.45.0.0/16'),
 IPv4Network('10.46.0.0/16'),
 IPv4Network('10.47.0.0/16'),
 IPv4Network('10.48.0.0/16'),
 IPv4Network('10.49.0.0/16'),
 IPv4Network('10.50.0.0/16'),
 IPv4Network('10.51.0.0/16'),
 IPv4Network('10.52.0.0/16'),
 IPv4Network('10.53.0.0/16'),
 IPv4Network('10.54.0.0/16'),
 IPv4Network('10.55.0.0/16'),
 IPv4Network('10.56.0.0/16'),
 IPv4Network('10.57.0.0/16'),
 IPv4Network('10.58.0.0/16'),
 IPv4Network('10.59.0.0/16'),
 IPv4Network('10.60.0.0/16'),
 IPv4Network('10.61.0.0/16'),
 IPv4Network('10.62.0.0/16'),
 IPv4Network('10.63.0.0/16'),
 IPv4Network('10.64.0.0/16'),
 IPv4Network('10.65.0.0/16'),
 IPv4Network('10.66.0.0/16'),
 IPv4Network('10.67.0.0/16'),
 IPv4Network('10.68.0.0/16'),
 IPv4Network('10.69.0.0/16'),
 IPv4Network('10.70.0.0/16'),
 IPv4Network('10.71.0.0/16'),
 IPv4Network('10.72.0.0/16'),
 IPv4Network('10.73.0.0/16'),
 IPv4Network('10.74.0.0/16'),
 IPv4Network('10.75.0.0/16'),
 IPv4Network('10.76.0.0/16'),
 IPv4Network('10.77.0.0/16'),
 IPv4Network('10.78.0.0/16'),
 IPv4Network('10.79.0.0/16'),
 IPv4Network('10.80.0.0/16'),
 IPv4Network('10.81.0.0/16'),
 IPv4Network('10.82.0.0/16'),
 IPv4Network('10.83.0.0/16'),
 IPv4Network('10.84.0.0/16'),
 IPv4Network('10.85.0.0/16'),
 IPv4Network('10.86.0.0/16'),
 IPv4Network('10.87.0.0/16'),
 IPv4Network('10.88.0.0/16'),
 IPv4Network('10.89.0.0/16'),
 IPv4Network('10.90.0.0/16'),
 IPv4Network('10.91.0.0/16'),
 IPv4Network('10.92.0.0/16'),
 IPv4Network('10.93.0.0/16'),
 IPv4Network('10.94.0.0/16'),
 IPv4Network('10.95.0.0/16'),
 IPv4Network('10.96.0.0/16'),
 IPv4Network('10.97.0.0/16'),
 IPv4Network('10.98.0.0/16'),
 IPv4Network('10.99.0.0/16'),
 IPv4Network('10.100.0.0/16'),
 IPv4Network('10.101.0.0/16'),
 IPv4Network('10.102.0.0/16'),
 IPv4Network('10.103.0.0/16'),
 IPv4Network('10.104.0.0/16'),
 IPv4Network('10.105.0.0/16'),
 IPv4Network('10.106.0.0/16'),
 IPv4Network('10.107.0.0/16'),
 IPv4Network('10.108.0.0/16'),
 IPv4Network('10.109.0.0/16'),
 IPv4Network('10.110.0.0/16'),
 IPv4Network('10.111.0.0/16'),
 IPv4Network('10.112.0.0/16'),
 IPv4Network('10.113.0.0/16'),
 IPv4Network('10.114.0.0/16'),
 IPv4Network('10.115.0.0/16'),
 IPv4Network('10.116.0.0/16'),
 IPv4Network('10.117.0.0/16'),
 IPv4Network('10.118.0.0/16'),
 IPv4Network('10.119.0.0/16'),
 IPv4Network('10.120.0.0/16'),
 IPv4Network('10.121.0.0/16'),
 IPv4Network('10.122.0.0/16'),
 IPv4Network('10.123.0.0/16'),
 IPv4Network('10.124.0.0/16'),
 IPv4Network('10.125.0.0/16'),
 IPv4Network('10.126.0.0/16'),
 IPv4Network('10.127.0.0/16'),
 IPv4Network('10.128.0.0/16'),
 IPv4Network('10.129.0.0/16'),
 IPv4Network('10.130.0.0/16'),
 IPv4Network('10.131.0.0/16'),
 IPv4Network('10.132.0.0/16'),
 IPv4Network('10.133.0.0/16'),
 IPv4Network('10.134.0.0/16'),
 IPv4Network('10.135.0.0/16'),
 IPv4Network('10.136.0.0/16'),
 IPv4Network('10.137.0.0/16'),
 IPv4Network('10.138.0.0/16'),
 IPv4Network('10.139.0.0/16'),
 IPv4Network('10.140.0.0/16'),
 IPv4Network('10.141.0.0/16'),
 IPv4Network('10.142.0.0/16'),
 IPv4Network('10.143.0.0/16'),
 IPv4Network('10.144.0.0/16'),
 IPv4Network('10.145.0.0/16'),
 IPv4Network('10.146.0.0/16'),
 IPv4Network('10.147.0.0/16'),
 IPv4Network('10.148.0.0/16'),
 IPv4Network('10.149.0.0/16'),
 IPv4Network('10.150.0.0/16'),
 IPv4Network('10.151.0.0/16'),
 IPv4Network('10.152.0.0/16'),
 IPv4Network('10.153.0.0/16'),
 IPv4Network('10.154.0.0/16'),
 IPv4Network('10.155.0.0/16'),
 IPv4Network('10.156.0.0/16'),
 IPv4Network('10.157.0.0/16'),
 IPv4Network('10.158.0.0/16'),
 IPv4Network('10.159.0.0/16'),
 IPv4Network('10.160.0.0/16'),
 IPv4Network('10.161.0.0/16'),
 IPv4Network('10.162.0.0/16'),
 IPv4Network('10.163.0.0/16'),
 IPv4Network('10.164.0.0/16'),
 IPv4Network('10.165.0.0/16'),
 IPv4Network('10.166.0.0/16'),
 IPv4Network('10.167.0.0/16'),
 IPv4Network('10.168.0.0/16'),
 IPv4Network('10.169.0.0/16'),
 IPv4Network('10.170.0.0/16'),
 IPv4Network('10.171.0.0/16'),
 IPv4Network('10.172.0.0/16'),
 IPv4Network('10.173.0.0/16'),
 IPv4Network('10.174.0.0/16'),
 IPv4Network('10.175.0.0/16'),
 IPv4Network('10.176.0.0/16'),
 IPv4Network('10.177.0.0/16'),
 IPv4Network('10.178.0.0/16'),
 IPv4Network('10.179.0.0/16'),
 IPv4Network('10.180.0.0/16'),
 IPv4Network('10.181.0.0/16'),
 IPv4Network('10.182.0.0/16'),
 IPv4Network('10.183.0.0/16'),
 IPv4Network('10.184.0.0/16'),
 IPv4Network('10.185.0.0/16'),
 IPv4Network('10.186.0.0/16'),
 IPv4Network('10.187.0.0/16'),
 IPv4Network('10.188.0.0/16'),
 IPv4Network('10.189.0.0/16'),
 IPv4Network('10.190.0.0/16'),
 IPv4Network('10.191.0.0/16'),
 IPv4Network('10.192.0.0/16'),
 IPv4Network('10.193.0.0/16'),
 IPv4Network('10.194.0.0/16'),
 IPv4Network('10.195.0.0/16'),
 IPv4Network('10.196.0.0/16'),
 IPv4Network('10.197.0.0/16'),
 IPv4Network('10.198.0.0/16'),
 IPv4Network('10.199.0.0/16'),
 IPv4Network('10.200.0.0/16'),
 IPv4Network('10.201.0.0/16'),
 IPv4Network('10.202.0.0/16'),
 IPv4Network('10.203.0.0/16'),
 IPv4Network('10.204.0.0/16'),
 IPv4Network('10.205.0.0/16'),
 IPv4Network('10.206.0.0/16'),
 IPv4Network('10.207.0.0/16'),
 IPv4Network('10.208.0.0/16'),
 IPv4Network('10.209.0.0/16'),
 IPv4Network('10.210.0.0/16'),
 IPv4Network('10.211.0.0/16'),
 IPv4Network('10.212.0.0/16'),
 IPv4Network('10.213.0.0/16'),
 IPv4Network('10.214.0.0/16'),
 IPv4Network('10.215.0.0/16'),
 IPv4Network('10.216.0.0/16'),
 IPv4Network('10.217.0.0/16'),
 IPv4Network('10.218.0.0/16'),
 IPv4Network('10.219.0.0/16'),
 IPv4Network('10.220.0.0/16'),
 IPv4Network('10.221.0.0/16'),
 IPv4Network('10.222.0.0/16'),
 IPv4Network('10.223.0.0/16'),
 IPv4Network('10.224.0.0/16'),
 IPv4Network('10.225.0.0/16'),
 IPv4Network('10.226.0.0/16'),
 IPv4Network('10.227.0.0/16'),
 IPv4Network('10.228.0.0/16'),
 IPv4Network('10.229.0.0/16'),
 IPv4Network('10.230.0.0/16'),
 IPv4Network('10.231.0.0/16'),
 IPv4Network('10.232.0.0/16'),
 IPv4Network('10.233.0.0/16'),
 IPv4Network('10.234.0.0/16'),
 IPv4Network('10.235.0.0/16'),
 IPv4Network('10.236.0.0/16'),
 IPv4Network('10.237.0.0/16'),
 IPv4Network('10.238.0.0/16'),
 IPv4Network('10.239.0.0/16'),
 IPv4Network('10.240.0.0/16'),
 IPv4Network('10.241.0.0/16'),
 IPv4Network('10.242.0.0/16'),
 IPv4Network('10.243.0.0/16'),
 IPv4Network('10.244.0.0/16'),
 IPv4Network('10.245.0.0/16'),
 IPv4Network('10.246.0.0/16'),
 IPv4Network('10.247.0.0/16'),
 IPv4Network('10.248.0.0/16'),
 IPv4Network('10.249.0.0/16'),
 IPv4Network('10.250.0.0/16'),
 IPv4Network('10.251.0.0/16'),
 IPv4Network('10.252.0.0/16'),
 IPv4Network('10.253.0.0/16'),
 IPv4Network('10.254.0.0/16'),
 IPv4Network('10.255.0.0/16'),
 IPv4Network('149.160.0.0/16'),
 IPv4Network('149.161.0.0/16'),
 IPv4Network('149.162.0.0/16'),
 IPv4Network('149.163.0.0/16')]
[IPv4Network('129.79.0.0/16'),
 IPv4Network('134.68.0.0/16'),
 IPv4Network('140.182.0.0/16'),
 IPv4Network('149.159.0.0/16'),
 IPv4Network('156.56.0.0/16'),
 IPv4Network('172.16.0.0/12'),
 IPv4Network('192.168.0.0/24'),
 IPv6Network('::/128'),
 IPv4Network('10.0.0.0/16'),
 IPv4Network('10.1.0.0/16'),
 IPv4Network('10.2.0.0/16'),
 IPv4Network('10.3.0.0/16'),
 IPv4Network('10.4.0.0/16'),
 IPv4Network('10.5.0.0/16'),
 IPv4Network('10.6.0.0/16'),
 IPv4Network('10.7.0.0/16'),
 IPv4Network('10.8.0.0/16'),
 IPv4Network('10.9.0.0/16'),
 IPv4Network('10.10.0.0/16'),
 IPv4Network('10.11.0.0/16'),
 IPv4Network('10.12.0.0/16'),
 IPv4Network('10.13.0.0/16'),
 IPv4Network('10.14.0.0/16'),
 IPv4Network('10.15.0.0/16'),
 IPv4Network('10.16.0.0/16'),
 IPv4Network('10.17.0.0/16'),
 IPv4Network('10.18.0.0/16'),
 IPv4Network('10.19.0.0/16'),
 IPv4Network('10.20.0.0/16'),
 IPv4Network('10.21.0.0/16'),
 IPv4Network('10.22.0.0/16'),
 IPv4Network('10.23.0.0/16'),
 IPv4Network('10.24.0.0/16'),
 IPv4Network('10.25.0.0/16'),
 IPv4Network('10.26.0.0/16'),
 IPv4Network('10.27.0.0/16'),
 IPv4Network('10.28.0.0/16'),
 IPv4Network('10.29.0.0/16'),
 IPv4Network('10.30.0.0/16'),
 IPv4Network('10.31.0.0/16'),
 IPv4Network('10.32.0.0/16'),
 IPv4Network('10.33.0.0/16'),
 IPv4Network('10.34.0.0/16'),
 IPv4Network('10.35.0.0/16'),
 IPv4Network('10.36.0.0/16'),
 IPv4Network('10.37.0.0/16'),
 IPv4Network('10.38.0.0/16'),
 IPv4Network('10.39.0.0/16'),
 IPv4Network('10.40.0.0/16'),
 IPv4Network('10.41.0.0/16'),
 IPv4Network('10.42.0.0/16'),
 IPv4Network('10.43.0.0/16'),
 IPv4Network('10.44.0.0/16'),
 IPv4Network('10.45.0.0/16'),
 IPv4Network('10.46.0.0/16'),
 IPv4Network('10.47.0.0/16'),
 IPv4Network('10.48.0.0/16'),
 IPv4Network('10.49.0.0/16'),
 IPv4Network('10.50.0.0/16'),
 IPv4Network('10.51.0.0/16'),
 IPv4Network('10.52.0.0/16'),
 IPv4Network('10.53.0.0/16'),
 IPv4Network('10.54.0.0/16'),
 IPv4Network('10.55.0.0/16'),
 IPv4Network('10.56.0.0/16'),
 IPv4Network('10.57.0.0/16'),
 IPv4Network('10.58.0.0/16'),
 IPv4Network('10.59.0.0/16'),
 IPv4Network('10.60.0.0/16'),
 IPv4Network('10.61.0.0/16'),
 IPv4Network('10.62.0.0/16'),
 IPv4Network('10.63.0.0/16'),
 IPv4Network('10.64.0.0/16'),
 IPv4Network('10.65.0.0/16'),
 IPv4Network('10.66.0.0/16'),
 IPv4Network('10.67.0.0/16'),
 IPv4Network('10.68.0.0/16'),
 IPv4Network('10.69.0.0/16'),
 IPv4Network('10.70.0.0/16'),
 IPv4Network('10.71.0.0/16'),
 IPv4Network('10.72.0.0/16'),
 IPv4Network('10.73.0.0/16'),
 IPv4Network('10.74.0.0/16'),
 IPv4Network('10.75.0.0/16'),
 IPv4Network('10.76.0.0/16'),
 IPv4Network('10.77.0.0/16'),
 IPv4Network('10.78.0.0/16'),
 IPv4Network('10.79.0.0/16'),
 IPv4Network('10.80.0.0/16'),
 IPv4Network('10.81.0.0/16'),
 IPv4Network('10.82.0.0/16'),
 IPv4Network('10.83.0.0/16'),
 IPv4Network('10.84.0.0/16'),
 IPv4Network('10.85.0.0/16'),
 IPv4Network('10.86.0.0/16'),
 IPv4Network('10.87.0.0/16'),
 IPv4Network('10.88.0.0/16'),
 IPv4Network('10.89.0.0/16'),
 IPv4Network('10.90.0.0/16'),
 IPv4Network('10.91.0.0/16'),
 IPv4Network('10.92.0.0/16'),
 IPv4Network('10.93.0.0/16'),
 IPv4Network('10.94.0.0/16'),
 IPv4Network('10.95.0.0/16'),
 IPv4Network('10.96.0.0/16'),
 IPv4Network('10.97.0.0/16'),
 IPv4Network('10.98.0.0/16'),
 IPv4Network('10.99.0.0/16'),
 IPv4Network('10.100.0.0/16'),
 IPv4Network('10.101.0.0/16'),
 IPv4Network('10.102.0.0/16'),
 IPv4Network('10.103.0.0/16'),
 IPv4Network('10.104.0.0/16'),
 IPv4Network('10.105.0.0/16'),
 IPv4Network('10.106.0.0/16'),
 IPv4Network('10.107.0.0/16'),
 IPv4Network('10.108.0.0/16'),
 IPv4Network('10.109.0.0/16'),
 IPv4Network('10.110.0.0/16'),
 IPv4Network('10.111.0.0/16'),
 IPv4Network('10.112.0.0/16'),
 IPv4Network('10.113.0.0/16'),
 IPv4Network('10.114.0.0/16'),
 IPv4Network('10.115.0.0/16'),
 IPv4Network('10.116.0.0/16'),
 IPv4Network('10.117.0.0/16'),
 IPv4Network('10.118.0.0/16'),
 IPv4Network('10.119.0.0/16'),
 IPv4Network('10.120.0.0/16'),
 IPv4Network('10.121.0.0/16'),
 IPv4Network('10.122.0.0/16'),
 IPv4Network('10.123.0.0/16'),
 IPv4Network('10.124.0.0/16'),
 IPv4Network('10.125.0.0/16'),
 IPv4Network('10.126.0.0/16'),
 IPv4Network('10.127.0.0/16'),
 IPv4Network('10.128.0.0/16'),
 IPv4Network('10.129.0.0/16'),
 IPv4Network('10.130.0.0/16'),
 IPv4Network('10.131.0.0/16'),
 IPv4Network('10.132.0.0/16'),
 IPv4Network('10.133.0.0/16'),
 IPv4Network('10.134.0.0/16'),
 IPv4Network('10.135.0.0/16'),
 IPv4Network('10.136.0.0/16'),
 IPv4Network('10.137.0.0/16'),
 IPv4Network('10.138.0.0/16'),
 IPv4Network('10.139.0.0/16'),
 IPv4Network('10.140.0.0/16'),
 IPv4Network('10.141.0.0/16'),
 IPv4Network('10.142.0.0/16'),
 IPv4Network('10.143.0.0/16'),
 IPv4Network('10.144.0.0/16'),
 IPv4Network('10.145.0.0/16'),
 IPv4Network('10.146.0.0/16'),
 IPv4Network('10.147.0.0/16'),
 IPv4Network('10.148.0.0/16'),
 IPv4Network('10.149.0.0/16'),
 IPv4Network('10.150.0.0/16'),
 IPv4Network('10.151.0.0/16'),
 IPv4Network('10.152.0.0/16'),
 IPv4Network('10.153.0.0/16'),
 IPv4Network('10.154.0.0/16'),
 IPv4Network('10.155.0.0/16'),
 IPv4Network('10.156.0.0/16'),
 IPv4Network('10.157.0.0/16'),
 IPv4Network('10.158.0.0/16'),
 IPv4Network('10.159.0.0/16'),
 IPv4Network('10.160.0.0/16'),
 IPv4Network('10.161.0.0/16'),
 IPv4Network('10.162.0.0/16'),
 IPv4Network('10.163.0.0/16'),
 IPv4Network('10.164.0.0/16'),
 IPv4Network('10.165.0.0/16'),
 IPv4Network('10.166.0.0/16'),
 IPv4Network('10.167.0.0/16'),
 IPv4Network('10.168.0.0/16'),
 IPv4Network('10.169.0.0/16'),
 IPv4Network('10.170.0.0/16'),
 IPv4Network('10.171.0.0/16'),
 IPv4Network('10.172.0.0/16'),
 IPv4Network('10.173.0.0/16'),
 IPv4Network('10.174.0.0/16'),
 IPv4Network('10.175.0.0/16'),
 IPv4Network('10.176.0.0/16'),
 IPv4Network('10.177.0.0/16'),
 IPv4Network('10.178.0.0/16'),
 IPv4Network('10.179.0.0/16'),
 IPv4Network('10.180.0.0/16'),
 IPv4Network('10.181.0.0/16'),
 IPv4Network('10.182.0.0/16'),
 IPv4Network('10.183.0.0/16'),
 IPv4Network('10.184.0.0/16'),
 IPv4Network('10.185.0.0/16'),
 IPv4Network('10.186.0.0/16'),
 IPv4Network('10.187.0.0/16'),
 IPv4Network('10.188.0.0/16'),
 IPv4Network('10.189.0.0/16'),
 IPv4Network('10.190.0.0/16'),
 IPv4Network('10.191.0.0/16'),
 IPv4Network('10.192.0.0/16'),
 IPv4Network('10.193.0.0/16'),
 IPv4Network('10.194.0.0/16'),
 IPv4Network('10.195.0.0/16'),
 IPv4Network('10.196.0.0/16'),
 IPv4Network('10.197.0.0/16'),
 IPv4Network('10.198.0.0/16'),
 IPv4Network('10.199.0.0/16'),
 IPv4Network('10.200.0.0/16'),
 IPv4Network('10.201.0.0/16'),
 IPv4Network('10.202.0.0/16'),
 IPv4Network('10.203.0.0/16'),
 IPv4Network('10.204.0.0/16'),
 IPv4Network('10.205.0.0/16'),
 IPv4Network('10.206.0.0/16'),
 IPv4Network('10.207.0.0/16'),
 IPv4Network('10.208.0.0/16'),
 IPv4Network('10.209.0.0/16'),
 IPv4Network('10.210.0.0/16'),
 IPv4Network('10.211.0.0/16'),
 IPv4Network('10.212.0.0/16'),
 IPv4Network('10.213.0.0/16'),
 IPv4Network('10.214.0.0/16'),
 IPv4Network('10.215.0.0/16'),
 IPv4Network('10.216.0.0/16'),
 IPv4Network('10.217.0.0/16'),
 IPv4Network('10.218.0.0/16'),
 IPv4Network('10.219.0.0/16'),
 IPv4Network('10.220.0.0/16'),
 IPv4Network('10.221.0.0/16'),
 IPv4Network('10.222.0.0/16'),
 IPv4Network('10.223.0.0/16'),
 IPv4Network('10.224.0.0/16'),
 IPv4Network('10.225.0.0/16'),
 IPv4Network('10.226.0.0/16'),
 IPv4Network('10.227.0.0/16'),
 IPv4Network('10.228.0.0/16'),
 IPv4Network('10.229.0.0/16'),
 IPv4Network('10.230.0.0/16'),
 IPv4Network('10.231.0.0/16'),
 IPv4Network('10.232.0.0/16'),
 IPv4Network('10.233.0.0/16'),
 IPv4Network('10.234.0.0/16'),
 IPv4Network('10.235.0.0/16'),
 IPv4Network('10.236.0.0/16'),
 IPv4Network('10.237.0.0/16'),
 IPv4Network('10.238.0.0/16'),
 IPv4Network('10.239.0.0/16'),
 IPv4Network('10.240.0.0/16'),
 IPv4Network('10.241.0.0/16'),
 IPv4Network('10.242.0.0/16'),
 IPv4Network('10.243.0.0/16'),
 IPv4Network('10.244.0.0/16'),
 IPv4Network('10.245.0.0/16'),
 IPv4Network('10.246.0.0/16'),
 IPv4Network('10.247.0.0/16'),
 IPv4Network('10.248.0.0/16'),
 IPv4Network('10.249.0.0/16'),
 IPv4Network('10.250.0.0/16'),
 IPv4Network('10.251.0.0/16'),
 IPv4Network('10.252.0.0/16'),
 IPv4Network('10.253.0.0/16'),
 IPv4Network('10.254.0.0/16'),
 IPv4Network('10.255.0.0/16'),
 IPv4Network('149.160.0.0/16'),
 IPv4Network('149.161.0.0/16'),
 IPv4Network('149.162.0.0/16'),
 IPv4Network('149.163.0.0/16')]
[IPv4Network('129.79.0.0/16'),
 IPv4Network('134.68.0.0/16'),
 IPv4Network('140.182.0.0/16'),
 IPv4Network('149.159.0.0/16'),
 IPv4Network('156.56.0.0/16'),
 IPv4Network('172.16.0.0/12'),
 IPv4Network('192.168.0.0/24'),
 IPv6Network('::/128'),
 IPv4Network('10.0.0.0/16'),
 IPv4Network('10.1.0.0/16'),
 IPv4Network('10.2.0.0/16'),
 IPv4Network('10.3.0.0/16'),
 IPv4Network('10.4.0.0/16'),
 IPv4Network('10.5.0.0/16'),
 IPv4Network('10.6.0.0/16'),
 IPv4Network('10.7.0.0/16'),
 IPv4Network('10.8.0.0/16'),
 IPv4Network('10.9.0.0/16'),
 IPv4Network('10.10.0.0/16'),
 IPv4Network('10.11.0.0/16'),
 IPv4Network('10.12.0.0/16'),
 IPv4Network('10.13.0.0/16'),
 IPv4Network('10.14.0.0/16'),
 IPv4Network('10.15.0.0/16'),
 IPv4Network('10.16.0.0/16'),
 IPv4Network('10.17.0.0/16'),
 IPv4Network('10.18.0.0/16'),
 IPv4Network('10.19.0.0/16'),
 IPv4Network('10.20.0.0/16'),
 IPv4Network('10.21.0.0/16'),
 IPv4Network('10.22.0.0/16'),
 IPv4Network('10.23.0.0/16'),
 IPv4Network('10.24.0.0/16'),
 IPv4Network('10.25.0.0/16'),
 IPv4Network('10.26.0.0/16'),
 IPv4Network('10.27.0.0/16'),
 IPv4Network('10.28.0.0/16'),
 IPv4Network('10.29.0.0/16'),
 IPv4Network('10.30.0.0/16'),
 IPv4Network('10.31.0.0/16'),
 IPv4Network('10.32.0.0/16'),
 IPv4Network('10.33.0.0/16'),
 IPv4Network('10.34.0.0/16'),
 IPv4Network('10.35.0.0/16'),
 IPv4Network('10.36.0.0/16'),
 IPv4Network('10.37.0.0/16'),
 IPv4Network('10.38.0.0/16'),
 IPv4Network('10.39.0.0/16'),
 IPv4Network('10.40.0.0/16'),
 IPv4Network('10.41.0.0/16'),
 IPv4Network('10.42.0.0/16'),
 IPv4Network('10.43.0.0/16'),
 IPv4Network('10.44.0.0/16'),
 IPv4Network('10.45.0.0/16'),
 IPv4Network('10.46.0.0/16'),
 IPv4Network('10.47.0.0/16'),
 IPv4Network('10.48.0.0/16'),
 IPv4Network('10.49.0.0/16'),
 IPv4Network('10.50.0.0/16'),
 IPv4Network('10.51.0.0/16'),
 IPv4Network('10.52.0.0/16'),
 IPv4Network('10.53.0.0/16'),
 IPv4Network('10.54.0.0/16'),
 IPv4Network('10.55.0.0/16'),
 IPv4Network('10.56.0.0/16'),
 IPv4Network('10.57.0.0/16'),
 IPv4Network('10.58.0.0/16'),
 IPv4Network('10.59.0.0/16'),
 IPv4Network('10.60.0.0/16'),
 IPv4Network('10.61.0.0/16'),
 IPv4Network('10.62.0.0/16'),
 IPv4Network('10.63.0.0/16'),
 IPv4Network('10.64.0.0/16'),
 IPv4Network('10.65.0.0/16'),
 IPv4Network('10.66.0.0/16'),
 IPv4Network('10.67.0.0/16'),
 IPv4Network('10.68.0.0/16'),
 IPv4Network('10.69.0.0/16'),
 IPv4Network('10.70.0.0/16'),
 IPv4Network('10.71.0.0/16'),
 IPv4Network('10.72.0.0/16'),
 IPv4Network('10.73.0.0/16'),
 IPv4Network('10.74.0.0/16'),
 IPv4Network('10.75.0.0/16'),
 IPv4Network('10.76.0.0/16'),
 IPv4Network('10.77.0.0/16'),
 IPv4Network('10.78.0.0/16'),
 IPv4Network('10.79.0.0/16'),
 IPv4Network('10.80.0.0/16'),
 IPv4Network('10.81.0.0/16'),
 IPv4Network('10.82.0.0/16'),
 IPv4Network('10.83.0.0/16'),
 IPv4Network('10.84.0.0/16'),
 IPv4Network('10.85.0.0/16'),
 IPv4Network('10.86.0.0/16'),
 IPv4Network('10.87.0.0/16'),
 IPv4Network('10.88.0.0/16'),
 IPv4Network('10.89.0.0/16'),
 IPv4Network('10.90.0.0/16'),
 IPv4Network('10.91.0.0/16'),
 IPv4Network('10.92.0.0/16'),
 IPv4Network('10.93.0.0/16'),
 IPv4Network('10.94.0.0/16'),
 IPv4Network('10.95.0.0/16'),
 IPv4Network('10.96.0.0/16'),
 IPv4Network('10.97.0.0/16'),
 IPv4Network('10.98.0.0/16'),
 IPv4Network('10.99.0.0/16'),
 IPv4Network('10.100.0.0/16'),
 IPv4Network('10.101.0.0/16'),
 IPv4Network('10.102.0.0/16'),
 IPv4Network('10.103.0.0/16'),
 IPv4Network('10.104.0.0/16'),
 IPv4Network('10.105.0.0/16'),
 IPv4Network('10.106.0.0/16'),
 IPv4Network('10.107.0.0/16'),
 IPv4Network('10.108.0.0/16'),
 IPv4Network('10.109.0.0/16'),
 IPv4Network('10.110.0.0/16'),
 IPv4Network('10.111.0.0/16'),
 IPv4Network('10.112.0.0/16'),
 IPv4Network('10.113.0.0/16'),
 IPv4Network('10.114.0.0/16'),
 IPv4Network('10.115.0.0/16'),
 IPv4Network('10.116.0.0/16'),
 IPv4Network('10.117.0.0/16'),
 IPv4Network('10.118.0.0/16'),
 IPv4Network('10.119.0.0/16'),
 IPv4Network('10.120.0.0/16'),
 IPv4Network('10.121.0.0/16'),
 IPv4Network('10.122.0.0/16'),
 IPv4Network('10.123.0.0/16'),
 IPv4Network('10.124.0.0/16'),
 IPv4Network('10.125.0.0/16'),
 IPv4Network('10.126.0.0/16'),
 IPv4Network('10.127.0.0/16'),
 IPv4Network('10.128.0.0/16'),
 IPv4Network('10.129.0.0/16'),
 IPv4Network('10.130.0.0/16'),
 IPv4Network('10.131.0.0/16'),
 IPv4Network('10.132.0.0/16'),
 IPv4Network('10.133.0.0/16'),
 IPv4Network('10.134.0.0/16'),
 IPv4Network('10.135.0.0/16'),
 IPv4Network('10.136.0.0/16'),
 IPv4Network('10.137.0.0/16'),
 IPv4Network('10.138.0.0/16'),
 IPv4Network('10.139.0.0/16'),
 IPv4Network('10.140.0.0/16'),
 IPv4Network('10.141.0.0/16'),
 IPv4Network('10.142.0.0/16'),
 IPv4Network('10.143.0.0/16'),
 IPv4Network('10.144.0.0/16'),
 IPv4Network('10.145.0.0/16'),
 IPv4Network('10.146.0.0/16'),
 IPv4Network('10.147.0.0/16'),
 IPv4Network('10.148.0.0/16'),
 IPv4Network('10.149.0.0/16'),
 IPv4Network('10.150.0.0/16'),
 IPv4Network('10.151.0.0/16'),
 IPv4Network('10.152.0.0/16'),
 IPv4Network('10.153.0.0/16'),
 IPv4Network('10.154.0.0/16'),
 IPv4Network('10.155.0.0/16'),
 IPv4Network('10.156.0.0/16'),
 IPv4Network('10.157.0.0/16'),
 IPv4Network('10.158.0.0/16'),
 IPv4Network('10.159.0.0/16'),
 IPv4Network('10.160.0.0/16'),
 IPv4Network('10.161.0.0/16'),
 IPv4Network('10.162.0.0/16'),
 IPv4Network('10.163.0.0/16'),
 IPv4Network('10.164.0.0/16'),
 IPv4Network('10.165.0.0/16'),
 IPv4Network('10.166.0.0/16'),
 IPv4Network('10.167.0.0/16'),
 IPv4Network('10.168.0.0/16'),
 IPv4Network('10.169.0.0/16'),
 IPv4Network('10.170.0.0/16'),
 IPv4Network('10.171.0.0/16'),
 IPv4Network('10.172.0.0/16'),
 IPv4Network('10.173.0.0/16'),
 IPv4Network('10.174.0.0/16'),
 IPv4Network('10.175.0.0/16'),
 IPv4Network('10.176.0.0/16'),
 IPv4Network('10.177.0.0/16'),
 IPv4Network('10.178.0.0/16'),
 IPv4Network('10.179.0.0/16'),
 IPv4Network('10.180.0.0/16'),
 IPv4Network('10.181.0.0/16'),
 IPv4Network('10.182.0.0/16'),
 IPv4Network('10.183.0.0/16'),
 IPv4Network('10.184.0.0/16'),
 IPv4Network('10.185.0.0/16'),
 IPv4Network('10.186.0.0/16'),
 IPv4Network('10.187.0.0/16'),
 IPv4Network('10.188.0.0/16'),
 IPv4Network('10.189.0.0/16'),
 IPv4Network('10.190.0.0/16'),
 IPv4Network('10.191.0.0/16'),
 IPv4Network('10.192.0.0/16'),
 IPv4Network('10.193.0.0/16'),
 IPv4Network('10.194.0.0/16'),
 IPv4Network('10.195.0.0/16'),
 IPv4Network('10.196.0.0/16'),
 IPv4Network('10.197.0.0/16'),
 IPv4Network('10.198.0.0/16'),
 IPv4Network('10.199.0.0/16'),
 IPv4Network('10.200.0.0/16'),
 IPv4Network('10.201.0.0/16'),
 IPv4Network('10.202.0.0/16'),
 IPv4Network('10.203.0.0/16'),
 IPv4Network('10.204.0.0/16'),
 IPv4Network('10.205.0.0/16'),
 IPv4Network('10.206.0.0/16'),
 IPv4Network('10.207.0.0/16'),
 IPv4Network('10.208.0.0/16'),
 IPv4Network('10.209.0.0/16'),
 IPv4Network('10.210.0.0/16'),
 IPv4Network('10.211.0.0/16'),
 IPv4Network('10.212.0.0/16'),
 IPv4Network('10.213.0.0/16'),
 IPv4Network('10.214.0.0/16'),
 IPv4Network('10.215.0.0/16'),
 IPv4Network('10.216.0.0/16'),
 IPv4Network('10.217.0.0/16'),
 IPv4Network('10.218.0.0/16'),
 IPv4Network('10.219.0.0/16'),
 IPv4Network('10.220.0.0/16'),
 IPv4Network('10.221.0.0/16'),
 IPv4Network('10.222.0.0/16'),
 IPv4Network('10.223.0.0/16'),
 IPv4Network('10.224.0.0/16'),
 IPv4Network('10.225.0.0/16'),
 IPv4Network('10.226.0.0/16'),
 IPv4Network('10.227.0.0/16'),
 IPv4Network('10.228.0.0/16'),
 IPv4Network('10.229.0.0/16'),
 IPv4Network('10.230.0.0/16'),
 IPv4Network('10.231.0.0/16'),
 IPv4Network('10.232.0.0/16'),
 IPv4Network('10.233.0.0/16'),
 IPv4Network('10.234.0.0/16'),
 IPv4Network('10.235.0.0/16'),
 IPv4Network('10.236.0.0/16'),
 IPv4Network('10.237.0.0/16'),
 IPv4Network('10.238.0.0/16'),
 IPv4Network('10.239.0.0/16'),
 IPv4Network('10.240.0.0/16'),
 IPv4Network('10.241.0.0/16'),
 IPv4Network('10.242.0.0/16'),
 IPv4Network('10.243.0.0/16'),
 IPv4Network('10.244.0.0/16'),
 IPv4Network('10.245.0.0/16'),
 IPv4Network('10.246.0.0/16'),
 IPv4Network('10.247.0.0/16'),
 IPv4Network('10.248.0.0/16'),
 IPv4Network('10.249.0.0/16'),
 IPv4Network('10.250.0.0/16'),
 IPv4Network('10.251.0.0/16'),
 IPv4Network('10.252.0.0/16'),
 IPv4Network('10.253.0.0/16'),
 IPv4Network('10.254.0.0/16'),
 IPv4Network('10.255.0.0/16'),
 IPv4Network('149.160.0.0/16'),
 IPv4Network('149.161.0.0/16'),
 IPv4Network('149.162.0.0/16'),
 IPv4Network('149.163.0.0/16')]
[IPv4Network('129.79.0.0/16'),
 IPv4Network('134.68.0.0/16'),
 IPv4Network('140.182.0.0/16'),
 IPv4Network('149.159.0.0/16'),
 IPv4Network('156.56.0.0/16'),
 IPv4Network('172.16.0.0/12'),
 IPv4Network('192.168.0.0/24'),
 IPv6Network('::/128'),
 IPv4Network('10.0.0.0/16'),
 IPv4Network('10.1.0.0/16'),
 IPv4Network('10.2.0.0/16'),
 IPv4Network('10.3.0.0/16'),
 IPv4Network('10.4.0.0/16'),
 IPv4Network('10.5.0.0/16'),
 IPv4Network('10.6.0.0/16'),
 IPv4Network('10.7.0.0/16'),
 IPv4Network('10.8.0.0/16'),
 IPv4Network('10.9.0.0/16'),
 IPv4Network('10.10.0.0/16'),
 IPv4Network('10.11.0.0/16'),
 IPv4Network('10.12.0.0/16'),
 IPv4Network('10.13.0.0/16'),
 IPv4Network('10.14.0.0/16'),
 IPv4Network('10.15.0.0/16'),
 IPv4Network('10.16.0.0/16'),
 IPv4Network('10.17.0.0/16'),
 IPv4Network('10.18.0.0/16'),
 IPv4Network('10.19.0.0/16'),
 IPv4Network('10.20.0.0/16'),
 IPv4Network('10.21.0.0/16'),
 IPv4Network('10.22.0.0/16'),
 IPv4Network('10.23.0.0/16'),
 IPv4Network('10.24.0.0/16'),
 IPv4Network('10.25.0.0/16'),
 IPv4Network('10.26.0.0/16'),
 IPv4Network('10.27.0.0/16'),
 IPv4Network('10.28.0.0/16'),
 IPv4Network('10.29.0.0/16'),
 IPv4Network('10.30.0.0/16'),
 IPv4Network('10.31.0.0/16'),
 IPv4Network('10.32.0.0/16'),
 IPv4Network('10.33.0.0/16'),
 IPv4Network('10.34.0.0/16'),
 IPv4Network('10.35.0.0/16'),
 IPv4Network('10.36.0.0/16'),
 IPv4Network('10.37.0.0/16'),
 IPv4Network('10.38.0.0/16'),
 IPv4Network('10.39.0.0/16'),
 IPv4Network('10.40.0.0/16'),
 IPv4Network('10.41.0.0/16'),
 IPv4Network('10.42.0.0/16'),
 IPv4Network('10.43.0.0/16'),
 IPv4Network('10.44.0.0/16'),
 IPv4Network('10.45.0.0/16'),
 IPv4Network('10.46.0.0/16'),
 IPv4Network('10.47.0.0/16'),
 IPv4Network('10.48.0.0/16'),
 IPv4Network('10.49.0.0/16'),
 IPv4Network('10.50.0.0/16'),
 IPv4Network('10.51.0.0/16'),
 IPv4Network('10.52.0.0/16'),
 IPv4Network('10.53.0.0/16'),
 IPv4Network('10.54.0.0/16'),
 IPv4Network('10.55.0.0/16'),
 IPv4Network('10.56.0.0/16'),
 IPv4Network('10.57.0.0/16'),
 IPv4Network('10.58.0.0/16'),
 IPv4Network('10.59.0.0/16'),
 IPv4Network('10.60.0.0/16'),
 IPv4Network('10.61.0.0/16'),
 IPv4Network('10.62.0.0/16'),
 IPv4Network('10.63.0.0/16'),
 IPv4Network('10.64.0.0/16'),
 IPv4Network('10.65.0.0/16'),
 IPv4Network('10.66.0.0/16'),
 IPv4Network('10.67.0.0/16'),
 IPv4Network('10.68.0.0/16'),
 IPv4Network('10.69.0.0/16'),
 IPv4Network('10.70.0.0/16'),
 IPv4Network('10.71.0.0/16'),
 IPv4Network('10.72.0.0/16'),
 IPv4Network('10.73.0.0/16'),
 IPv4Network('10.74.0.0/16'),
 IPv4Network('10.75.0.0/16'),
 IPv4Network('10.76.0.0/16'),
 IPv4Network('10.77.0.0/16'),
 IPv4Network('10.78.0.0/16'),
 IPv4Network('10.79.0.0/16'),
 IPv4Network('10.80.0.0/16'),
 IPv4Network('10.81.0.0/16'),
 IPv4Network('10.82.0.0/16'),
 IPv4Network('10.83.0.0/16'),
 IPv4Network('10.84.0.0/16'),
 IPv4Network('10.85.0.0/16'),
 IPv4Network('10.86.0.0/16'),
 IPv4Network('10.87.0.0/16'),
 IPv4Network('10.88.0.0/16'),
 IPv4Network('10.89.0.0/16'),
 IPv4Network('10.90.0.0/16'),
 IPv4Network('10.91.0.0/16'),
 IPv4Network('10.92.0.0/16'),
 IPv4Network('10.93.0.0/16'),
 IPv4Network('10.94.0.0/16'),
 IPv4Network('10.95.0.0/16'),
 IPv4Network('10.96.0.0/16'),
 IPv4Network('10.97.0.0/16'),
 IPv4Network('10.98.0.0/16'),
 IPv4Network('10.99.0.0/16'),
 IPv4Network('10.100.0.0/16'),
 IPv4Network('10.101.0.0/16'),
 IPv4Network('10.102.0.0/16'),
 IPv4Network('10.103.0.0/16'),
 IPv4Network('10.104.0.0/16'),
 IPv4Network('10.105.0.0/16'),
 IPv4Network('10.106.0.0/16'),
 IPv4Network('10.107.0.0/16'),
 IPv4Network('10.108.0.0/16'),
 IPv4Network('10.109.0.0/16'),
 IPv4Network('10.110.0.0/16'),
 IPv4Network('10.111.0.0/16'),
 IPv4Network('10.112.0.0/16'),
 IPv4Network('10.113.0.0/16'),
 IPv4Network('10.114.0.0/16'),
 IPv4Network('10.115.0.0/16'),
 IPv4Network('10.116.0.0/16'),
 IPv4Network('10.117.0.0/16'),
 IPv4Network('10.118.0.0/16'),
 IPv4Network('10.119.0.0/16'),
 IPv4Network('10.120.0.0/16'),
 IPv4Network('10.121.0.0/16'),
 IPv4Network('10.122.0.0/16'),
 IPv4Network('10.123.0.0/16'),
 IPv4Network('10.124.0.0/16'),
 IPv4Network('10.125.0.0/16'),
 IPv4Network('10.126.0.0/16'),
 IPv4Network('10.127.0.0/16'),
 IPv4Network('10.128.0.0/16'),
 IPv4Network('10.129.0.0/16'),
 IPv4Network('10.130.0.0/16'),
 IPv4Network('10.131.0.0/16'),
 IPv4Network('10.132.0.0/16'),
 IPv4Network('10.133.0.0/16'),
 IPv4Network('10.134.0.0/16'),
 IPv4Network('10.135.0.0/16'),
 IPv4Network('10.136.0.0/16'),
 IPv4Network('10.137.0.0/16'),
 IPv4Network('10.138.0.0/16'),
 IPv4Network('10.139.0.0/16'),
 IPv4Network('10.140.0.0/16'),
 IPv4Network('10.141.0.0/16'),
 IPv4Network('10.142.0.0/16'),
 IPv4Network('10.143.0.0/16'),
 IPv4Network('10.144.0.0/16'),
 IPv4Network('10.145.0.0/16'),
 IPv4Network('10.146.0.0/16'),
 IPv4Network('10.147.0.0/16'),
 IPv4Network('10.148.0.0/16'),
 IPv4Network('10.149.0.0/16'),
 IPv4Network('10.150.0.0/16'),
 IPv4Network('10.151.0.0/16'),
 IPv4Network('10.152.0.0/16'),
 IPv4Network('10.153.0.0/16'),
 IPv4Network('10.154.0.0/16'),
 IPv4Network('10.155.0.0/16'),
 IPv4Network('10.156.0.0/16'),
 IPv4Network('10.157.0.0/16'),
 IPv4Network('10.158.0.0/16'),
 IPv4Network('10.159.0.0/16'),
 IPv4Network('10.160.0.0/16'),
 IPv4Network('10.161.0.0/16'),
 IPv4Network('10.162.0.0/16'),
 IPv4Network('10.163.0.0/16'),
 IPv4Network('10.164.0.0/16'),
 IPv4Network('10.165.0.0/16'),
 IPv4Network('10.166.0.0/16'),
 IPv4Network('10.167.0.0/16'),
 IPv4Network('10.168.0.0/16'),
 IPv4Network('10.169.0.0/16'),
 IPv4Network('10.170.0.0/16'),
 IPv4Network('10.171.0.0/16'),
 IPv4Network('10.172.0.0/16'),
 IPv4Network('10.173.0.0/16'),
 IPv4Network('10.174.0.0/16'),
 IPv4Network('10.175.0.0/16'),
 IPv4Network('10.176.0.0/16'),
 IPv4Network('10.177.0.0/16'),
 IPv4Network('10.178.0.0/16'),
 IPv4Network('10.179.0.0/16'),
 IPv4Network('10.180.0.0/16'),
 IPv4Network('10.181.0.0/16'),
 IPv4Network('10.182.0.0/16'),
 IPv4Network('10.183.0.0/16'),
 IPv4Network('10.184.0.0/16'),
 IPv4Network('10.185.0.0/16'),
 IPv4Network('10.186.0.0/16'),
 IPv4Network('10.187.0.0/16'),
 IPv4Network('10.188.0.0/16'),
 IPv4Network('10.189.0.0/16'),
 IPv4Network('10.190.0.0/16'),
 IPv4Network('10.191.0.0/16'),
 IPv4Network('10.192.0.0/16'),
 IPv4Network('10.193.0.0/16'),
 IPv4Network('10.194.0.0/16'),
 IPv4Network('10.195.0.0/16'),
 IPv4Network('10.196.0.0/16'),
 IPv4Network('10.197.0.0/16'),
 IPv4Network('10.198.0.0/16'),
 IPv4Network('10.199.0.0/16'),
 IPv4Network('10.200.0.0/16'),
 IPv4Network('10.201.0.0/16'),
 IPv4Network('10.202.0.0/16'),
 IPv4Network('10.203.0.0/16'),
 IPv4Network('10.204.0.0/16'),
 IPv4Network('10.205.0.0/16'),
 IPv4Network('10.206.0.0/16'),
 IPv4Network('10.207.0.0/16'),
 IPv4Network('10.208.0.0/16'),
 IPv4Network('10.209.0.0/16'),
 IPv4Network('10.210.0.0/16'),
 IPv4Network('10.211.0.0/16'),
 IPv4Network('10.212.0.0/16'),
 IPv4Network('10.213.0.0/16'),
 IPv4Network('10.214.0.0/16'),
 IPv4Network('10.215.0.0/16'),
 IPv4Network('10.216.0.0/16'),
 IPv4Network('10.217.0.0/16'),
 IPv4Network('10.218.0.0/16'),
 IPv4Network('10.219.0.0/16'),
 IPv4Network('10.220.0.0/16'),
 IPv4Network('10.221.0.0/16'),
 IPv4Network('10.222.0.0/16'),
 IPv4Network('10.223.0.0/16'),
 IPv4Network('10.224.0.0/16'),
 IPv4Network('10.225.0.0/16'),
 IPv4Network('10.226.0.0/16'),
 IPv4Network('10.227.0.0/16'),
 IPv4Network('10.228.0.0/16'),
 IPv4Network('10.229.0.0/16'),
 IPv4Network('10.230.0.0/16'),
 IPv4Network('10.231.0.0/16'),
 IPv4Network('10.232.0.0/16'),
 IPv4Network('10.233.0.0/16'),
 IPv4Network('10.234.0.0/16'),
 IPv4Network('10.235.0.0/16'),
 IPv4Network('10.236.0.0/16'),
 IPv4Network('10.237.0.0/16'),
 IPv4Network('10.238.0.0/16'),
 IPv4Network('10.239.0.0/16'),
 IPv4Network('10.240.0.0/16'),
 IPv4Network('10.241.0.0/16'),
 IPv4Network('10.242.0.0/16'),
 IPv4Network('10.243.0.0/16'),
 IPv4Network('10.244.0.0/16'),
 IPv4Network('10.245.0.0/16'),
 IPv4Network('10.246.0.0/16'),
 IPv4Network('10.247.0.0/16'),
 IPv4Network('10.248.0.0/16'),
 IPv4Network('10.249.0.0/16'),
 IPv4Network('10.250.0.0/16'),
 IPv4Network('10.251.0.0/16'),
 IPv4Network('10.252.0.0/16'),
 IPv4Network('10.253.0.0/16'),
 IPv4Network('10.254.0.0/16'),
 IPv4Network('10.255.0.0/16'),
 IPv4Network('149.160.0.0/16'),
 IPv4Network('149.161.0.0/16'),
 IPv4Network('149.162.0.0/16'),
 IPv4Network('149.163.0.0/16')]
[IPv4Network('129.79.0.0/16'),
 IPv4Network('134.68.0.0/16'),
 IPv4Network('140.182.0.0/16'),
 IPv4Network('149.159.0.0/16'),
 IPv4Network('156.56.0.0/16'),
 IPv4Network('172.16.0.0/12'),
 IPv4Network('192.168.0.0/24'),
 IPv6Network('::/128'),
 IPv4Network('10.0.0.0/16'),
 IPv4Network('10.1.0.0/16'),
 IPv4Network('10.2.0.0/16'),
 IPv4Network('10.3.0.0/16'),
 IPv4Network('10.4.0.0/16'),
 IPv4Network('10.5.0.0/16'),
 IPv4Network('10.6.0.0/16'),
 IPv4Network('10.7.0.0/16'),
 IPv4Network('10.8.0.0/16'),
 IPv4Network('10.9.0.0/16'),
 IPv4Network('10.10.0.0/16'),
 IPv4Network('10.11.0.0/16'),
 IPv4Network('10.12.0.0/16'),
 IPv4Network('10.13.0.0/16'),
 IPv4Network('10.14.0.0/16'),
 IPv4Network('10.15.0.0/16'),
 IPv4Network('10.16.0.0/16'),
 IPv4Network('10.17.0.0/16'),
 IPv4Network('10.18.0.0/16'),
 IPv4Network('10.19.0.0/16'),
 IPv4Network('10.20.0.0/16'),
 IPv4Network('10.21.0.0/16'),
 IPv4Network('10.22.0.0/16'),
 IPv4Network('10.23.0.0/16'),
 IPv4Network('10.24.0.0/16'),
 IPv4Network('10.25.0.0/16'),
 IPv4Network('10.26.0.0/16'),
 IPv4Network('10.27.0.0/16'),
 IPv4Network('10.28.0.0/16'),
 IPv4Network('10.29.0.0/16'),
 IPv4Network('10.30.0.0/16'),
 IPv4Network('10.31.0.0/16'),
 IPv4Network('10.32.0.0/16'),
 IPv4Network('10.33.0.0/16'),
 IPv4Network('10.34.0.0/16'),
 IPv4Network('10.35.0.0/16'),
 IPv4Network('10.36.0.0/16'),
 IPv4Network('10.37.0.0/16'),
 IPv4Network('10.38.0.0/16'),
 IPv4Network('10.39.0.0/16'),
 IPv4Network('10.40.0.0/16'),
 IPv4Network('10.41.0.0/16'),
 IPv4Network('10.42.0.0/16'),
 IPv4Network('10.43.0.0/16'),
 IPv4Network('10.44.0.0/16'),
 IPv4Network('10.45.0.0/16'),
 IPv4Network('10.46.0.0/16'),
 IPv4Network('10.47.0.0/16'),
 IPv4Network('10.48.0.0/16'),
 IPv4Network('10.49.0.0/16'),
 IPv4Network('10.50.0.0/16'),
 IPv4Network('10.51.0.0/16'),
 IPv4Network('10.52.0.0/16'),
 IPv4Network('10.53.0.0/16'),
 IPv4Network('10.54.0.0/16'),
 IPv4Network('10.55.0.0/16'),
 IPv4Network('10.56.0.0/16'),
 IPv4Network('10.57.0.0/16'),
 IPv4Network('10.58.0.0/16'),
 IPv4Network('10.59.0.0/16'),
 IPv4Network('10.60.0.0/16'),
 IPv4Network('10.61.0.0/16'),
 IPv4Network('10.62.0.0/16'),
 IPv4Network('10.63.0.0/16'),
 IPv4Network('10.64.0.0/16'),
 IPv4Network('10.65.0.0/16'),
 IPv4Network('10.66.0.0/16'),
 IPv4Network('10.67.0.0/16'),
 IPv4Network('10.68.0.0/16'),
 IPv4Network('10.69.0.0/16'),
 IPv4Network('10.70.0.0/16'),
 IPv4Network('10.71.0.0/16'),
 IPv4Network('10.72.0.0/16'),
 IPv4Network('10.73.0.0/16'),
 IPv4Network('10.74.0.0/16'),
 IPv4Network('10.75.0.0/16'),
 IPv4Network('10.76.0.0/16'),
 IPv4Network('10.77.0.0/16'),
 IPv4Network('10.78.0.0/16'),
 IPv4Network('10.79.0.0/16'),
 IPv4Network('10.80.0.0/16'),
 IPv4Network('10.81.0.0/16'),
 IPv4Network('10.82.0.0/16'),
 IPv4Network('10.83.0.0/16'),
 IPv4Network('10.84.0.0/16'),
 IPv4Network('10.85.0.0/16'),
 IPv4Network('10.86.0.0/16'),
 IPv4Network('10.87.0.0/16'),
 IPv4Network('10.88.0.0/16'),
 IPv4Network('10.89.0.0/16'),
 IPv4Network('10.90.0.0/16'),
 IPv4Network('10.91.0.0/16'),
 IPv4Network('10.92.0.0/16'),
 IPv4Network('10.93.0.0/16'),
 IPv4Network('10.94.0.0/16'),
 IPv4Network('10.95.0.0/16'),
 IPv4Network('10.96.0.0/16'),
 IPv4Network('10.97.0.0/16'),
 IPv4Network('10.98.0.0/16'),
 IPv4Network('10.99.0.0/16'),
 IPv4Network('10.100.0.0/16'),
 IPv4Network('10.101.0.0/16'),
 IPv4Network('10.102.0.0/16'),
 IPv4Network('10.103.0.0/16'),
 IPv4Network('10.104.0.0/16'),
 IPv4Network('10.105.0.0/16'),
 IPv4Network('10.106.0.0/16'),
 IPv4Network('10.107.0.0/16'),
 IPv4Network('10.108.0.0/16'),
 IPv4Network('10.109.0.0/16'),
 IPv4Network('10.110.0.0/16'),
 IPv4Network('10.111.0.0/16'),
 IPv4Network('10.112.0.0/16'),
 IPv4Network('10.113.0.0/16'),
 IPv4Network('10.114.0.0/16'),
 IPv4Network('10.115.0.0/16'),
 IPv4Network('10.116.0.0/16'),
 IPv4Network('10.117.0.0/16'),
 IPv4Network('10.118.0.0/16'),
 IPv4Network('10.119.0.0/16'),
 IPv4Network('10.120.0.0/16'),
 IPv4Network('10.121.0.0/16'),
 IPv4Network('10.122.0.0/16'),
 IPv4Network('10.123.0.0/16'),
 IPv4Network('10.124.0.0/16'),
 IPv4Network('10.125.0.0/16'),
 IPv4Network('10.126.0.0/16'),
 IPv4Network('10.127.0.0/16'),
 IPv4Network('10.128.0.0/16'),
 IPv4Network('10.129.0.0/16'),
 IPv4Network('10.130.0.0/16'),
 IPv4Network('10.131.0.0/16'),
 IPv4Network('10.132.0.0/16'),
 IPv4Network('10.133.0.0/16'),
 IPv4Network('10.134.0.0/16'),
 IPv4Network('10.135.0.0/16'),
 IPv4Network('10.136.0.0/16'),
 IPv4Network('10.137.0.0/16'),
 IPv4Network('10.138.0.0/16'),
 IPv4Network('10.139.0.0/16'),
 IPv4Network('10.140.0.0/16'),
 IPv4Network('10.141.0.0/16'),
 IPv4Network('10.142.0.0/16'),
 IPv4Network('10.143.0.0/16'),
 IPv4Network('10.144.0.0/16'),
 IPv4Network('10.145.0.0/16'),
 IPv4Network('10.146.0.0/16'),
 IPv4Network('10.147.0.0/16'),
 IPv4Network('10.148.0.0/16'),
 IPv4Network('10.149.0.0/16'),
 IPv4Network('10.150.0.0/16'),
 IPv4Network('10.151.0.0/16'),
 IPv4Network('10.152.0.0/16'),
 IPv4Network('10.153.0.0/16'),
 IPv4Network('10.154.0.0/16'),
 IPv4Network('10.155.0.0/16'),
 IPv4Network('10.156.0.0/16'),
 IPv4Network('10.157.0.0/16'),
 IPv4Network('10.158.0.0/16'),
 IPv4Network('10.159.0.0/16'),
 IPv4Network('10.160.0.0/16'),
 IPv4Network('10.161.0.0/16'),
 IPv4Network('10.162.0.0/16'),
 IPv4Network('10.163.0.0/16'),
 IPv4Network('10.164.0.0/16'),
 IPv4Network('10.165.0.0/16'),
 IPv4Network('10.166.0.0/16'),
 IPv4Network('10.167.0.0/16'),
 IPv4Network('10.168.0.0/16'),
 IPv4Network('10.169.0.0/16'),
 IPv4Network('10.170.0.0/16'),
 IPv4Network('10.171.0.0/16'),
 IPv4Network('10.172.0.0/16'),
 IPv4Network('10.173.0.0/16'),
 IPv4Network('10.174.0.0/16'),
 IPv4Network('10.175.0.0/16'),
 IPv4Network('10.176.0.0/16'),
 IPv4Network('10.177.0.0/16'),
 IPv4Network('10.178.0.0/16'),
 IPv4Network('10.179.0.0/16'),
 IPv4Network('10.180.0.0/16'),
 IPv4Network('10.181.0.0/16'),
 IPv4Network('10.182.0.0/16'),
 IPv4Network('10.183.0.0/16'),
 IPv4Network('10.184.0.0/16'),
 IPv4Network('10.185.0.0/16'),
 IPv4Network('10.186.0.0/16'),
 IPv4Network('10.187.0.0/16'),
 IPv4Network('10.188.0.0/16'),
 IPv4Network('10.189.0.0/16'),
 IPv4Network('10.190.0.0/16'),
 IPv4Network('10.191.0.0/16'),
 IPv4Network('10.192.0.0/16'),
 IPv4Network('10.193.0.0/16'),
 IPv4Network('10.194.0.0/16'),
 IPv4Network('10.195.0.0/16'),
 IPv4Network('10.196.0.0/16'),
 IPv4Network('10.197.0.0/16'),
 IPv4Network('10.198.0.0/16'),
 IPv4Network('10.199.0.0/16'),
 IPv4Network('10.200.0.0/16'),
 IPv4Network('10.201.0.0/16'),
 IPv4Network('10.202.0.0/16'),
 IPv4Network('10.203.0.0/16'),
 IPv4Network('10.204.0.0/16'),
 IPv4Network('10.205.0.0/16'),
 IPv4Network('10.206.0.0/16'),
 IPv4Network('10.207.0.0/16'),
 IPv4Network('10.208.0.0/16'),
 IPv4Network('10.209.0.0/16'),
 IPv4Network('10.210.0.0/16'),
 IPv4Network('10.211.0.0/16'),
 IPv4Network('10.212.0.0/16'),
 IPv4Network('10.213.0.0/16'),
 IPv4Network('10.214.0.0/16'),
 IPv4Network('10.215.0.0/16'),
 IPv4Network('10.216.0.0/16'),
 IPv4Network('10.217.0.0/16'),
 IPv4Network('10.218.0.0/16'),
 IPv4Network('10.219.0.0/16'),
 IPv4Network('10.220.0.0/16'),
 IPv4Network('10.221.0.0/16'),
 IPv4Network('10.222.0.0/16'),
 IPv4Network('10.223.0.0/16'),
 IPv4Network('10.224.0.0/16'),
 IPv4Network('10.225.0.0/16'),
 IPv4Network('10.226.0.0/16'),
 IPv4Network('10.227.0.0/16'),
 IPv4Network('10.228.0.0/16'),
 IPv4Network('10.229.0.0/16'),
 IPv4Network('10.230.0.0/16'),
 IPv4Network('10.231.0.0/16'),
 IPv4Network('10.232.0.0/16'),
 IPv4Network('10.233.0.0/16'),
 IPv4Network('10.234.0.0/16'),
 IPv4Network('10.235.0.0/16'),
 IPv4Network('10.236.0.0/16'),
 IPv4Network('10.237.0.0/16'),
 IPv4Network('10.238.0.0/16'),
 IPv4Network('10.239.0.0/16'),
 IPv4Network('10.240.0.0/16'),
 IPv4Network('10.241.0.0/16'),
 IPv4Network('10.242.0.0/16'),
 IPv4Network('10.243.0.0/16'),
 IPv4Network('10.244.0.0/16'),
 IPv4Network('10.245.0.0/16'),
 IPv4Network('10.246.0.0/16'),
 IPv4Network('10.247.0.0/16'),
 IPv4Network('10.248.0.0/16'),
 IPv4Network('10.249.0.0/16'),
 IPv4Network('10.250.0.0/16'),
 IPv4Network('10.251.0.0/16'),
 IPv4Network('10.252.0.0/16'),
 IPv4Network('10.253.0.0/16'),
 IPv4Network('10.254.0.0/16'),
 IPv4Network('10.255.0.0/16'),
 IPv4Network('149.160.0.0/16'),
 IPv4Network('149.161.0.0/16'),
 IPv4Network('149.162.0.0/16'),
 IPv4Network('149.163.0.0/16'),
 IPv4Network('172.16.0.0/16'),
 IPv4Network('172.17.0.0/16')]
[IPv4Network('129.79.0.0/16'),
 IPv4Network('134.68.0.0/16'),
 IPv4Network('140.182.0.0/16'),
 IPv4Network('149.159.0.0/16'),
 IPv4Network('156.56.0.0/16'),
 IPv4Network('172.16.0.0/12'),
 IPv4Network('192.168.0.0/24'),
 IPv6Network('::/128'),
 IPv4Network('10.0.0.0/16'),
 IPv4Network('10.1.0.0/16'),
 IPv4Network('10.2.0.0/16'),
 IPv4Network('10.3.0.0/16'),
 IPv4Network('10.4.0.0/16'),
 IPv4Network('10.5.0.0/16'),
 IPv4Network('10.6.0.0/16'),
 IPv4Network('10.7.0.0/16'),
 IPv4Network('10.8.0.0/16'),
 IPv4Network('10.9.0.0/16'),
 IPv4Network('10.10.0.0/16'),
 IPv4Network('10.11.0.0/16'),
 IPv4Network('10.12.0.0/16'),
 IPv4Network('10.13.0.0/16'),
 IPv4Network('10.14.0.0/16'),
 IPv4Network('10.15.0.0/16'),
 IPv4Network('10.16.0.0/16'),
 IPv4Network('10.17.0.0/16'),
 IPv4Network('10.18.0.0/16'),
 IPv4Network('10.19.0.0/16'),
 IPv4Network('10.20.0.0/16'),
 IPv4Network('10.21.0.0/16'),
 IPv4Network('10.22.0.0/16'),
 IPv4Network('10.23.0.0/16'),
 IPv4Network('10.24.0.0/16'),
 IPv4Network('10.25.0.0/16'),
 IPv4Network('10.26.0.0/16'),
 IPv4Network('10.27.0.0/16'),
 IPv4Network('10.28.0.0/16'),
 IPv4Network('10.29.0.0/16'),
 IPv4Network('10.30.0.0/16'),
 IPv4Network('10.31.0.0/16'),
 IPv4Network('10.32.0.0/16'),
 IPv4Network('10.33.0.0/16'),
 IPv4Network('10.34.0.0/16'),
 IPv4Network('10.35.0.0/16'),
 IPv4Network('10.36.0.0/16'),
 IPv4Network('10.37.0.0/16'),
 IPv4Network('10.38.0.0/16'),
 IPv4Network('10.39.0.0/16'),
 IPv4Network('10.40.0.0/16'),
 IPv4Network('10.41.0.0/16'),
 IPv4Network('10.42.0.0/16'),
 IPv4Network('10.43.0.0/16'),
 IPv4Network('10.44.0.0/16'),
 IPv4Network('10.45.0.0/16'),
 IPv4Network('10.46.0.0/16'),
 IPv4Network('10.47.0.0/16'),
 IPv4Network('10.48.0.0/16'),
 IPv4Network('10.49.0.0/16'),
 IPv4Network('10.50.0.0/16'),
 IPv4Network('10.51.0.0/16'),
 IPv4Network('10.52.0.0/16'),
 IPv4Network('10.53.0.0/16'),
 IPv4Network('10.54.0.0/16'),
 IPv4Network('10.55.0.0/16'),
 IPv4Network('10.56.0.0/16'),
 IPv4Network('10.57.0.0/16'),
 IPv4Network('10.58.0.0/16'),
 IPv4Network('10.59.0.0/16'),
 IPv4Network('10.60.0.0/16'),
 IPv4Network('10.61.0.0/16'),
 IPv4Network('10.62.0.0/16'),
 IPv4Network('10.63.0.0/16'),
 IPv4Network('10.64.0.0/16'),
 IPv4Network('10.65.0.0/16'),
 IPv4Network('10.66.0.0/16'),
 IPv4Network('10.67.0.0/16'),
 IPv4Network('10.68.0.0/16'),
 IPv4Network('10.69.0.0/16'),
 IPv4Network('10.70.0.0/16'),
 IPv4Network('10.71.0.0/16'),
 IPv4Network('10.72.0.0/16'),
 IPv4Network('10.73.0.0/16'),
 IPv4Network('10.74.0.0/16'),
 IPv4Network('10.75.0.0/16'),
 IPv4Network('10.76.0.0/16'),
 IPv4Network('10.77.0.0/16'),
 IPv4Network('10.78.0.0/16'),
 IPv4Network('10.79.0.0/16'),
 IPv4Network('10.80.0.0/16'),
 IPv4Network('10.81.0.0/16'),
 IPv4Network('10.82.0.0/16'),
 IPv4Network('10.83.0.0/16'),
 IPv4Network('10.84.0.0/16'),
 IPv4Network('10.85.0.0/16'),
 IPv4Network('10.86.0.0/16'),
 IPv4Network('10.87.0.0/16'),
 IPv4Network('10.88.0.0/16'),
 IPv4Network('10.89.0.0/16'),
 IPv4Network('10.90.0.0/16'),
 IPv4Network('10.91.0.0/16'),
 IPv4Network('10.92.0.0/16'),
 IPv4Network('10.93.0.0/16'),
 IPv4Network('10.94.0.0/16'),
 IPv4Network('10.95.0.0/16'),
 IPv4Network('10.96.0.0/16'),
 IPv4Network('10.97.0.0/16'),
 IPv4Network('10.98.0.0/16'),
 IPv4Network('10.99.0.0/16'),
 IPv4Network('10.100.0.0/16'),
 IPv4Network('10.101.0.0/16'),
 IPv4Network('10.102.0.0/16'),
 IPv4Network('10.103.0.0/16'),
 IPv4Network('10.104.0.0/16'),
 IPv4Network('10.105.0.0/16'),
 IPv4Network('10.106.0.0/16'),
 IPv4Network('10.107.0.0/16'),
 IPv4Network('10.108.0.0/16'),
 IPv4Network('10.109.0.0/16'),
 IPv4Network('10.110.0.0/16'),
 IPv4Network('10.111.0.0/16'),
 IPv4Network('10.112.0.0/16'),
 IPv4Network('10.113.0.0/16'),
 IPv4Network('10.114.0.0/16'),
 IPv4Network('10.115.0.0/16'),
 IPv4Network('10.116.0.0/16'),
 IPv4Network('10.117.0.0/16'),
 IPv4Network('10.118.0.0/16'),
 IPv4Network('10.119.0.0/16'),
 IPv4Network('10.120.0.0/16'),
 IPv4Network('10.121.0.0/16'),
 IPv4Network('10.122.0.0/16'),
 IPv4Network('10.123.0.0/16'),
 IPv4Network('10.124.0.0/16'),
 IPv4Network('10.125.0.0/16'),
 IPv4Network('10.126.0.0/16'),
 IPv4Network('10.127.0.0/16'),
 IPv4Network('10.128.0.0/16'),
 IPv4Network('10.129.0.0/16'),
 IPv4Network('10.130.0.0/16'),
 IPv4Network('10.131.0.0/16'),
 IPv4Network('10.132.0.0/16'),
 IPv4Network('10.133.0.0/16'),
 IPv4Network('10.134.0.0/16'),
 IPv4Network('10.135.0.0/16'),
 IPv4Network('10.136.0.0/16'),
 IPv4Network('10.137.0.0/16'),
 IPv4Network('10.138.0.0/16'),
 IPv4Network('10.139.0.0/16'),
 IPv4Network('10.140.0.0/16'),
 IPv4Network('10.141.0.0/16'),
 IPv4Network('10.142.0.0/16'),
 IPv4Network('10.143.0.0/16'),
 IPv4Network('10.144.0.0/16'),
 IPv4Network('10.145.0.0/16'),
 IPv4Network('10.146.0.0/16'),
 IPv4Network('10.147.0.0/16'),
 IPv4Network('10.148.0.0/16'),
 IPv4Network('10.149.0.0/16'),
 IPv4Network('10.150.0.0/16'),
 IPv4Network('10.151.0.0/16'),
 IPv4Network('10.152.0.0/16'),
 IPv4Network('10.153.0.0/16'),
 IPv4Network('10.154.0.0/16'),
 IPv4Network('10.155.0.0/16'),
 IPv4Network('10.156.0.0/16'),
 IPv4Network('10.157.0.0/16'),
 IPv4Network('10.158.0.0/16'),
 IPv4Network('10.159.0.0/16'),
 IPv4Network('10.160.0.0/16'),
 IPv4Network('10.161.0.0/16'),
 IPv4Network('10.162.0.0/16'),
 IPv4Network('10.163.0.0/16'),
 IPv4Network('10.164.0.0/16'),
 IPv4Network('10.165.0.0/16'),
 IPv4Network('10.166.0.0/16'),
 IPv4Network('10.167.0.0/16'),
 IPv4Network('10.168.0.0/16'),
 IPv4Network('10.169.0.0/16'),
 IPv4Network('10.170.0.0/16'),
 IPv4Network('10.171.0.0/16'),
 IPv4Network('10.172.0.0/16'),
 IPv4Network('10.173.0.0/16'),
 IPv4Network('10.174.0.0/16'),
 IPv4Network('10.175.0.0/16'),
 IPv4Network('10.176.0.0/16'),
 IPv4Network('10.177.0.0/16'),
 IPv4Network('10.178.0.0/16'),
 IPv4Network('10.179.0.0/16'),
 IPv4Network('10.180.0.0/16'),
 IPv4Network('10.181.0.0/16'),
 IPv4Network('10.182.0.0/16'),
 IPv4Network('10.183.0.0/16'),
 IPv4Network('10.184.0.0/16'),
 IPv4Network('10.185.0.0/16'),
 IPv4Network('10.186.0.0/16'),
 IPv4Network('10.187.0.0/16'),
 IPv4Network('10.188.0.0/16'),
 IPv4Network('10.189.0.0/16'),
 IPv4Network('10.190.0.0/16'),
 IPv4Network('10.191.0.0/16'),
 IPv4Network('10.192.0.0/16'),
 IPv4Network('10.193.0.0/16'),
 IPv4Network('10.194.0.0/16'),
 IPv4Network('10.195.0.0/16'),
 IPv4Network('10.196.0.0/16'),
 IPv4Network('10.197.0.0/16'),
 IPv4Network('10.198.0.0/16'),
 IPv4Network('10.199.0.0/16'),
 IPv4Network('10.200.0.0/16'),
 IPv4Network('10.201.0.0/16'),
 IPv4Network('10.202.0.0/16'),
 IPv4Network('10.203.0.0/16'),
 IPv4Network('10.204.0.0/16'),
 IPv4Network('10.205.0.0/16'),
 IPv4Network('10.206.0.0/16'),
 IPv4Network('10.207.0.0/16'),
 IPv4Network('10.208.0.0/16'),
 IPv4Network('10.209.0.0/16'),
 IPv4Network('10.210.0.0/16'),
 IPv4Network('10.211.0.0/16'),
 IPv4Network('10.212.0.0/16'),
 IPv4Network('10.213.0.0/16'),
 IPv4Network('10.214.0.0/16'),
 IPv4Network('10.215.0.0/16'),
 IPv4Network('10.216.0.0/16'),
 IPv4Network('10.217.0.0/16'),
 IPv4Network('10.218.0.0/16'),
 IPv4Network('10.219.0.0/16'),
 IPv4Network('10.220.0.0/16'),
 IPv4Network('10.221.0.0/16'),
 IPv4Network('10.222.0.0/16'),
 IPv4Network('10.223.0.0/16'),
 IPv4Network('10.224.0.0/16'),
 IPv4Network('10.225.0.0/16'),
 IPv4Network('10.226.0.0/16'),
 IPv4Network('10.227.0.0/16'),
 IPv4Network('10.228.0.0/16'),
 IPv4Network('10.229.0.0/16'),
 IPv4Network('10.230.0.0/16'),
 IPv4Network('10.231.0.0/16'),
 IPv4Network('10.232.0.0/16'),
 IPv4Network('10.233.0.0/16'),
 IPv4Network('10.234.0.0/16'),
 IPv4Network('10.235.0.0/16'),
 IPv4Network('10.236.0.0/16'),
 IPv4Network('10.237.0.0/16'),
 IPv4Network('10.238.0.0/16'),
 IPv4Network('10.239.0.0/16'),
 IPv4Network('10.240.0.0/16'),
 IPv4Network('10.241.0.0/16'),
 IPv4Network('10.242.0.0/16'),
 IPv4Network('10.243.0.0/16'),
 IPv4Network('10.244.0.0/16'),
 IPv4Network('10.245.0.0/16'),
 IPv4Network('10.246.0.0/16'),
 IPv4Network('10.247.0.0/16'),
 IPv4Network('10.248.0.0/16'),
 IPv4Network('10.249.0.0/16'),
 IPv4Network('10.250.0.0/16'),
 IPv4Network('10.251.0.0/16'),
 IPv4Network('10.252.0.0/16'),
 IPv4Network('10.253.0.0/16'),
 IPv4Network('10.254.0.0/16'),
 IPv4Network('10.255.0.0/16'),
 IPv4Network('149.160.0.0/16'),
 IPv4Network('149.161.0.0/16'),
 IPv4Network('149.162.0.0/16'),
 IPv4Network('149.163.0.0/16'),
 IPv4Network('172.16.0.0/16'),
 IPv4Network('172.17.0.0/16'),
 IPv4Network('172.18.0.0/16'),
 IPv4Network('172.19.0.0/16')]
[IPv4Network('129.79.0.0/16'),
 IPv4Network('134.68.0.0/16'),
 IPv4Network('140.182.0.0/16'),
 IPv4Network('149.159.0.0/16'),
 IPv4Network('156.56.0.0/16'),
 IPv4Network('172.16.0.0/12'),
 IPv4Network('192.168.0.0/24'),
 IPv6Network('::/128'),
 IPv4Network('10.0.0.0/16'),
 IPv4Network('10.1.0.0/16'),
 IPv4Network('10.2.0.0/16'),
 IPv4Network('10.3.0.0/16'),
 IPv4Network('10.4.0.0/16'),
 IPv4Network('10.5.0.0/16'),
 IPv4Network('10.6.0.0/16'),
 IPv4Network('10.7.0.0/16'),
 IPv4Network('10.8.0.0/16'),
 IPv4Network('10.9.0.0/16'),
 IPv4Network('10.10.0.0/16'),
 IPv4Network('10.11.0.0/16'),
 IPv4Network('10.12.0.0/16'),
 IPv4Network('10.13.0.0/16'),
 IPv4Network('10.14.0.0/16'),
 IPv4Network('10.15.0.0/16'),
 IPv4Network('10.16.0.0/16'),
 IPv4Network('10.17.0.0/16'),
 IPv4Network('10.18.0.0/16'),
 IPv4Network('10.19.0.0/16'),
 IPv4Network('10.20.0.0/16'),
 IPv4Network('10.21.0.0/16'),
 IPv4Network('10.22.0.0/16'),
 IPv4Network('10.23.0.0/16'),
 IPv4Network('10.24.0.0/16'),
 IPv4Network('10.25.0.0/16'),
 IPv4Network('10.26.0.0/16'),
 IPv4Network('10.27.0.0/16'),
 IPv4Network('10.28.0.0/16'),
 IPv4Network('10.29.0.0/16'),
 IPv4Network('10.30.0.0/16'),
 IPv4Network('10.31.0.0/16'),
 IPv4Network('10.32.0.0/16'),
 IPv4Network('10.33.0.0/16'),
 IPv4Network('10.34.0.0/16'),
 IPv4Network('10.35.0.0/16'),
 IPv4Network('10.36.0.0/16'),
 IPv4Network('10.37.0.0/16'),
 IPv4Network('10.38.0.0/16'),
 IPv4Network('10.39.0.0/16'),
 IPv4Network('10.40.0.0/16'),
 IPv4Network('10.41.0.0/16'),
 IPv4Network('10.42.0.0/16'),
 IPv4Network('10.43.0.0/16'),
 IPv4Network('10.44.0.0/16'),
 IPv4Network('10.45.0.0/16'),
 IPv4Network('10.46.0.0/16'),
 IPv4Network('10.47.0.0/16'),
 IPv4Network('10.48.0.0/16'),
 IPv4Network('10.49.0.0/16'),
 IPv4Network('10.50.0.0/16'),
 IPv4Network('10.51.0.0/16'),
 IPv4Network('10.52.0.0/16'),
 IPv4Network('10.53.0.0/16'),
 IPv4Network('10.54.0.0/16'),
 IPv4Network('10.55.0.0/16'),
 IPv4Network('10.56.0.0/16'),
 IPv4Network('10.57.0.0/16'),
 IPv4Network('10.58.0.0/16'),
 IPv4Network('10.59.0.0/16'),
 IPv4Network('10.60.0.0/16'),
 IPv4Network('10.61.0.0/16'),
 IPv4Network('10.62.0.0/16'),
 IPv4Network('10.63.0.0/16'),
 IPv4Network('10.64.0.0/16'),
 IPv4Network('10.65.0.0/16'),
 IPv4Network('10.66.0.0/16'),
 IPv4Network('10.67.0.0/16'),
 IPv4Network('10.68.0.0/16'),
 IPv4Network('10.69.0.0/16'),
 IPv4Network('10.70.0.0/16'),
 IPv4Network('10.71.0.0/16'),
 IPv4Network('10.72.0.0/16'),
 IPv4Network('10.73.0.0/16'),
 IPv4Network('10.74.0.0/16'),
 IPv4Network('10.75.0.0/16'),
 IPv4Network('10.76.0.0/16'),
 IPv4Network('10.77.0.0/16'),
 IPv4Network('10.78.0.0/16'),
 IPv4Network('10.79.0.0/16'),
 IPv4Network('10.80.0.0/16'),
 IPv4Network('10.81.0.0/16'),
 IPv4Network('10.82.0.0/16'),
 IPv4Network('10.83.0.0/16'),
 IPv4Network('10.84.0.0/16'),
 IPv4Network('10.85.0.0/16'),
 IPv4Network('10.86.0.0/16'),
 IPv4Network('10.87.0.0/16'),
 IPv4Network('10.88.0.0/16'),
 IPv4Network('10.89.0.0/16'),
 IPv4Network('10.90.0.0/16'),
 IPv4Network('10.91.0.0/16'),
 IPv4Network('10.92.0.0/16'),
 IPv4Network('10.93.0.0/16'),
 IPv4Network('10.94.0.0/16'),
 IPv4Network('10.95.0.0/16'),
 IPv4Network('10.96.0.0/16'),
 IPv4Network('10.97.0.0/16'),
 IPv4Network('10.98.0.0/16'),
 IPv4Network('10.99.0.0/16'),
 IPv4Network('10.100.0.0/16'),
 IPv4Network('10.101.0.0/16'),
 IPv4Network('10.102.0.0/16'),
 IPv4Network('10.103.0.0/16'),
 IPv4Network('10.104.0.0/16'),
 IPv4Network('10.105.0.0/16'),
 IPv4Network('10.106.0.0/16'),
 IPv4Network('10.107.0.0/16'),
 IPv4Network('10.108.0.0/16'),
 IPv4Network('10.109.0.0/16'),
 IPv4Network('10.110.0.0/16'),
 IPv4Network('10.111.0.0/16'),
 IPv4Network('10.112.0.0/16'),
 IPv4Network('10.113.0.0/16'),
 IPv4Network('10.114.0.0/16'),
 IPv4Network('10.115.0.0/16'),
 IPv4Network('10.116.0.0/16'),
 IPv4Network('10.117.0.0/16'),
 IPv4Network('10.118.0.0/16'),
 IPv4Network('10.119.0.0/16'),
 IPv4Network('10.120.0.0/16'),
 IPv4Network('10.121.0.0/16'),
 IPv4Network('10.122.0.0/16'),
 IPv4Network('10.123.0.0/16'),
 IPv4Network('10.124.0.0/16'),
 IPv4Network('10.125.0.0/16'),
 IPv4Network('10.126.0.0/16'),
 IPv4Network('10.127.0.0/16'),
 IPv4Network('10.128.0.0/16'),
 IPv4Network('10.129.0.0/16'),
 IPv4Network('10.130.0.0/16'),
 IPv4Network('10.131.0.0/16'),
 IPv4Network('10.132.0.0/16'),
 IPv4Network('10.133.0.0/16'),
 IPv4Network('10.134.0.0/16'),
 IPv4Network('10.135.0.0/16'),
 IPv4Network('10.136.0.0/16'),
 IPv4Network('10.137.0.0/16'),
 IPv4Network('10.138.0.0/16'),
 IPv4Network('10.139.0.0/16'),
 IPv4Network('10.140.0.0/16'),
 IPv4Network('10.141.0.0/16'),
 IPv4Network('10.142.0.0/16'),
 IPv4Network('10.143.0.0/16'),
 IPv4Network('10.144.0.0/16'),
 IPv4Network('10.145.0.0/16'),
 IPv4Network('10.146.0.0/16'),
 IPv4Network('10.147.0.0/16'),
 IPv4Network('10.148.0.0/16'),
 IPv4Network('10.149.0.0/16'),
 IPv4Network('10.150.0.0/16'),
 IPv4Network('10.151.0.0/16'),
 IPv4Network('10.152.0.0/16'),
 IPv4Network('10.153.0.0/16'),
 IPv4Network('10.154.0.0/16'),
 IPv4Network('10.155.0.0/16'),
 IPv4Network('10.156.0.0/16'),
 IPv4Network('10.157.0.0/16'),
 IPv4Network('10.158.0.0/16'),
 IPv4Network('10.159.0.0/16'),
 IPv4Network('10.160.0.0/16'),
 IPv4Network('10.161.0.0/16'),
 IPv4Network('10.162.0.0/16'),
 IPv4Network('10.163.0.0/16'),
 IPv4Network('10.164.0.0/16'),
 IPv4Network('10.165.0.0/16'),
 IPv4Network('10.166.0.0/16'),
 IPv4Network('10.167.0.0/16'),
 IPv4Network('10.168.0.0/16'),
 IPv4Network('10.169.0.0/16'),
 IPv4Network('10.170.0.0/16'),
 IPv4Network('10.171.0.0/16'),
 IPv4Network('10.172.0.0/16'),
 IPv4Network('10.173.0.0/16'),
 IPv4Network('10.174.0.0/16'),
 IPv4Network('10.175.0.0/16'),
 IPv4Network('10.176.0.0/16'),
 IPv4Network('10.177.0.0/16'),
 IPv4Network('10.178.0.0/16'),
 IPv4Network('10.179.0.0/16'),
 IPv4Network('10.180.0.0/16'),
 IPv4Network('10.181.0.0/16'),
 IPv4Network('10.182.0.0/16'),
 IPv4Network('10.183.0.0/16'),
 IPv4Network('10.184.0.0/16'),
 IPv4Network('10.185.0.0/16'),
 IPv4Network('10.186.0.0/16'),
 IPv4Network('10.187.0.0/16'),
 IPv4Network('10.188.0.0/16'),
 IPv4Network('10.189.0.0/16'),
 IPv4Network('10.190.0.0/16'),
 IPv4Network('10.191.0.0/16'),
 IPv4Network('10.192.0.0/16'),
 IPv4Network('10.193.0.0/16'),
 IPv4Network('10.194.0.0/16'),
 IPv4Network('10.195.0.0/16'),
 IPv4Network('10.196.0.0/16'),
 IPv4Network('10.197.0.0/16'),
 IPv4Network('10.198.0.0/16'),
 IPv4Network('10.199.0.0/16'),
 IPv4Network('10.200.0.0/16'),
 IPv4Network('10.201.0.0/16'),
 IPv4Network('10.202.0.0/16'),
 IPv4Network('10.203.0.0/16'),
 IPv4Network('10.204.0.0/16'),
 IPv4Network('10.205.0.0/16'),
 IPv4Network('10.206.0.0/16'),
 IPv4Network('10.207.0.0/16'),
 IPv4Network('10.208.0.0/16'),
 IPv4Network('10.209.0.0/16'),
 IPv4Network('10.210.0.0/16'),
 IPv4Network('10.211.0.0/16'),
 IPv4Network('10.212.0.0/16'),
 IPv4Network('10.213.0.0/16'),
 IPv4Network('10.214.0.0/16'),
 IPv4Network('10.215.0.0/16'),
 IPv4Network('10.216.0.0/16'),
 IPv4Network('10.217.0.0/16'),
 IPv4Network('10.218.0.0/16'),
 IPv4Network('10.219.0.0/16'),
 IPv4Network('10.220.0.0/16'),
 IPv4Network('10.221.0.0/16'),
 IPv4Network('10.222.0.0/16'),
 IPv4Network('10.223.0.0/16'),
 IPv4Network('10.224.0.0/16'),
 IPv4Network('10.225.0.0/16'),
 IPv4Network('10.226.0.0/16'),
 IPv4Network('10.227.0.0/16'),
 IPv4Network('10.228.0.0/16'),
 IPv4Network('10.229.0.0/16'),
 IPv4Network('10.230.0.0/16'),
 IPv4Network('10.231.0.0/16'),
 IPv4Network('10.232.0.0/16'),
 IPv4Network('10.233.0.0/16'),
 IPv4Network('10.234.0.0/16'),
 IPv4Network('10.235.0.0/16'),
 IPv4Network('10.236.0.0/16'),
 IPv4Network('10.237.0.0/16'),
 IPv4Network('10.238.0.0/16'),
 IPv4Network('10.239.0.0/16'),
 IPv4Network('10.240.0.0/16'),
 IPv4Network('10.241.0.0/16'),
 IPv4Network('10.242.0.0/16'),
 IPv4Network('10.243.0.0/16'),
 IPv4Network('10.244.0.0/16'),
 IPv4Network('10.245.0.0/16'),
 IPv4Network('10.246.0.0/16'),
 IPv4Network('10.247.0.0/16'),
 IPv4Network('10.248.0.0/16'),
 IPv4Network('10.249.0.0/16'),
 IPv4Network('10.250.0.0/16'),
 IPv4Network('10.251.0.0/16'),
 IPv4Network('10.252.0.0/16'),
 IPv4Network('10.253.0.0/16'),
 IPv4Network('10.254.0.0/16'),
 IPv4Network('10.255.0.0/16'),
 IPv4Network('149.160.0.0/16'),
 IPv4Network('149.161.0.0/16'),
 IPv4Network('149.162.0.0/16'),
 IPv4Network('149.163.0.0/16'),
 IPv4Network('172.16.0.0/16'),
 IPv4Network('172.17.0.0/16'),
 IPv4Network('172.18.0.0/16'),
 IPv4Network('172.19.0.0/16')]
[IPv4Network('129.79.0.0/16'),
 IPv4Network('134.68.0.0/16'),
 IPv4Network('140.182.0.0/16'),
 IPv4Network('149.159.0.0/16'),
 IPv4Network('156.56.0.0/16'),
 IPv4Network('172.16.0.0/12'),
 IPv4Network('192.168.0.0/24'),
 IPv6Network('::/128'),
 IPv4Network('10.0.0.0/16'),
 IPv4Network('10.1.0.0/16'),
 IPv4Network('10.2.0.0/16'),
 IPv4Network('10.3.0.0/16'),
 IPv4Network('10.4.0.0/16'),
 IPv4Network('10.5.0.0/16'),
 IPv4Network('10.6.0.0/16'),
 IPv4Network('10.7.0.0/16'),
 IPv4Network('10.8.0.0/16'),
 IPv4Network('10.9.0.0/16'),
 IPv4Network('10.10.0.0/16'),
 IPv4Network('10.11.0.0/16'),
 IPv4Network('10.12.0.0/16'),
 IPv4Network('10.13.0.0/16'),
 IPv4Network('10.14.0.0/16'),
 IPv4Network('10.15.0.0/16'),
 IPv4Network('10.16.0.0/16'),
 IPv4Network('10.17.0.0/16'),
 IPv4Network('10.18.0.0/16'),
 IPv4Network('10.19.0.0/16'),
 IPv4Network('10.20.0.0/16'),
 IPv4Network('10.21.0.0/16'),
 IPv4Network('10.22.0.0/16'),
 IPv4Network('10.23.0.0/16'),
 IPv4Network('10.24.0.0/16'),
 IPv4Network('10.25.0.0/16'),
 IPv4Network('10.26.0.0/16'),
 IPv4Network('10.27.0.0/16'),
 IPv4Network('10.28.0.0/16'),
 IPv4Network('10.29.0.0/16'),
 IPv4Network('10.30.0.0/16'),
 IPv4Network('10.31.0.0/16'),
 IPv4Network('10.32.0.0/16'),
 IPv4Network('10.33.0.0/16'),
 IPv4Network('10.34.0.0/16'),
 IPv4Network('10.35.0.0/16'),
 IPv4Network('10.36.0.0/16'),
 IPv4Network('10.37.0.0/16'),
 IPv4Network('10.38.0.0/16'),
 IPv4Network('10.39.0.0/16'),
 IPv4Network('10.40.0.0/16'),
 IPv4Network('10.41.0.0/16'),
 IPv4Network('10.42.0.0/16'),
 IPv4Network('10.43.0.0/16'),
 IPv4Network('10.44.0.0/16'),
 IPv4Network('10.45.0.0/16'),
 IPv4Network('10.46.0.0/16'),
 IPv4Network('10.47.0.0/16'),
 IPv4Network('10.48.0.0/16'),
 IPv4Network('10.49.0.0/16'),
 IPv4Network('10.50.0.0/16'),
 IPv4Network('10.51.0.0/16'),
 IPv4Network('10.52.0.0/16'),
 IPv4Network('10.53.0.0/16'),
 IPv4Network('10.54.0.0/16'),
 IPv4Network('10.55.0.0/16'),
 IPv4Network('10.56.0.0/16'),
 IPv4Network('10.57.0.0/16'),
 IPv4Network('10.58.0.0/16'),
 IPv4Network('10.59.0.0/16'),
 IPv4Network('10.60.0.0/16'),
 IPv4Network('10.61.0.0/16'),
 IPv4Network('10.62.0.0/16'),
 IPv4Network('10.63.0.0/16'),
 IPv4Network('10.64.0.0/16'),
 IPv4Network('10.65.0.0/16'),
 IPv4Network('10.66.0.0/16'),
 IPv4Network('10.67.0.0/16'),
 IPv4Network('10.68.0.0/16'),
 IPv4Network('10.69.0.0/16'),
 IPv4Network('10.70.0.0/16'),
 IPv4Network('10.71.0.0/16'),
 IPv4Network('10.72.0.0/16'),
 IPv4Network('10.73.0.0/16'),
 IPv4Network('10.74.0.0/16'),
 IPv4Network('10.75.0.0/16'),
 IPv4Network('10.76.0.0/16'),
 IPv4Network('10.77.0.0/16'),
 IPv4Network('10.78.0.0/16'),
 IPv4Network('10.79.0.0/16'),
 IPv4Network('10.80.0.0/16'),
 IPv4Network('10.81.0.0/16'),
 IPv4Network('10.82.0.0/16'),
 IPv4Network('10.83.0.0/16'),
 IPv4Network('10.84.0.0/16'),
 IPv4Network('10.85.0.0/16'),
 IPv4Network('10.86.0.0/16'),
 IPv4Network('10.87.0.0/16'),
 IPv4Network('10.88.0.0/16'),
 IPv4Network('10.89.0.0/16'),
 IPv4Network('10.90.0.0/16'),
 IPv4Network('10.91.0.0/16'),
 IPv4Network('10.92.0.0/16'),
 IPv4Network('10.93.0.0/16'),
 IPv4Network('10.94.0.0/16'),
 IPv4Network('10.95.0.0/16'),
 IPv4Network('10.96.0.0/16'),
 IPv4Network('10.97.0.0/16'),
 IPv4Network('10.98.0.0/16'),
 IPv4Network('10.99.0.0/16'),
 IPv4Network('10.100.0.0/16'),
 IPv4Network('10.101.0.0/16'),
 IPv4Network('10.102.0.0/16'),
 IPv4Network('10.103.0.0/16'),
 IPv4Network('10.104.0.0/16'),
 IPv4Network('10.105.0.0/16'),
 IPv4Network('10.106.0.0/16'),
 IPv4Network('10.107.0.0/16'),
 IPv4Network('10.108.0.0/16'),
 IPv4Network('10.109.0.0/16'),
 IPv4Network('10.110.0.0/16'),
 IPv4Network('10.111.0.0/16'),
 IPv4Network('10.112.0.0/16'),
 IPv4Network('10.113.0.0/16'),
 IPv4Network('10.114.0.0/16'),
 IPv4Network('10.115.0.0/16'),
 IPv4Network('10.116.0.0/16'),
 IPv4Network('10.117.0.0/16'),
 IPv4Network('10.118.0.0/16'),
 IPv4Network('10.119.0.0/16'),
 IPv4Network('10.120.0.0/16'),
 IPv4Network('10.121.0.0/16'),
 IPv4Network('10.122.0.0/16'),
 IPv4Network('10.123.0.0/16'),
 IPv4Network('10.124.0.0/16'),
 IPv4Network('10.125.0.0/16'),
 IPv4Network('10.126.0.0/16'),
 IPv4Network('10.127.0.0/16'),
 IPv4Network('10.128.0.0/16'),
 IPv4Network('10.129.0.0/16'),
 IPv4Network('10.130.0.0/16'),
 IPv4Network('10.131.0.0/16'),
 IPv4Network('10.132.0.0/16'),
 IPv4Network('10.133.0.0/16'),
 IPv4Network('10.134.0.0/16'),
 IPv4Network('10.135.0.0/16'),
 IPv4Network('10.136.0.0/16'),
 IPv4Network('10.137.0.0/16'),
 IPv4Network('10.138.0.0/16'),
 IPv4Network('10.139.0.0/16'),
 IPv4Network('10.140.0.0/16'),
 IPv4Network('10.141.0.0/16'),
 IPv4Network('10.142.0.0/16'),
 IPv4Network('10.143.0.0/16'),
 IPv4Network('10.144.0.0/16'),
 IPv4Network('10.145.0.0/16'),
 IPv4Network('10.146.0.0/16'),
 IPv4Network('10.147.0.0/16'),
 IPv4Network('10.148.0.0/16'),
 IPv4Network('10.149.0.0/16'),
 IPv4Network('10.150.0.0/16'),
 IPv4Network('10.151.0.0/16'),
 IPv4Network('10.152.0.0/16'),
 IPv4Network('10.153.0.0/16'),
 IPv4Network('10.154.0.0/16'),
 IPv4Network('10.155.0.0/16'),
 IPv4Network('10.156.0.0/16'),
 IPv4Network('10.157.0.0/16'),
 IPv4Network('10.158.0.0/16'),
 IPv4Network('10.159.0.0/16'),
 IPv4Network('10.160.0.0/16'),
 IPv4Network('10.161.0.0/16'),
 IPv4Network('10.162.0.0/16'),
 IPv4Network('10.163.0.0/16'),
 IPv4Network('10.164.0.0/16'),
 IPv4Network('10.165.0.0/16'),
 IPv4Network('10.166.0.0/16'),
 IPv4Network('10.167.0.0/16'),
 IPv4Network('10.168.0.0/16'),
 IPv4Network('10.169.0.0/16'),
 IPv4Network('10.170.0.0/16'),
 IPv4Network('10.171.0.0/16'),
 IPv4Network('10.172.0.0/16'),
 IPv4Network('10.173.0.0/16'),
 IPv4Network('10.174.0.0/16'),
 IPv4Network('10.175.0.0/16'),
 IPv4Network('10.176.0.0/16'),
 IPv4Network('10.177.0.0/16'),
 IPv4Network('10.178.0.0/16'),
 IPv4Network('10.179.0.0/16'),
 IPv4Network('10.180.0.0/16'),
 IPv4Network('10.181.0.0/16'),
 IPv4Network('10.182.0.0/16'),
 IPv4Network('10.183.0.0/16'),
 IPv4Network('10.184.0.0/16'),
 IPv4Network('10.185.0.0/16'),
 IPv4Network('10.186.0.0/16'),
 IPv4Network('10.187.0.0/16'),
 IPv4Network('10.188.0.0/16'),
 IPv4Network('10.189.0.0/16'),
 IPv4Network('10.190.0.0/16'),
 IPv4Network('10.191.0.0/16'),
 IPv4Network('10.192.0.0/16'),
 IPv4Network('10.193.0.0/16'),
 IPv4Network('10.194.0.0/16'),
 IPv4Network('10.195.0.0/16'),
 IPv4Network('10.196.0.0/16'),
 IPv4Network('10.197.0.0/16'),
 IPv4Network('10.198.0.0/16'),
 IPv4Network('10.199.0.0/16'),
 IPv4Network('10.200.0.0/16'),
 IPv4Network('10.201.0.0/16'),
 IPv4Network('10.202.0.0/16'),
 IPv4Network('10.203.0.0/16'),
 IPv4Network('10.204.0.0/16'),
 IPv4Network('10.205.0.0/16'),
 IPv4Network('10.206.0.0/16'),
 IPv4Network('10.207.0.0/16'),
 IPv4Network('10.208.0.0/16'),
 IPv4Network('10.209.0.0/16'),
 IPv4Network('10.210.0.0/16'),
 IPv4Network('10.211.0.0/16'),
 IPv4Network('10.212.0.0/16'),
 IPv4Network('10.213.0.0/16'),
 IPv4Network('10.214.0.0/16'),
 IPv4Network('10.215.0.0/16'),
 IPv4Network('10.216.0.0/16'),
 IPv4Network('10.217.0.0/16'),
 IPv4Network('10.218.0.0/16'),
 IPv4Network('10.219.0.0/16'),
 IPv4Network('10.220.0.0/16'),
 IPv4Network('10.221.0.0/16'),
 IPv4Network('10.222.0.0/16'),
 IPv4Network('10.223.0.0/16'),
 IPv4Network('10.224.0.0/16'),
 IPv4Network('10.225.0.0/16'),
 IPv4Network('10.226.0.0/16'),
 IPv4Network('10.227.0.0/16'),
 IPv4Network('10.228.0.0/16'),
 IPv4Network('10.229.0.0/16'),
 IPv4Network('10.230.0.0/16'),
 IPv4Network('10.231.0.0/16'),
 IPv4Network('10.232.0.0/16'),
 IPv4Network('10.233.0.0/16'),
 IPv4Network('10.234.0.0/16'),
 IPv4Network('10.235.0.0/16'),
 IPv4Network('10.236.0.0/16'),
 IPv4Network('10.237.0.0/16'),
 IPv4Network('10.238.0.0/16'),
 IPv4Network('10.239.0.0/16'),
 IPv4Network('10.240.0.0/16'),
 IPv4Network('10.241.0.0/16'),
 IPv4Network('10.242.0.0/16'),
 IPv4Network('10.243.0.0/16'),
 IPv4Network('10.244.0.0/16'),
 IPv4Network('10.245.0.0/16'),
 IPv4Network('10.246.0.0/16'),
 IPv4Network('10.247.0.0/16'),
 IPv4Network('10.248.0.0/16'),
 IPv4Network('10.249.0.0/16'),
 IPv4Network('10.250.0.0/16'),
 IPv4Network('10.251.0.0/16'),
 IPv4Network('10.252.0.0/16'),
 IPv4Network('10.253.0.0/16'),
 IPv4Network('10.254.0.0/16'),
 IPv4Network('10.255.0.0/16'),
 IPv4Network('149.160.0.0/16'),
 IPv4Network('149.161.0.0/16'),
 IPv4Network('149.162.0.0/16'),
 IPv4Network('149.163.0.0/16'),
 IPv4Network('172.16.0.0/16'),
 IPv4Network('172.17.0.0/16'),
 IPv4Network('172.18.0.0/16'),
 IPv4Network('172.19.0.0/16'),
 IPv4Network('172.20.0.0/16'),
 IPv4Network('172.21.0.0/16')]
[IPv4Network('129.79.0.0/16'),
 IPv4Network('134.68.0.0/16'),
 IPv4Network('140.182.0.0/16'),
 IPv4Network('149.159.0.0/16'),
 IPv4Network('156.56.0.0/16'),
 IPv4Network('172.16.0.0/12'),
 IPv4Network('192.168.0.0/24'),
 IPv6Network('::/128'),
 IPv4Network('10.0.0.0/16'),
 IPv4Network('10.1.0.0/16'),
 IPv4Network('10.2.0.0/16'),
 IPv4Network('10.3.0.0/16'),
 IPv4Network('10.4.0.0/16'),
 IPv4Network('10.5.0.0/16'),
 IPv4Network('10.6.0.0/16'),
 IPv4Network('10.7.0.0/16'),
 IPv4Network('10.8.0.0/16'),
 IPv4Network('10.9.0.0/16'),
 IPv4Network('10.10.0.0/16'),
 IPv4Network('10.11.0.0/16'),
 IPv4Network('10.12.0.0/16'),
 IPv4Network('10.13.0.0/16'),
 IPv4Network('10.14.0.0/16'),
 IPv4Network('10.15.0.0/16'),
 IPv4Network('10.16.0.0/16'),
 IPv4Network('10.17.0.0/16'),
 IPv4Network('10.18.0.0/16'),
 IPv4Network('10.19.0.0/16'),
 IPv4Network('10.20.0.0/16'),
 IPv4Network('10.21.0.0/16'),
 IPv4Network('10.22.0.0/16'),
 IPv4Network('10.23.0.0/16'),
 IPv4Network('10.24.0.0/16'),
 IPv4Network('10.25.0.0/16'),
 IPv4Network('10.26.0.0/16'),
 IPv4Network('10.27.0.0/16'),
 IPv4Network('10.28.0.0/16'),
 IPv4Network('10.29.0.0/16'),
 IPv4Network('10.30.0.0/16'),
 IPv4Network('10.31.0.0/16'),
 IPv4Network('10.32.0.0/16'),
 IPv4Network('10.33.0.0/16'),
 IPv4Network('10.34.0.0/16'),
 IPv4Network('10.35.0.0/16'),
 IPv4Network('10.36.0.0/16'),
 IPv4Network('10.37.0.0/16'),
 IPv4Network('10.38.0.0/16'),
 IPv4Network('10.39.0.0/16'),
 IPv4Network('10.40.0.0/16'),
 IPv4Network('10.41.0.0/16'),
 IPv4Network('10.42.0.0/16'),
 IPv4Network('10.43.0.0/16'),
 IPv4Network('10.44.0.0/16'),
 IPv4Network('10.45.0.0/16'),
 IPv4Network('10.46.0.0/16'),
 IPv4Network('10.47.0.0/16'),
 IPv4Network('10.48.0.0/16'),
 IPv4Network('10.49.0.0/16'),
 IPv4Network('10.50.0.0/16'),
 IPv4Network('10.51.0.0/16'),
 IPv4Network('10.52.0.0/16'),
 IPv4Network('10.53.0.0/16'),
 IPv4Network('10.54.0.0/16'),
 IPv4Network('10.55.0.0/16'),
 IPv4Network('10.56.0.0/16'),
 IPv4Network('10.57.0.0/16'),
 IPv4Network('10.58.0.0/16'),
 IPv4Network('10.59.0.0/16'),
 IPv4Network('10.60.0.0/16'),
 IPv4Network('10.61.0.0/16'),
 IPv4Network('10.62.0.0/16'),
 IPv4Network('10.63.0.0/16'),
 IPv4Network('10.64.0.0/16'),
 IPv4Network('10.65.0.0/16'),
 IPv4Network('10.66.0.0/16'),
 IPv4Network('10.67.0.0/16'),
 IPv4Network('10.68.0.0/16'),
 IPv4Network('10.69.0.0/16'),
 IPv4Network('10.70.0.0/16'),
 IPv4Network('10.71.0.0/16'),
 IPv4Network('10.72.0.0/16'),
 IPv4Network('10.73.0.0/16'),
 IPv4Network('10.74.0.0/16'),
 IPv4Network('10.75.0.0/16'),
 IPv4Network('10.76.0.0/16'),
 IPv4Network('10.77.0.0/16'),
 IPv4Network('10.78.0.0/16'),
 IPv4Network('10.79.0.0/16'),
 IPv4Network('10.80.0.0/16'),
 IPv4Network('10.81.0.0/16'),
 IPv4Network('10.82.0.0/16'),
 IPv4Network('10.83.0.0/16'),
 IPv4Network('10.84.0.0/16'),
 IPv4Network('10.85.0.0/16'),
 IPv4Network('10.86.0.0/16'),
 IPv4Network('10.87.0.0/16'),
 IPv4Network('10.88.0.0/16'),
 IPv4Network('10.89.0.0/16'),
 IPv4Network('10.90.0.0/16'),
 IPv4Network('10.91.0.0/16'),
 IPv4Network('10.92.0.0/16'),
 IPv4Network('10.93.0.0/16'),
 IPv4Network('10.94.0.0/16'),
 IPv4Network('10.95.0.0/16'),
 IPv4Network('10.96.0.0/16'),
 IPv4Network('10.97.0.0/16'),
 IPv4Network('10.98.0.0/16'),
 IPv4Network('10.99.0.0/16'),
 IPv4Network('10.100.0.0/16'),
 IPv4Network('10.101.0.0/16'),
 IPv4Network('10.102.0.0/16'),
 IPv4Network('10.103.0.0/16'),
 IPv4Network('10.104.0.0/16'),
 IPv4Network('10.105.0.0/16'),
 IPv4Network('10.106.0.0/16'),
 IPv4Network('10.107.0.0/16'),
 IPv4Network('10.108.0.0/16'),
 IPv4Network('10.109.0.0/16'),
 IPv4Network('10.110.0.0/16'),
 IPv4Network('10.111.0.0/16'),
 IPv4Network('10.112.0.0/16'),
 IPv4Network('10.113.0.0/16'),
 IPv4Network('10.114.0.0/16'),
 IPv4Network('10.115.0.0/16'),
 IPv4Network('10.116.0.0/16'),
 IPv4Network('10.117.0.0/16'),
 IPv4Network('10.118.0.0/16'),
 IPv4Network('10.119.0.0/16'),
 IPv4Network('10.120.0.0/16'),
 IPv4Network('10.121.0.0/16'),
 IPv4Network('10.122.0.0/16'),
 IPv4Network('10.123.0.0/16'),
 IPv4Network('10.124.0.0/16'),
 IPv4Network('10.125.0.0/16'),
 IPv4Network('10.126.0.0/16'),
 IPv4Network('10.127.0.0/16'),
 IPv4Network('10.128.0.0/16'),
 IPv4Network('10.129.0.0/16'),
 IPv4Network('10.130.0.0/16'),
 IPv4Network('10.131.0.0/16'),
 IPv4Network('10.132.0.0/16'),
 IPv4Network('10.133.0.0/16'),
 IPv4Network('10.134.0.0/16'),
 IPv4Network('10.135.0.0/16'),
 IPv4Network('10.136.0.0/16'),
 IPv4Network('10.137.0.0/16'),
 IPv4Network('10.138.0.0/16'),
 IPv4Network('10.139.0.0/16'),
 IPv4Network('10.140.0.0/16'),
 IPv4Network('10.141.0.0/16'),
 IPv4Network('10.142.0.0/16'),
 IPv4Network('10.143.0.0/16'),
 IPv4Network('10.144.0.0/16'),
 IPv4Network('10.145.0.0/16'),
 IPv4Network('10.146.0.0/16'),
 IPv4Network('10.147.0.0/16'),
 IPv4Network('10.148.0.0/16'),
 IPv4Network('10.149.0.0/16'),
 IPv4Network('10.150.0.0/16'),
 IPv4Network('10.151.0.0/16'),
 IPv4Network('10.152.0.0/16'),
 IPv4Network('10.153.0.0/16'),
 IPv4Network('10.154.0.0/16'),
 IPv4Network('10.155.0.0/16'),
 IPv4Network('10.156.0.0/16'),
 IPv4Network('10.157.0.0/16'),
 IPv4Network('10.158.0.0/16'),
 IPv4Network('10.159.0.0/16'),
 IPv4Network('10.160.0.0/16'),
 IPv4Network('10.161.0.0/16'),
 IPv4Network('10.162.0.0/16'),
 IPv4Network('10.163.0.0/16'),
 IPv4Network('10.164.0.0/16'),
 IPv4Network('10.165.0.0/16'),
 IPv4Network('10.166.0.0/16'),
 IPv4Network('10.167.0.0/16'),
 IPv4Network('10.168.0.0/16'),
 IPv4Network('10.169.0.0/16'),
 IPv4Network('10.170.0.0/16'),
 IPv4Network('10.171.0.0/16'),
 IPv4Network('10.172.0.0/16'),
 IPv4Network('10.173.0.0/16'),
 IPv4Network('10.174.0.0/16'),
 IPv4Network('10.175.0.0/16'),
 IPv4Network('10.176.0.0/16'),
 IPv4Network('10.177.0.0/16'),
 IPv4Network('10.178.0.0/16'),
 IPv4Network('10.179.0.0/16'),
 IPv4Network('10.180.0.0/16'),
 IPv4Network('10.181.0.0/16'),
 IPv4Network('10.182.0.0/16'),
 IPv4Network('10.183.0.0/16'),
 IPv4Network('10.184.0.0/16'),
 IPv4Network('10.185.0.0/16'),
 IPv4Network('10.186.0.0/16'),
 IPv4Network('10.187.0.0/16'),
 IPv4Network('10.188.0.0/16'),
 IPv4Network('10.189.0.0/16'),
 IPv4Network('10.190.0.0/16'),
 IPv4Network('10.191.0.0/16'),
 IPv4Network('10.192.0.0/16'),
 IPv4Network('10.193.0.0/16'),
 IPv4Network('10.194.0.0/16'),
 IPv4Network('10.195.0.0/16'),
 IPv4Network('10.196.0.0/16'),
 IPv4Network('10.197.0.0/16'),
 IPv4Network('10.198.0.0/16'),
 IPv4Network('10.199.0.0/16'),
 IPv4Network('10.200.0.0/16'),
 IPv4Network('10.201.0.0/16'),
 IPv4Network('10.202.0.0/16'),
 IPv4Network('10.203.0.0/16'),
 IPv4Network('10.204.0.0/16'),
 IPv4Network('10.205.0.0/16'),
 IPv4Network('10.206.0.0/16'),
 IPv4Network('10.207.0.0/16'),
 IPv4Network('10.208.0.0/16'),
 IPv4Network('10.209.0.0/16'),
 IPv4Network('10.210.0.0/16'),
 IPv4Network('10.211.0.0/16'),
 IPv4Network('10.212.0.0/16'),
 IPv4Network('10.213.0.0/16'),
 IPv4Network('10.214.0.0/16'),
 IPv4Network('10.215.0.0/16'),
 IPv4Network('10.216.0.0/16'),
 IPv4Network('10.217.0.0/16'),
 IPv4Network('10.218.0.0/16'),
 IPv4Network('10.219.0.0/16'),
 IPv4Network('10.220.0.0/16'),
 IPv4Network('10.221.0.0/16'),
 IPv4Network('10.222.0.0/16'),
 IPv4Network('10.223.0.0/16'),
 IPv4Network('10.224.0.0/16'),
 IPv4Network('10.225.0.0/16'),
 IPv4Network('10.226.0.0/16'),
 IPv4Network('10.227.0.0/16'),
 IPv4Network('10.228.0.0/16'),
 IPv4Network('10.229.0.0/16'),
 IPv4Network('10.230.0.0/16'),
 IPv4Network('10.231.0.0/16'),
 IPv4Network('10.232.0.0/16'),
 IPv4Network('10.233.0.0/16'),
 IPv4Network('10.234.0.0/16'),
 IPv4Network('10.235.0.0/16'),
 IPv4Network('10.236.0.0/16'),
 IPv4Network('10.237.0.0/16'),
 IPv4Network('10.238.0.0/16'),
 IPv4Network('10.239.0.0/16'),
 IPv4Network('10.240.0.0/16'),
 IPv4Network('10.241.0.0/16'),
 IPv4Network('10.242.0.0/16'),
 IPv4Network('10.243.0.0/16'),
 IPv4Network('10.244.0.0/16'),
 IPv4Network('10.245.0.0/16'),
 IPv4Network('10.246.0.0/16'),
 IPv4Network('10.247.0.0/16'),
 IPv4Network('10.248.0.0/16'),
 IPv4Network('10.249.0.0/16'),
 IPv4Network('10.250.0.0/16'),
 IPv4Network('10.251.0.0/16'),
 IPv4Network('10.252.0.0/16'),
 IPv4Network('10.253.0.0/16'),
 IPv4Network('10.254.0.0/16'),
 IPv4Network('10.255.0.0/16'),
 IPv4Network('149.160.0.0/16'),
 IPv4Network('149.161.0.0/16'),
 IPv4Network('149.162.0.0/16'),
 IPv4Network('149.163.0.0/16'),
 IPv4Network('172.16.0.0/16'),
 IPv4Network('172.17.0.0/16'),
 IPv4Network('172.18.0.0/16'),
 IPv4Network('172.19.0.0/16'),
 IPv4Network('172.20.0.0/16'),
 IPv4Network('172.21.0.0/16'),
 IPv4Network('172.22.0.0/16'),
 IPv4Network('172.23.0.0/16')]
[IPv4Network('129.79.0.0/16'),
 IPv4Network('134.68.0.0/16'),
 IPv4Network('140.182.0.0/16'),
 IPv4Network('149.159.0.0/16'),
 IPv4Network('156.56.0.0/16'),
 IPv4Network('172.16.0.0/12'),
 IPv4Network('192.168.0.0/24'),
 IPv6Network('::/128'),
 IPv4Network('10.0.0.0/16'),
 IPv4Network('10.1.0.0/16'),
 IPv4Network('10.2.0.0/16'),
 IPv4Network('10.3.0.0/16'),
 IPv4Network('10.4.0.0/16'),
 IPv4Network('10.5.0.0/16'),
 IPv4Network('10.6.0.0/16'),
 IPv4Network('10.7.0.0/16'),
 IPv4Network('10.8.0.0/16'),
 IPv4Network('10.9.0.0/16'),
 IPv4Network('10.10.0.0/16'),
 IPv4Network('10.11.0.0/16'),
 IPv4Network('10.12.0.0/16'),
 IPv4Network('10.13.0.0/16'),
 IPv4Network('10.14.0.0/16'),
 IPv4Network('10.15.0.0/16'),
 IPv4Network('10.16.0.0/16'),
 IPv4Network('10.17.0.0/16'),
 IPv4Network('10.18.0.0/16'),
 IPv4Network('10.19.0.0/16'),
 IPv4Network('10.20.0.0/16'),
 IPv4Network('10.21.0.0/16'),
 IPv4Network('10.22.0.0/16'),
 IPv4Network('10.23.0.0/16'),
 IPv4Network('10.24.0.0/16'),
 IPv4Network('10.25.0.0/16'),
 IPv4Network('10.26.0.0/16'),
 IPv4Network('10.27.0.0/16'),
 IPv4Network('10.28.0.0/16'),
 IPv4Network('10.29.0.0/16'),
 IPv4Network('10.30.0.0/16'),
 IPv4Network('10.31.0.0/16'),
 IPv4Network('10.32.0.0/16'),
 IPv4Network('10.33.0.0/16'),
 IPv4Network('10.34.0.0/16'),
 IPv4Network('10.35.0.0/16'),
 IPv4Network('10.36.0.0/16'),
 IPv4Network('10.37.0.0/16'),
 IPv4Network('10.38.0.0/16'),
 IPv4Network('10.39.0.0/16'),
 IPv4Network('10.40.0.0/16'),
 IPv4Network('10.41.0.0/16'),
 IPv4Network('10.42.0.0/16'),
 IPv4Network('10.43.0.0/16'),
 IPv4Network('10.44.0.0/16'),
 IPv4Network('10.45.0.0/16'),
 IPv4Network('10.46.0.0/16'),
 IPv4Network('10.47.0.0/16'),
 IPv4Network('10.48.0.0/16'),
 IPv4Network('10.49.0.0/16'),
 IPv4Network('10.50.0.0/16'),
 IPv4Network('10.51.0.0/16'),
 IPv4Network('10.52.0.0/16'),
 IPv4Network('10.53.0.0/16'),
 IPv4Network('10.54.0.0/16'),
 IPv4Network('10.55.0.0/16'),
 IPv4Network('10.56.0.0/16'),
 IPv4Network('10.57.0.0/16'),
 IPv4Network('10.58.0.0/16'),
 IPv4Network('10.59.0.0/16'),
 IPv4Network('10.60.0.0/16'),
 IPv4Network('10.61.0.0/16'),
 IPv4Network('10.62.0.0/16'),
 IPv4Network('10.63.0.0/16'),
 IPv4Network('10.64.0.0/16'),
 IPv4Network('10.65.0.0/16'),
 IPv4Network('10.66.0.0/16'),
 IPv4Network('10.67.0.0/16'),
 IPv4Network('10.68.0.0/16'),
 IPv4Network('10.69.0.0/16'),
 IPv4Network('10.70.0.0/16'),
 IPv4Network('10.71.0.0/16'),
 IPv4Network('10.72.0.0/16'),
 IPv4Network('10.73.0.0/16'),
 IPv4Network('10.74.0.0/16'),
 IPv4Network('10.75.0.0/16'),
 IPv4Network('10.76.0.0/16'),
 IPv4Network('10.77.0.0/16'),
 IPv4Network('10.78.0.0/16'),
 IPv4Network('10.79.0.0/16'),
 IPv4Network('10.80.0.0/16'),
 IPv4Network('10.81.0.0/16'),
 IPv4Network('10.82.0.0/16'),
 IPv4Network('10.83.0.0/16'),
 IPv4Network('10.84.0.0/16'),
 IPv4Network('10.85.0.0/16'),
 IPv4Network('10.86.0.0/16'),
 IPv4Network('10.87.0.0/16'),
 IPv4Network('10.88.0.0/16'),
 IPv4Network('10.89.0.0/16'),
 IPv4Network('10.90.0.0/16'),
 IPv4Network('10.91.0.0/16'),
 IPv4Network('10.92.0.0/16'),
 IPv4Network('10.93.0.0/16'),
 IPv4Network('10.94.0.0/16'),
 IPv4Network('10.95.0.0/16'),
 IPv4Network('10.96.0.0/16'),
 IPv4Network('10.97.0.0/16'),
 IPv4Network('10.98.0.0/16'),
 IPv4Network('10.99.0.0/16'),
 IPv4Network('10.100.0.0/16'),
 IPv4Network('10.101.0.0/16'),
 IPv4Network('10.102.0.0/16'),
 IPv4Network('10.103.0.0/16'),
 IPv4Network('10.104.0.0/16'),
 IPv4Network('10.105.0.0/16'),
 IPv4Network('10.106.0.0/16'),
 IPv4Network('10.107.0.0/16'),
 IPv4Network('10.108.0.0/16'),
 IPv4Network('10.109.0.0/16'),
 IPv4Network('10.110.0.0/16'),
 IPv4Network('10.111.0.0/16'),
 IPv4Network('10.112.0.0/16'),
 IPv4Network('10.113.0.0/16'),
 IPv4Network('10.114.0.0/16'),
 IPv4Network('10.115.0.0/16'),
 IPv4Network('10.116.0.0/16'),
 IPv4Network('10.117.0.0/16'),
 IPv4Network('10.118.0.0/16'),
 IPv4Network('10.119.0.0/16'),
 IPv4Network('10.120.0.0/16'),
 IPv4Network('10.121.0.0/16'),
 IPv4Network('10.122.0.0/16'),
 IPv4Network('10.123.0.0/16'),
 IPv4Network('10.124.0.0/16'),
 IPv4Network('10.125.0.0/16'),
 IPv4Network('10.126.0.0/16'),
 IPv4Network('10.127.0.0/16'),
 IPv4Network('10.128.0.0/16'),
 IPv4Network('10.129.0.0/16'),
 IPv4Network('10.130.0.0/16'),
 IPv4Network('10.131.0.0/16'),
 IPv4Network('10.132.0.0/16'),
 IPv4Network('10.133.0.0/16'),
 IPv4Network('10.134.0.0/16'),
 IPv4Network('10.135.0.0/16'),
 IPv4Network('10.136.0.0/16'),
 IPv4Network('10.137.0.0/16'),
 IPv4Network('10.138.0.0/16'),
 IPv4Network('10.139.0.0/16'),
 IPv4Network('10.140.0.0/16'),
 IPv4Network('10.141.0.0/16'),
 IPv4Network('10.142.0.0/16'),
 IPv4Network('10.143.0.0/16'),
 IPv4Network('10.144.0.0/16'),
 IPv4Network('10.145.0.0/16'),
 IPv4Network('10.146.0.0/16'),
 IPv4Network('10.147.0.0/16'),
 IPv4Network('10.148.0.0/16'),
 IPv4Network('10.149.0.0/16'),
 IPv4Network('10.150.0.0/16'),
 IPv4Network('10.151.0.0/16'),
 IPv4Network('10.152.0.0/16'),
 IPv4Network('10.153.0.0/16'),
 IPv4Network('10.154.0.0/16'),
 IPv4Network('10.155.0.0/16'),
 IPv4Network('10.156.0.0/16'),
 IPv4Network('10.157.0.0/16'),
 IPv4Network('10.158.0.0/16'),
 IPv4Network('10.159.0.0/16'),
 IPv4Network('10.160.0.0/16'),
 IPv4Network('10.161.0.0/16'),
 IPv4Network('10.162.0.0/16'),
 IPv4Network('10.163.0.0/16'),
 IPv4Network('10.164.0.0/16'),
 IPv4Network('10.165.0.0/16'),
 IPv4Network('10.166.0.0/16'),
 IPv4Network('10.167.0.0/16'),
 IPv4Network('10.168.0.0/16'),
 IPv4Network('10.169.0.0/16'),
 IPv4Network('10.170.0.0/16'),
 IPv4Network('10.171.0.0/16'),
 IPv4Network('10.172.0.0/16'),
 IPv4Network('10.173.0.0/16'),
 IPv4Network('10.174.0.0/16'),
 IPv4Network('10.175.0.0/16'),
 IPv4Network('10.176.0.0/16'),
 IPv4Network('10.177.0.0/16'),
 IPv4Network('10.178.0.0/16'),
 IPv4Network('10.179.0.0/16'),
 IPv4Network('10.180.0.0/16'),
 IPv4Network('10.181.0.0/16'),
 IPv4Network('10.182.0.0/16'),
 IPv4Network('10.183.0.0/16'),
 IPv4Network('10.184.0.0/16'),
 IPv4Network('10.185.0.0/16'),
 IPv4Network('10.186.0.0/16'),
 IPv4Network('10.187.0.0/16'),
 IPv4Network('10.188.0.0/16'),
 IPv4Network('10.189.0.0/16'),
 IPv4Network('10.190.0.0/16'),
 IPv4Network('10.191.0.0/16'),
 IPv4Network('10.192.0.0/16'),
 IPv4Network('10.193.0.0/16'),
 IPv4Network('10.194.0.0/16'),
 IPv4Network('10.195.0.0/16'),
 IPv4Network('10.196.0.0/16'),
 IPv4Network('10.197.0.0/16'),
 IPv4Network('10.198.0.0/16'),
 IPv4Network('10.199.0.0/16'),
 IPv4Network('10.200.0.0/16'),
 IPv4Network('10.201.0.0/16'),
 IPv4Network('10.202.0.0/16'),
 IPv4Network('10.203.0.0/16'),
 IPv4Network('10.204.0.0/16'),
 IPv4Network('10.205.0.0/16'),
 IPv4Network('10.206.0.0/16'),
 IPv4Network('10.207.0.0/16'),
 IPv4Network('10.208.0.0/16'),
 IPv4Network('10.209.0.0/16'),
 IPv4Network('10.210.0.0/16'),
 IPv4Network('10.211.0.0/16'),
 IPv4Network('10.212.0.0/16'),
 IPv4Network('10.213.0.0/16'),
 IPv4Network('10.214.0.0/16'),
 IPv4Network('10.215.0.0/16'),
 IPv4Network('10.216.0.0/16'),
 IPv4Network('10.217.0.0/16'),
 IPv4Network('10.218.0.0/16'),
 IPv4Network('10.219.0.0/16'),
 IPv4Network('10.220.0.0/16'),
 IPv4Network('10.221.0.0/16'),
 IPv4Network('10.222.0.0/16'),
 IPv4Network('10.223.0.0/16'),
 IPv4Network('10.224.0.0/16'),
 IPv4Network('10.225.0.0/16'),
 IPv4Network('10.226.0.0/16'),
 IPv4Network('10.227.0.0/16'),
 IPv4Network('10.228.0.0/16'),
 IPv4Network('10.229.0.0/16'),
 IPv4Network('10.230.0.0/16'),
 IPv4Network('10.231.0.0/16'),
 IPv4Network('10.232.0.0/16'),
 IPv4Network('10.233.0.0/16'),
 IPv4Network('10.234.0.0/16'),
 IPv4Network('10.235.0.0/16'),
 IPv4Network('10.236.0.0/16'),
 IPv4Network('10.237.0.0/16'),
 IPv4Network('10.238.0.0/16'),
 IPv4Network('10.239.0.0/16'),
 IPv4Network('10.240.0.0/16'),
 IPv4Network('10.241.0.0/16'),
 IPv4Network('10.242.0.0/16'),
 IPv4Network('10.243.0.0/16'),
 IPv4Network('10.244.0.0/16'),
 IPv4Network('10.245.0.0/16'),
 IPv4Network('10.246.0.0/16'),
 IPv4Network('10.247.0.0/16'),
 IPv4Network('10.248.0.0/16'),
 IPv4Network('10.249.0.0/16'),
 IPv4Network('10.250.0.0/16'),
 IPv4Network('10.251.0.0/16'),
 IPv4Network('10.252.0.0/16'),
 IPv4Network('10.253.0.0/16'),
 IPv4Network('10.254.0.0/16'),
 IPv4Network('10.255.0.0/16'),
 IPv4Network('149.160.0.0/16'),
 IPv4Network('149.161.0.0/16'),
 IPv4Network('149.162.0.0/16'),
 IPv4Network('149.163.0.0/16'),
 IPv4Network('172.16.0.0/16'),
 IPv4Network('172.17.0.0/16'),
 IPv4Network('172.18.0.0/16'),
 IPv4Network('172.19.0.0/16'),
 IPv4Network('172.20.0.0/16'),
 IPv4Network('172.21.0.0/16'),
 IPv4Network('172.22.0.0/16'),
 IPv4Network('172.23.0.0/16')]
[IPv4Network('129.79.0.0/16'),
 IPv4Network('134.68.0.0/16'),
 IPv4Network('140.182.0.0/16'),
 IPv4Network('149.159.0.0/16'),
 IPv4Network('156.56.0.0/16'),
 IPv4Network('172.16.0.0/12'),
 IPv4Network('192.168.0.0/24'),
 IPv6Network('::/128'),
 IPv4Network('10.0.0.0/16'),
 IPv4Network('10.1.0.0/16'),
 IPv4Network('10.2.0.0/16'),
 IPv4Network('10.3.0.0/16'),
 IPv4Network('10.4.0.0/16'),
 IPv4Network('10.5.0.0/16'),
 IPv4Network('10.6.0.0/16'),
 IPv4Network('10.7.0.0/16'),
 IPv4Network('10.8.0.0/16'),
 IPv4Network('10.9.0.0/16'),
 IPv4Network('10.10.0.0/16'),
 IPv4Network('10.11.0.0/16'),
 IPv4Network('10.12.0.0/16'),
 IPv4Network('10.13.0.0/16'),
 IPv4Network('10.14.0.0/16'),
 IPv4Network('10.15.0.0/16'),
 IPv4Network('10.16.0.0/16'),
 IPv4Network('10.17.0.0/16'),
 IPv4Network('10.18.0.0/16'),
 IPv4Network('10.19.0.0/16'),
 IPv4Network('10.20.0.0/16'),
 IPv4Network('10.21.0.0/16'),
 IPv4Network('10.22.0.0/16'),
 IPv4Network('10.23.0.0/16'),
 IPv4Network('10.24.0.0/16'),
 IPv4Network('10.25.0.0/16'),
 IPv4Network('10.26.0.0/16'),
 IPv4Network('10.27.0.0/16'),
 IPv4Network('10.28.0.0/16'),
 IPv4Network('10.29.0.0/16'),
 IPv4Network('10.30.0.0/16'),
 IPv4Network('10.31.0.0/16'),
 IPv4Network('10.32.0.0/16'),
 IPv4Network('10.33.0.0/16'),
 IPv4Network('10.34.0.0/16'),
 IPv4Network('10.35.0.0/16'),
 IPv4Network('10.36.0.0/16'),
 IPv4Network('10.37.0.0/16'),
 IPv4Network('10.38.0.0/16'),
 IPv4Network('10.39.0.0/16'),
 IPv4Network('10.40.0.0/16'),
 IPv4Network('10.41.0.0/16'),
 IPv4Network('10.42.0.0/16'),
 IPv4Network('10.43.0.0/16'),
 IPv4Network('10.44.0.0/16'),
 IPv4Network('10.45.0.0/16'),
 IPv4Network('10.46.0.0/16'),
 IPv4Network('10.47.0.0/16'),
 IPv4Network('10.48.0.0/16'),
 IPv4Network('10.49.0.0/16'),
 IPv4Network('10.50.0.0/16'),
 IPv4Network('10.51.0.0/16'),
 IPv4Network('10.52.0.0/16'),
 IPv4Network('10.53.0.0/16'),
 IPv4Network('10.54.0.0/16'),
 IPv4Network('10.55.0.0/16'),
 IPv4Network('10.56.0.0/16'),
 IPv4Network('10.57.0.0/16'),
 IPv4Network('10.58.0.0/16'),
 IPv4Network('10.59.0.0/16'),
 IPv4Network('10.60.0.0/16'),
 IPv4Network('10.61.0.0/16'),
 IPv4Network('10.62.0.0/16'),
 IPv4Network('10.63.0.0/16'),
 IPv4Network('10.64.0.0/16'),
 IPv4Network('10.65.0.0/16'),
 IPv4Network('10.66.0.0/16'),
 IPv4Network('10.67.0.0/16'),
 IPv4Network('10.68.0.0/16'),
 IPv4Network('10.69.0.0/16'),
 IPv4Network('10.70.0.0/16'),
 IPv4Network('10.71.0.0/16'),
 IPv4Network('10.72.0.0/16'),
 IPv4Network('10.73.0.0/16'),
 IPv4Network('10.74.0.0/16'),
 IPv4Network('10.75.0.0/16'),
 IPv4Network('10.76.0.0/16'),
 IPv4Network('10.77.0.0/16'),
 IPv4Network('10.78.0.0/16'),
 IPv4Network('10.79.0.0/16'),
 IPv4Network('10.80.0.0/16'),
 IPv4Network('10.81.0.0/16'),
 IPv4Network('10.82.0.0/16'),
 IPv4Network('10.83.0.0/16'),
 IPv4Network('10.84.0.0/16'),
 IPv4Network('10.85.0.0/16'),
 IPv4Network('10.86.0.0/16'),
 IPv4Network('10.87.0.0/16'),
 IPv4Network('10.88.0.0/16'),
 IPv4Network('10.89.0.0/16'),
 IPv4Network('10.90.0.0/16'),
 IPv4Network('10.91.0.0/16'),
 IPv4Network('10.92.0.0/16'),
 IPv4Network('10.93.0.0/16'),
 IPv4Network('10.94.0.0/16'),
 IPv4Network('10.95.0.0/16'),
 IPv4Network('10.96.0.0/16'),
 IPv4Network('10.97.0.0/16'),
 IPv4Network('10.98.0.0/16'),
 IPv4Network('10.99.0.0/16'),
 IPv4Network('10.100.0.0/16'),
 IPv4Network('10.101.0.0/16'),
 IPv4Network('10.102.0.0/16'),
 IPv4Network('10.103.0.0/16'),
 IPv4Network('10.104.0.0/16'),
 IPv4Network('10.105.0.0/16'),
 IPv4Network('10.106.0.0/16'),
 IPv4Network('10.107.0.0/16'),
 IPv4Network('10.108.0.0/16'),
 IPv4Network('10.109.0.0/16'),
 IPv4Network('10.110.0.0/16'),
 IPv4Network('10.111.0.0/16'),
 IPv4Network('10.112.0.0/16'),
 IPv4Network('10.113.0.0/16'),
 IPv4Network('10.114.0.0/16'),
 IPv4Network('10.115.0.0/16'),
 IPv4Network('10.116.0.0/16'),
 IPv4Network('10.117.0.0/16'),
 IPv4Network('10.118.0.0/16'),
 IPv4Network('10.119.0.0/16'),
 IPv4Network('10.120.0.0/16'),
 IPv4Network('10.121.0.0/16'),
 IPv4Network('10.122.0.0/16'),
 IPv4Network('10.123.0.0/16'),
 IPv4Network('10.124.0.0/16'),
 IPv4Network('10.125.0.0/16'),
 IPv4Network('10.126.0.0/16'),
 IPv4Network('10.127.0.0/16'),
 IPv4Network('10.128.0.0/16'),
 IPv4Network('10.129.0.0/16'),
 IPv4Network('10.130.0.0/16'),
 IPv4Network('10.131.0.0/16'),
 IPv4Network('10.132.0.0/16'),
 IPv4Network('10.133.0.0/16'),
 IPv4Network('10.134.0.0/16'),
 IPv4Network('10.135.0.0/16'),
 IPv4Network('10.136.0.0/16'),
 IPv4Network('10.137.0.0/16'),
 IPv4Network('10.138.0.0/16'),
 IPv4Network('10.139.0.0/16'),
 IPv4Network('10.140.0.0/16'),
 IPv4Network('10.141.0.0/16'),
 IPv4Network('10.142.0.0/16'),
 IPv4Network('10.143.0.0/16'),
 IPv4Network('10.144.0.0/16'),
 IPv4Network('10.145.0.0/16'),
 IPv4Network('10.146.0.0/16'),
 IPv4Network('10.147.0.0/16'),
 IPv4Network('10.148.0.0/16'),
 IPv4Network('10.149.0.0/16'),
 IPv4Network('10.150.0.0/16'),
 IPv4Network('10.151.0.0/16'),
 IPv4Network('10.152.0.0/16'),
 IPv4Network('10.153.0.0/16'),
 IPv4Network('10.154.0.0/16'),
 IPv4Network('10.155.0.0/16'),
 IPv4Network('10.156.0.0/16'),
 IPv4Network('10.157.0.0/16'),
 IPv4Network('10.158.0.0/16'),
 IPv4Network('10.159.0.0/16'),
 IPv4Network('10.160.0.0/16'),
 IPv4Network('10.161.0.0/16'),
 IPv4Network('10.162.0.0/16'),
 IPv4Network('10.163.0.0/16'),
 IPv4Network('10.164.0.0/16'),
 IPv4Network('10.165.0.0/16'),
 IPv4Network('10.166.0.0/16'),
 IPv4Network('10.167.0.0/16'),
 IPv4Network('10.168.0.0/16'),
 IPv4Network('10.169.0.0/16'),
 IPv4Network('10.170.0.0/16'),
 IPv4Network('10.171.0.0/16'),
 IPv4Network('10.172.0.0/16'),
 IPv4Network('10.173.0.0/16'),
 IPv4Network('10.174.0.0/16'),
 IPv4Network('10.175.0.0/16'),
 IPv4Network('10.176.0.0/16'),
 IPv4Network('10.177.0.0/16'),
 IPv4Network('10.178.0.0/16'),
 IPv4Network('10.179.0.0/16'),
 IPv4Network('10.180.0.0/16'),
 IPv4Network('10.181.0.0/16'),
 IPv4Network('10.182.0.0/16'),
 IPv4Network('10.183.0.0/16'),
 IPv4Network('10.184.0.0/16'),
 IPv4Network('10.185.0.0/16'),
 IPv4Network('10.186.0.0/16'),
 IPv4Network('10.187.0.0/16'),
 IPv4Network('10.188.0.0/16'),
 IPv4Network('10.189.0.0/16'),
 IPv4Network('10.190.0.0/16'),
 IPv4Network('10.191.0.0/16'),
 IPv4Network('10.192.0.0/16'),
 IPv4Network('10.193.0.0/16'),
 IPv4Network('10.194.0.0/16'),
 IPv4Network('10.195.0.0/16'),
 IPv4Network('10.196.0.0/16'),
 IPv4Network('10.197.0.0/16'),
 IPv4Network('10.198.0.0/16'),
 IPv4Network('10.199.0.0/16'),
 IPv4Network('10.200.0.0/16'),
 IPv4Network('10.201.0.0/16'),
 IPv4Network('10.202.0.0/16'),
 IPv4Network('10.203.0.0/16'),
 IPv4Network('10.204.0.0/16'),
 IPv4Network('10.205.0.0/16'),
 IPv4Network('10.206.0.0/16'),
 IPv4Network('10.207.0.0/16'),
 IPv4Network('10.208.0.0/16'),
 IPv4Network('10.209.0.0/16'),
 IPv4Network('10.210.0.0/16'),
 IPv4Network('10.211.0.0/16'),
 IPv4Network('10.212.0.0/16'),
 IPv4Network('10.213.0.0/16'),
 IPv4Network('10.214.0.0/16'),
 IPv4Network('10.215.0.0/16'),
 IPv4Network('10.216.0.0/16'),
 IPv4Network('10.217.0.0/16'),
 IPv4Network('10.218.0.0/16'),
 IPv4Network('10.219.0.0/16'),
 IPv4Network('10.220.0.0/16'),
 IPv4Network('10.221.0.0/16'),
 IPv4Network('10.222.0.0/16'),
 IPv4Network('10.223.0.0/16'),
 IPv4Network('10.224.0.0/16'),
 IPv4Network('10.225.0.0/16'),
 IPv4Network('10.226.0.0/16'),
 IPv4Network('10.227.0.0/16'),
 IPv4Network('10.228.0.0/16'),
 IPv4Network('10.229.0.0/16'),
 IPv4Network('10.230.0.0/16'),
 IPv4Network('10.231.0.0/16'),
 IPv4Network('10.232.0.0/16'),
 IPv4Network('10.233.0.0/16'),
 IPv4Network('10.234.0.0/16'),
 IPv4Network('10.235.0.0/16'),
 IPv4Network('10.236.0.0/16'),
 IPv4Network('10.237.0.0/16'),
 IPv4Network('10.238.0.0/16'),
 IPv4Network('10.239.0.0/16'),
 IPv4Network('10.240.0.0/16'),
 IPv4Network('10.241.0.0/16'),
 IPv4Network('10.242.0.0/16'),
 IPv4Network('10.243.0.0/16'),
 IPv4Network('10.244.0.0/16'),
 IPv4Network('10.245.0.0/16'),
 IPv4Network('10.246.0.0/16'),
 IPv4Network('10.247.0.0/16'),
 IPv4Network('10.248.0.0/16'),
 IPv4Network('10.249.0.0/16'),
 IPv4Network('10.250.0.0/16'),
 IPv4Network('10.251.0.0/16'),
 IPv4Network('10.252.0.0/16'),
 IPv4Network('10.253.0.0/16'),
 IPv4Network('10.254.0.0/16'),
 IPv4Network('10.255.0.0/16'),
 IPv4Network('149.160.0.0/16'),
 IPv4Network('149.161.0.0/16'),
 IPv4Network('149.162.0.0/16'),
 IPv4Network('149.163.0.0/16'),
 IPv4Network('172.16.0.0/16'),
 IPv4Network('172.17.0.0/16'),
 IPv4Network('172.18.0.0/16'),
 IPv4Network('172.19.0.0/16'),
 IPv4Network('172.20.0.0/16'),
 IPv4Network('172.21.0.0/16'),
 IPv4Network('172.22.0.0/16'),
 IPv4Network('172.23.0.0/16')]
[IPv4Network('129.79.0.0/16'),
 IPv4Network('134.68.0.0/16'),
 IPv4Network('140.182.0.0/16'),
 IPv4Network('149.159.0.0/16'),
 IPv4Network('156.56.0.0/16'),
 IPv4Network('172.16.0.0/12'),
 IPv4Network('192.168.0.0/24'),
 IPv6Network('::/128'),
 IPv4Network('10.0.0.0/16'),
 IPv4Network('10.1.0.0/16'),
 IPv4Network('10.2.0.0/16'),
 IPv4Network('10.3.0.0/16'),
 IPv4Network('10.4.0.0/16'),
 IPv4Network('10.5.0.0/16'),
 IPv4Network('10.6.0.0/16'),
 IPv4Network('10.7.0.0/16'),
 IPv4Network('10.8.0.0/16'),
 IPv4Network('10.9.0.0/16'),
 IPv4Network('10.10.0.0/16'),
 IPv4Network('10.11.0.0/16'),
 IPv4Network('10.12.0.0/16'),
 IPv4Network('10.13.0.0/16'),
 IPv4Network('10.14.0.0/16'),
 IPv4Network('10.15.0.0/16'),
 IPv4Network('10.16.0.0/16'),
 IPv4Network('10.17.0.0/16'),
 IPv4Network('10.18.0.0/16'),
 IPv4Network('10.19.0.0/16'),
 IPv4Network('10.20.0.0/16'),
 IPv4Network('10.21.0.0/16'),
 IPv4Network('10.22.0.0/16'),
 IPv4Network('10.23.0.0/16'),
 IPv4Network('10.24.0.0/16'),
 IPv4Network('10.25.0.0/16'),
 IPv4Network('10.26.0.0/16'),
 IPv4Network('10.27.0.0/16'),
 IPv4Network('10.28.0.0/16'),
 IPv4Network('10.29.0.0/16'),
 IPv4Network('10.30.0.0/16'),
 IPv4Network('10.31.0.0/16'),
 IPv4Network('10.32.0.0/16'),
 IPv4Network('10.33.0.0/16'),
 IPv4Network('10.34.0.0/16'),
 IPv4Network('10.35.0.0/16'),
 IPv4Network('10.36.0.0/16'),
 IPv4Network('10.37.0.0/16'),
 IPv4Network('10.38.0.0/16'),
 IPv4Network('10.39.0.0/16'),
 IPv4Network('10.40.0.0/16'),
 IPv4Network('10.41.0.0/16'),
 IPv4Network('10.42.0.0/16'),
 IPv4Network('10.43.0.0/16'),
 IPv4Network('10.44.0.0/16'),
 IPv4Network('10.45.0.0/16'),
 IPv4Network('10.46.0.0/16'),
 IPv4Network('10.47.0.0/16'),
 IPv4Network('10.48.0.0/16'),
 IPv4Network('10.49.0.0/16'),
 IPv4Network('10.50.0.0/16'),
 IPv4Network('10.51.0.0/16'),
 IPv4Network('10.52.0.0/16'),
 IPv4Network('10.53.0.0/16'),
 IPv4Network('10.54.0.0/16'),
 IPv4Network('10.55.0.0/16'),
 IPv4Network('10.56.0.0/16'),
 IPv4Network('10.57.0.0/16'),
 IPv4Network('10.58.0.0/16'),
 IPv4Network('10.59.0.0/16'),
 IPv4Network('10.60.0.0/16'),
 IPv4Network('10.61.0.0/16'),
 IPv4Network('10.62.0.0/16'),
 IPv4Network('10.63.0.0/16'),
 IPv4Network('10.64.0.0/16'),
 IPv4Network('10.65.0.0/16'),
 IPv4Network('10.66.0.0/16'),
 IPv4Network('10.67.0.0/16'),
 IPv4Network('10.68.0.0/16'),
 IPv4Network('10.69.0.0/16'),
 IPv4Network('10.70.0.0/16'),
 IPv4Network('10.71.0.0/16'),
 IPv4Network('10.72.0.0/16'),
 IPv4Network('10.73.0.0/16'),
 IPv4Network('10.74.0.0/16'),
 IPv4Network('10.75.0.0/16'),
 IPv4Network('10.76.0.0/16'),
 IPv4Network('10.77.0.0/16'),
 IPv4Network('10.78.0.0/16'),
 IPv4Network('10.79.0.0/16'),
 IPv4Network('10.80.0.0/16'),
 IPv4Network('10.81.0.0/16'),
 IPv4Network('10.82.0.0/16'),
 IPv4Network('10.83.0.0/16'),
 IPv4Network('10.84.0.0/16'),
 IPv4Network('10.85.0.0/16'),
 IPv4Network('10.86.0.0/16'),
 IPv4Network('10.87.0.0/16'),
 IPv4Network('10.88.0.0/16'),
 IPv4Network('10.89.0.0/16'),
 IPv4Network('10.90.0.0/16'),
 IPv4Network('10.91.0.0/16'),
 IPv4Network('10.92.0.0/16'),
 IPv4Network('10.93.0.0/16'),
 IPv4Network('10.94.0.0/16'),
 IPv4Network('10.95.0.0/16'),
 IPv4Network('10.96.0.0/16'),
 IPv4Network('10.97.0.0/16'),
 IPv4Network('10.98.0.0/16'),
 IPv4Network('10.99.0.0/16'),
 IPv4Network('10.100.0.0/16'),
 IPv4Network('10.101.0.0/16'),
 IPv4Network('10.102.0.0/16'),
 IPv4Network('10.103.0.0/16'),
 IPv4Network('10.104.0.0/16'),
 IPv4Network('10.105.0.0/16'),
 IPv4Network('10.106.0.0/16'),
 IPv4Network('10.107.0.0/16'),
 IPv4Network('10.108.0.0/16'),
 IPv4Network('10.109.0.0/16'),
 IPv4Network('10.110.0.0/16'),
 IPv4Network('10.111.0.0/16'),
 IPv4Network('10.112.0.0/16'),
 IPv4Network('10.113.0.0/16'),
 IPv4Network('10.114.0.0/16'),
 IPv4Network('10.115.0.0/16'),
 IPv4Network('10.116.0.0/16'),
 IPv4Network('10.117.0.0/16'),
 IPv4Network('10.118.0.0/16'),
 IPv4Network('10.119.0.0/16'),
 IPv4Network('10.120.0.0/16'),
 IPv4Network('10.121.0.0/16'),
 IPv4Network('10.122.0.0/16'),
 IPv4Network('10.123.0.0/16'),
 IPv4Network('10.124.0.0/16'),
 IPv4Network('10.125.0.0/16'),
 IPv4Network('10.126.0.0/16'),
 IPv4Network('10.127.0.0/16'),
 IPv4Network('10.128.0.0/16'),
 IPv4Network('10.129.0.0/16'),
 IPv4Network('10.130.0.0/16'),
 IPv4Network('10.131.0.0/16'),
 IPv4Network('10.132.0.0/16'),
 IPv4Network('10.133.0.0/16'),
 IPv4Network('10.134.0.0/16'),
 IPv4Network('10.135.0.0/16'),
 IPv4Network('10.136.0.0/16'),
 IPv4Network('10.137.0.0/16'),
 IPv4Network('10.138.0.0/16'),
 IPv4Network('10.139.0.0/16'),
 IPv4Network('10.140.0.0/16'),
 IPv4Network('10.141.0.0/16'),
 IPv4Network('10.142.0.0/16'),
 IPv4Network('10.143.0.0/16'),
 IPv4Network('10.144.0.0/16'),
 IPv4Network('10.145.0.0/16'),
 IPv4Network('10.146.0.0/16'),
 IPv4Network('10.147.0.0/16'),
 IPv4Network('10.148.0.0/16'),
 IPv4Network('10.149.0.0/16'),
 IPv4Network('10.150.0.0/16'),
 IPv4Network('10.151.0.0/16'),
 IPv4Network('10.152.0.0/16'),
 IPv4Network('10.153.0.0/16'),
 IPv4Network('10.154.0.0/16'),
 IPv4Network('10.155.0.0/16'),
 IPv4Network('10.156.0.0/16'),
 IPv4Network('10.157.0.0/16'),
 IPv4Network('10.158.0.0/16'),
 IPv4Network('10.159.0.0/16'),
 IPv4Network('10.160.0.0/16'),
 IPv4Network('10.161.0.0/16'),
 IPv4Network('10.162.0.0/16'),
 IPv4Network('10.163.0.0/16'),
 IPv4Network('10.164.0.0/16'),
 IPv4Network('10.165.0.0/16'),
 IPv4Network('10.166.0.0/16'),
 IPv4Network('10.167.0.0/16'),
 IPv4Network('10.168.0.0/16'),
 IPv4Network('10.169.0.0/16'),
 IPv4Network('10.170.0.0/16'),
 IPv4Network('10.171.0.0/16'),
 IPv4Network('10.172.0.0/16'),
 IPv4Network('10.173.0.0/16'),
 IPv4Network('10.174.0.0/16'),
 IPv4Network('10.175.0.0/16'),
 IPv4Network('10.176.0.0/16'),
 IPv4Network('10.177.0.0/16'),
 IPv4Network('10.178.0.0/16'),
 IPv4Network('10.179.0.0/16'),
 IPv4Network('10.180.0.0/16'),
 IPv4Network('10.181.0.0/16'),
 IPv4Network('10.182.0.0/16'),
 IPv4Network('10.183.0.0/16'),
 IPv4Network('10.184.0.0/16'),
 IPv4Network('10.185.0.0/16'),
 IPv4Network('10.186.0.0/16'),
 IPv4Network('10.187.0.0/16'),
 IPv4Network('10.188.0.0/16'),
 IPv4Network('10.189.0.0/16'),
 IPv4Network('10.190.0.0/16'),
 IPv4Network('10.191.0.0/16'),
 IPv4Network('10.192.0.0/16'),
 IPv4Network('10.193.0.0/16'),
 IPv4Network('10.194.0.0/16'),
 IPv4Network('10.195.0.0/16'),
 IPv4Network('10.196.0.0/16'),
 IPv4Network('10.197.0.0/16'),
 IPv4Network('10.198.0.0/16'),
 IPv4Network('10.199.0.0/16'),
 IPv4Network('10.200.0.0/16'),
 IPv4Network('10.201.0.0/16'),
 IPv4Network('10.202.0.0/16'),
 IPv4Network('10.203.0.0/16'),
 IPv4Network('10.204.0.0/16'),
 IPv4Network('10.205.0.0/16'),
 IPv4Network('10.206.0.0/16'),
 IPv4Network('10.207.0.0/16'),
 IPv4Network('10.208.0.0/16'),
 IPv4Network('10.209.0.0/16'),
 IPv4Network('10.210.0.0/16'),
 IPv4Network('10.211.0.0/16'),
 IPv4Network('10.212.0.0/16'),
 IPv4Network('10.213.0.0/16'),
 IPv4Network('10.214.0.0/16'),
 IPv4Network('10.215.0.0/16'),
 IPv4Network('10.216.0.0/16'),
 IPv4Network('10.217.0.0/16'),
 IPv4Network('10.218.0.0/16'),
 IPv4Network('10.219.0.0/16'),
 IPv4Network('10.220.0.0/16'),
 IPv4Network('10.221.0.0/16'),
 IPv4Network('10.222.0.0/16'),
 IPv4Network('10.223.0.0/16'),
 IPv4Network('10.224.0.0/16'),
 IPv4Network('10.225.0.0/16'),
 IPv4Network('10.226.0.0/16'),
 IPv4Network('10.227.0.0/16'),
 IPv4Network('10.228.0.0/16'),
 IPv4Network('10.229.0.0/16'),
 IPv4Network('10.230.0.0/16'),
 IPv4Network('10.231.0.0/16'),
 IPv4Network('10.232.0.0/16'),
 IPv4Network('10.233.0.0/16'),
 IPv4Network('10.234.0.0/16'),
 IPv4Network('10.235.0.0/16'),
 IPv4Network('10.236.0.0/16'),
 IPv4Network('10.237.0.0/16'),
 IPv4Network('10.238.0.0/16'),
 IPv4Network('10.239.0.0/16'),
 IPv4Network('10.240.0.0/16'),
 IPv4Network('10.241.0.0/16'),
 IPv4Network('10.242.0.0/16'),
 IPv4Network('10.243.0.0/16'),
 IPv4Network('10.244.0.0/16'),
 IPv4Network('10.245.0.0/16'),
 IPv4Network('10.246.0.0/16'),
 IPv4Network('10.247.0.0/16'),
 IPv4Network('10.248.0.0/16'),
 IPv4Network('10.249.0.0/16'),
 IPv4Network('10.250.0.0/16'),
 IPv4Network('10.251.0.0/16'),
 IPv4Network('10.252.0.0/16'),
 IPv4Network('10.253.0.0/16'),
 IPv4Network('10.254.0.0/16'),
 IPv4Network('10.255.0.0/16'),
 IPv4Network('149.160.0.0/16'),
 IPv4Network('149.161.0.0/16'),
 IPv4Network('149.162.0.0/16'),
 IPv4Network('149.163.0.0/16'),
 IPv4Network('172.16.0.0/16'),
 IPv4Network('172.17.0.0/16'),
 IPv4Network('172.18.0.0/16'),
 IPv4Network('172.19.0.0/16'),
 IPv4Network('172.20.0.0/16'),
 IPv4Network('172.21.0.0/16'),
 IPv4Network('172.22.0.0/16'),
 IPv4Network('172.23.0.0/16'),
 IPv4Network('172.24.0.0/16'),
 IPv4Network('172.25.0.0/16')]
[IPv4Network('129.79.0.0/16'),
 IPv4Network('134.68.0.0/16'),
 IPv4Network('140.182.0.0/16'),
 IPv4Network('149.159.0.0/16'),
 IPv4Network('156.56.0.0/16'),
 IPv4Network('172.16.0.0/12'),
 IPv4Network('192.168.0.0/24'),
 IPv6Network('::/128'),
 IPv4Network('10.0.0.0/16'),
 IPv4Network('10.1.0.0/16'),
 IPv4Network('10.2.0.0/16'),
 IPv4Network('10.3.0.0/16'),
 IPv4Network('10.4.0.0/16'),
 IPv4Network('10.5.0.0/16'),
 IPv4Network('10.6.0.0/16'),
 IPv4Network('10.7.0.0/16'),
 IPv4Network('10.8.0.0/16'),
 IPv4Network('10.9.0.0/16'),
 IPv4Network('10.10.0.0/16'),
 IPv4Network('10.11.0.0/16'),
 IPv4Network('10.12.0.0/16'),
 IPv4Network('10.13.0.0/16'),
 IPv4Network('10.14.0.0/16'),
 IPv4Network('10.15.0.0/16'),
 IPv4Network('10.16.0.0/16'),
 IPv4Network('10.17.0.0/16'),
 IPv4Network('10.18.0.0/16'),
 IPv4Network('10.19.0.0/16'),
 IPv4Network('10.20.0.0/16'),
 IPv4Network('10.21.0.0/16'),
 IPv4Network('10.22.0.0/16'),
 IPv4Network('10.23.0.0/16'),
 IPv4Network('10.24.0.0/16'),
 IPv4Network('10.25.0.0/16'),
 IPv4Network('10.26.0.0/16'),
 IPv4Network('10.27.0.0/16'),
 IPv4Network('10.28.0.0/16'),
 IPv4Network('10.29.0.0/16'),
 IPv4Network('10.30.0.0/16'),
 IPv4Network('10.31.0.0/16'),
 IPv4Network('10.32.0.0/16'),
 IPv4Network('10.33.0.0/16'),
 IPv4Network('10.34.0.0/16'),
 IPv4Network('10.35.0.0/16'),
 IPv4Network('10.36.0.0/16'),
 IPv4Network('10.37.0.0/16'),
 IPv4Network('10.38.0.0/16'),
 IPv4Network('10.39.0.0/16'),
 IPv4Network('10.40.0.0/16'),
 IPv4Network('10.41.0.0/16'),
 IPv4Network('10.42.0.0/16'),
 IPv4Network('10.43.0.0/16'),
 IPv4Network('10.44.0.0/16'),
 IPv4Network('10.45.0.0/16'),
 IPv4Network('10.46.0.0/16'),
 IPv4Network('10.47.0.0/16'),
 IPv4Network('10.48.0.0/16'),
 IPv4Network('10.49.0.0/16'),
 IPv4Network('10.50.0.0/16'),
 IPv4Network('10.51.0.0/16'),
 IPv4Network('10.52.0.0/16'),
 IPv4Network('10.53.0.0/16'),
 IPv4Network('10.54.0.0/16'),
 IPv4Network('10.55.0.0/16'),
 IPv4Network('10.56.0.0/16'),
 IPv4Network('10.57.0.0/16'),
 IPv4Network('10.58.0.0/16'),
 IPv4Network('10.59.0.0/16'),
 IPv4Network('10.60.0.0/16'),
 IPv4Network('10.61.0.0/16'),
 IPv4Network('10.62.0.0/16'),
 IPv4Network('10.63.0.0/16'),
 IPv4Network('10.64.0.0/16'),
 IPv4Network('10.65.0.0/16'),
 IPv4Network('10.66.0.0/16'),
 IPv4Network('10.67.0.0/16'),
 IPv4Network('10.68.0.0/16'),
 IPv4Network('10.69.0.0/16'),
 IPv4Network('10.70.0.0/16'),
 IPv4Network('10.71.0.0/16'),
 IPv4Network('10.72.0.0/16'),
 IPv4Network('10.73.0.0/16'),
 IPv4Network('10.74.0.0/16'),
 IPv4Network('10.75.0.0/16'),
 IPv4Network('10.76.0.0/16'),
 IPv4Network('10.77.0.0/16'),
 IPv4Network('10.78.0.0/16'),
 IPv4Network('10.79.0.0/16'),
 IPv4Network('10.80.0.0/16'),
 IPv4Network('10.81.0.0/16'),
 IPv4Network('10.82.0.0/16'),
 IPv4Network('10.83.0.0/16'),
 IPv4Network('10.84.0.0/16'),
 IPv4Network('10.85.0.0/16'),
 IPv4Network('10.86.0.0/16'),
 IPv4Network('10.87.0.0/16'),
 IPv4Network('10.88.0.0/16'),
 IPv4Network('10.89.0.0/16'),
 IPv4Network('10.90.0.0/16'),
 IPv4Network('10.91.0.0/16'),
 IPv4Network('10.92.0.0/16'),
 IPv4Network('10.93.0.0/16'),
 IPv4Network('10.94.0.0/16'),
 IPv4Network('10.95.0.0/16'),
 IPv4Network('10.96.0.0/16'),
 IPv4Network('10.97.0.0/16'),
 IPv4Network('10.98.0.0/16'),
 IPv4Network('10.99.0.0/16'),
 IPv4Network('10.100.0.0/16'),
 IPv4Network('10.101.0.0/16'),
 IPv4Network('10.102.0.0/16'),
 IPv4Network('10.103.0.0/16'),
 IPv4Network('10.104.0.0/16'),
 IPv4Network('10.105.0.0/16'),
 IPv4Network('10.106.0.0/16'),
 IPv4Network('10.107.0.0/16'),
 IPv4Network('10.108.0.0/16'),
 IPv4Network('10.109.0.0/16'),
 IPv4Network('10.110.0.0/16'),
 IPv4Network('10.111.0.0/16'),
 IPv4Network('10.112.0.0/16'),
 IPv4Network('10.113.0.0/16'),
 IPv4Network('10.114.0.0/16'),
 IPv4Network('10.115.0.0/16'),
 IPv4Network('10.116.0.0/16'),
 IPv4Network('10.117.0.0/16'),
 IPv4Network('10.118.0.0/16'),
 IPv4Network('10.119.0.0/16'),
 IPv4Network('10.120.0.0/16'),
 IPv4Network('10.121.0.0/16'),
 IPv4Network('10.122.0.0/16'),
 IPv4Network('10.123.0.0/16'),
 IPv4Network('10.124.0.0/16'),
 IPv4Network('10.125.0.0/16'),
 IPv4Network('10.126.0.0/16'),
 IPv4Network('10.127.0.0/16'),
 IPv4Network('10.128.0.0/16'),
 IPv4Network('10.129.0.0/16'),
 IPv4Network('10.130.0.0/16'),
 IPv4Network('10.131.0.0/16'),
 IPv4Network('10.132.0.0/16'),
 IPv4Network('10.133.0.0/16'),
 IPv4Network('10.134.0.0/16'),
 IPv4Network('10.135.0.0/16'),
 IPv4Network('10.136.0.0/16'),
 IPv4Network('10.137.0.0/16'),
 IPv4Network('10.138.0.0/16'),
 IPv4Network('10.139.0.0/16'),
 IPv4Network('10.140.0.0/16'),
 IPv4Network('10.141.0.0/16'),
 IPv4Network('10.142.0.0/16'),
 IPv4Network('10.143.0.0/16'),
 IPv4Network('10.144.0.0/16'),
 IPv4Network('10.145.0.0/16'),
 IPv4Network('10.146.0.0/16'),
 IPv4Network('10.147.0.0/16'),
 IPv4Network('10.148.0.0/16'),
 IPv4Network('10.149.0.0/16'),
 IPv4Network('10.150.0.0/16'),
 IPv4Network('10.151.0.0/16'),
 IPv4Network('10.152.0.0/16'),
 IPv4Network('10.153.0.0/16'),
 IPv4Network('10.154.0.0/16'),
 IPv4Network('10.155.0.0/16'),
 IPv4Network('10.156.0.0/16'),
 IPv4Network('10.157.0.0/16'),
 IPv4Network('10.158.0.0/16'),
 IPv4Network('10.159.0.0/16'),
 IPv4Network('10.160.0.0/16'),
 IPv4Network('10.161.0.0/16'),
 IPv4Network('10.162.0.0/16'),
 IPv4Network('10.163.0.0/16'),
 IPv4Network('10.164.0.0/16'),
 IPv4Network('10.165.0.0/16'),
 IPv4Network('10.166.0.0/16'),
 IPv4Network('10.167.0.0/16'),
 IPv4Network('10.168.0.0/16'),
 IPv4Network('10.169.0.0/16'),
 IPv4Network('10.170.0.0/16'),
 IPv4Network('10.171.0.0/16'),
 IPv4Network('10.172.0.0/16'),
 IPv4Network('10.173.0.0/16'),
 IPv4Network('10.174.0.0/16'),
 IPv4Network('10.175.0.0/16'),
 IPv4Network('10.176.0.0/16'),
 IPv4Network('10.177.0.0/16'),
 IPv4Network('10.178.0.0/16'),
 IPv4Network('10.179.0.0/16'),
 IPv4Network('10.180.0.0/16'),
 IPv4Network('10.181.0.0/16'),
 IPv4Network('10.182.0.0/16'),
 IPv4Network('10.183.0.0/16'),
 IPv4Network('10.184.0.0/16'),
 IPv4Network('10.185.0.0/16'),
 IPv4Network('10.186.0.0/16'),
 IPv4Network('10.187.0.0/16'),
 IPv4Network('10.188.0.0/16'),
 IPv4Network('10.189.0.0/16'),
 IPv4Network('10.190.0.0/16'),
 IPv4Network('10.191.0.0/16'),
 IPv4Network('10.192.0.0/16'),
 IPv4Network('10.193.0.0/16'),
 IPv4Network('10.194.0.0/16'),
 IPv4Network('10.195.0.0/16'),
 IPv4Network('10.196.0.0/16'),
 IPv4Network('10.197.0.0/16'),
 IPv4Network('10.198.0.0/16'),
 IPv4Network('10.199.0.0/16'),
 IPv4Network('10.200.0.0/16'),
 IPv4Network('10.201.0.0/16'),
 IPv4Network('10.202.0.0/16'),
 IPv4Network('10.203.0.0/16'),
 IPv4Network('10.204.0.0/16'),
 IPv4Network('10.205.0.0/16'),
 IPv4Network('10.206.0.0/16'),
 IPv4Network('10.207.0.0/16'),
 IPv4Network('10.208.0.0/16'),
 IPv4Network('10.209.0.0/16'),
 IPv4Network('10.210.0.0/16'),
 IPv4Network('10.211.0.0/16'),
 IPv4Network('10.212.0.0/16'),
 IPv4Network('10.213.0.0/16'),
 IPv4Network('10.214.0.0/16'),
 IPv4Network('10.215.0.0/16'),
 IPv4Network('10.216.0.0/16'),
 IPv4Network('10.217.0.0/16'),
 IPv4Network('10.218.0.0/16'),
 IPv4Network('10.219.0.0/16'),
 IPv4Network('10.220.0.0/16'),
 IPv4Network('10.221.0.0/16'),
 IPv4Network('10.222.0.0/16'),
 IPv4Network('10.223.0.0/16'),
 IPv4Network('10.224.0.0/16'),
 IPv4Network('10.225.0.0/16'),
 IPv4Network('10.226.0.0/16'),
 IPv4Network('10.227.0.0/16'),
 IPv4Network('10.228.0.0/16'),
 IPv4Network('10.229.0.0/16'),
 IPv4Network('10.230.0.0/16'),
 IPv4Network('10.231.0.0/16'),
 IPv4Network('10.232.0.0/16'),
 IPv4Network('10.233.0.0/16'),
 IPv4Network('10.234.0.0/16'),
 IPv4Network('10.235.0.0/16'),
 IPv4Network('10.236.0.0/16'),
 IPv4Network('10.237.0.0/16'),
 IPv4Network('10.238.0.0/16'),
 IPv4Network('10.239.0.0/16'),
 IPv4Network('10.240.0.0/16'),
 IPv4Network('10.241.0.0/16'),
 IPv4Network('10.242.0.0/16'),
 IPv4Network('10.243.0.0/16'),
 IPv4Network('10.244.0.0/16'),
 IPv4Network('10.245.0.0/16'),
 IPv4Network('10.246.0.0/16'),
 IPv4Network('10.247.0.0/16'),
 IPv4Network('10.248.0.0/16'),
 IPv4Network('10.249.0.0/16'),
 IPv4Network('10.250.0.0/16'),
 IPv4Network('10.251.0.0/16'),
 IPv4Network('10.252.0.0/16'),
 IPv4Network('10.253.0.0/16'),
 IPv4Network('10.254.0.0/16'),
 IPv4Network('10.255.0.0/16'),
 IPv4Network('149.160.0.0/16'),
 IPv4Network('149.161.0.0/16'),
 IPv4Network('149.162.0.0/16'),
 IPv4Network('149.163.0.0/16'),
 IPv4Network('172.16.0.0/16'),
 IPv4Network('172.17.0.0/16'),
 IPv4Network('172.18.0.0/16'),
 IPv4Network('172.19.0.0/16'),
 IPv4Network('172.20.0.0/16'),
 IPv4Network('172.21.0.0/16'),
 IPv4Network('172.22.0.0/16'),
 IPv4Network('172.23.0.0/16'),
 IPv4Network('172.24.0.0/16'),
 IPv4Network('172.25.0.0/16'),
 IPv4Network('172.26.0.0/16'),
 IPv4Network('172.27.0.0/16')]
[IPv4Network('129.79.0.0/16'),
 IPv4Network('134.68.0.0/16'),
 IPv4Network('140.182.0.0/16'),
 IPv4Network('149.159.0.0/16'),
 IPv4Network('156.56.0.0/16'),
 IPv4Network('172.16.0.0/12'),
 IPv4Network('192.168.0.0/24'),
 IPv6Network('::/128'),
 IPv4Network('10.0.0.0/16'),
 IPv4Network('10.1.0.0/16'),
 IPv4Network('10.2.0.0/16'),
 IPv4Network('10.3.0.0/16'),
 IPv4Network('10.4.0.0/16'),
 IPv4Network('10.5.0.0/16'),
 IPv4Network('10.6.0.0/16'),
 IPv4Network('10.7.0.0/16'),
 IPv4Network('10.8.0.0/16'),
 IPv4Network('10.9.0.0/16'),
 IPv4Network('10.10.0.0/16'),
 IPv4Network('10.11.0.0/16'),
 IPv4Network('10.12.0.0/16'),
 IPv4Network('10.13.0.0/16'),
 IPv4Network('10.14.0.0/16'),
 IPv4Network('10.15.0.0/16'),
 IPv4Network('10.16.0.0/16'),
 IPv4Network('10.17.0.0/16'),
 IPv4Network('10.18.0.0/16'),
 IPv4Network('10.19.0.0/16'),
 IPv4Network('10.20.0.0/16'),
 IPv4Network('10.21.0.0/16'),
 IPv4Network('10.22.0.0/16'),
 IPv4Network('10.23.0.0/16'),
 IPv4Network('10.24.0.0/16'),
 IPv4Network('10.25.0.0/16'),
 IPv4Network('10.26.0.0/16'),
 IPv4Network('10.27.0.0/16'),
 IPv4Network('10.28.0.0/16'),
 IPv4Network('10.29.0.0/16'),
 IPv4Network('10.30.0.0/16'),
 IPv4Network('10.31.0.0/16'),
 IPv4Network('10.32.0.0/16'),
 IPv4Network('10.33.0.0/16'),
 IPv4Network('10.34.0.0/16'),
 IPv4Network('10.35.0.0/16'),
 IPv4Network('10.36.0.0/16'),
 IPv4Network('10.37.0.0/16'),
 IPv4Network('10.38.0.0/16'),
 IPv4Network('10.39.0.0/16'),
 IPv4Network('10.40.0.0/16'),
 IPv4Network('10.41.0.0/16'),
 IPv4Network('10.42.0.0/16'),
 IPv4Network('10.43.0.0/16'),
 IPv4Network('10.44.0.0/16'),
 IPv4Network('10.45.0.0/16'),
 IPv4Network('10.46.0.0/16'),
 IPv4Network('10.47.0.0/16'),
 IPv4Network('10.48.0.0/16'),
 IPv4Network('10.49.0.0/16'),
 IPv4Network('10.50.0.0/16'),
 IPv4Network('10.51.0.0/16'),
 IPv4Network('10.52.0.0/16'),
 IPv4Network('10.53.0.0/16'),
 IPv4Network('10.54.0.0/16'),
 IPv4Network('10.55.0.0/16'),
 IPv4Network('10.56.0.0/16'),
 IPv4Network('10.57.0.0/16'),
 IPv4Network('10.58.0.0/16'),
 IPv4Network('10.59.0.0/16'),
 IPv4Network('10.60.0.0/16'),
 IPv4Network('10.61.0.0/16'),
 IPv4Network('10.62.0.0/16'),
 IPv4Network('10.63.0.0/16'),
 IPv4Network('10.64.0.0/16'),
 IPv4Network('10.65.0.0/16'),
 IPv4Network('10.66.0.0/16'),
 IPv4Network('10.67.0.0/16'),
 IPv4Network('10.68.0.0/16'),
 IPv4Network('10.69.0.0/16'),
 IPv4Network('10.70.0.0/16'),
 IPv4Network('10.71.0.0/16'),
 IPv4Network('10.72.0.0/16'),
 IPv4Network('10.73.0.0/16'),
 IPv4Network('10.74.0.0/16'),
 IPv4Network('10.75.0.0/16'),
 IPv4Network('10.76.0.0/16'),
 IPv4Network('10.77.0.0/16'),
 IPv4Network('10.78.0.0/16'),
 IPv4Network('10.79.0.0/16'),
 IPv4Network('10.80.0.0/16'),
 IPv4Network('10.81.0.0/16'),
 IPv4Network('10.82.0.0/16'),
 IPv4Network('10.83.0.0/16'),
 IPv4Network('10.84.0.0/16'),
 IPv4Network('10.85.0.0/16'),
 IPv4Network('10.86.0.0/16'),
 IPv4Network('10.87.0.0/16'),
 IPv4Network('10.88.0.0/16'),
 IPv4Network('10.89.0.0/16'),
 IPv4Network('10.90.0.0/16'),
 IPv4Network('10.91.0.0/16'),
 IPv4Network('10.92.0.0/16'),
 IPv4Network('10.93.0.0/16'),
 IPv4Network('10.94.0.0/16'),
 IPv4Network('10.95.0.0/16'),
 IPv4Network('10.96.0.0/16'),
 IPv4Network('10.97.0.0/16'),
 IPv4Network('10.98.0.0/16'),
 IPv4Network('10.99.0.0/16'),
 IPv4Network('10.100.0.0/16'),
 IPv4Network('10.101.0.0/16'),
 IPv4Network('10.102.0.0/16'),
 IPv4Network('10.103.0.0/16'),
 IPv4Network('10.104.0.0/16'),
 IPv4Network('10.105.0.0/16'),
 IPv4Network('10.106.0.0/16'),
 IPv4Network('10.107.0.0/16'),
 IPv4Network('10.108.0.0/16'),
 IPv4Network('10.109.0.0/16'),
 IPv4Network('10.110.0.0/16'),
 IPv4Network('10.111.0.0/16'),
 IPv4Network('10.112.0.0/16'),
 IPv4Network('10.113.0.0/16'),
 IPv4Network('10.114.0.0/16'),
 IPv4Network('10.115.0.0/16'),
 IPv4Network('10.116.0.0/16'),
 IPv4Network('10.117.0.0/16'),
 IPv4Network('10.118.0.0/16'),
 IPv4Network('10.119.0.0/16'),
 IPv4Network('10.120.0.0/16'),
 IPv4Network('10.121.0.0/16'),
 IPv4Network('10.122.0.0/16'),
 IPv4Network('10.123.0.0/16'),
 IPv4Network('10.124.0.0/16'),
 IPv4Network('10.125.0.0/16'),
 IPv4Network('10.126.0.0/16'),
 IPv4Network('10.127.0.0/16'),
 IPv4Network('10.128.0.0/16'),
 IPv4Network('10.129.0.0/16'),
 IPv4Network('10.130.0.0/16'),
 IPv4Network('10.131.0.0/16'),
 IPv4Network('10.132.0.0/16'),
 IPv4Network('10.133.0.0/16'),
 IPv4Network('10.134.0.0/16'),
 IPv4Network('10.135.0.0/16'),
 IPv4Network('10.136.0.0/16'),
 IPv4Network('10.137.0.0/16'),
 IPv4Network('10.138.0.0/16'),
 IPv4Network('10.139.0.0/16'),
 IPv4Network('10.140.0.0/16'),
 IPv4Network('10.141.0.0/16'),
 IPv4Network('10.142.0.0/16'),
 IPv4Network('10.143.0.0/16'),
 IPv4Network('10.144.0.0/16'),
 IPv4Network('10.145.0.0/16'),
 IPv4Network('10.146.0.0/16'),
 IPv4Network('10.147.0.0/16'),
 IPv4Network('10.148.0.0/16'),
 IPv4Network('10.149.0.0/16'),
 IPv4Network('10.150.0.0/16'),
 IPv4Network('10.151.0.0/16'),
 IPv4Network('10.152.0.0/16'),
 IPv4Network('10.153.0.0/16'),
 IPv4Network('10.154.0.0/16'),
 IPv4Network('10.155.0.0/16'),
 IPv4Network('10.156.0.0/16'),
 IPv4Network('10.157.0.0/16'),
 IPv4Network('10.158.0.0/16'),
 IPv4Network('10.159.0.0/16'),
 IPv4Network('10.160.0.0/16'),
 IPv4Network('10.161.0.0/16'),
 IPv4Network('10.162.0.0/16'),
 IPv4Network('10.163.0.0/16'),
 IPv4Network('10.164.0.0/16'),
 IPv4Network('10.165.0.0/16'),
 IPv4Network('10.166.0.0/16'),
 IPv4Network('10.167.0.0/16'),
 IPv4Network('10.168.0.0/16'),
 IPv4Network('10.169.0.0/16'),
 IPv4Network('10.170.0.0/16'),
 IPv4Network('10.171.0.0/16'),
 IPv4Network('10.172.0.0/16'),
 IPv4Network('10.173.0.0/16'),
 IPv4Network('10.174.0.0/16'),
 IPv4Network('10.175.0.0/16'),
 IPv4Network('10.176.0.0/16'),
 IPv4Network('10.177.0.0/16'),
 IPv4Network('10.178.0.0/16'),
 IPv4Network('10.179.0.0/16'),
 IPv4Network('10.180.0.0/16'),
 IPv4Network('10.181.0.0/16'),
 IPv4Network('10.182.0.0/16'),
 IPv4Network('10.183.0.0/16'),
 IPv4Network('10.184.0.0/16'),
 IPv4Network('10.185.0.0/16'),
 IPv4Network('10.186.0.0/16'),
 IPv4Network('10.187.0.0/16'),
 IPv4Network('10.188.0.0/16'),
 IPv4Network('10.189.0.0/16'),
 IPv4Network('10.190.0.0/16'),
 IPv4Network('10.191.0.0/16'),
 IPv4Network('10.192.0.0/16'),
 IPv4Network('10.193.0.0/16'),
 IPv4Network('10.194.0.0/16'),
 IPv4Network('10.195.0.0/16'),
 IPv4Network('10.196.0.0/16'),
 IPv4Network('10.197.0.0/16'),
 IPv4Network('10.198.0.0/16'),
 IPv4Network('10.199.0.0/16'),
 IPv4Network('10.200.0.0/16'),
 IPv4Network('10.201.0.0/16'),
 IPv4Network('10.202.0.0/16'),
 IPv4Network('10.203.0.0/16'),
 IPv4Network('10.204.0.0/16'),
 IPv4Network('10.205.0.0/16'),
 IPv4Network('10.206.0.0/16'),
 IPv4Network('10.207.0.0/16'),
 IPv4Network('10.208.0.0/16'),
 IPv4Network('10.209.0.0/16'),
 IPv4Network('10.210.0.0/16'),
 IPv4Network('10.211.0.0/16'),
 IPv4Network('10.212.0.0/16'),
 IPv4Network('10.213.0.0/16'),
 IPv4Network('10.214.0.0/16'),
 IPv4Network('10.215.0.0/16'),
 IPv4Network('10.216.0.0/16'),
 IPv4Network('10.217.0.0/16'),
 IPv4Network('10.218.0.0/16'),
 IPv4Network('10.219.0.0/16'),
 IPv4Network('10.220.0.0/16'),
 IPv4Network('10.221.0.0/16'),
 IPv4Network('10.222.0.0/16'),
 IPv4Network('10.223.0.0/16'),
 IPv4Network('10.224.0.0/16'),
 IPv4Network('10.225.0.0/16'),
 IPv4Network('10.226.0.0/16'),
 IPv4Network('10.227.0.0/16'),
 IPv4Network('10.228.0.0/16'),
 IPv4Network('10.229.0.0/16'),
 IPv4Network('10.230.0.0/16'),
 IPv4Network('10.231.0.0/16'),
 IPv4Network('10.232.0.0/16'),
 IPv4Network('10.233.0.0/16'),
 IPv4Network('10.234.0.0/16'),
 IPv4Network('10.235.0.0/16'),
 IPv4Network('10.236.0.0/16'),
 IPv4Network('10.237.0.0/16'),
 IPv4Network('10.238.0.0/16'),
 IPv4Network('10.239.0.0/16'),
 IPv4Network('10.240.0.0/16'),
 IPv4Network('10.241.0.0/16'),
 IPv4Network('10.242.0.0/16'),
 IPv4Network('10.243.0.0/16'),
 IPv4Network('10.244.0.0/16'),
 IPv4Network('10.245.0.0/16'),
 IPv4Network('10.246.0.0/16'),
 IPv4Network('10.247.0.0/16'),
 IPv4Network('10.248.0.0/16'),
 IPv4Network('10.249.0.0/16'),
 IPv4Network('10.250.0.0/16'),
 IPv4Network('10.251.0.0/16'),
 IPv4Network('10.252.0.0/16'),
 IPv4Network('10.253.0.0/16'),
 IPv4Network('10.254.0.0/16'),
 IPv4Network('10.255.0.0/16'),
 IPv4Network('149.160.0.0/16'),
 IPv4Network('149.161.0.0/16'),
 IPv4Network('149.162.0.0/16'),
 IPv4Network('149.163.0.0/16'),
 IPv4Network('172.16.0.0/16'),
 IPv4Network('172.17.0.0/16'),
 IPv4Network('172.18.0.0/16'),
 IPv4Network('172.19.0.0/16'),
 IPv4Network('172.20.0.0/16'),
 IPv4Network('172.21.0.0/16'),
 IPv4Network('172.22.0.0/16'),
 IPv4Network('172.23.0.0/16'),
 IPv4Network('172.24.0.0/16'),
 IPv4Network('172.25.0.0/16'),
 IPv4Network('172.26.0.0/16'),
 IPv4Network('172.27.0.0/16')]
[IPv4Network('129.79.0.0/16'),
 IPv4Network('134.68.0.0/16'),
 IPv4Network('140.182.0.0/16'),
 IPv4Network('149.159.0.0/16'),
 IPv4Network('156.56.0.0/16'),
 IPv4Network('172.16.0.0/12'),
 IPv4Network('192.168.0.0/24'),
 IPv6Network('::/128'),
 IPv4Network('10.0.0.0/16'),
 IPv4Network('10.1.0.0/16'),
 IPv4Network('10.2.0.0/16'),
 IPv4Network('10.3.0.0/16'),
 IPv4Network('10.4.0.0/16'),
 IPv4Network('10.5.0.0/16'),
 IPv4Network('10.6.0.0/16'),
 IPv4Network('10.7.0.0/16'),
 IPv4Network('10.8.0.0/16'),
 IPv4Network('10.9.0.0/16'),
 IPv4Network('10.10.0.0/16'),
 IPv4Network('10.11.0.0/16'),
 IPv4Network('10.12.0.0/16'),
 IPv4Network('10.13.0.0/16'),
 IPv4Network('10.14.0.0/16'),
 IPv4Network('10.15.0.0/16'),
 IPv4Network('10.16.0.0/16'),
 IPv4Network('10.17.0.0/16'),
 IPv4Network('10.18.0.0/16'),
 IPv4Network('10.19.0.0/16'),
 IPv4Network('10.20.0.0/16'),
 IPv4Network('10.21.0.0/16'),
 IPv4Network('10.22.0.0/16'),
 IPv4Network('10.23.0.0/16'),
 IPv4Network('10.24.0.0/16'),
 IPv4Network('10.25.0.0/16'),
 IPv4Network('10.26.0.0/16'),
 IPv4Network('10.27.0.0/16'),
 IPv4Network('10.28.0.0/16'),
 IPv4Network('10.29.0.0/16'),
 IPv4Network('10.30.0.0/16'),
 IPv4Network('10.31.0.0/16'),
 IPv4Network('10.32.0.0/16'),
 IPv4Network('10.33.0.0/16'),
 IPv4Network('10.34.0.0/16'),
 IPv4Network('10.35.0.0/16'),
 IPv4Network('10.36.0.0/16'),
 IPv4Network('10.37.0.0/16'),
 IPv4Network('10.38.0.0/16'),
 IPv4Network('10.39.0.0/16'),
 IPv4Network('10.40.0.0/16'),
 IPv4Network('10.41.0.0/16'),
 IPv4Network('10.42.0.0/16'),
 IPv4Network('10.43.0.0/16'),
 IPv4Network('10.44.0.0/16'),
 IPv4Network('10.45.0.0/16'),
 IPv4Network('10.46.0.0/16'),
 IPv4Network('10.47.0.0/16'),
 IPv4Network('10.48.0.0/16'),
 IPv4Network('10.49.0.0/16'),
 IPv4Network('10.50.0.0/16'),
 IPv4Network('10.51.0.0/16'),
 IPv4Network('10.52.0.0/16'),
 IPv4Network('10.53.0.0/16'),
 IPv4Network('10.54.0.0/16'),
 IPv4Network('10.55.0.0/16'),
 IPv4Network('10.56.0.0/16'),
 IPv4Network('10.57.0.0/16'),
 IPv4Network('10.58.0.0/16'),
 IPv4Network('10.59.0.0/16'),
 IPv4Network('10.60.0.0/16'),
 IPv4Network('10.61.0.0/16'),
 IPv4Network('10.62.0.0/16'),
 IPv4Network('10.63.0.0/16'),
 IPv4Network('10.64.0.0/16'),
 IPv4Network('10.65.0.0/16'),
 IPv4Network('10.66.0.0/16'),
 IPv4Network('10.67.0.0/16'),
 IPv4Network('10.68.0.0/16'),
 IPv4Network('10.69.0.0/16'),
 IPv4Network('10.70.0.0/16'),
 IPv4Network('10.71.0.0/16'),
 IPv4Network('10.72.0.0/16'),
 IPv4Network('10.73.0.0/16'),
 IPv4Network('10.74.0.0/16'),
 IPv4Network('10.75.0.0/16'),
 IPv4Network('10.76.0.0/16'),
 IPv4Network('10.77.0.0/16'),
 IPv4Network('10.78.0.0/16'),
 IPv4Network('10.79.0.0/16'),
 IPv4Network('10.80.0.0/16'),
 IPv4Network('10.81.0.0/16'),
 IPv4Network('10.82.0.0/16'),
 IPv4Network('10.83.0.0/16'),
 IPv4Network('10.84.0.0/16'),
 IPv4Network('10.85.0.0/16'),
 IPv4Network('10.86.0.0/16'),
 IPv4Network('10.87.0.0/16'),
 IPv4Network('10.88.0.0/16'),
 IPv4Network('10.89.0.0/16'),
 IPv4Network('10.90.0.0/16'),
 IPv4Network('10.91.0.0/16'),
 IPv4Network('10.92.0.0/16'),
 IPv4Network('10.93.0.0/16'),
 IPv4Network('10.94.0.0/16'),
 IPv4Network('10.95.0.0/16'),
 IPv4Network('10.96.0.0/16'),
 IPv4Network('10.97.0.0/16'),
 IPv4Network('10.98.0.0/16'),
 IPv4Network('10.99.0.0/16'),
 IPv4Network('10.100.0.0/16'),
 IPv4Network('10.101.0.0/16'),
 IPv4Network('10.102.0.0/16'),
 IPv4Network('10.103.0.0/16'),
 IPv4Network('10.104.0.0/16'),
 IPv4Network('10.105.0.0/16'),
 IPv4Network('10.106.0.0/16'),
 IPv4Network('10.107.0.0/16'),
 IPv4Network('10.108.0.0/16'),
 IPv4Network('10.109.0.0/16'),
 IPv4Network('10.110.0.0/16'),
 IPv4Network('10.111.0.0/16'),
 IPv4Network('10.112.0.0/16'),
 IPv4Network('10.113.0.0/16'),
 IPv4Network('10.114.0.0/16'),
 IPv4Network('10.115.0.0/16'),
 IPv4Network('10.116.0.0/16'),
 IPv4Network('10.117.0.0/16'),
 IPv4Network('10.118.0.0/16'),
 IPv4Network('10.119.0.0/16'),
 IPv4Network('10.120.0.0/16'),
 IPv4Network('10.121.0.0/16'),
 IPv4Network('10.122.0.0/16'),
 IPv4Network('10.123.0.0/16'),
 IPv4Network('10.124.0.0/16'),
 IPv4Network('10.125.0.0/16'),
 IPv4Network('10.126.0.0/16'),
 IPv4Network('10.127.0.0/16'),
 IPv4Network('10.128.0.0/16'),
 IPv4Network('10.129.0.0/16'),
 IPv4Network('10.130.0.0/16'),
 IPv4Network('10.131.0.0/16'),
 IPv4Network('10.132.0.0/16'),
 IPv4Network('10.133.0.0/16'),
 IPv4Network('10.134.0.0/16'),
 IPv4Network('10.135.0.0/16'),
 IPv4Network('10.136.0.0/16'),
 IPv4Network('10.137.0.0/16'),
 IPv4Network('10.138.0.0/16'),
 IPv4Network('10.139.0.0/16'),
 IPv4Network('10.140.0.0/16'),
 IPv4Network('10.141.0.0/16'),
 IPv4Network('10.142.0.0/16'),
 IPv4Network('10.143.0.0/16'),
 IPv4Network('10.144.0.0/16'),
 IPv4Network('10.145.0.0/16'),
 IPv4Network('10.146.0.0/16'),
 IPv4Network('10.147.0.0/16'),
 IPv4Network('10.148.0.0/16'),
 IPv4Network('10.149.0.0/16'),
 IPv4Network('10.150.0.0/16'),
 IPv4Network('10.151.0.0/16'),
 IPv4Network('10.152.0.0/16'),
 IPv4Network('10.153.0.0/16'),
 IPv4Network('10.154.0.0/16'),
 IPv4Network('10.155.0.0/16'),
 IPv4Network('10.156.0.0/16'),
 IPv4Network('10.157.0.0/16'),
 IPv4Network('10.158.0.0/16'),
 IPv4Network('10.159.0.0/16'),
 IPv4Network('10.160.0.0/16'),
 IPv4Network('10.161.0.0/16'),
 IPv4Network('10.162.0.0/16'),
 IPv4Network('10.163.0.0/16'),
 IPv4Network('10.164.0.0/16'),
 IPv4Network('10.165.0.0/16'),
 IPv4Network('10.166.0.0/16'),
 IPv4Network('10.167.0.0/16'),
 IPv4Network('10.168.0.0/16'),
 IPv4Network('10.169.0.0/16'),
 IPv4Network('10.170.0.0/16'),
 IPv4Network('10.171.0.0/16'),
 IPv4Network('10.172.0.0/16'),
 IPv4Network('10.173.0.0/16'),
 IPv4Network('10.174.0.0/16'),
 IPv4Network('10.175.0.0/16'),
 IPv4Network('10.176.0.0/16'),
 IPv4Network('10.177.0.0/16'),
 IPv4Network('10.178.0.0/16'),
 IPv4Network('10.179.0.0/16'),
 IPv4Network('10.180.0.0/16'),
 IPv4Network('10.181.0.0/16'),
 IPv4Network('10.182.0.0/16'),
 IPv4Network('10.183.0.0/16'),
 IPv4Network('10.184.0.0/16'),
 IPv4Network('10.185.0.0/16'),
 IPv4Network('10.186.0.0/16'),
 IPv4Network('10.187.0.0/16'),
 IPv4Network('10.188.0.0/16'),
 IPv4Network('10.189.0.0/16'),
 IPv4Network('10.190.0.0/16'),
 IPv4Network('10.191.0.0/16'),
 IPv4Network('10.192.0.0/16'),
 IPv4Network('10.193.0.0/16'),
 IPv4Network('10.194.0.0/16'),
 IPv4Network('10.195.0.0/16'),
 IPv4Network('10.196.0.0/16'),
 IPv4Network('10.197.0.0/16'),
 IPv4Network('10.198.0.0/16'),
 IPv4Network('10.199.0.0/16'),
 IPv4Network('10.200.0.0/16'),
 IPv4Network('10.201.0.0/16'),
 IPv4Network('10.202.0.0/16'),
 IPv4Network('10.203.0.0/16'),
 IPv4Network('10.204.0.0/16'),
 IPv4Network('10.205.0.0/16'),
 IPv4Network('10.206.0.0/16'),
 IPv4Network('10.207.0.0/16'),
 IPv4Network('10.208.0.0/16'),
 IPv4Network('10.209.0.0/16'),
 IPv4Network('10.210.0.0/16'),
 IPv4Network('10.211.0.0/16'),
 IPv4Network('10.212.0.0/16'),
 IPv4Network('10.213.0.0/16'),
 IPv4Network('10.214.0.0/16'),
 IPv4Network('10.215.0.0/16'),
 IPv4Network('10.216.0.0/16'),
 IPv4Network('10.217.0.0/16'),
 IPv4Network('10.218.0.0/16'),
 IPv4Network('10.219.0.0/16'),
 IPv4Network('10.220.0.0/16'),
 IPv4Network('10.221.0.0/16'),
 IPv4Network('10.222.0.0/16'),
 IPv4Network('10.223.0.0/16'),
 IPv4Network('10.224.0.0/16'),
 IPv4Network('10.225.0.0/16'),
 IPv4Network('10.226.0.0/16'),
 IPv4Network('10.227.0.0/16'),
 IPv4Network('10.228.0.0/16'),
 IPv4Network('10.229.0.0/16'),
 IPv4Network('10.230.0.0/16'),
 IPv4Network('10.231.0.0/16'),
 IPv4Network('10.232.0.0/16'),
 IPv4Network('10.233.0.0/16'),
 IPv4Network('10.234.0.0/16'),
 IPv4Network('10.235.0.0/16'),
 IPv4Network('10.236.0.0/16'),
 IPv4Network('10.237.0.0/16'),
 IPv4Network('10.238.0.0/16'),
 IPv4Network('10.239.0.0/16'),
 IPv4Network('10.240.0.0/16'),
 IPv4Network('10.241.0.0/16'),
 IPv4Network('10.242.0.0/16'),
 IPv4Network('10.243.0.0/16'),
 IPv4Network('10.244.0.0/16'),
 IPv4Network('10.245.0.0/16'),
 IPv4Network('10.246.0.0/16'),
 IPv4Network('10.247.0.0/16'),
 IPv4Network('10.248.0.0/16'),
 IPv4Network('10.249.0.0/16'),
 IPv4Network('10.250.0.0/16'),
 IPv4Network('10.251.0.0/16'),
 IPv4Network('10.252.0.0/16'),
 IPv4Network('10.253.0.0/16'),
 IPv4Network('10.254.0.0/16'),
 IPv4Network('10.255.0.0/16'),
 IPv4Network('149.160.0.0/16'),
 IPv4Network('149.161.0.0/16'),
 IPv4Network('149.162.0.0/16'),
 IPv4Network('149.163.0.0/16'),
 IPv4Network('172.16.0.0/16'),
 IPv4Network('172.17.0.0/16'),
 IPv4Network('172.18.0.0/16'),
 IPv4Network('172.19.0.0/16'),
 IPv4Network('172.20.0.0/16'),
 IPv4Network('172.21.0.0/16'),
 IPv4Network('172.22.0.0/16'),
 IPv4Network('172.23.0.0/16'),
 IPv4Network('172.24.0.0/16'),
 IPv4Network('172.25.0.0/16'),
 IPv4Network('172.26.0.0/16'),
 IPv4Network('172.27.0.0/16'),
 IPv4Network('172.28.0.0/16'),
 IPv4Network('172.29.0.0/16')]
]]>		</failure>
	</testcase>
</testsuite>
