<?xml version="1.0" encoding="UTF-8"?>
<testsuite errors="1" failures="0" name="SimpleBalancerTest.TestStateChange-20151207145834" tests="1" time="0.000">
	<properties/>
	<system-out>
<![CDATA[]]>	</system-out>
	<system-err>
<![CDATA[]]>	</system-err>
	<testcase classname="SimpleBalancerTest.TestStateChange" name="test_initial_config" time="0.000">
		<error message="global name 'os' is not defined" type="NameError">
<![CDATA[Traceback (most recent call last):
  File "/home/saikappa/workspace/SciPass/python/t/SimpleBalancerTest.py", line 539, in setUp
    config = str(os.getcwd()) + "/t/etc/SciPass_balancer_only.xml",
NameError: global name 'os' is not defined
]]>		</error>
	</testcase>
</testsuite>
