<?xml version="1.0" encoding="UTF-8"?>
<testsuite errors="1" failures="0" name="InlineTest.InlineInitTest-20150929153202" tests="1" time="0.003">
	<properties/>
	<system-out>
<![CDATA[]]>	</system-out>
	<system-err>
<![CDATA[]]>	</system-err>
	<testcase classname="InlineTest.InlineInitTest" name="testInit" time="0.003">
		<error message="'balancer'" type="KeyError">
<![CDATA[Traceback (most recent call last):
  File "/home/saikappa/workspace/SciPass/python/t/InlineTest.py", line 20, in setUp
    config = str(os.getcwd()) + "/t/etc/Inline.xml" )
  File "./SciPass.py", line 50, in __init__
    self._processConfig(self.configFile)
  File "./SciPass.py", line 514, in _processConfig
    config[dpid][name]['balancer'].addSensorGroup(group_info)
KeyError: 'balancer'
]]>		</error>
	</testcase>
</testsuite>
