<?xml version="1.0" encoding="UTF-8"?>
<testsuite errors="0" failures="0" name="BalancerOnlyTest.BalancerInitTest-20150903193023" tests="4" time="6.662">
	<properties/>
	<system-out>
<![CDATA[{'hard_timeout': 0, 'actions': [], 'priority': 65535, 'header': {'phys_port': 10, 'nw_src_mask': 32, 'nw_dst_mask': 32, 'nw_dst': 134744072, 'tp_dst': 2, 'tp_src': 1, 'nw_src': 167777282}, 'idle_timeout': '90', 'command': 'ADD', 'dpid': '0000000000000001'}
{'hard_timeout': 0, 'actions': [], 'priority': 65535, 'header': {'phys_port': 9, 'nw_src_mask': 32, 'nw_dst_mask': 32, 'nw_dst': 134744072, 'tp_dst': 2, 'tp_src': 1, 'nw_src': 167777282}, 'idle_timeout': '90', 'command': 'ADD', 'dpid': '0000000000000001'}
{'hard_timeout': 0, 'actions': [], 'priority': 65535, 'header': {'phys_port': 10, 'nw_src_mask': 32, 'nw_dst_mask': 32, 'nw_dst': 134744072, 'tp_dst': 2, 'tp_src': 1, 'nw_src': 167777282}, 'idle_timeout': '90', 'command': 'ADD', 'dpid': '0000000000000001'}
{'hard_timeout': 0, 'actions': [], 'priority': 65535, 'header': {'phys_port': 9, 'nw_src_mask': 32, 'nw_dst_mask': 32, 'nw_dst': 134744072, 'tp_dst': 2, 'tp_src': 1, 'nw_src': 167777282}, 'idle_timeout': '90', 'command': 'ADD', 'dpid': '0000000000000001'}
{'hard_timeout': 0, 'actions': [], 'priority': 65535, 'header': {'phys_port': 10, 'nw_src_mask': 32, 'nw_dst_mask': 32, 'nw_dst': 134744072, 'tp_dst': 2, 'tp_src': 1, 'nw_src': 167777282}, 'idle_timeout': '90', 'command': 'ADD', 'dpid': '0000000000000001'}
{'hard_timeout': 0, 'actions': [], 'priority': 65535, 'header': {'phys_port': 9, 'nw_src_mask': 32, 'nw_dst_mask': 32, 'nw_dst': 134744072, 'tp_dst': 2, 'tp_src': 1, 'nw_src': 167777282}, 'idle_timeout': '90', 'command': 'ADD', 'dpid': '0000000000000001'}
{'hard_timeout': 0, 'actions': [], 'priority': 65535, 'header': {'phys_port': 10, 'nw_src_mask': 32, 'nw_dst_mask': 32, 'nw_dst': 134744072, 'tp_dst': 2, 'tp_src': 1, 'nw_src': 167777282}, 'idle_timeout': '90', 'command': 'ADD', 'dpid': '0000000000000001'}
{'hard_timeout': 0, 'actions': [], 'priority': 65535, 'header': {'phys_port': 9, 'nw_src_mask': 32, 'nw_dst_mask': 32, 'nw_dst': 134744072, 'tp_dst': 2, 'tp_src': 1, 'nw_src': 167777282}, 'idle_timeout': '90', 'command': 'ADD', 'dpid': '0000000000000001'}
]]>	</system-out>
	<system-err>
<![CDATA[]]>	</system-err>
	<testcase classname="BalancerOnlyTest.BalancerInitTest" name="testBalance" time="2.782"/>
	<testcase classname="BalancerOnlyTest.BalancerInitTest" name="testInit" time="1.499"/>
	<testcase classname="BalancerOnlyTest.BalancerInitTest" name="test_bad_flow" time="1.176"/>
	<testcase classname="BalancerOnlyTest.BalancerInitTest" name="test_good_flow" time="1.205"/>
</testsuite>
