<?xml version="1.0" encoding="UTF-8"?>
<testsuite errors="0" failures="1" name="SimpleBalancerTest.TestStateChange-20151207150441" tests="1" time="1.787">
	<properties/>
	<system-out>
<![CDATA[]]>	</system-out>
	<system-err>
<![CDATA[]]>	</system-err>
	<testcase classname="SimpleBalancerTest.TestStateChange" name="test_initial_config" time="1.787">
		<failure message="" type="AssertionError">
<![CDATA[Traceback (most recent call last):
  File "/home/saikappa/workspace/SciPass/python/t/SimpleBalancerTest.py", line 563, in test_initial_config
    assert(mode[0] == "SimpleBalancer")
AssertionError
]]>		</failure>
	</testcase>
</testsuite>
