<?xml version="1.0" encoding="UTF-8"?>
<testsuite errors="0" failures="0" name="StateTest.TestPrefix-20151014155129" tests="5" time="0.100">
	<properties/>
	<system-out>
<![CDATA[]]>	</system-out>
	<system-err>
<![CDATA[]]>	</system-err>
	<testcase classname="StateTest.TestPrefix" name="test_add_prefix" time="0.015"/>
	<testcase classname="StateTest.TestPrefix" name="test_del_prefix" time="0.020"/>
	<testcase classname="StateTest.TestPrefix" name="test_initial_config" time="0.010"/>
	<testcase classname="StateTest.TestPrefix" name="test_move_prefix" time="0.030"/>
	<testcase classname="StateTest.TestPrefix" name="test_sensor_prefix_split" time="0.025"/>
</testsuite>
