<?xml version="1.0" encoding="UTF-8"?>
<testsuite errors="2" failures="0" name="SimpleBalancerOnlyTest.SimpleBalancerInitTest-20151008193045" tests="2" time="0.003">
	<properties/>
	<system-out>
<![CDATA[]]>	</system-out>
	<system-err>
<![CDATA[]]>	</system-err>
	<testcase classname="SimpleBalancerOnlyTest.SimpleBalancerInitTest" name="testInit" time="0.002">
		<error message="[Errno 2] No such file or directory: '/etc/Scipass/SciPass2.xml'" type="IOError">
<![CDATA[Traceback (most recent call last):
  File "/home/saikappa/workspace/SciPass/python/t/SimpleBalancerOnlyTest.py", line 21, in setUp
    config = "/etc/Scipass/SciPass2.xml")
  File "./SciPass.py", line 57, in __init__
    self._validateConfig(self.configFile, self.schemaFile)
  File "./SciPass.py", line 363, in _validateConfig
    with open(xmlFile) as f:
IOError: [Errno 2] No such file or directory: '/etc/Scipass/SciPass2.xml'
]]>		</error>
	</testcase>
	<testcase classname="SimpleBalancerOnlyTest.SimpleBalancerInitTest" name="testSimpleBalance" time="0.001">
		<error message="[Errno 2] No such file or directory: '/etc/Scipass/SciPass2.xml'" type="IOError">
<![CDATA[Traceback (most recent call last):
  File "/home/saikappa/workspace/SciPass/python/t/SimpleBalancerOnlyTest.py", line 21, in setUp
    config = "/etc/Scipass/SciPass2.xml")
  File "./SciPass.py", line 57, in __init__
    self._validateConfig(self.configFile, self.schemaFile)
  File "./SciPass.py", line 363, in _validateConfig
    with open(xmlFile) as f:
IOError: [Errno 2] No such file or directory: '/etc/Scipass/SciPass2.xml'
]]>		</error>
	</testcase>
</testsuite>
