<?xml version="1.0" encoding="UTF-8"?>
<testsuite errors="0" failures="0" name="SciPassTest.TestInit-20151123160046" tests="2" time="0.032">
	<properties/>
	<system-out>
<![CDATA[{'dl_type': None, 'phys_port': 1}
[{'port': 5, 'type': 'output'}]
{'nw_dst': IPv4Network('10.0.17.0/24'), 'phys_port': 5}
[{'port': 1, 'type': 'output'}]
{'nw_src': IPv4Network('10.0.17.0/24'), 'phys_port': 1}
[{'port': 5, 'type': 'output'}]
{'nw_dst': IPv4Network('10.0.18.0/24'), 'phys_port': 5}
[{'port': 1, 'type': 'output'}]
{'nw_src': IPv4Network('10.0.18.0/24'), 'phys_port': 1}
[{'port': 5, 'type': 'output'}]
{'dl_type': None, 'phys_port': 2}
[{'port': 5, 'type': 'output'}]
{'nw_dst': IPv4Network('10.0.19.0/24'), 'phys_port': 5}
[{'port': 2, 'type': 'output'}]
{'nw_src': IPv4Network('10.0.19.0/24'), 'phys_port': 2}
[{'port': 5, 'type': 'output'}]
{'nw_dst': IPv4Network('10.0.20.0/24'), 'phys_port': 5}
[{'port': 2, 'type': 'output'}]
{'nw_src': IPv4Network('10.0.20.0/24'), 'phys_port': 2}
[{'port': 5, 'type': 'output'}]
{'nw_dst': IPv6Network('::/128'), 'phys_port': 5}
[{'port': 2, 'type': 'output'}]
{'nw_src': IPv6Network('::/128'), 'phys_port': 2}
[{'port': 5, 'type': 'output'}]
{'dl_type': None, 'phys_port': 5}
[{'port': 1, 'type': 'output'}, {'port': 2, 'type': 'output'}]
{'dl_type': None, 'phys_port': 6}
[{'port': 10, 'type': 'output'}]
{'dl_type': None, 'phys_port': 10}
[{'port': 6, 'type': 'output'}]
]]>	</system-out>
	<system-err>
<![CDATA[]]>	</system-err>
	<testcase classname="SciPassTest.TestInit" name="test_switch_init" time="0.029"/>
	<testcase classname="SciPassTest.TestInit" name="test_valid_config" time="0.003"/>
</testsuite>
