<?xml version="1.0" encoding="UTF-8"?>
<testsuite errors="1" failures="0" name="ConfigTest.TestPrefix-20150930152651" tests="1" time="0.021">
	<properties/>
	<system-out>
<![CDATA[]]>	</system-out>
	<system-err>
<![CDATA[]]>	</system-err>
	<testcase classname="ConfigTest.TestPrefix" name="test_initial_config" time="0.021">
		<error message="list indices must be integers, not str" type="TypeError">
<![CDATA[Traceback (most recent call last):
  File "/home/saikappa/workspace/SciPass/python/t/ConfigTest.py", line 33, in test_initial_config
    switches = data["switch"]
TypeError: list indices must be integers, not str
]]>		</error>
	</testcase>
</testsuite>
