<?xml version="1.0" encoding="UTF-8"?>
<testsuite errors="0" failures="0" name="ConfigTest.TestPrefix-20150930145333" tests="1" time="0.021">
	<properties/>
	<system-out>
<![CDATA[{u'0000000000000001': {u'R&E': {u'prefixes': [u'10.0.17.0/24', u'10.0.18.0/24', u'10.0.19.0/24', u'10.0.20.0/24', u'::/128'], u'groups': {u'group4': {u'load': 0, u'status': 1, u'description': u'some host', u'prefixes': [u'10.0.17.0/24'], u'bw': u'10G', u'admin_state': None, u'sensors': {u'SNOART_SPARE': {u'status': 1, u'load': 0, u'sensor_id': u'SNOART_SPARE', u'port_id': u'27'}, u'Bro_spare': {u'status': 1, u'load': 0, u'sensor_id': u'Bro_spare', u'port_id': u'26'}}, u'group_id': u'group4'}, u'group1': {u'load': 0, u'status': 1, u'description': u'some host', u'prefixes': [u'10.0.18.0/24'], u'bw': u'10G', u'admin_state': None, u'sensors': {u'SNORT_1': {u'status': 1, u'load': 0, u'sensor_id': u'SNORT_1', u'port_id': u'21'}, u'Bro_1': {u'status': 1, u'load': 0, u'sensor_id': u'Bro_1', u'port_id': u'20'}}, u'group_id': u'group1'}, u'group3': {u'load': 0, u'status': 1, u'description': u'some host', u'prefixes': [u'10.0.19.0/24'], u'bw': u'10G', u'admin_state': None, u'sensors': {u'SNORT_3': {u'status': 1, u'load': 0, u'sensor_id': u'SNORT_3', u'port_id': u'25'}, u'Bro_3': {u'status': 1, u'load': 0, u'sensor_id': u'Bro_3', u'port_id': u'24'}}, u'group_id': u'group3'}, u'group2': {u'load': 0, u'status': 1, u'description': u'some host', u'prefixes': [u'10.0.20.0/24'], u'bw': u'10G', u'admin_state': None, u'sensors': {u'SNORT_2': {u'status': 1, u'load': 0, u'sensor_id': u'SNORT_2', u'port_id': u'23'}, u'Bro_2': {u'status': 1, u'load': 0, u'sensor_id': u'Bro_2', u'port_id': u'22'}}, u'group_id': u'group2'}}, u'priorities': {u'::/128': {u'priority': 900, u'bandwidth': 0, u'total': 100}, u'10.0.18.0/24': {u'priority': 600, u'bandwidth': 0, u'total': 100}, u'10.0.19.0/24': {u'priority': 700, u'bandwidth': 0, u'total': 100}, u'10.0.17.0/24': {u'priority': 500, u'bandwidth': 0, u'total': 100}, u'10.0.20.0/24': {u'priority': 800, u'bandwidth': 0, u'total': 100}}}}}
]]>	</system-out>
	<system-err>
<![CDATA[]]>	</system-err>
	<testcase classname="ConfigTest.TestPrefix" name="test_initail_config" time="0.021"/>
</testsuite>
