<?xml version="1.0" encoding="UTF-8"?>
<testsuite errors="0" failures="0" name="SimpleBalancerTest.TestStateChange-20151207153318" tests="2" time="14.912">
	<properties/>
	<system-out>
<![CDATA[]]>	</system-out>
	<system-err>
<![CDATA[]]>	</system-err>
	<testcase classname="SimpleBalancerTest.TestStateChange" name="test_initial_config" time="1.523"/>
	<testcase classname="SimpleBalancerTest.TestStateChange" name="test_state_restore" time="13.390"/>
</testsuite>
