<?xml version="1.0" encoding="UTF-8"?>
<testsuite errors="0" failures="0" name="SimpleBalancerOnlyTest.SimpleBalancerInitTest-20151119195010" tests="2" time="457.001">
	<properties/>
	<system-out>
<![CDATA[]]>	</system-out>
	<system-err>
<![CDATA[]]>	</system-err>
	<testcase classname="SimpleBalancerOnlyTest.SimpleBalancerInitTest" name="testInit" time="1.501"/>
	<testcase classname="SimpleBalancerOnlyTest.SimpleBalancerInitTest" name="testSimpleBalance" time="455.500"/>
</testsuite>
