<?xml version="1.0" encoding="UTF-8"?>
<testsuite errors="0" failures="0" name="ConfigTest.TestPrefix-20150930193936" tests="4" time="0.146">
	<properties/>
	<system-out>
<![CDATA[{u'switch': {u'0000000000000001': {u'domain': {u'R&E': {u'groups': {u'group1': {u'admin_state': None,
                                                                                u'bw': u'10G',
                                                                                u'description': u'some host',
                                                                                u'group_id': u'group1',
                                                                                u'load': 0,
                                                                                u'prefixes': [u'10.0.18.0/24',
                                                                                              u'10.0.20.0/24'],
                                                                                u'sensors': {u'Bro_1': {u'load': 0,
                                                                                                        u'port_id': u'20',
                                                                                                        u'sensor_id': u'Bro_1',
                                                                                                        u'status': 1},
                                                                                             u'SNORT_1': {u'load': 0,
                                                                                                          u'port_id': u'21',
                                                                                                          u'sensor_id': u'SNORT_1',
                                                                                                          u'status': 1}},
                                                                                u'status': 1},
                                                                    u'group2': {u'admin_state': None,
                                                                                u'bw': u'10G',
                                                                                u'description': u'some host',
                                                                                u'group_id': u'group2',
                                                                                u'load': 0,
                                                                                u'prefixes': [u'10.0.20.0/24'],
                                                                                u'sensors': {u'Bro_2': {u'load': 0,
                                                                                                        u'port_id': u'22',
                                                                                                        u'sensor_id': u'Bro_2',
                                                                                                        u'status': 1},
                                                                                             u'SNORT_2': {u'load': 0,
                                                                                                          u'port_id': u'23',
                                                                                                          u'sensor_id': u'SNORT_2',
                                                                                                          u'status': 1}},
                                                                                u'status': 1},
                                                                    u'group3': {u'admin_state': None,
                                                                                u'bw': u'10G',
                                                                                u'description': u'some host',
                                                                                u'group_id': u'group3',
                                                                                u'load': 0,
                                                                                u'prefixes': [u'10.0.19.0/24'],
                                                                                u'sensors': {u'Bro_3': {u'load': 0,
                                                                                                        u'port_id': u'24',
                                                                                                        u'sensor_id': u'Bro_3',
                                                                                                        u'status': 1},
                                                                                             u'SNORT_3': {u'load': 0,
                                                                                                          u'port_id': u'25',
                                                                                                          u'sensor_id': u'SNORT_3',
                                                                                                          u'status': 1}},
                                                                                u'status': 1},
                                                                    u'group4': {u'admin_state': None,
                                                                                u'bw': u'10G',
                                                                                u'description': u'some host',
                                                                                u'group_id': u'group4',
                                                                                u'load': 0,
                                                                                u'prefixes': [u'10.0.17.0/24',
                                                                                              u'::/128'],
                                                                                u'sensors': {u'Bro_spare': {u'load': 0,
                                                                                                            u'port_id': u'26',
                                                                                                            u'sensor_id': u'Bro_spare',
                                                                                                            u'status': 1},
                                                                                             u'SNOART_SPARE': {u'load': 0,
                                                                                                               u'port_id': u'27',
                                                                                                               u'sensor_id': u'SNOART_SPARE',
                                                                                                               u'status': 1}},
                                                                                u'status': 1}},
                                                        u'prefixes': [u'10.0.17.0/24',
                                                                      u'10.0.18.0/24',
                                                                      u'10.0.19.0/24',
                                                                      u'10.0.20.0/24',
                                                                      u'::/128'],
                                                        u'priorities': {u'10.0.17.0/24': {u'bandwidth': 0,
                                                                                          u'priority': 500,
                                                                                          u'total': 100},
                                                                        u'10.0.18.0/24': {u'bandwidth': 0,
                                                                                          u'priority': 600,
                                                                                          u'total': 100},
                                                                        u'10.0.19.0/24': {u'bandwidth': 0,
                                                                                          u'priority': 700,
                                                                                          u'total': 100},
                                                                        u'10.0.20.0/24': {u'bandwidth': 0,
                                                                                          u'priority': 800,
                                                                                          u'total': 100},
                                                                        u'::/128': {u'bandwidth': 0,
                                                                                    u'priority': 900,
                                                                                    u'total': 100}}}}}}}
]]>	</system-out>
	<system-err>
<![CDATA[]]>	</system-err>
	<testcase classname="ConfigTest.TestPrefix" name="test_add_prefix" time="0.037"/>
	<testcase classname="ConfigTest.TestPrefix" name="test_initial_config" time="0.024"/>
	<testcase classname="ConfigTest.TestPrefix" name="test_move_prefix" time="0.046"/>
	<testcase classname="ConfigTest.TestPrefix" name="test_sensor_prefix_split" time="0.040"/>
</testsuite>
