<?xml version="1.0" encoding="UTF-8"?>
<testsuite errors="0" failures="0" name="SciPassTest.TestInit-20151021134256" tests="2" time="0.017">
	<properties/>
	<system-out>
<![CDATA[]]>	</system-out>
	<system-err>
<![CDATA[]]>	</system-err>
	<testcase classname="SciPassTest.TestInit" name="test_switch_init" time="0.013"/>
	<testcase classname="SciPassTest.TestInit" name="test_valid_config" time="0.004"/>
</testsuite>
