<?xml version="1.0" encoding="UTF-8"?>
<testsuite errors="1" failures="0" name="ConfigTest.TestPrefix-20150930142858" tests="1" time="0.017">
	<properties/>
	<system-out>
<![CDATA[1
]]>	</system-out>
	<system-err>
<![CDATA[]]>	</system-err>
	<testcase classname="ConfigTest.TestPrefix" name="test_split_prefix_for_sensors" time="0.017">
		<error message="global name 'datapath' is not defined" type="NameError">
<![CDATA[Traceback (most recent call last):
  File "/home/saikappa/workspace/SciPass/python/t/ConfigTest.py", line 55, in test_split_prefix_for_sensors
    prefixList = self.api.getBalancer("%016x" % datapath.id, "R&E").splitPrefixForSensors(net,4)
NameError: global name 'datapath' is not defined

Stdout:
1
]]>		</error>
	</testcase>
</testsuite>
