<?xml version="1.0" encoding="UTF-8"?>
<testsuite errors="0" failures="0" name="SimpleBalancerTest.TestBalance-20151119200858" tests="5" time="0.003">
	<properties/>
	<system-out>
<![CDATA[defaultdict(<type 'float'>, {IPv4Network('10.220.0.0/12'): 80000000, IPv4Network('10.0.0.0/10'): 0})
defaultdict(<type 'float'>, {IPv4Network('10.220.0.0/12'): 80000000, IPv4Network('10.0.0.0/10'): 8000})
defaultdict(<type 'float'>, {IPv4Network('10.220.0.0/12'): 80000000, IPv4Network('10.0.0.0/10'): 0})
defaultdict(<type 'float'>, {IPv4Network('10.220.0.0/12'): 80000000, IPv4Network('10.0.0.0/10'): 8000})
defaultdict(<type 'float'>, {IPv4Network('10.220.0.0/12'): 80000000, IPv4Network('10.0.0.0/10'): 0})
defaultdict(<type 'float'>, {IPv4Network('10.220.0.0/12'): 80000000, IPv4Network('10.0.0.0/10'): 8000})
defaultdict(<type 'float'>, {IPv4Network('10.10.0.0/24'): 80000000, IPv4Network('10.11.0.0/24'): 0})
defaultdict(<type 'float'>, {IPv4Network('10.10.0.0/24'): 80000000, IPv4Network('10.11.0.0/24'): 80000000})
Percent Total: 0.5
]]>	</system-out>
	<system-err>
<![CDATA[]]>	</system-err>
	<testcase classname="SimpleBalancerTest.TestBalance" name="test_balance_by_ip" time="0.001"/>
	<testcase classname="SimpleBalancerTest.TestBalance" name="test_balance_by_load" time="0.001"/>
	<testcase classname="SimpleBalancerTest.TestBalance" name="test_balance_by_net" time="0.001"/>
	<testcase classname="SimpleBalancerTest.TestBalance" name="test_get_est_load_net" time="0.001"/>
	<testcase classname="SimpleBalancerTest.TestBalance" name="test_to_string" time="0.000"/>
</testsuite>
