<?xml version="1.0" encoding="UTF-8"?>
<testsuite errors="1" failures="0" name="SimpleBalancerTest.TestStateChange-20151207152920" tests="2" time="14.287">
	<properties/>
	<system-out>
<![CDATA[]]>	</system-out>
	<system-err>
<![CDATA[]]>	</system-err>
	<testcase classname="SimpleBalancerTest.TestStateChange" name="test_initial_config" time="1.421"/>
	<testcase classname="SimpleBalancerTest.TestStateChange" name="test_prefix_split" time="12.866">
		<error message="global name 'IPv4Network' is not defined" type="NameError">
<![CDATA[Traceback (most recent call last):
  File "/home/saikappa/workspace/SciPass/python/t/SimpleBalancerTest.py", line 585, in test_prefix_split
    net  = [IPv4Network('192.168.0.0/25'), IPv4Network('192.168.0.128/25')]
NameError: global name 'IPv4Network' is not defined
]]>		</error>
	</testcase>
</testsuite>
