<?xml version="1.0" encoding="UTF-8"?>
<testsuite errors="0" failures="2" name="BalancerOnlyTest.BalancerInitTest-20151021141324" tests="4" time="3.935">
	<properties/>
	<system-out>
<![CDATA[{'hard_timeout': 0, 'actions': [], 'priority': 65535, 'header': {'phys_port': 10, 'nw_src_mask': 32, 'nw_dst_mask': 32, 'nw_dst': 134744072, 'tp_dst': 2, 'tp_src': 1, 'nw_src': 167777282}, 'idle_timeout': '90', 'command': 'ADD', 'dpid': '0000000000000001'}
{'hard_timeout': 0, 'actions': [], 'priority': 65535, 'header': {'phys_port': 9}, 'idle_timeout': '90', 'command': 'ADD', 'dpid': '0000000000000001'}
{'hard_timeout': 0, 'actions': [], 'priority': 65535, 'header': {'phys_port': 10, 'nw_src_mask': 32, 'nw_dst_mask': 32, 'nw_dst': 134744072, 'tp_dst': 2, 'tp_src': 1, 'nw_src': 167777282}, 'idle_timeout': '90', 'command': 'ADD', 'dpid': '0000000000000001'}
{'hard_timeout': 0, 'actions': [], 'priority': 65535, 'header': {'phys_port': 9}, 'idle_timeout': '90', 'command': 'ADD', 'dpid': '0000000000000001'}
]]>	</system-out>
	<system-err>
<![CDATA[]]>	</system-err>
	<testcase classname="BalancerOnlyTest.BalancerInitTest" name="testBalance" time="1.565"/>
	<testcase classname="BalancerOnlyTest.BalancerInitTest" name="testInit" time="0.802"/>
	<testcase classname="BalancerOnlyTest.BalancerInitTest" name="test_bad_flow" time="0.786">
		<failure message="{'phys_port': 9} != {'phys_port': 9, 'nw_src_mask': 32, 'nw_dst_mask': 32, 'nw_dst': 134744072, 'tp_dst': 2, 'tp_src': 1, 'nw_src': 167777282}" type="AssertionError">
<![CDATA[Traceback (most recent call last):
  File "/home/saikappa/workspace/SciPass/python/t/BalancerOnlyTest.py", line 59, in test_bad_flow
    self.assertEqual(flow['header'],{'phys_port': 9, 'nw_src_mask': 32, 'nw_dst_mask': 32, 'nw_src': 167777282, 'tp_dst': 2, 'tp_src': 1, 'nw_dst': 134744072})
AssertionError: {'phys_port': 9} != {'phys_port': 9, 'nw_src_mask': 32, 'nw_dst_mask': 32, 'nw_dst': 134744072, 'tp_dst': 2, 'tp_src': 1, 'nw_src': 167777282}

Stdout:
{'hard_timeout': 0, 'actions': [], 'priority': 65535, 'header': {'phys_port': 10, 'nw_src_mask': 32, 'nw_dst_mask': 32, 'nw_dst': 134744072, 'tp_dst': 2, 'tp_src': 1, 'nw_src': 167777282}, 'idle_timeout': '90', 'command': 'ADD', 'dpid': '0000000000000001'}
{'hard_timeout': 0, 'actions': [], 'priority': 65535, 'header': {'phys_port': 9}, 'idle_timeout': '90', 'command': 'ADD', 'dpid': '0000000000000001'}
]]>		</failure>
	</testcase>
	<testcase classname="BalancerOnlyTest.BalancerInitTest" name="test_good_flow" time="0.782">
		<failure message="{'phys_port': 9} != {'phys_port': 9, 'nw_src_mask': 32, 'nw_dst_mask': 32, 'nw_dst': 134744072, 'tp_dst': 2, 'tp_src': 1, 'nw_src': 167777282}" type="AssertionError">
<![CDATA[Traceback (most recent call last):
  File "/home/saikappa/workspace/SciPass/python/t/BalancerOnlyTest.py", line 125, in test_good_flow
    self.assertEqual(flow['header'],{'phys_port': 9, 'nw_src_mask': 32, 'nw_dst_mask': 32, 'nw_src': 167777282, 'tp_dst': 2, 'tp_src': 1, 'nw_dst': 134744072})
AssertionError: {'phys_port': 9} != {'phys_port': 9, 'nw_src_mask': 32, 'nw_dst_mask': 32, 'nw_dst': 134744072, 'tp_dst': 2, 'tp_src': 1, 'nw_src': 167777282}

Stdout:
{'hard_timeout': 0, 'actions': [], 'priority': 65535, 'header': {'phys_port': 10, 'nw_src_mask': 32, 'nw_dst_mask': 32, 'nw_dst': 134744072, 'tp_dst': 2, 'tp_src': 1, 'nw_src': 167777282}, 'idle_timeout': '90', 'command': 'ADD', 'dpid': '0000000000000001'}
{'hard_timeout': 0, 'actions': [], 'priority': 65535, 'header': {'phys_port': 9}, 'idle_timeout': '90', 'command': 'ADD', 'dpid': '0000000000000001'}
]]>		</failure>
	</testcase>
</testsuite>
