<?xml version="1.0" encoding="UTF-8"?>
<testsuite errors="1" failures="0" name="StateTest.TestPrefix-20151014153941" tests="2" time="0.036">
	<properties/>
	<system-out>
<![CDATA[]]>	</system-out>
	<system-err>
<![CDATA[]]>	</system-err>
	<testcase classname="StateTest.TestPrefix" name="test_initial_config" time="0.012"/>
	<testcase classname="StateTest.TestPrefix" name="test_sensor_prefix_split" time="0.025">
		<error message="'TestPrefix' object has no attribute 'logging'" type="AttributeError">
<![CDATA[Traceback (most recent call last):
  File "/home/saikappa/workspace/SciPass/python/t/StateTest.py", line 61, in test_sensor_prefix_split
    self.logging.error(priorities.keys())
AttributeError: 'TestPrefix' object has no attribute 'logging'
]]>		</error>
	</testcase>
</testsuite>
