<?xml version="1.0" encoding="UTF-8"?>
<testsuite errors="0" failures="0" name="ConfigTest.TestPrefix-20151007194006" tests="2" time="0.079">
	<properties/>
	<system-out>
<![CDATA[]]>	</system-out>
	<system-err>
<![CDATA[]]>	</system-err>
	<testcase classname="ConfigTest.TestPrefix" name="test_initial_config" time="0.032"/>
	<testcase classname="ConfigTest.TestPrefix" name="test_sensor_prefix_split" time="0.047"/>
</testsuite>
