<?xml version="1.0" encoding="UTF-8"?>
<testsuite errors="0" failures="2" name="SimpleBalancerTest.TestPrefix-20151202163012" tests="10" time="0.017">
	<properties/>
	<system-out>
<![CDATA[500
None
500
]]>	</system-out>
	<system-err>
<![CDATA[]]>	</system-err>
	<testcase classname="SimpleBalancerTest.TestPrefix" name="test_add_sensor_prefix" time="0.000"/>
	<testcase classname="SimpleBalancerTest.TestPrefix" name="test_del_sensor_prefix" time="0.000"/>
	<testcase classname="SimpleBalancerTest.TestPrefix" name="test_get_largest_prefix" time="0.000"/>
	<testcase classname="SimpleBalancerTest.TestPrefix" name="test_get_prefix_sensor" time="0.000"/>
	<testcase classname="SimpleBalancerTest.TestPrefix" name="test_move_sensor_prefix" time="0.000"/>
	<testcase classname="SimpleBalancerTest.TestPrefix" name="test_set_prefix_bw" time="0.000"/>
	<testcase classname="SimpleBalancerTest.TestPrefix" name="test_split_prefix" time="0.001"/>
	<testcase classname="SimpleBalancerTest.TestPrefix" name="test_split_prefix_for_sensors_large" time="0.011"/>
	<testcase classname="SimpleBalancerTest.TestPrefix" name="test_split_prefix_for_sensors" time="0.002">
		<failure message="" type="AssertionError">
<![CDATA[Traceback (most recent call last):
  File "/home/saikappa/workspace/SciPass/python/t/SimpleBalancerTest.py", line 180, in test_split_prefix_for_sensors
    self.assertTrue(prefixList[0] == ipaddr.IPv6Network("2001:db8:0:4000::/50"))
AssertionError
]]>		</failure>
	</testcase>
	<testcase classname="SimpleBalancerTest.TestPrefix" name="test_split_sensor_prefix" time="0.001">
		<failure message="" type="AssertionError">
<![CDATA[Traceback (most recent call last):
  File "/home/saikappa/workspace/SciPass/python/t/SimpleBalancerTest.py", line 267, in test_split_sensor_prefix
    self.assertTrue(res == 1)
AssertionError
]]>		</failure>
	</testcase>
</testsuite>
