<?xml version="1.0" encoding="UTF-8"?>
<testsuite errors="0" failures="0" name="StateTest.TestStateChange-20151015145151" tests="1" time="0.025">
	<properties/>
	<system-out>
<![CDATA[<class 'ipaddr.IPv4Network'>
<class 'ipaddr.IPv6Network'>
<class 'ipaddr.IPv4Network'>
<class 'ipaddr.IPv4Network'>
<class 'ipaddr.IPv4Network'>
]]>	</system-out>
	<system-err>
<![CDATA[]]>	</system-err>
	<testcase classname="StateTest.TestStateChange" name="test_sensor_prefix_split" time="0.025"/>
</testsuite>
