<?xml version="1.0" encoding="UTF-8"?>
<testsuite errors="1" failures="0" name="ConfigTest.TestPrefix-20150930193711" tests="4" time="0.115">
	<properties/>
	<system-out>
<![CDATA[]]>	</system-out>
	<system-err>
<![CDATA[]]>	</system-err>
	<testcase classname="ConfigTest.TestPrefix" name="test_initial_config" time="0.022"/>
	<testcase classname="ConfigTest.TestPrefix" name="test_move_prefix" time="0.039"/>
	<testcase classname="ConfigTest.TestPrefix" name="test_sensor_prefix_split" time="0.035"/>
	<testcase classname="ConfigTest.TestPrefix" name="test_add_prefix" time="0.020">
		<error message="addGroupPrefix() got multiple values for keyword argument 'bw'" type="TypeError">
<![CDATA[Traceback (most recent call last):
  File "/home/saikappa/workspace/SciPass/python/t/ConfigTest.py", line 78, in test_add_prefix
    self.api.getBalancer("%016x" % self.datapath.id, "R&E").addGroupPrefix(self,"group1",ipaddr.IPv4Network("10.0.20.0/24"),bw=0)
TypeError: addGroupPrefix() got multiple values for keyword argument 'bw'
]]>		</error>
	</testcase>
</testsuite>
