<?xml version="1.0" encoding="UTF-8"?>
<testsuite errors="0" failures="0" name="StateTest.TestStateChange-20151015140119" tests="2" time="0.047">
	<properties/>
	<system-out>
<![CDATA[set([])
set([IPv6Network('::/128')])
set([])
set([])
]]>	</system-out>
	<system-err>
<![CDATA[]]>	</system-err>
	<testcase classname="StateTest.TestStateChange" name="test_initial_config" time="0.016"/>
	<testcase classname="StateTest.TestStateChange" name="test_sensor_prefix_split" time="0.031"/>
</testsuite>
