<?xml version="1.0" encoding="UTF-8"?>
<testsuite errors="2" failures="0" name="SciPassTest.TestInit-20151117164804" tests="2" time="0.004">
	<properties/>
	<system-out>
<![CDATA[]]>	</system-out>
	<system-err>
<![CDATA[]]>	</system-err>
	<testcase classname="SciPassTest.TestInit" name="test_switch_init" time="0.003">
		<error message="float() argument must be a string or a number" type="TypeError">
<![CDATA[Traceback (most recent call last):
  File "/home/saikappa/workspace/SciPass/python/t/SciPassTest.py", line 41, in test_switch_init
    config = str(os.getcwd()) + "/t/etc/SciPass.xml" )
  File "./SciPass.py", line 66, in __init__
    self._processConfig(self.configFile)
  File "./SciPass.py", line 612, in _processConfig
    state = state
  File "./SimpleBalancer.py", line 88, in __init__
    self.sensorConfigurableThreshold = float(sensorConfigurableThresh)
TypeError: float() argument must be a string or a number
]]>		</error>
	</testcase>
	<testcase classname="SciPassTest.TestInit" name="test_valid_config" time="0.001">
		<error message="float() argument must be a string or a number" type="TypeError">
<![CDATA[Traceback (most recent call last):
  File "/home/saikappa/workspace/SciPass/python/t/SciPassTest.py", line 21, in test_valid_config
    config = str(os.getcwd()) + "/t/etc/SciPass.xml"
  File "./SciPass.py", line 66, in __init__
    self._processConfig(self.configFile)
  File "./SciPass.py", line 612, in _processConfig
    state = state
  File "./SimpleBalancer.py", line 88, in __init__
    self.sensorConfigurableThreshold = float(sensorConfigurableThresh)
TypeError: float() argument must be a string or a number
]]>		</error>
	</testcase>
</testsuite>
