<?xml version="1.0" encoding="UTF-8"?>
<testsuite errors="0" failures="0" name="ConfigTest.TestPrefix-20150930191920" tests="3" time="0.099">
	<properties/>
	<system-out>
<![CDATA[]]>	</system-out>
	<system-err>
<![CDATA[]]>	</system-err>
	<testcase classname="ConfigTest.TestPrefix" name="test_initial_config" time="0.024"/>
	<testcase classname="ConfigTest.TestPrefix" name="test_move_prefix" time="0.042"/>
	<testcase classname="ConfigTest.TestPrefix" name="test_sensor_prefix_split" time="0.034"/>
</testsuite>
