<?xml version="1.0" encoding="UTF-8"?>
<testsuite errors="1" failures="0" name="StateTest.TestPrefix-20151014145021" tests="1" time="0.018">
	<properties/>
	<system-out>
<![CDATA[]]>	</system-out>
	<system-err>
<![CDATA[]]>	</system-err>
	<testcase classname="StateTest.TestPrefix" name="test_sensor_prefix_split" time="0.018">
		<error message="too many values to unpack" type="ValueError">
<![CDATA[Traceback (most recent call last):
  File "/home/saikappa/workspace/SciPass/python/t/StateTest.py", line 31, in test_sensor_prefix_split
    self.api.getBalancer("%016x" % self.datapath.id, "R&E").splitSensorPrefix("group1",ipaddr.IPv4Network("10.0.18.0/24"))
  File "./SimpleBalancer.py", line 526, in splitSensorPrefix
    self.delGroupPrefix(group, candidatePrefix)
  File "./SimpleBalancer.py", line 434, in delGroupPrefix
    self.fireSaveState()
  File "./SimpleBalancer.py", line 408, in fireSaveState
    handler(self.groups, self.prefix_list, self.prefixPriorities)
  File "./SciPass.py", line 473, in <lambda>
    prefix_priorities =z
  File "./SciPass.py", line 1024, in saveState
    for k, v in prefix_priorities:
ValueError: too many values to unpack
]]>		</error>
	</testcase>
</testsuite>
