<?xml version="1.0" encoding="UTF-8"?>
<testsuite errors="0" failures="0" name="ConfigTest.TestPrefix-20151007182044" tests="5" time="0.237">
	<properties/>
	<system-out>
<![CDATA[]]>	</system-out>
	<system-err>
<![CDATA[]]>	</system-err>
	<testcase classname="ConfigTest.TestPrefix" name="test_add_prefix" time="0.044"/>
	<testcase classname="ConfigTest.TestPrefix" name="test_del_prefix" time="0.047"/>
	<testcase classname="ConfigTest.TestPrefix" name="test_initial_config" time="0.033"/>
	<testcase classname="ConfigTest.TestPrefix" name="test_move_prefix" time="0.058"/>
	<testcase classname="ConfigTest.TestPrefix" name="test_sensor_prefix_split" time="0.054"/>
</testsuite>
