<?xml version="1.0" encoding="UTF-8"?>
<testsuite errors="1" failures="0" name="ConfigTest.TestPrefix-20150930190500" tests="2" time="0.066">
	<properties/>
	<system-out>
<![CDATA[]]>	</system-out>
	<system-err>
<![CDATA[]]>	</system-err>
	<testcase classname="ConfigTest.TestPrefix" name="test_initial_config" time="0.024"/>
	<testcase classname="ConfigTest.TestPrefix" name="test_prefx_split" time="0.042">
		<error message="'in &lt;string&gt;' requires string as left operand" type="TypeError">
<![CDATA[Traceback (most recent call last):
  File "/home/saikappa/workspace/SciPass/python/t/ConfigTest.py", line 60, in test_prefx_split
    assert(["10.0.18.0/25", "10.0.18.128/25"] in prefix)
TypeError: 'in <string>' requires string as left operand
]]>		</error>
	</testcase>
</testsuite>
