<?xml version="1.0" encoding="UTF-8"?>
<testsuite errors="0" failures="0" name="StateTest.TestStateChange-20151015135719" tests="2" time="0.036">
	<properties/>
	<system-out>
<![CDATA[set([IPv4Network('10.0.17.0/24'), IPv4Network('10.0.18.0/24'), IPv4Network('10.0.20.0/24'), IPv4Network('10.0.19.0/24')])
set([IPv4Network('10.0.17.0/24'), IPv4Network('10.0.18.0/24'), IPv6Network('::/128'), IPv4Network('10.0.20.0/24'), IPv4Network('10.0.19.0/24')])
set([IPv4Network('10.0.17.0/24'), IPv4Network('10.0.18.0/24'), IPv6Network('::/128'), IPv4Network('10.0.20.0/24'), IPv4Network('10.0.19.0/24')])
set([IPv4Network('10.0.17.0/24'), IPv4Network('10.0.18.0/24'), IPv6Network('::/128'), IPv4Network('10.0.20.0/24'), IPv4Network('10.0.19.0/24')])
]]>	</system-out>
	<system-err>
<![CDATA[]]>	</system-err>
	<testcase classname="StateTest.TestStateChange" name="test_initial_config" time="0.011"/>
	<testcase classname="StateTest.TestStateChange" name="test_sensor_prefix_split" time="0.024"/>
</testsuite>
