<?xml version="1.0" encoding="UTF-8"?>
<testsuite errors="3" failures="0" name="SimpleBalancerTest.TestStateChange-20151207151733" tests="3" time="3.681">
	<properties/>
	<system-out>
<![CDATA[]]>	</system-out>
	<system-err>
<![CDATA[]]>	</system-err>
	<testcase classname="SimpleBalancerTest.TestStateChange" name="test_initial_config" time="1.783">
		<error message="[Errno 2] No such file or directory: '0000000000000001IUPUI.json'" type="OSError">
<![CDATA[Traceback (most recent call last):
  File "/home/saikappa/workspace/SciPass/python/t/SimpleBalancerTest.py", line 550, in tearDown
    os.remove(self.state)
OSError: [Errno 2] No such file or directory: '0000000000000001IUPUI.json'
]]>		</error>
	</testcase>
	<testcase classname="SimpleBalancerTest.TestStateChange" name="test_prefix_split" time="0.000">
		<error message="SciPass instance has no attribute 'getPrefixGroup'" type="AttributeError">
<![CDATA[Traceback (most recent call last):
  File "/home/saikappa/workspace/SciPass/python/t/SimpleBalancerTest.py", line 568, in test_prefix_split
    group = self.api.getPrefixGroup(self,net)
AttributeError: SciPass instance has no attribute 'getPrefixGroup'
]]>		</error>
	</testcase>
	<testcase classname="SimpleBalancerTest.TestStateChange" name="test_prefix_split" time="1.898">
		<error message="[Errno 2] No such file or directory: '0000000000000001IUPUI.json'" type="OSError">
<![CDATA[Traceback (most recent call last):
  File "/home/saikappa/workspace/SciPass/python/t/SimpleBalancerTest.py", line 550, in tearDown
    os.remove(self.state)
OSError: [Errno 2] No such file or directory: '0000000000000001IUPUI.json'
]]>		</error>
	</testcase>
</testsuite>
