<?xml version="1.0" encoding="UTF-8"?>
<testsuite errors="0" failures="0" name="ConfigTest.TestPrefix-20151007181850" tests="5" time="0.169">
	<properties/>
	<system-out>
<![CDATA[defaultdict(<type 'list'>, {})
defaultdict(<type 'list'>, {})
defaultdict(<type 'list'>, {})
defaultdict(<type 'list'>, {})
defaultdict(<type 'list'>, {})
defaultdict(<type 'list'>, {})
defaultdict(<type 'list'>, {})
defaultdict(<type 'list'>, {})
defaultdict(<type 'list'>, {})
defaultdict(<type 'list'>, {})
defaultdict(<type 'list'>, {})
defaultdict(<type 'list'>, {})
defaultdict(<type 'list'>, {})
defaultdict(<type 'list'>, {})
defaultdict(<type 'list'>, {})
defaultdict(<type 'list'>, {})
defaultdict(<type 'list'>, {})
defaultdict(<type 'list'>, {})
defaultdict(<type 'list'>, {})
defaultdict(<type 'list'>, {})
defaultdict(<type 'list'>, {})
defaultdict(<type 'list'>, {})
defaultdict(<type 'list'>, {})
defaultdict(<type 'list'>, {})
defaultdict(<type 'list'>, {})
defaultdict(<type 'list'>, {IPv4Network('10.0.18.0/24'): IPv4Network('10.0.18.0/25')})
defaultdict(<type 'list'>, {IPv4Network('10.0.18.0/24'): IPv4Network('10.0.18.128/25')})
defaultdict(<type 'list'>, {})
defaultdict(<type 'list'>, {})
defaultdict(<type 'list'>, {})
defaultdict(<type 'list'>, {})
defaultdict(<type 'list'>, {})
defaultdict(<type 'list'>, {})
defaultdict(<type 'list'>, {})
defaultdict(<type 'list'>, {IPv4Network('10.0.18.0/24'): IPv4Network('10.0.18.0/25')})
]]>	</system-out>
	<system-err>
<![CDATA[]]>	</system-err>
	<testcase classname="ConfigTest.TestPrefix" name="test_add_prefix" time="0.029"/>
	<testcase classname="ConfigTest.TestPrefix" name="test_del_prefix" time="0.034"/>
	<testcase classname="ConfigTest.TestPrefix" name="test_initial_config" time="0.024"/>
	<testcase classname="ConfigTest.TestPrefix" name="test_move_prefix" time="0.043"/>
	<testcase classname="ConfigTest.TestPrefix" name="test_sensor_prefix_split" time="0.039"/>
</testsuite>
