<?xml version="1.0" encoding="UTF-8"?>
<testsuite errors="0" failures="0" name="BalancerOnlyTest.BalancerInitTest-20151020204739" tests="1" time="1.828">
	<properties/>
	<system-out>
<![CDATA[{'hard_timeout': 0, 'actions': [], 'priority': 65535, 'header': {'phys_port': 10, 'nw_src_mask': 32, 'nw_dst_mask': 32, 'nw_dst': 134744072, 'tp_dst': 2, 'tp_src': 1, 'nw_src': 167777282}, 'idle_timeout': '90', 'command': 'ADD', 'dpid': '0000000000000001'}
{'hard_timeout': 0, 'actions': [], 'priority': 65535, 'header': {'phys_port': 9, 'nw_src_mask': 32, 'nw_dst_mask': 32, 'nw_dst': 134744072, 'tp_dst': 2, 'tp_src': 1, 'nw_src': 167777282}, 'idle_timeout': '90', 'command': 'ADD', 'dpid': '0000000000000001'}
{'hard_timeout': 0, 'actions': [], 'priority': 65535, 'header': {'phys_port': 10, 'nw_src_mask': 32, 'nw_dst_mask': 32, 'nw_dst': 134744072, 'tp_dst': 2, 'tp_src': 1, 'nw_src': 167777282}, 'idle_timeout': '90', 'command': 'ADD', 'dpid': '0000000000000001'}
{'hard_timeout': 0, 'actions': [], 'priority': 65535, 'header': {'phys_port': 9, 'nw_src_mask': 32, 'nw_dst_mask': 32, 'nw_dst': 134744072, 'tp_dst': 2, 'tp_src': 1, 'nw_src': 167777282}, 'idle_timeout': '90', 'command': 'ADD', 'dpid': '0000000000000001'}
]]>	</system-out>
	<system-err>
<![CDATA[]]>	</system-err>
	<testcase classname="BalancerOnlyTest.BalancerInitTest" name="test_bad_flow" time="1.828"/>
</testsuite>
