<?xml version="1.0" encoding="UTF-8"?>
<testsuite errors="5" failures="0" name="SciPassTest.TestFunctionality-20151117164804" tests="5" time="0.007">
	<properties/>
	<system-out>
<![CDATA[]]>	</system-out>
	<system-err>
<![CDATA[]]>	</system-err>
	<testcase classname="SciPassTest.TestFunctionality" name="test_bad_flow" time="0.001">
		<error message="float() argument must be a string or a number" type="TypeError">
<![CDATA[Traceback (most recent call last):
  File "/home/saikappa/workspace/SciPass/python/t/SciPassTest.py", line 194, in setUp
    config = str(os.getcwd()) + "/t/etc/SciPass.xml" )
  File "./SciPass.py", line 66, in __init__
    self._processConfig(self.configFile)
  File "./SciPass.py", line 612, in _processConfig
    state = state
  File "./SimpleBalancer.py", line 88, in __init__
    self.sensorConfigurableThreshold = float(sensorConfigurableThresh)
TypeError: float() argument must be a string or a number
]]>		</error>
	</testcase>
	<testcase classname="SciPassTest.TestFunctionality" name="test_block_unknown_prefix" time="0.001">
		<error message="float() argument must be a string or a number" type="TypeError">
<![CDATA[Traceback (most recent call last):
  File "/home/saikappa/workspace/SciPass/python/t/SciPassTest.py", line 194, in setUp
    config = str(os.getcwd()) + "/t/etc/SciPass.xml" )
  File "./SciPass.py", line 66, in __init__
    self._processConfig(self.configFile)
  File "./SciPass.py", line 612, in _processConfig
    state = state
  File "./SimpleBalancer.py", line 88, in __init__
    self.sensorConfigurableThreshold = float(sensorConfigurableThresh)
TypeError: float() argument must be a string or a number
]]>		</error>
	</testcase>
	<testcase classname="SciPassTest.TestFunctionality" name="test_bypass_unknown_prefix" time="0.001">
		<error message="float() argument must be a string or a number" type="TypeError">
<![CDATA[Traceback (most recent call last):
  File "/home/saikappa/workspace/SciPass/python/t/SciPassTest.py", line 194, in setUp
    config = str(os.getcwd()) + "/t/etc/SciPass.xml" )
  File "./SciPass.py", line 66, in __init__
    self._processConfig(self.configFile)
  File "./SciPass.py", line 612, in _processConfig
    state = state
  File "./SimpleBalancer.py", line 88, in __init__
    self.sensorConfigurableThreshold = float(sensorConfigurableThresh)
TypeError: float() argument must be a string or a number
]]>		</error>
	</testcase>
	<testcase classname="SciPassTest.TestFunctionality" name="test_good_flow" time="0.001">
		<error message="float() argument must be a string or a number" type="TypeError">
<![CDATA[Traceback (most recent call last):
  File "/home/saikappa/workspace/SciPass/python/t/SciPassTest.py", line 194, in setUp
    config = str(os.getcwd()) + "/t/etc/SciPass.xml" )
  File "./SciPass.py", line 66, in __init__
    self._processConfig(self.configFile)
  File "./SciPass.py", line 612, in _processConfig
    state = state
  File "./SimpleBalancer.py", line 88, in __init__
    self.sensorConfigurableThreshold = float(sensorConfigurableThresh)
TypeError: float() argument must be a string or a number
]]>		</error>
	</testcase>
	<testcase classname="SciPassTest.TestFunctionality" name="test_update_prefix_bw" time="0.001">
		<error message="float() argument must be a string or a number" type="TypeError">
<![CDATA[Traceback (most recent call last):
  File "/home/saikappa/workspace/SciPass/python/t/SciPassTest.py", line 194, in setUp
    config = str(os.getcwd()) + "/t/etc/SciPass.xml" )
  File "./SciPass.py", line 66, in __init__
    self._processConfig(self.configFile)
  File "./SciPass.py", line 612, in _processConfig
    state = state
  File "./SimpleBalancer.py", line 88, in __init__
    self.sensorConfigurableThreshold = float(sensorConfigurableThresh)
TypeError: float() argument must be a string or a number
]]>		</error>
	</testcase>
</testsuite>
