<?xml version="1.0" encoding="UTF-8"?>
<testsuite errors="1" failures="0" name="SimpleBalancerTest.TestBalance-20151113153807" tests="1" time="0.001">
	<properties/>
	<system-out>
<![CDATA[]]>	</system-out>
	<system-err>
<![CDATA[]]>	</system-err>
	<testcase classname="SimpleBalancerTest.TestBalance" name="test_merge_continous_prefix" time="0.001">
		<error message="'TestBalance' object has no attribute 'splitSensorPrefix'" type="AttributeError">
<![CDATA[Traceback (most recent call last):
  File "/home/saikappa/workspace/SciPass/python/t/SimpleBalancerTest.py", line 483, in test_merge_continous_prefix
    self. splitSensorPrefix(1,net)
AttributeError: 'TestBalance' object has no attribute 'splitSensorPrefix'
]]>		</error>
	</testcase>
</testsuite>
