<?xml version="1.0" encoding="UTF-8"?>
<testsuite errors="0" failures="0" name="SimpleBalancerTest.TestStateChange-20151207152240" tests="2" time="15.542">
	<properties/>
	<system-out>
<![CDATA[]]>	</system-out>
	<system-err>
<![CDATA[]]>	</system-err>
	<testcase classname="SimpleBalancerTest.TestStateChange" name="test_initial_config" time="1.568"/>
	<testcase classname="SimpleBalancerTest.TestStateChange" name="test_prefix_split" time="13.974"/>
</testsuite>
