<?xml version="1.0" encoding="UTF-8"?>
<testsuite errors="0" failures="1" name="SimpleBalancerTest.TestBalance-20151202170842" tests="5" time="0.004">
	<properties/>
	<system-out>
<![CDATA[Percent Total: 0.333333333333
]]>	</system-out>
	<system-err>
<![CDATA[]]>	</system-err>
	<testcase classname="SimpleBalancerTest.TestBalance" name="test_balance_by_ip" time="0.001"/>
	<testcase classname="SimpleBalancerTest.TestBalance" name="test_balance_by_load" time="0.001"/>
	<testcase classname="SimpleBalancerTest.TestBalance" name="test_balance_by_net" time="0.001"/>
	<testcase classname="SimpleBalancerTest.TestBalance" name="test_to_string" time="0.000"/>
	<testcase classname="SimpleBalancerTest.TestBalance" name="test_get_est_load_net" time="0.001">
		<failure message="" type="AssertionError">
<![CDATA[Traceback (most recent call last):
  File "/home/saikappa/workspace/SciPass/python/t/SimpleBalancerTest.py", line 426, in test_get_est_load_net
    self.assertTrue(percentTotal == .5)
AssertionError

Stdout:
Percent Total: 0.333333333333
]]>		</failure>
	</testcase>
</testsuite>
