<?xml version="1.0" encoding="UTF-8"?>
<testsuite errors="0" failures="0" name="SimpleBalancerOnlyTest.SimpleBalancerInitTest-20151202161421" tests="2" time="3.162">
	<properties/>
	<system-out>
<![CDATA[]]>	</system-out>
	<system-err>
<![CDATA[]]>	</system-err>
	<testcase classname="SimpleBalancerOnlyTest.SimpleBalancerInitTest" name="testInit" time="1.616"/>
	<testcase classname="SimpleBalancerOnlyTest.SimpleBalancerInitTest" name="testSimpleBalance" time="1.546"/>
</testsuite>
