<?xml version="1.0" encoding="UTF-8"?>
<testsuite errors="2" failures="0" name="SimpleBalancerOnlyTest.SimpleBalancerInitTest-20151117164804" tests="2" time="0.003">
	<properties/>
	<system-out>
<![CDATA[]]>	</system-out>
	<system-err>
<![CDATA[]]>	</system-err>
	<testcase classname="SimpleBalancerOnlyTest.SimpleBalancerInitTest" name="testInit" time="0.002">
		<error message="float() argument must be a string or a number" type="TypeError">
<![CDATA[Traceback (most recent call last):
  File "/home/saikappa/workspace/SciPass/python/t/SimpleBalancerOnlyTest.py", line 21, in setUp
    config = str(os.getcwd()) + "/t/etc/Simple_SciPass_balancer_only.xml" )
  File "./SciPass.py", line 66, in __init__
    self._processConfig(self.configFile)
  File "./SciPass.py", line 612, in _processConfig
    state = state
  File "./SimpleBalancer.py", line 88, in __init__
    self.sensorConfigurableThreshold = float(sensorConfigurableThresh)
TypeError: float() argument must be a string or a number
]]>		</error>
	</testcase>
	<testcase classname="SimpleBalancerOnlyTest.SimpleBalancerInitTest" name="testSimpleBalance" time="0.002">
		<error message="float() argument must be a string or a number" type="TypeError">
<![CDATA[Traceback (most recent call last):
  File "/home/saikappa/workspace/SciPass/python/t/SimpleBalancerOnlyTest.py", line 21, in setUp
    config = str(os.getcwd()) + "/t/etc/Simple_SciPass_balancer_only.xml" )
  File "./SciPass.py", line 66, in __init__
    self._processConfig(self.configFile)
  File "./SciPass.py", line 612, in _processConfig
    state = state
  File "./SimpleBalancer.py", line 88, in __init__
    self.sensorConfigurableThreshold = float(sensorConfigurableThresh)
TypeError: float() argument must be a string or a number
]]>		</error>
	</testcase>
</testsuite>
