<?xml version="1.0" encoding="UTF-8"?>
<testsuite errors="0" failures="0" name="ConfigTest.TestPrefix-20150930144755" tests="1" time="0.020">
	<properties/>
	<system-out>
<![CDATA[<Mock id='40412752'>
]]>	</system-out>
	<system-err>
<![CDATA[]]>	</system-err>
	<testcase classname="ConfigTest.TestPrefix" name="test_split_prefix_for_sensors" time="0.020"/>
</testsuite>
