<?xml version="1.0" encoding="UTF-8"?>
<testsuite errors="0" failures="0" name="InlineTest.InlineInitTest-20151207153449" tests="1" time="1.888">
	<properties/>
	<system-out>
<![CDATA[]]>	</system-out>
	<system-err>
<![CDATA[]]>	</system-err>
	<testcase classname="InlineTest.InlineInitTest" name="testInit" time="1.888"/>
</testsuite>
