<?xml version="1.0" encoding="UTF-8"?>
<testsuite errors="0" failures="0" name="ConfigTest.TestPrefix-20150930174151" tests="2" time="0.061">
	<properties/>
	<system-out>
<![CDATA[[IPv4Network('10.0.17.0/25'), IPv4Network('10.0.17.128/25')]
]]>	</system-out>
	<system-err>
<![CDATA[]]>	</system-err>
	<testcase classname="ConfigTest.TestPrefix" name="test_initial_config" time="0.025"/>
	<testcase classname="ConfigTest.TestPrefix" name="test_prefx_split" time="0.036"/>
</testsuite>
